C_0	C_1	C_2	C_3	C_4	C_5	C_6	C_7	C_8	C_9	C_10	C_11	C_12	C_13	C_14	C_15	C_16	C_17	C_18	C_19	C_20	C_21	C_22	C_23	C_24	C_25	C_26	C_27	C_28	C_29	C_30	C_31	
5.36147	5.35824	5.36129	5.35857	5.3583	5.36143	5.36144	5.3583	5.36144	5.35861	5.36098	5.36081	5.35964	5.36129	5.35816	5.36131	5.36194	9.91485	9.90984	9.90822	9.914	9.91274	9.91153	9.91032	9.9162	3.98213	3.98133	3.98167	3.98086	3.98179	3.98112	3.98186	
3.982	5.71645	5.71635	5.71646	5.71651	5.71642	5.71649	5.71652	5.71649	5.71647	5.71649	5.71637	5.71652	5.71639	5.71644	5.71641	5.71619	7.73446	7.72718	7.7299	7.72717	7.72962	7.72852	7.72863	7.73527	3.8954	3.89538	3.8953	3.89545	3.89547	3.89542	3.89545	
3.89875	5.6935	5.66158	5.66174	5.66164	5.66203	5.65822	5.66175	5.67371	5.67203	5.67125	5.67294	5.67184	5.67438	5.67294	5.67162	5.70905	0.72988	0.72988	0.72988	0.72988	0.72988	0.72988	0.72988	0.72988	3.93937	3.94428	3.94543	3.94016	3.94641	3.94415	3.94503	
3.97196	5.68959	5.67175	5.67142	5.67129	5.67156	5.66661	5.6712	5.68162	5.682	5.6813	5.68102	5.68163	5.68198	5.68127	5.68073	5.7131	0.72988	0.72988	0.72988	0.72988	0.72988	0.72988	0.72988	0.72988	4.03189	4.02504	4.02705	4.02905	4.02602	4.02835	4.02542	
3.95497	5.70344	5.68152	5.68213	5.67682	5.68137	5.67624	5.68158	5.6917	5.69227	5.69319	5.69226	5.69244	5.69242	5.69104	5.69246	5.7223	0.72988	0.72988	0.72988	0.72988	0.72988	0.72988	0.72988	0.72988	4.06229	4.06379	4.065	4.06101	4.06537	4.06328	4.06401	
3.90132	0.72988	0.72988	0.72988	0.72988	0.72988	0.72988	0.72988	0.72988	0.72988	0.72988	0.72988	0.72988	0.72988	0.72988	0.72988	0.72988	0.72988	0.72988	0.72988	0.72988	0.72988	0.72988	0.72988	0.72988	3.94874	3.94837	3.94758	3.94898	3.94765	3.94863	3.94802	
3.97053	0.72988	0.72988	0.72988	0.72988	0.72988	0.72988	0.72988	0.72988	0.72988	0.72988	0.72988	0.72988	0.72988	0.72988	0.72988	0.72988	0.72988	0.72988	0.72988	0.72988	0.72988	0.72988	0.72988	0.72988	4.01436	4.01713	4.01733	4.01513	4.01688	4.01735	4.01758	
3.91589	0.72988	0.72988	0.72988	0.72988	0.72988	0.72988	0.72988	0.72988	0.72988	0.72988	0.72988	0.72988	0.72988	0.72988	0.72988	0.72988	0.72988	0.72988	0.72988	0.72988	0.72988	0.72988	0.72988	0.72988	3.94842	3.94268	3.94289	3.94572	3.94226	3.94606	3.94321	
5.70728	0.72988	0.72988	0.72988	0.72988	0.72988	0.72988	0.72988	0.72988	0.72988	0.72988	0.72988	0.72988	0.72988	0.72988	0.72988	0.72988	0.72988	0.72988	0.72988	0.72988	0.72988	0.72988	0.72988	0.72988	4.00513	4.00488	4.00535	4.0053	4.00589	4.00397	4.00504	
4.03367	0.72988	0.72988	0.72988	0.72988	0.72988	0.72988	0.72988	0.72988	0.72988	0.72988	0.72988	0.72988	0.72988	0.72988	0.72988	0.72988	0.72988	0.72988	0.72988	0.72988	0.72988	0.72988	0.72988	0.72988	4.04564	4.04861	4.04795	4.04569	4.04812	4.04814	4.04819	
4.03097	0.72988	0.72988	0.72988	0.72988	0.72988	0.72988	0.72988	0.72988	0.72988	0.72988	0.72988	0.72988	0.72988	0.72988	0.72988	0.72988	0.72988	0.72988	0.72988	0.72988	0.72988	0.72988	0.72988	0.72988	4.01871	4.02367	4.02303	4.02001	4.02336	4.02018	4.02295	
5.68377	0.72988	0.72988	0.72988	0.72988	0.72988	0.72988	0.72988	0.72988	0.72988	0.72988	0.72988	0.72988	0.72988	0.72988	0.72988	0.72988	0.72988	0.72988	0.72988	0.72988	0.72988	0.72988	0.72988	0.72988	3.94892	3.94383	3.94373	3.94648	3.94379	3.94672	3.94461	
3.98986	0.72988	0.72988	0.72988	0.72988	0.72988	0.72988	0.72988	0.72988	0.72988	0.72988	0.72988	0.72988	0.72988	0.72988	0.72988	0.72988	0.72988	0.72988	0.72988	0.72988	0.72988	0.72988	0.72988	0.72988	4.01275	4.01303	4.01363	4.01445	4.01295	4.01326	4.01281	
4.01094	0.72988	0.72988	0.72988	0.72988	0.72988	0.72988	0.72988	0.72988	0.72988	0.72988	0.72988	0.72988	0.72988	0.72988	0.72988	0.72988	0.72988	0.72988	0.72988	0.72988	0.72988	0.72988	0.72988	0.72988	1.15384	1.21055	1.21548	1.17698	1.21813	1.1952	1.20705	
5.68327	0.72988	0.72988	0.72988	0.72988	0.72988	0.72988	0.72988	0.72988	0.72988	0.72988	0.72988	0.72988	0.72988	0.72988	0.72988	0.72988	0.72988	0.72988	0.72988	0.72988	0.72988	0.72988	0.72988	0.72988	0.72988	0.72988	0.72988	0.72988	0.72988	0.72988	0.72988	
4.09181	0.72988	0.72988	0.72988	0.72988	0.72988	0.72988	0.72988	0.72988	0.72988	0.72988	0.72988	0.72988	0.72988	0.72988	0.72988	0.72988	0.72988	0.72988	0.72988	0.72988	0.72988	0.72988	0.72988	0.72988	0.72988	0.72988	0.72988	0.72988	0.72988	0.72988	0.72988	
4.02567	0.72988	0.72988	0.72988	0.72988	0.72988	0.72988	0.72988	0.72988	0.72988	0.72988	0.72988	0.72988	0.72988	0.72988	0.72988	0.72988	0.72988	0.72988	0.72988	0.72988	0.72988	0.72988	0.72988	0.72988	0.72988	0.72988	0.72988	0.72988	0.72988	0.72988	0.72988	
5.68824	0.72988	0.72988	0.72988	0.72988	0.72988	0.72988	0.72988	0.72988	0.72988	0.72988	0.72988	0.72988	0.72988	0.72988	0.72988	0.72988	0.72988	0.72988	0.72988	0.72988	0.72988	0.72988	0.72988	0.72988	0.72988	0.72988	0.72988	0.72988	0.72988	0.72988	0.72988	
3.97811	0.72988	0.72988	0.72988	0.72988	0.72988	0.72988	0.72988	0.72988	0.72988	0.72988	0.72988	0.72988	0.72988	0.72988	0.72988	0.72988	0.72988	0.72988	0.72988	0.72988	0.72988	0.72988	0.72988	0.72988	0.72988	0.72988	0.72988	0.72988	0.72988	0.72988	0.72988	
4.05644	0.72988	0.72988	0.72988	0.72988	0.72988	0.72988	0.72988	0.72988	0.72988	0.72988	0.72988	0.72988	0.72988	0.72988	0.72988	0.72988	0.72988	0.72988	0.72988	0.72988	0.72988	0.72988	0.72988	0.72988	0.72988	0.72988	0.72988	0.72988	0.72988	0.72988	0.72988	
5.67346	0.72988	0.72988	0.72988	0.72988	0.72988	0.72988	0.72988	0.72988	0.72988	0.72988	0.72988	0.72988	0.72988	0.72988	0.72988	0.72988	0.72988	0.72988	0.72988	0.72988	0.72988	0.72988	0.72988	0.72988	0.72988	0.72988	0.72988	0.72988	0.72988	0.72988	0.72988	
3.99895	0.72988	0.72988	0.72988	0.72988	0.72988	0.72988	0.72988	0.72988	0.72988	0.72988	0.72988	0.72988	0.72988	0.72988	0.72988	0.72988	0.72988	0.72988	0.72988	0.72988	0.72988	0.72988	0.72988	0.72988	0.72988	0.72988	0.72988	0.72988	0.72988	0.72988	0.72988	
3.97582	0.72988	0.72988	0.72988	0.72988	0.72988	0.72988	0.72988	0.72988	0.72988	0.72988	0.72988	0.72988	0.72988	0.72988	0.72988	0.72988	0.72988	0.72988	0.72988	0.72988	0.72988	0.72988	0.72988	0.72988	0.72988	0.72988	0.72988	0.72988	0.72988	0.72988	0.72988	
5.6772	0.72988	0.72988	0.72988	0.72988	0.72988	0.72988	0.72988	0.72988	0.72988	0.72988	0.72988	0.72988	0.72988	0.72988	0.72988	0.72988	0.72988	0.72988	0.72988	0.72988	0.72988	0.72988	0.72988	0.72988	0.72988	0.72988	0.72988	0.72988	0.72988	0.72988	0.72988	
3.98453	0.72988	0.72988	0.72988	0.72988	0.72988	0.72988	0.72988	0.72988	0.72988	0.72988	0.72988	0.72988	0.72988	0.72988	0.72988	0.72988	0.72988	0.72988	0.72988	0.72988	0.72988	0.72988	0.72988	0.72988	0.72988	0.72988	0.72988	0.72988	0.72988	0.72988	0.72988	
3.93284	0.72988	0.72988	0.72988	0.72988	0.72988	0.72988	0.72988	0.72988	0.72988	0.72988	0.72988	0.72988	0.72988	0.72988	0.72988	0.72988	0.72988	0.72988	0.72988	0.72988	0.72988	0.72988	0.72988	0.72988	0.72988	0.72988	0.72988	0.72988	0.72988	0.72988	0.72988	
5.67601	0.72988	0.72988	0.72988	0.72988	0.72988	0.72988	0.72988	0.72988	0.72988	0.72988	0.72988	0.72988	0.72988	0.72988	0.72988	0.72988	0.72988	0.72988	0.72988	0.72988	0.72988	0.72988	0.72988	0.72988	0.72988	0.72988	0.72988	0.72988	0.72988	0.72988	0.72988	
3.97495	0.72988	0.72988	0.72988	0.72988	0.72988	0.72988	0.72988	0.72988	0.72988	0.72988	0.72988	0.72988	0.72988	0.72988	0.72988	0.72988	0.72988	0.72988	0.72988	0.72988	0.72988	0.72988	0.72988	0.72988	0.72988	0.72988	0.72988	0.72988	0.72988	0.72988	0.72988	
4.01777	0.72988	0.72988	0.72988	0.72988	0.72988	0.72988	0.72988	0.72988	0.72988	0.72988	0.72988	0.72988	0.72988	0.72988	0.72988	0.72988	0.72988	0.72988	0.72988	0.72988	0.72988	0.72988	0.72988	0.72988	0.72988	0.72988	0.72988	0.72988	0.72988	0.72988	0.72988	
5.68521	0.72988	0.72988	0.72988	0.72988	0.72988	0.72988	0.72988	0.72988	0.72988	0.72988	0.72988	0.72988	0.72988	0.72988	0.72988	0.72988	0.72988	0.72988	0.72988	0.72988	0.72988	0.72988	0.72988	0.72988	0.72988	0.72988	0.72988	0.72988	0.72988	0.72988	0.72988	
3.95096	0.72988	0.72988	0.72988	0.72988	0.72988	0.72988	0.72988	0.72988	0.72988	0.72988	0.72988	0.72988	0.72988	0.72988	0.72988	0.72988	0.72988	0.72988	0.72988	0.72988	0.72988	0.72988	0.72988	0.72988	0.72988	0.72988	0.72988	0.72988	0.72988	0.72988	0.72988	
3.94431	0.72988	0.72988	0.72988	0.72988	0.72988	0.72988	0.72988	0.72988	0.72988	0.72988	0.72988	0.72988	0.72988	0.72988	0.72988	0.72988	0.72988	0.72988	0.72988	0.72988	0.72988	0.72988	0.72988	0.72988	0.72988	0.72988	0.72988	0.72988	0.72988	0.72988	0.72988	
5.68686	0.72988	0.72988	0.72988	0.72988	0.72988	0.72988	0.72988	0.72988	0.72988	0.72988	0.72988	0.72988	0.72988	0.72988	0.72988	0.72988	0.72988	0.72988	0.72988	0.72988	0.72988	0.72988	0.72988	0.72988	0.72988	0.72988	0.72988	0.72988	0.72988	0.72988	0.72988	
3.99385	0.72988	0.72988	0.72988	0.72988	0.72988	0.72988	0.72988	0.72988	0.72988	0.72988	0.72988	0.72988	0.72988	0.72988	0.72988	0.72988	0.72988	0.72988	0.72988	0.72988	0.72988	0.72988	0.72988	0.72988	0.72988	0.72988	0.72988	0.72988	0.72988	0.72988	0.72988	
4.06069	0.72988	0.72988	0.72988	0.72988	0.72988	0.72988	0.72988	0.72988	0.72988	0.72988	0.72988	0.72988	0.72988	0.72988	0.72988	0.72988	0.72988	0.72988	0.72988	0.72988	0.72988	0.72988	0.72988	0.72988	0.72988	0.72988	0.72988	0.72988	0.72988	0.72988	0.72988	
5.69251	0.72988	0.72988	0.72988	0.72988	0.72988	0.72988	0.72988	0.72988	0.72988	0.72988	0.72988	0.72988	0.72988	0.72988	0.72988	0.72988	0.72988	0.72988	0.72988	0.72988	0.72988	0.72988	0.72988	0.72988	0.72988	0.72988	0.72988	0.72988	0.72988	0.72988	0.72988	
3.96675	0.72988	0.72988	0.72988	0.72988	0.72988	0.72988	0.72988	0.72988	0.72988	0.72988	0.72988	0.72988	0.72988	0.72988	0.72988	0.72988	0.72988	0.72988	0.72988	0.72988	0.72988	0.72988	0.72988	0.72988	0.72988	0.72988	0.72988	0.72988	0.72988	0.72988	0.72988	
4.01288	0.72988	0.72988	0.72988	0.72988	0.72988	0.72988	0.72988	0.72988	0.72988	0.72988	0.72988	0.72988	0.72988	0.72988	0.72988	0.72988	0.72988	0.72988	0.72988	0.72988	0.72988	0.72988	0.72988	0.72988	0.72988	0.72988	0.72988	0.72988	0.72988	0.72988	0.72988	
5.68812	0.72988	0.72988	0.72988	0.72988	0.72988	0.72988	0.72988	0.72988	0.72988	0.72988	0.72988	0.72988	0.72988	0.72988	0.72988	0.72988	0.72988	0.72988	0.72988	0.72988	0.72988	0.72988	0.72988	0.72988	0.72988	0.72988	0.72988	0.72988	0.72988	0.72988	0.72988	
3.96325	0.72988	0.72988	0.72988	0.72988	0.72988	0.72988	0.72988	0.72988	0.72988	0.72988	0.72988	0.72988	0.72988	0.72988	0.72988	0.72988	0.72988	0.72988	0.72988	0.72988	0.72988	0.72988	0.72988	0.72988	0.72988	0.72988	0.72988	0.72988	0.72988	0.72988	0.72988	
4.01687	0.72988	0.72988	0.72988	0.72988	0.72988	0.72988	0.72988	0.72988	0.72988	0.72988	0.72988	0.72988	0.72988	0.72988	0.72988	0.72988	0.72988	0.72988	0.72988	0.72988	0.72988	0.72988	0.72988	0.72988	0.72988	0.72988	0.72988	0.72988	0.72988	0.72988	0.72988	
5.69146	0.72988	0.72988	0.72988	0.72988	0.72988	0.72988	0.72988	0.72988	0.72988	0.72988	0.72988	0.72988	0.72988	0.72988	0.72988	0.72988	0.72988	0.72988	0.72988	0.72988	0.72988	0.72988	0.72988	0.72988	0.72988	0.72988	0.72988	0.72988	0.72988	0.72988	0.72988	
3.95888	0.72988	0.72988	0.72988	0.72988	0.72988	0.72988	0.72988	0.72988	0.72988	0.72988	0.72988	0.72988	0.72988	0.72988	0.72988	0.72988	0.72988	0.72988	0.72988	0.72988	0.72988	0.72988	0.72988	0.72988	0.72988	0.72988	0.72988	0.72988	0.72988	0.72988	0.72988	
5.16609	0.72988	0.72988	0.72988	0.72988	0.72988	0.72988	0.72988	0.72988	0.72988	0.72988	0.72988	0.72988	0.72988	0.72988	0.72988	0.72988	0.72988	0.72988	0.72988	0.72988	0.72988	0.72988	0.72988	0.72988	0.72988	0.72988	0.72988	0.72988	0.72988	0.72988	0.72988	
5.70974	0.72988	0.72988	0.72988	0.72988	0.72988	0.72988	0.72988	0.72988	0.72988	0.72988	0.72988	0.72988	0.72988	0.72988	0.72988	0.72988	0.72988	0.72988	0.72988	0.72988	0.72988	0.72988	0.72988	0.72988	0.72988	0.72988	0.72988	0.72988	0.72988	0.72988	0.72988	
5.71832	0.72988	0.72988	0.72988	0.72988	0.72988	0.72988	0.72988	0.72988	0.72988	0.72988	0.72988	0.72988	0.72988	0.72988	0.72988	0.72988	0.72988	0.72988	0.72988	0.72988	0.72988	0.72988	0.72988	0.72988	0.72988	0.72988	0.72988	0.72988	0.72988	0.72988	0.72988	
5.71537	0.72988	0.72988	0.72988	0.72988	0.72988	0.72988	0.72988	0.72988	0.72988	0.72988	0.72988	0.72988	0.72988	0.72988	0.72988	0.72988	0.72988	0.72988	0.72988	0.72988	0.72988	0.72988	0.72988	0.72988	0.72988	0.72988	0.72988	0.72988	0.72988	0.72988	0.72988	
