C_0	C_1	C_2	C_3	C_4	C_5	C_6	C_7	C_8	C_9	C_10	C_11	C_12	C_13	C_14	C_15	C_16	C_17	C_18	C_19	C_20	C_21	C_22	C_23	C_24	C_25	C_26	C_27	C_28	C_29	C_30	C_31	
69.31	70.21	70.21	69.36	70.15	71.49	71.49	70.12	70.10	71.45	71.45	70.13	69.39	70.27	70.27	69.35	66.38	67.27	67.24	66.43	67.16	68.43	68.39	67.10	67.13	68.43	68.39	67.09	66.36	67.17	67.15	66.29
68.81	70.53	70.54	69.73	70.43	71.69	71.69	70.37	70.32	71.63	71.63	70.39	69.80	70.66	70.65	69.70	66.20	67.12	67.12	66.29	66.88	68.08	68.06	66.80	66.80	68.07	68.05	66.82	66.16	66.94	66.93	66.05
68.82	70.65	70.66	69.89	70.52	71.72	71.71	70.42	70.35	71.63	71.63	70.46	69.98	70.82	70.81	69.84	66.12	67.06	67.06	66.25	66.72	67.86	67.85	66.62	66.60	67.83	67.83	66.66	66.06	66.80	66.79	65.92
68.84	70.73	70.74	70.01	70.58	71.72	71.72	70.46	70.11	71.35	71.35	70.25	69.85	70.66	70.66	69.68	66.07	67.02	67.02	66.22	66.62	67.71	67.69	66.50	66.46	67.66	67.65	66.54	65.99	66.71	66.69	65.83
68.62	70.53	70.55	69.85	70.37	71.46	71.45	70.22	70.32	71.56	71.56	70.51	70.17	70.97	70.96	69.96	66.05	67.00	67.00	66.22	66.56	67.59	67.58	66.42	66.35	67.52	67.52	66.45	65.95	66.64	66.62	65.77
68.85	70.80	70.82	70.14	70.63	71.68	71.67	70.45	70.33	71.55	71.56	70.55	70.26	71.04	71.03	70.02	66.03	66.99	66.99	66.23	66.51	67.50	67.49	66.35	66.27	67.41	67.42	66.39	65.92	66.59	66.57	65.72
68.88	70.85	70.88	70.22	70.67	71.69	71.67	70.47	70.33	71.53	71.55	70.58	70.33	71.10	71.08	70.07	66.02	66.98	66.99	66.24	66.49	67.43	67.42	66.30	66.20	67.33	67.33	66.34	65.91	66.55	66.53	65.69
68.90	70.88	70.91	70.28	70.70	71.68	71.66	70.48	70.08	71.25	71.27	70.35	70.14	70.89	70.87	69.86	66.02	66.98	66.99	66.25	66.46	67.37	67.36	66.26	66.15	67.25	67.26	66.31	65.90	66.52	66.50	65.66
68.68	70.65	70.69	70.08	70.47	71.41	71.39	70.23	70.29	71.46	71.48	70.59	70.40	71.14	71.12	70.10	66.02	66.98	67.00	66.27	66.45	67.33	67.31	66.23	66.11	67.19	67.20	66.28	65.90	66.50	66.48	65.64
68.90	70.89	70.93	70.34	70.71	71.62	71.60	70.45	70.30	71.46	71.48	70.62	70.46	71.19	71.17	70.14	66.02	66.98	67.00	66.29	66.44	67.29	67.26	66.20	66.07	67.13	67.15	66.26	65.90	66.48	66.46	65.63
68.93	70.92	70.97	70.39	70.75	71.63	71.60	70.47	70.30	71.45	71.47	70.65	70.51	71.22	71.20	70.17	66.02	66.98	67.01	66.31	66.44	67.25	67.23	66.18	66.04	67.09	67.10	66.24	65.90	66.46	66.44	65.61
68.95	70.94	71.00	70.44	70.77	71.62	71.60	70.47	70.04	71.17	71.21	70.42	70.30	70.99	70.96	69.94	66.02	66.98	67.01	66.32	66.44	67.22	67.19	66.16	66.01	67.04	67.06	66.23	65.90	66.45	66.42	65.60
68.72	70.70	70.76	70.22	70.53	71.35	71.32	70.22	70.26	71.39	71.42	70.65	70.56	71.24	71.21	70.18	66.02	66.98	67.01	66.34	66.44	67.19	67.16	66.14	65.98	67.00	67.02	66.21	65.91	66.44	66.41	65.59
68.95	70.94	71.00	70.48	70.78	71.57	71.54	70.44	70.27	71.39	71.43	70.69	70.61	71.28	71.24	70.21	66.02	66.98	67.02	66.36	66.44	67.16	67.13	66.12	65.95	66.96	66.98	66.20	65.91	66.43	66.39	65.58
68.97	70.97	71.04	70.53	70.81	71.58	71.55	70.45	70.27	71.38	71.43	70.71	70.65	71.30	71.26	70.23	66.03	66.98	67.02	66.38	66.44	67.14	67.11	66.11	65.93	66.92	66.95	66.19	65.92	66.42	66.38	65.58
68.98	70.98	71.05	70.56	70.83	71.58	71.54	70.46	70.02	71.12	71.16	70.48	70.43	71.06	71.02	70.00	66.03	66.98	67.02	66.39	66.45	67.12	67.08	66.09	65.91	66.89	66.91	66.18	65.92	66.41	66.37	65.57
68.75	70.74	70.81	70.34	70.59	71.31	71.27	70.20	70.23	71.33	71.38	70.72	70.68	71.30	71.25	70.23	66.03	66.98	67.02	66.41	66.45	67.10	67.06	66.08	65.89	66.85	66.88	66.18	65.93	66.40	66.36	65.56
68.97	70.97	71.05	70.59	70.83	71.53	71.48	70.42	70.25	71.34	71.40	70.76	70.72	71.33	71.28	70.26	66.02	66.97	67.02	66.42	66.46	67.08	67.04	66.07	65.87	66.82	66.85	66.17	65.93	66.39	66.34	65.55
69.00	71.00	71.08	70.63	70.86	71.54	71.50	70.44	70.25	71.34	71.40	70.78	70.76	71.35	71.30	70.27	66.02	66.97	67.02	66.44	66.46	67.07	67.02	66.06	65.85	66.79	66.83	66.16	65.94	66.38	66.33	65.54
69.01	71.01	71.10	70.67	70.89	71.54	71.49	70.44	70.00	71.07	71.14	70.55	70.53	71.11	71.05	70.03	66.02	66.96	67.02	66.45	66.47	67.05	67.00	66.04	65.83	66.76	66.80	66.16	65.94	66.37	66.32	65.53
68.78	70.77	70.86	70.44	70.65	71.28	71.23	70.19	70.22	71.29	71.36	70.79	70.78	71.34	71.28	70.26	66.02	66.96	67.02	66.46	66.47	67.04	66.98	66.03	65.81	66.73	66.77	66.15	65.95	66.36	66.31	65.53
69.00	71.01	71.10	70.70	70.90	71.51	71.45	70.42	70.23	71.30	71.38	70.82	70.82	71.37	71.30	70.28	66.02	66.95	67.01	66.47	66.48	67.02	66.96	66.02	65.79	66.70	66.75	66.15	65.95	66.35	66.29	65.52
69.02	71.03	71.13	70.73	70.93	71.52	71.46	70.43	70.24	71.30	71.38	70.85	70.85	71.38	71.31	70.30	66.01	66.95	67.01	66.48	66.49	67.01	66.95	66.02	65.77	66.68	66.73	66.14	65.96	66.34	66.28	65.51
69.03	71.03	71.14	70.76	70.94	71.52	71.46	70.43	69.99	71.04	71.12	70.61	70.61	71.13	71.06	70.05	66.01	66.94	67.01	66.49	66.49	67.00	66.93	66.01	65.76	66.65	66.70	66.14	65.96	66.33	66.27	65.50
68.80	70.79	70.90	70.53	70.71	71.26	71.19	70.19	70.21	71.26	71.35	70.85	70.86	71.37	71.29	70.28	66.00	66.93	67.00	66.51	66.50	66.99	66.92	66.00	65.74	66.62	66.68	66.13	65.96	66.33	66.26	65.49
68.97	71.01	71.11	70.75	70.92	71.46	71.39	70.38	70.20	71.26	71.35	70.87	70.88	71.37	71.29	70.28	66.00	66.93	67.00	66.51	66.50	66.98	66.90	65.99	65.72	66.60	66.66	66.13	65.97	66.32	66.24	65.48
68.99	71.03	71.13	70.79	70.95	71.48	71.40	70.39	70.20	71.25	71.35	70.89	70.90	71.38	71.30	70.29	66.00	66.92	67.00	66.52	66.51	66.97	66.89	65.98	65.71	66.58	66.64	66.13	65.97	66.31	66.23	65.48
69.00	71.04	71.15	70.81	70.97	71.48	71.39	70.39	69.95	70.99	71.09	70.65	70.66	71.13	71.04	70.04	65.99	66.91	66.99	66.53	66.52	66.96	66.87	65.97	65.69	66.55	66.62	66.12	65.97	66.30	66.22	65.47
68.76	70.79	70.90	70.58	70.73	71.22	71.13	70.14	70.17	71.21	71.32	70.89	70.91	71.36	71.27	70.26	65.98	66.90	66.99	66.54	66.52	66.95	66.86	65.96	65.68	66.53	66.60	66.12	65.97	66.29	66.21	65.46
69.01	71.02	71.14	70.83	70.97	71.45	71.36	70.37	70.19	71.23	71.34	70.92	70.94	71.39	71.29	70.28	65.98	66.89	66.98	66.55	66.53	66.94	66.85	65.96	65.66	66.51	66.58	66.12	65.98	66.28	66.20	65.45
69.03	71.04	71.17	70.87	71.01	71.47	71.37	70.38	70.19	71.23	71.35	70.95	70.97	71.40	71.29	70.29	65.97	66.88	66.98	66.56	66.54	66.93	66.84	65.95	65.65	66.49	66.56	66.11	65.98	66.28	66.19	65.44
69.04	71.05	71.18	70.89	71.03	71.47	71.37	70.39	69.95	70.98	71.10	70.71	70.73	71.15	71.04	70.05	65.97	66.87	66.97	66.56	66.54	66.93	66.83	65.94	65.63	66.47	66.55	66.11	65.98	66.27	66.18	65.44
68.81	70.80	70.93	70.66	70.79	71.21	71.11	70.14	70.16	71.20	71.32	70.95	70.97	71.38	71.26	70.27	65.96	66.87	66.97	66.57	66.55	66.92	66.81	65.93	65.62	66.45	66.53	66.11	65.98	66.26	66.16	65.43
69.02	71.03	71.17	70.91	71.03	71.45	71.34	70.36	70.18	71.22	71.35	70.99	71.01	71.40	71.29	70.29	65.96	66.86	66.96	66.58	66.56	66.91	66.80	65.93	65.61	66.43	66.51	66.11	65.99	66.25	66.15	65.42
69.03	71.06	71.20	70.94	71.06	71.47	71.35	70.38	70.19	71.22	71.36	71.01	71.03	71.41	71.29	70.30	65.95	66.85	66.96	66.59	66.56	66.91	66.79	65.92	65.59	66.41	66.50	66.10	65.99	66.24	66.14	65.41
69.04	71.07	71.21	70.97	71.08	71.47	71.36	70.38	69.94	70.96	71.10	70.77	70.79	71.16	71.04	70.05	65.94	66.84	66.95	66.59	66.57	66.90	66.78	65.91	65.58	66.39	66.48	66.10	65.99	66.24	66.13	65.40
68.81	70.82	70.97	70.73	70.84	71.22	71.10	70.14	70.15	71.18	71.33	71.00	71.03	71.39	71.26	70.27	65.94	66.83	66.95	66.60	66.57	66.89	66.77	65.91	65.57	66.37	66.47	66.10	65.99	66.23	66.12	65.40
68.98	68.65	68.81	68.58	68.69	69.06	68.93	67.97	67.80	68.82	68.97	68.66	68.69	69.03	68.90	67.91	65.92	66.81	66.93	66.59	66.57	66.88	66.75	65.89	65.55	66.36	66.46	66.10	65.99	66.22	66.11	65.39
68.97	68.35	68.51	68.29	68.39	68.75	68.62	67.66	67.51	68.51	68.66	68.36	68.39	68.72	68.58	67.60	65.90	66.78	66.91	66.58	66.56	66.86	66.73	65.87	65.54	66.34	66.44	66.10	65.99	66.22	66.10	65.38
68.98	68.18	68.33	68.12	68.22	68.56	68.43	67.48	67.36	68.33	68.49	68.20	68.23	68.55	68.41	67.43	65.88	66.76	66.89	66.57	66.55	66.83	66.70	65.84	65.53	66.32	66.43	66.09	65.99	66.21	66.09	65.37
68.73	67.82	67.97	67.77	67.87	68.19	68.06	67.12	67.26	68.21	68.37	68.09	68.12	68.43	68.28	67.32	65.85	66.73	66.87	66.56	66.54	66.81	66.68	65.82	65.52	66.30	66.41	66.09	65.99	66.20	66.08	65.36
68.89	67.94	68.09	67.89	67.99	68.30	68.16	67.23	67.18	68.12	68.28	68.01	68.04	68.34	68.19	67.23	65.83	66.71	66.85	66.55	66.53	66.79	66.65	65.80	65.50	66.29	66.40	66.09	65.99	66.19	66.07	65.36
69.74	67.89	68.03	67.84	67.94	68.24	68.10	67.18	67.14	68.05	68.22	67.96	67.99	68.28	68.12	67.17	65.81	66.68	66.83	66.54	66.52	66.77	66.63	65.78	65.49	66.27	66.39	66.08	65.99	66.19	66.06	65.35
69.04	67.84	67.99	67.81	67.90	68.19	68.05	67.13	67.10	68.00	68.17	67.92	67.95	68.23	68.07	67.12	65.80	66.66	66.81	66.53	66.51	66.76	66.61	65.76	65.48	66.25	66.37	66.08	65.99	66.18	66.05	65.34
68.74	67.57	67.72	67.54	67.63	67.91	67.76	66.86	67.07	67.96	68.13	67.89	67.92	68.19	68.03	67.08	65.78	66.64	66.79	66.53	66.50	66.74	66.59	65.75	65.47	66.24	66.36	66.08	65.99	66.17	66.03	65.33
68.92	67.74	67.89	67.72	67.81	68.08	67.93	67.02	67.05	67.92	68.10	67.87	67.90	68.16	67.99	67.05	65.77	66.63	66.78	66.52	66.50	66.73	66.57	65.73	65.45	66.22	66.35	66.07	65.99	66.16	66.02	65.32
69.71	67.74	67.88	67.72	67.80	68.07	67.91	67.01	67.03	67.90	68.07	67.85	67.88	68.13	67.96	67.03	65.75	66.61	66.77	66.52	66.50	66.71	66.56	65.72	65.44	66.20	66.33	66.07	65.99	66.15	66.01	65.31
69.00	67.72	67.87	67.71	67.79	68.05	67.89	66.99	67.01	67.87	68.05	67.84	67.87	68.11	67.94	67.00	65.74	66.59	66.75	66.52	66.49	66.70	66.54	65.71	65.43	66.19	66.32	66.07	65.99	66.15	66.00	65.30
68.69	67.47	67.62	67.47	67.55	67.79	67.63	66.74	66.99	67.85	68.03	67.83	67.85	68.09	67.91	66.98	65.73	66.58	66.74	66.51	66.49	66.69	66.53	65.69	65.42	66.17	66.31	66.06	65.99	66.14	65.99	65.30
68.89	67.66	67.81	67.67	67.74	67.98	67.81	66.92	66.98	67.83	68.01	67.82	67.84	68.07	67.89	66.96	65.72	66.56	66.73	66.51	66.49	66.68	66.51	65.68	65.41	66.16	66.30	66.06	65.99	66.13	65.98	65.29
69.68	67.66	67.81	67.67	67.75	67.97	67.80	66.92	66.97	67.81	68.00	67.81	67.84	68.05	67.87	66.95	65.71	66.55	66.72	66.51	66.49	66.67	66.50	65.67	65.39	66.14	66.29	66.06	65.99	66.13	65.97	65.28
69.02	67.65	67.80	67.67	67.74	67.96	67.79	66.90	66.95	67.79	67.98	67.81	67.83	68.04	67.85	66.93	65.70	66.53	66.71	66.50	66.48	66.66	66.48	65.66	65.38	66.13	66.27	66.06	65.99	66.12	65.96	65.27
68.72	67.40	67.56	67.44	67.50	67.71	67.54	66.66	66.94	67.77	67.97	67.80	67.82	68.02	67.83	66.91	65.68	66.52	66.70	66.50	66.48	66.65	66.47	65.65	65.37	66.11	66.26	66.05	65.99	66.11	65.95	65.26
68.88	67.60	67.75	67.64	67.70	67.90	67.72	66.85	66.93	67.75	67.95	67.79	67.81	68.00	67.81	66.90	65.67	66.51	66.69	66.50	66.48	66.64	66.46	65.64	65.36	66.10	66.25	66.05	65.99	66.11	65.94	65.25
69.66	67.59	67.75	67.64	67.71	67.90	67.71	66.84	66.92	67.74	67.94	67.79	67.81	67.99	67.79	66.88	65.66	66.49	66.68	66.50	66.48	66.63	66.44	65.63	65.35	66.09	66.24	66.05	65.99	66.10	65.93	65.25
68.94	67.59	67.75	67.64	67.70	67.89	67.70	66.83	66.91	67.72	67.93	67.78	67.80	67.98	67.77	66.86	65.65	66.48	66.67	66.49	66.48	66.62	66.43	65.61	65.34	66.07	66.23	66.05	65.99	66.09	65.92	65.24
68.63	67.34	67.50	67.41	67.47	67.64	67.45	66.59	66.89	67.70	67.91	67.77	67.79	67.96	67.75	66.85	65.64	66.47	66.66	66.49	66.47	66.62	66.42	65.60	65.33	66.06	66.22	66.04	65.98	66.09	65.91	65.23
68.85	67.54	67.70	67.61	67.66	67.83	67.64	66.78	66.88	67.69	67.90	67.77	67.79	67.95	67.74	66.83	65.63	66.45	66.65	66.49	66.47	66.61	66.41	65.59	65.32	66.05	66.21	66.04	65.98	66.08	65.90	65.22
69.62	67.54	67.70	67.61	67.67	67.83	67.64	66.77	66.87	67.67	67.89	67.76	67.78	67.93	67.72	66.82	65.62	66.44	66.64	66.49	66.47	66.60	66.39	65.58	65.31	66.03	66.20	66.04	65.98	66.07	65.89	65.21
68.91	67.53	67.70	67.61	67.67	67.82	67.62	66.76	66.86	67.66	67.88	67.76	67.77	67.92	67.70	66.80	65.61	66.42	66.63	66.48	66.47	66.59	66.38	65.57	65.30	66.02	66.19	66.03	65.98	66.07	65.89	65.21
68.61	67.29	67.45	67.38	67.43	67.58	67.38	66.52	66.85	67.64	67.86	67.75	67.77	67.91	67.68	66.79	65.60	66.41	66.62	66.48	66.46	66.58	66.37	65.56	65.29	66.01	66.18	66.03	65.98	66.06	65.88	65.20
68.78	67.48	67.65	67.58	67.63	67.77	67.56	66.71	66.84	67.63	67.85	67.74	67.76	67.89	67.67	66.77	65.59	66.40	66.61	66.48	66.46	66.57	66.36	65.55	65.28	65.99	66.17	66.03	65.98	66.05	65.87	65.19
69.59	67.48	67.65	67.59	67.64	67.77	67.56	66.71	66.83	67.61	67.84	67.74	67.75	67.88	67.65	66.76	65.58	66.39	66.60	66.47	66.46	66.56	66.34	65.54	65.27	65.98	66.16	66.02	65.97	66.05	65.86	65.18
68.87	67.48	67.65	67.59	67.64	67.76	67.55	66.70	66.82	67.60	67.83	67.73	67.75	67.87	67.63	66.75	65.57	66.37	66.59	66.47	66.45	66.55	66.33	65.53	65.26	65.97	66.15	66.02	65.97	66.04	65.85	65.17
68.57	67.24	67.41	67.35	67.40	67.52	67.30	66.46	66.81	67.58	67.81	67.72	67.74	67.85	67.62	66.73	65.56	66.36	66.58	66.47	66.45	66.54	66.32	65.52	65.25	65.96	66.14	66.02	65.97	66.03	65.84	65.16
68.73	67.43	67.60	67.55	67.60	67.71	67.49	66.65	66.79	67.57	67.80	67.72	67.73	67.84	67.60	66.72	65.55	66.35	66.57	66.46	66.45	66.53	66.31	65.51	65.24	65.94	66.13	66.01	65.97	66.03	65.83	65.16
69.55	67.43	67.61	67.56	67.60	67.71	67.49	66.65	66.79	67.56	67.79	67.71	67.73	67.83	67.59	66.70	65.54	66.33	66.56	66.46	66.44	66.52	66.30	65.50	65.23	65.93	66.12	66.01	65.97	66.02	65.82	65.15
68.84	67.43	67.60	67.56	67.60	67.71	67.48	66.64	66.77	67.54	67.78	67.71	67.72	67.82	67.57	66.69	65.52	66.32	66.55	66.45	66.44	66.52	66.28	65.49	65.22	65.92	66.11	66.01	65.96	66.01	65.81	65.14
68.53	67.19	67.36	67.32	67.36	67.46	67.23	66.40	66.76	67.53	67.77	67.70	67.71	67.80	67.55	66.68	65.51	66.31	66.54	66.45	66.44	66.51	66.27	65.48	65.21	65.91	66.10	66.00	65.96	66.01	65.80	65.13
68.73	67.38	67.56	67.52	67.56	67.66	67.42	66.59	66.75	67.51	67.76	67.69	67.71	67.79	67.54	66.66	65.50	66.30	66.53	66.44	66.43	66.50	66.26	65.47	65.20	65.90	66.10	66.00	65.96	66.00	65.79	65.12
69.53	67.38	67.56	67.53	67.57	67.66	67.42	66.59	66.74	67.50	67.74	67.69	67.70	67.78	67.52	66.65	65.49	66.28	66.52	66.44	66.43	66.49	66.25	65.46	65.19	65.89	66.09	65.99	65.96	65.99	65.78	65.12
68.79	67.38	67.56	67.53	67.57	67.65	67.41	66.58	66.73	67.49	67.73	67.68	67.69	67.77	67.51	66.64	65.48	66.27	66.51	66.44	66.42	66.48	66.24	65.44	65.18	65.87	66.08	65.99	65.95	65.99	65.77	65.11
68.49	67.14	67.32	67.30	67.33	67.41	67.17	66.35	66.72	67.47	67.72	67.67	67.69	67.75	67.49	66.62	65.47	66.26	66.50	66.43	66.42	66.47	66.22	65.43	65.17	65.86	66.07	65.99	65.95	65.98	65.76	65.10
68.66	67.33	67.52	67.49	67.53	67.60	67.36	66.53	66.71	67.46	67.71	67.67	67.68	67.74	67.48	66.61	65.46	66.25	66.49	66.43	66.41	66.46	66.21	65.42	65.16	65.85	66.06	65.98	65.95	65.97	65.76	65.09
69.49	67.33	67.52	67.50	67.54	67.60	67.36	66.54	66.70	67.45	67.70	67.66	67.67	67.73	67.46	66.60	65.45	66.23	66.48	66.42	66.41	66.45	66.20	65.41	65.15	65.84	66.05	65.98	65.94	65.97	65.75	65.08
68.77	67.33	67.52	67.50	67.54	67.60	67.35	66.53	66.69	67.43	67.69	67.65	67.67	67.72	67.45	66.59	65.44	66.22	66.47	66.42	66.41	66.44	66.19	65.40	65.14	65.83	66.04	65.97	65.94	65.96	65.74	65.07
68.47	67.09	67.28	67.26	67.30	67.36	67.11	66.29	66.68	67.42	67.68	67.65	67.66	67.70	67.43	66.57	65.43	66.21	66.46	66.41	66.40	66.43	66.18	65.39	65.13	65.82	66.03	65.97	65.94	65.95	65.73	65.07
68.69	67.29	67.48	67.47	67.50	67.55	67.30	66.48	66.67	67.41	67.67	67.64	67.65	67.69	67.42	66.56	65.42	66.20	66.45	66.41	66.40	66.42	66.16	65.38	65.12	65.81	66.02	65.97	65.93	65.95	65.72	65.06
69.46	67.29	67.48	67.47	67.50	67.55	67.30	66.48	66.67	67.40	67.66	67.63	67.64	67.68	67.40	66.55	65.41	66.18	66.44	66.40	66.39	66.42	66.15	65.37	65.11	65.79	66.01	65.96	65.93	65.94	65.71	65.05
68.73	67.28	67.47	67.47	67.50	67.55	67.29	66.48	66.65	67.38	67.65	67.63	67.64	67.67	67.39	66.53	65.40	66.17	66.43	66.40	66.39	66.41	66.14	65.36	65.10	65.78	66.01	65.96	65.93	65.93	65.70	65.04
68.43	67.05	67.24	67.24	67.27	67.31	67.05	66.24	66.64	67.37	67.63	67.62	67.63	67.66	67.37	66.52	65.39	66.16	66.42	66.39	66.38	66.40	66.13	65.35	65.09	65.77	66.00	65.95	65.92	65.92	65.69	65.03
68.63	67.23	67.43	67.43	67.46	67.50	67.23	66.43	66.63	67.36	67.62	67.61	67.62	67.65	67.36	66.51	65.39	66.15	66.41	66.38	66.38	66.39	66.12	65.34	65.08	65.76	65.99	65.95	65.92	65.92	65.68	65.03
69.43	67.24	67.44	67.44	67.47	67.50	67.24	66.43	66.63	67.35	67.61	67.61	67.62	67.64	67.35	66.50	65.38	66.14	66.40	66.38	66.37	66.38	66.11	65.33	65.08	65.75	65.98	65.94	65.91	65.91	65.67	65.02
68.69	67.24	67.43	67.44	67.47	67.50	67.23	66.43	66.62	67.33	67.60	67.60	67.61	67.62	67.33	66.49	65.37	66.13	66.39	66.37	66.37	66.37	66.10	65.32	65.07	65.74	65.97	65.94	65.91	65.90	65.66	65.01
68.39	67.00	67.20	67.21	67.24	67.26	66.99	66.19	66.61	67.32	67.59	67.59	67.60	67.61	67.32	66.47	65.36	66.11	66.38	66.37	66.36	66.36	66.08	65.31	65.06	65.73	65.96	65.93	65.91	65.90	65.66	65.00
68.59	67.19	67.39	67.40	67.43	67.44	67.17	66.38	66.59	67.31	67.58	67.59	67.59	67.60	67.31	66.46	65.35	66.10	66.37	66.36	66.36	66.35	66.07	65.30	65.05	65.72	65.95	65.93	65.90	65.89	65.65	64.99
69.39	67.20	67.40	67.41	67.44	67.45	67.18	66.38	66.59	67.30	67.57	67.58	67.59	67.59	67.29	66.45	65.34	66.09	66.36	66.36	66.35	66.34	66.06	65.29	65.04	65.71	65.95	65.92	65.90	65.88	65.64	64.99
68.66	67.19	67.39	67.41	67.44	67.45	67.17	66.38	66.58	67.29	67.56	67.57	67.58	67.58	67.28	66.44	65.33	66.08	66.35	66.35	66.34	66.33	66.05	65.28	65.03	65.70	65.94	65.92	65.89	65.88	65.63	64.98
68.35	66.95	67.16	67.18	67.20	67.21	66.93	66.14	66.57	67.27	67.55	67.56	67.57	67.57	67.26	66.43	65.32	66.07	66.34	66.35	66.34	66.33	66.04	65.27	65.02	65.69	65.93	65.92	65.89	65.87	65.62	64.97
69.11	67.15	67.35	67.38	67.40	67.40	67.12	66.33	66.56	67.26	67.54	67.56	67.56	67.56	67.25	66.42	65.31	66.06	66.34	66.34	66.33	66.32	66.03	65.26	65.01	65.68	65.92	65.91	65.89	65.86	65.61	64.96
69.44	67.16	67.36	67.38	67.41	67.41	67.12	66.34	66.55	67.25	67.53	67.55	67.56	67.55	67.24	66.40	65.30	66.05	66.33	66.33	66.33	66.31	66.02	65.25	65.00	65.67	65.91	65.91	65.88	65.86	65.60	64.95
69.50	67.16	67.36	67.38	67.41	67.40	67.12	66.33	66.55	67.24	67.52	67.54	67.55	67.54	67.23	66.39	65.29	66.04	66.32	66.33	66.32	66.30	66.01	65.24	65.00	65.66	65.90	65.90	65.88	65.85	65.59	64.95
69.29	66.92	67.12	67.15	67.17	67.16	66.88	66.10	66.54	67.23	67.51	67.54	67.54	67.52	67.21	66.38	65.28	66.02	66.31	66.32	66.32	66.29	66.00	65.23	64.99	65.65	65.90	65.90	65.87	65.84	65.58	64.94
69.52	67.12	67.31	67.35	67.37	67.36	67.07	66.29	66.54	67.22	67.50	67.53	67.54	67.51	67.20	66.37	65.27	66.01	66.30	66.32	66.31	66.28	65.98	65.22	64.98	65.64	65.89	65.89	65.87	65.83	65.58	64.93
