pcb_C_0	322.9275
pcb_C_1	322.9404
pcb_C_2	322.8891
pcb_C_3	322.8468
pcb_C_4	322.7951
pcb_C_5	322.7128
pcb_C_6	322.5664
pcb_C_7	322.2621
pcb_C_8	322.6858
pcb_C_9	322.7416
pcb_C_10	322.7104
pcb_C_11	322.6678
pcb_C_12	322.6066
pcb_C_13	322.5106
pcb_C_14	322.3576
pcb_C_15	322.0999
pcb_C_16	322.3862
pcb_C_17	322.3453
pcb_C_18	322.3094
pcb_C_19	322.2725
pcb_C_20	322.2193
pcb_C_21	322.1401
pcb_C_22	322.0349
pcb_C_23	321.9144
pcb_C_24	322.1690
pcb_C_25	322.0362
pcb_C_26	321.9893
pcb_C_27	321.9605
pcb_C_28	321.9241
pcb_C_29	321.8740
pcb_C_30	321.8207
pcb_C_31	321.8011
solder_C_0	323.4561
solder_C_1	323.0996
solder_C_2	322.9991
solder_C_3	322.9519
solder_C_4	322.8985
solder_C_5	322.8128
solder_C_6	322.6644
solder_C_7	322.3869
solder_C_8	322.9001
solder_C_9	322.8509
solder_C_10	322.8071
solder_C_11	322.7655
solder_C_12	322.7041
solder_C_13	322.6049
solder_C_14	322.4491
solder_C_15	322.2169
solder_C_16	322.4053
solder_C_17	322.3089
solder_C_18	322.2772
solder_C_19	322.2452
solder_C_20	322.1922
solder_C_21	322.1091
solder_C_22	321.9992
solder_C_23	321.9147
solder_C_24	322.1484
solder_C_25	321.9664
solder_C_26	321.9258
solder_C_27	321.9015
solder_C_28	321.8648
solder_C_29	321.8101
solder_C_30	321.7513
solder_C_31	321.7685
sub_C_0	323.7331
sub_C_1	323.1330
sub_C_2	323.0315
sub_C_3	322.9851
sub_C_4	322.9312
sub_C_5	322.8440
sub_C_6	322.6931
sub_C_7	322.4148
sub_C_8	322.9336
sub_C_9	322.8870
sub_C_10	322.8479
sub_C_11	322.8081
sub_C_12	322.7468
sub_C_13	322.6465
sub_C_14	322.4878
sub_C_15	322.2499
sub_C_16	322.3537
sub_C_17	322.2788
sub_C_18	322.2540
sub_C_19	322.2242
sub_C_20	322.1713
sub_C_21	322.0867
sub_C_22	321.9724
sub_C_23	321.8738
sub_C_24	322.0885
sub_C_25	321.9321
sub_C_26	321.8983
sub_C_27	321.8758
sub_C_28	321.8389
sub_C_29	321.7823
sub_C_30	321.7182
sub_C_31	321.7184
layer_3_C_0	326.4460
layer_3_C_1	323.4225
layer_3_C_2	323.3384
layer_3_C_3	323.3021
layer_3_C_4	323.2452
layer_3_C_5	323.1455
layer_3_C_6	322.9724
layer_3_C_7	322.6617
layer_3_C_8	323.2023
layer_3_C_9	323.2477
layer_3_C_10	323.2591
layer_3_C_11	323.2368
layer_3_C_12	323.1766
layer_3_C_13	323.0656
layer_3_C_14	322.8787
layer_3_C_15	322.5663
layer_3_C_16	321.8451
layer_3_C_17	321.9726
layer_3_C_18	322.0150
layer_3_C_19	322.0062
layer_3_C_20	321.9547
layer_3_C_21	321.8560
layer_3_C_22	321.6972
layer_3_C_23	321.4615
layer_3_C_24	321.5229
layer_3_C_25	321.5927
layer_3_C_26	321.6256
layer_3_C_27	321.6217
layer_3_C_28	321.5834
layer_3_C_29	321.5091
layer_3_C_30	321.3940
layer_3_C_31	321.2386
layer_4_TB_0	326.1738
layer_4_TB_1	323.3596
layer_4_TB_2	323.2763
layer_4_TB_3	323.2399
layer_4_TB_4	323.1831
layer_4_TB_5	323.0833
layer_4_TB_6	322.9103
layer_4_TB_7	322.5995
layer_4_TB_8	323.1392
layer_4_TB_9	323.1860
layer_4_TB_10	323.1975
layer_4_TB_11	323.1751
layer_4_TB_12	323.1150
layer_4_TB_13	323.0040
layer_4_TB_14	322.8170
layer_4_TB_15	322.5045
layer_4_TB_16	321.8441
layer_4_TB_17	321.9719
layer_4_TB_18	322.0144
layer_4_TB_19	322.0056
layer_4_TB_20	321.9542
layer_4_TB_21	321.8555
layer_4_TB_22	321.6966
layer_4_TB_23	321.4607
layer_4_TB_24	321.5222
layer_4_TB_25	321.5923
layer_4_TB_26	321.6253
layer_4_TB_27	321.6214
layer_4_TB_28	321.5831
layer_4_TB_29	321.5087
layer_4_TB_30	321.3937
layer_4_TB_31	321.2381
hsp_TB_0	323.4527
hsp_TB_1	322.7314
hsp_TB_2	322.6543
hsp_TB_3	322.6182
hsp_TB_4	322.5615
hsp_TB_5	322.4618
hsp_TB_6	322.2889
hsp_TB_7	321.9771
hsp_TB_8	322.5084
hsp_TB_9	322.5688
hsp_TB_10	322.5810
hsp_TB_11	322.5589
hsp_TB_12	322.4988
hsp_TB_13	322.3878
hsp_TB_14	322.2008
hsp_TB_15	321.8867
hsp_TB_16	321.8348
hsp_TB_17	321.9652
hsp_TB_18	322.0084
hsp_TB_19	321.9998
hsp_TB_20	321.9484
hsp_TB_21	321.8495
hsp_TB_22	321.6902
hsp_TB_23	321.4523
hsp_TB_24	321.5158
hsp_TB_25	321.5882
hsp_TB_26	321.6218
hsp_TB_27	321.6181
hsp_TB_28	321.5799
hsp_TB_29	321.5054
hsp_TB_30	321.3899
hsp_TB_31	321.2325
hsink_TB_0	322.4786
hsink_TB_1	322.4221
hsink_TB_2	322.3862
hsink_TB_3	322.3527
hsink_TB_4	322.2962
hsink_TB_5	322.1967
hsink_TB_6	322.0246
hsink_TB_7	321.7238
hsink_TB_8	322.1957
hsink_TB_9	322.3148
hsink_TB_10	322.3343
hsink_TB_11	322.3129
hsink_TB_12	322.2529
hsink_TB_13	322.1421
hsink_TB_14	321.9557
hsink_TB_15	321.6511
hsink_TB_16	321.8020
hsink_TB_17	321.9337
hsink_TB_18	321.9774
hsink_TB_19	321.9690
hsink_TB_20	321.9176
hsink_TB_21	321.8188
hsink_TB_22	321.6595
hsink_TB_23	321.4228
hsink_TB_24	321.5096
hsink_TB_25	321.5830
hsink_TB_26	321.6169
hsink_TB_27	321.6133
hsink_TB_28	321.5751
hsink_TB_29	321.5006
hsink_TB_30	321.3850
hsink_TB_31	321.2270
inode_0	321.4103
inode_1	320.9768
inode_2	320.8373
inode_3	321.5134
inode_4	321.4018
inode_5	320.9706
inode_6	320.8340
inode_7	321.5076
inode_8	321.1090
inode_9	320.7167
inode_10	320.5253
inode_11	321.1213
inode_12	322.6852
inode_13	322.0407
inode_14	321.7710
inode_15	322.7751
inode_16	322.6824
inode_17	322.0399
inode_18	321.7709
inode_19	322.7747
inode_20	322.3278
inode_21	321.8046
inode_22	321.7461
inode_23	322.7239
inode_24	321.3524
inode_25	320.9513
inode_26	320.7245
inode_27	321.4245
