Metric	Core0	Core1	Core2	Core3	Core4	Core5	Core6	Core7	Core8	Core9	Core10	Core11	Core12	Core13	Core14	Core15	Core16	Core17	Core18	Core19	Core20	Core21	Core22	Core23	Core24	Core25	Core26	Core27	Core28	Core29	Core30	Core31	Core32	Core33	Core34	Core35	Core36	Core37	Core38	Core39	Core40	Core41	Core42	Core43	Core44	Core45	Core46	Core47	Core48	Core49	Core50	Core51	Core52	Core53	Core54	Core55	Core56	Core57	Core58	Core59	Core60	Core61	Core62	Core63
total	51497133.087	70544.018	51497133.087	51497133.087	95.941	106.075	337.970	484.866	51497133.087	51497133.087	51497133.087	51497133.087	481281.618	51497133.087	35.923	51497133.087	58.282	58.283	57.540	57.541	58.264	58.253	56.453	56.453	58.130	58.226	58.464	57.802	57.971	57.971	57.948	57.946	51497133.087	28.314	51497133.087	51497133.087	70.363	71.283	61.700	310.825	51497133.087	51497133.087	28.313	6437141.636	28.315	51497133.087	51497133.087	51497133.087	28.315	51497133.087	51497133.087	51497133.087	127.089	46.333	126.822	3588.150	118.227	160.743	46.431	47.271	51497133.087	476825.306	495164.741	28.311
base	-
dispatch_width	-
rs_full	-
depend	-
depend-int	-
depend-fp	0.000	0.000	0.000	0.000	0.000	0.000	0.000	0.000	0.000	0.000	0.000	0.000	0.000	0.000	0.515	0.000	0.000	0.000	0.000	0.000	0.000	0.000	0.000	0.000	0.000	0.000	0.000	0.000	0.000	0.000	0.000	0.000	0.000	0.000	0.000	0.000	0.000	0.000	0.000	0.000	0.000	0.000	0.000	0.000	0.000	0.000	0.000	0.000	0.000	0.000	0.000	0.000	0.000	0.000	0.000	0.000	0.000	0.000	0.000	0.000	0.000	0.000	0.000	0.000
depend-branch	-
issue	0.000	0.000	0.000	0.000	0.000	0.000	0.000	0.000	0.000	0.000	0.000	0.000	0.000	0.000	0.000	0.000	0.000	0.000	0.000	0.000	0.000	0.000	0.000	0.000	0.000	0.000	0.000	0.000	0.000	0.000	0.000	0.000	0.000	0.493	0.000	0.000	0.000	0.000	0.000	0.000	0.000	0.000	0.493	0.000	0.493	0.000	0.000	0.000	0.493	0.000	0.000	0.000	0.000	0.493	0.000	0.000	0.000	0.000	0.493	0.492	0.000	0.000	0.000	0.493
serial	-
smt	-
branch	-
itlb	-
dtlb	-
ifetch	0.000	0.000	0.000	0.000	0.000	0.000	4.412	6.721	0.000	0.000	0.000	0.000	0.000	0.000	0.000	0.000	0.000	0.000	0.000	0.000	0.000	0.000	0.000	0.000	0.000	0.000	0.000	0.000	0.000	0.000	0.000	0.000	0.000	0.000	0.000	0.000	0.000	0.000	0.000	3.335	0.000	0.000	0.000	986723.987	0.000	0.000	0.000	0.000	0.000	0.000	0.000	0.000	0.000	0.000	1.985	48.267	3.578	0.000	0.000	0.000	0.000	0.000	0.000	0.000
mem	-
mem-l1d	-
mem-l2	-
mem-l3	-
mem-l4	-
mem-remote	-
mem-nuca	-
mem-dram-cache	-
mem-dram	0.000	36298.734	0.000	0.000	1.712	1.916	5.908	8.433	0.000	0.000	0.000	0.000	142152.929	0.000	0.000	0.000	0.000	0.000	0.000	0.000	0.000	0.000	0.000	0.000	0.000	0.000	0.000	0.000	0.000	0.000	0.000	0.000	0.000	0.000	0.000	0.000	0.000	0.000	1.131	6.043	0.000	0.000	0.000	0.000	0.000	0.000	0.000	0.000	0.000	0.000	0.000	0.000	2.276	0.575	0.000	0.000	0.000	3.102	0.000	0.000	0.000	82982.518	6251.588	0.000
sync	-
dvfs-transition	-
imbalance	51497133.087	34244.325	51497133.087	51497133.087	93.252	103.129	326.678	468.667	51497133.087	51497133.087	51497133.087	51497133.087	339127.502	51497133.087	34.942	51497133.087	56.691	56.691	55.969	55.970	56.673	56.662	54.912	54.912	56.543	56.636	56.868	56.224	56.389	56.388	56.366	56.363	51497133.087	27.541	51497133.087	51497133.087	68.332	69.337	59.336	300.679	51497133.087	51497133.087	27.540	5450416.774	27.542	51497133.087	51497133.087	51497133.087	27.542	51497133.087	51497133.087	51497133.087	123.786	44.566	122.843	3519.372	113.879	156.869	45.384	46.013	51497133.087	393842.066	488912.432	27.538
other	0.000	0.959	0.000	0.000	0.977	1.030	0.971	1.045	0.000	0.000	0.000	0.000	1.187	0.000	0.466	0.000	1.591	1.591	1.571	1.571	1.591	1.591	1.541	1.541	1.587	1.590	1.596	1.578	1.583	1.583	1.582	1.582	0.000	0.281	0.000	0.000	2.031	1.946	1.233	0.769	0.000	0.000	0.281	0.875	0.280	0.000	0.000	0.000	0.281	0.000	0.000	0.000	1.027	0.699	1.994	20.511	0.770	0.772	0.555	0.766	0.000	0.722	0.721	0.280
