pcb_C_0	323.9744
pcb_C_1	324.5500
pcb_C_2	324.8393
pcb_C_3	325.0143
pcb_C_4	325.1952
pcb_C_5	325.1888
pcb_C_6	324.9358
pcb_C_7	324.2752
pcb_C_8	323.5973
pcb_C_9	324.2558
pcb_C_10	324.7670
pcb_C_11	324.9925
pcb_C_12	325.0058
pcb_C_13	325.0024
pcb_C_14	324.9207
pcb_C_15	324.0282
pcb_C_16	323.2624
pcb_C_17	323.6736
pcb_C_18	324.0117
pcb_C_19	324.1964
pcb_C_20	324.2406
pcb_C_21	324.2197
pcb_C_22	324.0899
pcb_C_23	323.6186
pcb_C_24	323.0445
pcb_C_25	323.2201
pcb_C_26	323.4014
pcb_C_27	323.5251
pcb_C_28	323.5737
pcb_C_29	323.5645
pcb_C_30	323.4932
pcb_C_31	323.3366
pcb_C_32	322.8961
pcb_C_33	322.8942
pcb_C_34	322.9612
pcb_C_35	323.0303
pcb_C_36	323.0712
pcb_C_37	323.0864
pcb_C_38	323.0974
pcb_C_39	323.1514
pcb_C_40	322.7849
pcb_C_41	322.6536
pcb_C_42	322.6403
pcb_C_43	322.6677
pcb_C_44	322.6994
pcb_C_45	322.7364
pcb_C_46	322.8156
pcb_C_47	323.0163
pcb_C_48	322.6861
pcb_C_49	322.4707
pcb_C_50	322.4111
pcb_C_51	322.4121
pcb_C_52	322.4342
pcb_C_53	322.4796
pcb_C_54	322.5945
pcb_C_55	322.8902
pcb_C_56	322.5379
pcb_C_57	322.3284
pcb_C_58	322.2750
pcb_C_59	322.2686
pcb_C_60	322.2783
pcb_C_61	322.3064
pcb_C_62	322.3921
pcb_C_63	322.6755
solder_C_0	324.1695
solder_C_1	324.7367
solder_C_2	325.0646
solder_C_3	325.2860
solder_C_4	325.6995
solder_C_5	325.7085
solder_C_6	325.3001
solder_C_7	324.5942
solder_C_8	323.7596
solder_C_9	324.4134
solder_C_10	325.1082
solder_C_11	325.3402
solder_C_12	325.2183
solder_C_13	325.2431
solder_C_14	325.4879
solder_C_15	324.2758
solder_C_16	323.2827
solder_C_17	323.6618
solder_C_18	324.0223
solder_C_19	324.2099
solder_C_20	324.2373
solder_C_21	324.2214
solder_C_22	324.1347
solder_C_23	323.6654
solder_C_24	323.0312
solder_C_25	323.1810
solder_C_26	323.3697
solder_C_27	323.4974
solder_C_28	323.5444
solder_C_29	323.5323
solder_C_30	323.4607
solder_C_31	323.3325
solder_C_32	322.8656
solder_C_33	322.8477
solder_C_34	322.9260
solder_C_35	323.0011
solder_C_36	323.0417
solder_C_37	323.0505
solder_C_38	323.0502
solder_C_39	323.1242
solder_C_40	322.7405
solder_C_41	322.5992
solder_C_42	322.6008
solder_C_43	322.6355
solder_C_44	322.6670
solder_C_45	322.6961
solder_C_46	322.7593
solder_C_47	322.9726
solder_C_48	322.6324
solder_C_49	322.4091
solder_C_50	322.3641
solder_C_51	322.3721
solder_C_52	322.3944
solder_C_53	322.4327
solder_C_54	322.5319
solder_C_55	322.8367
solder_C_56	322.5067
solder_C_57	322.2872
solder_C_58	322.2413
solder_C_59	322.2390
solder_C_60	322.2497
solder_C_61	322.2753
solder_C_62	322.3542
solder_C_63	322.6485
sub_C_0	324.2006
sub_C_1	324.7560
sub_C_2	325.0928
sub_C_3	325.3240
sub_C_4	325.8976
sub_C_5	325.9090
sub_C_6	325.3747
sub_C_7	324.6903
sub_C_8	323.8152
sub_C_9	324.4561
sub_C_10	325.2578
sub_C_11	325.4862
sub_C_12	325.2631
sub_C_13	325.2890
sub_C_14	325.7632
sub_C_15	324.3414
sub_C_16	323.2618
sub_C_17	323.6417
sub_C_18	324.0035
sub_C_19	324.1916
sub_C_20	324.2184
sub_C_21	324.2017
sub_C_22	324.1160
sub_C_23	323.6462
sub_C_24	323.0021
sub_C_25	323.1636
sub_C_26	323.3559
sub_C_27	323.4847
sub_C_28	323.5320
sub_C_29	323.5183
sub_C_30	323.4423
sub_C_31	323.3024
sub_C_32	322.8294
sub_C_33	322.8300
sub_C_34	322.9143
sub_C_35	322.9913
sub_C_36	323.0319
sub_C_37	323.0385
sub_C_38	323.0315
sub_C_39	323.0851
sub_C_40	322.6975
sub_C_41	322.5794
sub_C_42	322.5882
sub_C_43	322.6252
sub_C_44	322.6567
sub_C_45	322.6833
sub_C_46	322.7383
sub_C_47	322.9256
sub_C_48	322.5832
sub_C_49	322.3851
sub_C_50	322.3474
sub_C_51	322.3578
sub_C_52	322.3801
sub_C_53	322.4161
sub_C_54	322.5073
sub_C_55	322.7831
sub_C_56	322.4539
sub_C_57	322.2544
sub_C_58	322.2129
sub_C_59	322.2122
sub_C_60	322.2234
sub_C_61	322.2483
sub_C_62	322.3231
sub_C_63	322.5940
layer_3_C_0	324.4738
layer_3_C_1	324.9579
layer_3_C_2	325.3400
layer_3_C_3	325.6314
layer_3_C_4	327.7997
layer_3_C_5	327.8292
layer_3_C_6	326.0326
layer_3_C_7	325.5595
layer_3_C_8	324.3027
layer_3_C_9	324.8650
layer_3_C_10	326.7551
layer_3_C_11	326.9447
layer_3_C_12	325.6738
layer_3_C_13	325.6975
layer_3_C_14	328.5411
layer_3_C_15	324.8763
layer_3_C_16	323.0266
layer_3_C_17	323.4359
layer_3_C_18	323.7994
layer_3_C_19	323.9921
layer_3_C_20	324.0244
layer_3_C_21	323.9981
layer_3_C_22	323.8998
layer_3_C_23	323.4176
layer_3_C_24	322.7178
layer_3_C_25	322.9941
layer_3_C_26	323.2205
layer_3_C_27	323.3615
layer_3_C_28	323.4111
layer_3_C_29	323.3825
layer_3_C_30	323.2618
layer_3_C_31	323.0073
layer_3_C_32	322.4905
layer_3_C_33	322.6590
layer_3_C_34	322.8012
layer_3_C_35	322.8968
layer_3_C_36	322.9373
layer_3_C_37	322.9225
layer_3_C_38	322.8502
layer_3_C_39	322.7216
layer_3_C_40	322.3055
layer_3_C_41	322.3878
layer_3_C_42	322.4670
layer_3_C_43	322.5264
layer_3_C_44	322.5575
layer_3_C_45	322.5590
layer_3_C_46	322.5357
layer_3_C_47	322.5000
layer_3_C_48	322.1397
layer_3_C_49	322.1539
layer_3_C_50	322.1866
layer_3_C_51	322.2191
layer_3_C_52	322.2420
layer_3_C_53	322.2554
layer_3_C_54	322.2689
layer_3_C_55	322.3040
layer_3_C_56	321.9646
layer_3_C_57	321.9345
layer_3_C_58	321.9395
layer_3_C_59	321.9542
layer_3_C_60	321.9691
layer_3_C_61	321.9851
layer_3_C_62	322.0144
layer_3_C_63	322.0905
layer_4_TB_0	324.4114
layer_4_TB_1	324.8954
layer_4_TB_2	325.2772
layer_4_TB_3	325.5682
layer_4_TB_4	327.6051
layer_4_TB_5	327.6328
layer_4_TB_6	325.9408
layer_4_TB_7	325.4562
layer_4_TB_8	324.2407
layer_4_TB_9	324.8027
layer_4_TB_10	326.5965
layer_4_TB_11	326.7900
layer_4_TB_12	325.6110
layer_4_TB_13	325.6344
layer_4_TB_14	328.2736
layer_4_TB_15	324.8135
layer_4_TB_16	323.0261
layer_4_TB_17	323.4355
layer_4_TB_18	323.7988
layer_4_TB_19	323.9914
layer_4_TB_20	324.0240
layer_4_TB_21	323.9977
layer_4_TB_22	323.8988
layer_4_TB_23	323.4170
layer_4_TB_24	322.7175
layer_4_TB_25	322.9939
layer_4_TB_26	323.2204
layer_4_TB_27	323.3613
layer_4_TB_28	323.4110
layer_4_TB_29	323.3824
layer_4_TB_30	323.2616
layer_4_TB_31	323.0069
layer_4_TB_32	322.4901
layer_4_TB_33	322.6588
layer_4_TB_34	322.8011
layer_4_TB_35	322.8967
layer_4_TB_36	322.9372
layer_4_TB_37	322.9224
layer_4_TB_38	322.8501
layer_4_TB_39	322.7212
layer_4_TB_40	322.3051
layer_4_TB_41	322.3876
layer_4_TB_42	322.4668
layer_4_TB_43	322.5263
layer_4_TB_44	322.5574
layer_4_TB_45	322.5589
layer_4_TB_46	322.5355
layer_4_TB_47	322.4996
layer_4_TB_48	322.1392
layer_4_TB_49	322.1537
layer_4_TB_50	322.1865
layer_4_TB_51	322.2189
layer_4_TB_52	322.2418
layer_4_TB_53	322.2552
layer_4_TB_54	322.2687
layer_4_TB_55	322.3036
layer_4_TB_56	321.9641
layer_4_TB_57	321.9342
layer_4_TB_58	321.9392
layer_4_TB_59	321.9539
layer_4_TB_60	321.9688
layer_4_TB_61	321.9848
layer_4_TB_62	322.0140
layer_4_TB_63	322.0899
hsp_TB_0	323.7870
hsp_TB_1	324.2708
hsp_TB_2	324.6492
hsp_TB_3	324.9363
hsp_TB_4	325.6591
hsp_TB_5	325.6689
hsp_TB_6	325.0225
hsp_TB_7	324.4223
hsp_TB_8	323.6205
hsp_TB_9	324.1797
hsp_TB_10	325.0109
hsp_TB_11	325.2429
hsp_TB_12	324.9831
hsp_TB_13	325.0032
hsp_TB_14	325.5996
hsp_TB_15	324.1856
hsp_TB_16	323.0207
hsp_TB_17	323.4314
hsp_TB_18	323.7919
hsp_TB_19	323.9847
hsp_TB_20	324.0199
hsp_TB_21	323.9935
hsp_TB_22	323.8887
hsp_TB_23	323.4114
hsp_TB_24	322.7138
hsp_TB_25	322.9920
hsp_TB_26	323.2189
hsp_TB_27	323.3599
hsp_TB_28	323.4096
hsp_TB_29	323.3809
hsp_TB_30	323.2596
hsp_TB_31	323.0032
hsp_TB_32	322.4862
hsp_TB_33	322.6570
hsp_TB_34	322.7998
hsp_TB_35	322.8957
hsp_TB_36	322.9361
hsp_TB_37	322.9211
hsp_TB_38	322.8481
hsp_TB_39	322.7172
hsp_TB_40	322.3009
hsp_TB_41	322.3856
hsp_TB_42	322.4655
hsp_TB_43	322.5253
hsp_TB_44	322.5563
hsp_TB_45	322.5576
hsp_TB_46	322.5334
hsp_TB_47	322.4952
hsp_TB_48	322.1348
hsp_TB_49	322.1513
hsp_TB_50	322.1848
hsp_TB_51	322.2174
hsp_TB_52	322.2404
hsp_TB_53	322.2535
hsp_TB_54	322.2662
hsp_TB_55	322.2989
hsp_TB_56	321.9589
hsp_TB_57	321.9304
hsp_TB_58	321.9359
hsp_TB_59	321.9507
hsp_TB_60	321.9657
hsp_TB_61	321.9815
hsp_TB_62	322.0103
hsp_TB_63	322.0846
hsink_TB_0	323.5314
hsink_TB_1	324.0033
hsink_TB_2	324.3586
hsink_TB_3	324.6176
hsink_TB_4	324.9019
hsink_TB_5	324.8974
hsink_TB_6	324.5750
hsink_TB_7	324.0077
hsink_TB_8	323.3710
hsink_TB_9	323.9013
hsink_TB_10	324.4051
hsink_TB_11	324.6458
hsink_TB_12	324.6697
hsink_TB_13	324.6677
hsink_TB_14	324.6314
hsink_TB_15	323.8827
hsink_TB_16	322.9995
hsink_TB_17	323.4072
hsink_TB_18	323.7475
hsink_TB_19	323.9405
hsink_TB_20	323.9929
hsink_TB_21	323.9640
hsink_TB_22	323.8229
hsink_TB_23	323.3842
hsink_TB_24	322.7081
hsink_TB_25	322.9866
hsink_TB_26	323.2123
hsink_TB_27	323.3533
hsink_TB_28	323.4040
hsink_TB_29	323.3750
hsink_TB_30	323.2515
hsink_TB_31	322.9966
hsink_TB_32	322.4815
hsink_TB_33	322.6530
hsink_TB_34	322.7960
hsink_TB_35	322.8918
hsink_TB_36	322.9323
hsink_TB_37	322.9172
hsink_TB_38	322.8439
hsink_TB_39	322.7122
hsink_TB_40	322.2963
hsink_TB_41	322.3818
hsink_TB_42	322.4620
hsink_TB_43	322.5218
hsink_TB_44	322.5529
hsink_TB_45	322.5540
hsink_TB_46	322.5294
hsink_TB_47	322.4903
hsink_TB_48	322.1301
hsink_TB_49	322.1475
hsink_TB_50	322.1813
hsink_TB_51	322.2140
hsink_TB_52	322.2369
hsink_TB_53	322.2500
hsink_TB_54	322.2623
hsink_TB_55	322.2940
hsink_TB_56	321.9540
hsink_TB_57	321.9262
hsink_TB_58	321.9319
hsink_TB_59	321.9468
hsink_TB_60	321.9617
hsink_TB_61	321.9775
hsink_TB_62	322.0060
hsink_TB_63	322.0795
inode_0	322.1726
inode_1	322.4388
inode_2	321.5352
inode_3	323.7031
inode_4	322.1654
inode_5	322.4309
inode_6	321.5298
inode_7	323.6895
inode_8	321.8192
inode_9	322.0618
inode_10	321.2383
inode_11	323.2118
inode_12	323.1072
inode_13	323.4126
inode_14	322.3385
inode_15	325.0367
inode_16	323.1073
inode_17	323.4123
inode_18	322.3394
inode_19	325.0323
inode_20	322.9374
inode_21	323.2099
inode_22	322.2355
inode_23	324.5852
inode_24	321.8223
inode_25	322.0313
inode_26	321.2839
inode_27	323.0862
