pcb_LC_0	546.5758
pcb_LC_1	554.6988
pcb_LC_2	558.2304
pcb_LC_3	559.6207
pcb_LC_4	559.6144
pcb_LC_5	558.2124
pcb_LC_6	554.6730
pcb_LC_7	546.5434
pcb_LC_8	546.5724
pcb_LC_9	556.2710
pcb_LC_10	560.8202
pcb_LC_11	562.6591
pcb_LC_12	562.6494
pcb_LC_13	560.7935
pcb_LC_14	556.2345
pcb_LC_15	546.5314
pcb_LC_16	546.6031
pcb_LC_17	556.3262
pcb_LC_18	560.8851
pcb_LC_19	562.7262
pcb_LC_20	562.7157
pcb_LC_21	560.8562
pcb_LC_22	556.2876
pcb_LC_23	546.5608
pcb_LC_24	546.6555
pcb_LC_25	554.8297
pcb_LC_26	558.3800
pcb_LC_27	559.7749
pcb_LC_28	559.7669
pcb_LC_29	558.3581
pcb_LC_30	554.8000
pcb_LC_31	546.6209
solder_LC_0	560.7746
solder_LC_1	563.3532
solder_LC_2	565.2838
solder_LC_3	566.2577
solder_LC_4	566.2496
solder_LC_5	565.2576
solder_LC_6	563.3178
solder_LC_7	560.7282
solder_LC_8	562.1304
solder_LC_9	565.7514
solder_LC_10	568.3115
solder_LC_11	569.5805
solder_LC_12	569.5644
solder_LC_13	568.2653
solder_LC_14	565.6967
solder_LC_15	562.0674
solder_LC_16	562.2217
solder_LC_17	565.8857
solder_LC_18	568.4588
solder_LC_19	569.7278
solder_LC_20	569.7088
solder_LC_21	568.4046
solder_LC_22	565.8228
solder_LC_23	562.1533
solder_LC_24	560.9328
solder_LC_25	563.5908
solder_LC_26	565.5472
solder_LC_27	566.5229
solder_LC_28	566.5090
solder_LC_29	565.5081
solder_LC_30	563.5431
solder_LC_31	560.8786
sub_LC_0	562.0747
sub_LC_1	564.7532
sub_LC_2	566.8244
sub_LC_3	567.8716
sub_LC_4	567.8654
sub_LC_5	566.7968
sub_LC_6	564.7169
sub_LC_7	562.0249
sub_LC_8	563.9881
sub_LC_9	567.5827
sub_LC_10	570.2323
sub_LC_11	571.5407
sub_LC_12	571.5215
sub_LC_13	570.1742
sub_LC_14	567.5232
sub_LC_15	563.9148
sub_LC_16	564.1672
sub_LC_17	567.8009
sub_LC_18	570.4630
sub_LC_19	571.7669
sub_LC_20	571.7436
sub_LC_21	570.3907
sub_LC_22	567.7271
sub_LC_23	564.0824
sub_LC_24	562.2984
sub_LC_25	565.0494
sub_LC_26	567.1478
sub_LC_27	568.1931
sub_LC_28	568.1768
sub_LC_29	567.1000
sub_LC_30	564.9952
sub_LC_31	562.2359
layer_3_LC_0	572.8378
layer_3_LC_1	577.0583
layer_3_LC_2	580.5193
layer_3_LC_3	582.2401
layer_3_LC_4	582.2581
layer_3_LC_5	580.4835
layer_3_LC_6	577.0210
layer_3_LC_7	572.7591
layer_3_LC_8	580.6188
layer_3_LC_9	585.1183
layer_3_LC_10	588.8985
layer_3_LC_11	590.6446
layer_3_LC_12	590.5947
layer_3_LC_13	588.7160
layer_3_LC_14	585.0186
layer_3_LC_15	580.4427
layer_3_LC_16	581.7619
layer_3_LC_17	586.2757
layer_3_LC_18	590.0640
layer_3_LC_19	591.7535
layer_3_LC_20	591.6881
layer_3_LC_21	589.7969
layer_3_LC_22	586.0930
layer_3_LC_23	581.5083
layer_3_LC_24	573.6511
layer_3_LC_25	577.9038
layer_3_LC_26	581.4074
layer_3_LC_27	583.0870
layer_3_LC_28	583.0518
layer_3_LC_29	581.2804
layer_3_LC_30	577.7968
layer_3_LC_31	573.5153
layer_4_TB_0	571.8605
layer_4_TB_1	576.0852
layer_4_TB_2	579.5472
layer_4_TB_3	581.2682
layer_4_TB_4	581.2863
layer_4_TB_5	579.5115
layer_4_TB_6	576.0481
layer_4_TB_7	571.7819
layer_4_TB_8	579.6609
layer_4_TB_9	584.1649
layer_4_TB_10	587.9469
layer_4_TB_11	589.6930
layer_4_TB_12	589.6430
layer_4_TB_13	587.7641
layer_4_TB_14	584.0654
layer_4_TB_15	579.4847
layer_4_TB_16	580.8084
layer_4_TB_17	585.3268
layer_4_TB_18	589.1169
layer_4_TB_19	590.8060
layer_4_TB_20	590.7406
layer_4_TB_21	588.8491
layer_4_TB_22	585.1439
layer_4_TB_23	580.5544
layer_4_TB_24	572.6733
layer_4_TB_25	576.9302
layer_4_TB_26	580.4349
layer_4_TB_27	582.1146
layer_4_TB_28	582.0796
layer_4_TB_29	580.3080
layer_4_TB_30	576.8234
layer_4_TB_31	572.5376
layer_5_B_0	562.0859
layer_5_B_1	566.3535
layer_5_B_2	569.8248
layer_5_B_3	571.5477
layer_5_B_4	571.5676
layer_5_B_5	569.7903
layer_5_B_6	566.3174
layer_5_B_7	562.0080
layer_5_B_8	570.0826
layer_5_B_9	574.6325
layer_5_B_10	578.4323
layer_5_B_11	580.1780
layer_5_B_12	580.1274
layer_5_B_13	578.2462
layer_5_B_14	574.5347
layer_5_B_15	569.9052
layer_5_B_16	571.2749
layer_5_B_17	575.8395
layer_5_B_18	579.6478
layer_5_B_19	581.3334
layer_5_B_20	581.2678
layer_5_B_21	579.3731
layer_5_B_22	575.6551
layer_5_B_23	571.0165
layer_5_B_24	562.8932
layer_5_B_25	567.1933
layer_5_B_26	570.7088
layer_5_B_27	572.3900
layer_5_B_28	572.3554
layer_5_B_29	570.5823
layer_5_B_30	567.0878
layer_5_B_31	562.7587
layer_6_TB_0	560.9565
layer_6_TB_1	565.2311
layer_6_TB_2	568.7027
layer_6_TB_3	570.4252
layer_6_TB_4	570.4454
layer_6_TB_5	568.6685
layer_6_TB_6	565.1952
layer_6_TB_7	560.8787
layer_6_TB_8	568.9858
layer_6_TB_9	573.5438
layer_6_TB_10	577.3459
layer_6_TB_11	579.0909
layer_6_TB_12	579.0404
layer_6_TB_13	577.1592
layer_6_TB_14	573.4467
layer_6_TB_15	568.8083
layer_6_TB_16	570.1839
layer_6_TB_17	574.7574
layer_6_TB_18	578.5681
layer_6_TB_19	580.2531
layer_6_TB_20	580.1878
layer_6_TB_21	578.2932
layer_6_TB_22	574.5746
layer_6_TB_23	569.9267
layer_6_TB_24	561.7617
layer_6_TB_25	566.0688
layer_6_TB_26	569.5850
layer_6_TB_27	571.2658
layer_6_TB_28	571.2314
layer_6_TB_29	569.4588
layer_6_TB_30	565.9638
layer_6_TB_31	561.6275
layer_7_B_32	549.6602
layer_7_B_33	554.0055
layer_7_B_34	557.4804
layer_7_B_35	559.1989
layer_7_B_36	559.2226
layer_7_B_37	557.4488
layer_7_B_38	553.9718
layer_7_B_39	549.5841
layer_7_B_40	558.0175
layer_7_B_41	562.6579
layer_7_B_42	566.4832
layer_7_B_43	568.2214
layer_7_B_44	568.1717
layer_7_B_45	566.2912
layer_7_B_46	562.5683
layer_7_B_47	557.8404
layer_7_B_48	559.2752
layer_7_B_49	563.9387
layer_7_B_50	567.7732
layer_7_B_51	569.4522
layer_7_B_52	569.3905
layer_7_B_53	567.4967
layer_7_B_54	563.7711
layer_7_B_55	559.0298
layer_7_B_56	550.4444
layer_7_B_57	554.8227
layer_7_B_58	558.3449
layer_7_B_59	560.0231
layer_7_B_60	559.9898
layer_7_B_61	558.2223
layer_7_B_62	554.7227
layer_7_B_63	550.3132
layer_8_TB_0	548.3821
layer_8_TB_1	552.7372
layer_8_TB_2	556.2116
layer_8_TB_3	557.9291
layer_8_TB_4	557.9533
layer_8_TB_5	556.1805
layer_8_TB_6	552.7038
layer_8_TB_7	548.3064
layer_8_TB_8	556.7869
layer_8_TB_9	561.4390
layer_8_TB_10	565.2668
layer_8_TB_11	567.0037
layer_8_TB_12	566.9540
layer_8_TB_13	565.0741
layer_8_TB_14	561.3504
layer_8_TB_15	556.6098
layer_8_TB_16	558.0545
layer_8_TB_17	562.7305
layer_8_TB_18	566.5677
layer_8_TB_19	568.2451
layer_8_TB_20	568.1838
layer_8_TB_21	566.2905
layer_8_TB_22	562.5645
layer_8_TB_23	557.8101
layer_8_TB_24	549.1629
layer_8_TB_25	553.5511
layer_8_TB_26	557.0731
layer_8_TB_27	558.7505
layer_8_TB_28	558.7173
layer_8_TB_29	556.9511
layer_8_TB_30	553.4517
layer_8_TB_31	549.0321
layer_9_B_64	535.5993
layer_9_B_65	540.0527
layer_9_B_66	543.5224
layer_9_B_67	545.2297
layer_9_B_68	545.2592
layer_9_B_69	543.4955
layer_9_B_70	540.0224
layer_9_B_71	535.5263
layer_9_B_72	544.4821
layer_9_B_73	549.2514
layer_9_B_74	553.1049
layer_9_B_75	554.8278
layer_9_B_76	554.7785
layer_9_B_77	552.9046
layer_9_B_78	549.1727
layer_9_B_79	544.3049
layer_9_B_80	545.8495
layer_9_B_81	550.6512
layer_9_B_82	554.5149
layer_9_B_83	556.1763
layer_9_B_84	556.1191
layer_9_B_85	554.2310
layer_9_B_86	550.5006
layer_9_B_87	545.6145
layer_9_B_88	536.3453
layer_9_B_89	540.8324
layer_9_B_90	544.3539
layer_9_B_91	546.0223
layer_9_B_92	545.9910
layer_9_B_93	544.2370
layer_9_B_94	540.7398
layer_9_B_95	536.2194
layer_10_TB_0	534.0245
layer_10_TB_1	538.4909
layer_10_TB_2	541.9596
layer_10_TB_3	543.6644
layer_10_TB_4	543.6934
layer_10_TB_5	541.9321
layer_10_TB_6	538.4600
layer_10_TB_7	533.9518
layer_10_TB_8	542.8630
layer_10_TB_9	547.6484
layer_10_TB_10	551.5029
layer_10_TB_11	553.2253
layer_10_TB_12	553.1770
layer_10_TB_13	551.3033
layer_10_TB_14	547.5715
layer_10_TB_15	542.6877
layer_10_TB_16	544.2708
layer_10_TB_17	549.0883
layer_10_TB_18	552.9526
layer_10_TB_19	554.6135
layer_10_TB_20	554.5566
layer_10_TB_21	552.6697
layer_10_TB_22	548.9391
layer_10_TB_23	544.0375
layer_10_TB_24	534.7661
layer_10_TB_25	539.2655
layer_10_TB_26	542.7851
layer_10_TB_27	544.4528
layer_10_TB_28	544.4214
layer_10_TB_29	542.6704
layer_10_TB_30	539.1735
layer_10_TB_31	534.6413
layer_11_B_96	518.2742
layer_11_B_97	522.8716
layer_11_B_98	526.3305
layer_11_B_99	528.0097
layer_11_B_100	528.0338
layer_11_B_101	526.2970
layer_11_B_102	522.8346
layer_11_B_103	518.2038
layer_11_B_104	526.6727
layer_11_B_105	531.6204
layer_11_B_106	535.4848
layer_11_B_107	537.2020
layer_11_B_108	537.1640
layer_11_B_109	535.2919
layer_11_B_110	531.5612
layer_11_B_111	526.5171
layer_11_B_112	528.4852
layer_11_B_113	533.4613
layer_11_B_114	537.3314
layer_11_B_115	538.9888
layer_11_B_116	538.9334
layer_11_B_117	537.0601
layer_11_B_118	533.3265
layer_11_B_119	528.2695
layer_11_B_120	518.9716
layer_11_B_121	523.5941
layer_11_B_122	527.0955
layer_11_B_123	528.7561
layer_11_B_124	528.7238
layer_11_B_125	527.0032
layer_11_B_126	523.5088
layer_11_B_127	518.8585
layer_12_TB_0	516.4096
layer_12_TB_1	521.0222
layer_12_TB_2	524.4798
layer_12_TB_3	526.1565
layer_12_TB_4	526.1793
layer_12_TB_5	524.4460
layer_12_TB_6	520.9853
layer_12_TB_7	516.3403
layer_12_TB_8	524.7348
layer_12_TB_9	529.7039
layer_12_TB_10	533.5669
layer_12_TB_11	535.2838
layer_12_TB_12	535.2465
layer_12_TB_13	533.3763
layer_12_TB_14	529.6451
layer_12_TB_15	524.5827
layer_12_TB_16	526.5159
layer_12_TB_17	531.5120
layer_12_TB_18	535.3806
layer_12_TB_19	537.0387
layer_12_TB_20	536.9835
layer_12_TB_21	535.1128
layer_12_TB_22	531.3783
layer_12_TB_23	526.3035
layer_12_TB_24	517.1008
layer_12_TB_25	521.7381
layer_12_TB_26	525.2368
layer_12_TB_27	526.8953
layer_12_TB_28	526.8634
layer_12_TB_29	525.1458
layer_12_TB_30	521.6535
layer_12_TB_31	516.9896
layer_13_B_128	497.7607
layer_13_B_129	502.5268
layer_13_B_130	505.9715
layer_13_B_131	507.6232
layer_13_B_132	507.6325
layer_13_B_133	505.9352
layer_13_B_134	502.4910
layer_13_B_135	497.7034
layer_13_B_136	505.3565
layer_13_B_137	510.5406
layer_13_B_138	514.3900
layer_13_B_139	516.1030
layer_13_B_140	516.0728
layer_13_B_141	514.2224
layer_13_B_142	510.4857
layer_13_B_143	505.2391
layer_13_B_144	506.8244
layer_13_B_145	512.0212
layer_13_B_146	515.8755
layer_13_B_147	517.5402
layer_13_B_148	517.4872
layer_13_B_149	515.6428
layer_13_B_150	511.8991
layer_13_B_151	506.6446
layer_13_B_152	498.3899
layer_13_B_153	503.1759
layer_13_B_154	506.6477
layer_13_B_155	508.2850
layer_13_B_156	508.2577
layer_13_B_157	506.5695
layer_13_B_158	503.0994
layer_13_B_159	498.2972
layer_14_TB_0	495.7693
layer_14_TB_1	500.5533
layer_14_TB_2	503.9951
layer_14_TB_3	505.6434
layer_14_TB_4	505.6515
layer_14_TB_5	503.9587
layer_14_TB_6	500.5176
layer_14_TB_7	495.7132
layer_14_TB_8	503.3030
layer_14_TB_9	508.5125
layer_14_TB_10	512.3599
layer_14_TB_11	514.0716
layer_14_TB_12	514.0422
layer_14_TB_13	512.1945
layer_14_TB_14	508.4585
layer_14_TB_15	503.1893
layer_14_TB_16	504.7427
layer_14_TB_17	509.9640
layer_14_TB_18	513.8165
layer_14_TB_19	515.4813
layer_14_TB_20	515.4292
layer_14_TB_21	513.5878
layer_14_TB_22	509.8446
layer_14_TB_23	504.5677
layer_14_TB_24	496.3899
layer_14_TB_25	501.1935
layer_14_TB_26	504.6611
layer_14_TB_27	506.2955
layer_14_TB_28	506.2687
layer_14_TB_29	504.5845
layer_14_TB_30	501.1181
layer_14_TB_31	496.2992
layer_15_B_160	475.8525
layer_15_B_161	480.8168
layer_15_B_162	484.2298
layer_15_B_163	485.8440
layer_15_B_164	485.8396
layer_15_B_165	484.1923
layer_15_B_166	480.7826
layer_15_B_167	475.8090
layer_15_B_168	482.7685
layer_15_B_169	488.2320
layer_15_B_170	492.0601
layer_15_B_171	493.7600
layer_15_B_172	493.7383
layer_15_B_173	491.9173
layer_15_B_174	488.1879
layer_15_B_175	482.6915
layer_15_B_176	483.9269
layer_15_B_177	489.3937
layer_15_B_178	493.2282
layer_15_B_179	494.8942
layer_15_B_180	494.8514
layer_15_B_181	493.0402
layer_15_B_182	489.3017
layer_15_B_183	483.7998
layer_15_B_184	476.3880
layer_15_B_185	481.3674
layer_15_B_186	484.7927
layer_15_B_187	486.3990
layer_15_B_188	486.3773
layer_15_B_189	484.7327
layer_15_B_190	481.3029
layer_15_B_191	476.3174
layer_16_TB_0	473.7456
layer_16_TB_1	478.7306
layer_16_TB_2	482.1388
layer_16_TB_3	483.7486
layer_16_TB_4	483.7430
layer_16_TB_5	482.1013
layer_16_TB_6	478.6966
layer_16_TB_7	473.7035
layer_16_TB_8	480.6106
layer_16_TB_9	486.1034
layer_16_TB_10	489.9286
layer_16_TB_11	491.6262
layer_16_TB_12	491.6053
layer_16_TB_13	489.7878
layer_16_TB_14	486.0605
layer_16_TB_15	480.5373
layer_16_TB_16	481.7448
layer_16_TB_17	487.2400
layer_16_TB_18	491.0718
layer_16_TB_19	492.7367
layer_16_TB_20	492.6948
layer_16_TB_21	490.8875
layer_16_TB_22	487.1509
layer_16_TB_23	481.6224
layer_16_TB_24	474.2711
layer_16_TB_25	479.2708
layer_16_TB_26	482.6899
layer_16_TB_27	484.2925
layer_16_TB_28	484.2713
layer_16_TB_29	482.6318
layer_16_TB_30	479.2075
layer_16_TB_31	474.2026
layer_17_B_192	452.6754
layer_17_B_193	457.8675
layer_17_B_194	461.2276
layer_17_B_195	462.7932
layer_17_B_196	462.7754
layer_17_B_197	461.1901
layer_17_B_198	457.8353
layer_17_B_199	452.6463
layer_17_B_200	459.0323
layer_17_B_201	464.8186
layer_17_B_202	468.6145
layer_17_B_203	470.2895
layer_17_B_204	470.2773
layer_17_B_205	468.4942
layer_17_B_206	464.7878
layer_17_B_207	458.9962
layer_17_B_208	459.9252
layer_17_B_209	465.7054
layer_17_B_210	469.5097
layer_17_B_211	471.1633
layer_17_B_212	471.1309
layer_17_B_213	469.3624
layer_17_B_214	465.6441
layer_17_B_215	459.8496
layer_17_B_216	453.1004
layer_17_B_217	458.3030
layer_17_B_218	461.6608
layer_17_B_219	463.2255
layer_17_B_220	463.2097
layer_17_B_221	461.6210
layer_17_B_222	458.2513
layer_17_B_223	453.0531
layer_18_TB_0	450.3135
layer_18_TB_1	455.5283
layer_18_TB_2	458.8808
layer_18_TB_3	460.4417
layer_18_TB_4	460.4239
layer_18_TB_5	458.8446
layer_18_TB_6	455.4975
layer_18_TB_7	450.2858
layer_18_TB_8	456.5238
layer_18_TB_9	462.3426
layer_18_TB_10	466.1314
layer_18_TB_11	467.8056
layer_18_TB_12	467.7934
layer_18_TB_13	466.0158
layer_18_TB_14	462.3117
layer_18_TB_15	456.4894
layer_18_TB_16	457.4202
layer_18_TB_17	463.2333
layer_18_TB_18	467.0317
layer_18_TB_19	468.6847
layer_18_TB_20	468.6534
layer_18_TB_21	466.8894
layer_18_TB_22	463.1743
layer_18_TB_23	457.3482
layer_18_TB_24	450.7265
layer_18_TB_25	455.9524
layer_18_TB_26	459.3026
layer_18_TB_27	460.8618
layer_18_TB_28	460.8467
layer_18_TB_29	459.2633
layer_18_TB_30	455.9023
layer_18_TB_31	450.6808
layer_19_B_224	426.6929
layer_19_B_225	432.1353
layer_19_B_226	435.4119
layer_19_B_227	436.9261
layer_19_B_228	436.9079
layer_19_B_229	435.3888
layer_19_B_230	432.1184
layer_19_B_231	426.6783
layer_19_B_232	431.4385
layer_19_B_233	437.5831
layer_19_B_234	441.3022
layer_19_B_235	442.9681
layer_19_B_236	442.9554
layer_19_B_237	441.2328
layer_19_B_238	437.5521
layer_19_B_239	431.4215
layer_19_B_240	432.3711
layer_19_B_241	438.5145
layer_19_B_242	442.2544
layer_19_B_243	443.9007
layer_19_B_244	443.8806
layer_19_B_245	442.1617
layer_19_B_246	438.4772
layer_19_B_247	432.3348
layer_19_B_248	426.9850
layer_19_B_249	432.4450
layer_19_B_250	435.7193
layer_19_B_251	437.2232
layer_19_B_252	437.2155
layer_19_B_253	435.6847
layer_19_B_254	432.4102
layer_19_B_255	426.9560
layer_20_TB_0	424.0930
layer_20_TB_1	429.5617
layer_20_TB_2	432.8271
layer_20_TB_3	434.3344
layer_20_TB_4	434.3174
layer_20_TB_5	432.8050
layer_20_TB_6	429.5454
layer_20_TB_7	424.0789
layer_20_TB_8	428.6554
layer_20_TB_9	434.8356
layer_20_TB_10	438.5462
layer_20_TB_11	440.2107
layer_20_TB_12	440.1986
layer_20_TB_13	438.4812
layer_20_TB_14	434.8060
layer_20_TB_15	428.6389
layer_20_TB_16	429.5177
layer_20_TB_17	435.6980
layer_20_TB_18	439.4280
layer_20_TB_19	441.0744
layer_20_TB_20	441.0554
layer_20_TB_21	439.3414
layer_20_TB_22	435.6624
layer_20_TB_23	429.4833
layer_20_TB_24	424.3710
layer_20_TB_25	429.8575
layer_20_TB_26	433.1212
layer_20_TB_27	434.6191
layer_20_TB_28	434.6116
layer_20_TB_29	433.0883
layer_20_TB_30	429.8244
layer_20_TB_31	424.3434
hsp_TB_0	398.0927
hsp_TB_1	403.8253
hsp_TB_2	406.9783
hsp_TB_3	408.4171
hsp_TB_4	408.4113
hsp_TB_5	406.9665
hsp_TB_6	403.8144
hsp_TB_7	398.0832
hsp_TB_8	400.8245
hsp_TB_9	407.3619
hsp_TB_10	410.9877
hsp_TB_11	412.6378
hsp_TB_12	412.6311
hsp_TB_13	410.9664
hsp_TB_14	407.3461
hsp_TB_15	400.8121
hsp_TB_16	400.9846
hsp_TB_17	407.5346
hsp_TB_18	411.1651
hsp_TB_19	412.8133
hsp_TB_20	412.8056
hsp_TB_21	411.1400
hsp_TB_22	407.5163
hsp_TB_23	400.9688
hsp_TB_24	398.2291
hsp_TB_25	403.9813
hsp_TB_26	407.1392
hsp_TB_27	408.5769
hsp_TB_28	408.5720
hsp_TB_29	407.1237
hsp_TB_30	403.9654
hsp_TB_31	398.2151
hsink_TB_0	388.4118
hsink_TB_1	393.3157
hsink_TB_2	396.2798
hsink_TB_3	397.6688
hsink_TB_4	397.6663
hsink_TB_5	396.2735
hsink_TB_6	393.3082
hsink_TB_7	388.4044
hsink_TB_8	390.1505
hsink_TB_9	395.7711
hsink_TB_10	399.1935
hsink_TB_11	400.8003
hsink_TB_12	400.7972
hsink_TB_13	399.1852
hsink_TB_14	395.7618
hsink_TB_15	390.1415
hsink_TB_16	390.1797
hsink_TB_17	395.8065
hsink_TB_18	399.2313
hsink_TB_19	400.8386
hsink_TB_20	400.8354
hsink_TB_21	399.2225
hsink_TB_22	395.7966
hsink_TB_23	390.1701
hsink_TB_24	388.4657
hsink_TB_25	393.3819
hsink_TB_26	396.3509
hsink_TB_27	397.7411
hsink_TB_28	397.7385
hsink_TB_29	396.3436
hsink_TB_30	393.3732
hsink_TB_31	388.4570
inode_0	374.2687
inode_1	374.2616
inode_2	377.9601
inode_3	377.8999
inode_4	374.0163
inode_5	374.0092
inode_6	377.7570
inode_7	377.6973
inode_8	366.1773
inode_9	366.1712
inode_10	368.3086
inode_11	368.2585
inode_12	559.7575
inode_13	559.7001
inode_14	557.2492
inode_15	557.0388
inode_16	559.6141
inode_17	559.5572
inode_18	557.2100
inode_19	556.9999
inode_20	533.8595
inode_21	533.8213
inode_22	550.0949
inode_23	549.9108
inode_24	462.0579
inode_25	462.0324
inode_26	463.7008
inode_27	463.5852
