C_0	C_1	C_2	C_3	C_4	C_5	C_6	C_7	C_8	C_9	C_10	C_11	C_12	C_13	C_14	C_15	C_16	C_17	C_18	C_19	C_20	C_21	C_22	C_23	C_24	C_25	C_26	C_27	C_28	C_29	C_30	C_31	
3.33341	3.32454	3.3239	3.32771	3.31002	3.31963	3.31902	3.31158	4.42815	4.42609	4.4289	4.42711	4.4263	4.42801	4.42704	4.42846	3.98126	3.98126	3.9819	3.98103	3.98112	3.98194	3.98194	3.98126	9.91424	9.91121	9.91167	9.91482	9.91181	9.90973	9.91164	9.90958	
3.3666	3.37675	3.40084	3.39192	3.37159	3.38737	3.37689	3.38181	4.45171	4.4511	4.45156	4.45097	4.44903	4.4487	4.44997	4.45015	3.89542	3.89541	3.89544	3.89544	3.89542	3.89546	3.89546	3.89541	7.72991	7.72892	7.7306	7.73117	7.72711	7.73028	7.73185	7.72705	
3.15656	3.32851	3.20341	3.35056	3.13442	3.15039	3.33952	3.35566	4.43151	4.43171	4.43561	4.43445	4.43212	4.43263	4.43222	4.43264	3.98168	3.98168	3.98585	3.98688	3.99636	3.99649	3.99651	3.99641	0.72988	0.72988	0.72988	0.72988	0.72988	0.72988	0.72988	0.72988	
3.29757	3.08741	3.20909	3.09936	3.37193	3.37288	3.0416	3.07993	4.43619	4.43588	4.40738	4.4056	4.43269	4.43255	4.43416	4.43464	3.94878	3.94878	3.94809	3.94789	3.97736	3.97756	3.97759	3.97736	0.72988	0.72988	0.72988	0.72988	0.72988	0.72988	0.72988	0.72988	
3.08893	3.11941	3.17114	3.15396	3.09877	3.10062	3.08212	3.17262	4.40575	4.40746	4.41763	4.41936	4.43571	4.43576	4.43579	4.43581	4.01391	4.01391	4.01455	4.01483	3.94089	3.94101	3.94101	3.94092	0.72988	0.72988	0.72988	0.72988	0.72988	0.72988	0.72988	0.72988	
3.12879	3.04159	3.13104	3.01641	3.13994	3.04201	2.99698	3.04348	4.41962	4.41767	4.42528	4.40357	4.40705	4.40659	4.40749	4.40608	3.95101	3.95101	3.94852	3.9477	4.00317	4.00328	4.00329	4.00319	0.72988	0.72988	0.72988	0.72988	0.72988	0.72988	0.72988	0.72988	
3.06106	3.21365	3.07275	3.13709	3.00534	3.00361	3.23019	3.24122	4.41269	4.41412	4.42475	4.42313	4.41762	4.41829	4.41779	4.41969	4.04454	4.04454	4.04631	4.0462	3.9524	3.95231	3.95231	3.95242	0.72988	0.72988	0.72988	0.72988	0.72988	0.72988	0.72988	0.72988	
3.19436	3.32638	3.24904	3.39404	3.16288	3.16191	3.24856	3.29105	4.42579	4.42464	4.43841	4.43708	4.41477	4.41347	4.4145	4.41421	4.01885	4.01884	4.0188	4.02075	3.94911	3.94881	3.9488	3.94904	0.72988	0.72988	0.72988	0.72988	0.72988	0.72988	0.72988	0.72988	
2.42652	3.41403	2.99735	3.19682	3.42589	3.42308	3.16228	3.13727	4.43846	4.43791	4.42568	4.42684	4.42474	4.42532	4.42418	4.42498	4.01191	4.01192	4.01219	4.01284	3.91986	3.91925	3.91925	3.91983	0.72988	0.72988	0.72988	0.72988	0.72988	0.72988	0.72988	0.72988	
3.30425	3.1458	3.24532	3.13349	3.06545	3.03381	3.16234	3.14621	4.42756	4.42775	4.43222	4.43164	4.43842	4.43772	4.43362	4.43515	1.13995	1.13995	1.15813	1.16819	0.72988	0.72988	0.72988	0.72988	0.72988	0.72988	0.72988	0.72988	0.72988	0.72988	0.72988	0.72988	
2.81186	3.17673	3.40134	2.34047	3.08955	3.11255	3.03701	3.01029	4.43321	4.43373	4.43834	4.44034	4.42544	4.4265	4.43266	4.43257	0.72988	0.72988	0.72988	0.72988	0.72988	0.72988	0.72988	0.72988	0.72988	0.72988	0.72988	0.72988	0.72988	0.72988	0.72988	0.72988	
3.15639	3.14016	3.06562	3.17531	3.03216	3.06018	3.03949	3.29515	4.44031	4.43955	4.44044	4.43746	4.43219	4.43271	4.43881	4.43854	0.72988	0.72988	0.72988	0.72988	0.72988	0.72988	0.72988	0.72988	0.72988	0.72988	0.72988	0.72988	0.72988	0.72988	0.72988	0.72988	
3.11419	3.41108	3.24764	3.44698	3.15523	3.17339	3.2133	3.26695	4.43779	4.37544	4.42989	4.43051	4.4399	4.44059	4.43885	4.43952	0.72988	0.72988	0.72988	0.72988	0.72988	0.72988	0.72988	0.72988	0.72988	0.72988	0.72988	0.72988	0.72988	0.72988	0.72988	0.72988	
3.09622	3.02686	3.31579	3.07951	3.4481	3.47347	3.27528	3.17072	4.42968	4.4292	4.43332	4.43362	4.43858	4.44008	4.43231	4.43183	0.72988	0.72988	0.72988	0.72988	0.72988	0.72988	0.72988	0.72988	0.72988	0.72988	0.72988	0.72988	0.72988	0.72988	0.72988	0.72988	
3.18467	3.3427	3.12548	3.18305	1.14453	3.87848	3.10445	3.15142	4.43242	4.43207	4.43425	4.43481	4.43159	4.42989	4.4359	4.43545	0.72988	0.72988	0.72988	0.72988	0.72988	0.72988	0.72988	0.72988	0.72988	0.72988	0.72988	0.72988	0.72988	0.72988	0.72988	0.72988	
2.19145	3.43626	3.13308	3.08732	3.0764	3.15496	3.07211	3.03557	4.43232	4.43188	4.42499	4.42394	4.43349	4.43175	4.43384	4.43413	0.72988	0.72988	0.72988	0.72988	0.72988	0.72988	0.72988	0.72988	0.72988	0.72988	0.72988	0.72988	0.72988	0.72988	0.72988	0.72988	
3.1781	3.06853	3.09583	3.12888	3.11657	3.05485	3.11655	3.16374	4.42396	4.4247	4.43859	4.44003	4.43647	4.43663	4.42644	4.42662	0.72988	0.72988	0.72988	0.72988	0.72988	0.72988	0.72988	0.72988	0.72988	0.72988	0.72988	0.72988	0.72988	0.72988	0.72988	0.72988	
3.13115	3.49543	3.25311	3.45085	3.09995	3.1354	3.18744	3.26771	4.43971	4.43815	4.43018	4.42916	4.42557	4.42568	4.44567	4.44535	0.72988	0.72988	0.72988	0.72988	0.72988	0.72988	0.72988	0.72988	0.72988	0.72988	0.72988	0.72988	0.72988	0.72988	0.72988	0.72988	
2.67594	3.27466	3.29879	3.07686	3.19182	3.42528	3.38758	3.25292	4.4273	4.42764	2.81587	2.76035	4.44345	4.44346	4.43114	4.43158	0.72988	0.72988	0.72988	0.72988	0.72988	0.72988	0.72988	0.72988	0.72988	0.72988	0.72988	0.72988	0.72988	0.72988	0.72988	0.72988	
2.24884	3.39261	3.22262	3.22522	3.43167	3.17693	2.42428	3.4851	4.42034	4.42213	0.72988	0.72988	4.43066	4.42977	4.42266	4.4225	0.72988	0.72988	0.72988	0.72988	0.72988	0.72988	0.72988	0.72988	0.72988	0.72988	0.72988	0.72988	0.72988	0.72988	0.72988	0.72988	
1.79446	3.83312	3.1176	3.11833	3.10295	3.12533	3.09003	3.09638	2.74725	2.81354	0.72988	0.72988	2.74687	2.74633	2.72243	2.72226	0.72988	0.72988	0.72988	0.72988	0.72988	0.72988	0.72988	0.72988	0.72988	0.72988	0.72988	0.72988	0.72988	0.72988	0.72988	0.72988	
3.16626	3.09457	3.09704	3.09562	3.07531	3.08499	3.16531	3.13164	0.72988	0.72988	0.72988	0.72988	0.72988	0.72988	0.72988	0.72988	0.72988	0.72988	0.72988	0.72988	0.72988	0.72988	0.72988	0.72988	0.72988	0.72988	0.72988	0.72988	0.72988	0.72988	0.72988	0.72988	
3.24174	3.46611	3.16629	3.35552	3.15508	3.08065	3.10677	3.20843	0.72988	0.72988	0.72988	0.72988	0.72988	0.72988	0.72988	0.72988	0.72988	0.72988	0.72988	0.72988	0.72988	0.72988	0.72988	0.72988	0.72988	0.72988	0.72988	0.72988	0.72988	0.72988	0.72988	0.72988	
3.15273	3.15262	3.27947	3.21759	3.16205	3.43993	3.46521	3.25881	0.72988	0.72988	0.72988	0.72988	0.72988	0.72988	0.72988	0.72988	0.72988	0.72988	0.72988	0.72988	0.72988	0.72988	0.72988	0.72988	0.72988	0.72988	0.72988	0.72988	0.72988	0.72988	0.72988	0.72988	
2.08354	3.4915	3.22867	3.20106	3.2596	3.35853	3.1712	3.19386	0.72988	0.72988	0.72988	0.72988	0.72988	0.72988	0.72988	0.72988	0.72988	0.72988	0.72988	0.72988	0.72988	0.72988	0.72988	0.72988	0.72988	0.72988	0.72988	0.72988	0.72988	0.72988	0.72988	0.72988	
3.06925	3.08169	3.1524	3.08234	3.08702	3.06021	3.08986	3.05773	0.72988	0.72988	0.72988	0.72988	0.72988	0.72988	0.72988	0.72988	0.72988	0.72988	0.72988	0.72988	0.72988	0.72988	0.72988	0.72988	0.72988	0.72988	0.72988	0.72988	0.72988	0.72988	0.72988	0.72988	
3.45285	3.28706	3.07394	3.07108	3.09213	3.04516	4.1521	0.72988	0.72988	0.72988	0.72988	0.72988	0.72988	0.72988	0.72988	0.72988	0.72988	0.72988	0.72988	0.72988	0.72988	0.72988	0.72988	0.72988	0.72988	0.72988	0.72988	0.72988	0.72988	0.72988	0.72988	0.72988	
3.12315	3.25116	3.07607	3.24162	3.51937	2.0275	3.14022	3.12664	0.72988	0.72988	0.72988	0.72988	0.72988	0.72988	0.72988	0.72988	0.72988	0.72988	0.72988	0.72988	0.72988	0.72988	0.72988	0.72988	0.72988	0.72988	0.72988	0.72988	0.72988	0.72988	0.72988	0.72988	
1.7474	3.27122	3.17053	3.25953	3.10982	3.45774	3.36489	3.22773	0.72988	0.72988	0.72988	0.72988	0.72988	0.72988	0.72988	0.72988	0.72988	0.72988	0.72988	0.72988	0.72988	0.72988	0.72988	0.72988	0.72988	0.72988	0.72988	0.72988	0.72988	0.72988	0.72988	0.72988	
3.05577	3.04568	3.38838	3.24119	3.40892	3.15649	3.24948	3.30567	0.72988	0.72988	0.72988	0.72988	0.72988	0.72988	0.72988	0.72988	0.72988	0.72988	0.72988	0.72988	0.72988	0.72988	0.72988	0.72988	0.72988	0.72988	0.72988	0.72988	0.72988	0.72988	0.72988	0.72988	
3.08403	3.08946	0.72988	2.53483	3.27168	3.262	3.1485	3.21663	0.72988	0.72988	0.72988	0.72988	0.72988	0.72988	0.72988	0.72988	0.72988	0.72988	0.72988	0.72988	0.72988	0.72988	0.72988	0.72988	0.72988	0.72988	0.72988	0.72988	0.72988	0.72988	0.72988	0.72988	
3.21216	3.21789	2.37735	3.39511	3.31612	2.47531	3.1721	2.62387	0.72988	0.72988	0.72988	0.72988	0.72988	0.72988	0.72988	0.72988	0.72988	0.72988	0.72988	0.72988	0.72988	0.72988	0.72988	0.72988	0.72988	0.72988	0.72988	0.72988	0.72988	0.72988	0.72988	0.72988	
3.30969	3.30498	3.16328	3.23607	3.00617	3.08241	3.2238	3.1266	0.72988	0.72988	0.72988	0.72988	0.72988	0.72988	0.72988	0.72988	0.72988	0.72988	0.72988	0.72988	0.72988	0.72988	0.72988	0.72988	0.72988	0.72988	0.72988	0.72988	0.72988	0.72988	0.72988	0.72988	
3.27859	3.36445	3.12669	3.25417	3.15302	3.3313	3.18907	3.07618	0.72988	0.72988	0.72988	0.72988	0.72988	0.72988	0.72988	0.72988	0.72988	0.72988	0.72988	0.72988	0.72988	0.72988	0.72988	0.72988	0.72988	0.72988	0.72988	0.72988	0.72988	0.72988	0.72988	0.72988	
3.05025	3.03058	3.11649	3.26929	3.32599	3.14233	3.32551	3.397	0.72988	0.72988	0.72988	0.72988	0.72988	0.72988	0.72988	0.72988	0.72988	0.72988	0.72988	0.72988	0.72988	0.72988	0.72988	0.72988	0.72988	0.72988	0.72988	0.72988	0.72988	0.72988	0.72988	0.72988	
3.03175	2.99975	3.3734	3.13627	3.30785	3.28456	3.07742	3.25046	0.72988	0.72988	0.72988	0.72988	0.72988	0.72988	0.72988	0.72988	0.72988	0.72988	0.72988	0.72988	0.72988	0.72988	0.72988	0.72988	0.72988	0.72988	0.72988	0.72988	0.72988	0.72988	0.72988	0.72988	
3.11826	3.12852	3.36712	2.50054	3.02193	3.09801	3.02606	2.99606	0.72988	0.72988	0.72988	0.72988	0.72988	0.72988	0.72988	0.72988	0.72988	0.72988	0.72988	0.72988	0.72988	0.72988	0.72988	0.72988	0.72988	0.72988	0.72988	0.72988	0.72988	0.72988	0.72988	0.72988	
3.29172	3.29176	3.07631	3.13608	3.06641	2.96433	3.10271	3.14962	0.72988	0.72988	0.72988	0.72988	0.72988	0.72988	0.72988	0.72988	0.72988	0.72988	0.72988	0.72988	0.72988	0.72988	0.72988	0.72988	0.72988	0.72988	0.72988	0.72988	0.72988	0.72988	0.72988	0.72988	
3.35119	3.24538	3.13506	3.35596	3.09497	3.27733	3.26506	3.08758	0.72988	0.72988	0.72988	0.72988	0.72988	0.72988	0.72988	0.72988	0.72988	0.72988	0.72988	0.72988	0.72988	0.72988	0.72988	0.72988	0.72988	0.72988	0.72988	0.72988	0.72988	0.72988	0.72988	0.72988	
3.0357	3.0714	3.21497	2.71849	3.32892	3.12225	3.27204	3.36237	0.72988	0.72988	0.72988	0.72988	0.72988	0.72988	0.72988	0.72988	0.72988	0.72988	0.72988	0.72988	0.72988	0.72988	0.72988	0.72988	0.72988	0.72988	0.72988	0.72988	0.72988	0.72988	0.72988	0.72988	
3.0266	3.09566	3.3668	3.22876	3.23786	3.24951	0.72988	4.26158	0.72988	0.72988	0.72988	0.72988	0.72988	0.72988	0.72988	0.72988	0.72988	0.72988	0.72988	0.72988	0.72988	0.72988	0.72988	0.72988	0.72988	0.72988	0.72988	0.72988	0.72988	0.72988	0.72988	0.72988	
1.69065	3.95636	3.11998	3.18726	3.08895	3.14223	3.05378	3.15568	0.72988	0.72988	0.72988	0.72988	0.72988	0.72988	0.72988	0.72988	0.72988	0.72988	0.72988	0.72988	0.72988	0.72988	0.72988	0.72988	0.72988	0.72988	0.72988	0.72988	0.72988	0.72988	0.72988	0.72988	
3.41287	3.12746	3.13074	3.11468	3.11833	3.03255	3.09649	3.07128	0.72988	0.72988	0.72988	0.72988	0.72988	0.72988	0.72988	0.72988	0.72988	0.72988	0.72988	0.72988	0.72988	0.72988	0.72988	0.72988	0.72988	0.72988	0.72988	0.72988	0.72988	0.72988	0.72988	0.72988	
2.9824	3.1236	3.73921	0.72988	3.14534	3.2657	3.17873	3.39788	0.72988	0.72988	0.72988	0.72988	0.72988	0.72988	0.72988	0.72988	0.72988	0.72988	0.72988	0.72988	0.72988	0.72988	0.72988	0.72988	0.72988	0.72988	0.72988	0.72988	0.72988	0.72988	0.72988	0.72988	
3.27017	3.21007	3.80302	2.19463	3.30436	3.15508	3.23366	3.01591	0.72988	0.72988	0.72988	0.72988	0.72988	0.72988	0.72988	0.72988	0.72988	0.72988	0.72988	0.72988	0.72988	0.72988	0.72988	0.72988	0.72988	0.72988	0.72988	0.72988	0.72988	0.72988	0.72988	0.72988	
3.17613	3.09135	3.07724	3.07656	3.16479	3.20806	3.58246	2.15668	0.72988	0.72988	0.72988	0.72988	0.72988	0.72988	0.72988	0.72988	0.72988	0.72988	0.72988	0.72988	0.72988	0.72988	0.72988	0.72988	0.72988	0.72988	0.72988	0.72988	0.72988	0.72988	0.72988	0.72988	
3.14798	3.2288	3.15274	3.16036	3.17184	3.05965	3.19071	3.14246	0.72988	0.72988	0.72988	0.72988	0.72988	0.72988	0.72988	0.72988	0.72988	0.72988	0.72988	0.72988	0.72988	0.72988	0.72988	0.72988	0.72988	0.72988	0.72988	0.72988	0.72988	0.72988	0.72988	0.72988	
3.36842	3.12699	3.22562	3.23322	3.1533	3.10767	3.12413	3.20066	0.72988	0.72988	0.72988	0.72988	0.72988	0.72988	0.72988	0.72988	0.72988	0.72988	0.72988	0.72988	0.72988	0.72988	0.72988	0.72988	0.72988	0.72988	0.72988	0.72988	0.72988	0.72988	0.72988	0.72988	
2.93936	3.06428	3.09359	3.08635	3.10643	3.18184	3.29759	3.11154	0.72988	0.72988	0.72988	0.72988	0.72988	0.72988	0.72988	0.72988	0.72988	0.72988	0.72988	0.72988	0.72988	0.72988	0.72988	0.72988	0.72988	0.72988	0.72988	0.72988	0.72988	0.72988	0.72988	0.72988	
3.2314	3.25693	3.32488	3.32934	3.29815	3.22744	3.18926	3.04754	0.72988	0.72988	0.72988	0.72988	0.72988	0.72988	0.72988	0.72988	0.72988	0.72988	0.72988	0.72988	0.72988	0.72988	0.72988	0.72988	0.72988	0.72988	0.72988	0.72988	0.72988	0.72988	0.72988	0.72988	
3.14183	3.18606	3.00692	3.1257	3.5499	1.90393	3.12182	2.99127	0.72988	0.72988	0.72988	0.72988	0.72988	0.72988	0.72988	0.72988	0.72988	0.72988	0.72988	0.72988	0.72988	0.72988	0.72988	0.72988	0.72988	0.72988	0.72988	0.72988	0.72988	0.72988	0.72988	0.72988	
3.18398	3.23552	3.1262	3.13885	3.21978	3.19935	3.27667	3.28211	0.72988	0.72988	0.72988	0.72988	0.72988	0.72988	0.72988	0.72988	0.72988	0.72988	0.72988	0.72988	0.72988	0.72988	0.72988	0.72988	0.72988	0.72988	0.72988	0.72988	0.72988	0.72988	0.72988	0.72988	
3.34641	1.35723	3.49052	2.68408	1.57515	3.98468	3.18604	3.25749	0.72988	0.72988	0.72988	0.72988	0.72988	0.72988	0.72988	0.72988	0.72988	0.72988	0.72988	0.72988	0.72988	0.72988	0.72988	0.72988	0.72988	0.72988	0.72988	0.72988	0.72988	0.72988	0.72988	0.72988	
4.0299	0.72988	3.16974	3.17434	3.20043	3.12809	3.29309	3.23186	0.72988	0.72988	0.72988	0.72988	0.72988	0.72988	0.72988	0.72988	0.72988	0.72988	0.72988	0.72988	0.72988	0.72988	0.72988	0.72988	0.72988	0.72988	0.72988	0.72988	0.72988	0.72988	0.72988	0.72988	
4.36837	0.72988	3.396	3.12478	3.17842	2.15473	1.25252	2.35932	0.72988	0.72988	0.72988	0.72988	0.72988	0.72988	0.72988	0.72988	0.72988	0.72988	0.72988	0.72988	0.72988	0.72988	0.72988	0.72988	0.72988	0.72988	0.72988	0.72988	0.72988	0.72988	0.72988	0.72988	
4.28155	0.72988	0.96734	1.91272	0.72988	0.72988	0.72988	0.72988	0.72988	0.72988	0.72988	0.72988	0.72988	0.72988	0.72988	0.72988	0.72988	0.72988	0.72988	0.72988	0.72988	0.72988	0.72988	0.72988	0.72988	0.72988	0.72988	0.72988	0.72988	0.72988	0.72988	0.72988	
