C_0	C_1	C_2	C_3	C_4	C_5	C_6	C_7	C_8	C_9	C_10	C_11	C_12	C_13	C_14	C_15	C_16	C_17	C_18	C_19	C_20	C_21	C_22	C_23	C_24	C_25	C_26	C_27	C_28	C_29	C_30	C_31	
68.34	69.23	69.23	68.38	69.16	70.51	70.50	69.14	69.65	71.00	71.00	69.67	68.94	69.82	69.82	68.90	66.38	67.27	67.24	66.42	67.16	68.43	68.39	67.09	67.13	68.43	68.39	67.09	66.36	67.17	67.15	66.29
68.38	69.28	69.29	68.48	69.17	70.44	70.43	69.11	69.65	70.96	70.96	69.72	69.13	69.98	69.98	69.03	66.20	67.12	67.11	66.28	66.87	68.07	68.06	66.79	66.80	68.07	68.05	66.82	66.16	66.94	66.93	66.05
68.16	69.06	69.08	68.31	68.92	70.11	70.10	68.84	69.39	70.64	70.64	69.48	69.00	69.83	69.83	68.87	66.11	67.05	67.04	66.23	66.71	67.85	67.84	66.61	66.60	67.83	67.83	66.66	66.06	66.80	66.79	65.92
68.39	69.29	69.31	68.57	69.13	70.27	70.26	69.02	69.57	70.80	70.81	69.70	69.30	70.11	70.11	69.13	66.06	67.00	67.01	66.21	66.61	67.69	67.68	66.49	66.45	67.66	67.65	66.54	65.99	66.71	66.69	65.83
68.18	69.07	69.09	68.39	68.90	69.99	69.97	68.76	69.57	70.77	70.52	69.48	69.14	69.93	69.92	68.94	66.03	66.98	66.98	66.20	66.54	67.57	67.56	66.40	66.35	67.52	67.52	66.45	65.95	66.64	66.62	65.77
68.40	69.30	69.32	68.64	69.11	70.16	70.15	68.95	69.55	70.73	70.71	69.70	69.40	70.19	70.17	69.18	66.01	66.96	66.97	66.20	66.49	67.48	67.46	66.33	66.27	67.41	67.42	66.39	65.92	66.59	66.57	65.72
68.19	69.08	69.11	68.46	68.89	69.90	69.88	68.72	69.29	70.44	70.44	69.48	69.23	69.99	69.98	68.98	66.00	66.95	66.96	66.21	66.45	67.40	67.39	66.27	66.20	67.33	67.33	66.34	65.91	66.55	66.53	65.68
68.42	69.31	69.34	68.70	69.11	70.09	70.07	68.92	69.49	70.63	70.63	69.71	69.49	70.24	70.23	69.22	65.99	66.95	66.96	66.22	66.43	67.34	67.32	66.23	66.15	67.25	67.26	66.31	65.90	66.52	66.50	65.66
68.21	69.09	69.13	68.51	68.89	69.83	69.81	68.68	69.24	70.36	70.62	69.73	69.30	70.04	70.02	69.02	65.99	66.94	66.96	66.23	66.41	67.29	67.27	66.19	66.10	67.19	67.20	66.28	65.89	66.49	66.47	65.64
68.43	69.32	69.36	68.76	69.11	70.03	70.00	68.88	69.45	70.56	70.61	69.75	69.56	70.28	70.26	69.25	65.99	66.94	66.96	66.25	66.40	67.25	67.22	66.17	66.07	67.13	67.15	66.26	65.89	66.48	66.45	65.62
68.22	69.10	69.14	68.56	68.90	69.78	69.75	68.65	69.21	70.30	70.34	69.51	69.37	70.07	70.04	69.04	65.98	66.94	66.96	66.27	66.40	67.21	67.18	66.14	66.03	67.08	67.10	66.24	65.90	66.46	66.44	65.61
68.44	69.33	69.37	68.81	69.12	69.98	69.95	68.86	69.42	70.50	70.54	69.74	69.62	70.31	70.28	69.28	65.98	66.94	66.97	66.28	66.39	67.17	67.15	66.12	66.00	67.04	67.05	66.22	65.90	66.45	66.42	65.60
68.23	69.10	69.15	68.61	68.91	69.73	69.70	68.62	69.18	70.25	70.28	69.52	69.42	70.10	70.06	69.06	65.98	66.94	66.97	66.30	66.39	67.14	67.11	66.10	65.98	66.99	67.01	66.21	65.90	66.43	66.40	65.59
68.45	69.33	69.38	68.85	69.13	69.93	69.90	68.83	69.40	70.46	70.50	69.76	69.67	70.34	70.30	69.29	65.98	66.94	66.97	66.31	66.39	67.12	67.08	66.08	65.95	66.95	66.98	66.20	65.91	66.42	66.39	65.58
68.24	69.11	69.16	68.65	68.92	69.69	69.65	68.60	69.16	70.21	70.25	69.54	69.47	70.12	70.08	69.08	65.98	66.93	66.97	66.33	66.39	67.09	67.05	66.06	65.93	66.92	66.94	66.19	65.91	66.41	66.38	65.57
68.46	69.33	69.39	68.89	69.14	69.89	69.85	68.81	69.38	70.42	70.46	69.77	69.72	70.35	70.31	69.31	65.98	66.93	66.97	66.34	66.39	67.07	67.03	66.04	65.90	66.88	66.91	66.18	65.92	66.40	66.36	65.56
68.24	69.11	69.17	68.69	68.93	69.65	69.61	68.58	69.15	70.17	70.22	69.56	69.52	70.13	70.09	69.09	65.98	66.92	66.96	66.35	66.39	67.04	67.00	66.03	65.88	66.84	66.88	66.17	65.92	66.39	66.35	65.55
68.46	69.33	69.40	68.93	69.16	69.86	69.82	68.79	69.36	70.39	70.44	69.80	69.76	70.37	70.32	69.32	65.98	66.92	66.96	66.37	66.40	67.02	66.98	66.02	65.86	66.81	66.85	66.16	65.93	66.38	66.33	65.54
68.25	69.11	69.18	68.73	68.94	69.62	69.57	68.56	69.13	70.14	70.19	69.58	69.55	70.14	70.09	69.10	65.97	66.91	66.96	66.38	66.40	67.01	66.96	66.00	65.84	66.78	66.82	66.16	65.93	66.37	66.32	65.53
68.47	69.33	69.41	68.97	69.17	69.84	69.78	68.77	69.35	70.36	70.42	69.82	69.80	70.38	70.32	69.33	65.97	66.90	66.96	66.39	66.40	66.99	66.94	65.99	65.82	66.75	66.79	66.15	65.93	66.36	66.31	65.53
68.25	69.11	69.18	68.76	68.96	69.59	69.54	68.54	69.12	70.11	70.17	69.60	69.59	70.15	70.09	69.10	65.97	66.90	66.95	66.40	66.41	66.97	66.91	65.98	65.80	66.72	66.76	66.14	65.94	66.35	66.30	65.52
68.47	69.33	69.41	69.00	69.19	69.81	69.75	68.76	69.34	70.33	70.40	69.84	69.83	70.38	70.32	69.33	65.96	66.89	66.95	66.41	66.41	66.96	66.90	65.96	65.78	66.69	66.74	66.14	65.94	66.34	66.28	65.51
68.26	69.11	69.19	68.80	68.97	69.57	69.51	68.53	69.11	70.09	70.41	69.87	69.62	70.16	70.09	69.11	65.96	66.88	66.94	66.42	66.41	66.94	66.88	65.95	65.76	66.67	66.71	66.13	65.94	66.33	66.27	65.50
68.47	69.33	69.42	69.03	69.20	69.78	69.71	68.74	69.32	70.30	70.41	69.89	69.86	70.38	70.31	69.33	65.95	66.87	66.94	66.43	66.42	66.93	66.86	65.94	65.75	66.64	66.69	66.13	65.95	66.32	66.26	65.49
68.26	69.10	69.20	68.82	68.98	69.55	69.47	68.51	69.09	70.07	70.16	69.66	69.65	70.16	70.08	69.10	65.95	66.86	66.93	66.43	66.42	66.91	66.84	65.93	65.73	66.61	66.67	66.12	65.95	66.31	66.24	65.48
68.47	69.33	69.42	69.06	69.21	69.76	69.69	68.72	69.31	70.28	70.38	69.89	69.89	70.39	70.31	69.33	65.94	66.85	66.93	66.44	66.43	66.90	66.83	65.92	65.71	66.59	66.65	66.12	65.95	66.30	66.23	65.47
68.26	69.10	69.20	68.85	69.00	69.53	69.45	68.50	69.08	70.05	70.14	69.67	69.68	70.16	70.07	69.10	65.93	66.84	66.92	66.45	66.43	66.89	66.81	65.91	65.70	66.56	66.63	66.11	65.95	66.29	66.22	65.46
68.47	69.32	69.42	69.08	69.22	69.74	69.66	68.71	69.29	70.26	70.35	69.90	69.91	70.38	70.29	69.32	65.93	66.83	66.91	66.45	66.44	66.88	66.79	65.90	65.68	66.54	66.60	66.11	65.96	66.28	66.21	65.46
68.26	69.10	69.21	68.88	69.01	69.51	69.42	68.48	69.07	70.03	70.12	69.69	69.70	70.15	70.06	69.10	65.92	66.82	66.91	66.46	66.44	66.87	66.78	65.89	65.66	66.52	66.58	66.10	65.96	66.28	66.19	65.45
68.47	69.32	69.43	69.11	69.24	69.73	69.64	68.70	69.29	70.24	70.35	69.93	69.94	70.38	70.29	69.32	65.92	66.81	66.90	66.47	66.44	66.86	66.77	65.88	65.65	66.49	66.57	66.10	65.96	66.27	66.18	65.44
68.25	69.09	69.21	68.90	69.02	69.49	69.39	68.47	69.06	70.00	70.11	69.70	69.72	70.15	70.05	69.09	65.91	66.80	66.89	66.47	66.45	66.85	66.75	65.87	65.63	66.47	66.55	66.10	65.96	66.26	66.17	65.43
68.37	69.29	69.34	69.12	69.14	69.60	69.59	68.67	69.27	70.22	70.33	69.94	69.95	70.37	70.27	69.30	65.90	66.79	66.89	66.48	66.45	66.84	66.74	65.86	65.62	66.45	66.53	66.09	65.96	66.25	66.16	65.42
68.14	69.07	69.11	68.91	68.92	69.35	69.36	68.44	69.04	69.98	70.09	69.72	69.74	70.14	70.03	69.08	65.89	66.78	66.88	66.48	66.46	66.83	66.72	65.85	65.61	66.43	66.51	66.09	65.96	66.24	66.14	65.41
68.42	69.16	69.33	69.01	69.25	69.66	69.42	68.52	69.26	70.20	70.30	69.94	69.97	70.36	70.25	69.29	65.89	66.77	66.87	66.48	66.46	66.82	66.71	65.84	65.59	66.41	66.49	66.09	65.96	66.23	66.13	65.40
68.20	68.92	69.10	68.79	69.04	69.44	69.17	68.28	69.03	69.96	70.06	69.71	69.75	70.13	70.01	69.06	65.88	66.76	66.86	66.49	66.46	66.81	66.70	65.83	65.58	66.39	66.48	66.08	65.96	66.22	66.12	65.39
68.32	69.15	69.30	69.03	69.14	69.53	69.39	68.52	69.23	70.16	70.29	69.95	69.99	70.35	70.23	69.28	65.87	66.74	66.85	66.49	66.47	66.80	66.69	65.83	65.56	66.37	66.46	66.08	65.97	66.21	66.11	65.39
68.09	68.92	69.07	68.82	68.91	69.28	69.15	68.30	69.00	69.93	70.06	69.74	69.77	70.12	70.00	69.06	65.86	66.73	66.85	66.50	66.47	66.79	66.67	65.82	65.55	66.35	66.45	66.07	65.97	66.21	66.10	65.38
68.32	69.10	69.28	68.99	69.15	69.47	69.32	68.45	69.22	70.15	70.29	69.96	69.99	70.33	70.21	69.26	65.86	66.72	66.84	66.50	66.48	66.79	66.66	65.81	65.54	66.33	66.43	66.07	65.97	66.20	66.09	65.37
68.09	68.87	69.05	68.76	68.93	69.23	69.08	68.21	68.99	69.91	70.05	69.74	69.77	70.10	69.97	69.03	65.84	66.71	66.83	66.50	66.48	66.77	66.65	65.80	65.52	66.31	66.41	66.07	65.97	66.19	66.07	65.36
68.27	69.16	69.24	69.04	69.09	69.42	69.40	68.51	69.21	70.13	70.28	69.98	70.01	70.33	70.19	69.25	65.84	66.70	66.82	66.51	66.48	66.77	66.64	65.79	65.51	66.30	66.40	66.07	65.97	66.18	66.06	65.35
68.05	68.94	69.01	68.83	68.86	69.18	69.18	68.30	68.98	69.89	70.04	69.76	69.78	70.09	69.96	69.02	65.83	66.69	66.82	66.51	66.48	66.76	66.62	65.78	65.50	66.28	66.39	66.06	65.97	66.17	66.05	65.34
68.32	69.22	69.32	69.19	69.16	69.47	69.40	68.54	69.20	70.12	70.28	70.00	70.02	70.32	70.17	69.24	65.82	66.68	66.81	66.51	66.49	66.75	66.61	65.77	65.49	66.26	66.37	66.06	65.97	66.17	66.04	65.33
68.11	69.01	69.11	68.99	68.95	69.25	69.18	68.32	68.97	69.89	70.05	69.79	69.80	70.09	69.94	69.01	65.81	66.66	66.80	66.51	66.49	66.74	66.60	65.77	65.47	66.24	66.36	66.06	65.97	66.16	66.03	65.33
67.96	69.27	69.21	69.13	69.31	69.60	69.35	68.46	69.19	70.11	70.26	70.01	70.03	70.32	70.16	69.23	65.80	66.65	66.79	66.52	66.49	66.74	66.59	65.76	65.46	66.23	66.35	66.05	65.97	66.15	66.02	65.32
67.70	69.05	68.98	68.92	69.11	69.39	69.12	68.23	68.97	69.88	70.03	69.80	69.82	70.09	70.18	69.25	65.79	66.64	66.79	66.52	66.49	66.73	66.58	65.75	65.45	66.21	66.33	66.05	65.97	66.14	66.01	65.31
68.31	69.15	69.31	69.11	69.17	69.43	69.33	68.44	69.18	70.10	70.26	70.03	70.06	70.32	70.19	69.26	65.79	66.63	66.78	66.52	66.50	66.72	66.57	65.74	65.44	66.20	66.32	66.05	65.97	66.14	66.00	65.30
68.13	68.91	69.10	68.89	68.94	69.19	69.10	68.22	68.95	69.86	70.03	69.81	69.84	70.09	69.94	69.01	65.78	66.62	66.77	66.52	66.50	66.72	66.56	65.74	65.43	66.18	66.31	66.04	65.97	66.13	65.99	65.29
68.12	69.14	69.40	68.74	69.17	69.43	69.25	68.36	69.17	70.08	70.26	70.04	70.06	70.31	70.15	69.22	65.77	66.61	66.77	66.52	66.50	66.71	66.55	65.73	65.41	66.17	66.30	66.04	65.97	66.12	65.98	65.28
67.88	68.91	69.19	68.48	68.95	69.20	69.01	68.13	68.94	69.85	70.03	69.82	69.84	70.07	69.91	68.99	65.76	66.60	66.76	66.52	66.50	66.70	66.54	65.72	65.40	66.15	66.28	66.04	65.97	66.11	65.97	65.28
68.25	69.11	69.26	69.08	69.14	69.40	69.22	68.47	69.16	70.07	70.26	70.05	70.07	70.30	70.13	69.21	65.75	66.59	66.75	66.53	66.50	66.70	66.53	65.71	65.39	66.14	66.27	66.04	65.96	66.11	65.96	65.27
68.05	68.88	69.02	68.89	68.92	69.16	68.99	68.26	68.93	69.84	70.02	69.83	69.85	70.07	69.89	68.98	65.74	66.58	66.74	66.53	66.51	66.69	66.52	65.70	65.38	66.12	66.26	66.03	65.96	66.10	65.95	65.26
68.25	69.22	69.32	69.26	69.20	69.43	69.28	68.46	69.15	70.03	70.24	70.06	70.08	70.29	70.11	69.19	65.74	66.57	66.74	66.53	66.51	66.69	66.51	65.70	65.37	66.11	66.25	66.03	65.96	66.09	65.94	65.25
68.02	69.01	69.10	69.07	68.98	69.21	69.06	68.23	68.91	69.79	70.00	69.83	69.86	70.06	69.87	68.96	65.73	66.56	66.73	66.53	66.51	66.68	66.50	65.69	65.36	66.09	66.24	66.03	65.96	66.09	65.93	65.25
68.23	69.06	69.36	69.14	69.36	69.58	69.31	68.41	69.13	70.03	70.24	70.07	70.09	70.29	70.09	69.18	65.72	66.55	66.72	66.53	66.51	66.67	66.49	65.68	65.35	66.08	66.23	66.03	65.96	66.08	65.92	65.24
68.02	68.81	69.15	68.91	69.16	69.37	69.09	68.18	68.91	69.80	70.01	69.85	69.87	70.06	69.86	68.95	65.71	66.54	66.72	66.53	66.51	66.67	66.48	65.67	65.34	66.07	66.22	66.02	65.96	66.07	65.91	65.23
68.27	69.17	69.28	69.18	68.30	69.79	69.23	68.38	69.12	70.03	70.23	70.08	70.10	70.28	70.08	69.17	65.70	66.53	66.71	66.53	66.51	66.66	66.47	65.67	65.33	66.05	66.21	66.02	65.96	66.07	65.90	65.22
68.05	68.95	69.05	68.96	67.95	69.58	68.99	68.15	68.89	69.79	70.00	69.85	69.86	70.04	69.84	68.93	65.69	66.51	66.70	66.53	66.51	66.66	66.46	65.66	65.32	66.04	66.20	66.02	65.96	66.06	65.89	65.21
67.80	69.23	69.27	69.15	69.03	69.48	69.19	68.31	69.11	70.01	70.22	70.08	70.10	70.27	70.06	69.15	65.69	66.51	66.70	66.53	66.52	66.65	66.46	65.65	65.31	66.03	66.19	66.02	65.96	66.05	65.88	65.21
67.52	69.01	69.05	68.92	68.88	69.22	68.95	68.07	68.88	69.78	69.99	69.86	69.87	70.04	69.83	68.92	65.68	66.50	66.69	66.53	66.52	66.65	66.45	65.64	65.30	66.01	66.18	66.01	65.96	66.05	65.87	65.20
68.17	69.06	69.25	69.17	69.16	69.38	69.18	68.34	69.09	70.00	70.22	70.10	70.10	70.27	70.04	69.13	65.67	66.49	66.68	66.54	66.52	66.64	66.44	65.64	65.29	66.00	66.17	66.01	65.96	66.04	65.86	65.19
67.99	68.81	69.02	68.95	68.96	69.14	68.96	68.13	68.86	69.76	69.99	69.87	69.88	70.03	69.81	68.91	65.66	66.48	66.68	66.54	66.52	66.63	66.43	65.63	65.28	65.99	66.16	66.01	65.95	66.04	65.86	65.18
68.20	69.23	69.32	69.33	69.19	69.39	69.21	68.39	69.09	69.99	70.21	70.10	70.11	70.25	70.04	69.13	65.65	66.47	66.67	66.54	66.52	66.63	66.42	65.62	65.27	65.98	66.15	66.00	65.95	66.03	65.85	65.18
67.99	69.02	69.11	69.14	68.98	69.16	68.98	68.17	68.86	69.76	70.23	70.12	69.88	70.02	69.80	68.90	65.64	66.46	66.66	66.54	66.52	66.62	66.41	65.61	65.26	65.97	66.14	66.00	65.95	66.02	65.84	65.17
67.99	69.14	69.35	69.19	69.25	69.51	69.29	68.38	69.07	69.97	69.47	69.35	70.12	70.25	70.02	69.11	65.64	66.45	66.66	66.53	66.52	66.62	66.40	65.61	65.25	65.95	66.13	66.00	65.95	66.02	65.83	65.16
67.75	68.91	69.13	68.95	69.04	69.30	69.08	68.16	68.84	69.74	69.13	69.01	69.89	70.02	69.78	68.88	65.63	66.44	66.64	66.53	66.52	66.61	66.40	65.60	65.24	65.94	66.12	66.00	65.95	66.01	65.82	65.15
67.74	69.18	69.30	69.23	69.38	69.42	68.84	68.48	69.05	69.95	68.30	68.21	70.12	70.24	70.00	69.09	65.62	66.43	66.63	66.52	66.52	66.61	66.39	65.59	65.23	65.93	66.12	65.99	65.95	66.01	65.81	65.15
67.49	68.96	69.06	69.00	69.18	69.18	68.56	68.27	68.82	69.71	67.92	67.84	70.13	70.25	69.76	68.86	65.61	66.42	66.61	66.51	66.52	66.60	66.38	65.58	65.22	65.92	66.11	65.99	65.95	66.00	65.81	65.14
67.46	69.38	69.23	69.17	69.26	69.37	69.06	68.30	68.23	69.16	68.05	67.97	69.34	69.45	69.17	68.27	65.60	66.40	66.59	66.50	66.52	66.60	66.37	65.57	65.21	65.91	66.10	65.99	65.95	66.00	65.80	65.13
67.20	69.17	68.98	68.93	69.01	69.13	68.85	68.05	67.91	68.83	67.77	67.70	69.00	69.11	68.83	67.94	65.59	66.39	66.58	66.48	66.51	66.59	66.35	65.56	65.20	65.90	66.09	65.98	65.94	65.99	65.79	65.13
68.03	69.05	69.18	69.14	69.21	69.31	69.10	68.26	67.11	68.00	67.94	67.87	68.20	68.31	68.04	67.15	65.57	66.37	66.56	66.48	66.50	66.57	66.34	65.54	65.19	65.89	66.08	65.98	65.94	65.98	65.78	65.12
67.87	68.77	68.95	68.91	68.97	69.07	68.87	68.03	66.97	67.86	67.92	67.86	68.06	68.16	67.90	67.01	65.55	66.35	66.55	66.47	66.49	66.55	66.32	65.53	65.18	65.88	66.07	65.98	65.94	65.98	65.77	65.11
68.13	69.13	69.19	69.24	69.21	69.27	69.05	68.26	66.89	67.77	67.90	67.85	67.99	68.08	67.82	66.93	65.53	66.33	66.54	66.46	66.48	66.54	66.30	65.51	65.18	65.87	66.06	65.97	65.94	65.97	65.76	65.10
67.93	68.92	68.97	69.03	68.99	69.04	68.81	68.03	66.83	67.71	67.89	67.83	67.93	68.01	67.75	66.87	65.52	66.31	66.53	66.45	66.47	66.52	66.28	65.49	65.17	65.85	66.05	65.97	65.94	65.97	65.76	65.10
68.10	68.98	69.23	69.19	69.21	69.41	69.19	68.26	66.79	67.67	67.87	67.82	67.90	67.97	67.71	66.83	65.50	66.29	66.51	66.45	66.46	66.51	66.26	65.48	65.16	65.84	66.04	65.97	65.93	65.96	65.75	65.09
67.88	68.73	69.01	68.97	68.98	69.20	68.97	68.03	66.76	67.64	67.86	67.81	67.87	67.94	67.68	66.80	65.48	66.28	66.50	66.44	66.45	66.50	66.25	65.46	65.15	65.83	66.04	65.96	65.93	65.95	65.74	65.08
67.58	69.10	69.21	69.18	69.24	69.38	69.05	68.21	66.74	67.61	67.84	67.81	67.85	67.92	67.65	66.77	65.47	66.26	66.49	66.44	66.44	66.48	66.23	65.45	65.14	65.82	66.03	65.96	65.93	65.95	65.73	65.07
67.29	68.88	68.98	68.95	69.02	69.15	68.81	67.97	66.71	67.59	67.83	67.80	67.84	67.90	67.63	66.75	65.46	66.25	66.49	66.43	66.44	66.47	66.22	65.44	65.13	65.81	66.02	65.96	65.92	65.94	65.72	65.06
67.94	68.90	69.16	69.11	69.16	69.23	68.97	68.11	66.70	67.57	67.82	67.79	67.83	67.88	67.61	66.73	65.45	66.23	66.48	66.43	66.43	66.46	66.21	65.43	65.12	65.80	66.01	65.95	65.92	65.94	65.71	65.06
67.75	68.65	68.93	68.88	68.93	68.98	68.73	67.88	66.68	67.55	67.81	67.78	67.82	67.86	67.59	66.72	65.43	66.22	66.47	66.43	66.42	66.45	66.19	65.41	65.11	65.79	66.00	65.95	65.92	65.93	65.70	65.05
68.15	68.95	69.10	69.09	69.14	69.18	69.44	66.97	66.67	67.54	67.80	67.78	67.81	67.85	67.57	66.70	65.42	66.21	66.46	66.42	66.42	66.44	66.18	65.40	65.10	65.78	66.00	65.95	65.92	65.92	65.70	65.04
67.97	68.73	68.87	68.87	68.92	68.94	69.27	66.61	66.66	67.52	67.79	67.77	67.80	67.83	67.56	66.67	65.41	66.20	66.45	66.42	66.42	66.44	66.17	65.39	65.09	65.77	65.99	65.94	65.91	65.92	65.69	65.03
68.04	68.93	69.08	69.16	69.33	68.67	69.02	67.88	66.64	67.51	67.78	67.76	67.79	67.82	67.54	66.66	65.40	66.19	66.44	66.41	66.41	66.43	66.16	65.38	65.08	65.76	65.98	65.94	65.91	65.91	65.68	65.03
67.81	68.70	68.86	68.95	69.13	68.38	68.75	67.75	66.63	67.50	67.77	67.76	67.78	67.80	67.53	66.65	65.39	66.17	66.43	66.41	66.41	66.42	66.15	65.37	65.07	65.75	65.97	65.93	65.91	65.91	65.67	65.02
67.35	68.92	69.12	69.18	69.17	69.24	69.05	68.04	66.62	67.48	67.76	67.75	67.78	67.79	67.52	66.64	65.38	66.16	66.42	66.40	66.40	66.41	66.14	65.36	65.07	65.74	65.97	65.93	65.90	65.90	65.66	65.01
67.05	68.69	68.90	68.96	68.93	69.08	68.83	67.85	66.60	67.47	67.75	67.75	67.77	67.78	67.50	66.62	65.37	66.15	66.42	66.40	66.40	66.40	66.13	65.35	65.06	65.73	65.96	65.93	65.90	65.89	65.66	65.00
67.84	68.79	69.22	69.18	69.28	69.17	68.98	68.11	66.59	67.46	67.74	67.74	67.77	67.77	67.49	66.62	65.36	66.14	66.41	66.40	66.39	66.40	66.12	65.34	65.05	65.72	65.95	65.92	65.90	65.89	65.65	65.00
67.66	68.55	69.00	68.95	69.07	68.95	68.75	67.91	66.58	67.44	67.73	67.74	67.76	67.77	67.48	66.61	65.35	66.13	66.40	66.39	66.39	66.39	66.11	65.34	65.04	65.71	65.94	65.92	65.90	65.88	65.64	64.99
67.90	68.78	67.96	68.83	69.23	69.21	68.91	68.08	66.57	67.43	67.72	67.73	67.75	67.76	67.46	66.60	65.34	66.12	66.39	66.39	66.39	66.38	66.10	65.33	65.03	65.70	65.94	65.92	65.89	65.88	65.63	64.98
67.70	68.54	67.58	68.56	69.00	68.99	68.67	67.86	66.56	67.42	67.70	67.72	67.75	67.75	67.45	66.59	65.33	66.11	66.38	66.38	66.38	66.37	66.09	65.32	65.02	65.69	65.93	65.91	65.89	65.87	65.62	64.98
67.97	68.81	68.50	69.17	69.24	68.84	68.89	67.78	66.55	67.41	67.69	67.72	67.74	67.74	67.44	66.58	65.32	66.10	66.37	66.38	66.38	66.36	66.08	65.31	65.01	65.68	65.92	65.91	65.89	65.86	65.62	64.97
67.77	68.59	68.32	68.98	69.01	68.57	68.65	67.53	66.54	67.40	67.68	67.71	67.74	67.73	67.42	66.56	65.31	66.09	66.37	66.37	66.37	66.36	66.07	65.30	65.01	65.67	65.91	65.90	65.88	65.86	65.61	64.96
68.03	68.85	68.92	69.14	69.08	69.04	68.89	67.95	66.53	67.39	67.67	67.71	67.73	67.72	67.41	66.55	65.30	66.08	66.36	66.37	66.37	66.35	66.06	65.29	65.00	65.66	65.91	65.90	65.88	65.85	65.60	64.95
67.82	68.63	68.75	68.92	68.84	68.84	68.66	67.75	66.52	67.37	67.66	67.70	67.72	67.71	67.40	66.54	65.29	66.07	66.35	66.36	66.36	66.34	66.05	65.28	64.99	65.65	65.90	65.90	65.88	65.85	65.59	64.95
68.02	68.88	68.98	69.15	69.12	69.18	68.86	67.94	66.51	67.36	67.66	67.70	67.72	67.70	67.39	66.53	65.29	66.06	66.34	66.36	66.36	66.33	66.04	65.27	64.98	65.64	65.89	65.89	65.87	65.84	65.59	64.94
67.80	68.65	68.77	68.92	68.90	68.97	68.63	67.72	66.50	67.35	67.65	67.70	67.71	67.69	67.38	66.52	65.28	66.05	66.33	66.35	66.35	66.33	66.03	65.26	64.97	65.64	65.88	65.89	65.87	65.83	65.58	64.93
67.90	68.71	68.99	69.15	69.20	69.10	68.90	68.08	66.50	67.34	67.65	67.69	67.71	67.68	67.37	66.51	65.27	66.04	66.32	66.35	66.35	66.32	66.02	65.25	64.97	65.63	65.88	65.88	65.87	65.83	65.57	64.93
67.66	68.46	68.77	68.93	68.98	68.87	68.68	67.87	66.49	67.33	67.64	67.69	67.70	67.67	67.36	66.50	65.26	66.03	66.32	66.34	66.34	66.31	66.01	65.25	64.96	65.62	65.87	65.88	65.86	65.82	65.56	64.92
67.86	68.66	69.12	69.09	69.21	69.16	68.78	68.03	66.48	67.32	67.63	67.68	67.70	67.67	67.35	66.49	65.25	66.02	66.31	66.34	66.34	66.30	66.00	65.24	64.95	65.61	65.86	65.88	65.86	65.82	65.55	64.91
67.63	68.42	68.90	68.86	68.98	68.93	68.54	67.80	66.47	67.31	67.63	67.68	67.69	67.66	67.33	66.48	65.24	66.01	66.30	66.33	66.33	66.30	65.99	65.23	64.94	65.60	65.85	65.87	65.85	65.81	65.55	64.90
67.87	68.69	69.13	68.77	69.06	69.06	68.72	67.89	66.46	67.30	67.62	67.67	67.69	67.65	67.32	66.48	65.23	66.00	66.29	66.33	66.33	66.29	65.98	65.22	64.93	65.59	65.85	65.87	65.85	65.80	65.54	64.90
67.65	68.47	68.90	68.51	68.82	68.83	68.48	67.65	66.45	67.29	67.61	67.66	67.68	67.64	67.31	66.46	65.22	65.99	66.29	66.33	66.33	66.28	65.97	65.21	64.92	65.58	65.84	65.86	65.85	65.80	65.53	64.89
67.95	68.76	68.99	69.00	69.05	68.97	68.72	67.92	66.44	67.28	67.61	67.66	67.67	67.63	67.30	66.46	65.21	65.98	66.28	66.32	66.32	66.27	65.96	65.20	64.92	65.57	65.83	65.86	65.84	65.79	65.52	64.88
67.73	68.54	68.74	68.80	68.81	68.73	68.49	67.70	66.43	67.27	67.60	67.65	67.67	67.62	67.29	66.45	65.20	65.97	66.27	66.32	66.32	66.27	65.95	65.19	64.91	65.56	65.83	65.85	65.84	65.79	65.52	64.88
67.97	68.73	68.98	69.13	69.04	69.08	68.78	67.87	66.42	67.26	67.59	67.65	67.66	67.61	67.28	66.44	65.20	65.96	66.26	66.31	66.31	66.26	65.95	65.19	64.90	65.55	65.82	65.85	65.83	65.78	65.51	64.87
67.76	68.51	68.76	68.93	68.82	68.88	68.57	67.65	66.41	67.25	67.58	67.64	67.66	67.61	67.27	66.43	65.19	65.95	66.26	66.30	66.31	66.25	65.94	65.18	64.89	65.55	65.81	65.84	65.83	65.77	65.50	64.86
67.82	68.64	69.01	68.85	69.15	69.02	68.78	67.99	66.40	67.24	67.57	67.64	67.65	67.60	67.26	66.42	65.18	65.94	66.25	66.30	66.30	66.24	65.93	65.17	64.89	65.54	65.81	65.84	65.83	65.77	65.49	64.85
67.58	68.40	68.78	68.59	68.93	68.79	68.56	67.78	66.40	67.23	67.57	67.63	67.65	67.59	67.25	66.41	65.17	65.93	66.24	66.29	66.30	66.24	65.92	65.16	64.88	65.53	65.80	65.84	65.82	65.76	65.49	64.85
67.78	68.62	69.07	69.04	69.12	69.06	67.56	68.43	66.39	67.22	67.56	67.63	67.64	67.58	67.24	66.40	65.16	65.92	66.23	66.29	66.29	66.23	65.91	65.15	64.87	65.52	65.79	65.83	65.82	65.76	65.48	64.84
67.56	68.40	68.86	68.84	68.89	68.84	67.19	68.26	66.38	67.21	67.55	67.62	67.64	67.57	67.22	66.40	65.15	65.91	66.23	66.28	66.29	66.22	65.90	65.14	64.86	65.51	65.78	65.83	65.81	65.75	65.47	64.83
67.12	69.01	68.96	69.04	69.04	69.00	68.43	67.97	66.37	67.21	67.55	67.62	67.63	67.57	67.21	66.39	65.14	65.90	66.22	66.28	66.28	66.21	65.89	65.14	64.85	65.50	65.78	65.82	65.81	65.74	65.46	64.83
66.83	68.84	68.73	68.83	68.81	68.77	68.29	67.70	66.35	67.20	67.54	67.61	67.62	67.56	67.20	66.38	65.14	65.89	66.21	66.27	66.28	66.21	65.88	65.13	64.85	65.49	65.77	65.82	65.80	65.74	65.46	64.82
67.81	68.67	68.94	69.01	69.03	68.93	68.56	67.84	66.34	67.19	67.53	67.61	67.62	67.55	67.19	66.37	65.13	65.88	66.20	66.27	66.27	66.20	65.87	65.12	64.84	65.49	65.76	65.81	65.80	65.73	65.45	64.81
67.66	68.42	68.71	68.78	68.80	68.70	68.36	67.61	66.34	67.18	67.52	67.60	67.61	67.54	67.18	66.36	65.12	65.87	66.20	66.26	66.27	66.19	65.86	65.11	64.83	65.48	65.76	65.81	65.80	65.73	65.44	64.81
67.69	68.61	69.21	67.85	69.03	69.02	68.62	67.96	66.33	67.17	67.52	67.59	67.61	67.53	67.17	66.35	65.11	65.86	66.19	66.26	66.26	66.19	65.85	65.10	64.82	65.47	65.75	65.80	65.79	65.72	65.43	64.80
67.47	68.38	69.01	67.50	68.80	68.80	68.41	67.75	66.32	67.16	67.51	67.58	67.60	67.53	67.17	66.34	65.10	65.85	66.18	66.25	66.26	66.18	65.85	65.10	64.82	65.46	65.74	65.80	65.79	65.71	65.43	64.79
67.81	68.63	69.27	68.33	69.09	68.97	68.65	67.78	66.31	67.15	67.51	67.57	67.60	67.52	67.16	66.33	65.09	65.85	66.17	66.25	66.25	66.17	65.84	65.09	64.81	65.45	65.74	65.79	65.78	65.71	65.42	64.78
67.61	68.40	69.06	68.15	68.87	68.74	68.43	67.54	66.31	67.14	67.50	67.56	67.59	67.51	67.15	66.33	65.09	65.84	66.17	66.24	66.24	66.16	65.83	65.08	64.80	65.45	65.73	65.79	65.78	65.70	65.41	64.78
67.78	68.56	68.94	68.79	69.03	68.98	68.81	67.33	66.30	67.13	67.49	67.56	67.59	67.50	67.14	66.31	65.08	65.83	66.16	66.24	66.24	66.16	65.82	65.07	64.79	65.44	65.72	65.78	65.77	65.70	65.40	64.77
67.56	68.33	68.68	68.63	68.80	68.75	68.61	67.05	66.29	67.12	67.48	67.55	67.58	67.50	67.14	66.30	65.07	65.82	66.15	66.23	66.23	66.15	65.81	65.07	64.79	65.43	65.72	65.78	65.77	65.69	65.40	64.76
67.75	68.60	68.91	68.92	69.01	68.90	68.65	67.69	66.29	67.12	67.48	67.55	67.57	67.49	67.13	66.29	65.06	65.81	66.14	66.23	66.23	66.14	65.80	65.06	64.78	65.42	65.71	65.77	65.76	65.68	65.39	64.76
67.53	68.38	68.68	68.72	68.79	68.66	68.41	67.51	66.28	67.11	67.47	67.55	67.57	67.48	67.12	66.28	65.05	65.80	66.14	66.22	66.22	66.14	65.80	65.05	64.77	65.41	65.70	65.77	65.76	65.68	65.38	64.75
67.85	68.54	68.93	68.98	69.00	68.89	68.58	67.76	66.27	67.10	67.46	67.55	67.56	67.47	67.11	66.28	65.05	65.79	66.13	66.22	66.22	66.13	65.79	65.04	64.76	65.41	65.70	65.76	65.75	65.67	65.38	64.74
67.64	68.31	68.70	68.77	68.77	68.67	68.35	67.56	66.26	67.09	67.45	67.54	67.56	67.47	67.10	66.27	65.04	65.78	66.12	66.21	66.21	66.12	65.78	65.03	64.76	65.40	65.69	65.76	65.75	65.66	65.37	64.74
67.65	68.49	68.85	68.92	68.96	68.91	68.63	67.73	66.26	67.08	67.45	67.54	67.55	67.46	67.09	66.26	65.03	65.78	66.12	66.21	66.21	66.12	65.77	65.03	64.75	65.39	65.68	65.75	65.75	65.66	65.36	64.73
67.41	68.26	68.62	68.70	68.74	68.69	68.42	67.51	66.25	67.07	67.44	67.53	67.55	67.45	67.08	66.26	65.02	65.77	66.11	66.20	66.20	66.11	65.76	65.02	64.74	65.38	65.68	65.75	65.74	65.65	65.35	64.72
67.74	68.56	68.94	69.03	69.04	68.93	68.58	67.68	66.24	67.06	67.43	67.53	67.54	67.44	67.08	66.25	65.02	65.76	66.10	66.20	66.20	66.10	65.75	65.01	64.74	65.37	65.67	65.74	65.74	65.65	65.35	64.72
67.53	68.34	68.73	68.82	68.83	68.71	68.35	67.46	66.23	67.05	67.42	67.52	67.54	67.44	67.07	66.24	65.01	65.75	66.09	66.19	66.19	66.09	65.75	65.00	64.73	65.37	65.66	65.74	65.73	65.64	65.34	64.71
67.70	68.52	68.79	68.94	69.17	68.29	68.52	67.64	66.22	67.05	67.42	67.52	67.53	67.43	67.06	66.23	65.00	65.74	66.09	66.18	66.19	66.09	65.74	65.00	64.72	65.36	65.66	65.73	65.73	65.63	65.33	64.70
67.48	68.30	68.55	68.71	68.96	67.99	68.29	67.41	66.22	67.04	67.41	67.51	67.53	67.42	67.05	66.22	64.99	65.73	66.08	66.18	66.18	66.08	65.73	64.99	64.72	65.35	65.65	65.73	65.72	65.63	65.33	64.70
67.71	68.53	68.82	68.93	69.03	68.78	68.57	67.76	66.21	67.03	67.40	67.51	67.52	67.41	67.04	66.22	64.99	65.73	66.07	66.17	66.18	66.07	65.72	64.98	64.71	65.34	65.64	65.72	65.72	65.62	65.32	64.69
67.49	68.31	68.60	68.71	68.79	68.61	68.36	67.55	66.20	67.02	67.39	67.50	67.52	67.40	67.03	66.21	64.98	65.72	66.07	66.17	66.17	66.07	65.71	64.97	64.70	65.34	65.64	65.72	65.71	65.62	65.31	64.68
67.77	67.63	68.98	68.70	68.21	69.21	68.53	67.75	66.20	67.01	67.39	67.50	67.51	67.40	67.02	66.20	64.97	65.71	66.06	66.16	66.17	66.06	65.71	64.97	64.69	65.33	65.63	65.71	65.71	65.61	65.30	64.68
67.55	67.29	68.77	68.45	67.89	69.04	68.30	67.53	66.19	67.00	67.38	67.49	67.50	67.39	67.02	66.20	64.96	65.70	66.05	66.16	66.16	66.05	65.70	64.96	64.69	65.32	65.62	65.71	65.70	65.60	65.30	64.67
68.09	67.15	68.84	68.88	68.82	68.88	68.56	67.73	66.18	66.98	67.38	67.49	67.49	67.39	67.01	66.19	64.96	65.69	66.05	66.15	66.15	66.05	65.69	64.95	64.68	65.31	65.62	65.70	65.70	65.60	65.29	64.66
67.91	66.86	68.60	68.68	68.66	68.63	68.34	67.51	66.18	66.97	67.37	67.48	67.48	67.38	67.00	66.18	64.95	65.68	66.04	66.15	66.15	66.04	65.68	64.95	64.67	65.31	65.61	65.70	65.69	65.59	65.28	64.66
68.30	67.02	68.91	68.88	68.89	68.36	67.58	67.30	66.17	66.95	67.36	67.47	67.48	67.37	66.99	66.17	64.94	65.68	66.03	66.14	66.14	66.03	65.68	64.94	64.67	65.30	65.60	65.69	65.69	65.59	65.28	64.65
68.11	66.77	68.69	68.65	68.68	68.07	67.24	67.03	66.17	66.94	67.35	67.47	67.47	67.36	66.97	66.16	64.93	65.67	66.03	66.14	66.14	66.03	65.67	64.93	64.66	65.29	65.60	65.69	65.68	65.58	65.27	64.65
68.30	66.95	67.75	68.29	67.73	67.56	67.12	66.42	66.16	66.93	67.34	67.46	67.46	67.35	66.96	66.15	64.93	65.66	66.02	66.13	66.13	66.02	65.66	64.92	64.65	65.28	65.59	65.68	65.68	65.57	65.26	64.64
68.08	66.72	67.38	67.99	67.37	67.23	66.83	66.09	66.16	66.91	67.33	67.45	67.45	67.33	66.94	66.13	64.92	65.65	66.01	66.12	66.13	66.01	65.65	64.92	64.65	65.28	65.58	65.68	65.67	65.57	65.26	64.63
