Metric	Core0	Core1	Core2	Core3	Core4	Core5	Core6	Core7	Core8	Core9	Core10	Core11	Core12	Core13	Core14	Core15	Core16	Core17	Core18	Core19	Core20	Core21	Core22	Core23	Core24	Core25	Core26	Core27	Core28	Core29	Core30	Core31
total	0.477	1000.023	1000.023	1000.023	1000.023	1000.023	1000.023	1000.023	3600083.651	3600083.651	3600083.651	3600083.651	3600083.651	3600083.651	3600083.651	3600083.651	3600083.651	3600083.651	3600083.651	3600083.651	3600083.651	3600083.651	3600083.651	3600083.651	3600083.651	3600083.651	3600083.651	3600083.651	3600083.651	3600083.651	3600083.651	3600083.651
base	0.237	0.000	0.000	0.000	0.000	0.000	0.000	0.000	0.000	0.000	0.000	0.000	0.000	0.000	0.000	0.000	0.000	0.000	0.000	0.000	0.000	0.000	0.000	0.000	0.000	0.000	0.000	0.000	0.000	0.000	0.000	0.000
dispatch_width	-
rs_full	-
depend	-
depend-int	-
depend-fp	0.144	0.000	0.000	0.000	0.000	0.000	0.000	0.000	0.000	0.000	0.000	0.000	0.000	0.000	0.000	0.000	0.000	0.000	0.000	0.000	0.000	0.000	0.000	0.000	0.000	0.000	0.000	0.000	0.000	0.000	0.000	0.000
depend-branch	-
issue	0.041	0.000	0.000	0.000	0.000	0.000	0.000	0.000	0.000	0.000	0.000	0.000	0.000	0.000	0.000	0.000	0.000	0.000	0.000	0.000	0.000	0.000	0.000	0.000	0.000	0.000	0.000	0.000	0.000	0.000	0.000	0.000
serial	-
smt	-
branch	-
itlb	-
dtlb	-
ifetch	-
mem	-
mem-l1d	0.019	0.000	0.000	0.000	0.000	0.000	0.000	0.000	0.000	0.000	0.000	0.000	0.000	0.000	0.000	0.000	0.000	0.000	0.000	0.000	0.000	0.000	0.000	0.000	0.000	0.000	0.000	0.000	0.000	0.000	0.000	0.000
mem-l2	-
mem-l3	-
mem-l4	-
mem-remote	-
mem-nuca	-
mem-dram-cache	-
mem-dram	-
sync	-
dvfs-transition	-
imbalance	0.030	998.023	998.023	998.023	998.023	998.023	998.023	998.023	3600083.651	3600083.651	3600083.651	3600083.651	3600083.651	3600083.651	3600083.651	3600083.651	3600083.651	3600083.651	3600083.651	3600083.651	3600083.651	3600083.651	3600083.651	3600083.651	3600083.651	3600083.651	3600083.651	3600083.651	3600083.651	3600083.651	3600083.651	3600083.651
other	0.006	2.000	2.000	2.000	2.000	2.000	2.000	2.000	0.000	0.000	0.000	0.000	0.000	0.000	0.000	0.000	0.000	0.000	0.000	0.000	0.000	0.000	0.000	0.000	0.000	0.000	0.000	0.000	0.000	0.000	0.000	0.000
