pcb_LC_0	352.9385
pcb_LC_1	354.3437
pcb_LC_2	354.9459
pcb_LC_3	355.1808
pcb_LC_4	355.1808
pcb_LC_5	354.9460
pcb_LC_6	354.3442
pcb_LC_7	352.9393
pcb_LC_8	352.7260
pcb_LC_9	354.2629
pcb_LC_10	354.9864
pcb_LC_11	355.2807
pcb_LC_12	355.2807
pcb_LC_13	354.9867
pcb_LC_14	354.2636
pcb_LC_15	352.7270
pcb_LC_16	352.5506
pcb_LC_17	353.9426
pcb_LC_18	354.6079
pcb_LC_19	354.8828
pcb_LC_20	354.8828
pcb_LC_21	354.6082
pcb_LC_22	353.9432
pcb_LC_23	352.5515
pcb_LC_24	352.4248
pcb_LC_25	353.5104
pcb_LC_26	353.9960
pcb_LC_27	354.1935
pcb_LC_28	354.1936
pcb_LC_29	353.9962
pcb_LC_30	353.5108
pcb_LC_31	352.4255
solder_LC_0	355.3752
solder_LC_1	356.0449
solder_LC_2	356.4335
solder_LC_3	356.6154
solder_LC_4	356.6149
solder_LC_5	356.4330
solder_LC_6	356.0457
solder_LC_7	355.3767
solder_LC_8	355.1052
solder_LC_9	355.7541
solder_LC_10	356.1925
solder_LC_11	356.4103
solder_LC_12	356.4099
solder_LC_13	356.1928
solder_LC_14	355.7553
solder_LC_15	355.1071
solder_LC_16	354.7026
solder_LC_17	355.1289
solder_LC_18	355.4928
solder_LC_19	355.6879
solder_LC_20	355.6878
solder_LC_21	355.4932
solder_LC_22	355.1299
solder_LC_23	354.7040
solder_LC_24	354.3495
solder_LC_25	354.5379
solder_LC_26	354.7761
solder_LC_27	354.9141
solder_LC_28	354.9141
solder_LC_29	354.7764
solder_LC_30	354.5385
solder_LC_31	354.3504
sub_LC_0	355.9240
sub_LC_1	356.5865
sub_LC_2	356.9988
sub_LC_3	357.1946
sub_LC_4	357.1935
sub_LC_5	356.9976
sub_LC_6	356.5874
sub_LC_7	355.9261
sub_LC_8	355.3942
sub_LC_9	356.0365
sub_LC_10	356.4913
sub_LC_11	356.7196
sub_LC_12	356.7187
sub_LC_13	356.4918
sub_LC_14	356.0381
sub_LC_15	355.3969
sub_LC_16	354.7848
sub_LC_17	355.2291
sub_LC_18	355.6145
sub_LC_19	355.8208
sub_LC_20	355.8206
sub_LC_21	355.6148
sub_LC_22	355.2301
sub_LC_23	354.7864
sub_LC_24	354.3661
sub_LC_25	354.5988
sub_LC_26	354.8679
sub_LC_27	355.0212
sub_LC_28	355.0212
sub_LC_29	354.8681
sub_LC_30	354.5994
sub_LC_31	354.3671
layer_3_LC_0	361.1070
layer_3_LC_1	361.8724
layer_3_LC_2	362.5122
layer_3_LC_3	362.8326
layer_3_LC_4	362.8258
layer_3_LC_5	362.5023
layer_3_LC_6	361.8739
layer_3_LC_7	361.1146
layer_3_LC_8	357.8732
layer_3_LC_9	358.6674
layer_3_LC_10	359.3202
layer_3_LC_11	359.6624
layer_3_LC_12	359.6557
layer_3_LC_13	359.3237
layer_3_LC_14	358.6730
layer_3_LC_15	357.8850
layer_3_LC_16	355.3072
layer_3_LC_17	356.0588
layer_3_LC_18	356.6915
layer_3_LC_19	357.0178
layer_3_LC_20	357.0165
layer_3_LC_21	356.6917
layer_3_LC_22	356.0602
layer_3_LC_23	355.3098
layer_3_LC_24	354.3186
layer_3_LC_25	354.9998
layer_3_LC_26	355.5793
layer_3_LC_27	355.8787
layer_3_LC_28	355.8785
layer_3_LC_29	355.5793
layer_3_LC_30	355.0002
layer_3_LC_31	354.3193
layer_4_TB_0	361.0120
layer_4_TB_1	361.7771
layer_4_TB_2	362.4163
layer_4_TB_3	362.7363
layer_4_TB_4	362.7295
layer_4_TB_5	362.4063
layer_4_TB_6	361.7785
layer_4_TB_7	361.0195
layer_4_TB_8	357.7750
layer_4_TB_9	358.5691
layer_4_TB_10	359.2214
layer_4_TB_11	359.5634
layer_4_TB_12	359.5567
layer_4_TB_13	359.2249
layer_4_TB_14	358.5747
layer_4_TB_15	357.7867
layer_4_TB_16	355.2094
layer_4_TB_17	355.9613
layer_4_TB_18	356.5937
layer_4_TB_19	356.9198
layer_4_TB_20	356.9184
layer_4_TB_21	356.5938
layer_4_TB_22	355.9626
layer_4_TB_23	355.2121
layer_4_TB_24	354.2224
layer_4_TB_25	354.9039
layer_4_TB_26	355.4831
layer_4_TB_27	355.7823
layer_4_TB_28	355.7821
layer_4_TB_29	355.4831
layer_4_TB_30	354.9043
layer_4_TB_31	354.2231
layer_5_B_0	360.0621
layer_5_B_1	360.8245
layer_5_B_2	361.4579
layer_5_B_3	361.7741
layer_5_B_4	361.7672
layer_5_B_5	361.4477
layer_5_B_6	360.8259
layer_5_B_7	360.0696
layer_5_B_8	356.7918
layer_5_B_9	357.5862
layer_5_B_10	358.2335
layer_5_B_11	358.5728
layer_5_B_12	358.5659
layer_5_B_13	358.2374
layer_5_B_14	357.5919
layer_5_B_15	356.8037
layer_5_B_16	354.2318
layer_5_B_17	354.9859
layer_5_B_18	355.6152
layer_5_B_19	355.9388
layer_5_B_20	355.9375
layer_5_B_21	355.6153
layer_5_B_22	354.9872
layer_5_B_23	354.2344
layer_5_B_24	353.2600
layer_5_B_25	353.9445
layer_5_B_26	354.5213
layer_5_B_27	354.8184
layer_5_B_28	354.8182
layer_5_B_29	354.5213
layer_5_B_30	353.9449
layer_5_B_31	353.2607
layer_6_TB_0	359.8769
layer_6_TB_1	360.6395
layer_6_TB_2	361.2721
layer_6_TB_3	361.5878
layer_6_TB_4	361.5811
layer_6_TB_5	361.2621
layer_6_TB_6	360.6409
layer_6_TB_7	359.8843
layer_6_TB_8	356.6363
layer_6_TB_9	357.4310
layer_6_TB_10	358.0780
layer_6_TB_11	358.4166
layer_6_TB_12	358.4098
layer_6_TB_13	358.0816
layer_6_TB_14	357.4365
layer_6_TB_15	356.6480
layer_6_TB_16	354.0937
layer_6_TB_17	354.8484
layer_6_TB_18	355.4774
layer_6_TB_19	355.8006
layer_6_TB_20	355.7993
layer_6_TB_21	355.4775
layer_6_TB_22	354.8497
layer_6_TB_23	354.0962
layer_6_TB_24	353.1249
layer_6_TB_25	353.8100
layer_6_TB_26	354.3864
layer_6_TB_27	354.6831
layer_6_TB_28	354.6829
layer_6_TB_29	354.3864
layer_6_TB_30	353.8104
layer_6_TB_31	353.1255
layer_7_B_32	358.0250
layer_7_B_33	358.7905
layer_7_B_34	359.4141
layer_7_B_35	359.7260
layer_7_B_36	359.7210
layer_7_B_37	359.4071
layer_7_B_38	358.7918
layer_7_B_39	358.0324
layer_7_B_40	355.0817
layer_7_B_41	355.8786
layer_7_B_42	356.5228
layer_7_B_43	356.8546
layer_7_B_44	356.8489
layer_7_B_45	356.5236
layer_7_B_46	355.8825
layer_7_B_47	355.0904
layer_7_B_48	352.7124
layer_7_B_49	353.4738
layer_7_B_50	354.0988
layer_7_B_51	354.4182
layer_7_B_52	354.4170
layer_7_B_53	354.0987
layer_7_B_54	353.4749
layer_7_B_55	352.7147
layer_7_B_56	351.7736
layer_7_B_57	352.4649
layer_7_B_58	353.0371
layer_7_B_59	353.3303
layer_7_B_60	353.3301
layer_7_B_61	353.0371
layer_7_B_62	352.4652
layer_7_B_63	351.7742
layer_8_TB_0	357.8029
layer_8_TB_1	358.5691
layer_8_TB_2	359.1917
layer_8_TB_3	359.5030
layer_8_TB_4	359.4981
layer_8_TB_5	359.1849
layer_8_TB_6	358.5704
layer_8_TB_7	357.8103
layer_8_TB_8	354.8863
layer_8_TB_9	355.6839
layer_8_TB_10	356.3277
layer_8_TB_11	356.6587
layer_8_TB_12	356.6531
layer_8_TB_13	356.3282
layer_8_TB_14	355.6877
layer_8_TB_15	354.8947
layer_8_TB_16	352.5348
layer_8_TB_17	353.2974
layer_8_TB_18	353.9219
layer_8_TB_19	354.2408
layer_8_TB_20	354.2396
layer_8_TB_21	353.9217
layer_8_TB_22	353.2985
layer_8_TB_23	352.5370
layer_8_TB_24	351.6003
layer_8_TB_25	352.2925
layer_8_TB_26	352.8642
layer_8_TB_27	353.1568
layer_8_TB_28	353.1567
layer_8_TB_29	352.8642
layer_8_TB_30	352.2929
layer_8_TB_31	351.6009
layer_9_B_64	355.5825
layer_9_B_65	356.3554
layer_9_B_66	356.9675
layer_9_B_67	357.2733
layer_9_B_68	357.2700
layer_9_B_69	356.9634
layer_9_B_70	356.3566
layer_9_B_71	355.5896
layer_9_B_72	352.9316
layer_9_B_73	353.7368
layer_9_B_74	354.3766
layer_9_B_75	354.6998
layer_9_B_76	354.6952
layer_9_B_77	354.3745
layer_9_B_78	353.7390
layer_9_B_79	352.9372
layer_9_B_80	350.7587
layer_9_B_81	351.5327
layer_9_B_82	352.1522
layer_9_B_83	352.4662
layer_9_B_84	352.4651
layer_9_B_85	352.1519
layer_9_B_86	351.5336
layer_9_B_87	350.7606
layer_9_B_88	349.8669
layer_9_B_89	350.5687
layer_9_B_90	351.1345
layer_9_B_91	351.4221
layer_9_B_92	351.4220
layer_9_B_93	351.1345
layer_9_B_94	350.5690
layer_9_B_95	349.8675
layer_10_TB_0	355.3243
layer_10_TB_1	356.0983
layer_10_TB_2	356.7092
layer_10_TB_3	357.0142
layer_10_TB_4	357.0111
layer_10_TB_5	356.7053
layer_10_TB_6	356.0995
layer_10_TB_7	355.3314
layer_10_TB_8	352.6973
layer_10_TB_9	353.5037
layer_10_TB_10	354.1430
layer_10_TB_11	354.4653
layer_10_TB_12	354.4609
layer_10_TB_13	354.1407
layer_10_TB_14	353.5058
layer_10_TB_15	352.7025
layer_10_TB_16	350.5426
layer_10_TB_17	351.3183
layer_10_TB_18	351.9372
layer_10_TB_19	352.2506
layer_10_TB_20	352.2495
layer_10_TB_21	351.9369
layer_10_TB_22	351.3192
layer_10_TB_23	350.5445
layer_10_TB_24	349.6563
layer_10_TB_25	350.3593
layer_10_TB_26	350.9244
layer_10_TB_27	351.2113
layer_10_TB_28	351.2112
layer_10_TB_29	350.9243
layer_10_TB_30	350.3596
layer_10_TB_31	349.6569
layer_11_B_96	352.7427
layer_11_B_97	353.5278
layer_11_B_98	354.1263
layer_11_B_99	354.4243
layer_11_B_100	354.4227
layer_11_B_101	354.1251
layer_11_B_102	353.5289
layer_11_B_103	352.7497
layer_11_B_104	350.3537
layer_11_B_105	351.1732
layer_11_B_106	351.8073
layer_11_B_107	352.1208
layer_11_B_108	352.1172
layer_11_B_109	351.8024
layer_11_B_110	351.1738
layer_11_B_111	350.3561
layer_11_B_112	348.3820
layer_11_B_113	349.1741
layer_11_B_114	349.7870
layer_11_B_115	350.0943
layer_11_B_116	350.0934
layer_11_B_117	349.7866
layer_11_B_118	349.1749
layer_11_B_119	348.3835
layer_11_B_120	347.5497
layer_11_B_121	348.2657
layer_11_B_122	348.8231
layer_11_B_123	349.1036
layer_11_B_124	349.1035
layer_11_B_125	348.8231
layer_11_B_126	348.2660
layer_11_B_127	347.5502
layer_12_TB_0	352.4494
layer_12_TB_1	353.2361
layer_12_TB_2	353.8331
layer_12_TB_3	354.1302
layer_12_TB_4	354.1288
layer_12_TB_5	353.8322
layer_12_TB_6	353.2372
layer_12_TB_7	352.4564
layer_12_TB_8	350.0817
layer_12_TB_9	350.9030
layer_12_TB_10	351.5366
layer_12_TB_11	351.8490
layer_12_TB_12	351.8455
layer_12_TB_13	351.5314
layer_12_TB_14	350.9035
layer_12_TB_15	350.0838
layer_12_TB_16	348.1287
layer_12_TB_17	348.9230
layer_12_TB_18	349.5352
layer_12_TB_19	349.8417
layer_12_TB_20	349.8408
layer_12_TB_21	349.5347
layer_12_TB_22	348.9237
layer_12_TB_23	348.1302
layer_12_TB_24	347.3028
layer_12_TB_25	348.0204
layer_12_TB_26	348.5769
layer_12_TB_27	348.8566
layer_12_TB_28	348.8565
layer_12_TB_29	348.5769
layer_12_TB_30	348.0207
layer_12_TB_31	347.3033
layer_13_B_128	349.5168
layer_13_B_129	350.3192
layer_13_B_130	350.9018
layer_13_B_131	351.1903
layer_13_B_132	351.1905
layer_13_B_133	350.9036
layer_13_B_134	350.3201
layer_13_B_135	349.5238
layer_13_B_136	347.3613
layer_13_B_137	348.2014
layer_13_B_138	348.8288
layer_13_B_139	349.1311
layer_13_B_140	349.1283
layer_13_B_141	348.8208
layer_13_B_142	348.2003
layer_13_B_143	347.3605
layer_13_B_144	345.5952
layer_13_B_145	346.4115
layer_13_B_146	347.0164
layer_13_B_147	347.3157
layer_13_B_148	347.3149
layer_13_B_149	347.0158
layer_13_B_150	346.4121
layer_13_B_151	345.5964
layer_13_B_152	344.8334
layer_13_B_153	345.5678
layer_13_B_154	346.1146
layer_13_B_155	346.3864
layer_13_B_156	346.3863
layer_13_B_157	346.1146
layer_13_B_158	345.5680
layer_13_B_159	344.8338
layer_14_TB_0	349.1373
layer_14_TB_1	349.9414
layer_14_TB_2	350.5225
layer_14_TB_3	350.8098
layer_14_TB_4	350.8100
layer_14_TB_5	350.5242
layer_14_TB_6	349.9423
layer_14_TB_7	349.1441
layer_14_TB_8	347.0363
layer_14_TB_9	347.8791
layer_14_TB_10	348.5053
layer_14_TB_11	348.8069
layer_14_TB_12	348.8041
layer_14_TB_13	348.4976
layer_14_TB_14	347.8781
layer_14_TB_15	347.0355
layer_14_TB_16	345.3059
layer_14_TB_17	346.1250
layer_14_TB_18	346.7289
layer_14_TB_19	347.0275
layer_14_TB_20	347.0267
layer_14_TB_21	346.7284
layer_14_TB_22	346.1255
layer_14_TB_23	345.3070
layer_14_TB_24	344.5514
layer_14_TB_25	345.2879
layer_14_TB_26	345.8336
layer_14_TB_27	346.1044
layer_14_TB_28	346.1043
layer_14_TB_29	345.8335
layer_14_TB_30	345.2881
layer_14_TB_31	344.5518
layer_15_B_160	345.3427
layer_15_B_161	346.1641
layer_15_B_162	346.7301
layer_15_B_163	347.0057
layer_15_B_164	347.0058
layer_15_B_165	346.7313
layer_15_B_166	346.1649
layer_15_B_167	345.3479
layer_15_B_168	343.7857
layer_15_B_169	344.6568
layer_15_B_170	345.2707
layer_15_B_171	345.5642
layer_15_B_172	345.5621
layer_15_B_173	345.2650
layer_15_B_174	344.6560
layer_15_B_175	343.7852
layer_15_B_176	342.4123
layer_15_B_177	343.2595
layer_15_B_178	343.8547
layer_15_B_179	344.1449
layer_15_B_180	344.1443
layer_15_B_181	343.8541
layer_15_B_182	343.2599
layer_15_B_183	342.4132
layer_15_B_184	341.7313
layer_15_B_185	342.4886
layer_15_B_186	343.0226
layer_15_B_187	343.2840
layer_15_B_188	343.2839
layer_15_B_189	343.0226
layer_15_B_190	342.4888
layer_15_B_191	341.7317
layer_16_TB_0	344.9304
layer_16_TB_1	345.7541
layer_16_TB_2	346.3183
layer_16_TB_3	346.5926
layer_16_TB_4	346.5926
layer_16_TB_5	346.3194
layer_16_TB_6	345.7548
layer_16_TB_7	344.9354
layer_16_TB_8	343.4261
layer_16_TB_9	344.3007
layer_16_TB_10	344.9132
layer_16_TB_11	345.2058
layer_16_TB_12	345.2037
layer_16_TB_13	344.9077
layer_16_TB_14	344.2999
layer_16_TB_15	343.4257
layer_16_TB_16	342.0887
layer_16_TB_17	342.9393
layer_16_TB_18	343.5334
layer_16_TB_19	343.8227
layer_16_TB_20	343.8221
layer_16_TB_21	343.5329
layer_16_TB_22	342.9397
layer_16_TB_23	342.0895
layer_16_TB_24	341.4156
layer_16_TB_25	342.1755
layer_16_TB_26	342.7080
layer_16_TB_27	342.9684
layer_16_TB_28	342.9683
layer_16_TB_29	342.7080
layer_16_TB_30	342.1756
layer_16_TB_31	341.4159
layer_17_B_192	340.8074
layer_17_B_193	341.6539
layer_17_B_194	342.2004
layer_17_B_195	342.4614
layer_17_B_196	342.4614
layer_17_B_197	342.2011
layer_17_B_198	341.6545
layer_17_B_199	340.8110
layer_17_B_200	339.8300
layer_17_B_201	340.7396
layer_17_B_202	341.3385
layer_17_B_203	341.6216
layer_17_B_204	341.6202
layer_17_B_205	341.3347
layer_17_B_206	340.7390
layer_17_B_207	339.8298
layer_17_B_208	338.8520
layer_17_B_209	339.7374
layer_17_B_210	340.3210
layer_17_B_211	340.6010
layer_17_B_212	340.6005
layer_17_B_213	340.3206
layer_17_B_214	339.7376
layer_17_B_215	338.8526
layer_17_B_216	338.2583
layer_17_B_217	339.0436
layer_17_B_218	339.5620
layer_17_B_219	339.8115
layer_17_B_220	339.8114
layer_17_B_221	339.5620
layer_17_B_222	339.0437
layer_17_B_223	338.2586
layer_18_TB_0	340.3635
layer_18_TB_1	341.2128
layer_18_TB_2	341.7572
layer_18_TB_3	342.0168
layer_18_TB_4	342.0168
layer_18_TB_5	341.7579
layer_18_TB_6	341.2134
layer_18_TB_7	340.3669
layer_18_TB_8	339.4377
layer_18_TB_9	340.3515
layer_18_TB_10	340.9489
layer_18_TB_11	341.2310
layer_18_TB_12	341.2297
layer_18_TB_13	340.9453
layer_18_TB_14	340.3510
layer_18_TB_15	339.4375
layer_18_TB_16	338.4959
layer_18_TB_17	339.3854
layer_18_TB_18	339.9678
layer_18_TB_19	340.2467
layer_18_TB_20	340.2463
layer_18_TB_21	339.9674
layer_18_TB_22	339.3857
layer_18_TB_23	338.4964
layer_18_TB_24	337.9104
layer_18_TB_25	338.6986
layer_18_TB_26	339.2154
layer_18_TB_27	339.4636
layer_18_TB_28	339.4636
layer_18_TB_29	339.2154
layer_18_TB_30	338.6988
layer_18_TB_31	337.9106
layer_19_B_224	335.9240
layer_19_B_225	336.8021
layer_19_B_226	337.3258
layer_19_B_227	337.5707
layer_19_B_228	337.5707
layer_19_B_229	337.3261
layer_19_B_230	336.8025
layer_19_B_231	335.9260
layer_19_B_232	335.5148
layer_19_B_233	336.4713
layer_19_B_234	337.0533
layer_19_B_235	337.3249
layer_19_B_236	337.3241
layer_19_B_237	337.0513
layer_19_B_238	336.4710
layer_19_B_239	335.5148
layer_19_B_240	334.9339
layer_19_B_241	335.8657
layer_19_B_242	336.4356
layer_19_B_243	336.7041
layer_19_B_244	336.7038
layer_19_B_245	336.4353
layer_19_B_246	335.8658
layer_19_B_247	334.9342
layer_19_B_248	334.4306
layer_19_B_249	335.2494
layer_19_B_250	335.7493
layer_19_B_251	335.9852
layer_19_B_252	335.9851
layer_19_B_253	335.7493
layer_19_B_254	335.2494
layer_19_B_255	334.4308
layer_20_TB_0	335.4498
layer_20_TB_1	336.3313
layer_20_TB_2	336.8526
layer_20_TB_3	337.0959
layer_20_TB_4	337.0959
layer_20_TB_5	336.8529
layer_20_TB_6	336.3317
layer_20_TB_7	335.4516
layer_20_TB_8	335.0918
layer_20_TB_9	336.0534
layer_20_TB_10	336.6337
layer_20_TB_11	336.9040
layer_20_TB_12	336.9033
layer_20_TB_13	336.6318
layer_20_TB_14	336.0532
layer_20_TB_15	335.0918
layer_20_TB_16	334.5470
layer_20_TB_17	335.4839
layer_20_TB_18	336.0523
layer_20_TB_19	336.3196
layer_20_TB_20	336.3194
layer_20_TB_21	336.0521
layer_20_TB_22	335.4840
layer_20_TB_23	334.5473
layer_20_TB_24	334.0520
layer_20_TB_25	334.8743
layer_20_TB_26	335.3723
layer_20_TB_27	335.6068
layer_20_TB_28	335.6067
layer_20_TB_29	335.3723
layer_20_TB_30	334.8744
layer_20_TB_31	334.0522
hsp_TB_0	330.7068
hsp_TB_1	331.6237
hsp_TB_2	332.1210
hsp_TB_3	332.3480
hsp_TB_4	332.3480
hsp_TB_5	332.1210
hsp_TB_6	331.6238
hsp_TB_7	330.7072
hsp_TB_8	330.8615
hsp_TB_9	331.8745
hsp_TB_10	332.4372
hsp_TB_11	332.6958
hsp_TB_12	332.6956
hsp_TB_13	332.4369
hsp_TB_14	331.8745
hsp_TB_15	330.8616
hsp_TB_16	330.6783
hsp_TB_17	331.6657
hsp_TB_18	332.2195
hsp_TB_19	332.4753
hsp_TB_20	332.4752
hsp_TB_21	332.2194
hsp_TB_22	331.6657
hsp_TB_23	330.6784
hsp_TB_24	330.2656
hsp_TB_25	331.1241
hsp_TB_26	331.6021
hsp_TB_27	331.8228
hsp_TB_28	331.8227
hsp_TB_29	331.6021
hsp_TB_30	331.1241
hsp_TB_31	330.2657
hsink_TB_0	329.0141
hsink_TB_1	329.7862
hsink_TB_2	330.2497
hsink_TB_3	330.4666
hsink_TB_4	330.4666
hsink_TB_5	330.2497
hsink_TB_6	329.7862
hsink_TB_7	329.0142
hsink_TB_8	329.2162
hsink_TB_9	330.0856
hsink_TB_10	330.6147
hsink_TB_11	330.8637
hsink_TB_12	330.8636
hsink_TB_13	330.6147
hsink_TB_14	330.0856
hsink_TB_15	329.2163
hsink_TB_16	329.1555
hsink_TB_17	330.0098
hsink_TB_18	330.5325
hsink_TB_19	330.7791
hsink_TB_20	330.7790
hsink_TB_21	330.5325
hsink_TB_22	330.0098
hsink_TB_23	329.1555
hsink_TB_24	328.8662
hsink_TB_25	329.6045
hsink_TB_26	330.0539
hsink_TB_27	330.2657
hsink_TB_28	330.2657
hsink_TB_29	330.0539
hsink_TB_30	329.6045
hsink_TB_31	328.8662
inode_0	326.7568
inode_1	326.7569
inode_2	327.2463
inode_3	327.4349
inode_4	326.7182
inode_5	326.7182
inode_6	327.2159
inode_7	327.4019
inode_8	325.5159
inode_9	325.5159
inode_10	325.7789
inode_11	325.9353
inode_12	354.6186
inode_13	354.6200
inode_14	353.6437
inode_15	355.0930
inode_16	354.5974
inode_17	354.5988
inode_18	353.6389
inode_19	355.0847
inode_20	350.7306
inode_21	350.7315
inode_22	352.6402
inode_23	353.8948
inode_24	339.8858
inode_25	339.8863
inode_26	339.7934
inode_27	340.5807
