pcb_C_0	322.2891
pcb_C_1	322.3632
pcb_C_2	322.3950
pcb_C_3	322.4222
pcb_C_4	322.3151
pcb_C_5	322.2067
pcb_C_6	322.0627
pcb_C_7	321.7951
pcb_C_8	322.1108
pcb_C_9	322.2142
pcb_C_10	322.2479
pcb_C_11	322.2523
pcb_C_12	322.1701
pcb_C_13	322.0589
pcb_C_14	321.9080
pcb_C_15	321.6713
pcb_C_16	321.8663
pcb_C_17	321.8727
pcb_C_18	321.8785
pcb_C_19	321.8680
pcb_C_20	321.8157
pcb_C_21	321.7334
pcb_C_22	321.6288
pcb_C_23	321.5108
pcb_C_24	321.6849
pcb_C_25	321.6008
pcb_C_26	321.5817
pcb_C_27	321.5685
pcb_C_28	321.5368
pcb_C_29	321.4875
pcb_C_30	321.4336
pcb_C_31	321.4081
solder_C_0	322.6708
solder_C_1	322.4785
solder_C_2	322.5034
solder_C_3	322.5932
solder_C_4	322.4004
solder_C_5	322.2771
solder_C_6	322.1301
solder_C_7	321.8884
solder_C_8	322.2926
solder_C_9	322.3188
solder_C_10	322.3506
solder_C_11	322.3690
solder_C_12	322.2699
solder_C_13	322.1524
solder_C_14	321.9985
solder_C_15	321.7832
solder_C_16	321.8832
solder_C_17	321.8440
solder_C_18	321.8540
solder_C_19	321.8485
solder_C_20	321.7951
solder_C_21	321.7091
solder_C_22	321.6005
solder_C_23	321.5140
solder_C_24	321.6655
solder_C_25	321.5397
solder_C_26	321.5260
solder_C_27	321.5166
solder_C_28	321.4847
solder_C_29	321.4313
solder_C_30	321.3726
solder_C_31	321.3800
sub_C_0	322.8612
sub_C_1	322.4964
sub_C_2	322.5330
sub_C_3	322.6682
sub_C_4	322.4191
sub_C_5	322.2938
sub_C_6	322.1445
sub_C_7	321.9015
sub_C_8	322.3299
sub_C_9	322.3585
sub_C_10	322.3941
sub_C_11	322.4147
sub_C_12	322.3147
sub_C_13	322.1967
sub_C_14	322.0404
sub_C_15	321.8202
sub_C_16	321.8397
sub_C_17	321.8179
sub_C_18	321.8333
sub_C_19	321.8294
sub_C_20	321.7764
sub_C_21	321.6892
sub_C_22	321.5767
sub_C_23	321.4782
sub_C_24	321.6142
sub_C_25	321.5096
sub_C_26	321.5016
sub_C_27	321.4938
sub_C_28	321.4617
sub_C_29	321.4066
sub_C_30	321.3433
sub_C_31	321.3357
layer_3_C_0	324.7193
layer_3_C_1	322.6395
layer_3_C_2	322.8067
layer_3_C_3	323.4080
layer_3_C_4	322.5849
layer_3_C_5	322.4501
layer_3_C_6	322.2811
layer_3_C_7	322.0047
layer_3_C_8	322.6559
layer_3_C_9	322.7599
layer_3_C_10	322.8319
layer_3_C_11	322.8663
layer_3_C_12	322.7684
layer_3_C_13	322.6454
layer_3_C_14	322.4656
layer_3_C_15	322.1806
layer_3_C_16	321.4066
layer_3_C_17	321.5498
layer_3_C_18	321.6183
layer_3_C_19	321.6301
layer_3_C_20	321.5803
layer_3_C_21	321.4824
layer_3_C_22	321.3320
layer_3_C_23	321.1146
layer_3_C_24	321.1285
layer_3_C_25	321.2117
layer_3_C_26	321.2594
layer_3_C_27	321.2673
layer_3_C_28	321.2344
layer_3_C_29	321.1640
layer_3_C_30	321.0559
layer_3_C_31	320.9117
layer_4_TB_0	324.5245
layer_4_TB_1	322.5936
layer_4_TB_2	322.7512
layer_4_TB_3	323.3130
layer_4_TB_4	322.5394
layer_4_TB_5	322.4047
layer_4_TB_6	322.2357
layer_4_TB_7	321.9592
layer_4_TB_8	322.5934
layer_4_TB_9	322.6984
layer_4_TB_10	322.7703
layer_4_TB_11	322.8046
layer_4_TB_12	322.7070
layer_4_TB_13	322.5839
layer_4_TB_14	322.4042
layer_4_TB_15	322.1190
layer_4_TB_16	321.4058
layer_4_TB_17	321.5492
layer_4_TB_18	321.6177
layer_4_TB_19	321.6296
layer_4_TB_20	321.5798
layer_4_TB_21	321.4819
layer_4_TB_22	321.3314
layer_4_TB_23	321.1138
layer_4_TB_24	321.1279
layer_4_TB_25	321.2113
layer_4_TB_26	321.2591
layer_4_TB_27	321.2670
layer_4_TB_28	321.2341
layer_4_TB_29	321.1637
layer_4_TB_30	321.0556
layer_4_TB_31	320.9112
hsp_TB_0	322.5767
hsp_TB_1	322.1349
hsp_TB_2	322.1962
hsp_TB_3	322.3632
hsp_TB_4	322.0841
hsp_TB_5	321.9509
hsp_TB_6	321.7820
hsp_TB_7	321.5044
hsp_TB_8	321.9682
hsp_TB_9	322.0832
hsp_TB_10	322.1550
hsp_TB_11	322.1872
hsp_TB_12	322.0924
hsp_TB_13	321.9695
hsp_TB_14	321.7897
hsp_TB_15	321.5031
hsp_TB_16	321.3972
hsp_TB_17	321.5429
hsp_TB_18	321.6120
hsp_TB_19	321.6240
hsp_TB_20	321.5742
hsp_TB_21	321.4762
hsp_TB_22	321.3253
hsp_TB_23	321.1060
hsp_TB_24	321.1223
hsp_TB_25	321.2077
hsp_TB_26	321.2560
hsp_TB_27	321.2640
hsp_TB_28	321.2312
hsp_TB_29	321.1606
hsp_TB_30	321.0522
hsp_TB_31	320.9062
hsink_TB_0	321.8718
hsink_TB_1	321.8999
hsink_TB_2	321.9491
hsink_TB_3	321.9921
hsink_TB_4	321.8726
hsink_TB_5	321.7493
hsink_TB_6	321.5817
hsink_TB_7	321.3126
hsink_TB_8	321.6851
hsink_TB_9	321.8390
hsink_TB_10	321.9109
hsink_TB_11	321.9311
hsink_TB_12	321.8524
hsink_TB_13	321.7314
hsink_TB_14	321.5524
hsink_TB_15	321.2750
hsink_TB_16	321.3661
hsink_TB_17	321.5122
hsink_TB_18	321.5815
hsink_TB_19	321.5932
hsink_TB_20	321.5440
hsink_TB_21	321.4461
hsink_TB_22	321.2953
hsink_TB_23	321.0772
hsink_TB_24	321.1169
hsink_TB_25	321.2030
hsink_TB_26	321.2515
hsink_TB_27	321.2596
hsink_TB_28	321.2268
hsink_TB_29	321.1563
hsink_TB_30	321.0477
hsink_TB_31	320.9013
inode_0	320.9942
inode_1	320.6693
inode_2	320.5515
inode_3	321.1310
inode_4	320.9870
inode_5	320.6638
inode_6	320.5486
inode_7	321.1261
inode_8	320.7315
inode_9	320.4375
inode_10	320.2727
inode_11	320.7837
inode_12	322.0923
inode_13	321.6138
inode_14	321.3804
inode_15	322.2449
inode_16	322.0902
inode_17	321.6132
inode_18	321.3803
inode_19	322.2446
inode_20	321.7955
inode_21	321.4046
inode_22	321.3581
inode_23	322.2006
inode_24	320.9443
inode_25	320.6447
inode_26	320.4467
inode_27	321.0499
