pcb_LC_0	353.6117
pcb_LC_1	354.7199
pcb_LC_2	355.2165
pcb_LC_3	355.4188
pcb_LC_4	355.4186
pcb_LC_5	355.2161
pcb_LC_6	354.7194
pcb_LC_7	353.6111
pcb_LC_8	353.7528
pcb_LC_9	355.1833
pcb_LC_10	355.8676
pcb_LC_11	356.1504
pcb_LC_12	356.1502
pcb_LC_13	355.8670
pcb_LC_14	355.1826
pcb_LC_15	353.7521
pcb_LC_16	353.9495
pcb_LC_17	355.5440
pcb_LC_18	356.2945
pcb_LC_19	356.5994
pcb_LC_20	356.5992
pcb_LC_21	356.2939
pcb_LC_22	355.5434
pcb_LC_23	353.9489
pcb_LC_24	354.2057
pcb_LC_25	355.6811
pcb_LC_26	356.3112
pcb_LC_27	356.5563
pcb_LC_28	356.5561
pcb_LC_29	356.3107
pcb_LC_30	355.6808
pcb_LC_31	354.2052
solder_LC_0	355.5856
solder_LC_1	355.7607
solder_LC_2	356.0005
solder_LC_3	356.1407
solder_LC_4	356.1405
solder_LC_5	355.9996
solder_LC_6	355.7597
solder_LC_7	355.5846
solder_LC_8	355.9642
solder_LC_9	356.3891
solder_LC_10	356.7602
solder_LC_11	356.9596
solder_LC_12	356.9595
solder_LC_13	356.7589
solder_LC_14	356.3878
solder_LC_15	355.9630
solder_LC_16	356.3774
solder_LC_17	357.0457
solder_LC_18	357.5004
solder_LC_19	357.7256
solder_LC_20	357.7252
solder_LC_21	357.4991
solder_LC_22	357.0448
solder_LC_23	356.3765
solder_LC_24	356.7760
solder_LC_25	357.5029
solder_LC_26	357.9143
solder_LC_27	358.1049
solder_LC_28	358.1043
solder_LC_29	357.9129
solder_LC_30	357.5029
solder_LC_31	356.7755
sub_LC_0	355.5846
sub_LC_1	355.8081
sub_LC_2	356.0804
sub_LC_3	356.2366
sub_LC_4	356.2365
sub_LC_5	356.0793
sub_LC_6	355.8068
sub_LC_7	355.5834
sub_LC_8	356.0571
sub_LC_9	356.5032
sub_LC_10	356.8971
sub_LC_11	357.1077
sub_LC_12	357.1079
sub_LC_13	356.8953
sub_LC_14	356.5015
sub_LC_15	356.0555
sub_LC_16	356.6046
sub_LC_17	357.2657
sub_LC_18	357.7379
sub_LC_19	357.9734
sub_LC_20	357.9730
sub_LC_21	357.7362
sub_LC_22	357.2648
sub_LC_23	356.6035
sub_LC_24	357.4246
sub_LC_25	358.1407
sub_LC_26	358.5768
sub_LC_27	358.7819
sub_LC_28	358.7810
sub_LC_29	358.5744
sub_LC_30	358.1417
sub_LC_31	357.4242
layer_3_LC_0	355.3403
layer_3_LC_1	356.0462
layer_3_LC_2	356.6471
layer_3_LC_3	356.9558
layer_3_LC_4	356.9564
layer_3_LC_5	356.6445
layer_3_LC_6	356.0433
layer_3_LC_7	355.3373
layer_3_LC_8	356.7603
layer_3_LC_9	357.5426
layer_3_LC_10	358.1995
layer_3_LC_11	358.5278
layer_3_LC_12	358.5323
layer_3_LC_13	358.1916
layer_3_LC_14	357.5374
layer_3_LC_15	356.7551
layer_3_LC_16	358.3187
layer_3_LC_17	359.1355
layer_3_LC_18	359.8186
layer_3_LC_19	360.1654
layer_3_LC_20	360.1646
layer_3_LC_21	359.8137
layer_3_LC_22	359.1346
layer_3_LC_23	358.3167
layer_3_LC_24	363.6656
layer_3_LC_25	364.4659
layer_3_LC_26	365.1380
layer_3_LC_27	365.4736
layer_3_LC_28	365.4688
layer_3_LC_29	365.1242
layer_3_LC_30	364.4775
layer_3_LC_31	363.6663
layer_4_TB_0	355.2420
layer_4_TB_1	355.9482
layer_4_TB_2	356.5487
layer_4_TB_3	356.8572
layer_4_TB_4	356.8578
layer_4_TB_5	356.5461
layer_4_TB_6	355.9452
layer_4_TB_7	355.2390
layer_4_TB_8	356.6636
layer_4_TB_9	357.4461
layer_4_TB_10	358.1026
layer_4_TB_11	358.4306
layer_4_TB_12	358.4351
layer_4_TB_13	358.0947
layer_4_TB_14	357.4408
layer_4_TB_15	356.6584
layer_4_TB_16	358.2145
layer_4_TB_17	359.0312
layer_4_TB_18	359.7138
layer_4_TB_19	360.0603
layer_4_TB_20	360.0594
layer_4_TB_21	359.7088
layer_4_TB_22	359.0302
layer_4_TB_23	358.2125
layer_4_TB_24	363.5706
layer_4_TB_25	364.3705
layer_4_TB_26	365.0418
layer_4_TB_27	365.3770
layer_4_TB_28	365.3722
layer_4_TB_29	365.0280
layer_4_TB_30	364.3821
layer_4_TB_31	363.5713
layer_5_B_0	354.2581
layer_5_B_1	354.9672
layer_5_B_2	355.5649
layer_5_B_3	355.8712
layer_5_B_4	355.8718
layer_5_B_5	355.5624
layer_5_B_6	354.9643
layer_5_B_7	354.2551
layer_5_B_8	355.6961
layer_5_B_9	356.4808
layer_5_B_10	357.1337
layer_5_B_11	357.4585
layer_5_B_12	357.4633
layer_5_B_13	357.1255
layer_5_B_14	356.4754
layer_5_B_15	355.6908
layer_5_B_16	357.1705
layer_5_B_17	357.9869
layer_5_B_18	358.6645
layer_5_B_19	359.0077
layer_5_B_20	359.0069
layer_5_B_21	358.6597
layer_5_B_22	357.9859
layer_5_B_23	357.1686
layer_5_B_24	362.6214
layer_5_B_25	363.4171
layer_5_B_26	364.0814
layer_5_B_27	364.4120
layer_5_B_28	364.4072
layer_5_B_29	364.0672
layer_5_B_30	363.4291
layer_5_B_31	362.6221
layer_6_TB_0	354.1195
layer_6_TB_1	354.8292
layer_6_TB_2	355.4265
layer_6_TB_3	355.7324
layer_6_TB_4	355.7330
layer_6_TB_5	355.4240
layer_6_TB_6	354.8263
layer_6_TB_7	354.1165
layer_6_TB_8	355.5478
layer_6_TB_9	356.3330
layer_6_TB_10	356.9854
layer_6_TB_11	357.3102
layer_6_TB_12	357.3149
layer_6_TB_13	356.9774
layer_6_TB_14	356.3277
layer_6_TB_15	355.5426
layer_6_TB_16	357.0201
layer_6_TB_17	357.8369
layer_6_TB_18	358.5138
layer_6_TB_19	358.8567
layer_6_TB_20	358.8558
layer_6_TB_21	358.5091
layer_6_TB_22	357.8358
layer_6_TB_23	357.0181
layer_6_TB_24	362.4181
layer_6_TB_25	363.2140
layer_6_TB_26	363.8772
layer_6_TB_27	364.2074
layer_6_TB_28	364.2026
layer_6_TB_29	363.8633
layer_6_TB_30	363.2256
layer_6_TB_31	362.4187
layer_7_B_32	352.7335
layer_7_B_33	353.4492
layer_7_B_34	354.0421
layer_7_B_35	354.3443
layer_7_B_36	354.3448
layer_7_B_37	354.0396
layer_7_B_38	353.4464
layer_7_B_39	352.7306
layer_7_B_40	354.0652
layer_7_B_41	354.8557
layer_7_B_42	355.5036
layer_7_B_43	355.8269
layer_7_B_44	355.8305
layer_7_B_45	355.4968
layer_7_B_46	354.8503
layer_7_B_47	354.0598
layer_7_B_48	355.5144
layer_7_B_49	356.3358
layer_7_B_50	357.0067
layer_7_B_51	357.3451
layer_7_B_52	357.3443
layer_7_B_53	357.0022
layer_7_B_54	356.3346
layer_7_B_55	355.5124
layer_7_B_56	360.3862
layer_7_B_57	361.1837
layer_7_B_58	361.8366
layer_7_B_59	362.1623
layer_7_B_60	362.1574
layer_7_B_61	361.8254
layer_7_B_62	361.1910
layer_7_B_63	360.3867
layer_8_TB_0	352.5555
layer_8_TB_1	353.2722
layer_8_TB_2	353.8644
layer_8_TB_3	354.1661
layer_8_TB_4	354.1666
layer_8_TB_5	353.8620
layer_8_TB_6	353.2695
layer_8_TB_7	352.5527
layer_8_TB_8	353.8792
layer_8_TB_9	354.6707
layer_8_TB_10	355.3180
layer_8_TB_11	355.6410
layer_8_TB_12	355.6445
layer_8_TB_13	355.3113
layer_8_TB_14	354.6653
layer_8_TB_15	353.8738
layer_8_TB_16	355.3194
layer_8_TB_17	356.1418
layer_8_TB_18	356.8119
layer_8_TB_19	357.1498
layer_8_TB_20	357.1490
layer_8_TB_21	356.8075
layer_8_TB_22	356.1406
layer_8_TB_23	355.3175
layer_8_TB_24	360.1476
layer_8_TB_25	360.9456
layer_8_TB_26	361.5973
layer_8_TB_27	361.9224
layer_8_TB_28	361.9176
layer_8_TB_29	361.5864
layer_8_TB_30	360.9525
layer_8_TB_31	360.1480
layer_9_B_64	350.7758
layer_9_B_65	351.5019
layer_9_B_66	352.0878
layer_9_B_67	352.3844
layer_9_B_68	352.3849
layer_9_B_69	352.0856
layer_9_B_70	351.4993
layer_9_B_71	350.7731
layer_9_B_72	352.0188
layer_9_B_73	352.8207
layer_9_B_74	353.4624
layer_9_B_75	353.7826
layer_9_B_76	353.7852
layer_9_B_77	353.4568
layer_9_B_78	352.8152
layer_9_B_79	352.0133
layer_9_B_80	353.3686
layer_9_B_81	354.2008
layer_9_B_82	354.8637
layer_9_B_83	355.1961
layer_9_B_84	355.1953
layer_9_B_85	354.8598
layer_9_B_86	354.1994
layer_9_B_87	353.3667
layer_9_B_88	357.7623
layer_9_B_89	358.5662
layer_9_B_90	359.2059
layer_9_B_91	359.5248
layer_9_B_92	359.5199
layer_9_B_93	359.1975
layer_9_B_94	358.5691
layer_9_B_95	357.7626
layer_10_TB_0	350.5594
layer_10_TB_1	351.2869
layer_10_TB_2	351.8719
layer_10_TB_3	352.1679
layer_10_TB_4	352.1683
layer_10_TB_5	351.8698
layer_10_TB_6	351.2842
layer_10_TB_7	350.5567
layer_10_TB_8	351.7958
layer_10_TB_9	352.5993
layer_10_TB_10	353.2403
layer_10_TB_11	353.5600
layer_10_TB_12	353.5626
layer_10_TB_13	353.2348
layer_10_TB_14	352.5937
layer_10_TB_15	351.7903
layer_10_TB_16	353.1306
layer_10_TB_17	353.9644
layer_10_TB_18	354.6265
layer_10_TB_19	354.9582
layer_10_TB_20	354.9573
layer_10_TB_21	354.6226
layer_10_TB_22	353.9630
layer_10_TB_23	353.1287
layer_10_TB_24	357.4890
layer_10_TB_25	358.2939
layer_10_TB_26	358.9322
layer_10_TB_27	359.2504
layer_10_TB_28	359.2454
layer_10_TB_29	358.9240
layer_10_TB_30	358.2964
layer_10_TB_31	357.4892
layer_11_B_96	348.3958
layer_11_B_97	349.1362
layer_11_B_98	349.7131
layer_11_B_99	350.0025
layer_11_B_100	350.0028
layer_11_B_101	349.7112
layer_11_B_102	349.1338
layer_11_B_103	348.3933
layer_11_B_104	349.5661
layer_11_B_105	350.3852
layer_11_B_106	351.0195
layer_11_B_107	351.3349
layer_11_B_108	351.3369
layer_11_B_109	351.0149
layer_11_B_110	350.3795
layer_11_B_111	349.5604
layer_11_B_112	350.7501
layer_11_B_113	351.5994
layer_11_B_114	352.2530
layer_11_B_115	352.5780
layer_11_B_116	352.5772
layer_11_B_117	352.2496
layer_11_B_118	351.5978
layer_11_B_119	350.7484
layer_11_B_120	354.7562
layer_11_B_121	355.5714
layer_11_B_122	356.1958
layer_11_B_123	356.5063
layer_11_B_124	356.5012
layer_11_B_125	356.1900
layer_11_B_126	355.5701
layer_11_B_127	354.7563
layer_12_TB_0	348.1421
layer_12_TB_1	348.8842
layer_12_TB_2	349.4601
layer_12_TB_3	349.7487
layer_12_TB_4	349.7490
layer_12_TB_5	349.4582
layer_12_TB_6	348.8818
layer_12_TB_7	348.1397
layer_12_TB_8	349.3073
layer_12_TB_9	350.1285
layer_12_TB_10	350.7621
layer_12_TB_11	351.0769
layer_12_TB_12	351.0788
layer_12_TB_13	350.7575
layer_12_TB_14	350.1228
layer_12_TB_15	349.3015
layer_12_TB_16	350.4707
layer_12_TB_17	351.3220
layer_12_TB_18	351.9747
layer_12_TB_19	352.2989
layer_12_TB_20	352.2981
layer_12_TB_21	351.9714
layer_12_TB_22	351.3205
layer_12_TB_23	350.4689
layer_12_TB_24	354.4491
layer_12_TB_25	355.2657
layer_12_TB_26	355.8886
layer_12_TB_27	356.1981
layer_12_TB_28	356.1930
layer_12_TB_29	355.8830
layer_12_TB_30	355.2640
layer_12_TB_31	354.4491
layer_13_B_128	345.6056
layer_13_B_129	346.3646
layer_13_B_130	346.9303
layer_13_B_131	347.2108
layer_13_B_132	347.2110
layer_13_B_133	346.9287
layer_13_B_134	346.3624
layer_13_B_135	345.6034
layer_13_B_136	346.7194
layer_13_B_137	347.5619
layer_13_B_138	348.1874
layer_13_B_139	348.4967
layer_13_B_140	348.4981
layer_13_B_141	348.1838
layer_13_B_142	347.5558
layer_13_B_143	346.7133
layer_13_B_144	347.6751
layer_13_B_145	348.5478
layer_13_B_146	349.1908
layer_13_B_147	349.5070
layer_13_B_148	349.5062
layer_13_B_149	349.1880
layer_13_B_150	348.5462
layer_13_B_151	347.6734
layer_13_B_152	351.3783
layer_13_B_153	352.2100
layer_13_B_154	352.8170
layer_13_B_155	353.1172
layer_13_B_156	353.1118
layer_13_B_157	352.8136
layer_13_B_158	352.2045
layer_13_B_159	351.3782
layer_14_TB_0	345.3159
layer_14_TB_1	346.0770
layer_14_TB_2	346.6415
layer_14_TB_3	346.9210
layer_14_TB_4	346.9213
layer_14_TB_5	346.6399
layer_14_TB_6	346.0749
layer_14_TB_7	345.3138
layer_14_TB_8	346.4128
layer_14_TB_9	347.2581
layer_14_TB_10	347.8828
layer_14_TB_11	348.1912
layer_14_TB_12	348.1925
layer_14_TB_13	347.8792
layer_14_TB_14	347.2522
layer_14_TB_15	346.4068
layer_14_TB_16	347.3554
layer_14_TB_17	348.2309
layer_14_TB_18	348.8728
layer_14_TB_19	349.1881
layer_14_TB_20	349.1873
layer_14_TB_21	348.8701
layer_14_TB_22	348.2293
layer_14_TB_23	347.3538
layer_14_TB_24	350.9661
layer_14_TB_25	351.7996
layer_14_TB_26	352.4049
layer_14_TB_27	352.7039
layer_14_TB_28	352.6986
layer_14_TB_29	352.4016
layer_14_TB_30	351.7942
layer_14_TB_31	350.9660
layer_15_B_160	342.4189
layer_15_B_161	343.2011
layer_15_B_162	343.7532
layer_15_B_163	344.0230
layer_15_B_164	344.0232
layer_15_B_165	343.7519
layer_15_B_166	343.1993
layer_15_B_167	342.4170
layer_15_B_168	343.3465
layer_15_B_169	344.2209
layer_15_B_170	344.8362
layer_15_B_171	345.1361
layer_15_B_172	345.1370
layer_15_B_173	344.8333
layer_15_B_174	344.2164
layer_15_B_175	343.3418
layer_15_B_176	344.1581
layer_15_B_177	345.0615
layer_15_B_178	345.6923
layer_15_B_179	345.9983
layer_15_B_180	345.9976
layer_15_B_181	345.6901
layer_15_B_182	345.0600
layer_15_B_183	344.1567
layer_15_B_184	346.8444
layer_15_B_185	347.6963
layer_15_B_186	348.2851
layer_15_B_187	348.5716
layer_15_B_188	348.5676
layer_15_B_189	348.2824
layer_15_B_190	347.6922
layer_15_B_191	346.8442
layer_16_TB_0	342.0947
layer_16_TB_1	342.8795
layer_16_TB_2	343.4301
layer_16_TB_3	343.6988
layer_16_TB_4	343.6990
layer_16_TB_5	343.4288
layer_16_TB_6	342.8777
layer_16_TB_7	342.0929
layer_16_TB_8	343.0066
layer_16_TB_9	343.8846
layer_16_TB_10	344.4987
layer_16_TB_11	344.7977
layer_16_TB_12	344.7985
layer_16_TB_13	344.4960
layer_16_TB_14	343.8801
layer_16_TB_15	343.0021
layer_16_TB_16	343.8011
layer_16_TB_17	344.7080
layer_16_TB_18	345.3375
layer_16_TB_19	345.6425
layer_16_TB_20	345.6418
layer_16_TB_21	345.3353
layer_16_TB_22	344.7065
layer_16_TB_23	343.7998
layer_16_TB_24	346.4003
layer_16_TB_25	347.2546
layer_16_TB_26	347.8414
layer_16_TB_27	348.1265
layer_16_TB_28	348.1226
layer_16_TB_29	347.8388
layer_16_TB_30	347.2505
layer_16_TB_31	346.4001
layer_17_B_192	338.8529
layer_17_B_193	339.6635
layer_17_B_194	340.1993
layer_17_B_195	340.4568
layer_17_B_196	340.4569
layer_17_B_197	340.1983
layer_17_B_198	339.6621
layer_17_B_199	338.8515
layer_17_B_200	339.6074
layer_17_B_201	340.5213
layer_17_B_202	341.1243
layer_17_B_203	341.4136
layer_17_B_204	341.4142
layer_17_B_205	341.1223
layer_17_B_206	340.5180
layer_17_B_207	339.6041
layer_17_B_208	340.2307
layer_17_B_209	341.1726
layer_17_B_210	341.7893
layer_17_B_211	342.0838
layer_17_B_212	342.0833
layer_17_B_213	341.7877
layer_17_B_214	341.1714
layer_17_B_215	340.2296
layer_17_B_216	341.9594
layer_17_B_217	342.8376
layer_17_B_218	343.4053
layer_17_B_219	343.6764
layer_17_B_220	343.6736
layer_17_B_221	343.4033
layer_17_B_222	342.8347
layer_17_B_223	341.9591
layer_18_TB_0	338.4960
layer_18_TB_1	339.3096
layer_18_TB_2	339.8437
layer_18_TB_3	340.0999
layer_18_TB_4	340.1000
layer_18_TB_5	339.8427
layer_18_TB_6	339.3083
layer_18_TB_7	338.4946
layer_18_TB_8	339.2355
layer_18_TB_9	340.1537
layer_18_TB_10	340.7555
layer_18_TB_11	341.0437
layer_18_TB_12	341.0442
layer_18_TB_13	340.7536
layer_18_TB_14	340.1506
layer_18_TB_15	339.2324
layer_18_TB_16	339.8392
layer_18_TB_17	340.7854
layer_18_TB_18	341.4006
layer_18_TB_19	341.6939
layer_18_TB_20	341.6934
layer_18_TB_21	341.3990
layer_18_TB_22	340.7842
layer_18_TB_23	339.8381
layer_18_TB_24	341.4841
layer_18_TB_25	342.3654
layer_18_TB_26	342.9308
layer_18_TB_27	343.2003
layer_18_TB_28	343.1977
layer_18_TB_29	342.9289
layer_18_TB_30	342.3626
layer_18_TB_31	341.4838
layer_19_B_224	334.9262
layer_19_B_225	335.7709
layer_19_B_226	336.2873
layer_19_B_227	336.5308
layer_19_B_228	336.5308
layer_19_B_229	336.2866
layer_19_B_230	335.7700
layer_19_B_231	334.9253
layer_19_B_232	335.5169
layer_19_B_233	336.4786
layer_19_B_234	337.0673
layer_19_B_235	337.3447
layer_19_B_236	337.3449
layer_19_B_237	337.0661
layer_19_B_238	336.4766
layer_19_B_239	335.5149
layer_19_B_240	335.9234
layer_19_B_241	336.9127
layer_19_B_242	337.5131
layer_19_B_243	337.7947
layer_19_B_244	337.7944
layer_19_B_245	337.5120
layer_19_B_246	336.9117
layer_19_B_247	335.9226
layer_19_B_248	336.7320
layer_19_B_249	337.6433
layer_19_B_250	338.1867
layer_19_B_251	338.4406
layer_19_B_252	338.4391
layer_19_B_253	338.1854
layer_19_B_254	337.6416
layer_19_B_255	336.7316
layer_20_TB_0	334.5382
layer_20_TB_1	335.3866
layer_20_TB_2	335.9009
layer_20_TB_3	336.1429
layer_20_TB_4	336.1430
layer_20_TB_5	335.9002
layer_20_TB_6	335.3857
layer_20_TB_7	334.5373
layer_20_TB_8	335.1146
layer_20_TB_9	336.0814
layer_20_TB_10	336.6687
layer_20_TB_11	336.9448
layer_20_TB_12	336.9450
layer_20_TB_13	336.6675
layer_20_TB_14	336.0796
layer_20_TB_15	335.1127
layer_20_TB_16	335.5001
layer_20_TB_17	336.4945
layer_20_TB_18	337.0932
layer_20_TB_19	337.3735
layer_20_TB_20	337.3732
layer_20_TB_21	337.0922
layer_20_TB_22	336.4936
layer_20_TB_23	335.4993
layer_20_TB_24	336.2266
layer_20_TB_25	337.1416
layer_20_TB_26	337.6824
layer_20_TB_27	337.9346
layer_20_TB_28	337.9332
layer_20_TB_29	337.6812
layer_20_TB_30	337.1400
layer_20_TB_31	336.2263
hsp_TB_0	330.6581
hsp_TB_1	331.5433
hsp_TB_2	332.0368
hsp_TB_3	332.2646
hsp_TB_4	332.2645
hsp_TB_5	332.0364
hsp_TB_6	331.5429
hsp_TB_7	330.6576
hsp_TB_8	331.0913
hsp_TB_9	332.1102
hsp_TB_10	332.6821
hsp_TB_11	332.9463
hsp_TB_12	332.9463
hsp_TB_13	332.6817
hsp_TB_14	332.1096
hsp_TB_15	331.0906
hsp_TB_16	331.2665
hsp_TB_17	332.3129
hsp_TB_18	332.8945
hsp_TB_19	333.1619
hsp_TB_20	333.1617
hsp_TB_21	332.8940
hsp_TB_22	332.3124
hsp_TB_23	331.2660
hsp_TB_24	331.1729
hsp_TB_25	332.1248
hsp_TB_26	332.6401
hsp_TB_27	332.8751
hsp_TB_28	332.8747
hsp_TB_29	332.6396
hsp_TB_30	332.1242
hsp_TB_31	331.1725
hsink_TB_0	329.2203
hsink_TB_1	329.9819
hsink_TB_2	330.4458
hsink_TB_3	330.6644
hsink_TB_4	330.6644
hsink_TB_5	330.4456
hsink_TB_6	329.9816
hsink_TB_7	329.2200
hsink_TB_8	329.5213
hsink_TB_9	330.4033
hsink_TB_10	330.9432
hsink_TB_11	331.1979
hsink_TB_12	331.1978
hsink_TB_13	330.9430
hsink_TB_14	330.4030
hsink_TB_15	329.5210
hsink_TB_16	329.5882
hsink_TB_17	330.4870
hsink_TB_18	331.0342
hsink_TB_19	331.2915
hsink_TB_20	331.2914
hsink_TB_21	331.0339
hsink_TB_22	330.4867
hsink_TB_23	329.5879
hsink_TB_24	329.3896
hsink_TB_25	330.1897
hsink_TB_26	330.6696
hsink_TB_27	330.8940
hsink_TB_28	330.8939
hsink_TB_29	330.6694
hsink_TB_30	330.1894
hsink_TB_31	329.3893
inode_0	327.0461
inode_1	327.0459
inode_2	327.7634
inode_3	327.5444
inode_4	327.0061
inode_5	327.0059
inode_6	327.7289
inode_7	327.5131
inode_8	325.7635
inode_9	325.7633
inode_10	326.2105
inode_11	326.0289
inode_12	355.9022
inode_13	355.9013
inode_14	356.5321
inode_15	354.8348
inode_16	355.8803
inode_17	355.8794
inode_18	356.5229
inode_19	354.8299
inode_20	351.8815
inode_21	351.8809
inode_22	355.2690
inode_23	353.8033
inode_24	340.6535
inode_25	340.6531
inode_26	341.4430
inode_27	340.5232
