pcb_C_0	327.2556
pcb_C_1	327.9243
pcb_C_2	328.2266
pcb_C_3	328.3549
pcb_C_4	328.3659
pcb_C_5	328.2652
pcb_C_6	328.0068
pcb_C_7	327.3431
pcb_C_8	326.9587
pcb_C_9	327.5380
pcb_C_10	327.8483
pcb_C_11	327.9918
pcb_C_12	328.0044
pcb_C_13	327.8877
pcb_C_14	327.6105
pcb_C_15	327.0414
pcb_C_16	326.5153
pcb_C_17	326.7684
pcb_C_18	326.9662
pcb_C_19	327.0759
pcb_C_20	327.0858
pcb_C_21	326.9962
pcb_C_22	326.8198
pcb_C_23	326.5825
pcb_C_24	326.1963
pcb_C_25	326.2001
pcb_C_26	326.2848
pcb_C_27	326.3478
pcb_C_28	326.3541
pcb_C_29	326.3039
pcb_C_30	326.2333
pcb_C_31	326.2477
solder_C_0	327.5963
solder_C_1	328.2142
solder_C_2	328.5222
solder_C_3	328.6569
solder_C_4	328.6682
solder_C_5	328.5650
solder_C_6	328.3362
solder_C_7	327.7210
solder_C_8	327.2722
solder_C_9	327.8005
solder_C_10	328.1186
solder_C_11	328.2671
solder_C_12	328.2806
solder_C_13	328.1590
solder_C_14	327.8825
solder_C_15	327.3674
solder_C_16	326.5341
solder_C_17	326.7067
solder_C_18	326.9146
solder_C_19	327.0324
solder_C_20	327.0425
solder_C_21	326.9445
solder_C_22	326.7587
solder_C_23	326.6038
solder_C_24	326.1351
solder_C_25	326.0564
solder_C_26	326.1529
solder_C_27	326.2251
solder_C_28	326.2315
solder_C_29	326.1722
solder_C_30	326.0897
solder_C_31	326.1878
sub_C_0	327.6873
sub_C_1	328.3060
sub_C_2	328.6201
sub_C_3	328.7578
sub_C_4	328.7688
sub_C_5	328.6623
sub_C_6	328.4489
sub_C_7	327.8316
sub_C_8	327.3686
sub_C_9	327.9085
sub_C_10	328.2337
sub_C_11	328.3832
sub_C_12	328.3973
sub_C_13	328.2735
sub_C_14	327.9907
sub_C_15	327.4657
sub_C_16	326.4444
sub_C_17	326.6481
sub_C_18	326.8659
sub_C_19	326.9869
sub_C_20	326.9969
sub_C_21	326.8957
sub_C_22	326.6996
sub_C_23	326.5130
sub_C_24	326.0257
sub_C_25	325.9865
sub_C_26	326.0947
sub_C_27	326.1708
sub_C_28	326.1772
sub_C_29	326.1140
sub_C_30	326.0197
sub_C_31	326.0773
layer_3_C_0	328.5093
layer_3_C_1	329.1899
layer_3_C_2	329.5568
layer_3_C_3	329.7212
layer_3_C_4	329.7286
layer_3_C_5	329.5898
layer_3_C_6	329.5406
layer_3_C_7	328.8433
layer_3_C_8	328.2947
layer_3_C_9	328.9924
layer_3_C_10	329.3880
layer_3_C_11	329.5463
layer_3_C_12	329.5669
layer_3_C_13	329.4217
layer_3_C_14	329.0734
layer_3_C_15	328.4054
layer_3_C_16	325.5355
layer_3_C_17	326.0424
layer_3_C_18	326.3575
layer_3_C_19	326.5092
layer_3_C_20	326.5190
layer_3_C_21	326.3856
layer_3_C_22	326.0891
layer_3_C_23	325.5932
layer_3_C_24	324.9789
layer_3_C_25	325.2978
layer_3_C_26	325.5189
layer_3_C_27	325.6311
layer_3_C_28	325.6378
layer_3_C_29	325.5385
layer_3_C_30	325.3294
layer_3_C_31	325.0208
layer_4_TB_0	328.3511
layer_4_TB_1	329.0325
layer_4_TB_2	329.3987
layer_4_TB_3	329.5627
layer_4_TB_4	329.5704
layer_4_TB_5	329.4324
layer_4_TB_6	329.3653
layer_4_TB_7	328.6690
layer_4_TB_8	328.1394
layer_4_TB_9	328.8370
layer_4_TB_10	329.2316
layer_4_TB_11	329.3909
layer_4_TB_12	329.4110
layer_4_TB_13	329.2655
layer_4_TB_14	328.9175
layer_4_TB_15	328.2482
layer_4_TB_16	325.5336
layer_4_TB_17	326.0409
layer_4_TB_18	326.3561
layer_4_TB_19	326.5079
layer_4_TB_20	326.5176
layer_4_TB_21	326.3842
layer_4_TB_22	326.0876
layer_4_TB_23	325.5913
layer_4_TB_24	324.9777
layer_4_TB_25	325.2969
layer_4_TB_26	325.5182
layer_4_TB_27	325.6304
layer_4_TB_28	325.6371
layer_4_TB_29	325.5377
layer_4_TB_30	325.3286
layer_4_TB_31	325.0195
hsp_TB_0	326.7699
hsp_TB_1	327.4590
hsp_TB_2	327.8176
hsp_TB_3	327.9774
hsp_TB_4	327.9883
hsp_TB_5	327.8590
hsp_TB_6	327.6119
hsp_TB_7	326.9258
hsp_TB_8	326.5861
hsp_TB_9	327.2827
hsp_TB_10	327.6669
hsp_TB_11	327.8379
hsp_TB_12	327.8517
hsp_TB_13	327.7039
hsp_TB_14	327.3591
hsp_TB_15	326.6765
hsp_TB_16	325.5140
hsp_TB_17	326.0257
hsp_TB_18	326.3419
hsp_TB_19	326.4940
hsp_TB_20	326.5037
hsp_TB_21	326.3700
hsp_TB_22	326.0724
hsp_TB_23	325.5715
hsp_TB_24	324.9654
hsp_TB_25	325.2887
hsp_TB_26	325.5109
hsp_TB_27	325.6234
hsp_TB_28	325.6301
hsp_TB_29	325.5305
hsp_TB_30	325.3203
hsp_TB_31	325.0071
hsink_TB_0	326.1278
hsink_TB_1	326.7907
hsink_TB_2	327.1444
hsink_TB_3	327.3029
hsink_TB_4	327.3145
hsink_TB_5	327.1847
hsink_TB_6	326.8794
hsink_TB_7	326.2240
hsink_TB_8	325.9939
hsink_TB_9	326.6649
hsink_TB_10	327.0440
hsink_TB_11	327.2179
hsink_TB_12	327.2300
hsink_TB_13	327.0812
hsink_TB_14	326.7329
hsink_TB_15	326.0720
hsink_TB_16	325.4409
hsink_TB_17	325.9494
hsink_TB_18	326.2651
hsink_TB_19	326.4175
hsink_TB_20	326.4270
hsink_TB_21	326.2932
hsink_TB_22	325.9956
hsink_TB_23	325.4975
hsink_TB_24	324.9531
hsink_TB_25	325.2777
hsink_TB_26	325.5001
hsink_TB_27	325.6127
hsink_TB_28	325.6193
hsink_TB_29	325.5196
hsink_TB_30	325.3092
hsink_TB_31	324.9947
inode_0	324.4536
inode_1	324.5127
inode_2	323.9200
inode_3	325.3076
inode_4	324.4396
inode_5	324.4984
inode_6	323.9129
inode_7	325.2957
inode_8	323.8733
inode_9	323.9268
inode_10	323.2500
inode_11	324.4737
inode_12	326.8132
inode_13	326.8975
inode_14	325.8918
inode_15	327.9864
inode_16	326.8111
inode_17	326.8952
inode_18	325.8916
inode_19	327.9857
inode_20	326.2637
inode_21	326.3348
inode_22	325.8383
inode_23	327.8812
inode_24	324.3693
inode_25	324.4237
inode_26	323.6541
inode_27	325.1167
