C_0	C_1	C_2	C_3	C_4	C_5	C_6	C_7	C_8	C_9	C_10	C_11	C_12	C_13	C_14	C_15	C_16	C_17	C_18	C_19	C_20	C_21	C_22	C_23	C_24	C_25	C_26	C_27	C_28	C_29	C_30	C_31	
68.33	69.23	69.23	68.38	69.17	70.51	70.51	69.14	69.65	71.00	71.00	69.68	68.95	69.82	69.82	68.90	66.38	67.27	67.24	66.42	67.16	68.43	68.39	67.09	67.13	68.43	68.39	67.09	66.36	67.17	67.15	66.29
68.39	69.28	69.28	68.48	69.18	70.44	70.42	69.11	69.65	70.96	70.96	69.72	69.13	69.99	69.98	69.03	66.20	67.12	67.11	66.28	66.87	68.07	68.06	66.79	66.80	68.07	68.05	66.82	66.16	66.94	66.93	66.05
68.17	69.06	69.06	68.31	68.93	70.11	70.09	68.83	69.38	70.64	70.64	69.48	69.00	69.83	69.83	68.87	66.11	67.05	67.04	66.23	66.71	67.85	67.84	66.61	66.60	67.83	67.83	66.66	66.06	66.80	66.79	65.92
68.16	69.05	69.05	68.33	68.90	70.02	70.00	68.77	69.33	70.55	70.56	69.46	69.06	69.87	69.86	68.89	66.06	67.00	67.00	66.21	66.61	67.69	67.68	66.49	66.45	67.66	67.65	66.54	65.99	66.71	66.69	65.83
68.16	69.05	69.05	68.36	68.88	69.95	69.93	68.73	69.29	70.49	70.49	69.45	69.11	69.90	69.89	68.91	66.02	66.97	66.98	66.20	66.54	67.57	67.55	66.39	66.35	67.52	67.52	66.45	65.95	66.64	66.62	65.77
68.16	69.04	69.04	68.38	68.87	69.90	69.87	68.70	69.26	70.43	70.44	69.44	69.15	69.93	69.91	68.93	66.00	66.96	66.97	66.20	66.49	67.47	67.46	66.32	66.27	67.41	67.42	66.39	65.92	66.59	66.57	65.72
68.16	69.04	69.05	68.41	68.86	69.85	69.83	68.67	69.23	70.38	70.39	69.43	69.19	69.95	69.93	68.94	65.99	66.95	66.96	66.20	66.45	67.40	67.38	66.27	66.20	67.33	67.33	66.34	65.91	66.55	66.53	65.68
68.17	69.04	69.05	68.43	68.85	69.81	69.78	68.65	69.21	70.34	70.35	69.43	69.22	69.97	69.95	68.96	65.98	66.94	66.95	66.21	66.43	67.34	67.32	66.23	66.15	67.25	67.26	66.31	65.90	66.52	66.50	65.66
68.17	69.04	69.05	68.46	68.85	69.78	69.75	68.63	69.19	70.30	70.32	69.44	69.25	69.99	69.96	68.97	65.98	66.94	66.95	66.23	66.41	67.28	67.27	66.19	66.10	67.19	67.20	66.28	65.89	66.49	66.47	65.64
68.17	69.04	69.06	68.48	68.85	69.74	69.71	68.61	69.17	70.27	70.29	69.44	69.28	70.00	69.98	68.98	65.98	66.93	66.95	66.24	66.40	67.24	67.22	66.16	66.07	67.13	67.15	66.26	65.89	66.48	66.45	65.62
68.18	69.05	69.06	68.50	68.85	69.72	69.68	68.59	69.15	70.24	70.26	69.45	69.31	70.02	69.99	68.99	65.98	66.93	66.96	66.26	66.39	67.20	67.18	66.13	66.03	67.08	67.10	66.24	65.90	66.46	66.43	65.61
68.18	69.05	69.07	68.52	68.86	69.69	69.65	68.58	69.14	70.21	70.24	69.45	69.34	70.03	70.00	69.00	65.98	66.93	66.96	66.27	66.39	67.17	67.14	66.11	66.00	67.03	67.05	66.22	65.90	66.45	66.42	65.60
68.19	69.05	69.07	68.55	68.86	69.66	69.63	68.56	69.13	70.19	70.22	69.46	69.37	70.04	70.01	69.01	65.98	66.93	66.96	66.29	66.38	67.13	67.11	66.09	65.97	66.99	67.01	66.21	65.90	66.43	66.40	65.59
68.19	69.05	69.07	68.56	68.86	69.64	69.60	68.55	69.12	70.17	70.20	69.47	69.39	70.05	70.01	69.02	65.98	66.93	66.96	66.30	66.38	67.11	67.07	66.07	65.95	66.95	66.98	66.20	65.91	66.42	66.39	65.58
68.19	69.05	69.08	68.58	68.87	69.62	69.58	68.54	69.11	70.15	70.18	69.48	69.41	70.06	70.02	69.02	65.98	66.92	66.96	66.32	66.38	67.08	67.05	66.05	65.93	66.91	66.94	66.19	65.91	66.41	66.37	65.57
68.20	69.05	69.08	68.60	68.87	69.60	69.55	68.53	69.10	70.13	70.17	69.49	69.44	70.07	70.02	69.03	65.97	66.92	66.96	66.33	66.38	67.06	67.02	66.04	65.90	66.88	66.91	66.18	65.92	66.40	66.36	65.56
68.20	69.05	69.08	68.62	68.88	69.59	69.53	68.52	69.33	70.36	70.40	69.74	69.70	70.32	70.28	69.28	65.97	66.91	66.96	66.34	66.39	67.04	67.00	66.02	65.88	66.84	66.88	66.17	65.92	66.39	66.35	65.55
68.20	69.05	69.09	68.64	68.89	69.57	69.51	68.51	69.35	70.37	70.42	69.78	69.75	70.36	70.31	69.31	65.97	66.91	66.95	66.36	66.39	67.02	66.97	66.01	65.86	66.81	66.85	66.16	65.93	66.38	66.33	65.54
68.21	69.05	69.09	68.66	68.89	69.56	69.50	68.50	69.36	70.37	70.43	69.81	69.79	70.38	70.33	69.33	65.97	66.91	66.95	66.37	66.40	67.00	66.95	66.00	65.84	66.78	66.82	66.15	65.93	66.37	66.32	65.53
68.21	69.05	69.10	68.68	68.90	69.54	69.48	68.49	69.36	70.37	70.43	69.83	69.81	70.39	70.34	69.34	65.97	66.90	66.95	66.38	66.40	66.98	66.93	65.99	65.82	66.75	66.79	66.15	65.93	66.36	66.31	65.52
68.21	69.05	69.10	68.70	68.91	69.53	69.46	68.48	69.36	70.37	70.43	69.85	69.84	70.40	70.34	69.35	65.97	66.89	66.95	66.39	66.40	66.97	66.91	65.97	65.80	66.72	66.76	66.14	65.94	66.35	66.29	65.52
68.21	69.05	69.11	68.71	68.92	69.52	69.45	68.48	69.36	70.36	70.42	69.87	69.86	70.41	70.35	69.36	65.96	66.89	66.95	66.40	66.41	66.95	66.89	65.96	65.78	66.69	66.74	66.14	65.94	66.34	66.28	65.51
68.22	69.05	69.11	68.73	68.92	69.51	69.43	68.47	69.35	70.35	70.41	69.88	69.88	70.41	70.35	69.36	65.96	66.88	66.94	66.41	66.42	66.94	66.88	65.95	65.76	66.66	66.71	66.13	65.94	66.33	66.27	65.50
68.22	69.05	69.11	68.74	68.93	69.49	69.42	68.46	69.35	70.34	70.41	69.89	69.90	70.42	70.35	69.36	65.95	66.87	66.94	66.42	66.42	66.93	66.86	65.94	65.75	66.64	66.69	66.13	65.95	66.32	66.26	65.49
68.22	69.05	69.11	68.76	68.94	69.48	69.40	68.45	69.35	70.33	70.40	69.90	69.91	70.42	70.35	69.36	65.95	66.86	66.93	66.43	66.42	66.91	66.84	65.93	65.73	66.61	66.67	66.12	65.95	66.31	66.24	65.48
68.22	69.05	69.12	68.77	68.95	69.47	69.39	68.45	69.34	70.32	70.40	69.92	69.93	70.42	70.34	69.36	65.94	66.85	66.93	66.44	66.43	66.90	66.83	65.92	65.71	66.59	66.65	66.12	65.95	66.30	66.23	65.47
68.22	69.05	69.12	68.79	68.95	69.46	69.38	68.44	69.34	70.31	70.39	69.93	69.94	70.42	70.34	69.36	65.94	66.84	66.92	66.45	66.43	66.89	66.81	65.91	65.70	66.56	66.62	66.11	65.95	66.29	66.22	65.46
68.22	69.05	69.12	68.80	68.96	69.45	69.36	68.43	69.33	70.30	70.39	69.94	69.95	70.42	70.33	69.36	65.93	66.83	66.91	66.45	66.44	66.88	66.80	65.90	65.68	66.54	66.60	66.11	65.96	66.28	66.21	65.45
68.22	69.04	69.12	68.81	68.97	69.45	69.35	68.42	69.33	70.29	70.38	69.95	69.97	70.42	70.33	69.36	65.92	66.82	66.91	66.46	66.44	66.87	66.78	65.89	65.66	66.52	66.58	66.10	65.96	66.27	66.19	65.45
68.22	69.04	69.12	68.82	68.97	69.44	69.34	68.42	69.32	70.28	70.38	69.96	69.98	70.42	70.33	69.36	65.92	66.81	66.90	66.47	66.45	66.86	66.77	65.88	65.65	66.49	66.56	66.10	65.96	66.27	66.18	65.44
68.22	69.04	69.12	68.84	68.98	69.43	69.33	68.41	69.32	70.27	70.38	69.97	69.99	70.42	70.32	69.36	65.91	66.80	66.89	66.47	66.45	66.85	66.75	65.87	65.63	66.47	66.55	66.10	65.96	66.26	66.17	65.43
68.21	69.04	69.13	68.85	68.99	69.42	69.31	68.40	69.31	70.26	70.37	69.98	70.00	70.42	70.32	69.35	65.90	66.79	66.89	66.48	66.46	66.84	66.74	65.86	65.62	66.45	66.53	66.09	65.96	66.25	66.16	65.42
68.21	69.03	69.13	68.86	68.99	69.41	69.30	68.40	69.31	70.26	70.37	69.99	70.01	70.42	70.31	69.35	65.90	66.78	66.88	66.48	66.46	66.83	66.73	65.86	65.60	66.43	66.51	66.09	65.96	66.24	66.14	65.41
68.21	69.03	69.13	68.87	69.00	69.40	69.29	68.39	69.30	70.25	70.36	70.00	70.02	70.41	70.30	69.34	65.89	66.77	66.87	66.49	66.46	66.82	66.71	65.85	65.59	66.41	66.49	66.08	65.96	66.23	66.13	65.40
68.21	69.03	69.13	68.88	69.01	69.40	69.28	68.38	69.30	70.24	70.36	70.01	70.03	70.41	70.30	69.34	65.88	66.76	66.86	66.49	66.47	66.81	66.70	65.84	65.58	66.39	66.48	66.08	65.96	66.22	66.12	65.39
68.21	69.03	69.13	68.89	69.01	69.39	69.27	68.38	69.29	70.23	70.35	70.02	70.04	70.41	70.29	69.34	65.87	66.75	66.86	66.49	66.47	66.80	66.69	65.83	65.56	66.37	66.46	66.08	65.96	66.21	66.11	65.38
68.21	69.02	69.13	68.90	69.02	69.38	69.26	68.37	69.29	70.22	70.35	70.02	70.05	70.41	70.28	69.33	65.87	66.74	66.85	66.50	66.47	66.79	66.68	65.82	65.55	66.35	66.44	66.07	65.97	66.20	66.10	65.38
68.21	69.02	69.13	68.91	69.02	69.38	69.25	68.36	69.28	70.22	70.35	70.03	70.06	70.40	70.28	69.33	65.86	66.73	66.84	66.50	66.48	66.79	66.66	65.81	65.54	66.33	66.43	66.07	65.97	66.20	66.09	65.37
68.20	69.02	69.13	68.92	69.03	69.37	69.24	68.36	69.28	70.21	70.34	70.04	70.07	70.40	70.27	69.32	65.85	66.71	66.83	66.51	66.48	66.78	66.65	65.80	65.52	66.31	66.41	66.07	65.97	66.19	66.07	65.36
68.20	69.01	69.13	68.93	69.04	69.37	69.23	68.35	69.27	70.20	70.34	70.05	70.07	70.40	70.26	69.32	65.84	66.70	66.83	66.51	66.48	66.77	66.64	65.80	65.51	66.29	66.40	66.06	65.97	66.18	66.06	65.35
68.20	69.01	69.13	68.94	69.04	69.36	69.22	68.34	69.27	70.19	70.34	70.06	70.08	70.40	70.26	69.31	65.83	66.69	66.82	66.51	66.49	66.76	66.63	65.79	65.50	66.28	66.39	66.06	65.97	66.17	66.05	65.34
68.20	69.01	69.14	68.95	69.05	69.35	69.21	68.34	69.26	70.19	70.33	70.06	70.09	70.39	70.25	69.31	65.83	66.68	66.81	66.52	66.49	66.76	66.62	65.78	65.48	66.26	66.37	66.06	65.97	66.17	66.04	65.33
68.20	69.01	69.14	68.96	69.05	69.35	69.21	68.33	69.25	70.17	70.33	70.07	70.09	70.39	70.23	69.30	65.82	66.67	66.81	66.52	66.50	66.75	66.61	65.77	65.47	66.25	66.36	66.05	65.97	66.16	66.03	65.33
68.19	69.00	69.14	68.96	69.06	69.34	69.19	68.32	69.25	70.17	70.33	70.08	70.10	70.39	70.23	69.30	65.81	66.66	66.80	66.52	66.50	66.74	66.60	65.76	65.46	66.23	66.34	66.05	65.97	66.15	66.02	65.32
68.19	69.00	69.14	68.97	69.06	69.34	69.18	68.32	69.25	70.17	70.33	70.09	70.11	70.38	70.23	69.29	65.80	66.65	66.79	66.52	66.50	66.74	66.59	65.76	65.45	66.21	66.33	66.05	65.97	66.14	66.01	65.31
68.43	69.24	69.39	69.23	69.31	69.58	69.42	68.55	69.24	70.16	70.32	70.09	70.12	70.38	70.22	69.29	65.79	66.64	66.79	66.53	66.50	66.73	66.58	65.75	65.44	66.20	66.32	66.05	65.97	66.14	66.00	65.30
68.45	69.27	69.41	69.26	69.35	69.61	69.44	68.57	69.24	70.15	70.32	70.10	70.12	70.38	70.21	69.28	65.78	66.63	66.78	66.53	66.50	66.72	66.57	65.74	65.43	66.18	66.31	66.04	65.97	66.13	65.99	65.29
68.46	69.28	69.43	69.28	69.37	69.62	69.45	68.58	69.24	70.15	70.32	70.11	70.13	70.38	70.21	69.28	65.78	66.62	66.77	66.53	66.51	66.72	66.56	65.73	65.41	66.17	66.30	66.04	65.97	66.12	65.98	65.29
68.47	69.28	69.44	69.30	69.38	69.62	69.45	68.59	69.23	70.14	70.32	70.12	70.14	70.37	70.20	69.27	65.77	66.61	66.76	66.53	66.51	66.71	66.55	65.73	65.40	66.15	66.28	66.04	65.96	66.11	65.97	65.28
68.48	69.29	69.45	69.32	69.40	69.63	69.46	68.59	69.23	70.14	70.32	70.12	70.15	70.37	70.20	69.27	65.76	66.60	66.76	66.53	66.51	66.71	66.54	65.72	65.39	66.14	66.27	66.04	65.96	66.11	65.96	65.27
68.48	69.30	69.46	69.33	69.41	69.63	69.45	68.59	68.98	69.88	70.07	69.88	69.90	70.12	69.94	69.02	65.75	66.58	66.75	66.53	66.51	66.70	66.53	65.71	65.38	66.12	66.26	66.03	65.96	66.10	65.95	65.26
68.48	69.30	69.46	69.34	69.42	69.63	69.45	68.59	68.95	69.85	70.04	69.86	69.88	70.09	69.91	68.99	65.74	66.57	66.74	66.53	66.51	66.69	66.52	65.70	65.37	66.11	66.25	66.03	65.96	66.09	65.94	65.25
68.48	69.29	69.46	69.35	69.42	69.63	69.44	68.58	68.93	69.83	70.02	69.85	69.87	70.07	69.88	68.97	65.73	66.56	66.73	66.53	66.51	66.68	66.51	65.69	65.36	66.09	66.24	66.03	65.96	66.09	65.93	65.25
68.48	69.29	69.47	69.36	69.43	69.63	69.44	68.58	68.91	69.81	70.00	69.84	69.86	70.05	69.86	68.95	65.72	66.55	66.72	66.53	66.51	66.68	66.49	65.68	65.35	66.08	66.23	66.03	65.96	66.08	65.92	65.24
68.47	69.29	69.47	69.36	69.43	69.62	69.43	68.57	68.90	69.80	70.00	69.84	69.86	70.04	69.85	68.94	65.71	66.54	66.72	66.53	66.51	66.67	66.48	65.67	65.34	66.07	66.22	66.02	65.96	66.07	65.91	65.23
68.47	69.29	69.47	69.37	69.44	69.62	69.42	68.57	68.89	69.79	69.99	69.84	69.86	70.04	69.84	68.93	65.70	66.52	66.71	66.53	66.51	66.66	66.47	65.66	65.33	66.05	66.21	66.02	65.96	66.07	65.90	65.22
68.47	69.28	69.47	69.38	69.44	69.62	69.42	68.56	68.88	69.78	69.98	69.84	69.86	70.03	69.83	68.92	65.69	66.51	66.70	66.53	66.51	66.66	66.46	65.66	65.32	66.04	66.20	66.02	65.96	66.06	65.89	65.21
68.46	69.28	69.47	69.38	69.45	69.61	69.41	68.55	68.88	69.77	69.98	69.84	69.86	70.02	69.82	68.91	65.69	66.50	66.69	66.53	66.51	66.65	66.45	65.65	65.31	66.03	66.19	66.01	65.96	66.05	65.88	65.21
68.46	69.28	69.47	69.39	69.45	69.61	69.40	68.55	68.87	69.76	69.97	69.84	69.86	70.02	69.81	68.90	65.68	66.49	66.69	66.53	66.51	66.64	66.44	65.64	65.30	66.01	66.18	66.01	65.96	66.05	65.87	65.20
68.46	69.27	69.47	69.39	69.46	69.61	69.40	68.54	68.86	69.75	69.97	69.85	69.86	70.01	69.80	68.90	65.67	66.48	66.68	66.53	66.52	66.64	66.44	65.63	65.29	66.00	66.17	66.01	65.96	66.04	65.86	65.19
68.45	69.27	69.47	69.40	69.46	69.60	69.39	68.54	68.86	69.75	69.97	69.85	69.87	70.01	69.79	68.89	65.66	66.47	66.67	66.53	66.52	66.63	66.43	65.62	65.28	65.99	66.16	66.01	65.95	66.04	65.86	65.18
68.45	69.27	69.47	69.41	69.46	69.60	69.38	68.53	68.85	69.74	69.96	69.85	69.87	70.00	69.78	68.88	65.65	66.46	66.67	66.53	66.52	66.63	66.42	65.62	65.27	65.98	66.15	66.00	65.95	66.03	65.85	65.18
68.45	69.27	69.47	69.41	69.47	69.60	69.38	68.53	68.84	69.73	69.96	69.86	69.87	70.00	69.78	68.88	65.64	66.45	66.66	66.53	66.52	66.62	66.41	65.61	65.26	65.97	66.14	66.00	65.95	66.02	65.84	65.17
68.44	69.26	69.47	69.42	69.47	69.60	69.37	68.52	68.84	69.72	69.96	69.86	69.87	69.99	69.77	68.87	65.63	66.44	66.65	66.53	66.52	66.62	66.40	65.60	65.25	65.95	66.13	66.00	65.95	66.02	65.83	65.16
68.44	69.26	69.47	69.42	69.47	69.59	69.37	68.52	68.83	69.72	69.95	69.86	69.88	69.99	69.76	68.86	65.63	66.43	66.65	66.53	66.52	66.61	66.39	65.59	65.24	65.94	66.12	66.00	65.95	66.01	65.82	65.15
68.44	69.26	69.47	69.43	69.48	69.59	69.36	68.51	68.83	69.71	69.95	69.86	69.88	69.99	69.75	68.86	65.62	66.42	66.64	66.53	66.52	66.60	66.38	65.59	65.23	65.93	66.11	65.99	65.95	66.01	65.81	65.15
68.44	69.25	69.47	69.43	69.48	69.59	69.35	68.51	68.82	69.71	69.95	69.87	69.88	69.98	69.75	68.85	65.61	66.42	66.63	66.53	66.52	66.60	66.38	65.58	65.22	65.92	66.11	65.99	65.95	66.00	65.80	65.14
68.43	69.25	69.47	69.43	69.49	69.58	69.35	68.50	68.81	69.70	69.94	69.87	69.88	69.98	69.74	68.84	65.60	66.41	66.63	66.53	66.52	66.59	66.37	65.57	65.21	65.91	66.10	65.99	65.95	66.00	65.80	65.13
68.43	69.25	69.47	69.44	69.49	69.58	69.34	68.49	68.81	69.69	69.94	69.87	69.88	69.97	69.73	68.84	65.59	66.40	66.62	66.53	66.52	66.59	66.36	65.57	65.20	65.90	66.09	65.99	65.94	65.99	65.79	65.13
68.42	69.24	69.47	69.44	69.49	69.58	69.34	68.49	68.80	69.69	69.94	69.87	69.89	69.97	69.72	68.83	65.59	66.39	66.62	66.53	66.52	66.58	66.35	65.56	65.19	65.89	66.08	65.98	65.94	65.98	65.78	65.12
68.42	69.24	69.47	69.45	69.49	69.58	69.33	68.48	68.80	69.68	69.93	69.87	69.89	69.97	69.72	68.82	65.58	66.38	66.61	66.53	66.52	66.58	66.34	65.55	65.18	65.88	66.07	65.98	65.94	65.98	65.77	65.11
68.42	69.24	69.47	69.45	69.50	69.57	69.32	68.48	68.79	69.67	69.93	69.88	69.89	69.96	69.71	68.82	65.57	66.37	66.60	66.53	66.52	66.57	66.33	65.54	65.18	65.87	66.07	65.98	65.94	65.97	65.76	65.10
68.41	69.23	69.47	69.45	69.50	69.57	69.32	68.47	68.78	69.67	69.93	69.88	69.89	69.96	69.70	68.81	65.56	66.36	66.60	66.53	66.52	66.57	66.33	65.54	65.17	65.86	66.06	65.98	65.94	65.97	65.76	65.10
68.41	69.23	69.47	69.46	69.50	69.57	69.31	68.47	68.78	69.66	69.93	69.88	69.89	69.95	69.70	68.80	65.56	66.35	66.59	66.53	66.52	66.56	66.32	65.53	65.16	65.85	66.05	65.97	65.94	65.96	65.75	65.09
68.41	69.23	69.47	69.46	69.50	69.57	69.31	68.46	68.77	69.66	69.92	69.88	69.89	69.95	69.69	68.80	65.55	66.34	66.59	66.53	66.52	66.56	66.31	65.52	65.15	65.84	66.04	65.97	65.93	65.96	65.74	65.08
68.40	69.22	69.47	69.46	69.51	69.56	69.30	68.46	68.77	69.65	69.92	69.88	69.90	69.95	69.68	68.79	65.54	66.34	66.58	66.53	66.52	66.55	66.30	65.52	65.14	65.83	66.04	65.97	65.93	65.95	65.73	65.08
68.40	69.22	69.47	69.47	69.51	69.56	69.30	68.45	68.76	69.64	69.92	69.89	69.90	69.94	69.67	68.78	65.53	66.33	66.58	66.53	66.52	66.55	66.30	65.51	65.14	65.82	66.03	65.97	65.93	65.95	65.73	65.07
68.39	69.22	69.47	69.47	69.51	69.56	69.29	68.45	68.76	69.64	69.91	69.89	69.90	69.94	69.67	68.78	65.53	66.32	66.57	66.53	66.52	66.55	66.29	65.50	65.13	65.81	66.02	65.96	65.93	65.94	65.72	65.06
68.39	69.21	69.47	69.47	69.51	69.56	69.29	68.44	68.75	69.63	69.91	69.89	69.90	69.94	69.66	68.77	65.52	66.31	66.57	66.53	66.52	66.54	66.28	65.50	65.12	65.80	66.02	65.96	65.93	65.94	65.71	65.06
68.39	69.21	69.47	69.48	69.51	69.55	69.28	68.44	68.74	69.63	69.91	69.89	69.90	69.93	69.66	68.77	65.51	66.30	66.56	66.52	66.51	66.54	66.27	65.49	65.11	65.79	66.01	65.96	65.93	65.93	65.70	65.05
68.38	69.21	69.46	69.48	69.52	69.55	69.27	68.43	68.74	69.62	69.91	69.89	69.90	69.93	69.65	68.76	65.50	66.29	66.56	66.52	66.51	66.53	66.27	65.48	65.10	65.78	66.00	65.96	65.92	65.93	65.70	65.04
68.38	69.20	69.46	69.48	69.52	69.55	69.27	68.42	68.73	69.62	69.90	69.89	69.90	69.93	69.64	68.75	65.50	66.29	66.55	66.52	66.51	66.53	66.26	65.48	65.09	65.77	65.99	65.95	65.92	65.92	65.69	65.04
68.37	69.20	69.46	69.48	69.52	69.55	69.26	68.42	68.73	69.61	69.90	69.89	69.90	69.92	69.64	68.75	65.49	66.28	66.54	66.52	66.51	66.52	66.25	65.47	65.09	65.76	65.99	65.95	65.92	65.92	65.68	65.03
68.37	69.20	69.46	69.49	69.52	69.54	69.26	68.41	68.72	69.60	69.90	69.90	69.90	69.92	69.63	68.74	65.48	66.27	66.54	66.52	66.51	66.52	66.24	65.46	65.08	65.75	65.98	65.95	65.92	65.91	65.68	65.02
68.37	69.19	69.46	69.49	69.52	69.54	69.25	68.41	68.72	69.60	69.89	69.90	69.90	69.92	69.62	68.74	65.48	66.26	66.53	66.52	66.51	66.51	66.24	65.46	65.07	65.74	65.97	65.95	65.92	65.91	65.67	65.02
68.36	69.19	69.46	69.49	69.52	69.54	69.25	68.40	68.71	69.59	69.89	69.90	69.91	69.91	69.62	68.73	65.47	66.25	66.53	66.52	66.51	66.51	66.23	65.45	65.06	65.73	65.97	65.94	65.92	65.90	65.66	65.01
68.36	69.19	69.46	69.49	69.53	69.53	69.24	68.40	68.71	69.59	69.89	69.90	69.91	69.91	69.61	68.72	65.46	66.25	66.52	66.52	66.51	66.50	66.22	65.44	65.05	65.73	65.96	65.94	65.91	65.90	65.66	65.00
68.35	69.18	69.46	69.49	69.53	69.53	69.24	68.39	68.70	69.58	69.89	69.90	69.91	69.91	69.61	68.72	65.45	66.24	66.52	66.52	66.51	66.50	66.22	65.44	65.05	65.72	65.96	65.94	65.91	65.89	65.65	65.00
68.35	69.18	69.46	69.50	69.53	69.53	69.23	68.39	68.69	69.58	69.88	69.90	69.91	69.90	69.60	68.71	65.45	66.23	66.51	66.51	66.51	66.50	66.21	65.43	65.04	65.71	65.95	65.93	65.91	65.89	65.64	64.99
68.35	69.18	69.46	69.50	69.53	69.53	69.23	68.38	68.69	69.57	69.88	69.90	69.91	69.90	69.59	68.71	65.44	66.23	66.51	66.51	66.51	66.49	66.20	65.42	65.03	65.70	65.94	65.93	65.91	65.88	65.64	64.99
68.34	69.17	69.45	69.50	69.53	69.52	69.22	68.38	68.68	69.57	69.88	69.90	69.91	69.90	69.59	68.70	65.43	66.22	66.50	66.51	66.51	66.49	66.20	65.42	65.03	65.69	65.94	65.93	65.91	65.88	65.63	64.98
68.34	69.17	69.45	69.50	69.53	69.52	69.22	68.37	68.68	69.56	69.87	69.90	69.91	69.89	69.58	68.69	65.43	66.21	66.50	66.51	66.50	66.48	66.19	65.41	65.02	65.69	65.93	65.93	65.90	65.87	65.62	64.97
68.33	69.17	69.45	69.50	69.53	69.52	69.21	68.37	68.67	69.56	69.87	69.90	69.91	69.89	69.57	68.69	65.42	66.20	66.49	66.51	66.50	66.48	66.18	65.40	65.01	65.68	65.92	65.92	65.90	65.87	65.61	64.97
68.33	69.16	69.45	69.50	69.53	69.52	69.21	68.36	68.67	69.55	69.87	69.90	69.91	69.89	69.57	68.68	65.41	66.20	66.49	66.51	66.50	66.47	66.18	65.40	65.00	65.67	65.92	65.92	65.90	65.87	65.61	64.96
68.33	69.16	69.45	69.51	69.53	69.51	69.20	68.36	68.66	69.55	69.87	69.90	69.91	69.88	69.56	68.68	65.41	66.19	66.49	66.51	66.50	66.47	66.17	65.39	65.00	65.66	65.91	65.92	65.90	65.86	65.60	64.96
68.32	69.15	69.45	69.51	69.53	69.51	69.20	68.35	68.66	69.54	69.86	69.90	69.91	69.88	69.56	68.67	65.40	66.18	66.48	66.51	66.50	66.47	66.16	65.39	64.99	65.66	65.91	65.92	65.89	65.86	65.60	64.95
68.32	69.15	69.45	69.51	69.53	69.51	69.19	68.35	68.65	69.53	69.86	69.90	69.91	69.88	69.55	68.67	65.39	66.18	66.48	66.50	66.50	66.46	66.16	65.38	64.98	65.65	65.90	65.91	65.89	65.85	65.59	64.94
68.31	69.15	69.44	69.51	69.54	69.50	69.18	68.34	68.65	69.53	69.86	69.90	69.91	69.87	69.55	68.66	65.39	66.17	66.47	66.50	66.50	66.46	66.15	65.38	64.98	65.64	65.90	65.91	65.89	65.85	65.59	64.94
68.31	69.14	69.44	69.51	69.54	69.50	69.18	68.34	68.64	69.52	69.85	69.90	69.91	69.87	69.54	68.65	65.38	66.16	66.47	66.50	66.50	66.45	66.15	65.37	64.97	65.63	65.89	65.91	65.89	65.84	65.58	64.93
68.30	69.14	69.44	69.51	69.54	69.50	69.18	68.33	68.63	69.52	69.85	69.90	69.91	69.87	69.54	68.65	65.37	66.16	66.46	66.50	66.49	66.45	66.14	65.36	64.96	65.63	65.89	65.90	65.89	65.84	65.57	64.93
68.30	69.14	69.44	69.51	69.54	69.50	69.17	68.33	68.63	69.51	69.85	69.90	69.91	69.86	69.53	68.64	65.37	66.15	66.46	66.50	66.49	66.45	66.13	65.36	64.96	65.62	65.88	65.90	65.88	65.83	65.57	64.92
68.30	69.13	69.44	69.51	69.53	69.50	69.17	68.32	68.62	69.51	69.85	69.90	69.91	69.86	69.52	68.64	65.36	66.14	66.45	66.49	66.49	66.44	66.13	65.35	64.95	65.61	65.87	65.90	65.88	65.83	65.56	64.91
68.29	69.13	69.44	69.51	69.54	69.49	69.16	68.32	68.62	69.50	69.84	69.90	69.91	69.85	69.52	68.63	65.36	66.14	66.45	66.49	66.49	66.44	66.12	65.34	64.94	65.60	65.87	65.90	65.88	65.83	65.55	64.91
68.29	69.12	69.44	69.51	69.54	69.49	69.16	68.31	68.61	69.50	69.84	69.90	69.91	69.85	69.51	68.63	65.35	66.13	66.45	66.49	66.49	66.43	66.12	65.34	64.94	65.60	65.86	65.89	65.88	65.82	65.55	64.90
68.28	69.12	69.43	69.51	69.54	69.49	69.15	68.31	68.61	69.49	69.84	69.90	69.90	69.85	69.51	68.62	65.34	66.12	66.44	66.49	66.49	66.43	66.11	65.33	64.93	65.59	65.86	65.89	65.88	65.82	65.54	64.90
68.28	69.12	69.43	69.51	69.54	69.48	69.15	68.30	68.60	69.49	69.83	69.90	69.90	69.85	69.50	68.61	65.34	66.12	66.44	66.49	66.48	66.43	66.10	65.33	64.92	65.58	65.85	65.89	65.87	65.81	65.54	64.89
68.27	69.11	69.43	69.51	69.54	69.48	69.14	68.30	68.60	69.48	69.83	69.90	69.90	69.84	69.50	68.61	65.33	66.11	66.43	66.49	66.48	66.42	66.10	65.32	64.92	65.58	65.85	65.89	65.87	65.81	65.53	64.88
68.27	69.11	69.43	69.51	69.54	69.48	69.14	68.29	68.59	69.48	69.83	69.90	69.90	69.84	69.49	68.60	65.33	66.11	66.43	66.49	66.48	66.42	66.09	65.31	64.91	65.57	65.84	65.88	65.87	65.80	65.53	64.88
68.27	69.11	69.43	69.51	69.54	69.48	69.13	68.29	68.59	69.47	69.83	69.90	69.90	69.84	69.49	68.60	65.32	66.10	66.42	66.48	66.48	66.41	66.09	65.31	64.90	65.56	65.84	65.88	65.87	65.80	65.52	64.87
68.26	69.10	69.42	69.51	69.54	69.47	69.13	68.28	68.58	69.47	69.82	69.90	69.90	69.83	69.48	68.59	65.31	66.09	66.42	66.48	66.48	66.41	66.08	65.30	64.90	65.56	65.83	65.88	65.86	65.80	65.51	64.87
