Metric	Core0	Core1	Core2	Core3	Core4	Core5	Core6	Core7	Core8	Core9	Core10	Core11	Core12	Core13	Core14	Core15	Core16	Core17	Core18	Core19	Core20	Core21	Core22	Core23	Core24	Core25	Core26	Core27	Core28	Core29	Core30	Core31
total	2.314	2.312	2.209	2.180	2.258	2.271	2.432	2.414	1000.043	1000.043	1000.043	1000.043	1000.043	1000.043	1000.043	1000.043	3600155.658	3600155.658	3600155.658	3600155.658	3600155.658	3600155.658	3600155.658	3600155.658	1000.043	1000.043	1000.043	1000.043	1000.043	1000.043	1000.043	1000.043
base	0.250	0.250	0.250	0.250	0.250	0.250	0.250	0.250	0.000	0.000	0.000	0.000	0.000	0.000	0.000	0.000	0.000	0.000	0.000	0.000	0.000	0.000	0.000	0.000	0.000	0.000	0.000	0.000	0.000	0.000	0.000	0.000
dispatch_width	-
rs_full	-
depend	-
depend-int	-
depend-fp	0.139	0.139	0.140	0.139	0.139	0.140	0.138	0.137	0.000	0.000	0.000	0.000	0.000	0.000	0.000	0.000	0.000	0.000	0.000	0.000	0.000	0.000	0.000	0.000	0.000	0.000	0.000	0.000	0.000	0.000	0.000	0.000
depend-branch	-
issue	0.067	0.067	0.066	0.066	0.067	0.066	0.068	0.069	0.000	0.000	0.000	0.000	0.000	0.000	0.000	0.000	0.000	0.000	0.000	0.000	0.000	0.000	0.000	0.000	0.000	0.000	0.000	0.000	0.000	0.000	0.000	0.000
serial	-
smt	-
branch	0.601	0.588	0.544	0.516	0.558	0.571	0.650	0.636	0.000	0.000	0.000	0.000	0.000	0.000	0.000	0.000	0.000	0.000	0.000	0.000	0.000	0.000	0.000	0.000	0.000	0.000	0.000	0.000	0.000	0.000	0.000	0.000
itlb	-
dtlb	-
ifetch	-
mem	-
mem-l1d	-
mem-l2	-
mem-l3	-
mem-l4	-
mem-remote	-
mem-nuca	-
mem-dram-cache	-
mem-dram	1.192	1.205	1.147	1.148	1.183	1.181	1.262	1.259	0.000	0.000	0.000	0.000	0.000	0.000	0.000	0.000	0.000	0.000	0.000	0.000	0.000	0.000	0.000	0.000	0.000	0.000	0.000	0.000	0.000	0.000	0.000	0.000
sync	-
dvfs-transition	-
imbalance	0.000	0.000	0.000	0.000	0.000	0.000	0.000	0.000	1000.043	1000.043	1000.043	1000.043	1000.043	1000.043	1000.043	1000.043	3600155.658	3600155.658	3600155.658	3600155.658	3600155.658	3600155.658	3600155.658	3600155.658	1000.043	1000.043	1000.043	1000.043	1000.043	1000.043	1000.043	1000.043
other	0.064	0.063	0.063	0.061	0.063	0.063	0.065	0.064	0.000	0.000	0.000	0.000	0.000	0.000	0.000	0.000	0.000	0.000	0.000	0.000	0.000	0.000	0.000	0.000	0.000	0.000	0.000	0.000	0.000	0.000	0.000	0.000
