pcb_C_0	329.0391
pcb_C_1	329.8217
pcb_C_2	330.1730
pcb_C_3	330.3190
pcb_C_4	330.3194
pcb_C_5	330.1731
pcb_C_6	329.8191
pcb_C_7	329.0365
pcb_C_8	328.7319
pcb_C_9	329.4279
pcb_C_10	329.7933
pcb_C_11	329.9577
pcb_C_12	329.9578
pcb_C_13	329.7929
pcb_C_14	329.4260
pcb_C_15	328.7298
pcb_C_16	328.2035
pcb_C_17	328.5151
pcb_C_18	328.7505
pcb_C_19	328.8758
pcb_C_20	328.8757
pcb_C_21	328.7499
pcb_C_22	328.5139
pcb_C_23	328.2018
pcb_C_24	327.8120
pcb_C_25	327.8211
pcb_C_26	327.9222
pcb_C_27	327.9936
pcb_C_28	327.9935
pcb_C_29	327.9218
pcb_C_30	327.8204
pcb_C_31	327.8107
solder_C_0	329.4321
solder_C_1	330.1525
solder_C_2	330.5077
solder_C_3	330.6618
solder_C_4	330.6629
solder_C_5	330.5088
solder_C_6	330.1480
solder_C_7	329.4282
solder_C_8	329.1353
solder_C_9	329.7726
solder_C_10	330.1453
solder_C_11	330.3176
solder_C_12	330.3177
solder_C_13	330.1450
solder_C_14	329.7705
solder_C_15	329.1330
solder_C_16	328.2347
solder_C_17	328.4501
solder_C_18	328.6969
solder_C_19	328.8323
solder_C_20	328.8321
solder_C_21	328.6963
solder_C_22	328.4489
solder_C_23	328.2330
solder_C_24	327.7410
solder_C_25	327.6505
solder_C_26	327.7652
solder_C_27	327.8476
solder_C_28	327.8474
solder_C_29	327.7648
solder_C_30	327.6497
solder_C_31	327.7397
sub_C_0	329.5276
sub_C_1	330.2508
sub_C_2	330.6116
sub_C_3	330.7696
sub_C_4	330.7712
sub_C_5	330.6135
sub_C_6	330.2451
sub_C_7	329.5230
sub_C_8	329.2703
sub_C_9	329.9204
sub_C_10	330.3002
sub_C_11	330.4753
sub_C_12	330.4754
sub_C_13	330.2999
sub_C_14	329.9184
sub_C_15	329.2681
sub_C_16	328.1280
sub_C_17	328.3800
sub_C_18	328.6385
sub_C_19	328.7777
sub_C_20	328.7775
sub_C_21	328.6380
sub_C_22	328.3788
sub_C_23	328.1264
sub_C_24	327.6100
sub_C_25	327.5666
sub_C_26	327.6954
sub_C_27	327.7823
sub_C_28	327.7822
sub_C_29	327.6950
sub_C_30	327.5659
sub_C_31	327.6087
layer_3_C_0	330.3752
layer_3_C_1	331.1880
layer_3_C_2	331.5959
layer_3_C_3	331.7885
layer_3_C_4	331.7945
layer_3_C_5	331.6056
layer_3_C_6	331.1703
layer_3_C_7	330.3636
layer_3_C_8	330.5785
layer_3_C_9	331.4087
layer_3_C_10	331.8590
layer_3_C_11	332.0604
layer_3_C_12	332.0599
layer_3_C_13	331.8582
layer_3_C_14	331.4078
layer_3_C_15	330.5780
layer_3_C_16	327.0410
layer_3_C_17	327.6514
layer_3_C_18	328.0253
layer_3_C_19	328.2010
layer_3_C_20	328.2009
layer_3_C_21	328.0248
layer_3_C_22	327.6504
layer_3_C_23	327.0396
layer_3_C_24	326.3567
layer_3_C_25	326.7408
layer_3_C_26	327.0040
layer_3_C_27	327.1337
layer_3_C_28	327.1335
layer_3_C_29	327.0036
layer_3_C_30	326.7401
layer_3_C_31	326.3556
layer_4_TB_0	330.1977
layer_4_TB_1	331.0109
layer_4_TB_2	331.4194
layer_4_TB_3	331.6113
layer_4_TB_4	331.6169
layer_4_TB_5	331.4284
layer_4_TB_6	330.9943
layer_4_TB_7	330.1867
layer_4_TB_8	330.3754
layer_4_TB_9	331.2060
layer_4_TB_10	331.6563
layer_4_TB_11	331.8576
layer_4_TB_12	331.8571
layer_4_TB_13	331.6555
layer_4_TB_14	331.2050
layer_4_TB_15	330.3748
layer_4_TB_16	327.0385
layer_4_TB_17	327.6495
layer_4_TB_18	328.0235
layer_4_TB_19	328.1993
layer_4_TB_20	328.1991
layer_4_TB_21	328.0230
layer_4_TB_22	327.6485
layer_4_TB_23	327.0372
layer_4_TB_24	326.3552
layer_4_TB_25	326.7398
layer_4_TB_26	327.0031
layer_4_TB_27	327.1328
layer_4_TB_28	327.1327
layer_4_TB_29	327.0027
layer_4_TB_30	326.7391
layer_4_TB_31	326.3542
hsp_TB_0	328.4234
hsp_TB_1	329.2401
hsp_TB_2	329.6547
hsp_TB_3	329.8391
hsp_TB_4	329.8409
hsp_TB_5	329.6570
hsp_TB_6	329.2338
hsp_TB_7	328.4183
hsp_TB_8	328.3449
hsp_TB_9	329.1792
hsp_TB_10	329.6287
hsp_TB_11	329.8300
hsp_TB_12	329.8300
hsp_TB_13	329.6284
hsp_TB_14	329.1774
hsp_TB_15	328.3430
hsp_TB_16	327.0141
hsp_TB_17	327.6304
hsp_TB_18	328.0056
hsp_TB_19	328.1817
hsp_TB_20	328.1816
hsp_TB_21	328.0050
hsp_TB_22	327.6294
hsp_TB_23	327.0128
hsp_TB_24	326.3404
hsp_TB_25	326.7299
hsp_TB_26	326.9944
hsp_TB_27	327.1244
hsp_TB_28	327.1243
hsp_TB_29	326.9940
hsp_TB_30	326.7292
hsp_TB_31	326.3394
hsink_TB_0	327.6914
hsink_TB_1	328.4765
hsink_TB_2	328.8907
hsink_TB_3	329.0723
hsink_TB_4	329.0728
hsink_TB_5	328.8908
hsink_TB_6	328.4736
hsink_TB_7	327.6885
hsink_TB_8	327.5826
hsink_TB_9	328.3860
hsink_TB_10	328.8333
hsink_TB_11	329.0341
hsink_TB_12	329.0342
hsink_TB_13	328.8329
hsink_TB_14	328.3842
hsink_TB_15	327.5806
hsink_TB_16	326.9200
hsink_TB_17	327.5321
hsink_TB_18	327.9070
hsink_TB_19	328.0831
hsink_TB_20	328.0830
hsink_TB_21	327.9065
hsink_TB_22	327.5310
hsink_TB_23	326.9186
hsink_TB_24	326.3255
hsink_TB_25	326.7164
hsink_TB_26	326.9811
hsink_TB_27	327.1112
hsink_TB_28	327.1111
hsink_TB_29	326.9807
hsink_TB_30	326.7157
hsink_TB_31	326.3244
inode_0	325.7192
inode_1	325.7176
inode_2	325.0699
inode_3	326.6543
inode_4	325.7023
inode_5	325.7007
inode_6	325.0615
inode_7	326.6405
inode_8	325.0223
inode_9	325.0209
inode_10	324.2664
inode_11	325.6638
inode_12	328.5500
inode_13	328.5477
inode_14	327.4322
inode_15	329.8204
inode_16	328.5474
inode_17	328.5451
inode_18	327.4320
inode_19	329.8196
inode_20	327.8867
inode_21	327.8847
inode_22	327.3680
inode_23	329.6983
inode_24	325.6133
inode_25	325.6118
inode_26	324.7493
inode_27	326.4176
