pcb_LC_0	371.8292
pcb_LC_1	373.7796
pcb_LC_2	374.6466
pcb_LC_3	374.9973
pcb_LC_4	374.9978
pcb_LC_5	374.6473
pcb_LC_6	373.7804
pcb_LC_7	371.8303
pcb_LC_8	371.7885
pcb_LC_9	374.0980
pcb_LC_10	375.2090
pcb_LC_11	375.6713
pcb_LC_12	375.6720
pcb_LC_13	375.2102
pcb_LC_14	374.0992
pcb_LC_15	371.7897
pcb_LC_16	371.7853
pcb_LC_17	374.0922
pcb_LC_18	375.2022
pcb_LC_19	375.6641
pcb_LC_20	375.6648
pcb_LC_21	375.2034
pcb_LC_22	374.0936
pcb_LC_23	371.7866
pcb_LC_24	371.8208
pcb_LC_25	373.7657
pcb_LC_26	374.6306
pcb_LC_27	374.9806
pcb_LC_28	374.9810
pcb_LC_29	374.6315
pcb_LC_30	373.7670
pcb_LC_31	371.8221
solder_LC_0	375.1573
solder_LC_1	375.8466
solder_LC_2	376.3781
solder_LC_3	376.6563
solder_LC_4	376.6578
solder_LC_5	376.3783
solder_LC_6	375.8477
solder_LC_7	375.1592
solder_LC_8	375.3548
solder_LC_9	376.2614
solder_LC_10	376.9472
solder_LC_11	377.3062
solder_LC_12	377.3090
solder_LC_13	376.9500
solder_LC_14	376.2628
solder_LC_15	375.3559
solder_LC_16	375.3457
solder_LC_17	376.2478
solder_LC_18	376.9323
solder_LC_19	377.2911
solder_LC_20	377.2929
solder_LC_21	376.9349
solder_LC_22	376.2498
solder_LC_23	375.3470
solder_LC_24	375.1407
solder_LC_25	375.8218
solder_LC_26	376.3501
solder_LC_27	376.6272
solder_LC_28	376.6283
solder_LC_29	376.3513
solder_LC_30	375.8246
solder_LC_31	375.1434
sub_LC_0	375.4945
sub_LC_1	376.2281
sub_LC_2	376.8179
sub_LC_3	377.1273
sub_LC_4	377.1298
sub_LC_5	376.8164
sub_LC_6	376.2294
sub_LC_7	375.4976
sub_LC_8	375.7159
sub_LC_9	376.6415
sub_LC_10	377.3703
sub_LC_11	377.7536
sub_LC_12	377.7594
sub_LC_13	377.3747
sub_LC_14	376.6427
sub_LC_15	375.7162
sub_LC_16	375.6982
sub_LC_17	376.6198
sub_LC_18	377.3475
sub_LC_19	377.7318
sub_LC_20	377.7342
sub_LC_21	377.3510
sub_LC_22	376.6215
sub_LC_23	375.6987
sub_LC_24	375.4709
sub_LC_25	376.1973
sub_LC_26	376.7833
sub_LC_27	377.0913
sub_LC_28	377.0931
sub_LC_29	376.7838
sub_LC_30	376.2018
sub_LC_31	375.4755
layer_3_LC_0	378.3769
layer_3_LC_1	379.6951
layer_3_LC_2	380.8590
layer_3_LC_3	381.4594
layer_3_LC_4	381.4731
layer_3_LC_5	380.8368
layer_3_LC_6	379.6984
layer_3_LC_7	378.3926
layer_3_LC_8	378.8402
layer_3_LC_9	380.2366
layer_3_LC_10	381.4462
layer_3_LC_11	382.0813
layer_3_LC_12	382.1214
layer_3_LC_13	381.4691
layer_3_LC_14	380.2349
layer_3_LC_15	378.8313
layer_3_LC_16	378.7295
layer_3_LC_17	380.1235
layer_3_LC_18	381.3351
layer_3_LC_19	381.9863
layer_3_LC_20	381.9939
layer_3_LC_21	381.3481
layer_3_LC_22	380.1210
layer_3_LC_23	378.7190
layer_3_LC_24	378.2891
layer_3_LC_25	379.6077
layer_3_LC_26	380.7617
layer_3_LC_27	381.3572
layer_3_LC_28	381.3675
layer_3_LC_29	380.7525
layer_3_LC_30	379.6306
layer_3_LC_31	378.3129
layer_4_TB_0	378.2395
layer_4_TB_1	379.5559
layer_4_TB_2	380.7172
layer_4_TB_3	381.3161
layer_4_TB_4	381.3297
layer_4_TB_5	380.6949
layer_4_TB_6	379.5591
layer_4_TB_7	378.2552
layer_4_TB_8	378.7029
layer_4_TB_9	380.0972
layer_4_TB_10	381.3042
layer_4_TB_11	381.9376
layer_4_TB_12	381.9778
layer_4_TB_13	381.3271
layer_4_TB_14	380.0955
layer_4_TB_15	378.6940
layer_4_TB_16	378.5921
layer_4_TB_17	379.9841
layer_4_TB_18	381.1929
layer_4_TB_19	381.8426
layer_4_TB_20	381.8501
layer_4_TB_21	381.2059
layer_4_TB_22	379.9815
layer_4_TB_23	378.5816
layer_4_TB_24	378.1520
layer_4_TB_25	379.4687
layer_4_TB_26	380.6202
layer_4_TB_27	381.2141
layer_4_TB_28	381.2244
layer_4_TB_29	380.6109
layer_4_TB_30	379.4916
layer_4_TB_31	378.1758
layer_5_B_0	376.8658
layer_5_B_1	378.1629
layer_5_B_2	379.2990
layer_5_B_3	379.8825
layer_5_B_4	379.8960
layer_5_B_5	379.2760
layer_5_B_6	378.1663
layer_5_B_7	376.8816
layer_5_B_8	377.3305
layer_5_B_9	378.7042
layer_5_B_10	379.8834
layer_5_B_11	380.5000
layer_5_B_12	380.5411
layer_5_B_13	379.9067
layer_5_B_14	378.7023
layer_5_B_15	377.3214
layer_5_B_16	377.2181
layer_5_B_17	378.5895
layer_5_B_18	379.7710
layer_5_B_19	380.4050
layer_5_B_20	380.4118
layer_5_B_21	379.7840
layer_5_B_22	378.5865
layer_5_B_23	377.2072
layer_5_B_24	376.7807
layer_5_B_25	378.0785
layer_5_B_26	379.2048
layer_5_B_27	379.7832
layer_5_B_28	379.7937
layer_5_B_29	379.1949
layer_5_B_30	378.1016
layer_5_B_31	376.8046
layer_6_TB_0	376.6054
layer_6_TB_1	377.9009
layer_6_TB_2	379.0337
layer_6_TB_3	379.6157
layer_6_TB_4	379.6288
layer_6_TB_5	379.0114
layer_6_TB_6	377.9041
layer_6_TB_7	376.6208
layer_6_TB_8	377.0685
layer_6_TB_9	378.4411
layer_6_TB_10	379.6178
layer_6_TB_11	380.2331
layer_6_TB_12	380.2729
layer_6_TB_13	379.6404
layer_6_TB_14	378.4392
layer_6_TB_15	377.0597
layer_6_TB_16	376.9574
layer_6_TB_17	378.3278
layer_6_TB_18	379.5066
layer_6_TB_19	380.1386
layer_6_TB_20	380.1454
layer_6_TB_21	379.5193
layer_6_TB_22	378.3249
layer_6_TB_23	376.9469
layer_6_TB_24	376.5208
layer_6_TB_25	377.8171
layer_6_TB_26	378.9402
layer_6_TB_27	379.5172
layer_6_TB_28	379.5275
layer_6_TB_29	378.9309
layer_6_TB_30	377.8395
layer_6_TB_31	376.5442
layer_7_B_32	374.0010
layer_7_B_33	375.2809
layer_7_B_34	376.3805
layer_7_B_35	376.9474
layer_7_B_36	376.9569
layer_7_B_37	376.3649
layer_7_B_38	375.2827
layer_7_B_39	374.0118
layer_7_B_40	374.4491
layer_7_B_41	375.8102
layer_7_B_42	376.9619
layer_7_B_43	377.5641
layer_7_B_44	377.5910
layer_7_B_45	376.9770
layer_7_B_46	375.8079
layer_7_B_47	374.4432
layer_7_B_48	374.3503
layer_7_B_49	375.7109
layer_7_B_50	376.8634
layer_7_B_51	377.4746
layer_7_B_52	377.4819
layer_7_B_53	376.8729
layer_7_B_54	375.7087
layer_7_B_55	374.3440
layer_7_B_56	373.9218
layer_7_B_57	375.2029
layer_7_B_58	376.2944
layer_7_B_59	376.8575
layer_7_B_60	376.8649
layer_7_B_61	376.2905
layer_7_B_62	375.2192
layer_7_B_63	373.9405
layer_8_TB_0	373.6916
layer_8_TB_1	374.9705
layer_8_TB_2	376.0664
layer_8_TB_3	376.6315
layer_8_TB_4	376.6407
layer_8_TB_5	376.0515
layer_8_TB_6	374.9721
layer_8_TB_7	373.7019
layer_8_TB_8	374.1390
layer_8_TB_9	375.4997
layer_8_TB_10	376.6486
layer_8_TB_11	377.2494
layer_8_TB_12	377.2750
layer_8_TB_13	376.6631
layer_8_TB_14	375.4974
layer_8_TB_15	374.1334
layer_8_TB_16	374.0412
layer_8_TB_17	375.4015
layer_8_TB_18	376.5511
layer_8_TB_19	377.1601
layer_8_TB_20	377.1674
layer_8_TB_21	376.5604
layer_8_TB_22	375.3994
layer_8_TB_23	374.0353
layer_8_TB_24	373.6131
layer_8_TB_25	374.8932
layer_8_TB_26	375.9811
layer_8_TB_27	376.5426
layer_8_TB_28	376.5497
layer_8_TB_29	375.9778
layer_8_TB_30	374.9089
layer_8_TB_31	373.6312
layer_9_B_64	370.5974
layer_9_B_65	371.8661
layer_9_B_66	372.9259
layer_9_B_67	373.4728
layer_9_B_68	373.4786
layer_9_B_69	372.9169
layer_9_B_70	371.8664
layer_9_B_71	370.6033
layer_9_B_72	371.0383
layer_9_B_73	372.3952
layer_9_B_74	373.5166
layer_9_B_75	374.1017
layer_9_B_76	374.1155
layer_9_B_77	373.5243
layer_9_B_78	372.3924
layer_9_B_79	371.0353
layer_9_B_80	370.9500
layer_9_B_81	372.3081
layer_9_B_82	373.4291
layer_9_B_83	374.0156
layer_9_B_84	374.0229
layer_9_B_85	373.4354
layer_9_B_86	372.3065
layer_9_B_87	370.9480
layer_9_B_88	370.5252
layer_9_B_89	371.7957
layer_9_B_90	372.8488
layer_9_B_91	373.3932
layer_9_B_92	373.3978
layer_9_B_93	372.8506
layer_9_B_94	371.8056
layer_9_B_95	370.5389
layer_10_TB_0	370.2407
layer_10_TB_1	371.5090
layer_10_TB_2	372.5648
layer_10_TB_3	373.1097
layer_10_TB_4	373.1151
layer_10_TB_5	372.5564
layer_10_TB_6	371.5092
layer_10_TB_7	370.2462
layer_10_TB_8	370.6818
layer_10_TB_9	372.0391
layer_10_TB_10	373.1575
layer_10_TB_11	373.7408
layer_10_TB_12	373.7534
layer_10_TB_13	373.1645
layer_10_TB_14	372.0363
layer_10_TB_15	370.6791
layer_10_TB_16	370.5942
layer_10_TB_17	371.9529
layer_10_TB_18	373.0708
layer_10_TB_19	373.6548
layer_10_TB_20	373.6621
layer_10_TB_21	373.0768
layer_10_TB_22	371.9513
layer_10_TB_23	370.5926
layer_10_TB_24	370.1693
layer_10_TB_25	371.4394
layer_10_TB_26	372.4887
layer_10_TB_27	373.0311
layer_10_TB_28	373.0354
layer_10_TB_29	372.4910
layer_10_TB_30	371.4487
layer_10_TB_31	370.1825
layer_11_B_96	366.6739
layer_11_B_97	367.9377
layer_11_B_98	368.9542
layer_11_B_99	369.4780
layer_11_B_100	369.4800
layer_11_B_101	368.9514
layer_11_B_102	367.9367
layer_11_B_103	366.6752
layer_11_B_104	367.1165
layer_11_B_105	368.4780
layer_11_B_106	369.5666
layer_11_B_107	370.1320
layer_11_B_108	370.1331
layer_11_B_109	369.5670
layer_11_B_110	368.4746
layer_11_B_111	367.1164
layer_11_B_112	367.0361
layer_11_B_113	368.4005
layer_11_B_114	369.4875
layer_11_B_115	370.0469
layer_11_B_116	370.0544
layer_11_B_117	369.4905
layer_11_B_118	368.3992
layer_11_B_119	367.0380
layer_11_B_120	366.6097
layer_11_B_121	367.8760
layer_11_B_122	368.8871
layer_11_B_123	369.4095
layer_11_B_124	369.4113
layer_11_B_125	368.8943
layer_11_B_126	367.8796
layer_11_B_127	366.6186
layer_12_TB_0	366.2719
layer_12_TB_1	367.5359
layer_12_TB_2	368.5480
layer_12_TB_3	369.0695
layer_12_TB_4	369.0711
layer_12_TB_5	368.5458
layer_12_TB_6	367.5347
layer_12_TB_7	366.2728
layer_12_TB_8	366.7154
layer_12_TB_9	368.0782
layer_12_TB_10	369.1636
layer_12_TB_11	369.7270
layer_12_TB_12	369.7269
layer_12_TB_13	369.1633
layer_12_TB_14	368.0747
layer_12_TB_15	366.7156
layer_12_TB_16	366.6355
layer_12_TB_17	368.0014
layer_12_TB_18	369.0850
layer_12_TB_19	369.6417
layer_12_TB_20	369.6492
layer_12_TB_21	369.0877
layer_12_TB_22	368.0001
layer_12_TB_23	366.6378
layer_12_TB_24	366.2085
layer_12_TB_25	367.4751
layer_12_TB_26	368.4819
layer_12_TB_27	369.0021
layer_12_TB_28	369.0036
layer_12_TB_29	368.4896
layer_12_TB_30	367.4780
layer_12_TB_31	366.2170
layer_13_B_128	362.2519
layer_13_B_129	363.5174
layer_13_B_130	364.4866
layer_13_B_131	364.9842
layer_13_B_132	364.9826
layer_13_B_133	364.4900
layer_13_B_134	363.5151
layer_13_B_135	362.2486
layer_13_B_136	362.7047
layer_13_B_137	364.0802
layer_13_B_138	365.1333
layer_13_B_139	365.6769
layer_13_B_140	365.6653
layer_13_B_141	365.1264
layer_13_B_142	364.0761
layer_13_B_143	362.7074
layer_13_B_144	362.6296
layer_13_B_145	364.0099
layer_13_B_146	365.0603
layer_13_B_147	365.5900
layer_13_B_148	365.5980
layer_13_B_149	365.0600
layer_13_B_150	364.0089
layer_13_B_151	362.6355
layer_13_B_152	362.1965
layer_13_B_153	363.4654
layer_13_B_154	364.4302
layer_13_B_155	364.9278
layer_13_B_156	364.9267
layer_13_B_157	364.4430
layer_13_B_158	363.4626
layer_13_B_159	362.2008
layer_14_TB_0	361.7336
layer_14_TB_1	363.0001
layer_14_TB_2	363.9651
layer_14_TB_3	364.4597
layer_14_TB_4	364.4581
layer_14_TB_5	363.9684
layer_14_TB_6	362.9978
layer_14_TB_7	361.7304
layer_14_TB_8	362.1867
layer_14_TB_9	363.5642
layer_14_TB_10	364.6135
layer_14_TB_11	365.1541
layer_14_TB_12	365.1428
layer_14_TB_13	364.6068
layer_14_TB_14	363.5602
layer_14_TB_15	362.1894
layer_14_TB_16	362.1134
layer_14_TB_17	363.4956
layer_14_TB_18	364.5422
layer_14_TB_19	365.0693
layer_14_TB_20	365.0771
layer_14_TB_21	364.5419
layer_14_TB_22	363.4946
layer_14_TB_23	362.1192
layer_14_TB_24	361.6793
layer_14_TB_25	362.9490
layer_14_TB_26	363.9098
layer_14_TB_27	364.4044
layer_14_TB_28	364.4033
layer_14_TB_29	363.9223
layer_14_TB_30	362.9463
layer_14_TB_31	361.6835
layer_15_B_160	356.5506
layer_15_B_161	357.8269
layer_15_B_162	358.7500
layer_15_B_163	359.2148
layer_15_B_164	359.2134
layer_15_B_165	358.7523
layer_15_B_166	357.8251
layer_15_B_167	356.5482
layer_15_B_168	357.0067
layer_15_B_169	358.4046
layer_15_B_170	359.4157
layer_15_B_171	359.9265
layer_15_B_172	359.9183
layer_15_B_173	359.4107
layer_15_B_174	358.4015
layer_15_B_175	357.0087
layer_15_B_176	356.9514
layer_15_B_177	358.3526
layer_15_B_178	359.3616
layer_15_B_179	359.8627
layer_15_B_180	359.8682
layer_15_B_181	359.3615
layer_15_B_182	358.3517
layer_15_B_183	356.9558
layer_15_B_184	356.5068
layer_15_B_185	357.7854
layer_15_B_186	358.7052
layer_15_B_187	359.1697
layer_15_B_188	359.1691
layer_15_B_189	358.7146
layer_15_B_190	357.7835
layer_15_B_191	356.5101
layer_16_TB_0	355.9918
layer_16_TB_1	357.2698
layer_16_TB_2	358.1883
layer_16_TB_3	358.6498
layer_16_TB_4	358.6484
layer_16_TB_5	358.1905
layer_16_TB_6	357.2680
layer_16_TB_7	355.9895
layer_16_TB_8	356.4489
layer_16_TB_9	357.8498
layer_16_TB_10	358.8568
layer_16_TB_11	359.3644
layer_16_TB_12	359.3565
layer_16_TB_13	358.8519
layer_16_TB_14	357.8468
layer_16_TB_15	356.4508
layer_16_TB_16	356.3952
layer_16_TB_17	357.7993
layer_16_TB_18	358.8042
layer_16_TB_19	359.3026
layer_16_TB_20	359.3079
layer_16_TB_21	358.8042
layer_16_TB_22	357.7985
layer_16_TB_23	356.3995
layer_16_TB_24	355.9491
layer_16_TB_25	357.2292
layer_16_TB_26	358.1446
layer_16_TB_27	358.6058
layer_16_TB_28	358.6052
layer_16_TB_29	358.1537
layer_16_TB_30	357.2275
layer_16_TB_31	355.9524
layer_17_B_192	350.4035
layer_17_B_193	351.6984
layer_17_B_194	352.5708
layer_17_B_195	352.9998
layer_17_B_196	352.9988
layer_17_B_197	352.5722
layer_17_B_198	351.6971
layer_17_B_199	350.4019
layer_17_B_200	350.8705
layer_17_B_201	352.3019
layer_17_B_202	353.2680
layer_17_B_203	353.7442
layer_17_B_204	353.7389
layer_17_B_205	353.2646
layer_17_B_206	352.2998
layer_17_B_207	350.8718
layer_17_B_208	350.8332
layer_17_B_209	352.2666
layer_17_B_210	353.2311
layer_17_B_211	353.7012
layer_17_B_212	353.7047
layer_17_B_213	353.2312
layer_17_B_214	352.2660
layer_17_B_215	350.8362
layer_17_B_216	350.3719
layer_17_B_217	351.6680
layer_17_B_218	352.5381
layer_17_B_219	352.9668
layer_17_B_220	352.9665
layer_17_B_221	352.5444
layer_17_B_222	351.6669
layer_17_B_223	350.3742
layer_18_TB_0	349.8070
layer_18_TB_1	351.1043
layer_18_TB_2	351.9716
layer_18_TB_3	352.3971
layer_18_TB_4	352.3962
layer_18_TB_5	351.9729
layer_18_TB_6	351.1030
layer_18_TB_7	349.8054
layer_18_TB_8	350.2756
layer_18_TB_9	351.7111
layer_18_TB_10	352.6728
layer_18_TB_11	353.1456
layer_18_TB_12	353.1406
layer_18_TB_13	352.6696
layer_18_TB_14	351.7091
layer_18_TB_15	350.2768
layer_18_TB_16	350.2397
layer_18_TB_17	351.6772
layer_18_TB_18	352.6374
layer_18_TB_19	353.1044
layer_18_TB_20	353.1077
layer_18_TB_21	352.6375
layer_18_TB_22	351.6766
layer_18_TB_23	350.2426
layer_18_TB_24	349.7764
layer_18_TB_25	351.0749
layer_18_TB_26	351.9401
layer_18_TB_27	352.3652
layer_18_TB_28	352.3650
layer_18_TB_29	351.9461
layer_18_TB_30	351.0739
layer_18_TB_31	349.7787
layer_19_B_224	343.8410
layer_19_B_225	345.1631
layer_19_B_226	345.9798
layer_19_B_227	346.3703
layer_19_B_228	346.3697
layer_19_B_229	345.9804
layer_19_B_230	345.1624
layer_19_B_231	343.8401
layer_19_B_232	344.3257
layer_19_B_233	345.8033
layer_19_B_234	346.7208
layer_19_B_235	347.1605
layer_19_B_236	347.1578
layer_19_B_237	346.7190
layer_19_B_238	345.8021
layer_19_B_239	344.3264
layer_19_B_240	344.3052
layer_19_B_241	345.7835
layer_19_B_242	346.7002
layer_19_B_243	347.1368
layer_19_B_244	347.1386
layer_19_B_245	346.7003
layer_19_B_246	345.7832
layer_19_B_247	344.3068
layer_19_B_248	343.8219
layer_19_B_249	345.1443
layer_19_B_250	345.9595
layer_19_B_251	346.3498
layer_19_B_252	346.3498
layer_19_B_253	345.9630
layer_19_B_254	345.1439
layer_19_B_255	343.8232
layer_20_TB_0	343.2095
layer_20_TB_1	344.5350
layer_20_TB_2	345.3460
layer_20_TB_3	345.7328
layer_20_TB_4	345.7323
layer_20_TB_5	345.3466
layer_20_TB_6	344.5343
layer_20_TB_7	343.2086
layer_20_TB_8	343.6964
layer_20_TB_9	345.1794
layer_20_TB_10	346.0921
layer_20_TB_11	346.5284
layer_20_TB_12	346.5258
layer_20_TB_13	346.0904
layer_20_TB_14	345.1783
layer_20_TB_15	343.6970
layer_20_TB_16	343.6773
layer_20_TB_17	345.1610
layer_20_TB_18	346.0729
layer_20_TB_19	346.5063
layer_20_TB_20	346.5079
layer_20_TB_21	346.0730
layer_20_TB_22	345.1607
layer_20_TB_23	343.6789
layer_20_TB_24	343.1915
layer_20_TB_25	344.5172
layer_20_TB_26	345.3270
layer_20_TB_27	345.7135
layer_20_TB_28	345.7135
layer_20_TB_29	345.3301
layer_20_TB_30	344.5168
layer_20_TB_31	343.1928
hsp_TB_0	336.8940
hsp_TB_1	338.2533
hsp_TB_2	339.0085
hsp_TB_3	339.3579
hsp_TB_4	339.3577
hsp_TB_5	339.0085
hsp_TB_6	338.2531
hsp_TB_7	336.8938
hsp_TB_8	337.4027
hsp_TB_9	338.9405
hsp_TB_10	339.8054
hsp_TB_11	340.2069
hsp_TB_12	340.2065
hsp_TB_13	339.8051
hsp_TB_14	338.9403
hsp_TB_15	337.4029
hsp_TB_16	337.3984
hsp_TB_17	338.9359
hsp_TB_18	339.8005
hsp_TB_19	340.2016
hsp_TB_20	340.2018
hsp_TB_21	339.8006
hsp_TB_22	338.9359
hsp_TB_23	337.3988
hsp_TB_24	336.8876
hsp_TB_25	338.2463
hsp_TB_26	339.0010
hsp_TB_27	339.3502
hsp_TB_28	339.3503
hsp_TB_29	339.0016
hsp_TB_30	338.2464
hsp_TB_31	336.8880
hsink_TB_0	334.5795
hsink_TB_1	335.7329
hsink_TB_2	336.4328
hsink_TB_3	336.7625
hsink_TB_4	336.7625
hsink_TB_5	336.4328
hsink_TB_6	335.7328
hsink_TB_7	334.5795
hsink_TB_8	334.9636
hsink_TB_9	336.2814
hsink_TB_10	337.0881
hsink_TB_11	337.4693
hsink_TB_12	337.4692
hsink_TB_13	337.0881
hsink_TB_14	336.2813
hsink_TB_15	334.9636
hsink_TB_16	334.9626
hsink_TB_17	336.2801
hsink_TB_18	337.0867
hsink_TB_19	337.4678
hsink_TB_20	337.4679
hsink_TB_21	337.0868
hsink_TB_22	336.2801
hsink_TB_23	334.9627
hsink_TB_24	334.5773
hsink_TB_25	335.7301
hsink_TB_26	336.4298
hsink_TB_27	336.7594
hsink_TB_28	336.7595
hsink_TB_29	336.4299
hsink_TB_30	335.7302
hsink_TB_31	334.5774
inode_0	331.2575
inode_1	331.2576
inode_2	332.1392
inode_3	332.1419
inode_4	331.1987
inode_5	331.1987
inode_6	332.0913
inode_7	332.0939
inode_8	329.3677
inode_9	329.3678
inode_10	329.8814
inode_11	329.8836
inode_12	374.8377
inode_13	374.8395
inode_14	374.3864
inode_15	374.4092
inode_16	374.8055
inode_17	374.8073
inode_18	374.3768
inode_19	374.3996
inode_20	368.8042
inode_21	368.8054
inode_22	372.6955
inode_23	372.7154
inode_24	351.9433
inode_25	351.9441
inode_26	352.3785
inode_27	352.3910
