pcb_C_0	329.7229
pcb_C_1	330.5710
pcb_C_2	330.9491
pcb_C_3	331.1040
pcb_C_4	331.1042
pcb_C_5	330.9492
pcb_C_6	330.5710
pcb_C_7	329.7232
pcb_C_8	329.3550
pcb_C_9	330.0911
pcb_C_10	330.4787
pcb_C_11	330.6527
pcb_C_12	330.6528
pcb_C_13	330.4789
pcb_C_14	330.0911
pcb_C_15	329.3552
pcb_C_16	328.7881
pcb_C_17	329.1078
pcb_C_18	329.3536
pcb_C_19	329.4853
pcb_C_20	329.4853
pcb_C_21	329.3537
pcb_C_22	329.1078
pcb_C_23	328.7882
pcb_C_24	328.3755
pcb_C_25	328.3759
pcb_C_26	328.4793
pcb_C_27	328.5539
pcb_C_28	328.5539
pcb_C_29	328.4794
pcb_C_30	328.3759
pcb_C_31	328.3756
solder_C_0	330.1618
solder_C_1	330.9476
solder_C_2	331.3310
solder_C_3	331.4933
solder_C_4	331.4936
solder_C_5	331.3312
solder_C_6	330.9474
solder_C_7	330.1623
solder_C_8	329.7615
solder_C_9	330.4330
solder_C_10	330.8283
solder_C_11	331.0104
solder_C_12	331.0105
solder_C_13	330.8286
solder_C_14	330.4329
solder_C_15	329.7617
solder_C_16	328.8144
solder_C_17	329.0316
solder_C_18	329.2897
solder_C_19	329.4321
solder_C_20	329.4322
solder_C_21	329.2898
solder_C_22	329.0316
solder_C_23	328.8146
solder_C_24	328.2988
solder_C_25	328.1943
solder_C_26	328.3126
solder_C_27	328.3988
solder_C_28	328.3988
solder_C_29	328.3126
solder_C_30	328.1943
solder_C_31	328.2990
sub_C_0	330.2796
sub_C_1	331.0676
sub_C_2	331.4576
sub_C_3	331.6231
sub_C_4	331.6235
sub_C_5	331.4578
sub_C_6	331.0673
sub_C_7	330.2802
sub_C_8	329.8880
sub_C_9	330.5737
sub_C_10	330.9765
sub_C_11	331.1616
sub_C_12	331.1617
sub_C_13	330.9770
sub_C_14	330.5735
sub_C_15	329.8882
sub_C_16	328.7006
sub_C_17	328.9571
sub_C_18	329.2279
sub_C_19	329.3744
sub_C_20	329.3744
sub_C_21	329.2280
sub_C_22	328.9571
sub_C_23	328.7007
sub_C_24	328.1598
sub_C_25	328.1056
sub_C_26	328.2388
sub_C_27	328.3299
sub_C_28	328.3299
sub_C_29	328.2389
sub_C_30	328.1057
sub_C_31	328.1599
layer_3_C_0	331.3427
layer_3_C_1	332.2219
layer_3_C_2	332.6683
layer_3_C_3	332.8612
layer_3_C_4	332.8629
layer_3_C_5	332.6685
layer_3_C_6	332.2204
layer_3_C_7	331.3450
layer_3_C_8	331.1047
layer_3_C_9	331.9863
layer_3_C_10	332.4634
layer_3_C_11	332.6771
layer_3_C_12	332.6767
layer_3_C_13	332.4652
layer_3_C_14	331.9852
layer_3_C_15	331.1049
layer_3_C_16	327.5454
layer_3_C_17	328.1871
layer_3_C_18	328.5815
layer_3_C_19	328.7672
layer_3_C_20	328.7672
layer_3_C_21	328.5817
layer_3_C_22	328.1871
layer_3_C_23	327.5455
layer_3_C_24	326.8303
layer_3_C_25	327.2324
layer_3_C_26	327.5092
layer_3_C_27	327.6458
layer_3_C_28	327.6459
layer_3_C_29	327.5092
layer_3_C_30	327.2325
layer_3_C_31	326.8303
layer_4_TB_0	331.1405
layer_4_TB_1	332.0196
layer_4_TB_2	332.4659
layer_4_TB_3	332.6588
layer_4_TB_4	332.6605
layer_4_TB_5	332.4662
layer_4_TB_6	332.0182
layer_4_TB_7	331.1426
layer_4_TB_8	330.9039
layer_4_TB_9	331.7857
layer_4_TB_10	332.2628
layer_4_TB_11	332.4764
layer_4_TB_12	332.4761
layer_4_TB_13	332.2645
layer_4_TB_14	331.7846
layer_4_TB_15	330.9041
layer_4_TB_16	327.5430
layer_4_TB_17	328.1852
layer_4_TB_18	328.5797
layer_4_TB_19	328.7654
layer_4_TB_20	328.7655
layer_4_TB_21	328.5799
layer_4_TB_22	328.1852
layer_4_TB_23	327.5430
layer_4_TB_24	326.8287
layer_4_TB_25	327.2314
layer_4_TB_26	327.5083
layer_4_TB_27	327.6449
layer_4_TB_28	327.6450
layer_4_TB_29	327.5083
layer_4_TB_30	327.2315
layer_4_TB_31	326.8288
hsp_TB_0	329.1182
hsp_TB_1	329.9969
hsp_TB_2	330.4426
hsp_TB_3	330.6353
hsp_TB_4	330.6358
hsp_TB_5	330.4428
hsp_TB_6	329.9965
hsp_TB_7	329.1189
hsp_TB_8	328.8964
hsp_TB_9	329.7798
hsp_TB_10	330.2568
hsp_TB_11	330.4699
hsp_TB_12	330.4699
hsp_TB_13	330.2573
hsp_TB_14	329.7795
hsp_TB_15	328.8965
hsp_TB_16	327.5179
hsp_TB_17	328.1658
hsp_TB_18	328.5616
hsp_TB_19	328.7477
hsp_TB_20	328.7477
hsp_TB_21	328.5617
hsp_TB_22	328.1658
hsp_TB_23	327.5179
hsp_TB_24	326.8131
hsp_TB_25	327.2210
hsp_TB_26	327.4990
hsp_TB_27	327.6361
hsp_TB_28	327.6361
hsp_TB_29	327.4991
hsp_TB_30	327.2210
hsp_TB_31	326.8132
hsink_TB_0	328.2961
hsink_TB_1	329.1380
hsink_TB_2	329.5809
hsink_TB_3	329.7732
hsink_TB_4	329.7733
hsink_TB_5	329.5810
hsink_TB_6	329.1379
hsink_TB_7	328.2964
hsink_TB_8	328.1318
hsink_TB_9	328.9831
hsink_TB_10	329.4578
hsink_TB_11	329.6705
hsink_TB_12	329.6706
hsink_TB_13	329.4580
hsink_TB_14	328.9831
hsink_TB_15	328.1320
hsink_TB_16	327.4237
hsink_TB_17	328.0675
hsink_TB_18	328.4631
hsink_TB_19	328.6491
hsink_TB_20	328.6492
hsink_TB_21	328.4632
hsink_TB_22	328.0675
hsink_TB_23	327.4238
hsink_TB_24	326.7974
hsink_TB_25	327.2069
hsink_TB_26	327.4853
hsink_TB_27	327.6224
hsink_TB_28	327.6224
hsink_TB_29	327.4853
hsink_TB_30	327.2069
hsink_TB_31	326.7975
inode_0	326.1679
inode_1	326.1681
inode_2	325.4666
inode_3	327.2136
inode_4	326.1500
inode_5	326.1502
inode_6	325.4577
inode_7	327.1987
inode_8	325.4297
inode_9	325.4298
inode_10	324.6171
inode_11	326.1577
inode_12	329.1683
inode_13	329.1686
inode_14	327.9652
inode_15	330.6033
inode_16	329.1656
inode_17	329.1659
inode_18	327.9650
inode_19	330.6023
inode_20	328.4666
inode_21	328.4668
inode_22	327.8974
inode_23	330.4706
inode_24	326.0578
inode_25	326.0580
inode_26	325.1283
inode_27	326.9704
