pcb_LC_0	347.9316
pcb_LC_1	349.0015
pcb_LC_2	349.4693
pcb_LC_3	349.6554
pcb_LC_4	349.6557
pcb_LC_5	349.4697
pcb_LC_6	349.0019
pcb_LC_7	347.9320
pcb_LC_8	347.9124
pcb_LC_9	349.1799
pcb_LC_10	349.7797
pcb_LC_11	350.0252
pcb_LC_12	350.0255
pcb_LC_13	349.7801
pcb_LC_14	349.1803
pcb_LC_15	347.9128
pcb_LC_16	347.9125
pcb_LC_17	349.1800
pcb_LC_18	349.7798
pcb_LC_19	350.0253
pcb_LC_20	350.0256
pcb_LC_21	349.7802
pcb_LC_22	349.1803
pcb_LC_23	347.9128
pcb_LC_24	347.9317
pcb_LC_25	349.0016
pcb_LC_26	349.4695
pcb_LC_27	349.6556
pcb_LC_28	349.6558
pcb_LC_29	349.4697
pcb_LC_30	349.0018
pcb_LC_31	347.9319
solder_LC_0	349.7941
solder_LC_1	350.1525
solder_LC_2	350.4191
solder_LC_3	350.5560
solder_LC_4	350.5568
solder_LC_5	350.4199
solder_LC_6	350.1533
solder_LC_7	349.7950
solder_LC_8	349.9058
solder_LC_9	350.3812
solder_LC_10	350.7280
solder_LC_11	350.9056
solder_LC_12	350.9066
solder_LC_13	350.7289
solder_LC_14	350.3819
solder_LC_15	349.9064
solder_LC_16	349.9060
solder_LC_17	350.3814
solder_LC_18	350.7282
solder_LC_19	350.9059
solder_LC_20	350.9067
solder_LC_21	350.7289
solder_LC_22	350.3817
solder_LC_23	349.9062
solder_LC_24	349.7945
solder_LC_25	350.1529
solder_LC_26	350.4195
solder_LC_27	350.5566
solder_LC_28	350.5570
solder_LC_29	350.4199
solder_LC_30	350.1531
solder_LC_31	349.7945
sub_LC_0	349.9951
sub_LC_1	350.3693
sub_LC_2	350.6581
sub_LC_3	350.8072
sub_LC_4	350.8087
sub_LC_5	350.6592
sub_LC_6	350.3702
sub_LC_7	349.9966
sub_LC_8	350.1127
sub_LC_9	350.5902
sub_LC_10	350.9522
sub_LC_11	351.1385
sub_LC_12	351.1403
sub_LC_13	350.9533
sub_LC_14	350.5909
sub_LC_15	350.1135
sub_LC_16	350.1130
sub_LC_17	350.5905
sub_LC_18	350.9524
sub_LC_19	351.1389
sub_LC_20	351.1404
sub_LC_21	350.9533
sub_LC_22	350.5907
sub_LC_23	350.1131
sub_LC_24	349.9958
sub_LC_25	350.3698
sub_LC_26	350.6587
sub_LC_27	350.8083
sub_LC_28	350.8089
sub_LC_29	350.6591
sub_LC_30	350.3698
sub_LC_31	349.9955
layer_3_LC_0	351.7396
layer_3_LC_1	352.3467
layer_3_LC_2	352.8544
layer_3_LC_3	353.1166
layer_3_LC_4	353.1251
layer_3_LC_5	352.8576
layer_3_LC_6	352.3491
layer_3_LC_7	351.7472
layer_3_LC_8	351.9093
layer_3_LC_9	352.5599
layer_3_LC_10	353.1022
layer_3_LC_11	353.3823
layer_3_LC_12	353.3925
layer_3_LC_13	353.1052
layer_3_LC_14	352.5606
layer_3_LC_15	351.9110
layer_3_LC_16	351.9109
layer_3_LC_17	352.5613
layer_3_LC_18	353.1030
layer_3_LC_19	353.3836
layer_3_LC_20	353.3926
layer_3_LC_21	353.1050
layer_3_LC_22	352.5600
layer_3_LC_23	351.9091
layer_3_LC_24	351.7430
layer_3_LC_25	352.3485
layer_3_LC_26	352.8562
layer_3_LC_27	353.1225
layer_3_LC_28	353.1256
layer_3_LC_29	352.8571
layer_3_LC_30	352.3474
layer_3_LC_31	351.7397
layer_4_TB_0	351.6486
layer_4_TB_1	352.2559
layer_4_TB_2	352.7634
layer_4_TB_3	353.0254
layer_4_TB_4	353.0339
layer_4_TB_5	352.7666
layer_4_TB_6	352.2583
layer_4_TB_7	351.6562
layer_4_TB_8	351.8185
layer_4_TB_9	352.4693
layer_4_TB_10	353.0114
layer_4_TB_11	353.2913
layer_4_TB_12	353.3015
layer_4_TB_13	353.0143
layer_4_TB_14	352.4700
layer_4_TB_15	351.8201
layer_4_TB_16	351.8200
layer_4_TB_17	352.4707
layer_4_TB_18	353.0121
layer_4_TB_19	353.2926
layer_4_TB_20	353.3016
layer_4_TB_21	353.0142
layer_4_TB_22	352.4694
layer_4_TB_23	351.8182
layer_4_TB_24	351.6520
layer_4_TB_25	352.2577
layer_4_TB_26	352.7652
layer_4_TB_27	353.0313
layer_4_TB_28	353.0344
layer_4_TB_29	352.7661
layer_4_TB_30	352.2565
layer_4_TB_31	351.6487
layer_5_B_0	350.7383
layer_5_B_1	351.3476
layer_5_B_2	351.8530
layer_5_B_3	352.1134
layer_5_B_4	352.1220
layer_5_B_5	351.8561
layer_5_B_6	351.3499
layer_5_B_7	350.7460
layer_5_B_8	350.9101
layer_5_B_9	351.5632
layer_5_B_10	352.1033
layer_5_B_11	352.3814
layer_5_B_12	352.3919
layer_5_B_13	352.1062
layer_5_B_14	351.5639
layer_5_B_15	350.9117
layer_5_B_16	350.9117
layer_5_B_17	351.5646
layer_5_B_18	352.1040
layer_5_B_19	352.3828
layer_5_B_20	352.3920
layer_5_B_21	352.1060
layer_5_B_22	351.5633
layer_5_B_23	350.9099
layer_5_B_24	350.7417
layer_5_B_25	351.3494
layer_5_B_26	351.8548
layer_5_B_27	352.1193
layer_5_B_28	352.1225
layer_5_B_29	351.8557
layer_5_B_30	351.3482
layer_5_B_31	350.7384
layer_6_TB_0	350.6103
layer_6_TB_1	351.2200
layer_6_TB_2	351.7251
layer_6_TB_3	351.9852
layer_6_TB_4	351.9938
layer_6_TB_5	351.7282
layer_6_TB_6	351.2224
layer_6_TB_7	350.6179
layer_6_TB_8	350.7825
layer_6_TB_9	351.4362
layer_6_TB_10	351.9760
layer_6_TB_11	352.2539
layer_6_TB_12	352.2644
layer_6_TB_13	351.9789
layer_6_TB_14	351.4369
layer_6_TB_15	350.7841
layer_6_TB_16	350.7841
layer_6_TB_17	351.4376
layer_6_TB_18	351.9767
layer_6_TB_19	352.2552
layer_6_TB_20	352.2645
layer_6_TB_21	351.9787
layer_6_TB_22	351.4363
layer_6_TB_23	350.7822
layer_6_TB_24	350.6136
layer_6_TB_25	351.2218
layer_6_TB_26	351.7269
layer_6_TB_27	351.9911
layer_6_TB_28	351.9943
layer_6_TB_29	351.7278
layer_6_TB_30	351.2206
layer_6_TB_31	350.6103
layer_7_B_32	349.3295
layer_7_B_33	349.9444
layer_7_B_34	350.4460
layer_7_B_35	350.7031
layer_7_B_36	350.7120
layer_7_B_37	350.4490
layer_7_B_38	349.9466
layer_7_B_39	349.3374
layer_7_B_40	349.5061
layer_7_B_41	350.1663
layer_7_B_42	350.7033
layer_7_B_43	350.9784
layer_7_B_44	350.9895
layer_7_B_45	350.7061
layer_7_B_46	350.1670
layer_7_B_47	349.5076
layer_7_B_48	349.5077
layer_7_B_49	350.1678
layer_7_B_50	350.7040
layer_7_B_51	350.9797
layer_7_B_52	350.9895
layer_7_B_53	350.7059
layer_7_B_54	350.1664
layer_7_B_55	349.5058
layer_7_B_56	349.3330
layer_7_B_57	349.9461
layer_7_B_58	350.4477
layer_7_B_59	350.7093
layer_7_B_60	350.7124
layer_7_B_61	350.4486
layer_7_B_62	349.9450
layer_7_B_63	349.3296
layer_8_TB_0	349.1650
layer_8_TB_1	349.7807
layer_8_TB_2	350.2819
layer_8_TB_3	350.5385
layer_8_TB_4	350.5475
layer_8_TB_5	350.2849
layer_8_TB_6	349.7829
layer_8_TB_7	349.1729
layer_8_TB_8	349.3422
layer_8_TB_9	350.0036
layer_8_TB_10	350.5402
layer_8_TB_11	350.8149
layer_8_TB_12	350.8261
layer_8_TB_13	350.5430
layer_8_TB_14	350.0042
layer_8_TB_15	349.3438
layer_8_TB_16	349.3439
layer_8_TB_17	350.0051
layer_8_TB_18	350.5409
layer_8_TB_19	350.8162
layer_8_TB_20	350.8261
layer_8_TB_21	350.5428
layer_8_TB_22	350.0037
layer_8_TB_23	349.3420
layer_8_TB_24	349.1685
layer_8_TB_25	349.7824
layer_8_TB_26	350.2835
layer_8_TB_27	350.5448
layer_8_TB_28	350.5479
layer_8_TB_29	350.2844
layer_8_TB_30	349.7813
layer_8_TB_31	349.1651
layer_9_B_64	347.5200
layer_9_B_65	348.1440
layer_9_B_66	348.6403
layer_9_B_67	348.8926
layer_9_B_68	348.9020
layer_9_B_69	348.6431
layer_9_B_70	348.1460
layer_9_B_71	347.5282
layer_9_B_72	347.7040
layer_9_B_73	348.3762
layer_9_B_74	348.9092
layer_9_B_75	349.1802
layer_9_B_76	349.1921
layer_9_B_77	348.9118
layer_9_B_78	348.3767
layer_9_B_79	347.7054
layer_9_B_80	347.7056
layer_9_B_81	348.3778
layer_9_B_82	348.9099
layer_9_B_83	349.1814
layer_9_B_84	349.1921
layer_9_B_85	348.9117
layer_9_B_86	348.3762
layer_9_B_87	347.7037
layer_9_B_88	347.5235
layer_9_B_89	348.1456
layer_9_B_90	348.6418
layer_9_B_91	348.8992
layer_9_B_92	348.9023
layer_9_B_93	348.6426
layer_9_B_94	348.1445
layer_9_B_95	347.5201
layer_10_TB_0	347.3199
layer_10_TB_1	347.9450
layer_10_TB_2	348.4406
layer_10_TB_3	348.6924
layer_10_TB_4	348.7019
layer_10_TB_5	348.4434
layer_10_TB_6	347.9470
layer_10_TB_7	347.3279
layer_10_TB_8	347.5047
layer_10_TB_9	348.1785
layer_10_TB_10	348.7111
layer_10_TB_11	348.9816
layer_10_TB_12	348.9934
layer_10_TB_13	348.7137
layer_10_TB_14	348.1790
layer_10_TB_15	347.5061
layer_10_TB_16	347.5064
layer_10_TB_17	348.1801
layer_10_TB_18	348.7117
layer_10_TB_19	348.9828
layer_10_TB_20	348.9934
layer_10_TB_21	348.7135
layer_10_TB_22	348.1785
layer_10_TB_23	347.5045
layer_10_TB_24	347.3234
layer_10_TB_25	347.9466
layer_10_TB_26	348.4422
layer_10_TB_27	348.6989
layer_10_TB_28	348.7020
layer_10_TB_29	348.4430
layer_10_TB_30	347.9455
layer_10_TB_31	347.3199
layer_11_B_96	345.3183
layer_11_B_97	345.9550
layer_11_B_98	346.4443
layer_11_B_99	346.6905
layer_11_B_100	346.7005
layer_11_B_101	346.4469
layer_11_B_102	345.9569
layer_11_B_103	345.3250
layer_11_B_104	345.5124
layer_11_B_105	346.2016
layer_11_B_106	346.7298
layer_11_B_107	346.9955
layer_11_B_108	347.0066
layer_11_B_109	346.7322
layer_11_B_110	346.2021
layer_11_B_111	345.5136
layer_11_B_112	345.5141
layer_11_B_113	346.2034
layer_11_B_114	346.7304
layer_11_B_115	346.9966
layer_11_B_116	347.0066
layer_11_B_117	346.7320
layer_11_B_118	346.2017
layer_11_B_119	345.5121
layer_11_B_120	345.3219
layer_11_B_121	345.9566
layer_11_B_122	346.4457
layer_11_B_123	346.6958
layer_11_B_124	346.6988
layer_11_B_125	346.4464
layer_11_B_126	345.9555
layer_11_B_127	345.3184
layer_12_TB_0	345.0834
layer_12_TB_1	345.7217
layer_12_TB_2	346.2101
layer_12_TB_3	346.4557
layer_12_TB_4	346.4656
layer_12_TB_5	346.2127
layer_12_TB_6	345.7235
layer_12_TB_7	345.0900
layer_12_TB_8	345.2787
layer_12_TB_9	345.9700
layer_12_TB_10	346.4976
layer_12_TB_11	346.7627
layer_12_TB_12	346.7736
layer_12_TB_13	346.4999
layer_12_TB_14	345.9704
layer_12_TB_15	345.2799
layer_12_TB_16	345.2804
layer_12_TB_17	345.9718
layer_12_TB_18	346.4982
layer_12_TB_19	346.7638
layer_12_TB_20	346.7735
layer_12_TB_21	346.4998
layer_12_TB_22	345.9700
layer_12_TB_23	345.2784
layer_12_TB_24	345.0870
layer_12_TB_25	345.7232
layer_12_TB_26	346.2115
layer_12_TB_27	346.4608
layer_12_TB_28	346.4638
layer_12_TB_29	346.2122
layer_12_TB_30	345.7221
layer_12_TB_31	345.0835
layer_13_B_128	342.7346
layer_13_B_129	343.3880
layer_13_B_130	343.8684
layer_13_B_131	344.1071
layer_13_B_132	344.1160
layer_13_B_133	343.8707
layer_13_B_134	343.3896
layer_13_B_135	342.7399
layer_13_B_136	342.9416
layer_13_B_137	343.6534
layer_13_B_138	344.1756
layer_13_B_139	344.4349
layer_13_B_140	344.4437
layer_13_B_141	344.1776
layer_13_B_142	343.6538
layer_13_B_143	342.9426
layer_13_B_144	342.9434
layer_13_B_145	343.6554
layer_13_B_146	344.1762
layer_13_B_147	344.4358
layer_13_B_148	344.4435
layer_13_B_149	344.1775
layer_13_B_150	343.6534
layer_13_B_151	342.9413
layer_13_B_152	342.7382
layer_13_B_153	343.3894
layer_13_B_154	343.8696
layer_13_B_155	344.1112
layer_13_B_156	344.1140
layer_13_B_157	343.8703
layer_13_B_158	343.3884
layer_13_B_159	342.7346
layer_14_TB_0	342.4660
layer_14_TB_1	343.1214
layer_14_TB_2	343.6008
layer_14_TB_3	343.8387
layer_14_TB_4	343.8475
layer_14_TB_5	343.6030
layer_14_TB_6	343.1229
layer_14_TB_7	342.4712
layer_14_TB_8	342.6745
layer_14_TB_9	343.3889
layer_14_TB_10	343.9105
layer_14_TB_11	344.1691
layer_14_TB_12	344.1776
layer_14_TB_13	343.9124
layer_14_TB_14	343.3892
layer_14_TB_15	342.6754
layer_14_TB_16	342.6763
layer_14_TB_17	343.3909
layer_14_TB_18	343.9110
layer_14_TB_19	344.1699
layer_14_TB_20	344.1775
layer_14_TB_21	343.9123
layer_14_TB_22	343.3889
layer_14_TB_23	342.6742
layer_14_TB_24	342.4697
layer_14_TB_25	343.1228
layer_14_TB_26	343.6020
layer_14_TB_27	343.8427
layer_14_TB_28	343.8454
layer_14_TB_29	343.6026
layer_14_TB_30	343.1218
layer_14_TB_31	342.4661
layer_15_B_160	339.7806
layer_15_B_161	340.4550
layer_15_B_162	340.9246
layer_15_B_163	341.1542
layer_15_B_164	341.1623
layer_15_B_165	340.9265
layer_15_B_166	340.4563
layer_15_B_167	339.7846
layer_15_B_168	340.0034
layer_15_B_169	340.7438
layer_15_B_170	341.2588
layer_15_B_171	341.5106
layer_15_B_172	341.5172
layer_15_B_173	341.2604
layer_15_B_174	340.7440
layer_15_B_175	340.0042
layer_15_B_176	340.0053
layer_15_B_177	340.7461
layer_15_B_178	341.2592
layer_15_B_179	341.5113
layer_15_B_180	341.5170
layer_15_B_181	341.2603
layer_15_B_182	340.7437
layer_15_B_183	340.0032
layer_15_B_184	339.7844
layer_15_B_185	340.4562
layer_15_B_186	340.9256
layer_15_B_187	341.1572
layer_15_B_188	341.1599
layer_15_B_189	340.9261
layer_15_B_190	340.4554
layer_15_B_191	339.7806
layer_16_TB_0	339.4796
layer_16_TB_1	340.1564
layer_16_TB_2	340.6247
layer_16_TB_3	340.8534
layer_16_TB_4	340.8614
layer_16_TB_5	340.6265
layer_16_TB_6	340.1576
layer_16_TB_7	339.4835
layer_16_TB_8	339.7041
layer_16_TB_9	340.4477
layer_16_TB_10	340.9619
layer_16_TB_11	341.2129
layer_16_TB_12	341.2193
layer_16_TB_13	340.9635
layer_16_TB_14	340.4479
layer_16_TB_15	339.7048
layer_16_TB_16	339.7060
layer_16_TB_17	340.4501
layer_16_TB_18	340.9623
layer_16_TB_19	341.2136
layer_16_TB_20	341.2192
layer_16_TB_21	340.9634
layer_16_TB_22	340.4476
layer_16_TB_23	339.7039
layer_16_TB_24	339.4834
layer_16_TB_25	340.1575
layer_16_TB_26	340.6257
layer_16_TB_27	340.8563
layer_16_TB_28	340.8590
layer_16_TB_29	340.6262
layer_16_TB_30	340.1567
layer_16_TB_31	339.4796
layer_17_B_192	336.4695
layer_17_B_193	337.1696
layer_17_B_194	337.6260
layer_17_B_195	337.8452
layer_17_B_196	337.8526
layer_17_B_197	337.6274
layer_17_B_198	337.1706
layer_17_B_199	336.4722
layer_17_B_200	336.7111
layer_17_B_201	337.4866
layer_17_B_202	337.9930
layer_17_B_203	338.2362
layer_17_B_204	338.2407
layer_17_B_205	337.9942
layer_17_B_206	337.4868
layer_17_B_207	336.7116
layer_17_B_208	336.7131
layer_17_B_209	337.4894
layer_17_B_210	337.9933
layer_17_B_211	338.2367
layer_17_B_212	338.2406
layer_17_B_213	337.9941
layer_17_B_214	337.4865
layer_17_B_215	336.7109
layer_17_B_216	336.4734
layer_17_B_217	337.1706
layer_17_B_218	337.6267
layer_17_B_219	337.8472
layer_17_B_220	337.8497
layer_17_B_221	337.6271
layer_17_B_222	337.1699
layer_17_B_223	336.4695
layer_18_TB_0	336.1373
layer_18_TB_1	336.8403
layer_18_TB_2	337.2952
layer_18_TB_3	337.5133
layer_18_TB_4	337.5205
layer_18_TB_5	337.2966
layer_18_TB_6	336.8412
layer_18_TB_7	336.1399
layer_18_TB_8	336.3810
layer_18_TB_9	337.1603
layer_18_TB_10	337.6657
layer_18_TB_11	337.9080
layer_18_TB_12	337.9124
layer_18_TB_13	337.6669
layer_18_TB_14	337.1604
layer_18_TB_15	336.3814
layer_18_TB_16	336.3830
layer_18_TB_17	337.1630
layer_18_TB_18	337.6660
layer_18_TB_19	337.9085
layer_18_TB_20	337.9123
layer_18_TB_21	337.6668
layer_18_TB_22	337.1602
layer_18_TB_23	336.3807
layer_18_TB_24	336.1411
layer_18_TB_25	336.8412
layer_18_TB_26	337.2959
layer_18_TB_27	337.5153
layer_18_TB_28	337.5177
layer_18_TB_29	337.2963
layer_18_TB_30	336.8405
layer_18_TB_31	336.1373
layer_19_B_224	332.8156
layer_19_B_225	333.5466
layer_19_B_226	333.9873
layer_19_B_227	334.1945
layer_19_B_228	334.1995
layer_19_B_229	333.9882
layer_19_B_230	333.5472
layer_19_B_231	332.8171
layer_19_B_232	333.0792
layer_19_B_233	333.8971
layer_19_B_234	334.3931
layer_19_B_235	334.6266
layer_19_B_236	334.6292
layer_19_B_237	334.3938
layer_19_B_238	333.8972
layer_19_B_239	333.0794
layer_19_B_240	333.0813
layer_19_B_241	333.8986
layer_19_B_242	334.3933
layer_19_B_243	334.6269
layer_19_B_244	334.6291
layer_19_B_245	334.3938
layer_19_B_246	333.8970
layer_19_B_247	333.0790
layer_19_B_248	332.8178
layer_19_B_249	333.5473
layer_19_B_250	333.9877
layer_19_B_251	334.1956
layer_19_B_252	334.1980
layer_19_B_253	333.9880
layer_19_B_254	333.5468
layer_19_B_255	332.8156
layer_20_TB_0	332.4536
layer_20_TB_1	333.1880
layer_20_TB_2	333.6270
layer_20_TB_3	333.8330
layer_20_TB_4	333.8376
layer_20_TB_5	333.6279
layer_20_TB_6	333.1886
layer_20_TB_7	332.4551
layer_20_TB_8	332.7195
layer_20_TB_9	333.5421
layer_20_TB_10	334.0369
layer_20_TB_11	334.2695
layer_20_TB_12	334.2719
layer_20_TB_13	334.0376
layer_20_TB_14	333.5421
layer_20_TB_15	332.7197
layer_20_TB_16	332.7215
layer_20_TB_17	333.5435
layer_20_TB_18	334.0371
layer_20_TB_19	334.2697
layer_20_TB_20	334.2718
layer_20_TB_21	334.0375
layer_20_TB_22	333.5420
layer_20_TB_23	332.7193
layer_20_TB_24	332.4558
layer_20_TB_25	333.1887
layer_20_TB_26	333.6274
layer_20_TB_27	333.8340
layer_20_TB_28	333.8362
layer_20_TB_29	333.6277
layer_20_TB_30	333.1882
layer_20_TB_31	332.4536
hsp_TB_0	328.8343
hsp_TB_1	329.6021
hsp_TB_2	330.0240
hsp_TB_3	330.2179
hsp_TB_4	330.2188
hsp_TB_5	330.0244
hsp_TB_6	329.6023
hsp_TB_7	328.8346
hsp_TB_8	329.1230
hsp_TB_9	329.9916
hsp_TB_10	330.4751
hsp_TB_11	330.6979
hsp_TB_12	330.6985
hsp_TB_13	330.4754
hsp_TB_14	329.9917
hsp_TB_15	329.1229
hsp_TB_16	329.1234
hsp_TB_17	329.9919
hsp_TB_18	330.4752
hsp_TB_19	330.6980
hsp_TB_20	330.6985
hsp_TB_21	330.4753
hsp_TB_22	329.9916
hsp_TB_23	329.1228
hsp_TB_24	328.8349
hsp_TB_25	329.6024
hsp_TB_26	330.0242
hsp_TB_27	330.2181
hsp_TB_28	330.2185
hsp_TB_29	330.0243
hsp_TB_30	329.6021
hsp_TB_31	328.8343
hsink_TB_0	327.5098
hsink_TB_1	328.1644
hsink_TB_2	328.5601
hsink_TB_3	328.7459
hsink_TB_4	328.7461
hsink_TB_5	328.5602
hsink_TB_6	328.1645
hsink_TB_7	327.5099
hsink_TB_8	327.7290
hsink_TB_9	328.4770
hsink_TB_10	328.9331
hsink_TB_11	329.1480
hsink_TB_12	329.1481
hsink_TB_13	328.9332
hsink_TB_14	328.4770
hsink_TB_15	327.7290
hsink_TB_16	327.7291
hsink_TB_17	328.4770
hsink_TB_18	328.9331
hsink_TB_19	329.1480
hsink_TB_20	329.1480
hsink_TB_21	328.9332
hsink_TB_22	328.4770
hsink_TB_23	327.7289
hsink_TB_24	327.5100
hsink_TB_25	328.1645
hsink_TB_26	328.5602
hsink_TB_27	328.7460
hsink_TB_28	328.7460
hsink_TB_29	328.5602
hsink_TB_30	328.1644
hsink_TB_31	327.5098
inode_0	325.6185
inode_1	325.6184
inode_2	326.1182
inode_3	326.1182
inode_4	325.5849
inode_5	325.5849
inode_6	326.0909
inode_7	326.0909
inode_8	324.5417
inode_9	324.5416
inode_10	324.8322
inode_11	324.8322
inode_12	349.6215
inode_13	349.6219
inode_14	349.3448
inode_15	349.3447
inode_16	349.6031
inode_17	349.6035
inode_18	349.3395
inode_19	349.3393
inode_20	346.2591
inode_21	346.2594
inode_22	348.4057
inode_23	348.4056
inode_24	336.9027
inode_25	336.9029
inode_26	337.1362
inode_27	337.1361
