C_0	C_1	C_2	C_3	C_4	C_5	C_6	C_7	C_8	C_9	C_10	C_11	C_12	C_13	C_14	C_15	C_16	C_17	C_18	C_19	C_20	C_21	C_22	C_23	C_24	C_25	C_26	C_27	C_28	C_29	C_30	C_31	
68.33	69.22	69.22	68.37	69.17	70.50	70.51	69.14	69.12	70.48	70.48	69.15	68.42	69.29	69.30	68.37	66.38	67.26	67.24	66.42	67.16	68.43	68.38	67.09	67.13	68.43	68.39	67.09	66.36	67.17	67.14	66.29
68.38	69.28	69.27	68.47	69.17	70.42	70.41	69.08	69.05	70.36	70.37	69.13	68.52	69.39	69.39	68.45	66.19	67.11	67.10	66.28	66.87	68.07	68.05	66.79	66.80	68.07	68.05	66.82	66.16	66.94	66.92	66.05
68.16	69.05	69.04	68.29	68.92	70.09	70.07	68.79	68.99	70.26	70.27	69.10	68.60	69.45	69.45	68.50	66.10	67.04	67.04	66.22	66.70	67.84	67.83	66.61	66.60	67.83	67.83	66.66	66.06	66.80	66.79	65.92
68.38	69.28	69.27	68.54	69.12	70.24	70.22	68.97	68.70	69.93	69.94	68.85	68.42	69.25	69.25	68.29	66.05	66.99	66.99	66.20	66.60	67.68	67.67	66.48	66.45	67.66	67.65	66.54	65.99	66.71	66.69	65.83
68.17	69.07	69.06	68.36	68.90	69.96	69.94	68.72	68.87	70.07	70.09	69.04	68.67	69.49	69.49	68.52	66.01	66.96	66.97	66.18	66.52	67.55	67.54	66.38	66.35	67.52	67.52	66.45	65.95	66.64	66.62	65.76
68.39	69.29	69.28	68.61	69.10	70.14	70.11	68.90	68.61	69.79	69.81	68.81	68.49	69.29	69.29	68.32	65.99	66.94	66.95	66.18	66.47	67.46	67.44	66.31	66.26	67.41	67.42	66.39	65.92	66.58	66.57	65.72
68.18	69.07	69.07	68.42	68.88	69.87	69.84	68.66	68.80	69.96	69.98	69.02	68.74	69.53	69.52	68.54	65.97	66.93	66.94	66.19	66.43	67.38	67.37	66.25	66.20	67.32	67.33	66.34	65.90	66.55	66.53	65.68
68.40	69.29	69.30	68.67	69.10	70.06	70.02	68.86	68.55	69.69	69.71	68.79	68.55	69.32	69.31	68.34	65.96	66.92	66.93	66.19	66.41	67.32	67.30	66.21	66.15	67.25	67.26	66.31	65.90	66.52	66.50	65.66
68.19	69.07	69.08	68.47	68.88	69.79	69.76	68.62	68.75	69.87	69.90	69.01	68.80	69.56	69.55	68.56	65.96	66.92	66.93	66.21	66.39	67.26	67.25	66.17	66.10	67.19	67.20	66.28	65.89	66.49	66.47	65.64
68.41	69.30	69.30	68.71	69.10	69.99	69.95	68.82	68.51	69.61	69.65	68.80	68.61	69.35	69.34	68.36	65.96	66.91	66.93	66.22	66.38	67.22	67.20	66.14	66.06	67.13	67.14	66.25	65.89	66.47	66.45	65.62
68.20	69.08	69.09	68.52	68.88	69.73	69.70	68.58	68.71	69.81	69.84	69.02	68.86	69.59	69.57	68.58	65.96	66.91	66.93	66.24	66.37	67.18	67.16	66.11	66.03	67.08	67.09	66.23	65.89	66.46	66.43	65.61
68.42	69.30	69.32	68.76	69.10	69.94	69.89	68.79	68.48	69.55	69.59	68.80	68.66	69.37	69.35	68.37	65.95	66.91	66.93	66.25	66.36	67.14	67.12	66.09	66.00	67.03	67.05	66.22	65.90	66.44	66.42	65.60
68.21	69.08	69.10	68.56	68.89	69.69	69.64	68.56	68.68	69.75	69.79	69.03	68.90	69.60	69.58	68.60	65.95	66.90	66.93	66.26	66.36	67.11	67.08	66.07	65.97	66.99	67.01	66.21	65.90	66.43	66.40	65.59
68.42	69.30	69.32	68.80	69.11	69.89	69.84	68.76	68.45	69.51	69.55	68.82	68.71	69.39	69.37	68.39	65.95	66.90	66.93	66.28	66.36	67.08	67.05	66.05	65.95	66.95	66.97	66.19	65.90	66.42	66.39	65.58
68.21	69.08	69.10	68.60	68.89	69.64	69.59	68.53	68.66	69.71	69.76	69.05	68.95	69.62	69.60	68.61	65.95	66.90	66.93	66.29	66.36	67.06	67.02	66.03	65.92	66.91	66.94	66.18	65.91	66.41	66.37	65.57
68.43	69.30	69.33	68.84	69.12	69.84	69.79	68.74	68.43	69.46	69.52	68.84	68.76	69.41	69.38	68.40	65.95	66.89	66.93	66.30	66.36	67.03	66.99	66.01	65.90	66.87	66.90	66.17	65.91	66.40	66.36	65.56
68.22	69.08	69.11	68.64	68.90	69.60	69.55	68.51	68.63	69.66	69.72	69.06	68.99	69.63	69.60	68.62	65.95	66.89	66.93	66.32	66.36	67.01	66.97	66.00	65.88	66.84	66.87	66.17	65.92	66.39	66.34	65.55
68.43	69.30	69.33	68.87	69.13	69.81	69.75	68.71	68.41	69.43	69.49	68.85	68.79	69.42	69.38	68.41	65.94	66.88	66.92	66.33	66.36	66.99	66.94	65.98	65.86	66.81	66.84	66.16	65.92	66.38	66.33	65.54
68.22	69.08	69.12	68.67	68.92	69.57	69.51	68.49	68.62	69.63	69.69	69.08	69.03	69.64	69.60	68.62	65.94	66.87	66.92	66.34	66.36	66.97	66.92	65.97	65.83	66.78	66.81	66.15	65.93	66.37	66.32	65.53
68.44	69.30	69.34	68.91	69.14	69.78	69.71	68.70	68.39	69.39	69.46	68.87	68.82	69.42	69.37	68.41	65.93	66.86	66.92	66.35	66.36	66.95	66.90	65.95	65.81	66.74	66.78	66.14	65.93	66.36	66.30	65.52
68.22	69.08	69.12	68.71	68.93	69.54	69.47	68.47	68.60	69.60	69.67	69.09	69.06	69.64	69.59	68.62	65.93	66.86	66.91	66.36	66.37	66.93	66.88	65.94	65.80	66.71	66.76	66.14	65.93	66.35	66.29	65.51
68.44	69.29	69.34	68.94	69.15	69.75	69.67	68.67	68.38	69.36	69.44	68.89	68.86	69.42	69.37	68.41	65.92	66.85	66.90	66.36	66.37	66.91	66.85	65.93	65.78	66.69	66.73	66.13	65.94	66.33	66.28	65.50
68.22	69.07	69.12	68.73	68.94	69.51	69.43	68.45	68.59	69.57	69.65	69.12	69.09	69.64	69.59	68.62	65.92	66.84	66.90	66.37	66.37	66.90	66.84	65.92	65.76	66.66	66.71	66.12	65.94	66.32	66.26	65.49
68.44	69.29	69.34	68.96	69.16	69.72	69.64	68.66	68.36	69.33	69.42	68.90	68.88	69.42	69.36	68.41	65.91	66.83	66.89	66.38	66.37	66.88	66.82	65.90	65.74	66.63	66.68	66.12	65.94	66.31	66.25	65.48
68.22	69.06	69.12	68.76	68.95	69.48	69.40	68.43	68.57	69.54	69.63	69.13	69.12	69.64	69.58	68.62	65.91	66.82	66.89	66.39	66.38	66.87	66.80	65.89	65.72	66.60	66.66	66.11	65.94	66.30	66.24	65.48
68.43	69.28	69.34	68.99	69.17	69.69	69.61	68.64	68.35	69.31	69.40	68.93	68.91	69.42	69.35	68.40	65.90	66.81	66.88	66.39	66.38	66.85	66.78	65.88	65.71	66.58	66.64	66.11	65.94	66.29	66.22	65.47
68.22	69.06	69.13	68.78	68.96	69.46	69.37	68.41	68.55	69.52	69.61	69.15	69.14	69.64	69.56	68.61	65.89	66.80	66.87	66.40	66.38	66.84	66.76	65.87	65.69	66.55	66.62	66.10	65.95	66.28	66.21	65.46
68.43	69.28	69.35	69.01	69.19	69.67	69.58	68.62	68.33	69.29	69.38	68.94	68.93	69.41	69.34	68.40	65.88	66.78	66.86	66.40	66.39	66.83	66.75	65.86	65.67	66.53	66.60	66.10	65.95	66.28	66.20	65.45
68.22	69.05	69.13	68.81	68.97	69.44	69.35	68.40	68.54	69.49	69.60	69.17	69.16	69.63	69.55	68.61	65.88	66.77	66.86	66.41	66.39	66.82	66.73	65.85	65.66	66.51	66.57	66.09	65.95	66.27	66.18	65.44
68.43	69.27	69.35	69.04	69.20	69.65	69.55	68.60	68.32	69.26	69.37	68.96	68.95	69.41	69.32	68.39	65.87	66.76	66.85	66.41	66.39	66.80	66.72	65.84	65.64	66.48	66.56	66.09	65.95	66.26	66.17	65.43
68.21	69.05	69.13	68.83	68.98	69.42	69.32	68.38	68.53	69.47	69.58	69.18	69.18	69.62	69.54	68.60	65.86	66.75	66.84	66.42	66.40	66.79	66.70	65.83	65.63	66.46	66.54	66.09	65.95	66.25	66.16	65.42
68.43	69.26	69.35	69.06	69.21	69.63	69.53	68.59	68.31	69.24	69.36	68.97	68.97	69.40	69.31	68.38	65.85	66.74	66.83	66.42	66.40	66.78	66.69	65.82	65.61	66.44	66.52	66.08	65.95	66.24	66.15	65.41
68.21	69.04	69.13	68.85	68.99	69.40	69.29	68.36	68.51	69.45	69.57	69.20	69.20	69.62	69.52	68.59	65.84	66.73	66.82	66.43	66.40	66.77	66.67	65.81	65.60	66.42	66.50	66.08	65.95	66.23	66.13	65.40
68.42	69.26	69.35	69.08	69.22	69.62	69.50	68.58	68.29	69.22	69.34	68.98	68.98	69.39	69.29	68.37	65.84	66.71	66.81	66.43	66.40	66.76	66.66	65.80	65.58	66.40	66.48	66.07	65.95	66.22	66.12	65.39
68.20	69.03	69.13	68.87	69.00	69.38	69.27	68.35	68.50	69.43	69.56	69.21	69.21	69.61	69.51	68.58	65.83	66.70	66.81	66.43	66.41	66.75	66.64	65.79	65.57	66.38	66.46	66.07	65.95	66.21	66.11	65.38
68.42	69.25	69.35	69.10	69.23	69.60	69.48	68.56	68.28	69.20	69.33	69.00	69.00	69.38	69.27	68.36	65.82	66.69	66.80	66.43	66.41	66.74	66.63	65.78	65.55	66.36	66.45	66.06	65.95	66.20	66.10	65.37
68.20	69.02	69.12	68.88	69.01	69.37	69.24	68.33	68.49	69.42	69.55	69.23	69.23	69.60	69.49	68.57	65.81	66.68	66.79	66.44	66.41	66.73	66.62	65.77	65.54	66.34	66.43	66.06	65.95	66.19	66.08	65.37
68.41	69.24	69.10	68.87	69.00	69.34	69.45	68.54	68.27	69.18	69.32	69.01	69.01	69.37	69.26	68.35	65.80	66.66	66.78	66.44	66.41	66.72	66.60	65.76	65.52	66.32	66.42	66.06	65.95	66.18	66.07	65.36
68.19	69.01	69.09	68.87	68.99	69.32	69.22	68.32	68.48	69.40	69.54	69.24	69.24	69.59	69.47	68.56	65.79	66.65	66.77	66.44	66.42	66.72	66.59	65.75	65.51	66.30	66.40	66.05	65.95	66.17	66.06	65.35
68.41	69.23	69.09	68.87	68.99	69.31	69.43	68.53	68.25	69.16	69.31	69.02	69.02	69.36	69.24	68.33	65.78	66.64	66.76	66.44	66.42	66.71	66.58	65.74	65.50	66.28	66.38	66.05	65.95	66.17	66.05	65.34
68.19	69.00	69.08	68.88	68.99	69.30	69.20	68.30	68.46	69.38	69.53	69.25	69.25	69.58	69.46	68.54	65.78	66.63	66.76	66.45	66.42	66.70	66.57	65.73	65.48	66.26	66.37	66.05	65.95	66.16	66.04	65.33
68.40	69.22	69.32	69.12	69.23	69.53	69.41	68.51	68.24	69.15	69.30	69.03	69.03	69.35	69.23	68.32	65.77	66.61	66.75	66.45	66.42	66.69	66.55	65.72	65.47	66.24	66.36	66.04	65.95	66.15	66.03	65.32
68.18	69.00	69.11	68.92	69.02	69.31	69.18	68.29	68.45	69.36	69.52	69.26	69.26	69.57	69.44	68.53	65.76	66.60	66.74	66.45	66.42	66.68	66.54	65.71	65.46	66.23	66.34	66.04	65.95	66.14	66.01	65.31
68.39	69.21	69.33	69.14	69.25	69.53	69.39	68.49	68.23	69.13	69.30	69.05	69.05	69.35	69.21	68.31	65.75	66.59	66.73	66.45	66.43	66.67	66.53	65.70	65.45	66.21	66.33	66.03	65.95	66.13	66.00	65.30
68.17	68.98	69.11	68.93	69.03	69.30	69.15	68.27	68.44	69.35	69.52	69.28	69.27	69.57	69.42	68.52	65.74	66.58	66.72	66.45	66.43	66.67	66.52	65.70	65.43	66.19	66.31	66.03	65.95	66.12	65.99	65.29
68.38	69.20	69.34	69.17	69.26	69.52	69.37	68.48	68.22	69.11	69.29	69.06	69.05	69.33	69.19	68.30	65.73	66.57	66.71	66.45	66.43	66.66	66.51	65.69	65.42	66.18	66.30	66.03	65.95	66.12	65.98	65.29
68.16	68.97	69.11	68.95	69.04	69.29	69.13	68.25	68.43	69.33	69.51	69.29	69.28	69.56	69.41	68.51	65.72	66.55	66.70	66.45	66.43	66.65	66.50	65.68	65.41	66.16	66.29	66.02	65.95	66.11	65.97	65.28
68.38	69.19	69.34	69.18	69.27	69.51	69.35	68.47	68.20	69.10	69.28	69.07	69.06	69.32	69.17	68.28	65.71	66.54	66.70	66.45	66.43	66.64	66.49	65.67	65.40	66.15	66.27	66.02	65.94	66.10	65.96	65.27
68.16	68.97	69.12	68.97	69.06	69.29	69.12	68.25	68.41	69.31	69.50	69.29	69.29	69.54	69.38	68.49	65.70	66.53	66.69	66.46	66.43	66.64	66.47	65.66	65.39	66.13	66.26	66.02	65.94	66.09	65.95	65.26
68.37	69.19	69.34	69.19	69.28	69.50	69.33	68.45	68.19	69.08	69.27	69.08	69.07	69.31	69.15	68.27	65.69	66.52	66.68	66.46	66.43	66.63	66.46	65.65	65.37	66.11	66.25	66.01	65.94	66.09	65.94	65.25
68.15	68.96	69.11	68.98	69.07	69.28	69.10	68.23	68.40	69.29	69.49	69.30	69.29	69.53	69.37	68.48	65.68	66.51	66.67	66.46	66.43	66.62	66.45	65.65	65.36	66.10	66.24	66.01	65.94	66.08	65.93	65.24
68.36	69.17	69.33	69.20	69.28	69.49	69.31	68.44	68.18	69.07	69.27	69.09	69.08	69.31	69.14	68.26	65.67	66.50	66.66	66.46	66.43	66.61	66.44	65.64	65.35	66.08	66.23	66.01	65.94	66.07	65.92	65.24
68.14	68.95	69.11	68.99	69.07	69.27	69.08	68.22	68.39	69.28	69.48	69.31	69.30	69.52	69.35	68.46	65.67	66.49	66.66	66.46	66.44	66.61	66.43	65.63	65.34	66.07	66.22	66.00	65.94	66.06	65.91	65.23
68.35	69.17	69.33	69.22	69.30	69.48	69.30	68.43	68.17	69.05	69.25	69.09	69.08	69.29	69.12	68.24	65.66	66.47	66.65	66.46	66.44	66.60	66.42	65.62	65.33	66.06	66.20	66.00	65.94	66.06	65.90	65.22
68.13	68.94	69.11	69.00	69.08	69.26	69.07	68.20	68.37	69.26	69.47	69.31	69.31	69.51	69.33	68.45	65.65	66.46	66.64	66.46	66.44	66.59	66.41	65.61	65.32	66.04	66.19	66.00	65.94	66.05	65.89	65.21
68.35	69.16	69.34	69.23	69.31	69.48	69.28	68.42	68.15	69.03	69.24	69.09	69.08	69.28	69.10	68.22	65.64	66.45	66.63	66.46	66.44	66.59	66.40	65.60	65.31	66.03	66.18	65.99	65.93	66.04	65.88	65.20
68.12	68.93	69.11	69.01	69.08	69.25	69.05	68.19	68.36	69.25	69.46	69.32	69.31	69.50	69.31	68.43	65.63	66.44	66.63	66.46	66.44	66.58	66.39	65.60	65.30	66.01	66.17	65.99	65.93	66.03	65.87	65.19
68.34	69.15	69.33	69.24	69.31	69.46	69.26	68.40	68.14	69.02	69.24	69.10	69.09	69.27	69.08	68.21	65.62	66.43	66.62	66.46	66.44	66.57	66.38	65.59	65.29	66.00	66.16	65.99	65.93	66.03	65.86	65.19
68.11	68.92	69.10	69.02	69.09	69.23	69.03	68.17	68.35	69.24	69.46	69.33	69.32	69.49	69.30	68.42	65.61	66.42	66.61	66.46	66.44	66.57	66.37	65.58	65.28	65.99	66.15	65.98	65.93	66.02	65.85	65.18
68.33	69.14	69.33	69.24	69.31	69.46	69.25	68.39	68.12	69.00	69.23	69.11	69.10	69.26	69.07	68.20	65.60	66.41	66.60	66.46	66.44	66.56	66.36	65.57	65.27	65.98	66.14	65.98	65.93	66.01	65.84	65.17
68.11	68.91	69.10	69.02	69.09	69.22	69.01	68.16	68.34	69.22	69.45	69.33	69.32	69.48	69.28	68.41	65.60	66.40	66.60	66.46	66.44	66.56	66.35	65.56	65.26	65.96	66.13	65.98	65.93	66.01	65.83	65.16
68.32	69.13	69.08	69.01	69.07	69.20	69.23	68.37	68.12	68.99	69.22	69.11	69.10	69.26	69.05	68.19	65.59	66.39	66.59	66.45	66.44	66.55	66.34	65.55	65.25	65.95	66.12	65.97	65.92	66.00	65.82	65.15
68.10	68.90	69.07	69.00	69.07	69.19	69.00	68.15	68.32	69.20	69.44	69.34	69.32	69.47	69.26	68.39	65.58	66.38	66.58	66.45	66.44	66.54	66.33	65.55	65.24	65.94	66.11	65.97	65.92	65.99	65.81	65.15
68.31	69.12	69.06	69.00	69.06	69.18	69.21	68.36	68.10	68.98	69.21	69.11	69.10	69.24	69.03	68.17	65.57	66.37	66.57	66.45	66.44	66.54	66.32	65.54	65.23	65.93	66.10	65.97	65.92	65.99	65.80	65.14
68.09	68.90	69.06	69.00	69.06	69.17	68.98	68.14	68.31	69.19	69.43	69.34	69.32	69.46	69.25	68.38	65.56	66.36	66.57	66.45	66.44	66.53	66.32	65.53	65.22	65.91	66.09	65.96	65.92	65.98	65.79	65.13
68.30	69.11	69.05	69.00	69.06	69.16	69.20	68.35	68.08	68.96	69.20	69.11	69.10	69.23	69.01	68.15	65.55	66.35	66.56	66.45	66.43	66.52	66.31	65.52	65.21	65.90	66.08	65.96	65.92	65.98	65.78	65.12
68.08	68.89	69.05	69.00	69.06	69.15	68.97	68.12	68.30	69.17	69.42	69.34	69.32	69.45	69.23	68.36	65.54	66.34	66.55	66.45	66.43	66.52	66.30	65.52	65.20	65.89	66.07	65.96	65.91	65.97	65.77	65.12
68.29	69.10	69.28	69.24	69.30	69.39	69.18	68.33	68.08	68.95	69.20	69.12	69.11	69.22	69.00	68.14	65.54	66.33	66.55	66.45	66.43	66.51	66.29	65.51	65.19	65.88	66.06	65.95	65.91	65.96	65.77	65.11
68.07	68.88	69.07	69.03	69.09	69.17	68.95	68.11	68.28	69.16	69.41	69.34	69.33	69.44	69.21	68.35	65.53	66.32	66.54	66.45	66.43	66.51	66.28	65.50	65.18	65.87	66.06	65.95	65.91	65.96	65.76	65.10
68.28	69.09	69.30	69.26	69.32	69.40	69.17	68.32	68.06	68.93	69.19	69.12	69.11	69.21	68.98	68.13	65.52	66.31	66.53	66.45	66.43	66.50	66.27	65.49	65.17	65.86	66.05	65.95	65.91	65.95	65.75	65.09
68.06	68.87	69.07	69.04	69.10	69.17	68.94	68.09	68.27	69.15	69.41	69.35	69.33	69.43	69.20	68.34	65.51	66.30	66.53	66.45	66.43	66.49	66.26	65.49	65.16	65.84	66.04	65.95	65.91	65.94	65.74	65.09
68.27	69.09	69.30	69.27	69.33	69.39	69.15	68.31	68.05	68.92	69.18	69.12	69.11	69.20	68.97	68.11	65.50	66.29	66.52	66.44	66.43	66.49	66.25	65.48	65.15	65.83	66.03	65.94	65.90	65.94	65.73	65.08
68.05	68.86	69.07	69.05	69.10	69.16	68.92	68.08	68.26	69.14	69.40	69.35	69.34	69.43	69.19	68.32	65.49	66.28	66.51	66.44	66.43	66.48	66.25	65.47	65.14	65.82	66.02	65.94	65.90	65.93	65.72	65.07
68.26	69.07	69.30	69.28	69.33	69.39	69.14	68.29	68.04	68.90	69.17	69.13	69.11	69.20	68.95	68.10	65.49	66.27	66.51	66.44	66.43	66.48	66.24	65.46	65.13	65.81	66.01	65.94	65.90	65.93	65.71	65.06
68.04	68.85	69.08	69.06	69.11	69.16	68.91	68.07	68.24	69.12	69.39	69.35	69.33	69.41	69.16	68.30	65.48	66.26	66.50	66.44	66.43	66.47	66.23	65.46	65.12	65.80	66.01	65.93	65.90	65.92	65.71	65.06
68.25	69.07	69.30	69.28	69.33	69.38	69.13	68.28	68.02	68.89	69.16	69.13	69.11	69.18	68.94	68.08	65.47	66.25	66.49	66.44	66.43	66.47	66.22	65.45	65.11	65.79	66.00	65.93	65.89	65.91	65.70	65.05
68.04	68.84	69.07	69.06	69.11	69.16	68.90	68.06	68.23	69.10	69.38	69.35	69.33	69.40	69.15	68.29	65.46	66.24	66.49	66.44	66.43	66.46	66.21	65.44	65.11	65.78	65.99	65.93	65.89	65.91	65.69	65.04
68.24	69.06	69.29	69.28	69.33	69.37	69.11	68.27	68.01	68.88	69.16	69.13	69.11	69.18	68.92	68.07	65.45	66.23	66.48	66.43	66.42	66.45	66.20	65.43	65.10	65.77	65.98	65.92	65.89	65.90	65.68	65.03
68.02	68.83	69.07	69.07	69.11	69.15	68.88	68.05	68.22	69.09	69.38	69.35	69.33	69.39	69.14	68.28	65.45	66.22	66.48	66.43	66.42	66.45	66.20	65.43	65.09	65.76	65.97	65.92	65.89	65.90	65.67	65.03
68.24	69.05	69.29	69.29	69.34	69.37	69.10	68.26	67.99	68.86	69.14	69.13	69.11	69.16	68.90	68.05	65.44	66.22	66.47	66.43	66.42	66.44	66.19	65.42	65.08	65.75	65.97	65.92	65.88	65.89	65.67	65.02
68.02	68.83	69.07	69.07	69.12	69.14	68.88	68.04	68.20	69.07	69.36	69.35	69.33	69.38	69.12	68.26	65.43	66.21	66.46	66.43	66.42	66.44	66.18	65.41	65.07	65.74	65.96	65.91	65.88	65.89	65.66	65.01
68.22	69.04	69.28	69.29	69.34	69.36	69.08	68.24	67.98	68.85	69.14	69.13	69.11	69.16	68.89	68.04	65.42	66.20	66.46	66.43	66.42	66.43	66.17	65.40	65.06	65.73	65.95	65.91	65.88	65.88	65.65	65.01
68.00	68.81	69.06	69.07	69.11	69.13	68.86	68.02	68.19	69.06	69.36	69.35	69.33	69.38	69.11	68.25	65.42	66.19	66.45	66.43	66.42	66.43	66.16	65.40	65.05	65.72	65.94	65.91	65.88	65.87	65.64	65.00
68.21	69.03	69.28	69.29	69.34	69.35	69.07	68.23	67.97	68.84	69.14	69.13	69.11	69.15	68.88	68.03	65.41	66.18	66.45	66.42	66.41	66.42	66.16	65.39	65.05	65.71	65.94	65.90	65.87	65.87	65.64	64.99
67.99	68.80	69.06	69.07	69.11	69.12	68.84	68.01	68.18	69.05	69.35	69.35	69.33	69.37	69.09	68.24	65.40	66.17	66.44	66.42	66.41	66.42	66.15	65.38	65.04	65.70	65.93	65.90	65.87	65.86	65.63	64.99
68.20	69.02	69.28	69.30	69.34	69.34	69.06	68.22	67.96	68.83	69.13	69.13	69.11	69.14	68.87	68.02	65.39	66.16	66.43	66.42	66.41	66.41	66.14	65.38	65.03	65.69	65.92	65.90	65.87	65.86	65.62	64.98
67.99	68.80	69.05	69.08	69.12	69.12	68.83	68.00	68.17	69.04	69.34	69.35	69.33	69.36	69.08	68.22	65.39	66.16	66.43	66.42	66.41	66.41	66.13	65.37	65.02	65.68	65.92	65.89	65.87	65.85	65.61	64.97
68.19	69.01	69.27	69.30	69.34	69.33	69.05	68.21	67.95	68.81	69.12	69.13	69.11	69.13	68.85	68.00	65.38	66.15	66.42	66.42	66.41	66.40	66.13	65.36	65.01	65.68	65.91	65.89	65.86	65.85	65.61	64.97
67.98	68.79	69.05	69.08	69.12	69.11	68.82	67.99	68.15	69.02	69.34	69.35	69.33	69.35	69.06	68.21	65.37	66.14	66.42	66.42	66.41	66.40	66.12	65.35	65.01	65.67	65.90	65.89	65.86	65.84	65.60	64.96
68.19	69.00	69.27	69.30	69.34	69.33	69.03	68.19	67.94	68.80	69.11	69.13	69.11	69.12	68.84	67.99	65.36	66.13	66.41	66.41	66.40	66.39	66.11	65.35	65.00	65.66	65.90	65.88	65.86	65.84	65.59	64.95
67.98	68.79	69.06	69.09	69.13	69.12	68.82	67.99	68.13	69.00	69.31	69.33	69.31	69.32	69.03	68.18	65.36	66.13	66.41	66.41	66.40	66.39	66.10	65.34	64.99	65.65	65.89	65.88	65.86	65.83	65.58	64.95
68.18	68.99	69.26	69.30	69.34	69.32	69.02	68.18	67.92	68.79	69.10	69.13	69.11	69.11	68.82	67.98	65.35	66.12	66.40	66.41	66.40	66.38	66.10	65.33	64.98	65.64	65.88	65.88	65.85	65.83	65.58	64.94
67.95	68.76	69.04	69.07	69.11	69.09	68.79	67.96	68.13	69.00	69.33	69.35	69.33	69.33	69.04	68.19	65.34	66.11	66.39	66.41	66.40	66.38	66.09	65.33	64.98	65.63	65.88	65.87	65.85	65.82	65.57	64.93
68.16	68.98	69.26	69.30	69.34	69.31	69.01	68.17	67.91	68.78	69.10	69.13	69.11	69.11	68.81	67.96	65.33	66.10	66.39	66.40	66.40	66.37	66.08	65.32	64.97	65.62	65.87	65.87	65.85	65.82	65.56	64.93
67.94	68.76	69.03	69.08	69.11	69.08	68.78	67.95	68.12	68.99	69.32	69.35	69.33	69.32	69.02	68.17	65.33	66.09	66.38	66.40	66.39	66.37	66.07	65.31	64.96	65.62	65.86	65.87	65.84	65.81	65.56	64.92
68.16	68.97	69.25	69.30	69.34	69.30	69.00	68.16	67.90	68.76	69.09	69.13	69.10	69.10	68.80	67.95	65.32	66.09	66.38	66.40	66.39	66.36	66.07	65.31	64.95	65.61	65.86	65.86	65.84	65.81	65.55	64.91
67.93	68.75	69.03	69.08	69.11	69.08	68.77	67.94	68.11	68.98	69.31	69.35	69.33	69.32	69.01	68.16	65.31	66.08	66.37	66.40	66.39	66.36	66.06	65.30	64.95	65.60	65.85	65.86	65.84	65.80	65.54	64.91
68.15	68.96	69.01	69.06	69.09	69.05	68.98	68.15	67.89	68.75	69.08	69.12	69.10	69.09	68.78	67.94	65.31	66.07	66.37	66.39	66.39	66.35	66.05	65.29	64.94	65.59	65.84	65.86	65.84	65.80	65.54	64.90
67.92	68.74	68.99	69.05	69.08	69.04	68.76	67.92	68.10	68.97	69.30	69.35	69.32	69.31	69.00	68.15	65.30	66.06	66.36	66.39	66.39	66.35	66.05	65.29	64.93	65.58	65.84	65.85	65.83	65.79	65.53	64.89
68.14	68.95	68.98	69.04	69.07	69.03	68.97	68.13	67.88	68.74	69.07	69.12	69.10	69.08	68.77	67.93	65.29	66.06	66.36	66.39	66.38	66.34	66.04	65.28	64.92	65.58	65.83	65.85	65.83	65.79	65.52	64.89
67.91	68.73	68.98	69.03	69.07	69.02	68.74	67.91	68.08	68.95	69.29	69.34	69.32	69.30	68.98	68.13	65.29	66.05	66.35	66.39	66.38	66.34	66.03	65.27	64.92	65.57	65.83	65.85	65.83	65.78	65.52	64.88
68.12	68.94	68.97	69.03	69.06	69.02	68.96	68.12	67.86	68.73	69.06	69.12	69.09	69.07	68.76	67.91	65.28	66.04	66.35	66.38	66.38	66.33	66.03	65.27	64.91	65.56	65.82	65.84	65.82	65.78	65.51	64.87
67.90	68.71	68.97	69.03	69.06	69.01	68.73	67.90	68.08	68.94	69.28	69.34	69.32	69.29	68.97	68.13	65.27	66.03	66.34	66.38	66.38	66.33	66.02	65.26	64.90	65.55	65.81	65.84	65.82	65.77	65.50	64.87
68.12	68.93	69.20	69.27	69.30	69.25	68.95	68.11	67.85	68.71	69.05	69.11	69.09	69.06	68.74	67.90	65.26	66.03	66.33	66.38	66.37	66.32	66.01	65.25	64.90	65.54	65.81	65.84	65.82	65.77	65.50	64.86
67.90	68.71	68.99	69.05	69.09	69.03	68.72	67.89	68.06	68.93	69.27	69.33	69.31	69.27	68.96	68.11	65.26	66.02	66.33	66.38	66.37	66.32	66.01	65.25	64.89	65.54	65.80	65.83	65.82	65.76	65.49	64.86
68.11	68.92	69.21	69.28	69.31	69.25	68.94	68.10	67.84	68.70	69.05	69.11	69.09	69.05	68.73	67.89	65.25	66.01	66.32	66.37	66.37	66.31	66.00	65.24	64.88	65.53	65.80	65.83	65.81	65.76	65.48	64.85
67.89	68.71	69.00	69.07	69.10	69.04	68.72	67.88	68.04	68.91	69.26	69.33	69.30	69.26	68.94	68.09	65.25	66.01	66.32	66.37	66.37	66.31	65.99	65.24	64.88	65.52	65.79	65.83	65.81	65.75	65.48	64.84
68.10	68.92	69.21	69.28	69.32	69.25	68.93	68.09	67.83	68.69	69.04	69.11	69.08	69.04	68.72	67.88	65.24	66.00	66.31	66.37	66.36	66.30	65.99	65.23	64.87	65.52	65.79	65.82	65.81	65.75	65.47	64.84
67.88	68.69	68.99	69.06	69.09	69.03	68.70	67.87	68.04	68.90	69.26	69.33	69.30	69.26	68.93	68.08	65.23	65.99	66.31	66.37	66.36	66.30	65.98	65.22	64.86	65.51	65.78	65.82	65.80	65.74	65.46	64.83
68.09	68.91	69.21	69.29	69.32	69.25	68.91	68.08	67.82	68.68	69.03	69.11	69.08	69.04	68.71	67.86	65.23	65.98	66.30	66.36	66.36	66.29	65.97	65.22	64.86	65.50	65.77	65.82	65.80	65.74	65.46	64.83
67.86	68.68	68.98	69.06	69.09	69.02	68.69	67.86	68.03	68.90	69.25	69.33	69.30	69.26	68.92	68.07	65.22	65.98	66.30	66.36	66.36	66.29	65.97	65.21	64.85	65.49	65.77	65.81	65.80	65.73	65.45	64.82
68.08	68.90	69.20	69.28	69.31	69.24	68.90	68.07	67.81	68.67	69.03	69.11	69.08	69.03	68.70	67.85	65.21	65.97	66.29	66.36	66.35	66.28	65.96	65.20	64.84	65.49	65.76	65.81	65.79	65.73	65.45	64.81
67.86	68.67	68.98	69.06	69.09	69.02	68.68	67.85	68.01	68.88	69.24	69.32	69.30	69.25	68.91	68.06	65.21	65.97	66.29	66.36	66.35	66.28	65.95	65.20	64.84	65.48	65.76	65.81	65.79	65.72	65.44	64.81
68.07	68.89	68.96	69.04	69.07	68.99	68.89	68.06	67.79	68.65	69.02	69.10	69.07	69.02	68.68	67.84	65.20	65.96	66.28	66.35	66.35	66.27	65.95	65.19	64.83	65.47	65.75	65.80	65.79	65.72	65.43	64.80
67.85	68.67	68.95	69.03	69.06	68.98	68.67	67.84	68.00	68.87	69.23	69.32	69.29	69.24	68.90	68.05	65.19	65.95	66.28	66.35	66.35	66.27	65.94	65.19	64.82	65.47	65.75	65.80	65.79	65.71	65.43	64.80
68.06	68.88	68.94	69.02	69.05	68.97	68.88	68.05	67.78	68.65	69.01	69.09	69.07	69.01	68.67	67.83	65.19	65.94	66.27	66.35	66.34	66.27	65.93	65.18	64.82	65.46	65.74	65.80	65.78	65.71	65.42	64.79
67.84	68.66	68.93	69.02	69.05	68.96	68.66	67.83	67.99	68.85	69.22	69.31	69.28	69.22	68.88	68.03	65.18	65.94	66.27	66.35	66.34	66.26	65.93	65.17	64.81	65.45	65.74	65.79	65.78	65.70	65.42	64.79
68.05	68.87	68.92	69.01	69.04	68.95	68.87	68.04	67.77	68.63	69.00	69.09	69.06	69.00	68.66	67.82	65.17	65.93	66.26	66.34	66.34	66.26	65.92	65.17	64.80	65.45	65.73	65.79	65.78	65.70	65.41	64.78
67.83	68.65	68.92	69.01	69.04	68.95	68.65	67.82	67.98	68.85	69.22	69.31	69.28	69.22	68.87	68.02	65.17	65.93	66.26	66.34	66.34	66.25	65.92	65.16	64.80	65.44	65.73	65.79	65.77	65.69	65.40	64.77
68.04	68.86	69.15	69.25	69.27	69.18	68.86	68.02	67.76	68.62	68.99	69.09	69.06	68.99	68.65	67.81	65.16	65.92	66.25	66.34	66.33	66.25	65.91	65.16	64.79	65.43	65.72	65.78	65.77	65.69	65.40	64.77
67.82	68.64	68.94	69.03	69.06	68.97	68.63	67.80	67.97	68.84	69.21	69.30	69.28	69.21	68.86	68.01	65.16	65.91	66.25	66.33	66.33	66.24	65.90	65.15	64.79	65.43	65.71	65.78	65.77	65.68	65.39	64.76
68.03	68.85	69.16	69.26	69.29	69.19	68.85	68.01	67.75	68.61	68.99	69.08	69.06	68.98	68.64	67.79	65.15	65.91	66.25	66.33	66.33	66.24	65.90	65.14	64.78	65.42	65.71	65.78	65.76	65.68	65.39	64.76
67.81	68.63	68.94	69.04	69.07	68.97	68.63	67.79	67.96	68.82	69.20	69.30	69.27	69.20	68.85	68.00	65.14	65.90	66.24	66.33	66.32	66.23	65.89	65.14	64.77	65.41	65.70	65.77	65.76	65.68	65.38	64.75
68.02	68.84	69.16	69.26	69.29	69.19	68.84	68.00	67.74	68.60	68.98	69.08	69.06	68.98	68.63	67.79	65.14	65.89	66.24	66.33	66.32	66.23	65.89	65.13	64.77	65.41	65.70	65.77	65.76	65.67	65.38	64.75
67.80	68.62	68.94	69.04	69.07	68.97	68.62	67.78	67.95	68.81	69.20	69.30	69.27	69.19	68.84	67.99	65.13	65.89	66.23	66.32	66.32	66.22	65.88	65.13	64.76	65.40	65.69	65.77	65.75	65.67	65.37	64.74
68.01	68.84	69.16	69.26	69.29	69.19	68.83	67.99	67.73	68.59	68.97	69.07	69.05	68.97	68.61	67.77	65.13	65.88	66.23	66.32	66.32	66.22	65.87	65.12	64.76	65.39	65.69	65.76	65.75	65.66	65.36	64.73
67.79	68.61	68.94	69.04	69.07	68.96	68.61	67.77	67.94	68.80	69.19	69.29	69.27	69.19	68.83	67.98	65.12	65.88	66.22	66.32	66.31	66.22	65.87	65.12	64.75	65.39	65.68	65.76	65.75	65.66	65.36	64.73
68.00	68.82	69.15	69.26	69.28	69.18	68.81	67.98	67.72	68.59	68.97	69.08	69.05	68.97	68.61	67.77	65.11	65.87	66.22	66.31	66.31	66.21	65.86	65.11	64.74	65.38	65.68	65.76	65.75	65.65	65.35	64.72
67.78	68.60	68.93	69.04	69.06	68.96	68.60	67.76	67.93	68.79	69.18	69.29	69.26	69.18	68.82	67.97	65.11	65.86	66.21	66.31	66.31	66.21	65.86	65.10	64.74	65.37	65.67	65.75	65.74	65.65	65.35	64.72
67.99	68.82	69.15	69.26	69.29	69.18	68.81	67.97	67.70	68.57	68.96	69.06	69.04	68.95	68.59	67.75	65.10	65.86	66.21	66.31	66.30	66.20	65.85	65.10	64.73	65.37	65.67	65.75	65.74	65.64	65.34	64.71
67.77	68.59	68.93	69.03	69.06	68.95	68.58	67.75	67.92	68.78	69.17	69.29	69.26	69.17	68.81	67.96	65.10	65.85	66.20	66.31	66.30	66.20	65.85	65.09	64.73	65.36	65.66	65.75	65.74	65.64	65.34	64.71
67.98	68.81	69.15	69.26	69.28	69.17	68.80	67.96	67.70	68.56	68.95	69.06	69.04	68.95	68.58	67.74	65.09	65.85	66.20	66.30	66.30	66.19	65.84	65.09	64.72	65.36	65.66	65.74	65.73	65.64	65.33	64.70
67.76	68.59	68.92	69.03	69.06	68.94	68.58	67.74	67.90	68.77	69.17	69.28	69.25	69.16	68.79	67.95	65.09	65.84	66.20	66.30	66.30	66.19	65.84	65.08	64.71	65.35	65.65	65.74	65.73	65.63	65.33	64.70
67.98	68.80	69.14	69.26	69.28	69.16	68.79	67.95	67.68	68.55	68.94	69.05	69.03	68.94	68.57	67.72	65.08	65.83	66.19	66.30	66.29	66.18	65.83	65.08	64.71	65.35	65.65	65.74	65.73	65.63	65.32	64.69
67.76	68.58	68.92	69.03	69.06	68.94	68.57	67.74	67.89	68.76	69.16	69.27	69.25	69.15	68.78	67.93	65.08	65.83	66.19	66.29	66.29	66.18	65.82	65.07	64.70	65.34	65.64	65.73	65.72	65.62	65.31	64.69
67.96	68.79	68.89	69.01	69.03	68.91	68.78	67.94	67.68	68.54	68.93	69.05	69.03	68.93	68.56	67.72	65.07	65.82	66.18	66.29	66.29	66.18	65.82	65.07	64.70	65.33	65.64	65.73	65.72	65.62	65.31	64.68
67.74	68.56	68.88	68.99	69.02	68.90	68.55	67.72	67.89	68.76	69.15	69.28	69.25	69.15	68.78	67.93	65.06	65.82	66.18	66.29	66.28	66.17	65.81	65.06	64.69	65.33	65.64	65.73	65.72	65.61	65.30	64.68
67.95	68.78	68.87	68.99	69.01	68.89	68.77	67.93	67.67	68.53	68.92	69.05	69.02	68.92	68.55	67.71	65.06	65.81	66.17	66.28	66.28	66.17	65.81	65.05	64.69	65.32	65.63	65.72	65.71	65.61	65.30	64.67
67.74	68.56	68.86	68.98	69.00	68.88	68.55	67.71	67.87	68.74	69.14	69.26	69.24	69.14	68.76	67.91	65.05	65.81	66.17	66.28	66.28	66.16	65.80	65.05	64.68	65.32	65.63	65.72	65.71	65.61	65.29	64.67
66.67	67.50	68.92	69.07	69.10	68.97	67.51	66.68	66.65	67.51	67.90	68.03	68.02	67.91	67.52	66.66	65.04	65.80	66.16	66.27	66.27	66.15	65.79	65.04	64.68	65.31	65.62	65.71	65.71	65.60	65.29	64.66
66.29	67.11	68.66	68.83	68.86	68.72	67.12	66.29	66.49	67.35	67.75	67.87	67.87	67.75	67.35	66.50	65.03	65.78	66.15	66.26	66.26	66.14	65.78	65.03	64.67	65.30	65.62	65.71	65.70	65.60	65.28	64.66
66.40	67.22	69.04	69.20	69.04	68.94	67.24	66.41	66.40	67.26	67.67	67.80	67.79	67.67	67.26	66.41	65.02	65.77	66.13	66.25	66.25	66.13	65.76	65.01	64.66	65.30	65.61	65.71	65.70	65.59	65.28	64.65
66.12	66.94	68.82	68.98	68.80	68.70	66.95	66.13	66.34	67.19	67.61	67.74	67.74	67.61	67.20	66.34	65.00	65.75	66.12	66.24	66.24	66.12	65.75	65.00	64.66	65.29	65.61	65.70	65.70	65.59	65.27	64.64
66.27	67.10	69.22	68.28	69.19	68.97	67.11	66.28	66.29	67.14	67.57	67.70	67.70	67.57	67.15	66.30	64.99	65.74	66.11	66.23	66.23	66.10	65.74	64.99	64.65	65.29	65.60	65.70	65.69	65.58	65.27	64.64
66.03	66.85	69.02	67.95	68.98	68.75	66.87	66.04	66.26	67.11	67.54	67.67	67.67	67.54	67.11	66.26	64.98	65.73	66.10	66.22	66.22	66.09	65.72	64.97	64.65	65.28	65.60	65.70	65.69	65.58	65.26	64.63
66.20	67.03	68.64	68.71	68.97	68.86	67.04	66.21	66.23	67.08	67.52	67.64	67.65	67.52	67.08	66.24	64.97	65.72	66.09	66.21	66.21	66.08	65.71	64.96	64.64	65.27	65.59	65.69	65.68	65.57	65.25	64.63
65.96	66.79	68.34	68.52	68.72	68.62	66.80	65.97	66.21	67.05	67.50	67.62	67.63	67.50	67.06	66.21	64.96	65.71	66.08	66.20	66.20	66.08	65.70	64.95	64.63	65.27	65.58	65.69	65.68	65.57	65.25	64.62
66.15	66.98	68.84	68.97	69.15	68.61	66.99	66.16	66.19	67.03	67.48	67.61	67.62	67.48	67.04	66.19	64.95	65.70	66.07	66.19	66.19	66.07	65.69	64.94	64.63	65.26	65.58	65.68	65.68	65.56	65.24	64.62
65.93	66.75	68.63	68.78	68.95	68.36	66.76	65.94	66.17	67.02	67.47	67.60	67.61	67.47	67.02	66.18	64.94	65.69	66.06	66.19	66.19	66.06	65.68	64.93	64.62	65.26	65.57	65.68	65.67	65.56	65.24	64.61
66.12	66.94	68.83	68.99	68.89	68.39	66.96	66.13	66.16	67.00	67.45	67.59	67.60	67.45	67.00	66.16	64.93	65.68	66.06	66.18	66.18	66.05	65.67	64.93	64.62	65.25	65.57	65.67	65.67	65.55	65.23	64.60
65.89	66.71	68.60	68.77	68.63	68.13	66.72	65.90	66.14	66.99	67.44	67.58	67.59	67.44	66.99	66.15	64.92	65.67	66.05	66.18	66.17	66.04	65.67	64.92	64.61	65.24	65.56	65.67	65.66	65.55	65.23	64.60
66.09	66.91	68.90	68.99	68.95	68.59	66.92	66.10	66.13	66.97	67.43	67.57	67.58	67.43	66.97	66.13	64.91	65.66	66.04	66.17	66.17	66.04	65.66	64.91	64.61	65.24	65.56	65.67	65.66	65.54	65.22	64.59
65.87	66.69	68.69	68.76	68.73	68.39	66.70	65.88	66.12	66.96	67.42	67.56	67.57	67.41	66.96	66.12	64.91	65.65	66.03	66.16	66.16	66.03	65.65	64.90	64.60	65.23	65.55	65.66	65.66	65.54	65.21	64.59
66.06	66.88	68.78	69.02	69.42	67.82	66.89	66.07	66.11	66.95	67.41	67.56	67.56	67.40	66.95	66.11	64.90	65.64	66.03	66.16	66.16	66.02	65.64	64.89	64.59	65.23	65.55	65.66	65.65	65.53	65.21	64.58
65.84	66.66	68.54	68.80	69.25	67.50	66.67	65.85	66.09	66.93	67.40	67.55	67.55	67.39	66.93	66.10	64.89	65.64	66.02	66.15	66.15	66.02	65.63	64.89	64.59	65.22	65.54	65.65	65.65	65.53	65.20	64.58
66.04	66.86	68.77	68.90	68.78	68.72	66.86	66.04	66.08	66.92	67.39	67.54	67.55	67.38	66.92	66.09	64.88	65.63	66.01	66.15	66.15	66.01	65.62	64.88	64.58	65.21	65.54	65.65	65.64	65.52	65.20	64.57
65.82	66.64	68.55	68.67	68.49	68.60	66.65	65.83	66.07	66.91	67.38	67.53	67.54	67.37	66.91	66.07	64.87	65.62	66.01	66.14	66.14	66.00	65.62	64.87	64.58	65.21	65.53	65.65	65.64	65.52	65.19	64.57
66.01	66.84	68.84	69.01	68.95	68.78	66.84	66.02	66.06	66.90	67.38	67.53	67.53	67.36	66.90	66.06	64.87	65.61	66.00	66.14	66.13	66.00	65.61	64.86	64.57	65.20	65.53	65.64	65.64	65.51	65.19	64.56
65.80	66.61	68.62	68.79	68.74	68.57	66.62	65.80	66.05	66.89	67.37	67.52	67.52	67.36	66.89	66.05	64.86	65.60	65.99	66.13	66.13	65.99	65.60	64.86	64.57	65.20	65.52	65.64	65.63	65.51	65.18	64.55
65.99	66.81	68.80	68.94	68.99	68.77	66.82	65.99	66.04	66.88	67.36	67.51	67.51	67.35	66.88	66.04	64.85	65.60	65.99	66.12	66.12	65.98	65.59	64.85	64.56	65.19	65.52	65.63	65.63	65.50	65.17	64.55
65.78	66.59	68.58	68.71	68.78	68.55	66.60	65.78	66.03	66.87	67.35	67.51	67.51	67.34	66.86	66.03	64.84	65.59	65.98	66.12	66.12	65.98	65.59	64.84	64.55	65.18	65.51	65.63	65.62	65.50	65.17	64.54
65.97	66.79	68.81	68.97	69.14	68.43	66.80	65.97	66.02	66.85	67.34	67.50	67.50	67.33	66.85	66.02	64.84	65.58	65.97	66.11	66.11	65.97	65.58	64.83	64.55	65.18	65.51	65.62	65.62	65.49	65.16	64.54
65.75	66.57	68.59	68.75	68.93	68.17	66.58	65.76	66.01	66.84	67.33	67.49	67.49	67.32	66.84	66.01	64.83	65.57	65.97	66.11	66.11	65.96	65.57	64.83	64.54	65.17	65.50	65.62	65.61	65.49	65.16	64.53
