Metric	Core0	Core1	Core2	Core3	Core4	Core5	Core6	Core7	Core8	Core9	Core10	Core11	Core12	Core13	Core14	Core15	Core16	Core17	Core18	Core19	Core20	Core21	Core22	Core23	Core24	Core25	Core26	Core27	Core28	Core29	Core30	Core31
total	1020.000	1020.000	21.702	2.094	0.678	1020.000	1020.000	1020.000	3672000.208	3672000.208	3672000.208	3672000.208	3672000.208	3672000.208	3672000.208	3672000.208	3672000.208	3672000.208	3672000.208	3672000.208	3672000.208	3672000.208	3672000.208	3672000.208	3672000.208	3672000.208	3672000.208	3672000.208	3672000.208	3672000.208	3672000.208	3672000.208
base	0.000	0.000	899.639	0.166	0.238	0.000	0.000	0.000	0.000	0.000	0.000	0.000	0.000	0.000	0.000	0.000	0.000	0.000	0.000	0.000	0.000	0.000	0.000	0.000	0.000	0.000	0.000	0.000	0.000	0.000	0.000	0.000
dispatch_width	-
rs_full	-
depend	-
depend-int	-
depend-fp	0.000	0.000	0.000	0.437	0.116	0.000	0.000	0.000	0.000	0.000	0.000	0.000	0.000	0.000	0.000	0.000	0.000	0.000	0.000	0.000	0.000	0.000	0.000	0.000	0.000	0.000	0.000	0.000	0.000	0.000	0.000	0.000
depend-branch	-
issue	0.000	0.000	0.000	0.025	0.044	0.000	0.000	0.000	0.000	0.000	0.000	0.000	0.000	0.000	0.000	0.000	0.000	0.000	0.000	0.000	0.000	0.000	0.000	0.000	0.000	0.000	0.000	0.000	0.000	0.000	0.000	0.000
serial	-
smt	-
branch	-
itlb	-
dtlb	-
ifetch	0.000	0.000	0.000	0.049	0.000	0.000	0.000	0.000	0.000	0.000	0.000	0.000	0.000	0.000	0.000	0.000	0.000	0.000	0.000	0.000	0.000	0.000	0.000	0.000	0.000	0.000	0.000	0.000	0.000	0.000	0.000	0.000
mem	-
mem-l1d	0.000	0.000	0.000	0.077	0.015	0.000	0.000	0.000	0.000	0.000	0.000	0.000	0.000	0.000	0.000	0.000	0.000	0.000	0.000	0.000	0.000	0.000	0.000	0.000	0.000	0.000	0.000	0.000	0.000	0.000	0.000	0.000
mem-l2	-
mem-l3	-
mem-l4	-
mem-remote	-
mem-nuca	-
mem-dram-cache	-
mem-dram	-
sync	-
dvfs-transition	-
imbalance	1018.000	1018.000	21.654	1.320	0.262	1018.000	1018.000	1018.000	3672000.208	3672000.208	3672000.208	3672000.208	3672000.208	3672000.208	3672000.208	3672000.208	3672000.208	3672000.208	3672000.208	3672000.208	3672000.208	3672000.208	3672000.208	3672000.208	3672000.208	3672000.208	3672000.208	3672000.208	3672000.208	3672000.208	3672000.208	3672000.208
other	2.000	2.000	-899.591	0.021	0.003	2.000	2.000	2.000	0.000	0.000	0.000	0.000	0.000	0.000	0.000	0.000	0.000	0.000	0.000	0.000	0.000	0.000	0.000	0.000	0.000	0.000	0.000	0.000	0.000	0.000	0.000	0.000
