pcb_C_0	322.6144
pcb_C_1	323.0451
pcb_C_2	323.4373
pcb_C_3	323.6014
pcb_C_4	323.5935
pcb_C_5	323.3677
pcb_C_6	323.0037
pcb_C_7	322.5901
pcb_C_8	322.4450
pcb_C_9	322.8066
pcb_C_10	323.1158
pcb_C_11	323.2647
pcb_C_12	323.2539
pcb_C_13	323.0691
pcb_C_14	322.7695
pcb_C_15	322.4190
pcb_C_16	322.2433
pcb_C_17	322.4180
pcb_C_18	322.5876
pcb_C_19	322.6815
pcb_C_20	322.6738
pcb_C_21	322.5643
pcb_C_22	322.3934
pcb_C_23	322.2211
pcb_C_24	322.1000
pcb_C_25	322.1366
pcb_C_26	322.2126
pcb_C_27	322.2619
pcb_C_28	322.2577
pcb_C_29	322.2010
pcb_C_30	322.1220
pcb_C_31	322.0833
solder_C_0	322.7053
solder_C_1	323.1275
solder_C_2	323.7253
solder_C_3	323.9190
solder_C_4	323.9264
solder_C_5	323.5955
solder_C_6	323.0774
solder_C_7	322.6793
solder_C_8	322.5539
solder_C_9	322.8932
solder_C_10	323.2473
solder_C_11	323.4075
solder_C_12	323.3989
solder_C_13	323.1883
solder_C_14	322.8535
solder_C_15	322.5270
solder_C_16	322.2417
solder_C_17	322.3790
solder_C_18	322.5562
solder_C_19	322.6548
solder_C_20	322.6472
solder_C_21	322.5320
solder_C_22	322.3542
solder_C_23	322.2192
solder_C_24	322.0666
solder_C_25	322.0660
solder_C_26	322.1481
solder_C_27	322.2019
solder_C_28	322.1977
solder_C_29	322.1363
solder_C_30	322.0513
solder_C_31	322.0496
sub_C_0	322.7101
sub_C_1	323.1345
sub_C_2	323.8562
sub_C_3	324.0505
sub_C_4	324.0732
sub_C_5	323.6891
sub_C_6	323.0839
sub_C_7	322.6839
sub_C_8	322.5845
sub_C_9	322.9288
sub_C_10	323.2869
sub_C_11	323.4472
sub_C_12	323.4390
sub_C_13	323.2275
sub_C_14	322.8894
sub_C_15	322.5578
sub_C_16	322.1990
sub_C_17	322.3505
sub_C_18	322.5316
sub_C_19	322.6313
sub_C_20	322.6238
sub_C_21	322.5077
sub_C_22	322.3258
sub_C_23	322.1766
sub_C_24	322.0147
sub_C_25	322.0324
sub_C_26	322.1200
sub_C_27	322.1757
sub_C_28	322.1715
sub_C_29	322.1082
sub_C_30	322.0176
sub_C_31	321.9978
layer_3_C_0	322.7262
layer_3_C_1	323.1837
layer_3_C_2	325.1532
layer_3_C_3	325.3325
layer_3_C_4	325.5169
layer_3_C_5	324.6070
layer_3_C_6	323.1333
layer_3_C_7	322.6997
layer_3_C_8	322.8793
layer_3_C_9	323.2915
layer_3_C_10	323.6661
layer_3_C_11	323.8254
layer_3_C_12	323.8199
layer_3_C_13	323.6094
layer_3_C_14	323.2554
layer_3_C_15	322.8534
layer_3_C_16	321.7679
layer_3_C_17	322.0597
layer_3_C_18	322.2787
layer_3_C_19	322.3887
layer_3_C_20	322.3817
layer_3_C_21	322.2570
layer_3_C_22	322.0366
layer_3_C_23	321.7469
layer_3_C_24	321.5164
layer_3_C_25	321.7013
layer_3_C_26	321.8418
layer_3_C_27	321.9144
layer_3_C_28	321.9100
layer_3_C_29	321.8299
layer_3_C_30	321.6864
layer_3_C_31	321.5006
layer_4_TB_0	322.6806
layer_4_TB_1	323.1378
layer_4_TB_2	325.0008
layer_4_TB_3	325.1816
layer_4_TB_4	325.3522
layer_4_TB_5	324.4874
layer_4_TB_6	323.0876
layer_4_TB_7	322.6541
layer_4_TB_8	322.8175
layer_4_TB_9	323.2299
layer_4_TB_10	323.6039
layer_4_TB_11	323.7632
layer_4_TB_12	323.7576
layer_4_TB_13	323.5474
layer_4_TB_14	323.1938
layer_4_TB_15	322.7917
layer_4_TB_16	321.7671
layer_4_TB_17	322.0591
layer_4_TB_18	322.2781
layer_4_TB_19	322.3881
layer_4_TB_20	322.3811
layer_4_TB_21	322.2564
layer_4_TB_22	322.0360
layer_4_TB_23	321.7461
layer_4_TB_24	321.5158
layer_4_TB_25	321.7009
layer_4_TB_26	321.8414
layer_4_TB_27	321.9140
layer_4_TB_28	321.9097
layer_4_TB_29	321.8295
layer_4_TB_30	321.6860
layer_4_TB_31	321.5000
hsp_TB_0	322.2243
hsp_TB_1	322.6795
hsp_TB_2	323.4768
hsp_TB_3	323.6727
hsp_TB_4	323.7051
hsp_TB_5	323.2920
hsp_TB_6	322.6302
hsp_TB_7	322.1978
hsp_TB_8	322.2000
hsp_TB_9	322.6138
hsp_TB_10	322.9817
hsp_TB_11	323.1407
hsp_TB_12	323.1344
hsp_TB_13	322.9270
hsp_TB_14	322.5778
hsp_TB_15	322.1742
hsp_TB_16	321.7584
hsp_TB_17	322.0526
hsp_TB_18	322.2720
hsp_TB_19	322.3820
hsp_TB_20	322.3750
hsp_TB_21	322.2503
hsp_TB_22	322.0295
hsp_TB_23	321.7374
hsp_TB_24	321.5099
hsp_TB_25	321.6970
hsp_TB_26	321.8379
hsp_TB_27	321.9106
hsp_TB_28	321.9062
hsp_TB_29	321.8260
hsp_TB_30	321.6820
hsp_TB_31	321.4942
hsink_TB_0	322.0298
hsink_TB_1	322.4543
hsink_TB_2	322.8903
hsink_TB_3	323.0678
hsink_TB_4	323.0623
hsink_TB_5	322.8142
hsink_TB_6	322.4118
hsink_TB_7	322.0038
hsink_TB_8	321.9703
hsink_TB_9	322.3708
hsink_TB_10	322.7001
hsink_TB_11	322.8550
hsink_TB_12	322.8455
hsink_TB_13	322.6567
hsink_TB_14	322.3361
hsink_TB_15	321.9447
hsink_TB_16	321.7287
hsink_TB_17	322.0215
hsink_TB_18	322.2396
hsink_TB_19	322.3494
hsink_TB_20	322.3422
hsink_TB_21	322.2183
hsink_TB_22	321.9985
hsink_TB_23	321.7078
hsink_TB_24	321.5042
hsink_TB_25	321.6918
hsink_TB_26	321.8328
hsink_TB_27	321.9054
hsink_TB_28	321.9011
hsink_TB_29	321.8209
hsink_TB_30	321.6769
hsink_TB_31	321.4884
inode_0	321.2281
inode_1	321.2096
inode_2	321.0171
inode_3	321.8121
inode_4	321.2216
inode_5	321.2031
inode_6	321.0136
inode_7	321.8058
inode_8	320.9451
inode_9	320.9282
inode_10	320.6842
inode_11	321.3852
inode_12	322.3590
inode_13	322.3362
inode_14	321.9825
inode_15	323.2060
inode_16	322.3585
inode_17	322.3356
inode_18	321.9825
inode_19	323.2055
inode_20	322.1138
inode_21	322.0926
inode_22	321.9561
inode_23	323.1493
inode_24	321.1883
inode_25	321.1721
inode_26	320.8748
inode_27	321.7290
