pcb_LC_0	357.6881
pcb_LC_1	359.1068
pcb_LC_2	359.7357
pcb_LC_3	359.9878
pcb_LC_4	359.9871
pcb_LC_5	359.7338
pcb_LC_6	359.1041
pcb_LC_7	357.6847
pcb_LC_8	357.7335
pcb_LC_9	359.4508
pcb_LC_10	360.2662
pcb_LC_11	360.6007
pcb_LC_12	360.5997
pcb_LC_13	360.2636
pcb_LC_14	359.4470
pcb_LC_15	357.7292
pcb_LC_16	357.7237
pcb_LC_17	359.4333
pcb_LC_18	360.2455
pcb_LC_19	360.5788
pcb_LC_20	360.5778
pcb_LC_21	360.2427
pcb_LC_22	359.4292
pcb_LC_23	357.7193
pcb_LC_24	357.6630
pcb_LC_25	359.0656
pcb_LC_26	359.6884
pcb_LC_27	359.9385
pcb_LC_28	359.9378
pcb_LC_29	359.6864
pcb_LC_30	359.0626
pcb_LC_31	357.6594
solder_LC_0	360.0775
solder_LC_1	360.5338
solder_LC_2	360.8990
solder_LC_3	361.0888
solder_LC_4	361.0877
solder_LC_5	360.8964
solder_LC_6	360.5300
solder_LC_7	360.0728
solder_LC_8	360.5492
solder_LC_9	361.2629
solder_LC_10	361.7586
solder_LC_11	362.0088
solder_LC_12	362.0070
solder_LC_13	361.7544
solder_LC_14	361.2568
solder_LC_15	360.5425
solder_LC_16	360.5190
solder_LC_17	361.2193
solder_LC_18	361.7104
solder_LC_19	361.9587
solder_LC_20	361.9572
solder_LC_21	361.7059
solder_LC_22	361.2120
solder_LC_23	360.5117
solder_LC_24	360.0285
solder_LC_25	360.4605
solder_LC_26	360.8175
solder_LC_27	361.0044
solder_LC_28	361.0034
solder_LC_29	360.8144
solder_LC_30	360.4555
solder_LC_31	360.0230
sub_LC_0	360.1530
sub_LC_1	360.6357
sub_LC_2	361.0336
sub_LC_3	361.2413
sub_LC_4	361.2400
sub_LC_5	361.0309
sub_LC_6	360.6317
sub_LC_7	360.1481
sub_LC_8	361.0376
sub_LC_9	361.7493
sub_LC_10	362.2687
sub_LC_11	362.5330
sub_LC_12	362.5302
sub_LC_13	362.2639
sub_LC_14	361.7423
sub_LC_15	361.0298
sub_LC_16	360.9761
sub_LC_17	361.6761
sub_LC_18	362.1907
sub_LC_19	362.4519
sub_LC_20	362.4505
sub_LC_21	362.1853
sub_LC_22	361.6664
sub_LC_23	360.9669
sub_LC_24	360.0851
sub_LC_25	360.5463
sub_LC_26	360.9363
sub_LC_27	361.1408
sub_LC_28	361.1399
sub_LC_29	360.9329
sub_LC_30	360.5406
sub_LC_31	360.0791
layer_3_LC_0	360.3565
layer_3_LC_1	361.1980
layer_3_LC_2	361.9172
layer_3_LC_3	362.2898
layer_3_LC_4	362.2872
layer_3_LC_5	361.9137
layer_3_LC_6	361.1932
layer_3_LC_7	360.3508
layer_3_LC_8	365.7244
layer_3_LC_9	366.6387
layer_3_LC_10	367.4359
layer_3_LC_11	367.8516
layer_3_LC_12	367.8373
layer_3_LC_13	367.4251
layer_3_LC_14	366.6233
layer_3_LC_15	365.7061
layer_3_LC_16	365.3139
layer_3_LC_17	366.2302
layer_3_LC_18	367.0194
layer_3_LC_19	367.4172
layer_3_LC_20	367.4171
layer_3_LC_21	367.0057
layer_3_LC_22	366.1943
layer_3_LC_23	365.2858
layer_3_LC_24	360.1232
layer_3_LC_25	360.9617
layer_3_LC_26	361.6769
layer_3_LC_27	362.0448
layer_3_LC_28	362.0439
layer_3_LC_29	361.6713
layer_3_LC_30	360.9511
layer_3_LC_31	360.1137
layer_4_TB_0	360.2470
layer_4_TB_1	361.0884
layer_4_TB_2	361.8070
layer_4_TB_3	362.1791
layer_4_TB_4	362.1766
layer_4_TB_5	361.8034
layer_4_TB_6	361.0837
layer_4_TB_7	360.2413
layer_4_TB_8	365.6250
layer_4_TB_9	366.5388
layer_4_TB_10	367.3352
layer_4_TB_11	367.7504
layer_4_TB_12	367.7361
layer_4_TB_13	367.3244
layer_4_TB_14	366.5235
layer_4_TB_15	365.6067
layer_4_TB_16	365.2134
layer_4_TB_17	366.1293
layer_4_TB_18	366.9176
layer_4_TB_19	367.3148
layer_4_TB_20	367.3148
layer_4_TB_21	366.9039
layer_4_TB_22	366.0933
layer_4_TB_23	365.1852
layer_4_TB_24	360.0142
layer_4_TB_25	360.8526
layer_4_TB_26	361.5673
layer_4_TB_27	361.9348
layer_4_TB_28	361.9338
layer_4_TB_29	361.5617
layer_4_TB_30	360.8421
layer_4_TB_31	360.0048
layer_5_B_0	359.1507
layer_5_B_1	359.9914
layer_5_B_2	360.7037
layer_5_B_3	361.0716
layer_5_B_4	361.0692
layer_5_B_5	360.7003
layer_5_B_6	359.9868
layer_5_B_7	359.1453
layer_5_B_8	364.6321
layer_5_B_9	365.5416
layer_5_B_10	366.3297
layer_5_B_11	366.7398
layer_5_B_12	366.7250
layer_5_B_13	366.3190
layer_5_B_14	365.5267
layer_5_B_15	364.6140
layer_5_B_16	364.2088
layer_5_B_17	365.1209
layer_5_B_18	365.9009
layer_5_B_19	366.2923
layer_5_B_20	366.2927
layer_5_B_21	365.8873
layer_5_B_22	365.0844
layer_5_B_23	364.1806
layer_5_B_24	358.9234
layer_5_B_25	359.7613
layer_5_B_26	360.4699
layer_5_B_27	360.8335
layer_5_B_28	360.8325
layer_5_B_29	360.4645
layer_5_B_30	359.7512
layer_5_B_31	358.9143
layer_6_TB_0	358.9932
layer_6_TB_1	359.8342
layer_6_TB_2	360.5456
layer_6_TB_3	360.9129
layer_6_TB_4	360.9106
layer_6_TB_5	360.5422
layer_6_TB_6	359.8297
layer_6_TB_7	358.9878
layer_6_TB_8	364.4243
layer_6_TB_9	365.3344
layer_6_TB_10	366.1210
layer_6_TB_11	366.5301
layer_6_TB_12	366.5158
layer_6_TB_13	366.1105
layer_6_TB_14	365.3197
layer_6_TB_15	364.4065
layer_6_TB_16	364.0052
layer_6_TB_17	364.9179
layer_6_TB_18	365.6968
layer_6_TB_19	366.0878
layer_6_TB_20	366.0881
layer_6_TB_21	365.6834
layer_6_TB_22	364.8822
layer_6_TB_23	363.9777
layer_6_TB_24	358.7670
layer_6_TB_25	359.6052
layer_6_TB_26	360.3130
layer_6_TB_27	360.6759
layer_6_TB_28	360.6750
layer_6_TB_29	360.3076
layer_6_TB_30	359.5951
layer_6_TB_31	358.7580
layer_7_B_32	357.4171
layer_7_B_33	358.2612
layer_7_B_34	358.9640
layer_7_B_35	359.3250
layer_7_B_36	359.3230
layer_7_B_37	358.9608
layer_7_B_38	358.2570
layer_7_B_39	357.4122
layer_7_B_40	362.3470
layer_7_B_41	363.2632
layer_7_B_42	364.0358
layer_7_B_43	364.4340
layer_7_B_44	364.4253
layer_7_B_45	364.0272
layer_7_B_46	363.2509
layer_7_B_47	362.3329
layer_7_B_48	361.9708
layer_7_B_49	362.8888
layer_7_B_50	363.6568
layer_7_B_51	364.0434
layer_7_B_52	364.0428
layer_7_B_53	363.6451
layer_7_B_54	362.8619
layer_7_B_55	361.9499
layer_7_B_56	357.2015
layer_7_B_57	358.0430
layer_7_B_58	358.7425
layer_7_B_59	359.0997
layer_7_B_60	359.0988
layer_7_B_61	358.7374
layer_7_B_62	358.0338
layer_7_B_63	357.1932
layer_8_TB_0	357.2133
layer_8_TB_1	358.0581
layer_8_TB_2	358.7597
layer_8_TB_3	359.1199
layer_8_TB_4	359.1180
layer_8_TB_5	358.7566
layer_8_TB_6	358.0539
layer_8_TB_7	357.2084
layer_8_TB_8	362.1035
layer_8_TB_9	363.0208
layer_8_TB_10	363.7919
layer_8_TB_11	364.1889
layer_8_TB_12	364.1808
layer_8_TB_13	363.7836
layer_8_TB_14	363.0087
layer_8_TB_15	362.0898
layer_8_TB_16	361.7304
layer_8_TB_17	362.6494
layer_8_TB_18	363.4162
layer_8_TB_19	363.8023
layer_8_TB_20	363.8016
layer_8_TB_21	363.4048
layer_8_TB_22	362.6234
layer_8_TB_23	361.7101
layer_8_TB_24	356.9992
layer_8_TB_25	357.8414
layer_8_TB_26	358.5398
layer_8_TB_27	358.8963
layer_8_TB_28	358.8954
layer_8_TB_29	358.5348
layer_8_TB_30	357.8322
layer_8_TB_31	356.9910
layer_9_B_64	355.1739
layer_9_B_65	356.0257
layer_9_B_66	356.7164
layer_9_B_67	357.0684
layer_9_B_68	357.0670
layer_9_B_69	356.7137
layer_9_B_70	356.0219
layer_9_B_71	355.1695
layer_9_B_72	359.6693
layer_9_B_73	360.5983
layer_9_B_74	361.3544
layer_9_B_75	361.7396
layer_9_B_76	361.7368
layer_9_B_77	361.3481
layer_9_B_78	360.5887
layer_9_B_79	359.6592
layer_9_B_80	359.3269
layer_9_B_81	360.2570
layer_9_B_82	361.0119
layer_9_B_83	361.3920
layer_9_B_84	361.3906
layer_9_B_85	361.0022
layer_9_B_86	360.2393
layer_9_B_87	359.3130
layer_9_B_88	354.9749
layer_9_B_89	355.8242
layer_9_B_90	356.5122
layer_9_B_91	356.8611
layer_9_B_92	356.8602
layer_9_B_93	356.5076
layer_9_B_94	355.8162
layer_9_B_95	354.9677
layer_10_TB_0	354.9254
layer_10_TB_1	355.7783
layer_10_TB_2	356.4677
layer_10_TB_3	356.8187
layer_10_TB_4	356.8173
layer_10_TB_5	356.4649
layer_10_TB_6	355.7745
layer_10_TB_7	354.9210
layer_10_TB_8	359.3907
layer_10_TB_9	360.3214
layer_10_TB_10	361.0760
layer_10_TB_11	361.4598
layer_10_TB_12	361.4575
layer_10_TB_13	361.0698
layer_10_TB_14	360.3122
layer_10_TB_15	359.3810
layer_10_TB_16	359.0503
layer_10_TB_17	359.9821
layer_10_TB_18	360.7357
layer_10_TB_19	361.1150
layer_10_TB_20	361.1136
layer_10_TB_21	360.7261
layer_10_TB_22	359.9652
layer_10_TB_23	359.0371
layer_10_TB_24	354.7282
layer_10_TB_25	355.5787
layer_10_TB_26	356.2654
layer_10_TB_27	356.6133
layer_10_TB_28	356.6124
layer_10_TB_29	356.2608
layer_10_TB_30	355.5708
layer_10_TB_31	354.7211
layer_11_B_96	352.4389
layer_11_B_97	353.3029
layer_11_B_98	353.9791
layer_11_B_99	354.3200
layer_11_B_100	354.3191
layer_11_B_101	353.9767
layer_11_B_102	353.2997
layer_11_B_103	352.4351
layer_11_B_104	356.6056
layer_11_B_105	357.5540
layer_11_B_106	358.2925
layer_11_B_107	358.6632
layer_11_B_108	358.6662
layer_11_B_109	358.2884
layer_11_B_110	357.5474
layer_11_B_111	356.5996
layer_11_B_112	356.2849
layer_11_B_113	357.2339
layer_11_B_114	357.9745
layer_11_B_115	358.3464
layer_11_B_116	358.3443
layer_11_B_117	357.9667
layer_11_B_118	357.2251
layer_11_B_119	356.2781
layer_11_B_120	352.2609
layer_11_B_121	353.1225
layer_11_B_122	353.7964
layer_11_B_123	354.1350
layer_11_B_124	354.1341
layer_11_B_125	353.7924
layer_11_B_126	353.1159
layer_11_B_127	352.2548
layer_12_TB_0	352.1472
layer_12_TB_1	353.0128
layer_12_TB_2	353.6874
layer_12_TB_3	354.0272
layer_12_TB_4	354.0262
layer_12_TB_5	353.6851
layer_12_TB_6	353.0096
layer_12_TB_7	352.1435
layer_12_TB_8	356.2930
layer_12_TB_9	357.2437
layer_12_TB_10	357.9805
layer_12_TB_11	358.3497
layer_12_TB_12	358.3533
layer_12_TB_13	357.9766
layer_12_TB_14	357.2374
layer_12_TB_15	356.2873
layer_12_TB_16	355.9732
layer_12_TB_17	356.9245
layer_12_TB_18	357.6637
layer_12_TB_19	358.0347
layer_12_TB_20	358.0326
layer_12_TB_21	357.6560
layer_12_TB_22	356.9165
layer_12_TB_23	355.9670
layer_12_TB_24	351.9715
layer_12_TB_25	352.8347
layer_12_TB_26	353.5071
layer_12_TB_27	353.8445
layer_12_TB_28	353.8437
layer_12_TB_29	353.5031
layer_12_TB_30	352.8282
layer_12_TB_31	351.9656
layer_13_B_128	349.2295
layer_13_B_129	350.1107
layer_13_B_130	350.7696
layer_13_B_131	351.0976
layer_13_B_132	351.0971
layer_13_B_133	350.7677
layer_13_B_134	350.1080
layer_13_B_135	349.2265
layer_13_B_136	353.1670
layer_13_B_137	354.1420
layer_13_B_138	354.8613
layer_13_B_139	355.2160
layer_13_B_140	355.2250
layer_13_B_141	354.8595
layer_13_B_142	354.1383
layer_13_B_143	353.1651
layer_13_B_144	352.8564
layer_13_B_145	353.8316
layer_13_B_146	354.5565
layer_13_B_147	354.9187
layer_13_B_148	354.9159
layer_13_B_149	354.5504
layer_13_B_150	353.8317
layer_13_B_151	352.8567
layer_13_B_152	349.0768
layer_13_B_153	349.9556
layer_13_B_154	350.6127
layer_13_B_155	350.9390
layer_13_B_156	350.9381
layer_13_B_157	350.6093
layer_13_B_158	349.9504
layer_13_B_159	349.0720
layer_14_TB_0	348.8963
layer_14_TB_1	349.7795
layer_14_TB_2	350.4366
layer_14_TB_3	350.7632
layer_14_TB_4	350.7627
layer_14_TB_5	350.4347
layer_14_TB_6	349.7769
layer_14_TB_7	348.8933
layer_14_TB_8	352.7492
layer_14_TB_9	353.7270
layer_14_TB_10	354.4449
layer_14_TB_11	354.7984
layer_14_TB_12	354.8073
layer_14_TB_13	354.4431
layer_14_TB_14	353.7234
layer_14_TB_15	352.7473
layer_14_TB_16	352.4462
layer_14_TB_17	353.4242
layer_14_TB_18	354.1475
layer_14_TB_19	354.5084
layer_14_TB_20	354.5057
layer_14_TB_21	354.1415
layer_14_TB_22	353.4242
layer_14_TB_23	352.4464
layer_14_TB_24	348.7462
layer_14_TB_25	349.6271
layer_14_TB_26	350.2824
layer_14_TB_27	350.6073
layer_14_TB_28	350.6065
layer_14_TB_29	350.2791
layer_14_TB_30	349.6220
layer_14_TB_31	348.7415
layer_15_B_160	345.5630
layer_15_B_161	346.4667
layer_15_B_162	347.1056
layer_15_B_163	347.4187
layer_15_B_164	347.4184
layer_15_B_165	347.1041
layer_15_B_166	346.4646
layer_15_B_167	345.5607
layer_15_B_168	348.5720
layer_15_B_169	349.5780
layer_15_B_170	350.2817
layer_15_B_171	350.6241
layer_15_B_172	350.6304
layer_15_B_173	350.2802
layer_15_B_174	349.5751
layer_15_B_175	348.5705
layer_15_B_176	348.3447
layer_15_B_177	349.3503
layer_15_B_178	350.0579
layer_15_B_179	350.4055
layer_15_B_180	350.4036
layer_15_B_181	350.0533
layer_15_B_182	349.3501
layer_15_B_183	348.3446
layer_15_B_184	345.4399
layer_15_B_185	346.3412
layer_15_B_186	346.9786
layer_15_B_187	347.2904
layer_15_B_188	347.2897
layer_15_B_189	346.9759
layer_15_B_190	346.3372
layer_15_B_191	345.4363
layer_16_TB_0	345.1911
layer_16_TB_1	346.0974
layer_16_TB_2	346.7341
layer_16_TB_3	347.0457
layer_16_TB_4	347.0454
layer_16_TB_5	346.7327
layer_16_TB_6	346.0953
layer_16_TB_7	345.1888
layer_16_TB_8	348.1221
layer_16_TB_9	349.1316
layer_16_TB_10	349.8337
layer_16_TB_11	350.1749
layer_16_TB_12	350.1810
layer_16_TB_13	349.8323
layer_16_TB_14	349.1289
layer_16_TB_15	348.1206
layer_16_TB_16	347.9016
layer_16_TB_17	348.9108
layer_16_TB_18	349.6166
layer_16_TB_19	349.9628
layer_16_TB_20	349.9609
layer_16_TB_21	349.6121
layer_16_TB_22	348.9105
layer_16_TB_23	347.9015
layer_16_TB_24	345.0710
layer_16_TB_25	345.9748
layer_16_TB_26	346.6101
layer_16_TB_27	346.9204
layer_16_TB_28	346.9197
layer_16_TB_29	346.6074
layer_16_TB_30	345.9709
layer_16_TB_31	345.0674
layer_17_B_192	341.4713
layer_17_B_193	342.4032
layer_17_B_194	343.0190
layer_17_B_195	343.3152
layer_17_B_196	343.3151
layer_17_B_197	343.0179
layer_17_B_198	342.4017
layer_17_B_199	341.4696
layer_17_B_200	343.6234
layer_17_B_201	344.6691
layer_17_B_202	345.3550
layer_17_B_203	345.6834
layer_17_B_204	345.6875
layer_17_B_205	345.3539
layer_17_B_206	344.6670
layer_17_B_207	343.6222
layer_17_B_208	343.4709
layer_17_B_209	344.5159
layer_17_B_210	345.2041
layer_17_B_211	345.5358
layer_17_B_212	345.5346
layer_17_B_213	345.2010
layer_17_B_214	344.5155
layer_17_B_215	343.4707
layer_17_B_216	341.3808
layer_17_B_217	342.3102
layer_17_B_218	342.9247
layer_17_B_219	343.2201
layer_17_B_220	343.2196
layer_17_B_221	342.9227
layer_17_B_222	342.3074
layer_17_B_223	341.3782
layer_18_TB_0	341.0635
layer_18_TB_1	341.9986
layer_18_TB_2	342.6120
layer_18_TB_3	342.9065
layer_18_TB_4	342.9064
layer_18_TB_5	342.6109
layer_18_TB_6	341.9971
layer_18_TB_7	341.0619
layer_18_TB_8	343.1422
layer_18_TB_9	344.1923
layer_18_TB_10	344.8764
layer_18_TB_11	345.2034
layer_18_TB_12	345.2073
layer_18_TB_13	344.8753
layer_18_TB_14	344.1904
layer_18_TB_15	343.1410
layer_18_TB_16	342.9960
layer_18_TB_17	344.0454
layer_18_TB_18	344.7317
layer_18_TB_19	345.0618
layer_18_TB_20	345.0606
layer_18_TB_21	344.7286
layer_18_TB_22	344.0450
layer_18_TB_23	342.9958
layer_18_TB_24	340.9762
layer_18_TB_25	341.9088
layer_18_TB_26	342.5208
layer_18_TB_27	342.8146
layer_18_TB_28	342.8141
layer_18_TB_29	342.5189
layer_18_TB_30	341.9060
layer_18_TB_31	340.9737
layer_19_B_224	336.9857
layer_19_B_225	337.9524
layer_19_B_226	338.5415
layer_19_B_227	338.8191
layer_19_B_228	338.8190
layer_19_B_229	338.5408
layer_19_B_230	337.9514
layer_19_B_231	336.9847
layer_19_B_232	338.3301
layer_19_B_233	339.4252
layer_19_B_234	340.0908
layer_19_B_235	340.4037
layer_19_B_236	340.4057
layer_19_B_237	340.0901
layer_19_B_238	339.4240
layer_19_B_239	338.3293
layer_19_B_240	338.2470
layer_19_B_241	339.3411
layer_19_B_242	340.0076
layer_19_B_243	340.3221
layer_19_B_244	340.3214
layer_19_B_245	340.0058
layer_19_B_246	339.3406
layer_19_B_247	338.2467
layer_19_B_248	336.9298
layer_19_B_249	337.8939
layer_19_B_250	338.4819
layer_19_B_251	338.7589
layer_19_B_252	338.7585
layer_19_B_253	338.4807
layer_19_B_254	337.8922
layer_19_B_255	336.9282
layer_20_TB_0	336.5450
layer_20_TB_1	337.5156
layer_20_TB_2	338.1019
layer_20_TB_3	338.3776
layer_20_TB_4	338.3775
layer_20_TB_5	338.1012
layer_20_TB_6	337.5146
layer_20_TB_7	336.5440
layer_20_TB_8	337.8185
layer_20_TB_9	338.9191
layer_20_TB_10	339.5826
layer_20_TB_11	339.8939
layer_20_TB_12	339.8958
layer_20_TB_13	339.5819
layer_20_TB_14	338.9180
layer_20_TB_15	337.8177
layer_20_TB_16	337.7415
layer_20_TB_17	338.8410
layer_20_TB_18	339.5053
layer_20_TB_19	339.8181
layer_20_TB_20	339.8175
layer_20_TB_21	339.5036
layer_20_TB_22	338.8405
layer_20_TB_23	337.7412
layer_20_TB_24	336.4924
layer_20_TB_25	337.4602
layer_20_TB_26	338.0455
layer_20_TB_27	338.3206
layer_20_TB_28	338.3203
layer_20_TB_29	338.0443
layer_20_TB_30	337.4586
layer_20_TB_31	336.4909
hsp_TB_0	332.1379
hsp_TB_1	333.1468
hsp_TB_2	333.7052
hsp_TB_3	333.9621
hsp_TB_4	333.9621
hsp_TB_5	333.7049
hsp_TB_6	333.1463
hsp_TB_7	332.1375
hsp_TB_8	332.7026
hsp_TB_9	333.8584
hsp_TB_10	334.5006
hsp_TB_11	334.7964
hsp_TB_12	334.7966
hsp_TB_13	334.5002
hsp_TB_14	333.8579
hsp_TB_15	332.7022
hsp_TB_16	332.6862
hsp_TB_17	333.8404
hsp_TB_18	334.4823
hsp_TB_19	334.7782
hsp_TB_20	334.7781
hsp_TB_21	334.4818
hsp_TB_22	333.8399
hsp_TB_23	332.6859
hsp_TB_24	332.1176
hsp_TB_25	333.1236
hsp_TB_26	333.6811
hsp_TB_27	333.9377
hsp_TB_28	333.9376
hsp_TB_29	333.6806
hsp_TB_30	333.1230
hsp_TB_31	332.1171
hsink_TB_0	330.4677
hsink_TB_1	331.3299
hsink_TB_2	331.8523
hsink_TB_3	332.0978
hsink_TB_4	332.0978
hsink_TB_5	331.8522
hsink_TB_6	331.3297
hsink_TB_7	330.4674
hsink_TB_8	330.7802
hsink_TB_9	331.7692
hsink_TB_10	332.3723
hsink_TB_11	332.6564
hsink_TB_12	332.6563
hsink_TB_13	332.3721
hsink_TB_14	331.7689
hsink_TB_15	330.7799
hsink_TB_16	330.7766
hsink_TB_17	331.7647
hsink_TB_18	332.3675
hsink_TB_19	332.6515
hsink_TB_20	332.6514
hsink_TB_21	332.3673
hsink_TB_22	331.7645
hsink_TB_23	330.7763
hsink_TB_24	330.4602
hsink_TB_25	331.3208
hsink_TB_26	331.8424
hsink_TB_27	332.0877
hsink_TB_28	332.0876
hsink_TB_29	331.8422
hsink_TB_30	331.3205
hsink_TB_31	330.4599
inode_0	327.9859
inode_1	327.9857
inode_2	328.6130
inode_3	328.6218
inode_4	327.9417
inode_5	327.9414
inode_6	328.5779
inode_7	328.5866
inode_8	326.5677
inode_9	326.5675
inode_10	326.9249
inode_11	326.9323
inode_12	359.9880
inode_13	359.9820
inode_14	359.3447
inode_15	359.4114
inode_16	359.9635
inode_17	359.9576
inode_18	359.3391
inode_19	359.4057
inode_20	355.4974
inode_21	355.4934
inode_22	358.1481
inode_23	358.2066
inode_24	343.0658
inode_25	343.0632
inode_26	343.2497
inode_27	343.2864
