C_0	C_1	C_2	C_3	C_4	C_5	C_6	C_7	C_8	C_9	C_10	C_11	C_12	C_13	C_14	C_15	C_16	C_17	C_18	C_19	C_20	C_21	C_22	C_23	C_24	C_25	C_26	C_27	C_28	C_29	C_30	C_31	
69.31	70.21	70.21	69.36	70.15	71.49	71.48	70.12	70.10	71.45	71.45	70.12	69.39	70.27	70.27	69.34	66.38	67.27	67.24	66.43	67.16	68.43	68.39	67.10	67.13	68.43	68.39	67.09	66.36	67.17	67.15	66.29
68.81	70.53	70.54	69.73	70.43	71.69	71.69	70.37	70.32	71.63	71.63	70.39	69.80	70.66	70.66	69.70	66.20	67.12	67.12	66.29	66.88	68.08	68.06	66.80	66.80	68.07	68.05	66.82	66.16	66.94	66.93	66.05
68.57	70.39	70.40	69.64	70.26	71.45	71.44	70.17	70.35	71.63	71.63	70.46	69.98	70.81	70.81	69.84	66.12	67.06	67.06	66.25	66.72	67.86	67.85	66.62	66.60	67.83	67.83	66.66	66.06	66.80	66.79	65.92
68.81	70.69	70.71	69.98	70.54	71.68	71.68	70.42	70.11	71.35	71.36	70.26	69.86	70.67	70.66	69.68	66.07	67.02	67.02	66.22	66.62	67.71	67.69	66.50	66.46	67.66	67.65	66.54	65.99	66.71	66.69	65.83
68.85	70.77	70.79	70.09	70.61	71.70	71.69	70.46	70.32	71.56	71.56	70.51	70.17	70.97	70.96	69.96	66.05	67.00	67.00	66.22	66.56	67.59	67.58	66.42	66.35	67.52	67.52	66.45	65.95	66.64	66.62	65.77
68.80	70.83	70.84	70.16	70.65	71.70	71.69	70.47	70.33	71.55	71.56	70.55	70.26	71.04	71.03	70.02	66.03	66.99	66.99	66.23	66.51	67.50	67.49	66.35	66.27	67.41	67.42	66.39	65.92	66.59	66.57	65.72
68.57	70.61	70.63	69.98	70.42	71.43	71.42	70.23	70.33	71.53	71.54	70.58	70.32	71.10	71.08	70.07	66.02	66.98	66.99	66.24	66.49	67.43	67.42	66.30	66.20	67.33	67.33	66.34	65.91	66.55	66.53	65.69
68.79	70.86	70.88	70.25	70.67	71.65	71.63	70.45	70.07	71.25	71.27	70.35	70.13	70.88	70.86	69.85	66.02	66.98	66.99	66.25	66.46	67.37	67.36	66.26	66.15	67.25	67.26	66.31	65.90	66.52	66.50	65.66
68.58	70.63	70.67	70.06	70.45	71.38	71.63	70.47	70.29	71.46	71.48	70.59	70.41	71.15	71.13	70.11	66.02	66.98	67.00	66.27	66.45	67.33	67.31	66.23	66.11	67.19	67.20	66.28	65.90	66.50	66.48	65.64
68.87	70.88	70.90	70.30	70.67	71.58	71.59	70.44	70.26	71.42	71.45	70.59	70.43	71.16	71.13	70.11	66.02	66.98	67.00	66.29	66.44	67.29	67.26	66.20	66.07	67.13	67.15	66.26	65.90	66.48	66.46	65.63
68.66	70.66	70.68	70.10	70.45	71.33	71.31	70.19	70.25	71.41	71.43	70.61	70.47	71.18	71.16	70.13	66.02	66.98	67.00	66.31	66.44	67.25	67.23	66.18	66.04	67.09	67.10	66.24	65.90	66.46	66.44	65.61
68.89	70.90	70.92	70.36	70.69	71.54	71.52	70.40	70.00	71.13	71.16	70.37	70.26	70.95	70.92	69.90	66.02	66.98	67.01	66.32	66.44	67.22	67.19	66.16	66.01	67.04	67.06	66.23	65.90	66.45	66.42	65.60
68.68	70.67	70.96	70.42	70.47	71.29	71.53	70.42	70.21	71.34	71.38	70.61	70.52	71.20	71.17	70.14	66.02	66.98	67.01	66.34	66.44	67.19	67.16	66.14	65.98	67.00	67.02	66.21	65.91	66.44	66.41	65.59
68.91	70.92	70.98	70.46	70.71	71.52	71.52	70.42	70.22	71.34	71.38	70.64	70.56	71.23	70.94	69.92	66.02	66.98	67.01	66.36	66.44	67.16	67.13	66.12	65.95	66.96	66.98	66.20	65.91	66.43	66.39	65.58
68.70	70.69	70.74	70.24	70.50	71.27	71.24	70.16	70.22	71.34	71.38	70.67	70.60	71.25	71.18	70.16	66.02	66.98	67.02	66.38	66.44	67.14	67.10	66.11	65.93	66.92	66.95	66.19	65.92	66.42	66.38	65.58
68.92	70.93	70.98	70.49	70.74	71.49	71.46	70.38	69.97	71.07	71.12	70.43	70.38	71.01	70.96	69.94	66.02	66.98	67.02	66.39	66.44	67.12	67.08	66.09	65.91	66.89	66.91	66.18	65.92	66.41	66.37	65.57
68.71	70.71	70.76	70.28	70.52	71.24	71.21	70.15	70.19	71.28	71.33	70.67	70.63	71.25	71.19	70.17	66.02	66.98	67.02	66.41	66.45	67.10	67.05	66.08	65.89	66.85	66.88	66.18	65.93	66.40	66.35	65.56
68.94	70.93	71.01	70.55	70.78	71.48	71.44	70.38	70.22	71.31	71.37	70.73	70.69	71.30	71.24	70.22	66.02	66.97	67.02	66.42	66.45	67.08	67.03	66.07	65.87	66.82	66.85	66.17	65.93	66.39	66.34	65.55
68.72	70.70	70.79	70.35	70.56	71.24	71.45	70.40	70.22	71.31	71.37	70.75	70.73	71.32	71.26	70.24	66.02	66.97	67.02	66.43	66.46	67.06	67.01	66.05	65.85	66.79	66.83	66.16	65.94	66.38	66.33	65.54
68.95	70.94	71.04	70.60	70.81	71.47	71.45	70.41	69.97	71.04	71.11	70.51	70.50	71.07	71.01	70.00	66.02	66.96	67.02	66.45	66.46	67.05	66.99	66.04	65.83	66.76	66.80	66.16	65.94	66.37	66.32	65.53
68.73	70.71	70.81	70.39	70.58	71.22	71.19	70.16	70.19	71.27	71.34	70.76	70.75	71.32	71.25	70.23	66.02	66.96	67.01	66.46	66.47	67.03	66.98	66.03	65.81	66.73	66.77	66.15	65.95	66.36	66.30	65.53
68.96	70.95	71.05	70.65	70.83	71.45	71.41	70.38	70.21	71.28	71.35	70.79	70.54	71.08	71.27	70.26	66.01	66.95	67.01	66.47	66.47	67.02	66.96	66.02	65.79	66.70	66.75	66.15	65.95	66.35	66.29	65.52
68.74	70.72	70.83	70.44	70.87	71.47	71.42	70.40	70.21	71.28	71.35	70.82	70.79	71.32	71.28	70.27	66.01	66.95	67.01	66.48	66.48	67.01	66.94	66.01	65.77	66.68	66.73	66.14	65.96	66.34	66.28	65.51
68.96	70.96	71.07	70.69	70.89	71.48	71.42	70.40	69.96	71.02	71.10	70.58	70.57	71.09	71.03	70.03	66.01	66.94	67.01	66.49	66.49	66.99	66.93	66.00	65.76	66.65	66.70	66.14	65.96	66.33	66.27	65.50
68.75	70.73	70.85	70.48	70.66	71.22	71.16	70.15	70.18	71.23	71.32	70.82	70.82	71.33	71.26	70.25	66.00	66.93	67.00	66.50	66.49	66.98	66.91	65.99	65.74	66.62	66.68	66.13	65.96	66.32	66.26	65.49
68.95	70.97	71.08	70.72	70.90	71.44	71.37	70.36	70.19	71.24	71.33	70.85	70.86	71.35	71.28	70.27	66.00	66.92	67.00	66.51	66.50	66.97	66.90	65.99	65.72	66.60	66.66	66.13	65.97	66.32	66.24	65.48
68.73	70.74	70.85	70.51	70.93	71.45	71.13	70.13	70.19	71.24	71.34	70.87	70.88	71.37	71.28	70.28	65.99	66.92	66.99	66.52	66.51	66.96	66.89	65.98	65.71	66.58	66.64	66.13	65.97	66.31	66.23	65.48
68.95	70.98	71.09	70.76	70.95	71.46	71.35	70.35	69.94	70.98	71.08	70.64	70.65	71.12	71.03	70.03	65.99	66.91	66.99	66.53	66.51	66.95	66.87	65.97	65.69	66.55	66.62	66.12	65.97	66.30	66.22	65.47
68.73	70.75	70.86	70.54	70.71	71.20	71.10	70.12	70.16	71.20	71.31	70.88	70.90	71.35	71.26	70.25	65.98	66.90	66.99	66.54	66.52	66.95	66.86	65.96	65.68	66.53	66.60	66.12	65.97	66.29	66.21	65.46
68.95	70.98	71.11	70.79	70.95	71.43	71.33	70.34	69.93	70.96	71.33	70.91	70.93	71.37	71.27	70.27	65.98	66.89	66.98	66.55	66.53	66.94	66.85	65.95	65.66	66.51	66.58	66.12	65.98	66.28	66.20	65.45
68.98	71.01	70.88	70.58	70.73	71.18	71.09	70.11	70.15	71.19	71.33	70.93	70.95	71.38	71.28	70.28	65.97	66.88	66.98	66.56	66.53	66.93	66.84	65.95	65.65	66.49	66.56	66.11	65.98	66.27	66.19	65.44
68.99	71.02	71.12	70.83	70.97	71.42	71.32	70.34	69.92	70.95	71.08	70.69	70.72	71.13	71.02	70.03	65.96	66.87	66.97	66.56	66.54	66.92	66.82	65.94	65.63	66.47	66.55	66.11	65.98	66.27	66.17	65.44
68.75	70.77	70.89	70.62	70.75	71.18	71.08	70.10	70.14	71.17	71.31	70.93	70.96	71.36	71.25	70.25	65.96	66.86	66.97	66.57	66.55	66.92	66.81	65.93	65.62	66.45	66.53	66.11	65.98	66.26	66.16	65.43
68.97	71.01	71.14	70.86	71.00	71.41	71.31	70.33	70.16	71.19	71.07	70.71	70.99	71.38	71.27	70.27	65.95	66.85	66.96	66.58	66.55	66.91	66.80	65.92	65.61	66.43	66.51	66.11	65.98	66.25	66.15	65.42
68.75	70.77	70.91	70.65	70.77	71.17	71.32	70.35	70.16	71.20	71.30	70.95	71.01	71.39	71.27	70.28	65.95	66.84	66.95	66.58	66.56	66.90	66.79	65.92	65.59	66.41	66.50	66.10	65.99	66.24	66.14	65.41
68.97	71.01	71.15	70.90	71.02	71.41	71.33	70.36	69.91	70.94	71.06	70.73	70.77	71.13	71.01	70.03	65.94	66.84	66.95	66.59	66.56	66.90	66.78	65.91	65.58	66.39	66.48	66.10	65.99	66.24	66.13	65.40
68.75	70.77	70.92	70.68	70.80	71.17	71.07	70.11	70.13	71.16	71.30	70.97	71.01	71.37	71.24	70.25	65.93	66.83	66.94	66.59	66.57	66.89	66.77	65.90	65.57	66.37	66.47	66.10	65.99	66.23	66.12	65.40
68.97	71.00	71.16	70.93	71.04	71.40	71.30	70.33	69.90	70.92	71.32	71.01	71.04	71.39	71.00	70.02	65.93	66.82	66.94	66.60	66.58	66.89	66.76	65.90	65.55	66.35	66.45	66.10	65.99	66.22	66.11	65.39
68.74	70.77	70.93	70.71	70.82	71.17	71.05	70.09	70.12	71.15	71.33	71.03	71.06	71.40	71.23	70.24	65.92	66.81	66.93	66.61	66.58	66.88	66.75	65.89	65.54	66.34	66.44	66.09	65.99	66.22	66.10	65.38
68.96	71.00	71.17	70.96	71.06	71.40	71.28	70.32	69.89	70.91	71.08	70.79	70.82	71.14	70.99	70.01	65.91	66.80	66.93	66.61	66.59	66.87	66.74	65.88	65.53	66.32	66.43	66.09	65.99	66.21	66.09	65.37
68.74	70.77	71.20	71.00	71.10	71.43	71.30	70.34	70.11	71.14	71.31	71.03	71.06	71.37	71.22	70.23	65.91	66.79	66.92	66.62	66.59	66.87	66.73	65.88	65.52	66.30	66.41	66.09	66.00	66.20	66.08	65.37
68.96	71.00	71.21	71.02	71.12	71.44	68.93	67.97	67.78	68.80	68.98	68.71	68.74	69.04	68.87	67.89	65.89	66.77	66.91	66.61	66.59	66.85	66.71	65.86	65.51	66.29	66.40	66.09	66.00	66.20	66.07	65.36
68.73	70.76	70.95	70.77	70.87	71.16	68.37	67.41	67.48	68.50	68.68	68.42	68.45	68.74	68.55	67.58	65.87	66.74	66.89	66.60	66.58	66.83	66.69	65.84	65.49	66.27	66.39	66.09	66.00	66.19	66.06	65.35
68.98	70.98	71.18	71.00	71.09	71.37	68.40	67.44	67.33	68.34	68.52	68.28	68.30	68.58	68.38	67.41	65.84	66.72	66.87	66.59	66.57	66.81	66.66	65.81	65.48	66.26	66.38	66.08	66.00	66.18	66.05	65.34
68.75	70.73	70.92	70.76	71.10	71.36	68.29	67.33	67.23	68.24	68.42	68.19	68.21	68.48	68.26	67.30	65.82	66.69	66.85	66.58	66.56	66.79	66.64	65.79	65.47	66.24	66.36	66.08	66.00	66.18	66.04	65.33
68.96	70.95	71.15	70.98	68.74	68.98	68.19	67.24	67.17	68.17	68.35	68.13	68.14	68.40	68.17	67.22	65.80	66.67	66.83	66.57	66.55	66.77	66.62	65.77	65.46	66.22	66.35	66.08	66.00	66.17	66.03	65.33
68.73	70.70	70.90	70.74	68.19	68.41	67.88	66.94	67.12	68.11	68.30	68.08	68.09	68.33	68.11	67.15	65.78	66.65	66.81	66.56	66.54	66.76	66.59	65.75	65.45	66.21	66.34	66.08	66.00	66.16	66.02	65.32
68.93	70.91	69.47	69.30	68.23	68.44	68.03	67.09	67.08	68.07	68.26	68.05	68.04	68.28	68.05	67.11	65.77	66.63	66.79	66.55	66.53	66.74	66.57	65.73	65.43	66.19	66.33	66.07	66.00	66.15	66.01	65.31
68.94	70.92	69.26	69.09	67.89	68.10	67.99	67.06	67.05	68.04	68.22	68.02	68.00	68.23	68.01	67.07	65.75	66.61	66.78	66.55	66.53	66.73	66.56	65.72	65.42	66.18	66.31	66.07	66.00	66.15	66.00	65.30
68.93	68.55	68.45	68.28	68.02	68.22	67.95	67.03	67.03	68.00	68.19	67.99	67.98	68.19	67.98	67.04	65.74	66.60	66.77	66.55	66.52	66.71	66.54	65.70	65.41	66.16	66.30	66.07	66.00	66.14	65.99	65.29
68.69	68.01	68.04	67.88	67.75	67.94	67.69	66.78	67.01	67.97	68.15	67.96	67.95	68.16	67.95	67.01	65.72	66.58	66.75	66.54	66.52	66.70	66.52	65.69	65.40	66.15	66.29	66.07	66.00	66.13	65.98	65.28
68.92	68.04	68.13	67.98	67.91	68.10	67.86	66.95	66.99	67.93	68.12	67.94	67.93	68.13	67.92	66.99	65.71	66.57	66.74	66.54	66.51	66.69	66.51	65.68	65.39	66.13	66.28	66.06	65.99	66.12	65.97	65.28
68.69	67.71	67.83	67.70	67.66	67.84	67.61	66.72	66.98	67.90	68.09	67.92	67.92	68.11	67.89	66.96	65.70	66.55	66.73	66.53	66.51	66.68	66.49	65.67	65.38	66.12	66.27	66.06	65.99	66.12	65.96	65.27
68.88	67.84	67.99	67.86	67.85	68.03	67.80	66.90	66.96	67.87	68.07	67.90	67.90	68.09	67.87	66.95	65.69	66.54	66.72	66.53	66.51	66.67	66.48	65.66	65.37	66.11	66.26	66.06	65.99	66.11	65.95	65.26
68.64	67.57	67.73	67.61	67.61	67.78	67.56	66.67	66.95	67.84	68.04	67.89	67.89	68.07	67.85	66.93	65.68	66.52	66.71	66.53	66.51	66.66	66.47	65.64	65.36	66.09	66.25	66.05	65.99	66.11	65.94	65.25
68.80	67.74	67.90	67.79	67.80	67.97	67.74	66.86	66.93	67.81	68.03	67.88	67.88	68.05	67.83	66.91	65.67	66.51	66.70	66.53	66.50	66.65	66.45	65.63	65.34	66.08	66.24	66.05	65.99	66.10	65.93	65.24
68.56	67.49	67.66	67.55	67.57	67.73	67.51	66.63	66.92	67.79	68.01	67.86	67.87	68.03	67.81	66.89	65.66	66.49	66.69	66.52	66.50	66.64	66.44	65.62	65.33	66.07	66.23	66.05	65.99	66.09	65.92	65.23
68.81	67.67	67.85	67.75	67.77	67.93	67.70	66.82	66.90	67.77	67.99	67.85	67.86	68.02	67.79	66.88	65.64	66.48	66.68	66.52	66.50	66.63	66.43	65.61	65.32	66.05	66.22	66.05	65.99	66.09	65.91	65.23
68.59	67.43	67.61	67.52	67.55	67.69	67.46	66.59	66.89	67.75	67.97	67.85	67.85	68.00	67.77	66.86	65.63	66.47	66.67	66.52	66.50	66.62	66.42	65.60	65.31	66.04	66.21	66.04	65.99	66.08	65.90	65.22
68.78	67.62	67.80	67.72	67.75	67.89	67.65	66.78	66.88	67.73	67.96	67.84	67.85	67.99	67.75	66.84	65.62	66.45	66.66	66.51	66.49	66.61	66.40	65.59	65.30	66.03	66.20	66.04	65.99	66.07	65.89	65.21
68.55	67.39	67.58	67.49	67.52	67.66	67.43	66.56	66.87	67.71	67.94	67.83	67.84	67.97	67.73	66.83	65.61	66.44	66.65	66.51	66.49	66.61	66.39	65.58	65.29	66.02	66.19	66.04	65.99	66.07	65.88	65.20
68.74	67.58	67.77	67.69	67.72	67.85	67.61	66.75	66.86	67.70	67.93	67.82	67.83	67.96	67.72	66.81	65.60	66.43	66.64	66.51	66.49	66.60	66.38	65.57	65.28	66.00	66.18	66.04	65.98	66.06	65.87	65.20
68.51	67.35	67.54	67.47	67.50	67.62	67.38	66.52	66.84	67.68	67.92	67.82	67.82	67.94	67.70	66.80	65.59	66.41	66.63	66.50	66.49	66.59	66.37	65.56	65.27	65.99	66.17	66.03	65.98	66.05	65.86	65.19
68.73	67.55	67.74	67.67	67.70	67.82	67.58	66.71	66.83	67.67	67.91	67.81	67.82	67.93	67.68	66.78	65.58	66.40	66.62	66.50	66.48	66.58	66.36	65.55	65.26	65.98	66.16	66.03	65.98	66.05	65.86	65.18
68.50	67.32	67.51	67.45	67.48	67.59	67.34	66.49	66.82	67.65	67.89	67.80	67.81	67.92	67.66	66.77	65.57	66.39	66.61	66.50	66.48	66.57	66.34	65.54	65.25	65.97	66.15	66.03	65.98	66.04	65.85	65.17
68.71	67.51	67.71	67.65	67.68	67.78	67.53	66.68	66.81	67.64	67.88	67.80	67.80	67.90	67.65	66.75	65.56	66.38	66.60	66.49	66.48	66.56	66.33	65.53	65.24	65.95	66.14	66.02	65.98	66.04	65.84	65.16
68.48	67.28	67.48	67.43	67.46	67.55	67.31	66.46	66.80	67.62	67.87	67.79	67.79	67.89	67.63	66.74	65.55	66.36	66.59	66.49	66.47	66.55	66.32	65.52	65.23	65.94	66.13	66.02	65.98	66.03	65.83	65.16
68.68	67.48	67.68	67.63	67.65	67.75	67.50	66.64	66.79	67.61	67.86	67.78	67.79	67.88	67.62	66.72	65.54	66.35	66.58	66.49	66.47	66.54	66.31	65.51	65.22	65.93	66.13	66.02	65.97	66.02	65.82	65.15
69.52	67.49	67.69	67.64	67.67	67.76	67.50	66.65	66.78	67.59	67.84	67.78	67.78	67.86	67.60	66.71	65.53	66.34	66.57	66.48	66.47	66.54	66.30	65.49	65.21	65.92	66.12	66.01	65.97	66.02	65.81	65.14
68.83	67.48	67.69	67.64	67.67	67.75	67.50	66.65	66.77	67.58	67.83	67.77	67.77	67.85	67.58	66.70	65.52	66.33	66.56	66.48	66.46	66.53	66.28	65.48	65.20	65.91	66.11	66.01	65.97	66.01	65.80	65.13
68.54	67.24	67.44	67.41	67.43	67.51	67.25	66.41	66.76	67.56	67.82	67.76	67.77	67.84	67.57	66.68	65.51	66.31	66.55	66.47	66.46	66.52	66.27	65.47	65.19	65.90	66.10	66.01	65.97	66.00	65.79	65.12
68.70	67.44	67.64	67.61	67.63	67.70	67.44	66.60	66.75	67.55	67.81	67.76	67.76	67.83	67.55	66.67	65.50	66.30	66.54	66.47	66.46	66.51	66.26	65.46	65.19	65.89	66.09	66.00	65.97	66.00	65.78	65.12
69.52	67.44	67.64	67.62	67.64	67.70	67.44	66.60	66.75	67.54	67.80	67.75	67.75	67.81	67.54	66.66	65.49	66.29	66.53	66.47	66.45	66.50	66.25	65.45	65.18	65.87	66.08	66.00	65.96	65.99	65.78	65.11
68.79	67.43	67.64	67.61	67.64	67.70	67.43	66.59	66.74	67.52	67.79	67.74	67.75	67.80	67.52	66.64	65.48	66.28	66.52	66.46	66.45	66.49	66.24	65.44	65.17	65.86	66.07	66.00	65.96	65.99	65.77	65.10
68.49	67.19	67.40	67.38	67.40	67.45	67.19	66.35	66.73	67.51	67.77	67.73	67.74	67.79	67.51	66.63	65.47	66.26	66.52	66.46	66.44	66.48	66.23	65.43	65.16	65.85	66.07	65.99	65.96	65.98	65.76	65.09
68.68	67.38	67.59	67.57	67.60	67.64	67.38	66.54	66.71	67.50	67.76	67.73	67.73	67.78	67.49	66.62	65.46	66.25	66.51	66.45	66.44	66.47	66.21	65.42	65.15	65.84	66.06	65.99	65.95	65.97	65.75	65.08
69.50	67.39	67.60	67.58	67.60	67.65	67.38	66.55	66.71	67.48	67.75	67.72	67.72	67.76	67.48	66.60	65.45	66.24	66.50	66.45	66.44	66.47	66.20	65.41	65.14	65.83	66.05	65.99	65.95	65.97	65.74	65.08
68.82	67.38	67.59	67.58	67.60	67.64	67.37	66.54	66.70	67.47	67.74	67.71	67.72	67.75	67.46	66.59	65.44	66.23	66.49	66.44	66.43	66.46	66.19	65.40	65.13	65.82	66.04	65.98	65.95	65.96	65.73	65.07
68.53	67.14	67.35	67.34	67.37	67.40	67.13	66.30	66.69	67.46	67.73	67.71	67.71	67.74	67.45	66.58	65.43	66.22	66.48	66.44	66.43	66.45	66.18	65.39	65.12	65.81	66.03	65.98	65.95	65.95	65.72	65.06
68.65	67.33	67.55	67.54	67.56	67.59	67.32	66.49	66.68	67.44	67.72	67.70	67.70	67.73	67.43	66.57	65.42	66.20	66.47	66.43	66.42	66.44	66.17	65.38	65.11	65.80	66.02	65.97	65.94	65.95	65.71	65.05
68.40	67.11	67.32	67.32	67.34	67.36	67.09	66.27	66.66	67.43	67.71	67.69	67.69	67.71	67.42	66.55	65.41	66.19	66.46	66.43	66.42	66.43	66.16	65.37	65.10	65.79	66.01	65.97	65.94	65.94	65.70	65.04
68.61	67.29	67.51	67.51	67.53	67.55	67.27	66.45	66.65	67.42	67.70	67.68	67.69	67.70	67.40	66.54	65.40	66.18	66.45	66.42	66.41	66.42	66.14	65.36	65.09	65.78	66.01	65.97	65.94	65.93	65.70	65.04
68.37	67.07	67.29	67.29	67.31	67.33	67.05	66.23	66.64	67.40	67.68	67.68	67.68	67.69	67.39	66.53	65.39	66.17	66.44	66.42	66.41	66.41	66.13	65.35	65.08	65.77	66.00	65.96	65.93	65.93	65.69	65.03
68.57	67.27	67.49	67.50	67.51	67.53	67.24	66.43	66.63	67.39	67.67	67.67	67.67	67.68	67.37	66.51	65.38	66.16	66.43	66.41	66.40	66.40	66.12	65.34	65.08	65.76	65.99	65.96	65.93	65.92	65.68	65.02
68.34	67.05	67.26	67.27	67.29	67.30	67.02	66.21	66.62	67.38	67.66	67.66	67.66	67.66	67.36	66.50	65.37	66.15	66.42	66.41	66.40	66.39	66.11	65.33	65.07	65.75	65.98	65.95	65.93	65.91	65.67	65.01
68.55	67.24	67.46	67.48	67.49	67.50	67.21	66.40	66.61	67.36	67.65	67.65	67.65	67.65	67.35	66.49	65.36	66.14	66.41	66.40	66.39	66.39	66.10	65.32	65.06	65.74	65.97	65.95	65.92	65.91	65.66	65.00
68.32	67.02	67.24	67.26	67.27	67.28	66.99	66.18	66.60	67.35	67.64	67.64	67.65	67.64	67.33	66.48	65.35	66.12	66.40	66.40	66.39	66.38	66.09	65.31	65.05	65.73	65.97	65.95	65.92	65.90	65.65	65.00
68.50	67.22	67.44	67.46	67.47	67.47	67.18	66.37	66.59	67.34	67.63	67.64	67.64	67.63	67.32	66.46	65.34	66.11	66.39	66.39	66.38	66.37	66.08	65.30	65.04	65.72	65.96	65.94	65.91	65.89	65.64	64.99
69.34	67.23	67.45	67.47	67.49	67.48	67.19	66.38	66.58	67.33	67.62	67.63	67.63	67.62	67.30	66.45	65.33	66.10	66.38	66.39	66.38	66.36	66.07	65.29	65.03	65.71	65.95	65.94	65.91	65.89	65.64	64.98
69.13	67.23	67.45	67.47	67.49	67.48	67.18	66.38	66.58	67.31	67.61	67.62	67.62	67.61	67.29	66.44	65.32	66.09	66.38	66.38	66.37	66.35	66.06	65.28	65.02	65.70	65.94	65.93	65.91	65.88	65.63	64.97
68.90	66.99	67.21	67.24	67.25	67.24	66.95	66.15	66.57	67.30	67.60	67.62	67.62	67.60	67.28	66.43	65.32	66.08	66.37	66.37	66.36	66.34	66.04	65.27	65.01	65.69	65.93	65.93	65.90	65.87	65.62	64.96
69.44	67.19	67.41	67.43	67.45	67.43	67.14	66.34	66.57	67.29	67.59	67.61	67.61	67.59	67.26	66.42	65.31	66.07	66.36	66.37	66.36	66.33	66.03	65.26	65.01	65.68	65.93	65.92	65.90	65.87	65.61	64.96
69.52	67.20	67.41	67.44	67.46	67.44	67.14	66.34	66.56	67.28	67.58	67.60	67.60	67.57	67.25	66.41	65.30	66.06	66.35	66.36	66.35	66.32	66.02	65.25	65.00	65.67	65.92	65.92	65.89	65.86	65.60	64.95
69.55	67.19	67.41	67.44	67.46	67.44	67.13	66.34	66.56	67.27	67.57	67.59	67.59	67.56	67.24	66.40	65.29	66.05	66.34	66.36	66.35	66.31	66.01	65.24	64.99	65.66	65.91	65.91	65.89	65.85	65.59	64.94
69.32	66.96	67.17	67.21	67.22	67.20	66.90	66.10	66.55	67.26	67.55	67.59	67.59	67.55	67.23	66.39	65.28	66.04	66.33	66.35	66.34	66.31	66.00	65.23	64.98	65.65	65.90	65.91	65.89	65.85	65.58	64.93
69.53	67.16	67.37	67.41	67.42	67.39	67.09	66.29	66.55	67.25	67.54	67.58	67.58	67.54	67.21	66.37	65.27	66.02	66.32	66.34	66.34	66.30	65.99	65.22	64.97	65.64	65.89	65.90	65.88	65.84	65.57	64.93
69.56	67.16	67.38	67.41	67.43	67.40	67.09	66.30	66.54	67.23	67.53	67.57	67.57	67.53	67.20	66.36	65.26	66.01	66.31	66.34	66.33	66.29	65.98	65.21	64.96	65.63	65.89	65.90	65.88	65.83	65.57	64.92
69.57	67.16	67.37	67.41	67.42	67.39	67.08	66.29	66.53	67.22	67.52	67.56	67.56	67.52	67.19	66.35	65.25	66.00	66.30	66.33	66.32	66.28	65.97	65.20	64.96	65.62	65.88	65.89	65.87	65.83	65.56	64.91
69.32	66.92	67.13	67.17	67.18	67.15	66.84	66.05	66.53	67.21	67.51	67.56	67.56	67.51	67.18	66.34	65.25	65.99	66.29	66.33	66.32	66.27	65.96	65.20	64.95	65.61	65.87	65.89	65.87	65.82	65.55	64.90
69.53	67.12	67.33	67.38	67.39	67.35	67.04	66.25	66.52	67.20	67.50	67.55	67.55	67.50	67.16	66.33	65.24	65.98	66.28	66.32	66.31	66.26	65.95	65.19	64.94	65.60	65.86	65.88	65.86	65.81	65.54	64.89
69.55	67.12	67.33	67.38	67.39	67.35	67.04	66.25	66.51	67.19	67.49	67.54	67.54	67.49	67.15	66.32	65.23	65.97	66.28	66.31	66.31	66.25	65.94	65.18	64.93	65.59	65.85	65.88	65.86	65.81	65.53	64.89
69.55	67.12	67.33	67.38	67.39	67.35	67.03	66.25	66.50	67.18	67.48	67.53	67.53	67.48	67.14	66.31	65.22	65.96	66.27	66.31	66.30	66.24	65.93	65.17	64.92	65.58	65.85	65.87	65.85	65.80	65.52	64.88
69.30	66.88	67.09	67.14	67.15	67.11	66.79	66.02	66.50	67.17	67.47	67.53	67.52	67.47	67.13	66.30	65.21	65.95	66.26	66.30	66.29	66.24	65.92	65.16	64.92	65.57	65.84	65.87	65.85	65.79	65.52	64.87
69.52	67.08	67.29	67.34	67.35	67.30	66.99	66.21	66.49	67.16	67.46	67.52	67.52	67.46	67.11	66.29	65.20	65.94	66.25	66.30	66.29	66.23	65.91	65.15	64.91	65.56	65.83	65.86	65.84	65.78	65.51	64.86
69.54	67.08	67.30	67.35	67.36	67.31	66.99	66.21	66.48	67.15	67.45	67.51	67.51	67.45	67.10	66.28	65.20	65.93	66.24	66.29	66.28	66.22	65.90	65.14	64.90	65.55	65.82	65.86	65.84	65.78	65.50	64.86
69.53	67.08	67.29	67.35	67.36	67.30	66.98	66.21	66.47	67.14	67.44	67.50	67.50	67.43	67.09	66.27	65.19	65.92	66.23	66.28	66.27	66.21	65.89	65.13	64.89	65.54	65.82	65.85	65.83	65.77	65.49	64.85
69.29	66.85	67.06	67.11	67.12	67.06	66.74	65.98	66.47	67.13	67.43	67.49	67.49	67.42	67.08	66.26	65.18	65.91	66.22	66.28	66.27	66.20	65.87	65.12	64.88	65.53	65.81	65.85	65.83	65.76	65.48	64.84
69.49	67.04	67.25	67.31	67.32	67.26	66.93	66.16	66.46	67.12	67.42	67.49	67.48	67.41	67.07	66.25	65.17	65.90	66.21	66.27	66.26	66.19	65.86	65.11	64.88	65.53	65.80	65.84	65.82	65.76	65.47	64.83
69.51	67.05	67.26	67.32	67.33	67.26	66.94	66.17	66.45	67.11	67.42	67.48	67.48	67.40	67.05	66.24	65.16	65.89	66.20	66.26	66.26	66.18	65.85	65.10	64.87	65.52	65.79	65.84	65.82	65.75	65.47	64.83
69.51	67.04	67.25	67.32	67.32	67.26	66.93	66.17	66.44	67.10	67.41	67.47	67.47	67.39	67.04	66.23	65.15	65.88	66.20	66.26	66.25	66.18	65.84	65.09	64.86	65.51	65.78	65.83	65.81	65.74	65.46	64.82
69.27	66.81	67.02	67.08	67.09	67.02	66.70	65.93	66.43	67.09	67.40	67.46	67.46	67.38	67.03	66.22	65.15	65.87	66.19	66.25	66.24	66.17	65.83	65.09	64.85	65.50	65.78	65.82	65.81	65.74	65.45	64.81
69.47	67.00	67.21	67.28	67.28	67.22	66.89	66.12	66.43	67.08	67.39	67.46	67.45	67.37	67.02	66.21	65.14	65.86	66.18	66.24	66.24	66.16	65.82	65.08	64.85	65.49	65.77	65.82	65.80	65.73	65.44	64.80
69.49	67.01	67.22	67.29	67.29	67.22	66.89	66.13	66.42	67.07	67.38	67.45	67.45	67.36	67.01	66.20	65.13	65.85	66.17	66.24	66.23	66.15	65.81	65.07	64.84	65.48	65.76	65.81	65.80	65.72	65.43	64.79
69.49	67.01	67.22	67.29	67.29	67.22	66.89	66.13	66.41	67.06	67.37	67.44	67.44	67.35	67.00	66.19	65.12	65.84	66.16	66.23	66.22	66.14	65.80	65.06	64.83	65.47	65.75	65.81	65.79	65.72	65.42	64.79
69.25	66.77	66.98	67.05	67.06	66.98	66.65	65.90	66.40	67.05	67.36	67.43	67.43	67.34	66.98	66.18	65.11	65.83	66.15	66.22	66.22	66.13	65.79	65.05	64.82	65.46	65.75	65.80	65.79	65.71	65.42	64.78
