pcb_LC_0	347.9403
pcb_LC_1	349.0107
pcb_LC_2	349.4781
pcb_LC_3	349.6636
pcb_LC_4	349.6634
pcb_LC_5	349.4773
pcb_LC_6	349.0094
pcb_LC_7	347.9388
pcb_LC_8	347.9206
pcb_LC_9	349.1882
pcb_LC_10	349.7874
pcb_LC_11	350.0322
pcb_LC_12	350.0319
pcb_LC_13	349.7865
pcb_LC_14	349.1867
pcb_LC_15	347.9189
pcb_LC_16	347.9198
pcb_LC_17	349.1869
pcb_LC_18	349.7861
pcb_LC_19	350.0309
pcb_LC_20	350.0307
pcb_LC_21	349.7853
pcb_LC_22	349.1858
pcb_LC_23	347.9184
pcb_LC_24	347.9383
pcb_LC_25	349.0075
pcb_LC_26	349.4748
pcb_LC_27	349.6603
pcb_LC_28	349.6602
pcb_LC_29	349.4743
pcb_LC_30	349.0067
pcb_LC_31	347.9372
solder_LC_0	349.8058
solder_LC_1	350.1647
solder_LC_2	350.4299
solder_LC_3	350.5653
solder_LC_4	350.5649
solder_LC_5	350.4285
solder_LC_6	350.1620
solder_LC_7	349.8027
solder_LC_8	349.9156
solder_LC_9	350.3909
solder_LC_10	350.7365
solder_LC_11	350.9125
solder_LC_12	350.9121
solder_LC_13	350.7352
solder_LC_14	350.3886
solder_LC_15	349.9129
solder_LC_16	349.9138
solder_LC_17	350.3884
solder_LC_18	350.7341
solder_LC_19	350.9103
solder_LC_20	350.9100
solder_LC_21	350.7332
solder_LC_22	350.3868
solder_LC_23	349.9118
solder_LC_24	349.8011
solder_LC_25	350.1584
solder_LC_26	350.4240
solder_LC_27	350.5598
solder_LC_28	350.5596
solder_LC_29	350.4234
solder_LC_30	350.1574
solder_LC_31	349.7996
sub_LC_0	350.0096
sub_LC_1	350.3839
sub_LC_2	350.6702
sub_LC_3	350.8174
sub_LC_4	350.8170
sub_LC_5	350.6686
sub_LC_6	350.3798
sub_LC_7	350.0050
sub_LC_8	350.1231
sub_LC_9	350.6004
sub_LC_10	350.9608
sub_LC_11	351.1453
sub_LC_12	351.1449
sub_LC_13	350.9594
sub_LC_14	350.5977
sub_LC_15	350.1200
sub_LC_16	350.1205
sub_LC_17	350.5971
sub_LC_18	350.9580
sub_LC_19	351.1427
sub_LC_20	351.1424
sub_LC_21	350.9571
sub_LC_22	350.5956
sub_LC_23	350.1185
sub_LC_24	350.0018
sub_LC_25	350.3749
sub_LC_26	350.6627
sub_LC_27	350.8106
sub_LC_28	350.8104
sub_LC_29	350.6622
sub_LC_30	350.3739
sub_LC_31	350.0003
layer_3_LC_0	351.7812
layer_3_LC_1	352.3857
layer_3_LC_2	352.8800
layer_3_LC_3	353.1365
layer_3_LC_4	353.1357
layer_3_LC_5	352.8761
layer_3_LC_6	352.3688
layer_3_LC_7	351.7617
layer_3_LC_8	351.9240
layer_3_LC_9	352.5734
layer_3_LC_10	353.1120
layer_3_LC_11	353.3877
layer_3_LC_12	353.3872
layer_3_LC_13	353.1100
layer_3_LC_14	352.5679
layer_3_LC_15	351.9173
layer_3_LC_16	351.9141
layer_3_LC_17	352.5642
layer_3_LC_18	353.1055
layer_3_LC_19	353.3820
layer_3_LC_20	353.3817
layer_3_LC_21	353.1046
layer_3_LC_22	352.5626
layer_3_LC_23	351.9121
layer_3_LC_24	351.7427
layer_3_LC_25	352.3495
layer_3_LC_26	352.8562
layer_3_LC_27	353.1154
layer_3_LC_28	353.1152
layer_3_LC_29	352.8558
layer_3_LC_30	352.3487
layer_3_LC_31	351.7418
layer_4_TB_0	351.6902
layer_4_TB_1	352.2949
layer_4_TB_2	352.7889
layer_4_TB_3	353.0453
layer_4_TB_4	353.0445
layer_4_TB_5	352.7850
layer_4_TB_6	352.2780
layer_4_TB_7	351.6707
layer_4_TB_8	351.8331
layer_4_TB_9	352.4828
layer_4_TB_10	353.0211
layer_4_TB_11	353.2967
layer_4_TB_12	353.2962
layer_4_TB_13	353.0191
layer_4_TB_14	352.4772
layer_4_TB_15	351.8264
layer_4_TB_16	351.8232
layer_4_TB_17	352.4736
layer_4_TB_18	353.0146
layer_4_TB_19	353.2910
layer_4_TB_20	353.2907
layer_4_TB_21	353.0138
layer_4_TB_22	352.4719
layer_4_TB_23	351.8212
layer_4_TB_24	351.6517
layer_4_TB_25	352.2586
layer_4_TB_26	352.7652
layer_4_TB_27	353.0242
layer_4_TB_28	353.0240
layer_4_TB_29	352.7647
layer_4_TB_30	352.2579
layer_4_TB_31	351.6508
layer_5_B_0	350.7801
layer_5_B_1	351.3869
layer_5_B_2	351.8786
layer_5_B_3	352.1333
layer_5_B_4	352.1326
layer_5_B_5	351.8747
layer_5_B_6	351.3698
layer_5_B_7	350.7604
layer_5_B_8	350.9245
layer_5_B_9	351.5764
layer_5_B_10	352.1128
layer_5_B_11	352.3866
layer_5_B_12	352.3862
layer_5_B_13	352.1108
layer_5_B_14	351.5710
layer_5_B_15	350.9179
layer_5_B_16	350.9148
layer_5_B_17	351.5674
layer_5_B_18	352.1064
layer_5_B_19	352.3811
layer_5_B_20	352.3809
layer_5_B_21	352.1056
layer_5_B_22	351.5658
layer_5_B_23	350.9128
layer_5_B_24	350.7413
layer_5_B_25	351.3503
layer_5_B_26	351.8548
layer_5_B_27	352.1121
layer_5_B_28	352.1120
layer_5_B_29	351.8543
layer_5_B_30	351.3496
layer_5_B_31	350.7404
layer_6_TB_0	350.6517
layer_6_TB_1	351.2590
layer_6_TB_2	351.7505
layer_6_TB_3	352.0050
layer_6_TB_4	352.0042
layer_6_TB_5	351.7467
layer_6_TB_6	351.2421
layer_6_TB_7	350.6322
layer_6_TB_8	350.7968
layer_6_TB_9	351.4494
layer_6_TB_10	351.9855
layer_6_TB_11	352.2591
layer_6_TB_12	352.2586
layer_6_TB_13	351.9835
layer_6_TB_14	351.4439
layer_6_TB_15	350.7902
layer_6_TB_16	350.7871
layer_6_TB_17	351.4404
layer_6_TB_18	351.9791
layer_6_TB_19	352.2535
layer_6_TB_20	352.2533
layer_6_TB_21	351.9783
layer_6_TB_22	351.4388
layer_6_TB_23	350.7851
layer_6_TB_24	350.6132
layer_6_TB_25	351.2227
layer_6_TB_26	351.7269
layer_6_TB_27	351.9839
layer_6_TB_28	351.9838
layer_6_TB_29	351.7264
layer_6_TB_30	351.2220
layer_6_TB_31	350.6123
layer_7_B_32	349.3680
layer_7_B_33	349.9804
layer_7_B_34	350.4697
layer_7_B_35	350.7214
layer_7_B_36	350.7207
layer_7_B_37	350.4660
layer_7_B_38	349.9649
layer_7_B_39	349.3499
layer_7_B_40	349.5197
layer_7_B_41	350.1789
layer_7_B_42	350.7124
layer_7_B_43	350.9834
layer_7_B_44	350.9830
layer_7_B_45	350.7105
layer_7_B_46	350.1737
layer_7_B_47	349.5135
layer_7_B_48	349.5105
layer_7_B_49	350.1703
layer_7_B_50	350.7063
layer_7_B_51	350.9781
layer_7_B_52	350.9779
layer_7_B_53	350.7056
layer_7_B_54	350.1688
layer_7_B_55	349.5086
layer_7_B_56	349.3324
layer_7_B_57	349.9470
layer_7_B_58	350.4477
layer_7_B_59	350.7019
layer_7_B_60	350.7018
layer_7_B_61	350.4473
layer_7_B_62	349.9463
layer_7_B_63	349.3316
layer_8_TB_0	349.2032
layer_8_TB_1	349.8165
layer_8_TB_2	350.3054
layer_8_TB_3	350.5567
layer_8_TB_4	350.5560
layer_8_TB_5	350.3017
layer_8_TB_6	349.8010
layer_8_TB_7	349.1853
layer_8_TB_8	349.3558
layer_8_TB_9	350.0161
layer_8_TB_10	350.5493
layer_8_TB_11	350.8199
layer_8_TB_12	350.8195
layer_8_TB_13	350.5474
layer_8_TB_14	350.0109
layer_8_TB_15	349.3496
layer_8_TB_16	349.3467
layer_8_TB_17	350.0076
layer_8_TB_18	350.5432
layer_8_TB_19	350.8147
layer_8_TB_20	350.8144
layer_8_TB_21	350.5424
layer_8_TB_22	350.0060
layer_8_TB_23	349.3448
layer_8_TB_24	349.1679
layer_8_TB_25	349.7833
layer_8_TB_26	350.2836
layer_8_TB_27	350.5373
layer_8_TB_28	350.5372
layer_8_TB_29	350.2831
layer_8_TB_30	349.7826
layer_8_TB_31	349.1671
layer_9_B_64	347.5553
layer_9_B_65	348.1770
layer_9_B_66	348.6620
layer_9_B_67	348.9094
layer_9_B_68	348.9087
layer_9_B_69	348.6586
layer_9_B_70	348.1628
layer_9_B_71	347.5388
layer_9_B_72	347.7167
layer_9_B_73	348.3879
layer_9_B_74	348.9177
layer_9_B_75	349.1849
layer_9_B_76	349.1845
layer_9_B_77	348.9160
layer_9_B_78	348.3831
layer_9_B_79	347.7108
layer_9_B_80	347.7081
layer_9_B_81	348.3799
layer_9_B_82	348.9121
layer_9_B_83	349.1800
layer_9_B_84	349.1798
layer_9_B_85	348.9114
layer_9_B_86	348.3785
layer_9_B_87	347.7064
layer_9_B_88	347.5228
layer_9_B_89	348.1464
layer_9_B_90	348.6419
layer_9_B_91	348.8915
layer_9_B_92	348.8914
layer_9_B_93	348.6415
layer_9_B_94	348.1458
layer_9_B_95	347.5220
layer_10_TB_0	347.3548
layer_10_TB_1	347.9778
layer_10_TB_2	348.4622
layer_10_TB_3	348.7091
layer_10_TB_4	348.7084
layer_10_TB_5	348.4589
layer_10_TB_6	347.9636
layer_10_TB_7	347.3385
layer_10_TB_8	347.5173
layer_10_TB_9	348.1901
layer_10_TB_10	348.7195
layer_10_TB_11	348.9862
layer_10_TB_12	348.9858
layer_10_TB_13	348.7178
layer_10_TB_14	348.1853
layer_10_TB_15	347.5116
layer_10_TB_16	347.5089
layer_10_TB_17	348.1822
layer_10_TB_18	348.7140
layer_10_TB_19	348.9814
layer_10_TB_20	348.9812
layer_10_TB_21	348.7132
layer_10_TB_22	348.1808
layer_10_TB_23	347.5071
layer_10_TB_24	347.3226
layer_10_TB_25	347.9474
layer_10_TB_26	348.4423
layer_10_TB_27	348.6914
layer_10_TB_28	348.6912
layer_10_TB_29	348.4419
layer_10_TB_30	347.9468
layer_10_TB_31	347.3218
layer_11_B_96	345.3505
layer_11_B_97	345.9853
layer_11_B_98	346.4642
layer_11_B_99	346.7059
layer_11_B_100	346.7053
layer_11_B_101	346.4611
layer_11_B_102	345.9723
layer_11_B_103	345.3355
layer_11_B_104	345.5238
layer_11_B_105	346.2122
layer_11_B_106	346.7376
layer_11_B_107	346.9998
layer_11_B_108	346.9994
layer_11_B_109	346.7360
layer_11_B_110	346.2079
layer_11_B_111	345.5186
layer_11_B_112	345.5162
layer_11_B_113	346.2051
layer_11_B_114	346.7326
layer_11_B_115	346.9954
layer_11_B_116	346.9952
layer_11_B_117	346.7319
layer_11_B_118	346.2038
layer_11_B_119	345.5146
layer_11_B_120	345.3209
layer_11_B_121	345.9574
layer_11_B_122	346.4459
layer_11_B_123	346.6896
layer_11_B_124	346.6895
layer_11_B_125	346.4455
layer_11_B_126	345.9567
layer_11_B_127	345.3201
layer_12_TB_0	345.1154
layer_12_TB_1	345.7517
layer_12_TB_2	346.2299
layer_12_TB_3	346.4709
layer_12_TB_4	346.4703
layer_12_TB_5	346.2268
layer_12_TB_6	345.7388
layer_12_TB_7	345.1004
layer_12_TB_8	345.2900
layer_12_TB_9	345.9805
layer_12_TB_10	346.5053
layer_12_TB_11	346.7670
layer_12_TB_12	346.7666
layer_12_TB_13	346.5037
layer_12_TB_14	345.9762
layer_12_TB_15	345.2848
layer_12_TB_16	345.2825
layer_12_TB_17	345.9734
layer_12_TB_18	346.5003
layer_12_TB_19	346.7627
layer_12_TB_20	346.7625
layer_12_TB_21	346.4997
layer_12_TB_22	345.9721
layer_12_TB_23	345.2809
layer_12_TB_24	345.0860
layer_12_TB_25	345.7240
layer_12_TB_26	346.2117
layer_12_TB_27	346.4548
layer_12_TB_28	346.4547
layer_12_TB_29	346.2113
layer_12_TB_30	345.7234
layer_12_TB_31	345.0852
layer_13_B_128	342.7639
layer_13_B_129	343.4157
layer_13_B_130	343.8865
layer_13_B_131	344.1212
layer_13_B_132	344.1207
layer_13_B_133	343.8839
layer_13_B_134	343.4037
layer_13_B_135	342.7502
layer_13_B_136	342.9516
layer_13_B_137	343.6627
layer_13_B_138	344.1825
layer_13_B_139	344.4388
layer_13_B_140	344.4385
layer_13_B_141	344.1811
layer_13_B_142	343.6589
layer_13_B_143	342.9471
layer_13_B_144	342.9451
layer_13_B_145	343.6566
layer_13_B_146	344.1782
layer_13_B_147	344.4350
layer_13_B_148	344.4349
layer_13_B_149	344.1776
layer_13_B_150	343.6554
layer_13_B_151	342.9436
layer_13_B_152	342.7370
layer_13_B_153	343.3902
layer_13_B_154	343.8700
layer_13_B_155	344.1064
layer_13_B_156	344.1063
layer_13_B_157	343.8696
layer_13_B_158	343.3897
layer_13_B_159	342.7363
layer_14_TB_0	342.4948
layer_14_TB_1	343.1485
layer_14_TB_2	343.6185
layer_14_TB_3	343.8525
layer_14_TB_4	343.8520
layer_14_TB_5	343.6159
layer_14_TB_6	343.1368
layer_14_TB_7	342.4814
layer_14_TB_8	342.6843
layer_14_TB_9	343.3980
layer_14_TB_10	343.9172
layer_14_TB_11	344.1729
layer_14_TB_12	344.1726
layer_14_TB_13	343.9159
layer_14_TB_14	343.3943
layer_14_TB_15	342.6799
layer_14_TB_16	342.6779
layer_14_TB_17	343.3920
layer_14_TB_18	343.9130
layer_14_TB_19	344.1692
layer_14_TB_20	344.1690
layer_14_TB_21	343.9124
layer_14_TB_22	343.3909
layer_14_TB_23	342.6765
layer_14_TB_24	342.4684
layer_14_TB_25	343.1236
layer_14_TB_26	343.6023
layer_14_TB_27	343.8380
layer_14_TB_28	343.8379
layer_14_TB_29	343.6020
layer_14_TB_30	343.1230
layer_14_TB_31	342.4677
layer_15_B_160	339.8034
layer_15_B_161	340.4766
layer_15_B_162	340.9389
layer_15_B_163	341.1653
layer_15_B_164	341.1649
layer_15_B_165	340.9367
layer_15_B_166	340.4674
layer_15_B_167	339.7929
layer_15_B_168	340.0118
layer_15_B_169	340.7515
layer_15_B_170	341.2647
layer_15_B_171	341.5140
layer_15_B_172	341.5137
layer_15_B_173	341.2635
layer_15_B_174	340.7484
layer_15_B_175	340.0080
layer_15_B_176	340.0065
layer_15_B_177	340.7466
layer_15_B_178	341.2611
layer_15_B_179	341.5110
layer_15_B_180	341.5108
layer_15_B_181	341.2606
layer_15_B_182	340.7456
layer_15_B_183	340.0053
layer_15_B_184	339.7828
layer_15_B_185	340.4571
layer_15_B_186	340.9261
layer_15_B_187	341.1539
layer_15_B_188	341.1538
layer_15_B_189	340.9258
layer_15_B_190	340.4566
layer_15_B_191	339.7822
layer_16_TB_0	339.5018
layer_16_TB_1	340.1774
layer_16_TB_2	340.6387
layer_16_TB_3	340.8642
layer_16_TB_4	340.8638
layer_16_TB_5	340.6366
layer_16_TB_6	340.1685
layer_16_TB_7	339.4916
layer_16_TB_8	339.7123
layer_16_TB_9	340.4553
layer_16_TB_10	340.9677
layer_16_TB_11	341.2163
layer_16_TB_12	341.2160
layer_16_TB_13	340.9665
layer_16_TB_14	340.4522
layer_16_TB_15	339.7087
layer_16_TB_16	339.7072
layer_16_TB_17	340.4504
layer_16_TB_18	340.9642
layer_16_TB_19	341.2133
layer_16_TB_20	341.2131
layer_16_TB_21	340.9637
layer_16_TB_22	340.4495
layer_16_TB_23	339.7060
layer_16_TB_24	339.4818
layer_16_TB_25	340.1584
layer_16_TB_26	340.6262
layer_16_TB_27	340.8531
layer_16_TB_28	340.8530
layer_16_TB_29	340.6259
layer_16_TB_30	340.1579
layer_16_TB_31	339.4812
layer_17_B_192	336.4859
layer_17_B_193	337.1852
layer_17_B_194	337.6366
layer_17_B_195	337.8534
layer_17_B_196	337.8530
layer_17_B_197	337.6350
layer_17_B_198	337.1788
layer_17_B_199	336.4785
layer_17_B_200	336.7176
layer_17_B_201	337.4927
layer_17_B_202	337.9977
layer_17_B_203	338.2391
layer_17_B_204	338.2389
layer_17_B_205	337.9968
layer_17_B_206	337.4904
layer_17_B_207	336.7148
layer_17_B_208	336.7138
layer_17_B_209	337.4891
layer_17_B_210	337.9951
layer_17_B_211	338.2368
layer_17_B_212	338.2367
layer_17_B_213	337.9946
layer_17_B_214	337.4883
layer_17_B_215	336.7128
layer_17_B_216	336.4714
layer_17_B_217	337.1715
layer_17_B_218	337.6275
layer_17_B_219	337.8452
layer_17_B_220	337.8451
layer_17_B_221	337.6272
layer_17_B_222	337.1711
layer_17_B_223	336.4709
layer_18_TB_0	336.1532
layer_18_TB_1	336.8553
layer_18_TB_2	337.3055
layer_18_TB_3	337.5212
layer_18_TB_4	337.5209
layer_18_TB_5	337.3039
layer_18_TB_6	336.8491
layer_18_TB_7	336.1460
layer_18_TB_8	336.3873
layer_18_TB_9	337.1662
layer_18_TB_10	337.6703
layer_18_TB_11	337.9109
layer_18_TB_12	337.9107
layer_18_TB_13	337.6694
layer_18_TB_14	337.1640
layer_18_TB_15	336.3846
layer_18_TB_16	336.3836
layer_18_TB_17	337.1627
layer_18_TB_18	337.6678
layer_18_TB_19	337.9087
layer_18_TB_20	337.9086
layer_18_TB_21	337.6674
layer_18_TB_22	337.1619
layer_18_TB_23	336.3826
layer_18_TB_24	336.1393
layer_18_TB_25	336.8421
layer_18_TB_26	337.2967
layer_18_TB_27	337.5134
layer_18_TB_28	337.5133
layer_18_TB_29	337.2964
layer_18_TB_30	336.8417
layer_18_TB_31	336.1387
layer_19_B_224	332.8257
layer_19_B_225	333.5563
layer_19_B_226	333.9942
layer_19_B_227	334.1999
layer_19_B_228	334.1996
layer_19_B_229	333.9931
layer_19_B_230	333.5525
layer_19_B_231	332.8213
layer_19_B_232	333.0837
layer_19_B_233	333.9015
layer_19_B_234	334.3966
layer_19_B_235	334.6290
layer_19_B_236	334.6289
layer_19_B_237	334.3960
layer_19_B_238	333.8999
layer_19_B_239	333.0819
layer_19_B_240	333.0814
layer_19_B_241	333.8992
layer_19_B_242	334.3950
layer_19_B_243	334.6276
layer_19_B_244	334.6274
layer_19_B_245	334.3946
layer_19_B_246	333.8986
layer_19_B_247	333.0806
layer_19_B_248	332.8173
layer_19_B_249	333.5483
layer_19_B_250	333.9887
layer_19_B_251	334.1950
layer_19_B_252	334.1949
layer_19_B_253	333.9884
layer_19_B_254	333.5479
layer_19_B_255	332.8169
layer_20_TB_0	332.4632
layer_20_TB_1	333.1972
layer_20_TB_2	333.6336
layer_20_TB_3	333.8381
layer_20_TB_4	333.8379
layer_20_TB_5	333.6325
layer_20_TB_6	333.1936
layer_20_TB_7	332.4591
layer_20_TB_8	332.7239
layer_20_TB_9	333.5463
layer_20_TB_10	334.0403
layer_20_TB_11	334.2718
layer_20_TB_12	334.2716
layer_20_TB_13	334.0397
layer_20_TB_14	333.5448
layer_20_TB_15	332.7221
layer_20_TB_16	332.7217
layer_20_TB_17	333.5441
layer_20_TB_18	334.0387
layer_20_TB_19	334.2704
layer_20_TB_20	334.2703
layer_20_TB_21	334.0384
layer_20_TB_22	333.5435
layer_20_TB_23	332.7209
layer_20_TB_24	332.4554
layer_20_TB_25	333.1897
layer_20_TB_26	333.6284
layer_20_TB_27	333.8335
layer_20_TB_28	333.8334
layer_20_TB_29	333.6281
layer_20_TB_30	333.1893
layer_20_TB_31	332.4549
hsp_TB_0	328.8381
hsp_TB_1	329.6059
hsp_TB_2	330.0272
hsp_TB_3	330.2204
hsp_TB_4	330.2203
hsp_TB_5	330.0267
hsp_TB_6	329.6047
hsp_TB_7	328.8368
hsp_TB_8	329.1255
hsp_TB_9	329.9943
hsp_TB_10	330.4774
hsp_TB_11	330.6998
hsp_TB_12	330.6997
hsp_TB_13	330.4770
hsp_TB_14	329.9935
hsp_TB_15	329.1247
hsp_TB_16	329.1247
hsp_TB_17	329.9934
hsp_TB_18	330.4767
hsp_TB_19	330.6992
hsp_TB_20	330.6991
hsp_TB_21	330.4765
hsp_TB_22	329.9930
hsp_TB_23	329.1242
hsp_TB_24	328.8358
hsp_TB_25	329.6036
hsp_TB_26	330.0253
hsp_TB_27	330.2187
hsp_TB_28	330.2187
hsp_TB_29	330.0251
hsp_TB_30	329.6033
hsp_TB_31	328.8355
hsink_TB_0	327.5119
hsink_TB_1	328.1666
hsink_TB_2	328.5621
hsink_TB_3	328.7477
hsink_TB_4	328.7477
hsink_TB_5	328.5619
hsink_TB_6	328.1661
hsink_TB_7	327.5114
hsink_TB_8	327.7308
hsink_TB_9	328.4789
hsink_TB_10	328.9349
hsink_TB_11	329.1496
hsink_TB_12	329.1495
hsink_TB_13	328.9347
hsink_TB_14	328.4785
hsink_TB_15	327.7304
hsink_TB_16	327.7306
hsink_TB_17	328.4786
hsink_TB_18	328.9346
hsink_TB_19	329.1493
hsink_TB_20	329.1492
hsink_TB_21	328.9344
hsink_TB_22	328.4783
hsink_TB_23	327.7302
hsink_TB_24	327.5112
hsink_TB_25	328.1658
hsink_TB_26	328.5614
hsink_TB_27	328.7471
hsink_TB_28	328.7470
hsink_TB_29	328.5613
hsink_TB_30	328.1656
hsink_TB_31	327.5109
inode_0	325.6198
inode_1	325.6195
inode_2	326.1191
inode_3	326.1197
inode_4	325.5863
inode_5	325.5859
inode_6	326.0917
inode_7	326.0924
inode_8	324.5428
inode_9	324.5425
inode_10	324.8329
inode_11	324.8334
inode_12	349.6304
inode_13	349.6281
inode_14	349.3492
inode_15	349.3542
inode_16	349.6120
inode_17	349.6097
inode_18	349.3438
inode_19	349.3488
inode_20	346.2665
inode_21	346.2650
inode_22	348.4102
inode_23	348.4145
inode_24	336.9076
inode_25	336.9066
inode_26	337.1389
inode_27	337.1417
