pcb_LC_0	355.3109
pcb_LC_1	356.5964
pcb_LC_2	357.1680
pcb_LC_3	357.3983
pcb_LC_4	357.3983
pcb_LC_5	357.1679
pcb_LC_6	356.5960
pcb_LC_7	355.3103
pcb_LC_8	355.3895
pcb_LC_9	356.9761
pcb_LC_10	357.7303
pcb_LC_11	358.0405
pcb_LC_12	358.0405
pcb_LC_13	357.7302
pcb_LC_14	356.9757
pcb_LC_15	355.3887
pcb_LC_16	355.4440
pcb_LC_17	357.0737
pcb_LC_18	357.8450
pcb_LC_19	358.1609
pcb_LC_20	358.1608
pcb_LC_21	357.8449
pcb_LC_22	357.0732
pcb_LC_23	355.4432
pcb_LC_24	355.4497
pcb_LC_25	356.8242
pcb_LC_26	357.4290
pcb_LC_27	357.6701
pcb_LC_28	357.6700
pcb_LC_29	357.4288
pcb_LC_30	356.8239
pcb_LC_31	355.4491
solder_LC_0	357.5004
solder_LC_1	357.8557
solder_LC_2	358.1716
solder_LC_3	358.3408
solder_LC_4	358.3409
solder_LC_5	358.1716
solder_LC_6	357.8553
solder_LC_7	357.4991
solder_LC_8	357.9481
solder_LC_9	358.5622
solder_LC_10	359.0075
solder_LC_11	359.2359
solder_LC_12	359.2360
solder_LC_13	359.0076
solder_LC_14	358.5618
solder_LC_15	357.9464
solder_LC_16	358.1165
solder_LC_17	358.8066
solder_LC_18	359.2756
solder_LC_19	359.5108
solder_LC_20	359.5110
solder_LC_21	359.2754
solder_LC_22	358.8061
solder_LC_23	358.1150
solder_LC_24	357.7722
solder_LC_25	358.2630
solder_LC_26	358.6225
solder_LC_27	358.8048
solder_LC_28	358.8048
solder_LC_29	358.6223
solder_LC_30	358.2626
solder_LC_31	357.7712
sub_LC_0	357.5451
sub_LC_1	357.9325
sub_LC_2	358.2794
sub_LC_3	358.4651
sub_LC_4	358.4651
sub_LC_5	358.2794
sub_LC_6	357.9322
sub_LC_7	357.5436
sub_LC_8	358.2721
sub_LC_9	358.8892
sub_LC_10	359.3555
sub_LC_11	359.5962
sub_LC_12	359.5964
sub_LC_13	359.3559
sub_LC_14	358.8893
sub_LC_15	358.2693
sub_LC_16	358.6157
sub_LC_17	359.3018
sub_LC_18	359.7911
sub_LC_19	360.0383
sub_LC_20	360.0387
sub_LC_21	359.7908
sub_LC_22	359.3016
sub_LC_23	358.6137
sub_LC_24	357.9213
sub_LC_25	358.4297
sub_LC_26	358.8182
sub_LC_27	359.0165
sub_LC_28	359.0166
sub_LC_29	358.8180
sub_LC_30	358.4294
sub_LC_31	357.9203
layer_3_LC_0	357.5828
layer_3_LC_1	358.3531
layer_3_LC_2	359.0071
layer_3_LC_3	359.3457
layer_3_LC_4	359.3458
layer_3_LC_5	359.0077
layer_3_LC_6	358.3528
layer_3_LC_7	357.5793
layer_3_LC_8	361.1830
layer_3_LC_9	362.0229
layer_3_LC_10	362.7345
layer_3_LC_11	363.1066
layer_3_LC_12	363.1075
layer_3_LC_13	362.7384
layer_3_LC_14	362.0278
layer_3_LC_15	361.1682
layer_3_LC_16	363.4818
layer_3_LC_17	364.3460
layer_3_LC_18	365.0758
layer_3_LC_19	365.4504
layer_3_LC_20	365.4540
layer_3_LC_21	365.0731
layer_3_LC_22	364.3478
layer_3_LC_23	363.4747
layer_3_LC_24	358.8702
layer_3_LC_25	359.6658
layer_3_LC_26	360.3374
layer_3_LC_27	360.6830
layer_3_LC_28	360.6836
layer_3_LC_29	360.3371
layer_3_LC_30	359.6663
layer_3_LC_31	358.8689
layer_4_TB_0	357.4796
layer_4_TB_1	358.2500
layer_4_TB_2	358.9035
layer_4_TB_3	359.2418
layer_4_TB_4	359.2420
layer_4_TB_5	358.9041
layer_4_TB_6	358.2497
layer_4_TB_7	357.4760
layer_4_TB_8	361.0826
layer_4_TB_9	361.9224
layer_4_TB_10	362.6334
layer_4_TB_11	363.0051
layer_4_TB_12	363.0060
layer_4_TB_13	362.6373
layer_4_TB_14	361.9273
layer_4_TB_15	361.0678
layer_4_TB_16	363.3884
layer_4_TB_17	364.2523
layer_4_TB_18	364.9814
layer_4_TB_19	365.3555
layer_4_TB_20	365.3592
layer_4_TB_21	364.9787
layer_4_TB_22	364.2541
layer_4_TB_23	363.3813
layer_4_TB_24	358.7641
layer_4_TB_25	359.5596
layer_4_TB_26	360.2307
layer_4_TB_27	360.5760
layer_4_TB_28	360.5765
layer_4_TB_29	360.2304
layer_4_TB_30	359.5601
layer_4_TB_31	358.7628
layer_5_B_0	356.4466
layer_5_B_1	357.2180
layer_5_B_2	357.8672
layer_5_B_3	358.2023
layer_5_B_4	358.2025
layer_5_B_5	357.8678
layer_5_B_6	357.2177
layer_5_B_7	356.4432
layer_5_B_8	360.0790
layer_5_B_9	360.9175
layer_5_B_10	361.6224
layer_5_B_11	361.9903
layer_5_B_12	361.9911
layer_5_B_13	361.6264
layer_5_B_14	360.9227
layer_5_B_15	360.0639
layer_5_B_16	362.4551
layer_5_B_17	363.3167
layer_5_B_18	364.0389
layer_5_B_19	364.4085
layer_5_B_20	364.4123
layer_5_B_21	364.0360
layer_5_B_22	363.3186
layer_5_B_23	362.4481
layer_5_B_24	357.7019
layer_5_B_25	358.4969
layer_5_B_26	359.1626
layer_5_B_27	359.5043
layer_5_B_28	359.5048
layer_5_B_29	359.1623
layer_5_B_30	358.4974
layer_5_B_31	357.7007
layer_6_TB_0	356.2996
layer_6_TB_1	357.0715
layer_6_TB_2	357.7201
layer_6_TB_3	358.0547
layer_6_TB_4	358.0549
layer_6_TB_5	357.7206
layer_6_TB_6	357.0712
layer_6_TB_7	356.2962
layer_6_TB_8	359.9044
layer_6_TB_9	360.7437
layer_6_TB_10	361.4480
layer_6_TB_11	361.8153
layer_6_TB_12	361.8160
layer_6_TB_13	361.4519
layer_6_TB_14	360.7486
layer_6_TB_15	359.8897
layer_6_TB_16	362.2553
layer_6_TB_17	363.1172
layer_6_TB_18	363.8385
layer_6_TB_19	364.2074
layer_6_TB_20	364.2111
layer_6_TB_21	363.8357
layer_6_TB_22	363.1191
layer_6_TB_23	362.2484
layer_6_TB_24	357.5491
layer_6_TB_25	358.3443
layer_6_TB_26	359.0093
layer_6_TB_27	359.3505
layer_6_TB_28	359.3510
layer_6_TB_29	359.0091
layer_6_TB_30	358.3449
layer_6_TB_31	357.5479
layer_7_B_32	354.8289
layer_7_B_33	355.6055
layer_7_B_34	356.2479
layer_7_B_35	356.5776
layer_7_B_36	356.5777
layer_7_B_37	356.2483
layer_7_B_38	355.6051
layer_7_B_39	354.8259
layer_7_B_40	358.1577
layer_7_B_41	359.0058
layer_7_B_42	359.7045
layer_7_B_43	360.0651
layer_7_B_44	360.0657
layer_7_B_45	359.7069
layer_7_B_46	359.0079
layer_7_B_47	358.1474
layer_7_B_48	360.2584
layer_7_B_49	361.1236
layer_7_B_50	361.8356
layer_7_B_51	362.1986
layer_7_B_52	362.2010
layer_7_B_53	361.8341
layer_7_B_54	361.1257
layer_7_B_55	360.2533
layer_7_B_56	356.0199
layer_7_B_57	356.8182
layer_7_B_58	357.4759
layer_7_B_59	357.8117
layer_7_B_60	357.8122
layer_7_B_61	357.4757
layer_7_B_62	356.8188
layer_7_B_63	356.0188
layer_8_TB_0	354.6393
layer_8_TB_1	355.4167
layer_8_TB_2	356.0583
layer_8_TB_3	356.3873
layer_8_TB_4	356.3875
layer_8_TB_5	356.0587
layer_8_TB_6	355.4163
layer_8_TB_7	354.6364
layer_8_TB_8	357.9435
layer_8_TB_9	358.7929
layer_8_TB_10	359.4909
layer_8_TB_11	359.8507
layer_8_TB_12	359.8514
layer_8_TB_13	359.4932
layer_8_TB_14	358.7947
layer_8_TB_15	357.9336
layer_8_TB_16	360.0258
layer_8_TB_17	360.8919
layer_8_TB_18	361.6029
layer_8_TB_19	361.9652
layer_8_TB_20	361.9674
layer_8_TB_21	361.6015
layer_8_TB_22	360.8940
layer_8_TB_23	360.0209
layer_8_TB_24	355.8220
layer_8_TB_25	356.6210
layer_8_TB_26	357.2777
layer_8_TB_27	357.6128
layer_8_TB_28	357.6133
layer_8_TB_29	357.2775
layer_8_TB_30	356.6215
layer_8_TB_31	355.8209
layer_9_B_64	352.7427
layer_9_B_65	353.5285
layer_9_B_66	354.1618
layer_9_B_67	354.4843
layer_9_B_68	354.4844
layer_9_B_69	354.1622
layer_9_B_70	353.5279
layer_9_B_71	352.7402
layer_9_B_72	355.8008
layer_9_B_73	356.6642
layer_9_B_74	357.3553
layer_9_B_75	357.7073
layer_9_B_76	357.7078
layer_9_B_77	357.3564
layer_9_B_78	356.6633
layer_9_B_79	355.7950
layer_9_B_80	357.7008
layer_9_B_81	358.5760
layer_9_B_82	359.2768
layer_9_B_83	359.6318
layer_9_B_84	359.6329
layer_9_B_85	359.2765
layer_9_B_86	358.5783
layer_9_B_87	357.6976
layer_9_B_88	353.8417
layer_9_B_89	354.6476
layer_9_B_90	355.2948
layer_9_B_91	355.6230
layer_9_B_92	355.6233
layer_9_B_93	355.2947
layer_9_B_94	354.6481
layer_9_B_95	353.8408
layer_10_TB_0	352.5118
layer_10_TB_1	353.2988
layer_10_TB_2	353.9311
layer_10_TB_3	354.2527
layer_10_TB_4	354.2529
layer_10_TB_5	353.9314
layer_10_TB_6	353.2982
layer_10_TB_7	352.5093
layer_10_TB_8	355.5479
layer_10_TB_9	356.4133
layer_10_TB_10	357.1036
layer_10_TB_11	357.4547
layer_10_TB_12	357.4552
layer_10_TB_13	357.1046
layer_10_TB_14	356.4122
layer_10_TB_15	355.5426
layer_10_TB_16	357.4357
layer_10_TB_17	358.3124
layer_10_TB_18	359.0121
layer_10_TB_19	359.3663
layer_10_TB_20	359.3672
layer_10_TB_21	359.0119
layer_10_TB_22	358.3148
layer_10_TB_23	357.4327
layer_10_TB_24	353.6002
layer_10_TB_25	354.4072
layer_10_TB_26	355.0532
layer_10_TB_27	355.3805
layer_10_TB_28	355.3808
layer_10_TB_29	355.0532
layer_10_TB_30	354.4077
layer_10_TB_31	353.5993
layer_11_B_96	350.2019
layer_11_B_97	351.0011
layer_11_B_98	351.6232
layer_11_B_99	351.9365
layer_11_B_100	351.9366
layer_11_B_101	351.6234
layer_11_B_102	351.0004
layer_11_B_103	350.1999
layer_11_B_104	353.0195
layer_11_B_105	353.9046
layer_11_B_106	354.5868
layer_11_B_107	354.9288
layer_11_B_108	354.9292
layer_11_B_109	354.5865
layer_11_B_110	353.9007
layer_11_B_111	353.0182
layer_11_B_112	354.7860
layer_11_B_113	355.6778
layer_11_B_114	356.3662
layer_11_B_115	356.7119
layer_11_B_116	356.7116
layer_11_B_117	356.3670
layer_11_B_118	355.6805
layer_11_B_119	354.7847
layer_11_B_120	351.1841
layer_11_B_121	352.0020
layer_11_B_122	352.6366
layer_11_B_123	352.9551
layer_11_B_124	352.9553
layer_11_B_125	352.6366
layer_11_B_126	352.0026
layer_11_B_127	351.1834
layer_12_TB_0	349.9310
layer_12_TB_1	350.7318
layer_12_TB_2	351.3526
layer_12_TB_3	351.6650
layer_12_TB_4	351.6651
layer_12_TB_5	351.3528
layer_12_TB_6	350.7311
layer_12_TB_7	349.9291
layer_12_TB_8	352.7292
layer_12_TB_9	353.6169
layer_12_TB_10	354.2982
layer_12_TB_11	354.6392
layer_12_TB_12	354.6395
layer_12_TB_13	354.2978
layer_12_TB_14	353.6127
layer_12_TB_15	352.7283
layer_12_TB_16	354.4893
layer_12_TB_17	355.3832
layer_12_TB_18	356.0703
layer_12_TB_19	356.4150
layer_12_TB_20	356.4147
layer_12_TB_21	356.0713
layer_12_TB_22	355.3860
layer_12_TB_23	354.4882
layer_12_TB_24	350.9005
layer_12_TB_25	351.7200
layer_12_TB_26	352.3531
layer_12_TB_27	352.6706
layer_12_TB_28	352.6708
layer_12_TB_29	352.3531
layer_12_TB_30	351.7205
layer_12_TB_31	350.8998
layer_13_B_128	347.2215
layer_13_B_129	348.0386
layer_13_B_130	348.6469
layer_13_B_131	348.9494
layer_13_B_132	348.9495
layer_13_B_133	348.6470
layer_13_B_134	348.0378
layer_13_B_135	347.2200
layer_13_B_136	349.8266
layer_13_B_137	350.7403
layer_13_B_138	351.4122
layer_13_B_139	351.7428
layer_13_B_140	351.7430
layer_13_B_141	351.4105
layer_13_B_142	350.7332
layer_13_B_143	349.8297
layer_13_B_144	351.5234
layer_13_B_145	352.4386
layer_13_B_146	353.1132
layer_13_B_147	353.4481
layer_13_B_148	353.4466
layer_13_B_149	353.1152
layer_13_B_150	352.4420
layer_13_B_151	351.5240
layer_13_B_152	348.0636
layer_13_B_153	348.8983
layer_13_B_154	349.5177
layer_13_B_155	349.8247
layer_13_B_156	349.8249
layer_13_B_157	349.5177
layer_13_B_158	348.8988
layer_13_B_159	348.0631
layer_14_TB_0	346.9121
layer_14_TB_1	347.7313
layer_14_TB_2	348.3381
layer_14_TB_3	348.6394
layer_14_TB_4	348.6395
layer_14_TB_5	348.3382
layer_14_TB_6	347.7305
layer_14_TB_7	346.9106
layer_14_TB_8	349.4672
layer_14_TB_9	350.3835
layer_14_TB_10	351.0542
layer_14_TB_11	351.3838
layer_14_TB_12	351.3839
layer_14_TB_13	351.0525
layer_14_TB_14	350.3767
layer_14_TB_15	349.4703
layer_14_TB_16	351.1226
layer_14_TB_17	352.0407
layer_14_TB_18	352.7139
layer_14_TB_19	353.0478
layer_14_TB_20	353.0463
layer_14_TB_21	352.7159
layer_14_TB_22	352.0439
layer_14_TB_23	351.1232
layer_14_TB_24	347.7394
layer_14_TB_25	348.5760
layer_14_TB_26	349.1938
layer_14_TB_27	349.4996
layer_14_TB_28	349.4998
layer_14_TB_29	349.1938
layer_14_TB_30	348.5766
layer_14_TB_31	347.7389
layer_15_B_160	343.8174
layer_15_B_161	344.6573
layer_15_B_162	345.2492
layer_15_B_163	345.5389
layer_15_B_164	345.5390
layer_15_B_165	345.2492
layer_15_B_166	344.6566
layer_15_B_167	343.8163
layer_15_B_168	345.8736
layer_15_B_169	346.8162
layer_15_B_170	347.4742
layer_15_B_171	347.7938
layer_15_B_172	347.7939
layer_15_B_173	347.4729
layer_15_B_174	346.8111
layer_15_B_175	345.8758
layer_15_B_176	347.1159
layer_15_B_177	348.0620
layer_15_B_178	348.7228
layer_15_B_179	349.0458
layer_15_B_180	349.0447
layer_15_B_181	348.7242
layer_15_B_182	348.0643
layer_15_B_183	347.1164
layer_15_B_184	344.4960
layer_15_B_185	345.3527
layer_15_B_186	345.9542
layer_15_B_187	346.2479
layer_15_B_188	346.2480
layer_15_B_189	345.9543
layer_15_B_190	345.3531
layer_15_B_191	344.4957
layer_16_TB_0	343.4716
layer_16_TB_1	344.3140
layer_16_TB_2	344.9041
layer_16_TB_3	345.1926
layer_16_TB_4	345.1926
layer_16_TB_5	344.9041
layer_16_TB_6	344.3133
layer_16_TB_7	343.4706
layer_16_TB_8	345.4797
layer_16_TB_9	346.4257
layer_16_TB_10	347.0823
layer_16_TB_11	347.4007
layer_16_TB_12	347.4008
layer_16_TB_13	347.0811
layer_16_TB_14	346.4208
layer_16_TB_15	345.4818
layer_16_TB_16	346.6848
layer_16_TB_17	347.6345
layer_16_TB_18	348.2938
layer_16_TB_19	348.6156
layer_16_TB_20	348.6146
layer_16_TB_21	348.2952
layer_16_TB_22	347.6367
layer_16_TB_23	346.6853
layer_16_TB_24	344.1339
layer_16_TB_25	344.9930
layer_16_TB_26	345.5926
layer_16_TB_27	345.8850
layer_16_TB_28	345.8851
layer_16_TB_29	345.5927
layer_16_TB_30	344.9934
layer_16_TB_31	344.1335
layer_17_B_192	340.0131
layer_17_B_193	340.8812
layer_17_B_194	341.4536
layer_17_B_195	341.7289
layer_17_B_196	341.7290
layer_17_B_197	341.4536
layer_17_B_198	340.8806
layer_17_B_199	340.0124
layer_17_B_200	341.5412
layer_17_B_201	342.5211
layer_17_B_202	343.1634
layer_17_B_203	343.4705
layer_17_B_204	343.4706
layer_17_B_205	343.1626
layer_17_B_206	342.5179
layer_17_B_207	341.5426
layer_17_B_208	342.3746
layer_17_B_209	343.3599
layer_17_B_210	344.0050
layer_17_B_211	344.3146
layer_17_B_212	344.3139
layer_17_B_213	344.0059
layer_17_B_214	343.3614
layer_17_B_215	342.3750
layer_17_B_216	340.5118
layer_17_B_217	341.3961
layer_17_B_218	341.9768
layer_17_B_219	342.2554
layer_17_B_220	342.2554
layer_17_B_221	341.9769
layer_17_B_222	341.3964
layer_17_B_223	340.5116
layer_18_TB_0	339.6332
layer_18_TB_1	340.5043
layer_18_TB_2	341.0747
layer_18_TB_3	341.3485
layer_18_TB_4	341.3485
layer_18_TB_5	341.0747
layer_18_TB_6	340.5038
layer_18_TB_7	339.6325
layer_18_TB_8	341.1146
layer_18_TB_9	342.0988
layer_18_TB_10	342.7394
layer_18_TB_11	343.0453
layer_18_TB_12	343.0453
layer_18_TB_13	342.7386
layer_18_TB_14	342.0956
layer_18_TB_15	341.1160
layer_18_TB_16	341.9135
layer_18_TB_17	342.9032
layer_18_TB_18	343.5466
layer_18_TB_19	343.8549
layer_18_TB_20	343.8543
layer_18_TB_21	343.5475
layer_18_TB_22	342.9046
layer_18_TB_23	341.9139
layer_18_TB_24	340.1145
layer_18_TB_25	341.0018
layer_18_TB_26	341.5804
layer_18_TB_27	341.8574
layer_18_TB_28	341.8575
layer_18_TB_29	341.5805
layer_18_TB_30	341.0022
layer_18_TB_31	340.1143
layer_19_B_224	335.8330
layer_19_B_225	336.7352
layer_19_B_226	337.2849
layer_19_B_227	337.5439
layer_19_B_228	337.5440
layer_19_B_229	337.2849
layer_19_B_230	336.7348
layer_19_B_231	335.8326
layer_19_B_232	336.8487
layer_19_B_233	337.8753
layer_19_B_234	338.4995
layer_19_B_235	338.7928
layer_19_B_236	338.7928
layer_19_B_237	338.4991
layer_19_B_238	337.8736
layer_19_B_239	336.8494
layer_19_B_240	337.3028
layer_19_B_241	338.3365
layer_19_B_242	338.9635
layer_19_B_243	339.2585
layer_19_B_244	339.2581
layer_19_B_245	338.9640
layer_19_B_246	338.3373
layer_19_B_247	337.3030
layer_19_B_248	336.1411
layer_19_B_249	337.0593
layer_19_B_250	337.6159
layer_19_B_251	337.8775
layer_19_B_252	337.8775
layer_19_B_253	337.6159
layer_19_B_254	337.0595
layer_19_B_255	336.1409
layer_20_TB_0	335.4211
layer_20_TB_1	336.3270
layer_20_TB_2	336.8743
layer_20_TB_3	337.1317
layer_20_TB_4	337.1317
layer_20_TB_5	336.8743
layer_20_TB_6	336.3267
layer_20_TB_7	335.4207
layer_20_TB_8	336.3912
layer_20_TB_9	337.4229
layer_20_TB_10	338.0453
layer_20_TB_11	338.3372
layer_20_TB_12	338.3372
layer_20_TB_13	338.0448
layer_20_TB_14	337.4213
layer_20_TB_15	336.3918
layer_20_TB_16	336.8122
layer_20_TB_17	337.8512
layer_20_TB_18	338.4763
layer_20_TB_19	338.7698
layer_20_TB_20	338.7695
layer_20_TB_21	338.4767
layer_20_TB_22	337.8519
layer_20_TB_23	336.8124
layer_20_TB_24	335.7113
layer_20_TB_25	336.6333
layer_20_TB_26	337.1873
layer_20_TB_27	337.4472
layer_20_TB_28	337.4473
layer_20_TB_29	337.1874
layer_20_TB_30	336.6335
layer_20_TB_31	335.7112
hsp_TB_0	331.3018
hsp_TB_1	332.2450
hsp_TB_2	332.7682
hsp_TB_3	333.0092
hsp_TB_4	333.0092
hsp_TB_5	332.7682
hsp_TB_6	332.2449
hsp_TB_7	331.3017
hsp_TB_8	331.8159
hsp_TB_9	332.8995
hsp_TB_10	333.5029
hsp_TB_11	333.7810
hsp_TB_12	333.7810
hsp_TB_13	333.5028
hsp_TB_14	332.8992
hsp_TB_15	331.8160
hsp_TB_16	331.9059
hsp_TB_17	332.9986
hsp_TB_18	333.6047
hsp_TB_19	333.8837
hsp_TB_20	333.8836
hsp_TB_21	333.6047
hsp_TB_22	332.9986
hsp_TB_23	331.9060
hsp_TB_24	331.4139
hsp_TB_25	332.3732
hsp_TB_26	332.9018
hsp_TB_27	333.1446
hsp_TB_28	333.1446
hsp_TB_29	332.9018
hsp_TB_30	332.3732
hsp_TB_31	331.4139
hsink_TB_0	329.7531
hsink_TB_1	330.5614
hsink_TB_2	331.0518
hsink_TB_3	331.2825
hsink_TB_4	331.2825
hsink_TB_5	331.0518
hsink_TB_6	330.5613
hsink_TB_7	329.7531
hsink_TB_8	330.0561
hsink_TB_9	330.9862
hsink_TB_10	331.5538
hsink_TB_11	331.8212
hsink_TB_12	331.8212
hsink_TB_13	331.5538
hsink_TB_14	330.9861
hsink_TB_15	330.0561
hsink_TB_16	330.0761
hsink_TB_17	331.0107
hsink_TB_18	331.5802
hsink_TB_19	331.8484
hsink_TB_20	331.8484
hsink_TB_21	331.5802
hsink_TB_22	331.0107
hsink_TB_23	330.0761
hsink_TB_24	329.7943
hsink_TB_25	330.6121
hsink_TB_26	331.1066
hsink_TB_27	331.3387
hsink_TB_28	331.3387
hsink_TB_29	331.1066
hsink_TB_30	330.6122
hsink_TB_31	329.7943
inode_0	327.4328
inode_1	327.4328
inode_2	328.0578
inode_3	328.0088
inode_4	327.3911
inode_5	327.3911
inode_6	328.0242
inode_7	327.9758
inode_8	326.0944
inode_9	326.0944
inode_10	326.4590
inode_11	326.4183
inode_12	357.5468
inode_13	357.5455
inode_14	357.1974
inode_15	356.8301
inode_16	357.5238
inode_17	357.5225
inode_18	357.1915
inode_19	356.8248
inode_20	353.3215
inode_21	353.3208
inode_22	356.0360
inode_23	355.7139
inode_24	341.6142
inode_25	341.6137
inode_26	341.9243
inode_27	341.7222
