pcb_C_0	327.3178
pcb_C_1	327.9946
pcb_C_2	328.3021
pcb_C_3	328.4457
pcb_C_4	328.4846
pcb_C_5	328.3654
pcb_C_6	328.0322
pcb_C_7	327.3422
pcb_C_8	327.0208
pcb_C_9	327.6074
pcb_C_10	327.9222
pcb_C_11	328.0778
pcb_C_12	328.1046
pcb_C_13	327.9703
pcb_C_14	327.6434
pcb_C_15	327.0476
pcb_C_16	326.5743
pcb_C_17	326.8313
pcb_C_18	327.0324
pcb_C_19	327.1474
pcb_C_20	327.1599
pcb_C_21	327.0583
pcb_C_22	326.8566
pcb_C_23	326.5975
pcb_C_24	326.2516
pcb_C_25	326.2561
pcb_C_26	326.3425
pcb_C_27	326.4073
pcb_C_28	326.4128
pcb_C_29	326.3555
pcb_C_30	326.2715
pcb_C_31	326.2691
solder_C_0	327.6579
solder_C_1	328.2866
solder_C_2	328.5971
solder_C_3	328.7515
solder_C_4	328.8246
solder_C_5	328.7012
solder_C_6	328.3303
solder_C_7	327.6846
solder_C_8	327.3370
solder_C_9	327.8734
solder_C_10	328.1923
solder_C_11	328.3557
solder_C_12	328.3929
solder_C_13	328.2521
solder_C_14	327.9109
solder_C_15	327.3657
solder_C_16	326.5936
solder_C_17	326.7697
solder_C_18	326.9802
solder_C_19	327.1039
solder_C_20	327.1176
solder_C_21	327.0074
solder_C_22	326.7952
solder_C_23	326.6174
solder_C_24	326.1902
solder_C_25	326.1119
solder_C_26	326.2101
solder_C_27	326.2841
solder_C_28	326.2898
solder_C_29	326.2233
solder_C_30	326.1274
solder_C_31	326.2081
sub_C_0	327.7475
sub_C_1	328.3794
sub_C_2	328.6941
sub_C_3	328.8515
sub_C_4	328.9447
sub_C_5	328.8196
sub_C_6	328.4235
sub_C_7	327.7748
sub_C_8	327.4347
sub_C_9	327.9832
sub_C_10	328.3069
sub_C_11	328.4723
sub_C_12	328.5119
sub_C_13	328.3685
sub_C_14	328.0200
sub_C_15	327.4642
sub_C_16	326.5035
sub_C_17	326.7108
sub_C_18	326.9312
sub_C_19	327.0580
sub_C_20	327.0716
sub_C_21	326.9582
sub_C_22	326.7360
sub_C_23	326.5271
sub_C_24	326.0801
sub_C_25	326.0416
sub_C_26	326.1516
sub_C_27	326.2296
sub_C_28	326.2352
sub_C_29	326.1648
sub_C_30	326.0572
sub_C_31	326.0978
layer_3_C_0	328.5544
layer_3_C_1	329.2726
layer_3_C_2	329.6215
layer_3_C_3	329.8031
layer_3_C_4	330.0981
layer_3_C_5	329.9602
layer_3_C_6	329.3173
layer_3_C_7	328.5863
layer_3_C_8	328.3740
layer_3_C_9	329.0869
layer_3_C_10	329.4564
layer_3_C_11	329.6403
layer_3_C_12	329.7016
layer_3_C_13	329.5322
layer_3_C_14	329.1155
layer_3_C_15	328.4102
layer_3_C_16	325.5893
layer_3_C_17	326.1015
layer_3_C_18	326.4196
layer_3_C_19	326.5765
layer_3_C_20	326.5888
layer_3_C_21	326.4441
layer_3_C_22	326.1251
layer_3_C_23	325.6114
layer_3_C_24	325.0275
layer_3_C_25	325.3495
layer_3_C_26	325.5732
layer_3_C_27	325.6874
layer_3_C_28	325.6929
layer_3_C_29	325.5864
layer_3_C_30	325.3652
layer_3_C_31	325.0440
layer_4_TB_0	328.3970
layer_4_TB_1	329.1139
layer_4_TB_2	329.4637
layer_4_TB_3	329.6450
layer_4_TB_4	329.9224
layer_4_TB_5	329.7838
layer_4_TB_6	329.1584
layer_4_TB_7	328.4285
layer_4_TB_8	328.2171
layer_4_TB_9	328.9293
layer_4_TB_10	329.3000
layer_4_TB_11	329.4840
layer_4_TB_12	329.5431
layer_4_TB_13	329.3741
layer_4_TB_14	328.9584
layer_4_TB_15	328.2526
layer_4_TB_16	325.5873
layer_4_TB_17	326.0999
layer_4_TB_18	326.4182
layer_4_TB_19	326.5752
layer_4_TB_20	326.5874
layer_4_TB_21	326.4427
layer_4_TB_22	326.1236
layer_4_TB_23	325.6094
layer_4_TB_24	325.0263
layer_4_TB_25	325.3487
layer_4_TB_26	325.5725
layer_4_TB_27	325.6867
layer_4_TB_28	325.6922
layer_4_TB_29	325.5857
layer_4_TB_30	325.3644
layer_4_TB_31	325.0427
hsp_TB_0	326.8226
hsp_TB_1	327.5272
hsp_TB_2	327.8855
hsp_TB_3	328.0635
hsp_TB_4	328.1657
hsp_TB_5	328.0194
hsp_TB_6	327.5702
hsp_TB_7	326.8504
hsp_TB_8	326.6479
hsp_TB_9	327.3541
hsp_TB_10	327.7357
hsp_TB_11	327.9211
hsp_TB_12	327.9587
hsp_TB_13	327.7927
hsp_TB_14	327.3876
hsp_TB_15	326.6767
hsp_TB_16	325.5675
hsp_TB_17	326.0847
hsp_TB_18	326.4039
hsp_TB_19	326.5612
hsp_TB_20	326.5733
hsp_TB_21	326.4284
hsp_TB_22	326.1084
hsp_TB_23	325.5896
hsp_TB_24	325.0139
hsp_TB_25	325.3404
hsp_TB_26	325.5652
hsp_TB_27	325.6796
hsp_TB_28	325.6851
hsp_TB_29	325.5784
hsp_TB_30	325.3561
hsp_TB_31	325.0304
hsink_TB_0	326.1821
hsink_TB_1	326.8538
hsink_TB_2	327.2128
hsink_TB_3	327.3862
hsink_TB_4	327.4283
hsink_TB_5	327.2797
hsink_TB_6	326.8924
hsink_TB_7	326.2081
hsink_TB_8	326.0503
hsink_TB_9	326.7289
hsink_TB_10	327.1123
hsink_TB_11	327.2970
hsink_TB_12	327.3219
hsink_TB_13	327.1567
hsink_TB_14	326.7625
hsink_TB_15	326.0768
hsink_TB_16	325.4938
hsink_TB_17	326.0075
hsink_TB_18	326.3269
hsink_TB_19	326.4842
hsink_TB_20	326.4954
hsink_TB_21	326.3505
hsink_TB_22	326.0311
hsink_TB_23	325.5156
hsink_TB_24	325.0016
hsink_TB_25	325.3293
hsink_TB_26	325.5543
hsink_TB_27	325.6688
hsink_TB_28	325.6743
hsink_TB_29	325.5675
hsink_TB_30	325.3450
hsink_TB_31	325.0180
inode_0	324.4981
inode_1	324.5173
inode_2	323.9571
inode_3	325.3560
inode_4	324.4840
inode_5	324.5031
inode_6	323.9500
inode_7	325.3441
inode_8	323.9137
inode_9	323.9311
inode_10	323.2828
inode_11	324.5165
inode_12	326.8730
inode_13	326.8970
inode_14	325.9390
inode_15	328.0536
inode_16	326.8709
inode_17	326.8949
inode_18	325.9388
inode_19	328.0529
inode_20	326.3200
inode_21	326.3419
inode_22	325.8852
inode_23	327.9478
inode_24	324.4124
inode_25	324.4292
inode_26	323.6877
inode_27	325.1643
