C_0	C_1	C_2	C_3	C_4	C_5	C_6	C_7	C_8	C_9	C_10	C_11	C_12	C_13	C_14	C_15	C_16	C_17	C_18	C_19	C_20	C_21	C_22	C_23	C_24	C_25	C_26	C_27	C_28	C_29	C_30	C_31	
69.31	70.21	70.21	69.36	70.15	71.49	71.48	70.12	70.10	71.45	71.45	70.13	69.39	70.27	70.27	69.34	66.38	67.27	67.24	66.43	67.16	68.43	68.39	67.10	67.13	68.43	68.39	67.09	66.36	67.17	67.15	66.29
68.81	70.53	70.54	69.73	70.43	71.69	71.69	70.37	70.32	71.63	71.63	70.39	69.80	70.66	70.65	69.70	66.20	67.12	67.12	66.29	66.88	68.08	68.06	66.80	66.80	68.07	68.05	66.82	66.16	66.94	66.93	66.05
68.57	70.40	70.41	69.65	70.26	71.45	71.45	70.17	70.10	71.37	71.37	70.21	69.73	70.56	70.55	69.59	66.12	67.06	67.06	66.24	66.72	67.86	67.85	66.62	66.60	67.83	67.83	66.66	66.06	66.80	66.79	65.92
68.81	70.70	70.71	69.98	70.55	71.69	71.68	70.42	70.33	71.58	71.58	70.47	70.07	70.89	70.88	69.89	66.07	67.02	67.02	66.22	66.62	67.71	67.69	66.50	66.46	67.66	67.65	66.54	65.99	66.71	66.69	65.83
68.60	70.51	70.79	70.08	70.61	71.70	71.69	70.46	70.09	71.31	71.58	70.52	70.18	70.98	70.97	69.97	66.04	67.00	67.00	66.22	66.56	67.59	67.58	66.42	66.35	67.52	67.52	66.45	65.95	66.64	66.62	65.77
68.77	70.78	70.84	70.16	70.65	71.70	71.69	70.47	70.30	71.52	71.56	70.55	70.26	71.05	71.03	70.03	66.03	66.98	66.99	66.23	66.51	67.50	67.49	66.35	66.27	67.41	67.42	66.39	65.92	66.59	66.57	65.72
68.55	70.57	70.63	69.98	70.42	71.43	71.41	70.23	70.06	71.25	71.29	70.33	70.08	70.84	70.83	69.82	66.02	66.98	66.99	66.24	66.48	67.43	67.42	66.30	66.20	67.33	67.33	66.34	65.91	66.55	66.53	65.69
68.78	70.83	70.88	70.25	70.67	71.65	71.63	70.45	70.27	71.46	71.50	70.57	70.35	71.11	71.09	70.07	66.02	66.98	66.99	66.25	66.46	67.37	67.36	66.26	66.15	67.25	67.26	66.31	65.90	66.52	66.50	65.66
68.81	70.87	70.67	70.06	70.71	71.65	71.63	70.47	70.28	71.46	71.24	70.35	70.17	70.90	71.14	70.12	66.02	66.98	66.99	66.27	66.45	67.32	67.31	66.23	66.11	67.19	67.20	66.28	65.90	66.50	66.48	65.64
68.83	70.90	70.92	70.33	70.73	71.64	71.63	70.47	70.28	71.45	71.45	70.60	70.44	71.17	71.17	70.15	66.02	66.98	67.00	66.29	66.44	67.28	67.26	66.20	66.07	67.13	67.15	66.26	65.90	66.48	66.46	65.63
68.60	70.66	70.71	70.14	70.50	71.37	71.35	70.22	70.03	71.18	71.20	70.38	70.25	70.95	70.94	69.92	66.02	66.98	67.00	66.30	66.44	67.25	67.23	66.18	66.04	67.08	67.10	66.24	65.90	66.46	66.44	65.61
68.83	70.90	70.95	70.40	70.74	71.59	71.57	70.44	70.25	71.39	71.42	70.62	70.51	71.21	71.19	70.16	66.02	66.98	67.01	66.32	66.44	67.22	67.19	66.16	66.01	67.04	67.06	66.23	65.90	66.45	66.42	65.60
68.61	70.68	70.99	70.45	70.52	71.33	71.57	70.45	70.26	71.39	71.43	70.66	70.56	71.25	70.96	69.95	66.02	66.98	67.01	66.34	66.44	67.19	67.16	66.14	65.98	67.00	67.02	66.21	65.91	66.44	66.41	65.59
68.88	70.92	70.99	70.47	70.73	71.53	71.55	70.45	70.24	71.37	71.41	70.66	70.58	71.25	71.18	70.16	66.02	66.98	67.01	66.36	66.44	67.16	67.13	66.12	65.95	66.96	66.98	66.20	65.91	66.43	66.39	65.58
68.67	70.69	70.75	70.24	70.51	71.27	71.27	70.18	69.98	71.09	71.13	70.42	70.36	71.01	70.95	69.93	66.02	66.98	67.02	66.38	66.44	67.14	67.10	66.11	65.93	66.92	66.95	66.19	65.92	66.42	66.38	65.58
68.91	70.93	70.99	70.50	70.76	71.50	71.49	70.41	70.20	71.31	71.36	70.67	70.62	71.26	71.20	70.17	66.02	66.98	67.02	66.39	66.44	67.12	67.08	66.09	65.91	66.89	66.91	66.18	65.92	66.41	66.37	65.57
68.69	70.71	70.76	70.29	70.53	71.25	71.49	70.42	70.22	71.31	71.37	70.70	70.41	71.03	71.23	70.20	66.02	66.98	67.02	66.41	66.45	67.10	67.06	66.08	65.89	66.85	66.88	66.18	65.93	66.40	66.35	65.56
68.92	70.95	71.01	70.55	70.78	71.48	71.49	70.43	70.22	71.31	71.37	70.73	70.66	71.27	71.24	70.22	66.02	66.97	67.02	66.42	66.45	67.08	67.03	66.07	65.87	66.82	66.85	66.17	65.93	66.39	66.34	65.55
68.71	70.72	70.78	70.34	70.56	71.23	71.22	70.18	69.97	71.05	71.11	70.49	70.45	71.04	71.00	69.98	66.02	66.97	67.02	66.43	66.46	67.06	67.01	66.05	65.85	66.79	66.83	66.16	65.94	66.38	66.33	65.54
68.93	70.96	71.03	70.60	70.81	71.46	71.44	70.40	70.19	71.27	71.33	70.74	70.71	71.29	71.23	70.22	66.02	66.96	67.02	66.45	66.46	67.05	66.99	66.04	65.83	66.76	66.80	66.16	65.94	66.37	66.32	65.53
68.71	70.73	70.80	70.38	70.58	71.21	71.45	70.41	69.94	71.01	71.08	70.51	70.49	71.05	70.99	69.98	66.02	66.96	67.01	66.46	66.47	67.03	66.98	66.03	65.81	66.73	66.77	66.15	65.95	66.36	66.30	65.53
68.95	70.96	71.05	70.64	70.84	71.45	71.43	70.40	70.17	71.24	71.31	70.76	70.75	71.30	71.23	70.23	66.01	66.95	67.01	66.47	66.47	67.02	66.96	66.02	65.79	66.70	66.75	66.15	65.95	66.35	66.29	65.52
68.73	70.73	70.82	70.43	70.62	71.21	71.17	70.15	70.19	71.25	71.32	70.79	70.54	71.07	71.26	70.25	66.01	66.94	67.01	66.48	66.48	67.00	66.94	66.01	65.77	66.68	66.72	66.14	65.96	66.34	66.28	65.51
68.96	70.97	71.07	70.69	70.87	71.44	71.39	70.37	70.20	71.26	71.33	70.82	70.79	71.32	71.27	70.27	66.01	66.94	67.00	66.49	66.49	66.99	66.93	66.00	65.76	66.65	66.70	66.14	65.96	66.33	66.27	65.50
68.98	71.00	70.84	70.47	70.65	71.20	71.40	70.38	69.95	71.00	71.07	70.58	70.58	71.09	71.02	70.03	66.00	66.93	67.00	66.50	66.49	66.98	66.91	65.99	65.74	66.62	66.68	66.13	65.96	66.32	66.26	65.49
68.97	71.01	71.08	70.72	70.89	71.43	71.40	70.40	70.17	71.22	71.31	70.83	70.83	71.32	71.25	70.25	66.00	66.92	67.00	66.51	66.50	66.97	66.90	65.98	65.72	66.60	66.66	66.13	65.96	66.32	66.24	65.48
68.74	70.77	70.85	70.51	70.66	71.19	71.14	70.15	70.18	71.23	71.07	70.60	70.86	71.34	71.27	70.27	65.99	66.91	66.99	66.52	66.51	66.96	66.88	65.98	65.71	66.58	66.64	66.13	65.97	66.31	66.23	65.48
68.95	71.00	71.09	70.76	70.91	71.42	71.37	70.37	70.18	71.23	71.30	70.85	70.89	71.36	71.28	70.27	65.99	66.91	66.99	66.53	66.51	66.95	66.87	65.97	65.69	66.55	66.62	66.12	65.97	66.30	66.22	65.47
68.73	70.76	70.86	70.55	70.69	71.18	71.12	70.13	69.94	70.97	71.06	70.63	70.66	71.11	71.03	70.03	65.98	66.90	66.98	66.53	66.52	66.94	66.86	65.96	65.68	66.53	66.60	66.12	65.97	66.29	66.21	65.46
68.93	70.99	71.10	70.80	70.94	71.42	71.34	70.35	70.15	71.19	71.29	70.87	70.90	71.34	71.25	70.25	65.98	66.89	66.98	66.54	66.52	66.94	66.85	65.95	65.66	66.51	66.58	66.12	65.98	66.28	66.20	65.45
68.70	70.75	70.87	70.58	70.72	71.18	71.09	70.12	69.92	70.95	71.31	70.91	70.93	71.36	71.01	70.02	65.97	66.88	66.97	66.55	66.53	66.93	66.83	65.94	65.65	66.49	66.56	66.11	65.98	66.27	66.19	65.44
68.92	70.99	71.11	70.83	70.97	71.41	71.32	70.34	70.14	71.17	71.32	70.93	70.96	71.38	71.24	70.24	65.96	66.87	66.97	66.56	66.54	66.92	66.82	65.94	65.63	66.47	66.55	66.11	65.98	66.27	66.17	65.44
68.94	71.01	70.89	70.62	70.75	71.17	71.34	70.36	69.91	70.94	71.07	70.69	70.72	71.12	71.00	70.02	65.96	66.86	66.96	66.57	66.54	66.91	66.81	65.93	65.62	66.45	66.53	66.11	65.98	66.26	66.16	65.43
68.95	71.03	71.13	70.87	70.99	71.41	71.34	70.37	70.13	71.16	71.30	70.93	70.96	71.35	71.23	70.24	65.95	66.85	66.96	66.57	66.55	66.91	66.80	65.92	65.61	66.43	66.51	66.10	65.98	66.25	66.15	65.42
68.72	70.78	70.90	70.65	70.77	71.17	71.09	70.12	70.15	71.18	71.06	70.71	70.99	71.37	71.25	70.26	65.95	66.84	66.95	66.58	66.56	66.90	66.79	65.92	65.59	66.41	66.50	66.10	65.99	66.24	66.14	65.41
68.94	71.01	71.14	70.90	71.02	71.41	71.31	70.34	70.16	71.19	71.30	70.96	71.02	71.39	71.26	70.27	65.94	66.83	66.95	66.59	66.56	66.90	66.78	65.91	65.58	66.39	66.48	66.10	65.99	66.24	66.13	65.40
68.95	71.03	71.17	70.94	71.05	71.43	71.33	70.36	69.91	70.93	71.06	70.73	70.78	71.13	71.01	70.03	65.93	66.82	66.94	66.59	66.57	66.89	66.77	65.90	65.57	66.37	66.47	66.10	65.99	66.23	66.12	65.40
68.96	71.04	71.19	70.97	71.08	71.44	71.33	70.36	70.12	71.15	71.29	70.97	71.01	71.36	71.23	70.24	65.93	66.82	66.94	66.60	66.58	66.88	66.76	65.90	65.55	66.35	66.45	66.10	65.99	66.22	66.11	65.39
68.73	70.79	70.94	70.73	70.84	71.19	71.07	70.11	70.14	71.17	71.32	71.01	71.05	71.38	71.25	70.26	65.92	66.81	66.93	66.60	66.58	66.88	66.75	65.89	65.54	66.34	66.44	66.09	65.99	66.22	66.10	65.38
68.99	71.02	71.18	70.97	71.08	71.41	68.93	67.96	68.45	69.49	71.34	71.05	71.08	71.40	69.56	68.55	65.90	66.79	66.93	66.61	66.59	66.87	66.73	65.87	65.53	66.32	66.43	66.09	65.99	66.21	66.09	65.37
68.76	70.77	70.94	70.75	70.84	71.16	68.62	67.65	68.00	69.02	71.08	70.81	70.84	71.14	69.09	68.09	65.89	66.77	66.92	66.62	66.59	66.87	66.71	65.86	65.52	66.30	66.41	66.09	66.00	66.20	66.08	65.37
68.97	70.99	71.18	70.99	71.09	71.39	68.45	67.48	68.09	69.13	71.30	71.05	71.08	71.37	69.17	68.17	65.87	66.75	66.92	66.62	66.60	66.86	66.69	65.84	65.51	66.29	66.40	66.09	66.00	66.20	66.07	65.36
68.74	70.74	70.95	70.77	71.12	71.40	68.09	67.13	68.04	69.07	71.32	71.08	71.11	71.38	69.10	68.10	65.85	66.73	66.91	66.63	66.60	66.86	66.67	65.82	65.49	66.27	66.39	66.09	66.00	66.19	66.06	65.35
68.97	70.97	71.19	71.01	71.15	71.40	68.21	67.24	67.34	68.36	68.96	68.74	68.76	69.02	68.37	67.38	65.83	66.71	66.89	66.62	66.60	66.84	66.65	65.80	65.48	66.26	66.38	66.09	66.00	66.18	66.05	65.34
68.74	70.72	70.95	70.78	70.89	71.13	67.92	66.95	67.22	68.24	68.66	68.44	68.47	68.72	68.24	67.26	65.81	66.69	66.88	66.61	66.59	66.82	66.63	65.78	65.47	66.24	66.36	66.08	66.00	66.18	66.04	65.33
68.95	68.99	71.17	71.01	69.42	69.65	68.07	67.11	67.15	68.16	68.51	68.30	68.32	68.56	68.15	67.18	65.79	66.67	66.85	66.60	66.58	66.80	66.61	65.76	65.46	66.22	66.35	66.08	66.00	66.17	66.03	65.32
68.72	68.51	70.91	70.76	68.97	69.18	68.03	67.08	67.11	68.09	68.41	68.21	68.21	68.44	68.09	67.12	65.78	66.65	66.83	66.59	66.57	66.78	66.59	65.74	65.44	66.21	66.34	66.08	66.00	66.16	66.02	65.32
68.91	68.17	69.45	69.31	68.38	68.58	68.00	67.05	67.07	68.04	68.33	68.14	68.14	68.36	68.04	67.08	65.76	66.63	66.81	66.58	66.55	66.76	66.57	65.73	65.43	66.19	66.33	66.08	66.00	66.16	66.01	65.31
69.68	68.04	68.55	68.41	68.22	68.42	67.96	67.02	67.05	67.99	68.27	68.08	68.08	68.29	68.00	67.04	65.75	66.61	66.80	66.57	66.55	66.74	66.55	65.71	65.42	66.18	66.32	66.07	66.00	66.15	66.00	65.30
69.00	67.95	68.34	68.21	68.12	68.31	67.93	67.00	67.02	67.95	68.22	68.04	68.04	68.24	67.96	67.02	65.73	66.59	66.78	66.56	66.54	66.73	66.53	65.70	65.41	66.16	66.30	66.07	66.00	66.14	65.99	65.29
68.70	67.65	67.97	67.84	67.80	67.99	67.66	66.74	67.00	67.91	68.17	68.00	68.00	68.20	67.93	66.99	65.72	66.58	66.77	66.56	66.53	66.71	66.52	65.69	65.40	66.15	66.29	66.07	66.00	66.13	65.98	65.28
68.93	67.81	68.09	67.97	67.96	68.14	67.84	66.93	66.99	67.88	68.14	67.97	67.97	68.16	67.91	66.97	65.71	66.56	66.75	66.55	66.53	66.70	66.50	65.67	65.39	66.13	66.28	66.06	66.00	66.13	65.97	65.27
69.70	67.78	68.03	67.92	67.93	68.11	67.83	66.92	66.97	67.86	68.11	67.94	67.95	68.14	67.88	66.95	65.70	66.55	66.74	66.54	66.52	66.69	66.49	65.66	65.38	66.12	66.27	66.06	66.00	66.12	65.96	65.27
69.01	67.75	67.99	67.88	67.91	68.08	67.81	66.90	66.96	67.83	68.08	67.92	67.93	68.11	67.86	66.93	65.68	66.53	66.73	66.54	66.52	66.68	66.48	65.65	65.36	66.11	66.26	66.06	66.00	66.11	65.95	65.26
68.71	67.50	67.72	67.62	67.65	67.82	67.55	66.66	66.94	67.81	68.06	67.91	67.92	68.09	67.84	66.91	65.67	66.52	66.72	66.54	66.52	66.67	66.46	65.64	65.35	66.09	66.25	66.06	65.99	66.11	65.94	65.25
68.82	67.67	67.89	67.79	67.83	67.99	67.73	66.84	66.93	67.79	68.04	67.90	67.91	68.07	67.82	66.90	65.66	66.50	66.70	66.53	66.51	66.66	66.45	65.63	65.34	66.08	66.24	66.05	65.99	66.10	65.93	65.24
68.57	67.44	67.65	67.56	67.60	67.75	67.50	66.61	66.91	67.77	68.02	67.88	67.89	68.05	67.80	66.88	65.65	66.49	66.69	66.53	66.51	66.65	66.44	65.62	65.33	66.07	66.23	66.05	65.99	66.09	65.92	65.23
68.82	67.62	67.84	67.75	67.79	67.94	67.68	66.80	66.90	67.75	68.00	67.87	67.88	68.03	67.78	66.86	65.64	66.47	66.68	66.53	66.51	66.64	66.43	65.61	65.32	66.05	66.22	66.05	65.99	66.09	65.91	65.23
68.60	67.39	67.61	67.53	67.56	67.71	67.45	66.57	66.89	67.73	67.98	67.86	67.87	68.02	67.76	66.85	65.63	66.46	66.67	66.52	66.51	66.63	66.41	65.60	65.31	66.04	66.21	66.05	65.99	66.08	65.90	65.22
68.78	67.59	67.80	67.72	67.76	67.90	67.64	66.76	66.88	67.72	67.97	67.85	67.87	68.00	67.74	66.83	65.62	66.45	66.66	66.52	66.50	66.62	66.40	65.58	65.30	66.03	66.20	66.04	65.99	66.08	65.89	65.21
69.59	67.59	67.80	67.73	67.77	67.90	67.64	66.77	66.87	67.70	67.95	67.85	67.86	67.99	67.73	66.82	65.61	66.44	66.65	66.52	66.50	66.61	66.39	65.57	65.29	66.01	66.19	66.04	65.99	66.07	65.88	65.20
68.89	67.58	67.80	67.73	67.77	67.89	67.63	66.76	66.86	67.69	67.94	67.84	67.85	67.97	67.71	66.80	65.60	66.42	66.64	66.52	66.50	66.60	66.38	65.56	65.28	66.00	66.18	66.04	65.99	66.06	65.87	65.19
68.60	67.34	67.55	67.49	67.53	67.64	67.38	66.52	66.85	67.67	67.93	67.83	67.84	67.96	67.69	66.79	65.59	66.41	66.63	66.51	66.49	66.59	66.36	65.55	65.27	65.99	66.17	66.04	65.99	66.06	65.86	65.19
68.76	67.53	67.75	67.69	67.73	67.84	67.57	66.71	66.83	67.66	67.91	67.82	67.84	67.94	67.68	66.77	65.58	66.40	66.62	66.51	66.49	66.58	66.35	65.54	65.26	65.98	66.16	66.03	65.98	66.05	65.85	65.18
68.52	67.30	67.52	67.47	67.50	67.60	67.34	66.48	66.82	67.64	67.90	67.82	67.83	67.93	67.66	66.76	65.57	66.38	66.61	66.51	66.49	66.58	66.34	65.53	65.25	65.97	66.15	66.03	65.98	66.04	65.85	65.17
68.73	67.50	67.72	67.67	67.70	67.80	67.54	66.67	66.81	67.63	67.89	67.81	67.82	67.91	67.64	66.74	65.56	66.37	66.60	66.50	66.49	66.57	66.33	65.52	65.24	65.95	66.15	66.03	65.98	66.04	65.84	65.16
68.49	67.27	67.48	67.44	67.47	67.56	67.30	66.44	66.80	67.61	67.87	67.80	67.81	67.90	67.63	66.73	65.55	66.36	66.60	66.50	66.48	66.56	66.32	65.51	65.23	65.94	66.14	66.02	65.98	66.03	65.83	65.15
68.68	67.46	67.68	67.64	67.68	67.76	67.49	66.64	66.79	67.60	67.86	67.79	67.80	67.89	67.61	66.71	65.54	66.35	66.59	66.49	66.48	66.55	66.30	65.50	65.22	65.93	66.13	66.02	65.98	66.03	65.82	65.15
68.45	67.23	67.45	67.42	67.45	67.53	67.26	66.41	66.77	67.58	67.85	67.79	67.80	67.87	67.59	66.70	65.53	66.33	66.58	66.49	66.48	66.54	66.29	65.49	65.21	65.92	66.12	66.02	65.98	66.02	65.81	65.14
68.69	67.43	67.65	67.62	67.66	67.73	67.46	66.60	66.76	67.57	67.84	67.78	67.79	67.86	67.58	66.69	65.52	66.32	66.57	66.49	66.47	66.53	66.28	65.48	65.20	65.91	66.11	66.01	65.97	66.01	65.80	65.13
68.46	67.21	67.43	67.40	67.43	67.50	67.23	66.38	66.75	67.55	67.82	67.77	67.78	67.84	67.56	66.67	65.51	66.31	66.56	66.48	66.47	66.52	66.27	65.47	65.19	65.90	66.10	66.01	65.97	66.01	65.79	65.12
68.65	67.40	67.63	67.60	67.63	67.70	67.42	66.57	66.74	67.54	67.81	67.77	67.77	67.83	67.55	66.66	65.50	66.30	66.55	66.48	66.46	66.51	66.26	65.46	65.18	65.88	66.09	66.01	65.97	66.00	65.78	65.11
68.42	67.18	67.40	67.38	67.41	67.47	67.19	66.35	66.73	67.52	67.80	67.76	67.76	67.82	67.53	66.64	65.49	66.28	66.54	66.47	66.46	66.51	66.25	65.45	65.17	65.87	66.08	66.00	65.97	65.99	65.77	65.11
68.62	67.38	67.60	67.59	67.62	67.67	67.39	66.55	66.72	67.51	67.79	67.75	67.76	67.81	67.51	66.63	65.48	66.27	66.53	66.47	66.46	66.50	66.23	65.44	65.16	65.86	66.08	66.00	65.96	65.99	65.77	65.10
69.47	67.39	67.61	67.60	67.63	67.67	67.39	66.55	66.72	67.50	67.78	67.74	67.75	67.79	67.50	66.62	65.47	66.26	66.52	66.46	66.45	66.49	66.22	65.43	65.16	65.85	66.07	66.00	65.96	65.98	65.76	65.09
68.76	67.38	67.61	67.60	67.63	67.67	67.39	66.55	66.71	67.48	67.77	67.74	67.74	67.78	67.49	66.61	65.46	66.25	66.51	66.46	66.45	66.48	66.21	65.42	65.15	65.84	66.06	65.99	65.96	65.97	65.75	65.08
68.47	67.15	67.37	67.36	67.39	67.43	67.15	66.31	66.70	67.47	67.75	67.73	67.74	67.77	67.47	66.59	65.45	66.24	66.50	66.46	66.44	66.47	66.20	65.41	65.14	65.83	66.05	65.99	65.96	65.97	65.74	65.07
68.69	67.34	67.56	67.56	67.59	67.62	67.34	66.50	66.69	67.46	67.74	67.72	67.73	67.76	67.46	66.58	65.44	66.22	66.49	66.45	66.44	66.46	66.19	65.40	65.13	65.82	66.04	65.99	65.95	65.96	65.73	65.07
69.47	67.35	67.57	67.57	67.60	67.63	67.34	66.50	66.68	67.45	67.73	67.72	67.72	67.75	67.44	66.57	65.43	66.21	66.48	66.45	66.43	66.45	66.18	65.39	65.12	65.81	66.03	65.98	65.95	65.96	65.72	65.06
68.74	67.34	67.57	67.57	67.59	67.62	67.33	66.50	66.67	67.43	67.72	67.71	67.71	67.73	67.43	66.56	65.42	66.20	66.47	66.44	66.43	66.44	66.16	65.38	65.11	65.80	66.03	65.98	65.95	65.95	65.71	65.05
68.44	67.10	67.33	67.33	67.36	67.38	67.09	66.26	66.66	67.42	67.71	67.70	67.71	67.72	67.41	66.54	65.41	66.19	66.46	66.44	66.42	66.43	66.15	65.37	65.10	65.79	66.02	65.97	65.94	65.94	65.70	65.04
68.64	67.29	67.52	67.53	67.55	67.57	67.28	66.45	66.65	67.41	67.70	67.69	67.70	67.71	67.40	66.53	65.40	66.18	66.45	66.43	66.42	66.43	66.14	65.36	65.09	65.78	66.01	65.97	65.94	65.94	65.69	65.03
69.44	67.30	67.53	67.54	67.56	67.57	67.28	66.45	66.64	67.40	67.69	67.69	67.69	67.70	67.38	66.52	65.39	66.17	66.44	66.43	66.41	66.42	66.13	65.35	65.08	65.77	66.00	65.97	65.94	65.93	65.69	65.03
68.72	67.29	67.52	67.54	67.56	67.57	67.27	66.45	66.63	67.38	67.68	67.68	67.68	67.69	67.37	66.51	65.38	66.15	66.43	66.42	66.41	66.41	66.12	65.34	65.07	65.75	65.99	65.96	65.93	65.92	65.68	65.02
68.42	67.06	67.28	67.30	67.32	67.33	67.03	66.22	66.62	67.37	67.66	67.67	67.67	67.67	67.36	66.49	65.37	66.14	66.42	66.41	66.40	66.40	66.11	65.33	65.06	65.74	65.98	65.96	65.93	65.92	65.67	65.01
68.58	67.25	67.48	67.50	67.52	67.52	67.22	66.41	66.61	67.36	67.65	67.66	67.67	67.66	67.34	66.48	65.36	66.13	66.41	66.41	66.40	66.39	66.10	65.32	65.06	65.73	65.98	65.95	65.93	65.91	65.66	65.00
68.34	67.02	67.25	67.28	67.30	67.29	66.99	66.18	66.60	67.34	67.64	67.66	67.66	67.65	67.33	66.47	65.35	66.12	66.41	66.40	66.39	66.38	66.09	65.31	65.05	65.72	65.97	65.95	65.92	65.90	65.65	64.99
68.54	67.22	67.45	67.47	67.49	67.49	67.18	66.37	66.59	67.33	67.63	67.65	67.65	67.64	67.32	66.46	65.34	66.11	66.40	66.40	66.39	66.37	66.07	65.30	65.04	65.71	65.96	65.94	65.92	65.90	65.64	64.99
69.37	67.22	67.45	67.48	67.50	67.49	67.19	66.38	66.58	67.32	67.62	67.64	67.64	67.63	67.30	66.45	65.33	66.10	66.39	66.39	66.38	66.36	66.06	65.29	65.03	65.70	65.95	65.94	65.91	65.89	65.63	64.98
69.13	67.22	67.45	67.48	67.50	67.49	67.18	66.37	66.58	67.31	67.61	67.63	67.64	67.61	67.29	66.44	65.32	66.09	66.38	66.39	66.38	66.35	66.05	65.28	65.02	65.69	65.94	65.94	65.91	65.88	65.63	64.97
68.90	66.99	67.21	67.25	67.27	67.25	66.94	66.14	66.57	67.30	67.60	67.62	67.63	67.60	67.27	66.42	65.31	66.08	66.37	66.38	66.37	66.35	66.04	65.27	65.01	65.68	65.94	65.93	65.91	65.88	65.62	64.96
69.45	67.18	67.41	67.44	67.46	67.44	67.13	66.33	66.57	67.29	67.59	67.62	67.62	67.59	67.26	66.41	65.30	66.06	66.36	66.37	66.37	66.34	66.03	65.26	65.00	65.67	65.93	65.93	65.90	65.87	65.61	64.95
69.52	67.19	67.42	67.45	67.47	67.45	67.14	66.33	66.56	67.27	67.58	67.61	67.61	67.58	67.25	66.40	65.30	66.05	66.35	66.37	66.36	66.33	66.02	65.25	65.00	65.66	65.92	65.92	65.90	65.86	65.60	64.95
69.54	67.19	67.41	67.45	67.47	67.44	67.13	66.33	66.56	67.26	67.57	67.60	67.60	67.57	67.24	66.39	65.29	66.04	66.34	66.36	66.35	66.32	66.01	65.24	64.99	65.65	65.91	65.92	65.89	65.86	65.59	64.94
69.31	66.95	67.18	67.22	67.23	67.20	66.89	66.10	66.55	67.25	67.56	67.59	67.60	67.56	67.22	66.38	65.28	66.03	66.33	66.36	66.35	66.31	66.00	65.23	64.98	65.65	65.90	65.91	65.89	65.85	65.58	64.93
69.53	67.15	67.37	67.41	67.43	67.39	67.08	66.28	66.54	67.24	67.55	67.59	67.59	67.55	67.21	66.37	65.27	66.02	66.32	66.35	66.34	66.30	65.99	65.22	64.97	65.64	65.90	65.91	65.89	65.84	65.57	64.92
69.55	67.15	67.37	67.42	67.43	67.40	67.08	66.29	66.54	67.23	67.54	67.58	67.58	67.54	67.20	66.36	65.26	66.01	66.31	66.34	66.34	66.29	65.98	65.21	64.96	65.63	65.89	65.90	65.88	65.84	65.57	64.91
69.56	67.15	67.37	67.42	67.43	67.40	67.08	66.28	66.53	67.22	67.53	67.57	67.57	67.53	67.19	66.35	65.25	66.00	66.30	66.34	66.33	66.28	65.97	65.20	64.95	65.62	65.88	65.90	65.88	65.83	65.56	64.91
69.32	66.91	67.13	67.18	67.20	67.15	66.84	66.05	66.52	67.21	67.52	67.56	67.56	67.51	67.17	66.33	65.24	65.99	66.30	66.33	66.32	66.27	65.96	65.19	64.95	65.61	65.87	65.89	65.87	65.82	65.55	64.90
69.53	67.11	67.33	67.38	67.39	67.35	67.03	66.24	66.52	67.20	67.51	67.56	67.56	67.50	67.16	66.32	65.23	65.98	66.29	66.33	66.32	66.27	65.95	65.18	64.94	65.60	65.86	65.89	65.87	65.81	65.54	64.89
69.55	67.12	67.34	67.39	67.40	67.36	67.03	66.25	66.51	67.19	67.50	67.55	67.55	67.49	67.15	66.31	65.23	65.97	66.28	66.32	66.31	66.26	65.94	65.17	64.93	65.59	65.86	65.88	65.86	65.81	65.53	64.88
69.55	67.11	67.33	67.39	67.40	67.35	67.03	66.24	66.50	67.18	67.49	67.54	67.54	67.48	67.14	66.30	65.22	65.96	66.27	66.31	66.31	66.25	65.92	65.16	64.92	65.58	65.85	65.88	65.86	65.80	65.52	64.88
69.30	66.88	67.10	67.15	67.16	67.11	66.79	66.01	66.49	67.16	67.48	67.53	67.53	67.47	67.12	66.29	65.21	65.95	66.26	66.31	66.30	66.24	65.91	65.15	64.91	65.57	65.84	65.87	65.85	65.79	65.51	64.87
69.51	67.07	67.29	67.35	67.36	67.31	66.98	66.20	66.49	67.15	67.47	67.52	67.53	67.46	67.11	66.28	65.20	65.94	66.25	66.30	66.29	66.23	65.90	65.15	64.91	65.56	65.83	65.87	65.85	65.79	65.51	64.86
69.53	67.08	67.30	67.36	67.37	67.31	66.99	66.21	66.48	67.14	67.46	67.52	67.52	67.45	67.10	66.27	65.19	65.93	66.24	66.29	66.29	66.22	65.89	65.14	64.90	65.55	65.82	65.86	65.84	65.78	65.50	64.85
69.53	67.08	67.29	67.35	67.37	67.31	66.98	66.20	66.47	67.13	67.45	67.51	67.51	67.44	67.09	66.26	65.18	65.92	66.23	66.29	66.28	66.21	65.88	65.13	64.89	65.54	65.82	65.86	65.84	65.77	65.49	64.85
69.29	66.84	67.06	67.12	67.13	67.07	66.74	65.97	66.46	67.12	67.44	67.50	67.50	67.43	67.07	66.25	65.18	65.91	66.22	66.28	66.27	66.20	65.87	65.12	64.88	65.53	65.81	65.85	65.83	65.77	65.48	64.84
69.50	67.03	67.25	67.32	67.33	67.26	66.93	66.16	66.46	67.11	67.43	67.49	67.49	67.42	67.06	66.24	65.17	65.90	66.22	66.27	66.27	66.20	65.86	65.11	64.87	65.52	65.80	65.84	65.83	65.76	65.47	64.83
69.51	67.04	67.26	67.32	67.33	67.27	66.94	66.16	66.45	67.10	67.42	67.49	67.49	67.41	67.05	66.23	65.16	65.89	66.21	66.27	66.26	66.19	65.85	65.10	64.87	65.52	65.79	65.84	65.82	65.75	65.46	64.82
