pcb_C_0	322.9287
pcb_C_1	322.9413
pcb_C_2	322.8899
pcb_C_3	322.8474
pcb_C_4	322.7957
pcb_C_5	322.7134
pcb_C_6	322.5669
pcb_C_7	322.2626
pcb_C_8	322.6868
pcb_C_9	322.7424
pcb_C_10	322.7111
pcb_C_11	322.6684
pcb_C_12	322.6072
pcb_C_13	322.5112
pcb_C_14	322.3581
pcb_C_15	322.1004
pcb_C_16	322.3871
pcb_C_17	322.3461
pcb_C_18	322.3100
pcb_C_19	322.2731
pcb_C_20	322.2198
pcb_C_21	322.1406
pcb_C_22	322.0353
pcb_C_23	321.9149
pcb_C_24	322.1698
pcb_C_25	322.0369
pcb_C_26	321.9899
pcb_C_27	321.9611
pcb_C_28	321.9247
pcb_C_29	321.8745
pcb_C_30	321.8212
pcb_C_31	321.8015
solder_C_0	323.4576
solder_C_1	323.1005
solder_C_2	322.9999
solder_C_3	322.9526
solder_C_4	322.8991
solder_C_5	322.8133
solder_C_6	322.6650
solder_C_7	322.3874
solder_C_8	322.9012
solder_C_9	322.8518
solder_C_10	322.8078
solder_C_11	322.7661
solder_C_12	322.7046
solder_C_13	322.6054
solder_C_14	322.4496
solder_C_15	322.2173
solder_C_16	322.4062
solder_C_17	322.3096
solder_C_18	322.2779
solder_C_19	322.2458
solder_C_20	322.1927
solder_C_21	322.1096
solder_C_22	321.9997
solder_C_23	321.9152
solder_C_24	322.1492
solder_C_25	321.9670
solder_C_26	321.9264
solder_C_27	321.9021
solder_C_28	321.8653
solder_C_29	321.8106
solder_C_30	321.7518
solder_C_31	321.7690
sub_C_0	323.7348
sub_C_1	323.1339
sub_C_2	323.0322
sub_C_3	322.9858
sub_C_4	322.9318
sub_C_5	322.8446
sub_C_6	322.6936
sub_C_7	322.4153
sub_C_8	322.9347
sub_C_9	322.8878
sub_C_10	322.8486
sub_C_11	322.8088
sub_C_12	322.7474
sub_C_13	322.6470
sub_C_14	322.4883
sub_C_15	322.2504
sub_C_16	322.3546
sub_C_17	322.2796
sub_C_18	322.2547
sub_C_19	322.2248
sub_C_20	322.1718
sub_C_21	322.0872
sub_C_22	321.9728
sub_C_23	321.8743
sub_C_24	322.0893
sub_C_25	321.9328
sub_C_26	321.8989
sub_C_27	321.8764
sub_C_28	321.8394
sub_C_29	321.7828
sub_C_30	321.7186
sub_C_31	321.7188
layer_3_C_0	326.4499
layer_3_C_1	323.4233
layer_3_C_2	323.3391
layer_3_C_3	323.3026
layer_3_C_4	323.2458
layer_3_C_5	323.1460
layer_3_C_6	322.9729
layer_3_C_7	322.6622
layer_3_C_8	323.2033
layer_3_C_9	323.2485
layer_3_C_10	323.2598
layer_3_C_11	323.2373
layer_3_C_12	323.1771
layer_3_C_13	323.0661
layer_3_C_14	322.8791
layer_3_C_15	322.5667
layer_3_C_16	321.8458
layer_3_C_17	321.9733
layer_3_C_18	322.0156
layer_3_C_19	322.0067
layer_3_C_20	321.9553
layer_3_C_21	321.8565
layer_3_C_22	321.6976
layer_3_C_23	321.4619
layer_3_C_24	321.5235
layer_3_C_25	321.5933
layer_3_C_26	321.6262
layer_3_C_27	321.6222
layer_3_C_28	321.5839
layer_3_C_29	321.5095
layer_3_C_30	321.3945
layer_3_C_31	321.2390
layer_4_TB_0	326.1776
layer_4_TB_1	323.3605
layer_4_TB_2	323.2769
layer_4_TB_3	323.2405
layer_4_TB_4	323.1836
layer_4_TB_5	323.0838
layer_4_TB_6	322.9108
layer_4_TB_7	322.5999
layer_4_TB_8	323.1402
layer_4_TB_9	323.1868
layer_4_TB_10	323.1981
layer_4_TB_11	323.1757
layer_4_TB_12	323.1155
layer_4_TB_13	323.0045
layer_4_TB_14	322.8175
layer_4_TB_15	322.5049
layer_4_TB_16	321.8449
layer_4_TB_17	321.9726
layer_4_TB_18	322.0150
layer_4_TB_19	322.0061
layer_4_TB_20	321.9547
layer_4_TB_21	321.8559
layer_4_TB_22	321.6970
layer_4_TB_23	321.4611
layer_4_TB_24	321.5229
layer_4_TB_25	321.5929
layer_4_TB_26	321.6258
layer_4_TB_27	321.6219
layer_4_TB_28	321.5836
layer_4_TB_29	321.5092
layer_4_TB_30	321.3941
layer_4_TB_31	321.2384
hsp_TB_0	323.4544
hsp_TB_1	322.7323
hsp_TB_2	322.6550
hsp_TB_3	322.6188
hsp_TB_4	322.5620
hsp_TB_5	322.4623
hsp_TB_6	322.2893
hsp_TB_7	321.9775
hsp_TB_8	322.5093
hsp_TB_9	322.5696
hsp_TB_10	322.5817
hsp_TB_11	322.5595
hsp_TB_12	322.4993
hsp_TB_13	322.3883
hsp_TB_14	322.2013
hsp_TB_15	321.8871
hsp_TB_16	321.8355
hsp_TB_17	321.9659
hsp_TB_18	322.0090
hsp_TB_19	322.0004
hsp_TB_20	321.9489
hsp_TB_21	321.8500
hsp_TB_22	321.6907
hsp_TB_23	321.4527
hsp_TB_24	321.5164
hsp_TB_25	321.5888
hsp_TB_26	321.6224
hsp_TB_27	321.6186
hsp_TB_28	321.5803
hsp_TB_29	321.5058
hsp_TB_30	321.3903
hsp_TB_31	321.2329
hsink_TB_0	322.4797
hsink_TB_1	322.4230
hsink_TB_2	322.3869
hsink_TB_3	322.3533
hsink_TB_4	322.2967
hsink_TB_5	322.1972
hsink_TB_6	322.0251
hsink_TB_7	321.7242
hsink_TB_8	322.1966
hsink_TB_9	322.3155
hsink_TB_10	322.3350
hsink_TB_11	322.3135
hsink_TB_12	322.2534
hsink_TB_13	322.1425
hsink_TB_14	321.9562
hsink_TB_15	321.6515
hsink_TB_16	321.8028
hsink_TB_17	321.9344
hsink_TB_18	321.9780
hsink_TB_19	321.9695
hsink_TB_20	321.9182
hsink_TB_21	321.8193
hsink_TB_22	321.6600
hsink_TB_23	321.4231
hsink_TB_24	321.5103
hsink_TB_25	321.5836
hsink_TB_26	321.6175
hsink_TB_27	321.6138
hsink_TB_28	321.5756
hsink_TB_29	321.5010
hsink_TB_30	321.3854
hsink_TB_31	321.2274
inode_0	321.4111
inode_1	320.9771
inode_2	320.8377
inode_3	321.5139
inode_4	321.4025
inode_5	320.9710
inode_6	320.8345
inode_7	321.5081
inode_8	321.1096
inode_9	320.7170
inode_10	320.5256
inode_11	321.1218
inode_12	322.6863
inode_13	322.0411
inode_14	321.7716
inode_15	322.7759
inode_16	322.6835
inode_17	322.0404
inode_18	321.7715
inode_19	322.7755
inode_20	322.3288
inode_21	321.8050
inode_22	321.7467
inode_23	322.7246
inode_24	321.3531
inode_25	320.9516
inode_26	320.7249
inode_27	321.4250
