pcb_C_0	322.1100
pcb_C_1	322.4510
pcb_C_2	322.5383
pcb_C_3	322.6104
pcb_C_4	322.7136
pcb_C_5	322.8777
pcb_C_6	322.8542
pcb_C_7	322.3564
pcb_C_8	321.9606
pcb_C_9	322.2332
pcb_C_10	322.3563
pcb_C_11	322.4458
pcb_C_12	322.5356
pcb_C_13	322.6217
pcb_C_14	322.5586
pcb_C_15	322.2098
pcb_C_16	321.7769
pcb_C_17	321.8992
pcb_C_18	321.9943
pcb_C_19	322.0685
pcb_C_20	322.1243
pcb_C_21	322.1500
pcb_C_22	322.1049
pcb_C_23	321.9839
pcb_C_24	321.6558
pcb_C_25	321.6726
pcb_C_26	321.7212
pcb_C_27	321.7670
pcb_C_28	321.7976
pcb_C_29	321.8064
pcb_C_30	321.7952
pcb_C_31	321.8120
solder_C_0	322.2135
solder_C_1	322.6035
solder_C_2	322.6130
solder_C_3	322.6798
solder_C_4	322.8053
solder_C_5	323.1348
solder_C_6	323.2246
solder_C_7	322.4947
solder_C_8	322.0748
solder_C_9	322.3378
solder_C_10	322.4480
solder_C_11	322.5379
solder_C_12	322.6344
solder_C_13	322.7539
solder_C_14	322.7110
solder_C_15	322.3375
solder_C_16	321.7786
solder_C_17	321.8681
solder_C_18	321.9664
solder_C_19	322.0441
solder_C_20	322.1005
solder_C_21	322.1250
solder_C_22	322.0770
solder_C_23	321.9887
solder_C_24	321.6256
solder_C_25	321.6081
solder_C_26	321.6620
solder_C_27	321.7122
solder_C_28	321.7431
solder_C_29	321.7483
solder_C_30	321.7316
solder_C_31	321.7838
sub_C_0	322.2243
sub_C_1	322.6691
sub_C_2	322.6272
sub_C_3	322.6946
sub_C_4	322.8213
sub_C_5	323.2418
sub_C_6	323.4065
sub_C_7	322.5085
sub_C_8	322.1091
sub_C_9	322.3783
sub_C_10	322.4903
sub_C_11	322.5813
sub_C_12	322.6770
sub_C_13	322.7960
sub_C_14	322.7517
sub_C_15	322.3708
sub_C_16	321.7397
sub_C_17	321.8424
sub_C_18	321.9453
sub_C_19	322.0244
sub_C_20	322.0803
sub_C_21	322.1027
sub_C_22	322.0498
sub_C_23	321.9478
sub_C_24	321.5781
sub_C_25	321.5771
sub_C_26	321.6362
sub_C_27	321.6882
sub_C_28	321.7193
sub_C_29	321.7228
sub_C_30	321.7009
sub_C_31	321.7345
layer_3_C_0	322.2954
layer_3_C_1	323.3252
layer_3_C_2	322.7522
layer_3_C_3	322.8303
layer_3_C_4	322.9549
layer_3_C_5	324.2870
layer_3_C_6	325.2220
layer_3_C_7	322.5849
layer_3_C_8	322.4408
layer_3_C_9	322.7806
layer_3_C_10	322.9193
layer_3_C_11	323.0214
layer_3_C_12	323.1079
layer_3_C_13	323.2044
layer_3_C_14	323.1325
layer_3_C_15	322.6875
layer_3_C_16	321.3468
layer_3_C_17	321.5789
layer_3_C_18	321.7257
layer_3_C_19	321.8185
layer_3_C_20	321.8708
layer_3_C_21	321.8716
layer_3_C_22	321.7710
layer_3_C_23	321.5353
layer_3_C_24	321.1235
layer_3_C_25	321.2732
layer_3_C_26	321.3816
layer_3_C_27	321.4505
layer_3_C_28	321.4825
layer_3_C_29	321.4698
layer_3_C_30	321.3962
layer_3_C_31	321.2634
layer_4_TB_0	322.2497
layer_4_TB_1	323.2319
layer_4_TB_2	322.7067
layer_4_TB_3	322.7849
layer_4_TB_4	322.9092
layer_4_TB_5	324.1611
layer_4_TB_6	325.0280
layer_4_TB_7	322.5389
layer_4_TB_8	322.3792
layer_4_TB_9	322.7189
layer_4_TB_10	322.8578
layer_4_TB_11	322.9599
layer_4_TB_12	323.0464
layer_4_TB_13	323.1424
layer_4_TB_14	323.0701
layer_4_TB_15	322.6257
layer_4_TB_16	321.3460
layer_4_TB_17	321.5783
layer_4_TB_18	321.7251
layer_4_TB_19	321.8179
layer_4_TB_20	321.8702
layer_4_TB_21	321.8711
layer_4_TB_22	321.7703
layer_4_TB_23	321.5345
layer_4_TB_24	321.1230
layer_4_TB_25	321.2728
layer_4_TB_26	321.3813
layer_4_TB_27	321.4502
layer_4_TB_28	321.4822
layer_4_TB_29	321.4694
layer_4_TB_30	321.3959
layer_4_TB_31	321.2629
hsp_TB_0	321.7929
hsp_TB_1	322.2991
hsp_TB_2	322.2510
hsp_TB_3	322.3306
hsp_TB_4	322.4524
hsp_TB_5	322.9024
hsp_TB_6	323.0880
hsp_TB_7	322.0787
hsp_TB_8	321.7626
hsp_TB_9	322.1012
hsp_TB_10	322.2428
hsp_TB_11	322.3450
hsp_TB_12	322.4312
hsp_TB_13	322.5224
hsp_TB_14	322.4462
hsp_TB_15	322.0085
hsp_TB_16	321.3379
hsp_TB_17	321.5720
hsp_TB_18	321.7194
hsp_TB_19	321.8123
hsp_TB_20	321.8645
hsp_TB_21	321.8651
hsp_TB_22	321.7639
hsp_TB_23	321.5261
hsp_TB_24	321.1176
hsp_TB_25	321.2692
hsp_TB_26	321.3781
hsp_TB_27	321.4472
hsp_TB_28	321.4791
hsp_TB_29	321.4662
hsp_TB_30	321.3922
hsp_TB_31	321.2573
hsink_TB_0	321.5905
hsink_TB_1	321.9364
hsink_TB_2	322.0396
hsink_TB_3	322.1274
hsink_TB_4	322.2322
hsink_TB_5	322.3990
hsink_TB_6	322.3680
hsink_TB_7	321.8535
hsink_TB_8	321.5321
hsink_TB_9	321.8465
hsink_TB_10	322.0027
hsink_TB_11	322.1062
hsink_TB_12	322.1890
hsink_TB_13	322.2496
hsink_TB_14	322.1524
hsink_TB_15	321.7733
hsink_TB_16	321.3086
hsink_TB_17	321.5412
hsink_TB_18	321.6889
hsink_TB_19	321.7819
hsink_TB_20	321.8339
hsink_TB_21	321.8334
hsink_TB_22	321.7315
hsink_TB_23	321.4964
hsink_TB_24	321.1124
hsink_TB_25	321.2645
hsink_TB_26	321.3735
hsink_TB_27	321.4426
hsink_TB_28	321.4744
hsink_TB_29	321.4615
hsink_TB_30	321.3873
hsink_TB_31	321.2519
inode_0	320.8744
inode_1	321.0494
inode_2	320.7118
inode_3	321.3742
inode_4	320.8686
inode_5	321.0432
inode_6	320.7087
inode_7	321.3688
inode_8	320.6238
inode_9	320.7827
inode_10	320.4143
inode_11	320.9985
inode_12	321.8932
inode_13	322.1187
inode_14	321.5847
inode_15	322.5933
inode_16	321.8926
inode_17	322.1180
inode_18	321.5846
inode_19	322.5930
inode_20	321.6682
inode_21	321.8734
inode_22	321.5610
inode_23	322.5444
inode_24	320.8468
inode_25	321.0041
inode_26	320.5920
inode_27	321.2960
