C_0	C_1	C_2	C_3	C_4	C_5	C_6	C_7	C_8	C_9	C_10	C_11	C_12	C_13	C_14	C_15	C_16	C_17	C_18	C_19	C_20	C_21	C_22	C_23	C_24	C_25	C_26	C_27	C_28	C_29	C_30	C_31	
69.31	70.21	70.21	69.36	70.15	71.49	71.48	70.12	70.10	71.45	71.45	70.12	69.39	70.27	70.27	69.34	66.38	67.27	67.24	66.43	67.16	68.43	68.39	67.10	67.13	68.43	68.39	67.09	66.36	67.17	67.15	66.29
68.81	70.53	70.54	69.73	70.43	71.69	71.69	70.37	70.32	71.63	71.63	70.39	69.80	70.66	70.65	69.70	66.20	67.12	67.12	66.29	66.88	68.08	68.06	66.80	66.80	68.07	68.05	66.82	66.16	66.94	66.93	66.05
68.57	70.40	70.41	69.65	70.27	71.45	71.45	70.17	70.35	71.63	71.63	70.46	69.98	70.81	70.81	69.84	66.12	67.06	67.06	66.25	66.72	67.86	67.85	66.62	66.60	67.83	67.83	66.66	66.06	66.80	66.79	65.92
68.80	70.69	70.71	69.97	70.54	71.68	71.68	70.42	70.11	71.35	71.36	70.26	69.86	70.67	70.66	69.68	66.07	67.02	67.02	66.22	66.62	67.71	67.69	66.50	66.46	67.66	67.65	66.54	65.99	66.71	66.69	65.83
68.85	70.77	70.79	70.09	70.61	71.70	71.69	70.46	70.33	71.56	71.56	70.51	70.17	70.97	70.96	69.96	66.05	67.00	67.00	66.22	66.56	67.59	67.58	66.42	66.35	67.52	67.52	66.45	65.95	66.64	66.62	65.77
68.80	70.83	70.84	70.16	70.65	71.70	71.69	70.47	70.33	71.55	71.56	70.55	70.26	71.04	71.03	70.02	66.03	66.99	66.99	66.23	66.51	67.50	67.49	66.35	66.27	67.41	67.42	66.39	65.92	66.59	66.57	65.72
68.57	70.61	70.63	69.98	70.43	71.43	71.42	70.23	70.33	71.53	71.54	70.58	70.32	71.10	71.08	70.07	66.02	66.98	66.99	66.24	66.49	67.43	67.42	66.30	66.20	67.33	67.33	66.34	65.91	66.55	66.53	65.69
68.80	70.86	70.88	70.25	70.67	71.64	71.63	70.45	70.07	71.25	71.27	70.35	70.13	70.88	70.86	69.86	66.02	66.98	66.99	66.25	66.46	67.37	67.36	66.26	66.15	67.25	67.26	66.31	65.90	66.52	66.50	65.66
68.59	70.65	70.68	70.07	70.46	71.39	71.63	70.47	70.28	71.45	71.47	70.58	70.39	71.14	71.11	70.10	66.02	66.98	67.00	66.27	66.45	67.33	67.31	66.23	66.11	67.19	67.20	66.28	65.90	66.50	66.48	65.64
68.81	70.89	70.92	70.33	70.70	71.61	71.62	70.47	70.29	71.45	71.22	70.37	70.46	71.18	71.16	70.14	66.02	66.98	67.00	66.29	66.44	67.29	67.26	66.20	66.07	67.13	67.15	66.26	65.90	66.48	66.46	65.63
68.60	70.67	70.71	70.14	70.49	71.36	71.35	70.22	70.29	71.44	71.43	70.61	70.50	71.22	71.19	70.17	66.02	66.98	67.00	66.31	66.44	67.25	67.23	66.18	66.04	67.08	67.10	66.24	65.90	66.46	66.44	65.61
68.82	70.91	70.95	70.39	70.73	71.58	71.56	70.44	70.04	71.17	71.19	70.40	70.30	70.99	70.96	69.94	66.02	66.98	67.01	66.32	66.44	67.22	67.19	66.16	66.01	67.04	67.06	66.23	65.90	66.45	66.42	65.60
68.61	70.69	70.99	70.45	70.51	71.33	71.57	70.46	70.25	71.38	71.41	70.64	70.55	71.23	71.20	70.18	66.02	66.98	67.01	66.34	66.44	67.19	67.16	66.14	65.98	67.00	67.02	66.21	65.91	66.44	66.41	65.59
68.84	70.93	71.02	70.49	70.76	71.55	71.56	70.46	70.01	71.12	71.42	70.68	70.60	71.27	70.98	69.96	66.02	66.98	67.01	66.36	66.44	67.16	67.13	66.12	65.95	66.96	66.98	66.20	65.91	66.43	66.39	65.58
68.63	70.71	70.78	70.27	70.54	71.30	71.29	70.21	70.23	71.34	71.42	70.70	70.64	71.29	71.22	70.20	66.02	66.98	67.02	66.38	66.44	67.14	67.10	66.11	65.93	66.92	66.95	66.19	65.92	66.42	66.38	65.58
68.85	70.95	71.02	70.53	70.79	71.53	71.51	70.43	69.99	71.09	71.15	70.47	70.42	71.05	70.99	69.98	66.02	66.98	67.02	66.39	66.45	67.12	67.08	66.09	65.91	66.89	66.91	66.18	65.92	66.41	66.37	65.57
68.64	70.73	70.80	70.32	70.57	71.29	71.51	70.44	70.21	71.31	71.37	70.71	70.67	71.29	71.23	70.21	66.02	66.97	67.02	66.41	66.45	67.10	67.06	66.08	65.89	66.85	66.88	66.18	65.93	66.40	66.36	65.56
68.88	70.94	71.02	70.56	70.79	71.49	71.50	70.43	70.22	71.31	71.37	70.73	70.70	71.31	71.26	70.23	66.02	66.97	67.02	66.42	66.45	67.08	67.04	66.07	65.87	66.82	66.85	66.17	65.93	66.39	66.34	65.55
68.67	70.71	70.80	70.35	70.57	71.24	71.22	70.18	70.22	71.31	71.37	70.76	70.73	71.33	71.27	70.25	66.02	66.97	67.02	66.44	66.46	67.07	67.02	66.06	65.85	66.79	66.83	66.16	65.94	66.38	66.33	65.54
68.89	70.95	71.04	70.60	70.81	71.47	71.44	70.40	69.97	71.05	71.11	70.52	70.51	71.08	71.02	70.01	66.02	66.96	67.02	66.45	66.46	67.05	67.00	66.04	65.83	66.76	66.80	66.16	65.94	66.37	66.32	65.53
68.68	70.72	70.81	70.40	70.60	71.23	71.19	70.16	70.19	71.26	71.34	70.76	70.75	71.32	71.25	70.24	66.02	66.96	67.01	66.46	66.47	67.03	66.98	66.03	65.81	66.73	66.77	66.15	65.95	66.36	66.30	65.53
68.90	70.96	71.06	70.65	70.84	71.46	71.41	70.38	70.20	71.28	71.35	70.80	70.54	71.09	71.28	70.26	66.01	66.95	67.01	66.47	66.48	67.02	66.96	66.02	65.79	66.70	66.75	66.15	65.95	66.35	66.29	65.52
68.69	70.73	70.83	70.44	70.62	71.22	71.43	70.40	70.21	71.28	71.35	70.82	70.79	71.32	71.29	70.27	66.01	66.95	67.01	66.48	66.48	67.01	66.94	66.01	65.77	66.68	66.73	66.14	65.96	66.34	66.28	65.51
68.91	70.97	71.07	70.69	70.87	71.45	71.43	70.41	69.96	71.01	71.10	70.58	70.57	71.09	71.04	70.03	66.01	66.94	67.01	66.49	66.49	66.99	66.93	66.00	65.76	66.65	66.70	66.14	65.96	66.33	66.27	65.50
68.70	70.74	70.85	70.48	70.65	71.20	71.17	70.16	70.18	71.24	71.32	70.82	70.82	71.33	71.27	70.26	66.00	66.93	67.00	66.50	66.49	66.98	66.91	65.99	65.74	66.62	66.68	66.13	65.96	66.32	66.26	65.49
68.92	70.98	71.09	70.73	70.89	71.43	71.39	70.38	70.19	71.25	71.34	70.86	70.61	71.10	71.28	70.28	66.00	66.92	67.00	66.51	66.50	66.97	66.90	65.99	65.72	66.60	66.66	66.13	65.97	66.32	66.24	65.48
68.71	70.75	70.86	70.52	70.93	71.46	71.14	70.14	70.19	71.25	71.35	70.88	70.86	71.34	71.29	70.29	65.99	66.92	66.99	66.52	66.51	66.96	66.89	65.98	65.71	66.58	66.64	66.13	65.97	66.31	66.23	65.48
68.92	70.98	71.10	70.77	70.96	71.46	71.36	70.36	69.95	70.99	71.09	70.65	70.65	71.11	71.04	70.05	65.99	66.91	66.99	66.53	66.51	66.95	66.87	65.97	65.69	66.55	66.62	66.12	65.97	66.30	66.22	65.47
68.71	70.75	70.88	70.56	70.72	71.21	71.12	70.14	70.16	71.21	71.32	70.88	70.89	71.35	71.26	70.26	65.98	66.90	66.99	66.54	66.52	66.95	66.86	65.96	65.68	66.53	66.60	66.12	65.97	66.29	66.21	65.46
68.93	70.99	71.12	70.81	70.96	71.44	71.35	70.36	70.18	71.22	71.08	70.66	70.93	71.38	71.28	70.28	65.98	66.89	66.98	66.55	66.53	66.94	66.85	65.95	65.66	66.51	66.58	66.12	65.98	66.28	66.20	65.45
68.96	71.02	70.90	70.60	70.74	71.19	71.11	70.13	70.18	71.23	71.31	70.91	70.96	71.39	71.29	70.29	65.97	66.88	66.98	66.55	66.53	66.93	66.84	65.95	65.65	66.49	66.56	66.11	65.98	66.27	66.19	65.44
68.97	71.03	71.14	70.85	70.98	71.43	71.34	70.35	69.94	70.97	71.07	70.69	70.72	71.14	71.03	70.04	65.97	66.87	66.97	66.56	66.54	66.92	66.82	65.94	65.63	66.47	66.55	66.11	65.98	66.27	66.17	65.44
68.74	70.78	70.91	70.63	70.76	71.19	71.10	70.12	70.15	71.19	71.30	70.93	70.96	71.37	71.26	70.26	65.96	66.86	66.96	66.57	66.55	66.92	66.81	65.93	65.62	66.45	66.53	66.11	65.98	66.26	66.16	65.43
68.95	71.01	71.15	70.88	71.00	71.42	71.32	70.35	70.17	71.21	71.07	70.71	71.00	71.39	71.28	70.28	65.95	66.85	66.96	66.57	66.55	66.91	66.80	65.92	65.61	66.43	66.51	66.11	65.98	66.25	66.15	65.42
68.73	70.78	70.92	70.67	70.78	71.18	71.34	70.37	70.17	71.21	71.30	70.96	71.02	71.40	71.28	70.29	65.95	66.85	66.95	66.58	66.56	66.90	66.79	65.92	65.59	66.41	66.50	66.10	65.99	66.24	66.14	65.41
68.95	71.01	71.16	70.91	71.03	71.42	71.35	70.38	69.93	70.95	71.07	70.74	70.78	71.15	71.03	70.04	65.94	66.84	66.95	66.59	66.56	66.90	66.78	65.91	65.58	66.39	66.48	66.10	65.99	66.24	66.13	65.40
68.73	70.78	70.93	70.70	70.80	71.18	71.09	70.13	70.14	71.17	71.31	70.98	71.02	71.38	71.25	70.26	65.93	66.83	66.94	66.59	66.57	66.89	66.77	65.90	65.57	66.37	66.47	66.10	65.99	66.23	66.12	65.40
68.95	71.01	71.18	70.95	71.05	71.42	71.31	70.35	69.91	70.93	71.33	71.02	71.05	71.40	71.01	70.03	65.93	66.82	66.94	66.60	66.58	66.89	66.76	65.90	65.55	66.36	66.45	66.10	65.99	66.22	66.11	65.39
68.97	71.03	70.95	70.73	70.83	71.18	71.33	70.37	70.13	71.16	71.34	71.04	71.07	71.41	71.24	70.25	65.92	66.81	66.94	66.61	66.58	66.88	66.75	65.89	65.54	66.34	66.44	66.09	65.99	66.22	66.10	65.38
68.98	71.05	71.19	70.97	71.07	71.41	71.33	70.37	69.90	70.92	71.09	70.80	70.83	71.16	71.00	70.02	65.91	66.80	66.93	66.61	66.59	66.88	66.74	65.88	65.53	66.32	66.43	66.09	65.99	66.21	66.09	65.37
68.74	70.80	70.96	70.76	70.85	71.18	71.07	70.12	70.12	71.15	71.32	71.04	71.07	71.38	71.23	70.25	65.91	66.79	66.92	66.62	66.59	66.87	66.73	65.88	65.52	66.30	66.41	66.09	66.00	66.20	66.08	65.37
68.96	71.03	71.21	71.01	71.10	71.42	71.30	70.34	70.14	71.17	71.34	71.07	71.10	71.40	70.99	70.01	65.90	66.78	66.92	66.62	66.60	66.87	66.72	65.87	65.51	66.29	66.40	66.09	66.00	66.20	66.07	65.36
68.74	70.79	70.97	70.79	70.87	71.18	71.05	70.11	70.15	71.17	71.35	71.09	71.12	71.41	71.22	70.24	65.89	66.77	66.92	66.63	66.61	66.86	66.72	65.86	65.49	66.27	66.39	66.09	66.00	66.19	66.06	65.35
68.95	71.02	71.21	71.03	71.12	71.41	71.28	70.33	69.90	70.92	71.10	70.85	70.88	71.16	70.98	70.01	65.89	66.76	66.91	66.63	66.61	66.86	66.71	65.86	65.48	66.26	66.38	66.09	66.00	66.18	66.05	65.34
68.73	70.78	70.98	70.81	70.89	71.17	71.30	70.35	70.12	71.15	71.33	71.09	71.12	71.39	71.22	70.24	65.88	66.75	66.91	66.64	66.62	66.85	66.70	65.85	65.47	66.24	66.37	66.08	66.00	66.18	66.04	65.34
68.94	71.02	71.21	71.04	71.13	71.40	68.92	67.97	67.77	68.79	68.98	68.75	68.78	69.04	68.86	67.88	65.86	66.73	66.89	66.63	66.61	66.84	66.68	65.83	65.46	66.23	66.35	66.08	66.00	66.17	66.03	65.33
68.70	70.77	71.23	71.06	70.89	71.14	68.60	67.64	67.47	68.49	68.68	68.46	68.49	68.74	68.54	67.57	65.84	66.71	66.87	66.62	66.60	66.82	66.66	65.81	65.45	66.21	66.34	66.08	66.00	66.17	66.02	65.32
68.96	69.02	69.55	69.41	71.11	71.35	68.42	67.46	67.32	68.32	68.52	68.31	68.35	68.59	68.37	67.41	65.82	66.69	66.85	66.61	66.59	66.80	66.63	65.79	65.44	66.20	66.33	66.08	66.00	66.16	66.01	65.31
68.72	68.53	69.07	68.94	70.86	71.08	68.05	67.10	67.22	68.21	68.41	68.21	68.25	68.48	68.25	67.29	65.80	66.66	66.83	66.60	66.58	66.78	66.61	65.77	65.43	66.18	66.32	66.08	66.00	66.15	66.00	65.31
68.91	68.19	68.46	68.34	69.45	69.66	68.16	67.21	67.15	68.12	68.32	68.13	68.18	68.40	68.16	67.21	65.77	66.64	66.81	66.59	66.57	66.76	66.59	65.75	65.42	66.17	66.31	66.07	66.00	66.15	65.99	65.30
69.71	68.05	68.29	68.18	68.51	68.72	68.10	67.16	67.11	68.05	68.26	68.08	68.13	68.34	68.09	67.14	65.76	66.62	66.79	66.58	66.56	66.74	66.56	65.73	65.40	66.15	66.30	66.07	66.00	66.14	65.98	65.29
69.06	67.96	68.18	68.07	68.31	68.51	68.04	67.11	67.07	67.99	68.21	68.03	68.08	68.28	68.04	67.10	65.74	66.60	66.77	66.57	66.55	66.73	66.55	65.71	65.39	66.14	66.29	66.07	66.00	66.13	65.97	65.28
68.76	67.66	67.86	67.76	67.94	68.13	67.76	66.83	67.04	67.95	68.16	68.00	68.04	68.24	68.00	67.06	65.72	66.58	66.76	66.56	66.54	66.71	66.53	65.70	65.38	66.13	66.28	66.07	66.00	66.13	65.96	65.27
68.93	67.81	68.02	67.92	68.06	68.25	67.92	67.00	67.02	67.91	68.13	67.97	68.01	68.20	67.96	67.03	65.71	66.56	66.75	66.56	66.54	66.70	66.51	65.68	65.37	66.11	66.26	66.06	66.00	66.12	65.95	65.26
68.69	67.55	67.75	67.66	67.78	67.96	67.67	66.76	66.99	67.88	68.10	67.95	67.98	68.17	67.93	67.00	65.70	66.54	66.73	66.55	66.54	66.69	66.50	65.67	65.36	66.10	66.25	66.06	66.00	66.11	65.95	65.26
68.82	67.73	67.92	67.83	67.94	68.11	67.84	66.94	66.97	67.85	68.07	67.93	67.96	68.14	67.91	66.97	65.68	66.53	66.72	66.55	66.53	66.68	66.48	65.66	65.35	66.09	66.24	66.06	66.00	66.11	65.94	65.25
68.58	67.48	67.68	67.59	67.68	67.85	67.60	66.70	66.96	67.83	68.05	67.92	67.95	68.11	67.88	66.95	65.67	66.51	66.71	66.54	66.53	66.67	66.47	65.65	65.34	66.07	66.23	66.06	66.00	66.10	65.93	65.24
68.85	67.67	67.87	67.79	67.87	68.04	67.79	66.89	66.94	67.80	68.03	67.90	67.93	68.09	67.86	66.93	65.66	66.50	66.70	66.54	66.52	66.66	66.45	65.63	65.33	66.06	66.22	66.05	66.00	66.09	65.92	65.23
68.61	67.43	67.63	67.55	67.63	67.79	67.54	66.66	66.93	67.78	68.01	67.89	67.92	68.07	67.83	66.91	65.65	66.48	66.69	66.54	66.52	66.65	66.44	65.62	65.32	66.05	66.21	66.05	66.00	66.09	65.91	65.23
68.75	67.63	67.83	67.75	67.83	67.98	67.73	66.84	66.91	67.76	68.00	67.88	67.91	68.05	67.81	66.90	65.64	66.47	66.68	66.53	66.52	66.64	66.43	65.61	65.31	66.03	66.21	66.05	65.99	66.08	65.90	65.22
68.52	67.40	67.60	67.53	67.60	67.74	67.50	66.62	66.90	67.75	67.98	67.87	67.90	68.03	67.79	66.88	65.63	66.46	66.67	66.53	66.52	66.63	66.42	65.60	65.30	66.02	66.20	66.04	65.99	66.07	65.89	65.21
68.76	67.59	67.79	67.73	67.79	67.93	67.69	66.81	66.88	67.73	67.97	67.86	67.89	68.02	67.78	66.86	65.62	66.44	66.66	66.53	66.51	66.62	66.41	65.59	65.29	66.01	66.19	66.04	65.99	66.07	65.88	65.20
68.53	67.36	67.56	67.50	67.56	67.69	67.45	66.57	66.87	67.71	67.95	67.86	67.88	68.00	67.76	66.85	65.61	66.43	66.65	66.52	66.51	66.61	66.39	65.58	65.28	66.00	66.18	66.04	65.99	66.06	65.87	65.19
68.74	67.56	67.76	67.71	67.77	67.89	67.65	66.77	66.86	67.69	67.94	67.85	67.87	67.99	67.74	66.83	65.60	66.42	66.64	66.52	66.51	66.60	66.38	65.57	65.27	65.99	66.17	66.04	65.99	66.06	65.86	65.19
69.57	67.56	67.77	67.72	67.78	67.89	67.65	66.77	66.85	67.68	67.93	67.84	67.86	67.97	67.72	66.81	65.59	66.41	66.63	66.52	66.50	66.60	66.37	65.56	65.26	65.97	66.16	66.03	65.99	66.05	65.86	65.18
68.87	67.56	67.76	67.72	67.77	67.89	67.64	66.76	66.84	67.66	67.91	67.83	67.86	67.96	67.71	66.80	65.57	66.39	66.62	66.51	66.50	66.59	66.36	65.55	65.25	65.96	66.15	66.03	65.99	66.04	65.85	65.17
68.57	67.32	67.52	67.48	67.54	67.64	67.39	66.53	66.83	67.65	67.90	67.83	67.85	67.95	67.69	66.78	65.56	66.38	66.61	66.51	66.50	66.58	66.35	65.54	65.24	65.95	66.14	66.03	65.99	66.04	65.84	65.16
68.74	67.51	67.72	67.68	67.73	67.83	67.58	66.71	66.82	67.63	67.89	67.82	67.84	67.93	67.67	66.77	65.55	66.37	66.60	66.51	66.50	66.57	66.33	65.53	65.23	65.94	66.13	66.03	65.98	66.03	65.83	65.16
68.50	67.28	67.49	67.45	67.51	67.60	67.34	66.49	66.81	67.62	67.87	67.81	67.83	67.92	67.65	66.75	65.54	66.35	66.59	66.50	66.49	66.56	66.32	65.52	65.22	65.93	66.12	66.02	65.98	66.03	65.82	65.15
68.72	67.47	67.68	67.65	67.70	67.79	67.53	66.67	66.79	67.60	67.86	67.81	67.82	67.91	67.64	66.74	65.53	66.34	66.58	66.50	66.49	66.55	66.31	65.51	65.21	65.92	66.12	66.02	65.98	66.02	65.81	65.14
68.49	67.24	67.46	67.43	67.48	67.56	67.30	66.45	66.78	67.59	67.85	67.80	67.82	67.89	67.62	66.72	65.52	66.33	66.57	66.50	66.49	66.54	66.30	65.50	65.20	65.90	66.11	66.02	65.98	66.02	65.80	65.13
68.69	67.44	67.65	67.63	67.68	67.76	67.50	66.64	66.77	67.57	67.84	67.79	67.81	67.88	67.60	66.71	65.51	66.32	66.56	66.49	66.48	66.54	66.29	65.49	65.19	65.89	66.10	66.01	65.98	66.01	65.80	65.12
69.51	67.45	67.66	67.64	67.69	67.76	67.50	66.64	66.76	67.56	67.83	67.78	67.80	67.86	67.59	66.70	65.50	66.31	66.55	66.49	66.48	66.53	66.28	65.48	65.18	65.88	66.09	66.01	65.97	66.00	65.79	65.12
68.79	67.44	67.66	67.64	67.69	67.76	67.49	66.64	66.75	67.55	67.81	67.78	67.79	67.85	67.57	66.68	65.49	66.29	66.54	66.48	66.47	66.52	66.26	65.46	65.17	65.87	66.08	66.01	65.97	66.00	65.78	65.11
68.49	67.20	67.42	67.41	67.45	67.51	67.25	66.40	66.74	67.53	67.80	67.77	67.79	67.84	67.56	66.67	65.48	66.28	66.53	66.48	66.47	66.51	66.25	65.45	65.16	65.86	66.07	66.00	65.97	65.99	65.77	65.10
68.68	67.40	67.61	67.60	67.65	67.71	67.43	66.59	66.73	67.52	67.79	67.76	67.78	67.83	67.54	66.66	65.47	66.27	66.52	66.47	66.47	66.50	66.24	65.44	65.15	65.85	66.07	66.00	65.97	65.98	65.76	65.09
68.44	67.17	67.39	67.38	67.42	67.48	67.20	66.36	66.72	67.50	67.78	67.75	67.77	67.81	67.53	66.64	65.46	66.26	66.52	66.47	66.46	66.49	66.23	65.43	65.15	65.84	66.06	66.00	65.96	65.98	65.75	65.09
68.69	67.37	67.59	67.59	67.63	67.67	67.40	66.56	66.71	67.49	67.77	67.75	67.76	67.80	67.51	66.63	65.45	66.24	66.51	66.46	66.46	66.48	66.22	65.42	65.14	65.83	66.05	65.99	65.96	65.97	65.74	65.08
68.45	67.14	67.36	67.36	67.40	67.44	67.17	66.33	66.70	67.47	67.75	67.74	67.75	67.79	67.49	66.61	65.44	66.23	66.50	66.46	66.45	66.48	66.21	65.41	65.13	65.82	66.04	65.99	65.96	65.97	65.74	65.07
68.62	67.33	67.56	67.56	67.60	67.64	67.36	66.52	66.69	67.46	67.74	67.73	67.75	67.77	67.48	66.60	65.43	66.22	66.49	66.46	66.45	66.47	66.19	65.40	65.12	65.81	66.03	65.99	65.96	65.96	65.73	65.06
68.38	67.11	67.33	67.34	67.38	67.41	67.13	66.30	66.68	67.45	67.73	67.72	67.74	67.76	67.46	66.59	65.42	66.21	66.48	66.45	66.44	66.46	66.18	65.39	65.11	65.80	66.03	65.98	65.95	65.95	65.72	65.05
68.61	67.31	67.53	67.54	67.58	67.61	67.33	66.49	66.67	67.43	67.72	67.72	67.73	67.75	67.45	66.57	65.41	66.20	66.47	66.44	66.44	66.45	66.17	65.38	65.10	65.79	66.02	65.98	65.95	65.95	65.71	65.05
68.39	67.09	67.31	67.33	67.36	67.39	67.10	66.28	66.65	67.42	67.71	67.71	67.72	67.74	67.43	66.56	65.40	66.19	66.46	66.44	66.43	66.44	66.16	65.37	65.09	65.78	66.01	65.97	65.95	65.94	65.70	65.04
68.57	67.28	67.51	67.53	67.56	67.58	67.29	66.47	66.64	67.41	67.70	67.70	67.71	67.72	67.42	66.55	65.39	66.17	66.45	66.43	66.43	66.43	66.15	65.36	65.08	65.77	66.00	65.97	65.94	65.93	65.69	65.03
68.34	67.06	67.28	67.30	67.34	67.35	67.07	66.25	66.63	67.39	67.68	67.69	67.70	67.71	67.40	66.54	65.38	66.16	66.44	66.43	66.42	66.42	66.14	65.35	65.07	65.76	65.99	65.97	65.94	65.93	65.68	65.02
68.56	67.26	67.48	67.51	67.54	67.55	67.26	66.44	66.62	67.38	67.67	67.68	67.70	67.70	67.39	66.52	65.37	66.15	66.43	66.42	66.42	66.41	66.13	65.34	65.07	65.75	65.98	65.96	65.94	65.92	65.68	65.02
68.33	67.03	67.26	67.29	67.32	67.33	67.04	66.22	66.61	67.37	67.66	67.68	67.69	67.69	67.38	66.51	65.36	66.14	66.42	66.42	66.41	66.41	66.12	65.33	65.06	65.74	65.98	65.96	65.93	65.92	65.67	65.01
68.53	67.23	67.46	67.49	67.52	67.53	67.23	66.41	66.60	67.36	67.65	67.67	67.68	67.68	67.36	66.50	65.36	66.13	66.41	66.41	66.41	66.40	66.10	65.32	65.05	65.73	65.97	65.95	65.93	65.91	65.66	65.00
69.35	67.24	67.47	67.50	67.53	67.53	67.24	66.42	66.60	67.34	67.64	67.66	67.67	67.66	67.35	66.49	65.35	66.12	66.40	66.41	66.40	66.39	66.09	65.31	65.04	65.72	65.96	65.95	65.93	65.90	65.65	64.99
69.06	67.24	67.47	67.50	67.53	67.53	67.23	66.42	66.59	67.33	67.63	67.65	67.67	67.65	67.33	66.48	65.34	66.11	66.39	66.40	66.40	66.38	66.08	65.30	65.03	65.71	65.95	65.94	65.92	65.90	65.64	64.98
68.81	67.01	67.23	67.27	67.30	67.29	66.99	66.18	66.58	67.32	67.62	67.65	67.66	67.64	67.32	66.46	65.33	66.09	66.38	66.40	66.39	66.37	66.07	65.29	65.02	65.70	65.95	65.94	65.92	65.89	65.63	64.98
69.44	67.20	67.43	67.47	67.49	67.49	67.18	66.37	66.58	67.31	67.61	67.64	67.65	67.63	67.31	66.45	65.32	66.08	66.37	66.39	66.39	66.36	66.06	65.28	65.01	65.69	65.94	65.94	65.91	65.88	65.63	64.97
69.52	67.21	67.44	67.48	67.50	67.49	67.19	66.38	66.57	67.30	67.60	67.63	67.64	67.62	67.29	66.44	65.31	66.07	66.37	66.38	66.38	66.35	66.05	65.27	65.01	65.68	65.93	65.93	65.91	65.88	65.62	64.96
69.55	67.21	67.43	67.47	67.50	67.48	67.18	66.37	66.57	67.29	67.59	67.62	67.63	67.61	67.28	66.43	65.30	66.06	66.36	66.38	66.37	66.34	66.04	65.26	65.00	65.67	65.92	65.93	65.91	65.87	65.61	64.95
69.32	66.97	67.20	67.24	67.26	67.25	66.94	66.14	66.56	67.27	67.58	67.62	67.63	67.60	67.27	66.42	65.29	66.05	66.35	66.37	66.37	66.33	66.03	65.25	64.99	65.66	65.91	65.92	65.90	65.86	65.60	64.95
69.54	67.17	67.39	67.44	67.46	67.44	67.13	66.33	66.56	67.26	67.57	67.61	67.62	67.58	67.25	66.41	65.28	66.04	66.34	66.37	66.36	66.33	66.02	65.24	64.98	65.65	65.91	65.92	65.90	65.86	65.59	64.94
69.57	67.17	67.39	67.44	67.47	67.44	67.13	66.33	66.55	67.25	67.56	67.60	67.61	67.57	67.24	66.39	65.27	66.03	66.33	66.36	66.36	66.32	66.01	65.24	64.97	65.64	65.90	65.91	65.89	65.85	65.58	64.93
69.58	67.17	67.39	67.44	67.47	67.44	67.13	66.32	66.55	67.24	67.55	67.59	67.60	67.56	67.23	66.38	65.27	66.02	66.32	66.35	66.35	66.31	66.00	65.23	64.96	65.63	65.89	65.91	65.89	65.84	65.57	64.92
69.33	66.94	67.16	67.21	67.23	67.20	66.89	66.09	66.54	67.23	67.54	67.59	67.59	67.55	67.22	66.37	65.26	66.01	66.31	66.35	66.34	66.30	65.99	65.22	64.96	65.62	65.88	65.90	65.88	65.84	65.57	64.91
69.54	67.13	67.35	67.40	67.43	67.39	67.08	66.28	66.53	67.22	67.53	67.58	67.59	67.54	67.20	66.36	65.25	66.00	66.30	66.34	66.34	66.29	65.98	65.21	64.95	65.61	65.87	65.90	65.88	65.83	65.56	64.91
69.55	67.14	67.36	67.41	67.43	67.40	67.08	66.28	66.52	67.21	67.52	67.57	67.58	67.53	67.19	66.35	65.24	65.99	66.29	66.34	66.33	66.28	65.96	65.20	64.94	65.60	65.87	65.89	65.87	65.82	65.55	64.90
69.56	67.13	67.35	67.41	67.43	67.39	67.07	66.28	66.52	67.20	67.51	67.56	67.57	67.52	67.18	66.34	65.23	65.98	66.28	66.33	66.33	66.27	65.95	65.19	64.93	65.59	65.86	65.89	65.87	65.82	65.54	64.89
69.31	66.90	67.12	67.17	67.19	67.15	66.84	66.05	66.51	67.19	67.50	67.55	67.56	67.51	67.16	66.33	65.22	65.97	66.28	66.32	66.32	66.26	65.94	65.18	64.92	65.58	65.85	65.88	65.87	65.81	65.53	64.88
69.52	67.09	67.31	67.37	67.39	67.34	67.02	66.24	66.50	67.18	67.49	67.55	67.55	67.50	67.15	66.32	65.21	65.96	66.27	66.32	66.31	66.26	65.93	65.17	64.92	65.57	65.84	65.88	65.86	65.80	65.52	64.88
69.54	67.10	67.32	67.38	67.40	67.35	67.03	66.24	66.49	67.16	67.48	67.54	67.55	67.49	67.14	66.31	65.21	65.95	66.26	66.31	66.31	66.25	65.92	65.16	64.91	65.56	65.84	65.87	65.86	65.80	65.52	64.87
69.54	67.10	67.31	67.38	67.40	67.35	67.02	66.24	66.48	67.15	67.47	67.53	67.54	67.48	67.13	66.30	65.20	65.94	66.25	66.30	66.30	66.24	65.91	65.15	64.90	65.55	65.83	65.87	65.85	65.79	65.51	64.86
69.29	66.86	67.08	67.14	67.16	67.11	66.78	66.00	66.48	67.14	67.46	67.52	67.53	67.46	67.11	66.28	65.19	65.93	66.24	66.30	66.30	66.23	65.90	65.14	64.89	65.55	65.82	65.86	65.85	65.78	65.50	64.85
69.50	67.06	67.27	67.34	67.36	67.30	66.98	66.20	66.47	67.13	67.45	67.51	67.52	67.45	67.10	66.27	65.18	65.92	66.23	66.29	66.29	66.22	65.89	65.13	64.88	65.54	65.81	65.86	65.84	65.78	65.49	64.85
69.52	67.06	67.28	67.35	67.36	67.31	66.98	66.20	66.46	67.12	67.44	67.51	67.51	67.44	67.09	66.26	65.17	65.91	66.22	66.28	66.28	66.21	65.88	65.12	64.88	65.53	65.81	65.85	65.84	65.77	65.48	64.84
69.52	67.05	67.27	67.34	67.36	67.30	66.97	66.19	66.45	67.11	67.43	67.50	67.51	67.43	67.08	66.25	65.16	65.90	66.21	66.28	66.28	66.20	65.87	65.11	64.87	65.52	65.80	65.85	65.83	65.76	65.47	64.83
69.28	66.82	67.04	67.11	67.13	67.07	66.74	65.96	66.45	67.10	67.42	67.49	67.50	67.42	67.07	66.24	65.16	65.89	66.20	66.27	66.27	66.20	65.86	65.11	64.86	65.51	65.79	65.84	65.83	65.76	65.47	64.82
69.48	67.01	67.23	67.30	67.32	67.25	66.92	66.15	66.44	67.09	67.41	67.48	67.49	67.41	67.06	66.23	65.15	65.88	66.20	66.26	66.26	66.19	65.85	65.10	64.85	65.50	65.78	65.83	65.82	65.75	65.46	64.82
69.50	67.02	67.24	67.31	67.33	67.26	66.93	66.16	66.43	67.08	67.40	67.48	67.48	67.40	67.04	66.22	65.14	65.87	66.19	66.26	66.26	66.18	65.84	65.09	64.85	65.49	65.78	65.83	65.82	65.74	65.45	64.81
69.50	67.02	67.24	67.31	67.33	67.26	66.93	66.15	66.42	67.07	67.39	67.47	67.47	67.39	67.03	66.21	65.13	65.86	66.18	66.25	66.25	66.17	65.83	65.08	64.84	65.48	65.77	65.82	65.81	65.73	65.44	64.80
69.26	66.79	67.00	67.08	67.09	67.02	66.69	65.92	66.42	67.06	67.38	67.46	67.46	67.38	67.02	66.20	65.12	65.85	66.17	66.24	66.24	66.16	65.82	65.07	64.83	65.47	65.76	65.82	65.81	65.73	65.43	64.79
