pcb_LC_0	347.9377
pcb_LC_1	349.0079
pcb_LC_2	349.4756
pcb_LC_3	349.6614
pcb_LC_4	349.6613
pcb_LC_5	349.4754
pcb_LC_6	349.0075
pcb_LC_7	347.9371
pcb_LC_8	347.9180
pcb_LC_9	349.1855
pcb_LC_10	349.7850
pcb_LC_11	350.0301
pcb_LC_12	350.0300
pcb_LC_13	349.7847
pcb_LC_14	349.1851
pcb_LC_15	347.9173
pcb_LC_16	347.9174
pcb_LC_17	349.1846
pcb_LC_18	349.7839
pcb_LC_19	350.0289
pcb_LC_20	350.0288
pcb_LC_21	349.7836
pcb_LC_22	349.1842
pcb_LC_23	347.9168
pcb_LC_24	347.9361
pcb_LC_25	349.0054
pcb_LC_26	349.4728
pcb_LC_27	349.6585
pcb_LC_28	349.6584
pcb_LC_29	349.4726
pcb_LC_30	349.0051
pcb_LC_31	347.9356
solder_LC_0	349.8024
solder_LC_1	350.1609
solder_LC_2	350.4270
solder_LC_3	350.5630
solder_LC_4	350.5629
solder_LC_5	350.4266
solder_LC_6	350.1602
solder_LC_7	349.8011
solder_LC_8	349.9125
solder_LC_9	350.3877
solder_LC_10	350.7339
solder_LC_11	350.9104
solder_LC_12	350.9103
solder_LC_13	350.7335
solder_LC_14	350.3870
solder_LC_15	349.9114
solder_LC_16	349.9111
solder_LC_17	350.3858
solder_LC_18	350.7319
solder_LC_19	350.9084
solder_LC_20	350.9083
solder_LC_21	350.7316
solder_LC_22	350.3853
solder_LC_23	349.9104
solder_LC_24	349.7987
solder_LC_25	350.1562
solder_LC_26	350.4221
solder_LC_27	350.5581
solder_LC_28	350.5580
solder_LC_29	350.4219
solder_LC_30	350.1559
solder_LC_31	349.7981
sub_LC_0	350.0055
sub_LC_1	350.3791
sub_LC_2	350.6672
sub_LC_3	350.8152
sub_LC_4	350.8151
sub_LC_5	350.6668
sub_LC_6	350.3782
sub_LC_7	350.0034
sub_LC_8	350.1198
sub_LC_9	350.5969
sub_LC_10	350.9582
sub_LC_11	351.1432
sub_LC_12	351.1431
sub_LC_13	350.9578
sub_LC_14	350.5962
sub_LC_15	350.1186
sub_LC_16	350.1178
sub_LC_17	350.5947
sub_LC_18	350.9558
sub_LC_19	351.1409
sub_LC_20	351.1408
sub_LC_21	350.9556
sub_LC_22	350.5941
sub_LC_23	350.1171
sub_LC_24	349.9994
sub_LC_25	350.3728
sub_LC_26	350.6608
sub_LC_27	350.8089
sub_LC_28	350.8088
sub_LC_29	350.6607
sub_LC_30	350.3724
sub_LC_31	349.9989
layer_3_LC_0	351.7715
layer_3_LC_1	352.3702
layer_3_LC_2	352.8756
layer_3_LC_3	353.1346
layer_3_LC_4	353.1345
layer_3_LC_5	352.8751
layer_3_LC_6	352.3679
layer_3_LC_7	351.7608
layer_3_LC_8	351.9195
layer_3_LC_9	352.5681
layer_3_LC_10	353.1094
layer_3_LC_11	353.3861
layer_3_LC_12	353.3861
layer_3_LC_13	353.1090
layer_3_LC_14	352.5670
layer_3_LC_15	351.9164
layer_3_LC_16	351.9120
layer_3_LC_17	352.5621
layer_3_LC_18	353.1039
layer_3_LC_19	353.3807
layer_3_LC_20	353.3807
layer_3_LC_21	353.1037
layer_3_LC_22	352.5617
layer_3_LC_23	351.9113
layer_3_LC_24	351.7413
layer_3_LC_25	352.3481
layer_3_LC_26	352.8550
layer_3_LC_27	353.1143
layer_3_LC_28	353.1142
layer_3_LC_29	352.8549
layer_3_LC_30	352.3479
layer_3_LC_31	351.7410
layer_4_TB_0	351.6805
layer_4_TB_1	352.2794
layer_4_TB_2	352.7846
layer_4_TB_3	353.0434
layer_4_TB_4	353.0433
layer_4_TB_5	352.7840
layer_4_TB_6	352.2771
layer_4_TB_7	351.6698
layer_4_TB_8	351.8286
layer_4_TB_9	352.4774
layer_4_TB_10	353.0185
layer_4_TB_11	353.2951
layer_4_TB_12	353.2950
layer_4_TB_13	353.0182
layer_4_TB_14	352.4763
layer_4_TB_15	351.8256
layer_4_TB_16	351.8212
layer_4_TB_17	352.4715
layer_4_TB_18	353.0131
layer_4_TB_19	353.2898
layer_4_TB_20	353.2897
layer_4_TB_21	353.0129
layer_4_TB_22	352.4711
layer_4_TB_23	351.8204
layer_4_TB_24	351.6503
layer_4_TB_25	352.2573
layer_4_TB_26	352.7639
layer_4_TB_27	353.0231
layer_4_TB_28	353.0230
layer_4_TB_29	352.7638
layer_4_TB_30	352.2571
layer_4_TB_31	351.6500
layer_5_B_0	350.7705
layer_5_B_1	351.3711
layer_5_B_2	351.8743
layer_5_B_3	352.1315
layer_5_B_4	352.1314
layer_5_B_5	351.8738
layer_5_B_6	351.3689
layer_5_B_7	350.7596
layer_5_B_8	350.9200
layer_5_B_9	351.5712
layer_5_B_10	352.1102
layer_5_B_11	352.3852
layer_5_B_12	352.3851
layer_5_B_13	352.1099
layer_5_B_14	351.5701
layer_5_B_15	350.9171
layer_5_B_16	350.9127
layer_5_B_17	351.5654
layer_5_B_18	352.1049
layer_5_B_19	352.3799
layer_5_B_20	352.3798
layer_5_B_21	352.1047
layer_5_B_22	351.5649
layer_5_B_23	350.9120
layer_5_B_24	350.7399
layer_5_B_25	351.3489
layer_5_B_26	351.8536
layer_5_B_27	352.1110
layer_5_B_28	352.1110
layer_5_B_29	351.8534
layer_5_B_30	351.3487
layer_5_B_31	350.7396
layer_6_TB_0	350.6421
layer_6_TB_1	351.2434
layer_6_TB_2	351.7462
layer_6_TB_3	352.0031
layer_6_TB_4	352.0030
layer_6_TB_5	351.7457
layer_6_TB_6	351.2412
layer_6_TB_7	350.6314
layer_6_TB_8	350.7923
layer_6_TB_9	351.4441
layer_6_TB_10	351.9829
layer_6_TB_11	352.2576
layer_6_TB_12	352.2575
layer_6_TB_13	351.9826
layer_6_TB_14	351.4431
layer_6_TB_15	350.7894
layer_6_TB_16	350.7851
layer_6_TB_17	351.4384
layer_6_TB_18	351.9776
layer_6_TB_19	352.2523
layer_6_TB_20	352.2523
layer_6_TB_21	351.9774
layer_6_TB_22	351.4379
layer_6_TB_23	350.7844
layer_6_TB_24	350.6119
layer_6_TB_25	351.2214
layer_6_TB_26	351.7257
layer_6_TB_27	351.9828
layer_6_TB_28	351.9828
layer_6_TB_29	351.7255
layer_6_TB_30	351.2212
layer_6_TB_31	350.6116
layer_7_B_32	349.3584
layer_7_B_33	349.9661
layer_7_B_34	350.4656
layer_7_B_35	350.7196
layer_7_B_36	350.7195
layer_7_B_37	350.4651
layer_7_B_38	349.9640
layer_7_B_39	349.3491
layer_7_B_40	349.5155
layer_7_B_41	350.1739
layer_7_B_42	350.7100
layer_7_B_43	350.9820
layer_7_B_44	350.9819
layer_7_B_45	350.7096
layer_7_B_46	350.1729
layer_7_B_47	349.5127
layer_7_B_48	349.5086
layer_7_B_49	350.1684
layer_7_B_50	350.7048
layer_7_B_51	350.9770
layer_7_B_52	350.9769
layer_7_B_53	350.7047
layer_7_B_54	350.1680
layer_7_B_55	349.5079
layer_7_B_56	349.3311
layer_7_B_57	349.9457
layer_7_B_58	350.4466
layer_7_B_59	350.7008
layer_7_B_60	350.7008
layer_7_B_61	350.4464
layer_7_B_62	349.9455
layer_7_B_63	349.3308
layer_8_TB_0	349.1937
layer_8_TB_1	349.8022
layer_8_TB_2	350.3013
layer_8_TB_3	350.5549
layer_8_TB_4	350.5548
layer_8_TB_5	350.3008
layer_8_TB_6	349.8002
layer_8_TB_7	349.1845
layer_8_TB_8	349.3516
layer_8_TB_9	350.0111
layer_8_TB_10	350.5468
layer_8_TB_11	350.8185
layer_8_TB_12	350.8184
layer_8_TB_13	350.5465
layer_8_TB_14	350.0101
layer_8_TB_15	349.3488
layer_8_TB_16	349.3447
layer_8_TB_17	350.0056
layer_8_TB_18	350.5417
layer_8_TB_19	350.8135
layer_8_TB_20	350.8134
layer_8_TB_21	350.5416
layer_8_TB_22	350.0052
layer_8_TB_23	349.3440
layer_8_TB_24	349.1666
layer_8_TB_25	349.7820
layer_8_TB_26	350.2824
layer_8_TB_27	350.5363
layer_8_TB_28	350.5362
layer_8_TB_29	350.2823
layer_8_TB_30	349.7818
layer_8_TB_31	349.1663
layer_9_B_64	347.5458
layer_9_B_65	348.1638
layer_9_B_66	348.6582
layer_9_B_67	348.9077
layer_9_B_68	348.9076
layer_9_B_69	348.6577
layer_9_B_70	348.1619
layer_9_B_71	347.5380
layer_9_B_72	347.7126
layer_9_B_73	348.3832
layer_9_B_74	348.9154
layer_9_B_75	349.1835
layer_9_B_76	349.1834
layer_9_B_77	348.9151
layer_9_B_78	348.3822
layer_9_B_79	347.7101
layer_9_B_80	347.7063
layer_9_B_81	348.3781
layer_9_B_82	348.9107
layer_9_B_83	349.1789
layer_9_B_84	349.1788
layer_9_B_85	348.9105
layer_9_B_86	348.3777
layer_9_B_87	347.7056
layer_9_B_88	347.5215
layer_9_B_89	348.1452
layer_9_B_90	348.6408
layer_9_B_91	348.8905
layer_9_B_92	348.8905
layer_9_B_93	348.6407
layer_9_B_94	348.1450
layer_9_B_95	347.5212
layer_10_TB_0	347.3454
layer_10_TB_1	347.9647
layer_10_TB_2	348.4584
layer_10_TB_3	348.7074
layer_10_TB_4	348.7073
layer_10_TB_5	348.4580
layer_10_TB_6	347.9628
layer_10_TB_7	347.3377
layer_10_TB_8	347.5133
layer_10_TB_9	348.1854
layer_10_TB_10	348.7172
layer_10_TB_11	348.9848
layer_10_TB_12	348.9848
layer_10_TB_13	348.7169
layer_10_TB_14	348.1845
layer_10_TB_15	347.5108
layer_10_TB_16	347.5070
layer_10_TB_17	348.1804
layer_10_TB_18	348.7126
layer_10_TB_19	348.9803
layer_10_TB_20	348.9802
layer_10_TB_21	348.7124
layer_10_TB_22	348.1800
layer_10_TB_23	347.5064
layer_10_TB_24	347.3213
layer_10_TB_25	347.9462
layer_10_TB_26	348.4411
layer_10_TB_27	348.6903
layer_10_TB_28	348.6903
layer_10_TB_29	348.4410
layer_10_TB_30	347.9460
layer_10_TB_31	347.3211
layer_11_B_96	345.3412
layer_11_B_97	345.9731
layer_11_B_98	346.4607
layer_11_B_99	346.7043
layer_11_B_100	346.7042
layer_11_B_101	346.4603
layer_11_B_102	345.9715
layer_11_B_103	345.3347
layer_11_B_104	345.5201
layer_11_B_105	346.2080
layer_11_B_106	346.7354
layer_11_B_107	346.9985
layer_11_B_108	346.9984
layer_11_B_109	346.7351
layer_11_B_110	346.2071
layer_11_B_111	345.5179
layer_11_B_112	345.5145
layer_11_B_113	346.2034
layer_11_B_114	346.7312
layer_11_B_115	346.9944
layer_11_B_116	346.9943
layer_11_B_117	346.7310
layer_11_B_118	346.2031
layer_11_B_119	345.5139
layer_11_B_120	345.3197
layer_11_B_121	345.9562
layer_11_B_122	346.4448
layer_11_B_123	346.6886
layer_11_B_124	346.6886
layer_11_B_125	346.4447
layer_11_B_126	345.9560
layer_11_B_127	345.3194
layer_12_TB_0	345.1061
layer_12_TB_1	345.7396
layer_12_TB_2	346.2264
layer_12_TB_3	346.4694
layer_12_TB_4	346.4693
layer_12_TB_5	346.2260
layer_12_TB_6	345.7380
layer_12_TB_7	345.0997
layer_12_TB_8	345.2863
layer_12_TB_9	345.9762
layer_12_TB_10	346.5032
layer_12_TB_11	346.7657
layer_12_TB_12	346.7656
layer_12_TB_13	346.5029
layer_12_TB_14	345.9754
layer_12_TB_15	345.2841
layer_12_TB_16	345.2808
layer_12_TB_17	345.9717
layer_12_TB_18	346.4990
layer_12_TB_19	346.7616
layer_12_TB_20	346.7615
layer_12_TB_21	346.4988
layer_12_TB_22	345.9714
layer_12_TB_23	345.2802
layer_12_TB_24	345.0848
layer_12_TB_25	345.7228
layer_12_TB_26	346.2106
layer_12_TB_27	346.4538
layer_12_TB_28	346.4538
layer_12_TB_29	346.2105
layer_12_TB_30	345.7226
layer_12_TB_31	345.0845
layer_13_B_128	342.7547
layer_13_B_129	343.4044
layer_13_B_130	343.8834
layer_13_B_131	344.1198
layer_13_B_132	344.1197
layer_13_B_133	343.8830
layer_13_B_134	343.4030
layer_13_B_135	342.7495
layer_13_B_136	342.9482
layer_13_B_137	343.6589
layer_13_B_138	344.1805
layer_13_B_139	344.4376
layer_13_B_140	344.4375
layer_13_B_141	344.1803
layer_13_B_142	343.6582
layer_13_B_143	342.9464
layer_13_B_144	342.9435
layer_13_B_145	343.6550
layer_13_B_146	344.1769
layer_13_B_147	344.4340
layer_13_B_148	344.4340
layer_13_B_149	344.1768
layer_13_B_150	343.6547
layer_13_B_151	342.9429
layer_13_B_152	342.7358
layer_13_B_153	343.3891
layer_13_B_154	343.8690
layer_13_B_155	344.1055
layer_13_B_156	344.1055
layer_13_B_157	343.8689
layer_13_B_158	343.3889
layer_13_B_159	342.7356
layer_14_TB_0	342.4858
layer_14_TB_1	343.1374
layer_14_TB_2	343.6155
layer_14_TB_3	343.8511
layer_14_TB_4	343.8510
layer_14_TB_5	343.6151
layer_14_TB_6	343.1361
layer_14_TB_7	342.4807
layer_14_TB_8	342.6810
layer_14_TB_9	343.3943
layer_14_TB_10	343.9153
layer_14_TB_11	344.1717
layer_14_TB_12	344.1716
layer_14_TB_13	343.9151
layer_14_TB_14	343.3936
layer_14_TB_15	342.6792
layer_14_TB_16	342.6763
layer_14_TB_17	343.3904
layer_14_TB_18	343.9117
layer_14_TB_19	344.1682
layer_14_TB_20	344.1681
layer_14_TB_21	343.9116
layer_14_TB_22	343.3901
layer_14_TB_23	342.6758
layer_14_TB_24	342.4673
layer_14_TB_25	343.1225
layer_14_TB_26	343.6013
layer_14_TB_27	343.8371
layer_14_TB_28	343.8371
layer_14_TB_29	343.6012
layer_14_TB_30	343.1223
layer_14_TB_31	342.4671
layer_15_B_160	339.7962
layer_15_B_161	340.4679
layer_15_B_162	340.9363
layer_15_B_163	341.1640
layer_15_B_164	341.1640
layer_15_B_165	340.9360
layer_15_B_166	340.4667
layer_15_B_167	339.7922
layer_15_B_168	340.0089
layer_15_B_169	340.7483
layer_15_B_170	341.2629
layer_15_B_171	341.5129
layer_15_B_172	341.5128
layer_15_B_173	341.2627
layer_15_B_174	340.7477
layer_15_B_175	340.0074
layer_15_B_176	340.0051
layer_15_B_177	340.7452
layer_15_B_178	341.2600
layer_15_B_179	341.5100
layer_15_B_180	341.5100
layer_15_B_181	341.2598
layer_15_B_182	340.7449
layer_15_B_183	340.0046
layer_15_B_184	339.7817
layer_15_B_185	340.4560
layer_15_B_186	340.9251
layer_15_B_187	341.1530
layer_15_B_188	341.1530
layer_15_B_189	340.9250
layer_15_B_190	340.4559
layer_15_B_191	339.7815
layer_16_TB_0	339.4948
layer_16_TB_1	340.1689
layer_16_TB_2	340.6361
layer_16_TB_3	340.8630
layer_16_TB_4	340.8629
layer_16_TB_5	340.6358
layer_16_TB_6	340.1678
layer_16_TB_7	339.4909
layer_16_TB_8	339.7095
layer_16_TB_9	340.4521
layer_16_TB_10	340.9659
layer_16_TB_11	341.2152
layer_16_TB_12	341.2151
layer_16_TB_13	340.9657
layer_16_TB_14	340.4515
layer_16_TB_15	339.7080
layer_16_TB_16	339.7058
layer_16_TB_17	340.4490
layer_16_TB_18	340.9631
layer_16_TB_19	341.2123
layer_16_TB_20	341.2123
layer_16_TB_21	340.9629
layer_16_TB_22	340.4488
layer_16_TB_23	339.7053
layer_16_TB_24	339.4807
layer_16_TB_25	340.1574
layer_16_TB_26	340.6252
layer_16_TB_27	340.8522
layer_16_TB_28	340.8522
layer_16_TB_29	340.6252
layer_16_TB_30	340.1572
layer_16_TB_31	339.4805
layer_17_B_192	336.4806
layer_17_B_193	337.1789
layer_17_B_194	337.6345
layer_17_B_195	337.8522
layer_17_B_196	337.8522
layer_17_B_197	337.6342
layer_17_B_198	337.1781
layer_17_B_199	336.4778
layer_17_B_200	336.7153
layer_17_B_201	337.4902
layer_17_B_202	337.9962
layer_17_B_203	338.2381
layer_17_B_204	338.2380
layer_17_B_205	337.9961
layer_17_B_206	337.4897
layer_17_B_207	336.7142
layer_17_B_208	336.7125
layer_17_B_209	337.4878
layer_17_B_210	337.9940
layer_17_B_211	338.2359
layer_17_B_212	338.2359
layer_17_B_213	337.9939
layer_17_B_214	337.4876
layer_17_B_215	336.7122
layer_17_B_216	336.4705
layer_17_B_217	337.1705
layer_17_B_218	337.6266
layer_17_B_219	337.8444
layer_17_B_220	337.8444
layer_17_B_221	337.6265
layer_17_B_222	337.1704
layer_17_B_223	336.4703
layer_18_TB_0	336.1480
layer_18_TB_1	336.8492
layer_18_TB_2	337.3034
layer_18_TB_3	337.5201
layer_18_TB_4	337.5200
layer_18_TB_5	337.3032
layer_18_TB_6	336.8484
layer_18_TB_7	336.1454
layer_18_TB_8	336.3850
layer_18_TB_9	337.1637
layer_18_TB_10	337.6689
layer_18_TB_11	337.9099
layer_18_TB_12	337.9099
layer_18_TB_13	337.6687
layer_18_TB_14	337.1633
layer_18_TB_15	336.3840
layer_18_TB_16	336.3823
layer_18_TB_17	337.1615
layer_18_TB_18	337.6668
layer_18_TB_19	337.9078
layer_18_TB_20	337.9078
layer_18_TB_21	337.6666
layer_18_TB_22	337.1613
layer_18_TB_23	336.3820
layer_18_TB_24	336.1383
layer_18_TB_25	336.8412
layer_18_TB_26	337.2958
layer_18_TB_27	337.5126
layer_18_TB_28	337.5126
layer_18_TB_29	337.2957
layer_18_TB_30	336.8410
layer_18_TB_31	336.1382
layer_19_B_224	332.8223
layer_19_B_225	333.5524
layer_19_B_226	333.9926
layer_19_B_227	334.1989
layer_19_B_228	334.1988
layer_19_B_229	333.9924
layer_19_B_230	333.5519
layer_19_B_231	332.8207
layer_19_B_232	333.0820
layer_19_B_233	333.8996
layer_19_B_234	334.3954
layer_19_B_235	334.6281
layer_19_B_236	334.6281
layer_19_B_237	334.3953
layer_19_B_238	333.8993
layer_19_B_239	333.0813
layer_19_B_240	333.0803
layer_19_B_241	333.8981
layer_19_B_242	334.3940
layer_19_B_243	334.6267
layer_19_B_244	334.6267
layer_19_B_245	334.3939
layer_19_B_246	333.8980
layer_19_B_247	333.0800
layer_19_B_248	332.8165
layer_19_B_249	333.5475
layer_19_B_250	333.9879
layer_19_B_251	334.1942
layer_19_B_252	334.1942
layer_19_B_253	333.9878
layer_19_B_254	333.5474
layer_19_B_255	332.8163
layer_20_TB_0	332.4600
layer_20_TB_1	333.1935
layer_20_TB_2	333.6320
layer_20_TB_3	333.8371
layer_20_TB_4	333.8371
layer_20_TB_5	333.6318
layer_20_TB_6	333.1930
layer_20_TB_7	332.4585
layer_20_TB_8	332.7222
layer_20_TB_9	333.5445
layer_20_TB_10	334.0391
layer_20_TB_11	334.2709
layer_20_TB_12	334.2709
layer_20_TB_13	334.0390
layer_20_TB_14	333.5442
layer_20_TB_15	332.7216
layer_20_TB_16	332.7206
layer_20_TB_17	333.5431
layer_20_TB_18	334.0378
layer_20_TB_19	334.2696
layer_20_TB_20	334.2696
layer_20_TB_21	334.0377
layer_20_TB_22	333.5429
layer_20_TB_23	332.7204
layer_20_TB_24	332.4545
layer_20_TB_25	333.1888
layer_20_TB_26	333.6276
layer_20_TB_27	333.8328
layer_20_TB_28	333.8327
layer_20_TB_29	333.6275
layer_20_TB_30	333.1887
layer_20_TB_31	332.4544
hsp_TB_0	328.8367
hsp_TB_1	329.6044
hsp_TB_2	330.0261
hsp_TB_3	330.2196
hsp_TB_4	330.2196
hsp_TB_5	330.0260
hsp_TB_6	329.6042
hsp_TB_7	328.8362
hsp_TB_8	329.1244
hsp_TB_9	329.9931
hsp_TB_10	330.4765
hsp_TB_11	330.6990
hsp_TB_12	330.6990
hsp_TB_13	330.4764
hsp_TB_14	329.9930
hsp_TB_15	329.1242
hsp_TB_16	329.1238
hsp_TB_17	329.9925
hsp_TB_18	330.4759
hsp_TB_19	330.6984
hsp_TB_20	330.6984
hsp_TB_21	330.4758
hsp_TB_22	329.9924
hsp_TB_23	329.1237
hsp_TB_24	328.8351
hsp_TB_25	329.6028
hsp_TB_26	330.0246
hsp_TB_27	330.2181
hsp_TB_28	330.2180
hsp_TB_29	330.0245
hsp_TB_30	329.6027
hsp_TB_31	328.8350
hsink_TB_0	327.5110
hsink_TB_1	328.1657
hsink_TB_2	328.5613
hsink_TB_3	328.7470
hsink_TB_4	328.7470
hsink_TB_5	328.5612
hsink_TB_6	328.1656
hsink_TB_7	327.5109
hsink_TB_8	327.7300
hsink_TB_9	328.4780
hsink_TB_10	328.9341
hsink_TB_11	329.1488
hsink_TB_12	329.1488
hsink_TB_13	328.9341
hsink_TB_14	328.4779
hsink_TB_15	327.7299
hsink_TB_16	327.7298
hsink_TB_17	328.4778
hsink_TB_18	328.9339
hsink_TB_19	329.1486
hsink_TB_20	329.1486
hsink_TB_21	328.9338
hsink_TB_22	328.4777
hsink_TB_23	327.7297
hsink_TB_24	327.5105
hsink_TB_25	328.1651
hsink_TB_26	328.5607
hsink_TB_27	328.7464
hsink_TB_28	328.7464
hsink_TB_29	328.5607
hsink_TB_30	328.1651
hsink_TB_31	327.5105
inode_0	325.6192
inode_1	325.6191
inode_2	326.1186
inode_3	326.1192
inode_4	325.5856
inode_5	325.5855
inode_6	326.0913
inode_7	326.0918
inode_8	324.5423
inode_9	324.5422
inode_10	324.8325
inode_11	324.8330
inode_12	349.6275
inode_13	349.6266
inode_14	349.3474
inode_15	349.3518
inode_16	349.6091
inode_17	349.6082
inode_18	349.3421
inode_19	349.3464
inode_20	346.2641
inode_21	346.2636
inode_22	348.4084
inode_23	348.4122
inode_24	336.9060
inode_25	336.9056
inode_26	337.1379
inode_27	337.1402
