pcb_C_0	322.4276
pcb_C_1	322.3952
pcb_C_2	322.3258
pcb_C_3	322.2765
pcb_C_4	322.2249
pcb_C_5	322.1497
pcb_C_6	322.0215
pcb_C_7	321.7624
pcb_C_8	322.2253
pcb_C_9	322.2520
pcb_C_10	322.2051
pcb_C_11	322.1554
pcb_C_12	322.0943
pcb_C_13	322.0054
pcb_C_14	321.8682
pcb_C_15	321.6397
pcb_C_16	321.9534
pcb_C_17	321.9057
pcb_C_18	321.8619
pcb_C_19	321.8204
pcb_C_20	321.7672
pcb_C_21	321.6928
pcb_C_22	321.5954
pcb_C_23	321.4818
pcb_C_24	321.7522
pcb_C_25	321.6250
pcb_C_26	321.5761
pcb_C_27	321.5450
pcb_C_28	321.5086
pcb_C_29	321.4609
pcb_C_30	321.4096
pcb_C_31	321.3845
solder_C_0	322.9244
solder_C_1	322.5238
solder_C_2	322.4050
solder_C_3	322.3505
solder_C_4	322.2971
solder_C_5	322.2188
solder_C_6	322.0890
solder_C_7	321.8556
solder_C_8	322.4344
solder_C_9	322.3605
solder_C_10	322.3008
solder_C_11	322.2518
solder_C_12	322.1904
solder_C_13	322.0987
solder_C_14	321.9589
solder_C_15	321.7515
solder_C_16	321.9751
solder_C_17	321.8765
solder_C_18	321.8365
solder_C_19	321.7993
solder_C_20	321.7463
solder_C_21	321.6685
solder_C_22	321.5671
solder_C_23	321.4848
solder_C_24	321.7355
solder_C_25	321.5631
solder_C_26	321.5197
solder_C_27	321.4926
solder_C_28	321.4559
solder_C_29	321.4041
solder_C_30	321.3482
solder_C_31	321.3559
sub_C_0	323.1866
sub_C_1	322.5431
sub_C_2	322.4231
sub_C_3	322.3694
sub_C_4	322.3155
sub_C_5	322.2358
sub_C_6	322.1036
sub_C_7	321.8689
sub_C_8	322.4719
sub_C_9	322.3998
sub_C_10	322.3446
sub_C_11	322.2972
sub_C_12	322.2359
sub_C_13	322.1433
sub_C_14	322.0010
sub_C_15	321.7886
sub_C_16	321.9287
sub_C_17	321.8497
sub_C_18	321.8159
sub_C_19	321.7807
sub_C_20	321.7278
sub_C_21	321.6487
sub_C_22	321.5434
sub_C_23	321.4491
sub_C_24	321.6815
sub_C_25	321.5325
sub_C_26	321.4951
sub_C_27	321.4697
sub_C_28	321.4327
sub_C_29	321.3792
sub_C_30	321.3186
sub_C_31	321.3116
layer_3_C_0	325.7572
layer_3_C_1	322.6919
layer_3_C_2	322.5880
layer_3_C_3	322.5434
layer_3_C_4	322.4866
layer_3_C_5	322.3954
layer_3_C_6	322.2426
layer_3_C_7	321.9743
layer_3_C_8	322.7859
layer_3_C_9	322.7964
layer_3_C_10	322.7882
layer_3_C_11	322.7571
layer_3_C_12	322.6970
layer_3_C_13	322.5948
layer_3_C_14	322.4276
layer_3_C_15	322.1502
layer_3_C_16	321.4700
layer_3_C_17	321.5742
layer_3_C_18	321.6016
layer_3_C_19	321.5856
layer_3_C_20	321.5342
layer_3_C_21	321.4427
layer_3_C_22	321.2990
layer_3_C_23	321.0866
layer_3_C_24	321.1720
layer_3_C_25	321.2281
layer_3_C_26	321.2510
layer_3_C_27	321.2420
layer_3_C_28	321.2037
layer_3_C_29	321.1345
layer_3_C_30	321.0296
layer_3_C_31	320.8879
layer_4_TB_0	325.5019
layer_4_TB_1	322.6459
layer_4_TB_2	322.5426
layer_4_TB_3	322.4980
layer_4_TB_4	322.4413
layer_4_TB_5	322.3501
layer_4_TB_6	322.1972
layer_4_TB_7	321.9289
layer_4_TB_8	322.7230
layer_4_TB_9	322.7348
layer_4_TB_10	322.7267
layer_4_TB_11	322.6956
layer_4_TB_12	322.6355
layer_4_TB_13	322.5334
layer_4_TB_14	322.3662
layer_4_TB_15	322.0886
layer_4_TB_16	321.4691
layer_4_TB_17	321.5736
layer_4_TB_18	321.6010
layer_4_TB_19	321.5850
layer_4_TB_20	321.5336
layer_4_TB_21	321.4422
layer_4_TB_22	321.2984
layer_4_TB_23	321.0858
layer_4_TB_24	321.1714
layer_4_TB_25	321.2277
layer_4_TB_26	321.2507
layer_4_TB_27	321.2417
layer_4_TB_28	321.2035
layer_4_TB_29	321.1342
layer_4_TB_30	321.0292
layer_4_TB_31	320.8874
hsp_TB_0	322.9491
hsp_TB_1	322.1857
hsp_TB_2	322.0887
hsp_TB_3	322.0442
hsp_TB_4	321.9876
hsp_TB_5	321.8964
hsp_TB_6	321.7435
hsp_TB_7	321.4741
hsp_TB_8	322.0941
hsp_TB_9	322.1195
hsp_TB_10	322.1121
hsp_TB_11	322.0812
hsp_TB_12	322.0211
hsp_TB_13	321.9190
hsp_TB_14	321.7517
hsp_TB_15	321.4728
hsp_TB_16	321.4604
hsp_TB_17	321.5673
hsp_TB_18	321.5953
hsp_TB_19	321.5795
hsp_TB_20	321.5281
hsp_TB_21	321.4365
hsp_TB_22	321.2924
hsp_TB_23	321.0780
hsp_TB_24	321.1656
hsp_TB_25	321.2240
hsp_TB_26	321.2476
hsp_TB_27	321.2387
hsp_TB_28	321.2005
hsp_TB_29	321.1312
hsp_TB_30	321.0259
hsp_TB_31	320.8824
hsink_TB_0	322.0368
hsink_TB_1	321.9406
hsink_TB_2	321.8849
hsink_TB_3	321.8431
hsink_TB_4	321.7866
hsink_TB_5	321.6955
hsink_TB_6	321.5433
hsink_TB_7	321.2823
hsink_TB_8	321.7889
hsink_TB_9	321.8733
hsink_TB_10	321.8733
hsink_TB_11	321.8431
hsink_TB_12	321.7832
hsink_TB_13	321.6812
hsink_TB_14	321.5145
hsink_TB_15	321.2446
hsink_TB_16	321.4284
hsink_TB_17	321.5364
hsink_TB_18	321.5650
hsink_TB_19	321.5494
hsink_TB_20	321.4980
hsink_TB_21	321.4065
hsink_TB_22	321.2624
hsink_TB_23	321.0493
hsink_TB_24	321.1600
hsink_TB_25	321.2193
hsink_TB_26	321.2431
hsink_TB_27	321.2343
hsink_TB_28	321.1962
hsink_TB_29	321.1268
hsink_TB_30	321.0214
hsink_TB_31	320.8775
inode_0	321.0791
inode_1	320.6458
inode_2	320.5435
inode_3	321.1084
inode_4	321.0713
inode_5	320.6403
inode_6	320.5405
inode_7	321.1035
inode_8	320.8082
inode_9	320.4161
inode_10	320.2655
inode_11	320.7637
inode_12	322.2288
inode_13	321.5846
inode_14	321.3763
inode_15	322.2101
inode_16	322.2261
inode_17	321.5839
inode_18	321.3762
inode_19	322.2098
inode_20	321.9001
inode_21	321.3771
inode_22	321.3541
inode_23	322.1663
inode_24	321.0245
inode_25	320.6236
inode_26	320.4438
inode_27	321.0253
