C_0	C_1	C_2	C_3	C_4	C_5	C_6	C_7	C_8	C_9	C_10	C_11	C_12	C_13	C_14	C_15	C_16	C_17	C_18	C_19	C_20	C_21	C_22	C_23	C_24	C_25	C_26	C_27	C_28	C_29	C_30	C_31	
68.33	69.22	69.22	68.37	69.16	70.50	70.50	69.14	69.12	70.47	70.48	69.15	68.42	69.29	69.29	68.37	66.38	67.26	67.24	66.42	67.16	68.43	68.39	67.09	67.13	68.43	68.39	67.09	66.36	67.17	67.15	66.29
68.37	69.27	69.26	68.46	69.15	70.41	70.41	69.09	69.05	70.37	70.37	69.13	68.54	69.39	69.41	68.45	66.19	67.11	67.10	66.28	66.86	68.07	68.05	66.79	66.80	68.07	68.05	66.82	66.16	66.94	66.92	66.05
68.39	69.29	69.28	68.52	69.14	70.34	70.33	69.05	68.99	70.27	70.28	69.11	68.62	69.46	69.47	68.50	66.10	67.04	67.04	66.23	66.70	67.84	67.83	66.61	66.60	67.83	67.83	66.66	66.06	66.80	66.79	65.92
68.40	69.31	69.30	68.56	69.13	70.27	70.26	69.02	68.71	69.94	69.96	68.86	68.45	69.26	69.27	68.30	66.04	66.99	66.99	66.19	66.59	67.67	67.66	66.47	66.45	67.66	67.65	66.54	65.99	66.71	66.69	65.83
68.18	69.08	69.07	68.37	68.88	69.97	69.96	68.75	68.87	70.09	70.11	69.06	68.70	69.50	69.51	68.52	66.01	66.96	66.96	66.18	66.52	67.55	67.54	66.38	66.35	67.52	67.52	66.45	65.95	66.64	66.62	65.76
68.13	69.00	69.18	68.51	68.84	70.08	70.02	68.83	68.75	69.92	69.95	68.94	68.64	69.43	69.43	68.45	65.99	66.94	66.95	66.18	66.47	67.46	67.44	66.31	66.26	67.41	67.42	66.39	65.92	66.58	66.57	65.72
68.12	68.98	69.19	68.54	68.82	70.05	69.98	68.81	68.71	69.86	69.89	68.92	68.67	69.44	69.44	68.45	65.97	66.93	66.94	66.19	66.43	67.38	67.37	66.25	66.20	67.32	67.33	66.34	65.90	66.55	66.53	65.68
68.11	68.97	69.19	68.56	68.80	70.01	69.94	68.79	68.44	69.56	69.60	68.67	68.46	69.21	69.21	68.22	65.96	66.92	66.93	66.19	66.41	67.32	67.30	66.21	66.15	67.25	67.26	66.31	65.90	66.52	66.50	65.66
67.87	68.72	68.95	68.35	68.55	69.73	69.65	68.53	68.63	69.74	69.78	68.88	68.70	69.44	69.44	68.44	65.96	66.92	66.93	66.21	66.39	67.26	67.25	66.17	66.10	67.19	67.20	66.28	65.89	66.49	66.47	65.64
68.08	68.92	69.17	68.58	68.76	69.92	69.83	68.72	68.62	69.71	69.76	68.90	68.74	69.47	69.46	68.47	65.96	66.91	66.93	66.22	66.38	67.22	67.20	66.14	66.06	67.13	67.14	66.25	65.89	66.47	66.45	65.62
68.09	68.94	69.19	68.62	68.78	69.91	69.82	68.72	68.60	69.68	69.73	68.90	68.76	69.49	69.47	68.48	65.95	66.91	66.93	66.23	66.37	67.18	67.15	66.11	66.03	67.08	67.09	66.23	65.89	66.46	66.43	65.61
68.10	68.94	69.20	68.64	68.78	69.89	69.80	68.71	68.36	69.42	69.47	68.68	68.56	69.26	69.24	68.26	65.95	66.90	66.93	66.25	66.36	67.14	67.11	66.09	66.00	67.03	67.05	66.22	65.90	66.44	66.42	65.60
67.87	68.70	68.96	68.43	68.54	69.61	69.52	68.46	68.55	69.60	69.66	68.89	68.79	69.48	69.46	68.47	65.95	66.90	66.93	66.26	66.36	67.11	67.08	66.07	65.97	66.99	67.01	66.21	65.90	66.43	66.40	65.59
68.19	69.08	69.24	68.72	68.92	69.80	69.82	68.65	68.63	69.67	69.73	68.98	68.86	69.48	69.54	68.52	65.95	66.90	66.93	66.28	66.35	67.08	67.05	66.05	65.95	66.95	66.97	66.19	65.90	66.42	66.39	65.58
68.22	69.12	69.26	68.76	68.96	69.79	69.82	68.65	68.63	69.67	69.73	69.01	68.89	69.50	69.55	68.54	65.95	66.89	66.93	66.29	66.35	67.05	67.02	66.03	65.92	66.91	66.94	66.18	65.91	66.41	66.37	65.57
68.23	69.13	69.28	68.79	68.97	69.78	69.81	68.64	68.39	69.41	69.47	68.78	68.67	69.26	69.32	68.31	65.95	66.89	66.93	66.30	66.35	67.03	66.99	66.01	65.90	66.87	66.90	66.17	65.91	66.40	66.36	65.56
68.00	68.90	69.04	68.58	68.75	69.52	69.55	68.39	68.59	69.61	69.68	69.01	68.91	69.48	69.54	68.52	65.94	66.88	66.93	66.31	66.35	67.01	66.97	66.00	65.88	66.84	66.87	66.16	65.92	66.39	66.34	65.55
68.29	69.15	69.20	68.74	68.52	69.86	69.65	68.60	68.55	69.55	69.62	68.99	68.92	69.56	69.51	68.51	65.94	66.88	66.92	66.33	66.36	66.98	66.94	65.98	65.86	66.81	66.84	66.16	65.92	66.38	66.33	65.54
68.32	69.17	69.21	68.76	68.49	69.88	69.64	68.60	68.54	69.54	69.61	69.00	68.94	69.58	69.51	68.51	65.94	66.87	66.92	66.34	66.36	66.96	66.92	65.97	65.83	66.77	66.81	66.15	65.93	66.37	66.32	65.53
68.33	69.18	69.22	68.78	68.47	69.88	69.62	68.60	68.30	69.28	69.35	68.77	68.71	69.34	69.27	68.28	65.93	66.86	66.91	66.35	66.36	66.95	66.89	65.95	65.81	66.74	66.78	66.14	65.93	66.35	66.30	65.52
68.10	68.94	68.98	68.56	68.23	69.63	69.36	68.35	68.50	69.48	69.56	68.99	68.94	69.56	69.48	68.49	65.93	66.85	66.91	66.35	66.36	66.93	66.87	65.94	65.80	66.71	66.76	66.14	65.93	66.34	66.29	65.51
68.31	69.16	68.95	68.54	68.20	69.59	69.56	68.56	68.51	69.48	69.56	69.01	68.96	69.58	69.49	68.50	65.92	66.84	66.90	66.36	66.37	66.91	66.85	65.92	65.78	66.69	66.73	66.13	65.93	66.33	66.28	65.50
68.10	68.93	68.94	68.54	68.18	69.56	69.31	68.32	68.51	69.47	69.56	69.02	68.98	69.59	69.49	68.51	65.92	66.83	66.90	66.37	66.37	66.90	66.83	65.91	65.76	66.66	66.71	66.12	65.94	66.32	66.26	65.49
68.07	68.91	68.93	68.54	68.17	69.54	69.27	68.29	68.50	69.46	69.55	69.03	69.00	69.59	69.49	68.51	65.91	66.83	66.89	66.38	66.37	66.88	66.82	65.90	65.74	66.63	66.68	66.12	65.94	66.31	66.25	65.48
68.06	68.89	68.92	68.54	68.16	69.52	69.24	68.27	68.50	69.45	69.54	69.04	69.01	69.59	69.48	68.51	65.90	66.81	66.88	66.38	66.37	66.87	66.80	65.89	65.72	66.60	66.66	66.11	65.94	66.30	66.24	65.48
68.05	68.88	68.92	68.55	68.16	69.51	69.21	68.25	68.49	69.43	69.53	69.05	69.02	69.59	69.48	68.51	65.90	66.80	66.88	66.39	66.38	66.85	66.78	65.88	65.71	66.58	66.64	66.11	65.94	66.29	66.22	65.47
68.05	68.87	68.91	68.56	68.16	69.49	69.19	68.24	68.48	69.42	69.52	69.06	69.03	69.59	69.47	68.50	65.89	66.79	66.87	66.40	66.38	66.84	66.76	65.87	65.69	66.55	66.62	66.10	65.95	66.28	66.21	65.46
68.04	68.86	68.91	68.57	68.16	69.48	69.17	68.22	68.47	69.41	69.51	69.07	69.04	69.59	69.47	68.50	65.88	66.78	66.86	66.40	66.39	66.83	66.74	65.86	65.67	66.53	66.60	66.10	65.95	66.28	66.20	65.45
68.04	68.86	68.91	68.58	68.16	69.46	69.16	68.22	68.47	69.40	69.51	69.08	69.05	69.59	69.46	68.49	65.88	66.77	66.85	66.41	66.39	66.82	66.73	65.85	65.66	66.51	66.57	66.09	65.95	66.27	66.18	65.44
68.03	68.85	68.91	68.58	68.16	69.45	69.14	68.20	68.46	69.39	69.50	69.09	69.06	69.58	69.45	68.49	65.87	66.76	66.85	66.41	66.39	66.81	66.71	65.84	65.64	66.48	66.55	66.09	65.95	66.26	66.17	65.43
68.03	68.85	68.90	68.59	68.17	69.44	69.12	68.19	68.45	69.38	69.49	69.09	69.07	69.58	69.44	68.49	65.86	66.75	66.84	66.42	66.39	66.80	66.70	65.83	65.62	66.46	66.54	66.09	65.95	66.25	66.16	65.42
68.03	68.84	68.90	68.60	68.17	69.43	69.11	68.19	68.45	69.36	69.49	69.10	69.07	69.58	69.44	68.48	65.85	66.74	66.83	66.42	66.40	66.78	66.69	65.81	65.61	66.44	66.52	66.08	65.95	66.24	66.15	65.41
68.03	68.84	68.90	68.61	68.17	69.42	69.10	68.18	68.44	69.35	69.48	69.11	69.08	69.57	69.43	68.47	65.84	66.72	66.82	66.42	66.40	66.77	66.67	65.80	65.59	66.42	66.50	66.08	65.95	66.23	66.13	65.40
68.02	68.83	68.90	68.62	68.17	69.41	69.08	68.17	68.43	69.34	69.47	69.11	69.09	69.57	69.42	68.47	65.84	66.71	66.81	66.43	66.40	66.76	66.66	65.80	65.58	66.40	66.48	66.07	65.95	66.22	66.12	65.39
68.02	68.83	68.90	68.63	68.18	69.40	69.07	68.16	68.43	69.33	69.47	69.12	69.10	69.56	69.41	68.46	65.83	66.70	66.80	66.43	66.40	66.75	66.64	65.79	65.57	66.38	66.46	66.07	65.95	66.21	66.11	65.38
68.02	68.82	68.90	68.63	68.18	69.39	69.06	68.15	68.42	69.32	69.46	69.13	69.10	69.56	69.40	68.46	65.82	66.69	66.80	66.43	66.41	66.74	66.63	65.78	65.55	66.36	66.45	66.06	65.95	66.20	66.10	65.37
68.01	68.82	68.90	68.64	68.18	69.38	69.04	68.14	68.41	69.31	69.46	69.13	69.11	69.55	69.39	68.45	65.81	66.67	66.79	66.44	66.41	66.73	66.62	65.77	65.54	66.34	66.43	66.06	65.95	66.19	66.08	65.37
68.01	68.81	68.89	68.65	68.18	69.38	69.03	68.13	68.41	69.30	69.45	69.14	69.11	69.55	69.38	68.45	65.80	66.66	66.78	66.44	66.41	66.73	66.60	65.76	65.52	66.32	66.41	66.06	65.95	66.18	66.07	65.36
68.01	68.81	68.89	68.65	68.19	69.37	69.02	68.13	68.40	69.29	69.44	69.14	69.12	69.54	69.37	68.44	65.79	66.65	66.77	66.44	66.41	66.72	66.59	65.75	65.51	66.30	66.40	66.05	65.95	66.17	66.06	65.35
68.00	68.80	68.89	68.66	68.19	69.36	69.01	68.12	68.39	69.28	69.44	69.15	69.12	69.54	69.37	68.43	65.78	66.64	66.76	66.44	66.41	66.71	66.58	65.74	65.50	66.28	66.38	66.05	65.95	66.17	66.05	65.34
68.00	68.80	68.89	68.67	68.19	69.35	69.00	68.11	68.38	69.28	69.43	69.15	69.13	69.53	69.36	68.43	65.77	66.62	66.75	66.44	66.41	66.70	66.57	65.73	65.48	66.26	66.37	66.04	65.95	66.16	66.04	65.33
67.99	68.79	68.89	68.67	68.19	69.34	68.98	68.10	68.38	69.27	69.43	69.16	69.13	69.53	69.35	68.42	65.76	66.61	66.74	66.45	66.42	66.69	66.55	65.72	65.47	66.24	66.35	66.04	65.95	66.15	66.02	65.32
67.99	68.79	68.89	68.68	68.20	69.34	68.97	68.09	68.37	69.26	69.42	69.16	69.14	69.52	69.34	68.41	65.76	66.60	66.74	66.45	66.42	66.68	66.54	65.71	65.46	66.23	66.34	66.04	65.95	66.14	66.01	65.31
67.99	68.78	68.89	68.68	68.20	69.33	68.96	68.09	68.37	69.25	69.42	69.17	69.14	69.52	69.33	68.41	65.75	66.59	66.73	66.45	66.42	66.67	66.53	65.70	65.44	66.21	66.32	66.03	65.95	66.13	66.00	65.30
67.98	68.78	68.88	68.69	68.20	69.32	68.95	68.08	68.36	69.24	69.41	69.17	69.15	69.51	69.32	68.40	65.74	66.58	66.72	66.45	66.42	66.67	66.52	65.69	65.43	66.19	66.31	66.03	65.95	66.12	65.99	65.29
67.98	68.77	68.88	68.69	68.20	69.32	68.94	68.07	68.35	69.23	69.41	69.18	69.15	69.51	69.31	68.39	65.73	66.56	66.71	66.45	66.42	66.66	66.51	65.68	65.42	66.18	66.30	66.03	65.95	66.12	65.98	65.29
67.97	68.77	68.88	68.70	68.21	69.31	68.93	68.06	68.34	69.22	69.40	69.18	69.15	69.50	69.30	68.38	65.72	66.55	66.70	66.45	66.42	66.65	66.49	65.68	65.41	66.16	66.29	66.02	65.94	66.11	65.97	65.28
67.97	68.76	68.88	68.70	68.21	69.30	68.92	68.05	68.34	69.22	69.40	69.19	69.16	69.50	69.29	68.38	65.71	66.54	66.69	66.45	66.42	66.64	66.48	65.67	65.40	66.14	66.27	66.02	65.94	66.10	65.96	65.27
67.97	68.76	68.88	68.71	68.21	69.29	68.91	68.05	68.33	69.20	69.39	69.19	69.16	69.49	69.28	68.37	65.70	66.53	66.69	66.45	66.42	66.64	66.47	65.66	65.39	66.13	66.26	66.02	65.94	66.09	65.95	65.26
67.96	68.75	68.87	68.71	68.21	69.29	68.90	68.04	68.32	69.20	69.39	69.19	69.16	69.48	69.27	68.36	65.69	66.52	66.68	66.45	66.42	66.63	66.46	65.65	65.37	66.11	66.25	66.01	65.94	66.09	65.94	65.25
67.96	68.75	68.87	68.72	68.21	69.28	68.89	68.03	68.32	69.19	69.38	69.20	69.16	69.48	69.26	68.35	65.68	66.50	66.67	66.45	66.43	66.62	66.45	65.64	65.36	66.10	66.24	66.01	65.94	66.08	65.93	65.24
67.95	68.74	68.87	68.72	68.22	69.28	68.88	68.02	68.31	69.18	69.38	69.20	69.17	69.47	69.25	68.35	65.67	66.49	66.66	66.45	66.43	66.61	66.44	65.63	65.35	66.08	66.23	66.00	65.94	66.07	65.92	65.23
67.95	68.73	68.87	68.73	68.22	69.27	68.87	68.02	68.30	69.17	69.37	69.20	69.17	69.46	69.24	68.34	65.67	66.48	66.65	66.45	66.43	66.61	66.43	65.63	65.34	66.07	66.22	66.00	65.94	66.06	65.91	65.23
67.94	68.73	68.87	68.73	68.22	69.27	68.86	68.01	68.30	69.16	69.37	69.21	69.17	69.46	69.23	68.33	65.66	66.47	66.64	66.45	66.43	66.60	66.42	65.62	65.33	66.05	66.20	66.00	65.93	66.06	65.90	65.22
67.94	68.72	68.87	68.73	68.22	69.26	68.85	68.00	68.29	69.16	69.36	69.21	69.17	69.45	69.22	68.33	65.65	66.46	66.63	66.45	66.43	66.60	66.41	65.61	65.32	66.04	66.19	65.99	65.93	66.05	65.89	65.21
67.93	68.72	68.87	68.74	68.22	69.26	68.84	67.99	68.28	69.15	69.36	69.21	69.17	69.45	69.22	68.32	65.64	66.45	66.62	66.45	66.43	66.59	66.40	65.60	65.31	66.02	66.18	65.99	65.93	66.04	65.88	65.20
67.93	68.71	68.86	68.74	68.22	69.25	68.83	67.99	68.28	69.14	69.36	69.21	69.18	69.44	69.21	68.31	65.63	66.44	66.62	66.45	66.43	66.58	66.39	65.59	65.30	66.01	66.17	65.99	65.93	66.03	65.87	65.19
67.92	68.71	68.86	68.74	68.23	69.24	68.83	67.98	68.27	69.13	69.35	69.21	69.18	69.44	69.20	68.30	65.62	66.42	66.61	66.45	66.43	66.57	66.38	65.58	65.28	66.00	66.16	65.99	65.93	66.03	65.86	65.18
67.92	68.70	68.86	68.75	68.23	69.24	68.82	67.97	68.26	69.12	69.35	69.22	69.18	69.43	69.19	68.29	65.61	66.41	66.61	66.45	66.43	66.57	66.37	65.57	65.27	65.99	66.15	65.98	65.93	66.02	65.85	65.18
67.91	68.70	68.85	68.75	68.23	69.23	68.81	67.97	68.25	69.11	69.34	69.22	69.18	69.43	69.18	68.29	65.60	66.40	66.60	66.45	66.43	66.56	66.36	65.57	65.26	65.98	66.14	65.98	65.93	66.01	65.84	65.17
67.91	68.69	68.85	68.75	68.23	69.22	68.80	67.96	68.25	69.11	69.34	69.22	69.18	69.42	69.17	68.28	65.59	66.39	66.59	66.45	66.42	66.56	66.35	65.56	65.25	65.96	66.13	65.97	65.92	66.01	65.83	65.16
67.90	68.69	68.85	68.75	68.23	69.22	68.79	67.95	68.24	69.10	69.33	69.22	69.18	69.42	69.16	68.27	65.58	66.38	66.58	66.45	66.42	66.55	66.34	65.55	65.24	65.95	66.12	65.97	65.92	66.00	65.82	65.15
67.90	68.68	68.85	68.76	68.23	69.21	68.78	67.94	68.24	69.09	69.33	69.22	69.19	69.41	69.15	68.26	65.57	66.37	66.58	66.45	66.42	66.54	66.33	65.54	65.23	65.94	66.11	65.97	65.92	65.99	65.81	65.14
67.90	68.68	68.84	68.76	68.23	69.21	68.77	67.94	68.23	69.08	69.33	69.22	69.19	69.41	69.15	68.26	65.57	66.36	66.57	66.44	66.42	66.53	66.32	65.53	65.22	65.92	66.10	65.96	65.92	65.99	65.80	65.14
67.89	68.67	68.84	68.76	68.23	69.20	68.77	67.93	68.22	69.08	69.32	69.22	69.19	69.40	69.14	68.25	65.56	66.35	66.56	66.44	66.42	66.53	66.31	65.53	65.21	65.91	66.09	65.96	65.91	65.98	65.79	65.13
67.89	68.67	68.84	68.76	68.23	69.20	68.76	67.92	68.22	69.07	69.32	69.23	69.19	69.40	69.13	68.24	65.55	66.34	66.55	66.44	66.42	66.52	66.30	65.52	65.20	65.90	66.08	65.96	65.91	65.97	65.78	65.12
67.88	68.66	68.84	68.77	68.23	69.19	68.75	67.91	68.21	69.06	69.31	69.23	69.19	69.39	69.12	68.23	65.54	66.33	66.55	66.44	66.42	66.51	66.29	65.51	65.19	65.89	66.07	65.95	65.91	65.97	65.77	65.11
67.88	68.66	68.84	68.77	68.23	69.19	68.74	67.91	68.20	69.05	69.31	69.23	69.19	69.38	69.11	68.23	65.53	66.32	66.54	66.44	66.42	66.51	66.28	65.50	65.18	65.88	66.06	65.95	65.91	65.96	65.76	65.11
67.87	68.65	68.83	68.77	68.23	69.18	68.73	67.90	68.20	69.05	69.30	69.23	69.19	69.38	69.10	68.22	65.52	66.31	66.53	66.44	66.42	66.50	66.27	65.49	65.17	65.86	66.05	65.95	65.90	65.95	65.75	65.10
67.87	68.65	68.83	68.77	68.23	69.18	68.72	67.89	68.19	69.04	69.30	69.23	69.19	69.37	69.10	68.21	65.51	66.30	66.52	66.44	66.42	66.49	66.27	65.49	65.17	65.85	66.04	65.94	65.90	65.95	65.75	65.09
67.86	68.64	68.83	68.77	68.23	69.17	68.72	67.89	68.18	69.03	69.29	69.23	69.19	69.37	69.09	68.20	65.51	66.29	66.52	66.43	66.42	66.49	66.26	65.48	65.16	65.84	66.04	65.94	65.90	65.94	65.74	65.08
67.86	68.64	68.83	68.77	68.24	69.17	68.71	67.88	68.18	69.02	69.29	69.23	69.19	69.36	69.08	68.20	65.50	66.28	66.51	66.43	66.41	66.48	66.25	65.47	65.15	65.83	66.03	65.94	65.90	65.94	65.73	65.08
67.85	68.63	68.82	68.77	68.24	69.16	68.70	67.87	68.17	69.02	69.29	69.23	69.19	69.36	69.07	68.19	65.49	66.27	66.50	66.43	66.41	66.48	66.24	65.46	65.14	65.82	66.02	65.93	65.90	65.93	65.72	65.07
67.85	68.63	68.82	68.78	68.23	69.16	68.69	67.87	68.16	69.01	69.28	69.23	69.19	69.35	69.06	68.18	65.48	66.26	66.50	66.43	66.41	66.47	66.23	65.46	65.13	65.81	66.01	65.93	65.89	65.92	65.71	65.06
68.07	68.86	68.82	68.78	68.23	69.15	68.92	68.09	68.16	69.00	69.28	69.23	69.19	69.35	69.05	68.18	65.47	66.25	66.49	66.43	66.41	66.47	66.22	65.45	65.12	65.80	66.00	65.93	65.89	65.92	65.70	65.05
68.07	68.86	69.19	69.15	68.95	69.31	68.97	68.13	67.00	67.86	68.12	68.07	68.05	68.16	67.89	67.02	65.46	66.24	66.48	66.42	66.40	66.45	66.21	65.43	65.11	65.79	65.99	65.92	65.89	65.91	65.70	65.05
68.05	68.84	69.04	69.02	69.08	69.22	68.91	68.08	66.85	67.70	67.97	67.93	67.91	68.01	67.74	66.87	65.44	66.22	66.46	66.41	66.39	66.44	66.19	65.42	65.10	65.78	65.99	65.92	65.89	65.91	65.69	65.04
67.80	68.59	68.78	68.77	68.88	68.97	68.65	67.83	66.77	67.62	67.89	67.85	67.84	67.92	67.65	66.79	65.43	66.20	66.45	66.40	66.38	66.43	66.18	65.40	65.09	65.77	65.98	65.92	65.88	65.90	65.68	65.03
67.77	68.93	69.27	68.48	69.03	69.11	68.96	68.14	66.71	67.56	67.83	67.80	67.79	67.87	67.60	66.74	65.41	66.19	66.44	66.39	66.38	66.41	66.16	65.39	65.08	65.76	65.97	65.91	65.88	65.89	65.67	65.02
68.03	68.92	69.09	68.98	69.05	69.15	69.05	68.23	66.68	67.52	67.79	67.76	67.76	67.83	67.56	66.70	65.40	66.17	66.42	66.38	66.37	66.40	66.14	65.38	65.07	65.75	65.96	65.91	65.88	65.89	65.66	65.02
68.13	68.86	69.06	69.00	69.03	69.14	68.90	68.08	66.65	67.49	67.77	67.74	67.74	67.80	67.52	66.67	65.38	66.15	66.41	66.37	66.36	66.39	66.13	65.36	65.07	65.73	65.95	65.90	65.87	65.88	65.65	65.01
67.91	68.61	68.81	68.77	68.79	68.89	68.64	67.83	66.62	67.47	67.74	67.72	67.72	67.77	67.50	66.65	65.37	66.14	66.40	66.36	66.35	66.38	66.12	65.35	65.06	65.72	65.94	65.90	65.87	65.87	65.64	65.00
67.97	68.78	69.16	69.05	69.07	69.24	68.89	68.07	66.61	67.45	67.73	67.70	67.70	67.75	67.48	66.63	65.36	66.13	66.39	66.36	66.35	66.37	66.10	65.34	65.05	65.71	65.94	65.90	65.87	65.87	65.64	64.99
67.98	68.74	69.08	69.15	69.15	69.15	68.84	68.01	66.59	67.43	67.71	67.69	67.69	67.74	67.46	66.61	65.35	66.11	66.38	66.35	66.34	66.36	66.09	65.33	65.04	65.70	65.93	65.89	65.86	65.86	65.63	64.99
67.99	68.81	69.04	69.04	69.04	69.12	68.92	68.09	66.58	67.41	67.70	67.69	67.69	67.72	67.44	66.60	65.34	66.10	66.37	66.35	66.33	66.35	66.08	65.32	65.03	65.69	65.92	65.89	65.86	65.85	65.62	64.98
67.75	68.57	68.79	68.79	68.79	68.87	68.69	67.86	66.56	67.40	67.69	67.68	67.68	67.71	67.43	66.58	65.33	66.09	66.36	66.34	66.33	66.34	66.07	65.31	65.02	65.68	65.91	65.88	65.85	65.85	65.61	64.97
67.77	68.70	68.98	69.02	69.05	69.06	68.99	68.16	66.55	67.39	67.67	67.67	67.67	67.70	67.41	66.57	65.32	66.08	66.35	66.34	66.32	66.33	66.06	65.30	65.01	65.67	65.90	65.88	65.85	65.84	65.60	64.96
68.07	68.84	69.03	69.01	69.03	69.10	68.82	67.99	66.54	67.37	67.66	67.67	67.66	67.69	67.40	66.56	65.31	66.07	66.34	66.33	66.32	66.32	66.05	65.29	65.00	65.66	65.90	65.87	65.85	65.83	65.59	64.96
67.96	68.77	69.18	69.08	69.10	69.24	68.87	68.05	66.53	67.36	67.66	67.66	67.66	67.68	67.39	66.55	65.30	66.06	66.33	66.33	66.32	66.31	66.04	65.28	65.00	65.65	65.89	65.87	65.84	65.83	65.59	64.95
67.72	68.53	68.96	68.85	68.87	69.01	68.63	67.82	66.52	67.35	67.65	67.65	67.65	67.67	67.38	66.54	65.29	66.05	66.32	66.32	66.31	66.31	66.03	65.27	64.99	65.64	65.88	65.87	65.84	65.82	65.58	64.94
67.93	68.71	69.01	69.15	69.16	69.08	68.75	67.94	66.51	67.34	67.64	67.65	67.65	67.66	67.36	66.52	65.28	66.04	66.31	66.32	66.31	66.30	66.02	65.26	64.98	65.63	65.87	65.86	65.84	65.82	65.57	64.93
67.94	68.73	69.03	68.99	69.01	69.10	68.83	68.03	66.50	67.33	67.63	67.64	67.64	67.65	67.35	66.51	65.27	66.03	66.31	66.31	66.30	66.29	66.01	65.25	64.97	65.63	65.87	65.86	65.83	65.81	65.56	64.93
67.93	68.78	68.99	69.05	69.06	69.04	68.96	68.11	66.49	67.32	67.62	67.64	67.64	67.64	67.34	66.50	65.26	66.02	66.30	66.31	66.30	66.28	66.00	65.24	64.96	65.62	65.86	65.85	65.83	65.80	65.56	64.92
67.69	68.54	68.74	68.80	68.81	68.79	68.73	67.89	66.48	67.31	67.61	67.63	67.63	67.63	67.33	66.49	65.25	66.01	66.29	66.30	66.29	66.28	65.99	65.24	64.95	65.61	65.85	65.85	65.83	65.80	65.55	64.91
68.08	68.83	68.97	69.00	69.03	69.03	68.77	67.97	66.47	67.30	67.60	67.63	67.63	67.62	67.32	66.48	65.24	66.00	66.28	66.30	66.29	66.27	65.98	65.23	64.95	65.60	65.84	65.85	65.82	65.79	65.54	64.90
67.93	68.72	69.16	69.05	69.06	69.20	68.83	68.00	66.46	67.29	67.60	67.62	67.62	67.61	67.31	66.48	65.23	65.99	66.27	66.29	66.28	66.26	65.97	65.22	64.94	65.59	65.84	65.84	65.82	65.79	65.53	64.90
67.90	68.71	69.01	69.18	69.19	69.07	68.74	67.94	66.45	67.28	67.59	67.62	67.62	67.61	67.30	66.47	65.22	65.98	66.27	66.29	66.28	66.25	65.96	65.21	64.93	65.58	65.83	65.84	65.81	65.78	65.52	64.89
67.66	68.47	68.76	68.96	68.97	68.82	68.49	67.69	66.44	67.27	67.58	67.61	67.61	67.60	67.29	66.45	65.21	65.97	66.26	66.28	66.27	66.25	65.95	65.20	64.92	65.57	65.82	65.83	65.81	65.77	65.52	64.88
67.88	68.66	68.98	69.01	69.02	69.04	68.73	67.91	66.43	67.26	67.57	67.61	67.61	67.59	67.28	66.45	65.20	65.96	66.25	66.28	66.27	66.24	65.94	65.19	64.91	65.56	65.81	65.83	65.81	65.77	65.51	64.88
67.87	68.66	68.96	69.02	69.02	69.01	68.86	68.01	66.42	67.25	67.56	67.60	67.60	67.58	67.27	66.44	65.20	65.95	66.24	66.27	66.27	66.23	65.93	65.18	64.90	65.55	65.81	65.82	65.80	65.76	65.50	64.87
68.06	68.84	68.95	69.02	69.04	69.02	68.76	67.98	66.41	67.24	67.56	67.60	67.60	67.57	67.26	66.43	65.19	65.94	66.24	66.27	66.26	66.22	65.92	65.18	64.90	65.54	65.80	65.82	65.80	65.76	65.49	64.86
67.84	68.61	68.71	68.78	68.80	68.78	68.51	67.74	66.41	67.23	67.55	67.59	67.59	67.56	67.25	66.42	65.18	65.93	66.23	66.26	66.26	66.22	65.91	65.17	64.89	65.53	65.79	65.81	65.80	65.75	65.49	64.85
67.90	68.70	69.08	69.01	69.02	69.11	68.75	67.95	66.40	67.22	67.54	67.59	67.59	67.56	67.24	66.41	65.17	65.92	66.22	66.26	66.25	66.21	65.90	65.16	64.88	65.53	65.79	65.81	65.79	65.74	65.48	64.85
67.87	68.65	68.99	69.15	69.16	69.03	68.64	67.86	66.39	67.21	67.53	67.58	67.59	67.55	67.23	66.40	65.16	65.91	66.21	66.25	66.25	66.20	65.90	65.15	64.87	65.52	65.78	65.81	65.79	65.74	65.47	64.84
67.85	68.62	69.01	69.03	69.05	69.05	68.69	67.89	66.38	67.20	67.53	67.58	67.58	67.54	67.22	66.39	65.15	65.90	66.20	66.25	66.24	66.19	65.89	65.14	64.87	65.51	65.77	65.80	65.78	65.73	65.46	64.83
67.61	68.37	68.76	68.78	68.80	68.80	68.45	67.65	66.37	67.19	67.52	67.57	67.58	67.53	67.21	66.38	65.14	65.89	66.20	66.24	66.24	66.19	65.88	65.13	64.86	65.50	65.76	65.80	65.78	65.72	65.46	64.83
67.77	68.56	68.89	68.96	68.98	68.93	68.77	67.94	66.36	67.18	67.51	67.57	67.57	67.52	67.20	66.37	65.14	65.88	66.19	66.24	66.23	66.18	65.87	65.13	64.85	65.49	65.76	65.79	65.77	65.72	65.45	64.82
68.00	68.79	68.91	68.99	68.99	68.95	68.71	67.92	66.35	67.17	67.50	67.57	67.57	67.52	67.19	66.37	65.13	65.87	66.18	66.23	66.23	66.17	65.86	65.12	64.84	65.48	65.75	65.79	65.77	65.71	65.44	64.81
67.89	68.71	69.04	68.98	68.98	69.07	68.75	67.95	66.35	67.16	67.50	67.56	67.56	67.51	67.18	66.36	65.12	65.86	66.17	66.23	66.22	66.17	65.85	65.11	64.83	65.47	65.74	65.78	65.77	65.71	65.43	64.80
67.64	68.46	68.81	68.74	68.73	68.84	68.51	67.71	66.34	67.15	67.49	67.55	67.56	67.50	67.17	66.35	65.11	65.85	66.17	66.22	66.22	66.16	65.84	65.10	64.83	65.47	65.74	65.78	65.76	65.70	65.43	64.80
67.83	68.59	68.94	69.10	68.79	69.15	68.59	67.80	66.33	67.15	67.48	67.55	67.55	67.50	67.16	66.34	65.10	65.84	66.16	66.22	66.21	66.15	65.83	65.09	64.82	65.46	65.73	65.77	65.76	65.69	65.42	64.79
67.77	68.59	68.97	69.03	68.97	69.03	68.61	67.80	66.32	67.14	67.48	67.55	67.54	67.49	67.15	66.33	65.10	65.84	66.15	66.21	66.21	66.14	65.83	65.09	64.81	65.45	65.72	65.77	65.75	65.69	65.41	64.78
67.77	68.55	68.89	69.03	69.04	68.96	68.73	67.87	66.31	67.13	67.47	67.54	67.54	67.48	67.14	66.32	65.09	65.83	66.15	66.21	66.20	66.14	65.82	65.08	64.80	65.44	65.72	65.76	65.75	65.68	65.40	64.78
67.54	68.30	68.64	68.78	68.81	68.71	68.50	67.64	66.30	67.12	67.46	67.54	67.54	67.47	67.13	66.31	65.08	65.82	66.14	66.20	66.20	66.13	65.81	65.07	64.80	65.43	65.71	65.76	65.74	65.68	65.40	64.77
67.92	68.69	68.86	68.93	68.88	68.88	68.63	67.86	66.30	67.11	67.46	67.53	67.53	67.47	67.12	66.31	65.07	65.81	66.13	66.20	66.19	66.12	65.80	65.06	64.79	65.42	65.70	65.75	65.74	65.67	65.39	64.76
67.81	68.64	68.96	68.96	68.99	69.05	68.68	67.90	66.29	67.10	67.45	67.53	67.53	67.46	67.12	66.30	65.06	65.80	66.12	66.19	66.19	66.12	65.79	65.05	64.78	65.42	65.70	65.75	65.73	65.66	65.38	64.76
67.83	68.55	68.93	69.11	69.09	68.95	68.60	67.79	66.28	67.09	67.44	67.52	67.52	67.45	67.11	66.29	65.06	65.79	66.12	66.19	66.18	66.11	65.78	65.05	64.77	65.41	65.69	65.74	65.73	65.66	65.37	64.75
67.59	68.30	68.68	68.89	68.87	68.70	68.34	67.53	66.27	67.09	67.43	67.52	67.52	67.44	67.10	66.28	65.05	65.78	66.11	66.18	66.18	66.10	65.77	65.04	64.77	65.40	65.68	65.74	65.73	65.65	65.37	64.74
67.90	68.18	68.69	69.02	68.96	68.94	68.48	67.72	66.27	67.08	67.43	67.51	67.51	67.44	67.09	66.27	65.04	65.77	66.10	66.18	66.17	66.10	65.77	65.03	64.76	65.39	65.67	65.73	65.72	65.65	65.36	64.74
67.76	68.47	68.82	69.00	69.01	68.90	68.65	67.79	66.26	67.07	67.42	67.51	67.51	67.43	67.08	66.27	65.03	65.77	66.10	66.17	66.17	66.09	65.76	65.02	64.75	65.38	65.67	65.73	65.72	65.64	65.35	64.73
67.90	68.64	68.82	68.94	68.94	68.86	68.58	67.82	66.25	67.06	67.41	67.50	67.50	67.42	67.07	66.26	65.02	65.76	66.09	66.17	66.16	66.08	65.75	65.02	64.75	65.38	65.66	65.72	65.71	65.63	65.34	64.72
67.67	68.43	68.58	68.69	68.69	68.61	68.33	67.58	66.25	67.05	67.41	67.50	67.50	67.41	67.06	66.25	65.02	65.75	66.08	66.16	66.16	66.07	65.74	65.01	64.74	65.37	65.65	65.72	65.71	65.63	65.34	64.72
67.74	68.38	68.78	68.88	68.90	68.99	68.60	67.81	66.24	67.04	67.40	67.49	67.49	67.41	67.05	66.24	65.01	65.74	66.07	66.16	66.15	66.07	65.73	65.00	64.73	65.36	65.65	65.71	65.70	65.62	65.33	64.71
67.77	68.55	68.92	69.06	69.00	68.81	68.55	67.74	66.23	67.04	67.39	67.49	67.49	67.40	67.05	66.24	65.00	65.73	66.07	66.15	66.15	66.06	65.73	64.99	64.72	65.35	65.64	65.71	65.70	65.62	65.32	64.70
67.75	68.52	68.89	68.93	68.97	68.93	68.48	67.73	66.22	67.03	67.39	67.48	67.48	67.40	67.04	66.23	64.99	65.72	66.06	66.15	66.14	66.05	65.72	64.99	64.72	65.35	65.64	65.70	65.69	65.61	65.32	64.70
67.52	68.28	68.65	68.68	68.72	68.69	68.23	67.48	66.21	67.02	67.38	67.48	67.48	67.39	67.03	66.22	64.99	65.72	66.05	66.14	66.14	66.05	65.71	64.98	64.71	65.34	65.63	65.70	65.69	65.60	65.31	64.69
67.67	68.44	68.79	68.93	68.93	68.86	68.52	67.70	66.21	67.01	67.37	67.47	67.47	67.38	67.02	66.21	64.98	65.71	66.05	66.14	66.13	66.04	65.70	64.97	64.70	65.33	65.62	65.69	65.68	65.60	65.30	64.68
67.81	68.60	68.83	68.93	68.93	68.84	68.55	67.78	66.20	67.00	67.37	67.47	67.47	67.37	67.01	66.21	64.97	65.70	66.04	66.13	66.13	66.03	65.69	64.97	64.70	65.32	65.62	65.69	65.68	65.59	65.30	64.68
67.65	68.44	68.81	68.91	68.92	68.96	68.55	67.75	66.19	67.00	67.36	67.46	67.46	67.37	67.01	66.20	64.96	65.69	66.03	66.13	66.12	66.03	65.69	64.96	64.69	65.31	65.61	65.69	65.67	65.58	65.29	64.67
67.41	68.18	68.57	68.66	68.68	68.73	68.31	67.52	66.18	66.99	67.35	67.46	67.46	67.36	67.00	66.19	64.96	65.68	66.03	66.12	66.12	66.02	65.68	64.95	64.68	65.31	65.60	65.68	65.67	65.58	65.28	64.66
67.69	68.48	68.87	68.99	69.02	68.63	68.13	67.86	66.18	66.98	67.35	67.45	67.45	67.35	66.99	66.18	64.95	65.68	66.02	66.12	66.11	66.01	65.67	64.94	64.68	65.30	65.60	65.68	65.67	65.57	65.27	64.66
67.70	68.47	68.81	68.87	68.90	68.81	68.46	67.72	66.17	66.97	67.34	67.45	67.45	67.35	66.98	66.18	64.94	65.67	66.01	66.11	66.11	66.01	65.66	64.94	64.67	65.29	65.59	65.67	65.66	65.57	65.27	64.65
67.65	68.42	68.80	68.94	68.95	68.85	68.47	67.73	66.16	66.97	67.33	67.44	67.44	67.34	66.97	66.17	64.94	65.66	66.01	66.11	66.10	66.00	65.66	64.93	64.66	65.29	65.58	65.67	65.66	65.56	65.26	64.65
67.41	68.17	68.56	68.71	68.72	68.62	68.23	67.50	66.16	66.96	67.33	67.44	67.44	67.33	66.96	66.16	64.93	65.65	66.00	66.10	66.10	65.99	65.65	64.92	64.66	65.28	65.58	65.66	65.65	65.55	65.25	64.64
67.74	68.52	68.81	68.89	68.92	68.79	68.50	67.70	66.15	66.95	67.32	67.43	67.43	67.33	66.96	66.16	64.92	65.64	65.99	66.10	66.09	65.99	65.64	64.92	64.65	65.27	65.57	65.66	65.65	65.55	65.25	64.63
67.58	68.34	68.76	68.89	68.91	68.84	68.38	67.64	66.14	66.94	67.32	67.43	67.43	67.32	66.95	66.15	64.91	65.64	65.99	66.09	66.09	65.98	65.63	64.91	64.64	65.26	65.56	65.65	65.64	65.54	65.24	64.63
67.67	68.46	68.87	68.98	68.95	68.83	68.50	67.71	66.14	66.94	67.31	67.42	67.43	67.31	66.94	66.14	64.91	65.63	65.98	66.09	66.08	65.98	65.63	64.90	64.64	65.26	65.56	65.65	65.64	65.54	65.23	64.62
67.44	68.23	68.63	68.75	68.71	68.58	68.26	67.47	66.13	66.93	67.30	67.42	67.42	67.31	66.93	66.13	64.90	65.62	65.97	66.08	66.08	65.97	65.62	64.90	64.63	65.25	65.55	65.64	65.63	65.53	65.23	64.61
67.69	68.45	68.71	68.80	68.86	68.75	68.48	67.69	66.12	66.92	67.30	67.41	67.41	67.30	66.93	66.13	64.89	65.61	65.97	66.07	66.07	65.96	65.61	64.89	64.62	65.24	65.54	65.64	65.63	65.53	65.22	64.61
67.63	68.42	68.80	68.91	68.89	68.84	68.46	67.67	66.12	66.91	67.29	67.41	67.41	67.30	66.92	66.12	64.89	65.61	65.96	66.07	66.07	65.96	65.60	64.88	64.62	65.23	65.54	65.63	65.62	65.52	65.21	64.60
67.48	68.43	68.82	68.94	68.94	68.83	68.14	66.95	66.11	66.91	67.28	67.40	67.41	67.29	66.91	66.11	64.88	65.60	65.95	66.06	66.06	65.95	65.60	64.88	64.61	65.23	65.53	65.63	65.62	65.51	65.21	64.59
67.23	68.19	68.59	68.71	68.71	68.59	67.85	66.63	66.10	66.90	67.28	67.40	67.40	67.28	66.90	66.10	64.87	65.59	65.95	66.06	66.06	65.94	65.59	64.87	64.60	65.22	65.53	65.62	65.61	65.51	65.20	64.59
66.41	67.22	68.75	68.87	68.90	68.80	67.18	66.32	66.09	66.89	67.27	67.39	67.39	67.28	66.89	66.08	64.87	65.58	65.94	66.05	66.05	65.94	65.58	64.86	64.60	65.21	65.52	65.61	65.61	65.50	65.19	64.58
