Metric	Core0	Core1	Core2	Core3	Core4	Core5	Core6	Core7	Core8	Core9	Core10	Core11	Core12	Core13	Core14	Core15	Core16	Core17	Core18	Core19	Core20	Core21	Core22	Core23	Core24	Core25	Core26	Core27	Core28	Core29	Core30	Core31
total	3600355.945	3600355.945	2.445	2.451	2.398	2.366	3600355.945	3600355.945	3600355.945	3600355.945	3600355.945	3600355.945	3600355.945	3600355.945	3600355.945	3600355.945	3600355.945	3600355.945	3600355.945	3600355.945	3600355.945	3600355.945	3600355.945	3600355.945	3600355.945	3600355.945	3600355.945	3600355.945	3600355.945	3600355.945	3600355.945	3600355.945
base	0.000	0.000	0.335	0.330	0.310	0.330	0.000	0.000	0.000	0.000	0.000	0.000	0.000	0.000	0.000	0.000	0.000	0.000	0.000	0.000	0.000	0.000	0.000	0.000	0.000	0.000	0.000	0.000	0.000	0.000	0.000	0.000
dispatch_width	-
rs_full	-
depend	-
depend-int	-
depend-fp	0.000	0.000	0.168	0.165	0.160	0.168	0.000	0.000	0.000	0.000	0.000	0.000	0.000	0.000	0.000	0.000	0.000	0.000	0.000	0.000	0.000	0.000	0.000	0.000	0.000	0.000	0.000	0.000	0.000	0.000	0.000	0.000
depend-branch	-
issue	0.000	0.000	0.083	0.084	0.081	0.081	0.000	0.000	0.000	0.000	0.000	0.000	0.000	0.000	0.000	0.000	0.000	0.000	0.000	0.000	0.000	0.000	0.000	0.000	0.000	0.000	0.000	0.000	0.000	0.000	0.000	0.000
serial	-
smt	-
branch	0.000	0.000	0.702	0.635	0.594	0.609	0.000	0.000	0.000	0.000	0.000	0.000	0.000	0.000	0.000	0.000	0.000	0.000	0.000	0.000	0.000	0.000	0.000	0.000	0.000	0.000	0.000	0.000	0.000	0.000	0.000	0.000
itlb	-
dtlb	-
ifetch	-
mem	-
mem-l1d	0.000	0.000	0.027	0.027	0.026	0.026	0.000	0.000	0.000	0.000	0.000	0.000	0.000	0.000	0.000	0.000	0.000	0.000	0.000	0.000	0.000	0.000	0.000	0.000	0.000	0.000	0.000	0.000	0.000	0.000	0.000	0.000
mem-l2	-
mem-l3	-
mem-l4	-
mem-remote	-
mem-nuca	-
mem-dram-cache	-
mem-dram	0.000	0.000	1.258	1.373	1.278	1.361	0.000	0.000	0.000	0.000	0.000	0.000	0.000	0.000	0.000	0.000	0.000	0.000	0.000	0.000	0.000	0.000	0.000	0.000	0.000	0.000	0.000	0.000	0.000	0.000	0.000	0.000
sync	-
dvfs-transition	-
imbalance	3593155.945	3593155.945	0.000	0.000	0.000	0.000	3593155.945	3593155.945	3600355.945	3600355.945	3600355.945	3600355.945	3600355.945	3600355.945	3600355.945	3600355.945	3600355.945	3600355.945	3600355.945	3600355.945	3600355.945	3600355.945	3600355.945	3600355.945	3600355.945	3600355.945	3600355.945	3600355.945	3600355.945	3600355.945	3600355.945	3600355.945
other	7200.000	7200.000	-0.126	-0.163	-0.052	-0.209	7200.000	7200.000	0.000	0.000	0.000	0.000	0.000	0.000	0.000	0.000	0.000	0.000	0.000	0.000	0.000	0.000	0.000	0.000	0.000	0.000	0.000	0.000	0.000	0.000	0.000	0.000
