pcb_LC_0	347.9340
pcb_LC_1	349.0040
pcb_LC_2	349.4718
pcb_LC_3	349.6577
pcb_LC_4	349.6577
pcb_LC_5	349.4720
pcb_LC_6	349.0044
pcb_LC_7	347.9348
pcb_LC_8	347.9147
pcb_LC_9	349.1824
pcb_LC_10	349.7821
pcb_LC_11	350.0273
pcb_LC_12	350.0274
pcb_LC_13	349.7823
pcb_LC_14	349.1830
pcb_LC_15	347.9158
pcb_LC_16	347.9146
pcb_LC_17	349.1821
pcb_LC_18	349.7817
pcb_LC_19	350.0270
pcb_LC_20	350.0271
pcb_LC_21	349.7821
pcb_LC_22	349.1828
pcb_LC_23	347.9157
pcb_LC_24	347.9336
pcb_LC_25	349.0034
pcb_LC_26	349.4711
pcb_LC_27	349.6570
pcb_LC_28	349.6570
pcb_LC_29	349.4714
pcb_LC_30	349.0040
pcb_LC_31	347.9346
solder_LC_0	349.7969
solder_LC_1	350.1557
solder_LC_2	350.4221
solder_LC_3	350.5583
solder_LC_4	350.5583
solder_LC_5	350.4221
solder_LC_6	350.1560
solder_LC_7	349.7982
solder_LC_8	349.9086
solder_LC_9	350.3846
solder_LC_10	350.7312
solder_LC_11	350.9079
solder_LC_12	350.9080
solder_LC_13	350.7313
solder_LC_14	350.3850
solder_LC_15	349.9105
solder_LC_16	349.9082
solder_LC_17	350.3838
solder_LC_18	350.7303
solder_LC_19	350.9070
solder_LC_20	350.9072
solder_LC_21	350.7307
solder_LC_22	350.3849
solder_LC_23	349.9105
solder_LC_24	349.7962
solder_LC_25	350.1545
solder_LC_26	350.4207
solder_LC_27	350.5569
solder_LC_28	350.5571
solder_LC_29	350.4212
solder_LC_30	350.1555
solder_LC_31	349.7979
sub_LC_0	349.9980
sub_LC_1	350.3727
sub_LC_2	350.6613
sub_LC_3	350.8095
sub_LC_4	350.8095
sub_LC_5	350.6612
sub_LC_6	350.3728
sub_LC_7	349.9994
sub_LC_8	350.1158
sub_LC_9	350.5944
sub_LC_10	350.9562
sub_LC_11	351.1412
sub_LC_12	351.1414
sub_LC_13	350.9559
sub_LC_14	350.5943
sub_LC_15	350.1185
sub_LC_16	350.1151
sub_LC_17	350.5929
sub_LC_18	350.9546
sub_LC_19	351.1398
sub_LC_20	351.1400
sub_LC_21	350.9549
sub_LC_22	350.5942
sub_LC_23	350.1185
sub_LC_24	349.9971
sub_LC_25	350.3712
sub_LC_26	350.6596
sub_LC_27	350.8078
sub_LC_28	350.8080
sub_LC_29	350.6601
sub_LC_30	350.3724
sub_LC_31	349.9992
layer_3_LC_0	351.7435
layer_3_LC_1	352.3523
layer_3_LC_2	352.8596
layer_3_LC_3	353.1182
layer_3_LC_4	353.1186
layer_3_LC_5	352.8582
layer_3_LC_6	352.3503
layer_3_LC_7	351.7461
layer_3_LC_8	351.9152
layer_3_LC_9	352.5724
layer_3_LC_10	353.1150
layer_3_LC_11	353.3899
layer_3_LC_12	353.3914
layer_3_LC_13	353.1119
layer_3_LC_14	352.5657
layer_3_LC_15	351.9257
layer_3_LC_16	351.9116
layer_3_LC_17	352.5637
layer_3_LC_18	353.1059
layer_3_LC_19	353.3823
layer_3_LC_20	353.3828
layer_3_LC_21	353.1058
layer_3_LC_22	352.5667
layer_3_LC_23	351.9259
layer_3_LC_24	351.7407
layer_3_LC_25	352.3478
layer_3_LC_26	352.8549
layer_3_LC_27	353.1142
layer_3_LC_28	353.1144
layer_3_LC_29	352.8556
layer_3_LC_30	352.3505
layer_3_LC_31	351.7462
layer_4_TB_0	351.6525
layer_4_TB_1	352.2615
layer_4_TB_2	352.7686
layer_4_TB_3	353.0270
layer_4_TB_4	353.0274
layer_4_TB_5	352.7671
layer_4_TB_6	352.2595
layer_4_TB_7	351.6551
layer_4_TB_8	351.8244
layer_4_TB_9	352.4818
layer_4_TB_10	353.0242
layer_4_TB_11	353.2989
layer_4_TB_12	353.3004
layer_4_TB_13	353.0211
layer_4_TB_14	352.4751
layer_4_TB_15	351.8348
layer_4_TB_16	351.8208
layer_4_TB_17	352.4731
layer_4_TB_18	353.0151
layer_4_TB_19	353.2913
layer_4_TB_20	353.2918
layer_4_TB_21	353.0150
layer_4_TB_22	352.4761
layer_4_TB_23	351.8351
layer_4_TB_24	351.6496
layer_4_TB_25	352.2570
layer_4_TB_26	352.7639
layer_4_TB_27	353.0230
layer_4_TB_28	353.0232
layer_4_TB_29	352.7645
layer_4_TB_30	352.2596
layer_4_TB_31	351.6552
layer_5_B_0	350.7421
layer_5_B_1	351.3530
layer_5_B_2	351.8581
layer_5_B_3	352.1149
layer_5_B_4	352.1153
layer_5_B_5	351.8567
layer_5_B_6	351.3511
layer_5_B_7	350.7446
layer_5_B_8	350.9160
layer_5_B_9	351.5760
layer_5_B_10	352.1163
layer_5_B_11	352.3892
layer_5_B_12	352.3909
layer_5_B_13	352.1131
layer_5_B_14	351.5689
layer_5_B_15	350.9267
layer_5_B_16	350.9124
layer_5_B_17	351.5669
layer_5_B_18	352.1069
layer_5_B_19	352.3814
layer_5_B_20	352.3819
layer_5_B_21	352.1067
layer_5_B_22	351.5700
layer_5_B_23	350.9269
layer_5_B_24	350.7393
layer_5_B_25	351.3487
layer_5_B_26	351.8535
layer_5_B_27	352.1110
layer_5_B_28	352.1112
layer_5_B_29	351.8541
layer_5_B_30	351.3512
layer_5_B_31	350.7448
layer_6_TB_0	350.6140
layer_6_TB_1	351.2254
layer_6_TB_2	351.7301
layer_6_TB_3	351.9867
layer_6_TB_4	351.9870
layer_6_TB_5	351.7287
layer_6_TB_6	351.2235
layer_6_TB_7	350.6165
layer_6_TB_8	350.7884
layer_6_TB_9	351.4489
layer_6_TB_10	351.9889
layer_6_TB_11	352.2615
layer_6_TB_12	352.2632
layer_6_TB_13	351.9857
layer_6_TB_14	351.4419
layer_6_TB_15	350.7989
layer_6_TB_16	350.7848
layer_6_TB_17	351.4399
layer_6_TB_18	351.9796
layer_6_TB_19	352.2538
layer_6_TB_20	352.2544
layer_6_TB_21	351.9794
layer_6_TB_22	351.4430
layer_6_TB_23	350.7991
layer_6_TB_24	350.6112
layer_6_TB_25	351.2211
layer_6_TB_26	351.7256
layer_6_TB_27	351.9828
layer_6_TB_28	351.9830
layer_6_TB_29	351.7262
layer_6_TB_30	351.2237
layer_6_TB_31	350.6167
layer_7_B_32	349.3332
layer_7_B_33	349.9495
layer_7_B_34	350.4508
layer_7_B_35	350.7045
layer_7_B_36	350.7048
layer_7_B_37	350.4494
layer_7_B_38	349.9477
layer_7_B_39	349.3355
layer_7_B_40	349.5120
layer_7_B_41	350.1778
layer_7_B_42	350.7150
layer_7_B_43	350.9848
layer_7_B_44	350.9867
layer_7_B_45	350.7117
layer_7_B_46	350.1717
layer_7_B_47	349.5211
layer_7_B_48	349.5083
layer_7_B_49	350.1698
layer_7_B_50	350.7067
layer_7_B_51	350.9783
layer_7_B_52	350.9789
layer_7_B_53	350.7066
layer_7_B_54	350.1731
layer_7_B_55	349.5214
layer_7_B_56	349.3305
layer_7_B_57	349.9454
layer_7_B_58	350.4465
layer_7_B_59	350.7008
layer_7_B_60	350.7010
layer_7_B_61	350.4471
layer_7_B_62	349.9479
layer_7_B_63	349.3356
layer_8_TB_0	349.1686
layer_8_TB_1	349.7858
layer_8_TB_2	350.2866
layer_8_TB_3	350.5399
layer_8_TB_4	350.5402
layer_8_TB_5	350.2853
layer_8_TB_6	349.7840
layer_8_TB_7	349.1710
layer_8_TB_8	349.3482
layer_8_TB_9	350.0150
layer_8_TB_10	350.5518
layer_8_TB_11	350.8212
layer_8_TB_12	350.8231
layer_8_TB_13	350.5484
layer_8_TB_14	350.0089
layer_8_TB_15	349.3572
layer_8_TB_16	349.3444
layer_8_TB_17	350.0070
layer_8_TB_18	350.5436
layer_8_TB_19	350.8148
layer_8_TB_20	350.8154
layer_8_TB_21	350.5434
layer_8_TB_22	350.0103
layer_8_TB_23	349.3574
layer_8_TB_24	349.1660
layer_8_TB_25	349.7817
layer_8_TB_26	350.2823
layer_8_TB_27	350.5362
layer_8_TB_28	350.5364
layer_8_TB_29	350.2829
layer_8_TB_30	349.7842
layer_8_TB_31	349.1711
layer_9_B_64	347.5234
layer_9_B_65	348.1487
layer_9_B_66	348.6447
layer_9_B_67	348.8938
layer_9_B_68	348.8942
layer_9_B_69	348.6434
layer_9_B_70	348.1470
layer_9_B_71	347.5256
layer_9_B_72	347.7100
layer_9_B_73	348.3866
layer_9_B_74	348.9198
layer_9_B_75	349.1854
layer_9_B_76	349.1876
layer_9_B_77	348.9163
layer_9_B_78	348.3811
layer_9_B_79	347.7177
layer_9_B_80	347.7060
layer_9_B_81	348.3794
layer_9_B_82	348.9124
layer_9_B_83	349.1800
layer_9_B_84	349.1806
layer_9_B_85	348.9122
layer_9_B_86	348.3829
layer_9_B_87	347.7179
layer_9_B_88	347.5209
layer_9_B_89	348.1449
layer_9_B_90	348.6406
layer_9_B_91	348.8904
layer_9_B_92	348.8906
layer_9_B_93	348.6412
layer_9_B_94	348.1472
layer_9_B_95	347.5257
layer_10_TB_0	347.3232
layer_10_TB_1	347.9497
layer_10_TB_2	348.4450
layer_10_TB_3	348.6936
layer_10_TB_4	348.6940
layer_10_TB_5	348.4437
layer_10_TB_6	347.9480
layer_10_TB_7	347.3254
layer_10_TB_8	347.5108
layer_10_TB_9	348.1889
layer_10_TB_10	348.7216
layer_10_TB_11	348.9867
layer_10_TB_12	348.9889
layer_10_TB_13	348.7180
layer_10_TB_14	348.1834
layer_10_TB_15	347.5184
layer_10_TB_16	347.5068
layer_10_TB_17	348.1816
layer_10_TB_18	348.7142
layer_10_TB_19	348.9814
layer_10_TB_20	348.9819
layer_10_TB_21	348.7141
layer_10_TB_22	348.1852
layer_10_TB_23	347.5186
layer_10_TB_24	347.3207
layer_10_TB_25	347.9459
layer_10_TB_26	348.4410
layer_10_TB_27	348.6902
layer_10_TB_28	348.6904
layer_10_TB_29	348.4416
layer_10_TB_30	347.9482
layer_10_TB_31	347.3255
layer_11_B_96	345.3214
layer_11_B_97	345.9593
layer_11_B_98	346.4482
layer_11_B_99	346.6915
layer_11_B_100	346.6918
layer_11_B_101	346.4470
layer_11_B_102	345.9578
layer_11_B_103	345.3233
layer_11_B_104	345.5185
layer_11_B_105	346.2113
layer_11_B_106	346.7396
layer_11_B_107	346.9996
layer_11_B_108	347.0023
layer_11_B_109	346.7356
layer_11_B_110	346.2061
layer_11_B_111	345.5249
layer_11_B_112	345.5142
layer_11_B_113	346.2045
layer_11_B_114	346.7326
layer_11_B_115	346.9953
layer_11_B_116	346.9958
layer_11_B_117	346.7325
layer_11_B_118	346.2084
layer_11_B_119	345.5252
layer_11_B_120	345.3191
layer_11_B_121	345.9559
layer_11_B_122	346.4446
layer_11_B_123	346.6885
layer_11_B_124	346.6887
layer_11_B_125	346.4452
layer_11_B_126	345.9580
layer_11_B_127	345.3234
layer_12_TB_0	345.0865
layer_12_TB_1	345.7259
layer_12_TB_2	346.2140
layer_12_TB_3	346.4566
layer_12_TB_4	346.4570
layer_12_TB_5	346.2128
layer_12_TB_6	345.7244
layer_12_TB_7	345.0883
layer_12_TB_8	345.2848
layer_12_TB_9	345.9796
layer_12_TB_10	346.5073
layer_12_TB_11	346.7668
layer_12_TB_12	346.7695
layer_12_TB_13	346.5033
layer_12_TB_14	345.9744
layer_12_TB_15	345.2911
layer_12_TB_16	345.2805
layer_12_TB_17	345.9728
layer_12_TB_18	346.5004
layer_12_TB_19	346.7625
layer_12_TB_20	346.7630
layer_12_TB_21	346.5002
layer_12_TB_22	345.9768
layer_12_TB_23	345.2914
layer_12_TB_24	345.0842
layer_12_TB_25	345.7225
layer_12_TB_26	346.2105
layer_12_TB_27	346.4537
layer_12_TB_28	346.4538
layer_12_TB_29	346.2110
layer_12_TB_30	345.7246
layer_12_TB_31	345.0884
layer_13_B_128	342.7373
layer_13_B_129	343.3917
layer_13_B_130	343.8718
layer_13_B_131	344.1078
layer_13_B_132	344.1082
layer_13_B_133	343.8708
layer_13_B_134	343.3904
layer_13_B_135	342.7389
layer_13_B_136	342.9479
layer_13_B_137	343.6624
layer_13_B_138	344.1847
layer_13_B_139	344.4381
layer_13_B_140	344.4415
layer_13_B_141	344.1803
layer_13_B_142	343.6572
layer_13_B_143	342.9531
layer_13_B_144	342.9432
layer_13_B_145	343.6558
layer_13_B_146	344.1780
layer_13_B_147	344.4347
layer_13_B_148	344.4352
layer_13_B_149	344.1779
layer_13_B_150	343.6603
layer_13_B_151	342.9533
layer_13_B_152	342.7352
layer_13_B_153	343.3887
layer_13_B_154	343.8687
layer_13_B_155	344.1053
layer_13_B_156	344.1055
layer_13_B_157	343.8692
layer_13_B_158	343.3906
layer_13_B_159	342.7390
layer_14_TB_0	342.4687
layer_14_TB_1	343.1250
layer_14_TB_2	343.6041
layer_14_TB_3	343.8394
layer_14_TB_4	343.8397
layer_14_TB_5	343.6031
layer_14_TB_6	343.1237
layer_14_TB_7	342.4703
layer_14_TB_8	342.6807
layer_14_TB_9	343.3977
layer_14_TB_10	343.9193
layer_14_TB_11	344.1722
layer_14_TB_12	344.1755
layer_14_TB_13	343.9150
layer_14_TB_14	343.3926
layer_14_TB_15	342.6857
layer_14_TB_16	342.6760
layer_14_TB_17	343.3912
layer_14_TB_18	343.9128
layer_14_TB_19	344.1688
layer_14_TB_20	344.1693
layer_14_TB_21	343.9127
layer_14_TB_22	343.3956
layer_14_TB_23	342.6860
layer_14_TB_24	342.4667
layer_14_TB_25	343.1221
layer_14_TB_26	343.6011
layer_14_TB_27	343.8369
layer_14_TB_28	343.8371
layer_14_TB_29	343.6016
layer_14_TB_30	343.1240
layer_14_TB_31	342.4703
layer_15_B_160	339.7828
layer_15_B_161	340.4580
layer_15_B_162	340.9273
layer_15_B_163	341.1548
layer_15_B_164	341.1551
layer_15_B_165	340.9265
layer_15_B_166	340.4570
layer_15_B_167	339.7841
layer_15_B_168	340.0082
layer_15_B_169	340.7505
layer_15_B_170	341.2656
layer_15_B_171	341.5130
layer_15_B_172	341.5153
layer_15_B_173	341.2624
layer_15_B_174	340.7469
layer_15_B_175	340.0122
layer_15_B_176	340.0047
layer_15_B_177	340.7457
layer_15_B_178	341.2607
layer_15_B_179	341.5104
layer_15_B_180	341.5108
layer_15_B_181	341.2606
layer_15_B_182	340.7490
layer_15_B_183	340.0123
layer_15_B_184	339.7811
layer_15_B_185	340.4556
layer_15_B_186	340.9248
layer_15_B_187	341.1527
layer_15_B_188	341.1529
layer_15_B_189	340.9252
layer_15_B_190	340.4572
layer_15_B_191	339.7841
layer_16_TB_0	339.4817
layer_16_TB_1	340.1593
layer_16_TB_2	340.6274
layer_16_TB_3	340.8539
layer_16_TB_4	340.8542
layer_16_TB_5	340.6266
layer_16_TB_6	340.1583
layer_16_TB_7	339.4830
layer_16_TB_8	339.7087
layer_16_TB_9	340.4542
layer_16_TB_10	340.9685
layer_16_TB_11	341.2152
layer_16_TB_12	341.2175
layer_16_TB_13	340.9654
layer_16_TB_14	340.4507
layer_16_TB_15	339.7126
layer_16_TB_16	339.7054
layer_16_TB_17	340.4495
layer_16_TB_18	340.9638
layer_16_TB_19	341.2127
layer_16_TB_20	341.2131
layer_16_TB_21	340.9637
layer_16_TB_22	340.4527
layer_16_TB_23	339.7128
layer_16_TB_24	339.4801
layer_16_TB_25	340.1569
layer_16_TB_26	340.6249
layer_16_TB_27	340.8520
layer_16_TB_28	340.8521
layer_16_TB_29	340.6253
layer_16_TB_30	340.1585
layer_16_TB_31	339.4831
layer_17_B_192	336.4711
layer_17_B_193	337.1718
layer_17_B_194	337.6280
layer_17_B_195	337.8456
layer_17_B_196	337.8458
layer_17_B_197	337.6274
layer_17_B_198	337.1711
layer_17_B_199	336.4721
layer_17_B_200	336.7144
layer_17_B_201	337.4912
layer_17_B_202	337.9976
layer_17_B_203	338.2378
layer_17_B_204	338.2393
layer_17_B_205	337.9955
layer_17_B_206	337.4889
layer_17_B_207	336.7172
layer_17_B_208	336.7121
layer_17_B_209	337.4880
layer_17_B_210	337.9944
layer_17_B_211	338.2360
layer_17_B_212	338.2363
layer_17_B_213	337.9943
layer_17_B_214	337.4903
layer_17_B_215	336.7174
layer_17_B_216	336.4699
layer_17_B_217	337.1701
layer_17_B_218	337.6262
layer_17_B_219	337.8441
layer_17_B_220	337.8442
layer_17_B_221	337.6265
layer_17_B_222	337.1713
layer_17_B_223	336.4721
layer_18_TB_0	336.1389
layer_18_TB_1	336.8424
layer_18_TB_2	337.2972
layer_18_TB_3	337.5137
layer_18_TB_4	337.5139
layer_18_TB_5	337.2966
layer_18_TB_6	336.8417
layer_18_TB_7	336.1398
layer_18_TB_8	336.3841
layer_18_TB_9	337.1647
layer_18_TB_10	337.6702
layer_18_TB_11	337.9096
layer_18_TB_12	337.9111
layer_18_TB_13	337.6682
layer_18_TB_14	337.1625
layer_18_TB_15	336.3868
layer_18_TB_16	336.3819
layer_18_TB_17	337.1616
layer_18_TB_18	337.6670
layer_18_TB_19	337.9079
layer_18_TB_20	337.9081
layer_18_TB_21	337.6670
layer_18_TB_22	337.1638
layer_18_TB_23	336.3869
layer_18_TB_24	336.1377
layer_18_TB_25	336.8407
layer_18_TB_26	337.2954
layer_18_TB_27	337.5122
layer_18_TB_28	337.5123
layer_18_TB_29	337.2957
layer_18_TB_30	336.8419
layer_18_TB_31	336.1399
layer_19_B_224	332.8166
layer_19_B_225	333.5480
layer_19_B_226	333.9886
layer_19_B_227	334.1947
layer_19_B_228	334.1949
layer_19_B_229	333.9882
layer_19_B_230	333.5477
layer_19_B_231	332.8173
layer_19_B_232	333.0810
layer_19_B_233	333.8997
layer_19_B_234	334.3957
layer_19_B_235	334.6275
layer_19_B_236	334.6283
layer_19_B_237	334.3946
layer_19_B_238	333.8986
layer_19_B_239	333.0827
layer_19_B_240	333.0797
layer_19_B_241	333.8979
layer_19_B_242	334.3939
layer_19_B_243	334.6265
layer_19_B_244	334.6267
layer_19_B_245	334.3939
layer_19_B_246	333.8993
layer_19_B_247	333.0828
layer_19_B_248	332.8159
layer_19_B_249	333.5469
layer_19_B_250	333.9874
layer_19_B_251	334.1938
layer_19_B_252	334.1939
layer_19_B_253	333.9877
layer_19_B_254	333.5477
layer_19_B_255	332.8173
layer_20_TB_0	332.4547
layer_20_TB_1	333.1894
layer_20_TB_2	333.6282
layer_20_TB_3	333.8332
layer_20_TB_4	333.8333
layer_20_TB_5	333.6279
layer_20_TB_6	333.1890
layer_20_TB_7	332.4553
layer_20_TB_8	332.7212
layer_20_TB_9	333.5445
layer_20_TB_10	334.0393
layer_20_TB_11	334.2703
layer_20_TB_12	334.2710
layer_20_TB_13	334.0383
layer_20_TB_14	333.5435
layer_20_TB_15	332.7228
layer_20_TB_16	332.7201
layer_20_TB_17	333.5428
layer_20_TB_18	334.0377
layer_20_TB_19	334.2693
layer_20_TB_20	334.2695
layer_20_TB_21	334.0377
layer_20_TB_22	333.5441
layer_20_TB_23	332.7229
layer_20_TB_24	332.4539
layer_20_TB_25	333.1883
layer_20_TB_26	333.6271
layer_20_TB_27	333.8323
layer_20_TB_28	333.8324
layer_20_TB_29	333.6273
layer_20_TB_30	333.1891
layer_20_TB_31	332.4553
hsp_TB_0	328.8348
hsp_TB_1	329.6027
hsp_TB_2	330.0245
hsp_TB_3	330.2179
hsp_TB_4	330.2180
hsp_TB_5	330.0244
hsp_TB_6	329.6026
hsp_TB_7	328.8350
hsp_TB_8	329.1234
hsp_TB_9	329.9923
hsp_TB_10	330.4757
hsp_TB_11	330.6981
hsp_TB_12	330.6982
hsp_TB_13	330.4756
hsp_TB_14	329.9923
hsp_TB_15	329.1240
hsp_TB_16	329.1232
hsp_TB_17	329.9919
hsp_TB_18	330.4754
hsp_TB_19	330.6979
hsp_TB_20	330.6979
hsp_TB_21	330.4755
hsp_TB_22	329.9924
hsp_TB_23	329.1240
hsp_TB_24	328.8345
hsp_TB_25	329.6022
hsp_TB_26	330.0241
hsp_TB_27	330.2176
hsp_TB_28	330.2176
hsp_TB_29	330.0242
hsp_TB_30	329.6026
hsp_TB_31	328.8350
hsink_TB_0	327.5100
hsink_TB_1	328.1647
hsink_TB_2	328.5603
hsink_TB_3	328.7460
hsink_TB_4	328.7460
hsink_TB_5	328.5603
hsink_TB_6	328.1648
hsink_TB_7	327.5102
hsink_TB_8	327.7292
hsink_TB_9	328.4772
hsink_TB_10	328.9333
hsink_TB_11	329.1480
hsink_TB_12	329.1481
hsink_TB_13	328.9333
hsink_TB_14	328.4773
hsink_TB_15	327.7294
hsink_TB_16	327.7291
hsink_TB_17	328.4771
hsink_TB_18	328.9332
hsink_TB_19	329.1480
hsink_TB_20	329.1480
hsink_TB_21	328.9333
hsink_TB_22	328.4773
hsink_TB_23	327.7294
hsink_TB_24	327.5099
hsink_TB_25	328.1645
hsink_TB_26	328.5601
hsink_TB_27	328.7459
hsink_TB_28	328.7459
hsink_TB_29	328.5602
hsink_TB_30	328.1647
hsink_TB_31	327.5102
inode_0	325.6186
inode_1	325.6188
inode_2	326.1182
inode_3	326.1183
inode_4	325.5850
inode_5	325.5852
inode_6	326.0909
inode_7	326.0910
inode_8	324.5417
inode_9	324.5419
inode_10	324.8322
inode_11	324.8323
inode_12	349.6238
inode_13	349.6256
inode_14	349.3463
inode_15	349.3471
inode_16	349.6054
inode_17	349.6072
inode_18	349.3409
inode_19	349.3418
inode_20	346.2612
inode_21	346.2622
inode_22	348.4072
inode_23	348.4080
inode_24	336.9040
inode_25	336.9047
inode_26	337.1371
inode_27	337.1376
