pcb_C_0	323.1405
pcb_C_1	323.6155
pcb_C_2	324.0206
pcb_C_3	324.1963
pcb_C_4	324.2014
pcb_C_5	324.0297
pcb_C_6	323.6207
pcb_C_7	323.1436
pcb_C_8	322.9281
pcb_C_9	323.3180
pcb_C_10	323.6416
pcb_C_11	323.8033
pcb_C_12	323.8066
pcb_C_13	323.6481
pcb_C_14	323.3229
pcb_C_15	322.9314
pcb_C_16	322.6987
pcb_C_17	322.8806
pcb_C_18	323.0593
pcb_C_19	323.1628
pcb_C_20	323.1643
pcb_C_21	323.0626
pcb_C_22	322.8838
pcb_C_23	322.7016
pcb_C_24	322.5410
pcb_C_25	322.5732
pcb_C_26	322.6528
pcb_C_27	322.7077
pcb_C_28	322.7083
pcb_C_29	322.6545
pcb_C_30	322.5752
pcb_C_31	322.5432
solder_C_0	323.2622
solder_C_1	323.7262
solder_C_2	324.3288
solder_C_3	324.5358
solder_C_4	324.5451
solder_C_5	324.3443
solder_C_6	323.7324
solder_C_7	323.2655
solder_C_8	323.0416
solder_C_9	323.4043
solder_C_10	323.7713
solder_C_11	323.9446
solder_C_12	323.9488
solder_C_13	323.7791
solder_C_14	323.4095
solder_C_15	323.0450
solder_C_16	322.6939
solder_C_17	322.8336
solder_C_18	323.0205
solder_C_19	323.1291
solder_C_20	323.1307
solder_C_21	323.0239
solder_C_22	322.8369
solder_C_23	322.6969
solder_C_24	322.5031
solder_C_25	322.4939
solder_C_26	322.5805
solder_C_27	322.6405
solder_C_28	322.6411
solder_C_29	322.5822
solder_C_30	322.4959
solder_C_31	322.5053
sub_C_0	323.2812
sub_C_1	323.7468
sub_C_2	324.4684
sub_C_3	324.6784
sub_C_4	324.6902
sub_C_5	324.4874
sub_C_6	323.7530
sub_C_7	323.2845
sub_C_8	323.0678
sub_C_9	323.4365
sub_C_10	323.8078
sub_C_11	323.9814
sub_C_12	323.9856
sub_C_13	323.8156
sub_C_14	323.4416
sub_C_15	323.0713
sub_C_16	322.6457
sub_C_17	322.8017
sub_C_18	322.9932
sub_C_19	323.1032
sub_C_20	323.1047
sub_C_21	322.9966
sub_C_22	322.8050
sub_C_23	322.6486
sub_C_24	322.4449
sub_C_25	322.4564
sub_C_26	322.5493
sub_C_27	322.6114
sub_C_28	322.6121
sub_C_29	322.5510
sub_C_30	322.4584
sub_C_31	322.4471
layer_3_C_0	323.4346
layer_3_C_1	323.9326
layer_3_C_2	325.8520
layer_3_C_3	326.0733
layer_3_C_4	326.1099
layer_3_C_5	325.9061
layer_3_C_6	323.9388
layer_3_C_7	323.4380
layer_3_C_8	323.3143
layer_3_C_9	323.7616
layer_3_C_10	324.1536
layer_3_C_11	324.3279
layer_3_C_12	324.3318
layer_3_C_13	324.1609
layer_3_C_14	323.7663
layer_3_C_15	323.3176
layer_3_C_16	322.1618
layer_3_C_17	322.4784
layer_3_C_18	322.7145
layer_3_C_19	322.8367
layer_3_C_20	322.8380
layer_3_C_21	322.7175
layer_3_C_22	322.4815
layer_3_C_23	322.1646
layer_3_C_24	321.8870
layer_3_C_25	322.0874
layer_3_C_26	322.2402
layer_3_C_27	322.3215
layer_3_C_28	322.3221
layer_3_C_29	322.2418
layer_3_C_30	322.0895
layer_3_C_31	321.8891
layer_4_TB_0	323.3722
layer_4_TB_1	323.8699
layer_4_TB_2	325.6872
layer_4_TB_3	325.9080
layer_4_TB_4	325.9424
layer_4_TB_5	325.7383
layer_4_TB_6	323.8761
layer_4_TB_7	323.3756
layer_4_TB_8	323.2523
layer_4_TB_9	323.6998
layer_4_TB_10	324.0912
layer_4_TB_11	324.2655
layer_4_TB_12	324.2694
layer_4_TB_13	324.0985
layer_4_TB_14	323.7045
layer_4_TB_15	323.2557
layer_4_TB_16	322.1609
layer_4_TB_17	322.4777
layer_4_TB_18	322.7138
layer_4_TB_19	322.8360
layer_4_TB_20	322.8374
layer_4_TB_21	322.7169
layer_4_TB_22	322.4809
layer_4_TB_23	322.1637
layer_4_TB_24	321.8863
layer_4_TB_25	322.0870
layer_4_TB_26	322.2398
layer_4_TB_27	322.3211
layer_4_TB_28	322.3218
layer_4_TB_29	322.2414
layer_4_TB_30	322.0890
layer_4_TB_31	321.8884
hsp_TB_0	322.7477
hsp_TB_1	323.2433
hsp_TB_2	324.0401
hsp_TB_3	324.2544
hsp_TB_4	324.2673
hsp_TB_5	324.0606
hsp_TB_6	323.2494
hsp_TB_7	322.7511
hsp_TB_8	322.6328
hsp_TB_9	323.0819
hsp_TB_10	323.4673
hsp_TB_11	323.6412
hsp_TB_12	323.6450
hsp_TB_13	323.4744
hsp_TB_14	323.0865
hsp_TB_15	322.6362
hsp_TB_16	322.1516
hsp_TB_17	322.4709
hsp_TB_18	322.7074
hsp_TB_19	322.8297
hsp_TB_20	322.8311
hsp_TB_21	322.7104
hsp_TB_22	322.4740
hsp_TB_23	322.1544
hsp_TB_24	321.8797
hsp_TB_25	322.0826
hsp_TB_26	322.2358
hsp_TB_27	322.3173
hsp_TB_28	322.3179
hsp_TB_29	322.2375
hsp_TB_30	322.0846
hsp_TB_31	321.8818
hsink_TB_0	322.4916
hsink_TB_1	322.9548
hsink_TB_2	323.4050
hsink_TB_3	323.5963
hsink_TB_4	323.6018
hsink_TB_5	323.4147
hsink_TB_6	322.9602
hsink_TB_7	322.4949
hsink_TB_8	322.3956
hsink_TB_9	322.8311
hsink_TB_10	323.1795
hsink_TB_11	323.3489
hsink_TB_12	323.3519
hsink_TB_13	323.1854
hsink_TB_14	322.8356
hsink_TB_15	322.3990
hsink_TB_16	322.1212
hsink_TB_17	322.4391
hsink_TB_18	322.6743
hsink_TB_19	322.7964
hsink_TB_20	322.7977
hsink_TB_21	322.6773
hsink_TB_22	322.4422
hsink_TB_23	322.1240
hsink_TB_24	321.8734
hsink_TB_25	322.0769
hsink_TB_26	322.2302
hsink_TB_27	322.3117
hsink_TB_28	322.3124
hsink_TB_29	322.2319
hsink_TB_30	322.0789
hsink_TB_31	321.8755
inode_0	321.5755
inode_1	321.5779
inode_2	321.3348
inode_3	322.2502
inode_4	321.5682
inode_5	321.5706
inode_6	321.3309
inode_7	322.2431
inode_8	321.2604
inode_9	321.2626
inode_10	320.9650
inode_11	321.7722
inode_12	322.8385
inode_13	322.8415
inode_14	322.4091
inode_15	323.8175
inode_16	322.8379
inode_17	322.8408
inode_18	322.4090
inode_19	323.8170
inode_20	322.5639
inode_21	322.5666
inode_22	322.3797
inode_23	323.7529
inode_24	321.5333
inode_25	321.5354
inode_26	321.1781
inode_27	322.1611
