Metric	Core0	Core1	Core2	Core3	Core4	Core5	Core6	Core7	Core8	Core9	Core10	Core11	Core12	Core13	Core14	Core15	Core16	Core17	Core18	Core19	Core20	Core21	Core22	Core23	Core24	Core25	Core26	Core27	Core28	Core29	Core30	Core31
total	3600334.689	3600334.689	3600334.689	3600334.689	1000.093	1.170	1000.093	1000.093	3600334.689	3600334.689	3600334.689	3600334.689	3600334.689	3600334.689	3600334.689	3600334.689	3600334.689	3600334.689	3600334.689	3600334.689	3600334.689	3600334.689	3600334.689	3600334.689	3600334.689	3600334.689	3600334.689	3600334.689	3600334.689	3600334.689	3600334.689	3600334.689
base	0.000	0.000	0.000	0.000	0.000	0.212	0.000	0.000	0.000	0.000	0.000	0.000	0.000	0.000	0.000	0.000	0.000	0.000	0.000	0.000	0.000	0.000	0.000	0.000	0.000	0.000	0.000	0.000	0.000	0.000	0.000	0.000
dispatch_width	-
rs_full	-
depend	-
depend-int	-
depend-fp	0.000	0.000	0.000	0.000	0.000	0.201	0.000	0.000	0.000	0.000	0.000	0.000	0.000	0.000	0.000	0.000	0.000	0.000	0.000	0.000	0.000	0.000	0.000	0.000	0.000	0.000	0.000	0.000	0.000	0.000	0.000	0.000
depend-branch	-
issue	0.000	0.000	0.000	0.000	0.000	0.052	0.000	0.000	0.000	0.000	0.000	0.000	0.000	0.000	0.000	0.000	0.000	0.000	0.000	0.000	0.000	0.000	0.000	0.000	0.000	0.000	0.000	0.000	0.000	0.000	0.000	0.000
serial	-
smt	-
branch	0.000	0.000	0.000	0.000	0.000	0.033	0.000	0.000	0.000	0.000	0.000	0.000	0.000	0.000	0.000	0.000	0.000	0.000	0.000	0.000	0.000	0.000	0.000	0.000	0.000	0.000	0.000	0.000	0.000	0.000	0.000	0.000
itlb	-
dtlb	-
ifetch	-
mem	-
mem-l1d	0.000	0.000	0.000	0.000	0.000	0.043	0.000	0.000	0.000	0.000	0.000	0.000	0.000	0.000	0.000	0.000	0.000	0.000	0.000	0.000	0.000	0.000	0.000	0.000	0.000	0.000	0.000	0.000	0.000	0.000	0.000	0.000
mem-l2	-
mem-l3	-
mem-l4	-
mem-remote	-
mem-nuca	-
mem-dram-cache	-
mem-dram	-
sync	-
dvfs-transition	-
imbalance	3593134.689	3593134.689	3593134.689	3593134.689	998.093	0.605	998.093	998.093	3600334.689	3600334.689	3600334.689	3600334.689	3600334.689	3600334.689	3600334.689	3600334.689	3600334.689	3600334.689	3600334.689	3600334.689	3600334.689	3600334.689	3600334.689	3600334.689	3600334.689	3600334.689	3600334.689	3600334.689	3600334.689	3600334.689	3600334.689	3600334.689
other	7200.000	7200.000	7200.000	7200.000	2.000	0.024	2.000	2.000	0.000	0.000	0.000	0.000	0.000	0.000	0.000	0.000	0.000	0.000	0.000	0.000	0.000	0.000	0.000	0.000	0.000	0.000	0.000	0.000	0.000	0.000	0.000	0.000
