pcb_C_0	327.9657
pcb_C_1	328.6795
pcb_C_2	328.9851
pcb_C_3	329.0884
pcb_C_4	329.0388
pcb_C_5	328.8833
pcb_C_6	328.5581
pcb_C_7	327.8539
pcb_C_8	327.6656
pcb_C_9	328.2874
pcb_C_10	328.6018
pcb_C_11	328.7231
pcb_C_12	328.6851
pcb_C_13	328.5140
pcb_C_14	328.1777
pcb_C_15	327.5583
pcb_C_16	327.1794
pcb_C_17	327.4457
pcb_C_18	327.6429
pcb_C_19	327.7369
pcb_C_20	327.7151
pcb_C_21	327.5869
pcb_C_22	327.3690
pcb_C_23	327.0908
pcb_C_24	326.8199
pcb_C_25	326.8126
pcb_C_26	326.8924
pcb_C_27	326.9453
pcb_C_28	326.9336
pcb_C_29	326.8604
pcb_C_30	326.7643
pcb_C_31	326.7520
solder_C_0	328.3510
solder_C_1	329.0136
solder_C_2	329.3207
solder_C_3	329.4252
solder_C_4	329.3410
solder_C_5	329.1748
solder_C_6	328.8450
solder_C_7	328.1984
solder_C_8	328.0212
solder_C_9	328.5898
solder_C_10	328.9101
solder_C_11	329.0363
solder_C_12	328.9894
solder_C_13	328.8089
solder_C_14	328.4672
solder_C_15	327.9025
solder_C_16	327.2050
solder_C_17	327.3841
solder_C_18	327.5917
solder_C_19	327.6945
solder_C_20	327.6719
solder_C_21	327.5343
solder_C_22	327.3063
solder_C_23	327.1140
solder_C_24	326.7564
solder_C_25	326.6597
solder_C_26	326.7519
solder_C_27	326.8145
solder_C_28	326.8027
solder_C_29	326.7196
solder_C_30	326.6111
solder_C_31	326.6870
sub_C_0	328.4568
sub_C_1	329.1212
sub_C_2	329.4324
sub_C_3	329.5395
sub_C_4	329.4351
sub_C_5	329.2663
sub_C_6	328.9307
sub_C_7	328.2827
sub_C_8	328.1332
sub_C_9	328.7139
sub_C_10	329.0406
sub_C_11	329.1694
sub_C_12	329.1213
sub_C_13	328.9377
sub_C_14	328.5904
sub_C_15	328.0145
sub_C_16	327.1085
sub_C_17	327.3210
sub_C_18	327.5393
sub_C_19	327.6457
sub_C_20	327.6232
sub_C_21	327.4823
sub_C_22	327.2438
sub_C_23	327.0188
sub_C_24	326.6385
sub_C_25	326.5848
sub_C_26	326.6896
sub_C_27	326.7563
sub_C_28	326.7444
sub_C_29	326.6572
sub_C_30	326.5362
sub_C_31	326.5703
layer_3_C_0	329.4149
layer_3_C_1	330.1564
layer_3_C_2	330.4995
layer_3_C_3	330.6326
layer_3_C_4	330.3245
layer_3_C_5	330.1367
layer_3_C_6	329.7515
layer_3_C_7	329.0332
layer_3_C_8	329.2101
layer_3_C_9	329.9589
layer_3_C_10	330.3497
layer_3_C_11	330.5030
layer_3_C_12	330.4466
layer_3_C_13	330.2328
layer_3_C_14	329.8313
layer_3_C_15	329.0971
layer_3_C_16	326.1279
layer_3_C_17	326.6672
layer_3_C_18	326.9907
layer_3_C_19	327.1312
layer_3_C_20	327.1105
layer_3_C_21	326.9378
layer_3_C_22	326.5963
layer_3_C_23	326.0506
layer_3_C_24	325.5109
layer_3_C_25	325.8463
layer_3_C_26	326.0729
layer_3_C_27	326.1779
layer_3_C_28	326.1659
layer_3_C_29	326.0402
layer_3_C_30	325.7992
layer_3_C_31	325.4535
layer_4_TB_0	329.2391
layer_4_TB_1	329.9805
layer_4_TB_2	330.3250
layer_4_TB_3	330.4579
layer_4_TB_4	330.1674
layer_4_TB_5	329.9794
layer_4_TB_6	329.5943
layer_4_TB_7	328.8751
layer_4_TB_8	329.0360
layer_4_TB_9	329.7846
layer_4_TB_10	330.1753
layer_4_TB_11	330.3288
layer_4_TB_12	330.2734
layer_4_TB_13	330.0604
layer_4_TB_14	329.6582
layer_4_TB_15	328.9232
layer_4_TB_16	326.1257
layer_4_TB_17	326.6656
layer_4_TB_18	326.9891
layer_4_TB_19	327.1297
layer_4_TB_20	327.1090
layer_4_TB_21	326.9362
layer_4_TB_22	326.5946
layer_4_TB_23	326.0485
layer_4_TB_24	325.5096
layer_4_TB_25	325.8454
layer_4_TB_26	326.0721
layer_4_TB_27	326.1771
layer_4_TB_28	326.1652
layer_4_TB_29	326.0394
layer_4_TB_30	325.7983
layer_4_TB_31	325.4522
hsp_TB_0	327.4810
hsp_TB_1	328.2221
hsp_TB_2	328.5795
hsp_TB_3	328.7108
hsp_TB_4	328.5972
hsp_TB_5	328.4062
hsp_TB_6	328.0224
hsp_TB_7	327.2935
hsp_TB_8	327.2951
hsp_TB_9	328.0419
hsp_TB_10	328.4319
hsp_TB_11	328.5867
hsp_TB_12	328.5417
hsp_TB_13	328.3363
hsp_TB_14	327.9272
hsp_TB_15	327.1849
hsp_TB_16	326.1042
hsp_TB_17	326.6489
hsp_TB_18	326.9735
hsp_TB_19	327.1144
hsp_TB_20	327.0938
hsp_TB_21	326.9207
hsp_TB_22	326.5781
hsp_TB_23	326.0271
hsp_TB_24	325.4963
hsp_TB_25	325.8366
hsp_TB_26	326.0643
hsp_TB_27	326.1696
hsp_TB_28	326.1576
hsp_TB_29	326.0316
hsp_TB_30	325.7895
hsp_TB_31	325.4391
hsink_TB_0	326.7667
hsink_TB_1	327.4760
hsink_TB_2	327.8356
hsink_TB_3	327.9700
hsink_TB_4	327.9165
hsink_TB_5	327.7287
hsink_TB_6	327.3471
hsink_TB_7	326.6439
hsink_TB_8	326.6320
hsink_TB_9	327.3499
hsink_TB_10	327.7383
hsink_TB_11	327.8941
hsink_TB_12	327.8585
hsink_TB_13	327.6563
hsink_TB_14	327.2470
hsink_TB_15	326.5298
hsink_TB_16	326.0228
hsink_TB_17	326.5637
hsink_TB_18	326.8881
hsink_TB_19	327.0292
hsink_TB_20	327.0091
hsink_TB_21	326.8364
hsink_TB_22	326.4937
hsink_TB_23	325.9461
hsink_TB_24	325.4830
hsink_TB_25	325.8245
hsink_TB_26	326.0526
hsink_TB_27	326.1580
hsink_TB_28	326.1460
hsink_TB_29	326.0200
hsink_TB_30	325.7776
hsink_TB_31	325.4258
inode_0	324.9583
inode_1	324.8810
inode_2	324.3307
inode_3	325.7845
inode_4	324.9430
inode_5	324.8661
inode_6	324.3232
inode_7	325.7720
inode_8	324.3314
inode_9	324.2614
inode_10	323.6130
inode_11	324.8951
inode_12	327.5059
inode_13	327.3995
inode_14	326.4413
inode_15	328.6350
inode_16	327.5035
inode_17	327.3973
inode_18	326.4412
inode_19	328.6342
inode_20	326.9055
inode_21	326.8139
inode_22	326.3841
inode_23	328.5240
inode_24	324.8612
inode_25	324.7910
inode_26	324.0448
inode_27	325.5769
