pcb_LC_0	351.7556
pcb_LC_1	352.8998
pcb_LC_2	353.4076
pcb_LC_3	353.6120
pcb_LC_4	353.6121
pcb_LC_5	353.4077
pcb_LC_6	352.8999
pcb_LC_7	351.7555
pcb_LC_8	351.8251
pcb_LC_9	353.2415
pcb_LC_10	353.9148
pcb_LC_11	354.1916
pcb_LC_12	354.1917
pcb_LC_13	353.9150
pcb_LC_14	353.2416
pcb_LC_15	351.8250
pcb_LC_16	351.9014
pcb_LC_17	353.3781
pcb_LC_18	354.0753
pcb_LC_19	354.3600
pcb_LC_20	354.3601
pcb_LC_21	354.0755
pcb_LC_22	353.3782
pcb_LC_23	351.9013
pcb_LC_24	351.9498
pcb_LC_25	353.2184
pcb_LC_26	353.7724
pcb_LC_27	353.9919
pcb_LC_28	353.9920
pcb_LC_29	353.7726
pcb_LC_30	353.2185
pcb_LC_31	351.9497
solder_LC_0	353.7319
solder_LC_1	354.0292
solder_LC_2	354.3023
solder_LC_3	354.4501
solder_LC_4	354.4502
solder_LC_5	354.3025
solder_LC_6	354.0293
solder_LC_7	353.7318
solder_LC_8	354.0669
solder_LC_9	354.5820
solder_LC_10	354.9701
solder_LC_11	355.1705
solder_LC_12	355.1709
solder_LC_13	354.9704
solder_LC_14	354.5823
solder_LC_15	354.0667
solder_LC_16	354.3041
solder_LC_17	354.9248
solder_LC_18	355.3456
solder_LC_19	355.5556
solder_LC_20	355.5564
solder_LC_21	355.3459
solder_LC_22	354.9252
solder_LC_23	354.3036
solder_LC_24	354.1127
solder_LC_25	354.5989
solder_LC_26	354.9325
solder_LC_27	355.0982
solder_LC_28	355.0987
solder_LC_29	354.9328
solder_LC_30	354.5991
solder_LC_31	354.1125
sub_LC_0	353.8045
sub_LC_1	354.1325
sub_LC_2	354.4334
sub_LC_3	354.5955
sub_LC_4	354.5957
sub_LC_5	354.4336
sub_LC_6	354.1326
sub_LC_7	353.8044
sub_LC_8	354.2590
sub_LC_9	354.7800
sub_LC_10	355.1869
sub_LC_11	355.3976
sub_LC_12	355.3983
sub_LC_13	355.1872
sub_LC_14	354.7804
sub_LC_15	354.2586
sub_LC_16	354.7443
sub_LC_17	355.3594
sub_LC_18	355.7976
sub_LC_19	356.0174
sub_LC_20	356.0191
sub_LC_21	355.7979
sub_LC_22	355.3603
sub_LC_23	354.7432
sub_LC_24	354.3314
sub_LC_25	354.8274
sub_LC_26	355.1858
sub_LC_27	355.3653
sub_LC_28	355.3659
sub_LC_29	355.1862
sub_LC_30	354.8279
sub_LC_31	354.3310
layer_3_LC_0	354.2470
layer_3_LC_1	354.9289
layer_3_LC_2	355.5055
layer_3_LC_3	355.8023
layer_3_LC_4	355.8026
layer_3_LC_5	355.5058
layer_3_LC_6	354.9293
layer_3_LC_7	354.2470
layer_3_LC_8	355.7859
layer_3_LC_9	356.5308
layer_3_LC_10	357.1584
layer_3_LC_11	357.4791
layer_3_LC_12	357.4816
layer_3_LC_13	357.1589
layer_3_LC_14	356.5323
layer_3_LC_15	355.7848
layer_3_LC_16	359.0433
layer_3_LC_17	359.7976
layer_3_LC_18	360.4456
layer_3_LC_19	360.7688
layer_3_LC_20	360.7822
layer_3_LC_21	360.4443
layer_3_LC_22	359.8037
layer_3_LC_23	359.0354
layer_3_LC_24	356.0466
layer_3_LC_25	356.7581
layer_3_LC_26	357.3567
layer_3_LC_27	357.6619
layer_3_LC_28	357.6646
layer_3_LC_29	357.3574
layer_3_LC_30	356.7599
layer_3_LC_31	356.0454
layer_4_TB_0	354.1509
layer_4_TB_1	354.8331
layer_4_TB_2	355.4093
layer_4_TB_3	355.7059
layer_4_TB_4	355.7063
layer_4_TB_5	355.4097
layer_4_TB_6	354.8334
layer_4_TB_7	354.1509
layer_4_TB_8	355.6872
layer_4_TB_9	356.4322
layer_4_TB_10	357.0594
layer_4_TB_11	357.3799
layer_4_TB_12	357.3824
layer_4_TB_13	357.0600
layer_4_TB_14	356.4337
layer_4_TB_15	355.6861
layer_4_TB_16	358.9553
layer_4_TB_17	359.7095
layer_4_TB_18	360.3571
layer_4_TB_19	360.6800
layer_4_TB_20	360.6934
layer_4_TB_21	360.3558
layer_4_TB_22	359.7156
layer_4_TB_23	358.9474
layer_4_TB_24	355.9467
layer_4_TB_25	356.6583
layer_4_TB_26	357.2564
layer_4_TB_27	357.5614
layer_4_TB_28	357.5641
layer_4_TB_29	357.2571
layer_4_TB_30	356.6600
layer_4_TB_31	355.9455
layer_5_B_0	353.1898
layer_5_B_1	353.8741
layer_5_B_2	354.4476
layer_5_B_3	354.7420
layer_5_B_4	354.7423
layer_5_B_5	354.4479
layer_5_B_6	353.8745
layer_5_B_7	353.1898
layer_5_B_8	354.6993
layer_5_B_9	355.4459
layer_5_B_10	356.0696
layer_5_B_11	356.3876
layer_5_B_12	356.3899
layer_5_B_13	356.0702
layer_5_B_14	355.4474
layer_5_B_15	354.6983
layer_5_B_16	358.0765
layer_5_B_17	358.8300
layer_5_B_18	359.4734
layer_5_B_19	359.7929
layer_5_B_20	359.8070
layer_5_B_21	359.4719
layer_5_B_22	358.8364
layer_5_B_23	358.0683
layer_5_B_24	354.9467
layer_5_B_25	355.6588
layer_5_B_26	356.2530
layer_5_B_27	356.5553
layer_5_B_28	356.5579
layer_5_B_29	356.2537
layer_5_B_30	355.6604
layer_5_B_31	354.9456
layer_6_TB_0	353.0544
layer_6_TB_1	353.7393
layer_6_TB_2	354.3123
layer_6_TB_3	354.6063
layer_6_TB_4	354.6067
layer_6_TB_5	354.3126
layer_6_TB_6	353.7396
layer_6_TB_7	353.0544
layer_6_TB_8	354.5583
layer_6_TB_9	355.3055
layer_6_TB_10	355.9288
layer_6_TB_11	356.2464
layer_6_TB_12	356.2487
layer_6_TB_13	355.9293
layer_6_TB_14	355.3070
layer_6_TB_15	354.5573
layer_6_TB_16	357.8994
layer_6_TB_17	358.6537
layer_6_TB_18	359.2964
layer_6_TB_19	359.6156
layer_6_TB_20	359.6293
layer_6_TB_21	359.2950
layer_6_TB_22	358.6601
layer_6_TB_23	357.8915
layer_6_TB_24	354.8033
layer_6_TB_25	355.5158
layer_6_TB_26	356.1094
layer_6_TB_27	356.4114
layer_6_TB_28	356.4139
layer_6_TB_29	356.1102
layer_6_TB_30	355.5174
layer_6_TB_31	354.8023
layer_7_B_32	351.7004
layer_7_B_33	352.3907
layer_7_B_34	352.9593
layer_7_B_35	353.2496
layer_7_B_36	353.2500
layer_7_B_37	352.9596
layer_7_B_38	352.3910
layer_7_B_39	351.7004
layer_7_B_40	353.1476
layer_7_B_41	353.9012
layer_7_B_42	354.5199
layer_7_B_43	354.8339
layer_7_B_44	354.8359
layer_7_B_45	354.5205
layer_7_B_46	353.9026
layer_7_B_47	353.1468
layer_7_B_48	356.1299
layer_7_B_49	356.8930
layer_7_B_50	357.5279
layer_7_B_51	357.8438
layer_7_B_52	357.8536
layer_7_B_53	357.5276
layer_7_B_54	356.8983
layer_7_B_55	356.1248
layer_7_B_56	353.3688
layer_7_B_57	354.0852
layer_7_B_58	354.6732
layer_7_B_59	354.9710
layer_7_B_60	354.9733
layer_7_B_61	354.6739
layer_7_B_62	354.0868
layer_7_B_63	353.3679
layer_8_TB_0	351.5264
layer_8_TB_1	352.2176
layer_8_TB_2	352.7856
layer_8_TB_3	353.0754
layer_8_TB_4	353.0758
layer_8_TB_5	352.7859
layer_8_TB_6	352.2179
layer_8_TB_7	351.5264
layer_8_TB_8	352.9656
layer_8_TB_9	353.7203
layer_8_TB_10	354.3385
layer_8_TB_11	354.6519
layer_8_TB_12	354.6540
layer_8_TB_13	354.3391
layer_8_TB_14	353.7216
layer_8_TB_15	352.9648
layer_8_TB_16	355.9216
layer_8_TB_17	356.6861
layer_8_TB_18	357.3201
layer_8_TB_19	357.6355
layer_8_TB_20	357.6450
layer_8_TB_21	357.3199
layer_8_TB_22	356.6912
layer_8_TB_23	355.9167
layer_8_TB_24	353.1832
layer_8_TB_25	353.9005
layer_8_TB_26	354.4876
layer_8_TB_27	354.7849
layer_8_TB_28	354.7871
layer_8_TB_29	354.4884
layer_8_TB_30	353.9020
layer_8_TB_31	353.1824
layer_9_B_64	349.7867
layer_9_B_65	350.4866
layer_9_B_66	351.0485
layer_9_B_67	351.3333
layer_9_B_68	351.3336
layer_9_B_69	351.0488
layer_9_B_70	350.4869
layer_9_B_71	349.7867
layer_9_B_72	351.1448
layer_9_B_73	351.9108
layer_9_B_74	352.5234
layer_9_B_75	352.8321
layer_9_B_76	352.8338
layer_9_B_77	352.5241
layer_9_B_78	351.9120
layer_9_B_79	351.1443
layer_9_B_80	353.8394
layer_9_B_81	354.6175
layer_9_B_82	355.2431
layer_9_B_83	355.5539
layer_9_B_84	355.5601
layer_9_B_85	355.2440
layer_9_B_86	354.6218
layer_9_B_87	353.8371
layer_9_B_88	351.3272
layer_9_B_89	352.0522
layer_9_B_90	352.6318
layer_9_B_91	352.9235
layer_9_B_92	352.9254
layer_9_B_93	352.6326
layer_9_B_94	352.0536
layer_9_B_95	351.3266
layer_10_TB_0	349.5750
layer_10_TB_1	350.2762
layer_10_TB_2	350.8373
layer_10_TB_3	351.1214
layer_10_TB_4	351.1217
layer_10_TB_5	350.8376
layer_10_TB_6	350.2765
layer_10_TB_7	349.5751
layer_10_TB_8	350.9230
layer_10_TB_9	351.6906
layer_10_TB_10	352.3026
layer_10_TB_11	352.6107
layer_10_TB_12	352.6124
layer_10_TB_13	352.3032
layer_10_TB_14	351.6918
layer_10_TB_15	350.9225
layer_10_TB_16	353.6000
layer_10_TB_17	354.3800
layer_10_TB_18	355.0047
layer_10_TB_19	355.3149
layer_10_TB_20	355.3208
layer_10_TB_21	355.0056
layer_10_TB_22	354.3842
layer_10_TB_23	353.5980
layer_10_TB_24	351.1009
layer_10_TB_25	351.8269
layer_10_TB_26	352.4057
layer_10_TB_27	352.6966
layer_10_TB_28	352.6985
layer_10_TB_29	352.4064
layer_10_TB_30	351.8283
layer_10_TB_31	351.1002
layer_11_B_96	347.4587
layer_11_B_97	348.1722
layer_11_B_98	348.7254
layer_11_B_99	349.0030
layer_11_B_100	349.0032
layer_11_B_101	348.7256
layer_11_B_102	348.1725
layer_11_B_103	347.4587
layer_11_B_104	348.7045
layer_11_B_105	349.4885
layer_11_B_106	350.0939
layer_11_B_107	350.3961
layer_11_B_108	350.3975
layer_11_B_109	350.0945
layer_11_B_110	349.4896
layer_11_B_111	348.7042
layer_11_B_112	351.2072
layer_11_B_113	352.0062
layer_11_B_114	352.6217
layer_11_B_115	352.9261
layer_11_B_116	352.9287
layer_11_B_117	352.6236
layer_11_B_118	352.0097
layer_11_B_119	351.2078
layer_11_B_120	348.8364
layer_11_B_121	349.5740
layer_11_B_122	350.1434
layer_11_B_123	350.4272
layer_11_B_124	350.4287
layer_11_B_125	350.1441
layer_11_B_126	349.5752
layer_11_B_127	348.8360
layer_12_TB_0	347.2105
layer_12_TB_1	347.9256
layer_12_TB_2	348.4778
layer_12_TB_3	348.7546
layer_12_TB_4	348.7549
layer_12_TB_5	348.4781
layer_12_TB_6	347.9259
layer_12_TB_7	347.2105
layer_12_TB_8	348.4441
layer_12_TB_9	349.2303
layer_12_TB_10	349.8349
layer_12_TB_11	350.1364
layer_12_TB_12	350.1377
layer_12_TB_13	349.8356
layer_12_TB_14	349.2314
layer_12_TB_15	348.4438
layer_12_TB_16	350.9376
layer_12_TB_17	351.7389
layer_12_TB_18	352.3535
layer_12_TB_19	352.6571
layer_12_TB_20	352.6595
layer_12_TB_21	352.3554
layer_12_TB_22	351.7424
layer_12_TB_23	350.9384
layer_12_TB_24	348.5704
layer_12_TB_25	349.3095
layer_12_TB_26	349.8778
layer_12_TB_27	350.1608
layer_12_TB_28	350.1623
layer_12_TB_29	349.8786
layer_12_TB_30	349.3108
layer_12_TB_31	348.5701
layer_13_B_128	344.7285
layer_13_B_129	345.4598
layer_13_B_130	346.0022
layer_13_B_131	346.2710
layer_13_B_132	346.2712
layer_13_B_133	346.0024
layer_13_B_134	345.4600
layer_13_B_135	344.7285
layer_13_B_136	345.8398
layer_13_B_137	346.6478
layer_13_B_138	347.2448
layer_13_B_139	347.5392
layer_13_B_140	347.5402
layer_13_B_141	347.2454
layer_13_B_142	346.6488
layer_13_B_143	345.8397
layer_13_B_144	348.2416
layer_13_B_145	349.0678
layer_13_B_146	349.6721
layer_13_B_147	349.9686
layer_13_B_148	349.9679
layer_13_B_149	349.6750
layer_13_B_150	349.0706
layer_13_B_151	348.2450
layer_13_B_152	345.9103
layer_13_B_153	346.6649
layer_13_B_154	347.2219
layer_13_B_155	347.4963
layer_13_B_156	347.4974
layer_13_B_157	347.2226
layer_13_B_158	346.6660
layer_13_B_159	345.9101
layer_14_TB_0	344.4450
layer_14_TB_1	345.1783
layer_14_TB_2	345.7195
layer_14_TB_3	345.9874
layer_14_TB_4	345.9876
layer_14_TB_5	345.7198
layer_14_TB_6	345.1786
layer_14_TB_7	344.4451
layer_14_TB_8	345.5420
layer_14_TB_9	346.3528
layer_14_TB_10	346.9488
layer_14_TB_11	347.2425
layer_14_TB_12	347.2434
layer_14_TB_13	346.9494
layer_14_TB_14	346.3538
layer_14_TB_15	345.5419
layer_14_TB_16	347.8852
layer_14_TB_17	348.7139
layer_14_TB_18	349.3173
layer_14_TB_19	349.6129
layer_14_TB_20	349.6123
layer_14_TB_21	349.3201
layer_14_TB_22	348.7166
layer_14_TB_23	347.8885
layer_14_TB_24	345.6060
layer_14_TB_25	346.3626
layer_14_TB_26	346.9182
layer_14_TB_27	347.1916
layer_14_TB_28	347.1927
layer_14_TB_29	346.9190
layer_14_TB_30	346.3637
layer_14_TB_31	345.6058
layer_15_B_160	341.6101
layer_15_B_161	342.3637
layer_15_B_162	342.8929
layer_15_B_163	343.1514
layer_15_B_164	343.1515
layer_15_B_165	342.8931
layer_15_B_166	342.3639
layer_15_B_167	341.6101
layer_15_B_168	342.5635
layer_15_B_169	343.4021
layer_15_B_170	343.9891
layer_15_B_171	344.2746
layer_15_B_172	344.2753
layer_15_B_173	343.9896
layer_15_B_174	343.4029
layer_15_B_175	342.5635
layer_15_B_176	344.3217
layer_15_B_177	345.1765
layer_15_B_178	345.7700
layer_15_B_179	346.0574
layer_15_B_180	346.0570
layer_15_B_181	345.7722
layer_15_B_182	345.1787
layer_15_B_183	344.3242
layer_15_B_184	342.5627
layer_15_B_185	343.3392
layer_15_B_186	343.8814
layer_15_B_187	344.1447
layer_15_B_188	344.1455
layer_15_B_189	343.8820
layer_15_B_190	343.3401
layer_15_B_191	342.5627
layer_16_TB_0	341.2927
layer_16_TB_1	342.0488
layer_16_TB_2	342.5766
layer_16_TB_3	342.8340
layer_16_TB_4	342.8341
layer_16_TB_5	342.5768
layer_16_TB_6	342.0490
layer_16_TB_7	341.2928
layer_16_TB_8	342.2305
layer_16_TB_9	343.0725
layer_16_TB_10	343.6584
layer_16_TB_11	343.9430
layer_16_TB_12	343.9437
layer_16_TB_13	343.6589
layer_16_TB_14	343.0733
layer_16_TB_15	342.2305
layer_16_TB_16	343.9360
layer_16_TB_17	344.7941
layer_16_TB_18	345.3865
layer_16_TB_19	345.6729
layer_16_TB_20	345.6725
layer_16_TB_21	345.3886
layer_16_TB_22	344.7962
layer_16_TB_23	343.9384
layer_16_TB_24	342.2225
layer_16_TB_25	343.0014
layer_16_TB_26	343.5420
layer_16_TB_27	343.8041
layer_16_TB_28	343.8049
layer_16_TB_29	343.5426
layer_16_TB_30	343.0022
layer_16_TB_31	342.2224
layer_17_B_192	338.1189
layer_17_B_193	338.8999
layer_17_B_194	339.4135
layer_17_B_195	339.6599
layer_17_B_196	339.6600
layer_17_B_197	339.4136
layer_17_B_198	338.9001
layer_17_B_199	338.1190
layer_17_B_200	338.8998
layer_17_B_201	339.7763
layer_17_B_202	340.3516
layer_17_B_203	340.6269
layer_17_B_204	340.6274
layer_17_B_205	340.3520
layer_17_B_206	339.7769
layer_17_B_207	338.8999
layer_17_B_208	340.0792
layer_17_B_209	340.9705
layer_17_B_210	341.5514
layer_17_B_211	341.8284
layer_17_B_212	341.8282
layer_17_B_213	341.5529
layer_17_B_214	340.9720
layer_17_B_215	340.0809
layer_17_B_216	338.8192
layer_17_B_217	339.6227
layer_17_B_218	340.1475
layer_17_B_219	340.3981
layer_17_B_220	340.3986
layer_17_B_221	340.1480
layer_17_B_222	339.6234
layer_17_B_223	338.8193
layer_18_TB_0	337.7692
layer_18_TB_1	338.5532
layer_18_TB_2	339.0651
layer_18_TB_3	339.3103
layer_18_TB_4	339.3104
layer_18_TB_5	339.0652
layer_18_TB_6	338.5534
layer_18_TB_7	337.7693
layer_18_TB_8	338.5337
layer_18_TB_9	339.4144
layer_18_TB_10	339.9885
layer_18_TB_11	340.2628
layer_18_TB_12	340.2632
layer_18_TB_13	339.9889
layer_18_TB_14	339.4150
layer_18_TB_15	338.5338
layer_18_TB_16	339.6642
layer_18_TB_17	340.5596
layer_18_TB_18	341.1392
layer_18_TB_19	341.4152
layer_18_TB_20	341.4150
layer_18_TB_21	341.1407
layer_18_TB_22	340.5610
layer_18_TB_23	339.6658
layer_18_TB_24	338.4452
layer_18_TB_25	339.2517
layer_18_TB_26	339.7746
layer_18_TB_27	340.0239
layer_18_TB_28	340.0244
layer_18_TB_29	339.7751
layer_18_TB_30	339.2524
layer_18_TB_31	338.4453
layer_19_B_224	334.2722
layer_19_B_225	335.0861
layer_19_B_226	335.5810
layer_19_B_227	335.8138
layer_19_B_228	335.8139
layer_19_B_229	335.5811
layer_19_B_230	335.0863
layer_19_B_231	334.2722
layer_19_B_232	334.8727
layer_19_B_233	335.7953
layer_19_B_234	336.3568
layer_19_B_235	336.6208
layer_19_B_236	336.6211
layer_19_B_237	336.3571
layer_19_B_238	335.7957
layer_19_B_239	334.8728
layer_19_B_240	335.5152
layer_19_B_241	336.4515
layer_19_B_242	337.0179
layer_19_B_243	337.2833
layer_19_B_244	337.2832
layer_19_B_245	337.0188
layer_19_B_246	336.4524
layer_19_B_247	335.5161
layer_19_B_248	334.7051
layer_19_B_249	335.5415
layer_19_B_250	336.0458
layer_19_B_251	336.2820
layer_19_B_252	336.2823
layer_19_B_253	336.0461
layer_19_B_254	335.5419
layer_19_B_255	334.7052
layer_20_TB_0	333.8918
layer_20_TB_1	334.7093
layer_20_TB_2	335.2021
layer_20_TB_3	335.4336
layer_20_TB_4	335.4337
layer_20_TB_5	335.2023
layer_20_TB_6	334.7094
layer_20_TB_7	333.8919
layer_20_TB_8	334.4757
layer_20_TB_9	335.4033
layer_20_TB_10	335.9634
layer_20_TB_11	336.2263
layer_20_TB_12	336.2265
layer_20_TB_13	335.9637
layer_20_TB_14	335.4037
layer_20_TB_15	334.4759
layer_20_TB_16	335.0714
layer_20_TB_17	336.0127
layer_20_TB_18	336.5775
layer_20_TB_19	336.8417
layer_20_TB_20	336.8417
layer_20_TB_21	336.5783
layer_20_TB_22	336.0135
layer_20_TB_23	335.0723
layer_20_TB_24	334.2997
layer_20_TB_25	335.1397
layer_20_TB_26	335.6419
layer_20_TB_27	335.8766
layer_20_TB_28	335.8769
layer_20_TB_29	335.6422
layer_20_TB_30	335.1401
layer_20_TB_31	334.2998
hsp_TB_0	330.0879
hsp_TB_1	330.9411
hsp_TB_2	331.4139
hsp_TB_3	331.6316
hsp_TB_4	331.6316
hsp_TB_5	331.4140
hsp_TB_6	330.9412
hsp_TB_7	330.0880
hsp_TB_8	330.5062
hsp_TB_9	331.4840
hsp_TB_10	332.0294
hsp_TB_11	332.2809
hsp_TB_12	332.2809
hsp_TB_13	332.0296
hsp_TB_14	331.4842
hsp_TB_15	330.5063
hsp_TB_16	330.6335
hsp_TB_17	331.6245
hsp_TB_18	332.1738
hsp_TB_19	332.4264
hsp_TB_20	332.4265
hsp_TB_21	332.1741
hsp_TB_22	331.6248
hsp_TB_23	330.6337
hsp_TB_24	330.2457
hsp_TB_25	331.1216
hsp_TB_26	331.6021
hsp_TB_27	331.8223
hsp_TB_28	331.8224
hsp_TB_29	331.6023
hsp_TB_30	331.1218
hsp_TB_31	330.2459
hsink_TB_0	328.6765
hsink_TB_1	329.4079
hsink_TB_2	329.8517
hsink_TB_3	330.0606
hsink_TB_4	330.0606
hsink_TB_5	329.8518
hsink_TB_6	329.4080
hsink_TB_7	328.6765
hsink_TB_8	328.9494
hsink_TB_9	329.7914
hsink_TB_10	330.3055
hsink_TB_11	330.5478
hsink_TB_12	330.5478
hsink_TB_13	330.3056
hsink_TB_14	329.7915
hsink_TB_15	328.9495
hsink_TB_16	328.9775
hsink_TB_17	329.8261
hsink_TB_18	330.3429
hsink_TB_19	330.5861
hsink_TB_20	330.5861
hsink_TB_21	330.3430
hsink_TB_22	329.8262
hsink_TB_23	328.9777
hsink_TB_24	328.7345
hsink_TB_25	329.4795
hsink_TB_26	329.9290
hsink_TB_27	330.1399
hsink_TB_28	330.1399
hsink_TB_29	329.9291
hsink_TB_30	329.4796
hsink_TB_31	328.7346
inode_0	326.5768
inode_1	326.5769
inode_2	327.1640
inode_3	327.0950
inode_4	326.5389
inode_5	326.5390
inode_6	327.1331
inode_7	327.0649
inode_8	325.3618
inode_9	325.3618
inode_10	325.7091
inode_11	325.6518
inode_12	353.7943
inode_13	353.7940
inode_14	353.6371
inode_15	353.1238
inode_16	353.7735
inode_17	353.7732
inode_18	353.6312
inode_19	353.1187
inode_20	349.9771
inode_21	349.9770
inode_22	352.5615
inode_23	352.1114
inode_24	339.3831
inode_25	339.3830
inode_26	339.7440
inode_27	339.4616
