Metric	Core0	Core1	Core2	Core3	Core4	Core5	Core6	Core7	Core8	Core9	Core10	Core11	Core12	Core13	Core14	Core15	Core16	Core17	Core18	Core19	Core20	Core21	Core22	Core23	Core24	Core25	Core26	Core27	Core28	Core29	Core30	Core31	Core32	Core33	Core34	Core35	Core36	Core37	Core38	Core39	Core40	Core41	Core42	Core43	Core44	Core45	Core46	Core47	Core48	Core49	Core50	Core51	Core52	Core53	Core54	Core55	Core56	Core57	Core58	Core59	Core60	Core61	Core62	Core63
total	289664238.257	111.865	289664238.257	289664238.257	116.554	116.378	943.956	1216.320	1155.818	1053.118	118.297	117.836	289664238.257	289664238.257	111.871	289664238.257	1352.055	1466.491	116.992	116.845	116.986	115.984	1556.598	865.114	1928.421	1245.289	116.766	116.619	1048.179	1038.480	116.028	116.443	289664238.257	289664238.257	289664238.257	111.859	115.615	116.208	1518.841	1633.116	1733.126	1348.122	117.795	119.240	111.872	289664238.257	289664238.257	289664238.257	1489.629	1424.461	117.813	116.765	115.825	116.186	1108.550	2427.625	1149.452	1163.329	116.968	117.503	1338.225	1776.929	115.394	115.380
base	-
dispatch_width	-
rs_full	-
depend	-
depend-int	-
depend-fp	-
depend-branch	-
issue	-
serial	-
smt	-
branch	-
itlb	-
dtlb	-
ifetch	-
mem	-
mem-l1d	-
mem-l2	-
mem-l3	-
mem-l4	-
mem-remote	-
mem-nuca	-
mem-dram-cache	-
mem-dram	-
sync	-
dvfs-transition	-
imbalance	289664238.257	111.092	289664238.257	289664238.257	115.748	115.574	937.433	1207.902	1147.879	1045.882	117.479	117.021	289664238.257	289664238.257	111.098	289664238.257	1342.810	1456.402	116.184	116.038	116.177	115.182	1545.876	859.175	1915.127	1236.693	115.959	115.813	1040.904	1031.287	115.226	115.638	289664238.257	289664238.257	289664238.257	111.086	114.816	115.404	1508.375	1621.744	1721.210	1338.842	116.981	118.416	111.099	289664238.257	289664238.257	289664238.257	1479.412	1414.708	116.999	115.958	115.025	115.383	1100.890	2410.913	1141.434	1155.286	116.160	116.691	1329.047	1764.627	114.597	114.582
other	0.000	0.773	0.000	0.000	0.806	0.804	6.523	8.419	7.939	7.235	0.818	0.814	0.000	0.000	0.773	0.000	9.245	10.089	0.809	0.808	0.809	0.802	10.722	5.939	13.294	8.597	0.807	0.806	7.275	7.192	0.802	0.805	0.000	0.000	0.000	0.773	0.799	0.803	10.465	11.372	11.916	9.280	0.814	0.824	0.773	0.000	0.000	0.000	10.217	9.754	0.814	0.807	0.801	0.803	7.661	16.712	8.018	8.043	0.808	0.812	9.179	12.301	0.798	0.797
