Metric	Core0	Core1	Core2	Core3	Core4	Core5	Core6	Core7	Core8	Core9	Core10	Core11	Core12	Core13	Core14	Core15	Core16	Core17	Core18	Core19	Core20	Core21	Core22	Core23	Core24	Core25	Core26	Core27	Core28	Core29	Core30	Core31	Core32	Core33	Core34	Core35	Core36	Core37	Core38	Core39	Core40	Core41	Core42	Core43	Core44	Core45	Core46	Core47	Core48	Core49	Core50	Core51	Core52	Core53	Core54	Core55	Core56	Core57	Core58	Core59	Core60	Core61	Core62	Core63
total	41.146	1.889	46.832	46.776	35.236	8.741	2.521	2.384	16.903	18.670	1.999	2.009	15.117	14.000	2.191	2.186	4.410	4.881	2.943	3.068	2.081	2.070	13.870	16.270	17.100	18.607	1.996	1.999	12.622	17.035	2.057	2.063	51.275	51.323	46.776	1.918	29.159	9.543	2.580	2.480	14.585	17.392	1.996	1.995	11.843	42.260	2.163	2.176	4.242	4.331	3.034	3.018	2.056	2.031	19.532	15.529	19.198	12.780	1.996	1.998	17.044	16.297	2.014	2.022
base	0.000	0.250	0.000	0.000	0.000	0.250	0.250	0.250	0.250	0.250	0.250	0.250	0.250	0.250	0.250	0.250	0.250	0.250	0.250	0.250	0.250	0.250	0.250	0.250	0.250	0.250	0.250	0.250	0.250	0.250	0.250	0.250	0.000	0.000	0.000	0.250	0.000	0.250	0.250	0.250	0.250	0.250	0.250	0.250	0.250	0.000	0.250	0.250	0.250	0.250	0.250	0.250	0.250	0.250	0.250	0.250	0.250	0.250	0.250	0.250	0.250	0.250	0.250	0.250
dispatch_width	-
rs_full	-
depend	0.000	0.021	0.000	0.000	0.000	0.000	0.000	0.025	0.000	0.000	0.000	0.000	0.000	0.000	0.000	0.000	0.000	0.000	0.030	0.000	0.000	0.000	0.000	0.000	0.000	0.000	0.000	0.000	0.000	0.000	0.000	0.000	0.000	0.000	0.000	0.021	0.000	0.000	0.000	0.000	0.000	0.000	0.000	0.000	0.000	0.000	0.000	0.000	0.000	0.000	0.000	0.000	0.000	0.000	0.000	0.000	0.000	0.000	0.000	0.000	0.000	0.000	0.000	0.023
depend-int	-
depend-fp	-
depend-branch	0.000	0.000	0.000	0.000	0.000	0.000	0.000	0.000	0.000	0.000	0.023	0.022	0.000	0.000	0.025	0.025	0.000	0.000	0.000	0.000	0.025	0.024	0.000	0.000	0.000	0.000	0.025	0.024	0.000	0.000	0.024	0.024	0.000	0.000	0.000	0.000	0.000	0.000	0.000	0.027	0.000	0.000	0.024	0.025	0.000	0.000	0.025	0.022	0.000	0.000	0.000	0.000	0.026	0.026	0.000	0.000	0.000	0.000	0.020	0.020	0.000	0.000	0.022	0.000
issue	0.000	0.469	0.000	0.000	0.000	0.386	0.461	0.463	0.289	0.269	0.467	0.467	0.310	0.324	0.465	0.465	0.438	0.432	0.456	0.454	0.467	0.467	0.324	0.297	0.287	0.270	0.468	0.467	0.338	0.288	0.467	0.467	0.000	0.000	0.000	0.469	0.000	0.376	0.461	0.462	0.316	0.284	0.468	0.468	0.348	0.000	0.466	0.465	0.440	0.439	0.455	0.455	0.467	0.467	0.260	0.305	0.264	0.337	0.468	0.467	0.288	0.296	0.467	0.467
serial	-
smt	-
branch	0.549	0.025	9.872	1.564	0.512	0.125	0.037	0.035	0.243	0.267	0.029	0.030	0.264	0.201	0.032	0.031	0.064	0.073	0.043	0.044	0.030	0.030	0.201	0.235	0.248	0.271	0.029	0.029	0.181	0.243	0.033	0.032	22.830	1.362	2.716	0.028	0.421	0.206	0.038	0.036	0.212	0.250	0.029	0.029	0.171	0.703	0.031	0.031	0.061	0.067	0.044	0.044	0.030	0.029	0.284	0.225	0.279	0.185	0.029	0.029	0.254	0.249	0.027	0.027
itlb	-
dtlb	-
ifetch	5.228	0.023	1.426	9.235	7.806	0.581	0.229	0.170	4.369	4.587	0.055	0.055	3.406	5.311	0.136	0.134	0.703	0.883	0.362	0.390	0.090	0.085	3.185	4.921	4.019	4.852	0.052	0.054	2.850	3.892	0.056	0.057	2.604	12.079	18.386	0.027	8.912	4.719	0.230	0.189	3.690	4.738	0.054	0.054	2.048	11.064	0.124	0.130	0.652	0.617	0.326	0.313	0.071	0.061	4.180	3.333	4.817	2.748	0.053	0.054	4.714	4.110	0.069	0.071
mem	-
mem-l1d	-
mem-l2	-
mem-l3	-
mem-l4	-
mem-remote	-
mem-nuca	-
mem-dram-cache	-
mem-dram	27.036	0.037	10.602	11.616	7.817	2.592	0.105	0.105	2.312	2.874	0.050	0.054	2.413	0.320	0.054	0.054	0.460	0.504	0.156	0.184	0.052	0.052	2.129	1.447	2.709	2.576	0.052	0.052	1.917	2.801	0.072	0.074	7.442	19.013	25.216	0.043	3.575	0.427	0.130	0.127	1.927	2.139	0.051	0.050	2.374	6.625	0.054	0.054	0.436	0.506	0.232	0.238	0.060	0.059	3.605	2.700	2.857	2.100	0.051	0.051	1.996	2.256	0.045	0.047
sync	-
dvfs-transition	-
imbalance	7.839	1.047	24.476	23.905	18.567	4.733	1.398	1.322	9.323	10.297	1.108	1.114	8.367	7.492	1.215	1.212	2.443	2.684	1.632	1.701	1.154	1.148	7.678	9.006	9.469	10.264	1.107	1.108	6.990	9.443	1.140	1.144	17.942	18.410	0.000	1.063	15.677	3.486	1.431	1.375	8.084	9.613	1.107	1.106	6.560	23.380	1.199	1.206	2.352	2.402	1.682	1.673	1.140	1.126	10.825	8.607	10.604	7.063	1.106	1.108	9.426	9.023	1.116	1.121
other	0.494	0.016	0.456	0.456	0.534	0.075	0.041	0.015	0.117	0.125	0.016	0.016	0.108	0.102	0.014	0.015	0.052	0.054	0.013	0.044	0.014	0.015	0.102	0.113	0.118	0.125	0.014	0.014	0.096	0.118	0.014	0.014	0.459	0.459	0.458	0.016	0.574	0.079	0.041	0.014	0.106	0.119	0.015	0.013	0.092	0.487	0.014	0.017	0.051	0.052	0.044	0.044	0.013	0.012	0.129	0.110	0.127	0.097	0.018	0.018	0.117	0.114	0.017	0.015
total	600159.740	3.351	709279.692	120031.948	22.548	22.204	3.502	3.500	37.507	40.944	3.501	3.499	41.003	31.062	3.708	3.717	38.803	35.681	3.484	3.491	3.515	3.521	39.374	33.251	35.903	44.766	3.503	3.496	38.911	33.620	3.501	3.506	1950519.154	458945.683	15604153.228	3.351	237.109	371527.458	3.442	3.475	33.757	42.020	3.499	3.512	31.896	34.391	3.712	3.678	43.273	36.009	3.482	3.493	3.515	3.496	43.155	38.382	45.081	32.669	3.492	3.491	38.803	37.894	3.485	3.477
base	0.000	0.250	0.000	0.000	0.250	0.250	0.250	0.250	0.000	0.000	0.250	0.250	0.000	0.000	0.250	0.250	0.000	0.000	0.250	0.250	0.250	0.250	0.000	0.000	0.000	0.000	0.250	0.250	0.000	0.000	0.250	0.250	0.000	0.000	0.000	0.250	0.000	0.000	0.250	0.250	0.000	0.000	0.250	0.250	0.000	0.000	0.250	0.250	0.000	0.000	0.250	0.250	0.250	0.250	0.000	0.000	0.000	0.000	0.250	0.250	0.000	0.000	0.250	0.250
dispatch_width	-
rs_full	-
depend	-
depend-int	-
depend-fp	-
depend-branch	-
issue	0.000	0.493	0.000	0.000	0.489	0.490	0.492	0.492	0.490	0.490	0.492	0.492	0.489	0.491	0.492	0.492	0.490	0.490	0.492	0.492	0.492	0.492	0.490	0.490	0.490	0.489	0.492	0.492	0.489	0.490	0.492	0.492	0.000	0.000	0.000	0.493	0.000	0.000	0.492	0.492	0.490	0.490	0.492	0.492	0.490	0.490	0.492	0.492	0.489	0.490	0.492	0.492	0.492	0.492	0.489	0.489	0.489	0.490	0.492	0.492	0.489	0.490	0.492	0.492
serial	-
smt	-
branch	0.000	0.000	102939.121	0.000	0.000	0.000	0.000	0.000	0.000	0.000	0.000	0.000	0.000	0.000	0.000	0.000	0.000	0.000	0.000	0.000	0.000	0.000	0.000	0.000	0.000	0.000	0.000	0.000	0.000	0.000	0.000	0.000	0.000	53055.734	0.000	0.000	0.000	0.000	0.000	0.000	0.000	0.000	0.000	0.000	0.000	0.000	0.000	0.000	0.000	0.000	0.000	0.000	0.000	0.000	0.000	0.000	0.000	0.000	0.000	0.000	0.000	0.000	0.000	0.000
itlb	-
dtlb	-
ifetch	0.000	0.000	0.000	58665.797	3.195	3.080	0.000	0.000	4.670	5.552	0.000	0.000	6.052	4.598	0.091	0.092	5.040	5.052	0.000	0.000	0.000	0.000	5.515	4.429	4.946	6.457	0.000	0.000	5.239	4.272	0.000	0.000	352732.512	0.000	0.000	0.000	0.000	86132.545	0.000	0.000	4.467	5.774	0.000	0.000	4.648	5.472	0.096	0.064	6.034	4.521	0.000	0.000	0.000	0.000	6.054	5.189	6.377	4.079	0.000	0.000	5.563	5.116	0.000	0.000
mem	-
mem-l1d	-
mem-l2	-
mem-l3	-
mem-l4	-
mem-remote	-
mem-nuca	-
mem-dram-cache	-
mem-dram	182661.296	0.000	51470.674	58665.951	0.949	1.189	0.000	0.000	3.158	3.068	0.000	0.000	2.657	1.489	0.000	0.000	3.164	2.405	0.000	0.000	0.000	0.000	2.876	2.470	2.594	3.076	0.000	0.000	3.018	2.713	0.000	0.000	352736.387	53058.528	0.000	0.000	50.146	0.000	0.000	0.000	2.549	3.154	0.000	0.000	2.114	2.234	0.000	0.000	3.345	3.063	0.000	0.000	0.000	0.000	3.199	3.030	3.444	2.832	0.000	0.000	2.639	2.879	0.000	0.000
sync	-
dvfs-transition	-
imbalance	417497.828	2.578	554869.488	2699.469	17.635	17.167	2.694	2.693	28.910	31.557	2.693	2.691	31.526	24.206	2.831	2.838	29.830	27.456	2.680	2.685	2.704	2.709	30.215	25.584	27.595	34.465	2.695	2.689	29.885	25.866	2.694	2.697	1245049.879	352830.951	15604153.228	2.578	184.370	285394.104	2.648	2.673	25.972	32.324	2.692	2.701	24.364	25.916	2.834	2.829	33.127	27.656	2.679	2.687	2.704	2.690	33.134	29.394	34.491	24.990	2.686	2.686	29.833	29.132	2.681	2.675
other	0.615	0.030	0.409	0.731	0.029	0.029	0.066	0.065	0.279	0.279	0.066	0.065	0.279	0.278	0.044	0.045	0.279	0.278	0.062	0.063	0.069	0.070	0.279	0.279	0.279	0.279	0.066	0.064	0.280	0.279	0.066	0.067	0.375	0.471	0.000	0.031	2.593	0.810	0.052	0.059	0.278	0.279	0.065	0.068	0.279	0.279	0.039	0.042	0.279	0.278	0.061	0.064	0.069	0.064	0.279	0.279	0.279	0.278	0.063	0.063	0.279	0.279	0.062	0.060
total	34833523.306	7.481	600577.988	34833523.306	75.526	69.742	7.788	7.797	84.761	78.884	7.861	7.868	18.752	13.851	14.953	14.989	83.480	75.191	7.837	7.869	7.826	7.886	62.143	134.554	81.978	71.623	7.821	7.890	103.102	97.951	7.889	7.863	34833523.306	311013.601	267950.179	7.480	69.120	291.616	7.751	7.800	81.636	82.782	7.865	7.846	19.540	256.523	12.898	11.898	99.758	94.300	7.821	7.823	7.826	7.852	101.121	74.151	84.596	113.212	7.847	7.834	74.489	82.785	7.852	7.855
base	0.000	0.250	0.000	0.000	0.000	0.000	0.250	0.250	0.000	0.000	0.250	0.250	0.250	0.250	0.250	0.250	0.000	0.000	0.250	0.250	0.250	0.250	0.000	0.000	0.000	0.000	0.250	0.250	0.000	0.000	0.250	0.250	0.000	0.000	0.000	0.250	0.000	0.000	0.250	0.250	0.000	0.000	0.250	0.250	0.250	0.000	0.250	0.250	0.000	0.000	0.250	0.250	0.250	0.250	0.000	0.000	0.000	0.000	0.250	0.250	0.000	0.000	0.250	0.250
dispatch_width	-
rs_full	-
depend	-
depend-int	-
depend-fp	-
depend-branch	-
issue	0.000	0.493	0.000	0.000	0.000	0.000	0.492	0.492	0.000	0.000	0.492	0.492	0.492	0.492	0.492	0.492	0.000	0.000	0.492	0.492	0.492	0.492	0.000	0.000	0.000	0.000	0.492	0.492	0.000	0.000	0.492	0.492	0.000	0.000	0.000	0.493	0.000	0.000	0.492	0.492	0.000	0.000	0.492	0.492	0.493	0.000	0.492	0.492	0.000	0.000	0.492	0.492	0.492	0.492	0.000	0.000	0.000	0.000	0.492	0.492	0.000	0.000	0.492	0.492
serial	-
smt	-
branch	0.000	0.000	0.000	0.000	0.000	0.000	0.000	0.000	0.000	0.000	0.000	0.000	0.000	0.000	0.000	0.000	0.000	0.000	0.000	0.000	0.000	0.000	0.000	0.000	0.000	0.000	0.000	0.000	0.000	0.000	0.000	0.000	0.000	93474.542	0.000	0.000	0.000	0.000	0.000	0.000	0.000	0.000	0.000	0.000	0.000	0.000	0.000	0.000	0.000	0.000	0.000	0.000	0.000	0.000	0.000	0.000	0.000	0.000	0.000	0.000	0.000	0.000	0.000	0.000
itlb	-
dtlb	-
ifetch	0.000	0.000	0.000	0.000	4.681	4.433	0.000	0.000	4.802	4.531	0.000	0.000	0.605	0.246	0.457	0.473	4.714	4.323	0.000	0.000	0.000	0.000	3.823	9.542	4.614	4.143	0.000	0.000	6.686	6.382	0.000	0.000	0.000	0.000	130588.604	0.000	4.373	9.224	0.000	0.000	4.800	4.552	0.000	0.000	0.462	9.521	0.238	0.357	5.990	6.008	0.000	0.000	0.000	0.000	6.538	4.083	4.796	6.617	0.000	0.000	4.576	5.069	0.000	0.000
mem	-
mem-l1d	-
mem-l2	-
mem-l3	-
mem-l4	-
mem-remote	-
mem-nuca	-
mem-dram-cache	-
mem-dram	0.000	0.000	87801.375	0.000	2.359	1.915	0.000	0.000	3.298	2.849	0.000	0.000	0.556	0.417	0.284	0.298	3.161	2.608	0.000	0.000	0.000	0.000	1.765	3.784	3.093	2.573	0.000	0.000	3.144	2.988	0.000	0.000	0.000	0.000	130588.757	0.000	2.006	7.202	0.000	0.000	2.887	3.228	0.000	0.000	0.738	14.342	0.293	0.000	3.450	2.987	0.000	0.000	0.000	0.000	3.078	2.695	2.990	4.080	0.000	0.000	2.325	2.703	0.000	0.000
sync	-
dvfs-transition	-
imbalance	34833523.306	6.707	512775.613	34833523.306	67.717	62.625	6.983	6.991	75.893	70.735	7.048	7.054	16.822	12.420	13.443	13.449	74.836	67.491	7.027	7.055	7.017	7.071	55.787	120.459	73.503	64.139	7.011	7.074	92.504	87.813	7.073	7.050	34833523.306	217538.631	6772.087	6.707	61.973	274.422	6.950	6.994	73.180	74.234	7.052	7.036	17.570	231.891	11.598	10.667	89.550	84.536	7.012	7.014	7.017	7.041	90.737	66.605	76.042	101.747	7.036	7.024	66.820	74.244	7.041	7.043
other	0.000	0.031	1.000	0.000	0.769	0.769	0.063	0.064	0.768	0.768	0.070	0.071	0.027	0.027	0.027	0.027	0.768	0.769	0.068	0.071	0.067	0.073	0.769	0.768	0.768	0.768	0.068	0.073	0.768	0.768	0.073	0.070	0.000	0.429	0.731	0.030	0.769	0.768	0.059	0.064	0.768	0.768	0.071	0.069	0.027	0.769	0.027	0.131	0.768	0.768	0.066	0.066	0.067	0.069	0.768	0.768	0.768	0.768	0.069	0.069	0.769	0.768	0.069	0.070
total	530859.752	11.856	434719.797	55209414.173	12.424	12.443	142.918	150.061	140.083	141.373	12.399	12.380	12.300	12.364	112.446	156.464	129.309	148.006	12.320	12.353	12.403	12.377	155.243	119.840	118.041	160.339	12.462	12.475	142.692	150.271	12.356	12.327	5520941.417	55209414.173	55209414.173	11.856	12.533	12.417	130.616	107.710	134.973	135.020	12.339	12.414	12.373	12.427	138.581	164.717	159.137	113.456	12.302	12.347	12.454	12.381	164.271	112.593	148.138	131.530	12.461	12.553	132.728	121.122	12.321	12.304
base	0.000	0.250	0.000	0.000	0.250	0.250	0.000	0.000	0.000	0.000	0.250	0.250	0.250	0.250	0.000	0.000	0.000	0.000	0.250	0.250	0.250	0.250	0.000	0.000	0.000	0.000	0.250	0.250	0.000	0.000	0.250	0.250	0.000	0.000	0.000	0.250	0.250	0.250	0.000	0.000	0.000	0.000	0.250	0.250	0.250	0.250	0.000	0.000	0.000	0.000	0.250	0.250	0.250	0.250	0.000	0.000	0.000	0.000	0.250	0.250	0.000	0.000	0.250	0.250
dispatch_width	-
rs_full	-
depend	-
depend-int	-
depend-fp	-
depend-branch	-
issue	0.000	0.493	0.000	0.000	0.492	0.492	0.000	0.000	0.000	0.000	0.492	0.492	0.492	0.492	0.000	0.000	0.000	0.000	0.492	0.492	0.492	0.492	0.000	0.000	0.000	0.000	0.492	0.492	0.000	0.000	0.492	0.492	0.000	0.000	0.000	0.493	0.492	0.492	0.000	0.000	0.000	0.000	0.492	0.492	0.492	0.492	0.000	0.000	0.000	0.000	0.492	0.492	0.492	0.492	0.000	0.000	0.000	0.000	0.492	0.492	0.000	0.000	0.492	0.492
serial	-
smt	-
branch	-
itlb	-
dtlb	-
ifetch	0.000	0.000	211269.834	0.000	0.000	0.000	5.958	6.331	5.366	5.621	0.000	0.000	0.000	0.000	4.300	6.078	4.541	5.590	0.000	0.000	0.000	0.000	6.326	4.438	4.528	6.321	0.000	0.000	5.532	5.712	0.000	0.000	0.000	0.000	0.000	0.000	0.000	0.000	5.215	3.876	5.164	5.195	0.000	0.000	0.000	0.000	5.349	6.867	6.223	3.890	0.000	0.000	0.000	0.000	6.536	4.310	5.764	5.134	0.000	0.000	5.103	4.420	0.000	0.000
mem	-
mem-l1d	-
mem-l2	-
mem-l3	-
mem-l4	-
mem-remote	-
mem-nuca	-
mem-dram-cache	-
mem-dram	93912.824	0.000	211270.149	0.000	0.000	0.000	2.602	2.761	2.893	2.834	0.000	0.000	0.000	0.000	2.259	3.210	3.093	3.457	0.000	0.000	0.000	0.000	3.069	2.528	2.395	3.253	0.000	0.000	3.010	3.314	0.000	0.000	362592.585	0.000	0.000	0.000	0.000	0.000	2.548	2.405	2.848	2.811	0.000	0.000	0.000	0.000	2.941	3.112	3.339	2.723	0.000	0.000	0.000	0.000	3.422	2.288	3.163	2.673	0.000	0.000	2.789	2.698	0.000	0.000
sync	-
dvfs-transition	-
imbalance	436946.207	11.083	12179.326	55209414.173	11.619	11.632	133.589	140.200	131.056	132.149	11.591	11.572	11.498	11.558	105.119	146.407	120.907	138.191	11.517	11.547	11.594	11.570	145.080	112.105	110.350	149.997	11.650	11.661	133.381	140.476	11.550	11.524	5158348.633	55209414.173	55209414.173	11.083	11.718	11.607	122.085	100.660	126.192	126.245	11.535	11.605	11.566	11.616	129.523	153.969	148.807	106.075	11.500	11.542	11.642	11.574	153.544	105.228	138.443	122.954	11.649	11.735	124.068	113.235	11.518	11.501
other	0.721	0.031	0.488	0.000	0.063	0.069	0.769	0.768	0.768	0.768	0.066	0.065	0.060	0.064	0.769	0.768	0.769	0.768	0.061	0.063	0.067	0.065	0.768	0.768	0.768	0.768	0.069	0.071	0.768	0.768	0.063	0.062	0.200	0.000	0.000	0.030	0.073	0.067	0.769	0.769	0.768	0.768	0.062	0.067	0.065	0.068	0.768	0.768	0.768	0.768	0.060	0.063	0.070	0.065	0.768	0.768	0.768	0.768	0.070	0.075	0.768	0.769	0.061	0.060
total	51609414.173	11.083	51609414.173	51609414.173	11.536	11.615	157.151	113.206	114.835	123.145	11.513	11.533	11.600	11.615	131.623	131.312	124.795	139.498	11.600	11.555	11.593	11.531	126.715	135.911	137.416	104.754	11.704	11.648	137.700	120.081	11.539	11.561	2345882.462	51609414.173	51609414.173	11.083	11.622	11.591	100.922	138.468	139.262	129.548	11.527	11.499	11.622	11.608	159.474	103.788	120.126	133.024	11.598	11.595	11.615	11.529	154.814	106.657	176.610	112.736	11.584	11.610	130.132	112.778	11.494	11.482
base	0.000	0.250	0.000	0.000	0.250	0.250	0.000	0.000	0.000	0.000	0.250	0.250	0.250	0.250	0.000	0.000	0.000	0.000	0.250	0.250	0.250	0.250	0.000	0.000	0.000	0.000	0.250	0.250	0.000	0.000	0.250	0.250	0.000	0.000	0.000	0.250	0.250	0.250	0.000	0.000	0.000	0.000	0.250	0.250	0.250	0.250	0.000	0.000	0.000	0.000	0.250	0.250	0.250	0.250	0.000	0.000	0.000	0.000	0.250	0.250	0.000	0.000	0.250	0.250
dispatch_width	-
rs_full	-
depend	-
depend-int	-
depend-fp	-
depend-branch	-
issue	0.000	0.493	0.000	0.000	0.492	0.492	0.000	0.000	0.000	0.000	0.492	0.492	0.492	0.492	0.000	0.000	0.000	0.000	0.492	0.492	0.492	0.492	0.000	0.000	0.000	0.000	0.492	0.492	0.000	0.000	0.492	0.492	0.000	0.000	0.000	0.493	0.492	0.492	0.000	0.000	0.000	0.000	0.492	0.492	0.492	0.492	0.000	0.000	0.000	0.000	0.492	0.492	0.492	0.492	0.000	0.000	0.000	0.000	0.492	0.492	0.000	0.000	0.492	0.492
serial	-
smt	-
branch	0.000	0.000	0.000	0.000	0.000	0.000	0.000	0.000	0.000	0.000	0.000	0.000	0.000	0.000	0.000	0.000	0.000	0.000	0.000	0.000	0.000	0.000	0.000	0.000	0.000	0.000	0.000	0.000	0.000	0.000	0.000	0.000	164823.538	0.000	0.000	0.000	0.000	0.000	0.000	0.000	0.000	0.000	0.000	0.000	0.000	0.000	0.000	0.000	0.000	0.000	0.000	0.000	0.000	0.000	0.000	0.000	0.000	0.000	0.000	0.000	0.000	0.000	0.000	0.000
itlb	-
dtlb	-
ifetch	0.000	0.000	0.000	0.000	0.000	0.000	6.807	4.863	4.665	5.117	0.000	0.000	0.000	0.000	5.323	5.299	5.460	6.213	0.000	0.000	0.000	0.000	5.219	5.607	5.780	4.341	0.000	0.000	5.959	4.829	0.000	0.000	0.000	0.000	0.000	0.000	0.000	0.000	4.053	5.937	5.758	5.469	0.000	0.000	0.000	0.000	6.609	4.231	5.050	5.314	0.000	0.000	0.000	0.000	6.048	3.705	7.719	4.953	0.000	0.000	5.165	4.223	0.000	0.000
mem	-
mem-l1d	-
mem-l2	-
mem-l3	-
mem-l4	-
mem-remote	-
mem-nuca	-
mem-dram-cache	-
mem-dram	0.000	0.000	0.000	0.000	0.000	0.000	3.455	2.221	2.605	2.840	0.000	0.000	0.000	0.000	3.094	3.051	2.506	2.590	0.000	0.000	0.000	0.000	2.858	3.126	3.040	2.197	0.000	0.000	2.876	2.778	0.000	0.000	0.000	0.000	0.000	0.000	0.000	0.000	2.232	2.949	3.364	2.910	0.000	0.000	0.000	0.000	3.786	2.288	2.542	3.215	0.000	0.000	0.000	0.000	3.979	2.940	3.861	2.179	0.000	0.000	3.134	2.871	0.000	0.000
sync	-
dvfs-transition	-
imbalance	51609414.173	10.310	51609414.173	51609414.173	10.731	10.805	146.121	105.354	106.796	114.419	10.710	10.728	10.791	10.805	122.438	122.193	116.061	129.926	10.791	10.749	10.784	10.727	117.870	126.410	127.828	97.447	10.888	10.836	128.097	111.704	10.734	10.755	2181058.288	51609414.173	51609414.173	10.310	10.811	10.782	93.869	128.813	129.372	120.401	10.723	10.697	10.811	10.799	148.311	96.501	111.765	123.727	10.789	10.786	10.805	10.725	144.019	99.243	164.263	104.835	10.776	10.800	121.065	104.916	10.692	10.681
other	0.000	0.030	0.000	0.000	0.062	0.068	0.768	0.768	0.768	0.769	0.061	0.062	0.067	0.068	0.768	0.768	0.768	0.768	0.067	0.064	0.067	0.062	0.768	0.769	0.768	0.769	0.074	0.070	0.768	0.768	0.063	0.064	0.636	0.000	0.000	0.031	0.069	0.066	0.768	0.768	0.768	0.768	0.062	0.060	0.068	0.068	0.768	0.769	0.769	0.768	0.067	0.067	0.068	0.062	0.768	0.768	0.768	0.768	0.066	0.068	0.768	0.768	0.060	0.059
total	3342934.624	18.665	86916300.234	668586.925	19.511	19.509	182.169	171.133	263.389	201.343	19.524	19.520	19.488	19.424	225.635	178.384	219.874	203.384	19.530	19.599	19.364	19.434	228.175	219.279	244.904	207.606	19.443	19.482	273.799	111.250	21.197	21.494	2556361.772	10864537.529	86916300.234	18.665	19.384	19.523	292.329	291.724	217.190	195.679	19.503	19.472	19.546	19.541	210.580	241.433	198.260	227.782	19.575	19.575	19.432	19.530	253.637	175.970	183.893	257.651	19.397	19.424	318.526	271.919	21.273	22.891
base	0.000	0.250	0.000	0.000	0.250	0.250	0.000	0.000	0.000	0.000	0.250	0.250	0.250	0.250	0.000	0.000	0.000	0.000	0.250	0.250	0.250	0.250	0.000	0.000	0.000	0.000	0.250	0.250	0.000	0.000	0.250	0.250	0.000	0.000	0.000	0.250	0.250	0.250	0.000	0.000	0.000	0.000	0.250	0.250	0.250	0.250	0.000	0.000	0.000	0.000	0.250	0.250	0.250	0.250	0.000	0.000	0.000	0.000	0.250	0.250	0.000	0.000	0.250	0.250
dispatch_width	-
rs_full	-
depend	-
depend-int	-
depend-fp	-
depend-branch	-
issue	0.000	0.493	0.000	0.000	0.492	0.492	0.000	0.000	0.000	0.000	0.492	0.492	0.492	0.492	0.000	0.000	0.000	0.000	0.492	0.492	0.492	0.492	0.000	0.000	0.000	0.000	0.492	0.492	0.000	0.000	0.492	0.492	0.000	0.000	0.000	0.493	0.492	0.492	0.000	0.000	0.000	0.000	0.492	0.492	0.492	0.492	0.000	0.000	0.000	0.000	0.492	0.492	0.492	0.492	0.000	0.000	0.000	0.000	0.492	0.492	0.000	0.000	0.492	0.492
serial	-
smt	-
branch	-
itlb	-
dtlb	-
ifetch	0.000	0.000	0.000	329661.615	0.000	0.000	4.235	4.515	6.978	4.781	0.000	0.000	0.000	0.000	5.747	4.333	5.160	4.785	0.000	0.000	0.000	0.000	5.398	5.188	5.760	4.801	0.000	0.000	7.367	1.949	0.000	0.000	0.000	1664145.465	0.000	0.000	0.000	0.000	7.294	7.024	5.263	4.908	0.000	0.000	0.000	0.000	5.051	5.839	4.719	5.488	0.000	0.000	0.000	0.000	6.300	3.913	4.036	6.276	0.000	0.000	6.269	8.357	0.000	0.000
mem	-
mem-l1d	-
mem-l2	-
mem-l3	-
mem-l4	-
mem-remote	-
mem-nuca	-
mem-dram-cache	-
mem-dram	678975.176	0.000	0.000	329661.862	0.000	0.000	2.517	1.837	3.212	2.678	0.000	0.000	0.000	0.000	2.833	2.286	3.188	2.895	0.000	0.000	0.000	0.000	3.265	3.088	3.633	2.998	0.000	0.000	3.237	1.890	0.000	0.000	130703.487	1664148.090	0.000	0.000	0.000	0.000	4.030	4.288	2.825	2.371	0.000	0.000	0.000	0.000	2.850	3.359	2.758	3.124	0.000	0.000	0.000	0.000	3.488	2.655	2.770	3.573	0.000	0.000	6.164	4.135	0.000	0.000
sync	-
dvfs-transition	-
imbalance	2663958.833	17.892	86916300.234	9262.717	18.703	18.701	174.648	164.012	252.431	193.116	18.715	18.711	18.681	18.620	216.287	170.996	210.757	194.935	18.721	18.787	18.562	18.629	218.743	210.235	234.742	199.038	18.638	18.675	262.426	106.642	20.319	20.604	2425657.814	7536243.598	86916300.234	17.892	18.581	18.715	280.236	279.644	208.333	187.632	18.695	18.666	18.737	18.732	201.910	231.467	190.015	218.401	18.765	18.764	18.627	18.721	243.080	168.634	176.318	247.034	18.594	18.619	305.325	258.659	20.392	21.943
other	0.615	0.030	0.000	0.731	0.066	0.066	0.768	0.769	0.768	0.768	0.067	0.066	0.065	0.062	0.768	0.769	0.769	0.768	0.067	0.070	0.060	0.063	0.768	0.768	0.768	0.768	0.063	0.065	0.768	0.769	0.136	0.148	0.471	0.375	0.000	0.030	0.061	0.066	0.768	0.768	0.769	0.769	0.066	0.065	0.067	0.067	0.768	0.768	0.768	0.768	0.069	0.069	0.063	0.067	0.768	0.769	0.768	0.768	0.061	0.062	0.769	0.769	0.139	0.206
total	83316300.234	17.892	83316300.234	83316300.234	18.601	18.648	209.137	205.944	182.342	236.670	18.697	18.671	18.673	18.809	241.764	236.181	232.593	216.230	18.764	18.719	21.873	21.802	84.353	74.698	236.248	166.651	18.667	18.764	178.003	172.776	18.866	18.838	936138.205	83316300.234	83316300.234	17.892	18.623	18.678	178.611	226.657	195.368	215.568	18.721	18.651	18.856	18.713	216.355	162.203	216.834	156.484	18.777	18.630	21.240	21.849	85.225	93.738	166.415	287.632	18.748	18.724	242.451	247.450	18.632	18.600
base	0.000	0.250	0.000	0.000	0.250	0.250	0.000	0.000	0.000	0.000	0.250	0.250	0.250	0.250	0.000	0.000	0.000	0.000	0.250	0.250	0.250	0.250	0.000	0.000	0.000	0.000	0.250	0.250	0.000	0.000	0.250	0.250	0.000	0.000	0.000	0.250	0.250	0.250	0.000	0.000	0.000	0.000	0.250	0.250	0.250	0.250	0.000	0.000	0.000	0.000	0.250	0.250	0.250	0.250	0.000	0.000	0.000	0.000	0.250	0.250	0.000	0.000	0.250	0.250
dispatch_width	-
rs_full	-
depend	-
depend-int	-
depend-fp	-
depend-branch	-
issue	0.000	0.493	0.000	0.000	0.492	0.492	0.000	0.000	0.000	0.000	0.492	0.492	0.492	0.492	0.000	0.000	0.000	0.000	0.492	0.492	0.492	0.492	0.000	0.000	0.000	0.000	0.492	0.492	0.000	0.000	0.492	0.492	0.000	0.000	0.000	0.493	0.492	0.492	0.000	0.000	0.000	0.000	0.492	0.492	0.492	0.492	0.000	0.000	0.000	0.000	0.492	0.492	0.492	0.492	0.000	0.000	0.000	0.000	0.492	0.492	0.000	0.000	0.492	0.492
serial	-
smt	-
branch	-
itlb	-
dtlb	-
ifetch	0.000	0.000	0.000	0.000	0.000	0.000	5.460	5.010	4.520	6.536	0.000	0.000	0.000	0.000	6.159	6.369	5.706	5.549	0.000	0.000	0.000	0.000	1.877	1.506	6.030	4.166	0.000	0.000	4.398	4.161	0.000	0.000	0.000	0.000	0.000	0.000	0.000	0.000	4.700	5.707	4.986	5.756	0.000	0.000	0.000	0.000	5.614	4.032	5.437	3.545	0.000	0.000	0.000	0.000	1.843	2.195	4.166	7.644	0.000	0.000	6.369	5.675	0.000	0.000
mem	-
mem-l1d	-
mem-l2	-
mem-l3	-
mem-l4	-
mem-remote	-
mem-nuca	-
mem-dram-cache	-
mem-dram	0.000	0.000	0.000	0.000	0.000	0.000	2.854	3.065	2.544	2.908	0.000	0.000	0.000	0.000	3.502	3.212	3.518	2.993	0.000	0.000	0.000	0.000	0.990	0.943	3.487	2.292	0.000	0.000	2.519	2.631	0.000	0.000	320059.171	0.000	0.000	0.000	0.000	0.000	2.252	3.345	2.754	2.832	0.000	0.000	0.000	0.000	3.031	2.242	3.219	2.444	0.000	0.000	0.000	0.000	1.046	1.060	2.303	4.102	0.000	0.000	3.356	0.000	0.000	0.000
sync	-
dvfs-transition	-
imbalance	83316300.234	17.119	83316300.234	83316300.234	17.798	17.843	200.055	197.100	174.509	226.458	17.889	17.865	17.866	17.996	231.334	225.832	222.601	206.920	17.953	17.911	20.875	20.858	80.717	71.480	225.963	159.424	17.861	17.953	170.317	165.217	18.051	18.024	616078.730	83316300.234	83316300.234	17.119	17.818	17.871	170.890	216.837	186.860	206.212	17.913	17.845	18.042	17.904	206.941	155.161	207.409	149.726	17.965	17.825	20.320	20.856	81.568	89.715	159.177	275.117	17.938	17.915	231.957	238.652	17.827	17.796
other	0.000	0.031	0.000	0.000	0.062	0.064	0.768	0.768	0.768	0.768	0.066	0.064	0.065	0.071	0.768	0.768	0.768	0.768	0.069	0.067	0.256	0.203	0.769	0.769	0.768	0.769	0.064	0.069	0.769	0.768	0.073	0.072	0.303	0.000	0.000	0.030	0.063	0.065	0.769	0.768	0.768	0.768	0.067	0.064	0.073	0.066	0.768	0.768	0.768	0.769	0.069	0.063	0.178	0.251	0.769	0.769	0.769	0.768	0.068	0.067	0.768	3.123	0.063	0.062
total	79716300.234	17.119	79716300.234	79716300.234	17.839	17.876	235.235	190.553	197.641	197.590	17.843	17.900	18.130	18.072	184.088	196.445	238.677	265.493	17.863	17.786	187.443	189.811	17.810	17.828	167.762	194.956	17.783	18.000	184.975	168.360	18.010	17.959	79716300.234	79716300.234	79716300.234	17.119	17.855	17.888	181.449	223.617	179.578	206.549	17.765	17.879	18.016	18.179	201.667	190.221	160.055	165.231	17.869	17.787	197.720	203.155	17.800	17.805	189.194	222.999	17.906	17.912	261.494	179.305	17.849	17.848
base	0.000	0.250	0.000	0.000	0.250	0.250	0.000	0.000	0.000	0.000	0.250	0.250	0.250	0.250	0.000	0.000	0.000	0.000	0.250	0.250	0.000	0.000	0.250	0.250	0.000	0.000	0.250	0.250	0.000	0.000	0.250	0.250	0.000	0.000	0.000	0.250	0.250	0.250	0.000	0.000	0.000	0.000	0.250	0.250	0.250	0.250	0.000	0.000	0.000	0.000	0.250	0.250	0.000	0.000	0.250	0.250	0.000	0.000	0.250	0.250	0.000	0.000	0.250	0.250
dispatch_width	-
rs_full	-
depend	-
depend-int	-
depend-fp	-
depend-branch	-
issue	0.000	0.493	0.000	0.000	0.492	0.492	0.000	0.000	0.000	0.000	0.492	0.492	0.492	0.492	0.000	0.000	0.000	0.000	0.492	0.492	0.000	0.000	0.492	0.492	0.000	0.000	0.492	0.492	0.000	0.000	0.492	0.492	0.000	0.000	0.000	0.493	0.492	0.492	0.000	0.000	0.000	0.000	0.492	0.492	0.492	0.492	0.000	0.000	0.000	0.000	0.492	0.492	0.000	0.000	0.492	0.492	0.000	0.000	0.492	0.492	0.000	0.000	0.492	0.492
serial	-
smt	-
branch	-
itlb	-
dtlb	-
ifetch	0.000	0.000	0.000	0.000	0.000	0.000	6.475	5.092	4.957	5.192	0.000	0.000	0.000	0.000	4.761	5.218	6.465	7.326	0.000	0.000	4.611	4.946	0.000	0.000	4.248	5.137	0.000	0.000	4.933	4.269	0.000	0.000	0.000	0.000	0.000	0.000	0.000	0.000	4.970	6.324	4.947	5.006	0.000	0.000	0.000	0.000	5.084	4.292	3.649	4.051	0.000	0.000	5.287	4.652	0.000	0.000	4.872	6.068	0.000	0.000	7.133	4.760	0.000	0.000
mem	-
mem-l1d	-
mem-l2	-
mem-l3	-
mem-l4	-
mem-remote	-
mem-nuca	-
mem-dram-cache	-
mem-dram	0.000	0.000	0.000	0.000	0.000	0.000	3.349	2.767	3.176	2.959	0.000	0.000	0.000	0.000	2.800	2.795	3.632	3.912	0.000	0.000	2.624	2.844	0.000	0.000	2.627	2.907	0.000	0.000	2.644	2.486	0.000	0.000	0.000	0.000	0.000	0.000	0.000	0.000	2.476	3.010	2.309	3.474	0.000	0.000	0.000	0.000	3.229	3.464	2.738	2.717	0.000	0.000	2.907	3.288	0.000	0.000	2.893	3.291	0.000	0.000	3.903	2.591	0.000	0.000
sync	-
dvfs-transition	-
imbalance	79716300.234	16.345	79716300.234	79716300.234	17.033	17.068	224.643	181.926	188.740	188.671	17.037	17.092	17.312	17.256	175.758	187.663	227.811	253.487	17.057	16.983	179.440	181.253	17.005	17.023	160.119	186.144	16.979	17.187	176.630	160.837	17.196	17.148	79716300.234	79716300.234	79716300.234	16.346	17.049	17.081	173.234	213.514	171.553	197.300	16.962	17.072	17.202	17.358	192.586	181.698	152.900	157.694	17.062	16.984	188.758	194.445	16.995	17.001	180.661	212.871	17.097	17.103	249.689	171.185	17.043	17.042
other	0.000	0.030	0.000	0.000	0.063	0.065	0.768	0.768	0.768	0.769	0.064	0.066	0.077	0.074	0.769	0.769	0.768	0.768	0.065	0.061	0.768	0.768	0.063	0.063	0.768	0.768	0.061	0.071	0.768	0.768	0.071	0.069	0.000	0.000	0.000	0.031	0.064	0.066	0.768	0.768	0.769	0.768	0.060	0.065	0.071	0.079	0.768	0.768	0.769	0.768	0.065	0.061	0.768	0.769	0.063	0.062	0.768	0.768	0.066	0.067	0.768	0.768	0.064	0.064
total	76116300.234	16.345	76116300.234	76116300.234	16.948	16.940	216.695	191.418	215.166	200.092	17.040	17.145	17.196	17.145	194.268	168.274	199.722	202.669	17.070	17.154	183.224	177.957	17.103	17.129	177.967	228.396	17.193	17.052	150.596	202.901	17.072	17.069	76116300.234	76116300.234	76116300.234	16.345	16.987	16.950	168.924	193.181	198.686	154.611	16.992	17.163	17.239	17.066	186.841	196.126	146.599	198.907	17.201	17.087	238.575	185.758	17.097	17.064	205.829	150.990	17.166	17.024	200.008	198.973	16.953	16.936
base	0.000	0.250	0.000	0.000	0.250	0.250	0.000	0.000	0.000	0.000	0.250	0.250	0.250	0.250	0.000	0.000	0.000	0.000	0.250	0.250	0.000	0.000	0.250	0.250	0.000	0.000	0.250	0.250	0.000	0.000	0.250	0.250	0.000	0.000	0.000	0.250	0.250	0.250	0.000	0.000	0.000	0.000	0.250	0.250	0.250	0.250	0.000	0.000	0.000	0.000	0.250	0.250	0.000	0.000	0.250	0.250	0.000	0.000	0.250	0.250	0.000	0.000	0.250	0.250
dispatch_width	-
rs_full	-
depend	-
depend-int	-
depend-fp	-
depend-branch	-
issue	0.000	0.493	0.000	0.000	0.492	0.492	0.000	0.000	0.000	0.000	0.492	0.492	0.492	0.492	0.000	0.000	0.000	0.000	0.492	0.492	0.000	0.000	0.492	0.492	0.000	0.000	0.492	0.492	0.000	0.000	0.492	0.492	0.000	0.000	0.000	0.493	0.492	0.492	0.000	0.000	0.000	0.000	0.492	0.492	0.492	0.492	0.000	0.000	0.000	0.000	0.492	0.492	0.000	0.000	0.492	0.492	0.000	0.000	0.492	0.492	0.000	0.000	0.492	0.492
serial	-
smt	-
branch	-
itlb	-
dtlb	-
ifetch	0.000	0.000	0.000	0.000	0.000	0.000	6.215	5.056	5.898	5.678	0.000	0.000	0.000	0.000	5.406	4.847	5.965	5.857	0.000	0.000	4.980	5.307	0.000	0.000	4.166	6.194	0.000	0.000	4.050	5.598	0.000	0.000	0.000	0.000	0.000	0.000	0.000	0.000	4.132	5.177	5.877	4.159	0.000	0.000	0.000	0.000	5.109	5.579	3.834	5.653	0.000	0.000	7.057	5.137	0.000	0.000	5.430	3.771	0.000	0.000	5.512	5.590	0.000	0.000
mem	-
mem-l1d	-
mem-l2	-
mem-l3	-
mem-l4	-
mem-remote	-
mem-nuca	-
mem-dram-cache	-
mem-dram	0.000	0.000	0.000	0.000	0.000	0.000	3.292	3.209	3.559	3.020	0.000	0.000	0.000	0.000	2.993	2.449	2.656	2.968	0.000	0.000	2.926	2.523	0.000	0.000	3.304	3.837	0.000	0.000	2.309	3.225	0.000	0.000	0.000	0.000	0.000	0.000	0.000	0.000	3.069	3.159	2.851	2.400	0.000	0.000	0.000	0.000	2.926	2.956	2.346	2.904	0.000	0.000	3.644	2.891	0.000	0.000	3.554	2.558	0.000	0.000	3.180	3.031	0.000	0.000
sync	-
dvfs-transition	-
imbalance	76116300.234	15.572	76116300.234	76116300.234	16.147	16.139	206.420	182.385	204.941	190.625	16.234	16.334	16.382	16.334	185.101	160.209	190.333	193.076	16.263	16.342	174.550	169.359	16.295	16.318	169.728	217.597	16.380	16.245	143.468	193.309	16.264	16.262	76116300.234	76116300.234	76116300.234	15.572	16.184	16.149	160.955	184.077	189.190	147.283	16.188	16.351	16.424	16.259	178.038	186.823	139.651	189.582	16.388	16.279	227.105	176.962	16.290	16.257	196.077	143.892	16.354	16.219	190.548	189.584	16.151	16.135
other	0.000	0.030	0.000	0.000	0.059	0.059	0.768	0.768	0.768	0.768	0.064	0.069	0.071	0.069	0.768	0.769	0.768	0.768	0.065	0.069	0.768	0.768	0.066	0.068	0.769	0.768	0.071	0.064	0.769	0.768	0.065	0.065	0.000	0.000	0.000	0.030	0.061	0.059	0.768	0.768	0.768	0.768	0.061	0.070	0.073	0.065	0.768	0.768	0.769	0.768	0.071	0.066	0.768	0.768	0.066	0.065	0.768	0.769	0.070	0.063	0.768	0.768	0.060	0.059
total	72516300.234	15.573	72516300.234	72516300.234	16.337	16.312	154.928	177.380	201.772	175.198	16.304	16.261	16.348	16.271	171.622	137.476	184.553	167.404	16.302	16.344	174.902	202.561	16.167	16.164	232.870	164.916	16.226	16.311	149.452	193.691	16.321	16.492	72516300.234	72516300.234	72516300.234	15.572	16.342	16.209	193.552	183.539	195.808	148.222	16.221	16.246	16.350	16.305	254.047	171.089	182.893	162.005	16.282	16.315	259.161	125.645	16.123	16.135	178.132	156.587	16.257	16.165	157.934	238.216	16.222	16.313
base	0.000	0.250	0.000	0.000	0.250	0.250	0.000	0.000	0.000	0.000	0.250	0.250	0.250	0.250	0.000	0.000	0.000	0.000	0.250	0.250	0.000	0.000	0.250	0.250	0.000	0.000	0.250	0.250	0.000	0.000	0.250	0.250	0.000	0.000	0.000	0.250	0.250	0.250	0.000	0.000	0.000	0.000	0.250	0.250	0.250	0.250	0.000	0.000	0.000	0.000	0.250	0.250	0.000	0.000	0.250	0.250	0.000	0.000	0.250	0.250	0.000	0.000	0.250	0.250
dispatch_width	-
rs_full	-
depend	-
depend-int	-
depend-fp	-
depend-branch	-
issue	0.000	0.493	0.000	0.000	0.492	0.492	0.000	0.000	0.000	0.000	0.492	0.492	0.492	0.492	0.000	0.000	0.000	0.000	0.492	0.492	0.000	0.000	0.492	0.492	0.000	0.000	0.492	0.492	0.000	0.000	0.492	0.492	0.000	0.000	0.000	0.493	0.492	0.492	0.000	0.000	0.000	0.000	0.492	0.492	0.492	0.492	0.000	0.000	0.000	0.000	0.492	0.492	0.000	0.000	0.492	0.492	0.000	0.000	0.492	0.492	0.000	0.000	0.492	0.492
serial	-
smt	-
branch	-
itlb	-
dtlb	-
ifetch	0.000	0.000	0.000	0.000	0.000	0.000	4.714	5.223	5.710	4.821	0.000	0.000	0.000	0.000	5.240	3.519	5.617	4.947	0.000	0.000	4.544	5.432	0.000	0.000	7.127	5.031	0.000	0.000	4.359	5.570	0.000	0.000	0.000	0.000	0.000	0.000	0.000	0.000	5.888	5.608	5.178	3.664	0.000	0.000	0.000	0.000	7.816	4.754	5.350	4.461	0.000	0.000	7.333	3.162	0.000	0.000	5.203	4.382	0.000	0.000	4.133	7.256	0.000	0.000
mem	-
mem-l1d	-
mem-l2	-
mem-l3	-
mem-l4	-
mem-remote	-
mem-nuca	-
mem-dram-cache	-
mem-dram	0.000	0.000	0.000	0.000	0.000	0.000	2.150	2.825	3.626	3.095	0.000	0.000	0.000	0.000	2.514	2.418	2.772	2.586	0.000	0.000	3.353	3.711	0.000	0.000	3.656	2.350	0.000	0.000	2.262	3.276	0.000	0.000	0.000	0.000	0.000	0.000	0.000	0.000	2.937	2.711	3.679	2.918	0.000	0.000	0.000	0.000	4.106	2.938	2.966	2.796	0.000	0.000	4.535	2.315	0.000	0.000	2.839	2.598	0.000	0.000	2.936	3.817	0.000	0.000
sync	-
dvfs-transition	-
imbalance	72516300.234	14.800	72516300.234	72516300.234	15.526	15.502	147.296	168.563	191.667	166.514	15.494	15.453	15.536	15.464	163.099	130.771	175.397	159.103	15.492	15.533	166.236	192.649	15.364	15.361	221.320	156.767	15.421	15.501	142.062	184.077	15.510	15.673	72516300.234	72516300.234	72516300.234	14.799	15.530	15.404	183.960	174.451	186.182	140.872	15.416	15.440	15.538	15.496	241.357	162.628	173.809	153.979	15.474	15.505	246.525	119.400	15.323	15.334	169.321	148.839	15.450	15.362	150.097	226.375	15.416	15.503
other	0.000	0.031	0.000	0.000	0.069	0.068	0.769	0.768	0.768	0.769	0.067	0.065	0.069	0.066	0.769	0.769	0.768	0.768	0.067	0.069	0.768	0.768	0.060	0.060	0.768	0.768	0.063	0.068	0.768	0.768	0.068	0.077	0.000	0.000	0.000	0.030	0.069	0.063	0.768	0.768	0.768	0.768	0.063	0.064	0.070	0.067	0.768	0.769	0.768	0.768	0.066	0.068	0.768	0.769	0.058	0.059	0.768	0.768	0.065	0.060	0.768	0.768	0.063	0.068
total	662656.733	14.799	68916300.234	68916300.234	15.379	15.389	176.174	193.015	162.942	242.115	15.508	15.547	15.399	15.414	186.824	159.070	145.444	189.873	15.600	15.555	202.743	164.302	15.352	15.410	192.082	154.620	15.452	15.459	158.077	192.344	15.400	15.448	68916300.234	68916300.234	68916300.234	14.800	15.447	15.413	158.996	154.309	170.263	133.251	15.522	15.501	15.383	15.424	149.623	171.879	200.955	183.635	15.449	15.559	148.283	173.143	15.407	15.390	174.159	170.576	15.494	15.521	160.033	164.665	15.347	15.389
base	0.000	0.250	0.000	0.000	0.250	0.250	0.000	0.000	0.000	0.000	0.250	0.250	0.250	0.250	0.000	0.000	0.000	0.000	0.250	0.250	0.000	0.000	0.250	0.250	0.000	0.000	0.250	0.250	0.000	0.000	0.250	0.250	0.000	0.000	0.000	0.250	0.250	0.250	0.000	0.000	0.000	0.000	0.250	0.250	0.250	0.250	0.000	0.000	0.000	0.000	0.250	0.250	0.000	0.000	0.250	0.250	0.000	0.000	0.250	0.250	0.000	0.000	0.250	0.250
dispatch_width	-
rs_full	-
depend	-
depend-int	-
depend-fp	-
depend-branch	-
issue	0.000	0.493	0.000	0.000	0.492	0.492	0.000	0.000	0.000	0.000	0.492	0.492	0.492	0.492	0.000	0.000	0.000	0.000	0.492	0.492	0.000	0.000	0.492	0.492	0.000	0.000	0.492	0.492	0.000	0.000	0.492	0.492	0.000	0.000	0.000	0.493	0.492	0.492	0.000	0.000	0.000	0.000	0.492	0.492	0.492	0.492	0.000	0.000	0.000	0.000	0.492	0.492	0.000	0.000	0.492	0.492	0.000	0.000	0.492	0.492	0.000	0.000	0.492	0.492
serial	-
smt	-
branch	-
itlb	-
dtlb	-
ifetch	0.000	0.000	0.000	0.000	0.000	0.000	5.158	6.479	4.785	7.786	0.000	0.000	0.000	0.000	5.626	5.001	4.049	6.153	0.000	0.000	6.640	5.251	0.000	0.000	6.605	4.925	0.000	0.000	4.739	6.126	0.000	0.000	0.000	0.000	0.000	0.000	0.000	0.000	4.697	4.664	5.300	3.921	0.000	0.000	0.000	0.000	4.360	5.265	6.633	5.808	0.000	0.000	4.439	5.594	0.000	0.000	5.598	5.411	0.000	0.000	4.424	5.001	0.000	0.000
mem	-
mem-l1d	-
mem-l2	-
mem-l3	-
mem-l4	-
mem-remote	-
mem-nuca	-
mem-dram-cache	-
mem-dram	318016.965	0.000	0.000	0.000	0.000	0.000	3.268	2.893	2.842	4.150	0.000	0.000	0.000	0.000	3.582	2.729	2.833	3.047	0.000	0.000	3.189	2.527	0.000	0.000	2.656	2.418	0.000	0.000	2.786	3.218	0.000	0.000	0.000	0.000	0.000	0.000	0.000	0.000	2.880	2.674	2.818	2.266	0.000	0.000	0.000	0.000	2.637	2.940	3.087	3.090	0.000	0.000	2.566	2.742	0.000	0.000	2.753	2.726	0.000	0.000	3.169	2.842	0.000	0.000
sync	-
dvfs-transition	-
imbalance	344639.047	14.026	68916300.234	68916300.234	14.575	14.585	166.980	182.875	154.546	229.411	14.698	14.735	14.594	14.609	176.847	150.572	137.794	179.904	14.785	14.742	192.145	155.756	14.550	14.605	182.053	146.509	14.645	14.652	149.784	182.232	14.595	14.641	68916300.234	68916300.234	68916300.234	14.027	14.640	14.608	150.652	146.203	161.377	126.295	14.711	14.691	14.580	14.618	141.858	162.905	190.466	173.969	14.642	14.746	140.510	164.039	14.602	14.586	165.041	161.671	14.685	14.710	151.671	156.053	14.545	14.585
other	0.721	0.030	0.000	0.000	0.061	0.062	0.768	0.768	0.768	0.768	0.068	0.070	0.062	0.063	0.768	0.769	0.768	0.768	0.073	0.070	0.768	0.768	0.060	0.063	0.768	0.768	0.065	0.065	0.769	0.768	0.062	0.065	0.000	0.000	0.000	0.031	0.065	0.063	0.768	0.768	0.768	0.769	0.069	0.068	0.061	0.064	0.769	0.768	0.768	0.768	0.065	0.071	0.768	0.768	0.063	0.062	0.768	0.768	0.067	0.069	0.768	0.768	0.060	0.062
total	190744135.035	40.961	190744135.035	190744135.035	42.779	42.913	411.136	543.180	518.479	490.935	43.360	43.106	42.743	42.865	516.407	563.422	509.046	445.624	42.833	42.702	108.988	109.903	61.045	64.241	515.388	475.711	42.800	43.223	514.683	407.573	42.458	42.596	190744135.035	190744135.035	1467262.577	40.961	42.780	42.962	424.601	563.811	423.228	494.055	42.786	43.271	43.247	43.049	409.888	407.853	463.355	491.758	42.631	42.727	110.636	107.414	63.217	62.458	413.034	465.975	43.094	43.007	429.397	631.902	42.476	42.486
base	-
dispatch_width	-
rs_full	-
depend	-
depend-int	-
depend-fp	-
depend-branch	-
issue	0.000	0.493	0.000	0.000	0.492	0.492	0.000	0.000	0.000	0.000	0.492	0.492	0.492	0.492	0.000	0.000	0.000	0.000	0.492	0.492	0.000	0.000	0.000	0.000	0.000	0.000	0.492	0.492	0.000	0.000	0.492	0.492	0.000	0.000	0.000	0.493	0.492	0.492	0.000	0.000	0.000	0.000	0.492	0.492	0.492	0.492	0.000	0.000	0.000	0.000	0.492	0.492	0.000	0.000	0.000	0.000	0.000	0.000	0.492	0.492	0.000	0.000	0.492	0.492
serial	-
smt	-
branch	-
itlb	-
dtlb	-
ifetch	0.000	0.000	0.000	0.000	0.000	0.000	4.483	6.153	5.665	5.306	0.000	0.000	0.000	0.000	5.825	5.849	5.664	4.959	0.000	0.000	0.000	0.000	0.000	0.000	5.937	5.181	0.000	0.000	5.448	4.415	0.000	0.000	0.000	0.000	724271.095	0.000	0.000	0.000	4.819	6.556	4.501	5.258	0.000	0.000	0.000	0.000	4.191	0.000	5.086	5.644	0.000	0.000	0.000	0.000	0.000	0.000	4.159	4.993	0.000	0.000	4.866	7.262	0.000	0.000
mem	-
mem-l1d	-
mem-l2	-
mem-l3	-
mem-l4	-
mem-remote	-
mem-nuca	-
mem-dram-cache	-
mem-dram	0.000	0.000	0.000	0.000	0.000	0.000	0.000	0.000	0.000	0.000	0.000	0.000	0.000	0.000	0.000	0.000	0.000	0.000	0.000	0.000	0.000	0.000	0.000	0.000	0.000	0.000	0.000	0.000	0.000	0.000	0.000	0.000	0.000	0.000	724271.341	0.000	0.000	0.000	0.000	0.000	0.000	0.000	0.000	0.000	0.000	0.000	0.000	0.000	0.000	0.000	0.000	0.000	0.000	0.000	0.000	0.000	0.000	0.000	0.000	0.000	0.000	0.000	0.000	0.000
sync	-
dvfs-transition	-
imbalance	190744135.035	40.188	190744135.035	190744135.035	41.971	42.103	403.334	532.999	508.691	481.688	42.541	42.293	41.937	42.056	506.866	553.028	499.507	437.253	42.025	41.896	106.932	107.837	59.889	63.027	505.562	466.706	41.993	42.407	505.012	399.920	41.657	41.792	190744135.035	190744135.035	18719.410	40.188	41.973	42.151	416.626	553.231	415.224	484.743	41.978	42.454	42.431	42.237	402.103	400.127	454.626	482.539	41.827	41.921	108.566	105.407	62.008	61.274	405.287	457.217	42.280	42.195	421.312	620.017	41.675	41.684
other	0.000	0.280	0.000	0.000	0.315	0.318	3.320	4.028	4.122	3.941	0.326	0.321	0.314	0.317	3.716	4.545	3.875	3.412	0.316	0.314	2.056	2.065	1.156	1.214	3.890	3.825	0.316	0.324	4.223	3.238	0.309	0.312	0.000	0.000	0.731	0.280	0.315	0.319	3.156	4.024	3.503	4.054	0.315	0.325	0.324	0.320	3.594	7.726	3.643	3.576	0.312	0.314	2.070	2.007	1.210	1.184	3.588	3.765	0.321	0.320	3.219	4.623	0.309	0.310
total	187144135.035	40.190	187144135.035	187144135.035	42.029	42.129	543.039	459.927	486.852	480.883	42.249	42.212	127.466	116.502	55.533	57.058	518.997	500.786	41.972	41.956	42.561	42.336	411.599	598.673	497.290	461.542	42.167	42.077	369.952	487.520	42.064	41.953	187144135.035	18714413.503	187144135.035	40.188	41.875	41.929	359.967	505.041	441.776	456.796	42.286	42.292	120.095	130.307	56.563	55.608	529.067	454.319	41.928	41.772	42.466	42.556	459.985	478.899	412.363	440.370	42.157	42.310	481.853	465.847	41.708	42.145
base	-
dispatch_width	-
rs_full	-
depend	-
depend-int	-
depend-fp	-
depend-branch	-
issue	0.000	0.493	0.000	0.000	0.492	0.492	0.000	0.000	0.000	0.000	0.492	0.492	0.000	0.000	0.000	0.000	0.000	0.000	0.492	0.492	0.492	0.492	0.000	0.000	0.000	0.000	0.492	0.492	0.000	0.000	0.492	0.492	0.000	0.000	0.000	0.493	0.492	0.492	0.000	0.000	0.000	0.000	0.492	0.492	0.000	0.000	0.000	0.000	0.000	0.000	0.492	0.492	0.492	0.492	0.000	0.000	0.000	0.000	0.492	0.492	0.000	0.000	0.492	0.492
serial	-
smt	-
branch	-
itlb	-
dtlb	-
ifetch	0.000	0.000	0.000	0.000	0.000	0.000	5.706	4.952	5.568	5.859	0.000	0.000	0.000	0.000	0.000	0.000	6.189	6.094	0.000	0.000	0.000	0.000	4.517	6.943	5.746	5.170	0.000	0.000	4.069	5.462	0.000	0.000	0.000	0.000	0.000	0.000	0.000	0.000	0.000	5.429	5.133	5.491	0.000	0.000	0.000	0.000	0.000	0.000	6.470	5.506	0.000	0.000	0.000	0.000	5.264	5.611	4.558	4.806	0.000	0.000	5.417	5.123	0.000	0.000
mem	-
mem-l1d	-
mem-l2	-
mem-l3	-
mem-l4	-
mem-remote	-
mem-nuca	-
mem-dram-cache	-
mem-dram	0.000	0.000	0.000	0.000	0.000	0.000	0.000	0.000	0.000	0.000	0.000	0.000	0.000	0.000	0.000	0.000	0.000	0.000	0.000	0.000	0.000	0.000	0.000	0.000	0.000	0.000	0.000	0.000	0.000	0.000	0.000	0.000	0.000	1331392.072	0.000	0.000	0.000	0.000	0.000	0.000	0.000	0.000	0.000	0.000	0.000	0.000	0.000	0.000	0.000	0.000	0.000	0.000	0.000	0.000	0.000	0.000	0.000	0.000	0.000	0.000	0.000	0.000	0.000	0.000
sync	-
dvfs-transition	-
imbalance	187144135.035	39.417	187144135.035	187144135.035	41.220	41.319	532.639	451.060	477.459	471.630	41.436	41.400	125.011	114.261	54.466	55.961	509.015	491.165	41.164	41.149	41.742	41.522	403.697	587.166	487.785	452.703	41.356	41.267	362.821	478.146	41.255	41.146	187144135.035	17383021.231	187144135.035	39.415	41.070	41.122	353.036	495.304	433.272	447.988	41.473	41.478	117.785	127.801	55.482	54.542	518.860	445.579	41.121	40.968	41.649	41.737	451.253	469.727	404.429	431.892	41.346	41.496	472.551	456.872	40.906	41.335
other	0.000	0.281	0.000	0.000	0.316	0.318	4.693	3.915	3.825	3.393	0.321	0.320	2.456	2.241	1.067	1.097	3.793	3.527	0.315	0.315	0.327	0.322	3.385	4.565	3.759	3.669	0.319	0.317	3.062	3.912	0.317	0.315	0.000	0.200	0.000	0.280	0.313	0.314	6.931	4.309	3.371	3.316	0.321	0.321	2.310	2.507	1.081	1.066	3.737	3.235	0.314	0.311	0.325	0.326	3.469	3.562	3.377	3.672	0.319	0.322	3.885	3.853	0.310	0.319
total	183544135.035	39.415	183544135.035	183544135.035	40.958	41.039	443.641	486.661	429.064	584.751	41.112	41.053	378.220	502.583	40.823	40.914	387.703	496.547	41.115	41.047	41.139	41.045	472.295	559.381	564.932	585.722	40.956	40.929	377.649	579.376	41.528	41.471	183544135.035	183544135.035	183544135.035	39.416	40.998	41.147	477.890	413.658	429.377	456.922	41.261	41.352	442.458	591.086	40.923	41.112	459.835	476.508	41.084	41.190	40.948	40.963	362.166	502.417	340.468	442.471	41.033	41.098	373.342	521.223	41.164	41.238
base	-
dispatch_width	-
rs_full	-
depend	-
depend-int	-
depend-fp	-
depend-branch	-
issue	0.000	0.493	0.000	0.000	0.492	0.492	0.000	0.000	0.000	0.000	0.492	0.492	0.000	0.000	0.492	0.492	0.000	0.000	0.492	0.492	0.492	0.492	0.000	0.000	0.000	0.000	0.492	0.492	0.000	0.000	0.492	0.492	0.000	0.000	0.000	0.493	0.492	0.492	0.000	0.000	0.000	0.000	0.492	0.492	0.000	0.000	0.492	0.492	0.000	0.000	0.492	0.492	0.492	0.492	0.000	0.000	0.000	0.000	0.492	0.492	0.000	0.000	0.492	0.492
serial	-
smt	-
branch	-
itlb	-
dtlb	-
ifetch	0.000	0.000	0.000	0.000	0.000	0.000	5.065	5.648	5.172	7.063	0.000	0.000	0.000	5.756	0.000	0.000	4.030	5.394	0.000	0.000	0.000	0.000	5.340	6.829	6.563	6.701	0.000	0.000	3.947	6.401	0.000	0.000	0.000	0.000	0.000	0.000	0.000	0.000	5.383	4.294	4.750	5.296	0.000	0.000	4.660	6.714	0.000	0.000	5.069	5.384	0.000	0.000	0.000	0.000	4.073	6.161	3.618	4.684	0.000	0.000	4.009	6.644	0.000	0.000
mem	-
mem-l1d	-
mem-l2	-
mem-l3	-
mem-l4	-
mem-remote	-
mem-nuca	-
mem-dram-cache	-
mem-dram	-
sync	-
dvfs-transition	-
imbalance	183544135.035	38.642	183544135.035	183544135.035	40.154	40.234	434.930	477.107	420.596	573.269	40.305	40.248	370.813	492.723	40.022	40.112	380.083	486.812	40.309	40.242	40.332	40.240	463.039	548.398	553.881	574.220	40.153	40.126	370.216	568.011	40.714	40.658	183544135.035	183544135.035	183544135.035	38.643	40.194	40.340	468.413	405.563	420.930	447.981	40.452	40.541	433.758	579.476	40.120	40.306	450.841	467.120	40.278	40.381	40.145	40.159	355.057	492.549	333.777	433.787	40.228	40.292	366.048	511.002	40.356	40.429
other	0.000	0.280	0.000	0.000	0.311	0.313	3.646	3.906	3.296	4.419	0.314	0.313	7.407	4.104	0.309	0.310	3.591	4.341	0.314	0.313	0.315	0.313	3.916	4.154	4.488	4.801	0.311	0.311	3.486	4.965	0.322	0.321	0.000	0.000	0.000	0.281	0.312	0.315	4.094	3.801	3.697	3.645	0.317	0.319	4.040	4.896	0.310	0.314	3.925	4.004	0.314	0.316	0.311	0.311	3.035	3.707	3.073	4.000	0.313	0.314	3.285	3.578	0.315	0.317
total	179944135.035	38.642	179944135.035	179944135.035	41.049	41.053	510.619	341.128	440.220	467.645	40.412	40.305	535.067	408.218	40.072	40.133	617.181	505.919	40.336	40.288	40.641	40.398	421.747	494.453	418.313	440.864	40.605	40.612	402.400	475.288	40.685	40.879	19993792.782	179944135.035	179944135.035	38.642	40.670	40.909	413.437	457.501	469.233	390.425	40.576	40.517	469.455	355.607	40.105	40.331	375.625	466.119	40.322	40.304	40.709	40.455	423.432	432.477	413.004	512.831	40.342	40.713	359.224	472.413	40.572	40.950
base	-
dispatch_width	-
rs_full	-
depend	-
depend-int	-
depend-fp	-
depend-branch	-
issue	0.000	0.493	0.000	0.000	0.492	0.492	0.000	0.000	0.000	0.000	0.492	0.492	0.000	0.000	0.492	0.492	0.000	0.000	0.492	0.492	0.492	0.492	0.000	0.000	0.000	0.000	0.492	0.492	0.000	0.000	0.492	0.492	0.000	0.000	0.000	0.493	0.492	0.492	0.000	0.000	0.000	0.000	0.492	0.492	0.000	0.000	0.492	0.492	0.000	0.000	0.492	0.492	0.492	0.492	0.000	0.000	0.000	0.000	0.492	0.492	0.000	0.000	0.492	0.492
serial	-
smt	-
branch	0.000	0.000	0.000	0.000	0.000	0.000	0.000	0.000	0.000	0.000	0.000	0.000	0.000	0.000	0.000	0.000	0.000	0.000	0.000	0.000	0.000	0.000	0.000	0.000	0.000	0.000	0.000	0.000	0.000	0.000	0.000	0.000	3165048.582	0.000	0.000	0.000	0.000	0.000	0.000	0.000	0.000	0.000	0.000	0.000	0.000	0.000	0.000	0.000	0.000	0.000	0.000	0.000	0.000	0.000	0.000	0.000	0.000	0.000	0.000	0.000	0.000	0.000	0.000	0.000
itlb	-
dtlb	-
ifetch	0.000	0.000	0.000	0.000	0.000	0.000	6.442	3.594	4.569	5.090	0.000	0.000	6.389	5.050	0.000	0.000	7.653	5.991	0.000	0.000	0.000	0.000	4.750	5.939	4.789	5.333	0.000	0.000	4.863	5.917	0.000	0.000	0.000	0.000	0.000	0.000	0.000	0.000	4.771	5.666	5.290	4.257	0.000	0.000	5.793	3.837	0.000	0.000	4.471	5.404	0.000	0.000	0.000	0.000	5.074	5.061	4.495	5.924	0.000	0.000	4.239	5.458	0.000	0.000
mem	-
mem-l1d	-
mem-l2	-
mem-l3	-
mem-l4	-
mem-remote	-
mem-nuca	-
mem-dram-cache	-
mem-dram	-
sync	-
dvfs-transition	-
imbalance	179944135.035	37.869	179944135.035	179944135.035	40.228	40.232	500.387	334.318	431.488	458.304	39.603	39.498	524.345	400.039	39.271	39.330	604.835	495.775	39.529	39.482	39.828	39.590	413.295	484.550	409.939	431.902	39.793	39.799	394.354	465.754	39.871	40.061	16828743.310	179944135.035	179944135.035	37.869	39.857	40.090	405.240	448.326	459.860	382.609	39.765	39.706	460.045	348.502	39.302	39.524	368.082	456.821	39.516	39.498	39.895	39.645	414.951	423.815	404.752	502.587	39.535	39.898	351.999	462.949	39.760	40.131
other	0.000	0.280	0.000	0.000	0.329	0.329	3.790	3.216	4.162	4.251	0.316	0.314	4.333	3.128	0.310	0.311	4.693	4.152	0.315	0.313	0.321	0.316	3.702	3.964	3.585	3.629	0.320	0.320	3.183	3.618	0.322	0.326	0.889	0.000	0.000	0.281	0.321	0.326	3.425	3.509	4.083	3.560	0.320	0.318	3.618	3.268	0.310	0.315	3.072	3.893	0.314	0.314	0.322	0.317	3.406	3.601	3.757	4.320	0.315	0.322	2.985	4.007	0.320	0.327
total	176344135.035	37.871	176344135.035	176344135.035	39.903	39.876	440.653	416.004	474.531	413.716	39.906	39.910	473.717	449.922	39.558	39.479	465.381	381.720	39.687	39.823	39.758	39.657	462.372	476.444	469.143	489.880	39.537	39.449	497.808	484.526	39.622	39.594	176344135.035	176344135.035	176344135.035	37.869	39.919	39.678	423.904	467.997	409.092	389.473	40.072	39.939	403.327	397.502	39.680	39.828	374.786	509.615	39.454	39.789	39.622	39.620	353.877	457.070	471.907	341.065	39.542	39.862	386.840	422.430	39.420	39.537
base	-
dispatch_width	-
rs_full	-
depend	-
depend-int	-
depend-fp	-
depend-branch	-
issue	0.000	0.493	0.000	0.000	0.492	0.492	0.000	0.000	0.000	0.000	0.492	0.492	0.000	0.000	0.492	0.492	0.000	0.000	0.492	0.492	0.492	0.492	0.000	0.000	0.000	0.000	0.492	0.492	0.000	0.000	0.492	0.492	0.000	0.000	0.000	0.493	0.492	0.492	0.000	0.000	0.000	0.000	0.492	0.492	0.000	0.000	0.492	0.492	0.000	0.000	0.492	0.492	0.492	0.492	0.000	0.000	0.000	0.000	0.492	0.492	0.000	0.000	0.492	0.492
serial	-
smt	-
branch	-
itlb	-
dtlb	-
ifetch	0.000	0.000	0.000	0.000	0.000	0.000	5.218	5.371	5.719	5.108	0.000	0.000	5.629	5.487	0.000	0.000	5.657	4.463	0.000	0.000	0.000	0.000	5.204	5.514	5.496	5.857	0.000	0.000	6.411	5.773	0.000	0.000	0.000	0.000	0.000	0.000	0.000	0.000	5.217	5.732	4.832	4.961	0.000	0.000	5.077	4.773	0.000	0.000	4.560	6.336	0.000	0.000	0.000	0.000	4.109	5.385	6.296	3.844	0.000	0.000	4.428	5.139	0.000	0.000
mem	-
mem-l1d	-
mem-l2	-
mem-l3	-
mem-l4	-
mem-remote	-
mem-nuca	-
mem-dram-cache	-
mem-dram	-
sync	-
dvfs-transition	-
imbalance	176344135.035	37.097	176344135.035	176344135.035	39.088	39.062	431.599	407.412	464.804	405.178	39.091	39.095	464.027	440.736	38.750	38.673	455.887	373.922	38.876	39.010	38.946	38.848	452.855	466.687	459.530	480.027	38.730	38.644	487.687	474.698	38.813	38.786	176344135.035	176344135.035	176344135.035	37.096	39.104	38.868	415.274	458.432	400.755	381.508	39.254	39.123	395.120	389.369	38.870	39.015	367.084	499.175	38.649	38.976	38.813	38.811	346.652	447.674	462.234	334.085	38.735	39.048	378.974	413.831	38.615	38.730
other	0.000	0.281	0.000	0.000	0.322	0.322	3.836	3.221	4.008	3.430	0.322	0.323	4.061	3.699	0.315	0.314	3.838	3.335	0.318	0.321	0.319	0.317	4.313	4.243	4.116	3.997	0.315	0.313	3.710	4.054	0.317	0.316	0.000	0.000	0.000	0.280	0.323	0.318	3.412	3.833	3.505	3.004	0.326	0.323	3.130	3.360	0.318	0.321	3.143	4.104	0.313	0.320	0.317	0.317	3.116	4.011	3.377	3.136	0.315	0.322	3.438	3.460	0.312	0.315
total	172744135.035	37.096	172744135.035	172744135.035	38.734	38.657	412.108	476.541	380.767	367.158	38.902	38.741	720.999	1340.806	37.800	92.219	360.636	397.464	38.774	38.737	38.881	38.845	412.236	458.263	523.248	527.516	38.625	38.806	315.320	464.069	38.934	39.010	172744135.035	7852006.138	172744135.035	37.096	38.626	38.714	381.160	402.228	589.100	413.865	38.657	38.709	61.567	925.062	92.628	92.863	505.440	614.383	38.637	38.718	38.908	38.868	484.716	372.924	411.386	424.267	38.793	39.021	457.356	503.038	38.803	38.933
base	-
dispatch_width	-
rs_full	-
depend	-
depend-int	-
depend-fp	-
depend-branch	-
issue	0.000	0.493	0.000	0.000	0.492	0.492	0.000	0.000	0.000	0.000	0.492	0.492	0.000	0.000	0.492	0.000	0.000	0.000	0.492	0.492	0.492	0.492	0.000	0.000	0.000	0.000	0.492	0.492	0.000	0.000	0.492	0.492	0.000	0.000	0.000	0.493	0.492	0.492	0.000	0.000	0.000	0.000	0.492	0.492	0.000	0.000	0.000	0.000	0.000	0.000	0.492	0.492	0.492	0.492	0.000	0.000	0.000	0.000	0.492	0.492	0.000	0.000	0.492	0.492
serial	-
smt	-
branch	0.000	0.000	0.000	0.000	0.000	0.000	0.000	0.000	0.000	0.000	0.000	0.000	0.000	0.000	0.000	0.000	0.000	0.000	0.000	0.000	0.000	0.000	0.000	0.000	0.000	0.000	0.000	0.000	0.000	0.000	0.000	0.000	0.000	605189.305	0.000	0.000	0.000	0.000	0.000	0.000	0.000	0.000	0.000	0.000	0.000	0.000	0.000	0.000	0.000	0.000	0.000	0.000	0.000	0.000	0.000	0.000	0.000	0.000	0.000	0.000	0.000	0.000	0.000	0.000
itlb	-
dtlb	-
ifetch	0.000	0.000	0.000	0.000	0.000	0.000	4.307	5.290	4.733	4.344	0.000	0.000	10.805	17.422	0.000	0.000	4.132	4.604	0.000	0.000	0.000	0.000	5.039	5.747	6.533	6.208	0.000	0.000	3.680	5.678	0.000	0.000	0.000	0.000	0.000	0.000	0.000	0.000	4.508	4.762	7.720	5.517	0.000	0.000	0.000	0.000	0.000	0.000	6.599	8.019	0.000	0.000	0.000	0.000	5.983	4.715	5.086	5.223	0.000	0.000	5.529	6.086	0.000	0.000
mem	-
mem-l1d	-
mem-l2	-
mem-l3	-
mem-l4	-
mem-remote	-
mem-nuca	-
mem-dram-cache	-
mem-dram	0.000	0.000	0.000	0.000	0.000	0.000	0.000	0.000	0.000	0.000	0.000	0.000	7.372	0.000	0.000	0.000	0.000	0.000	0.000	0.000	0.000	0.000	0.000	0.000	0.000	0.000	0.000	0.000	0.000	0.000	0.000	0.000	0.000	0.000	0.000	0.000	0.000	0.000	0.000	0.000	0.000	0.000	0.000	0.000	0.000	10.371	0.000	1.872	0.000	0.000	0.000	0.000	0.000	0.000	0.000	0.000	0.000	0.000	0.000	0.000	0.000	0.000	0.000	0.000
sync	-
dvfs-transition	-
imbalance	172744135.035	36.323	172744135.035	172744135.035	37.927	37.851	403.596	466.740	372.870	359.587	38.091	37.933	702.053	1309.692	37.013	90.027	353.141	389.202	37.966	37.930	38.071	38.035	403.723	448.739	512.363	516.563	37.821	37.997	308.714	454.364	38.123	38.197	172744135.035	7246816.196	172744135.035	36.323	37.821	37.907	373.200	393.859	576.824	405.231	37.851	37.902	60.286	905.573	90.372	89.934	494.961	601.647	37.832	37.912	38.097	38.058	474.623	365.182	402.854	415.449	37.984	38.207	447.786	492.545	37.994	38.121
other	0.000	0.280	0.000	0.000	0.315	0.313	4.204	4.511	3.164	3.227	0.319	0.315	0.769	13.692	0.295	2.192	3.363	3.658	0.316	0.315	0.318	0.317	3.473	3.777	4.352	4.745	0.313	0.317	2.925	4.027	0.319	0.321	0.000	0.636	0.000	0.280	0.313	0.315	3.452	3.607	4.555	3.117	0.313	0.315	1.281	9.118	2.256	1.057	3.880	4.718	0.313	0.315	0.319	0.318	4.110	3.026	3.446	3.596	0.316	0.321	4.041	4.406	0.316	0.319
total	169144135.035	36.323	169144135.035	169144135.035	38.275	38.062	423.737	499.014	405.984	422.960	38.131	38.285	1301108.731	1301108.731	36.328	1342413.770	440.211	328.333	37.978	38.240	37.753	38.140	399.530	461.615	380.078	368.566	38.035	38.232	478.858	413.196	37.956	38.030	169144135.035	169144135.035	169144135.035	36.324	38.330	38.055	389.344	426.310	457.886	429.266	38.158	38.090	36.329	1301108.731	1301108.731	7688369.774	482.321	422.601	38.215	38.077	38.184	38.201	373.397	446.227	491.050	388.997	38.315	38.223	477.752	359.279	37.769	37.890
base	-
dispatch_width	-
rs_full	-
depend	-
depend-int	-
depend-fp	-
depend-branch	-
issue	0.000	0.493	0.000	0.000	0.492	0.492	0.000	0.000	0.000	0.000	0.492	0.492	0.000	0.000	0.492	0.000	0.000	0.000	0.492	0.492	0.492	0.492	0.000	0.000	0.000	0.000	0.492	0.492	0.000	0.000	0.492	0.492	0.000	0.000	0.000	0.493	0.492	0.492	0.000	0.000	0.000	0.000	0.492	0.492	0.493	0.000	0.000	0.000	0.000	0.000	0.492	0.492	0.492	0.492	0.000	0.000	0.000	0.000	0.492	0.492	0.000	0.000	0.492	0.492
serial	-
smt	-
branch	-
itlb	-
dtlb	-
ifetch	0.000	0.000	0.000	0.000	0.000	0.000	5.442	6.378	4.970	5.552	0.000	0.000	37065.389	30388.384	0.000	0.000	5.497	4.190	0.000	0.000	0.000	0.000	4.869	5.737	4.834	4.568	0.000	0.000	5.706	4.798	0.000	0.000	0.000	0.000	0.000	0.000	0.000	0.000	4.600	5.393	5.951	5.584	0.000	0.000	0.000	0.000	34865.110	0.000	6.448	5.505	0.000	0.000	0.000	0.000	4.238	5.508	6.292	5.177	0.000	0.000	5.674	4.429	0.000	0.000
mem	-
mem-l1d	-
mem-l2	-
mem-l3	-
mem-l4	-
mem-remote	-
mem-nuca	-
mem-dram-cache	-
mem-dram	0.000	0.000	0.000	0.000	0.000	0.000	0.000	0.000	0.000	0.000	0.000	0.000	37065.473	30388.461	0.000	45420.468	0.000	0.000	0.000	0.000	0.000	0.000	0.000	0.000	0.000	0.000	0.000	0.000	0.000	0.000	0.000	0.000	0.000	0.000	0.000	0.000	0.000	0.000	0.000	0.000	0.000	0.000	0.000	0.000	0.000	42831.749	34865.187	156400.835	0.000	0.000	0.000	0.000	0.000	0.000	0.000	0.000	0.000	0.000	0.000	0.000	0.000	0.000	0.000	0.000
sync	-
dvfs-transition	-
imbalance	169144135.035	35.550	169144135.035	169144135.035	37.460	37.252	414.728	488.397	397.342	413.981	37.320	37.470	1226977.139	1240331.155	35.555	1296992.580	430.804	321.319	37.170	37.426	36.950	37.328	391.009	451.816	372.008	360.725	37.226	37.418	468.681	404.406	37.148	37.220	169144135.035	169144135.035	169144135.035	35.551	37.514	37.245	381.082	417.248	448.155	420.155	37.346	37.279	35.556	1258276.282	1231377.703	7531968.212	472.098	413.565	37.402	37.266	37.371	37.388	365.441	436.777	480.578	380.700	37.500	37.409	467.629	351.614	36.965	37.084
other	0.000	0.280	0.000	0.000	0.322	0.318	3.568	4.239	3.672	3.426	0.319	0.323	0.731	0.731	0.281	0.722	3.910	2.824	0.316	0.322	0.311	0.320	3.652	4.063	3.237	3.273	0.317	0.322	4.471	3.992	0.316	0.317	0.000	0.000	0.000	0.281	0.324	0.318	3.662	3.670	3.780	3.528	0.320	0.319	0.281	0.700	0.731	0.727	3.774	3.531	0.321	0.318	0.321	0.321	3.718	3.942	4.180	3.120	0.323	0.321	4.449	3.236	0.312	0.314
total	300464238.257	64.526	2311263.371	300464238.257	67.238	67.170	1037.164	658.787	752.022	867.965	79.509	70.266	300464238.257	300464238.257	64.531	11556316.856	916.284	665.031	67.239	67.287	67.898	67.625	687.885	718.955	663.178	1056.722	67.231	67.565	881.354	856.094	67.849	67.539	300464238.257	300464238.257	300464238.257	64.523	67.292	67.141	818.719	615.323	671.051	756.233	73.063	70.590	64.533	2889079.214	300464238.257	2782076.280	872.307	619.879	67.395	67.401	67.774	67.679	742.248	758.101	664.406	827.001	67.275	67.129	797.427	584.022	67.275	67.555
base	-
dispatch_width	-
rs_full	-
depend	-
depend-int	-
depend-fp	-
depend-branch	-
issue	-
serial	-
smt	-
branch	-
itlb	-
dtlb	-
ifetch	0.000	0.000	1150979.646	0.000	0.000	0.000	0.000	0.000	0.000	0.000	0.000	0.000	0.000	0.000	0.000	0.000	0.000	0.000	0.000	0.000	0.000	0.000	0.000	0.000	0.000	0.000	0.000	0.000	0.000	0.000	0.000	0.000	0.000	0.000	0.000	0.000	0.000	0.000	0.000	0.000	0.000	0.000	0.000	0.000	0.000	0.000	0.000	0.000	0.000	0.000	0.000	0.000	0.000	0.000	0.000	0.000	0.000	0.000	0.000	0.000	0.000	0.000	0.000	0.000
mem	-
mem-l1d	-
mem-l2	-
mem-l3	-
mem-l4	-
mem-remote	-
mem-nuca	-
mem-dram-cache	-
mem-dram	0.000	0.000	1150979.808	0.000	0.000	0.000	0.000	0.000	0.000	0.000	0.000	0.000	0.000	0.000	0.000	251617.065	0.000	0.000	0.000	0.000	0.000	0.000	0.000	0.000	0.000	0.000	0.000	0.000	0.000	0.000	0.000	0.000	0.000	0.000	0.000	0.000	0.000	0.000	0.000	0.000	0.000	0.000	0.000	0.000	0.000	66475.122	0.000	60393.109	0.000	0.000	0.000	0.000	0.000	0.000	0.000	0.000	0.000	0.000	0.000	0.000	0.000	0.000	0.000	0.000
sync	-
dvfs-transition	-
imbalance	300464238.257	63.753	0.000	300464238.257	66.432	66.365	1024.699	650.884	743.013	857.566	78.557	69.424	300464238.257	300464238.257	63.758	11304699.176	905.348	657.073	66.434	66.481	67.084	66.814	679.649	710.294	655.238	1044.015	66.426	66.756	870.822	845.868	67.036	66.730	300464238.257	300464238.257	300464238.257	63.750	66.485	66.337	808.866	607.834	663.015	747.143	72.187	69.744	63.760	2822603.371	300464238.257	2721682.449	861.866	612.457	66.587	66.593	66.962	66.868	733.369	748.985	656.450	817.109	66.469	66.325	787.878	577.047	66.469	66.746
other	0.000	0.773	9303.917	0.000	0.806	0.805	12.465	7.903	9.009	10.399	0.953	0.842	0.000	0.000	0.773	0.615	10.936	7.958	0.806	0.806	0.814	0.810	8.237	8.661	7.940	12.708	0.806	0.810	10.533	10.226	0.813	0.809	0.000	0.000	0.000	0.773	0.806	0.804	9.853	7.489	8.035	9.090	0.875	0.846	0.773	0.721	0.000	0.722	10.441	7.423	0.807	0.808	0.812	0.811	8.879	9.116	7.956	9.892	0.806	0.804	9.549	6.975	0.806	0.809
total	11417855.318	63.750	296864238.257	296864238.257	67.438	67.101	639.592	777.587	734.097	798.411	66.572	66.729	2283571.064	2283571.064	63.759	296864238.257	952.135	681.094	66.350	66.723	66.208	66.250	802.253	942.983	837.809	767.289	66.463	66.797	868.690	665.661	66.492	67.470	296864238.257	296864238.257	296864238.257	63.750	67.720	67.275	624.442	929.793	651.295	780.839	66.702	66.590	63.760	296864238.257	2283571.064	296864238.257	630.681	758.309	66.620	66.378	66.314	66.439	662.532	727.637	637.743	754.738	66.678	66.564	638.226	753.727	66.345	66.755
base	-
dispatch_width	-
rs_full	-
depend	-
depend-int	-
depend-fp	-
depend-branch	-
issue	-
serial	-
smt	-
branch	-
itlb	-
dtlb	-
ifetch	0.000	0.000	0.000	0.000	0.000	0.000	0.000	0.000	0.000	0.000	0.000	0.000	156180.570	128243.056	0.000	0.000	0.000	0.000	0.000	0.000	0.000	0.000	0.000	0.000	0.000	0.000	0.000	0.000	0.000	0.000	0.000	0.000	0.000	0.000	0.000	0.000	0.000	0.000	0.000	0.000	0.000	0.000	0.000	0.000	0.000	0.000	146847.497	0.000	0.000	0.000	0.000	0.000	0.000	0.000	0.000	0.000	0.000	0.000	0.000	0.000	0.000	0.000	0.000	0.000
mem	-
mem-l1d	-
mem-l2	-
mem-l3	-
mem-l4	-
mem-remote	-
mem-nuca	-
mem-dram-cache	-
mem-dram	2443459.158	0.000	0.000	0.000	0.000	0.000	0.000	0.000	0.000	0.000	0.000	0.000	156180.732	128243.295	0.000	0.000	0.000	0.000	0.000	0.000	0.000	0.000	0.000	0.000	0.000	0.000	0.000	0.000	0.000	0.000	0.000	0.000	0.000	0.000	0.000	0.000	0.000	0.000	0.000	0.000	0.000	0.000	0.000	0.000	0.000	0.000	146847.650	0.000	0.000	0.000	0.000	0.000	0.000	0.000	0.000	0.000	0.000	0.000	0.000	0.000	0.000	0.000	0.000	0.000
sync	-
dvfs-transition	-
imbalance	8974395.544	62.977	296864238.257	296864238.257	66.620	66.288	631.858	768.152	725.172	788.726	65.765	65.920	1971209.030	2027083.982	62.986	296864238.257	940.528	672.845	65.545	65.913	65.405	65.446	792.525	931.573	827.625	757.961	65.657	65.987	858.102	657.482	65.685	66.652	296864238.257	296864238.257	296864238.257	62.977	66.899	66.459	616.903	918.697	643.391	771.354	65.893	65.782	62.987	296864238.257	1989875.186	296864238.257	622.991	749.101	65.812	65.573	65.510	65.633	654.480	718.848	630.004	745.561	65.869	65.757	630.393	744.570	65.541	65.946
other	0.615	0.773	0.000	0.000	0.818	0.814	7.735	9.435	8.925	9.685	0.807	0.809	0.731	0.731	0.773	0.000	11.607	8.249	0.805	0.809	0.803	0.803	9.728	11.410	10.184	9.328	0.806	0.810	10.588	8.179	0.806	0.818	0.000	0.000	0.000	0.773	0.821	0.816	7.540	11.096	7.904	9.486	0.809	0.808	0.773	0.000	0.731	0.000	7.690	9.208	0.808	0.805	0.804	0.806	8.052	8.789	7.739	9.177	0.809	0.807	7.833	9.157	0.805	0.810
total	293264238.257	62.977	293264238.257	293264238.257	65.626	65.696	574.220	694.330	654.324	788.646	65.508	65.607	293264238.257	293264238.257	62.987	2819848.445	620.122	845.476	65.665	65.674	65.783	65.699	795.120	715.380	784.611	736.002	65.940	65.861	748.448	642.920	65.846	65.859	293264238.257	3450167.509	293264238.257	62.979	65.309	65.506	838.180	858.982	774.164	614.409	65.623	65.895	62.989	11279393.779	293264238.257	13330192.648	684.714	770.872	65.868	66.192	66.072	65.578	600.403	746.075	645.061	693.946	65.761	66.024	806.664	696.947	65.327	65.449
base	-
dispatch_width	-
rs_full	-
depend	-
depend-int	-
depend-fp	-
depend-branch	-
issue	-
serial	-
smt	-
branch	0.000	0.000	0.000	0.000	0.000	0.000	0.000	0.000	0.000	0.000	0.000	0.000	0.000	0.000	0.000	0.000	0.000	0.000	0.000	0.000	0.000	0.000	0.000	0.000	0.000	0.000	0.000	0.000	0.000	0.000	0.000	0.000	0.000	355796.392	0.000	0.000	0.000	0.000	0.000	0.000	0.000	0.000	0.000	0.000	0.000	0.000	0.000	0.000	0.000	0.000	0.000	0.000	0.000	0.000	0.000	0.000	0.000	0.000	0.000	0.000	0.000	0.000	0.000	0.000
itlb	-
dtlb	-
ifetch	-
mem	-
mem-l1d	-
mem-l2	-
mem-l3	-
mem-l4	-
mem-remote	-
mem-nuca	-
mem-dram-cache	-
mem-dram	0.000	0.000	0.000	0.000	0.000	0.000	0.000	0.000	0.000	0.000	0.000	0.000	0.000	0.000	0.000	130706.509	0.000	0.000	0.000	0.000	0.000	0.000	0.000	0.000	0.000	0.000	0.000	0.000	0.000	0.000	0.000	0.000	0.000	0.000	0.000	0.000	0.000	0.000	0.000	0.000	0.000	0.000	0.000	0.000	0.000	473860.519	0.000	548571.646	0.000	0.000	0.000	0.000	0.000	0.000	0.000	0.000	0.000	0.000	0.000	0.000	0.000	0.000	0.000	0.000
sync	-
dvfs-transition	-
imbalance	293264238.257	62.204	293264238.257	293264238.257	64.820	64.889	567.172	685.808	646.269	778.925	64.704	64.802	293264238.257	293264238.257	62.213	2689141.215	612.502	835.023	64.859	64.868	64.976	64.892	785.338	706.579	774.984	727.013	65.131	65.053	739.309	635.118	65.037	65.051	293264238.257	3094370.776	293264238.257	62.206	64.507	64.702	827.851	848.445	764.616	606.893	64.817	65.086	62.216	10805532.644	293264238.257	12781620.275	676.312	761.410	65.059	65.380	65.261	64.773	593.043	736.877	637.165	685.450	64.954	65.214	796.842	688.397	64.525	64.646
other	0.000	0.773	0.000	0.000	0.806	0.806	7.047	8.522	8.056	9.721	0.804	0.805	0.000	0.000	0.773	0.721	7.619	10.453	0.806	0.806	0.808	0.806	9.782	8.800	9.628	8.989	0.809	0.808	9.138	7.802	0.808	0.808	0.000	0.341	0.000	0.773	0.802	0.804	10.329	10.537	9.548	7.517	0.806	0.809	0.773	0.615	0.000	0.727	8.402	9.461	0.809	0.813	0.811	0.805	7.359	9.198	7.896	8.495	0.807	0.810	9.822	8.550	0.802	0.803
total	289664238.257	111.865	289664238.257	289664238.257	116.554	116.378	943.956	1216.320	1155.818	1053.118	118.297	117.836	289664238.257	289664238.257	111.871	289664238.257	1352.055	1466.491	116.992	116.845	116.986	115.984	1556.598	865.114	1928.421	1245.289	116.766	116.619	1048.179	1038.480	116.028	116.443	289664238.257	289664238.257	289664238.257	111.859	115.615	116.208	1518.841	1633.116	1733.126	1348.122	117.795	119.240	111.872	289664238.257	289664238.257	289664238.257	1489.629	1424.461	117.813	116.765	115.825	116.186	1108.550	2427.625	1149.452	1163.329	116.968	117.503	1338.225	1776.929	115.394	115.380
base	-
dispatch_width	-
rs_full	-
depend	-
depend-int	-
depend-fp	-
depend-branch	-
issue	-
serial	-
smt	-
branch	-
itlb	-
dtlb	-
ifetch	-
mem	-
mem-l1d	-
mem-l2	-
mem-l3	-
mem-l4	-
mem-remote	-
mem-nuca	-
mem-dram-cache	-
mem-dram	-
sync	-
dvfs-transition	-
imbalance	289664238.257	111.092	289664238.257	289664238.257	115.748	115.574	937.433	1207.902	1147.879	1045.882	117.479	117.021	289664238.257	289664238.257	111.098	289664238.257	1342.810	1456.402	116.184	116.038	116.177	115.182	1545.876	859.175	1915.127	1236.693	115.959	115.813	1040.904	1031.287	115.226	115.638	289664238.257	289664238.257	289664238.257	111.086	114.816	115.404	1508.375	1621.744	1721.210	1338.842	116.981	118.416	111.099	289664238.257	289664238.257	289664238.257	1479.412	1414.708	116.999	115.958	115.025	115.383	1100.890	2410.913	1141.434	1155.286	116.160	116.691	1329.047	1764.627	114.597	114.582
other	0.000	0.773	0.000	0.000	0.806	0.804	6.523	8.419	7.939	7.235	0.818	0.814	0.000	0.000	0.773	0.000	9.245	10.089	0.809	0.808	0.809	0.802	10.722	5.939	13.294	8.597	0.807	0.806	7.275	7.192	0.802	0.805	0.000	0.000	0.000	0.773	0.799	0.803	10.465	11.372	11.916	9.280	0.814	0.824	0.773	0.000	0.000	0.000	10.217	9.754	0.814	0.807	0.801	0.803	7.661	16.712	8.018	8.043	0.808	0.812	9.179	12.301	0.798	0.797
