pcb_C_0	329.0294
pcb_C_1	330.4343
pcb_C_2	330.6968
pcb_C_3	330.8675
pcb_C_4	331.1113
pcb_C_5	330.9544
pcb_C_6	330.2768
pcb_C_7	329.0135
pcb_C_8	328.3550
pcb_C_9	329.7833
pcb_C_10	330.7922
pcb_C_11	331.0437
pcb_C_12	330.6602
pcb_C_13	330.3661
pcb_C_14	329.9961
pcb_C_15	328.4105
pcb_C_16	327.7208
pcb_C_17	328.5714
pcb_C_18	329.2131
pcb_C_19	329.4294
pcb_C_20	329.2599
pcb_C_21	329.0070
pcb_C_22	328.6227
pcb_C_23	327.7554
pcb_C_24	327.2896
pcb_C_25	327.6375
pcb_C_26	327.9520
pcb_C_27	328.0902
pcb_C_28	328.0338
pcb_C_29	327.8757
pcb_C_30	327.6386
pcb_C_31	327.3049
pcb_C_32	326.9914
pcb_C_33	326.9759
pcb_C_34	327.0649
pcb_C_35	327.1250
pcb_C_36	327.1072
pcb_C_37	327.0382
pcb_C_38	326.9719
pcb_C_39	327.0005
pcb_C_40	326.7667
pcb_C_41	326.4918
pcb_C_42	326.4289
pcb_C_43	326.4280
pcb_C_44	326.4223
pcb_C_45	326.4200
pcb_C_46	326.4906
pcb_C_47	326.7749
pcb_C_48	326.5616
pcb_C_49	326.1180
pcb_C_50	325.9727
pcb_C_51	325.9377
pcb_C_52	325.9360
pcb_C_53	325.9701
pcb_C_54	326.1190
pcb_C_55	326.5697
pcb_C_56	326.2365
pcb_C_57	325.8022
pcb_C_58	325.6823
pcb_C_59	325.6534
pcb_C_60	325.6530
pcb_C_61	325.6819
pcb_C_62	325.8034
pcb_C_63	326.2426
solder_C_0	329.3840
solder_C_1	331.3243
solder_C_2	331.1276
solder_C_3	331.3168
solder_C_4	332.0847
solder_C_5	331.9218
solder_C_6	330.7539
solder_C_7	329.3645
solder_C_8	328.6352
solder_C_9	330.1353
solder_C_10	331.6435
solder_C_11	331.8933
solder_C_12	330.9720
solder_C_13	330.6730
solder_C_14	330.8041
solder_C_15	328.6930
solder_C_16	327.7626
solder_C_17	328.5615
solder_C_18	329.2647
solder_C_19	329.4824
solder_C_20	329.2435
solder_C_21	328.9884
solder_C_22	328.6687
solder_C_23	327.8029
solder_C_24	327.2688
solder_C_25	327.5682
solder_C_26	327.8972
solder_C_27	328.0419
solder_C_28	327.9790
solder_C_29	327.8149
solder_C_30	327.5755
solder_C_31	327.2850
solder_C_32	326.9365
solder_C_33	326.8909
solder_C_34	327.0005
solder_C_35	327.0717
solder_C_36	327.0536
solder_C_37	326.9739
solder_C_38	326.8874
solder_C_39	326.9451
solder_C_40	326.6845
solder_C_41	326.3922
solder_C_42	326.3570
solder_C_43	326.3696
solder_C_44	326.3641
solder_C_45	326.3482
solder_C_46	326.3907
solder_C_47	326.6917
solder_C_48	326.4620
solder_C_49	326.0063
solder_C_50	325.8884
solder_C_51	325.8660
solder_C_52	325.8643
solder_C_53	325.8857
solder_C_54	326.0069
solder_C_55	326.4691
solder_C_56	326.1812
solder_C_57	325.7312
solder_C_58	325.6247
solder_C_59	325.6019
solder_C_60	325.6015
solder_C_61	325.6242
solder_C_62	325.7322
solder_C_63	326.1867
sub_C_0	329.3958
sub_C_1	331.7160
sub_C_2	331.1339
sub_C_3	331.3305
sub_C_4	332.4869
sub_C_5	332.3180
sub_C_6	330.7960
sub_C_7	329.4047
sub_C_8	328.7203
sub_C_9	330.1936
sub_C_10	332.0305
sub_C_11	332.2805
sub_C_12	330.9979
sub_C_13	330.6995
sub_C_14	331.2082
sub_C_15	328.7448
sub_C_16	327.7270
sub_C_17	328.5239
sub_C_18	329.2292
sub_C_19	329.4480
sub_C_20	329.2081
sub_C_21	328.9530
sub_C_22	328.6350
sub_C_23	327.7666
sub_C_24	327.2168
sub_C_25	327.5362
sub_C_26	327.8708
sub_C_27	328.0179
sub_C_28	327.9563
sub_C_29	327.7903
sub_C_30	327.5433
sub_C_31	327.2326
sub_C_32	326.8700
sub_C_33	326.8584
sub_C_34	326.9788
sub_C_35	327.0536
sub_C_36	327.0359
sub_C_37	326.9527
sub_C_38	326.8549
sub_C_39	326.8780
sub_C_40	326.6049
sub_C_41	326.3558
sub_C_42	326.3340
sub_C_43	326.3510
sub_C_44	326.3455
sub_C_45	326.3253
sub_C_46	326.3541
sub_C_47	326.6115
sub_C_48	326.3705
sub_C_49	325.9628
sub_C_50	325.8585
sub_C_51	325.8402
sub_C_52	325.8385
sub_C_53	325.8558
sub_C_54	325.9632
sub_C_55	326.3770
sub_C_56	326.0850
sub_C_57	325.6738
sub_C_58	325.5749
sub_C_59	325.5541
sub_C_60	325.5537
sub_C_61	325.5743
sub_C_62	325.6747
sub_C_63	326.0902
layer_3_C_0	329.3872
layer_3_C_1	335.6109
layer_3_C_2	331.0599
layer_3_C_3	331.3116
layer_3_C_4	336.3752
layer_3_C_5	336.1571
layer_3_C_6	331.1197
layer_3_C_7	329.7263
layer_3_C_8	329.4414
layer_3_C_9	330.6924
layer_3_C_10	335.9144
layer_3_C_11	336.1693
layer_3_C_12	331.1688
layer_3_C_13	330.8755
layer_3_C_14	335.3016
layer_3_C_15	329.0861
layer_3_C_16	327.3185
layer_3_C_17	328.1400
layer_3_C_18	328.8324
layer_3_C_19	329.0615
layer_3_C_20	328.8499
layer_3_C_21	328.5943
layer_3_C_22	328.2561
layer_3_C_23	327.3497
layer_3_C_24	326.7065
layer_3_C_25	327.2241
layer_3_C_26	327.6130
layer_3_C_27	327.7831
layer_3_C_28	327.7359
layer_3_C_29	327.5509
layer_3_C_30	327.2289
layer_3_C_31	326.7182
layer_3_C_32	326.2490
layer_3_C_33	326.5439
layer_3_C_34	326.7689
layer_3_C_35	326.8787
layer_3_C_36	326.8646
layer_3_C_37	326.7475
layer_3_C_38	326.5395
layer_3_C_39	326.2526
layer_3_C_40	325.8790
layer_3_C_41	326.0036
layer_3_C_42	326.1125
layer_3_C_43	326.1714
layer_3_C_44	326.1667
layer_3_C_45	326.1046
layer_3_C_46	326.0006
layer_3_C_47	325.8808
layer_3_C_48	325.5484
layer_3_C_49	325.5422
layer_3_C_50	325.5694
layer_3_C_51	325.5909
layer_3_C_52	325.5893
layer_3_C_53	325.5665
layer_3_C_54	325.5412
layer_3_C_55	325.5502
layer_3_C_56	325.1954
layer_3_C_57	325.1084
layer_3_C_58	325.0924
layer_3_C_59	325.0940
layer_3_C_60	325.0934
layer_3_C_61	325.0914
layer_3_C_62	325.1083
layer_3_C_63	325.1972
layer_4_TB_0	329.3224
layer_4_TB_1	335.2055
layer_4_TB_2	330.9938
layer_4_TB_3	331.2454
layer_4_TB_4	335.9823
layer_4_TB_5	335.7646
layer_4_TB_6	331.0163
layer_4_TB_7	329.6313
layer_4_TB_8	329.3454
layer_4_TB_9	330.6000
layer_4_TB_10	335.5225
layer_4_TB_11	335.7778
layer_4_TB_12	331.1033
layer_4_TB_13	330.8101
layer_4_TB_14	334.8980
layer_4_TB_15	329.0219
layer_4_TB_16	327.3176
layer_4_TB_17	328.1393
layer_4_TB_18	328.8309
layer_4_TB_19	329.0600
layer_4_TB_20	328.8493
layer_4_TB_21	328.5937
layer_4_TB_22	328.2545
layer_4_TB_23	327.3488
layer_4_TB_24	326.7058
layer_4_TB_25	327.2237
layer_4_TB_26	327.6127
layer_4_TB_27	327.7828
layer_4_TB_28	327.7357
layer_4_TB_29	327.5506
layer_4_TB_30	327.2286
layer_4_TB_31	326.7176
layer_4_TB_32	326.2483
layer_4_TB_33	326.5436
layer_4_TB_34	326.7687
layer_4_TB_35	326.8785
layer_4_TB_36	326.8644
layer_4_TB_37	326.7473
layer_4_TB_38	326.5391
layer_4_TB_39	326.2519
layer_4_TB_40	325.8783
layer_4_TB_41	326.0032
layer_4_TB_42	326.1123
layer_4_TB_43	326.1712
layer_4_TB_44	326.1665
layer_4_TB_45	326.1044
layer_4_TB_46	326.0003
layer_4_TB_47	325.8800
layer_4_TB_48	325.5476
layer_4_TB_49	325.5418
layer_4_TB_50	325.5691
layer_4_TB_51	325.5906
layer_4_TB_52	325.5890
layer_4_TB_53	325.5662
layer_4_TB_54	325.5408
layer_4_TB_55	325.5493
layer_4_TB_56	325.1945
layer_4_TB_57	325.1077
layer_4_TB_58	325.0918
layer_4_TB_59	325.0934
layer_4_TB_60	325.0928
layer_4_TB_61	325.0909
layer_4_TB_62	325.1077
layer_4_TB_63	325.1962
hsp_TB_0	328.6734
hsp_TB_1	331.1522
hsp_TB_2	330.3324
hsp_TB_3	330.5838
hsp_TB_4	332.0534
hsp_TB_5	331.8390
hsp_TB_6	329.9821
hsp_TB_7	328.6821
hsp_TB_8	328.3853
hsp_TB_9	329.6754
hsp_TB_10	331.6041
hsp_TB_11	331.8637
hsp_TB_12	330.4485
hsp_TB_13	330.1559
hsp_TB_14	330.8622
hsp_TB_15	328.3796
hsp_TB_16	327.3084
hsp_TB_17	328.1322
hsp_TB_18	328.8151
hsp_TB_19	329.0444
hsp_TB_20	328.8432
hsp_TB_21	328.5876
hsp_TB_22	328.2389
hsp_TB_23	327.3403
hsp_TB_24	326.6992
hsp_TB_25	327.2204
hsp_TB_26	327.6098
hsp_TB_27	327.7801
hsp_TB_28	327.7332
hsp_TB_29	327.5480
hsp_TB_30	327.2251
hsp_TB_31	326.7110
hsp_TB_32	326.2413
hsp_TB_33	326.5403
hsp_TB_34	326.7664
hsp_TB_35	326.8766
hsp_TB_36	326.8625
hsp_TB_37	326.7450
hsp_TB_38	326.5358
hsp_TB_39	326.2448
hsp_TB_40	325.8707
hsp_TB_41	325.9996
hsp_TB_42	326.1099
hsp_TB_43	326.1692
hsp_TB_44	326.1645
hsp_TB_45	326.1020
hsp_TB_46	325.9966
hsp_TB_47	325.8723
hsp_TB_48	325.5394
hsp_TB_49	325.5375
hsp_TB_50	325.5661
hsp_TB_51	325.5880
hsp_TB_52	325.5864
hsp_TB_53	325.5632
hsp_TB_54	325.5364
hsp_TB_55	325.5411
hsp_TB_56	325.1850
hsp_TB_57	325.1010
hsp_TB_58	325.0859
hsp_TB_59	325.0877
hsp_TB_60	325.0871
hsp_TB_61	325.0849
hsp_TB_62	325.1009
hsp_TB_63	325.1867
hsink_TB_0	328.3240
hsink_TB_1	329.6726
hsink_TB_2	329.8976
hsink_TB_3	330.1479
hsink_TB_4	330.5529
hsink_TB_5	330.3329
hsink_TB_6	329.4213
hsink_TB_7	328.2854
hsink_TB_8	327.9960
hsink_TB_9	329.1641
hsink_TB_10	330.1364
hsink_TB_11	330.4021
hsink_TB_12	330.0249
hsink_TB_13	329.7333
hsink_TB_14	329.4185
hsink_TB_15	328.0419
hsink_TB_16	327.2736
hsink_TB_17	328.0865
hsink_TB_18	328.7103
hsink_TB_19	328.9401
hsink_TB_20	328.8022
hsink_TB_21	328.5472
hsink_TB_22	328.1401
hsink_TB_23	327.3056
hsink_TB_24	326.6888
hsink_TB_25	327.2101
hsink_TB_26	327.5961
hsink_TB_27	327.7664
hsink_TB_28	327.7233
hsink_TB_29	327.5382
hsink_TB_30	327.2120
hsink_TB_31	326.7003
hsink_TB_32	326.2326
hsink_TB_33	326.5329
hsink_TB_34	326.7592
hsink_TB_35	326.8695
hsink_TB_36	326.8557
hsink_TB_37	326.7381
hsink_TB_38	326.5283
hsink_TB_39	326.2360
hsink_TB_40	325.8620
hsink_TB_41	325.9926
hsink_TB_42	326.1035
hsink_TB_43	326.1629
hsink_TB_44	326.1582
hsink_TB_45	326.0956
hsink_TB_46	325.9896
hsink_TB_47	325.8637
hsink_TB_48	325.5308
hsink_TB_49	325.5305
hsink_TB_50	325.5596
hsink_TB_51	325.5818
hsink_TB_52	325.5801
hsink_TB_53	325.5568
hsink_TB_54	325.5294
hsink_TB_55	325.5325
hsink_TB_56	325.1760
hsink_TB_57	325.0932
hsink_TB_58	325.0786
hsink_TB_59	325.0805
hsink_TB_60	325.0799
hsink_TB_61	325.0776
hsink_TB_62	325.0931
hsink_TB_63	325.1777
inode_0	325.6752
inode_1	325.6817
inode_2	324.3105
inode_3	328.3703
inode_4	325.6621
inode_5	325.6686
inode_6	324.3006
inode_7	328.3452
inode_8	325.0143
inode_9	325.0202
inode_10	323.7702
inode_11	327.4660
inode_12	327.3836
inode_13	327.3988
inode_14	325.7641
inode_15	330.8478
inode_16	327.3839
inode_17	327.3992
inode_18	325.7657
inode_19	330.8394
inode_20	327.0693
inode_21	327.0839
inode_22	325.5767
inode_23	330.0037
inode_24	324.9917
inode_25	325.0029
inode_26	323.8468
inode_27	327.2426
