pcb_LC_0	674.2528
pcb_LC_1	686.9192
pcb_LC_2	692.4189
pcb_LC_3	694.5678
pcb_LC_4	694.5511
pcb_LC_5	692.3764
pcb_LC_6	686.8760
pcb_LC_7	674.2096
pcb_LC_8	674.3230
pcb_LC_9	689.4770
pcb_LC_10	696.5666
pcb_LC_11	699.4099
pcb_LC_12	699.3868
pcb_LC_13	696.5080
pcb_LC_14	689.4187
pcb_LC_15	674.2693
pcb_LC_16	674.3248
pcb_LC_17	689.4796
pcb_LC_18	696.5697
pcb_LC_19	699.4134
pcb_LC_20	699.3897
pcb_LC_21	696.5101
pcb_LC_22	689.4198
pcb_LC_23	674.2693
pcb_LC_24	674.2571
pcb_LC_25	686.9256
pcb_LC_26	692.4259
pcb_LC_27	694.5755
pcb_LC_28	694.5580
pcb_LC_29	692.3820
pcb_LC_30	686.8796
pcb_LC_31	674.2110
solder_LC_0	696.3487
solder_LC_1	700.3454
solder_LC_2	703.3394
solder_LC_3	704.7951
solder_LC_4	704.7629
solder_LC_5	703.2487
solder_LC_6	700.2835
solder_LC_7	696.2939
solder_LC_8	698.8699
solder_LC_9	704.6068
solder_LC_10	708.6026
solder_LC_11	710.5072
solder_LC_12	710.4605
solder_LC_13	708.4734
solder_LC_14	704.5247
solder_LC_15	698.8012
solder_LC_16	698.8763
solder_LC_17	704.6121
solder_LC_18	708.6092
solder_LC_19	710.5156
solder_LC_20	710.4667
solder_LC_21	708.4772
solder_LC_22	704.5246
solder_LC_23	698.7975
solder_LC_24	696.3605
solder_LC_25	700.3577
solder_LC_26	703.3517
solder_LC_27	704.8111
solder_LC_28	704.7755
solder_LC_29	703.2584
solder_LC_30	700.2875
solder_LC_31	696.2912
sub_LC_0	698.1775
sub_LC_1	702.3156
sub_LC_2	705.5318
sub_LC_3	707.0616
sub_LC_4	707.0247
sub_LC_5	705.4057
sub_LC_6	702.2524
sub_LC_7	698.1223
sub_LC_8	702.1193
sub_LC_9	707.7939
sub_LC_10	711.9416
sub_LC_11	713.8594
sub_LC_12	713.8036
sub_LC_13	711.7558
sub_LC_14	707.7159
sub_LC_15	702.0525
sub_LC_16	702.1324
sub_LC_17	707.7996
sub_LC_18	711.9514
sub_LC_19	713.8731
sub_LC_20	713.8124
sub_LC_21	711.7606
sub_LC_22	707.7136
sub_LC_23	702.0418
sub_LC_24	698.1976
sub_LC_25	702.3316
sub_LC_26	705.5457
sub_LC_27	707.0842
sub_LC_28	707.0403
sub_LC_29	705.4186
sub_LC_30	702.2575
sub_LC_31	698.1141
layer_3_LC_0	712.6754
layer_3_LC_1	719.0673
layer_3_LC_2	724.4989
layer_3_LC_3	726.6635
layer_3_LC_4	726.5945
layer_3_LC_5	724.0198
layer_3_LC_6	719.0090
layer_3_LC_7	712.6189
layer_3_LC_8	731.8465
layer_3_LC_9	738.7507
layer_3_LC_10	744.8194
layer_3_LC_11	746.8972
layer_3_LC_12	746.7623
layer_3_LC_13	744.0268
layer_3_LC_14	738.7424
layer_3_LC_15	731.8100
layer_3_LC_16	731.9346
layer_3_LC_17	738.7549
layer_3_LC_18	744.8648
layer_3_LC_19	746.9702
layer_3_LC_20	746.7982
layer_3_LC_21	744.0412
layer_3_LC_22	738.7126
layer_3_LC_23	731.7195
layer_3_LC_24	712.7769
layer_3_LC_25	719.1205
layer_3_LC_26	724.5247
layer_3_LC_27	726.7540
layer_3_LC_28	726.6388
layer_3_LC_29	724.0673
layer_3_LC_30	719.0295
layer_3_LC_31	712.5563
layer_4_TB_0	711.6744
layer_4_TB_1	718.0743
layer_4_TB_2	723.5094
layer_4_TB_3	725.6738
layer_4_TB_4	725.6051
layer_4_TB_5	723.0295
layer_4_TB_6	718.0162
layer_4_TB_7	711.6178
layer_4_TB_8	730.9060
layer_4_TB_9	737.8187
layer_4_TB_10	743.8926
layer_4_TB_11	745.9689
layer_4_TB_12	745.8342
layer_4_TB_13	743.0979
layer_4_TB_14	737.8112
layer_4_TB_15	730.8698
layer_4_TB_16	730.9945
layer_4_TB_17	737.8227
layer_4_TB_18	743.9382
layer_4_TB_19	746.0422
layer_4_TB_20	745.8702
layer_4_TB_21	743.1123
layer_4_TB_22	737.7813
layer_4_TB_23	730.7789
layer_4_TB_24	711.7760
layer_4_TB_25	718.1276
layer_4_TB_26	723.5351
layer_4_TB_27	725.7646
layer_4_TB_28	725.6494
layer_4_TB_29	723.0771
layer_4_TB_30	718.0369
layer_4_TB_31	711.5552
layer_5_B_0	701.6597
layer_5_B_1	708.1406
layer_5_B_2	713.6104
layer_5_B_3	715.7739
layer_5_B_4	715.7080
layer_5_B_5	713.1239
layer_5_B_6	708.0854
layer_5_B_7	701.6025
layer_5_B_8	721.5039
layer_5_B_9	728.5025
layer_5_B_10	734.6294
layer_5_B_11	736.6895
layer_5_B_12	736.5572
layer_5_B_13	733.8125
layer_5_B_14	728.5041
layer_5_B_15	721.4708
layer_5_B_16	721.5963
layer_5_B_17	728.5045
layer_5_B_18	734.6770
layer_5_B_19	736.7659
layer_5_B_20	736.5942
layer_5_B_21	733.8270
layer_5_B_22	728.4721
layer_5_B_23	721.3753
layer_5_B_24	701.7623
layer_5_B_25	708.1946
layer_5_B_26	713.6350
layer_5_B_27	715.8662
layer_5_B_28	715.7521
layer_5_B_29	713.1725
layer_5_B_30	708.1075
layer_5_B_31	701.5392
layer_6_TB_0	700.3060
layer_6_TB_1	706.8004
layer_6_TB_2	712.2760
layer_6_TB_3	714.4386
layer_6_TB_4	714.3734
layer_6_TB_5	711.7874
layer_6_TB_6	706.7473
layer_6_TB_7	700.2495
layer_6_TB_8	720.0885
layer_6_TB_9	727.1043
layer_6_TB_10	733.2350
layer_6_TB_11	735.2967
layer_6_TB_12	735.1640
layer_6_TB_13	732.4184
layer_6_TB_14	727.1064
layer_6_TB_15	720.0568
layer_6_TB_16	720.1845
layer_6_TB_17	727.1086
layer_6_TB_18	733.2860
layer_6_TB_19	735.3734
layer_6_TB_20	735.2031
layer_6_TB_21	732.4354
layer_6_TB_22	727.0767
layer_6_TB_23	719.9627
layer_6_TB_24	700.4098
layer_6_TB_25	706.8550
layer_6_TB_26	712.3005
layer_6_TB_27	714.5299
layer_6_TB_28	714.4162
layer_6_TB_29	711.8359
layer_6_TB_30	706.7681
layer_6_TB_31	700.1874
layer_7_B_32	686.7643
layer_7_B_33	693.3943
layer_7_B_34	698.9285
layer_7_B_35	701.0822
layer_7_B_36	701.0232
layer_7_B_37	698.4186
layer_7_B_38	693.3623
layer_7_B_39	686.7152
layer_7_B_40	705.9374
layer_7_B_41	713.1264
layer_7_B_42	719.2962
layer_7_B_43	721.3726
layer_7_B_44	721.2373
layer_7_B_45	718.4824
layer_7_B_46	713.1344
layer_7_B_47	705.9203
layer_7_B_48	706.0696
layer_7_B_49	713.1540
layer_7_B_50	719.3802
layer_7_B_51	721.4532
layer_7_B_52	721.2970
layer_7_B_53	718.5234
layer_7_B_54	713.1266
layer_7_B_55	705.8399
layer_7_B_56	686.8794
layer_7_B_57	693.4553
layer_7_B_58	698.9522
layer_7_B_59	701.1623
layer_7_B_60	701.0533
layer_7_B_61	698.4669
layer_7_B_62	693.3705
layer_7_B_63	686.6645
layer_8_TB_0	684.8951
layer_8_TB_1	691.5450
layer_8_TB_2	697.0813
layer_8_TB_3	699.2371
layer_8_TB_4	699.1774
layer_8_TB_5	696.5717
layer_8_TB_6	691.5140
layer_8_TB_7	684.8473
layer_8_TB_8	704.0534
layer_8_TB_9	711.2645
layer_8_TB_10	717.4382
layer_8_TB_11	719.5174
layer_8_TB_12	719.3829
layer_8_TB_13	716.6273
layer_8_TB_14	711.2728
layer_8_TB_15	704.0367
layer_8_TB_16	704.1867
layer_8_TB_17	711.2960
layer_8_TB_18	717.5240
layer_8_TB_19	719.5979
layer_8_TB_20	719.4437
layer_8_TB_21	716.6697
layer_8_TB_22	711.2677
layer_8_TB_23	703.9587
layer_8_TB_24	685.0118
layer_8_TB_25	691.6067
layer_8_TB_26	697.1054
layer_8_TB_27	699.3165
layer_8_TB_28	699.2073
layer_8_TB_29	696.6224
layer_8_TB_30	691.5220
layer_8_TB_31	684.7981
layer_9_B_64	666.1985
layer_9_B_65	673.0493
layer_9_B_66	678.6058
layer_9_B_67	680.7829
layer_9_B_68	680.7162
layer_9_B_69	678.0987
layer_9_B_70	673.0276
layer_9_B_71	666.1640
layer_9_B_72	685.2161
layer_9_B_73	692.6492
layer_9_B_74	698.8628
layer_9_B_75	700.9694
layer_9_B_76	700.8437
layer_9_B_77	698.0804
layer_9_B_78	692.6615
layer_9_B_79	685.2038
layer_9_B_80	685.3599
layer_9_B_81	692.7199
layer_9_B_82	698.9669
layer_9_B_83	701.0495
layer_9_B_84	700.9154
layer_9_B_85	698.1362
layer_9_B_86	692.6832
layer_9_B_87	685.1497
layer_9_B_88	666.3312
layer_9_B_89	673.1173
layer_9_B_90	678.6339
layer_9_B_91	680.8550
layer_9_B_92	680.7440
layer_9_B_93	678.1737
layer_9_B_94	673.0335
layer_9_B_95	666.1299
layer_10_TB_0	663.9829
layer_10_TB_1	670.8587
layer_10_TB_2	676.4174
layer_10_TB_3	678.5959
layer_10_TB_4	678.5274
layer_10_TB_5	675.9116
layer_10_TB_6	670.8387
layer_10_TB_7	663.9501
layer_10_TB_8	682.8665
layer_10_TB_9	690.3290
layer_10_TB_10	696.5439
layer_10_TB_11	698.6563
layer_10_TB_12	698.5320
layer_10_TB_13	695.7668
layer_10_TB_14	690.3403
layer_10_TB_15	682.8537
layer_10_TB_16	683.0055
layer_10_TB_17	690.3988
layer_10_TB_18	696.6447
layer_10_TB_19	698.7328
layer_10_TB_20	698.6000
layer_10_TB_21	695.8204
layer_10_TB_22	690.3610
layer_10_TB_23	682.7996
layer_10_TB_24	664.1170
layer_10_TB_25	670.9283
layer_10_TB_26	676.4465
layer_10_TB_27	678.6669
layer_10_TB_28	678.5566
layer_10_TB_29	675.9882
layer_10_TB_30	670.8447
layer_10_TB_31	663.9176
layer_11_B_96	641.8231
layer_11_B_97	648.9497
layer_11_B_98	654.5299
layer_11_B_99	656.7220
layer_11_B_100	656.6364
layer_11_B_101	654.0367
layer_11_B_102	648.9462
layer_11_B_103	641.8064
layer_11_B_104	659.3735
layer_11_B_105	667.1309
layer_11_B_106	673.3587
layer_11_B_107	675.5300
layer_11_B_108	675.4192
layer_11_B_109	672.6351
layer_11_B_110	667.1324
layer_11_B_111	659.3546
layer_11_B_112	659.4647
layer_11_B_113	667.1914
layer_11_B_114	673.4279
layer_11_B_115	675.5707
layer_11_B_116	675.4496
layer_11_B_117	672.6659
layer_11_B_118	667.1434
layer_11_B_119	659.3013
layer_11_B_120	641.9694
layer_11_B_121	649.0336
layer_11_B_122	654.5694
layer_11_B_123	656.7827
layer_11_B_124	656.6789
layer_11_B_125	654.1299
layer_11_B_126	648.9531
layer_11_B_127	641.7907
layer_12_TB_0	639.0992
layer_12_TB_1	646.2558
layer_12_TB_2	651.8350
layer_12_TB_3	654.0296
layer_12_TB_4	653.9439
layer_12_TB_5	651.3469
layer_12_TB_6	646.2531
layer_12_TB_7	639.0835
layer_12_TB_8	656.5524
layer_12_TB_9	664.3472
layer_12_TB_10	670.5750
layer_12_TB_11	672.7532
layer_12_TB_12	672.6432
layer_12_TB_13	669.8594
layer_12_TB_14	664.3482
layer_12_TB_15	656.5328
layer_12_TB_16	656.6407
layer_12_TB_17	664.4081
layer_12_TB_18	670.6430
layer_12_TB_19	672.7919
layer_12_TB_20	672.6728
layer_12_TB_21	669.8900
layer_12_TB_22	664.3603
layer_12_TB_23	656.4832
layer_12_TB_24	639.2441
layer_12_TB_25	646.3394
layer_12_TB_26	651.8754
layer_12_TB_27	654.0886
layer_12_TB_28	653.9861
layer_12_TB_29	651.4390
layer_12_TB_30	646.2603
layer_12_TB_31	639.0705
layer_13_B_128	611.8556
layer_13_B_129	619.3132
layer_13_B_130	624.8826
layer_13_B_131	627.1026
layer_13_B_132	627.0158
layer_13_B_133	624.4459
layer_13_B_134	619.3192
layer_13_B_135	611.8507
layer_13_B_136	628.3437
layer_13_B_137	636.5142
layer_13_B_138	642.7420
layer_13_B_139	644.9892
layer_13_B_140	644.8876
layer_13_B_141	642.1064
layer_13_B_142	636.5109
layer_13_B_143	628.3167
layer_13_B_144	628.4034
layer_13_B_145	636.5787
layer_13_B_146	642.7983
layer_13_B_147	645.0081
layer_13_B_148	644.9093
layer_13_B_149	642.1349
layer_13_B_150	636.5330
layer_13_B_151	628.3045
layer_13_B_152	611.9863
layer_13_B_153	619.3938
layer_13_B_154	624.9321
layer_13_B_155	627.1447
layer_13_B_156	627.0554
layer_13_B_157	624.5273
layer_13_B_158	619.3300
layer_13_B_159	611.8636
layer_14_TB_0	608.7991
layer_14_TB_1	616.2921
layer_14_TB_2	621.8582
layer_14_TB_3	624.0793
layer_14_TB_4	623.9926
layer_14_TB_5	621.4274
layer_14_TB_6	616.2979
layer_14_TB_7	608.7944
layer_14_TB_8	625.0595
layer_14_TB_9	633.2734
layer_14_TB_10	639.4998
layer_14_TB_11	641.7541
layer_14_TB_12	641.6547
layer_14_TB_13	638.8742
layer_14_TB_14	633.2698
layer_14_TB_15	625.0311
layer_14_TB_16	625.1169
layer_14_TB_17	633.3392
layer_14_TB_18	639.5554
layer_14_TB_19	641.7745
layer_14_TB_20	641.6769
layer_14_TB_21	638.9033
layer_14_TB_22	633.2940
layer_14_TB_23	625.0237
layer_14_TB_24	608.9272
layer_14_TB_25	616.3719
layer_14_TB_26	621.9084
layer_14_TB_27	624.1211
layer_14_TB_28	624.0330
layer_14_TB_29	621.5081
layer_14_TB_30	616.3104
layer_14_TB_31	608.8086
layer_15_B_160	578.2298
layer_15_B_161	586.0783
layer_15_B_162	591.6116
layer_15_B_163	593.8431
layer_15_B_164	593.7571
layer_15_B_165	591.2389
layer_15_B_166	586.0814
layer_15_B_167	578.2273
layer_15_B_168	592.2197
layer_15_B_169	600.8691
layer_15_B_170	607.0815
layer_15_B_171	609.4072
layer_15_B_172	609.3294
layer_15_B_173	606.5557
layer_15_B_174	600.8622
layer_15_B_175	592.1775
layer_15_B_176	592.2539
layer_15_B_177	600.9472
layer_15_B_178	607.1307
layer_15_B_179	609.4418
layer_15_B_180	609.3559
layer_15_B_181	606.5912
layer_15_B_182	600.9080
layer_15_B_183	592.2184
layer_15_B_184	578.3326
layer_15_B_185	586.1497
layer_15_B_186	591.6685
layer_15_B_187	593.8819
layer_15_B_188	593.8066
layer_15_B_189	591.3138
layer_15_B_190	586.1120
layer_15_B_191	578.2542
layer_16_TB_0	574.6867
layer_16_TB_1	582.5755
layer_16_TB_2	588.1012
layer_16_TB_3	590.3355
layer_16_TB_4	590.2512
layer_16_TB_5	587.7385
layer_16_TB_6	582.5784
layer_16_TB_7	574.6840
layer_16_TB_8	588.4772
layer_16_TB_9	597.1803
layer_16_TB_10	603.3877
layer_16_TB_11	605.7222
layer_16_TB_12	605.6459
layer_16_TB_13	602.8734
layer_16_TB_14	597.1730
layer_16_TB_15	588.4349
layer_16_TB_16	588.5112
layer_16_TB_17	597.2573
layer_16_TB_18	603.4371
layer_16_TB_19	605.7581
layer_16_TB_20	605.6734
layer_16_TB_21	602.9103
layer_16_TB_22	597.2198
layer_16_TB_23	588.4787
layer_16_TB_24	574.7870
layer_16_TB_25	582.6467
layer_16_TB_26	588.1588
layer_16_TB_27	590.3743
layer_16_TB_28	590.3014
layer_16_TB_29	587.8113
layer_16_TB_30	582.6102
layer_16_TB_31	574.7122
layer_17_B_192	539.2520
layer_17_B_193	547.5450
layer_17_B_194	552.9952
layer_17_B_195	555.2561
layer_17_B_196	555.1890
layer_17_B_197	552.7325
layer_17_B_198	547.5451
layer_17_B_199	539.2468
layer_17_B_200	551.0536
layer_17_B_201	560.2957
layer_17_B_202	566.4529
layer_17_B_203	568.8752
layer_17_B_204	568.8151
layer_17_B_205	566.0535
layer_17_B_206	560.2834
layer_17_B_207	551.0101
layer_17_B_208	551.0861
layer_17_B_209	560.3623
layer_17_B_210	566.5039
layer_17_B_211	568.9245
layer_17_B_212	568.8523
layer_17_B_213	566.1040
layer_17_B_214	560.3414
layer_17_B_215	551.0832
layer_17_B_216	539.3277
layer_17_B_217	547.6139
layer_17_B_218	553.0594
layer_17_B_219	555.2966
layer_17_B_220	555.2464
layer_17_B_221	552.7831
layer_17_B_222	547.5890
layer_17_B_223	539.2891
layer_18_TB_0	535.4021
layer_18_TB_1	543.7417
layer_18_TB_2	549.1821
layer_18_TB_3	551.4438
layer_18_TB_4	551.3796
layer_18_TB_5	548.9278
layer_18_TB_6	543.7414
layer_18_TB_7	535.3964
layer_18_TB_8	546.8647
layer_18_TB_9	556.1688
layer_18_TB_10	562.3185
layer_18_TB_11	564.7499
layer_18_TB_12	564.6911
layer_18_TB_13	561.9328
layer_18_TB_14	556.1568
layer_18_TB_15	546.8223
layer_18_TB_16	546.8950
layer_18_TB_17	556.2316
layer_18_TB_18	562.3666
layer_18_TB_19	564.7962
layer_18_TB_20	564.7265
layer_18_TB_21	561.9805
layer_18_TB_22	556.2118
layer_18_TB_23	546.8926
layer_18_TB_24	535.4757
layer_18_TB_25	543.8094
layer_18_TB_26	549.2464
layer_18_TB_27	551.4847
layer_18_TB_28	551.4363
layer_18_TB_29	548.9772
layer_18_TB_30	543.7861
layer_18_TB_31	535.4398
layer_19_B_224	496.8995
layer_19_B_225	505.7064
layer_19_B_226	511.0498
layer_19_B_227	513.3185
layer_19_B_228	513.2840
layer_19_B_229	510.8788
layer_19_B_230	505.7024
layer_19_B_231	496.8885
layer_19_B_232	504.9761
layer_19_B_233	514.9034
layer_19_B_234	520.9771
layer_19_B_235	523.4994
layer_19_B_236	523.4541
layer_19_B_237	520.7286
layer_19_B_238	514.8934
layer_19_B_239	504.9447
layer_19_B_240	504.9858
layer_19_B_241	514.9271
layer_19_B_242	520.9970
layer_19_B_243	523.5160
layer_19_B_244	523.4722
layer_19_B_245	520.7485
layer_19_B_246	514.9187
layer_19_B_247	504.9871
layer_19_B_248	496.9523
layer_19_B_249	505.7629
layer_19_B_250	511.1138
layer_19_B_251	513.3636
layer_19_B_252	513.3327
layer_19_B_253	510.9160
layer_19_B_254	505.7552
layer_19_B_255	496.9434
layer_20_TB_0	492.5984
layer_20_TB_1	501.4582
layer_20_TB_2	506.7843
layer_20_TB_3	509.0564
layer_20_TB_4	509.0237
layer_20_TB_5	506.6242
layer_20_TB_6	501.4531
layer_20_TB_7	492.5872
layer_20_TB_8	500.3472
layer_20_TB_9	510.3447
layer_20_TB_10	516.4047
layer_20_TB_11	518.9387
layer_20_TB_12	518.8957
layer_20_TB_13	516.1727
layer_20_TB_14	510.3336
layer_20_TB_15	500.3172
layer_20_TB_16	500.3565
layer_20_TB_17	510.3670
layer_20_TB_18	516.4235
layer_20_TB_19	518.9544
layer_20_TB_20	518.9127
layer_20_TB_21	516.1915
layer_20_TB_22	510.3573
layer_20_TB_23	500.3566
layer_20_TB_24	492.6477
layer_20_TB_25	501.5112
layer_20_TB_26	506.8442
layer_20_TB_27	509.0989
layer_20_TB_28	509.0694
layer_20_TB_29	506.6594
layer_20_TB_30	501.5026
layer_20_TB_31	492.6386
hsp_TB_0	449.5842
hsp_TB_1	458.9759
hsp_TB_2	464.1279
hsp_TB_3	466.4346
hsp_TB_4	466.4187
hsp_TB_5	464.0777
hsp_TB_6	458.9583
hsp_TB_7	449.5714
hsp_TB_8	454.0585
hsp_TB_9	464.7597
hsp_TB_10	470.6827
hsp_TB_11	473.3335
hsp_TB_12	473.3136
hsp_TB_13	470.6167
hsp_TB_14	464.7375
hsp_TB_15	454.0418
hsp_TB_16	454.0636
hsp_TB_17	464.7673
hsp_TB_18	470.6902
hsp_TB_19	473.3401
hsp_TB_20	473.3201
hsp_TB_21	470.6233
hsp_TB_22	464.7453
hsp_TB_23	454.0511
hsp_TB_24	449.5993
hsp_TB_25	458.9937
hsp_TB_26	464.1470
hsp_TB_27	466.4505
hsp_TB_28	466.4345
hsp_TB_29	464.0919
hsp_TB_30	458.9750
hsp_TB_31	449.5878
hsink_TB_0	433.5722
hsink_TB_1	441.6217
hsink_TB_2	446.4767
hsink_TB_3	448.7426
hsink_TB_4	448.7359
hsink_TB_5	446.4599
hsink_TB_6	441.6075
hsink_TB_7	433.5604
hsink_TB_8	436.4058
hsink_TB_9	445.6252
hsink_TB_10	451.2283
hsink_TB_11	453.8492
hsink_TB_12	453.8412
hsink_TB_13	451.2080
hsink_TB_14	445.6084
hsink_TB_15	436.3921
hsink_TB_16	436.4078
hsink_TB_17	445.6278
hsink_TB_18	451.2311
hsink_TB_19	453.8519
hsink_TB_20	453.8438
hsink_TB_21	451.2106
hsink_TB_22	445.6110
hsink_TB_23	436.3944
hsink_TB_24	433.5772
hsink_TB_25	441.6279
hsink_TB_26	446.4834
hsink_TB_27	448.7490
hsink_TB_28	448.7421
hsink_TB_29	446.4659
hsink_TB_30	441.6135
hsink_TB_31	433.5656
inode_0	410.3081
inode_1	410.2982
inode_2	416.3050
inode_3	416.2988
inode_4	409.8932
inode_5	409.8834
inode_6	415.9718
inode_7	415.9658
inode_8	397.0200
inode_9	397.0116
inode_10	400.4661
inode_11	400.4609
inode_12	694.8714
inode_13	694.8043
inode_14	690.3992
inode_15	690.3900
inode_16	694.6469
inode_17	694.5801
inode_18	690.3402
inode_19	690.3310
inode_20	654.4368
inode_21	654.3877
inode_22	679.3312
inode_23	679.3232
inode_24	542.4996
inode_25	542.4668
inode_26	544.7995
inode_27	544.7945
