C_0	C_1	C_2	C_3	C_4	C_5	C_6	C_7	C_8	C_9	C_10	C_11	C_12	C_13	C_14	C_15	C_16	C_17	C_18	C_19	C_20	C_21	C_22	C_23	C_24	C_25	C_26	C_27	C_28	C_29	C_30	C_31	
68.33	69.23	69.23	68.37	69.17	70.50	70.50	69.14	69.13	70.48	70.48	69.15	68.42	69.29	69.29	68.37	66.38	67.26	67.24	66.42	67.16	68.43	68.38	67.09	67.13	68.43	68.39	67.09	66.36	67.17	67.14	66.29
68.37	69.27	69.27	68.46	69.16	70.41	70.42	69.10	69.07	70.37	70.37	69.14	68.55	69.40	69.41	68.45	66.19	67.11	67.10	66.28	66.86	68.07	68.05	66.79	66.80	68.07	68.05	66.82	66.16	66.94	66.93	66.05
68.39	69.29	69.30	68.52	69.15	70.33	70.09	68.81	69.02	70.27	70.02	68.87	68.39	69.22	69.22	68.25	66.10	67.04	67.03	66.23	66.70	67.84	67.83	66.60	66.60	67.83	67.82	66.66	66.06	66.80	66.79	65.92
68.17	69.06	69.07	68.33	68.90	70.02	70.25	69.00	68.73	69.94	70.17	69.07	68.67	69.48	69.48	68.49	66.05	66.99	66.99	66.20	66.60	67.68	67.66	66.47	66.45	67.66	67.65	66.54	65.99	66.71	66.69	65.83
68.39	69.29	69.05	68.34	69.11	70.18	70.21	68.98	68.90	70.10	69.87	68.83	68.49	69.28	69.28	68.29	66.01	66.96	66.96	66.18	66.52	67.55	67.54	66.38	66.35	67.52	67.52	66.45	65.95	66.64	66.62	65.76
68.17	69.06	69.29	68.60	68.88	69.90	69.91	68.72	68.88	70.05	70.04	69.04	68.75	69.53	69.28	68.29	65.99	66.94	66.95	66.18	66.47	67.46	67.44	66.31	66.26	67.41	67.42	66.39	65.92	66.58	66.57	65.72
68.16	69.05	69.31	68.65	68.85	69.84	69.85	68.67	68.86	70.01	70.01	69.05	68.80	69.57	69.29	68.29	65.98	66.93	66.94	66.19	66.43	67.38	67.36	66.25	66.20	67.32	67.33	66.34	65.90	66.55	66.53	65.68
68.16	69.04	69.33	68.69	68.84	69.79	69.79	68.64	68.84	69.97	69.97	69.06	68.84	69.59	69.30	68.30	65.97	66.92	66.94	66.20	66.41	67.32	67.30	66.21	66.15	67.25	67.26	66.30	65.90	66.52	66.50	65.66
68.15	69.04	69.34	68.72	68.84	69.75	69.75	68.61	68.82	69.93	69.95	69.07	68.87	69.61	69.30	68.30	65.96	66.92	66.94	66.21	66.39	67.27	67.24	66.17	66.10	67.19	67.20	66.28	65.89	66.49	66.47	65.64
68.15	69.03	69.36	68.75	68.83	69.71	69.71	68.59	68.56	69.65	69.92	69.07	68.91	69.63	69.56	68.55	65.96	66.92	66.94	66.22	66.38	67.22	67.19	66.14	66.06	67.13	67.14	66.25	65.89	66.47	66.45	65.62
68.15	69.03	69.36	68.78	69.07	69.92	69.92	68.81	68.75	69.84	69.65	68.84	68.70	69.40	69.35	68.35	65.96	66.91	66.94	66.24	66.37	67.18	67.15	66.11	66.03	67.08	67.09	66.23	65.89	66.46	66.43	65.61
68.15	69.03	69.37	68.80	69.10	69.93	69.92	68.82	68.75	69.83	69.60	68.82	68.70	69.39	69.34	68.34	65.96	66.91	66.94	66.25	66.36	67.14	67.11	66.09	66.00	67.03	67.05	66.22	65.90	66.44	66.42	65.60
68.16	69.03	69.37	68.83	69.12	69.92	69.91	68.82	68.75	69.81	69.56	68.81	68.71	69.38	69.34	68.34	65.96	66.91	66.93	66.27	66.36	67.11	67.08	66.06	65.97	66.99	67.01	66.21	65.90	66.43	66.40	65.59
68.16	69.03	69.38	68.85	69.13	69.90	69.89	68.82	68.74	69.79	69.54	68.81	68.73	69.38	69.35	68.35	65.96	66.91	66.93	66.28	66.36	67.08	67.05	66.04	65.95	66.95	66.97	66.19	65.91	66.42	66.39	65.58
68.16	69.03	69.38	68.87	69.14	69.89	69.87	68.81	68.73	69.77	69.51	68.81	68.74	69.39	69.35	68.35	65.96	66.90	66.93	66.29	66.36	67.05	67.02	66.02	65.92	66.91	66.94	66.18	65.91	66.41	66.37	65.57
68.16	69.03	69.38	68.89	69.15	69.87	69.86	68.80	68.72	69.75	69.49	68.82	68.76	69.39	69.35	68.35	65.95	66.90	66.93	66.30	66.35	67.03	66.99	66.01	65.90	66.87	66.90	66.17	65.91	66.40	66.36	65.56
68.16	69.03	69.39	68.90	69.15	69.86	69.84	68.80	68.71	69.73	69.47	68.82	68.78	69.39	69.35	68.36	65.95	66.89	66.93	66.31	66.36	67.00	66.96	65.99	65.88	66.84	66.87	66.17	65.92	66.39	66.34	65.55
68.17	69.03	69.39	68.92	69.16	69.84	69.82	68.79	68.70	69.71	69.46	68.83	68.79	69.39	69.35	68.36	65.95	66.89	66.92	66.32	66.36	66.98	66.94	65.98	65.86	66.81	66.84	66.16	65.92	66.38	66.33	65.54
68.17	69.03	69.39	68.94	69.17	69.83	69.80	68.78	68.69	69.69	69.44	68.84	68.81	69.40	69.35	68.36	65.95	66.88	66.92	66.33	66.36	66.96	66.91	65.96	65.84	66.78	66.81	66.15	65.93	66.37	66.32	65.53
68.17	69.02	69.39	68.96	69.18	69.81	69.78	68.77	68.69	69.68	69.43	68.85	68.83	69.40	69.35	68.36	65.94	66.87	66.91	66.34	66.36	66.94	66.89	65.95	65.82	66.75	66.78	66.14	65.93	66.35	66.30	65.52
68.17	69.02	69.15	68.73	69.18	69.80	69.77	68.76	68.68	69.66	69.42	68.85	68.84	69.40	69.34	68.36	65.94	66.86	66.91	66.35	66.36	66.93	66.87	65.93	65.80	66.72	66.76	66.14	65.93	66.34	66.29	65.51
68.17	69.02	69.12	68.72	69.19	69.78	69.75	68.75	68.67	69.65	69.40	68.86	68.85	69.40	69.34	68.36	65.93	66.85	66.90	66.36	66.36	66.91	66.85	65.92	65.78	66.69	66.73	66.13	65.93	66.33	66.28	65.50
68.17	69.02	69.11	68.71	69.19	69.77	69.73	68.74	68.66	69.63	69.39	68.87	68.87	69.40	69.34	68.36	65.93	66.84	66.90	66.37	66.37	66.89	66.83	65.91	65.76	66.66	66.71	66.12	65.94	66.32	66.26	65.49
68.17	69.01	69.10	68.72	69.20	69.76	69.72	68.73	68.65	69.62	69.38	68.87	68.88	69.40	69.33	68.36	65.92	66.83	66.89	66.37	66.37	66.88	66.81	65.90	65.74	66.63	66.68	66.12	65.94	66.31	66.25	65.48
68.17	69.01	69.09	68.72	69.20	69.75	69.70	68.73	68.65	69.61	69.37	68.88	68.89	69.40	69.33	68.36	65.91	66.82	66.88	66.38	66.37	66.86	66.79	65.88	65.72	66.61	66.66	66.11	65.94	66.30	66.24	65.47
68.17	69.00	69.09	68.73	69.21	69.74	69.69	68.72	68.64	69.60	69.36	68.89	68.90	69.39	69.32	68.35	65.91	66.81	66.87	66.39	66.38	66.85	66.77	65.87	65.71	66.58	66.64	66.11	65.94	66.29	66.22	65.47
68.17	69.00	69.08	68.74	69.21	69.72	69.67	68.71	68.64	69.58	69.35	68.90	68.91	69.39	69.31	68.35	65.90	66.80	66.87	66.39	66.38	66.84	66.76	65.86	65.69	66.56	66.62	66.10	65.95	66.28	66.21	65.46
68.16	69.00	69.08	68.75	69.22	69.71	69.66	68.70	68.63	69.57	69.34	68.90	68.92	69.39	69.31	68.35	65.89	66.79	66.86	66.40	66.38	66.82	66.74	65.85	65.67	66.53	66.60	66.10	65.95	66.27	66.20	65.45
68.16	68.99	69.08	68.76	69.23	69.70	69.65	68.69	68.62	69.56	69.33	68.91	68.93	69.39	69.30	68.34	65.89	66.78	66.85	66.40	66.39	66.81	66.72	65.84	65.66	66.51	66.57	66.09	65.95	66.26	66.18	65.44
68.16	68.99	69.08	68.77	69.23	69.70	69.63	68.69	68.61	69.55	69.33	68.92	68.94	69.38	69.30	68.34	65.88	66.77	66.84	66.41	66.39	66.80	66.71	65.83	65.64	66.48	66.55	66.09	65.95	66.26	66.17	65.43
68.16	68.99	69.08	68.78	69.24	69.69	69.62	68.68	68.61	69.54	69.32	68.92	68.95	69.38	69.29	68.33	65.87	66.76	66.83	66.41	66.39	66.79	66.69	65.82	65.63	66.46	66.54	66.08	65.95	66.25	66.16	65.42
68.16	68.98	69.08	68.79	69.24	69.68	69.61	68.67	68.60	69.53	69.31	68.93	68.96	69.37	69.28	68.33	65.86	66.75	66.83	66.41	66.39	66.78	66.68	65.81	65.61	66.44	66.52	66.08	65.95	66.24	66.14	65.41
68.15	68.98	69.08	68.79	69.25	69.67	69.59	68.66	68.59	69.52	69.31	68.94	68.97	69.37	69.27	68.32	65.85	66.73	66.82	66.42	66.40	66.77	66.66	65.80	65.60	66.42	66.50	66.08	65.95	66.23	66.13	65.40
68.15	68.97	69.07	68.80	69.25	69.66	69.58	68.66	68.59	69.51	69.30	68.94	68.98	69.37	69.26	68.32	65.85	66.72	66.81	66.42	66.40	66.76	66.65	65.79	65.58	66.40	66.48	66.07	65.95	66.22	66.12	65.39
68.15	68.97	69.07	68.81	69.26	69.65	69.57	68.65	68.58	69.50	69.29	68.95	68.98	69.36	69.26	68.31	65.84	66.71	66.80	66.42	66.40	66.75	66.64	65.78	65.57	66.38	66.46	66.07	65.95	66.21	66.11	65.38
68.15	68.97	69.07	68.82	69.26	69.64	69.56	68.64	68.57	69.49	69.29	68.96	68.99	69.36	69.25	68.31	65.83	66.70	66.79	66.43	66.40	66.74	66.62	65.77	65.55	66.36	66.45	66.06	65.95	66.20	66.09	65.37
68.38	69.20	69.31	69.06	69.27	69.64	69.55	68.63	68.57	69.48	69.28	68.96	69.00	69.35	69.24	68.30	65.82	66.68	66.78	66.43	66.41	66.73	66.61	65.76	65.54	66.34	66.43	66.06	65.95	66.19	66.08	65.36
68.17	68.99	69.10	68.87	69.27	69.63	69.54	68.63	68.56	69.47	69.52	69.21	69.01	69.35	69.23	68.30	65.81	66.67	66.78	66.43	66.41	66.72	66.60	65.75	65.53	66.32	66.41	66.06	65.95	66.18	66.07	65.35
68.39	69.21	69.33	69.10	69.28	69.62	69.53	68.62	68.56	69.46	69.55	69.25	69.01	69.34	69.22	68.29	65.80	66.66	66.77	66.44	66.41	66.71	66.58	65.74	65.51	66.30	66.40	66.05	65.95	66.17	66.06	65.35
68.41	69.23	69.11	68.90	69.28	69.61	69.52	68.61	68.55	69.46	69.56	69.27	69.02	69.34	69.21	68.29	65.79	66.65	66.76	66.44	66.41	66.70	66.57	65.73	65.50	66.28	66.38	66.05	65.95	66.16	66.05	65.34
68.42	69.24	69.10	68.89	69.29	69.61	69.50	68.60	68.55	69.45	69.56	69.28	69.03	69.33	69.21	68.28	65.79	66.64	66.75	66.44	66.41	66.69	66.56	65.72	65.49	66.26	66.37	66.04	65.95	66.16	66.03	65.33
68.43	69.25	69.09	68.89	69.05	69.36	69.50	68.60	68.54	69.44	69.56	69.30	69.03	69.33	69.44	68.51	65.78	66.62	66.75	66.45	66.42	66.68	66.55	65.72	65.47	66.25	66.35	66.04	65.95	66.15	66.02	65.32
68.43	69.25	69.09	68.89	69.27	69.56	69.49	68.59	68.54	69.44	69.56	69.31	69.04	69.32	69.46	68.53	65.77	66.61	66.74	66.45	66.42	66.67	66.54	65.71	65.46	66.23	66.34	66.04	65.95	66.14	66.01	65.31
68.19	69.00	69.33	69.14	69.04	69.33	69.48	68.59	68.29	69.18	69.31	69.07	69.28	69.56	69.47	68.54	65.76	66.60	66.73	66.45	66.42	66.67	66.53	65.70	65.45	66.21	66.33	66.03	65.95	66.13	66.00	65.30
68.16	68.97	69.35	69.17	69.03	69.30	69.22	68.34	68.26	69.15	69.29	69.05	69.31	69.58	69.47	68.54	65.75	66.59	66.72	66.45	66.42	66.66	66.52	65.69	65.44	66.20	66.31	66.03	65.95	66.12	65.99	65.29
68.14	68.96	69.37	69.19	69.02	69.28	69.18	68.31	68.24	69.12	69.27	69.05	69.33	69.59	69.47	68.54	65.74	66.57	66.71	66.45	66.43	66.65	66.51	65.69	65.42	66.18	66.30	66.03	65.95	66.11	65.98	65.28
68.13	68.94	69.37	69.20	69.02	69.27	69.16	68.29	68.22	69.10	69.26	69.04	69.34	69.60	69.46	68.54	65.73	66.56	66.70	66.45	66.43	66.65	66.50	65.68	65.41	66.16	66.29	66.02	65.94	66.11	65.97	65.28
68.12	68.93	69.38	69.21	69.02	69.26	69.14	68.27	68.21	69.09	69.25	69.05	69.35	69.60	69.45	68.53	65.72	66.55	66.69	66.45	66.43	66.64	66.49	65.67	65.40	66.15	66.27	66.02	65.94	66.10	65.96	65.27
68.11	68.92	69.38	69.22	69.01	69.24	69.13	68.26	68.19	69.07	69.24	69.04	69.36	69.60	69.44	68.53	65.71	66.53	66.68	66.45	66.43	66.64	66.48	65.66	65.39	66.13	66.26	66.02	65.94	66.09	65.95	65.26
68.10	68.91	69.38	69.23	69.02	69.24	69.11	68.24	68.18	69.06	69.23	69.05	69.36	69.60	69.44	68.52	65.70	66.52	66.68	66.45	66.44	66.63	66.47	65.65	65.38	66.12	66.25	66.01	65.94	66.08	65.94	65.25
68.10	68.90	69.38	69.24	69.02	69.23	69.10	68.23	68.17	69.05	69.23	69.05	69.37	69.59	69.43	68.51	65.69	66.51	66.67	66.45	66.44	66.62	66.46	65.65	65.37	66.10	66.24	66.01	65.94	66.08	65.93	65.24
68.09	68.90	69.38	69.24	69.02	69.22	69.09	68.22	68.17	69.04	69.22	69.06	69.37	69.59	69.42	68.51	65.68	66.50	66.66	66.45	66.44	66.62	66.45	65.64	65.35	66.09	66.23	66.01	65.94	66.07	65.92	65.23
68.08	68.89	69.38	69.25	69.02	69.22	69.08	68.22	68.16	69.03	69.22	69.06	69.38	69.59	69.41	68.50	65.67	66.48	66.65	66.45	66.44	66.61	66.44	65.63	65.34	66.07	66.21	66.00	65.94	66.06	65.90	65.23
68.08	68.89	69.38	69.26	69.03	69.21	69.06	68.21	68.15	69.02	69.21	69.06	69.38	69.58	69.40	68.49	65.66	66.47	66.64	66.45	66.44	66.60	66.43	65.62	65.33	66.06	66.20	66.00	65.94	66.05	65.89	65.22
68.07	68.88	69.38	69.26	69.03	69.20	69.06	68.20	68.14	69.01	69.21	69.06	69.39	69.58	69.40	68.49	65.65	66.46	66.63	66.45	66.44	66.60	66.42	65.61	65.32	66.04	66.19	66.00	65.93	66.05	65.88	65.21
68.07	68.88	69.38	69.27	69.03	69.20	69.04	68.19	68.13	69.00	69.45	69.31	69.39	69.57	69.14	68.24	65.64	66.45	66.63	66.45	66.44	66.59	66.40	65.61	65.31	66.03	66.18	65.99	65.93	66.04	65.88	65.20
68.06	68.87	69.38	69.27	69.03	69.19	69.03	68.18	68.13	68.99	69.47	69.34	69.39	69.57	69.11	68.21	65.63	66.44	66.62	66.45	66.44	66.59	66.39	65.60	65.30	66.02	66.17	65.99	65.93	66.03	65.87	65.19
68.06	68.87	69.38	69.28	69.03	69.19	69.02	68.17	68.12	68.99	69.48	69.36	69.40	69.56	69.08	68.18	65.62	66.43	66.61	66.45	66.44	66.58	66.38	65.59	65.29	66.00	66.16	65.99	65.93	66.03	65.86	65.18
68.05	68.86	69.14	69.04	69.04	69.18	69.01	68.16	68.11	68.98	69.49	69.37	69.40	69.56	69.31	68.40	65.61	66.42	66.61	66.45	66.44	66.57	66.37	65.58	65.28	65.99	66.15	65.98	65.93	66.02	65.85	65.18
68.29	69.10	69.11	69.02	69.04	69.18	69.00	68.16	68.11	68.97	69.49	69.38	69.40	69.55	69.32	68.42	65.60	66.40	66.60	66.46	66.44	66.57	66.36	65.57	65.27	65.98	66.14	65.98	65.93	66.01	65.84	65.17
68.31	69.12	69.09	69.01	69.04	69.17	69.00	68.15	68.10	68.97	69.49	69.38	69.41	69.55	69.33	68.42	65.59	66.39	66.60	66.46	66.44	66.56	66.35	65.56	65.26	65.96	66.13	65.98	65.92	66.01	65.83	65.16
68.32	69.13	69.08	69.00	69.04	69.17	68.99	68.14	68.33	69.20	69.24	69.15	69.41	69.54	69.32	68.42	65.59	66.38	66.59	66.46	66.44	66.55	66.35	65.56	65.25	65.95	66.12	65.97	65.92	66.00	65.82	65.15
68.33	69.14	69.08	69.00	69.04	69.16	68.98	68.14	68.35	69.22	69.45	69.36	69.41	69.54	69.32	68.42	65.58	66.38	66.58	66.45	66.44	66.55	66.34	65.55	65.24	65.94	66.11	65.97	65.92	65.99	65.81	65.14
68.33	69.14	69.07	69.00	69.04	69.15	68.97	68.13	68.36	69.23	69.47	69.38	69.17	69.29	69.31	68.42	65.57	66.37	66.58	66.45	66.44	66.54	66.33	65.54	65.23	65.93	66.10	65.97	65.92	65.99	65.80	65.14
68.33	69.14	69.07	69.00	69.04	69.15	68.97	68.12	68.37	69.24	69.47	69.39	69.14	69.26	69.31	68.41	65.56	66.36	66.57	66.45	66.44	66.53	66.32	65.53	65.22	65.91	66.09	65.96	65.92	65.98	65.79	65.13
68.34	69.14	69.06	69.00	69.28	69.39	68.96	68.12	68.37	69.24	69.47	69.39	69.13	69.24	69.30	68.41	65.56	66.35	66.56	66.45	66.44	66.53	66.31	65.53	65.21	65.90	66.08	65.96	65.92	65.97	65.78	65.12
68.10	68.90	69.06	69.00	69.31	69.41	68.95	68.11	68.37	69.23	69.47	69.39	69.12	69.23	69.29	68.40	65.55	66.34	66.56	66.45	66.44	66.52	66.30	65.52	65.20	65.89	66.07	65.96	65.91	65.97	65.77	65.11
68.06	68.87	69.06	69.00	69.33	69.42	68.94	68.10	68.36	69.23	69.47	69.40	69.12	69.22	69.28	68.39	65.54	66.33	66.55	66.45	66.43	66.51	66.29	65.51	65.19	65.88	66.06	65.95	65.91	65.96	65.77	65.11
68.05	68.85	69.05	69.00	69.34	69.42	68.94	68.10	68.36	69.22	69.46	69.40	69.12	69.21	69.28	68.39	65.53	66.32	66.54	66.45	66.43	66.51	66.29	65.51	65.18	65.87	66.06	65.95	65.91	65.96	65.76	65.10
68.03	68.84	69.05	69.01	69.35	69.43	68.93	68.09	68.35	69.22	69.46	69.40	69.12	69.20	69.27	68.38	65.53	66.31	66.54	66.45	66.43	66.50	66.28	65.50	65.17	65.86	66.05	65.95	65.91	65.95	65.75	65.09
68.02	68.83	69.05	69.01	69.35	69.43	68.92	68.08	68.34	69.21	69.46	69.40	69.12	69.20	69.26	68.37	65.52	66.30	66.53	66.45	66.43	66.49	66.27	65.49	65.16	65.85	66.04	65.94	65.90	65.94	65.74	65.08
68.01	68.82	69.05	69.01	69.36	69.43	68.92	68.08	68.34	69.20	69.45	69.40	69.12	69.19	69.25	68.37	65.51	66.29	66.53	66.45	66.43	66.49	66.26	65.48	65.15	65.83	66.03	65.94	65.90	65.94	65.73	65.08
68.01	68.81	69.04	69.01	69.36	69.42	68.91	68.07	68.33	69.20	69.45	69.41	69.12	69.19	69.24	68.36	65.50	66.29	66.52	66.45	66.43	66.48	66.25	65.48	65.14	65.82	66.02	65.94	65.90	65.93	65.72	65.07
68.00	68.80	69.04	69.01	69.36	69.42	68.90	68.06	68.32	69.19	69.45	69.41	69.12	69.18	69.24	68.35	65.49	66.28	66.51	66.45	66.43	66.48	66.24	65.47	65.13	65.81	66.01	65.93	65.90	65.93	65.71	65.06
67.99	68.80	69.04	69.02	69.36	69.42	68.89	68.06	68.32	69.18	69.44	69.41	69.12	69.18	69.23	68.35	65.49	66.27	66.51	66.45	66.42	66.47	66.24	65.46	65.12	65.80	66.01	65.93	65.90	65.92	65.71	65.06
67.99	68.79	69.04	69.02	69.37	69.41	68.89	68.05	68.31	69.18	69.44	69.41	69.12	69.17	69.22	68.34	65.48	66.26	66.50	66.44	66.42	66.46	66.23	65.46	65.12	65.79	66.00	65.93	65.89	65.91	65.70	65.05
67.98	68.79	69.03	69.02	69.37	69.41	68.88	68.04	68.30	69.17	69.44	69.41	69.12	69.17	69.22	68.33	65.47	66.25	66.50	66.44	66.42	66.46	66.22	65.44	65.11	65.78	65.99	65.93	65.89	65.91	65.69	65.04
67.98	68.78	69.03	69.02	69.37	69.41	68.87	68.04	68.06	68.92	69.43	69.41	69.36	69.41	69.21	68.33	65.46	66.24	66.49	66.44	66.42	66.45	66.21	65.44	65.10	65.77	65.98	65.92	65.89	65.90	65.68	65.03
67.97	68.77	69.03	69.02	69.37	69.41	68.87	68.03	68.03	68.88	69.43	69.41	69.39	69.43	69.20	68.32	65.45	66.23	66.48	66.44	66.42	66.45	66.20	65.43	65.09	65.76	65.97	65.92	65.89	65.90	65.67	65.03
67.96	68.76	69.03	69.02	69.38	69.41	68.86	68.02	68.01	68.87	69.42	69.41	69.40	69.44	69.19	68.31	65.44	66.22	66.48	66.44	66.42	66.45	66.20	65.42	65.08	65.75	65.97	65.92	65.88	65.89	65.67	65.02
67.96	68.76	69.02	69.02	69.38	69.40	68.85	68.02	68.23	69.09	69.42	69.41	69.41	69.45	68.95	68.07	65.44	66.21	66.47	66.44	66.42	66.44	66.19	65.42	65.07	65.74	65.96	65.91	65.88	65.89	65.66	65.01
67.95	68.75	69.02	69.03	69.38	69.40	68.85	68.01	68.24	69.10	69.42	69.42	69.42	69.45	69.15	68.26	65.43	66.20	66.46	66.44	66.42	66.44	66.18	65.41	65.06	65.73	65.95	65.91	65.88	65.88	65.65	65.01
67.95	68.75	69.02	69.03	69.38	69.40	68.84	68.00	68.25	69.11	69.41	69.42	69.43	69.45	68.92	68.04	65.42	66.19	66.46	66.43	66.42	66.43	66.17	65.40	65.06	65.72	65.95	65.91	65.88	65.87	65.64	65.00
67.94	68.75	69.02	69.03	69.38	69.40	69.07	68.23	68.25	69.11	69.41	69.42	69.43	69.44	68.89	68.01	65.41	66.19	66.45	66.43	66.42	66.43	66.16	65.39	65.05	65.71	65.94	65.90	65.87	65.87	65.64	64.99
67.94	68.74	69.01	69.03	69.38	69.39	69.09	68.25	68.25	69.11	69.41	69.42	69.43	69.44	68.87	68.00	65.41	66.18	66.45	66.43	66.42	66.42	66.15	65.38	65.04	65.70	65.93	65.90	65.87	65.86	65.63	64.99
67.93	68.74	69.01	69.03	69.14	69.15	69.10	68.26	68.24	69.10	69.40	69.42	69.43	69.44	68.86	67.98	65.40	66.17	66.44	66.43	66.42	66.42	66.14	65.38	65.03	65.70	65.92	65.90	65.87	65.86	65.62	64.98
67.93	68.73	69.01	69.03	69.11	69.12	69.11	68.27	68.24	69.10	69.40	69.42	69.43	69.43	68.85	67.97	65.39	66.16	66.44	66.43	66.42	66.42	66.13	65.37	65.02	65.69	65.92	65.89	65.87	65.85	65.61	64.97
67.92	68.73	69.01	69.03	69.10	69.10	69.11	68.27	68.23	69.09	69.40	69.42	69.43	69.43	68.84	67.96	65.39	66.16	66.43	66.43	66.42	66.41	66.13	65.36	65.02	65.68	65.91	65.89	65.86	65.85	65.61	64.97
67.92	68.72	69.00	69.03	69.08	69.08	69.10	68.27	68.23	69.09	69.39	69.42	69.43	69.42	68.83	67.96	65.38	66.15	66.43	66.42	66.42	66.41	66.12	65.35	65.01	65.67	65.90	65.89	65.86	65.84	65.60	64.96
67.91	68.72	69.00	69.03	69.08	69.07	69.10	68.26	68.22	69.08	69.39	69.42	69.43	69.42	68.82	67.95	65.37	66.14	66.42	66.42	66.41	66.40	66.11	65.35	65.00	65.66	65.90	65.88	65.86	65.84	65.59	64.95
67.91	68.71	69.00	69.03	69.08	69.07	69.09	68.26	68.22	69.08	69.39	69.42	69.42	69.41	68.82	67.94	65.36	66.13	66.41	66.42	66.41	66.40	66.10	65.34	64.99	65.65	65.89	65.88	65.86	65.83	65.59	64.95
67.90	68.71	69.00	69.03	69.07	69.06	69.09	68.26	67.97	68.83	69.38	69.42	69.42	69.41	69.05	68.17	65.36	66.12	66.41	66.42	66.41	66.39	66.10	65.33	64.99	65.64	65.88	65.88	65.85	65.83	65.58	64.94
67.90	68.70	68.99	69.03	69.07	69.05	69.09	68.25	67.94	68.79	69.38	69.42	69.42	69.40	69.08	68.20	65.35	66.11	66.40	66.42	66.41	66.39	66.09	65.33	64.98	65.63	65.88	65.87	65.85	65.82	65.57	64.93
67.89	68.70	68.99	69.03	69.07	69.05	68.85	68.02	67.92	68.77	69.37	69.42	69.42	69.40	69.08	68.20	65.34	66.11	66.40	66.41	66.41	66.38	66.08	65.32	64.97	65.63	65.87	65.87	65.85	65.82	65.56	64.93
68.12	68.93	68.99	69.03	69.06	69.04	68.81	67.98	67.90	68.76	69.37	69.41	69.42	69.40	69.08	68.20	65.33	66.10	66.39	66.41	66.41	66.38	66.08	65.32	64.96	65.62	65.86	65.87	65.85	65.81	65.56	64.92
68.14	68.95	68.99	69.03	69.06	69.04	68.79	67.96	67.89	68.75	69.36	69.41	69.42	69.39	69.08	68.20	65.32	66.09	66.39	66.41	66.40	66.37	66.07	65.31	64.96	65.61	65.86	65.86	65.84	65.81	65.55	64.91
68.15	68.97	68.99	69.03	69.06	69.03	68.77	67.94	67.89	68.74	69.36	69.41	69.42	69.39	69.07	68.19	65.31	66.08	66.38	66.41	66.40	66.37	66.07	65.31	64.95	65.60	65.85	65.86	65.84	65.80	65.54	64.91
68.16	68.97	68.98	69.03	69.06	69.03	68.76	67.93	67.88	68.73	69.35	69.41	69.42	69.39	69.07	68.19	65.31	66.07	66.38	66.41	66.40	66.36	66.06	65.30	64.94	65.59	65.85	65.86	65.84	65.80	65.54	64.90
68.16	68.97	68.98	69.02	69.06	69.02	68.75	67.92	67.87	68.73	69.35	69.41	69.42	69.38	69.06	68.18	65.30	66.06	66.37	66.40	66.40	66.36	66.05	65.29	64.93	65.59	65.84	65.85	65.83	65.79	65.53	64.89
68.16	68.97	69.22	69.27	69.06	69.02	68.74	67.92	67.87	68.72	69.35	69.41	69.42	69.38	69.06	68.18	65.29	66.06	66.37	66.40	66.40	66.35	66.05	65.29	64.93	65.58	65.83	65.85	65.83	65.79	65.52	64.89
68.16	68.97	69.25	69.30	69.06	69.01	68.73	67.91	67.86	68.71	69.10	69.17	69.41	69.37	69.05	68.17	65.28	66.05	66.36	66.40	66.39	66.35	66.04	65.28	64.92	65.57	65.83	65.85	65.83	65.78	65.52	64.88
68.16	68.97	69.26	69.31	69.06	69.01	68.73	67.90	67.85	68.71	69.32	69.39	69.41	69.37	69.04	68.17	65.28	66.04	66.35	66.39	66.39	66.34	66.04	65.27	64.91	65.56	65.82	65.85	65.83	65.78	65.51	64.88
67.92	68.73	69.27	69.32	69.06	69.00	68.72	67.89	67.85	68.70	69.33	69.40	69.41	69.36	68.80	67.92	65.27	66.03	66.35	66.39	66.39	66.34	66.03	65.27	64.90	65.55	65.82	65.84	65.82	65.77	65.51	64.87
67.88	68.69	69.27	69.33	69.05	69.00	68.71	67.89	67.84	68.69	69.33	69.40	69.41	69.36	68.76	67.89	65.26	66.03	66.34	66.39	66.39	66.33	66.02	65.26	64.90	65.55	65.81	65.84	65.82	65.77	65.50	64.86
67.86	68.68	69.28	69.33	69.05	69.00	68.70	67.88	67.83	68.69	69.33	69.41	69.41	69.35	68.74	67.87	65.26	66.02	66.34	66.39	66.39	66.33	66.01	65.25	64.89	65.54	65.80	65.84	65.82	65.76	65.49	64.86
68.08	68.90	69.28	69.34	69.05	68.99	68.70	67.87	67.83	68.68	69.33	69.41	69.41	69.35	68.96	68.09	65.25	66.01	66.33	66.39	66.38	66.32	66.00	65.24	64.88	65.53	65.80	65.83	65.82	65.76	65.49	64.85
68.10	68.92	69.28	69.34	69.05	68.99	68.69	67.86	67.82	68.67	69.33	69.41	69.41	69.35	68.98	68.10	65.24	66.00	66.33	66.38	66.38	66.32	66.00	65.24	64.88	65.52	65.79	65.83	65.81	65.75	65.48	64.85
68.11	68.93	69.04	69.10	69.05	68.98	68.69	67.86	67.81	68.67	69.32	69.41	69.41	69.34	68.99	68.11	65.24	66.00	66.32	66.38	66.38	66.32	65.99	65.23	64.87	65.52	65.79	65.83	65.81	65.75	65.47	64.84
68.11	68.93	69.01	69.07	69.05	68.98	68.68	67.85	67.81	68.66	69.32	69.41	69.40	69.34	68.99	68.11	65.23	65.99	66.32	66.38	66.38	66.31	65.99	65.23	64.86	65.51	65.78	65.82	65.81	65.74	65.47	64.83
68.11	68.93	68.99	69.05	69.05	68.97	68.67	67.85	67.80	68.66	69.31	69.40	69.40	69.33	68.99	68.11	65.22	65.98	66.31	66.38	66.37	66.31	65.98	65.22	64.86	65.50	65.78	65.82	65.80	65.74	65.46	64.83
68.11	68.93	69.22	69.29	69.05	68.97	68.67	67.84	67.80	68.65	69.31	69.40	69.40	69.33	68.98	68.11	65.22	65.98	66.31	66.38	66.37	66.30	65.98	65.22	64.85	65.49	65.77	65.82	65.80	65.73	65.45	64.82
68.11	68.93	69.24	69.31	69.04	68.97	68.66	67.84	67.79	68.65	69.07	69.16	69.40	69.33	68.98	68.10	65.21	65.97	66.30	66.37	66.37	66.30	65.97	65.21	64.84	65.49	65.77	65.81	65.80	65.73	65.45	64.82
68.11	68.93	69.25	69.32	69.04	68.96	68.66	67.83	67.79	68.64	69.03	69.13	69.40	69.32	68.97	68.10	65.20	65.96	66.30	66.37	66.37	66.29	65.96	65.21	64.84	65.48	65.76	65.81	65.80	65.73	65.44	64.81
68.10	68.92	69.25	69.32	69.04	68.96	68.65	67.83	67.78	68.63	69.01	69.11	69.39	69.32	68.97	68.09	65.20	65.95	66.29	66.36	66.36	66.29	65.96	65.20	64.83	65.47	65.75	65.81	65.79	65.72	65.44	64.80
68.10	68.92	69.25	69.33	69.04	68.96	68.89	68.06	67.78	68.63	69.00	69.10	69.39	69.31	68.97	68.09	65.19	65.95	66.29	66.36	66.36	66.28	65.95	65.19	64.82	65.47	65.75	65.80	65.79	65.72	65.43	64.80
68.10	68.92	69.25	69.33	69.04	68.95	68.91	68.08	67.77	68.62	68.99	69.10	69.39	69.31	68.96	68.08	65.18	65.94	66.28	66.36	66.36	66.28	65.95	65.19	64.82	65.46	65.74	65.80	65.79	65.71	65.42	64.79
68.09	68.91	69.25	69.33	69.04	68.95	68.92	68.09	67.76	68.62	68.99	69.09	69.39	69.31	68.96	68.08	65.18	65.93	66.27	66.35	66.36	66.28	65.94	65.18	64.81	65.45	65.74	65.80	65.78	65.71	65.42	64.79
68.09	68.91	69.25	69.33	69.03	68.95	68.93	68.10	67.76	68.61	68.98	69.09	69.14	69.06	68.95	68.08	65.17	65.93	66.27	66.35	66.35	66.27	65.93	65.18	64.80	65.45	65.73	65.79	65.78	65.70	65.41	64.78
68.08	68.91	69.25	69.33	69.03	68.94	68.69	67.86	67.75	68.60	68.97	69.08	69.11	69.03	68.95	68.07	65.16	65.92	66.26	66.34	66.35	66.26	65.93	65.17	64.80	65.44	65.73	65.79	65.78	65.70	65.41	64.78
68.08	68.90	69.25	69.33	69.27	69.18	68.66	67.84	67.75	68.60	68.97	69.08	69.09	69.01	68.94	68.07	65.16	65.92	66.26	66.34	66.34	66.26	65.92	65.17	64.79	65.43	65.72	65.79	65.77	65.69	65.40	64.77
68.07	68.90	69.24	69.33	69.30	69.21	68.65	67.82	67.74	68.59	68.96	69.07	69.08	69.00	68.93	68.06	65.15	65.91	66.25	66.34	66.34	66.25	65.92	65.16	64.79	65.43	65.72	65.78	65.77	65.69	65.40	64.76
68.07	68.90	69.24	69.33	69.31	69.21	68.87	68.04	67.74	68.59	68.96	69.07	69.08	68.99	68.69	67.82	65.15	65.90	66.25	66.34	66.34	66.25	65.91	65.15	64.78	65.42	65.71	65.78	65.77	65.68	65.39	64.76
68.07	68.89	69.24	69.33	69.32	69.22	68.89	68.06	67.73	68.58	68.96	69.07	69.07	68.98	68.65	67.79	65.14	65.90	66.24	66.33	66.33	66.24	65.90	65.15	64.77	65.41	65.71	65.78	65.77	65.68	65.38	64.75
68.06	68.89	69.24	69.33	69.33	69.22	68.90	68.06	67.73	68.58	68.95	69.06	69.07	68.97	68.63	67.77	65.13	65.89	66.24	66.33	66.33	66.24	65.89	65.14	64.77	65.41	65.70	65.77	65.76	65.68	65.38	64.75
68.06	68.88	69.23	69.32	69.33	69.22	68.90	68.06	67.72	68.57	68.95	69.06	69.06	68.97	68.62	67.75	65.13	65.88	66.23	66.33	66.33	66.23	65.89	65.13	64.76	65.40	65.70	65.77	65.76	65.67	65.37	64.74
68.05	68.88	69.23	69.32	69.33	69.22	68.90	68.06	67.72	68.57	68.94	69.06	69.06	68.96	68.61	67.74	65.12	65.88	66.23	66.32	66.32	66.23	65.88	65.12	64.76	65.39	65.69	65.77	65.76	65.67	65.37	64.74
68.05	68.88	69.23	69.32	69.33	69.22	68.90	68.06	67.71	68.56	68.94	69.06	69.06	68.96	68.60	67.73	65.12	65.87	66.22	66.32	66.32	66.22	65.87	65.12	64.75	65.39	65.69	65.76	65.75	65.66	65.36	64.73
68.04	68.87	69.23	69.32	69.33	69.22	68.89	68.06	67.70	68.55	68.93	69.05	69.05	68.95	68.59	67.73	65.11	65.87	66.22	66.32	66.32	66.22	65.87	65.11	64.74	65.38	65.68	65.76	65.75	65.66	65.36	64.73
68.04	68.87	69.22	69.32	69.33	69.22	68.89	68.06	67.70	68.55	68.93	69.05	69.05	68.95	68.59	67.72	65.10	65.86	66.21	66.31	66.31	66.21	65.86	65.11	64.74	65.38	65.68	65.76	65.75	65.65	65.35	64.72
68.04	68.86	69.22	69.32	69.33	69.22	68.89	68.05	67.69	68.54	68.93	69.05	69.05	68.94	68.58	67.71	65.10	65.85	66.21	66.31	66.31	66.21	65.85	65.10	64.73	65.37	65.67	65.75	65.74	65.65	65.35	64.72
68.03	68.86	69.22	69.32	69.33	69.22	68.88	68.05	67.69	68.54	68.92	69.04	69.04	68.94	68.57	67.70	65.09	65.85	66.20	66.31	66.31	66.20	65.85	65.09	64.73	65.36	65.67	65.75	65.74	65.64	65.34	64.71
68.03	68.86	69.22	69.32	69.08	68.97	68.88	68.04	67.68	68.53	68.92	69.04	69.04	68.93	68.57	67.70	65.09	65.84	66.20	66.30	66.30	66.20	65.84	65.09	64.72	65.36	65.66	65.75	65.74	65.64	65.33	64.70
68.02	68.85	69.21	69.31	69.05	68.94	68.87	68.04	67.68	68.53	68.91	69.04	69.04	68.93	68.56	67.69	65.08	65.83	66.19	66.30	66.30	66.19	65.84	65.08	64.71	65.35	65.66	65.74	65.73	65.64	65.33	64.70
68.02	68.85	69.21	69.31	69.03	68.92	68.87	68.03	67.67	68.52	68.91	69.04	69.03	68.92	68.55	67.69	65.07	65.83	66.19	66.30	66.30	66.19	65.83	65.08	64.71	65.35	65.65	65.74	65.73	65.63	65.32	64.69
68.01	68.84	69.21	69.31	69.02	68.90	68.86	68.03	67.67	68.52	68.91	69.03	69.03	68.92	68.55	67.68	65.07	65.82	66.18	66.29	66.29	66.18	65.83	65.07	64.70	65.34	65.65	65.74	65.73	65.63	65.32	64.69
68.01	68.84	68.96	69.06	69.01	68.89	68.86	68.03	67.66	68.51	68.90	69.03	69.02	68.91	68.54	67.68	65.06	65.82	66.18	66.29	66.29	66.18	65.82	65.06	64.70	65.33	65.64	65.73	65.72	65.62	65.31	64.68
68.01	68.83	68.93	69.03	69.00	68.88	68.85	68.02	67.66	68.51	68.89	69.03	69.02	68.90	68.54	67.67	65.06	65.81	66.17	66.29	66.29	66.17	65.81	65.06	64.69	65.33	65.64	65.73	65.72	65.62	65.31	64.68
68.00	68.83	68.91	69.01	69.00	68.88	68.61	67.78	67.65	68.50	68.89	69.02	69.02	68.90	68.53	67.66	65.05	65.81	66.17	66.28	66.28	66.17	65.81	65.05	64.69	65.32	65.63	65.73	65.72	65.61	65.30	64.67
68.00	68.82	68.89	69.00	68.99	68.87	68.57	67.75	67.65	68.50	68.88	69.02	69.01	68.89	68.52	67.66	65.05	65.80	66.16	66.28	66.28	66.16	65.80	65.05	64.68	65.32	65.63	65.72	65.71	65.61	65.30	64.67
67.99	68.82	68.88	68.99	68.99	68.86	68.55	67.73	67.64	68.49	68.88	69.01	69.01	68.89	68.52	67.65	65.04	65.79	66.16	66.28	66.28	66.16	65.80	65.04	64.67	65.31	65.62	65.72	65.71	65.61	65.29	64.66
67.99	68.81	68.88	68.98	68.98	68.86	68.54	67.71	67.64	68.49	68.87	69.01	69.01	68.88	68.51	67.64	65.04	65.79	66.16	66.27	66.27	66.15	65.79	65.04	64.67	65.30	65.62	65.71	65.71	65.60	65.29	64.66
67.98	68.81	68.87	68.98	68.98	68.85	68.53	67.70	67.63	68.48	68.87	69.00	69.00	68.88	68.50	67.64	65.03	65.78	66.15	66.27	66.27	66.15	65.78	65.03	64.66	65.30	65.61	65.71	65.70	65.60	65.28	64.65
67.98	68.80	68.86	68.97	68.97	68.85	68.52	67.69	67.63	68.48	68.86	69.00	69.00	68.87	68.49	67.63	65.02	65.78	66.15	66.27	66.27	66.15	65.78	65.03	64.66	65.29	65.61	65.71	65.70	65.59	65.28	64.65
67.98	68.80	68.86	68.97	68.97	68.84	68.51	67.68	67.62	68.47	68.86	69.00	68.99	68.87	68.49	67.62	65.02	65.77	66.14	66.26	66.26	66.14	65.77	65.02	64.65	65.29	65.60	65.70	65.70	65.59	65.27	64.64
67.97	68.80	68.85	68.96	68.97	68.84	68.50	67.67	67.62	68.47	68.85	68.99	68.99	68.86	68.48	67.62	65.01	65.77	66.14	66.26	66.26	66.14	65.77	65.01	64.65	65.28	65.60	65.70	65.69	65.58	65.27	64.64
67.97	68.79	68.85	68.96	68.96	68.83	68.49	67.67	67.61	68.46	68.85	68.99	68.99	68.86	68.48	67.61	65.01	65.76	66.13	66.26	66.26	66.13	65.76	65.01	64.64	65.28	65.60	65.70	65.69	65.58	65.26	64.63
67.96	68.79	68.84	68.95	68.96	68.83	68.48	67.66	67.61	68.46	68.84	68.99	68.98	68.85	68.47	67.61	65.00	65.76	66.13	66.25	66.25	66.13	65.76	65.00	64.64	65.27	65.59	65.70	65.69	65.58	65.26	64.63
