pcb_LC_0	353.3741
pcb_LC_1	354.8366
pcb_LC_2	355.4592
pcb_LC_3	355.7010
pcb_LC_4	355.7010
pcb_LC_5	355.4594
pcb_LC_6	354.8369
pcb_LC_7	353.3748
pcb_LC_8	353.0947
pcb_LC_9	354.6578
pcb_LC_10	355.3930
pcb_LC_11	355.6916
pcb_LC_12	355.6917
pcb_LC_13	355.3932
pcb_LC_14	354.6583
pcb_LC_15	353.0954
pcb_LC_16	352.8783
pcb_LC_17	354.2616
pcb_LC_18	354.9242
pcb_LC_19	355.1987
pcb_LC_20	355.1988
pcb_LC_21	354.9245
pcb_LC_22	354.2620
pcb_LC_23	352.8789
pcb_LC_24	352.7288
pcb_LC_25	353.7911
pcb_LC_26	354.2681
pcb_LC_27	354.4630
pcb_LC_28	354.4630
pcb_LC_29	354.2682
pcb_LC_30	353.7914
pcb_LC_31	352.7293
solder_LC_0	355.9241
solder_LC_1	356.6700
solder_LC_2	357.0817
solder_LC_3	357.2715
solder_LC_4	357.2712
solder_LC_5	357.0817
solder_LC_6	356.6704
solder_LC_7	355.9259
solder_LC_8	355.4680
solder_LC_9	356.1292
solder_LC_10	356.5759
solder_LC_11	356.7972
solder_LC_12	356.7971
solder_LC_13	356.5761
solder_LC_14	356.1298
solder_LC_15	355.4693
solder_LC_16	354.9960
solder_LC_17	355.3863
solder_LC_18	355.7409
solder_LC_19	355.9339
solder_LC_20	355.9340
solder_LC_21	355.7411
solder_LC_22	355.3869
solder_LC_23	354.9969
solder_LC_24	354.6334
solder_LC_25	354.7769
solder_LC_26	355.0010
solder_LC_27	355.1351
solder_LC_28	355.1351
solder_LC_29	355.0012
solder_LC_30	354.7773
solder_LC_31	354.6341
sub_LC_0	356.6066
sub_LC_1	357.3388
sub_LC_2	357.7738
sub_LC_3	357.9786
sub_LC_4	357.9776
sub_LC_5	357.7737
sub_LC_6	357.3390
sub_LC_7	356.6096
sub_LC_8	355.6982
sub_LC_9	356.3512
sub_LC_10	356.8146
sub_LC_11	357.0462
sub_LC_12	357.0460
sub_LC_13	356.8147
sub_LC_14	356.3518
sub_LC_15	355.6999
sub_LC_16	355.0336
sub_LC_17	355.4466
sub_LC_18	355.8238
sub_LC_19	356.0284
sub_LC_20	356.0284
sub_LC_21	355.8240
sub_LC_22	355.4471
sub_LC_23	355.0345
sub_LC_24	354.6262
sub_LC_25	354.8196
sub_LC_26	355.0758
sub_LC_27	355.2257
sub_LC_28	355.2258
sub_LC_29	355.0760
sub_LC_30	354.8200
sub_LC_31	354.6269
layer_3_LC_0	363.1900
layer_3_LC_1	363.9876
layer_3_LC_2	364.6428
layer_3_LC_3	364.9833
layer_3_LC_4	364.9760
layer_3_LC_5	364.6419
layer_3_LC_6	363.9845
layer_3_LC_7	363.2067
layer_3_LC_8	357.4672
layer_3_LC_9	358.2639
layer_3_LC_10	358.9288
layer_3_LC_11	359.2704
layer_3_LC_12	359.2690
layer_3_LC_13	358.9287
layer_3_LC_14	358.2648
layer_3_LC_15	357.4716
layer_3_LC_16	355.1465
layer_3_LC_17	355.8991
layer_3_LC_18	356.5351
layer_3_LC_19	356.8628
layer_3_LC_20	356.8627
layer_3_LC_21	356.5352
layer_3_LC_22	355.8996
layer_3_LC_23	355.1476
layer_3_LC_24	354.3682
layer_3_LC_25	355.0493
layer_3_LC_26	355.6304
layer_3_LC_27	355.9311
layer_3_LC_28	355.9311
layer_3_LC_29	355.6305
layer_3_LC_30	355.0496
layer_3_LC_31	354.3686
layer_4_TB_0	363.0964
layer_4_TB_1	363.8936
layer_4_TB_2	364.5481
layer_4_TB_3	364.8882
layer_4_TB_4	364.8809
layer_4_TB_5	364.5472
layer_4_TB_6	363.8905
layer_4_TB_7	363.1132
layer_4_TB_8	357.3647
layer_4_TB_9	358.1614
layer_4_TB_10	358.8259
layer_4_TB_11	359.1671
layer_4_TB_12	359.1658
layer_4_TB_13	358.8258
layer_4_TB_14	358.1623
layer_4_TB_15	357.3691
layer_4_TB_16	355.0491
layer_4_TB_17	355.8019
layer_4_TB_18	356.4377
layer_4_TB_19	356.7651
layer_4_TB_20	356.7650
layer_4_TB_21	356.4378
layer_4_TB_22	355.8025
layer_4_TB_23	355.0502
layer_4_TB_24	354.2718
layer_4_TB_25	354.9533
layer_4_TB_26	355.5342
layer_4_TB_27	355.8347
layer_4_TB_28	355.8347
layer_4_TB_29	355.5343
layer_4_TB_30	354.9536
layer_4_TB_31	354.2723
layer_5_B_0	362.1616
layer_5_B_1	362.9550
layer_5_B_2	363.6024
layer_5_B_3	363.9385
layer_5_B_4	363.9310
layer_5_B_5	363.6016
layer_5_B_6	362.9517
layer_5_B_7	362.1786
layer_5_B_8	356.3396
layer_5_B_9	357.1361
layer_5_B_10	357.7960
layer_5_B_11	358.1340
layer_5_B_12	358.1327
layer_5_B_13	357.7959
layer_5_B_14	357.1371
layer_5_B_15	356.3438
layer_5_B_16	354.0748
layer_5_B_17	354.8303
layer_5_B_18	355.4630
layer_5_B_19	355.7881
layer_5_B_20	355.7880
layer_5_B_21	355.4631
layer_5_B_22	354.8308
layer_5_B_23	354.0759
layer_5_B_24	353.3085
layer_5_B_25	353.9933
layer_5_B_26	354.5718
layer_5_B_27	354.8703
layer_5_B_28	354.8703
layer_5_B_29	354.5720
layer_5_B_30	353.9936
layer_5_B_31	353.3089
layer_6_TB_0	361.9596
layer_6_TB_1	362.7527
layer_6_TB_2	363.3993
layer_6_TB_3	363.7346
layer_6_TB_4	363.7273
layer_6_TB_5	363.3984
layer_6_TB_6	362.7497
layer_6_TB_7	361.9763
layer_6_TB_8	356.1922
layer_6_TB_9	356.9891
layer_6_TB_10	357.6484
layer_6_TB_11	357.9860
layer_6_TB_12	357.9847
layer_6_TB_13	357.6483
layer_6_TB_14	356.9901
layer_6_TB_15	356.1964
layer_6_TB_16	353.9377
layer_6_TB_17	354.6939
layer_6_TB_18	355.3263
layer_6_TB_19	355.6510
layer_6_TB_20	355.6509
layer_6_TB_21	355.3264
layer_6_TB_22	354.6945
layer_6_TB_23	353.9388
layer_6_TB_24	353.1734
layer_6_TB_25	353.8589
layer_6_TB_26	354.4370
layer_6_TB_27	354.7351
layer_6_TB_28	354.7351
layer_6_TB_29	354.4372
layer_6_TB_30	353.8592
layer_6_TB_31	353.1738
layer_7_B_32	359.9407
layer_7_B_33	360.7311
layer_7_B_34	361.3688
layer_7_B_35	361.6971
layer_7_B_36	361.6910
layer_7_B_37	361.3681
layer_7_B_38	360.7310
layer_7_B_39	359.9544
layer_7_B_40	354.7170
layer_7_B_41	355.5186
layer_7_B_42	356.1722
layer_7_B_43	356.5054
layer_7_B_44	356.5042
layer_7_B_45	356.1722
layer_7_B_46	355.5197
layer_7_B_47	354.7209
layer_7_B_48	352.5669
layer_7_B_49	353.3302
layer_7_B_50	353.9586
layer_7_B_51	354.2797
layer_7_B_52	354.2796
layer_7_B_53	353.9587
layer_7_B_54	353.3308
layer_7_B_55	352.5679
layer_7_B_56	351.8226
layer_7_B_57	352.5146
layer_7_B_58	353.0887
layer_7_B_59	353.3832
layer_7_B_60	353.3832
layer_7_B_61	353.0888
layer_7_B_62	352.5149
layer_7_B_63	351.8230
layer_8_TB_0	359.7039
layer_8_TB_1	360.4944
layer_8_TB_2	361.1311
layer_8_TB_3	361.4586
layer_8_TB_4	361.4526
layer_8_TB_5	361.1304
layer_8_TB_6	360.4946
layer_8_TB_7	359.7173
layer_8_TB_8	354.5261
layer_8_TB_9	355.3286
layer_8_TB_10	355.9816
layer_8_TB_11	356.3142
layer_8_TB_12	356.3130
layer_8_TB_13	355.9815
layer_8_TB_14	355.3297
layer_8_TB_15	354.5300
layer_8_TB_16	352.3910
layer_8_TB_17	353.1555
layer_8_TB_18	353.7833
layer_8_TB_19	354.1040
layer_8_TB_20	354.1039
layer_8_TB_21	353.7835
layer_8_TB_22	353.1560
layer_8_TB_23	352.3920
layer_8_TB_24	351.6494
layer_8_TB_25	352.3424
layer_8_TB_26	352.9159
layer_8_TB_27	353.2100
layer_8_TB_28	353.2100
layer_8_TB_29	352.9161
layer_8_TB_30	352.3427
layer_8_TB_31	351.6499
layer_9_B_64	357.3368
layer_9_B_65	358.1291
layer_9_B_66	358.7551
layer_9_B_67	359.0742
layer_9_B_68	359.0693
layer_9_B_69	358.7546
layer_9_B_70	358.1321
layer_9_B_71	357.3476
layer_9_B_72	352.6161
layer_9_B_73	353.4284
layer_9_B_74	354.0746
layer_9_B_75	354.4014
layer_9_B_76	354.4004
layer_9_B_77	354.0745
layer_9_B_78	353.4296
layer_9_B_79	352.6196
layer_9_B_80	350.6311
layer_9_B_81	351.4075
layer_9_B_82	352.0303
layer_9_B_83	352.3462
layer_9_B_84	352.3461
layer_9_B_85	352.0305
layer_9_B_86	351.4080
layer_9_B_87	350.6320
layer_9_B_88	349.9179
layer_9_B_89	350.6207
layer_9_B_90	351.1885
layer_9_B_91	351.4775
layer_9_B_92	351.4775
layer_9_B_93	351.1886
layer_9_B_94	350.6209
layer_9_B_95	349.9183
layer_10_TB_0	357.0658
layer_10_TB_1	357.8587
layer_10_TB_2	358.4834
layer_10_TB_3	358.8015
layer_10_TB_4	358.7968
layer_10_TB_5	358.4830
layer_10_TB_6	357.8619
layer_10_TB_7	357.0763
layer_10_TB_8	352.3831
layer_10_TB_9	353.1969
layer_10_TB_10	353.8423
layer_10_TB_11	354.1685
layer_10_TB_12	354.1675
layer_10_TB_13	353.8423
layer_10_TB_14	353.1981
layer_10_TB_15	352.3866
layer_10_TB_16	350.4171
layer_10_TB_17	351.1952
layer_10_TB_18	351.8175
layer_10_TB_19	352.1328
layer_10_TB_20	352.1327
layer_10_TB_21	351.8176
layer_10_TB_22	351.1957
layer_10_TB_23	350.4181
layer_10_TB_24	349.7076
layer_10_TB_25	350.4116
layer_10_TB_26	350.9787
layer_10_TB_27	351.2671
layer_10_TB_28	351.2671
layer_10_TB_29	350.9788
layer_10_TB_30	350.4119
layer_10_TB_31	349.7079
layer_11_B_96	354.3563
layer_11_B_97	355.1553
layer_11_B_98	355.7676
layer_11_B_99	356.0759
layer_11_B_100	356.0721
layer_11_B_101	355.7673
layer_11_B_102	355.1614
layer_11_B_103	354.3641
layer_11_B_104	350.0529
layer_11_B_105	350.8818
layer_11_B_106	351.5193
layer_11_B_107	351.8385
layer_11_B_108	351.8376
layer_11_B_109	351.5193
layer_11_B_110	350.8831
layer_11_B_111	350.0559
layer_11_B_112	348.2778
layer_11_B_113	349.0728
layer_11_B_114	349.6890
layer_11_B_115	349.9983
layer_11_B_116	349.9982
layer_11_B_117	349.6891
layer_11_B_118	349.0733
layer_11_B_119	348.2786
layer_11_B_120	347.6039
layer_11_B_121	348.3213
layer_11_B_122	348.8808
layer_11_B_123	349.1627
layer_11_B_124	349.1627
layer_11_B_125	348.8809
layer_11_B_126	348.3215
layer_11_B_127	347.6043
layer_12_TB_0	354.0519
layer_12_TB_1	354.8520
layer_12_TB_2	355.4628
layer_12_TB_3	355.7700
layer_12_TB_4	355.7663
layer_12_TB_5	355.4626
layer_12_TB_6	354.8584
layer_12_TB_7	354.0595
layer_12_TB_8	349.7793
layer_12_TB_9	350.6103
layer_12_TB_10	351.2469
layer_12_TB_11	351.5653
layer_12_TB_12	351.5644
layer_12_TB_13	351.2469
layer_12_TB_14	350.6116
layer_12_TB_15	349.7823
layer_12_TB_16	348.0271
layer_12_TB_17	348.8244
layer_12_TB_18	349.4398
layer_12_TB_19	349.7484
layer_12_TB_20	349.7483
layer_12_TB_21	349.4399
layer_12_TB_22	348.8248
layer_12_TB_23	348.0279
layer_12_TB_24	347.3574
layer_12_TB_25	348.0764
layer_12_TB_26	348.6350
layer_12_TB_27	348.9161
layer_12_TB_28	348.9162
layer_12_TB_29	348.6351
layer_12_TB_30	348.0767
layer_12_TB_31	347.3578
layer_13_B_128	351.0090
layer_13_B_129	351.8200
layer_13_B_130	352.4163
layer_13_B_131	352.7123
layer_13_B_132	352.7093
layer_13_B_133	352.4162
layer_13_B_134	351.8292
layer_13_B_135	351.0139
layer_13_B_136	347.0426
layer_13_B_137	347.8946
layer_13_B_138	348.5220
layer_13_B_139	348.8323
layer_13_B_140	348.8315
layer_13_B_141	348.5221
layer_13_B_142	347.8959
layer_13_B_143	347.0452
layer_13_B_144	345.5198
layer_13_B_145	346.3395
layer_13_B_146	346.9476
layer_13_B_147	347.2491
layer_13_B_148	347.2490
layer_13_B_149	346.9477
layer_13_B_150	346.3399
layer_13_B_151	345.5206
layer_13_B_152	344.8920
layer_13_B_153	345.6280
layer_13_B_154	346.1771
layer_13_B_155	346.4503
layer_13_B_156	346.4503
layer_13_B_157	346.1772
layer_13_B_158	345.6283
layer_13_B_159	344.8923
layer_14_TB_0	350.5986
layer_14_TB_1	351.4115
layer_14_TB_2	352.0061
layer_14_TB_3	352.3008
layer_14_TB_4	352.2980
layer_14_TB_5	352.0061
layer_14_TB_6	351.4205
layer_14_TB_7	350.6035
layer_14_TB_8	346.7297
layer_14_TB_9	347.5844
layer_14_TB_10	348.2108
layer_14_TB_11	348.5201
layer_14_TB_12	348.5194
layer_14_TB_13	348.2108
layer_14_TB_14	347.5857
layer_14_TB_15	346.7322
layer_14_TB_16	345.2336
layer_14_TB_17	346.0562
layer_14_TB_18	346.6634
layer_14_TB_19	346.9641
layer_14_TB_20	346.9640
layer_14_TB_21	346.6635
layer_14_TB_22	346.0566
layer_14_TB_23	345.2344
layer_14_TB_24	344.6105
layer_14_TB_25	345.3486
layer_14_TB_26	345.8965
layer_14_TB_27	346.1688
layer_14_TB_28	346.1688
layer_14_TB_29	345.8966
layer_14_TB_30	345.3488
layer_14_TB_31	344.6108
layer_15_B_160	346.4954
layer_15_B_161	347.3274
layer_15_B_162	347.9053
layer_15_B_163	348.1873
layer_15_B_164	348.1852
layer_15_B_165	347.9054
layer_15_B_166	347.3343
layer_15_B_167	346.4992
layer_15_B_168	343.5999
layer_15_B_169	344.4821
layer_15_B_170	345.0978
layer_15_B_171	345.3977
layer_15_B_172	345.3972
layer_15_B_173	345.0978
layer_15_B_174	344.4832
layer_15_B_175	343.6019
layer_15_B_176	342.3718
layer_15_B_177	343.2228
layer_15_B_178	343.8212
layer_15_B_179	344.1137
layer_15_B_180	344.1136
layer_15_B_181	343.8213
layer_15_B_182	343.2231
layer_15_B_183	342.3725
layer_15_B_184	341.7951
layer_15_B_185	342.5544
layer_15_B_186	343.0907
layer_15_B_187	343.3536
layer_15_B_188	343.3536
layer_15_B_189	343.0908
layer_15_B_190	342.5546
layer_15_B_191	341.7954
layer_16_TB_0	346.0534
layer_16_TB_1	346.8879
layer_16_TB_2	347.4639
layer_16_TB_3	347.7445
layer_16_TB_4	347.7424
layer_16_TB_5	347.4639
layer_16_TB_6	346.8946
layer_16_TB_7	346.0572
layer_16_TB_8	343.2503
layer_16_TB_9	344.1359
layer_16_TB_10	344.7504
layer_16_TB_11	345.0493
layer_16_TB_12	345.0487
layer_16_TB_13	344.7504
layer_16_TB_14	344.1371
layer_16_TB_15	343.2523
layer_16_TB_16	342.0517
layer_16_TB_17	342.9061
layer_16_TB_18	343.5035
layer_16_TB_19	343.7951
layer_16_TB_20	343.7950
layer_16_TB_21	343.5037
layer_16_TB_22	342.9065
layer_16_TB_23	342.0523
layer_16_TB_24	341.4800
layer_16_TB_25	342.2418
layer_16_TB_26	342.7767
layer_16_TB_27	343.0384
layer_16_TB_28	343.0385
layer_16_TB_29	342.7768
layer_16_TB_30	342.2420
layer_16_TB_31	341.4802
layer_17_B_192	341.6344
layer_17_B_193	342.4935
layer_17_B_194	343.0503
layer_17_B_195	343.3166
layer_17_B_196	343.3152
layer_17_B_197	343.0504
layer_17_B_198	342.4983
layer_17_B_199	341.6372
layer_17_B_200	339.7538
layer_17_B_201	340.6739
layer_17_B_202	341.2761
layer_17_B_203	341.5644
layer_17_B_204	341.5641
layer_17_B_205	341.2762
layer_17_B_206	340.6748
layer_17_B_207	339.7553
layer_17_B_208	338.8502
layer_17_B_209	339.7397
layer_17_B_210	340.3268
layer_17_B_211	340.6089
layer_17_B_212	340.6089
layer_17_B_213	340.3269
layer_17_B_214	339.7400
layer_17_B_215	338.8507
layer_17_B_216	338.3280
layer_17_B_217	339.1154
layer_17_B_218	339.6363
layer_17_B_219	339.8872
layer_17_B_220	339.8872
layer_17_B_221	339.6364
layer_17_B_222	339.1156
layer_17_B_223	338.3282
layer_18_TB_0	341.1616
layer_18_TB_1	342.0238
layer_18_TB_2	342.5784
layer_18_TB_3	342.8432
layer_18_TB_4	342.8418
layer_18_TB_5	342.5785
layer_18_TB_6	342.0284
layer_18_TB_7	341.1643
layer_18_TB_8	339.3702
layer_18_TB_9	340.2944
layer_18_TB_10	340.8952
layer_18_TB_11	341.1824
layer_18_TB_12	341.1820
layer_18_TB_13	340.8953
layer_18_TB_14	340.2953
layer_18_TB_15	339.3716
layer_18_TB_16	338.4978
layer_18_TB_17	339.3915
layer_18_TB_18	339.9773
layer_18_TB_19	340.2584
layer_18_TB_20	340.2584
layer_18_TB_21	339.9774
layer_18_TB_22	339.3918
layer_18_TB_23	338.4983
layer_18_TB_24	337.9806
layer_18_TB_25	338.7711
layer_18_TB_26	339.2903
layer_18_TB_27	339.5399
layer_18_TB_28	339.5399
layer_18_TB_29	339.2904
layer_18_TB_30	338.7713
layer_18_TB_31	337.9808
layer_19_B_224	336.4343
layer_19_B_225	337.3271
layer_19_B_226	337.8595
layer_19_B_227	338.1086
layer_19_B_228	338.1079
layer_19_B_229	337.8597
layer_19_B_230	337.3298
layer_19_B_231	336.4360
layer_19_B_232	335.5329
layer_19_B_233	336.4995
layer_19_B_234	337.0860
layer_19_B_235	337.3616
layer_19_B_236	337.3614
layer_19_B_237	337.0862
layer_19_B_238	336.5002
layer_19_B_239	335.5339
layer_19_B_240	334.9729
layer_19_B_241	335.9091
layer_19_B_242	336.4827
layer_19_B_243	336.7532
layer_19_B_244	336.7532
layer_19_B_245	336.4828
layer_19_B_246	335.9093
layer_19_B_247	334.9733
layer_19_B_248	334.5064
layer_19_B_249	335.3276
layer_19_B_250	335.8300
layer_19_B_251	336.0673
layer_19_B_252	336.0673
layer_19_B_253	335.8301
layer_19_B_254	335.3278
layer_19_B_255	334.5066
layer_20_TB_0	335.9316
layer_20_TB_1	336.8281
layer_20_TB_2	337.3580
layer_20_TB_3	337.6054
layer_20_TB_4	337.6047
layer_20_TB_5	337.3582
layer_20_TB_6	336.8306
layer_20_TB_7	335.9332
layer_20_TB_8	335.1178
layer_20_TB_9	336.0894
layer_20_TB_10	336.6743
layer_20_TB_11	336.9485
layer_20_TB_12	336.9483
layer_20_TB_13	336.6744
layer_20_TB_14	336.0901
layer_20_TB_15	335.1186
layer_20_TB_16	334.5898
layer_20_TB_17	335.5311
layer_20_TB_18	336.1032
layer_20_TB_19	336.3726
layer_20_TB_20	336.3726
layer_20_TB_21	336.1033
layer_20_TB_22	335.5313
layer_20_TB_23	334.5902
layer_20_TB_24	334.1283
layer_20_TB_25	334.9532
layer_20_TB_26	335.4536
layer_20_TB_27	335.6895
layer_20_TB_28	335.6895
layer_20_TB_29	335.4537
layer_20_TB_30	334.9533
layer_20_TB_31	334.1285
hsp_TB_0	330.9049
hsp_TB_1	331.8387
hsp_TB_2	332.3432
hsp_TB_3	332.5733
hsp_TB_4	332.5732
hsp_TB_5	332.3434
hsp_TB_6	331.8394
hsp_TB_7	330.9054
hsp_TB_8	330.9656
hsp_TB_9	331.9885
hsp_TB_10	332.5567
hsp_TB_11	332.8182
hsp_TB_12	332.8181
hsp_TB_13	332.5569
hsp_TB_14	331.9888
hsp_TB_15	330.9660
hsp_TB_16	330.7589
hsp_TB_17	331.7510
hsp_TB_18	332.3085
hsp_TB_19	332.5663
hsp_TB_20	332.5664
hsp_TB_21	332.3086
hsp_TB_22	331.7512
hsp_TB_23	330.7591
hsp_TB_24	330.3474
hsp_TB_25	331.2086
hsp_TB_26	331.6892
hsp_TB_27	331.9113
hsp_TB_28	331.9113
hsp_TB_29	331.6893
hsp_TB_30	331.2088
hsp_TB_31	330.3476
hsink_TB_0	329.1369
hsink_TB_1	329.9207
hsink_TB_2	330.3902
hsink_TB_3	330.6097
hsink_TB_4	330.6098
hsink_TB_5	330.3903
hsink_TB_6	329.9209
hsink_TB_7	329.1371
hsink_TB_8	329.3227
hsink_TB_9	330.2012
hsink_TB_10	330.7358
hsink_TB_11	330.9873
hsink_TB_12	330.9873
hsink_TB_13	330.7359
hsink_TB_14	330.2013
hsink_TB_15	329.3229
hsink_TB_16	329.2485
hsink_TB_17	330.1084
hsink_TB_18	330.6351
hsink_TB_19	330.8837
hsink_TB_20	330.8837
hsink_TB_21	330.6352
hsink_TB_22	330.1086
hsink_TB_23	329.2486
hsink_TB_24	328.9522
hsink_TB_25	329.6938
hsink_TB_26	330.1459
hsink_TB_27	330.3591
hsink_TB_28	330.3591
hsink_TB_29	330.1459
hsink_TB_30	329.6939
hsink_TB_31	328.9523
inode_0	326.8373
inode_1	326.8374
inode_2	327.3152
inode_3	327.5529
inode_4	326.7982
inode_5	326.7984
inode_6	327.2847
inode_7	327.5189
inode_8	325.5847
inode_9	325.5849
inode_10	325.8368
inode_11	326.0338
inode_12	354.9886
inode_13	354.9898
inode_14	353.8864
inode_15	355.7212
inode_16	354.9673
inode_17	354.9684
inode_18	353.8817
inode_19	355.7119
inode_20	351.0681
inode_21	351.0687
inode_22	352.8859
inode_23	354.4719
inode_24	340.1109
inode_25	340.1113
inode_26	339.9476
inode_27	340.9428
