pcb_C_0	327.3861
pcb_C_1	328.0522
pcb_C_2	328.3122
pcb_C_3	328.4120
pcb_C_4	328.4009
pcb_C_5	328.2724
pcb_C_6	327.9734
pcb_C_7	327.3024
pcb_C_8	327.0825
pcb_C_9	327.6546
pcb_C_10	327.9333
pcb_C_11	328.0512
pcb_C_12	328.0394
pcb_C_13	327.8957
pcb_C_14	327.5880
pcb_C_15	327.0063
pcb_C_16	326.6218
pcb_C_17	326.8607
pcb_C_18	327.0384
pcb_C_19	327.1293
pcb_C_20	327.1203
pcb_C_21	327.0108
pcb_C_22	326.8141
pcb_C_23	326.5602
pcb_C_24	326.2861
pcb_C_25	326.2721
pcb_C_26	326.3434
pcb_C_27	326.3944
pcb_C_28	326.3887
pcb_C_29	326.3260
pcb_C_30	326.2417
pcb_C_31	326.2386
solder_C_0	327.7665
solder_C_1	328.3828
solder_C_2	328.6139
solder_C_3	328.7138
solder_C_4	328.7023
solder_C_5	328.5664
solder_C_6	328.2656
solder_C_7	327.6445
solder_C_8	327.4093
solder_C_9	327.9279
solder_C_10	328.2056
solder_C_11	328.3294
solder_C_12	328.3173
solder_C_13	328.1670
solder_C_14	327.8546
solder_C_15	327.3235
solder_C_16	326.6431
solder_C_17	326.7993
solder_C_18	326.9864
solder_C_19	327.0860
solder_C_20	327.0770
solder_C_21	326.9591
solder_C_22	326.7528
solder_C_23	326.5797
solder_C_24	326.2259
solder_C_25	326.1278
solder_C_26	326.2110
solder_C_27	326.2712
solder_C_28	326.2654
solder_C_29	326.1935
solder_C_30	326.0975
solder_C_31	326.1772
sub_C_0	327.8782
sub_C_1	328.4956
sub_C_2	328.7122
sub_C_3	328.8138
sub_C_4	328.8025
sub_C_5	328.6628
sub_C_6	328.3583
sub_C_7	327.7353
sub_C_8	327.5074
sub_C_9	328.0369
sub_C_10	328.3203
sub_C_11	328.4473
sub_C_12	328.4351
sub_C_13	328.2825
sub_C_14	327.9647
sub_C_15	327.4217
sub_C_16	326.5519
sub_C_17	326.7399
sub_C_18	326.9373
sub_C_19	327.0403
sub_C_20	327.0312
sub_C_21	326.9101
sub_C_22	326.6938
sub_C_23	326.4896
sub_C_24	326.1148
sub_C_25	326.0574
sub_C_26	326.1526
sub_C_27	326.2166
sub_C_28	326.2108
sub_C_29	326.1349
sub_C_30	326.0271
sub_C_31	326.0672
layer_3_C_0	328.9009
layer_3_C_1	329.5881
layer_3_C_2	329.6498
layer_3_C_3	329.7664
layer_3_C_4	329.7592
layer_3_C_5	329.5851
layer_3_C_6	329.2516
layer_3_C_7	328.5548
layer_3_C_8	328.4447
layer_3_C_9	329.1267
layer_3_C_10	329.4701
layer_3_C_11	329.6292
layer_3_C_12	329.6156
layer_3_C_13	329.4416
layer_3_C_14	329.0706
layer_3_C_15	328.3656
layer_3_C_16	325.6277
layer_3_C_17	326.1266
layer_3_C_18	326.4248
layer_3_C_19	326.5599
layer_3_C_20	326.5512
layer_3_C_21	326.3990
layer_3_C_22	326.0848
layer_3_C_23	325.5758
layer_3_C_24	325.0533
layer_3_C_25	325.3637
layer_3_C_26	325.5741
layer_3_C_27	325.6744
layer_3_C_28	325.6684
layer_3_C_29	325.5562
layer_3_C_30	325.3348
layer_3_C_31	325.0149
layer_4_TB_0	328.7252
layer_4_TB_1	329.4124
layer_4_TB_2	329.4912
layer_4_TB_3	329.6085
layer_4_TB_4	329.6009
layer_4_TB_5	329.4279
layer_4_TB_6	329.0930
layer_4_TB_7	328.3964
layer_4_TB_8	328.2874
layer_4_TB_9	328.9699
layer_4_TB_10	329.3136
layer_4_TB_11	329.4719
layer_4_TB_12	329.4585
layer_4_TB_13	329.2844
layer_4_TB_14	328.9129
layer_4_TB_15	328.2083
layer_4_TB_16	325.6257
layer_4_TB_17	326.1251
layer_4_TB_18	326.4233
layer_4_TB_19	326.5585
layer_4_TB_20	326.5498
layer_4_TB_21	326.3976
layer_4_TB_22	326.0833
layer_4_TB_23	325.5739
layer_4_TB_24	325.0521
layer_4_TB_25	325.3629
layer_4_TB_26	325.5734
layer_4_TB_27	325.6737
layer_4_TB_28	325.6677
layer_4_TB_29	325.5555
layer_4_TB_30	325.3340
layer_4_TB_31	325.0136
hsp_TB_0	326.9687
hsp_TB_1	327.6546
hsp_TB_2	327.9056
hsp_TB_3	328.0292
hsp_TB_4	328.0181
hsp_TB_5	327.8558
hsp_TB_6	327.5076
hsp_TB_7	326.8127
hsp_TB_8	326.7142
hsp_TB_9	327.4024
hsp_TB_10	327.7479
hsp_TB_11	327.8995
hsp_TB_12	327.8878
hsp_TB_13	327.7130
hsp_TB_14	327.3363
hsp_TB_15	326.6357
hsp_TB_16	325.6059
hsp_TB_17	326.1098
hsp_TB_18	326.4091
hsp_TB_19	326.5445
hsp_TB_20	326.5358
hsp_TB_21	326.3833
hsp_TB_22	326.0680
hsp_TB_23	325.5541
hsp_TB_24	325.0396
hsp_TB_25	325.3546
hsp_TB_26	325.5661
hsp_TB_27	325.6667
hsp_TB_28	325.6606
hsp_TB_29	325.5481
hsp_TB_30	325.3257
hsp_TB_31	325.0013
hsink_TB_0	326.2620
hsink_TB_1	326.9198
hsink_TB_2	327.2269
hsink_TB_3	327.3556
hsink_TB_4	327.3439
hsink_TB_5	327.1851
hsink_TB_6	326.8346
hsink_TB_7	326.1688
hsink_TB_8	326.1085
hsink_TB_9	326.7730
hsink_TB_10	327.1231
hsink_TB_11	327.2733
hsink_TB_12	327.2620
hsink_TB_13	327.0875
hsink_TB_14	326.7105
hsink_TB_15	326.0367
hsink_TB_16	325.5317
hsink_TB_17	326.0326
hsink_TB_18	326.3320
hsink_TB_19	326.4673
hsink_TB_20	326.4586
hsink_TB_21	326.3061
hsink_TB_22	325.9907
hsink_TB_23	325.4802
hsink_TB_24	325.0272
hsink_TB_25	325.3434
hsink_TB_26	325.5552
hsink_TB_27	325.6559
hsink_TB_28	325.6498
hsink_TB_29	325.5373
hsink_TB_30	325.3146
hsink_TB_31	324.9889
inode_0	324.5425
inode_1	324.4872
inode_2	323.9486
inode_3	325.3408
inode_4	324.5281
inode_5	324.4730
inode_6	323.9415
inode_7	325.3289
inode_8	323.9539
inode_9	323.9037
inode_10	323.2753
inode_11	324.5031
inode_12	326.9383
inode_13	326.8596
inode_14	325.9303
inode_15	328.0316
inode_16	326.9361
inode_17	326.8575
inode_18	325.9301
inode_19	328.0309
inode_20	326.3730
inode_21	326.3067
inode_22	325.8765
inode_23	327.9260
inode_24	324.4531
inode_25	324.4023
inode_26	323.6815
inode_27	325.1487
