C_0	C_1	C_2	C_3	C_4	C_5	C_6	C_7	C_8	C_9	C_10	C_11	C_12	C_13	C_14	C_15	C_16	C_17	C_18	C_19	C_20	C_21	C_22	C_23	C_24	C_25	C_26	C_27	C_28	C_29	C_30	C_31	
68.32	69.22	69.23	68.37	69.17	70.51	70.49	69.14	69.12	70.48	70.47	69.15	68.41	69.29	69.29	68.36	66.38	67.26	67.24	66.42	67.16	68.43	68.38	67.09	67.13	68.43	68.39	67.09	66.36	67.17	67.14	66.29
68.36	69.26	69.24	68.44	69.16	70.42	70.39	69.08	69.06	70.36	70.39	69.13	68.53	69.39	69.40	68.45	66.19	67.11	67.10	66.28	66.87	68.07	68.04	66.79	66.80	68.07	68.05	66.82	66.16	66.94	66.92	66.05
68.15	69.04	69.02	68.26	68.91	70.10	70.31	69.03	69.00	70.26	70.05	68.87	68.38	69.21	69.46	68.49	66.11	67.04	67.03	66.23	66.71	67.84	67.82	66.61	66.60	67.83	67.82	66.65	66.06	66.80	66.79	65.92
68.36	69.26	69.24	68.51	69.11	70.25	70.00	68.76	68.72	69.94	70.19	69.06	68.65	69.46	69.26	68.29	66.05	66.99	66.99	66.20	66.60	67.68	67.66	66.48	66.46	67.66	67.65	66.54	65.99	66.71	66.69	65.83
68.39	69.28	69.26	68.56	69.12	70.21	69.91	68.70	68.89	70.08	69.89	68.82	68.47	69.27	69.50	68.52	66.01	66.96	66.97	66.18	66.52	67.55	67.54	66.38	66.35	67.52	67.52	66.45	65.95	66.64	66.62	65.76
68.41	69.29	69.28	68.60	69.12	70.17	70.09	68.90	68.87	70.04	70.06	69.03	68.73	69.51	69.54	68.55	65.99	66.94	66.95	66.18	66.47	67.46	67.45	66.31	66.26	67.41	67.42	66.39	65.92	66.58	66.57	65.72
68.42	69.30	69.29	68.64	69.12	70.14	70.07	68.90	68.85	70.00	70.04	69.05	68.79	69.56	69.57	68.57	65.98	66.93	66.94	66.19	66.43	67.38	67.37	66.25	66.20	67.32	67.33	66.34	65.90	66.55	66.53	65.68
68.43	69.31	69.30	68.67	69.13	70.10	70.04	68.89	68.83	69.96	70.00	69.06	68.83	69.58	69.59	68.59	65.97	66.92	66.94	66.20	66.41	67.32	67.30	66.21	66.15	67.25	67.26	66.31	65.90	66.52	66.50	65.66
68.20	69.07	69.07	68.46	68.89	69.82	69.76	68.63	68.81	69.93	69.97	69.06	68.87	69.61	69.60	68.60	65.96	66.92	66.94	66.21	66.39	67.27	67.25	66.17	66.10	67.19	67.20	66.28	65.89	66.49	66.47	65.64
68.18	69.05	69.29	68.69	69.10	70.01	69.95	68.83	68.80	69.90	69.70	68.83	68.66	69.38	69.37	68.38	65.96	66.92	66.94	66.22	66.38	67.22	67.20	66.14	66.06	67.13	67.14	66.25	65.89	66.47	66.45	65.62
68.17	69.04	69.06	68.50	68.88	69.75	69.69	68.59	68.54	69.62	69.89	69.04	68.90	69.61	69.60	68.60	65.96	66.91	66.94	66.24	66.37	67.18	67.16	66.12	66.03	67.08	67.09	66.23	65.89	66.46	66.43	65.61
68.16	69.03	69.04	68.49	68.86	69.70	69.64	68.55	68.74	69.81	69.63	68.82	68.70	69.39	69.37	68.38	65.96	66.91	66.94	66.25	66.36	67.14	67.12	66.09	66.00	67.03	67.05	66.22	65.90	66.44	66.42	65.60
68.16	69.02	69.04	68.50	68.85	69.66	69.60	68.53	68.73	69.79	69.84	69.05	68.70	69.38	69.61	68.61	65.96	66.91	66.94	66.27	66.36	67.11	67.08	66.07	65.97	66.99	67.01	66.21	65.90	66.43	66.40	65.59
68.16	69.01	69.03	68.51	68.84	69.63	69.57	68.51	68.49	69.53	69.83	69.07	68.71	69.37	69.39	68.39	65.96	66.90	66.94	66.28	66.36	67.08	67.05	66.05	65.95	66.95	66.97	66.19	65.91	66.42	66.39	65.58
68.16	69.01	69.03	68.53	68.84	69.60	69.54	68.49	68.69	69.73	69.57	68.84	68.72	69.37	69.61	68.61	65.95	66.90	66.93	66.29	66.36	67.05	67.02	66.03	65.92	66.91	66.94	66.18	65.91	66.41	66.37	65.57
68.16	69.01	69.03	68.54	68.84	69.58	69.51	68.48	68.46	69.48	69.77	69.06	68.74	69.37	69.63	68.63	65.95	66.89	66.93	66.31	66.35	67.03	67.00	66.01	65.90	66.88	66.90	66.17	65.91	66.40	66.36	65.56
68.15	69.00	69.03	68.55	68.84	69.55	69.48	68.46	68.42	69.44	69.53	68.85	68.75	69.37	69.39	68.41	65.95	66.89	66.93	66.32	66.35	67.01	66.97	66.00	65.88	66.84	66.87	66.17	65.92	66.39	66.34	65.55
68.15	69.00	69.03	68.57	68.84	69.53	69.46	68.45	68.40	69.41	69.74	69.08	68.77	69.37	69.61	68.62	65.94	66.88	66.93	66.33	66.36	66.98	66.94	65.98	65.86	66.81	66.84	66.16	65.92	66.38	66.33	65.54
68.15	69.00	69.03	68.58	68.84	69.51	69.44	68.44	68.39	69.38	69.74	69.11	68.79	69.37	69.39	68.41	65.94	66.87	66.92	66.34	66.36	66.96	66.92	65.97	65.84	66.78	66.81	66.15	65.93	66.37	66.32	65.53
68.15	68.99	69.03	68.60	68.85	69.50	69.42	68.42	68.37	69.36	69.49	68.88	68.80	69.37	69.36	68.38	65.93	66.86	66.92	66.35	66.36	66.94	66.90	65.95	65.82	66.74	66.79	66.14	65.93	66.36	66.30	65.52
68.15	68.99	69.03	68.61	68.85	69.48	69.40	68.41	68.36	69.34	69.70	69.11	68.81	69.37	69.35	68.37	65.93	66.85	66.91	66.36	66.36	66.93	66.87	65.94	65.80	66.72	66.76	66.14	65.93	66.34	66.29	65.51
68.15	68.98	69.03	68.63	68.85	69.46	69.38	68.40	68.35	69.32	69.71	69.13	68.83	69.37	69.34	68.37	65.92	66.84	66.91	66.37	66.36	66.91	66.85	65.93	65.78	66.69	66.73	66.13	65.93	66.33	66.28	65.50
68.15	68.98	69.03	68.64	68.86	69.45	69.36	68.39	68.34	69.31	69.46	68.90	68.84	69.37	69.33	68.36	65.92	66.83	66.90	66.37	66.37	66.89	66.83	65.91	65.76	66.66	66.71	66.12	65.94	66.32	66.26	65.49
68.15	68.98	69.03	68.65	68.86	69.44	69.34	68.38	68.33	69.29	69.67	69.13	69.09	69.61	69.32	68.36	65.91	66.82	66.90	66.38	66.37	66.88	66.81	65.90	65.74	66.63	66.68	66.12	65.94	66.31	66.25	65.48
68.15	68.97	69.03	68.67	68.87	69.42	69.32	68.37	68.32	69.28	69.68	69.16	69.13	69.64	69.31	68.35	65.90	66.81	66.89	66.39	66.37	66.86	66.79	65.89	65.72	66.60	66.66	66.11	65.94	66.30	66.24	65.48
68.15	68.97	69.03	68.68	68.88	69.41	69.31	68.36	68.55	69.51	69.43	68.94	69.16	69.65	69.31	68.35	65.90	66.80	66.88	66.39	66.38	66.85	66.78	65.88	65.71	66.58	66.64	66.11	65.94	66.29	66.22	65.47
68.14	68.97	69.03	68.69	68.88	69.40	69.29	68.35	68.58	69.53	69.64	69.16	68.94	69.42	69.30	68.34	65.89	66.79	66.87	66.40	66.38	66.84	66.76	65.86	65.69	66.55	66.62	66.10	65.95	66.28	66.21	65.46
68.14	68.97	69.03	68.70	68.89	69.39	69.28	68.34	68.58	69.53	69.41	68.95	69.17	69.63	69.29	68.34	65.88	66.78	66.87	66.41	66.39	66.83	66.74	65.85	65.67	66.53	66.60	66.10	65.95	66.27	66.20	65.45
68.14	68.96	69.03	68.71	68.89	69.38	69.26	68.33	68.35	69.28	69.63	69.17	68.95	69.40	69.29	68.33	65.88	66.77	66.86	66.41	66.39	66.81	66.73	65.84	65.66	66.51	66.58	66.09	65.95	66.27	66.18	65.44
68.14	68.96	69.03	68.72	68.90	69.37	69.25	68.32	68.55	69.49	69.64	69.20	69.18	69.62	69.28	68.33	65.87	66.76	66.85	66.42	66.39	66.80	66.71	65.83	65.64	66.48	66.56	66.09	65.95	66.26	66.17	65.43
68.14	68.95	69.03	68.73	68.90	69.36	69.23	68.31	68.33	69.25	69.40	68.98	69.21	69.64	69.51	68.56	65.86	66.75	66.84	66.42	66.40	66.79	66.70	65.82	65.63	66.46	66.54	66.09	65.95	66.25	66.16	65.42
68.14	68.95	69.03	68.74	68.91	69.35	69.22	68.31	68.30	69.22	69.61	69.20	68.99	69.40	69.53	68.58	65.85	66.74	66.83	66.42	66.40	66.78	66.68	65.81	65.61	66.44	66.52	66.08	65.95	66.24	66.15	65.41
68.13	68.95	69.03	68.75	68.91	69.34	69.21	68.30	68.28	69.20	69.38	68.98	69.22	69.62	69.54	68.59	65.84	66.72	66.82	66.43	66.40	66.77	66.67	65.80	65.60	66.42	66.50	66.08	65.95	66.23	66.13	65.40
68.13	68.94	69.03	68.76	68.92	69.33	69.20	68.29	68.27	69.19	69.35	68.97	69.00	69.39	69.30	68.36	65.83	66.71	66.82	66.43	66.40	66.76	66.65	65.79	65.58	66.40	66.48	66.07	65.95	66.22	66.12	65.39
68.13	68.93	69.02	68.77	68.92	69.32	69.19	68.29	68.26	69.17	69.33	68.97	68.98	69.36	69.51	68.57	65.82	66.70	66.81	66.43	66.41	66.75	66.64	65.79	65.57	66.38	66.46	66.07	65.95	66.21	66.11	65.38
68.12	68.93	69.02	68.77	68.92	69.31	69.17	68.28	68.25	69.16	69.32	68.97	68.98	69.35	69.27	68.34	65.81	66.68	66.80	66.43	66.41	66.74	66.63	65.78	65.55	66.36	66.45	66.06	65.95	66.20	66.10	65.37
68.12	68.92	69.02	68.78	68.93	69.30	69.16	68.27	68.24	69.15	69.31	68.97	68.98	69.34	69.25	68.32	65.81	66.67	66.79	66.43	66.41	66.73	66.61	65.77	65.54	66.34	66.43	66.06	65.95	66.19	66.08	65.36
68.11	68.92	69.02	68.79	68.93	69.29	69.15	68.26	68.23	69.13	69.30	68.97	68.98	69.33	69.23	68.30	65.80	66.66	66.78	66.44	66.41	66.72	66.60	65.75	65.52	66.32	66.42	66.06	65.95	66.18	66.07	65.36
68.11	68.91	69.02	68.79	68.93	69.29	69.14	68.25	68.23	69.12	69.29	68.97	68.99	69.32	69.21	68.29	65.79	66.64	66.77	66.44	66.41	66.71	66.59	65.74	65.51	66.30	66.40	66.05	65.95	66.17	66.06	65.35
68.11	68.91	69.02	68.80	68.94	69.28	69.12	68.24	68.22	69.11	69.29	68.98	68.99	69.31	69.20	68.28	65.78	66.63	66.76	66.44	66.41	66.70	66.57	65.73	65.50	66.28	66.38	66.05	65.95	66.16	66.05	65.34
68.10	68.90	69.01	68.81	68.94	69.27	69.11	68.23	68.21	69.10	69.28	68.98	68.99	69.30	69.18	68.27	65.77	66.62	66.75	66.44	66.41	66.69	66.56	65.72	65.48	66.26	66.37	66.05	65.95	66.16	66.04	65.33
68.10	68.90	69.01	68.81	68.95	69.26	69.10	68.23	68.20	69.09	69.27	68.98	69.00	69.30	69.17	68.26	65.76	66.61	66.74	66.44	66.41	66.68	66.55	65.71	65.47	66.24	66.35	66.04	65.95	66.15	66.02	65.32
68.10	68.89	69.01	68.82	68.95	69.25	69.09	68.22	68.20	69.08	69.27	68.99	69.00	69.29	69.16	68.25	65.75	66.59	66.73	66.44	66.42	66.67	66.53	65.71	65.46	66.23	66.34	66.04	65.95	66.14	66.01	65.31
68.09	68.89	69.01	68.83	68.95	69.25	69.08	68.21	68.19	69.07	69.26	68.99	69.00	69.28	69.15	68.25	65.74	66.58	66.72	66.44	66.42	66.66	66.52	65.70	65.45	66.21	66.33	66.03	65.95	66.13	66.00	65.30
68.09	68.88	69.01	68.83	68.95	69.24	69.07	68.20	68.18	69.07	69.26	69.00	69.01	69.28	69.14	68.24	65.73	66.57	66.71	66.44	66.42	66.66	66.51	65.69	65.43	66.19	66.31	66.03	65.95	66.12	65.99	65.29
68.08	68.88	69.01	68.84	68.96	69.23	69.06	68.19	68.18	69.06	69.25	69.00	69.01	69.27	69.13	68.23	65.72	66.56	66.71	66.45	66.42	66.65	66.50	65.68	65.42	66.18	66.30	66.03	65.95	66.11	65.98	65.28
68.08	68.87	69.00	68.84	68.96	69.23	69.05	68.19	68.17	69.05	69.25	69.00	69.01	69.27	69.12	68.22	65.71	66.55	66.70	66.45	66.42	66.64	66.49	65.67	65.41	66.16	66.29	66.02	65.95	66.11	65.97	65.28
68.07	68.87	69.00	68.85	68.96	69.22	69.04	68.18	68.16	69.04	69.24	69.01	69.02	69.26	69.11	68.22	65.70	66.53	66.69	66.45	66.42	66.63	66.47	65.66	65.40	66.14	66.27	66.02	65.94	66.10	65.96	65.27
68.07	68.86	69.00	68.85	68.96	69.21	69.03	68.17	68.15	69.03	69.24	69.01	69.02	69.25	69.10	68.21	65.69	66.52	66.68	66.45	66.42	66.62	66.46	65.65	65.38	66.13	66.26	66.02	65.94	66.09	65.95	65.26
68.07	68.86	69.00	68.86	68.97	69.21	69.02	68.16	68.15	69.02	69.23	69.01	69.02	69.25	69.09	68.20	65.68	66.51	66.67	66.45	66.42	66.62	66.45	65.64	65.37	66.11	66.25	66.01	65.94	66.08	65.94	65.25
68.06	68.85	69.00	68.86	68.97	69.20	69.01	68.16	68.14	69.01	69.23	69.02	69.03	69.24	69.08	68.19	65.67	66.50	66.66	66.45	66.42	66.61	66.44	65.63	65.36	66.10	66.24	66.01	65.94	66.08	65.92	65.24
68.06	68.85	69.00	68.87	68.97	69.19	69.00	68.15	68.13	69.00	69.22	69.02	69.03	69.24	69.07	68.18	65.67	66.49	66.65	66.45	66.42	66.60	66.43	65.63	65.35	66.08	66.23	66.01	65.94	66.07	65.91	65.23
68.05	68.84	68.99	68.87	68.97	69.19	68.99	68.14	68.13	68.99	69.22	69.02	69.03	69.23	69.07	68.18	65.66	66.47	66.65	66.45	66.42	66.59	66.42	65.62	65.34	66.07	66.21	66.00	65.94	66.06	65.90	65.22
68.05	68.84	68.99	68.88	68.98	69.18	68.98	68.13	68.12	68.99	69.21	69.03	69.03	69.23	69.06	68.17	65.65	66.46	66.64	66.45	66.42	66.59	66.41	65.61	65.33	66.05	66.20	66.00	65.93	66.05	65.89	65.22
68.04	68.83	68.99	68.88	68.98	69.18	68.97	68.13	68.11	68.98	69.20	69.03	69.03	69.22	69.05	68.16	65.64	66.45	66.63	66.45	66.42	66.58	66.40	65.60	65.32	66.04	66.19	66.00	65.93	66.05	65.88	65.21
68.04	68.83	68.99	68.88	68.98	69.17	68.96	68.12	68.11	68.97	69.20	69.03	69.04	69.21	69.04	68.16	65.63	66.44	66.62	66.44	66.42	66.57	66.39	65.59	65.30	66.02	66.18	65.99	65.93	66.04	65.87	65.20
68.03	68.82	68.99	68.89	68.98	69.17	68.95	68.11	68.10	68.96	69.20	69.03	69.04	69.21	69.03	68.15	65.62	66.43	66.61	66.44	66.42	66.57	66.38	65.58	65.29	66.01	66.17	65.99	65.93	66.03	65.86	65.19
68.03	68.82	68.98	68.89	68.99	69.16	68.94	68.10	68.09	68.95	69.19	69.04	69.04	69.20	69.02	68.14	65.61	66.42	66.61	66.44	66.42	66.56	66.37	65.57	65.28	66.00	66.16	65.99	65.93	66.02	65.85	65.18
68.02	68.81	68.98	68.89	68.99	69.15	68.93	68.10	68.08	68.94	69.19	69.04	69.04	69.20	69.01	68.13	65.60	66.41	66.60	66.44	66.42	66.55	66.36	65.57	65.27	65.99	66.15	65.98	65.93	66.02	65.84	65.18
68.02	68.81	68.98	68.90	68.99	69.15	68.92	68.09	68.08	68.94	69.18	69.04	69.04	69.19	69.00	68.12	65.59	66.39	66.59	66.44	66.42	66.55	66.35	65.56	65.26	65.97	66.14	65.98	65.92	66.01	65.83	65.17
68.01	68.80	68.98	68.90	68.99	69.15	68.92	68.08	68.07	68.93	69.18	69.05	69.05	69.19	68.99	68.12	65.58	66.38	66.58	66.44	66.42	66.54	66.34	65.55	65.25	65.96	66.13	65.97	65.92	66.00	65.82	65.16
68.01	68.80	68.98	68.90	68.99	69.14	68.91	68.08	68.06	68.92	69.17	69.04	69.05	69.18	68.98	68.11	65.57	66.37	66.57	66.44	66.42	66.53	66.33	65.54	65.24	65.95	66.12	65.97	65.92	66.00	65.82	65.15
68.00	68.79	68.97	68.91	68.99	69.13	68.90	68.07	68.06	68.91	69.17	69.04	69.05	69.17	68.97	68.10	65.57	66.36	66.57	66.44	66.42	66.53	66.32	65.53	65.23	65.93	66.11	65.97	65.92	65.99	65.81	65.14
68.00	68.79	68.97	68.91	68.99	69.13	68.89	68.06	68.05	68.90	69.16	69.04	69.05	69.17	68.96	68.09	65.56	66.35	66.56	66.44	66.42	66.52	66.31	65.52	65.22	65.92	66.10	65.96	65.92	65.98	65.80	65.14
68.00	68.78	68.97	68.92	69.00	69.12	68.88	68.05	68.04	68.90	69.16	69.04	69.05	69.17	68.96	68.09	65.55	66.34	66.56	66.44	66.42	66.51	66.30	65.52	65.21	65.91	66.09	65.96	65.91	65.98	65.79	65.13
67.99	68.78	68.97	68.91	68.99	69.12	68.87	68.05	68.04	68.89	69.16	69.05	69.05	69.16	68.95	68.08	65.54	66.33	66.54	66.43	66.42	66.51	66.29	65.51	65.20	65.90	66.08	65.96	65.91	65.97	65.78	65.12
67.98	68.77	68.96	68.92	69.00	69.11	68.87	68.04	68.03	68.88	69.15	69.05	69.05	69.15	68.94	68.07	65.53	66.32	66.54	66.43	66.42	66.50	66.28	65.50	65.19	65.89	66.07	65.95	65.91	65.96	65.77	65.11
67.98	68.76	68.96	68.92	69.00	69.11	68.86	68.03	68.02	68.88	69.15	69.05	69.05	69.15	68.93	68.06	65.52	66.31	66.53	66.43	66.42	66.49	66.27	65.49	65.18	65.87	66.06	65.95	65.91	65.96	65.76	65.10
67.97	68.76	68.96	68.92	69.00	69.10	68.85	68.03	68.02	68.87	69.14	69.05	69.05	69.14	68.92	68.06	65.51	66.30	66.52	66.43	66.42	66.49	66.26	65.48	65.17	65.86	66.05	65.95	65.90	65.95	65.75	65.10
67.97	68.75	68.96	68.92	69.00	69.10	68.84	68.02	68.01	68.86	69.14	69.05	69.05	69.14	68.91	68.05	65.50	66.29	66.52	66.43	66.41	66.48	66.25	65.48	65.16	65.85	66.04	65.94	65.90	65.94	65.74	65.09
67.96	68.75	68.96	68.92	69.00	69.09	68.83	68.01	68.00	68.85	69.13	69.05	69.05	69.13	68.90	68.04	65.50	66.28	66.51	66.43	66.41	66.48	66.24	65.47	65.15	65.84	66.03	65.94	65.90	65.94	65.73	65.08
67.96	68.74	68.95	68.92	69.00	69.09	68.83	68.01	68.23	69.09	69.13	69.05	69.05	69.13	69.14	68.27	65.49	66.27	66.50	66.43	66.41	66.47	66.24	65.46	65.15	65.83	66.03	65.94	65.90	65.93	65.73	65.07
67.96	68.74	68.95	68.93	69.00	69.08	68.82	68.00	68.25	69.11	69.37	69.29	69.29	69.36	69.16	68.29	65.48	66.26	66.50	66.43	66.41	66.46	66.23	65.46	65.14	65.82	66.02	65.93	65.90	65.93	65.72	65.07
67.95	68.74	68.95	68.93	69.00	69.08	68.82	68.00	68.26	69.11	69.40	69.33	69.33	69.39	69.16	68.30	65.47	66.25	66.49	66.42	66.41	66.46	66.22	65.45	65.13	65.81	66.01	65.93	65.89	65.92	65.71	65.06
67.95	68.73	68.95	68.93	69.01	69.08	68.81	67.99	68.26	69.12	69.40	69.34	69.34	69.40	69.17	68.30	65.47	66.25	66.49	66.42	66.41	66.46	66.21	65.44	65.12	65.80	66.00	65.93	65.89	65.91	65.70	65.05
67.95	68.73	68.95	68.94	69.01	69.08	68.80	67.99	68.26	69.12	69.41	69.35	69.35	69.41	69.17	68.30	65.46	66.24	66.48	66.42	66.41	66.45	66.21	65.44	65.11	65.79	65.99	65.92	65.89	65.91	65.69	65.04
67.94	68.73	68.95	68.94	69.01	69.07	68.80	67.98	68.26	69.12	69.41	69.36	69.36	69.41	69.16	68.30	65.45	66.23	66.48	66.42	66.41	66.45	66.20	65.43	65.10	65.78	65.98	65.92	65.89	65.90	65.68	65.04
67.94	68.72	68.95	68.94	69.01	69.07	68.79	67.97	68.26	69.11	69.41	69.36	69.36	69.41	69.16	68.29	65.45	66.22	66.47	66.42	66.41	66.44	66.19	65.42	65.09	65.77	65.98	65.92	65.88	65.90	65.68	65.03
67.93	68.72	68.95	68.94	69.01	69.07	68.79	67.97	68.25	69.11	69.41	69.37	69.37	69.41	69.16	68.29	65.44	66.21	66.47	66.42	66.41	66.44	66.19	65.42	65.08	65.75	65.97	65.91	65.88	65.89	65.67	65.02
68.16	68.95	68.94	68.94	69.01	69.06	68.78	67.96	68.25	69.11	69.41	69.37	69.37	69.40	69.15	68.28	65.43	66.21	66.46	66.42	66.41	66.43	66.18	65.41	65.07	65.74	65.96	65.91	65.88	65.88	65.66	65.02
68.19	68.98	68.94	68.95	69.01	69.06	69.01	68.19	68.25	69.10	69.41	69.37	69.37	69.40	69.15	68.28	65.42	66.20	66.45	66.42	66.41	66.43	66.17	65.40	65.07	65.74	65.95	65.91	65.88	65.88	65.65	65.01
68.20	68.99	68.94	68.95	69.01	69.06	69.04	68.22	68.24	69.10	69.41	69.38	69.37	69.40	69.14	68.27	65.42	66.19	66.45	66.42	66.41	66.42	66.16	65.40	65.06	65.73	65.95	65.90	65.87	65.87	65.64	65.00
68.21	69.00	68.94	68.95	69.26	69.29	69.05	68.23	68.01	68.86	69.41	69.38	69.37	69.40	69.14	68.27	65.41	66.18	66.44	66.42	66.41	66.42	66.15	65.39	65.05	65.72	65.94	65.90	65.87	65.87	65.64	64.99
67.97	68.76	68.94	68.95	69.29	69.32	69.05	68.23	68.21	69.06	69.40	69.38	69.38	69.39	69.13	68.27	65.40	66.17	66.44	66.42	66.41	66.41	66.15	65.38	65.04	65.71	65.93	65.90	65.87	65.86	65.63	64.99
68.18	68.97	68.94	68.95	69.31	69.34	69.06	68.23	68.22	69.07	69.40	69.38	69.38	69.39	69.13	68.26	65.39	66.16	66.43	66.41	66.40	66.41	66.14	65.38	65.03	65.70	65.92	65.89	65.86	65.86	65.62	64.98
68.19	68.98	69.18	69.20	69.07	69.10	68.81	67.99	68.22	69.07	69.40	69.38	69.38	69.39	69.12	68.26	65.39	66.16	66.43	66.41	66.40	66.40	66.13	65.37	65.03	65.69	65.92	65.89	65.86	65.85	65.61	64.97
68.20	68.99	69.21	69.23	69.05	69.08	68.78	67.97	68.21	69.07	69.40	69.38	69.38	69.39	69.11	68.25	65.38	66.15	66.42	66.41	66.40	66.40	66.13	65.36	65.02	65.68	65.91	65.89	65.86	65.85	65.61	64.97
67.96	68.75	69.22	69.25	69.04	69.06	68.76	67.95	68.21	69.06	69.39	69.38	69.38	69.38	69.11	68.24	65.37	66.14	66.42	66.41	66.40	66.39	66.12	65.36	65.01	65.67	65.90	65.88	65.86	65.84	65.60	64.96
67.93	68.72	69.23	69.25	69.04	69.05	68.75	67.93	68.21	69.06	69.15	69.14	69.38	69.38	69.10	68.23	65.37	66.13	66.41	66.41	66.40	66.39	66.11	65.35	65.00	65.66	65.90	65.88	65.85	65.83	65.59	64.95
67.92	68.70	68.99	69.02	69.03	69.04	68.97	68.16	68.20	69.05	69.36	69.35	69.38	69.37	69.09	68.23	65.36	66.12	66.40	66.40	66.40	66.38	66.10	65.34	64.99	65.65	65.89	65.88	65.85	65.83	65.58	64.95
67.90	68.69	69.20	69.24	69.27	69.28	69.00	68.18	68.19	69.05	69.37	69.37	69.38	69.37	69.09	68.22	65.35	66.12	66.40	66.40	66.39	66.38	66.10	65.34	64.99	65.64	65.88	65.87	65.85	65.82	65.58	64.94
68.12	68.92	69.22	69.26	69.30	69.30	69.00	68.18	68.19	69.04	69.37	69.38	69.38	69.37	69.08	68.22	65.34	66.11	66.39	66.40	66.39	66.37	66.09	65.33	64.98	65.63	65.88	65.87	65.85	65.82	65.57	64.93
68.15	68.95	69.23	69.27	69.32	69.31	69.01	68.19	68.18	69.04	69.38	69.38	69.38	69.36	69.08	68.21	65.34	66.10	66.39	66.40	66.39	66.37	66.08	65.32	64.97	65.63	65.87	65.87	65.84	65.81	65.56	64.93
68.16	68.95	68.99	69.03	69.08	69.08	68.77	67.95	68.18	69.03	69.37	69.38	69.38	69.36	69.07	68.21	65.33	66.09	66.38	66.40	66.39	66.36	66.08	65.32	64.96	65.62	65.86	65.86	65.84	65.81	65.56	64.92
68.16	68.96	68.96	69.00	69.30	69.30	68.74	67.92	68.17	69.03	69.37	69.38	69.38	69.36	69.06	68.20	65.32	66.09	66.38	66.39	66.39	66.36	66.07	65.31	64.96	65.61	65.86	65.86	65.84	65.80	65.55	64.91
67.93	68.72	68.95	68.99	69.32	69.31	68.72	67.90	68.17	69.02	69.37	69.38	69.38	69.35	69.06	68.19	65.32	66.08	66.37	66.39	66.39	66.35	66.06	65.30	64.95	65.60	65.85	65.86	65.83	65.80	65.54	64.91
67.90	68.69	68.94	68.98	69.33	69.31	68.71	67.89	68.16	69.02	69.36	69.38	69.14	69.11	69.05	68.19	65.31	66.07	66.37	66.39	66.38	66.35	66.05	65.30	64.94	65.59	65.84	65.85	65.83	65.79	65.54	64.90
67.88	68.67	69.17	69.22	69.09	69.07	68.93	68.11	68.16	69.01	69.36	69.38	69.35	69.31	69.04	68.18	65.30	66.06	66.36	66.39	66.38	66.34	66.05	65.29	64.93	65.58	65.84	65.85	65.83	65.79	65.53	64.89
67.87	68.66	69.19	69.25	69.31	69.29	68.96	68.14	68.15	69.00	69.36	69.38	69.36	69.33	69.04	68.18	65.30	66.06	66.36	66.39	66.38	66.34	66.04	65.28	64.93	65.58	65.83	65.85	65.83	65.78	65.52	64.89
68.09	68.89	69.20	69.26	69.32	69.30	68.96	68.14	68.15	69.00	69.36	69.38	69.37	69.33	69.03	68.17	65.29	66.05	66.35	66.38	66.38	66.33	66.03	65.28	64.92	65.57	65.83	65.84	65.82	65.78	65.52	64.88
68.12	68.92	69.21	69.27	69.33	69.30	68.97	68.15	68.14	68.99	69.35	69.38	69.37	69.33	69.02	68.16	65.28	66.04	66.35	66.38	66.37	66.33	66.03	65.27	64.91	65.56	65.82	65.84	65.82	65.77	65.51	64.88
68.12	68.92	68.97	69.03	69.09	69.06	68.73	67.91	68.14	68.99	69.35	69.38	69.37	69.33	69.02	68.16	65.28	66.04	66.34	66.38	66.37	66.33	66.02	65.26	64.90	65.55	65.81	65.84	65.82	65.77	65.50	64.87
68.13	68.93	69.19	69.25	69.31	69.28	68.94	68.12	67.90	68.74	69.35	69.38	69.37	69.33	69.02	68.16	65.27	66.03	66.34	66.38	66.37	66.32	66.01	65.26	64.90	65.55	65.81	65.83	65.81	65.76	65.50	64.86
67.89	68.69	69.20	69.27	69.32	69.29	68.95	68.13	68.10	68.95	69.10	69.14	69.13	69.08	69.01	68.15	65.26	66.02	66.33	66.37	66.37	66.31	66.01	65.25	64.89	65.54	65.80	65.83	65.81	65.76	65.49	64.86
68.09	68.89	68.97	69.03	69.09	69.05	68.71	67.90	68.11	68.96	69.31	69.35	69.34	69.29	69.00	68.14	65.26	66.01	66.32	66.37	66.37	66.31	66.00	65.25	64.88	65.53	65.80	65.83	65.81	65.75	65.48	64.85
68.11	68.91	69.18	69.25	69.30	69.26	68.68	67.87	68.11	68.96	69.32	69.36	69.35	69.30	69.00	68.14	65.25	66.01	66.32	66.37	66.36	66.31	66.00	65.24	64.88	65.52	65.79	65.82	65.81	65.75	65.48	64.84
68.11	68.91	69.19	69.26	69.32	69.28	68.66	67.85	67.87	68.72	69.08	69.13	69.12	69.06	68.99	68.13	65.24	66.00	66.31	66.36	66.36	66.30	65.99	65.23	64.87	65.52	65.78	65.82	65.80	65.74	65.47	64.84
67.88	68.67	68.96	69.03	69.08	69.04	68.65	67.83	68.07	68.92	69.29	69.34	69.33	69.27	68.98	68.12	65.24	65.99	66.31	66.36	66.36	66.30	65.98	65.23	64.86	65.51	65.78	65.82	65.80	65.74	65.46	64.83
68.08	68.88	69.17	69.25	69.30	69.25	68.64	67.82	68.08	68.93	69.31	69.36	69.35	69.29	68.98	68.12	65.23	65.99	66.30	66.36	66.36	66.29	65.98	65.22	64.86	65.50	65.77	65.81	65.80	65.73	65.46	64.83
68.09	68.90	69.19	69.26	69.32	69.27	68.87	68.05	68.08	68.94	69.31	69.36	69.35	69.29	68.97	68.11	65.22	65.98	66.30	66.36	66.35	66.29	65.97	65.22	64.85	65.49	65.77	65.81	65.79	65.73	65.45	64.82
68.10	68.90	69.19	69.27	69.32	69.27	68.89	68.07	67.85	68.69	69.07	69.12	69.11	69.05	68.97	68.11	65.22	65.97	66.29	66.35	66.35	66.28	65.96	65.21	64.84	65.49	65.76	65.81	65.79	65.72	65.45	64.82
67.86	68.66	68.96	69.04	69.09	69.04	68.90	68.08	68.04	68.89	69.27	69.33	69.32	69.25	68.96	68.10	65.21	65.97	66.29	66.35	66.35	66.28	65.96	65.20	64.84	65.48	65.76	65.80	65.79	65.72	65.44	64.81
68.06	68.87	69.17	69.25	69.30	69.24	68.91	68.08	68.06	68.91	69.29	69.35	69.34	69.27	68.96	68.10	65.20	65.96	66.28	66.35	66.35	66.27	65.95	65.20	64.83	65.47	65.75	65.80	65.78	65.71	65.43	64.80
68.08	68.88	69.18	69.27	69.32	69.26	68.91	68.09	68.06	68.91	69.30	69.36	69.35	69.28	68.95	68.09	65.20	65.95	66.28	66.35	66.34	66.27	65.95	65.19	64.82	65.47	65.74	65.80	65.78	65.71	65.43	64.80
68.08	68.88	69.19	69.27	69.32	69.26	68.67	67.85	68.06	68.91	69.06	69.12	69.11	69.03	68.95	68.09	65.19	65.95	66.27	66.34	66.34	66.26	65.94	65.19	64.82	65.46	65.74	65.79	65.78	65.70	65.42	64.79
67.84	68.64	68.95	69.03	69.08	69.02	68.64	67.82	68.06	68.91	69.27	69.33	69.32	69.24	68.94	68.08	65.19	65.94	66.27	66.34	66.34	66.26	65.93	65.18	64.81	65.45	65.73	65.79	65.78	65.70	65.42	64.79
67.81	68.61	69.16	69.25	69.30	69.23	68.62	67.80	68.05	68.90	69.28	69.35	69.34	69.26	68.94	68.07	65.18	65.94	66.27	66.34	66.34	66.26	65.93	65.17	64.81	65.45	65.73	65.79	65.77	65.70	65.41	64.78
67.80	68.60	69.17	69.26	69.31	69.25	68.84	68.02	68.05	68.90	69.29	69.35	69.34	69.26	68.93	68.07	65.18	65.93	66.26	66.34	66.33	66.25	65.92	65.17	64.80	65.44	65.72	65.78	65.77	65.69	65.40	64.77
67.78	68.58	69.18	69.27	69.32	69.25	68.86	68.04	68.04	68.89	69.05	69.12	69.11	69.02	68.92	68.06	65.17	65.92	66.26	66.33	66.33	66.25	65.92	65.16	64.79	65.43	65.72	65.78	65.77	65.69	65.40	64.77
67.77	68.57	68.93	69.03	69.08	69.01	68.87	68.05	68.04	68.89	69.25	69.32	69.32	69.23	68.92	68.06	65.16	65.92	66.25	66.33	66.33	66.24	65.91	65.16	64.79	65.43	65.71	65.78	65.76	65.68	65.39	64.76
68.00	68.80	69.15	69.24	69.29	69.22	68.87	68.05	68.03	68.88	69.27	69.34	69.33	69.24	68.92	68.06	65.16	65.91	66.25	66.33	66.33	66.24	65.90	65.15	64.78	65.42	65.71	65.77	65.76	65.68	65.39	64.76
68.02	68.83	69.16	69.26	69.31	69.24	68.87	68.05	68.03	68.88	69.27	69.35	69.34	69.25	68.91	68.05	65.15	65.91	66.24	66.33	66.32	66.23	65.90	65.15	64.77	65.41	65.70	65.77	65.76	65.67	65.38	64.75
68.03	68.84	69.17	69.27	69.32	69.24	68.63	67.81	68.02	68.88	69.03	69.11	69.10	69.01	68.67	67.81	65.15	65.90	66.24	66.32	66.32	66.23	65.89	65.14	64.77	65.41	65.70	65.77	65.75	65.67	65.38	64.75
68.04	68.84	68.93	69.03	69.07	69.00	68.60	67.78	68.02	68.87	69.24	69.32	69.31	69.22	68.63	67.78	65.14	65.89	66.23	66.32	66.32	66.22	65.88	65.13	64.76	65.40	65.69	65.76	65.75	65.66	65.37	64.74
67.80	68.61	69.14	69.24	69.29	69.21	68.81	67.99	68.01	68.87	69.25	69.33	69.32	69.23	68.61	67.76	65.13	65.89	66.23	66.32	66.32	66.22	65.88	65.12	64.76	65.39	65.69	65.76	65.75	65.66	65.36	64.74
67.77	68.58	69.15	69.26	69.31	69.22	68.83	68.01	68.01	68.86	69.02	69.10	69.09	68.99	68.60	67.74	65.13	65.88	66.22	66.31	66.31	66.22	65.87	65.12	64.75	65.39	65.68	65.76	65.74	65.66	65.36	64.73
67.76	68.56	69.16	69.26	69.31	69.23	68.84	68.01	68.00	68.86	69.23	69.31	69.30	69.20	68.59	67.73	65.12	65.88	66.22	66.31	66.31	66.21	65.86	65.11	64.75	65.38	65.68	65.75	65.74	65.65	65.35	64.73
67.74	68.55	69.16	69.27	69.31	69.23	68.84	68.01	67.77	68.62	69.00	69.09	69.31	69.21	68.58	67.72	65.12	65.87	66.21	66.31	66.31	66.21	65.86	65.10	64.74	65.38	65.67	65.75	65.74	65.65	65.35	64.72
67.97	68.78	69.16	69.27	69.32	69.23	68.84	68.01	67.72	68.57	68.97	69.06	69.08	68.97	68.57	67.71	65.11	65.86	66.21	66.30	66.30	66.20	65.85	65.10	64.73	65.37	65.67	65.75	65.73	65.64	65.34	64.71
67.96	68.76	69.16	69.27	69.03	68.94	68.84	68.01	67.75	68.60	68.96	69.05	69.35	69.24	68.55	67.71	65.09	65.84	66.20	66.30	66.29	66.18	65.84	65.09	64.73	65.37	65.66	65.74	65.73	65.64	65.34	64.71
67.99	68.80	69.15	69.27	69.28	69.19	68.83	68.00	67.70	68.55	68.95	69.04	69.31	69.21	68.55	67.70	65.09	65.85	66.20	66.30	66.30	66.19	65.84	65.09	64.72	65.36	65.66	65.74	65.73	65.63	65.33	64.70
67.99	68.81	69.15	69.26	69.30	69.21	68.83	68.00	67.69	68.53	68.94	69.04	69.31	69.20	68.55	67.69	65.09	65.84	66.19	66.29	66.30	66.19	65.83	65.08	64.72	65.35	65.65	65.74	65.73	65.63	65.32	64.70
68.00	68.81	69.15	69.26	69.31	69.21	68.82	68.00	67.68	68.52	68.93	69.03	69.31	69.20	68.54	67.69	65.08	65.83	66.19	66.29	66.29	66.19	65.83	65.07	64.71	65.35	65.65	65.73	65.72	65.62	65.32	64.69
67.99	68.81	69.15	69.26	69.31	69.21	68.82	67.99	67.67	68.52	68.93	69.03	69.32	69.20	68.54	67.68	65.08	65.83	66.18	66.29	66.29	66.18	65.82	65.07	64.71	65.34	65.64	65.73	65.72	65.62	65.31	64.69
67.99	68.80	69.14	69.26	69.31	69.21	68.81	67.99	67.66	68.51	68.92	69.02	69.07	68.96	68.53	67.68	65.07	65.82	66.18	66.28	66.29	66.18	65.81	65.06	64.70	65.33	65.64	65.73	65.72	65.62	65.31	64.68
67.99	68.80	69.14	69.26	69.31	69.21	68.81	67.98	67.66	68.50	68.92	69.02	69.04	68.93	68.53	67.67	65.06	65.81	66.17	66.28	66.28	66.17	65.81	65.06	64.69	65.33	65.63	65.72	65.71	65.61	65.30	64.68
67.99	68.80	69.14	69.26	69.31	69.21	68.81	67.98	67.65	68.50	68.91	69.01	69.03	68.91	68.52	67.66	65.06	65.81	66.17	66.28	66.28	66.17	65.80	65.05	64.69	65.32	65.63	65.72	65.71	65.61	65.30	64.67
67.98	68.80	69.14	69.26	69.31	69.20	68.80	67.97	67.65	68.49	68.91	69.01	69.02	68.90	68.51	67.66	65.05	65.80	66.16	66.27	66.28	66.16	65.80	65.05	64.68	65.32	65.62	65.71	65.71	65.60	65.29	64.67
67.98	68.79	69.13	69.25	69.30	69.20	68.80	67.97	67.64	68.49	68.91	69.01	69.01	68.89	68.51	67.65	65.05	65.80	66.16	66.27	66.27	66.16	65.79	65.04	64.68	65.31	65.62	65.71	65.70	65.60	65.29	64.66
67.97	68.79	69.13	69.25	69.30	69.20	68.79	67.97	67.63	68.48	68.90	69.00	69.00	68.88	68.50	67.65	65.04	65.79	66.15	66.27	66.27	66.15	65.79	65.03	64.67	65.30	65.61	65.71	65.70	65.59	65.28	64.66
67.97	68.79	69.13	69.25	69.30	69.19	68.79	67.96	67.63	68.48	68.90	69.00	69.00	68.88	68.50	67.64	65.03	65.79	66.15	66.26	66.26	66.14	65.78	65.03	64.67	65.30	65.61	65.70	65.70	65.59	65.28	64.65
67.97	68.78	69.12	69.25	69.30	69.19	68.79	67.96	67.62	68.47	68.89	69.00	68.99	68.87	68.49	67.64	65.03	65.78	66.14	66.26	66.26	66.14	65.77	65.02	64.66	65.29	65.61	65.70	65.69	65.59	65.27	64.65
67.96	68.78	69.12	69.25	69.29	69.19	68.78	67.95	67.62	68.46	68.89	69.00	68.99	68.87	68.49	67.63	65.02	65.77	66.14	66.26	66.26	66.14	65.77	65.02	64.66	65.29	65.60	65.70	65.69	65.58	65.27	64.64
67.96	68.77	69.12	69.25	69.29	69.18	68.78	67.95	67.61	68.46	68.88	68.99	68.99	68.86	68.48	67.63	65.02	65.77	66.13	66.25	66.25	66.13	65.76	65.01	64.65	65.28	65.60	65.69	65.69	65.58	65.26	64.64
67.95	68.77	69.12	69.24	69.29	69.18	68.77	67.94	67.61	68.45	68.88	68.99	68.98	68.86	68.47	67.62	65.01	65.76	66.13	66.25	66.25	66.13	65.76	65.01	64.64	65.28	65.59	65.69	65.68	65.57	65.26	64.63
67.95	68.77	69.11	69.24	69.29	69.18	68.77	67.94	67.60	68.45	68.88	68.99	68.98	68.85	68.47	67.62	65.01	65.76	66.13	66.25	66.25	66.12	65.75	65.00	64.64	65.27	65.59	65.69	65.68	65.57	65.25	64.63
67.95	68.76	69.11	69.24	69.29	69.17	68.76	67.93	67.60	68.44	68.87	68.98	68.98	68.85	68.46	67.61	65.00	65.75	66.12	66.24	66.24	66.12	65.75	65.00	64.63	65.27	65.58	65.68	65.68	65.56	65.25	64.62
67.94	68.76	69.11	69.24	69.28	69.17	68.76	67.93	67.59	68.44	68.87	68.98	68.97	68.84	68.46	67.61	65.00	65.75	66.12	66.24	66.24	66.11	65.74	64.99	64.63	65.26	65.58	65.68	65.67	65.56	65.24	64.62
67.94	68.75	69.10	69.24	69.28	69.17	68.76	67.92	67.59	68.43	68.86	68.98	68.97	68.84	68.45	67.60	64.99	65.74	66.11	66.24	66.24	66.11	65.74	64.99	64.62	65.26	65.57	65.68	65.67	65.56	65.24	64.61
67.93	68.75	69.10	69.23	69.28	69.16	68.75	67.92	67.58	68.43	68.86	68.98	68.97	68.83	68.45	67.60	64.98	65.73	66.11	66.23	66.23	66.11	65.73	64.98	64.62	65.25	65.57	65.67	65.67	65.55	65.23	64.61
67.93	68.75	69.10	69.23	69.28	69.16	68.75	67.92	67.58	68.42	68.86	68.97	68.96	68.83	68.44	67.59	64.98	65.73	66.10	66.23	66.23	66.10	65.73	64.98	64.61	65.24	65.56	65.67	65.66	65.55	65.23	64.60
67.92	68.74	69.10	69.23	69.28	69.16	68.74	67.91	67.57	68.42	68.85	68.97	68.96	68.83	68.44	67.59	64.97	65.72	66.10	66.23	66.23	66.10	65.72	64.97	64.61	65.24	65.56	65.67	65.66	65.54	65.22	64.60
67.92	68.74	69.09	69.23	69.27	69.15	68.74	67.91	67.57	68.41	68.85	68.97	68.96	68.82	68.43	67.58	64.97	65.72	66.09	66.22	66.22	66.09	65.72	64.97	64.60	65.23	65.56	65.66	65.66	65.54	65.22	64.59
67.92	68.74	69.09	69.23	69.27	69.15	68.73	67.90	67.56	68.41	68.84	68.96	68.96	68.82	68.43	67.58	64.96	65.71	66.09	66.22	66.22	66.09	65.71	64.96	64.60	65.23	65.55	65.66	65.65	65.54	65.21	64.59
67.91	68.73	69.09	69.22	69.27	69.15	68.73	67.90	67.56	68.40	68.84	68.96	68.95	68.81	68.42	67.57	64.96	65.71	66.09	66.22	66.22	66.08	65.71	64.95	64.59	65.22	65.55	65.66	65.65	65.53	65.21	64.58
67.91	68.73	69.08	69.22	69.27	69.14	68.73	67.89	67.55	68.40	68.84	68.96	68.95	68.81	68.42	67.57	64.95	65.70	66.08	66.21	66.21	66.08	65.70	64.95	64.59	65.22	65.54	65.65	65.65	65.53	65.20	64.58
67.90	68.72	69.08	69.22	69.26	69.14	68.72	67.89	67.55	68.39	68.83	68.96	68.95	68.81	68.41	67.56	64.95	65.70	66.08	66.21	66.21	66.08	65.70	64.95	64.58	65.21	65.54	65.65	65.64	65.52	65.20	64.57
67.90	68.72	68.83	68.97	69.02	68.89	68.72	67.89	67.54	68.39	68.83	68.95	68.94	68.80	68.41	67.56	64.94	65.69	66.07	66.21	66.21	66.07	65.69	64.94	64.58	65.21	65.53	65.65	65.64	65.52	65.19	64.57
67.90	68.71	68.80	68.94	68.98	68.86	68.71	67.88	67.54	68.38	68.82	68.95	68.94	68.79	68.40	67.55	64.94	65.69	66.07	66.20	66.20	66.07	65.68	64.94	64.57	65.20	65.53	65.64	65.64	65.52	65.19	64.56
67.89	68.71	68.78	68.92	68.97	68.84	68.71	67.88	67.53	68.38	68.82	68.94	68.93	68.79	68.40	67.55	64.93	65.68	66.06	66.20	66.20	66.06	65.68	64.93	64.57	65.20	65.52	65.64	65.63	65.51	65.18	64.56
