Metric	Core0	Core1	Core2	Core3	Core4	Core5	Core6	Core7	Core8	Core9	Core10	Core11	Core12	Core13	Core14	Core15	Core16	Core17	Core18	Core19	Core20	Core21	Core22	Core23	Core24	Core25	Core26	Core27	Core28	Core29	Core30	Core31
total	2.339	2.338	1000.032	1000.032	1000.032	1000.032	2.969	5.374	1000.032	1000.032	1000.032	1000.032	1000.032	1000.032	1000.032	1000.032	1000.032	1000.032	3600113.839	3600113.839	1000.032	1000.032	1000.032	1000.032	1000.032	1000.032	1000.032	1000.032	1000.032	1000.032	1000.032	1000.032
base	0.250	0.250	0.000	0.000	0.000	0.000	0.250	0.250	0.000	0.000	0.000	0.000	0.000	0.000	0.000	0.000	0.000	0.000	0.000	0.000	0.000	0.000	0.000	0.000	0.000	0.000	0.000	0.000	0.000	0.000	0.000	0.000
dispatch_width	-
rs_full	-
depend	-
depend-int	-
depend-fp	0.138	0.139	0.000	0.000	0.000	0.000	0.140	0.143	0.000	0.000	0.000	0.000	0.000	0.000	0.000	0.000	0.000	0.000	0.000	0.000	0.000	0.000	0.000	0.000	0.000	0.000	0.000	0.000	0.000	0.000	0.000	0.000
depend-branch	-
issue	0.068	0.068	0.000	0.000	0.000	0.000	0.038	0.071	0.000	0.000	0.000	0.000	0.000	0.000	0.000	0.000	0.000	0.000	0.000	0.000	0.000	0.000	0.000	0.000	0.000	0.000	0.000	0.000	0.000	0.000	0.000	0.000
serial	-
smt	-
branch	0.616	0.609	0.000	0.000	0.000	0.000	0.370	0.254	0.000	0.000	0.000	0.000	0.000	0.000	0.000	0.000	0.000	0.000	0.000	0.000	0.000	0.000	0.000	0.000	0.000	0.000	0.000	0.000	0.000	0.000	0.000	0.000
itlb	-
dtlb	-
ifetch	-
mem	-
mem-l1d	-
mem-l2	-
mem-l3	-
mem-l4	-
mem-remote	-
mem-nuca	-
mem-dram-cache	-
mem-dram	1.202	1.209	0.000	0.000	0.000	0.000	0.888	1.100	0.000	0.000	0.000	0.000	0.000	0.000	0.000	0.000	0.000	0.000	0.000	0.000	0.000	0.000	0.000	0.000	0.000	0.000	0.000	0.000	0.000	0.000	0.000	0.000
sync	-
dvfs-transition	-
imbalance	0.000	0.000	1000.032	1000.032	1000.032	1000.032	1.198	3.513	1000.032	1000.032	1000.032	1000.032	1000.032	1000.032	1000.032	1000.032	1000.032	1000.032	3600113.839	3600113.839	1000.032	1000.032	1000.032	1000.032	1000.032	1000.032	1000.032	1000.032	1000.032	1000.032	1000.032	1000.032
other	0.064	0.064	0.000	0.000	0.000	0.000	0.085	0.043	0.000	0.000	0.000	0.000	0.000	0.000	0.000	0.000	0.000	0.000	0.000	0.000	0.000	0.000	0.000	0.000	0.000	0.000	0.000	0.000	0.000	0.000	0.000	0.000
