pcb_LC_0	358.3754
pcb_LC_1	359.8409
pcb_LC_2	360.4775
pcb_LC_3	360.7300
pcb_LC_4	360.7301
pcb_LC_5	360.4779
pcb_LC_6	359.8416
pcb_LC_7	358.3763
pcb_LC_8	358.2614
pcb_LC_9	359.9509
pcb_LC_10	360.7545
pcb_LC_11	361.0847
pcb_LC_12	361.0848
pcb_LC_13	360.7550
pcb_LC_14	359.9518
pcb_LC_15	358.2625
pcb_LC_16	358.2584
pcb_LC_17	359.9454
pcb_LC_18	360.7480
pcb_LC_19	361.0780
pcb_LC_20	361.0783
pcb_LC_21	360.7488
pcb_LC_22	359.9464
pcb_LC_23	358.2595
pcb_LC_24	358.3664
pcb_LC_25	359.8264
pcb_LC_26	360.4612
pcb_LC_27	360.7133
pcb_LC_28	360.7136
pcb_LC_29	360.4619
pcb_LC_30	359.8273
pcb_LC_31	358.3673
solder_LC_0	360.9836
solder_LC_1	361.5222
solder_LC_2	361.8958
solder_LC_3	362.0843
solder_LC_4	362.0841
solder_LC_5	361.8960
solder_LC_6	361.5234
solder_LC_7	360.9851
solder_LC_8	360.7731
solder_LC_9	361.3559
solder_LC_10	361.8152
solder_LC_11	362.0547
solder_LC_12	362.0549
solder_LC_13	361.8159
solder_LC_14	361.3572
solder_LC_15	360.7747
solder_LC_16	360.7663
solder_LC_17	361.3454
solder_LC_18	361.8036
solder_LC_19	362.0432
solder_LC_20	362.0437
solder_LC_21	361.8049
solder_LC_22	361.3469
solder_LC_23	360.7679
solder_LC_24	360.9650
solder_LC_25	361.4957
solder_LC_26	361.8670
solder_LC_27	362.0557
solder_LC_28	362.0566
solder_LC_29	361.8689
solder_LC_30	361.4973
solder_LC_31	360.9666
sub_LC_0	361.4635
sub_LC_1	362.0226
sub_LC_2	362.4298
sub_LC_3	362.6359
sub_LC_4	362.6352
sub_LC_5	362.4295
sub_LC_6	362.0242
sub_LC_7	361.4655
sub_LC_8	360.8360
sub_LC_9	361.4316
sub_LC_10	361.9156
sub_LC_11	362.1685
sub_LC_12	362.1687
sub_LC_13	361.9163
sub_LC_14	361.4330
sub_LC_15	360.8377
sub_LC_16	360.8262
sub_LC_17	361.4187
sub_LC_18	361.9018
sub_LC_19	362.1549
sub_LC_20	362.1556
sub_LC_21	361.9033
sub_LC_22	361.4203
sub_LC_23	360.8279
sub_LC_24	361.4343
sub_LC_25	361.9871
sub_LC_26	362.3921
sub_LC_27	362.5990
sub_LC_28	362.6005
sub_LC_29	362.3951
sub_LC_30	361.9890
sub_LC_31	361.4364
layer_3_LC_0	366.0987
layer_3_LC_1	366.9794
layer_3_LC_2	367.7171
layer_3_LC_3	368.0858
layer_3_LC_4	368.0799
layer_3_LC_5	367.7121
layer_3_LC_6	366.9861
layer_3_LC_7	366.1053
layer_3_LC_8	360.9376
layer_3_LC_9	361.8493
layer_3_LC_10	362.6194
layer_3_LC_11	363.0146
layer_3_LC_12	363.0145
layer_3_LC_13	362.6201
layer_3_LC_14	361.8515
layer_3_LC_15	360.9405
layer_3_LC_16	360.9028
layer_3_LC_17	361.8153
layer_3_LC_18	362.5852
layer_3_LC_19	362.9824
layer_3_LC_20	362.9837
layer_3_LC_21	362.5887
layer_3_LC_22	361.8170
layer_3_LC_23	360.9050
layer_3_LC_24	365.9647
layer_3_LC_25	366.8534
layer_3_LC_26	367.5885
layer_3_LC_27	367.9649
layer_3_LC_28	367.9729
layer_3_LC_29	367.6033
layer_3_LC_30	366.8584
layer_3_LC_31	365.9712
layer_4_TB_0	365.9978
layer_4_TB_1	366.8781
layer_4_TB_2	367.6150
layer_4_TB_3	367.9831
layer_4_TB_4	367.9772
layer_4_TB_5	367.6100
layer_4_TB_6	366.8849
layer_4_TB_7	366.0045
layer_4_TB_8	360.8274
layer_4_TB_9	361.7390
layer_4_TB_10	362.5084
layer_4_TB_11	362.9033
layer_4_TB_12	362.9031
layer_4_TB_13	362.5091
layer_4_TB_14	361.7412
layer_4_TB_15	360.8303
layer_4_TB_16	360.7926
layer_4_TB_17	361.7051
layer_4_TB_18	362.4744
layer_4_TB_19	362.8711
layer_4_TB_20	362.8724
layer_4_TB_21	362.4778
layer_4_TB_22	361.7068
layer_4_TB_23	360.7948
layer_4_TB_24	365.8638
layer_4_TB_25	366.7522
layer_4_TB_26	367.4864
layer_4_TB_27	367.8623
layer_4_TB_28	367.8703
layer_4_TB_29	367.5013
layer_4_TB_30	366.7572
layer_4_TB_31	365.8704
layer_5_B_0	364.9901
layer_5_B_1	365.8666
layer_5_B_2	366.5949
layer_5_B_3	366.9575
layer_5_B_4	366.9514
layer_5_B_5	366.5897
layer_5_B_6	365.8734
layer_5_B_7	364.9967
layer_5_B_8	359.7239
layer_5_B_9	360.6349
layer_5_B_10	361.3979
layer_5_B_11	361.7885
layer_5_B_12	361.7884
layer_5_B_13	361.3986
layer_5_B_14	360.6370
layer_5_B_15	359.7268
layer_5_B_16	359.6900
layer_5_B_17	360.6017
layer_5_B_18	361.3647
layer_5_B_19	361.7572
layer_5_B_20	361.7584
layer_5_B_21	361.3680
layer_5_B_22	360.6034
layer_5_B_23	359.6921
layer_5_B_24	364.8562
layer_5_B_25	365.7411
layer_5_B_26	366.4666
layer_5_B_27	366.8370
layer_5_B_28	366.8451
layer_5_B_29	366.4816
layer_5_B_30	365.7459
layer_5_B_31	364.8627
layer_6_TB_0	364.7789
layer_6_TB_1	365.6555
layer_6_TB_2	366.3828
layer_6_TB_3	366.7449
layer_6_TB_4	366.7392
layer_6_TB_5	366.3779
layer_6_TB_6	365.6622
layer_6_TB_7	364.7856
layer_6_TB_8	359.5657
layer_6_TB_9	360.4771
layer_6_TB_10	361.2393
layer_6_TB_11	361.6293
layer_6_TB_12	361.6293
layer_6_TB_13	361.2400
layer_6_TB_14	360.4792
layer_6_TB_15	359.5685
layer_6_TB_16	359.5319
layer_6_TB_17	360.4441
layer_6_TB_18	361.2062
layer_6_TB_19	361.5982
layer_6_TB_20	361.5994
layer_6_TB_21	361.2095
layer_6_TB_22	360.4457
layer_6_TB_23	359.5340
layer_6_TB_24	364.6462
layer_6_TB_25	365.5308
layer_6_TB_26	366.2554
layer_6_TB_27	366.6254
layer_6_TB_28	366.6332
layer_6_TB_29	366.2701
layer_6_TB_30	365.5355
layer_6_TB_31	364.6525
layer_7_B_32	362.6684
layer_7_B_33	363.5455
layer_7_B_34	364.2623
layer_7_B_35	364.6203
layer_7_B_36	364.6177
layer_7_B_37	364.2605
layer_7_B_38	363.5508
layer_7_B_39	362.6750
layer_7_B_40	357.9818
layer_7_B_41	358.8978
layer_7_B_42	359.6523
layer_7_B_43	360.0367
layer_7_B_44	360.0368
layer_7_B_45	359.6532
layer_7_B_46	358.8998
layer_7_B_47	357.9845
layer_7_B_48	357.9498
layer_7_B_49	358.8664
layer_7_B_50	359.6208
layer_7_B_51	360.0071
layer_7_B_52	360.0081
layer_7_B_53	359.6239
layer_7_B_54	358.8678
layer_7_B_55	357.9517
layer_7_B_56	362.5470
layer_7_B_57	363.4295
layer_7_B_58	364.1449
layer_7_B_59	364.5109
layer_7_B_60	364.5155
layer_7_B_61	364.1565
layer_7_B_62	363.4322
layer_7_B_63	362.5518
layer_8_TB_0	362.4207
layer_8_TB_1	363.2983
layer_8_TB_2	364.0138
layer_8_TB_3	364.3711
layer_8_TB_4	364.3689
layer_8_TB_5	364.0123
layer_8_TB_6	363.3034
layer_8_TB_7	362.4273
layer_8_TB_8	357.7772
layer_8_TB_9	358.6942
layer_8_TB_10	359.4478
layer_8_TB_11	359.8315
layer_8_TB_12	359.8316
layer_8_TB_13	359.4486
layer_8_TB_14	358.6961
layer_8_TB_15	357.7799
layer_8_TB_16	357.7454
layer_8_TB_17	358.6629
layer_8_TB_18	359.4165
layer_8_TB_19	359.8021
layer_8_TB_20	359.8031
layer_8_TB_21	359.4195
layer_8_TB_22	358.6643
layer_8_TB_23	357.7473
layer_8_TB_24	362.3004
layer_8_TB_25	363.1830
layer_8_TB_26	363.8973
layer_8_TB_27	364.2627
layer_8_TB_28	364.2670
layer_8_TB_29	363.9087
layer_8_TB_30	363.1856
layer_8_TB_31	362.3049
layer_9_B_64	359.9441
layer_9_B_65	360.8268
layer_9_B_66	361.5297
layer_9_B_67	361.8809
layer_9_B_68	361.8817
layer_9_B_69	361.5313
layer_9_B_70	360.8305
layer_9_B_71	359.9507
layer_9_B_72	355.7298
layer_9_B_73	356.6568
layer_9_B_74	357.4014
layer_9_B_75	357.7781
layer_9_B_76	357.7784
layer_9_B_77	357.4024
layer_9_B_78	356.6586
layer_9_B_79	355.7323
layer_9_B_80	355.7003
layer_9_B_81	356.6278
layer_9_B_82	357.3723
layer_9_B_83	357.7508
layer_9_B_84	357.7516
layer_9_B_85	357.3750
layer_9_B_86	356.6289
layer_9_B_87	355.7020
layer_9_B_88	359.8347
layer_9_B_89	360.7197
layer_9_B_90	361.4227
layer_9_B_91	361.7822
layer_9_B_92	361.7833
layer_9_B_93	361.4312
layer_9_B_94	360.7203
layer_9_B_95	359.8376
layer_10_TB_0	359.6604
layer_10_TB_1	360.5441
layer_10_TB_2	361.2455
layer_10_TB_3	361.5959
layer_10_TB_4	361.5970
layer_10_TB_5	361.2474
layer_10_TB_6	360.5476
layer_10_TB_7	359.6671
layer_10_TB_8	355.4804
layer_10_TB_9	356.4091
layer_10_TB_10	357.1525
layer_10_TB_11	357.5284
layer_10_TB_12	357.5287
layer_10_TB_13	357.1535
layer_10_TB_14	356.4108
layer_10_TB_15	355.4829
layer_10_TB_16	355.4513
layer_10_TB_17	356.3802
layer_10_TB_18	357.1238
layer_10_TB_19	357.5014
layer_10_TB_20	357.5021
layer_10_TB_21	357.1264
layer_10_TB_22	356.3814
layer_10_TB_23	355.4529
layer_10_TB_24	359.5520
layer_10_TB_25	360.4378
layer_10_TB_26	361.1394
layer_10_TB_27	361.4981
layer_10_TB_28	361.4989
layer_10_TB_29	361.1476
layer_10_TB_30	360.4381
layer_10_TB_31	359.5548
layer_11_B_96	356.8243
layer_11_B_97	357.7178
layer_11_B_98	358.4044
layer_11_B_99	358.7467
layer_11_B_100	358.7508
layer_11_B_101	358.4093
layer_11_B_102	357.7199
layer_11_B_103	356.8310
layer_11_B_104	352.9860
layer_11_B_105	353.9305
layer_11_B_106	354.6635
layer_11_B_107	355.0310
layer_11_B_108	355.0315
layer_11_B_109	354.6646
layer_11_B_110	353.9320
layer_11_B_111	352.9883
layer_11_B_112	352.9598
layer_11_B_113	353.9044
layer_11_B_114	354.6376
layer_11_B_115	355.0067
layer_11_B_116	355.0071
layer_11_B_117	354.6398
layer_11_B_118	353.9053
layer_11_B_119	352.9612
layer_11_B_120	356.7264
layer_11_B_121	357.6193
layer_11_B_122	358.3071
layer_11_B_123	358.6583
layer_11_B_124	358.6559
layer_11_B_125	358.3127
layer_11_B_126	357.6175
layer_11_B_127	356.7275
layer_12_TB_0	356.5057
layer_12_TB_1	357.4007
layer_12_TB_2	358.0855
layer_12_TB_3	358.4269
layer_12_TB_4	358.4313
layer_12_TB_5	358.0908
layer_12_TB_6	357.4026
layer_12_TB_7	356.5124
layer_12_TB_8	352.6935
layer_12_TB_9	353.6403
layer_12_TB_10	354.3721
layer_12_TB_11	354.7386
layer_12_TB_12	354.7391
layer_12_TB_13	354.3732
layer_12_TB_14	353.6418
layer_12_TB_15	352.6958
layer_12_TB_16	352.6677
layer_12_TB_17	353.6145
layer_12_TB_18	354.3465
layer_12_TB_19	354.7146
layer_12_TB_20	354.7150
layer_12_TB_21	354.3487
layer_12_TB_22	353.6154
layer_12_TB_23	352.6690
layer_12_TB_24	356.4088
layer_12_TB_25	357.3029
layer_12_TB_26	357.9891
layer_12_TB_27	358.3393
layer_12_TB_28	358.3366
layer_12_TB_29	357.9944
layer_12_TB_30	357.3009
layer_12_TB_31	356.4098
layer_13_B_128	353.3203
layer_13_B_129	354.2301
layer_13_B_130	354.8977
layer_13_B_131	355.2291
layer_13_B_132	355.2366
layer_13_B_133	354.9061
layer_13_B_134	354.2306
layer_13_B_135	353.3272
layer_13_B_136	349.7684
layer_13_B_137	350.7373
layer_13_B_138	351.4572
layer_13_B_139	351.8138
layer_13_B_140	351.8144
layer_13_B_141	351.4583
layer_13_B_142	350.7386
layer_13_B_143	349.7704
layer_13_B_144	349.7460
layer_13_B_145	350.7149
layer_13_B_146	351.4349
layer_13_B_147	351.7929
layer_13_B_148	351.7932
layer_13_B_149	351.4367
layer_13_B_150	350.7155
layer_13_B_151	349.7471
layer_13_B_152	353.2334
layer_13_B_153	354.1397
layer_13_B_154	354.8098
layer_13_B_155	355.1507
layer_13_B_156	355.1446
layer_13_B_157	354.8125
layer_13_B_158	354.1355
layer_13_B_159	353.2328
layer_14_TB_0	352.8949
layer_14_TB_1	353.8065
layer_14_TB_2	354.4723
layer_14_TB_3	354.8023
layer_14_TB_4	354.8097
layer_14_TB_5	354.4805
layer_14_TB_6	353.8070
layer_14_TB_7	352.9016
layer_14_TB_8	349.4345
layer_14_TB_9	350.4063
layer_14_TB_10	351.1248
layer_14_TB_11	351.4803
layer_14_TB_12	351.4809
layer_14_TB_13	351.1259
layer_14_TB_14	350.4075
layer_14_TB_15	349.4365
layer_14_TB_16	349.4125
layer_14_TB_17	350.3843
layer_14_TB_18	351.1029
layer_14_TB_19	351.4598
layer_14_TB_20	351.4600
layer_14_TB_21	351.1046
layer_14_TB_22	350.3849
layer_14_TB_23	349.4136
layer_14_TB_24	352.8098
layer_14_TB_25	353.7180
layer_14_TB_26	354.3862
layer_14_TB_27	354.7255
layer_14_TB_28	354.7196
layer_14_TB_29	354.3889
layer_14_TB_30	353.7139
layer_14_TB_31	352.8093
layer_15_B_160	348.6413
layer_15_B_161	349.5714
layer_15_B_162	350.2189
layer_15_B_163	350.5354
layer_15_B_164	350.5410
layer_15_B_165	350.2252
layer_15_B_166	349.5720
layer_15_B_167	348.6465
layer_15_B_168	346.0947
layer_15_B_169	347.0956
layer_15_B_170	347.8004
layer_15_B_171	348.1447
layer_15_B_172	348.1453
layer_15_B_173	347.8015
layer_15_B_174	347.0966
layer_15_B_175	346.0963
layer_15_B_176	346.0767
layer_15_B_177	347.0774
layer_15_B_178	347.7824
layer_15_B_179	348.1278
layer_15_B_180	348.1279
layer_15_B_181	347.7837
layer_15_B_182	347.0779
layer_15_B_183	346.0776
layer_15_B_184	348.5745
layer_15_B_185	349.5018
layer_15_B_186	350.1511
layer_15_B_187	350.4745
layer_15_B_188	350.4702
layer_15_B_189	350.1531
layer_15_B_190	349.4988
layer_15_B_191	348.5741
layer_16_TB_0	348.1831
layer_16_TB_1	349.1156
layer_16_TB_2	349.7609
layer_16_TB_3	350.0759
layer_16_TB_4	350.0813
layer_16_TB_5	349.7671
layer_16_TB_6	349.1162
layer_16_TB_7	348.1881
layer_16_TB_8	345.7222
layer_16_TB_9	346.7268
layer_16_TB_10	347.4301
layer_16_TB_11	347.7731
layer_16_TB_12	347.7736
layer_16_TB_13	347.4311
layer_16_TB_14	346.7278
layer_16_TB_15	345.7239
layer_16_TB_16	345.7047
layer_16_TB_17	346.7091
layer_16_TB_18	347.4125
layer_16_TB_19	347.7566
layer_16_TB_20	347.7567
layer_16_TB_21	347.4138
layer_16_TB_22	346.7095
layer_16_TB_23	345.7055
layer_16_TB_24	348.1180
layer_16_TB_25	349.0478
layer_16_TB_26	349.6949
layer_16_TB_27	350.0166
layer_16_TB_28	350.0124
layer_16_TB_29	349.6968
layer_16_TB_30	349.0449
layer_16_TB_31	348.1176
layer_17_B_192	343.6007
layer_17_B_193	344.5576
layer_17_B_194	345.1817
layer_17_B_195	345.4813
layer_17_B_196	345.4850
layer_17_B_197	345.1860
layer_17_B_198	344.5581
layer_17_B_199	343.6043
layer_17_B_200	341.9973
layer_17_B_201	343.0386
layer_17_B_202	343.7262
layer_17_B_203	344.0566
layer_17_B_204	344.0571
layer_17_B_205	343.7271
layer_17_B_206	343.0393
layer_17_B_207	341.9985
layer_17_B_208	341.9841
layer_17_B_209	343.0251
layer_17_B_210	343.7128
layer_17_B_211	344.0440
layer_17_B_212	344.0440
layer_17_B_213	343.7138
layer_17_B_214	343.0254
layer_17_B_215	341.9847
layer_17_B_216	343.5536
layer_17_B_217	344.5084
layer_17_B_218	345.1336
layer_17_B_219	345.4378
layer_17_B_220	345.4349
layer_17_B_221	345.1349
layer_17_B_222	344.5064
layer_17_B_223	343.5534
layer_18_TB_0	343.1105
layer_18_TB_1	344.0704
layer_18_TB_2	344.6920
layer_18_TB_3	344.9899
layer_18_TB_4	344.9936
layer_18_TB_5	344.6962
layer_18_TB_6	344.0710
layer_18_TB_7	343.1140
layer_18_TB_8	341.5892
layer_18_TB_9	342.6350
layer_18_TB_10	343.3209
layer_18_TB_11	343.6499
layer_18_TB_12	343.6503
layer_18_TB_13	343.3218
layer_18_TB_14	342.6358
layer_18_TB_15	341.5904
layer_18_TB_16	341.5765
layer_18_TB_17	342.6220
layer_18_TB_18	343.3080
layer_18_TB_19	343.6377
layer_18_TB_20	343.6377
layer_18_TB_21	343.3089
layer_18_TB_22	342.6223
layer_18_TB_23	341.5771
layer_18_TB_24	343.0652
layer_18_TB_25	344.0230
layer_18_TB_26	344.6458
layer_18_TB_27	344.9480
layer_18_TB_28	344.9453
layer_18_TB_29	344.6470
layer_18_TB_30	344.0211
layer_18_TB_31	343.0650
layer_19_B_224	338.2084
layer_19_B_225	339.1991
layer_19_B_226	339.7962
layer_19_B_227	340.0769
layer_19_B_228	340.0790
layer_19_B_229	339.7987
layer_19_B_230	339.1996
layer_19_B_231	338.2105
layer_19_B_232	337.5083
layer_19_B_233	338.5994
layer_19_B_234	339.2675
layer_19_B_235	339.5824
layer_19_B_236	339.5827
layer_19_B_237	339.2681
layer_19_B_238	338.5999
layer_19_B_239	337.5091
layer_19_B_240	337.5001
layer_19_B_241	338.5909
layer_19_B_242	339.2590
layer_19_B_243	339.5744
layer_19_B_244	339.5744
layer_19_B_245	339.2595
layer_19_B_246	338.5911
layer_19_B_247	337.5006
layer_19_B_248	338.1809
layer_19_B_249	339.1701
layer_19_B_250	339.7676
layer_19_B_251	340.0507
layer_19_B_252	340.0492
layer_19_B_253	339.7684
layer_19_B_254	339.1690
layer_19_B_255	338.1808
layer_20_TB_0	337.6873
layer_20_TB_1	338.6818
layer_20_TB_2	339.2760
layer_20_TB_3	339.5548
layer_20_TB_4	339.5567
layer_20_TB_5	339.2783
layer_20_TB_6	338.6823
layer_20_TB_7	337.6892
layer_20_TB_8	337.0676
layer_20_TB_9	338.1641
layer_20_TB_10	338.8301
layer_20_TB_11	339.1436
layer_20_TB_12	339.1439
layer_20_TB_13	338.8307
layer_20_TB_14	338.1647
layer_20_TB_15	337.0683
layer_20_TB_16	337.0599
layer_20_TB_17	338.1561
layer_20_TB_18	338.8221
layer_20_TB_19	339.1359
layer_20_TB_20	339.1359
layer_20_TB_21	338.8226
layer_20_TB_22	338.1563
layer_20_TB_23	337.0603
layer_20_TB_24	337.6616
layer_20_TB_25	338.6545
layer_20_TB_26	339.2492
layer_20_TB_27	339.5302
layer_20_TB_28	339.5289
layer_20_TB_29	339.2499
layer_20_TB_30	338.6536
layer_20_TB_31	337.6615
hsp_TB_0	332.4761
hsp_TB_1	333.5086
hsp_TB_2	334.0745
hsp_TB_3	334.3343
hsp_TB_4	334.3347
hsp_TB_5	334.0751
hsp_TB_6	333.5089
hsp_TB_7	332.4767
hsp_TB_8	332.6599
hsp_TB_9	333.8115
hsp_TB_10	334.4569
hsp_TB_11	334.7551
hsp_TB_12	334.7552
hsp_TB_13	334.4573
hsp_TB_14	333.8118
hsp_TB_15	332.6603
hsp_TB_16	332.6570
hsp_TB_17	333.8081
hsp_TB_18	334.4535
hsp_TB_19	334.7516
hsp_TB_20	334.7517
hsp_TB_21	334.4537
hsp_TB_22	333.8082
hsp_TB_23	332.6572
hsp_TB_24	332.4681
hsp_TB_25	333.4995
hsp_TB_26	334.0653
hsp_TB_27	334.3254
hsp_TB_28	334.3252
hsp_TB_29	334.0654
hsp_TB_30	333.4994
hsp_TB_31	332.4682
hsink_TB_0	330.6290
hsink_TB_1	331.5037
hsink_TB_2	332.0320
hsink_TB_3	332.2802
hsink_TB_4	332.2803
hsink_TB_5	332.0322
hsink_TB_6	331.5039
hsink_TB_7	330.6292
hsink_TB_8	330.8924
hsink_TB_9	331.8871
hsink_TB_10	332.4949
hsink_TB_11	332.7815
hsink_TB_12	332.7816
hsink_TB_13	332.4951
hsink_TB_14	331.8873
hsink_TB_15	330.8926
hsink_TB_16	330.8914
hsink_TB_17	331.8858
hsink_TB_18	332.4935
hsink_TB_19	332.7801
hsink_TB_20	332.7801
hsink_TB_21	332.4936
hsink_TB_22	331.8859
hsink_TB_23	330.8915
hsink_TB_24	330.6264
hsink_TB_25	331.5004
hsink_TB_26	332.0286
hsink_TB_27	332.2767
hsink_TB_28	332.2767
hsink_TB_29	332.0287
hsink_TB_30	331.5005
hsink_TB_31	330.6265
inode_0	328.0948
inode_1	328.0949
inode_2	328.7896
inode_3	328.7930
inode_4	328.0501
inode_5	328.0502
inode_6	328.7523
inode_7	328.7557
inode_8	326.6609
inode_9	326.6610
inode_10	327.0717
inode_11	327.0746
inode_12	360.5656
inode_13	360.5671
inode_14	360.4605
inode_15	360.4856
inode_16	360.5412
inode_17	360.5427
inode_18	360.4518
inode_19	360.4768
inode_20	356.0652
inode_21	356.0662
inode_22	359.1453
inode_23	359.1669
inode_24	343.4447
inode_25	343.4453
inode_26	343.8755
inode_27	343.8891
