pcb_C_0	327.4341
pcb_C_1	328.1030
pcb_C_2	328.3655
pcb_C_3	328.4719
pcb_C_4	328.4749
pcb_C_5	328.3690
pcb_C_6	328.1022
pcb_C_7	327.4319
pcb_C_8	327.1244
pcb_C_9	327.6992
pcb_C_10	327.9837
pcb_C_11	328.1073
pcb_C_12	328.1074
pcb_C_13	327.9831
pcb_C_14	327.6995
pcb_C_15	327.1240
pcb_C_16	326.6640
pcb_C_17	326.9059
pcb_C_18	327.0888
pcb_C_19	327.1850
pcb_C_20	327.1845
pcb_C_21	327.0877
pcb_C_22	326.9060
pcb_C_23	326.6638
pcb_C_24	326.3315
pcb_C_25	326.3208
pcb_C_26	326.3957
pcb_C_27	326.4506
pcb_C_28	326.4504
pcb_C_29	326.3952
pcb_C_30	326.3206
pcb_C_31	326.3310
solder_C_0	327.8113
solder_C_1	328.4279
solder_C_2	328.6591
solder_C_3	328.7668
solder_C_4	328.7740
solder_C_5	328.6673
solder_C_6	328.4254
solder_C_7	327.8063
solder_C_8	327.4487
solder_C_9	327.9693
solder_C_10	328.2558
solder_C_11	328.3825
solder_C_12	328.3818
solder_C_13	328.2525
solder_C_14	327.9710
solder_C_15	327.4492
solder_C_16	326.6841
solder_C_17	326.8431
solder_C_18	327.0361
solder_C_19	327.1405
solder_C_20	327.1396
solder_C_21	327.0343
solder_C_22	326.8435
solder_C_23	326.6841
solder_C_24	326.2702
solder_C_25	326.1752
solder_C_26	326.2620
solder_C_27	326.3263
solder_C_28	326.3260
solder_C_29	326.2615
solder_C_30	326.1750
solder_C_31	326.2698
sub_C_0	327.9214
sub_C_1	328.5384
sub_C_2	328.7532
sub_C_3	328.8634
sub_C_4	328.8733
sub_C_5	328.7645
sub_C_6	328.5343
sub_C_7	327.9145
sub_C_8	327.5455
sub_C_9	328.0771
sub_C_10	328.3720
sub_C_11	328.4996
sub_C_12	328.4980
sub_C_13	328.3662
sub_C_14	328.0802
sub_C_15	327.5469
sub_C_16	326.5923
sub_C_17	326.7833
sub_C_18	326.9868
sub_C_19	327.0944
sub_C_20	327.0935
sub_C_21	326.9849
sub_C_22	326.7837
sub_C_23	326.5924
sub_C_24	326.1584
sub_C_25	326.1042
sub_C_26	326.2031
sub_C_27	326.2712
sub_C_28	326.2709
sub_C_29	326.2025
sub_C_30	326.1040
sub_C_31	326.1580
layer_3_C_0	328.9287
layer_3_C_1	329.6087
layer_3_C_2	329.6490
layer_3_C_3	329.7835
layer_3_C_4	329.8211
layer_3_C_5	329.6928
layer_3_C_6	329.5892
layer_3_C_7	328.9027
layer_3_C_8	328.4703
layer_3_C_9	329.1553
layer_3_C_10	329.5385
layer_3_C_11	329.6745
layer_3_C_12	329.6620
layer_3_C_13	329.5064
layer_3_C_14	329.1727
layer_3_C_15	328.4820
layer_3_C_16	325.6631
layer_3_C_17	326.1665
layer_3_C_18	326.4714
layer_3_C_19	326.6114
layer_3_C_20	326.6105
layer_3_C_21	326.4695
layer_3_C_22	326.1671
layer_3_C_23	325.6636
layer_3_C_24	325.0905
layer_3_C_25	325.4050
layer_3_C_26	325.6197
layer_3_C_27	325.7246
layer_3_C_28	325.7244
layer_3_C_29	325.6193
layer_3_C_30	325.4049
layer_3_C_31	325.0904
layer_4_TB_0	328.7536
layer_4_TB_1	329.4342
layer_4_TB_2	329.4934
layer_4_TB_3	329.6278
layer_4_TB_4	329.6630
layer_4_TB_5	329.5344
layer_4_TB_6	329.4160
layer_4_TB_7	328.7293
layer_4_TB_8	328.3136
layer_4_TB_9	328.9992
layer_4_TB_10	329.3802
layer_4_TB_11	329.5176
layer_4_TB_12	329.5061
layer_4_TB_13	329.3504
layer_4_TB_14	329.0154
layer_4_TB_15	328.3244
layer_4_TB_16	325.6612
layer_4_TB_17	326.1650
layer_4_TB_18	326.4699
layer_4_TB_19	326.6100
layer_4_TB_20	326.6092
layer_4_TB_21	326.4681
layer_4_TB_22	326.1656
layer_4_TB_23	325.6616
layer_4_TB_24	325.0893
layer_4_TB_25	325.4041
layer_4_TB_26	325.6189
layer_4_TB_27	325.7239
layer_4_TB_28	325.7237
layer_4_TB_29	325.6185
layer_4_TB_30	325.4040
layer_4_TB_31	325.0891
hsp_TB_0	327.0031
hsp_TB_1	327.6889
hsp_TB_2	327.9376
hsp_TB_3	328.0708
hsp_TB_4	328.0821
hsp_TB_5	327.9506
hsp_TB_6	327.6839
hsp_TB_7	326.9947
hsp_TB_8	326.7465
hsp_TB_9	327.4385
hsp_TB_10	327.7974
hsp_TB_11	327.9488
hsp_TB_12	327.9465
hsp_TB_13	327.7904
hsp_TB_14	327.4423
hsp_TB_15	326.7487
hsp_TB_16	325.6413
hsp_TB_17	326.1497
hsp_TB_18	326.4556
hsp_TB_19	326.5960
hsp_TB_20	326.5952
hsp_TB_21	326.4539
hsp_TB_22	326.1503
hsp_TB_23	325.6417
hsp_TB_24	325.0768
hsp_TB_25	325.3958
hsp_TB_26	325.6115
hsp_TB_27	325.7168
hsp_TB_28	325.7166
hsp_TB_29	325.6111
hsp_TB_30	325.3957
hsp_TB_31	325.0766
hsink_TB_0	326.2990
hsink_TB_1	326.9591
hsink_TB_2	327.2691
hsink_TB_3	327.4054
hsink_TB_4	327.4090
hsink_TB_5	327.2732
hsink_TB_6	326.9579
hsink_TB_7	326.2960
hsink_TB_8	326.1431
hsink_TB_9	326.8116
hsink_TB_10	327.1685
hsink_TB_11	327.3245
hsink_TB_12	327.3245
hsink_TB_13	327.1676
hsink_TB_14	326.8121
hsink_TB_15	326.1429
hsink_TB_16	325.5673
hsink_TB_17	326.0727
hsink_TB_18	326.3779
hsink_TB_19	326.5188
hsink_TB_20	326.5184
hsink_TB_21	326.3769
hsink_TB_22	326.0729
hsink_TB_23	325.5674
hsink_TB_24	325.0643
hsink_TB_25	325.3846
hsink_TB_26	325.6006
hsink_TB_27	325.7059
hsink_TB_28	325.7057
hsink_TB_29	325.6002
hsink_TB_30	325.3845
hsink_TB_31	325.0641
inode_0	324.5726
inode_1	324.5718
inode_2	323.9926
inode_3	325.4010
inode_4	324.5582
inode_5	324.5574
inode_6	323.9854
inode_7	325.3890
inode_8	323.9812
inode_9	323.9805
inode_10	323.3141
inode_11	324.5563
inode_12	326.9805
inode_13	326.9793
inode_14	325.9905
inode_15	328.1155
inode_16	326.9783
inode_17	326.9771
inode_18	325.9904
inode_19	328.1147
inode_20	326.4144
inode_21	326.4135
inode_22	325.9364
inode_23	328.0087
inode_24	324.4847
inode_25	324.4841
inode_26	323.7243
inode_27	325.2079
