C_0	C_1	C_2	C_3	C_4	C_5	C_6	C_7	C_8	C_9	C_10	C_11	C_12	C_13	C_14	C_15	C_16	C_17	C_18	C_19	C_20	C_21	C_22	C_23	C_24	C_25	C_26	C_27	C_28	C_29	C_30	C_31	
3.98147	3.98148	3.98186	3.98093	3.98087	3.98183	3.98126	3.98162	3.9817	3.98121	3.9816	3.98098	3.98205	3.98128	3.98121	3.982	9.91477	9.91175	9.91385	9.9124	9.91294	9.91215	9.91206	9.91347	9.91455	9.91128	9.91254	9.91426	9.91497	9.91185	9.91269	9.91421	
3.8953	3.8953	3.89546	3.89548	3.89546	3.89545	3.89541	3.89529	3.89536	3.89542	3.89529	3.89544	3.89541	3.8954	3.89542	3.89542	7.73204	7.73105	7.72756	7.72834	7.72622	7.72948	7.72815	7.73077	7.73236	7.72899	7.73072	7.72855	7.73014	7.72965	7.72749	7.73262	
3.87327	3.87322	3.87734	3.87696	3.87697	3.87735	3.87743	3.87682	3.87398	3.87695	3.87681	3.87696	3.87386	3.87742	3.87695	3.87581	8.55937	8.55999	8.55999	8.55997	8.56053	8.56006	8.56026	8.55961	8.55106	8.55997	8.56007	8.56001	8.55954	8.56008	8.56031	8.50585	
3.96537	3.96568	3.96559	3.96581	3.96579	3.96553	3.96529	3.96587	3.96594	3.96591	3.9659	3.96581	3.96383	3.96531	3.96591	3.96526	8.7552	8.75645	8.7576	8.75822	8.75811	8.75779	8.75828	8.75621	8.75791	8.7582	8.75633	8.75656	8.75614	8.75795	8.75825	8.75965	
4.07064	4.07031	4.07038	4.07042	4.07039	4.07041	4.07032	4.07055	4.07009	4.07045	4.0705	4.07053	4.07046	4.07032	4.07044	4.06991	8.57498	8.57479	8.57471	8.57458	8.57592	8.57463	8.57469	8.57475	8.57777	8.57515	8.57471	8.57479	8.57477	8.57454	8.57495	8.57709	
3.84704	3.84711	3.84648	3.84613	3.84615	3.84651	3.84667	3.84602	3.84703	3.84604	3.84603	3.84609	3.84756	3.84667	3.84605	3.84711	8.16395	8.16175	8.15133	8.00203	8.13279	8.16048	8.16062	8.16259	8.15755	8.16015	8.16167	8.06478	8.15333	8.15069	8.1508	8.17609	
3.97603	3.97623	3.98152	3.98168	3.98164	3.98151	3.98116	3.98163	3.97717	3.9816	3.98164	3.98163	3.97616	3.98117	3.9816	3.97726	8.56302	8.56333	8.56626	8.51866	8.56486	8.56296	8.56333	8.56367	8.56511	8.56329	8.56307	8.55255	8.5658	8.56675	8.56676	8.5646	
3.9748	3.97462	3.97237	3.97304	3.97306	3.97229	3.97259	3.9732	3.97572	3.97324	3.9732	3.97306	3.97337	3.97259	3.97325	3.97574	8.72878	8.7275	8.72473	8.7829	8.71821	8.72738	8.72727	8.7275	8.72647	8.72746	8.72746	8.74376	8.72495	8.72414	8.72383	8.71853	
3.92791	3.92496	3.89847	3.90488	3.91551	3.91422	3.91415	3.91562	3.92263	3.90784	3.93072	3.91721	3.91315	3.91417	3.91562	3.91211	8.64668	8.64701	8.64708	8.68748	8.68642	8.64609	8.64658	8.64715	8.64687	8.64663	8.64667	8.67673	8.64673	8.64924	8.64921	8.65745	
3.9125	3.9125	3.91369	3.91231	3.96337	3.964	3.96425	3.96347	3.91351	3.91321	3.91336	3.91342	3.96676	3.96423	3.96329	3.96514	8.72451	8.72422	8.72626	8.76923	8.81934	8.72476	8.72435	8.72415	8.7252	8.72467	8.72457	8.73947	8.72639	8.72709	8.72721	8.73297	
3.97953	3.97953	3.97963	3.97952	3.95633	3.95611	3.95625	3.95613	3.97937	3.97971	3.9807	3.98048	3.95466	3.95629	3.95634	3.95607	8.95285	8.95202	8.94995	8.86617	8.81334	8.95257	8.95182	8.94281	8.8826	8.95192	8.95211	8.88472	8.95105	8.93692	8.94688	8.87455	
3.95467	3.95468	3.95436	3.9543	3.97443	3.97388	3.97375	3.97467	3.95561	3.95516	3.95629	3.95507	3.97859	3.97372	3.97442	3.97606	8.19107	8.19055	8.19034	8.19743	8.19899	8.19016	8.19064	8.19055	8.19102	8.19073	8.19066	8.19552	8.19018	8.19284	8.19287	8.18996	
3.97737	3.97736	3.97903	3.9778	3.941	3.94135	3.94136	3.94079	3.97705	3.97724	3.97402	3.97703	3.93912	3.94137	3.94103	3.94062	8.35611	8.35717	8.36486	8.45442	8.4896	8.35925	8.35872	8.36283	8.40148	8.35959	8.35754	8.42884	8.36352	8.37586	8.3703	8.40546	
3.94589	3.94589	3.94535	3.94589	3.96053	3.96123	3.96135	3.96045	3.94601	3.9463	3.94787	3.94788	3.96374	3.96136	3.9605	3.96193	2.28557	2.28734	2.29225	2.43553	2.47418	2.28926	2.28879	2.29092	2.31683	2.28953	2.28704	2.38701	2.29118	2.29946	2.29639	2.35375	
3.96214	3.96214	3.96325	3.96171	3.93825	3.93818	3.93793	3.93823	3.9617	3.96127	3.96178	3.96222	3.94018	3.93792	3.93824	3.93837	0.72988	0.72988	0.72988	0.72988	0.72988	0.72988	0.72988	0.72988	0.72988	0.72988	0.72988	0.72988	0.72988	0.72988	0.72988	0.72988	
3.93972	3.93973	3.94065	3.94027	4.03249	4.032	4.03176	4.03262	3.93963	3.93998	3.93809	3.93831	4.02757	4.0318	4.03258	4.03135	0.72988	0.72988	0.72988	0.72988	0.72988	0.72988	0.72988	0.72988	0.72988	0.72988	0.72988	0.72988	0.72988	0.72988	0.72988	0.72988	
4.02875	4.02876	4.02767	4.02855	4.03291	4.03321	4.03397	4.03293	4.02913	4.02891	4.0317	4.02927	4.03804	4.03393	4.03281	4.03541	0.72988	0.72988	0.72988	0.72988	0.72988	0.72988	0.72988	0.72988	0.72988	0.72988	0.72988	0.72988	0.72988	0.72988	0.72988	0.72988	
4.03751	4.0375	4.03765	4.0377	3.97442	3.97382	3.97372	3.97488	4.03725	4.03742	4.03417	4.03711	3.97039	3.97371	3.97477	3.97184	0.72988	0.72988	0.72988	0.72988	0.72988	0.72988	0.72988	0.72988	0.72988	0.72988	0.72988	0.72988	0.72988	0.72988	0.72988	0.72988	
3.97035	3.97035	3.97044	3.9702	4.03298	4.03382	4.03335	4.03256	3.97129	3.97114	3.97298	3.97017	4.03147	4.03338	4.03288	4.03205	0.72988	0.72988	0.72988	0.72988	0.72988	0.72988	0.72988	0.72988	0.72988	0.72988	0.72988	0.72988	0.72988	0.72988	0.72988	0.72988	
4.03193	4.03193	4.03114	4.03207	4.08938	4.08932	4.0893	4.08977	4.03142	4.03111	4.0332	4.03268	4.0933	4.08927	4.08952	4.09138	0.72988	0.72988	0.72988	0.72988	0.72988	0.72988	0.72988	0.72988	0.72988	0.72988	0.72988	0.72988	0.72988	0.72988	0.72988	0.72988	
4.0933	4.0933	4.09313	4.09312	4.02653	4.02611	4.02663	4.02621	4.09287	4.09333	4.09018	4.09204	4.02571	4.02662	4.02638	4.02659	0.72988	0.72988	0.72988	0.72988	0.72988	0.72988	0.72988	0.72988	0.72988	0.72988	0.72988	0.72988	0.72988	0.72988	0.72988	0.72988	
4.02633	4.02632	4.02624	4.02644	3.95555	3.95516	3.95501	3.95543	4.02705	4.02695	4.02658	4.0275	3.95636	3.95505	3.95543	3.95523	0.72988	0.72988	0.72988	0.72988	0.72988	0.72988	0.72988	0.72988	0.72988	0.72988	0.72988	0.72988	0.72988	0.72988	0.72988	0.72988	
3.95538	3.95538	3.95667	3.95545	4.06222	4.06308	4.06324	4.06207	3.95475	3.95484	3.95502	3.95437	4.06174	4.0632	4.06215	4.06274	0.72988	0.72988	0.72988	0.72988	0.72988	0.72988	0.72988	0.72988	0.72988	0.72988	0.72988	0.72988	0.72988	0.72988	0.72988	0.72988	
4.06211	4.06211	4.06117	4.06201	3.98719	3.98714	3.98693	3.988	4.06128	4.06135	4.06279	4.06302	3.9825	3.987	3.98744	3.98521	0.72988	0.72988	0.72988	0.72988	0.72988	0.72988	0.72988	0.72988	0.72988	0.72988	0.72988	0.72988	0.72988	0.72988	0.72988	0.72988	
3.9831	3.98313	3.98287	3.98263	3.97906	3.97886	3.97903	3.97824	3.98388	3.9838	3.98531	3.98457	3.98681	3.97896	3.97877	3.98106	0.72988	0.72988	0.72988	0.72988	0.72988	0.72988	0.72988	0.72988	0.72988	0.72988	0.72988	0.72988	0.72988	0.72988	0.72988	0.72988	
3.98615	3.98616	3.98666	3.98668	3.99609	3.99616	3.99581	3.99613	3.98578	3.9859	3.98126	3.9825	3.99231	3.99582	3.99613	3.99506	0.72988	0.72988	0.72988	0.72988	0.72988	0.72988	0.72988	0.72988	0.72988	0.72988	0.72988	0.72988	0.72988	0.72988	0.72988	0.72988	
3.99229	3.99227	3.99223	3.99199	3.94787	3.94812	3.94852	3.94796	3.99273	3.99248	3.99558	3.9935	3.94765	3.94852	3.94796	3.94853	0.72988	0.72988	0.72988	0.72988	0.72988	0.72988	0.72988	0.72988	0.72988	0.72988	0.72988	0.72988	0.72988	0.72988	0.72988	0.72988	
3.94789	3.94788	3.9478	3.94793	3.97618	3.97578	3.97568	3.97638	3.94813	3.94813	3.94824	3.94847	3.97704	3.97568	3.97632	3.97616	0.72988	0.72988	0.72988	0.72988	0.72988	0.72988	0.72988	0.72988	0.72988	0.72988	0.72988	0.72988	0.72988	0.72988	0.72988	0.72988	
3.97668	3.97669	3.97707	3.9767	4.01302	4.01359	4.0134	4.01289	3.97657	3.97651	3.97575	3.97659	4.01505	4.01338	4.01286	4.01399	0.72988	0.72988	0.72988	0.72988	0.72988	0.72988	0.72988	0.72988	0.72988	0.72988	0.72988	0.72988	0.72988	0.72988	0.72988	0.72988	
4.01484	4.01484	4.01459	4.01507	3.9404	3.94014	3.94034	3.94026	4.01444	4.01462	4.01349	4.01457	3.9412	3.94034	3.94032	3.94129	0.72988	0.72988	0.72988	0.72988	0.72988	0.72988	0.72988	0.72988	0.72988	0.72988	0.72988	0.72988	0.72988	0.72988	0.72988	0.72988	
3.94141	3.94141	3.94186	3.94147	3.95203	3.95191	3.95197	3.95255	3.94178	3.94188	3.94055	3.94196	3.94822	3.95198	3.95216	3.95052	0.72988	0.72988	0.72988	0.72988	0.72988	0.72988	0.72988	0.72988	0.72988	0.72988	0.72988	0.72988	0.72988	0.72988	0.72988	0.72988	
3.94847	3.94849	3.94714	3.94812	4.00511	4.00465	4.00451	4.00459	3.94852	3.9485	3.9522	3.94857	4.00399	4.00456	4.00506	4.00358	0.72988	0.72988	0.72988	0.72988	0.72988	0.72988	0.72988	0.72988	0.72988	0.72988	0.72988	0.72988	0.72988	0.72988	0.72988	0.72988	
4.0038	4.00378	4.00443	4.00372	4.04405	4.04439	4.04429	4.04428	4.00349	4.00336	4.00407	4.00537	4.04638	4.04424	4.04414	4.04508	0.72988	0.72988	0.72988	0.72988	0.72988	0.72988	0.72988	0.72988	0.72988	0.72988	0.72988	0.72988	0.72988	0.72988	0.72988	0.72988	
4.04613	4.04613	4.04636	4.04657	3.95203	3.95206	3.95225	3.95176	4.04647	4.04632	4.0445	4.04423	3.95098	3.95224	3.95188	3.95237	0.72988	0.72988	0.72988	0.72988	0.72988	0.72988	0.72988	0.72988	0.72988	0.72988	0.72988	0.72988	0.72988	0.72988	0.72988	0.72988	
3.95169	3.9517	3.95159	3.9514	4.01891	4.01864	4.01848	4.019	3.95185	3.95205	3.95191	3.95222	4.02067	4.01848	4.01893	4.01883	0.72988	0.72988	0.72988	0.72988	0.72988	0.72988	0.72988	0.72988	0.72988	0.72988	0.72988	0.72988	0.72988	0.72988	0.72988	0.72988	
4.01956	4.01957	4.02049	4.0197	3.9496	3.95028	3.95038	3.9497	4.01883	4.0188	4.01876	4.01881	3.94743	3.95042	3.94958	3.94994	0.72988	0.72988	0.72988	0.72988	0.72988	0.72988	0.72988	0.72988	0.72988	0.72988	0.72988	0.72988	0.72988	0.72988	0.72988	0.72988	
3.94898	3.94896	3.94699	3.94895	4.01164	4.0109	4.01102	4.01149	3.94899	3.94908	3.95035	3.94918	4.01268	4.01098	4.01159	4.01165	0.72988	0.72988	0.72988	0.72988	0.72988	0.72988	0.72988	0.72988	0.72988	0.72988	0.72988	0.72988	0.72988	0.72988	0.72988	0.72988	
4.01172	4.01175	4.01282	4.01137	3.9199	3.9201	3.92013	3.92	4.0122	4.01222	4.01101	4.0124	3.92098	3.92014	3.91992	3.91961	0.72988	0.72988	0.72988	0.72988	0.72988	0.72988	0.72988	0.72988	0.72988	0.72988	0.72988	0.72988	0.72988	0.72988	0.72988	0.72988	
3.91966	3.91963	3.9209	3.92016	1.13055	1.13273	1.13321	1.12982	3.92053	3.92004	3.91996	3.92052	1.16685	1.13319	1.13028	1.14177	0.72988	0.72988	0.72988	0.72988	0.72988	0.72988	0.72988	0.72988	0.72988	0.72988	0.72988	0.72988	0.72988	0.72988	0.72988	0.72988	
