Metric	Core0	Core1	Core2	Core3	Core4	Core5	Core6	Core7	Core8	Core9	Core10	Core11	Core12	Core13	Core14	Core15	Core16	Core17	Core18	Core19	Core20	Core21	Core22	Core23	Core24	Core25	Core26	Core27	Core28	Core29	Core30	Core31
total	1.597	1.597	1.596	1.597	12.712	12.637	12.620	12.736	1.597	1.597	1.597	1.597	11.646	12.621	12.721	12.340	3600008.590	3600008.590	3600008.590	3600008.590	3600008.590	3600008.590	3600008.590	3600008.590	3600008.590	3600008.590	3600008.590	3600008.590	3600008.590	3600008.590	3600008.590	3600008.590
base	0.250	0.250	0.250	0.250	0.250	0.250	0.250	0.250	0.250	0.250	0.250	0.250	0.250	0.250	0.250	0.250	0.000	0.000	0.000	0.000	0.000	0.000	0.000	0.000	0.000	0.000	0.000	0.000	0.000	0.000	0.000	0.000
dispatch_width	-
rs_full	-
depend	-
depend-int	0.191	0.191	0.191	0.191	0.190	0.190	0.190	0.190	0.191	0.191	0.191	0.191	0.190	0.190	0.190	0.190	0.000	0.000	0.000	0.000	0.000	0.000	0.000	0.000	0.000	0.000	0.000	0.000	0.000	0.000	0.000	0.000
depend-fp	-
depend-branch	0.036	0.036	0.036	0.036	0.000	0.000	0.000	0.000	0.036	0.036	0.036	0.036	0.000	0.000	0.000	0.000	0.000	0.000	0.000	0.000	0.000	0.000	0.000	0.000	0.000	0.000	0.000	0.000	0.000	0.000	0.000	0.000
issue	-
serial	-
smt	-
branch	0.176	0.176	0.176	0.176	0.184	0.184	0.184	0.184	0.176	0.176	0.176	0.176	0.184	0.184	0.184	0.184	0.000	0.000	0.000	0.000	0.000	0.000	0.000	0.000	0.000	0.000	0.000	0.000	0.000	0.000	0.000	0.000
itlb	-
dtlb	-
ifetch	0.444	0.444	0.444	0.444	0.455	0.455	0.455	0.455	0.444	0.444	0.444	0.444	0.455	0.455	0.455	0.454	0.000	0.000	0.000	0.000	0.000	0.000	0.000	0.000	0.000	0.000	0.000	0.000	0.000	0.000	0.000	0.000
mem	-
mem-l1d	0.491	0.491	0.491	0.491	0.496	0.495	0.495	0.496	0.491	0.491	0.491	0.491	0.496	0.495	0.496	0.494	0.000	0.000	0.000	0.000	0.000	0.000	0.000	0.000	0.000	0.000	0.000	0.000	0.000	0.000	0.000	0.000
mem-l2	-
mem-l3	-
mem-l4	-
mem-remote	-
mem-nuca	-
mem-dram-cache	-
mem-dram	-
sync	-
dvfs-transition	-
imbalance	0.000	0.000	0.000	0.000	11.089	11.015	10.998	11.113	0.000	0.000	0.000	0.000	10.024	10.998	11.098	10.720	3600008.590	3600008.590	3600008.590	3600008.590	3600008.590	3600008.590	3600008.590	3600008.590	3600008.590	3600008.590	3600008.590	3600008.590	3600008.590	3600008.590	3600008.590	3600008.590
other	0.009	0.009	0.009	0.009	0.048	0.048	0.048	0.048	0.009	0.009	0.009	0.009	0.047	0.048	0.048	0.048	0.000	0.000	0.000	0.000	0.000	0.000	0.000	0.000	0.000	0.000	0.000	0.000	0.000	0.000	0.000	0.000
