Metric	Core0	Core1	Core2	Core3	Core4	Core5	Core6	Core7	Core8	Core9	Core10	Core11	Core12	Core13	Core14	Core15	Core16	Core17	Core18	Core19	Core20	Core21	Core22	Core23	Core24	Core25	Core26	Core27	Core28	Core29	Core30	Core31
total	1.567	1.567	1.567	1.567	1.567	1.567	1.567	1.567	1.567	1.567	1.567	1.567	1.567	1.567	1.567	1.567	0.442	0.442	0.442	0.442	0.442	0.442	0.442	0.442	0.442	0.442	0.442	0.442	0.442	0.442	0.442	0.442
base	0.250	0.250	0.250	0.250	0.250	0.250	0.250	0.250	0.250	0.250	0.250	0.250	0.250	0.250	0.250	0.250	0.250	0.250	0.250	0.250	0.250	0.250	0.250	0.250	0.250	0.250	0.250	0.250	0.250	0.250	0.250	0.250
dispatch_width	-
rs_full	-
depend	-
depend-int	0.186	0.186	0.186	0.186	0.186	0.186	0.186	0.186	0.186	0.186	0.186	0.186	0.186	0.186	0.186	0.186	0.034	0.034	0.034	0.034	0.034	0.034	0.034	0.034	0.034	0.034	0.034	0.034	0.034	0.034	0.034	0.034
depend-fp	-
depend-branch	0.034	0.034	0.034	0.034	0.034	0.034	0.034	0.034	0.034	0.034	0.034	0.034	0.034	0.034	0.034	0.034	0.000	0.000	0.000	0.000	0.000	0.000	0.000	0.000	0.000	0.000	0.000	0.000	0.000	0.000	0.000	0.000
issue	0.000	0.000	0.000	0.000	0.000	0.000	0.000	0.000	0.000	0.000	0.000	0.000	0.000	0.000	0.000	0.000	0.067	0.067	0.067	0.067	0.067	0.067	0.067	0.067	0.067	0.067	0.067	0.067	0.067	0.067	0.067	0.067
serial	-
smt	-
branch	0.175	0.175	0.175	0.175	0.175	0.175	0.175	0.175	0.175	0.175	0.175	0.175	0.175	0.175	0.175	0.175	0.005	0.005	0.005	0.005	0.005	0.005	0.005	0.005	0.005	0.005	0.005	0.005	0.005	0.005	0.005	0.005
itlb	-
dtlb	-
ifetch	0.424	0.425	0.424	0.424	0.425	0.424	0.424	0.425	0.425	0.425	0.425	0.425	0.424	0.424	0.424	0.424	0.020	0.020	0.020	0.020	0.020	0.020	0.020	0.020	0.020	0.020	0.020	0.020	0.020	0.020	0.020	0.020
mem	-
mem-l1d	0.486	0.486	0.486	0.486	0.486	0.486	0.486	0.486	0.486	0.486	0.486	0.486	0.486	0.486	0.486	0.486	0.051	0.051	0.051	0.051	0.051	0.051	0.051	0.051	0.051	0.051	0.051	0.051	0.051	0.051	0.051	0.051
mem-l2	-
mem-l3	-
mem-l4	-
mem-remote	-
mem-nuca	-
mem-dram-cache	-
mem-dram	0.000	0.000	0.000	0.000	0.000	0.000	0.000	0.000	0.000	0.000	0.000	0.000	0.000	0.000	0.000	0.000	0.015	0.015	0.015	0.015	0.015	0.015	0.015	0.015	0.015	0.015	0.015	0.015	0.015	0.015	0.015	0.015
sync	-
dvfs-transition	-
imbalance	-
other	0.012	0.012	0.012	0.012	0.012	0.012	0.012	0.012	0.012	0.012	0.012	0.012	0.012	0.012	0.012	0.012	0.001	0.001	0.001	0.001	0.001	0.001	0.001	0.001	0.001	0.001	0.001	0.001	0.001	0.001	0.001	0.001
total	1.596	1.596	1.596	1.596	1.596	1.596	1.596	1.596	1.596	1.596	1.596	1.596	1.596	1.596	1.596	1.596	0.618	0.618	0.618	0.618	0.619	0.618	0.618	0.618	0.618	0.618	0.618	0.618	0.618	0.618	0.618	0.618
base	0.250	0.250	0.250	0.250	0.250	0.250	0.250	0.250	0.250	0.250	0.250	0.250	0.250	0.250	0.250	0.250	0.250	0.250	0.250	0.250	0.250	0.250	0.250	0.250	0.250	0.250	0.250	0.250	0.250	0.250	0.250	0.250
dispatch_width	-
rs_full	-
depend	-
depend-int	0.191	0.191	0.191	0.191	0.191	0.191	0.191	0.191	0.191	0.191	0.191	0.191	0.191	0.191	0.191	0.191	0.054	0.054	0.054	0.054	0.054	0.054	0.054	0.054	0.054	0.054	0.054	0.054	0.054	0.054	0.054	0.054
depend-fp	-
depend-branch	0.035	0.035	0.035	0.035	0.035	0.035	0.035	0.035	0.035	0.035	0.035	0.035	0.035	0.035	0.035	0.035	0.000	0.000	0.000	0.000	0.000	0.000	0.000	0.000	0.000	0.000	0.000	0.000	0.000	0.000	0.000	0.000
issue	0.000	0.000	0.000	0.000	0.000	0.000	0.000	0.000	0.000	0.000	0.000	0.000	0.000	0.000	0.000	0.000	0.075	0.075	0.075	0.075	0.075	0.075	0.075	0.075	0.075	0.075	0.075	0.075	0.075	0.075	0.075	0.075
serial	-
smt	-
branch	0.169	0.169	0.169	0.169	0.169	0.169	0.169	0.169	0.169	0.169	0.169	0.169	0.169	0.169	0.169	0.169	0.053	0.053	0.053	0.053	0.053	0.053	0.053	0.053	0.053	0.053	0.053	0.053	0.053	0.053	0.053	0.053
itlb	-
dtlb	-
ifetch	0.448	0.448	0.448	0.448	0.448	0.448	0.448	0.448	0.448	0.448	0.448	0.448	0.448	0.448	0.448	0.448	0.068	0.068	0.068	0.068	0.068	0.068	0.068	0.068	0.067	0.068	0.068	0.068	0.068	0.068	0.068	0.067
mem	-
mem-l1d	0.494	0.494	0.494	0.494	0.494	0.494	0.494	0.494	0.494	0.494	0.494	0.494	0.494	0.494	0.494	0.494	0.109	0.109	0.109	0.109	0.109	0.109	0.109	0.109	0.109	0.109	0.109	0.109	0.109	0.109	0.109	0.109
mem-l2	-
mem-l3	-
mem-l4	-
mem-remote	-
mem-nuca	-
mem-dram-cache	-
mem-dram	-
sync	-
dvfs-transition	-
imbalance	-
other	0.009	0.009	0.009	0.009	0.009	0.009	0.009	0.009	0.009	0.009	0.009	0.009	0.009	0.009	0.009	0.009	0.010	0.011	0.011	0.011	0.011	0.011	0.011	0.011	0.010	0.010	0.010	0.011	0.011	0.011	0.011	0.011
total	1.853	1.827	2.480	2.149	2.158	2.415	1.939	1.909	2.091	1.920	1.878	2.108	2.410	1.935	1.920	2.364	0.547	0.547	0.547	0.547	0.547	0.547	0.547	0.547	0.547	0.547	0.547	0.547	0.547	0.547	0.547	0.547
base	0.127	0.129	0.060	0.096	0.116	0.066	0.116	0.137	0.139	0.111	0.127	0.091	0.086	0.114	0.111	0.082	0.250	0.250	0.250	0.250	0.250	0.250	0.250	0.250	0.250	0.250	0.250	0.250	0.250	0.250	0.250	0.250
dispatch_width	-
rs_full	-
depend	-
depend-int	0.189	0.187	0.198	0.213	0.221	0.201	0.190	0.180	0.191	0.187	0.185	0.213	0.182	0.193	0.187	0.184	0.047	0.047	0.047	0.047	0.047	0.047	0.047	0.047	0.047	0.047	0.047	0.047	0.047	0.047	0.047	0.047
depend-fp	-
depend-branch	0.032	0.031	0.033	0.029	0.025	0.029	0.036	0.033	0.030	0.035	0.031	0.032	0.049	0.036	0.035	0.049	0.000	0.000	0.000	0.000	0.000	0.000	0.000	0.000	0.000	0.000	0.000	0.000	0.000	0.000	0.000	0.000
issue	0.000	0.000	0.000	0.000	0.000	0.000	0.000	0.000	0.000	0.000	0.000	0.000	0.000	0.000	0.000	0.000	0.077	0.077	0.077	0.077	0.077	0.077	0.077	0.077	0.077	0.077	0.077	0.077	0.077	0.077	0.077	0.077
serial	-
smt	-
branch	0.181	0.179	0.113	0.125	0.126	0.110	0.190	0.232	0.190	0.188	0.176	0.188	0.112	0.189	0.188	0.107	0.031	0.031	0.031	0.031	0.031	0.031	0.031	0.031	0.031	0.031	0.031	0.031	0.031	0.031	0.031	0.031
itlb	-
dtlb	-
ifetch	0.363	0.374	0.794	0.497	0.633	0.773	0.362	0.509	0.688	0.359	0.484	0.469	0.771	0.361	0.359	0.778	0.031	0.031	0.031	0.031	0.031	0.031	0.031	0.031	0.031	0.031	0.031	0.031	0.031	0.031	0.031	0.031
mem	-
mem-l1d	0.584	0.569	0.749	0.655	0.665	0.716	0.574	0.578	0.621	0.580	0.588	0.660	0.675	0.587	0.580	0.675	0.097	0.097	0.097	0.097	0.097	0.097	0.097	0.097	0.097	0.097	0.097	0.097	0.097	0.097	0.097	0.097
mem-l2	-
mem-l3	-
mem-l4	-
mem-remote	-
mem-nuca	-
mem-dram-cache	-
mem-dram	-
sync	-
dvfs-transition	-
imbalance	0.374	0.354	0.519	0.529	0.367	0.506	0.465	0.236	0.227	0.455	0.282	0.452	0.519	0.449	0.455	0.474	0.006	0.006	0.006	0.006	0.006	0.006	0.006	0.006	0.006	0.006	0.006	0.006	0.006	0.006	0.006	0.006
other	0.004	0.004	0.014	0.005	0.005	0.014	0.005	0.004	0.004	0.005	0.004	0.005	0.015	0.005	0.005	0.015	0.009	0.009	0.009	0.009	0.009	0.009	0.009	0.009	0.009	0.009	0.009	0.009	0.009	0.009	0.009	0.009
total	1.635	1.633	1.624	1.622	1.622	1.624	1.624	1.622	1.630	1.622	1.622	1.622	1.642	1.624	1.622	1.629	0.613	0.377	0.369	0.383	0.460	0.375	0.394	0.486	0.623	0.403	0.410	0.377	0.490	0.381	0.406	0.580
base	0.366	0.367	0.367	0.339	0.352	0.367	0.375	0.360	0.366	0.380	0.361	0.329	0.346	0.369	0.380	0.341	0.234	0.245	0.246	0.245	0.240	0.244	0.242	0.241	0.234	0.243	0.244	0.245	0.241	0.245	0.243	0.235
dispatch_width	-
rs_full	-
depend	-
depend-int	0.201	0.201	0.201	0.199	0.200	0.201	0.201	0.200	0.201	0.201	0.200	0.198	0.199	0.201	0.201	0.199	0.078	0.026	0.025	0.027	0.045	0.026	0.029	0.056	0.078	0.031	0.031	0.026	0.057	0.027	0.031	0.074
depend-fp	-
depend-branch	0.038	0.038	0.038	0.038	0.038	0.038	0.038	0.038	0.038	0.038	0.038	0.038	0.038	0.038	0.038	0.038	0.000	0.000	0.000	0.000	0.000	0.000	0.000	0.000	0.000	0.000	0.000	0.000	0.000	0.000	0.000	0.000
issue	0.000	0.000	0.000	0.000	0.000	0.000	0.000	0.000	0.000	0.000	0.000	0.000	0.000	0.000	0.000	0.000	0.136	0.046	0.046	0.048	0.090	0.045	0.047	0.070	0.136	0.052	0.049	0.046	0.071	0.048	0.054	0.135
serial	-
smt	-
branch	0.249	0.249	0.174	0.224	0.224	0.174	0.174	0.174	0.174	0.174	0.220	0.174	0.307	0.174	0.174	0.241	0.000	0.000	0.000	0.000	0.000	0.000	0.000	0.000	0.000	0.000	0.000	0.000	0.000	0.000	0.000	0.000
itlb	-
dtlb	-
ifetch	0.620	0.620	0.619	0.459	0.459	0.619	0.619	0.648	0.649	0.619	0.662	0.459	0.474	0.619	0.619	0.474	0.060	0.000	0.000	0.000	0.008	0.000	0.000	0.035	0.067	0.007	0.018	0.000	0.031	0.000	0.007	0.052
mem	-
mem-l1d	0.511	0.511	0.511	0.506	0.509	0.511	0.512	0.510	0.511	0.513	0.510	0.505	0.508	0.511	0.513	0.507	0.068	0.037	0.035	0.039	0.048	0.036	0.045	0.058	0.071	0.047	0.046	0.038	0.058	0.038	0.046	0.052
mem-l2	-
mem-l3	-
mem-l4	-
mem-remote	-
mem-nuca	-
mem-dram-cache	-
mem-dram	-
sync	-
dvfs-transition	-
imbalance	0.000	0.000	0.000	0.000	0.000	0.000	0.000	0.000	0.000	0.000	0.000	0.000	0.000	0.000	0.000	0.000	0.034	0.018	0.018	0.019	0.026	0.023	0.027	0.024	0.034	0.023	0.020	0.018	0.030	0.019	0.023	0.029
other	-0.350	-0.353	-0.286	-0.144	-0.160	-0.286	-0.296	-0.308	-0.308	-0.303	-0.370	-0.081	-0.229	-0.289	-0.303	-0.171	0.003	0.004	0.001	0.004	0.002	0.001	0.005	0.003	0.003	0.001	0.001	0.004	0.003	0.004	0.001	0.002
total	1.594	1.594	1.593	1.593	1.593	1.593	1.593	1.593	1.594	1.593	1.593	1.593	1.593	1.593	1.593	1.593	0.554	0.554	0.554	0.554	0.554	0.554	0.554	0.554	0.555	0.554	0.554	0.554	0.554	0.554	0.554	0.558
base	0.250	0.250	0.250	0.250	0.250	0.250	0.250	0.250	0.250	0.250	0.250	0.250	0.250	0.250	0.250	0.250	0.268	0.262	0.262	0.262	0.262	0.262	0.261	0.264	0.268	0.262	0.276	0.262	0.264	0.262	0.262	0.275
dispatch_width	-
rs_full	-
depend	-
depend-int	0.189	0.189	0.189	0.189	0.189	0.189	0.189	0.189	0.189	0.189	0.189	0.189	0.189	0.189	0.189	0.189	0.055	0.054	0.054	0.054	0.054	0.054	0.054	0.054	0.055	0.054	0.057	0.054	0.054	0.054	0.054	0.057
depend-fp	-
depend-branch	0.036	0.036	0.036	0.036	0.036	0.036	0.036	0.036	0.036	0.036	0.036	0.036	0.036	0.036	0.036	0.036	0.000	0.000	0.000	0.000	0.000	0.000	0.000	0.000	0.000	0.000	0.000	0.000	0.000	0.000	0.000	0.000
issue	0.000	0.000	0.000	0.000	0.000	0.000	0.000	0.000	0.000	0.000	0.000	0.000	0.000	0.000	0.000	0.000	0.085	0.083	0.083	0.084	0.084	0.083	0.083	0.084	0.085	0.083	0.087	0.083	0.084	0.084	0.083	0.087
serial	-
smt	-
branch	0.176	0.176	0.176	0.176	0.176	0.176	0.176	0.176	0.176	0.176	0.176	0.176	0.176	0.176	0.176	0.176	0.040	0.040	0.040	0.040	0.040	0.040	0.040	0.040	0.040	0.040	0.040	0.040	0.040	0.040	0.040	0.040
itlb	-
dtlb	-
ifetch	0.450	0.450	0.449	0.449	0.449	0.449	0.449	0.449	0.450	0.449	0.449	0.449	0.449	0.449	0.449	0.449	0.036	0.031	0.031	0.031	0.031	0.031	0.031	0.031	0.031	0.031	0.045	0.031	0.031	0.031	0.031	0.041
mem	-
mem-l1d	0.484	0.484	0.484	0.484	0.484	0.484	0.484	0.484	0.484	0.484	0.484	0.484	0.484	0.484	0.484	0.484	0.101	0.099	0.099	0.099	0.099	0.099	0.098	0.100	0.101	0.099	0.103	0.099	0.100	0.099	0.099	0.103
mem-l2	-
mem-l3	-
mem-l4	-
mem-remote	-
mem-nuca	-
mem-dram-cache	-
mem-dram	-
sync	-
dvfs-transition	-
imbalance	-
other	0.009	0.009	0.009	0.009	0.009	0.009	0.009	0.009	0.009	0.009	0.009	0.009	0.009	0.009	0.009	0.009	-0.031	-0.014	-0.014	-0.015	-0.015	-0.014	-0.013	-0.018	-0.026	-0.014	-0.054	-0.014	-0.018	-0.015	-0.014	-0.045
total	1.570	1.570	1.570	1.570	1.570	1.570	1.570	1.570	1.570	1.570	1.570	1.570	1.571	1.570	1.570	1.570	0.540	0.540	0.540	0.540	0.540	0.540	0.540	0.540	0.540	0.540	0.540	0.540	0.540	0.540	0.540	0.540
base	0.250	0.250	0.250	0.250	0.250	0.250	0.250	0.250	0.250	0.250	0.250	0.250	0.250	0.250	0.250	0.250	0.250	0.250	0.250	0.250	0.250	0.250	0.250	0.250	0.250	0.250	0.250	0.250	0.250	0.250	0.250	0.250
dispatch_width	-
rs_full	-
depend	-
depend-int	0.186	0.186	0.186	0.186	0.186	0.186	0.186	0.186	0.186	0.186	0.186	0.186	0.186	0.186	0.186	0.186	0.050	0.050	0.050	0.050	0.050	0.050	0.050	0.050	0.050	0.050	0.050	0.050	0.050	0.050	0.050	0.050
depend-fp	-
depend-branch	0.035	0.035	0.035	0.035	0.035	0.035	0.035	0.035	0.035	0.035	0.035	0.035	0.035	0.035	0.035	0.035	0.000	0.000	0.000	0.000	0.000	0.000	0.000	0.000	0.000	0.000	0.000	0.000	0.000	0.000	0.000	0.000
issue	0.000	0.000	0.000	0.000	0.000	0.000	0.000	0.000	0.000	0.000	0.000	0.000	0.000	0.000	0.000	0.000	0.080	0.080	0.080	0.080	0.080	0.080	0.080	0.080	0.080	0.080	0.080	0.080	0.080	0.080	0.080	0.080
serial	-
smt	-
branch	0.175	0.175	0.175	0.175	0.175	0.175	0.175	0.175	0.175	0.175	0.175	0.175	0.175	0.175	0.175	0.175	0.035	0.035	0.035	0.035	0.035	0.035	0.035	0.035	0.035	0.035	0.035	0.035	0.035	0.035	0.035	0.035
itlb	-
dtlb	-
ifetch	0.428	0.428	0.428	0.428	0.428	0.428	0.428	0.428	0.428	0.428	0.428	0.428	0.428	0.428	0.428	0.428	0.028	0.028	0.028	0.028	0.028	0.028	0.028	0.028	0.028	0.028	0.028	0.028	0.028	0.028	0.028	0.028
mem	-
mem-l1d	0.486	0.486	0.486	0.486	0.486	0.486	0.486	0.486	0.486	0.486	0.486	0.486	0.486	0.486	0.486	0.486	0.089	0.089	0.089	0.089	0.089	0.089	0.089	0.089	0.089	0.089	0.089	0.089	0.089	0.089	0.089	0.090
mem-l2	-
mem-l3	-
mem-l4	-
mem-remote	-
mem-nuca	-
mem-dram-cache	-
mem-dram	-
sync	-
dvfs-transition	-
imbalance	-
other	0.009	0.009	0.009	0.009	0.009	0.009	0.009	0.009	0.009	0.009	0.009	0.009	0.009	0.009	0.009	0.009	0.007	0.007	0.007	0.007	0.007	0.007	0.007	0.007	0.007	0.007	0.007	0.007	0.007	0.007	0.007	0.007
total	1.529	1.529	1.528	1.528	1.528	1.528	1.528	1.528	1.529	1.528	1.528	1.528	1.529	1.528	1.528	1.529	0.551	0.551	0.551	0.551	0.551	0.551	0.551	0.551	0.551	0.551	0.551	0.551	0.551	0.551	0.551	0.551
base	0.250	0.250	0.250	0.250	0.250	0.250	0.250	0.250	0.250	0.250	0.250	0.250	0.250	0.250	0.250	0.250	0.250	0.250	0.250	0.250	0.250	0.250	0.250	0.250	0.250	0.250	0.250	0.250	0.250	0.250	0.250	0.250
dispatch_width	-
rs_full	-
depend	-
depend-int	0.184	0.184	0.184	0.184	0.184	0.184	0.184	0.184	0.184	0.184	0.184	0.184	0.184	0.184	0.184	0.184	0.052	0.052	0.052	0.052	0.052	0.052	0.052	0.052	0.052	0.052	0.052	0.052	0.052	0.052	0.052	0.052
depend-fp	-
depend-branch	0.033	0.033	0.033	0.033	0.033	0.033	0.033	0.033	0.033	0.033	0.033	0.033	0.033	0.033	0.033	0.033	0.000	0.000	0.000	0.000	0.000	0.000	0.000	0.000	0.000	0.000	0.000	0.000	0.000	0.000	0.000	0.000
issue	0.000	0.000	0.000	0.000	0.000	0.000	0.000	0.000	0.000	0.000	0.000	0.000	0.000	0.000	0.000	0.000	0.080	0.080	0.080	0.080	0.080	0.080	0.080	0.080	0.080	0.080	0.080	0.080	0.080	0.080	0.080	0.080
serial	-
smt	-
branch	0.156	0.157	0.157	0.156	0.156	0.157	0.157	0.156	0.157	0.156	0.156	0.156	0.156	0.157	0.156	0.157	0.036	0.036	0.037	0.037	0.036	0.037	0.037	0.036	0.036	0.037	0.036	0.036	0.036	0.037	0.037	0.036
itlb	-
dtlb	-
ifetch	0.413	0.413	0.413	0.413	0.413	0.413	0.413	0.413	0.413	0.413	0.413	0.413	0.413	0.413	0.413	0.413	0.033	0.033	0.033	0.033	0.033	0.033	0.033	0.033	0.033	0.033	0.033	0.033	0.033	0.033	0.033	0.033
mem	-
mem-l1d	0.483	0.483	0.483	0.483	0.483	0.483	0.483	0.483	0.483	0.483	0.483	0.483	0.483	0.483	0.483	0.483	0.092	0.092	0.092	0.092	0.092	0.092	0.092	0.092	0.092	0.092	0.092	0.092	0.092	0.092	0.092	0.092
mem-l2	-
mem-l3	-
mem-l4	-
mem-remote	-
mem-nuca	-
mem-dram-cache	-
mem-dram	-
sync	-
dvfs-transition	-
imbalance	-
other	0.009	0.009	0.009	0.009	0.009	0.009	0.009	0.009	0.009	0.009	0.009	0.009	0.009	0.009	0.009	0.009	0.007	0.007	0.007	0.007	0.007	0.007	0.007	0.007	0.007	0.007	0.007	0.007	0.007	0.007	0.007	0.007
total	1.622	1.622	1.623	1.624	1.623	1.623	1.623	1.624	1.622	1.624	1.624	1.624	1.621	1.623	1.624	1.623	1.829	2.016	1.763	1.502	1.668	1.666	1.462	1.724	1.806	1.676	2.102	1.925	1.748	1.468	1.566	0.836
base	0.250	0.250	0.250	0.250	0.250	0.250	0.250	0.250	0.250	0.250	0.250	0.250	0.250	0.250	0.250	0.250	0.138	0.101	0.169	0.165	0.129	0.135	0.151	0.181	0.170	0.126	0.091	0.111	0.161	0.161	0.133	0.224
dispatch_width	-
rs_full	-
depend	-
depend-int	0.190	0.190	0.190	0.190	0.190	0.190	0.190	0.190	0.190	0.190	0.190	0.190	0.190	0.190	0.190	0.190	0.104	0.209	0.232	0.212	0.259	0.221	0.204	0.101	0.202	0.191	0.170	0.220	0.112	0.211	0.201	0.130
depend-fp	-
depend-branch	0.034	0.034	0.034	0.034	0.034	0.034	0.034	0.034	0.034	0.034	0.034	0.034	0.034	0.034	0.034	0.034	0.028	0.035	0.028	0.017	0.000	0.023	0.000	0.049	0.000	0.000	0.049	0.031	0.053	0.000	0.000	0.015
issue	0.000	0.000	0.000	0.000	0.000	0.000	0.000	0.000	0.000	0.000	0.000	0.000	0.000	0.000	0.000	0.000	0.045	0.000	0.000	0.000	0.000	0.000	0.000	0.059	0.039	0.000	0.000	0.000	0.059	0.000	0.000	0.040
serial	-
smt	-
branch	0.163	0.163	0.163	0.163	0.163	0.163	0.162	0.163	0.163	0.163	0.163	0.163	0.163	0.162	0.163	0.163	0.130	0.299	0.246	0.171	0.034	0.183	0.130	0.445	0.141	0.149	0.277	0.285	0.394	0.130	0.139	0.025
itlb	-
dtlb	-
ifetch	0.446	0.446	0.447	0.447	0.447	0.447	0.447	0.447	0.446	0.447	0.447	0.447	0.445	0.447	0.447	0.446	0.257	0.385	0.404	0.353	0.263	0.333	0.305	0.272	0.451	0.368	0.338	0.368	0.138	0.345	0.328	0.095
mem	-
mem-l1d	0.489	0.489	0.490	0.490	0.490	0.490	0.490	0.490	0.489	0.490	0.490	0.490	0.489	0.490	0.490	0.490	0.444	0.502	0.441	0.390	0.497	0.408	0.377	0.349	0.437	0.436	0.551	0.480	0.328	0.367	0.423	0.238
mem-l2	0.000	0.000	0.000	0.000	0.000	0.000	0.000	0.000	0.000	0.000	0.000	0.000	0.000	0.000	0.000	0.000	0.018	0.085	0.042	0.031	0.027	0.035	0.035	0.021	0.020	0.052	0.089	0.081	0.021	0.035	0.038	0.000
mem-l3	-
mem-l4	-
mem-remote	-
mem-nuca	-
mem-dram-cache	-
mem-dram	-
sync	-
dvfs-transition	-
imbalance	0.041	0.041	0.041	0.041	0.041	0.041	0.041	0.041	0.041	0.041	0.041	0.041	0.041	0.041	0.041	0.041	0.650	0.387	0.186	0.148	0.442	0.313	0.234	0.234	0.317	0.322	0.518	0.336	0.470	0.192	0.275	0.064
other	0.009	0.009	0.009	0.009	0.009	0.009	0.009	0.009	0.009	0.009	0.009	0.009	0.009	0.009	0.009	0.009	0.014	0.013	0.017	0.015	0.017	0.016	0.028	0.013	0.030	0.033	0.019	0.012	0.012	0.028	0.030	0.004
total	1.603	1.602	1.604	1.604	1.604	1.604	1.604	1.604	1.603	1.604	1.604	1.604	1.602	1.604	1.604	1.603	0.580	0.580	0.581	0.593	0.582	0.580	0.580	0.580	0.580	0.580	0.580	0.588	0.581	0.581	0.581	0.579
base	0.250	0.250	0.250	0.250	0.250	0.250	0.250	0.250	0.250	0.250	0.250	0.250	0.250	0.250	0.250	0.250	0.266	0.279	0.282	0.283	0.271	0.281	0.283	0.280	0.282	0.281	0.273	0.279	0.278	0.283	0.282	0.266
dispatch_width	-
rs_full	-
depend	-
depend-int	0.191	0.191	0.191	0.191	0.191	0.191	0.191	0.191	0.191	0.191	0.191	0.191	0.191	0.191	0.191	0.191	0.058	0.060	0.061	0.061	0.059	0.061	0.061	0.061	0.061	0.061	0.060	0.060	0.060	0.061	0.061	0.058
depend-fp	-
depend-branch	0.036	0.036	0.036	0.036	0.036	0.036	0.036	0.036	0.036	0.036	0.036	0.036	0.036	0.036	0.036	0.036	0.000	0.000	0.000	0.000	0.000	0.000	0.000	0.000	0.000	0.000	0.000	0.000	0.000	0.000	0.000	0.000
issue	0.000	0.000	0.000	0.000	0.000	0.000	0.000	0.000	0.000	0.000	0.000	0.000	0.000	0.000	0.000	0.000	0.085	0.089	0.089	0.089	0.087	0.089	0.090	0.089	0.089	0.089	0.087	0.088	0.088	0.090	0.089	0.085
serial	-
smt	-
branch	0.170	0.170	0.171	0.171	0.171	0.171	0.171	0.171	0.170	0.171	0.171	0.171	0.170	0.171	0.171	0.170	0.052	0.079	0.062	0.079	0.052	0.080	0.077	0.071	0.052	0.052	0.084	0.079	0.091	0.094	0.052	0.052
itlb	-
dtlb	-
ifetch	0.460	0.460	0.460	0.460	0.460	0.460	0.460	0.460	0.460	0.460	0.460	0.460	0.460	0.460	0.460	0.460	0.034	0.045	0.087	0.078	0.045	0.099	0.076	0.115	0.040	0.041	0.040	0.044	0.136	0.068	0.055	0.034
mem	-
mem-l1d	0.486	0.486	0.486	0.486	0.486	0.486	0.486	0.486	0.486	0.486	0.486	0.486	0.486	0.486	0.486	0.486	0.102	0.106	0.107	0.107	0.104	0.107	0.108	0.107	0.107	0.107	0.104	0.106	0.106	0.107	0.107	0.102
mem-l2	-
mem-l3	-
mem-l4	-
mem-remote	-
mem-nuca	-
mem-dram-cache	-
mem-dram	0.000	0.000	0.000	0.000	0.000	0.000	0.000	0.000	0.000	0.000	0.000	0.000	0.000	0.000	0.000	0.000	0.006	0.006	0.006	0.006	0.006	0.006	0.006	0.006	0.006	0.006	0.006	0.006	0.006	0.006	0.006	0.006
sync	-
dvfs-transition	-
imbalance	-
other	0.009	0.009	0.009	0.009	0.009	0.009	0.009	0.009	0.009	0.009	0.009	0.009	0.009	0.009	0.009	0.009	-0.023	-0.084	-0.113	-0.111	-0.041	-0.143	-0.120	-0.148	-0.057	-0.057	-0.074	-0.076	-0.186	-0.128	-0.072	-0.024
total	1.588	1.588	1.586	1.586	1.586	1.586	1.586	1.586	1.587	1.586	1.586	1.586	1.588	1.586	1.586	1.587	0.553	0.553	0.553	0.557	0.553	0.553	0.553	0.553	0.553	0.553	0.553	0.554	0.553	0.553	0.553	0.553
base	0.250	0.250	0.250	0.250	0.250	0.250	0.250	0.250	0.250	0.250	0.250	0.250	0.250	0.250	0.250	0.250	0.250	0.250	0.250	0.250	0.250	0.250	0.250	0.250	0.250	0.250	0.250	0.250	0.250	0.250	0.250	0.250
dispatch_width	-
rs_full	-
depend	-
depend-int	0.190	0.190	0.190	0.190	0.190	0.190	0.190	0.190	0.190	0.190	0.190	0.190	0.190	0.190	0.190	0.190	0.051	0.051	0.051	0.052	0.051	0.051	0.051	0.051	0.051	0.051	0.051	0.051	0.051	0.051	0.051	0.051
depend-fp	-
depend-branch	0.034	0.034	0.034	0.034	0.034	0.034	0.034	0.034	0.034	0.034	0.034	0.034	0.034	0.034	0.034	0.034	0.000	0.000	0.000	0.000	0.000	0.000	0.000	0.000	0.000	0.000	0.000	0.000	0.000	0.000	0.000	0.000
issue	0.000	0.000	0.000	0.000	0.000	0.000	0.000	0.000	0.000	0.000	0.000	0.000	0.000	0.000	0.000	0.000	0.079	0.079	0.079	0.079	0.079	0.079	0.079	0.079	0.079	0.079	0.079	0.079	0.079	0.079	0.079	0.079
serial	-
smt	-
branch	0.171	0.171	0.170	0.170	0.170	0.170	0.170	0.170	0.171	0.170	0.170	0.170	0.171	0.170	0.170	0.170	0.043	0.043	0.043	0.042	0.042	0.043	0.043	0.043	0.043	0.043	0.043	0.042	0.043	0.043	0.043	0.042
itlb	-
dtlb	-
ifetch	0.434	0.434	0.433	0.433	0.433	0.433	0.433	0.433	0.434	0.433	0.433	0.433	0.434	0.433	0.433	0.434	0.029	0.029	0.029	0.030	0.029	0.029	0.029	0.029	0.029	0.029	0.029	0.030	0.029	0.029	0.029	0.029
mem	-
mem-l1d	0.499	0.499	0.498	0.498	0.498	0.498	0.498	0.498	0.499	0.498	0.498	0.498	0.499	0.498	0.498	0.499	0.093	0.093	0.093	0.094	0.093	0.093	0.093	0.093	0.093	0.093	0.093	0.093	0.093	0.093	0.093	0.093
mem-l2	-
mem-l3	-
mem-l4	-
mem-remote	-
mem-nuca	-
mem-dram-cache	-
mem-dram	-
sync	-
dvfs-transition	-
imbalance	-
other	0.010	0.010	0.010	0.010	0.010	0.010	0.010	0.010	0.010	0.010	0.010	0.010	0.010	0.010	0.010	0.010	0.008	0.008	0.008	0.009	0.009	0.008	0.008	0.008	0.008	0.008	0.008	0.009	0.008	0.008	0.008	0.009
total	1.620	1.621	1.622	1.622	1.622	1.622	1.622	1.622	1.620	1.622	1.622	1.622	1.621	1.622	1.622	1.620	0.540	0.540	0.540	0.536	0.541	0.540	0.540	0.540	0.540	0.540	0.540	0.539	0.540	0.540	0.541	0.541
base	0.250	0.250	0.250	0.250	0.250	0.250	0.250	0.250	0.250	0.250	0.250	0.250	0.250	0.250	0.250	0.250	0.250	0.250	0.250	0.250	0.250	0.250	0.250	0.250	0.250	0.250	0.250	0.250	0.250	0.250	0.250	0.250
dispatch_width	-
rs_full	-
depend	-
depend-int	0.193	0.193	0.193	0.193	0.193	0.193	0.193	0.193	0.193	0.193	0.193	0.193	0.193	0.193	0.193	0.193	0.050	0.050	0.050	0.049	0.050	0.050	0.050	0.050	0.050	0.050	0.050	0.050	0.050	0.050	0.050	0.050
depend-fp	-
depend-branch	0.035	0.035	0.035	0.035	0.035	0.035	0.035	0.035	0.035	0.035	0.035	0.035	0.035	0.035	0.035	0.035	0.000	0.000	0.000	0.000	0.000	0.000	0.000	0.000	0.000	0.000	0.000	0.000	0.000	0.000	0.000	0.000
issue	0.000	0.000	0.000	0.000	0.000	0.000	0.000	0.000	0.000	0.000	0.000	0.000	0.000	0.000	0.000	0.000	0.080	0.080	0.080	0.080	0.080	0.080	0.080	0.080	0.080	0.080	0.080	0.080	0.080	0.080	0.080	0.080
serial	-
smt	-
branch	0.174	0.174	0.174	0.174	0.174	0.174	0.174	0.174	0.173	0.174	0.174	0.174	0.174	0.174	0.174	0.174	0.037	0.037	0.037	0.036	0.038	0.037	0.037	0.037	0.037	0.037	0.037	0.037	0.037	0.037	0.037	0.038
itlb	-
dtlb	-
ifetch	0.440	0.441	0.441	0.441	0.441	0.441	0.441	0.441	0.440	0.441	0.441	0.441	0.441	0.441	0.441	0.440	0.027	0.027	0.027	0.027	0.027	0.027	0.027	0.027	0.027	0.027	0.027	0.027	0.027	0.027	0.027	0.027
mem	-
mem-l1d	0.519	0.519	0.520	0.520	0.520	0.520	0.520	0.520	0.519	0.520	0.520	0.520	0.519	0.520	0.520	0.519	0.088	0.088	0.088	0.087	0.088	0.088	0.088	0.088	0.088	0.088	0.088	0.088	0.088	0.088	0.088	0.088
mem-l2	-
mem-l3	-
mem-l4	-
mem-remote	-
mem-nuca	-
mem-dram-cache	-
mem-dram	-
sync	-
dvfs-transition	-
imbalance	-
other	0.010	0.010	0.010	0.010	0.010	0.010	0.010	0.010	0.010	0.010	0.010	0.010	0.010	0.010	0.010	0.010	0.008	0.008	0.008	0.008	0.008	0.008	0.008	0.008	0.008	0.008	0.008	0.008	0.008	0.008	0.008	0.008
total	1.660	1.660	1.661	1.661	1.661	1.661	1.661	1.661	1.661	1.661	1.661	1.661	1.662	1.661	1.661	1.661	0.659	0.412	0.411	1.227	1.469	0.383	0.382	0.359	0.478	0.450	0.413	0.625	0.358	0.406	0.372	1.940
base	0.250	0.250	0.250	0.250	0.250	0.250	0.250	0.250	0.250	0.250	0.250	0.250	0.250	0.250	0.250	0.250	0.236	0.245	0.245	0.166	0.177	0.246	0.246	0.246	0.243	0.241	0.245	0.235	0.246	0.245	0.244	0.147
dispatch_width	-
rs_full	-
depend	-
depend-int	0.191	0.191	0.191	0.191	0.191	0.191	0.191	0.191	0.191	0.191	0.191	0.191	0.191	0.191	0.191	0.191	0.043	0.022	0.022	0.188	0.149	0.020	0.020	0.013	0.055	0.031	0.023	0.075	0.013	0.024	0.017	0.173
depend-fp	-
depend-branch	0.035	0.035	0.035	0.035	0.035	0.035	0.035	0.035	0.035	0.035	0.035	0.035	0.035	0.035	0.035	0.035	0.000	0.000	0.000	0.023	0.031	0.000	0.000	0.000	0.000	0.000	0.000	0.000	0.000	0.000	0.000	0.044
issue	0.000	0.000	0.000	0.000	0.000	0.000	0.000	0.000	0.000	0.000	0.000	0.000	0.000	0.000	0.000	0.000	0.060	0.056	0.056	0.022	0.000	0.050	0.053	0.047	0.058	0.056	0.056	0.120	0.046	0.057	0.047	0.000
serial	-
smt	-
branch	0.172	0.173	0.173	0.173	0.173	0.173	0.173	0.173	0.173	0.173	0.173	0.173	0.173	0.173	0.173	0.173	0.014	0.000	0.000	0.020	0.660	0.000	0.000	0.000	0.000	0.000	0.000	0.000	0.000	0.000	0.000	0.838
itlb	-
dtlb	-
ifetch	0.441	0.440	0.441	0.441	0.441	0.441	0.441	0.441	0.441	0.441	0.441	0.441	0.441	0.441	0.441	0.441	0.075	0.018	0.018	0.183	0.000	0.010	0.010	0.000	0.033	0.024	0.018	0.066	0.000	0.018	0.000	0.000
mem	-
mem-l1d	0.516	0.516	0.516	0.516	0.516	0.516	0.516	0.516	0.516	0.516	0.516	0.516	0.517	0.516	0.516	0.516	0.177	0.043	0.041	0.386	0.235	0.027	0.027	0.028	0.055	0.045	0.043	0.074	0.027	0.034	0.024	0.259
mem-l2	-
mem-l3	-
mem-l4	-
mem-remote	-
mem-nuca	-
mem-dram-cache	-
mem-dram	-
sync	-
dvfs-transition	-
imbalance	0.045	0.045	0.045	0.045	0.045	0.045	0.045	0.045	0.045	0.045	0.045	0.045	0.045	0.045	0.045	0.045	0.045	0.028	0.028	0.231	0.214	0.029	0.026	0.024	0.032	0.051	0.028	0.047	0.024	0.028	0.036	0.475
other	0.010	0.010	0.010	0.010	0.010	0.010	0.010	0.010	0.010	0.010	0.010	0.010	0.010	0.010	0.010	0.010	0.009	0.001	0.001	0.007	0.003	0.001	0.001	0.001	0.002	0.001	0.001	0.008	0.001	0.001	0.004	0.004
total	1.863	1.957	2.131	1.863	1.617	1.616	1.616	1.617	1.551	1.781	1.810	1.718	1.615	1.616	1.617	1.616	0.569	0.569	0.569	0.577	0.591	0.569	0.569	0.570	0.569	0.569	0.569	0.574	0.569	0.570	0.570	0.570
base	0.136	0.100	0.135	0.128	0.250	0.250	0.250	0.250	0.157	0.133	0.147	0.149	0.250	0.250	0.250	0.250	0.265	0.262	0.262	0.265	0.276	0.262	0.272	0.262	0.263	0.262	0.262	0.265	0.262	0.263	0.280	0.274
dispatch_width	-
rs_full	-
depend	-
depend-int	0.203	0.217	0.196	0.225	0.190	0.190	0.190	0.190	0.169	0.236	0.220	0.215	0.190	0.190	0.190	0.190	0.055	0.054	0.054	0.056	0.058	0.054	0.056	0.054	0.055	0.054	0.054	0.055	0.054	0.055	0.058	0.057
depend-fp	-
depend-branch	0.034	0.032	0.064	0.042	0.036	0.036	0.036	0.036	0.027	0.033	0.030	0.040	0.036	0.036	0.036	0.036	0.000	0.000	0.000	0.000	0.000	0.000	0.000	0.000	0.000	0.000	0.000	0.000	0.000	0.000	0.000	0.000
issue	0.000	0.000	0.000	0.027	0.000	0.000	0.000	0.000	0.000	0.000	0.000	0.027	0.000	0.000	0.000	0.000	0.084	0.083	0.083	0.083	0.087	0.083	0.086	0.083	0.083	0.083	0.083	0.083	0.083	0.083	0.088	0.086
serial	-
smt	-
branch	0.229	0.277	0.078	0.118	0.174	0.174	0.174	0.174	0.120	0.019	0.086	0.109	0.174	0.174	0.174	0.174	0.047	0.047	0.047	0.050	0.049	0.047	0.047	0.047	0.047	0.047	0.047	0.049	0.047	0.047	0.047	0.047
itlb	-
dtlb	-
ifetch	0.448	0.384	0.703	0.515	0.443	0.443	0.443	0.443	0.373	0.571	0.516	0.505	0.443	0.443	0.443	0.443	0.030	0.030	0.030	0.031	0.031	0.030	0.040	0.030	0.030	0.030	0.030	0.031	0.030	0.030	0.051	0.030
mem	-
mem-l1d	0.640	0.619	0.588	0.501	0.498	0.498	0.498	0.498	0.399	0.438	0.475	0.442	0.497	0.498	0.498	0.498	0.102	0.101	0.100	0.103	0.106	0.101	0.104	0.100	0.101	0.101	0.100	0.102	0.101	0.101	0.107	0.105
mem-l2	-
mem-l3	-
mem-l4	-
mem-remote	-
mem-nuca	-
mem-dram-cache	-
mem-dram	-
sync	-
dvfs-transition	-
imbalance	0.170	0.324	0.348	0.304	0.000	0.000	0.000	0.000	0.301	0.333	0.322	0.228	0.000	0.000	0.000	0.000	0.000	0.000	0.000	0.000	0.000	0.000	0.000	0.000	0.000	0.000	0.000	0.000	0.000	0.000	0.000	0.000
other	0.004	0.004	0.019	0.004	0.026	0.026	0.026	0.026	0.007	0.017	0.013	0.003	0.026	0.026	0.026	0.026	-0.013	-0.008	-0.006	-0.012	-0.015	-0.007	-0.036	-0.006	-0.009	-0.007	-0.006	-0.012	-0.007	-0.009	-0.060	-0.028
total	1.604	1.606	1.619	1.616	1.611	1.612	1.612	1.611	1.607	1.615	1.603	1.610	1.613	1.612	1.611	1.613	0.545	0.545	0.545	0.542	0.542	0.545	0.545	0.545	0.545	0.545	0.545	0.543	0.545	0.545	0.545	0.544
base	0.326	0.383	0.386	0.340	0.250	0.250	0.250	0.250	0.372	0.335	0.352	0.354	0.250	0.250	0.250	0.250	0.250	0.250	0.250	0.250	0.250	0.250	0.250	0.250	0.250	0.250	0.250	0.250	0.250	0.250	0.250	0.250
dispatch_width	-
rs_full	-
depend	-
depend-int	0.196	0.199	0.199	0.197	0.192	0.192	0.192	0.192	0.199	0.196	0.197	0.198	0.192	0.192	0.192	0.192	0.053	0.053	0.053	0.052	0.052	0.053	0.053	0.053	0.053	0.053	0.053	0.052	0.053	0.053	0.053	0.053
depend-fp	-
depend-branch	0.037	0.037	0.037	0.037	0.035	0.035	0.035	0.035	0.037	0.037	0.037	0.037	0.035	0.035	0.035	0.035	0.000	0.000	0.000	0.000	0.000	0.000	0.000	0.000	0.000	0.000	0.000	0.000	0.000	0.000	0.000	0.000
issue	0.000	0.000	0.000	0.000	0.000	0.000	0.000	0.000	0.000	0.000	0.000	0.000	0.000	0.000	0.000	0.000	0.082	0.082	0.082	0.081	0.081	0.082	0.082	0.082	0.082	0.082	0.082	0.081	0.082	0.082	0.082	0.082
serial	-
smt	-
branch	0.269	0.174	0.174	0.174	0.171	0.171	0.171	0.171	0.240	0.174	0.194	0.191	0.171	0.171	0.171	0.171	0.037	0.037	0.037	0.036	0.036	0.037	0.037	0.037	0.037	0.037	0.037	0.036	0.037	0.037	0.037	0.037
itlb	-
dtlb	-
ifetch	0.443	0.574	0.603	0.545	0.451	0.451	0.451	0.450	0.573	0.516	0.515	0.573	0.451	0.451	0.450	0.451	0.031	0.031	0.031	0.030	0.030	0.031	0.031	0.031	0.031	0.031	0.031	0.030	0.031	0.031	0.031	0.030
mem	-
mem-l1d	0.513	0.523	0.523	0.516	0.504	0.504	0.504	0.504	0.521	0.515	0.518	0.518	0.504	0.504	0.504	0.504	0.087	0.087	0.087	0.086	0.086	0.087	0.087	0.087	0.087	0.087	0.087	0.086	0.087	0.086	0.086	0.086
mem-l2	-
mem-l3	-
mem-l4	-
mem-remote	-
mem-nuca	-
mem-dram-cache	-
mem-dram	-
sync	-
dvfs-transition	-
imbalance	-
other	-0.180	-0.285	-0.303	-0.191	0.009	0.009	0.009	0.009	-0.335	-0.157	-0.211	-0.261	0.009	0.009	0.009	0.009	0.007	0.007	0.007	0.007	0.007	0.007	0.007	0.007	0.007	0.007	0.007	0.007	0.007	0.007	0.007	0.007
total	1.612	1.612	1.612	1.613	1.600	1.600	1.600	1.600	1.612	1.612	1.612	1.612	1.599	1.600	1.600	1.600	0.542	0.542	0.542	0.539	0.536	0.542	0.542	0.542	0.542	0.542	0.542	0.541	0.542	0.542	0.542	0.542
base	0.250	0.250	0.250	0.250	0.250	0.250	0.250	0.250	0.250	0.250	0.250	0.250	0.250	0.250	0.250	0.250	0.250	0.250	0.250	0.250	0.250	0.250	0.250	0.250	0.250	0.250	0.250	0.250	0.250	0.250	0.250	0.250
dispatch_width	-
rs_full	-
depend	-
depend-int	0.192	0.192	0.192	0.192	0.191	0.191	0.191	0.191	0.192	0.192	0.192	0.192	0.191	0.191	0.191	0.191	0.053	0.053	0.053	0.052	0.052	0.053	0.053	0.053	0.053	0.053	0.053	0.052	0.053	0.053	0.052	0.052
depend-fp	-
depend-branch	0.035	0.035	0.035	0.035	0.035	0.035	0.035	0.035	0.035	0.035	0.035	0.035	0.035	0.035	0.035	0.035	0.000	0.000	0.000	0.000	0.000	0.000	0.000	0.000	0.000	0.000	0.000	0.000	0.000	0.000	0.000	0.000
issue	0.000	0.000	0.000	0.000	0.000	0.000	0.000	0.000	0.000	0.000	0.000	0.000	0.000	0.000	0.000	0.000	0.083	0.083	0.083	0.083	0.083	0.083	0.083	0.083	0.083	0.083	0.083	0.083	0.083	0.083	0.083	0.083
serial	-
smt	-
branch	0.171	0.171	0.171	0.171	0.169	0.169	0.169	0.169	0.171	0.171	0.171	0.171	0.169	0.169	0.169	0.169	0.036	0.036	0.036	0.034	0.032	0.036	0.036	0.036	0.036	0.036	0.036	0.035	0.036	0.036	0.036	0.035
itlb	-
dtlb	-
ifetch	0.451	0.451	0.451	0.451	0.439	0.439	0.439	0.439	0.451	0.451	0.451	0.451	0.439	0.439	0.439	0.439	0.028	0.028	0.028	0.028	0.028	0.028	0.028	0.028	0.028	0.028	0.028	0.028	0.028	0.028	0.028	0.028
mem	-
mem-l1d	0.504	0.504	0.504	0.504	0.506	0.506	0.506	0.506	0.504	0.504	0.504	0.504	0.506	0.506	0.506	0.506	0.086	0.086	0.086	0.085	0.085	0.086	0.086	0.086	0.086	0.086	0.086	0.086	0.086	0.086	0.086	0.086
mem-l2	-
mem-l3	-
mem-l4	-
mem-remote	-
mem-nuca	-
mem-dram-cache	-
mem-dram	-
sync	-
dvfs-transition	-
imbalance	-
other	0.009	0.009	0.009	0.009	0.010	0.010	0.010	0.010	0.009	0.009	0.009	0.009	0.010	0.010	0.009	0.009	0.007	0.007	0.007	0.007	0.007	0.007	0.007	0.007	0.007	0.007	0.007	0.007	0.007	0.007	0.007	0.007
total	1.610	1.610	1.610	1.610	1.613	1.613	1.613	1.613	1.611	1.611	1.611	1.611	1.613	1.613	1.613	1.613	0.674	0.387	0.483	0.617	0.334	0.435	0.409	0.498	0.550	0.526	0.378	2.358	0.832	0.671	0.713	0.583
base	0.250	0.250	0.250	0.250	0.250	0.250	0.250	0.250	0.250	0.250	0.250	0.250	0.250	0.250	0.250	0.250	0.220	0.246	0.243	0.221	0.247	0.242	0.245	0.243	0.238	0.230	0.245	0.078	0.204	0.231	0.222	0.237
dispatch_width	-
rs_full	-
depend	-
depend-int	0.191	0.191	0.191	0.191	0.190	0.190	0.190	0.190	0.191	0.191	0.191	0.191	0.190	0.190	0.190	0.190	0.080	0.026	0.032	0.052	0.010	0.037	0.031	0.039	0.062	0.048	0.024	0.129	0.097	0.057	0.062	0.078
depend-fp	-
depend-branch	0.035	0.035	0.035	0.035	0.035	0.035	0.035	0.035	0.035	0.035	0.035	0.035	0.035	0.035	0.035	0.035	0.018	0.000	0.000	0.000	0.000	0.000	0.000	0.000	0.012	0.000	0.000	0.060	0.022	0.000	0.000	0.013
issue	0.000	0.000	0.000	0.000	0.000	0.000	0.000	0.000	0.000	0.000	0.000	0.000	0.000	0.000	0.000	0.000	0.073	0.071	0.074	0.035	0.043	0.076	0.069	0.076	0.088	0.079	0.064	0.030	0.077	0.037	0.033	0.113
serial	-
smt	-
branch	0.169	0.169	0.169	0.169	0.173	0.173	0.173	0.173	0.169	0.169	0.169	0.169	0.173	0.173	0.173	0.173	0.114	0.000	0.000	0.000	0.000	0.000	0.000	0.006	0.052	0.000	0.000	0.110	0.131	0.051	0.079	0.047
itlb	-
dtlb	-
ifetch	0.439	0.439	0.439	0.439	0.433	0.433	0.433	0.433	0.439	0.439	0.439	0.439	0.433	0.433	0.433	0.433	0.000	0.000	0.056	0.000	0.000	0.016	0.015	0.053	0.025	0.019	0.000	0.515	0.030	0.018	0.013	0.042
mem	-
mem-l1d	0.506	0.506	0.506	0.506	0.511	0.511	0.511	0.511	0.506	0.506	0.506	0.506	0.511	0.511	0.511	0.511	0.070	0.021	0.049	0.224	0.018	0.035	0.029	0.053	0.045	0.056	0.020	0.679	0.101	0.234	0.243	0.023
mem-l2	0.000	0.000	0.000	0.000	0.000	0.000	0.000	0.000	0.000	0.000	0.000	0.000	0.000	0.000	0.000	0.000	0.000	0.000	0.000	0.000	0.000	0.000	0.000	0.000	0.000	0.000	0.000	0.054	0.000	0.000	0.000	0.000
mem-l3	-
mem-l4	-
mem-remote	-
mem-nuca	-
mem-dram-cache	-
mem-dram	-
sync	-
dvfs-transition	-
imbalance	0.000	0.000	0.000	0.000	0.000	0.000	0.000	0.000	0.000	0.000	0.000	0.000	0.000	0.000	0.000	0.000	0.096	0.017	0.021	0.080	0.016	0.025	0.018	0.022	0.027	0.088	0.021	0.698	0.167	0.038	0.055	0.030
other	0.021	0.021	0.021	0.021	0.021	0.021	0.021	0.021	0.021	0.021	0.021	0.021	0.021	0.021	0.021	0.021	0.002	0.006	0.008	0.005	0.001	0.004	0.003	0.006	0.002	0.005	0.006	0.005	0.004	0.006	0.006	0.001
total	1.602	1.602	1.602	1.602	1.611	1.611	1.611	1.611	1.602	1.602	1.602	1.602	1.612	1.611	1.611	1.611	0.528	0.528	0.528	0.533	0.537	0.528	0.528	0.528	0.532	0.528	0.528	0.532	0.528	0.529	0.528	0.533
base	0.250	0.250	0.250	0.250	0.250	0.250	0.250	0.250	0.250	0.250	0.250	0.250	0.250	0.250	0.250	0.250	0.260	0.260	0.279	0.272	0.261	0.260	0.263	0.273	0.276	0.263	0.263	0.276	0.263	0.263	0.272	0.274
dispatch_width	-
rs_full	-
depend	-
depend-int	0.190	0.190	0.190	0.190	0.190	0.190	0.190	0.190	0.190	0.190	0.190	0.190	0.190	0.190	0.190	0.190	0.051	0.051	0.055	0.054	0.053	0.051	0.052	0.054	0.054	0.052	0.052	0.055	0.052	0.052	0.054	0.054
depend-fp	-
depend-branch	0.035	0.035	0.035	0.035	0.036	0.036	0.036	0.036	0.035	0.035	0.035	0.035	0.036	0.036	0.036	0.036	0.000	0.000	0.000	0.000	0.000	0.000	0.000	0.000	0.000	0.000	0.000	0.000	0.000	0.000	0.000	0.000
issue	0.000	0.000	0.000	0.000	0.000	0.000	0.000	0.000	0.000	0.000	0.000	0.000	0.000	0.000	0.000	0.000	0.085	0.085	0.091	0.089	0.086	0.085	0.086	0.090	0.091	0.086	0.086	0.090	0.086	0.087	0.089	0.090
serial	-
smt	-
branch	0.173	0.173	0.173	0.173	0.174	0.174	0.174	0.174	0.173	0.173	0.173	0.173	0.175	0.174	0.174	0.174	0.030	0.030	0.041	0.032	0.034	0.030	0.030	0.051	0.037	0.030	0.030	0.045	0.030	0.030	0.039	0.034
itlb	-
dtlb	-
ifetch	0.433	0.433	0.433	0.433	0.439	0.439	0.439	0.440	0.433	0.433	0.433	0.433	0.439	0.439	0.439	0.439	0.024	0.024	0.067	0.083	0.026	0.024	0.024	0.024	0.058	0.024	0.024	0.092	0.024	0.024	0.029	0.073
mem	-
mem-l1d	0.510	0.510	0.510	0.510	0.512	0.512	0.512	0.512	0.511	0.510	0.511	0.511	0.512	0.512	0.512	0.512	0.088	0.088	0.095	0.094	0.091	0.088	0.090	0.093	0.094	0.090	0.090	0.095	0.090	0.090	0.093	0.094
mem-l2	-
mem-l3	-
mem-l4	-
mem-remote	-
mem-nuca	-
mem-dram-cache	-
mem-dram	-
sync	-
dvfs-transition	-
imbalance	-
other	0.010	0.010	0.010	0.010	0.010	0.010	0.010	0.010	0.010	0.010	0.010	0.010	0.010	0.010	0.010	0.010	-0.010	-0.011	-0.101	-0.092	-0.012	-0.010	-0.017	-0.056	-0.078	-0.017	-0.017	-0.120	-0.017	-0.017	-0.048	-0.086
total	1.612	1.612	1.612	1.612	1.594	1.594	1.594	1.594	1.612	1.612	1.611	1.611	1.593	1.594	1.594	1.594	0.579	0.579	0.579	0.578	0.578	0.579	0.579	0.579	0.579	0.579	0.579	0.578	0.579	0.579	0.579	0.579
base	0.250	0.250	0.250	0.250	0.250	0.250	0.250	0.250	0.250	0.250	0.250	0.250	0.250	0.250	0.250	0.250	0.250	0.250	0.250	0.250	0.250	0.250	0.250	0.250	0.250	0.250	0.250	0.250	0.250	0.250	0.250	0.250
dispatch_width	-
rs_full	-
depend	-
depend-int	0.190	0.190	0.190	0.190	0.188	0.188	0.188	0.188	0.190	0.190	0.190	0.190	0.188	0.188	0.188	0.188	0.054	0.054	0.054	0.055	0.055	0.054	0.054	0.054	0.055	0.054	0.054	0.055	0.054	0.054	0.054	0.055
depend-fp	-
depend-branch	0.036	0.036	0.036	0.036	0.036	0.036	0.036	0.036	0.036	0.036	0.036	0.036	0.035	0.036	0.036	0.036	0.000	0.000	0.000	0.000	0.000	0.000	0.000	0.000	0.000	0.000	0.000	0.000	0.000	0.000	0.000	0.000
issue	0.000	0.000	0.000	0.000	0.000	0.000	0.000	0.000	0.000	0.000	0.000	0.000	0.000	0.000	0.000	0.000	0.078	0.078	0.078	0.079	0.078	0.078	0.078	0.078	0.078	0.078	0.078	0.079	0.078	0.078	0.078	0.079
serial	-
smt	-
branch	0.175	0.175	0.175	0.175	0.175	0.176	0.176	0.175	0.175	0.175	0.174	0.175	0.175	0.176	0.175	0.175	0.056	0.056	0.056	0.056	0.056	0.056	0.056	0.056	0.056	0.056	0.056	0.056	0.056	0.056	0.056	0.056
itlb	-
dtlb	-
ifetch	0.439	0.439	0.439	0.439	0.434	0.434	0.434	0.434	0.439	0.439	0.439	0.439	0.433	0.434	0.434	0.434	0.033	0.033	0.033	0.033	0.033	0.033	0.033	0.033	0.033	0.033	0.033	0.033	0.033	0.033	0.033	0.033
mem	-
mem-l1d	0.512	0.512	0.512	0.512	0.501	0.501	0.501	0.501	0.512	0.512	0.512	0.512	0.501	0.501	0.501	0.501	0.100	0.100	0.100	0.098	0.099	0.100	0.100	0.100	0.099	0.100	0.100	0.098	0.100	0.099	0.100	0.099
mem-l2	-
mem-l3	-
mem-l4	-
mem-remote	-
mem-nuca	-
mem-dram-cache	-
mem-dram	-
sync	-
dvfs-transition	-
imbalance	-
other	0.010	0.010	0.010	0.010	0.010	0.010	0.010	0.010	0.010	0.010	0.010	0.010	0.010	0.010	0.010	0.010	0.008	0.008	0.008	0.007	0.007	0.008	0.008	0.008	0.008	0.008	0.008	0.007	0.008	0.008	0.008	0.008
total	1.593	1.593	1.593	1.593	1.608	1.607	1.607	1.608	1.593	1.593	1.594	1.593	1.608	1.607	1.608	1.607	0.568	0.568	0.568	0.561	0.559	0.568	0.568	0.568	0.565	0.568	0.568	0.563	0.568	0.567	0.567	0.565
base	0.250	0.250	0.250	0.250	0.250	0.250	0.250	0.250	0.250	0.250	0.250	0.250	0.250	0.250	0.250	0.250	0.250	0.250	0.250	0.250	0.250	0.250	0.250	0.250	0.250	0.250	0.250	0.250	0.250	0.250	0.250	0.250
dispatch_width	-
rs_full	-
depend	-
depend-int	0.188	0.188	0.188	0.188	0.191	0.191	0.191	0.191	0.188	0.188	0.188	0.188	0.191	0.191	0.191	0.191	0.053	0.053	0.053	0.051	0.051	0.053	0.053	0.053	0.052	0.053	0.053	0.052	0.053	0.052	0.053	0.052
depend-fp	-
depend-branch	0.035	0.035	0.035	0.035	0.035	0.035	0.035	0.035	0.035	0.035	0.036	0.036	0.035	0.035	0.035	0.035	0.000	0.000	0.000	0.000	0.000	0.000	0.000	0.000	0.000	0.000	0.000	0.000	0.000	0.000	0.000	0.000
issue	0.000	0.000	0.000	0.000	0.000	0.000	0.000	0.000	0.000	0.000	0.000	0.000	0.000	0.000	0.000	0.000	0.079	0.079	0.079	0.079	0.079	0.079	0.079	0.079	0.079	0.079	0.079	0.078	0.079	0.079	0.079	0.079
serial	-
smt	-
branch	0.175	0.175	0.175	0.175	0.172	0.172	0.172	0.172	0.175	0.175	0.176	0.175	0.172	0.172	0.172	0.172	0.051	0.051	0.051	0.048	0.047	0.051	0.051	0.051	0.050	0.051	0.051	0.049	0.051	0.051	0.051	0.050
itlb	-
dtlb	-
ifetch	0.434	0.434	0.433	0.434	0.444	0.443	0.443	0.444	0.434	0.434	0.434	0.434	0.444	0.443	0.444	0.444	0.031	0.031	0.031	0.029	0.029	0.031	0.031	0.031	0.030	0.031	0.031	0.030	0.031	0.030	0.030	0.030
mem	-
mem-l1d	0.501	0.501	0.501	0.501	0.507	0.506	0.506	0.507	0.501	0.501	0.501	0.501	0.506	0.506	0.507	0.506	0.097	0.097	0.097	0.096	0.096	0.097	0.097	0.097	0.097	0.097	0.097	0.097	0.097	0.097	0.097	0.097
mem-l2	-
mem-l3	-
mem-l4	-
mem-remote	-
mem-nuca	-
mem-dram-cache	-
mem-dram	-
sync	-
dvfs-transition	-
imbalance	-
other	0.010	0.010	0.010	0.010	0.009	0.009	0.009	0.009	0.010	0.010	0.010	0.010	0.009	0.009	0.009	0.009	0.008	0.008	0.008	0.008	0.008	0.008	0.008	0.008	0.007	0.008	0.008	0.008	0.008	0.008	0.008	0.007
total	1.668	1.668	1.669	1.668	1.657	1.657	1.658	1.657	1.668	1.668	1.668	1.669	1.658	1.658	1.657	1.658	1.252	0.510	1.148	0.419	1.450	1.397	0.999	1.116	0.400	1.462	0.510	0.386	1.052	0.792	1.563	0.593
base	0.250	0.250	0.250	0.250	0.250	0.250	0.250	0.250	0.250	0.250	0.250	0.250	0.250	0.250	0.250	0.250	0.186	0.241	0.182	0.245	0.179	0.149	0.196	0.219	0.245	0.192	0.234	0.246	0.193	0.235	0.186	0.237
dispatch_width	-
rs_full	-
depend	-
depend-int	0.191	0.191	0.191	0.191	0.189	0.189	0.189	0.189	0.191	0.191	0.191	0.191	0.189	0.189	0.189	0.189	0.148	0.041	0.118	0.021	0.147	0.202	0.123	0.107	0.026	0.223	0.036	0.029	0.113	0.102	0.209	0.073
depend-fp	-
depend-branch	0.035	0.035	0.035	0.035	0.035	0.035	0.035	0.035	0.035	0.035	0.035	0.035	0.035	0.035	0.035	0.035	0.039	0.012	0.000	0.000	0.033	0.034	0.026	0.026	0.000	0.033	0.010	0.000	0.024	0.019	0.030	0.000
issue	0.000	0.000	0.000	0.000	0.000	0.000	0.000	0.000	0.000	0.000	0.000	0.000	0.000	0.000	0.000	0.000	0.021	0.033	0.046	0.056	0.000	0.000	0.014	0.063	0.070	0.000	0.030	0.046	0.052	0.030	0.019	0.122
serial	-
smt	-
branch	0.172	0.172	0.172	0.172	0.171	0.171	0.171	0.171	0.172	0.172	0.172	0.172	0.172	0.171	0.171	0.171	0.359	0.049	0.023	0.000	0.504	0.198	0.177	0.317	0.000	0.207	0.049	0.000	0.196	0.198	0.179	0.051
itlb	-
dtlb	-
ifetch	0.444	0.444	0.444	0.444	0.442	0.442	0.442	0.442	0.444	0.444	0.444	0.444	0.443	0.442	0.442	0.443	0.065	0.022	0.249	0.018	0.000	0.145	0.043	0.106	0.000	0.279	0.000	0.000	0.082	0.000	0.285	0.021
mem	-
mem-l1d	0.506	0.506	0.506	0.506	0.499	0.499	0.499	0.499	0.506	0.506	0.506	0.506	0.499	0.499	0.499	0.499	0.231	0.077	0.258	0.046	0.239	0.348	0.221	0.178	0.024	0.385	0.065	0.032	0.182	0.141	0.376	0.035
mem-l2	-
mem-l3	-
mem-l4	-
mem-remote	-
mem-nuca	-
mem-dram-cache	-
mem-dram	-
sync	-
dvfs-transition	-
imbalance	0.061	0.061	0.061	0.061	0.061	0.061	0.061	0.061	0.061	0.061	0.061	0.061	0.061	0.061	0.061	0.061	0.199	0.033	0.255	0.032	0.345	0.312	0.196	0.095	0.029	0.137	0.083	0.029	0.205	0.058	0.276	0.050
other	0.009	0.009	0.009	0.009	0.010	0.010	0.010	0.010	0.009	0.009	0.009	0.009	0.010	0.010	0.010	0.010	0.003	0.001	0.016	0.001	0.003	0.010	0.002	0.005	0.005	0.007	0.001	0.005	0.006	0.009	0.004	0.005
total	1.598	1.598	1.597	1.598	1.598	1.597	1.597	1.598	1.598	1.598	1.597	1.597	1.598	1.597	1.598	1.597	2.805	2.802	2.793	2.555	2.493	2.798	2.799	2.795	2.748	2.798	2.802	2.632	2.795	2.780	2.785	2.683
base	0.250	0.250	0.250	0.250	0.250	0.250	0.250	0.250	0.250	0.250	0.250	0.250	0.250	0.250	0.250	0.250	0.446	0.355	0.402	0.310	0.378	0.335	0.309	0.466	0.328	0.323	0.318	0.321	0.373	0.442	0.463	0.331
dispatch_width	-
rs_full	-
depend	-
depend-int	0.189	0.189	0.189	0.189	0.189	0.189	0.189	0.189	0.189	0.189	0.189	0.189	0.189	0.189	0.189	0.189	0.066	0.060	0.064	0.059	0.066	0.058	0.055	0.067	0.059	0.057	0.056	0.059	0.061	0.066	0.067	0.059
depend-fp	-
depend-branch	0.035	0.035	0.035	0.035	0.035	0.035	0.035	0.035	0.035	0.035	0.035	0.035	0.035	0.035	0.035	0.035	0.000	0.000	0.000	0.000	0.000	0.000	0.000	0.000	0.000	0.000	0.000	0.000	0.000	0.000	0.000	0.000
issue	0.000	0.000	0.000	0.000	0.000	0.000	0.000	0.000	0.000	0.000	0.000	0.000	0.000	0.000	0.000	0.000	0.112	0.101	0.107	0.093	0.103	0.098	0.094	0.113	0.097	0.096	0.096	0.096	0.104	0.111	0.113	0.098
serial	-
smt	-
branch	0.172	0.172	0.172	0.172	0.173	0.173	0.173	0.173	0.171	0.171	0.171	0.171	0.172	0.173	0.173	0.172	0.112	0.000	0.165	0.035	0.039	0.000	0.000	0.431	0.030	0.000	0.000	0.032	0.163	0.438	0.000	0.030
itlb	-
dtlb	-
ifetch	0.443	0.443	0.443	0.443	0.439	0.439	0.439	0.439	0.443	0.443	0.442	0.442	0.439	0.439	0.439	0.439	0.258	0.031	0.032	0.034	0.034	0.031	0.031	0.031	0.033	0.031	0.031	0.034	0.031	0.032	0.232	0.032
mem	-
mem-l1d	0.499	0.499	0.499	0.499	0.502	0.501	0.501	0.502	0.499	0.499	0.499	0.499	0.502	0.501	0.502	0.501	0.137	0.124	0.132	0.119	0.132	0.121	0.115	0.139	0.122	0.118	0.117	0.121	0.128	0.137	0.139	0.121
mem-l2	-
mem-l3	-
mem-l4	-
mem-remote	-
mem-nuca	-
mem-dram-cache	-
mem-dram	-
sync	-
dvfs-transition	-
imbalance	0.000	0.000	0.000	0.000	0.000	0.000	0.000	0.000	0.000	0.000	0.000	0.000	0.000	0.000	0.000	0.000	1.653	2.084	1.871	1.885	1.721	2.109	2.149	1.527	2.059	2.125	2.138	1.950	1.915	1.531	1.723	1.992
other	0.010	0.010	0.010	0.010	0.010	0.010	0.010	0.010	0.010	0.010	0.010	0.010	0.010	0.010	0.010	0.010	0.021	0.046	0.021	0.020	0.020	0.046	0.046	0.021	0.021	0.046	0.046	0.020	0.021	0.021	0.048	0.020
total	1.598	1.598	1.598	1.598	1.612	1.612	1.613	1.612	1.598	1.598	1.597	1.597	1.611	1.613	1.612	1.613	3600028.350	3600028.350	3600028.350	3600028.350	3600028.350	3600028.350	3600028.350	3600028.350	3600028.350	3600028.350	3600028.350	3600028.350	3600028.350	3600028.350	3600028.350	3600028.350
base	0.250	0.250	0.250	0.250	0.250	0.250	0.250	0.250	0.250	0.250	0.250	0.250	0.250	0.250	0.250	0.250	0.000	0.000	0.000	0.000	0.000	0.000	0.000	0.000	0.000	0.000	0.000	0.000	0.000	0.000	0.000	0.000
dispatch_width	-
rs_full	-
depend	-
depend-int	0.189	0.189	0.189	0.189	0.191	0.191	0.191	0.191	0.189	0.189	0.189	0.189	0.190	0.191	0.191	0.191	0.000	0.000	0.000	0.000	0.000	0.000	0.000	0.000	0.000	0.000	0.000	0.000	0.000	0.000	0.000	0.000
depend-fp	-
depend-branch	0.035	0.035	0.035	0.035	0.036	0.036	0.036	0.036	0.035	0.035	0.035	0.035	0.036	0.036	0.036	0.036	0.000	0.000	0.000	0.000	0.000	0.000	0.000	0.000	0.000	0.000	0.000	0.000	0.000	0.000	0.000	0.000
issue	-
serial	-
smt	-
branch	0.172	0.172	0.172	0.172	0.175	0.175	0.175	0.175	0.172	0.172	0.173	0.172	0.175	0.175	0.175	0.175	0.000	0.000	0.000	0.000	0.000	0.000	0.000	0.000	0.000	0.000	0.000	0.000	0.000	0.000	0.000	0.000
itlb	-
dtlb	-
ifetch	0.439	0.439	0.439	0.439	0.444	0.444	0.444	0.444	0.439	0.439	0.439	0.439	0.444	0.444	0.444	0.444	0.000	0.000	0.000	0.000	0.000	0.000	0.000	0.000	0.000	0.000	0.000	0.000	0.000	0.000	0.000	0.000
mem	-
mem-l1d	0.502	0.502	0.502	0.502	0.506	0.506	0.506	0.506	0.502	0.502	0.501	0.501	0.506	0.506	0.506	0.507	0.000	0.000	0.000	0.000	0.000	0.000	0.000	0.000	0.000	0.000	0.000	0.000	0.000	0.000	0.000	0.000
mem-l2	-
mem-l3	-
mem-l4	-
mem-remote	-
mem-nuca	-
mem-dram-cache	-
mem-dram	-
sync	-
dvfs-transition	-
imbalance	0.000	0.000	0.000	0.000	0.000	0.000	0.000	0.000	0.000	0.000	0.000	0.000	0.000	0.000	0.000	0.000	3600028.350	3600028.350	3600028.350	3600028.350	3600028.350	3600028.350	3600028.350	3600028.350	3600028.350	3600028.350	3600028.350	3600028.350	3600028.350	3600028.350	3600028.350	3600028.350
other	0.010	0.010	0.010	0.010	0.011	0.011	0.011	0.011	0.010	0.010	0.010	0.010	0.011	0.011	0.011	0.011	0.000	0.000	0.000	0.000	0.000	0.000	0.000	0.000	0.000	0.000	0.000	0.000	0.000	0.000	0.000	0.000
total	1.612	1.612	1.611	1.611	1.574	1.574	1.574	1.574	1.612	1.612	1.613	1.613	1.575	1.574	1.574	1.574	3600014.360	3600014.360	3600014.360	3600014.360	3600014.360	3600014.360	3600014.360	3600014.360	3600014.360	3600014.360	3600014.360	3600014.360	3600014.360	3600014.360	3600014.360	3600014.360
base	0.250	0.250	0.250	0.250	0.250	0.250	0.250	0.250	0.250	0.250	0.250	0.250	0.250	0.250	0.250	0.250	0.000	0.000	0.000	0.000	0.000	0.000	0.000	0.000	0.000	0.000	0.000	0.000	0.000	0.000	0.000	0.000
dispatch_width	-
rs_full	-
depend	-
depend-int	0.190	0.190	0.190	0.190	0.191	0.191	0.191	0.191	0.190	0.190	0.191	0.191	0.191	0.191	0.191	0.191	0.000	0.000	0.000	0.000	0.000	0.000	0.000	0.000	0.000	0.000	0.000	0.000	0.000	0.000	0.000	0.000
depend-fp	-
depend-branch	0.036	0.036	0.036	0.036	0.032	0.032	0.032	0.032	0.036	0.036	0.036	0.036	0.033	0.032	0.032	0.032	0.000	0.000	0.000	0.000	0.000	0.000	0.000	0.000	0.000	0.000	0.000	0.000	0.000	0.000	0.000	0.000
issue	-
serial	-
smt	-
branch	0.175	0.175	0.175	0.175	0.160	0.160	0.160	0.160	0.175	0.175	0.175	0.175	0.160	0.160	0.160	0.160	0.000	0.000	0.000	0.000	0.000	0.000	0.000	0.000	0.000	0.000	0.000	0.000	0.000	0.000	0.000	0.000
itlb	-
dtlb	-
ifetch	0.444	0.444	0.444	0.444	0.424	0.424	0.424	0.424	0.444	0.444	0.444	0.444	0.425	0.424	0.424	0.424	0.000	0.000	0.000	0.000	0.000	0.000	0.000	0.000	0.000	0.000	0.000	0.000	0.000	0.000	0.000	0.000
mem	-
mem-l1d	0.506	0.506	0.506	0.506	0.506	0.506	0.506	0.506	0.506	0.506	0.506	0.507	0.506	0.506	0.506	0.506	0.000	0.000	0.000	0.000	0.000	0.000	0.000	0.000	0.000	0.000	0.000	0.000	0.000	0.000	0.000	0.000
mem-l2	-
mem-l3	-
mem-l4	-
mem-remote	-
mem-nuca	-
mem-dram-cache	-
mem-dram	-
sync	-
dvfs-transition	-
imbalance	0.000	0.000	0.000	0.000	0.000	0.000	0.000	0.000	0.000	0.000	0.000	0.000	0.000	0.000	0.000	0.000	3600014.360	3600014.360	3600014.360	3600014.360	3600014.360	3600014.360	3600014.360	3600014.360	3600014.360	3600014.360	3600014.360	3600014.360	3600014.360	3600014.360	3600014.360	3600014.360
other	0.011	0.011	0.011	0.011	0.009	0.009	0.009	0.009	0.011	0.011	0.011	0.011	0.009	0.009	0.009	0.009	0.000	0.000	0.000	0.000	0.000	0.000	0.000	0.000	0.000	0.000	0.000	0.000	0.000	0.000	0.000	0.000
total	1.574	1.574	1.575	1.574	1.573	1.573	1.573	1.573	1.574	1.574	1.574	1.574	1.571	1.573	1.573	1.572	3600006.350	3600006.350	3600006.350	3600006.350	3600006.350	3600006.350	3600006.350	3600006.350	3600006.350	3600006.350	3600006.350	3600006.350	3600006.350	3600006.350	3600006.350	3600006.350
base	0.250	0.250	0.250	0.250	0.250	0.250	0.250	0.250	0.250	0.250	0.250	0.250	0.250	0.250	0.250	0.250	0.000	0.000	0.000	0.000	0.000	0.000	0.000	0.000	0.000	0.000	0.000	0.000	0.000	0.000	0.000	0.000
dispatch_width	-
rs_full	-
depend	-
depend-int	0.191	0.191	0.191	0.191	0.191	0.191	0.191	0.191	0.191	0.191	0.191	0.191	0.191	0.191	0.191	0.191	0.000	0.000	0.000	0.000	0.000	0.000	0.000	0.000	0.000	0.000	0.000	0.000	0.000	0.000	0.000	0.000
depend-fp	-
depend-branch	0.032	0.032	0.032	0.033	0.033	0.033	0.033	0.033	0.032	0.032	0.032	0.032	0.033	0.033	0.033	0.033	0.000	0.000	0.000	0.000	0.000	0.000	0.000	0.000	0.000	0.000	0.000	0.000	0.000	0.000	0.000	0.000
issue	-
serial	-
smt	-
branch	0.160	0.160	0.160	0.160	0.158	0.158	0.158	0.158	0.160	0.160	0.160	0.160	0.158	0.158	0.158	0.158	0.000	0.000	0.000	0.000	0.000	0.000	0.000	0.000	0.000	0.000	0.000	0.000	0.000	0.000	0.000	0.000
itlb	-
dtlb	-
ifetch	0.425	0.425	0.425	0.425	0.425	0.425	0.425	0.425	0.425	0.425	0.424	0.425	0.425	0.425	0.425	0.425	0.000	0.000	0.000	0.000	0.000	0.000	0.000	0.000	0.000	0.000	0.000	0.000	0.000	0.000	0.000	0.000
mem	-
mem-l1d	0.506	0.506	0.506	0.506	0.506	0.506	0.506	0.506	0.506	0.506	0.506	0.506	0.506	0.506	0.506	0.506	0.000	0.000	0.000	0.000	0.000	0.000	0.000	0.000	0.000	0.000	0.000	0.000	0.000	0.000	0.000	0.000
mem-l2	-
mem-l3	-
mem-l4	-
mem-remote	-
mem-nuca	-
mem-dram-cache	-
mem-dram	-
sync	-
dvfs-transition	-
imbalance	0.000	0.000	0.000	0.000	0.000	0.000	0.000	0.000	0.000	0.000	0.000	0.000	0.000	0.000	0.000	0.000	3600006.350	3600006.350	3600006.350	3600006.350	3600006.350	3600006.350	3600006.350	3600006.350	3600006.350	3600006.350	3600006.350	3600006.350	3600006.350	3600006.350	3600006.350	3600006.350
other	0.009	0.009	0.009	0.009	0.010	0.010	0.010	0.010	0.009	0.009	0.009	0.009	0.010	0.010	0.010	0.010	0.000	0.000	0.000	0.000	0.000	0.000	0.000	0.000	0.000	0.000	0.000	0.000	0.000	0.000	0.000	0.000
total	1.572	1.572	1.572	1.572	1.577	1.577	1.577	1.577	1.572	1.572	1.573	1.572	1.580	1.577	1.577	1.578	3600012.099	3600012.099	3600012.099	3600012.099	3600012.099	3600012.099	3600012.099	3600012.099	3600012.099	3600012.099	3600012.099	3600012.099	3600012.099	3600012.099	3600012.099	3600012.099
base	0.250	0.250	0.250	0.250	0.250	0.250	0.250	0.250	0.250	0.250	0.250	0.250	0.250	0.250	0.250	0.250	0.000	0.000	0.000	0.000	0.000	0.000	0.000	0.000	0.000	0.000	0.000	0.000	0.000	0.000	0.000	0.000
dispatch_width	-
rs_full	-
depend	-
depend-int	0.191	0.191	0.191	0.191	0.190	0.190	0.190	0.190	0.191	0.191	0.191	0.191	0.190	0.190	0.190	0.190	0.000	0.000	0.000	0.000	0.000	0.000	0.000	0.000	0.000	0.000	0.000	0.000	0.000	0.000	0.000	0.000
depend-fp	-
depend-branch	0.033	0.033	0.033	0.032	0.034	0.034	0.034	0.034	0.033	0.033	0.033	0.033	0.034	0.034	0.034	0.034	0.000	0.000	0.000	0.000	0.000	0.000	0.000	0.000	0.000	0.000	0.000	0.000	0.000	0.000	0.000	0.000
issue	-
serial	-
smt	-
branch	0.158	0.158	0.158	0.158	0.161	0.161	0.161	0.161	0.158	0.158	0.158	0.158	0.162	0.161	0.161	0.161	0.000	0.000	0.000	0.000	0.000	0.000	0.000	0.000	0.000	0.000	0.000	0.000	0.000	0.000	0.000	0.000
itlb	-
dtlb	-
ifetch	0.425	0.425	0.425	0.425	0.437	0.437	0.437	0.437	0.425	0.425	0.425	0.425	0.438	0.437	0.437	0.438	0.000	0.000	0.000	0.000	0.000	0.000	0.000	0.000	0.000	0.000	0.000	0.000	0.000	0.000	0.000	0.000
mem	-
mem-l1d	0.506	0.506	0.506	0.506	0.495	0.495	0.495	0.495	0.506	0.506	0.506	0.506	0.496	0.495	0.495	0.495	0.000	0.000	0.000	0.000	0.000	0.000	0.000	0.000	0.000	0.000	0.000	0.000	0.000	0.000	0.000	0.000
mem-l2	-
mem-l3	-
mem-l4	-
mem-remote	-
mem-nuca	-
mem-dram-cache	-
mem-dram	-
sync	-
dvfs-transition	-
imbalance	0.000	0.000	0.000	0.000	0.000	0.000	0.000	0.000	0.000	0.000	0.000	0.000	0.000	0.000	0.000	0.000	3600012.099	3600012.099	3600012.099	3600012.099	3600012.099	3600012.099	3600012.099	3600012.099	3600012.099	3600012.099	3600012.099	3600012.099	3600012.099	3600012.099	3600012.099	3600012.099
other	0.010	0.010	0.010	0.010	0.010	0.010	0.010	0.010	0.010	0.010	0.010	0.010	0.010	0.010	0.010	0.010	0.000	0.000	0.000	0.000	0.000	0.000	0.000	0.000	0.000	0.000	0.000	0.000	0.000	0.000	0.000	0.000
total	1.579	1.579	1.580	1.579	1.559	1.559	1.559	1.559	1.579	1.579	1.577	1.579	1.560	1.559	1.559	1.560	3600032.019	3600032.019	3600032.019	3600032.019	3600032.019	3600032.019	3600032.019	3600032.019	3600032.019	3600032.019	3600032.019	3600032.019	3600032.019	3600032.019	3600032.019	3600032.019
base	0.250	0.250	0.250	0.250	0.250	0.250	0.250	0.250	0.250	0.250	0.250	0.250	0.250	0.250	0.250	0.250	0.000	0.000	0.000	0.000	0.000	0.000	0.000	0.000	0.000	0.000	0.000	0.000	0.000	0.000	0.000	0.000
dispatch_width	-
rs_full	-
depend	-
depend-int	0.190	0.190	0.190	0.190	0.188	0.188	0.188	0.188	0.190	0.190	0.190	0.190	0.188	0.188	0.188	0.188	0.000	0.000	0.000	0.000	0.000	0.000	0.000	0.000	0.000	0.000	0.000	0.000	0.000	0.000	0.000	0.000
depend-fp	-
depend-branch	0.034	0.034	0.034	0.034	0.033	0.033	0.033	0.033	0.034	0.034	0.034	0.034	0.034	0.033	0.033	0.034	0.000	0.000	0.000	0.000	0.000	0.000	0.000	0.000	0.000	0.000	0.000	0.000	0.000	0.000	0.000	0.000
issue	-
serial	-
smt	-
branch	0.161	0.161	0.162	0.162	0.162	0.162	0.162	0.162	0.161	0.161	0.161	0.161	0.162	0.162	0.162	0.162	0.000	0.000	0.000	0.000	0.000	0.000	0.000	0.000	0.000	0.000	0.000	0.000	0.000	0.000	0.000	0.000
itlb	-
dtlb	-
ifetch	0.438	0.438	0.438	0.438	0.421	0.421	0.421	0.421	0.438	0.438	0.437	0.438	0.422	0.421	0.421	0.421	0.000	0.000	0.000	0.000	0.000	0.000	0.000	0.000	0.000	0.000	0.000	0.000	0.000	0.000	0.000	0.000
mem	-
mem-l1d	0.495	0.495	0.496	0.495	0.496	0.496	0.496	0.496	0.495	0.495	0.495	0.495	0.496	0.496	0.496	0.496	0.000	0.000	0.000	0.000	0.000	0.000	0.000	0.000	0.000	0.000	0.000	0.000	0.000	0.000	0.000	0.000
mem-l2	-
mem-l3	-
mem-l4	-
mem-remote	-
mem-nuca	-
mem-dram-cache	-
mem-dram	-
sync	-
dvfs-transition	-
imbalance	0.000	0.000	0.000	0.000	0.000	0.000	0.000	0.000	0.000	0.000	0.000	0.000	0.000	0.000	0.000	0.000	3600032.019	3600032.019	3600032.019	3600032.019	3600032.019	3600032.019	3600032.019	3600032.019	3600032.019	3600032.019	3600032.019	3600032.019	3600032.019	3600032.019	3600032.019	3600032.019
other	0.010	0.010	0.010	0.010	0.009	0.009	0.009	0.009	0.010	0.010	0.010	0.010	0.009	0.009	0.009	0.009	0.000	0.000	0.000	0.000	0.000	0.000	0.000	0.000	0.000	0.000	0.000	0.000	0.000	0.000	0.000	0.000
total	1.559	1.559	1.560	1.559	1.557	1.557	1.557	1.557	1.560	1.560	1.559	1.559	1.555	1.557	1.557	1.557	3600040.980	3600040.980	3600040.980	3600040.980	3600040.980	3600040.980	3600040.980	3600040.980	3600040.980	3600040.980	3600040.980	3600040.980	3600040.980	3600040.980	3600040.980	3600040.980
base	0.250	0.250	0.250	0.250	0.250	0.250	0.250	0.250	0.250	0.250	0.250	0.250	0.250	0.250	0.250	0.250	0.000	0.000	0.000	0.000	0.000	0.000	0.000	0.000	0.000	0.000	0.000	0.000	0.000	0.000	0.000	0.000
dispatch_width	-
rs_full	-
depend	-
depend-int	0.188	0.188	0.188	0.188	0.190	0.190	0.190	0.190	0.188	0.188	0.188	0.188	0.189	0.190	0.190	0.189	0.000	0.000	0.000	0.000	0.000	0.000	0.000	0.000	0.000	0.000	0.000	0.000	0.000	0.000	0.000	0.000
depend-fp	-
depend-branch	0.034	0.034	0.034	0.033	0.032	0.032	0.032	0.032	0.034	0.034	0.033	0.034	0.032	0.032	0.032	0.032	0.000	0.000	0.000	0.000	0.000	0.000	0.000	0.000	0.000	0.000	0.000	0.000	0.000	0.000	0.000	0.000
issue	-
serial	-
smt	-
branch	0.162	0.162	0.162	0.162	0.153	0.153	0.153	0.153	0.162	0.162	0.162	0.162	0.153	0.153	0.153	0.153	0.000	0.000	0.000	0.000	0.000	0.000	0.000	0.000	0.000	0.000	0.000	0.000	0.000	0.000	0.000	0.000
itlb	-
dtlb	-
ifetch	0.422	0.422	0.422	0.422	0.416	0.416	0.416	0.416	0.422	0.422	0.421	0.421	0.415	0.416	0.416	0.416	0.000	0.000	0.000	0.000	0.000	0.000	0.000	0.000	0.000	0.000	0.000	0.000	0.000	0.000	0.000	0.000
mem	-
mem-l1d	0.496	0.496	0.496	0.496	0.506	0.506	0.506	0.506	0.496	0.496	0.496	0.496	0.505	0.506	0.506	0.506	0.000	0.000	0.000	0.000	0.000	0.000	0.000	0.000	0.000	0.000	0.000	0.000	0.000	0.000	0.000	0.000
mem-l2	-
mem-l3	-
mem-l4	-
mem-remote	-
mem-nuca	-
mem-dram-cache	-
mem-dram	-
sync	-
dvfs-transition	-
imbalance	0.000	0.000	0.000	0.000	0.000	0.000	0.000	0.000	0.000	0.000	0.000	0.000	0.000	0.000	0.000	0.000	3600040.980	3600040.980	3600040.980	3600040.980	3600040.980	3600040.980	3600040.980	3600040.980	3600040.980	3600040.980	3600040.980	3600040.980	3600040.980	3600040.980	3600040.980	3600040.980
other	0.009	0.009	0.009	0.009	0.010	0.010	0.010	0.010	0.009	0.009	0.009	0.009	0.010	0.010	0.010	0.010	0.000	0.000	0.000	0.000	0.000	0.000	0.000	0.000	0.000	0.000	0.000	0.000	0.000	0.000	0.000	0.000
total	1.555	1.555	1.555	1.555	1.579	1.579	1.579	1.579	1.556	1.555	1.557	1.556	1.579	1.579	1.579	1.579	3600012.900	3600012.900	3600012.900	3600012.900	3600012.900	3600012.900	3600012.900	3600012.900	3600012.900	3600012.900	3600012.900	3600012.900	3600012.900	3600012.900	3600012.900	3600012.900
base	0.250	0.250	0.250	0.250	0.250	0.250	0.250	0.250	0.250	0.250	0.250	0.250	0.250	0.250	0.250	0.250	0.000	0.000	0.000	0.000	0.000	0.000	0.000	0.000	0.000	0.000	0.000	0.000	0.000	0.000	0.000	0.000
dispatch_width	-
rs_full	-
depend	-
depend-int	0.189	0.189	0.189	0.189	0.190	0.190	0.190	0.190	0.189	0.189	0.190	0.189	0.190	0.190	0.190	0.190	0.000	0.000	0.000	0.000	0.000	0.000	0.000	0.000	0.000	0.000	0.000	0.000	0.000	0.000	0.000	0.000
depend-fp	-
depend-branch	0.032	0.032	0.032	0.032	0.034	0.034	0.034	0.034	0.032	0.032	0.032	0.032	0.034	0.034	0.034	0.034	0.000	0.000	0.000	0.000	0.000	0.000	0.000	0.000	0.000	0.000	0.000	0.000	0.000	0.000	0.000	0.000
issue	-
serial	-
smt	-
branch	0.153	0.153	0.153	0.153	0.163	0.163	0.163	0.163	0.153	0.153	0.153	0.153	0.163	0.163	0.163	0.163	0.000	0.000	0.000	0.000	0.000	0.000	0.000	0.000	0.000	0.000	0.000	0.000	0.000	0.000	0.000	0.000
itlb	-
dtlb	-
ifetch	0.415	0.415	0.415	0.415	0.426	0.426	0.426	0.426	0.415	0.415	0.416	0.416	0.426	0.426	0.425	0.425	0.000	0.000	0.000	0.000	0.000	0.000	0.000	0.000	0.000	0.000	0.000	0.000	0.000	0.000	0.000	0.000
mem	-
mem-l1d	0.505	0.505	0.505	0.505	0.507	0.507	0.507	0.507	0.505	0.505	0.506	0.506	0.507	0.507	0.507	0.507	0.000	0.000	0.000	0.000	0.000	0.000	0.000	0.000	0.000	0.000	0.000	0.000	0.000	0.000	0.000	0.000
mem-l2	-
mem-l3	-
mem-l4	-
mem-remote	-
mem-nuca	-
mem-dram-cache	-
mem-dram	-
sync	-
dvfs-transition	-
imbalance	0.000	0.000	0.000	0.000	0.000	0.000	0.000	0.000	0.000	0.000	0.000	0.000	0.000	0.000	0.000	0.000	3600012.900	3600012.900	3600012.900	3600012.900	3600012.900	3600012.900	3600012.900	3600012.900	3600012.900	3600012.900	3600012.900	3600012.900	3600012.900	3600012.900	3600012.900	3600012.900
other	0.010	0.010	0.010	0.010	0.010	0.010	0.010	0.010	0.010	0.010	0.010	0.010	0.010	0.010	0.010	0.010	0.000	0.000	0.000	0.000	0.000	0.000	0.000	0.000	0.000	0.000	0.000	0.000	0.000	0.000	0.000	0.000
total	1.579	1.579	1.579	1.579	1.592	1.592	1.592	1.592	1.579	1.579	1.579	1.578	1.592	1.592	1.592	1.592	3600045.990	3600045.990	3600045.990	3600045.990	3600045.990	3600045.990	3600045.990	3600045.990	3600045.990	3600045.990	3600045.990	3600045.990	3600045.990	3600045.990	3600045.990	3600045.990
base	0.250	0.250	0.250	0.250	0.250	0.250	0.250	0.250	0.250	0.250	0.250	0.250	0.250	0.250	0.250	0.250	0.000	0.000	0.000	0.000	0.000	0.000	0.000	0.000	0.000	0.000	0.000	0.000	0.000	0.000	0.000	0.000
dispatch_width	-
rs_full	-
depend	-
depend-int	0.190	0.190	0.190	0.190	0.189	0.189	0.189	0.189	0.190	0.190	0.190	0.190	0.189	0.189	0.189	0.189	0.000	0.000	0.000	0.000	0.000	0.000	0.000	0.000	0.000	0.000	0.000	0.000	0.000	0.000	0.000	0.000
depend-fp	-
depend-branch	0.034	0.034	0.034	0.034	0.035	0.035	0.035	0.035	0.034	0.034	0.034	0.034	0.035	0.035	0.035	0.035	0.000	0.000	0.000	0.000	0.000	0.000	0.000	0.000	0.000	0.000	0.000	0.000	0.000	0.000	0.000	0.000
issue	-
serial	-
smt	-
branch	0.163	0.163	0.163	0.163	0.172	0.172	0.172	0.172	0.163	0.163	0.163	0.163	0.172	0.172	0.172	0.172	0.000	0.000	0.000	0.000	0.000	0.000	0.000	0.000	0.000	0.000	0.000	0.000	0.000	0.000	0.000	0.000
itlb	-
dtlb	-
ifetch	0.426	0.426	0.426	0.426	0.437	0.437	0.437	0.437	0.425	0.425	0.426	0.425	0.437	0.437	0.437	0.437	0.000	0.000	0.000	0.000	0.000	0.000	0.000	0.000	0.000	0.000	0.000	0.000	0.000	0.000	0.000	0.000
mem	-
mem-l1d	0.507	0.507	0.507	0.507	0.499	0.498	0.498	0.499	0.507	0.507	0.507	0.507	0.498	0.498	0.499	0.499	0.000	0.000	0.000	0.000	0.000	0.000	0.000	0.000	0.000	0.000	0.000	0.000	0.000	0.000	0.000	0.000
mem-l2	-
mem-l3	-
mem-l4	-
mem-remote	-
mem-nuca	-
mem-dram-cache	-
mem-dram	-
sync	-
dvfs-transition	-
imbalance	0.000	0.000	0.000	0.000	0.000	0.000	0.000	0.000	0.000	0.000	0.000	0.000	0.000	0.000	0.000	0.000	3600045.990	3600045.990	3600045.990	3600045.990	3600045.990	3600045.990	3600045.990	3600045.990	3600045.990	3600045.990	3600045.990	3600045.990	3600045.990	3600045.990	3600045.990	3600045.990
other	0.010	0.010	0.010	0.010	0.010	0.010	0.010	0.010	0.010	0.010	0.010	0.010	0.010	0.010	0.010	0.010	0.000	0.000	0.000	0.000	0.000	0.000	0.000	0.000	0.000	0.000	0.000	0.000	0.000	0.000	0.000	0.000
total	1.592	1.592	1.592	1.592	1.557	1.556	1.556	1.557	1.593	1.592	1.592	1.593	1.557	1.556	1.557	1.556	3600024.870	3600024.870	3600024.870	3600024.870	3600024.870	3600024.870	3600024.870	3600024.870	3600024.870	3600024.870	3600024.870	3600024.870	3600024.870	3600024.870	3600024.870	3600024.870
base	0.250	0.250	0.250	0.250	0.250	0.250	0.250	0.250	0.250	0.250	0.250	0.250	0.250	0.250	0.250	0.250	0.000	0.000	0.000	0.000	0.000	0.000	0.000	0.000	0.000	0.000	0.000	0.000	0.000	0.000	0.000	0.000
dispatch_width	-
rs_full	-
depend	-
depend-int	0.189	0.189	0.189	0.189	0.188	0.187	0.187	0.187	0.189	0.189	0.189	0.189	0.187	0.187	0.188	0.187	0.000	0.000	0.000	0.000	0.000	0.000	0.000	0.000	0.000	0.000	0.000	0.000	0.000	0.000	0.000	0.000
depend-fp	-
depend-branch	0.035	0.035	0.035	0.035	0.033	0.033	0.033	0.033	0.035	0.035	0.035	0.035	0.033	0.033	0.033	0.033	0.000	0.000	0.000	0.000	0.000	0.000	0.000	0.000	0.000	0.000	0.000	0.000	0.000	0.000	0.000	0.000
issue	-
serial	-
smt	-
branch	0.172	0.172	0.172	0.172	0.158	0.158	0.158	0.158	0.172	0.172	0.172	0.172	0.158	0.158	0.158	0.158	0.000	0.000	0.000	0.000	0.000	0.000	0.000	0.000	0.000	0.000	0.000	0.000	0.000	0.000	0.000	0.000
itlb	-
dtlb	-
ifetch	0.437	0.437	0.437	0.437	0.418	0.417	0.417	0.418	0.437	0.437	0.437	0.437	0.418	0.417	0.418	0.418	0.000	0.000	0.000	0.000	0.000	0.000	0.000	0.000	0.000	0.000	0.000	0.000	0.000	0.000	0.000	0.000
mem	-
mem-l1d	0.498	0.498	0.498	0.498	0.501	0.501	0.501	0.501	0.499	0.499	0.498	0.499	0.501	0.501	0.501	0.501	0.000	0.000	0.000	0.000	0.000	0.000	0.000	0.000	0.000	0.000	0.000	0.000	0.000	0.000	0.000	0.000
mem-l2	-
mem-l3	-
mem-l4	-
mem-remote	-
mem-nuca	-
mem-dram-cache	-
mem-dram	-
sync	-
dvfs-transition	-
imbalance	0.000	0.000	0.000	0.000	0.000	0.000	0.000	0.000	0.000	0.000	0.000	0.000	0.000	0.000	0.000	0.000	3600024.870	3600024.870	3600024.870	3600024.870	3600024.870	3600024.870	3600024.870	3600024.870	3600024.870	3600024.870	3600024.870	3600024.870	3600024.870	3600024.870	3600024.870	3600024.870
other	0.010	0.010	0.010	0.010	0.009	0.009	0.009	0.009	0.010	0.010	0.010	0.010	0.009	0.009	0.009	0.009	0.000	0.000	0.000	0.000	0.000	0.000	0.000	0.000	0.000	0.000	0.000	0.000	0.000	0.000	0.000	0.000
total	1.556	1.556	1.557	1.556	1.591	1.591	1.591	1.590	1.557	1.557	1.556	1.556	1.595	1.591	1.591	1.592	3600013.830	3600013.830	3600013.830	3600013.830	3600013.830	3600013.830	3600013.830	3600013.830	3600013.830	3600013.830	3600013.830	3600013.830	3600013.830	3600013.830	3600013.830	3600013.830
base	0.250	0.250	0.250	0.250	0.250	0.250	0.250	0.250	0.250	0.250	0.250	0.250	0.250	0.250	0.250	0.250	0.000	0.000	0.000	0.000	0.000	0.000	0.000	0.000	0.000	0.000	0.000	0.000	0.000	0.000	0.000	0.000
dispatch_width	-
rs_full	-
depend	-
depend-int	0.187	0.187	0.187	0.187	0.191	0.191	0.191	0.191	0.187	0.187	0.187	0.187	0.191	0.191	0.191	0.191	0.000	0.000	0.000	0.000	0.000	0.000	0.000	0.000	0.000	0.000	0.000	0.000	0.000	0.000	0.000	0.000
depend-fp	-
depend-branch	0.033	0.033	0.033	0.033	0.034	0.034	0.034	0.034	0.033	0.033	0.033	0.033	0.034	0.034	0.034	0.034	0.000	0.000	0.000	0.000	0.000	0.000	0.000	0.000	0.000	0.000	0.000	0.000	0.000	0.000	0.000	0.000
issue	-
serial	-
smt	-
branch	0.158	0.158	0.158	0.158	0.163	0.163	0.163	0.163	0.158	0.158	0.158	0.158	0.163	0.163	0.163	0.163	0.000	0.000	0.000	0.000	0.000	0.000	0.000	0.000	0.000	0.000	0.000	0.000	0.000	0.000	0.000	0.000
itlb	-
dtlb	-
ifetch	0.418	0.418	0.418	0.418	0.436	0.436	0.436	0.436	0.418	0.418	0.418	0.417	0.438	0.436	0.436	0.437	0.000	0.000	0.000	0.000	0.000	0.000	0.000	0.000	0.000	0.000	0.000	0.000	0.000	0.000	0.000	0.000
mem	-
mem-l1d	0.501	0.501	0.501	0.501	0.507	0.507	0.507	0.507	0.501	0.501	0.501	0.501	0.509	0.507	0.507	0.507	0.000	0.000	0.000	0.000	0.000	0.000	0.000	0.000	0.000	0.000	0.000	0.000	0.000	0.000	0.000	0.000
mem-l2	-
mem-l3	-
mem-l4	-
mem-remote	-
mem-nuca	-
mem-dram-cache	-
mem-dram	-
sync	-
dvfs-transition	-
imbalance	0.000	0.000	0.000	0.000	0.000	0.000	0.000	0.000	0.000	0.000	0.000	0.000	0.000	0.000	0.000	0.000	3600013.830	3600013.830	3600013.830	3600013.830	3600013.830	3600013.830	3600013.830	3600013.830	3600013.830	3600013.830	3600013.830	3600013.830	3600013.830	3600013.830	3600013.830	3600013.830
other	0.009	0.009	0.009	0.009	0.010	0.010	0.010	0.010	0.009	0.009	0.009	0.009	0.010	0.010	0.010	0.010	0.000	0.000	0.000	0.000	0.000	0.000	0.000	0.000	0.000	0.000	0.000	0.000	0.000	0.000	0.000	0.000
total	1.594	1.594	1.595	1.594	1.578	1.578	1.578	1.578	1.594	1.594	1.592	1.593	1.573	1.578	1.578	1.577	3600004.580	3600004.580	3600004.580	3600004.580	3600004.580	3600004.580	3600004.580	3600004.580	3600004.580	3600004.580	3600004.580	3600004.580	3600004.580	3600004.580	3600004.580	3600004.580
base	0.250	0.250	0.250	0.250	0.250	0.250	0.250	0.250	0.250	0.250	0.250	0.250	0.250	0.250	0.250	0.250	0.000	0.000	0.000	0.000	0.000	0.000	0.000	0.000	0.000	0.000	0.000	0.000	0.000	0.000	0.000	0.000
dispatch_width	-
rs_full	-
depend	-
depend-int	0.191	0.191	0.191	0.191	0.190	0.190	0.190	0.190	0.191	0.191	0.191	0.191	0.189	0.190	0.190	0.190	0.000	0.000	0.000	0.000	0.000	0.000	0.000	0.000	0.000	0.000	0.000	0.000	0.000	0.000	0.000	0.000
depend-fp	-
depend-branch	0.034	0.034	0.034	0.034	0.034	0.034	0.034	0.034	0.034	0.034	0.034	0.034	0.034	0.034	0.034	0.034	0.000	0.000	0.000	0.000	0.000	0.000	0.000	0.000	0.000	0.000	0.000	0.000	0.000	0.000	0.000	0.000
issue	-
serial	-
smt	-
branch	0.163	0.163	0.163	0.163	0.164	0.164	0.164	0.164	0.163	0.163	0.163	0.163	0.164	0.164	0.164	0.164	0.000	0.000	0.000	0.000	0.000	0.000	0.000	0.000	0.000	0.000	0.000	0.000	0.000	0.000	0.000	0.000
itlb	-
dtlb	-
ifetch	0.438	0.438	0.438	0.438	0.435	0.435	0.435	0.435	0.437	0.437	0.437	0.437	0.433	0.435	0.435	0.434	0.000	0.000	0.000	0.000	0.000	0.000	0.000	0.000	0.000	0.000	0.000	0.000	0.000	0.000	0.000	0.000
mem	-
mem-l1d	0.509	0.509	0.509	0.509	0.495	0.495	0.495	0.495	0.508	0.508	0.507	0.508	0.494	0.495	0.495	0.495	0.000	0.000	0.000	0.000	0.000	0.000	0.000	0.000	0.000	0.000	0.000	0.000	0.000	0.000	0.000	0.000
mem-l2	-
mem-l3	-
mem-l4	-
mem-remote	-
mem-nuca	-
mem-dram-cache	-
mem-dram	-
sync	-
dvfs-transition	-
imbalance	0.000	0.000	0.000	0.000	0.000	0.000	0.000	0.000	0.000	0.000	0.000	0.000	0.000	0.000	0.000	0.000	3600004.580	3600004.580	3600004.580	3600004.580	3600004.580	3600004.580	3600004.580	3600004.580	3600004.580	3600004.580	3600004.580	3600004.580	3600004.580	3600004.580	3600004.580	3600004.580
other	0.010	0.010	0.010	0.010	0.010	0.010	0.010	0.010	0.010	0.010	0.010	0.010	0.010	0.010	0.010	0.010	0.000	0.000	0.000	0.000	0.000	0.000	0.000	0.000	0.000	0.000	0.000	0.000	0.000	0.000	0.000	0.000
total	1.574	1.574	1.573	1.574	1.565	1.565	1.565	1.565	1.574	1.574	1.576	1.576	1.567	1.565	1.565	1.565	3600032.630	3600032.630	3600032.630	3600032.630	3600032.630	3600032.630	3600032.630	3600032.630	3600032.630	3600032.630	3600032.630	3600032.630	3600032.630	3600032.630	3600032.630	3600032.630
base	0.250	0.250	0.250	0.250	0.250	0.250	0.250	0.250	0.250	0.250	0.250	0.250	0.250	0.250	0.250	0.250	0.000	0.000	0.000	0.000	0.000	0.000	0.000	0.000	0.000	0.000	0.000	0.000	0.000	0.000	0.000	0.000
dispatch_width	-
rs_full	-
depend	-
depend-int	0.189	0.189	0.189	0.189	0.188	0.188	0.188	0.188	0.189	0.189	0.190	0.189	0.188	0.188	0.188	0.188	0.000	0.000	0.000	0.000	0.000	0.000	0.000	0.000	0.000	0.000	0.000	0.000	0.000	0.000	0.000	0.000
depend-fp	-
depend-branch	0.034	0.034	0.034	0.034	0.034	0.034	0.034	0.034	0.034	0.034	0.034	0.034	0.034	0.034	0.034	0.034	0.000	0.000	0.000	0.000	0.000	0.000	0.000	0.000	0.000	0.000	0.000	0.000	0.000	0.000	0.000	0.000
issue	-
serial	-
smt	-
branch	0.164	0.164	0.164	0.164	0.161	0.161	0.161	0.161	0.164	0.164	0.164	0.164	0.161	0.161	0.161	0.161	0.000	0.000	0.000	0.000	0.000	0.000	0.000	0.000	0.000	0.000	0.000	0.000	0.000	0.000	0.000	0.000
itlb	-
dtlb	-
ifetch	0.433	0.433	0.433	0.433	0.432	0.432	0.432	0.432	0.433	0.433	0.434	0.434	0.432	0.432	0.432	0.432	0.000	0.000	0.000	0.000	0.000	0.000	0.000	0.000	0.000	0.000	0.000	0.000	0.000	0.000	0.000	0.000
mem	-
mem-l1d	0.494	0.494	0.494	0.494	0.491	0.491	0.491	0.491	0.494	0.494	0.495	0.495	0.491	0.491	0.491	0.491	0.000	0.000	0.000	0.000	0.000	0.000	0.000	0.000	0.000	0.000	0.000	0.000	0.000	0.000	0.000	0.000
mem-l2	-
mem-l3	-
mem-l4	-
mem-remote	-
mem-nuca	-
mem-dram-cache	-
mem-dram	-
sync	-
dvfs-transition	-
imbalance	0.000	0.000	0.000	0.000	0.000	0.000	0.000	0.000	0.000	0.000	0.000	0.000	0.000	0.000	0.000	0.000	3600032.630	3600032.630	3600032.630	3600032.630	3600032.630	3600032.630	3600032.630	3600032.630	3600032.630	3600032.630	3600032.630	3600032.630	3600032.630	3600032.630	3600032.630	3600032.630
other	0.010	0.010	0.010	0.010	0.010	0.010	0.010	0.010	0.010	0.010	0.010	0.010	0.010	0.010	0.010	0.010	0.000	0.000	0.000	0.000	0.000	0.000	0.000	0.000	0.000	0.000	0.000	0.000	0.000	0.000	0.000	0.000
total	1.567	1.567	1.567	1.567	1.583	1.583	1.583	1.583	1.567	1.567	1.565	1.566	1.582	1.583	1.583	1.582	3600018.419	3600018.419	3600018.419	3600018.419	3600018.419	3600018.419	3600018.419	3600018.419	3600018.419	3600018.419	3600018.419	3600018.419	3600018.419	3600018.419	3600018.419	3600018.419
base	0.250	0.250	0.250	0.250	0.250	0.250	0.250	0.250	0.250	0.250	0.250	0.250	0.250	0.250	0.250	0.250	0.000	0.000	0.000	0.000	0.000	0.000	0.000	0.000	0.000	0.000	0.000	0.000	0.000	0.000	0.000	0.000
dispatch_width	-
rs_full	-
depend	-
depend-int	0.188	0.188	0.188	0.188	0.189	0.189	0.189	0.189	0.188	0.188	0.188	0.188	0.189	0.189	0.189	0.189	0.000	0.000	0.000	0.000	0.000	0.000	0.000	0.000	0.000	0.000	0.000	0.000	0.000	0.000	0.000	0.000
depend-fp	-
depend-branch	0.034	0.034	0.034	0.034	0.035	0.035	0.035	0.035	0.034	0.034	0.034	0.034	0.035	0.035	0.035	0.035	0.000	0.000	0.000	0.000	0.000	0.000	0.000	0.000	0.000	0.000	0.000	0.000	0.000	0.000	0.000	0.000
issue	-
serial	-
smt	-
branch	0.161	0.161	0.161	0.161	0.160	0.160	0.160	0.160	0.161	0.161	0.161	0.161	0.160	0.160	0.160	0.160	0.000	0.000	0.000	0.000	0.000	0.000	0.000	0.000	0.000	0.000	0.000	0.000	0.000	0.000	0.000	0.000
itlb	-
dtlb	-
ifetch	0.432	0.432	0.432	0.432	0.447	0.447	0.447	0.447	0.432	0.432	0.432	0.432	0.447	0.447	0.447	0.447	0.000	0.000	0.000	0.000	0.000	0.000	0.000	0.000	0.000	0.000	0.000	0.000	0.000	0.000	0.000	0.000
mem	-
mem-l1d	0.491	0.491	0.491	0.491	0.492	0.492	0.492	0.492	0.491	0.491	0.491	0.491	0.491	0.492	0.492	0.492	0.000	0.000	0.000	0.000	0.000	0.000	0.000	0.000	0.000	0.000	0.000	0.000	0.000	0.000	0.000	0.000
mem-l2	-
mem-l3	-
mem-l4	-
mem-remote	-
mem-nuca	-
mem-dram-cache	-
mem-dram	-
sync	-
dvfs-transition	-
imbalance	0.000	0.000	0.000	0.000	0.000	0.000	0.000	0.000	0.000	0.000	0.000	0.000	0.000	0.000	0.000	0.000	3600018.419	3600018.419	3600018.419	3600018.419	3600018.419	3600018.419	3600018.419	3600018.419	3600018.419	3600018.419	3600018.419	3600018.419	3600018.419	3600018.419	3600018.419	3600018.419
other	0.010	0.010	0.010	0.010	0.010	0.010	0.010	0.010	0.010	0.010	0.010	0.010	0.010	0.010	0.010	0.010	0.000	0.000	0.000	0.000	0.000	0.000	0.000	0.000	0.000	0.000	0.000	0.000	0.000	0.000	0.000	0.000
total	1.582	1.582	1.583	1.582	1.586	1.586	1.586	1.586	1.582	1.582	1.583	1.582	1.586	1.586	1.586	1.586	3600019.299	3600019.299	3600019.299	3600019.299	3600019.299	3600019.299	3600019.299	3600019.299	3600019.299	3600019.299	3600019.299	3600019.299	3600019.299	3600019.299	3600019.299	3600019.299
base	0.250	0.250	0.250	0.250	0.250	0.250	0.250	0.250	0.250	0.250	0.250	0.250	0.250	0.250	0.250	0.250	0.000	0.000	0.000	0.000	0.000	0.000	0.000	0.000	0.000	0.000	0.000	0.000	0.000	0.000	0.000	0.000
dispatch_width	-
rs_full	-
depend	-
depend-int	0.189	0.189	0.189	0.189	0.191	0.191	0.191	0.191	0.189	0.189	0.189	0.189	0.191	0.191	0.191	0.191	0.000	0.000	0.000	0.000	0.000	0.000	0.000	0.000	0.000	0.000	0.000	0.000	0.000	0.000	0.000	0.000
depend-fp	-
depend-branch	0.035	0.035	0.035	0.035	0.034	0.034	0.034	0.034	0.035	0.035	0.035	0.035	0.034	0.034	0.034	0.034	0.000	0.000	0.000	0.000	0.000	0.000	0.000	0.000	0.000	0.000	0.000	0.000	0.000	0.000	0.000	0.000
issue	-
serial	-
smt	-
branch	0.160	0.160	0.161	0.160	0.162	0.162	0.162	0.162	0.160	0.160	0.160	0.160	0.162	0.162	0.162	0.162	0.000	0.000	0.000	0.000	0.000	0.000	0.000	0.000	0.000	0.000	0.000	0.000	0.000	0.000	0.000	0.000
itlb	-
dtlb	-
ifetch	0.447	0.447	0.447	0.447	0.440	0.440	0.440	0.440	0.447	0.447	0.447	0.447	0.440	0.440	0.440	0.440	0.000	0.000	0.000	0.000	0.000	0.000	0.000	0.000	0.000	0.000	0.000	0.000	0.000	0.000	0.000	0.000
mem	-
mem-l1d	0.491	0.491	0.492	0.491	0.499	0.499	0.499	0.499	0.491	0.491	0.492	0.491	0.499	0.499	0.499	0.499	0.000	0.000	0.000	0.000	0.000	0.000	0.000	0.000	0.000	0.000	0.000	0.000	0.000	0.000	0.000	0.000
mem-l2	-
mem-l3	-
mem-l4	-
mem-remote	-
mem-nuca	-
mem-dram-cache	-
mem-dram	-
sync	-
dvfs-transition	-
imbalance	0.000	0.000	0.000	0.000	0.000	0.000	0.000	0.000	0.000	0.000	0.000	0.000	0.000	0.000	0.000	0.000	3600019.299	3600019.299	3600019.299	3600019.299	3600019.299	3600019.299	3600019.299	3600019.299	3600019.299	3600019.299	3600019.299	3600019.299	3600019.299	3600019.299	3600019.299	3600019.299
other	0.010	0.010	0.010	0.010	0.010	0.010	0.010	0.010	0.010	0.010	0.010	0.010	0.010	0.010	0.010	0.010	0.000	0.000	0.000	0.000	0.000	0.000	0.000	0.000	0.000	0.000	0.000	0.000	0.000	0.000	0.000	0.000
total	1.586	1.586	1.586	1.586	1.585	1.585	1.585	1.585	1.586	1.586	1.586	1.586	1.583	1.585	1.585	1.584	3600030.229	3600030.229	3600030.229	3600030.229	3600030.229	3600030.229	3600030.229	3600030.229	3600030.229	3600030.229	3600030.229	3600030.229	3600030.229	3600030.229	3600030.229	3600030.229
base	0.250	0.250	0.250	0.250	0.250	0.250	0.250	0.250	0.250	0.250	0.250	0.250	0.250	0.250	0.250	0.250	0.000	0.000	0.000	0.000	0.000	0.000	0.000	0.000	0.000	0.000	0.000	0.000	0.000	0.000	0.000	0.000
dispatch_width	-
rs_full	-
depend	-
depend-int	0.191	0.191	0.191	0.191	0.192	0.192	0.192	0.192	0.191	0.191	0.191	0.191	0.192	0.192	0.192	0.192	0.000	0.000	0.000	0.000	0.000	0.000	0.000	0.000	0.000	0.000	0.000	0.000	0.000	0.000	0.000	0.000
depend-fp	-
depend-branch	0.034	0.034	0.034	0.034	0.033	0.033	0.033	0.033	0.034	0.034	0.034	0.034	0.033	0.033	0.033	0.033	0.000	0.000	0.000	0.000	0.000	0.000	0.000	0.000	0.000	0.000	0.000	0.000	0.000	0.000	0.000	0.000
issue	-
serial	-
smt	-
branch	0.162	0.162	0.162	0.162	0.158	0.158	0.158	0.158	0.162	0.162	0.162	0.162	0.157	0.158	0.158	0.157	0.000	0.000	0.000	0.000	0.000	0.000	0.000	0.000	0.000	0.000	0.000	0.000	0.000	0.000	0.000	0.000
itlb	-
dtlb	-
ifetch	0.440	0.440	0.440	0.440	0.434	0.434	0.434	0.434	0.440	0.440	0.440	0.440	0.433	0.434	0.434	0.434	0.000	0.000	0.000	0.000	0.000	0.000	0.000	0.000	0.000	0.000	0.000	0.000	0.000	0.000	0.000	0.000
mem	-
mem-l1d	0.499	0.499	0.499	0.499	0.509	0.509	0.509	0.509	0.499	0.499	0.499	0.499	0.509	0.509	0.509	0.509	0.000	0.000	0.000	0.000	0.000	0.000	0.000	0.000	0.000	0.000	0.000	0.000	0.000	0.000	0.000	0.000
mem-l2	-
mem-l3	-
mem-l4	-
mem-remote	-
mem-nuca	-
mem-dram-cache	-
mem-dram	-
sync	-
dvfs-transition	-
imbalance	0.000	0.000	0.000	0.000	0.000	0.000	0.000	0.000	0.000	0.000	0.000	0.000	0.000	0.000	0.000	0.000	3600030.229	3600030.229	3600030.229	3600030.229	3600030.229	3600030.229	3600030.229	3600030.229	3600030.229	3600030.229	3600030.229	3600030.229	3600030.229	3600030.229	3600030.229	3600030.229
other	0.010	0.010	0.010	0.010	0.010	0.010	0.010	0.010	0.010	0.010	0.010	0.010	0.010	0.010	0.010	0.010	0.000	0.000	0.000	0.000	0.000	0.000	0.000	0.000	0.000	0.000	0.000	0.000	0.000	0.000	0.000	0.000
total	1.584	1.584	1.584	1.584	1.597	1.597	1.597	1.597	1.584	1.584	1.584	1.584	1.598	1.597	1.597	1.597	3600008.149	3600008.149	3600008.149	3600008.149	3600008.149	3600008.149	3600008.149	3600008.149	3600008.149	3600008.149	3600008.149	3600008.149	3600008.149	3600008.149	3600008.149	3600008.149
base	0.250	0.250	0.250	0.250	0.250	0.250	0.250	0.250	0.250	0.250	0.250	0.250	0.250	0.250	0.250	0.250	0.000	0.000	0.000	0.000	0.000	0.000	0.000	0.000	0.000	0.000	0.000	0.000	0.000	0.000	0.000	0.000
dispatch_width	-
rs_full	-
depend	-
depend-int	0.192	0.192	0.192	0.192	0.192	0.192	0.192	0.192	0.192	0.192	0.192	0.192	0.192	0.192	0.192	0.192	0.000	0.000	0.000	0.000	0.000	0.000	0.000	0.000	0.000	0.000	0.000	0.000	0.000	0.000	0.000	0.000
depend-fp	-
depend-branch	0.033	0.033	0.033	0.033	0.035	0.035	0.035	0.035	0.033	0.033	0.033	0.033	0.035	0.035	0.035	0.035	0.000	0.000	0.000	0.000	0.000	0.000	0.000	0.000	0.000	0.000	0.000	0.000	0.000	0.000	0.000	0.000
issue	-
serial	-
smt	-
branch	0.157	0.157	0.157	0.157	0.164	0.164	0.164	0.164	0.157	0.157	0.157	0.157	0.164	0.164	0.164	0.164	0.000	0.000	0.000	0.000	0.000	0.000	0.000	0.000	0.000	0.000	0.000	0.000	0.000	0.000	0.000	0.000
itlb	-
dtlb	-
ifetch	0.433	0.433	0.433	0.433	0.446	0.446	0.446	0.446	0.434	0.433	0.434	0.433	0.446	0.446	0.446	0.446	0.000	0.000	0.000	0.000	0.000	0.000	0.000	0.000	0.000	0.000	0.000	0.000	0.000	0.000	0.000	0.000
mem	-
mem-l1d	0.509	0.509	0.509	0.509	0.500	0.500	0.500	0.500	0.509	0.509	0.509	0.509	0.501	0.500	0.500	0.501	0.000	0.000	0.000	0.000	0.000	0.000	0.000	0.000	0.000	0.000	0.000	0.000	0.000	0.000	0.000	0.000
mem-l2	-
mem-l3	-
mem-l4	-
mem-remote	-
mem-nuca	-
mem-dram-cache	-
mem-dram	-
sync	-
dvfs-transition	-
imbalance	0.000	0.000	0.000	0.000	0.000	0.000	0.000	0.000	0.000	0.000	0.000	0.000	0.000	0.000	0.000	0.000	3600008.149	3600008.149	3600008.149	3600008.149	3600008.149	3600008.149	3600008.149	3600008.149	3600008.149	3600008.149	3600008.149	3600008.149	3600008.149	3600008.149	3600008.149	3600008.149
other	0.010	0.010	0.010	0.010	0.010	0.010	0.010	0.010	0.010	0.010	0.010	0.010	0.010	0.010	0.010	0.010	0.000	0.000	0.000	0.000	0.000	0.000	0.000	0.000	0.000	0.000	0.000	0.000	0.000	0.000	0.000	0.000
total	1.598	1.598	1.598	1.598	1.587	1.587	1.587	1.587	1.597	1.597	1.597	1.597	1.588	1.587	1.587	1.587	3600010.059	3600010.059	3600010.059	3600010.059	3600010.059	3600010.059	3600010.059	3600010.059	3600010.059	3600010.059	3600010.059	3600010.059	3600010.059	3600010.059	3600010.059	3600010.059
base	0.250	0.250	0.250	0.250	0.250	0.250	0.250	0.250	0.250	0.250	0.250	0.250	0.250	0.250	0.250	0.250	0.000	0.000	0.000	0.000	0.000	0.000	0.000	0.000	0.000	0.000	0.000	0.000	0.000	0.000	0.000	0.000
dispatch_width	-
rs_full	-
depend	-
depend-int	0.192	0.192	0.192	0.192	0.190	0.190	0.190	0.190	0.192	0.192	0.192	0.192	0.191	0.190	0.190	0.191	0.000	0.000	0.000	0.000	0.000	0.000	0.000	0.000	0.000	0.000	0.000	0.000	0.000	0.000	0.000	0.000
depend-fp	-
depend-branch	0.035	0.035	0.035	0.035	0.035	0.035	0.035	0.035	0.035	0.035	0.035	0.035	0.035	0.035	0.035	0.035	0.000	0.000	0.000	0.000	0.000	0.000	0.000	0.000	0.000	0.000	0.000	0.000	0.000	0.000	0.000	0.000
issue	-
serial	-
smt	-
branch	0.164	0.164	0.164	0.164	0.163	0.163	0.163	0.163	0.164	0.164	0.164	0.164	0.164	0.163	0.163	0.163	0.000	0.000	0.000	0.000	0.000	0.000	0.000	0.000	0.000	0.000	0.000	0.000	0.000	0.000	0.000	0.000
itlb	-
dtlb	-
ifetch	0.446	0.446	0.446	0.446	0.442	0.442	0.442	0.442	0.446	0.446	0.446	0.446	0.442	0.442	0.442	0.442	0.000	0.000	0.000	0.000	0.000	0.000	0.000	0.000	0.000	0.000	0.000	0.000	0.000	0.000	0.000	0.000
mem	-
mem-l1d	0.501	0.501	0.501	0.501	0.498	0.498	0.497	0.498	0.501	0.501	0.501	0.501	0.497	0.497	0.498	0.497	0.000	0.000	0.000	0.000	0.000	0.000	0.000	0.000	0.000	0.000	0.000	0.000	0.000	0.000	0.000	0.000
mem-l2	-
mem-l3	-
mem-l4	-
mem-remote	-
mem-nuca	-
mem-dram-cache	-
mem-dram	-
sync	-
dvfs-transition	-
imbalance	0.000	0.000	0.000	0.000	0.000	0.000	0.000	0.000	0.000	0.000	0.000	0.000	0.000	0.000	0.000	0.000	3600010.059	3600010.059	3600010.059	3600010.059	3600010.059	3600010.059	3600010.059	3600010.059	3600010.059	3600010.059	3600010.059	3600010.059	3600010.059	3600010.059	3600010.059	3600010.059
other	0.010	0.010	0.010	0.010	0.009	0.009	0.009	0.009	0.010	0.010	0.010	0.010	0.009	0.009	0.009	0.009	0.000	0.000	0.000	0.000	0.000	0.000	0.000	0.000	0.000	0.000	0.000	0.000	0.000	0.000	0.000	0.000
total	1.588	1.588	1.588	1.588	1.562	1.562	1.562	1.562	1.588	1.588	1.587	1.588	1.563	1.562	1.562	1.562	3600002.979	3600002.979	3600002.979	3600002.979	3600002.979	3600002.979	3600002.979	3600002.979	3600002.979	3600002.979	3600002.979	3600002.979	3600002.979	3600002.979	3600002.979	3600002.979
base	0.250	0.250	0.250	0.250	0.250	0.250	0.250	0.250	0.250	0.250	0.250	0.250	0.250	0.250	0.250	0.250	0.000	0.000	0.000	0.000	0.000	0.000	0.000	0.000	0.000	0.000	0.000	0.000	0.000	0.000	0.000	0.000
dispatch_width	-
rs_full	-
depend	-
depend-int	0.191	0.191	0.191	0.191	0.188	0.189	0.189	0.189	0.191	0.191	0.190	0.191	0.189	0.189	0.188	0.189	0.000	0.000	0.000	0.000	0.000	0.000	0.000	0.000	0.000	0.000	0.000	0.000	0.000	0.000	0.000	0.000
depend-fp	-
depend-branch	0.035	0.035	0.035	0.035	0.034	0.034	0.034	0.034	0.035	0.035	0.035	0.035	0.034	0.034	0.034	0.034	0.000	0.000	0.000	0.000	0.000	0.000	0.000	0.000	0.000	0.000	0.000	0.000	0.000	0.000	0.000	0.000
issue	-
serial	-
smt	-
branch	0.164	0.164	0.164	0.164	0.155	0.155	0.155	0.155	0.164	0.164	0.163	0.164	0.154	0.155	0.155	0.154	0.000	0.000	0.000	0.000	0.000	0.000	0.000	0.000	0.000	0.000	0.000	0.000	0.000	0.000	0.000	0.000
itlb	-
dtlb	-
ifetch	0.442	0.442	0.443	0.442	0.433	0.433	0.433	0.433	0.442	0.442	0.442	0.442	0.434	0.433	0.433	0.434	0.000	0.000	0.000	0.000	0.000	0.000	0.000	0.000	0.000	0.000	0.000	0.000	0.000	0.000	0.000	0.000
mem	-
mem-l1d	0.497	0.497	0.497	0.498	0.492	0.492	0.492	0.492	0.497	0.497	0.497	0.498	0.493	0.492	0.492	0.493	0.000	0.000	0.000	0.000	0.000	0.000	0.000	0.000	0.000	0.000	0.000	0.000	0.000	0.000	0.000	0.000
mem-l2	-
mem-l3	-
mem-l4	-
mem-remote	-
mem-nuca	-
mem-dram-cache	-
mem-dram	-
sync	-
dvfs-transition	-
imbalance	0.000	0.000	0.000	0.000	0.000	0.000	0.000	0.000	0.000	0.000	0.000	0.000	0.000	0.000	0.000	0.000	3600002.979	3600002.979	3600002.979	3600002.979	3600002.979	3600002.979	3600002.979	3600002.979	3600002.979	3600002.979	3600002.979	3600002.979	3600002.979	3600002.979	3600002.979	3600002.979
other	0.009	0.009	0.009	0.009	0.009	0.009	0.009	0.009	0.009	0.009	0.009	0.009	0.009	0.009	0.009	0.009	0.000	0.000	0.000	0.000	0.000	0.000	0.000	0.000	0.000	0.000	0.000	0.000	0.000	0.000	0.000	0.000
total	1.563	1.563	1.563	1.563	1.587	1.587	1.587	1.587	1.563	1.563	1.562	1.562	1.585	1.587	1.587	1.586	3600034.909	3600034.909	3600034.909	3600034.909	3600034.909	3600034.909	3600034.909	3600034.909	3600034.909	3600034.909	3600034.909	3600034.909	3600034.909	3600034.909	3600034.909	3600034.909
base	0.250	0.250	0.250	0.250	0.250	0.250	0.250	0.250	0.250	0.250	0.250	0.250	0.250	0.250	0.250	0.250	0.000	0.000	0.000	0.000	0.000	0.000	0.000	0.000	0.000	0.000	0.000	0.000	0.000	0.000	0.000	0.000
dispatch_width	-
rs_full	-
depend	-
depend-int	0.189	0.189	0.189	0.189	0.193	0.193	0.193	0.193	0.189	0.189	0.189	0.189	0.193	0.193	0.193	0.193	0.000	0.000	0.000	0.000	0.000	0.000	0.000	0.000	0.000	0.000	0.000	0.000	0.000	0.000	0.000	0.000
depend-fp	-
depend-branch	0.034	0.034	0.034	0.034	0.033	0.033	0.033	0.033	0.034	0.034	0.034	0.034	0.033	0.033	0.033	0.033	0.000	0.000	0.000	0.000	0.000	0.000	0.000	0.000	0.000	0.000	0.000	0.000	0.000	0.000	0.000	0.000
issue	-
serial	-
smt	-
branch	0.154	0.154	0.154	0.154	0.145	0.145	0.145	0.145	0.154	0.154	0.155	0.154	0.145	0.145	0.145	0.145	0.000	0.000	0.000	0.000	0.000	0.000	0.000	0.000	0.000	0.000	0.000	0.000	0.000	0.000	0.000	0.000
itlb	-
dtlb	-
ifetch	0.434	0.434	0.434	0.434	0.437	0.437	0.437	0.437	0.434	0.434	0.433	0.433	0.436	0.437	0.437	0.437	0.000	0.000	0.000	0.000	0.000	0.000	0.000	0.000	0.000	0.000	0.000	0.000	0.000	0.000	0.000	0.000
mem	-
mem-l1d	0.493	0.493	0.493	0.493	0.519	0.519	0.519	0.519	0.493	0.493	0.492	0.493	0.518	0.519	0.519	0.519	0.000	0.000	0.000	0.000	0.000	0.000	0.000	0.000	0.000	0.000	0.000	0.000	0.000	0.000	0.000	0.000
mem-l2	-
mem-l3	-
mem-l4	-
mem-remote	-
mem-nuca	-
mem-dram-cache	-
mem-dram	-
sync	-
dvfs-transition	-
imbalance	0.000	0.000	0.000	0.000	0.000	0.000	0.000	0.000	0.000	0.000	0.000	0.000	0.000	0.000	0.000	0.000	3600034.909	3600034.909	3600034.909	3600034.909	3600034.909	3600034.909	3600034.909	3600034.909	3600034.909	3600034.909	3600034.909	3600034.909	3600034.909	3600034.909	3600034.909	3600034.909
other	0.009	0.009	0.009	0.009	0.010	0.010	0.010	0.010	0.009	0.009	0.009	0.009	0.010	0.010	0.010	0.010	0.000	0.000	0.000	0.000	0.000	0.000	0.000	0.000	0.000	0.000	0.000	0.000	0.000	0.000	0.000	0.000
total	1.585	1.585	1.585	1.585	1.592	1.592	1.592	1.592	1.585	1.585	1.587	1.587	1.592	1.592	1.592	1.592	3600007.819	3600007.819	3600007.819	3600007.819	3600007.819	3600007.819	3600007.819	3600007.819	3600007.819	3600007.819	3600007.819	3600007.819	3600007.819	3600007.819	3600007.819	3600007.819
base	0.250	0.250	0.250	0.250	0.250	0.250	0.250	0.250	0.250	0.250	0.250	0.250	0.250	0.250	0.250	0.250	0.000	0.000	0.000	0.000	0.000	0.000	0.000	0.000	0.000	0.000	0.000	0.000	0.000	0.000	0.000	0.000
dispatch_width	-
rs_full	-
depend	-
depend-int	0.193	0.193	0.193	0.193	0.189	0.189	0.189	0.189	0.193	0.193	0.193	0.193	0.189	0.189	0.189	0.189	0.000	0.000	0.000	0.000	0.000	0.000	0.000	0.000	0.000	0.000	0.000	0.000	0.000	0.000	0.000	0.000
depend-fp	-
depend-branch	0.033	0.033	0.033	0.033	0.035	0.035	0.035	0.035	0.033	0.033	0.033	0.033	0.035	0.035	0.035	0.035	0.000	0.000	0.000	0.000	0.000	0.000	0.000	0.000	0.000	0.000	0.000	0.000	0.000	0.000	0.000	0.000
issue	-
serial	-
smt	-
branch	0.145	0.145	0.145	0.145	0.173	0.173	0.173	0.173	0.145	0.145	0.145	0.145	0.173	0.173	0.173	0.173	0.000	0.000	0.000	0.000	0.000	0.000	0.000	0.000	0.000	0.000	0.000	0.000	0.000	0.000	0.000	0.000
itlb	-
dtlb	-
ifetch	0.437	0.437	0.436	0.436	0.439	0.439	0.438	0.439	0.436	0.436	0.437	0.437	0.439	0.438	0.439	0.438	0.000	0.000	0.000	0.000	0.000	0.000	0.000	0.000	0.000	0.000	0.000	0.000	0.000	0.000	0.000	0.000
mem	-
mem-l1d	0.518	0.518	0.518	0.518	0.496	0.496	0.496	0.496	0.518	0.518	0.519	0.519	0.496	0.496	0.496	0.496	0.000	0.000	0.000	0.000	0.000	0.000	0.000	0.000	0.000	0.000	0.000	0.000	0.000	0.000	0.000	0.000
mem-l2	-
mem-l3	-
mem-l4	-
mem-remote	-
mem-nuca	-
mem-dram-cache	-
mem-dram	-
sync	-
dvfs-transition	-
imbalance	0.000	0.000	0.000	0.000	0.000	0.000	0.000	0.000	0.000	0.000	0.000	0.000	0.000	0.000	0.000	0.000	3600007.819	3600007.819	3600007.819	3600007.819	3600007.819	3600007.819	3600007.819	3600007.819	3600007.819	3600007.819	3600007.819	3600007.819	3600007.819	3600007.819	3600007.819	3600007.819
other	0.010	0.010	0.010	0.010	0.010	0.010	0.010	0.010	0.010	0.010	0.010	0.010	0.010	0.010	0.010	0.010	0.000	0.000	0.000	0.000	0.000	0.000	0.000	0.000	0.000	0.000	0.000	0.000	0.000	0.000	0.000	0.000
total	1.592	1.592	1.592	1.592	1.577	1.577	1.577	1.577	1.592	1.591	1.592	1.592	1.577	1.577	1.577	1.577	3600027.920	3600027.920	3600027.920	3600027.920	3600027.920	3600027.920	3600027.920	3600027.920	3600027.920	3600027.920	3600027.920	3600027.920	3600027.920	3600027.920	3600027.920	3600027.920
base	0.250	0.250	0.250	0.250	0.250	0.250	0.250	0.250	0.250	0.250	0.250	0.250	0.250	0.250	0.250	0.250	0.000	0.000	0.000	0.000	0.000	0.000	0.000	0.000	0.000	0.000	0.000	0.000	0.000	0.000	0.000	0.000
dispatch_width	-
rs_full	-
depend	-
depend-int	0.189	0.189	0.189	0.189	0.189	0.189	0.189	0.189	0.189	0.189	0.189	0.189	0.189	0.189	0.189	0.189	0.000	0.000	0.000	0.000	0.000	0.000	0.000	0.000	0.000	0.000	0.000	0.000	0.000	0.000	0.000	0.000
depend-fp	-
depend-branch	0.035	0.035	0.035	0.035	0.034	0.034	0.034	0.034	0.035	0.035	0.035	0.035	0.034	0.034	0.034	0.034	0.000	0.000	0.000	0.000	0.000	0.000	0.000	0.000	0.000	0.000	0.000	0.000	0.000	0.000	0.000	0.000
issue	-
serial	-
smt	-
branch	0.173	0.173	0.173	0.173	0.159	0.159	0.159	0.159	0.173	0.173	0.173	0.173	0.159	0.159	0.159	0.159	0.000	0.000	0.000	0.000	0.000	0.000	0.000	0.000	0.000	0.000	0.000	0.000	0.000	0.000	0.000	0.000
itlb	-
dtlb	-
ifetch	0.439	0.439	0.439	0.439	0.430	0.430	0.430	0.430	0.438	0.438	0.439	0.438	0.430	0.430	0.430	0.430	0.000	0.000	0.000	0.000	0.000	0.000	0.000	0.000	0.000	0.000	0.000	0.000	0.000	0.000	0.000	0.000
mem	-
mem-l1d	0.496	0.496	0.496	0.496	0.506	0.506	0.506	0.506	0.496	0.496	0.496	0.496	0.506	0.506	0.506	0.506	0.000	0.000	0.000	0.000	0.000	0.000	0.000	0.000	0.000	0.000	0.000	0.000	0.000	0.000	0.000	0.000
mem-l2	-
mem-l3	-
mem-l4	-
mem-remote	-
mem-nuca	-
mem-dram-cache	-
mem-dram	-
sync	-
dvfs-transition	-
imbalance	0.000	0.000	0.000	0.000	0.000	0.000	0.000	0.000	0.000	0.000	0.000	0.000	0.000	0.000	0.000	0.000	3600027.920	3600027.920	3600027.920	3600027.920	3600027.920	3600027.920	3600027.920	3600027.920	3600027.920	3600027.920	3600027.920	3600027.920	3600027.920	3600027.920	3600027.920	3600027.920
other	0.010	0.010	0.010	0.010	0.009	0.009	0.009	0.009	0.010	0.010	0.010	0.010	0.009	0.009	0.009	0.009	0.000	0.000	0.000	0.000	0.000	0.000	0.000	0.000	0.000	0.000	0.000	0.000	0.000	0.000	0.000	0.000
total	1.577	1.577	1.577	1.577	1.593	1.593	1.593	1.593	1.577	1.577	1.577	1.577	1.594	1.593	1.593	1.593	3600012.840	3600012.840	3600012.840	3600012.840	3600012.840	3600012.840	3600012.840	3600012.840	3600012.840	3600012.840	3600012.840	3600012.840	3600012.840	3600012.840	3600012.840	3600012.840
base	0.250	0.250	0.250	0.250	0.250	0.250	0.250	0.250	0.250	0.250	0.250	0.250	0.250	0.250	0.250	0.250	0.000	0.000	0.000	0.000	0.000	0.000	0.000	0.000	0.000	0.000	0.000	0.000	0.000	0.000	0.000	0.000
dispatch_width	-
rs_full	-
depend	-
depend-int	0.189	0.189	0.189	0.189	0.190	0.190	0.190	0.190	0.189	0.189	0.189	0.189	0.190	0.190	0.190	0.190	0.000	0.000	0.000	0.000	0.000	0.000	0.000	0.000	0.000	0.000	0.000	0.000	0.000	0.000	0.000	0.000
depend-fp	-
depend-branch	0.034	0.034	0.034	0.034	0.035	0.035	0.035	0.035	0.034	0.034	0.034	0.034	0.035	0.035	0.035	0.035	0.000	0.000	0.000	0.000	0.000	0.000	0.000	0.000	0.000	0.000	0.000	0.000	0.000	0.000	0.000	0.000
issue	-
serial	-
smt	-
branch	0.159	0.159	0.159	0.159	0.159	0.159	0.159	0.159	0.159	0.159	0.159	0.159	0.159	0.159	0.159	0.159	0.000	0.000	0.000	0.000	0.000	0.000	0.000	0.000	0.000	0.000	0.000	0.000	0.000	0.000	0.000	0.000
itlb	-
dtlb	-
ifetch	0.430	0.430	0.430	0.430	0.449	0.449	0.449	0.449	0.430	0.430	0.430	0.430	0.450	0.449	0.449	0.449	0.000	0.000	0.000	0.000	0.000	0.000	0.000	0.000	0.000	0.000	0.000	0.000	0.000	0.000	0.000	0.000
mem	-
mem-l1d	0.506	0.506	0.506	0.506	0.500	0.500	0.500	0.500	0.506	0.506	0.506	0.506	0.501	0.500	0.500	0.500	0.000	0.000	0.000	0.000	0.000	0.000	0.000	0.000	0.000	0.000	0.000	0.000	0.000	0.000	0.000	0.000
mem-l2	-
mem-l3	-
mem-l4	-
mem-remote	-
mem-nuca	-
mem-dram-cache	-
mem-dram	-
sync	-
dvfs-transition	-
imbalance	0.000	0.000	0.000	0.000	0.000	0.000	0.000	0.000	0.000	0.000	0.000	0.000	0.000	0.000	0.000	0.000	3600012.840	3600012.840	3600012.840	3600012.840	3600012.840	3600012.840	3600012.840	3600012.840	3600012.840	3600012.840	3600012.840	3600012.840	3600012.840	3600012.840	3600012.840	3600012.840
other	0.009	0.009	0.009	0.009	0.010	0.010	0.010	0.010	0.009	0.009	0.009	0.009	0.010	0.010	0.010	0.010	0.000	0.000	0.000	0.000	0.000	0.000	0.000	0.000	0.000	0.000	0.000	0.000	0.000	0.000	0.000	0.000
total	1.593	1.593	1.595	1.593	1.578	1.578	1.578	1.578	1.593	1.593	1.593	1.593	1.577	1.578	1.578	1.577	3600016.579	3600016.579	3600016.579	3600016.579	3600016.579	3600016.579	3600016.579	3600016.579	3600016.579	3600016.579	3600016.579	3600016.579	3600016.579	3600016.579	3600016.579	3600016.579
base	0.250	0.250	0.250	0.250	0.250	0.250	0.250	0.250	0.250	0.250	0.250	0.250	0.250	0.250	0.250	0.250	0.000	0.000	0.000	0.000	0.000	0.000	0.000	0.000	0.000	0.000	0.000	0.000	0.000	0.000	0.000	0.000
dispatch_width	-
rs_full	-
depend	-
depend-int	0.190	0.190	0.190	0.190	0.190	0.190	0.190	0.190	0.190	0.190	0.190	0.190	0.190	0.190	0.190	0.190	0.000	0.000	0.000	0.000	0.000	0.000	0.000	0.000	0.000	0.000	0.000	0.000	0.000	0.000	0.000	0.000
depend-fp	-
depend-branch	0.035	0.035	0.035	0.035	0.034	0.034	0.034	0.034	0.035	0.035	0.035	0.035	0.034	0.034	0.034	0.034	0.000	0.000	0.000	0.000	0.000	0.000	0.000	0.000	0.000	0.000	0.000	0.000	0.000	0.000	0.000	0.000
issue	-
serial	-
smt	-
branch	0.159	0.159	0.159	0.159	0.163	0.163	0.163	0.163	0.159	0.159	0.159	0.159	0.163	0.163	0.163	0.163	0.000	0.000	0.000	0.000	0.000	0.000	0.000	0.000	0.000	0.000	0.000	0.000	0.000	0.000	0.000	0.000
itlb	-
dtlb	-
ifetch	0.449	0.449	0.450	0.449	0.432	0.433	0.432	0.432	0.449	0.449	0.449	0.449	0.432	0.432	0.432	0.432	0.000	0.000	0.000	0.000	0.000	0.000	0.000	0.000	0.000	0.000	0.000	0.000	0.000	0.000	0.000	0.000
mem	-
mem-l1d	0.500	0.500	0.501	0.500	0.499	0.499	0.499	0.499	0.500	0.500	0.500	0.500	0.499	0.499	0.499	0.498	0.000	0.000	0.000	0.000	0.000	0.000	0.000	0.000	0.000	0.000	0.000	0.000	0.000	0.000	0.000	0.000
mem-l2	-
mem-l3	-
mem-l4	-
mem-remote	-
mem-nuca	-
mem-dram-cache	-
mem-dram	-
sync	-
dvfs-transition	-
imbalance	0.000	0.000	0.000	0.000	0.000	0.000	0.000	0.000	0.000	0.000	0.000	0.000	0.000	0.000	0.000	0.000	3600016.579	3600016.579	3600016.579	3600016.579	3600016.579	3600016.579	3600016.579	3600016.579	3600016.579	3600016.579	3600016.579	3600016.579	3600016.579	3600016.579	3600016.579	3600016.579
other	0.010	0.010	0.010	0.010	0.010	0.010	0.010	0.010	0.010	0.010	0.010	0.010	0.010	0.010	0.010	0.010	0.000	0.000	0.000	0.000	0.000	0.000	0.000	0.000	0.000	0.000	0.000	0.000	0.000	0.000	0.000	0.000
total	1.578	1.578	1.577	1.578	1.597	1.597	1.597	1.597	1.578	1.578	1.578	1.577	1.596	1.597	1.597	1.598	3600015.680	3600015.680	3600015.680	3600015.680	3600015.680	3600015.680	3600015.680	3600015.680	3600015.680	3600015.680	3600015.680	3600015.680	3600015.680	3600015.680	3600015.680	3600015.680
base	0.250	0.250	0.250	0.250	0.250	0.250	0.250	0.250	0.250	0.250	0.250	0.250	0.250	0.250	0.250	0.250	0.000	0.000	0.000	0.000	0.000	0.000	0.000	0.000	0.000	0.000	0.000	0.000	0.000	0.000	0.000	0.000
dispatch_width	-
rs_full	-
depend	-
depend-int	0.190	0.190	0.190	0.190	0.191	0.191	0.191	0.191	0.190	0.190	0.190	0.190	0.191	0.191	0.191	0.191	0.000	0.000	0.000	0.000	0.000	0.000	0.000	0.000	0.000	0.000	0.000	0.000	0.000	0.000	0.000	0.000
depend-fp	-
depend-branch	0.034	0.034	0.034	0.034	0.036	0.036	0.036	0.036	0.034	0.034	0.034	0.034	0.036	0.036	0.036	0.036	0.000	0.000	0.000	0.000	0.000	0.000	0.000	0.000	0.000	0.000	0.000	0.000	0.000	0.000	0.000	0.000
issue	-
serial	-
smt	-
branch	0.163	0.163	0.163	0.163	0.176	0.176	0.176	0.176	0.163	0.163	0.163	0.163	0.176	0.176	0.176	0.176	0.000	0.000	0.000	0.000	0.000	0.000	0.000	0.000	0.000	0.000	0.000	0.000	0.000	0.000	0.000	0.000
itlb	-
dtlb	-
ifetch	0.432	0.432	0.432	0.433	0.444	0.444	0.444	0.444	0.432	0.432	0.432	0.432	0.444	0.444	0.444	0.444	0.000	0.000	0.000	0.000	0.000	0.000	0.000	0.000	0.000	0.000	0.000	0.000	0.000	0.000	0.000	0.000
mem	-
mem-l1d	0.499	0.499	0.499	0.499	0.491	0.491	0.491	0.491	0.499	0.499	0.499	0.499	0.491	0.491	0.491	0.492	0.000	0.000	0.000	0.000	0.000	0.000	0.000	0.000	0.000	0.000	0.000	0.000	0.000	0.000	0.000	0.000
mem-l2	-
mem-l3	-
mem-l4	-
mem-remote	-
mem-nuca	-
mem-dram-cache	-
mem-dram	-
sync	-
dvfs-transition	-
imbalance	0.000	0.000	0.000	0.000	0.000	0.000	0.000	0.000	0.000	0.000	0.000	0.000	0.000	0.000	0.000	0.000	3600015.680	3600015.680	3600015.680	3600015.680	3600015.680	3600015.680	3600015.680	3600015.680	3600015.680	3600015.680	3600015.680	3600015.680	3600015.680	3600015.680	3600015.680	3600015.680
other	0.010	0.010	0.010	0.010	0.009	0.009	0.009	0.009	0.010	0.010	0.010	0.010	0.009	0.009	0.009	0.009	0.000	0.000	0.000	0.000	0.000	0.000	0.000	0.000	0.000	0.000	0.000	0.000	0.000	0.000	0.000	0.000
total	1.597	1.597	1.596	1.597	12.712	12.637	12.620	12.736	1.597	1.597	1.597	1.597	11.646	12.621	12.721	12.340	3600008.590	3600008.590	3600008.590	3600008.590	3600008.590	3600008.590	3600008.590	3600008.590	3600008.590	3600008.590	3600008.590	3600008.590	3600008.590	3600008.590	3600008.590	3600008.590
base	0.250	0.250	0.250	0.250	0.250	0.250	0.250	0.250	0.250	0.250	0.250	0.250	0.250	0.250	0.250	0.250	0.000	0.000	0.000	0.000	0.000	0.000	0.000	0.000	0.000	0.000	0.000	0.000	0.000	0.000	0.000	0.000
dispatch_width	-
rs_full	-
depend	-
depend-int	0.191	0.191	0.191	0.191	0.190	0.190	0.190	0.190	0.191	0.191	0.191	0.191	0.190	0.190	0.190	0.190	0.000	0.000	0.000	0.000	0.000	0.000	0.000	0.000	0.000	0.000	0.000	0.000	0.000	0.000	0.000	0.000
depend-fp	-
depend-branch	0.036	0.036	0.036	0.036	0.000	0.000	0.000	0.000	0.036	0.036	0.036	0.036	0.000	0.000	0.000	0.000	0.000	0.000	0.000	0.000	0.000	0.000	0.000	0.000	0.000	0.000	0.000	0.000	0.000	0.000	0.000	0.000
issue	-
serial	-
smt	-
branch	0.176	0.176	0.176	0.176	0.184	0.184	0.184	0.184	0.176	0.176	0.176	0.176	0.184	0.184	0.184	0.184	0.000	0.000	0.000	0.000	0.000	0.000	0.000	0.000	0.000	0.000	0.000	0.000	0.000	0.000	0.000	0.000
itlb	-
dtlb	-
ifetch	0.444	0.444	0.444	0.444	0.455	0.455	0.455	0.455	0.444	0.444	0.444	0.444	0.455	0.455	0.455	0.454	0.000	0.000	0.000	0.000	0.000	0.000	0.000	0.000	0.000	0.000	0.000	0.000	0.000	0.000	0.000	0.000
mem	-
mem-l1d	0.491	0.491	0.491	0.491	0.496	0.495	0.495	0.496	0.491	0.491	0.491	0.491	0.496	0.495	0.496	0.494	0.000	0.000	0.000	0.000	0.000	0.000	0.000	0.000	0.000	0.000	0.000	0.000	0.000	0.000	0.000	0.000
mem-l2	-
mem-l3	-
mem-l4	-
mem-remote	-
mem-nuca	-
mem-dram-cache	-
mem-dram	-
sync	-
dvfs-transition	-
imbalance	0.000	0.000	0.000	0.000	11.089	11.015	10.998	11.113	0.000	0.000	0.000	0.000	10.024	10.998	11.098	10.720	3600008.590	3600008.590	3600008.590	3600008.590	3600008.590	3600008.590	3600008.590	3600008.590	3600008.590	3600008.590	3600008.590	3600008.590	3600008.590	3600008.590	3600008.590	3600008.590
other	0.009	0.009	0.009	0.009	0.048	0.048	0.048	0.048	0.009	0.009	0.009	0.009	0.047	0.048	0.048	0.048	0.000	0.000	0.000	0.000	0.000	0.000	0.000	0.000	0.000	0.000	0.000	0.000	0.000	0.000	0.000	0.000
