pcb_C_0	326.8224
pcb_C_1	327.4180
pcb_C_2	327.5534
pcb_C_3	327.3543
pcb_C_4	326.8193
pcb_C_5	326.4054
pcb_C_6	326.0188
pcb_C_7	325.4451
pcb_C_8	326.6502
pcb_C_9	327.1705
pcb_C_10	327.2844
pcb_C_11	327.0599
pcb_C_12	326.4932
pcb_C_13	326.0265
pcb_C_14	325.6047
pcb_C_15	325.1103
pcb_C_16	326.1410
pcb_C_17	326.3008
pcb_C_18	326.3223
pcb_C_19	326.1523
pcb_C_20	325.7897
pcb_C_21	325.4368
pcb_C_22	325.1186
pcb_C_23	324.8374
pcb_C_24	325.6921
pcb_C_25	325.5723
pcb_C_26	325.5286
pcb_C_27	325.4231
pcb_C_28	325.2332
pcb_C_29	325.0243
pcb_C_30	324.8376
pcb_C_31	324.7171
solder_C_0	327.2968
solder_C_1	327.8637
solder_C_2	327.9976
solder_C_3	327.7602
solder_C_4	326.9501
solder_C_5	326.4875
solder_C_6	326.0920
solder_C_7	325.5763
solder_C_8	327.0830
solder_C_9	327.5663
solder_C_10	327.6826
solder_C_11	327.4298
solder_C_12	326.6188
solder_C_13	326.1103
solder_C_14	325.6802
solder_C_15	325.2390
solder_C_16	326.1982
solder_C_17	326.2794
solder_C_18	326.3094
solder_C_19	326.1389
solder_C_20	325.7303
solder_C_21	325.3616
solder_C_22	325.0347
solder_C_23	324.8167
solder_C_24	325.6525
solder_C_25	325.4516
solder_C_26	325.4181
solder_C_27	325.3187
solder_C_28	325.1235
solder_C_29	324.9047
solder_C_30	324.7077
solder_C_31	324.6510
sub_C_0	327.4499
sub_C_1	328.0168
sub_C_2	328.1547
sub_C_3	327.9177
sub_C_4	326.9712
sub_C_5	326.5049
sub_C_6	326.1041
sub_C_7	325.5855
sub_C_8	327.2346
sub_C_9	327.7250
sub_C_10	327.8472
sub_C_11	327.5979
sub_C_12	326.6606
sub_C_13	326.1501
sub_C_14	325.7153
sub_C_15	325.2625
sub_C_16	326.1130
sub_C_17	326.2243
sub_C_18	326.2643
sub_C_19	326.0989
sub_C_20	325.6906
sub_C_21	325.3213
sub_C_22	324.9871
sub_C_23	324.7449
sub_C_24	325.5488
sub_C_25	325.3899
sub_C_26	325.3675
sub_C_27	325.2713
sub_C_28	325.0759
sub_C_29	324.8535
sub_C_30	324.6470
sub_C_31	324.5628
layer_3_C_0	328.8590
layer_3_C_1	329.4783
layer_3_C_2	329.6529
layer_3_C_3	329.4423
layer_3_C_4	327.1508
layer_3_C_5	326.6744
layer_3_C_6	326.2321
layer_3_C_7	325.6422
layer_3_C_8	328.6993
layer_3_C_9	329.3098
layer_3_C_10	329.4909
layer_3_C_11	329.2904
layer_3_C_12	327.0723
layer_3_C_13	326.5557
layer_3_C_14	326.0759
layer_3_C_15	325.4818
layer_3_C_16	325.2372
layer_3_C_17	325.6414
layer_3_C_18	325.7808
layer_3_C_19	325.6657
layer_3_C_20	325.2858
layer_3_C_21	324.9129
layer_3_C_22	324.5076
layer_3_C_23	324.0269
layer_3_C_24	324.5602
layer_3_C_25	324.7742
layer_3_C_26	324.8611
layer_3_C_27	324.7976
layer_3_C_28	324.6056
layer_3_C_29	324.3531
layer_3_C_30	324.0580
layer_3_C_31	323.7170
layer_4_TB_0	328.6601
layer_4_TB_1	329.2795
layer_4_TB_2	329.4540
layer_4_TB_3	329.2439
layer_4_TB_4	327.0703
layer_4_TB_5	326.5944
layer_4_TB_6	326.1521
layer_4_TB_7	325.5622
layer_4_TB_8	328.5017
layer_4_TB_9	329.1125
layer_4_TB_10	329.2936
layer_4_TB_11	329.0935
layer_4_TB_12	326.9912
layer_4_TB_13	326.4764
layer_4_TB_14	325.9968
layer_4_TB_15	325.4020
layer_4_TB_16	325.2351
layer_4_TB_17	325.6397
layer_4_TB_18	325.7792
layer_4_TB_19	325.6642
layer_4_TB_20	325.2850
layer_4_TB_21	324.9121
layer_4_TB_22	324.5066
layer_4_TB_23	324.0256
layer_4_TB_24	324.5590
layer_4_TB_25	324.7734
layer_4_TB_26	324.8605
layer_4_TB_27	324.7970
layer_4_TB_28	324.6050
layer_4_TB_29	324.3525
layer_4_TB_30	324.0573
layer_4_TB_31	323.7160
hsp_TB_0	326.6708
hsp_TB_1	327.2916
hsp_TB_2	327.4654
hsp_TB_3	327.2600
hsp_TB_4	326.2659
hsp_TB_5	325.7937
hsp_TB_6	325.3520
hsp_TB_7	324.7622
hsp_TB_8	326.5257
hsp_TB_9	327.1392
hsp_TB_10	327.3205
hsp_TB_11	327.1246
hsp_TB_12	326.1800
hsp_TB_13	325.6836
hsp_TB_14	325.2056
hsp_TB_15	324.6035
hsp_TB_16	325.2135
hsp_TB_17	325.6224
hsp_TB_18	325.7629
hsp_TB_19	325.6485
hsp_TB_20	325.2760
hsp_TB_21	324.9033
hsp_TB_22	324.4972
hsp_TB_23	324.0125
hsp_TB_24	324.5473
hsp_TB_25	324.7657
hsp_TB_26	324.8538
hsp_TB_27	324.7907
hsp_TB_28	324.5989
hsp_TB_29	324.3464
hsp_TB_30	324.0506
hsp_TB_31	323.7062
hsink_TB_0	325.8639
hsink_TB_1	326.4493
hsink_TB_2	326.6223
hsink_TB_3	326.4464
hsink_TB_4	325.8909
hsink_TB_5	325.4488
hsink_TB_6	325.0104
hsink_TB_7	324.4351
hsink_TB_8	325.7749
hsink_TB_9	326.3574
hsink_TB_10	326.5383
hsink_TB_11	326.3685
hsink_TB_12	325.8293
hsink_TB_13	325.3639
hsink_TB_14	324.8892
hsink_TB_15	324.2981
hsink_TB_16	325.1235
hsink_TB_17	325.5280
hsink_TB_18	325.6688
hsink_TB_19	325.5594
hsink_TB_20	325.2287
hsink_TB_21	324.8615
hsink_TB_22	324.4560
hsink_TB_23	323.9724
hsink_TB_24	324.5349
hsink_TB_25	324.7545
hsink_TB_26	324.8431
hsink_TB_27	324.7805
hsink_TB_28	324.5903
hsink_TB_29	324.3382
hsink_TB_30	324.0423
hsink_TB_31	323.6970
inode_0	324.2080
inode_1	323.1551
inode_2	323.1979
inode_3	324.4024
inode_4	324.1937
inode_5	323.1447
inode_6	323.1917
inode_7	324.3921
inode_8	323.6495
inode_9	322.6949
inode_10	322.6118
inode_11	323.6741
inode_12	326.4845
inode_13	325.0186
inode_14	324.9217
inode_15	326.7406
inode_16	326.4814
inode_17	325.0180
inode_18	324.9216
inode_19	326.7399
inode_20	325.9007
inode_21	324.6341
inode_22	324.8750
inode_23	326.6491
inode_24	324.0910
inode_25	323.1201
inode_26	322.9645
inode_27	324.2346
