pcb_C_0	321.7828
pcb_C_1	322.1662
pcb_C_2	322.2336
pcb_C_3	322.2491
pcb_C_4	322.2388
pcb_C_5	322.1941
pcb_C_6	322.0757
pcb_C_7	321.7384
pcb_C_8	321.5965
pcb_C_9	321.9850
pcb_C_10	322.1287
pcb_C_11	322.1739
pcb_C_12	322.1611
pcb_C_13	322.0880
pcb_C_14	321.9179
pcb_C_15	321.5487
pcb_C_16	321.3501
pcb_C_17	321.5720
pcb_C_18	321.6857
pcb_C_19	321.7293
pcb_C_20	321.7191
pcb_C_21	321.6559
pcb_C_22	321.5280
pcb_C_23	321.3101
pcb_C_24	321.1941
pcb_C_25	321.2677
pcb_C_26	321.3233
pcb_C_27	321.3493
pcb_C_28	321.3419
pcb_C_29	321.3022
pcb_C_30	321.2364
pcb_C_31	321.1599
pcb_C_32	321.0936
pcb_C_33	321.0576
pcb_C_34	321.0593
pcb_C_35	321.0650
pcb_C_36	321.0595
pcb_C_37	321.0436
pcb_C_38	321.0333
pcb_C_39	321.0630
pcb_C_40	321.0201
pcb_C_41	320.9046
pcb_C_42	320.8651
pcb_C_43	320.8544
pcb_C_44	320.8503
pcb_C_45	320.8531
pcb_C_46	320.8848
pcb_C_47	320.9921
pcb_C_48	320.9518
pcb_C_49	320.7846
pcb_C_50	320.7233
pcb_C_51	320.7046
pcb_C_52	320.7018
pcb_C_53	320.7148
pcb_C_54	320.7694
pcb_C_55	320.9270
pcb_C_56	320.8372
pcb_C_57	320.6789
pcb_C_58	320.6325
pcb_C_59	320.6197
pcb_C_60	320.6184
pcb_C_61	320.6286
pcb_C_62	320.6711
pcb_C_63	320.8205
solder_C_0	321.9852
solder_C_1	322.4474
solder_C_2	322.4384
solder_C_3	322.4442
solder_C_4	322.4314
solder_C_5	322.3831
solder_C_6	322.2611
solder_C_7	321.9243
solder_C_8	321.7666
solder_C_9	322.1537
solder_C_10	322.2838
solder_C_11	322.3260
solder_C_12	322.3121
solder_C_13	322.2384
solder_C_14	322.0710
solder_C_15	321.7125
solder_C_16	321.3777
solder_C_17	321.5763
solder_C_18	321.6868
solder_C_19	321.7303
solder_C_20	321.7199
solder_C_21	321.6559
solder_C_22	321.5297
solder_C_23	321.3352
solder_C_24	321.1907
solder_C_25	321.2457
solder_C_26	321.3040
solder_C_27	321.3322
solder_C_28	321.3247
solder_C_29	321.2826
solder_C_30	321.2139
solder_C_31	321.1554
solder_C_32	321.0772
solder_C_33	321.0291
solder_C_34	321.0378
solder_C_35	321.0473
solder_C_36	321.0419
solder_C_37	321.0221
solder_C_38	321.0047
solder_C_39	321.0461
solder_C_40	320.9944
solder_C_41	320.8708
solder_C_42	320.8408
solder_C_43	320.8348
solder_C_44	320.8308
solder_C_45	320.8289
solder_C_46	320.8512
solder_C_47	320.9662
solder_C_48	320.9205
solder_C_49	320.7468
solder_C_50	320.6947
solder_C_51	320.6802
solder_C_52	320.6774
solder_C_53	320.6862
solder_C_54	320.7316
solder_C_55	320.8956
solder_C_56	320.8209
solder_C_57	320.6550
solder_C_58	320.6126
solder_C_59	320.6016
solder_C_60	320.6002
solder_C_61	320.6084
solder_C_62	320.6467
solder_C_63	320.8037
sub_C_0	322.0434
sub_C_1	322.5532
sub_C_2	322.4892
sub_C_3	322.4947
sub_C_4	322.4812
sub_C_5	322.4311
sub_C_6	322.3068
sub_C_7	321.9786
sub_C_8	321.8322
sub_C_9	322.2090
sub_C_10	322.3371
sub_C_11	322.3793
sub_C_12	322.3653
sub_C_13	322.2914
sub_C_14	322.1250
sub_C_15	321.7771
sub_C_16	321.3659
sub_C_17	321.5646
sub_C_18	321.6757
sub_C_19	321.7195
sub_C_20	321.7090
sub_C_21	321.6447
sub_C_22	321.5179
sub_C_23	321.3230
sub_C_24	321.1722
sub_C_25	321.2349
sub_C_26	321.2959
sub_C_27	321.3249
sub_C_28	321.3174
sub_C_29	321.2744
sub_C_30	321.2031
sub_C_31	321.1369
sub_C_32	321.0536
sub_C_33	321.0179
sub_C_34	321.0306
sub_C_35	321.0415
sub_C_36	321.0361
sub_C_37	321.0149
sub_C_38	320.9937
sub_C_39	321.0228
sub_C_40	320.9664
sub_C_41	320.8582
sub_C_42	320.8330
sub_C_43	320.8286
sub_C_44	320.8246
sub_C_45	320.8211
sub_C_46	320.8387
sub_C_47	320.9386
sub_C_48	320.8886
sub_C_49	320.7319
sub_C_50	320.6846
sub_C_51	320.6715
sub_C_52	320.6687
sub_C_53	320.6760
sub_C_54	320.7168
sub_C_55	320.8642
sub_C_56	320.7881
sub_C_57	320.6357
sub_C_58	320.5958
sub_C_59	320.5853
sub_C_60	320.5839
sub_C_61	320.5914
sub_C_62	320.6271
sub_C_63	320.7709
layer_3_C_0	322.5606
layer_3_C_1	323.5836
layer_3_C_2	322.9569
layer_3_C_3	322.9645
layer_3_C_4	322.9470
layer_3_C_5	322.8833
layer_3_C_6	322.7469
layer_3_C_7	322.4727
layer_3_C_8	322.4323
layer_3_C_9	322.7460
layer_3_C_10	322.8611
layer_3_C_11	322.9034
layer_3_C_12	322.8884
layer_3_C_13	322.8129
layer_3_C_14	322.6563
layer_3_C_15	322.3694
layer_3_C_16	321.2262
layer_3_C_17	321.4417
layer_3_C_18	321.5591
layer_3_C_19	321.6058
layer_3_C_20	321.5950
layer_3_C_21	321.5275
layer_3_C_22	321.3942
layer_3_C_23	321.1805
layer_3_C_24	320.9916
layer_3_C_25	321.1300
layer_3_C_26	321.2163
layer_3_C_27	321.2534
layer_3_C_28	321.2459
layer_3_C_29	321.1947
layer_3_C_30	321.0983
layer_3_C_31	320.9565
layer_3_C_32	320.8344
layer_3_C_33	320.9100
layer_3_C_34	320.9617
layer_3_C_35	320.9851
layer_3_C_36	320.9797
layer_3_C_37	320.9462
layer_3_C_38	320.8864
layer_3_C_39	320.8057
layer_3_C_40	320.7122
layer_3_C_41	320.7369
layer_3_C_42	320.7584
layer_3_C_43	320.7688
layer_3_C_44	320.7648
layer_3_C_45	320.7467
layer_3_C_46	320.7184
layer_3_C_47	320.6877
layer_3_C_48	320.6034
layer_3_C_49	320.5881
layer_3_C_50	320.5868
layer_3_C_51	320.5874
layer_3_C_52	320.5845
layer_3_C_53	320.5781
layer_3_C_54	320.5736
layer_3_C_55	320.5825
layer_3_C_56	320.4845
layer_3_C_57	320.4454
layer_3_C_58	320.4331
layer_3_C_59	320.4294
layer_3_C_60	320.4275
layer_3_C_61	320.4274
layer_3_C_62	320.4352
layer_3_C_63	320.4685
layer_4_TB_0	322.4985
layer_4_TB_1	323.4734
layer_4_TB_2	322.8948
layer_4_TB_3	322.9025
layer_4_TB_4	322.8850
layer_4_TB_5	322.8213
layer_4_TB_6	322.6849
layer_4_TB_7	322.4108
layer_4_TB_8	322.3707
layer_4_TB_9	322.6843
layer_4_TB_10	322.7994
layer_4_TB_11	322.8417
layer_4_TB_12	322.8267
layer_4_TB_13	322.7513
layer_4_TB_14	322.5947
layer_4_TB_15	322.3077
layer_4_TB_16	321.2258
layer_4_TB_17	321.4414
layer_4_TB_18	321.5588
layer_4_TB_19	321.6055
layer_4_TB_20	321.5947
layer_4_TB_21	321.5272
layer_4_TB_22	321.3939
layer_4_TB_23	321.1801
layer_4_TB_24	320.9913
layer_4_TB_25	321.1299
layer_4_TB_26	321.2162
layer_4_TB_27	321.2534
layer_4_TB_28	321.2458
layer_4_TB_29	321.1946
layer_4_TB_30	321.0981
layer_4_TB_31	320.9563
layer_4_TB_32	320.8342
layer_4_TB_33	320.9098
layer_4_TB_34	320.9616
layer_4_TB_35	320.9851
layer_4_TB_36	320.9797
layer_4_TB_37	320.9461
layer_4_TB_38	320.8863
layer_4_TB_39	320.8054
layer_4_TB_40	320.7119
layer_4_TB_41	320.7368
layer_4_TB_42	320.7583
layer_4_TB_43	320.7687
layer_4_TB_44	320.7647
layer_4_TB_45	320.7466
layer_4_TB_46	320.7183
layer_4_TB_47	320.6874
layer_4_TB_48	320.6031
layer_4_TB_49	320.5880
layer_4_TB_50	320.5867
layer_4_TB_51	320.5873
layer_4_TB_52	320.5844
layer_4_TB_53	320.5780
layer_4_TB_54	320.5734
layer_4_TB_55	320.5822
layer_4_TB_56	320.4842
layer_4_TB_57	320.4451
layer_4_TB_58	320.4329
layer_4_TB_59	320.4292
layer_4_TB_60	320.4273
layer_4_TB_61	320.4272
layer_4_TB_62	320.4350
layer_4_TB_63	320.4681
hsp_TB_0	321.8774
hsp_TB_1	322.3722
hsp_TB_2	322.2736
hsp_TB_3	322.2827
hsp_TB_4	322.2652
hsp_TB_5	322.2015
hsp_TB_6	322.0654
hsp_TB_7	321.7912
hsp_TB_8	321.7542
hsp_TB_9	322.0666
hsp_TB_10	322.1829
hsp_TB_11	322.2252
hsp_TB_12	322.2102
hsp_TB_13	322.1348
hsp_TB_14	321.9785
hsp_TB_15	321.6913
hsp_TB_16	321.2218
hsp_TB_17	321.4382
hsp_TB_18	321.5557
hsp_TB_19	321.6024
hsp_TB_20	321.5916
hsp_TB_21	321.5241
hsp_TB_22	321.3908
hsp_TB_23	321.1761
hsp_TB_24	320.9891
hsp_TB_25	321.1287
hsp_TB_26	321.2153
hsp_TB_27	321.2525
hsp_TB_28	321.2450
hsp_TB_29	321.1938
hsp_TB_30	321.0970
hsp_TB_31	320.9540
hsp_TB_32	320.8317
hsp_TB_33	320.9087
hsp_TB_34	320.9608
hsp_TB_35	320.9844
hsp_TB_36	320.9790
hsp_TB_37	320.9453
hsp_TB_38	320.8851
hsp_TB_39	320.8030
hsp_TB_40	320.7093
hsp_TB_41	320.7356
hsp_TB_42	320.7575
hsp_TB_43	320.7680
hsp_TB_44	320.7641
hsp_TB_45	320.7458
hsp_TB_46	320.7170
hsp_TB_47	320.6848
hsp_TB_48	320.6003
hsp_TB_49	320.5865
hsp_TB_50	320.5857
hsp_TB_51	320.5864
hsp_TB_52	320.5835
hsp_TB_53	320.5769
hsp_TB_54	320.5719
hsp_TB_55	320.5794
hsp_TB_56	320.4810
hsp_TB_57	320.4429
hsp_TB_58	320.4310
hsp_TB_59	320.4273
hsp_TB_60	320.4254
hsp_TB_61	320.4252
hsp_TB_62	320.4327
hsp_TB_63	320.4649
hsink_TB_0	321.6147
hsink_TB_1	321.9434
hsink_TB_2	322.0014
hsink_TB_3	322.0203
hsink_TB_4	322.0034
hsink_TB_5	321.9398
hsink_TB_6	321.8044
hsink_TB_7	321.5393
hsink_TB_8	321.5076
hsink_TB_9	321.8023
hsink_TB_10	321.9270
hsink_TB_11	321.9703
hsink_TB_12	321.9554
hsink_TB_13	321.8801
hsink_TB_14	321.7246
hsink_TB_15	321.4461
hsink_TB_16	321.2026
hsink_TB_17	321.4177
hsink_TB_18	321.5356
hsink_TB_19	321.5824
hsink_TB_20	321.5716
hsink_TB_21	321.5041
hsink_TB_22	321.3709
hsink_TB_23	321.1570
hsink_TB_24	320.9851
hsink_TB_25	321.1251
hsink_TB_26	321.2117
hsink_TB_27	321.2490
hsink_TB_28	321.2414
hsink_TB_29	321.1902
hsink_TB_30	321.0934
hsink_TB_31	320.9500
hsink_TB_32	320.8287
hsink_TB_33	320.9062
hsink_TB_34	320.9585
hsink_TB_35	320.9822
hsink_TB_36	320.9768
hsink_TB_37	320.9430
hsink_TB_38	320.8827
hsink_TB_39	320.8001
hsink_TB_40	320.7064
hsink_TB_41	320.7332
hsink_TB_42	320.7554
hsink_TB_43	320.7660
hsink_TB_44	320.7620
hsink_TB_45	320.7437
hsink_TB_46	320.7147
hsink_TB_47	320.6819
hsink_TB_48	320.5974
hsink_TB_49	320.5841
hsink_TB_50	320.5835
hsink_TB_51	320.5844
hsink_TB_52	320.5815
hsink_TB_53	320.5748
hsink_TB_54	320.5696
hsink_TB_55	320.5765
hsink_TB_56	320.4780
hsink_TB_57	320.4403
hsink_TB_58	320.4285
hsink_TB_59	320.4249
hsink_TB_60	320.4230
hsink_TB_61	320.4227
hsink_TB_62	320.4301
hsink_TB_63	320.4619
inode_0	320.6728
inode_1	320.6385
inode_2	320.1767
inode_3	321.4676
inode_4	320.6680
inode_5	320.6338
inode_6	320.1734
inode_7	321.4593
inode_8	320.4509
inode_9	320.4197
inode_10	319.9989
inode_11	321.1739
inode_12	321.2556
inode_13	321.2191
inode_14	320.6616
inode_15	322.2693
inode_16	321.2553
inode_17	321.2188
inode_18	320.6621
inode_19	322.2664
inode_20	321.1325
inode_21	321.0996
inode_22	320.6000
inode_23	321.9907
inode_24	320.4378
inode_25	320.4126
inode_26	320.0293
inode_27	321.0961
