pcb_LC_0	350.6481
pcb_LC_1	351.8174
pcb_LC_2	352.3295
pcb_LC_3	352.5353
pcb_LC_4	352.5376
pcb_LC_5	352.3338
pcb_LC_6	351.8201
pcb_LC_7	350.6478
pcb_LC_8	350.6217
pcb_LC_9	352.0041
pcb_LC_10	352.6599
pcb_LC_11	352.9308
pcb_LC_12	352.9337
pcb_LC_13	352.6651
pcb_LC_14	352.0077
pcb_LC_15	350.6215
pcb_LC_16	350.6203
pcb_LC_17	352.0012
pcb_LC_18	352.6562
pcb_LC_19	352.9269
pcb_LC_20	352.9299
pcb_LC_21	352.6616
pcb_LC_22	352.0048
pcb_LC_23	350.6201
pcb_LC_24	350.6408
pcb_LC_25	351.8058
pcb_LC_26	352.3164
pcb_LC_27	352.5216
pcb_LC_28	352.5240
pcb_LC_29	352.3207
pcb_LC_30	351.8087
pcb_LC_31	350.6405
solder_LC_0	352.6866
solder_LC_1	353.0782
solder_LC_2	353.3712
solder_LC_3	353.5272
solder_LC_4	353.5349
solder_LC_5	353.3826
solder_LC_6	353.0844
solder_LC_7	352.6828
solder_LC_8	352.7898
solder_LC_9	353.3038
solder_LC_10	353.6839
solder_LC_11	353.8844
solder_LC_12	353.8926
solder_LC_13	353.6961
solder_LC_14	353.3110
solder_LC_15	352.7858
solder_LC_16	352.7931
solder_LC_17	353.3061
solder_LC_18	353.6854
solder_LC_19	353.8858
solder_LC_20	353.8943
solder_LC_21	353.6980
solder_LC_22	353.3139
solder_LC_23	352.7892
solder_LC_24	352.6718
solder_LC_25	353.0569
solder_LC_26	353.3475
solder_LC_27	353.5026
solder_LC_28	353.5106
solder_LC_29	353.3590
solder_LC_30	353.0635
solder_LC_31	352.6679
sub_LC_0	352.9187
sub_LC_1	353.3234
sub_LC_2	353.6405
sub_LC_3	353.8129
sub_LC_4	353.8263
sub_LC_5	353.6574
sub_LC_6	353.3323
sub_LC_7	352.9109
sub_LC_8	353.0036
sub_LC_9	353.5174
sub_LC_10	353.9146
sub_LC_11	354.1263
sub_LC_12	354.1385
sub_LC_13	353.9298
sub_LC_14	353.5268
sub_LC_15	352.9958
sub_LC_16	353.0218
sub_LC_17	353.5346
sub_LC_18	353.9309
sub_LC_19	354.1430
sub_LC_20	354.1560
sub_LC_21	353.9473
sub_LC_22	353.5454
sub_LC_23	353.0140
sub_LC_24	352.8914
sub_LC_25	353.2896
sub_LC_26	353.6039
sub_LC_27	353.7750
sub_LC_28	353.7887
sub_LC_29	353.6207
sub_LC_30	353.2992
sub_LC_31	352.8830
layer_3_LC_0	354.9636
layer_3_LC_1	355.5797
layer_3_LC_2	356.1333
layer_3_LC_3	356.4605
layer_3_LC_4	356.5344
layer_3_LC_5	356.2068
layer_3_LC_6	355.6165
layer_3_LC_7	354.9132
layer_3_LC_8	354.8236
layer_3_LC_9	355.5012
layer_3_LC_10	356.1014
layer_3_LC_11	356.4299
layer_3_LC_12	356.4844
layer_3_LC_13	356.1450
layer_3_LC_14	355.5333
layer_3_LC_15	354.7754
layer_3_LC_16	355.0253
layer_3_LC_17	355.7004
layer_3_LC_18	356.2997
layer_3_LC_19	356.6342
layer_3_LC_20	356.6955
layer_3_LC_21	356.3526
layer_3_LC_22	355.7436
layer_3_LC_23	354.9768
layer_3_LC_24	354.7970
layer_3_LC_25	355.4046
layer_3_LC_26	355.9514
layer_3_LC_27	356.2725
layer_3_LC_28	356.3476
layer_3_LC_29	356.0211
layer_3_LC_30	355.4450
layer_3_LC_31	354.7410
layer_4_TB_0	354.8699
layer_4_TB_1	355.4860
layer_4_TB_2	356.0393
layer_4_TB_3	356.3663
layer_4_TB_4	356.4403
layer_4_TB_5	356.1128
layer_4_TB_6	355.5229
layer_4_TB_7	354.8194
layer_4_TB_8	354.7290
layer_4_TB_9	355.4066
layer_4_TB_10	356.0066
layer_4_TB_11	356.3348
layer_4_TB_12	356.3894
layer_4_TB_13	356.0501
layer_4_TB_14	355.4388
layer_4_TB_15	354.6807
layer_4_TB_16	354.9318
layer_4_TB_17	355.6070
layer_4_TB_18	356.2060
layer_4_TB_19	356.5403
layer_4_TB_20	356.6017
layer_4_TB_21	356.2589
layer_4_TB_22	355.6503
layer_4_TB_23	354.8833
layer_4_TB_24	354.7028
layer_4_TB_25	355.3104
layer_4_TB_26	355.8570
layer_4_TB_27	356.1778
layer_4_TB_28	356.2530
layer_4_TB_29	355.9266
layer_4_TB_30	355.3509
layer_4_TB_31	354.6467
layer_5_B_0	353.9328
layer_5_B_1	354.5493
layer_5_B_2	355.0994
layer_5_B_3	355.4244
layer_5_B_4	355.4997
layer_5_B_5	355.1734
layer_5_B_6	354.5866
layer_5_B_7	353.8817
layer_5_B_8	353.7824
layer_5_B_9	354.4613
layer_5_B_10	355.0585
layer_5_B_11	355.3839
layer_5_B_12	355.4390
layer_5_B_13	355.1013
layer_5_B_14	354.4937
layer_5_B_15	353.7336
layer_5_B_16	353.9968
layer_5_B_17	354.6732
layer_5_B_18	355.2694
layer_5_B_19	355.6012
layer_5_B_20	355.6634
layer_5_B_21	355.3220
layer_5_B_22	354.7172
layer_5_B_23	353.9477
layer_5_B_24	353.7609
layer_5_B_25	354.3688
layer_5_B_26	354.9122
layer_5_B_27	355.2308
layer_5_B_28	355.3073
layer_5_B_29	354.9820
layer_5_B_30	354.4097
layer_5_B_31	353.7040
layer_6_TB_0	353.8011
layer_6_TB_1	354.4178
layer_6_TB_2	354.9675
layer_6_TB_3	355.2921
layer_6_TB_4	355.3676
layer_6_TB_5	355.0416
layer_6_TB_6	354.4552
layer_6_TB_7	353.7499
layer_6_TB_8	353.6489
layer_6_TB_9	354.3283
layer_6_TB_10	354.9252
layer_6_TB_11	355.2501
layer_6_TB_12	355.3053
layer_6_TB_13	354.9678
layer_6_TB_14	354.3607
layer_6_TB_15	353.5999
layer_6_TB_16	353.8656
layer_6_TB_17	354.5425
layer_6_TB_18	355.1384
layer_6_TB_19	355.4698
layer_6_TB_20	355.5322
layer_6_TB_21	355.1910
layer_6_TB_22	354.5867
layer_6_TB_23	353.8164
layer_6_TB_24	353.6282
layer_6_TB_25	354.2363
layer_6_TB_26	354.7793
layer_6_TB_27	355.0975
layer_6_TB_28	355.1742
layer_6_TB_29	354.8491
layer_6_TB_30	354.2773
layer_6_TB_31	353.5711
layer_7_B_32	352.4838
layer_7_B_33	353.1034
layer_7_B_34	353.6482
layer_7_B_35	353.9696
layer_7_B_36	354.0476
layer_7_B_37	353.7231
layer_7_B_38	353.1415
layer_7_B_39	352.4313
layer_7_B_40	352.3132
layer_7_B_41	352.9982
layer_7_B_42	353.5918
layer_7_B_43	353.9122
layer_7_B_44	353.9683
layer_7_B_45	353.6328
layer_7_B_46	353.0310
layer_7_B_47	352.2633
layer_7_B_48	352.5533
layer_7_B_49	353.2356
layer_7_B_50	353.8282
layer_7_B_51	354.1560
layer_7_B_52	354.2200
layer_7_B_53	353.8802
layer_7_B_54	353.2813
layer_7_B_55	352.5030
layer_7_B_56	352.3010
layer_7_B_57	352.9119
layer_7_B_58	353.4500
layer_7_B_59	353.7646
layer_7_B_60	353.8437
layer_7_B_61	353.5200
layer_7_B_62	352.9535
layer_7_B_63	352.2425
layer_8_TB_0	352.3147
layer_8_TB_1	352.9348
layer_8_TB_2	353.4790
layer_8_TB_3	353.8000
layer_8_TB_4	353.8784
layer_8_TB_5	353.5540
layer_8_TB_6	352.9730
layer_8_TB_7	352.2621
layer_8_TB_8	352.1414
layer_8_TB_9	352.8273
layer_8_TB_10	353.4205
layer_8_TB_11	353.7403
layer_8_TB_12	353.7965
layer_8_TB_13	353.4613
layer_8_TB_14	352.8602
layer_8_TB_15	352.0913
layer_8_TB_16	352.3851
layer_8_TB_17	353.0683
layer_8_TB_18	353.6605
layer_8_TB_19	353.9878
layer_8_TB_20	354.0521
layer_8_TB_21	353.7124
layer_8_TB_22	353.1143
layer_8_TB_23	352.3346
layer_8_TB_24	352.1304
layer_8_TB_25	352.7418
layer_8_TB_26	353.2793
layer_8_TB_27	353.5933
layer_8_TB_28	353.6729
layer_8_TB_29	353.3493
layer_8_TB_30	352.7836
layer_8_TB_31	352.0717
layer_9_B_64	350.6240
layer_9_B_65	351.2495
layer_9_B_66	351.7873
layer_9_B_67	352.1037
layer_9_B_68	352.1860
layer_9_B_69	351.8635
layer_9_B_70	351.2889
layer_9_B_71	350.5696
layer_9_B_72	350.4224
layer_9_B_73	351.1182
layer_9_B_74	351.7076
layer_9_B_75	352.0212
layer_9_B_76	352.0787
layer_9_B_77	351.7460
layer_9_B_78	351.1518
layer_9_B_79	350.3708
layer_9_B_80	350.7026
layer_9_B_81	351.3957
layer_9_B_82	351.9840
layer_9_B_83	352.3064
layer_9_B_84	352.3732
layer_9_B_85	352.0351
layer_9_B_86	351.4440
layer_9_B_87	350.6506
layer_9_B_88	350.4243
layer_9_B_89	351.0408
layer_9_B_90	351.5719
layer_9_B_91	351.8808
layer_9_B_92	351.9640
layer_9_B_93	351.6421
layer_9_B_94	351.0837
layer_9_B_95	350.3634
layer_10_TB_0	350.4067
layer_10_TB_1	351.0335
layer_10_TB_2	351.5708
layer_10_TB_3	351.8865
layer_10_TB_4	351.9684
layer_10_TB_5	351.6463
layer_10_TB_6	351.0728
layer_10_TB_7	350.3525
layer_10_TB_8	350.2101
layer_10_TB_9	350.9075
layer_10_TB_10	351.4963
layer_10_TB_11	351.8093
layer_10_TB_12	351.8666
layer_10_TB_13	351.5345
layer_10_TB_14	350.9412
layer_10_TB_15	350.1587
layer_10_TB_16	350.4852
layer_10_TB_17	351.1803
layer_10_TB_18	351.7683
layer_10_TB_19	352.0899
layer_10_TB_20	352.1562
layer_10_TB_21	351.8189
layer_10_TB_22	351.2284
layer_10_TB_23	350.4337
layer_10_TB_24	350.2111
layer_10_TB_25	350.8288
layer_10_TB_26	351.3591
layer_10_TB_27	351.6672
layer_10_TB_28	351.7506
layer_10_TB_29	351.4292
layer_10_TB_30	350.8716
layer_10_TB_31	350.1506
layer_11_B_96	348.2331
layer_11_B_97	348.8731
layer_11_B_98	349.4056
layer_11_B_99	349.7139
layer_11_B_100	349.7926
layer_11_B_101	349.4742
layer_11_B_102	348.9123
layer_11_B_103	348.1816
layer_11_B_104	348.0872
layer_11_B_105	348.8010
layer_11_B_106	349.3836
layer_11_B_107	349.6902
layer_11_B_108	349.7459
layer_11_B_109	349.4201
layer_11_B_110	348.8356
layer_11_B_111	348.0372
layer_11_B_112	348.3114
layer_11_B_113	349.0261
layer_11_B_114	349.6114
layer_11_B_115	349.9251
layer_11_B_116	349.9863
layer_11_B_117	349.6573
layer_11_B_118	349.0725
layer_11_B_119	348.2646
layer_11_B_120	348.0791
layer_11_B_121	348.7079
layer_11_B_122	349.2317
layer_11_B_123	349.5315
layer_11_B_124	349.6166
layer_11_B_125	349.3003
layer_11_B_126	348.7505
layer_11_B_127	348.0225
layer_12_TB_0	347.9739
layer_12_TB_1	348.6162
layer_12_TB_2	349.1480
layer_12_TB_3	349.4551
layer_12_TB_4	349.5329
layer_12_TB_5	349.2158
layer_12_TB_6	348.6550
layer_12_TB_7	347.9230
layer_12_TB_8	347.8334
layer_12_TB_9	348.5501
layer_12_TB_10	349.1322
layer_12_TB_11	349.4380
layer_12_TB_12	349.4930
layer_12_TB_13	349.1683
layer_12_TB_14	348.5843
layer_12_TB_15	347.7841
layer_12_TB_16	348.0555
layer_12_TB_17	348.7728
layer_12_TB_18	349.3577
layer_12_TB_19	349.6705
layer_12_TB_20	349.7309
layer_12_TB_21	349.4030
layer_12_TB_22	348.8188
layer_12_TB_23	348.0092
layer_12_TB_24	347.8212
layer_12_TB_25	348.4527
layer_12_TB_26	348.9759
layer_12_TB_27	349.2744
layer_12_TB_28	349.3584
layer_12_TB_29	349.0437
layer_12_TB_30	348.4948
layer_12_TB_31	347.7654
layer_13_B_128	345.3819
layer_13_B_129	346.0473
layer_13_B_130	346.5724
layer_13_B_131	346.8675
layer_13_B_132	346.9366
layer_13_B_133	346.6319
layer_13_B_134	346.0829
layer_13_B_135	345.3366
layer_13_B_136	345.2961
layer_13_B_137	346.0410
layer_13_B_138	346.6178
layer_13_B_139	346.9155
layer_13_B_140	346.9642
layer_13_B_141	346.6496
layer_13_B_142	346.0712
layer_13_B_143	345.2529
layer_13_B_144	345.4965
layer_13_B_145	346.2405
layer_13_B_146	346.8203
layer_13_B_147	347.1239
layer_13_B_148	347.1765
layer_13_B_149	346.8604
layer_13_B_150	346.2820
layer_13_B_151	345.4545
layer_13_B_152	345.2418
layer_13_B_153	345.9008
layer_13_B_154	346.4172
layer_13_B_155	346.7042
layer_13_B_156	346.7760
layer_13_B_157	346.4768
layer_13_B_158	345.9379
layer_13_B_159	345.1942
layer_14_TB_0	345.0883
layer_14_TB_1	345.7564
layer_14_TB_2	346.2806
layer_14_TB_3	346.5744
layer_14_TB_4	346.6428
layer_14_TB_5	346.3393
layer_14_TB_6	345.7917
layer_14_TB_7	345.0435
layer_14_TB_8	345.0072
layer_14_TB_9	345.7554
layer_14_TB_10	346.3317
layer_14_TB_11	346.6284
layer_14_TB_12	346.6765
layer_14_TB_13	346.3629
layer_14_TB_14	345.7853
layer_14_TB_15	344.9645
layer_14_TB_16	345.2065
layer_14_TB_17	345.9537
layer_14_TB_18	346.5329
layer_14_TB_19	346.8355
layer_14_TB_20	346.8873
layer_14_TB_21	346.5725
layer_14_TB_22	345.9949
layer_14_TB_23	345.1650
layer_14_TB_24	344.9491
layer_14_TB_25	345.6111
layer_14_TB_26	346.1266
layer_14_TB_27	346.4123
layer_14_TB_28	346.4830
layer_14_TB_29	346.1854
layer_14_TB_30	345.6477
layer_14_TB_31	344.9023
layer_15_B_160	342.1527
layer_15_B_161	342.8471
layer_15_B_162	343.3627
layer_15_B_163	343.6433
layer_15_B_164	343.7042
layer_15_B_165	343.4133
layer_15_B_166	342.8798
layer_15_B_167	342.1129
layer_15_B_168	342.1181
layer_15_B_169	342.9002
layer_15_B_170	343.4701
layer_15_B_171	343.7570
layer_15_B_172	343.7993
layer_15_B_173	343.4963
layer_15_B_174	342.9264
layer_15_B_175	342.0810
layer_15_B_176	342.3066
layer_15_B_177	343.0862
layer_15_B_178	343.6596
layer_15_B_179	343.9517
layer_15_B_180	343.9963
layer_15_B_181	343.6935
layer_15_B_182	343.1238
layer_15_B_183	342.2691
layer_15_B_184	342.0215
layer_15_B_185	342.7144
layer_15_B_186	343.2209
layer_15_B_187	343.4936
layer_15_B_188	343.5534
layer_15_B_189	343.2715
layer_15_B_190	342.7462
layer_15_B_191	341.9823
layer_16_TB_0	341.8261
layer_16_TB_1	342.5235
layer_16_TB_2	343.0380
layer_16_TB_3	343.3171
layer_16_TB_4	343.3774
layer_16_TB_5	343.0878
layer_16_TB_6	342.5559
layer_16_TB_7	341.7868
layer_16_TB_8	341.7954
layer_16_TB_9	342.5815
layer_16_TB_10	343.1507
layer_16_TB_11	343.4364
layer_16_TB_12	343.4781
layer_16_TB_13	343.1762
layer_16_TB_14	342.6074
layer_16_TB_15	341.7589
layer_16_TB_16	341.9839
layer_16_TB_17	342.7673
layer_16_TB_18	343.3400
layer_16_TB_19	343.6310
layer_16_TB_20	343.6748
layer_16_TB_21	343.3734
layer_16_TB_22	342.8046
layer_16_TB_23	341.9467
layer_16_TB_24	341.6952
layer_16_TB_25	342.3915
layer_16_TB_26	342.8970
layer_16_TB_27	343.1682
layer_16_TB_28	343.2270
layer_16_TB_29	342.9468
layer_16_TB_30	342.4229
layer_16_TB_31	341.6568
layer_17_B_192	338.5597
layer_17_B_193	339.2873
layer_17_B_194	339.7910
layer_17_B_195	340.0555
layer_17_B_196	340.1096
layer_17_B_197	339.8329
layer_17_B_198	339.3174
layer_17_B_199	338.5249
layer_17_B_200	338.5683
layer_17_B_201	339.3946
layer_17_B_202	339.9562
layer_17_B_203	340.2304
layer_17_B_204	340.2666
layer_17_B_205	339.9759
layer_17_B_206	339.4169
layer_17_B_207	338.5371
layer_17_B_208	338.7565
layer_17_B_209	339.5783
layer_17_B_210	340.1443
layer_17_B_211	340.4236
layer_17_B_212	340.4607
layer_17_B_213	340.1717
layer_17_B_214	339.6129
layer_17_B_215	338.7227
layer_17_B_216	338.4324
layer_17_B_217	339.1634
layer_17_B_218	339.6575
layer_17_B_219	339.9141
layer_17_B_220	339.9632
layer_17_B_221	339.6993
layer_17_B_222	339.1903
layer_17_B_223	338.4012
layer_18_TB_0	338.1892
layer_18_TB_1	338.9215
layer_18_TB_2	339.4238
layer_18_TB_3	339.6864
layer_18_TB_4	339.7388
layer_18_TB_5	339.4643
layer_18_TB_6	338.9507
layer_18_TB_7	338.1557
layer_18_TB_8	338.2104
layer_18_TB_9	339.0417
layer_18_TB_10	339.6022
layer_18_TB_11	339.8753
layer_18_TB_12	339.9105
layer_18_TB_13	339.6214
layer_18_TB_14	339.0635
layer_18_TB_15	338.1801
layer_18_TB_16	338.3894
layer_18_TB_17	339.2168
layer_18_TB_18	339.7814
layer_18_TB_19	340.0594
layer_18_TB_20	340.0954
layer_18_TB_21	339.8080
layer_18_TB_22	339.2503
layer_18_TB_23	338.3569
layer_18_TB_24	338.0687
layer_18_TB_25	338.8040
layer_18_TB_26	339.2967
layer_18_TB_27	339.5517
layer_18_TB_28	339.5993
layer_18_TB_29	339.3374
layer_18_TB_30	338.8303
layer_18_TB_31	338.0385
layer_19_B_224	334.4844
layer_19_B_225	335.2632
layer_19_B_226	335.7522
layer_19_B_227	335.9955
layer_19_B_228	336.0306
layer_19_B_229	335.7781
layer_19_B_230	335.2837
layer_19_B_231	334.4635
layer_19_B_232	334.6306
layer_19_B_233	335.5128
layer_19_B_234	336.0624
layer_19_B_235	336.3240
layer_19_B_236	336.3489
layer_19_B_237	336.0768
layer_19_B_238	335.5295
layer_19_B_239	334.6105
layer_19_B_240	334.7187
layer_19_B_241	335.6017
layer_19_B_242	336.1532
layer_19_B_243	336.4183
layer_19_B_244	336.4427
layer_19_B_245	336.1718
layer_19_B_246	335.6247
layer_19_B_247	334.6994
layer_19_B_248	334.4315
layer_19_B_249	335.2096
layer_19_B_250	335.6881
layer_19_B_251	335.9270
layer_19_B_252	335.9606
layer_19_B_253	335.7192
layer_19_B_254	335.2297
layer_19_B_255	334.4117
layer_20_TB_0	334.0773
layer_20_TB_1	334.8621
layer_20_TB_2	335.3491
layer_20_TB_3	335.5902
layer_20_TB_4	335.6229
layer_20_TB_5	335.3734
layer_20_TB_6	334.8813
layer_20_TB_7	334.0580
layer_20_TB_8	334.2372
layer_20_TB_9	335.1261
layer_20_TB_10	335.6744
layer_20_TB_11	335.9349
layer_20_TB_12	335.9581
layer_20_TB_13	335.6881
layer_20_TB_14	335.1418
layer_20_TB_15	334.2186
layer_20_TB_16	334.3182
layer_20_TB_17	335.2079
layer_20_TB_18	335.7579
layer_20_TB_19	336.0216
layer_20_TB_20	336.0444
layer_20_TB_21	335.7755
layer_20_TB_22	335.2294
layer_20_TB_23	334.3004
layer_20_TB_24	334.0284
layer_20_TB_25	334.8125
layer_20_TB_26	335.2898
layer_20_TB_27	335.5268
layer_20_TB_28	335.5580
layer_20_TB_29	335.3189
layer_20_TB_30	334.8314
layer_20_TB_31	334.0101
hsp_TB_0	330.0063
hsp_TB_1	330.8515
hsp_TB_2	331.3189
hsp_TB_3	331.5376
hsp_TB_4	331.5452
hsp_TB_5	331.3270
hsp_TB_6	330.8572
hsp_TB_7	330.0028
hsp_TB_8	330.3029
hsp_TB_9	331.2593
hsp_TB_10	331.7946
hsp_TB_11	332.0440
hsp_TB_12	332.0504
hsp_TB_13	331.8014
hsp_TB_14	331.2648
hsp_TB_15	330.2994
hsp_TB_16	330.3132
hsp_TB_17	331.2699
hsp_TB_18	331.8051
hsp_TB_19	332.0546
hsp_TB_20	332.0610
hsp_TB_21	331.8126
hsp_TB_22	331.2763
hsp_TB_23	330.3100
hsp_TB_24	329.9974
hsp_TB_25	330.8416
hsp_TB_26	331.3068
hsp_TB_27	331.5244
hsp_TB_28	331.5319
hsp_TB_29	331.3160
hsp_TB_30	330.8476
hsp_TB_31	329.9942
hsink_TB_0	328.5264
hsink_TB_1	329.2512
hsink_TB_2	329.6897
hsink_TB_3	329.8968
hsink_TB_4	329.8983
hsink_TB_5	329.6923
hsink_TB_6	329.2532
hsink_TB_7	328.5267
hsink_TB_8	328.7664
hsink_TB_9	329.5942
hsink_TB_10	330.0996
hsink_TB_11	330.3387
hsink_TB_12	330.3403
hsink_TB_13	330.1023
hsink_TB_14	329.5964
hsink_TB_15	328.7667
hsink_TB_16	328.7665
hsink_TB_17	329.5942
hsink_TB_18	330.0995
hsink_TB_19	330.3386
hsink_TB_20	330.3402
hsink_TB_21	330.1024
hsink_TB_22	329.5966
hsink_TB_23	328.7669
hsink_TB_24	328.5244
hsink_TB_25	329.2487
hsink_TB_26	329.6868
hsink_TB_27	329.8936
hsink_TB_28	329.8952
hsink_TB_29	329.6896
hsink_TB_30	329.2509
hsink_TB_31	328.5248
inode_0	326.4283
inode_1	326.4282
inode_2	326.9820
inode_3	326.9859
inode_4	326.3911
inode_5	326.3910
inode_6	326.9517
inode_7	326.9555
inode_8	325.2347
inode_9	325.2346
inode_10	325.5565
inode_11	325.5597
inode_12	352.4860
inode_13	352.4820
inode_14	352.1802
inode_15	352.2048
inode_16	352.4659
inode_17	352.4621
inode_18	352.1744
inode_19	352.1989
inode_20	348.8182
inode_21	348.8174
inode_22	351.1563
inode_23	351.1770
inode_24	338.6099
inode_25	338.6094
inode_26	338.8622
inode_27	338.8752
