C_0	C_1	C_2	C_3	C_4	C_5	C_6	C_7	C_8	C_9	C_10	C_11	C_12	C_13	C_14	C_15	C_16	C_17	C_18	C_19	C_20	C_21	C_22	C_23	C_24	C_25	C_26	C_27	C_28	C_29	C_30	C_31	
68.33	69.23	69.21	68.36	69.17	70.50	70.51	69.15	69.12	70.48	70.46	69.14	68.41	69.29	69.30	68.37	66.38	67.26	67.24	66.42	67.16	68.43	68.38	67.09	67.13	68.43	68.39	67.09	66.36	67.17	67.14	66.29
68.37	69.27	69.24	68.44	69.16	70.42	70.42	69.10	69.08	70.37	70.35	69.11	68.56	69.40	69.39	68.45	66.19	67.11	67.10	66.28	66.86	68.07	68.05	66.79	66.80	68.07	68.05	66.82	66.16	66.94	66.93	66.05
68.16	69.05	69.02	68.26	68.90	70.09	70.09	68.82	68.78	70.03	70.00	68.84	68.40	69.22	69.21	68.26	66.10	67.04	67.03	66.22	66.70	67.84	67.83	66.60	66.60	67.83	67.82	66.66	66.06	66.80	66.79	65.92
68.38	69.27	69.25	68.52	69.11	70.25	70.25	68.99	68.95	70.17	70.14	69.04	68.67	69.47	69.22	68.26	66.05	66.99	66.99	66.19	66.60	67.68	67.66	66.47	66.45	67.66	67.65	66.54	65.99	66.71	66.69	65.83
68.17	69.05	69.03	68.33	68.87	69.96	69.96	68.74	68.68	69.87	69.84	68.80	68.50	69.28	69.47	68.50	66.01	66.96	66.96	66.18	66.52	67.55	67.54	66.38	66.35	67.52	67.52	66.45	65.95	66.64	66.62	65.76
68.39	69.28	69.25	68.58	69.08	70.14	70.13	68.93	68.86	70.03	70.01	69.00	68.75	69.52	69.28	68.30	65.99	66.94	66.95	66.18	66.47	67.46	67.44	66.31	66.26	67.41	67.42	66.39	65.92	66.58	66.57	65.72
68.17	69.05	69.04	68.38	68.86	69.86	69.86	68.68	68.61	69.75	69.73	68.77	68.57	69.31	69.52	68.53	65.97	66.93	66.94	66.18	66.43	67.38	67.36	66.25	66.20	67.32	67.33	66.34	65.90	66.55	66.53	65.68
68.40	69.28	69.26	68.63	69.08	70.05	70.04	68.88	68.81	69.94	69.92	68.99	68.82	69.55	69.31	68.33	65.97	66.92	66.93	66.19	66.41	67.32	67.30	66.21	66.15	67.25	67.26	66.30	65.90	66.52	66.50	65.66
68.18	69.06	69.05	68.43	68.85	69.79	69.78	68.64	68.57	69.67	69.65	68.77	68.63	69.35	69.55	68.56	65.96	66.92	66.93	66.21	66.39	67.26	67.24	66.17	66.10	67.19	67.20	66.28	65.89	66.49	66.47	65.64
68.41	69.29	69.28	68.68	69.08	69.99	69.98	68.85	68.77	69.87	69.85	69.00	68.88	69.59	69.34	68.35	65.96	66.91	66.93	66.22	66.38	67.22	67.20	66.14	66.06	67.13	67.14	66.25	65.89	66.47	66.45	65.62
68.19	69.06	69.05	68.48	68.86	69.73	69.72	68.61	68.53	69.61	69.60	68.78	68.69	69.37	69.57	68.58	65.96	66.91	66.93	66.23	66.37	67.18	67.15	66.11	66.03	67.08	67.09	66.23	65.89	66.46	66.43	65.61
68.42	69.29	69.28	68.72	69.08	69.93	69.92	68.81	68.73	69.80	69.80	69.00	68.93	69.61	69.36	68.37	65.96	66.91	66.93	66.25	66.36	67.14	67.12	66.09	66.00	67.03	67.05	66.22	65.90	66.44	66.42	65.60
68.20	69.07	69.06	68.53	68.86	69.68	69.66	68.58	68.50	69.55	69.55	68.79	68.74	69.40	69.58	68.59	65.95	66.90	66.93	66.26	66.36	67.11	67.08	66.07	65.97	66.99	67.01	66.21	65.90	66.43	66.40	65.59
68.42	69.29	69.29	68.76	69.09	69.89	69.86	68.79	68.71	69.76	69.75	69.02	68.98	69.63	69.37	68.38	65.95	66.90	66.93	66.28	66.36	67.08	67.05	66.05	65.95	66.95	66.97	66.19	65.90	66.42	66.39	65.58
68.21	69.07	69.07	68.56	68.87	69.64	69.61	68.56	68.48	69.51	69.51	68.80	68.78	69.41	69.60	68.61	65.95	66.90	66.93	66.29	66.36	67.06	67.02	66.03	65.92	66.91	66.94	66.18	65.91	66.41	66.37	65.57
68.43	69.29	69.29	68.80	69.09	69.84	69.82	68.76	68.68	69.71	69.72	69.03	69.02	69.64	69.38	68.40	65.95	66.89	66.93	66.30	66.36	67.03	66.99	66.01	65.90	66.87	66.90	66.17	65.91	66.40	66.36	65.56
68.21	69.07	69.07	68.60	68.88	69.60	69.57	68.53	68.46	69.47	69.48	68.82	68.82	69.42	69.60	68.62	65.95	66.89	66.93	66.31	66.36	67.01	66.97	66.00	65.88	66.84	66.87	66.16	65.92	66.39	66.34	65.55
68.43	69.29	69.30	68.84	69.11	69.81	69.77	68.74	68.67	69.67	69.69	69.05	69.06	69.65	69.38	68.40	65.94	66.88	66.92	66.33	66.36	66.99	66.94	65.98	65.86	66.81	66.84	66.16	65.92	66.38	66.33	65.54
68.21	69.06	69.08	68.63	68.89	69.56	69.53	68.51	68.44	69.43	69.45	68.83	68.86	69.43	69.60	68.62	65.94	66.87	66.92	66.34	66.36	66.97	66.92	65.97	65.83	66.78	66.81	66.15	65.93	66.37	66.32	65.53
68.43	69.28	69.30	68.87	69.12	69.78	69.73	68.72	68.65	69.64	69.66	69.06	69.09	69.65	69.38	68.41	65.94	66.87	66.91	66.35	66.36	66.95	66.90	65.95	65.81	66.74	66.78	66.14	65.93	66.36	66.30	65.52
68.22	69.06	69.08	68.66	68.90	69.53	69.49	68.49	68.42	69.40	69.42	68.85	68.89	69.43	69.60	68.62	65.93	66.86	66.91	66.35	66.37	66.93	66.88	65.94	65.80	66.71	66.76	66.14	65.93	66.34	66.29	65.51
68.20	69.04	69.06	68.66	68.89	69.50	69.70	68.70	68.63	69.61	69.63	69.08	69.12	69.65	69.62	68.64	65.93	66.85	66.90	66.36	66.37	66.91	66.86	65.93	65.78	66.69	66.73	66.13	65.94	66.33	66.28	65.50
68.19	69.03	69.06	68.66	68.88	69.48	69.70	68.71	68.64	69.62	69.40	68.87	68.92	69.43	69.38	68.41	65.92	66.84	66.90	66.37	66.37	66.90	66.84	65.92	65.76	66.66	66.71	66.12	65.94	66.32	66.26	65.49
68.18	69.02	69.05	68.67	68.88	69.46	69.45	68.47	68.40	69.36	69.62	69.10	69.15	69.66	69.60	68.63	65.91	66.83	66.89	66.38	66.38	66.88	66.82	65.90	65.74	66.63	66.68	66.12	65.94	66.31	66.25	65.48
68.18	69.01	69.05	68.68	68.88	69.44	69.66	68.69	68.62	69.58	69.63	69.13	69.18	69.67	69.61	68.64	65.91	66.82	66.88	66.39	66.38	66.87	66.80	65.89	65.72	66.60	66.66	66.11	65.94	66.30	66.24	65.48
68.17	69.00	69.04	68.69	68.88	69.43	69.41	68.45	68.38	69.33	69.38	68.90	68.96	69.43	69.36	68.41	65.90	66.81	66.88	66.39	66.38	66.86	66.78	65.88	65.71	66.58	66.64	66.11	65.94	66.29	66.22	65.47
68.17	69.00	69.04	68.70	68.89	69.42	69.38	68.42	68.59	69.54	69.59	69.13	69.19	69.65	69.58	68.62	65.89	66.80	66.87	66.40	66.39	66.84	66.77	65.87	65.69	66.55	66.62	66.10	65.95	66.29	66.21	65.46
68.17	68.99	69.04	68.71	68.89	69.40	69.35	68.41	68.61	69.55	69.60	69.16	69.22	69.67	69.59	68.63	65.89	66.79	66.86	66.40	66.39	66.83	66.75	65.86	65.67	66.53	66.59	66.10	65.95	66.28	66.20	65.45
68.17	68.99	69.04	68.72	68.90	69.39	69.33	68.39	68.37	69.30	69.36	68.93	68.99	69.43	69.34	68.40	65.88	66.77	66.85	66.41	66.39	66.82	66.73	65.85	65.66	66.51	66.57	66.09	65.95	66.27	66.18	65.44
68.16	68.98	69.04	68.73	68.90	69.38	69.31	68.38	68.57	69.51	69.57	69.15	69.22	69.64	69.55	68.61	65.87	66.76	66.85	66.41	66.40	66.81	66.72	65.84	65.64	66.48	66.55	66.09	65.95	66.26	66.17	65.43
68.16	68.98	69.04	68.74	68.91	69.37	69.30	68.37	68.58	69.52	69.58	69.18	69.24	69.66	69.56	68.62	65.87	66.75	66.84	66.42	66.40	66.80	66.70	65.83	65.63	66.46	66.54	66.08	65.95	66.25	66.16	65.42
68.16	68.97	69.04	68.75	68.91	69.36	69.28	68.35	68.35	69.27	69.34	68.95	69.02	69.42	69.32	68.39	65.86	66.74	66.83	66.42	66.40	66.78	66.69	65.82	65.61	66.44	66.52	66.08	65.95	66.24	66.15	65.41
68.16	68.97	69.04	68.76	68.91	69.35	69.27	68.35	68.56	69.48	69.55	69.18	69.25	69.63	69.53	68.59	65.85	66.73	66.82	66.43	66.40	66.77	66.67	65.81	65.60	66.42	66.50	66.08	65.95	66.23	66.13	65.40
68.15	68.97	69.04	68.77	68.92	69.34	69.25	68.34	68.57	69.49	69.56	69.20	69.27	69.65	69.54	68.60	65.84	66.72	66.81	66.43	66.41	66.76	66.66	65.80	65.58	66.40	66.48	66.07	65.95	66.22	66.12	65.39
68.15	68.96	69.04	68.77	68.92	69.33	69.24	68.33	68.33	69.24	69.32	68.97	69.04	69.40	69.29	68.37	65.83	66.70	66.81	66.43	66.41	66.75	66.65	65.79	65.57	66.38	66.46	66.07	65.95	66.21	66.11	65.38
68.15	68.96	69.04	68.78	68.93	69.32	69.23	68.32	68.54	69.45	69.54	69.20	69.27	69.62	69.51	68.58	65.82	66.69	66.80	66.43	66.41	66.75	66.63	65.78	65.55	66.36	66.45	66.06	65.95	66.20	66.10	65.37
68.15	68.95	69.03	68.79	68.93	69.31	69.22	68.31	68.55	69.46	69.55	69.22	69.29	69.63	69.51	68.59	65.81	66.68	66.79	66.44	66.42	66.74	66.62	65.77	65.54	66.34	66.43	66.06	65.95	66.19	66.08	65.37
68.14	68.95	69.03	68.80	68.94	69.30	69.20	68.30	68.31	69.21	69.31	68.99	69.07	69.39	69.27	68.35	65.80	66.67	66.78	66.44	66.42	66.73	66.61	65.76	65.52	66.32	66.41	66.06	65.95	66.18	66.07	65.36
68.14	68.94	69.03	68.81	68.94	69.30	69.19	68.30	68.52	69.42	69.52	69.21	69.29	69.60	69.48	68.56	65.80	66.65	66.77	66.44	66.42	66.72	66.59	65.75	65.51	66.30	66.40	66.05	65.95	66.17	66.06	65.35
68.13	68.94	69.03	68.81	68.94	69.29	69.18	68.29	68.53	69.44	69.54	69.25	69.32	69.63	69.49	68.57	65.79	66.64	66.76	66.44	66.42	66.71	66.58	65.74	65.50	66.28	66.38	66.05	65.95	66.17	66.05	65.34
68.13	68.93	69.03	68.82	68.95	69.28	69.17	68.28	68.29	69.19	69.29	69.01	69.08	69.38	69.24	68.33	65.78	66.63	66.75	66.45	66.42	66.70	66.57	65.73	65.49	66.26	66.37	66.05	65.95	66.16	66.04	65.33
68.13	68.93	69.03	68.83	68.95	69.28	69.16	68.27	68.50	69.40	69.51	69.24	69.31	69.59	69.46	68.54	65.77	66.62	66.75	66.45	66.43	66.69	66.56	65.72	65.47	66.25	66.35	66.04	65.95	66.15	66.03	65.32
68.12	68.93	69.03	68.84	68.96	69.27	69.15	68.26	68.51	69.41	69.52	69.26	69.33	69.61	69.46	68.55	65.76	66.61	66.74	66.45	66.43	66.68	66.54	65.72	65.46	66.23	66.34	66.04	65.95	66.14	66.01	65.31
68.12	68.92	69.03	68.84	68.96	69.26	69.14	68.26	68.27	69.16	69.28	69.03	69.10	69.36	69.22	68.31	65.75	66.59	66.73	66.45	66.43	66.68	66.53	65.71	65.45	66.21	66.33	66.03	65.95	66.13	66.00	65.30
68.12	68.92	69.03	68.85	68.96	69.26	69.13	68.25	68.48	69.37	69.49	69.25	69.32	69.58	69.43	68.52	65.74	66.58	66.72	66.45	66.43	66.67	66.52	65.70	65.43	66.19	66.31	66.03	65.95	66.12	65.99	65.29
68.11	68.91	69.03	68.85	68.97	69.25	69.12	68.24	68.49	69.38	69.51	69.27	69.34	69.59	69.44	68.53	65.73	66.57	66.71	66.45	66.43	66.66	66.51	65.69	65.42	66.18	66.30	66.03	65.95	66.12	65.98	65.29
68.11	68.91	69.02	68.86	68.97	69.24	69.11	68.23	68.26	69.14	69.27	69.05	69.12	69.35	69.20	68.30	65.72	66.56	66.70	66.45	66.43	66.65	66.50	65.68	65.41	66.16	66.29	66.02	65.95	66.11	65.97	65.28
68.11	68.90	69.02	68.87	68.97	69.24	69.10	68.23	68.46	69.34	69.48	69.26	69.33	69.56	69.40	68.50	65.72	66.55	66.70	66.45	66.43	66.65	66.49	65.67	65.40	66.15	66.27	66.02	65.95	66.10	65.96	65.27
68.10	68.90	69.02	68.87	68.98	69.23	69.09	68.22	68.47	69.35	69.49	69.29	69.36	69.57	69.41	68.51	65.71	66.53	66.69	66.46	66.44	66.64	66.48	65.66	65.39	66.13	66.26	66.02	65.94	66.09	65.95	65.26
68.10	68.89	69.02	68.88	68.98	69.22	69.08	68.21	68.23	69.11	69.25	69.05	69.12	69.33	69.16	68.27	65.70	66.52	66.68	66.46	66.44	66.63	66.47	65.65	65.38	66.11	66.25	66.01	65.94	66.09	65.94	65.25
68.09	68.89	69.02	68.88	68.98	69.22	69.07	68.20	68.44	69.32	69.46	69.27	69.34	69.55	69.37	68.48	65.69	66.51	66.67	66.46	66.44	66.62	66.46	65.65	65.36	66.10	66.24	66.01	65.94	66.08	65.93	65.24
68.09	68.88	69.02	68.88	68.98	69.21	69.06	68.20	68.45	69.33	69.23	69.05	69.12	69.31	69.38	68.49	65.68	66.50	66.66	66.46	66.44	66.62	66.45	65.64	65.35	66.09	66.23	66.01	65.94	66.07	65.92	65.24
68.08	68.88	69.01	68.89	68.99	69.20	69.05	68.19	68.21	69.09	69.21	69.04	69.10	69.29	69.38	68.49	65.67	66.49	66.65	66.45	66.44	66.61	66.44	65.63	65.34	66.07	66.21	66.00	65.94	66.06	65.91	65.23
68.08	68.87	69.01	68.89	68.99	69.20	69.04	68.18	68.18	69.05	69.19	69.03	69.09	69.27	69.13	68.25	65.66	66.48	66.65	66.45	66.44	66.60	66.42	65.62	65.33	66.06	66.20	66.00	65.94	66.06	65.90	65.22
68.07	68.87	69.01	68.89	68.99	69.19	69.03	68.17	68.17	69.03	69.18	69.02	69.09	69.26	69.10	68.21	65.65	66.46	66.64	66.45	66.44	66.59	66.41	65.61	65.32	66.04	66.19	66.00	65.94	66.05	65.89	65.21
68.07	68.86	69.01	68.90	68.99	69.19	69.02	68.17	68.39	69.26	69.17	69.02	69.09	69.25	69.07	68.19	65.64	66.45	66.63	66.45	66.44	66.59	66.40	65.60	65.31	66.03	66.18	65.99	65.93	66.04	65.88	65.20
68.06	68.86	69.00	68.90	68.99	69.18	69.01	68.16	68.40	69.27	69.17	69.02	69.09	69.24	69.06	68.18	65.63	66.44	66.62	66.45	66.43	66.58	66.39	65.59	65.30	66.01	66.17	65.99	65.93	66.04	65.87	65.19
68.06	68.85	69.00	68.91	68.99	69.17	69.00	68.15	68.41	69.28	69.40	69.26	69.33	69.47	69.04	68.17	65.62	66.43	66.61	66.45	66.44	66.57	66.38	65.58	65.29	66.00	66.16	65.99	65.93	66.03	65.86	65.19
68.06	68.85	69.00	68.91	69.00	69.17	68.99	68.14	68.41	69.28	69.43	69.29	69.36	69.50	69.03	68.16	65.62	66.42	66.61	66.45	66.44	66.57	66.37	65.58	65.28	65.99	66.15	65.98	65.93	66.02	65.85	65.18
68.05	68.84	69.00	68.91	69.00	69.16	68.98	68.14	68.17	69.03	69.19	69.07	69.13	69.26	69.26	68.38	65.61	66.41	66.60	66.45	66.44	66.56	66.36	65.57	65.27	65.98	66.14	65.98	65.93	66.01	65.84	65.17
68.05	68.84	69.00	68.92	69.00	69.16	68.98	68.13	68.38	69.24	69.41	69.29	69.35	69.48	69.28	68.40	65.60	66.40	66.59	66.45	66.44	66.55	66.35	65.56	65.26	65.96	66.13	65.98	65.93	66.01	65.83	65.16
68.04	68.83	69.00	68.92	69.00	69.16	68.97	68.12	68.39	69.25	69.43	69.31	69.38	69.50	69.04	68.17	65.59	66.39	66.59	66.45	66.44	66.55	66.34	65.55	65.25	65.95	66.12	65.97	65.92	66.00	65.82	65.15
68.04	68.83	69.00	68.92	69.00	69.15	68.96	68.12	68.15	69.01	69.19	69.08	69.14	69.26	69.26	68.38	65.58	66.38	66.58	66.45	66.44	66.54	66.33	65.55	65.24	65.94	66.11	65.97	65.92	65.99	65.81	65.15
68.03	68.82	69.00	68.93	69.01	69.15	68.95	68.11	68.35	69.21	69.40	69.30	69.36	69.47	69.27	68.39	65.57	66.37	66.57	66.45	66.44	66.54	66.32	65.54	65.23	65.93	66.10	65.97	65.92	65.99	65.80	65.14
68.03	68.82	68.99	68.93	69.01	69.14	68.94	68.10	68.36	69.23	69.42	69.32	69.39	69.49	69.03	68.16	65.57	66.36	66.56	66.45	66.44	66.53	66.32	65.53	65.22	65.91	66.09	65.96	65.92	65.98	65.79	65.13
68.02	68.81	68.99	68.93	69.01	69.14	68.94	68.10	68.13	68.99	69.18	69.09	69.15	69.25	69.23	68.36	65.56	66.35	66.56	66.45	66.44	66.52	66.31	65.52	65.21	65.90	66.08	65.96	65.92	65.98	65.78	65.12
68.02	68.81	68.99	68.94	69.01	69.13	68.93	68.09	68.33	69.20	69.39	69.31	69.37	69.46	69.25	68.37	65.55	66.34	66.55	66.45	66.44	66.52	66.30	65.52	65.20	65.89	66.07	65.96	65.91	65.97	65.77	65.12
68.02	68.80	68.99	68.94	69.01	69.13	68.92	68.08	68.34	69.21	69.41	69.33	69.39	69.47	69.00	68.14	65.54	66.33	66.54	66.45	66.44	66.51	66.29	65.51	65.19	65.88	66.06	65.95	65.91	65.96	65.77	65.11
68.01	68.80	68.99	68.94	69.01	69.12	68.91	68.08	68.11	68.97	69.17	69.10	69.16	69.23	69.21	68.34	65.53	66.32	66.54	66.44	66.43	66.51	66.28	65.50	65.18	65.87	66.05	65.95	65.91	65.96	65.76	65.10
68.01	68.79	68.98	68.94	69.02	69.12	68.91	68.07	68.32	69.18	69.38	69.32	69.38	69.45	69.22	68.35	65.52	66.31	66.53	66.44	66.43	66.50	66.27	65.49	65.17	65.86	66.05	65.95	65.91	65.95	65.75	65.09
68.00	68.79	68.98	68.95	69.02	69.12	68.90	68.06	68.33	69.19	69.40	69.33	69.40	69.46	68.98	68.12	65.51	66.30	66.52	66.44	66.43	66.50	66.26	65.48	65.16	65.84	66.04	65.94	65.91	65.94	65.74	65.09
68.00	68.78	68.98	68.95	69.02	69.11	68.89	68.06	68.09	68.94	69.15	69.10	69.16	69.21	69.19	68.32	65.51	66.29	66.52	66.44	66.43	66.49	66.25	65.48	65.15	65.83	66.03	65.94	65.90	65.94	65.73	65.08
67.99	68.78	68.98	68.95	69.02	69.11	68.89	68.05	68.29	69.15	69.37	69.32	69.38	69.43	69.20	68.33	65.50	66.28	66.51	66.44	66.43	66.48	66.25	65.47	65.14	65.82	66.02	65.94	65.90	65.93	65.72	65.07
67.99	68.78	68.98	68.95	69.02	69.10	68.88	68.04	68.31	69.16	69.38	69.34	69.40	69.44	68.96	68.10	65.49	66.27	66.50	66.44	66.43	66.48	66.24	65.46	65.13	65.81	66.01	65.93	65.90	65.93	65.71	65.06
67.98	68.77	68.97	68.95	69.02	69.10	68.87	68.04	68.07	68.92	69.14	69.10	69.16	69.20	69.17	68.30	65.48	66.26	66.50	66.44	66.43	66.47	66.23	65.46	65.12	65.80	66.00	65.93	65.90	65.92	65.71	65.06
67.98	68.77	68.97	68.95	69.02	69.09	68.86	68.03	68.28	69.13	69.36	69.32	69.38	69.42	69.18	68.31	65.47	66.25	66.49	66.43	66.43	66.47	66.22	65.45	65.11	65.79	66.00	65.93	65.89	65.91	65.70	65.05
67.97	68.76	68.97	68.95	69.02	69.09	68.86	68.03	68.29	69.14	69.13	69.09	69.40	69.43	69.18	68.31	65.47	66.24	66.48	66.43	66.43	66.46	66.21	65.44	65.11	65.78	65.99	65.92	65.89	65.91	65.69	65.04
67.97	68.75	68.96	68.95	69.02	69.08	68.85	68.02	68.05	68.90	69.10	69.07	69.16	69.19	68.93	68.07	65.46	66.23	66.48	66.43	66.42	66.46	66.20	65.43	65.10	65.77	65.98	65.92	65.89	65.90	65.68	65.03
67.96	68.75	68.96	68.95	69.02	69.08	68.84	68.01	68.26	69.11	69.09	69.06	69.38	69.40	69.14	68.28	65.45	66.22	66.47	66.43	66.42	66.45	66.20	65.43	65.09	65.76	65.97	65.92	65.89	65.90	65.67	65.03
67.96	68.74	68.96	68.95	69.02	69.08	68.84	68.01	68.03	68.87	69.08	69.06	69.39	69.42	69.15	68.28	65.44	66.22	66.46	66.42	66.42	66.45	66.19	65.42	65.08	65.75	65.97	65.91	65.88	65.89	65.67	65.02
67.95	68.74	68.95	68.95	69.02	69.07	68.83	68.00	68.00	68.85	69.07	69.05	69.40	69.42	69.15	68.29	65.43	66.21	66.45	66.42	66.42	66.44	66.18	65.41	65.07	65.74	65.96	65.91	65.88	65.89	65.66	65.01
67.94	68.73	68.95	68.95	69.02	69.07	68.82	67.99	67.99	68.83	69.06	69.05	69.16	69.17	68.90	68.04	65.42	66.20	66.45	66.42	66.42	66.43	66.17	65.40	65.06	65.73	65.95	65.91	65.88	65.88	65.65	65.01
67.94	68.73	68.95	68.95	69.02	69.06	68.82	67.99	67.97	68.82	69.05	69.05	69.38	69.39	69.11	68.25	65.41	66.19	66.44	66.42	66.42	66.43	66.16	65.40	65.05	65.72	65.94	65.90	65.88	65.87	65.64	65.00
67.93	68.72	68.95	68.96	69.02	69.06	68.81	67.98	68.20	69.05	69.29	69.29	69.39	69.40	69.12	68.26	65.41	66.18	66.44	66.42	66.42	66.42	66.16	65.39	65.05	65.71	65.94	65.90	65.87	65.87	65.64	64.99
67.93	68.72	68.94	68.96	69.02	69.06	68.80	67.97	68.22	69.07	69.31	69.31	69.16	69.16	68.88	68.02	65.40	66.17	66.43	66.41	66.41	66.42	66.15	65.38	65.04	65.70	65.93	65.90	65.87	65.86	65.63	64.99
67.92	68.71	68.94	68.96	69.02	69.05	68.80	67.97	67.99	68.83	69.08	69.09	69.37	69.37	69.08	68.23	65.39	66.16	66.42	66.41	66.41	66.41	66.14	65.38	65.03	65.69	65.92	65.89	65.87	65.86	65.62	64.98
67.92	68.71	68.94	68.96	69.02	69.05	68.79	67.96	68.20	69.05	69.30	69.31	69.39	69.38	69.10	68.24	65.39	66.15	66.42	66.41	66.41	66.41	66.13	65.37	65.02	65.68	65.91	65.89	65.87	65.85	65.61	64.97
67.91	68.70	68.94	68.96	69.02	69.04	68.78	67.96	68.21	69.06	69.32	69.33	69.16	69.14	68.85	68.00	65.38	66.15	66.41	66.41	66.41	66.40	66.13	65.36	65.01	65.68	65.91	65.89	65.86	65.85	65.61	64.97
67.91	68.70	68.94	68.96	69.02	69.04	68.78	67.95	67.98	68.82	69.08	69.10	69.37	69.35	69.06	68.20	65.37	66.14	66.41	66.41	66.41	66.40	66.12	65.35	65.01	65.67	65.90	65.88	65.86	65.84	65.60	64.96
67.90	68.69	68.93	68.96	69.02	69.04	68.77	67.94	68.18	69.03	69.29	69.31	69.39	69.37	69.07	68.22	65.36	66.13	66.40	66.41	66.40	66.39	66.11	65.35	65.00	65.66	65.89	65.88	65.86	65.84	65.59	64.95
67.90	68.69	68.93	68.96	69.02	69.03	68.76	67.94	68.19	69.04	69.31	69.33	69.15	69.13	68.83	67.98	65.36	66.12	66.40	66.40	66.40	66.39	66.10	65.34	64.99	65.65	65.89	65.88	65.85	65.83	65.58	64.95
67.89	68.68	68.93	68.96	69.02	69.03	68.76	67.93	67.96	68.81	69.07	69.10	69.37	69.34	69.04	68.18	65.35	66.11	66.39	66.40	66.40	66.38	66.10	65.33	64.98	65.64	65.88	65.87	65.85	65.83	65.58	64.94
67.89	68.68	68.93	68.96	69.02	69.02	68.75	67.93	68.16	69.01	69.28	69.31	69.39	69.36	69.05	68.20	65.34	66.11	66.39	66.40	66.40	66.38	66.09	65.33	64.98	65.63	65.87	65.87	65.85	65.82	65.57	64.93
67.89	68.68	68.92	68.96	69.02	69.02	68.74	67.92	68.18	69.03	69.30	69.33	69.15	69.12	68.81	67.96	65.34	66.10	66.38	66.40	66.40	66.37	66.08	65.32	64.97	65.62	65.87	65.87	65.85	65.82	65.56	64.93
67.88	68.67	68.92	68.96	69.02	69.02	68.74	67.91	67.94	68.79	69.06	69.09	69.37	69.33	69.02	68.17	65.33	66.09	66.38	66.39	66.39	66.37	66.07	65.31	64.96	65.61	65.86	65.86	65.84	65.81	65.56	64.92
67.87	68.67	68.92	68.96	69.02	69.01	68.73	67.91	68.15	69.00	69.27	69.31	69.38	69.34	69.03	68.18	65.32	66.08	66.37	66.39	66.39	66.36	66.07	65.31	64.95	65.61	65.85	65.86	65.84	65.80	65.55	64.91
67.87	68.66	68.92	68.96	69.01	69.01	68.73	67.90	68.16	69.01	69.29	69.33	69.15	69.10	68.79	67.94	65.31	66.08	66.37	66.39	66.39	66.36	66.06	65.30	64.95	65.60	65.85	65.86	65.84	65.80	65.54	64.91
67.86	68.66	68.91	68.96	69.01	69.00	68.72	67.90	67.92	68.77	69.05	69.09	69.36	69.32	69.00	68.15	65.31	66.07	66.36	66.39	66.39	66.35	66.05	65.29	64.94	65.59	65.84	65.85	65.83	65.79	65.54	64.90
67.86	68.65	68.91	68.96	69.01	69.00	68.71	67.89	68.13	68.98	69.26	69.30	69.38	69.33	69.01	68.16	65.30	66.06	66.35	66.39	66.39	66.35	66.05	65.29	64.93	65.58	65.84	65.85	65.83	65.79	65.53	64.89
67.86	68.65	68.91	68.96	69.01	69.00	68.71	67.88	68.14	68.99	69.27	69.32	69.15	69.09	68.78	67.93	65.29	66.05	66.35	66.38	66.38	66.34	66.04	65.28	64.92	65.57	65.83	65.85	65.83	65.78	65.52	64.89
67.85	68.64	68.90	68.96	69.01	68.99	68.70	67.88	67.90	68.75	69.04	69.09	69.36	69.30	68.98	68.13	65.29	66.05	66.34	66.38	66.38	66.34	66.03	65.27	64.92	65.57	65.82	65.84	65.83	65.78	65.52	64.88
67.84	68.64	68.90	68.96	69.01	68.99	68.70	67.87	68.11	68.96	69.25	69.31	69.38	69.32	68.99	68.14	65.28	66.04	66.34	66.38	66.38	66.33	66.03	65.27	64.91	65.56	65.82	65.84	65.82	65.77	65.51	64.87
67.84	68.63	68.90	68.96	69.01	68.98	68.69	67.87	68.12	68.97	69.27	69.32	69.14	69.08	68.75	67.90	65.27	66.03	66.33	66.38	66.38	66.33	66.02	65.26	64.90	65.55	65.81	65.84	65.82	65.77	65.50	64.87
67.83	68.63	68.90	68.96	69.01	68.98	68.68	67.86	67.89	68.73	69.02	69.08	69.35	69.29	68.96	68.11	65.27	66.02	66.33	66.37	66.37	66.32	66.01	65.25	64.90	65.54	65.80	65.83	65.82	65.76	65.50	64.86
67.83	68.62	68.89	68.96	69.01	68.98	68.68	67.86	68.09	68.94	69.23	69.29	69.37	69.30	68.97	68.12	65.26	66.02	66.32	66.37	66.37	66.32	66.01	65.25	64.89	65.54	65.80	65.83	65.81	65.76	65.49	64.86
67.83	68.62	68.89	68.96	69.00	68.97	68.67	67.85	68.11	68.96	69.26	69.32	69.13	69.06	68.73	67.88	65.25	66.01	66.32	66.37	66.37	66.31	66.00	65.24	64.88	65.53	65.79	65.83	65.81	65.75	65.48	64.85
67.82	68.61	68.89	68.95	69.00	68.97	68.67	67.84	67.87	68.72	69.01	69.08	69.35	69.28	68.94	68.09	65.25	66.00	66.31	66.36	66.37	66.31	65.99	65.23	64.88	65.52	65.79	65.82	65.81	65.75	65.48	64.84
67.82	68.61	68.88	68.95	69.00	68.97	68.66	67.84	68.08	68.93	69.23	69.30	69.37	69.29	68.95	68.10	65.24	66.00	66.31	66.36	66.36	66.30	65.99	65.23	64.87	65.51	65.78	65.82	65.81	65.74	65.47	64.84
67.81	68.61	68.88	68.95	69.00	68.96	68.66	67.83	68.09	68.94	69.24	69.31	69.13	69.05	68.71	67.87	65.23	65.99	66.30	66.36	66.36	66.30	65.98	65.22	64.86	65.51	65.78	65.82	65.80	65.74	65.46	64.83
67.81	68.60	68.88	68.95	69.00	68.96	68.65	67.83	67.85	68.69	69.00	69.07	69.35	69.27	68.93	68.08	65.23	65.98	66.30	66.36	66.36	66.29	65.97	65.22	64.86	65.50	65.77	65.81	65.80	65.74	65.46	64.83
68.03	68.83	68.88	68.95	69.00	68.95	68.88	68.05	68.06	68.91	69.21	69.29	69.36	69.28	68.94	68.08	65.22	65.98	66.29	66.35	66.36	66.29	65.97	65.21	64.85	65.49	65.76	65.81	65.80	65.73	65.45	64.82
67.82	68.62	68.87	68.95	69.00	68.95	68.67	67.84	67.84	68.68	68.99	69.06	69.12	69.04	68.70	67.85	65.21	65.97	66.29	66.35	66.35	66.28	65.96	65.20	64.84	65.48	65.76	65.81	65.79	65.73	65.45	64.81
68.00	68.75	69.09	69.19	69.15	69.16	68.80	67.96	66.78	67.63	69.07	69.25	68.74	68.85	67.65	66.79	65.20	65.95	66.28	66.35	66.35	66.28	65.95	65.19	64.84	65.48	65.75	65.80	65.79	65.72	65.44	64.81
67.78	68.51	68.87	68.98	68.93	68.94	68.56	67.73	66.41	67.26	68.82	69.02	68.44	68.57	67.27	66.42	65.18	65.94	66.27	66.34	66.34	66.27	65.93	65.18	64.83	65.47	65.75	65.80	65.79	65.72	65.43	64.80
67.91	68.69	69.09	69.15	69.19	69.09	68.80	67.89	66.53	67.38	69.10	69.11	67.95	67.90	67.40	66.54	65.17	65.92	66.27	66.34	66.33	66.26	65.92	65.16	64.82	65.46	65.74	65.80	65.78	65.71	65.43	64.80
67.67	68.45	68.87	68.92	68.96	68.86	68.57	67.65	66.26	67.12	68.87	68.87	67.63	67.55	67.12	66.27	65.15	65.91	66.26	66.34	66.32	66.24	65.90	65.15	64.82	65.46	65.74	65.79	65.78	65.71	65.42	64.79
67.84	68.63	69.06	69.12	69.13	69.05	68.69	67.86	66.43	67.29	69.11	69.20	67.78	67.70	67.29	66.44	65.14	65.90	66.26	66.33	66.31	66.23	65.89	65.13	64.81	65.45	65.73	65.79	65.78	65.70	65.41	64.78
67.61	68.40	68.84	68.89	68.89	68.82	68.44	67.64	66.19	67.05	68.89	68.98	67.53	67.43	67.04	66.20	65.13	65.88	66.25	66.33	66.30	66.21	65.87	65.12	64.80	65.44	65.73	65.78	65.77	65.70	65.41	64.78
67.77	68.61	68.99	69.05	69.05	68.97	68.66	67.92	66.37	67.23	69.05	69.20	67.71	67.61	67.22	66.38	65.12	65.87	66.24	66.32	66.29	66.20	65.86	65.11	64.79	65.43	65.72	65.78	65.77	65.69	65.40	64.77
67.54	68.39	68.76	68.82	68.81	68.73	68.44	67.71	66.15	67.00	68.82	68.97	67.47	67.37	66.99	66.15	65.11	65.86	66.24	66.32	66.28	66.19	65.85	65.10	64.79	65.43	65.71	65.78	65.76	65.68	65.39	64.76
67.83	68.70	68.95	69.07	69.06	68.99	68.60	67.84	66.34	67.19	68.65	69.38	67.67	67.56	67.18	66.34	65.10	65.85	66.23	66.32	66.27	66.18	65.84	65.09	64.78	65.42	65.71	65.77	65.76	65.68	65.39	64.76
67.62	68.49	68.72	68.85	68.84	68.76	68.37	67.61	66.12	66.97	68.38	69.17	67.45	67.33	66.96	66.13	65.09	65.84	66.22	66.31	66.27	66.17	65.83	65.08	64.77	65.41	65.70	65.77	65.76	65.67	65.38	64.75
67.74	68.66	69.01	69.17	69.06	69.05	68.64	67.80	66.31	67.16	67.80	68.71	67.64	67.53	67.15	66.32	65.08	65.83	66.21	66.31	66.26	66.16	65.82	65.07	64.77	65.40	65.70	65.77	65.75	65.67	65.37	64.74
67.51	68.43	68.79	68.96	68.84	68.83	68.42	67.57	66.09	66.94	67.47	68.41	67.42	67.30	66.93	66.10	65.07	65.82	66.20	66.30	66.25	66.16	65.81	65.06	64.76	65.40	65.69	65.76	65.75	65.66	65.37	64.74
67.75	68.58	69.03	69.09	69.11	68.97	68.72	67.82	66.28	67.13	67.62	67.88	67.62	67.50	67.13	66.29	65.06	65.81	66.18	66.29	66.25	66.15	65.80	65.05	64.75	65.39	65.69	65.76	65.75	65.66	65.36	64.73
67.53	68.34	68.81	68.85	68.90	68.74	68.51	67.60	66.29	67.14	67.60	67.79	67.63	67.51	67.13	66.30	65.05	65.80	66.17	66.28	66.24	66.14	65.79	65.05	64.75	65.38	65.68	65.76	65.74	65.65	65.35	64.73
67.74	68.52	68.95	69.04	69.03	68.93	68.21	68.00	66.29	67.13	67.57	67.74	67.62	67.51	67.13	66.30	65.04	65.80	66.16	66.27	66.24	66.13	65.79	65.04	64.74	65.38	65.67	65.75	65.74	65.65	65.35	64.72
67.52	68.29	68.71	68.80	68.80	68.70	67.93	67.80	66.29	67.13	67.55	67.70	67.62	67.50	67.12	66.29	65.04	65.79	66.15	66.26	66.23	66.13	65.78	65.03	64.73	65.37	65.67	65.75	65.73	65.64	65.34	64.71
67.70	68.54	68.91	68.98	69.01	68.85	68.47	67.83	66.28	67.12	67.54	67.67	67.61	67.50	67.12	66.29	65.03	65.78	66.14	66.25	66.23	66.12	65.77	65.02	64.73	65.36	65.66	65.74	65.73	65.64	65.33	64.71
67.48	68.32	68.68	68.75	68.78	68.62	68.27	67.59	66.27	67.11	67.52	67.65	67.61	67.49	67.11	66.28	65.02	65.77	66.14	66.24	66.22	66.12	65.76	65.02	64.72	65.36	65.66	65.74	65.73	65.63	65.33	64.70
67.76	68.66	68.86	69.00	69.00	68.91	68.48	67.76	66.26	67.10	67.51	67.64	67.60	67.48	67.10	66.27	65.02	65.76	66.13	66.23	66.22	66.11	65.76	65.01	64.71	65.35	65.65	65.73	65.72	65.63	65.32	64.70
67.56	68.46	68.64	68.78	68.78	68.69	68.27	67.54	66.26	67.09	67.50	67.62	67.59	67.47	67.09	66.26	65.01	65.76	66.12	66.23	66.21	66.10	65.75	65.00	64.71	65.34	65.65	65.73	65.72	65.62	65.32	64.69
67.82	68.54	68.92	69.13	69.02	69.01	68.51	67.70	66.25	67.09	67.49	67.61	67.59	67.47	67.08	66.26	65.00	65.75	66.11	66.22	66.21	66.10	65.74	65.00	64.70	65.34	65.64	65.73	65.71	65.62	65.31	64.68
67.61	68.31	68.70	68.93	68.80	68.80	68.30	67.48	66.24	67.08	67.48	67.60	67.58	67.46	67.07	66.25	64.99	65.74	66.10	66.21	66.20	66.09	65.73	64.99	64.69	65.33	65.63	65.72	65.71	65.61	65.30	64.68
67.70	68.52	68.99	69.02	69.09	68.89	68.04	67.92	66.23	67.07	67.47	67.60	67.57	67.45	67.06	66.24	64.99	65.73	66.10	66.21	66.20	66.08	65.72	64.98	64.69	65.32	65.63	65.72	65.71	65.60	65.30	64.67
67.46	68.28	68.77	68.77	68.87	68.65	67.76	67.72	66.23	67.06	67.46	67.59	67.57	67.44	67.05	66.23	64.98	65.72	66.09	66.20	66.19	66.08	65.72	64.97	64.68	65.31	65.62	65.71	65.70	65.60	65.29	64.66
67.70	68.44	68.85	68.97	68.98	68.86	67.38	68.32	66.22	67.05	67.45	67.58	67.56	67.44	67.04	66.23	64.97	65.72	66.08	66.20	66.18	66.07	65.71	64.97	64.68	65.31	65.62	65.71	65.70	65.59	65.28	64.66
67.48	68.21	68.61	68.74	68.74	68.63	67.08	68.15	66.21	67.04	67.44	67.57	67.55	67.43	67.02	66.22	64.96	65.71	66.08	66.19	66.18	66.06	65.70	64.96	64.67	65.30	65.61	65.70	65.69	65.59	65.28	64.65
67.31	68.61	68.85	68.93	68.97	68.80	68.36	67.77	66.20	67.03	67.44	67.56	67.55	67.42	67.01	66.21	64.96	65.70	66.07	66.18	66.17	66.06	65.69	64.95	64.66	65.29	65.61	65.70	65.69	65.58	65.27	64.65
67.05	68.40	68.63	68.70	68.74	68.56	68.25	67.49	66.19	67.02	67.43	67.56	67.54	67.41	67.00	66.20	64.95	65.69	66.06	66.18	66.17	66.05	65.68	64.94	64.66	65.29	65.60	65.70	65.68	65.58	65.27	64.64
67.52	68.68	68.80	68.94	68.94	68.82	68.38	67.71	66.18	67.02	67.42	67.55	67.53	67.40	67.00	66.20	64.94	65.68	66.06	66.17	66.16	66.04	65.68	64.94	64.65	65.28	65.59	65.69	65.68	65.57	65.26	64.63
67.32	68.46	68.56	68.71	68.71	68.60	68.17	67.48	66.17	67.01	67.41	67.54	67.53	67.39	66.99	66.19	64.93	65.68	66.05	66.17	66.16	66.03	65.67	64.93	64.64	65.27	65.59	65.69	65.68	65.57	65.25	64.63
67.69	68.47	68.84	69.09	68.95	68.95	68.40	67.64	66.16	67.00	67.40	67.53	67.52	67.39	66.99	66.18	64.93	65.67	66.04	66.16	66.15	66.03	65.66	64.92	64.64	65.27	65.58	65.68	65.67	65.56	65.25	64.62
67.50	68.22	68.62	68.89	68.73	68.75	68.19	67.42	66.16	66.99	67.39	67.53	67.51	67.38	66.98	66.17	64.92	65.66	66.03	66.16	66.15	66.02	65.65	64.92	64.63	65.26	65.58	65.68	65.67	65.56	65.24	64.62
67.60	68.44	68.94	68.95	69.08	68.82	68.04	67.80	66.15	66.98	67.39	67.52	67.51	67.37	66.97	66.16	64.91	65.65	66.03	66.15	66.14	66.01	65.65	64.91	64.62	65.25	65.57	65.67	65.66	65.55	65.23	64.61
67.37	68.21	68.73	68.71	68.87	68.58	67.77	67.59	66.14	66.97	67.38	67.51	67.50	67.37	66.96	66.15	64.90	65.65	66.02	66.14	66.14	66.01	65.64	64.90	64.62	65.25	65.57	65.67	65.66	65.55	65.23	64.61
67.47	68.45	68.77	68.95	68.89	68.78	68.37	67.81	66.14	66.97	67.37	67.51	67.50	67.36	66.95	66.15	64.90	65.64	66.01	66.14	66.13	66.00	65.63	64.89	64.61	65.24	65.56	65.66	65.65	65.54	65.22	64.60
67.24	68.23	68.53	68.72	68.64	68.56	68.18	67.59	66.13	66.96	67.36	67.50	67.49	67.35	66.94	66.14	64.89	65.63	66.01	66.13	66.13	66.00	65.62	64.89	64.61	65.24	65.56	65.66	65.65	65.53	65.22	64.59
67.56	68.38	68.80	68.89	68.93	68.78	68.53	67.65	66.12	66.95	67.36	67.49	67.48	67.34	66.94	66.13	64.88	65.62	66.00	66.13	66.12	65.99	65.62	64.88	64.60	65.23	65.55	65.65	65.65	65.53	65.21	64.59
67.36	68.16	68.58	68.67	68.72	68.56	68.34	67.42	66.11	66.94	67.35	67.49	67.48	67.33	66.93	66.12	64.88	65.62	65.99	66.12	66.11	65.98	65.61	64.87	64.59	65.22	65.54	65.65	65.64	65.52	65.20	64.58
67.60	68.54	68.77	68.89	68.88	68.74	68.39	67.60	66.11	66.93	67.34	67.48	67.47	67.33	66.92	66.11	64.87	65.61	65.99	66.12	66.11	65.98	65.60	64.87	64.59	65.22	65.54	65.65	65.64	65.52	65.20	64.58
67.39	68.33	68.54	68.66	68.65	68.51	68.15	67.37	66.10	66.93	67.33	67.47	67.46	67.32	66.92	66.11	64.86	65.60	65.98	66.11	66.10	65.97	65.59	64.86	64.58	65.21	65.53	65.64	65.63	65.51	65.19	64.57
67.60	68.39	68.77	69.06	68.91	68.91	68.37	67.62	66.09	66.92	67.33	67.47	67.46	67.31	66.91	66.10	64.86	65.59	65.97	66.10	66.10	65.96	65.59	64.85	64.58	65.20	65.53	65.64	65.63	65.51	65.18	64.56
67.38	68.15	68.54	68.85	68.68	68.71	68.15	67.40	66.09	66.91	67.32	67.46	67.45	67.31	66.90	66.09	64.85	65.59	65.97	66.10	66.09	65.96	65.58	64.85	64.57	65.20	65.52	65.63	65.62	65.50	65.18	64.56
67.65	68.38	68.91	68.91	69.05	68.79	68.38	67.55	66.08	66.90	67.31	67.46	67.45	67.30	66.89	66.08	64.84	65.58	65.96	66.09	66.09	65.95	65.57	64.84	64.56	65.19	65.51	65.63	65.62	65.50	65.17	64.55
67.45	68.16	68.71	68.68	68.85	68.56	68.16	67.32	66.07	66.89	67.31	67.45	67.44	67.29	66.89	66.08	64.84	65.57	65.95	66.09	66.08	65.94	65.56	64.83	64.56	65.18	65.51	65.62	65.61	65.49	65.17	64.55
67.56	68.39	68.76	68.88	68.87	68.74	68.29	67.73	66.07	66.89	67.30	67.44	67.44	67.29	66.88	66.07	64.83	65.56	65.95	66.08	66.08	65.94	65.56	64.83	64.55	65.18	65.50	65.62	65.61	65.49	65.16	64.54
67.33	68.17	68.52	68.65	68.63	68.51	68.06	67.53	66.06	66.88	67.29	67.44	67.43	67.28	66.87	66.06	64.82	65.56	65.94	66.08	66.07	65.93	65.55	64.82	64.55	65.17	65.50	65.61	65.60	65.48	65.15	64.53
67.90	67.48	68.73	68.87	68.87	68.74	68.49	67.63	66.05	66.87	67.28	67.43	67.42	67.27	66.86	66.06	64.82	65.55	65.93	66.07	66.06	65.92	65.54	64.81	64.54	65.16	65.49	65.61	65.60	65.47	65.15	64.53
67.72	67.15	68.49	68.65	68.64	68.51	68.30	67.41	66.05	66.85	67.28	67.42	67.42	67.27	66.86	66.05	64.81	65.54	65.93	66.07	66.06	65.92	65.54	64.81	64.53	65.16	65.49	65.60	65.59	65.47	65.14	64.52
67.57	68.12	68.72	68.80	68.81	68.66	68.32	67.53	66.04	66.85	67.27	67.42	67.41	67.26	66.85	66.04	64.80	65.54	65.92	66.06	66.05	65.91	65.53	64.80	64.53	65.15	65.48	65.60	65.59	65.46	65.13	64.52
67.32	67.95	68.49	68.56	68.58	68.42	68.08	67.30	66.03	66.84	67.26	67.41	67.40	67.25	66.84	66.04	64.80	65.53	65.91	66.05	66.05	65.90	65.52	64.79	64.52	65.14	65.47	65.59	65.58	65.46	65.13	64.51
67.60	68.44	68.64	69.01	68.38	69.01	68.33	67.52	66.03	66.83	67.25	67.41	67.40	67.25	66.84	66.03	64.79	65.52	65.91	66.05	66.04	65.90	65.51	64.79	64.52	65.14	65.47	65.59	65.58	65.45	65.12	64.51
67.39	68.27	68.41	68.81	68.11	68.83	68.11	67.31	66.02	66.83	67.25	67.40	67.39	67.24	66.83	66.02	64.78	65.51	65.90	66.04	66.04	65.89	65.51	64.78	64.51	65.13	65.46	65.58	65.57	65.45	65.12	64.50
67.54	68.33	67.70	69.28	68.03	69.06	68.29	67.46	66.01	66.82	67.23	67.40	67.38	67.24	66.82	66.01	64.78	65.51	65.89	66.04	66.03	65.89	65.50	64.77	64.50	65.13	65.46	65.58	65.57	65.44	65.11	64.49
67.32	68.10	67.36	69.09	67.77	68.85	68.07	67.24	66.01	66.81	67.22	67.39	67.37	67.23	66.81	66.01	64.77	65.50	65.89	66.03	66.03	65.88	65.49	64.77	64.50	65.12	65.45	65.57	65.56	65.44	65.10	64.49
67.51	68.26	68.60	68.91	68.79	68.76	68.24	67.63	66.00	66.81	67.22	67.39	67.36	67.22	66.81	66.00	64.76	65.49	65.88	66.03	66.02	65.87	65.49	64.76	64.49	65.11	65.45	65.57	65.56	65.43	65.10	64.48
67.29	68.04	68.48	68.65	68.65	68.50	68.01	67.44	65.99	66.80	67.21	67.38	67.36	67.22	66.80	65.99	64.76	65.49	65.87	66.02	66.01	65.87	65.48	64.76	64.49	65.11	65.44	65.56	65.56	65.42	65.09	64.48
67.44	68.24	68.62	68.82	68.83	68.48	68.42	67.55	65.99	66.79	67.20	67.37	67.35	67.21	66.79	65.99	64.75	65.48	65.87	66.01	66.01	65.86	65.47	64.75	64.48	65.10	65.43	65.56	65.55	65.42	65.09	64.47
67.21	68.02	68.40	68.59	68.62	68.23	68.22	67.32	65.98	66.79	67.20	67.36	67.35	67.20	66.78	65.98	64.75	65.47	65.86	66.01	66.00	65.85	65.47	64.74	64.48	65.09	65.43	65.55	65.55	65.41	65.08	64.47
67.44	68.19	68.60	68.76	68.81	68.60	68.30	67.49	65.97	66.78	67.19	67.36	67.34	67.19	66.78	65.98	64.74	65.47	65.85	66.00	66.00	65.85	65.46	64.74	64.47	65.09	65.42	65.55	65.54	65.41	65.07	64.46
67.22	67.95	68.38	68.52	68.59	68.38	68.06	67.26	65.97	66.77	67.19	67.35	67.34	67.18	66.77	65.97	64.73	65.46	65.85	66.00	65.99	65.84	65.45	64.73	64.46	65.08	65.42	65.54	65.54	65.40	65.07	64.46
67.55	68.40	68.95	68.09	68.76	68.75	68.30	67.46	65.96	66.77	67.18	67.34	67.33	67.18	66.76	65.96	64.73	65.45	65.84	65.99	65.99	65.83	65.45	64.72	64.46	65.08	65.41	65.54	65.53	65.40	65.06	64.45
67.34	68.20	68.77	67.78	68.53	68.55	68.07	67.24	65.95	66.76	67.18	67.33	67.33	67.17	66.76	65.95	64.72	65.45	65.84	65.99	65.98	65.83	65.44	64.72	64.45	65.07	65.41	65.53	65.53	65.39	65.06	64.44
67.53	68.32	68.60	68.69	68.71	68.65	68.21	67.44	65.95	66.75	67.17	67.32	67.32	67.17	66.75	65.95	64.71	65.44	65.83	65.98	65.97	65.82	65.43	64.71	64.45	65.06	65.40	65.53	65.52	65.39	65.05	64.44
67.32	68.09	68.35	68.52	68.48	68.41	67.97	67.22	65.94	66.75	67.17	67.32	67.32	67.16	66.74	65.94	64.71	65.43	65.82	65.97	65.97	65.82	65.43	64.71	64.44	65.06	65.40	65.52	65.52	65.38	65.04	64.43
67.48	68.23	68.80	68.80	68.89	68.66	68.22	67.53	65.94	66.74	67.16	67.31	67.31	67.15	66.74	65.94	64.70	65.43	65.82	65.97	65.96	65.81	65.42	64.70	64.44	65.05	65.39	65.52	65.51	65.37	65.04	64.43
67.25	68.00	68.60	68.59	68.69	68.43	67.99	67.32	65.93	66.73	67.15	67.31	67.31	67.15	66.73	65.93	64.70	65.42	65.81	65.96	65.96	65.80	65.41	64.69	64.43	65.05	65.38	65.51	65.51	65.37	65.03	64.42
67.39	68.19	68.66	68.73	68.74	68.59	68.36	67.48	65.92	66.73	67.15	67.30	67.30	67.14	66.72	65.92	64.69	65.41	65.80	65.96	65.95	65.80	65.41	64.69	64.42	65.04	65.38	65.51	65.50	65.36	65.03	64.42
67.17	67.97	68.43	68.51	68.51	68.37	68.16	67.26	65.92	66.72	67.14	67.30	67.29	67.13	66.72	65.92	64.68	65.41	65.80	65.95	65.95	65.79	65.40	64.68	64.42	65.03	65.37	65.50	65.50	65.36	65.02	64.41
67.38	68.14	68.55	68.69	68.77	68.58	68.21	67.42	65.91	66.71	67.13	67.29	67.29	67.13	66.71	65.91	64.68	65.40	65.79	65.95	65.94	65.79	65.39	64.68	64.41	65.03	65.37	65.50	65.49	65.35	65.01	64.41
67.16	67.92	68.31	68.46	68.55	68.36	67.98	67.20	65.90	66.70	67.13	67.29	67.28	67.12	66.70	65.90	64.67	65.39	65.79	65.94	65.94	65.78	65.39	64.67	64.41	65.02	65.36	65.49	65.49	65.35	65.01	64.40
67.48	68.31	68.57	68.76	68.72	68.69	68.25	67.42	65.90	66.70	67.12	67.28	67.28	67.11	66.70	65.90	64.67	65.39	65.78	65.93	65.93	65.77	65.38	64.66	64.40	65.02	65.36	65.49	65.48	65.34	65.00	64.39
67.27	68.10	68.35	68.54	68.49	68.47	68.03	67.20	65.89	66.69	67.11	67.28	67.27	67.11	66.69	65.89	64.66	65.38	65.77	65.93	65.92	65.77	65.37	64.66	64.40	65.01	65.35	65.48	65.48	65.34	65.00	64.39
67.42	68.25	67.86	69.08	68.69	68.55	68.18	67.35	65.89	66.69	67.10	67.27	67.27	67.10	66.68	65.89	64.66	65.37	65.77	65.92	65.92	65.76	65.37	64.65	64.39	65.00	65.34	65.48	65.47	65.33	64.99	64.38
67.20	68.02	67.55	68.90	68.46	68.31	67.95	67.12	65.88	66.68	67.09	67.27	67.26	67.09	66.68	65.88	64.65	65.37	65.76	65.92	65.91	65.75	65.36	64.65	64.39	65.00	65.34	65.47	65.47	65.33	64.99	64.38
67.60	67.81	68.53	68.84	68.54	68.66	68.12	67.47	65.88	66.67	67.09	67.26	67.25	67.09	66.67	65.87	64.64	65.36	65.75	65.91	65.91	65.75	65.36	64.64	64.38	64.99	65.33	65.47	65.46	65.32	64.98	64.37
67.40	67.54	68.37	68.59	68.30	68.45	67.90	67.27	65.87	66.66	67.08	67.26	67.25	67.08	66.66	65.87	64.64	65.35	65.75	65.91	65.90	65.74	65.35	64.64	64.38	64.99	65.33	65.46	65.46	65.31	64.97	64.37
67.40	68.07	68.49	68.71	68.69	68.56	68.35	67.18	65.87	66.65	67.07	67.25	67.24	67.08	66.66	65.86	64.63	65.35	65.74	65.90	65.90	65.74	65.34	64.63	64.37	64.98	65.32	65.46	65.45	65.31	64.97	64.36
67.16	67.87	68.27	68.47	68.49	68.33	68.15	66.93	65.86	66.65	67.07	67.24	67.23	67.07	66.65	65.85	64.63	65.34	65.74	65.89	65.89	65.73	65.34	64.62	64.36	64.97	65.32	65.45	65.45	65.30	64.96	64.36
67.31	68.07	68.53	68.65	68.75	68.54	68.14	67.37	65.85	66.64	67.06	67.24	67.23	67.06	66.64	65.85	64.62	65.33	65.73	65.89	65.89	65.72	65.33	64.62	64.36	64.97	65.31	65.45	65.44	65.30	64.96	64.35
67.09	67.85	68.31	68.42	68.53	68.32	67.90	67.17	65.85	66.63	67.06	67.23	67.22	67.06	66.64	65.84	64.61	65.33	65.72	65.88	65.88	65.72	65.32	64.61	64.35	64.96	65.30	65.44	65.44	65.29	64.95	64.35
67.49	68.24	68.51	68.81	68.67	68.62	68.18	67.37	65.84	66.63	67.05	67.23	67.22	67.05	66.63	65.84	64.61	65.32	65.72	65.88	65.87	65.71	65.32	64.61	64.35	64.96	65.30	65.44	65.43	65.29	64.95	64.34
67.30	68.04	68.28	68.60	68.44	68.41	67.96	67.15	65.83	66.62	67.05	67.22	67.21	67.05	66.62	65.83	64.60	65.32	65.71	65.87	65.87	65.71	65.31	64.60	64.34	64.95	65.29	65.43	65.42	65.28	64.94	64.34
67.30	68.09	68.57	68.16	68.60	68.49	68.11	67.31	65.83	66.62	67.04	67.21	67.21	67.04	66.62	65.83	64.60	65.31	65.71	65.87	65.86	65.70	65.31	64.60	64.34	64.95	65.29	65.43	65.42	65.28	64.93	64.33
67.07	67.86	68.36	67.86	68.37	68.26	67.88	67.09	65.82	66.61	67.03	67.20	67.20	67.03	66.61	65.82	64.59	65.30	65.70	65.86	65.86	65.70	65.30	64.59	64.33	64.94	65.28	65.42	65.41	65.27	64.93	64.33
67.36	68.14	68.64	68.63	68.69	68.53	67.52	67.23	65.82	66.61	67.03	67.20	67.20	67.03	66.60	65.81	64.59	65.30	65.69	65.86	65.85	65.69	65.29	64.58	64.33	64.93	65.28	65.42	65.41	65.27	64.92	64.32
67.15	67.93	68.43	68.45	68.48	68.31	67.23	67.00	65.81	66.60	67.02	67.19	67.19	67.02	66.59	65.81	64.58	65.29	65.69	65.85	65.85	65.68	65.29	64.58	64.32	64.93	65.27	65.41	65.40	65.26	64.92	64.32
67.34	68.11	68.44	68.57	68.67	68.51	67.95	67.21	65.81	66.59	67.02	67.18	67.19	67.01	66.58	65.80	64.58	65.28	65.68	65.84	65.84	65.68	65.28	64.57	64.32	64.92	65.27	65.40	65.40	65.25	64.91	64.31
67.12	67.89	68.19	68.35	68.44	68.29	67.78	66.99	65.80	66.59	67.01	67.18	67.18	67.01	66.58	65.79	64.57	65.28	65.68	65.84	65.84	65.67	65.27	64.57	64.31	64.92	65.26	65.40	65.39	65.25	64.91	64.31
67.28	68.02	68.48	68.62	68.70	68.48	68.13	67.15	65.79	66.58	67.00	67.17	67.17	67.00	66.57	65.79	64.56	65.27	65.67	65.83	65.83	65.67	65.27	64.56	64.31	64.91	65.25	65.39	65.39	65.24	64.90	64.30
67.06	67.79	68.27	68.41	68.48	68.26	67.93	66.93	65.79	66.57	67.00	67.17	67.17	67.00	66.57	65.78	64.56	65.27	65.66	65.83	65.82	65.66	65.26	64.56	64.30	64.91	65.25	65.39	65.38	65.24	64.90	64.30
67.42	68.17	68.48	68.60	68.36	68.63	68.13	67.23	65.78	66.57	66.99	67.16	67.16	66.99	66.56	65.78	64.55	65.26	65.66	65.82	65.82	65.65	65.26	64.55	64.30	64.90	65.24	65.38	65.38	65.23	64.89	64.29
67.22	67.97	68.26	68.38	68.10	68.42	67.92	67.03	65.78	66.56	66.99	67.16	67.15	66.98	66.56	65.77	64.55	65.25	65.65	65.82	65.81	65.65	65.25	64.55	64.29	64.89	65.24	65.38	65.37	65.23	64.88	64.29
67.26	67.96	68.41	68.68	68.55	68.44	68.06	67.27	65.77	66.56	66.98	67.15	67.15	66.98	66.55	65.77	64.54	65.25	65.65	65.81	65.81	65.64	65.24	64.54	64.29	64.89	65.23	65.37	65.37	65.22	64.88	64.28
67.02	67.72	68.18	68.46	68.35	68.20	67.83	67.06	65.77	66.55	66.97	67.15	67.14	66.97	66.55	65.76	64.54	65.24	65.64	65.80	65.80	65.64	65.24	64.53	64.28	64.88	65.23	65.37	65.36	65.22	64.87	64.28
67.28	68.05	68.26	68.67	68.59	68.45	68.17	66.96	65.76	66.54	66.97	67.14	67.14	66.97	66.54	65.75	64.53	65.24	65.63	65.80	65.80	65.63	65.23	64.53	64.28	64.88	65.22	65.36	65.36	65.21	64.87	64.27
67.07	67.84	68.03	68.45	68.37	68.23	67.97	66.71	65.75	66.54	66.96	67.14	67.13	66.96	66.54	65.75	64.53	65.23	65.63	65.79	65.79	65.62	65.23	64.52	64.27	64.87	65.22	65.36	65.35	65.21	64.86	64.27
67.30	68.05	68.43	68.59	68.66	68.47	68.10	67.29	65.75	66.53	66.95	67.13	67.13	66.95	66.53	65.74	64.52	65.22	65.62	65.79	65.79	65.62	65.22	64.52	64.27	64.87	65.21	65.35	65.35	65.20	64.86	64.26
67.08	67.83	68.22	68.36	68.45	68.25	67.87	67.11	65.74	66.53	66.95	67.13	67.12	66.95	66.52	65.74	64.52	65.22	65.62	65.78	65.78	65.61	65.22	64.51	64.26	64.86	65.21	65.35	65.34	65.20	64.85	64.26
67.22	67.99	68.45	68.54	68.57	68.40	68.20	66.77	65.74	66.52	66.94	67.12	67.12	66.94	66.52	65.73	64.51	65.21	65.61	65.78	65.78	65.61	65.21	64.51	64.26	64.86	65.20	65.34	65.34	65.19	64.85	64.25
66.99	67.76	68.23	68.30	68.33	68.16	67.98	66.50	65.73	66.51	66.94	67.11	67.11	66.94	66.51	65.72	64.51	65.21	65.60	65.77	65.77	65.60	65.20	64.50	64.25	64.85	65.19	65.34	65.33	65.19	64.84	64.25
67.31	68.11	68.41	68.54	68.57	68.47	67.99	67.18	65.73	66.51	66.93	67.11	67.11	66.93	66.51	65.72	64.50	65.20	65.60	65.77	65.76	65.60	65.20	64.50	64.25	64.84	65.19	65.33	65.33	65.18	64.84	64.24
67.10	67.90	68.18	68.31	68.35	68.26	67.75	67.01	65.72	66.50	66.93	67.10	67.10	66.92	66.50	65.71	64.49	65.19	65.59	65.76	65.76	65.59	65.19	64.49	64.24	64.84	65.18	65.33	65.32	65.17	64.83	64.24
67.19	67.94	68.39	68.60	68.57	68.36	68.07	67.26	65.72	66.50	66.92	67.10	67.09	66.92	66.50	65.71	64.49	65.19	65.59	65.76	65.75	65.58	65.19	64.49	64.24	64.83	65.18	65.32	65.32	65.17	64.82	64.23
66.96	67.71	68.16	68.39	68.34	68.13	67.86	67.06	65.71	66.49	66.91	67.09	67.09	66.91	66.49	65.70	64.48	65.18	65.58	65.75	65.75	65.58	65.18	64.48	64.23	64.83	65.17	65.32	65.31	65.16	64.82	64.23
67.22	68.02	68.35	68.51	68.53	68.43	67.99	67.20	65.71	66.48	66.91	67.09	67.08	66.91	66.48	65.70	64.48	65.18	65.58	65.74	65.74	65.57	65.17	64.48	64.23	64.82	65.17	65.31	65.31	65.16	64.81	64.22
67.01	67.81	68.13	68.28	68.30	68.22	67.76	66.99	65.70	66.48	66.90	67.08	67.08	66.90	66.48	65.69	64.47	65.17	65.57	65.74	65.74	65.57	65.17	64.47	64.22	64.82	65.16	65.31	65.30	65.15	64.81	64.22
67.29	68.06	68.43	68.58	68.59	68.45	68.27	66.64	65.70	66.47	66.90	67.07	67.07	66.90	66.47	65.69	64.47	65.17	65.56	65.73	65.73	65.56	65.16	64.47	64.22	64.81	65.16	65.30	65.30	65.15	64.80	64.21
67.08	67.85	68.21	68.37	68.38	68.23	68.08	66.36	65.69	66.47	66.89	67.07	67.07	66.89	66.47	65.68	64.46	65.16	65.56	65.73	65.73	65.56	65.16	64.46	64.21	64.81	65.15	65.30	65.29	65.14	64.80	64.21
67.23	67.97	68.35	68.58	68.47	68.36	66.87	66.48	65.69	66.46	66.89	67.06	67.06	66.88	66.46	65.67	64.46	65.15	65.55	65.72	65.72	65.55	65.15	64.45	64.21	64.80	65.15	65.29	65.29	65.14	64.79	64.20
67.01	67.74	68.12	68.36	68.24	68.13	66.49	66.24	65.68	66.46	66.88	67.06	67.05	66.88	66.44	65.66	64.45	65.15	65.55	65.72	65.72	65.54	65.15	64.45	64.20	64.80	65.14	65.29	65.28	65.13	64.79	64.20
67.22	67.22	68.52	68.16	68.76	67.99	66.60	65.87	65.68	66.45	66.88	67.05	67.05	66.87	66.43	65.65	64.45	65.14	65.54	65.71	65.71	65.54	65.14	64.44	64.20	64.79	65.14	65.28	65.28	65.13	64.78	64.19
67.00	66.92	68.32	67.89	68.57	67.73	66.32	65.57	65.67	66.44	66.87	67.04	67.05	66.86	66.41	65.64	64.44	65.14	65.54	65.71	65.70	65.53	65.13	64.44	64.19	64.79	65.13	65.28	65.27	65.12	64.78	64.19
66.32	67.32	68.76	67.61	69.09	67.12	66.48	65.72	65.66	66.43	66.87	67.03	67.04	66.85	66.40	65.62	64.44	65.13	65.53	65.70	65.70	65.53	65.13	64.43	64.19	64.78	65.13	65.27	65.27	65.12	64.77	64.18
65.98	67.10	68.58	67.32	68.91	66.78	66.24	65.48	65.65	66.42	66.86	67.02	67.04	66.84	66.39	65.61	64.43	65.13	65.53	65.69	65.69	65.52	65.12	64.43	64.18	64.77	65.12	65.27	65.26	65.11	64.77	64.18
65.85	66.63	67.87	67.89	68.66	66.92	66.41	65.66	65.64	66.41	66.85	67.01	67.04	66.82	66.38	65.60	64.43	65.12	65.52	65.69	65.69	65.52	65.12	64.42	64.18	64.77	65.11	65.26	65.26	65.11	64.76	64.17
65.56	66.32	67.53	67.69	68.39	66.66	66.18	65.43	65.62	66.39	66.84	67.01	67.03	66.81	66.37	65.59	64.42	65.11	65.51	65.68	65.68	65.51	65.11	64.42	64.17	64.76	65.11	65.26	65.25	65.10	64.76	64.17
