Metric	Core0	Core1	Core2	Core3	Core4	Core5	Core6	Core7	Core8	Core9	Core10	Core11	Core12	Core13	Core14	Core15	Core16	Core17	Core18	Core19	Core20	Core21	Core22	Core23	Core24	Core25	Core26	Core27	Core28	Core29	Core30	Core31
total	1184.004	1184.004	12.731	1184.004	1184.004	1184.004	1184.004	1184.004	4262412.623	4262412.623	4262412.623	4262412.623	4262412.623	4262412.623	4262412.623	4262412.623	4262412.623	4262412.623	4262412.623	4262412.623	4262412.623	4262412.623	4262412.623	4262412.623	4262412.623	4262412.623	4262412.623	4262412.623	4262412.623	4262412.623	4262412.623	4262412.623
base	0.000	0.000	11.573	0.000	0.000	0.000	0.000	0.000	0.000	0.000	0.000	0.000	0.000	0.000	0.000	0.000	0.000	0.000	0.000	0.000	0.000	0.000	0.000	0.000	0.000	0.000	0.000	0.000	0.000	0.000	0.000	0.000
dispatch_width	-
rs_full	-
depend	-
depend-int	-
depend-fp	-
depend-branch	-
issue	-
serial	-
smt	-
branch	-
itlb	-
dtlb	-
ifetch	-
mem	-
mem-l1d	-
mem-l2	-
mem-l3	-
mem-l4	-
mem-remote	-
mem-nuca	-
mem-dram-cache	-
mem-dram	-
sync	-
dvfs-transition	-
imbalance	1182.004	1182.004	12.695	1182.004	1182.004	1182.004	1182.004	1182.004	4262412.623	4262412.623	4262412.623	4262412.623	4262412.623	4262412.623	4262412.623	4262412.623	4262412.623	4262412.623	4262412.623	4262412.623	4262412.623	4262412.623	4262412.623	4262412.623	4262412.623	4262412.623	4262412.623	4262412.623	4262412.623	4262412.623	4262412.623	4262412.623
other	2.000	2.000	-11.537	2.000	2.000	2.000	2.000	2.000	0.000	0.000	0.000	0.000	0.000	0.000	0.000	0.000	0.000	0.000	0.000	0.000	0.000	0.000	0.000	0.000	0.000	0.000	0.000	0.000	0.000	0.000	0.000	0.000
