pcb_C_0	321.9946
pcb_C_1	322.3310
pcb_C_2	322.5975
pcb_C_3	322.7352
pcb_C_4	322.7478
pcb_C_5	322.4984
pcb_C_6	322.2711
pcb_C_7	321.9596
pcb_C_8	321.8684
pcb_C_9	322.1590
pcb_C_10	322.3824
pcb_C_11	322.5011
pcb_C_12	322.4966
pcb_C_13	322.3178
pcb_C_14	322.1061
pcb_C_15	321.8312
pcb_C_16	321.6910
pcb_C_17	321.8304
pcb_C_18	321.9579
pcb_C_19	322.0302
pcb_C_20	322.0221
pcb_C_21	321.9262
pcb_C_22	321.7958
pcb_C_23	321.6593
pcb_C_24	321.5612
pcb_C_25	321.5847
pcb_C_26	321.6414
pcb_C_27	321.6786
pcb_C_28	321.6734
pcb_C_29	321.6256
pcb_C_30	321.5642
pcb_C_31	321.5373
solder_C_0	322.0910
solder_C_1	322.4136
solder_C_2	322.7891
solder_C_3	322.9696
solder_C_4	323.0414
solder_C_5	322.5956
solder_C_6	322.3399
solder_C_7	322.0534
solder_C_8	321.9821
solder_C_9	322.2531
solder_C_10	322.5014
solder_C_11	322.6331
solder_C_12	322.6388
solder_C_13	322.4180
solder_C_14	322.1960
solder_C_15	321.9437
solder_C_16	321.6950
solder_C_17	321.8015
solder_C_18	321.9345
solder_C_19	322.0111
solder_C_20	322.0037
solder_C_21	321.9016
solder_C_22	321.7665
solder_C_23	321.6629
solder_C_24	321.5340
solder_C_25	321.5243
solder_C_26	321.5860
solder_C_27	321.6271
solder_C_28	321.6218
solder_C_29	321.5700
solder_C_30	321.5037
solder_C_31	321.5098
sub_C_0	322.1032
sub_C_1	322.4275
sub_C_2	322.8671
sub_C_3	323.0605
sub_C_4	323.1806
sub_C_5	322.6123
sub_C_6	322.3530
sub_C_7	322.0654
sub_C_8	322.0182
sub_C_9	322.2935
sub_C_10	322.5447
sub_C_11	322.6768
sub_C_12	322.6838
sub_C_13	322.4604
sub_C_14	322.2369
sub_C_15	321.9799
sub_C_16	321.6580
sub_C_17	321.7769
sub_C_18	321.9136
sub_C_19	321.9911
sub_C_20	321.9836
sub_C_21	321.8808
sub_C_22	321.7422
sub_C_23	321.6262
sub_C_24	321.4888
sub_C_25	321.4952
sub_C_26	321.5617
sub_C_27	321.6043
sub_C_28	321.5991
sub_C_29	321.5456
sub_C_30	321.4744
sub_C_31	321.4648
layer_3_C_0	322.1945
layer_3_C_1	322.5497
layer_3_C_2	323.6319
layer_3_C_3	323.9394
layer_3_C_4	324.5618
layer_3_C_5	322.7512
layer_3_C_6	322.4755
layer_3_C_7	322.1563
layer_3_C_8	322.3682
layer_3_C_9	322.7034
layer_3_C_10	322.9710
layer_3_C_11	323.1034
layer_3_C_12	323.1145
layer_3_C_13	322.8895
layer_3_C_14	322.6518
layer_3_C_15	322.3313
layer_3_C_16	321.2829
layer_3_C_17	321.5240
layer_3_C_18	321.6955
layer_3_C_19	321.7821
layer_3_C_20	321.7747
layer_3_C_21	321.6658
layer_3_C_22	321.4914
layer_3_C_23	321.2532
layer_3_C_24	321.0554
layer_3_C_25	321.2079
layer_3_C_26	321.3204
layer_3_C_27	321.3774
layer_3_C_28	321.3719
layer_3_C_29	321.3042
layer_3_C_30	321.1870
layer_3_C_31	321.0331
layer_4_TB_0	322.1490
layer_4_TB_1	322.5041
layer_4_TB_2	323.5320
layer_4_TB_3	323.8299
layer_4_TB_4	324.4091
layer_4_TB_5	322.7054
layer_4_TB_6	322.4301
layer_4_TB_7	322.1108
layer_4_TB_8	322.3065
layer_4_TB_9	322.6419
layer_4_TB_10	322.9092
layer_4_TB_11	323.0416
layer_4_TB_12	323.0524
layer_4_TB_13	322.8280
layer_4_TB_14	322.5903
layer_4_TB_15	322.2697
layer_4_TB_16	321.2821
layer_4_TB_17	321.5233
layer_4_TB_18	321.6949
layer_4_TB_19	321.7815
layer_4_TB_20	321.7741
layer_4_TB_21	321.6652
layer_4_TB_22	321.4908
layer_4_TB_23	321.2524
layer_4_TB_24	321.0549
layer_4_TB_25	321.2075
layer_4_TB_26	321.3201
layer_4_TB_27	321.3771
layer_4_TB_28	321.3716
layer_4_TB_29	321.3038
layer_4_TB_30	321.1866
layer_4_TB_31	321.0325
hsp_TB_0	321.6939
hsp_TB_1	322.0484
hsp_TB_2	322.5331
hsp_TB_3	322.7350
hsp_TB_4	322.8826
hsp_TB_5	322.2481
hsp_TB_6	321.9760
hsp_TB_7	321.6558
hsp_TB_8	321.6903
hsp_TB_9	322.0269
hsp_TB_10	322.2911
hsp_TB_11	322.4227
hsp_TB_12	322.4313
hsp_TB_13	322.2130
hsp_TB_14	321.9755
hsp_TB_15	321.6535
hsp_TB_16	321.2741
hsp_TB_17	321.5172
hsp_TB_18	321.6891
hsp_TB_19	321.7758
hsp_TB_20	321.7684
hsp_TB_21	321.6595
hsp_TB_22	321.4847
hsp_TB_23	321.2444
hsp_TB_24	321.0497
hsp_TB_25	321.2041
hsp_TB_26	321.3170
hsp_TB_27	321.3742
hsp_TB_28	321.3686
hsp_TB_29	321.3008
hsp_TB_30	321.1832
hsp_TB_31	321.0274
hsink_TB_0	321.5010
hsink_TB_1	321.8356
hsink_TB_2	322.1333
hsink_TB_3	322.2844
hsink_TB_4	322.3048
hsink_TB_5	322.0236
hsink_TB_6	321.7741
hsink_TB_7	321.4636
hsink_TB_8	321.4616
hsink_TB_9	321.7870
hsink_TB_10	322.0307
hsink_TB_11	322.1553
hsink_TB_12	322.1522
hsink_TB_13	321.9703
hsink_TB_14	321.7376
hsink_TB_15	321.4250
hsink_TB_16	321.2452
hsink_TB_17	321.4869
hsink_TB_18	321.6580
hsink_TB_19	321.7444
hsink_TB_20	321.7366
hsink_TB_21	321.6290
hsink_TB_22	321.4546
hsink_TB_23	321.2155
hsink_TB_24	321.0446
hsink_TB_25	321.1995
hsink_TB_26	321.3125
hsink_TB_27	321.3696
hsink_TB_28	321.3641
hsink_TB_29	321.2963
hsink_TB_30	321.1786
hsink_TB_31	321.0224
inode_0	320.8131
inode_1	320.7867
inode_2	320.6131
inode_3	321.2453
inode_4	320.8074
inode_5	320.7810
inode_6	320.6101
inode_7	321.2401
inode_8	320.5681
inode_9	320.5441
inode_10	320.3271
inode_11	320.8846
inode_12	321.7965
inode_13	321.7637
inode_14	321.4459
inode_15	322.4125
inode_16	321.7959
inode_17	321.7631
inode_18	321.4459
inode_19	322.4122
inode_20	321.5768
inode_21	321.5465
inode_22	321.4232
inode_23	322.3661
inode_24	320.7767
inode_25	320.7534
inode_26	320.4933
inode_27	321.1684
