C_0	C_1	C_2	C_3	C_4	C_5	C_6	C_7	C_8	C_9	C_10	C_11	C_12	C_13	C_14	C_15	C_16	C_17	C_18	C_19	C_20	C_21	C_22	C_23	C_24	C_25	C_26	C_27	C_28	C_29	C_30	C_31	
3.31512	3.30612	3.30611	3.30764	3.32043	3.31158	3.31115	3.31454	3.30502	3.3353	3.31902	3.31196	3.32151	3.32392	3.32025	3.29969	3.30582	3.30644	3.32215	3.31932	3.32291	3.32645	3.30666	3.31197	4.43191	4.43061	4.4321	4.43098	4.4288	4.43026	4.42796	4.42942	
3.33543	3.34088	3.35478	3.35985	3.34689	3.35948	3.39202	3.37709	3.30409	3.2891	3.34379	3.36231	3.37597	3.37295	3.30464	3.29218	3.35635	3.34008	3.38465	3.38766	3.35193	3.35619	3.35319	3.35339	4.45018	4.44963	4.45051	4.44948	4.44944	4.44931	4.45079	4.45082	
3.53651	2.6556	3.23846	3.21719	3.1988	3.21468	3.17892	3.2592	0.72988	0.72988	0.72988	0.72988	0.72988	0.72988	0.72988	0.72988	0.72988	0.72988	0.72988	0.72988	0.72988	0.72988	0.72988	0.72988	0.72988	0.72988	0.72988	0.72988	0.72988	0.72988	0.72988	0.72988	
3.13366	3.19776	3.34286	3.32238	3.35895	3.35985	3.36981	3.30052	0.72988	0.72988	0.72988	0.72988	0.72988	0.72988	0.72988	0.72988	0.72988	0.72988	0.72988	0.72988	0.72988	0.72988	0.72988	0.72988	0.72988	0.72988	0.72988	0.72988	0.72988	0.72988	0.72988	0.72988	
3.13307	3.12514	3.16575	3.10607	3.1753	3.184	3.18811	3.15997	0.72988	0.72988	0.72988	0.72988	0.72988	0.72988	0.72988	0.72988	0.72988	0.72988	0.72988	0.72988	0.72988	0.72988	0.72988	0.72988	0.72988	0.72988	0.72988	0.72988	0.72988	0.72988	0.72988	0.72988	
3.11438	3.04413	3.09049	3.11567	3.12419	3.13995	2.96553	2.98976	0.72988	0.72988	0.72988	0.72988	0.72988	0.72988	0.72988	0.72988	0.72988	0.72988	0.72988	0.72988	0.72988	0.72988	0.72988	0.72988	0.72988	0.72988	0.72988	0.72988	0.72988	0.72988	0.72988	0.72988	
3.07744	3.15282	3.33149	3.34149	3.38967	3.37878	3.33839	3.36212	0.72988	0.72988	0.72988	0.72988	0.72988	0.72988	0.72988	0.72988	0.72988	0.72988	0.72988	0.72988	0.72988	0.72988	0.72988	0.72988	0.72988	0.72988	0.72988	0.72988	0.72988	0.72988	0.72988	0.72988	
3.11334	3.15136	3.08344	3.08353	3.04096	3.08882	3.12663	3.07151	0.72988	0.72988	0.72988	0.72988	0.72988	0.72988	0.72988	0.72988	0.72988	0.72988	0.72988	0.72988	0.72988	0.72988	0.72988	0.72988	0.72988	0.72988	0.72988	0.72988	0.72988	0.72988	0.72988	0.72988	
3.14574	3.10027	3.23544	2.49308	3.04103	3.09783	3.02939	3.01769	0.72988	0.72988	0.72988	0.72988	0.72988	0.72988	0.72988	0.72988	0.72988	0.72988	0.72988	0.72988	0.72988	0.72988	0.72988	0.72988	0.72988	0.72988	0.72988	0.72988	0.72988	0.72988	0.72988	0.72988	
3.42276	3.25158	3.21889	3.20164	3.23065	3.17014	3.16247	3.23401	0.72988	0.72988	0.72988	0.72988	0.72988	0.72988	0.72988	0.72988	0.72988	0.72988	0.72988	0.72988	0.72988	0.72988	0.72988	0.72988	0.72988	0.72988	0.72988	0.72988	0.72988	0.72988	0.72988	0.72988	
3.90528	1.36946	3.07161	3.14974	3.35518	3.12145	3.08301	3.08518	0.72988	0.72988	0.72988	0.72988	0.72988	0.72988	0.72988	0.72988	0.72988	0.72988	0.72988	0.72988	0.72988	0.72988	0.72988	0.72988	0.72988	0.72988	0.72988	0.72988	0.72988	0.72988	0.72988	0.72988	
3.06254	3.11193	3.14583	3.16269	3.04914	3.08562	3.12215	3.13576	0.72988	0.72988	0.72988	0.72988	0.72988	0.72988	0.72988	0.72988	0.72988	0.72988	0.72988	0.72988	0.72988	0.72988	0.72988	0.72988	0.72988	0.72988	0.72988	0.72988	0.72988	0.72988	0.72988	0.72988	
3.43329	3.27028	3.24387	3.16975	3.09408	3.09514	3.17756	3.17406	0.72988	0.72988	0.72988	0.72988	0.72988	0.72988	0.72988	0.72988	0.72988	0.72988	0.72988	0.72988	0.72988	0.72988	0.72988	0.72988	0.72988	0.72988	0.72988	0.72988	0.72988	0.72988	0.72988	0.72988	
3.12798	3.3696	3.3658	3.25635	3.2621	3.41752	3.46937	3.4841	0.72988	0.72988	0.72988	0.72988	0.72988	0.72988	0.72988	0.72988	0.72988	0.72988	0.72988	0.72988	0.72988	0.72988	0.72988	0.72988	0.72988	0.72988	0.72988	0.72988	0.72988	0.72988	0.72988	0.72988	
3.1112	3.18525	3.18442	3.11251	3.06805	3.14904	3.09058	3.10965	0.72988	0.72988	0.72988	0.72988	0.72988	0.72988	0.72988	0.72988	0.72988	0.72988	0.72988	0.72988	0.72988	0.72988	0.72988	0.72988	0.72988	0.72988	0.72988	0.72988	0.72988	0.72988	0.72988	0.72988	
3.065	3.06985	3.01838	3.08103	3.21749	3.1412	3.14733	3.13982	0.72988	0.72988	0.72988	0.72988	0.72988	0.72988	0.72988	0.72988	0.72988	0.72988	0.72988	0.72988	0.72988	0.72988	0.72988	0.72988	0.72988	0.72988	0.72988	0.72988	0.72988	0.72988	0.72988	0.72988	
3.13169	3.42265	3.41864	2.8997	3.17583	3.31337	3.50459	3.53544	0.72988	0.72988	0.72988	0.72988	0.72988	0.72988	0.72988	0.72988	0.72988	0.72988	0.72988	0.72988	0.72988	0.72988	0.72988	0.72988	0.72988	0.72988	0.72988	0.72988	0.72988	0.72988	0.72988	0.72988	
3.14872	3.0777	3.19246	3.43462	3.40969	3.20001	3.06724	3.11314	0.72988	0.72988	0.72988	0.72988	0.72988	0.72988	0.72988	0.72988	0.72988	0.72988	0.72988	0.72988	0.72988	0.72988	0.72988	0.72988	0.72988	0.72988	0.72988	0.72988	0.72988	0.72988	0.72988	0.72988	
3.03704	3.07803	3.06058	3.03028	3.15658	3.13342	3.1113	3.08404	0.72988	0.72988	0.72988	0.72988	0.72988	0.72988	0.72988	0.72988	0.72988	0.72988	0.72988	0.72988	0.72988	0.72988	0.72988	0.72988	0.72988	0.72988	0.72988	0.72988	0.72988	0.72988	0.72988	0.72988	
3.43982	3.22333	3.1377	3.17321	3.09557	3.09716	3.03603	3.17099	0.72988	0.72988	0.72988	0.72988	0.72988	0.72988	0.72988	0.72988	0.72988	0.72988	0.72988	0.72988	0.72988	0.72988	0.72988	0.72988	0.72988	0.72988	0.72988	0.72988	0.72988	0.72988	0.72988	0.72988	
2.16436	3.5927	3.28164	3.52275	3.35214	3.25534	3.21128	3.1744	0.72988	0.72988	0.72988	0.72988	0.72988	0.72988	0.72988	0.72988	0.72988	0.72988	0.72988	0.72988	0.72988	0.72988	0.72988	0.72988	0.72988	0.72988	0.72988	0.72988	0.72988	0.72988	0.72988	0.72988	
3.09823	3.14484	3.23209	3.20791	3.1674	3.21348	3.08731	3.13401	0.72988	0.72988	0.72988	0.72988	0.72988	0.72988	0.72988	0.72988	0.72988	0.72988	0.72988	0.72988	0.72988	0.72988	0.72988	0.72988	0.72988	0.72988	0.72988	0.72988	0.72988	0.72988	0.72988	0.72988	
3.18874	3.06741	3.11909	3.11829	3.05236	3.02705	3.00117	3.12747	0.72988	0.72988	0.72988	0.72988	0.72988	0.72988	0.72988	0.72988	0.72988	0.72988	0.72988	0.72988	0.72988	0.72988	0.72988	0.72988	0.72988	0.72988	0.72988	0.72988	0.72988	0.72988	0.72988	0.72988	
3.29337	3.4395	3.26865	3.04335	3.13737	3.09948	3.49799	3.32354	0.72988	0.72988	0.72988	0.72988	0.72988	0.72988	0.72988	0.72988	0.72988	0.72988	0.72988	0.72988	0.72988	0.72988	0.72988	0.72988	0.72988	0.72988	0.72988	0.72988	0.72988	0.72988	0.72988	0.72988	
0.897311	4.13085	3.25459	3.24458	3.29481	3.26438	3.12022	3.21262	0.72988	0.72988	0.72988	0.72988	0.72988	0.72988	0.72988	0.72988	0.72988	0.72988	0.72988	0.72988	0.72988	0.72988	0.72988	0.72988	0.72988	0.72988	0.72988	0.72988	0.72988	0.72988	0.72988	0.72988	
3.04297	3.10265	3.07247	3.07753	3.22151	3.10919	3.09765	3.0605	0.72988	0.72988	0.72988	0.72988	0.72988	0.72988	0.72988	0.72988	0.72988	0.72988	0.72988	0.72988	0.72988	0.72988	0.72988	0.72988	0.72988	0.72988	0.72988	0.72988	0.72988	0.72988	0.72988	0.72988	
3.32402	3.38512	3.22322	3.15883	3.10605	3.08411	3.41524	3.34027	0.72988	0.72988	0.72988	0.72988	0.72988	0.72988	0.72988	0.72988	0.72988	0.72988	0.72988	0.72988	0.72988	0.72988	0.72988	0.72988	0.72988	0.72988	0.72988	0.72988	0.72988	0.72988	0.72988	0.72988	
3.15116	3.17204	3.27576	3.40596	3.25192	3.36031	3.19998	3.17131	0.72988	0.72988	0.72988	0.72988	0.72988	0.72988	0.72988	0.72988	0.72988	0.72988	0.72988	0.72988	0.72988	0.72988	0.72988	0.72988	0.72988	0.72988	0.72988	0.72988	0.72988	0.72988	0.72988	0.72988	
3.10132	3.14825	3.14748	2.87923	3.27925	3.093	3.13578	2.99823	0.72988	0.72988	0.72988	0.72988	0.72988	0.72988	0.72988	0.72988	0.72988	0.72988	0.72988	0.72988	0.72988	0.72988	0.72988	0.72988	0.72988	0.72988	0.72988	0.72988	0.72988	0.72988	0.72988	0.72988	
3.02226	3.07402	3.03048	3.12363	3.01731	3.09242	3.0839	3.14321	0.72988	0.72988	0.72988	0.72988	0.72988	0.72988	0.72988	0.72988	0.72988	0.72988	0.72988	0.72988	0.72988	0.72988	0.72988	0.72988	0.72988	0.72988	0.72988	0.72988	0.72988	0.72988	0.72988	0.72988	
3.67216	1.75723	3.14345	3.35199	3.31286	3.38094	3.20445	3.34924	0.72988	0.72988	0.72988	0.72988	0.72988	0.72988	0.72988	0.72988	0.72988	0.72988	0.72988	0.72988	0.72988	0.72988	0.72988	0.72988	0.72988	0.72988	0.72988	0.72988	0.72988	0.72988	0.72988	0.72988	
3.25804	3.25698	3.21135	3.13412	3.13995	3.07671	3.08881	3.16429	0.72988	0.72988	0.72988	0.72988	0.72988	0.72988	0.72988	0.72988	0.72988	0.72988	0.72988	0.72988	0.72988	0.72988	0.72988	0.72988	0.72988	0.72988	0.72988	0.72988	0.72988	0.72988	0.72988	0.72988	
3.05846	3.03142	3.03166	3.14591	3.1029	3.20038	3.11998	3.15448	0.72988	0.72988	0.72988	0.72988	0.72988	0.72988	0.72988	0.72988	0.72988	0.72988	0.72988	0.72988	0.72988	0.72988	0.72988	0.72988	0.72988	0.72988	0.72988	0.72988	0.72988	0.72988	0.72988	0.72988	
3.42144	3.39834	3.18524	3.1362	3.15362	3.12782	3.29516	3.17572	0.72988	0.72988	0.72988	0.72988	0.72988	0.72988	0.72988	0.72988	0.72988	0.72988	0.72988	0.72988	0.72988	0.72988	0.72988	0.72988	0.72988	0.72988	0.72988	0.72988	0.72988	0.72988	0.72988	0.72988	
3.18631	3.16529	3.14704	3.04569	3.25123	3.11047	3.14454	3.03215	0.72988	0.72988	0.72988	0.72988	0.72988	0.72988	0.72988	0.72988	0.72988	0.72988	0.72988	0.72988	0.72988	0.72988	0.72988	0.72988	0.72988	0.72988	0.72988	0.72988	0.72988	0.72988	0.72988	0.72988	
3.15061	3.20882	3.14056	3.21192	3.1859	3.18865	3.18365	3.1932	0.72988	0.72988	0.72988	0.72988	0.72988	0.72988	0.72988	0.72988	0.72988	0.72988	0.72988	0.72988	0.72988	0.72988	0.72988	0.72988	0.72988	0.72988	0.72988	0.72988	0.72988	0.72988	0.72988	0.72988	
3.38765	3.27935	3.106	3.11481	3.18489	3.1046	3.29377	3.11601	0.72988	0.72988	0.72988	0.72988	0.72988	0.72988	0.72988	0.72988	0.72988	0.72988	0.72988	0.72988	0.72988	0.72988	0.72988	0.72988	0.72988	0.72988	0.72988	0.72988	0.72988	0.72988	0.72988	0.72988	
2.9547	3.0699	3.26573	3.29398	3.09784	3.32067	3.12254	3.29908	0.72988	0.72988	0.72988	0.72988	0.72988	0.72988	0.72988	0.72988	0.72988	0.72988	0.72988	0.72988	0.72988	0.72988	0.72988	0.72988	0.72988	0.72988	0.72988	0.72988	0.72988	0.72988	0.72988	0.72988	
3.45726	2.65199	3.21085	3.22867	3.05987	3.21618	3.20463	3.16381	0.72988	0.72988	0.72988	0.72988	0.72988	0.72988	0.72988	0.72988	0.72988	0.72988	0.72988	0.72988	0.72988	0.72988	0.72988	0.72988	0.72988	0.72988	0.72988	0.72988	0.72988	0.72988	0.72988	0.72988	
3.21454	3.24722	3.22128	3.25076	3.22771	3.26087	3.17906	3.27534	0.72988	0.72988	0.72988	0.72988	0.72988	0.72988	0.72988	0.72988	0.72988	0.72988	0.72988	0.72988	0.72988	0.72988	0.72988	0.72988	0.72988	0.72988	0.72988	0.72988	0.72988	0.72988	0.72988	0.72988	
0.72988	2.06172	1.83945	2.71322	3.64944	2.31074	0.72988	2.30102	0.72988	0.72988	0.72988	0.72988	0.72988	0.72988	0.72988	0.72988	0.72988	0.72988	0.72988	0.72988	0.72988	0.72988	0.72988	0.72988	0.72988	0.72988	0.72988	0.72988	0.72988	0.72988	0.72988	0.72988	
