C_0	C_1	C_2	C_3	C_4	C_5	C_6	C_7	C_8	C_9	C_10	C_11	C_12	C_13	C_14	C_15	C_16	C_17	C_18	C_19	C_20	C_21	C_22	C_23	C_24	C_25	C_26	C_27	C_28	C_29	C_30	C_31	
68.33	69.22	69.22	68.37	69.17	70.50	70.50	69.14	69.11	70.48	70.47	69.14	68.42	69.29	69.29	68.36	66.38	67.26	67.24	66.42	67.16	68.43	68.38	67.09	67.13	68.43	68.39	67.09	66.36	67.17	67.14	66.29
68.35	69.25	69.26	68.46	69.15	70.42	70.43	69.11	69.04	70.33	70.36	69.13	68.55	69.40	69.37	68.41	66.19	67.11	67.10	66.28	66.86	68.07	68.05	66.79	66.80	68.07	68.05	66.82	66.16	66.94	66.93	66.05
68.37	69.27	69.28	68.52	69.14	70.34	70.35	69.07	68.98	70.23	70.26	69.11	68.63	69.47	69.42	68.45	66.10	67.04	67.04	66.23	66.70	67.84	67.83	66.60	66.60	67.83	67.83	66.66	66.06	66.80	66.79	65.92
68.38	69.28	69.30	68.57	69.13	70.28	70.29	69.03	68.69	69.90	69.94	68.85	68.46	69.27	69.22	68.24	66.05	66.99	66.99	66.20	66.60	67.68	67.66	66.47	66.45	67.66	67.65	66.54	65.99	66.71	66.69	65.83
68.15	69.04	69.06	68.37	68.88	69.97	69.98	68.75	68.87	70.06	70.10	69.05	68.72	69.52	69.47	68.48	66.01	66.96	66.97	66.18	66.52	67.55	67.54	66.38	66.35	67.52	67.52	66.45	65.95	66.64	66.62	65.76
68.37	69.27	69.29	68.62	69.09	70.15	70.15	68.95	68.84	70.01	70.05	69.06	68.77	69.55	69.50	68.50	65.99	66.94	66.95	66.18	66.47	67.46	67.44	66.31	66.26	67.41	67.42	66.39	65.92	66.58	66.57	65.72
68.40	69.29	69.32	68.66	69.11	70.12	70.13	68.94	68.82	69.97	70.01	69.06	68.82	69.58	69.53	68.52	65.97	66.93	66.94	66.19	66.44	67.38	67.37	66.25	66.20	67.32	67.33	66.34	65.90	66.55	66.53	65.68
68.41	69.30	69.33	68.70	69.11	70.09	70.10	68.93	68.56	69.68	69.73	68.82	68.62	69.36	69.30	68.30	65.97	66.92	66.94	66.20	66.41	67.32	67.30	66.21	66.15	67.25	67.26	66.31	65.90	66.52	66.50	65.66
68.18	69.06	69.09	68.49	68.87	69.81	69.81	68.67	68.75	69.86	69.91	69.03	68.86	69.60	69.53	68.53	65.96	66.92	66.94	66.21	66.39	67.27	67.25	66.17	66.10	67.19	67.20	66.28	65.89	66.49	66.47	65.64
68.40	69.28	69.32	68.73	69.09	70.00	70.00	68.87	68.75	69.84	69.90	69.05	68.90	69.63	69.56	68.55	65.96	66.91	66.94	66.22	66.38	67.22	67.20	66.14	66.06	67.13	67.14	66.25	65.89	66.47	66.45	65.62
68.42	69.30	69.34	68.77	69.11	69.99	69.99	68.87	68.74	69.82	69.88	69.06	68.94	69.65	69.58	68.57	65.96	66.91	66.94	66.24	66.37	67.18	67.16	66.11	66.03	67.08	67.09	66.23	65.89	66.46	66.43	65.61
68.19	69.07	69.11	68.56	68.88	69.72	69.72	68.62	68.73	69.80	69.86	69.07	68.97	69.66	69.59	68.58	65.96	66.91	66.94	66.25	66.37	67.15	67.12	66.09	66.00	67.03	67.05	66.22	65.90	66.44	66.42	65.60
68.17	69.04	69.09	68.55	68.86	69.68	69.67	68.59	68.72	69.77	69.84	69.08	69.00	69.67	69.60	68.59	65.96	66.91	66.94	66.27	66.36	67.12	67.09	66.07	65.97	66.99	67.01	66.21	65.90	66.43	66.40	65.59
68.17	69.03	69.08	68.56	68.85	69.64	69.63	68.56	68.70	69.75	69.82	69.09	69.02	69.68	69.61	68.60	65.96	66.91	66.94	66.28	66.36	67.09	67.05	66.05	65.95	66.95	66.97	66.19	65.91	66.42	66.39	65.58
68.16	69.02	69.07	68.57	68.84	69.61	69.60	68.54	68.46	69.49	69.56	68.86	68.80	69.45	69.37	68.37	65.95	66.90	66.94	66.30	66.36	67.06	67.02	66.03	65.92	66.91	66.94	66.18	65.91	66.41	66.37	65.57
68.15	69.01	69.07	68.58	68.84	69.58	69.57	68.52	68.42	69.43	69.51	68.84	68.79	69.42	69.34	68.34	65.95	66.89	66.93	66.31	66.36	67.04	67.00	66.01	65.90	66.88	66.90	66.17	65.91	66.40	66.36	65.56
68.15	69.01	69.06	68.59	68.84	69.56	69.54	68.50	68.39	69.40	69.47	68.83	68.80	69.41	69.32	68.33	65.95	66.89	66.93	66.32	66.36	67.01	66.97	66.00	65.88	66.84	66.87	66.17	65.92	66.39	66.34	65.55
68.14	69.00	69.06	68.61	68.84	69.54	69.51	68.49	68.37	69.37	69.45	68.83	68.80	69.40	69.31	68.32	65.94	66.88	66.92	66.33	66.36	66.99	66.94	65.98	65.86	66.81	66.84	66.16	65.92	66.38	66.33	65.54
68.14	69.00	69.06	68.62	68.84	69.52	69.49	68.48	68.59	69.58	69.67	69.07	69.05	69.64	69.55	68.55	65.94	66.87	66.92	66.34	66.36	66.97	66.92	65.97	65.84	66.78	66.81	66.15	65.93	66.37	66.32	65.53
68.14	68.99	69.06	68.63	68.84	69.50	69.47	68.46	68.61	69.60	69.69	69.10	69.10	69.67	69.33	68.34	65.93	66.86	66.92	66.35	66.37	66.95	66.89	65.95	65.82	66.74	66.79	66.14	65.93	66.36	66.30	65.52
68.14	68.99	69.06	68.65	68.85	69.48	69.45	68.45	68.61	69.59	69.69	69.13	69.12	69.68	69.55	68.56	65.93	66.86	66.91	66.36	66.37	66.93	66.87	65.94	65.80	66.71	66.76	66.14	65.93	66.35	66.29	65.51
68.14	68.99	69.06	68.66	68.85	69.47	69.43	68.44	68.61	69.59	69.68	69.14	69.15	69.69	69.33	68.35	65.93	66.85	66.91	66.37	66.37	66.92	66.85	65.92	65.78	66.69	66.73	66.13	65.94	66.34	66.28	65.50
68.14	68.98	69.06	68.68	68.86	69.45	69.41	68.43	68.61	69.58	69.43	68.91	68.92	69.45	69.55	68.57	65.92	66.84	66.90	66.37	66.38	66.90	66.83	65.91	65.76	66.66	66.71	66.13	65.94	66.33	66.26	65.49
68.14	68.98	69.06	68.69	68.86	69.44	69.40	68.42	68.37	69.32	69.40	68.90	68.91	69.43	69.57	68.58	65.91	66.83	66.89	66.38	66.38	66.89	66.82	65.90	65.74	66.63	66.68	66.12	65.94	66.32	66.25	65.48
68.14	68.98	69.06	68.70	68.87	69.43	69.38	68.41	68.33	69.28	69.38	68.89	68.91	69.41	69.57	68.59	65.91	66.82	66.89	66.39	66.38	66.87	66.80	65.89	65.72	66.61	66.66	66.11	65.94	66.31	66.24	65.48
68.14	68.97	69.06	68.71	68.87	69.41	69.37	68.41	68.31	69.25	69.36	68.89	68.91	69.40	69.57	68.59	65.90	66.81	66.88	66.39	66.38	66.85	66.78	65.88	65.71	66.58	66.64	66.11	65.94	66.30	66.22	65.47
68.13	68.97	69.06	68.72	68.87	69.40	69.35	68.40	68.30	69.23	69.59	69.14	69.16	69.64	69.57	68.60	65.89	66.79	66.87	66.40	66.39	66.84	66.77	65.87	65.69	66.55	66.62	66.10	65.95	66.29	66.21	65.46
68.13	68.96	69.06	68.73	68.88	69.39	69.34	68.39	68.52	69.46	69.61	69.17	69.20	69.66	69.32	68.36	65.88	66.78	66.86	66.40	66.39	66.83	66.75	65.86	65.67	66.53	66.60	66.10	65.95	66.28	66.20	65.45
68.13	68.96	69.06	68.75	68.89	69.38	69.32	68.38	68.53	69.47	69.61	69.19	69.22	69.67	69.29	68.33	65.88	66.77	66.86	66.41	66.39	66.82	66.73	65.85	65.66	66.51	66.58	66.09	65.95	66.27	66.18	65.44
68.13	68.96	69.06	68.76	68.89	69.37	69.31	68.37	68.54	69.48	69.61	69.21	69.24	69.68	69.27	68.31	65.87	66.76	66.85	66.42	66.40	66.81	66.71	65.83	65.64	66.48	66.56	66.09	65.95	66.26	66.17	65.43
68.13	68.95	69.06	68.77	68.90	69.36	69.29	68.36	68.54	69.47	69.37	68.98	69.01	69.43	69.25	68.30	65.86	66.75	66.84	66.42	66.40	66.80	66.70	65.82	65.63	66.46	66.54	66.09	65.95	66.25	66.16	65.42
68.13	68.95	69.06	68.78	68.90	69.35	69.28	68.35	68.54	69.47	69.34	68.96	68.99	69.40	69.48	68.52	65.85	66.74	66.83	66.42	66.40	66.78	66.68	65.81	65.61	66.44	66.52	66.08	65.95	66.24	66.15	65.41
68.12	68.95	69.06	68.78	68.90	69.34	69.26	68.34	68.30	69.21	69.32	68.96	68.99	69.39	69.49	68.54	65.85	66.73	66.82	66.43	66.40	66.77	66.67	65.80	65.60	66.42	66.50	66.08	65.95	66.23	66.13	65.40
68.12	68.94	69.06	68.79	68.91	69.33	69.25	68.34	68.27	69.18	69.30	68.95	68.99	69.37	69.50	68.55	65.84	66.71	66.81	66.43	66.41	66.76	66.66	65.79	65.58	66.40	66.48	66.07	65.95	66.22	66.12	65.39
68.12	68.93	69.06	68.80	68.91	69.32	69.24	68.33	68.25	69.15	69.53	69.19	69.23	69.61	69.50	68.55	65.83	66.70	66.80	66.43	66.41	66.75	66.64	65.79	65.57	66.38	66.46	66.07	65.95	66.21	66.11	65.38
68.11	68.93	69.06	68.81	68.92	69.31	69.23	68.32	68.23	69.14	69.55	69.23	69.26	69.63	69.50	68.55	65.82	66.69	66.80	66.44	66.41	66.74	66.63	65.78	65.55	66.36	66.45	66.07	65.95	66.20	66.10	65.37
68.11	68.92	69.06	68.82	68.92	69.30	69.22	68.31	68.46	69.36	69.56	69.25	69.28	69.64	69.49	68.55	65.81	66.67	66.79	66.44	66.41	66.73	66.62	65.77	65.54	66.34	66.43	66.06	65.95	66.19	66.08	65.37
68.11	68.92	69.06	68.83	68.93	69.30	69.21	68.31	68.47	69.38	69.56	69.26	69.30	69.64	69.24	68.31	65.80	66.66	66.78	66.44	66.42	66.73	66.61	65.76	65.52	66.32	66.42	66.06	65.95	66.18	66.07	65.36
68.10	68.92	69.06	68.84	68.93	69.29	69.19	68.30	68.48	69.38	69.32	69.04	69.31	69.64	69.20	68.27	65.79	66.65	66.77	66.44	66.42	66.72	66.59	65.75	65.51	66.30	66.40	66.05	65.95	66.17	66.06	65.35
68.10	68.91	69.05	68.84	68.94	69.28	69.18	68.29	68.48	69.38	69.29	69.01	69.07	69.39	69.18	68.25	65.78	66.64	66.76	66.45	66.42	66.71	66.58	65.74	65.50	66.28	66.38	66.05	65.95	66.17	66.05	65.34
68.10	68.91	69.05	68.85	68.94	69.27	69.17	68.28	68.48	69.38	69.27	69.01	69.06	69.36	69.16	68.24	65.78	66.63	66.75	66.45	66.42	66.70	66.56	65.73	65.48	66.26	66.37	66.05	65.95	66.16	66.04	65.33
68.10	68.91	69.05	68.86	68.94	69.27	69.16	68.27	68.48	69.37	69.26	69.00	69.05	69.34	69.39	68.46	65.77	66.62	66.74	66.45	66.42	66.69	66.55	65.72	65.47	66.24	66.36	66.04	65.95	66.15	66.03	65.32
68.09	68.90	69.05	68.86	68.95	69.26	69.15	68.26	68.24	69.12	69.49	69.24	69.04	69.33	69.41	68.48	65.76	66.60	66.74	66.45	66.42	66.68	66.54	65.71	65.46	66.23	66.34	66.04	65.95	66.14	66.01	65.31
68.09	68.89	69.05	68.87	68.95	69.25	69.14	68.26	68.20	69.09	69.51	69.27	69.28	69.56	69.41	68.49	65.75	66.59	66.73	66.45	66.43	66.67	66.53	65.70	65.45	66.21	66.33	66.04	65.95	66.13	66.00	65.30
68.08	68.89	69.05	68.88	68.95	69.24	69.13	68.25	68.18	69.06	69.52	69.29	69.31	69.58	69.41	68.49	65.74	66.58	66.72	66.45	66.43	66.67	66.52	65.69	65.43	66.19	66.31	66.03	65.95	66.13	65.99	65.29
68.08	68.88	69.05	68.88	68.96	69.24	69.12	68.24	68.40	69.28	69.52	69.31	69.33	69.59	69.41	68.48	65.73	66.56	66.71	66.45	66.43	66.66	66.51	65.69	65.42	66.18	66.30	66.03	65.95	66.12	65.98	65.29
68.07	68.88	69.05	68.89	68.96	69.23	69.11	68.24	68.42	69.30	69.52	69.32	69.34	69.60	69.40	68.48	65.72	66.55	66.71	66.46	66.43	66.65	66.50	65.68	65.41	66.16	66.29	66.02	65.95	66.11	65.97	65.28
68.07	68.87	69.05	68.90	68.97	69.23	69.10	68.23	68.42	69.31	69.52	69.32	69.35	69.60	69.15	68.24	65.71	66.54	66.70	66.46	66.44	66.65	66.49	65.67	65.40	66.15	66.27	66.02	65.95	66.10	65.96	65.27
68.07	68.87	69.05	68.90	68.97	69.22	69.09	68.22	68.42	69.30	69.28	69.09	69.12	69.35	69.11	68.21	65.70	66.53	66.69	66.46	66.44	66.64	66.47	65.66	65.39	66.13	66.26	66.02	65.94	66.09	65.95	65.26
68.06	68.87	69.04	68.91	68.97	69.22	69.08	68.21	68.42	69.30	69.25	69.06	69.09	69.32	69.09	68.18	65.69	66.52	66.68	66.46	66.44	66.63	66.46	65.65	65.37	66.11	66.25	66.01	65.94	66.09	65.94	65.25
68.06	68.86	69.04	68.91	68.97	69.21	69.07	68.20	68.18	69.05	69.23	69.05	69.08	69.30	69.07	68.17	65.68	66.51	66.67	66.46	66.44	66.62	66.45	65.64	65.36	66.10	66.24	66.01	65.94	66.08	65.93	65.24
68.05	68.86	69.04	68.91	68.97	69.20	69.06	68.20	68.15	69.02	69.21	69.05	69.08	69.28	69.30	68.39	65.67	66.49	66.66	66.46	66.43	66.61	66.44	65.63	65.35	66.08	66.23	66.01	65.94	66.07	65.92	65.23
68.05	68.85	69.04	68.92	68.98	69.20	69.05	68.19	68.13	69.00	69.44	69.28	69.31	69.51	69.32	68.41	65.66	66.48	66.65	66.46	66.44	66.61	66.43	65.62	65.34	66.07	66.21	66.00	65.94	66.06	65.91	65.23
68.04	68.84	69.04	68.92	68.98	69.19	69.04	68.18	68.35	69.22	69.47	69.32	69.35	69.54	69.32	68.41	65.66	66.47	66.65	66.46	66.44	66.60	66.42	65.62	65.33	66.06	66.20	66.00	65.94	66.06	65.90	65.22
68.04	68.84	69.04	68.93	68.98	69.19	69.03	68.18	68.36	69.23	69.47	69.33	69.36	69.54	69.32	68.41	65.65	66.46	66.64	66.46	66.44	66.59	66.41	65.61	65.32	66.04	66.19	66.00	65.94	66.05	65.89	65.21
68.04	68.84	69.03	68.93	68.99	69.18	69.03	68.17	68.37	69.24	69.48	69.34	69.37	69.54	69.32	68.41	65.64	66.45	66.63	66.46	66.44	66.59	66.40	65.60	65.31	66.03	66.18	65.99	65.93	66.04	65.88	65.20
68.03	68.83	69.03	68.94	68.99	69.18	69.02	68.17	68.37	69.24	69.24	69.11	69.14	69.30	69.31	68.41	65.63	66.44	66.62	66.46	66.44	66.58	66.39	65.59	65.30	66.01	66.17	65.99	65.93	66.04	65.87	65.19
68.03	68.83	69.03	68.94	68.99	69.17	69.01	68.16	68.37	69.24	69.21	69.08	69.11	69.27	69.06	68.17	65.62	66.43	66.62	66.46	66.44	66.57	66.38	65.58	65.29	66.00	66.16	65.99	65.93	66.03	65.86	65.19
68.02	68.82	69.03	68.94	68.99	69.16	69.00	68.15	68.13	68.98	69.19	69.07	69.10	69.25	69.02	68.13	65.61	66.42	66.61	66.45	66.44	66.57	66.37	65.58	65.28	65.99	66.15	65.98	65.93	66.02	65.85	65.18
68.02	68.82	69.02	68.95	68.99	69.16	68.99	68.14	68.10	68.95	69.18	69.07	69.09	69.24	69.00	68.11	65.60	66.41	66.60	66.45	66.44	66.56	66.36	65.57	65.27	65.97	66.14	65.98	65.93	66.01	65.84	65.17
68.01	68.81	69.02	68.95	68.99	69.15	68.98	68.13	68.08	68.93	69.41	69.30	69.33	69.47	68.98	68.10	65.59	66.39	66.59	66.45	66.44	66.55	66.35	65.56	65.25	65.96	66.13	65.98	65.93	66.01	65.83	65.16
68.01	68.80	69.02	68.95	69.00	69.15	68.97	68.13	68.06	68.92	69.43	69.33	69.36	69.49	69.21	68.32	65.58	66.38	66.59	66.45	66.44	66.55	66.34	65.55	65.24	65.95	66.12	65.97	65.92	66.00	65.82	65.15
68.00	68.80	69.02	68.96	69.00	69.14	68.96	68.12	68.28	69.14	69.44	69.35	69.38	69.50	69.23	68.34	65.57	66.37	66.58	66.45	66.44	66.54	66.33	65.54	65.23	65.94	66.11	65.97	65.92	65.99	65.81	65.15
68.00	68.79	69.02	68.96	69.00	69.14	68.96	68.11	68.30	69.17	69.44	69.36	69.38	69.50	69.23	68.34	65.56	66.36	66.57	66.45	66.44	66.54	66.32	65.53	65.23	65.93	66.10	65.97	65.92	65.99	65.80	65.14
67.99	68.79	69.02	68.96	69.00	69.14	68.95	68.11	68.31	69.17	69.20	69.12	69.15	69.26	69.23	68.34	65.56	66.35	66.57	66.45	66.44	66.53	66.31	65.53	65.21	65.91	66.09	65.96	65.92	65.98	65.79	65.13
67.99	68.79	69.02	68.97	69.00	69.13	68.94	68.10	68.31	69.17	69.17	69.10	69.12	69.23	69.23	68.34	65.55	66.34	66.56	66.45	66.44	66.52	66.31	65.52	65.20	65.90	66.08	65.96	65.92	65.98	65.78	65.12
67.99	68.78	69.01	68.97	69.00	69.12	68.93	68.10	68.31	69.16	69.16	69.09	69.11	69.21	68.98	68.10	65.54	66.33	66.55	66.45	66.43	66.52	66.30	65.51	65.20	65.89	66.07	65.96	65.91	65.97	65.77	65.11
67.98	68.78	69.01	68.97	69.00	69.12	68.93	68.09	68.30	69.16	69.15	69.08	69.10	69.20	68.94	68.07	65.54	66.32	66.54	66.45	66.43	66.51	66.29	65.50	65.19	65.88	66.06	65.95	65.91	65.96	65.76	65.11
67.98	68.77	69.01	68.97	69.01	69.11	68.92	68.08	68.30	69.16	69.38	69.32	69.34	69.43	68.92	68.05	65.53	66.32	66.54	66.44	66.43	66.50	66.28	65.49	65.18	65.87	66.06	65.95	65.91	65.96	65.76	65.10
67.97	68.77	69.01	68.97	69.01	69.11	68.91	68.07	68.06	68.91	69.40	69.35	69.37	69.45	68.91	68.03	65.52	66.30	66.53	66.44	66.43	66.50	66.27	65.49	65.17	65.85	66.05	65.95	65.91	65.95	65.75	65.09
67.97	68.76	69.00	68.98	69.01	69.11	68.90	68.07	68.02	68.87	69.41	69.36	69.38	69.46	69.13	68.25	65.51	66.29	66.52	66.44	66.43	66.49	66.26	65.48	65.16	65.84	66.04	65.94	65.91	65.94	65.74	65.08
67.96	68.76	69.00	68.98	69.01	69.10	68.89	68.06	68.00	68.85	69.41	69.37	69.39	69.46	69.15	68.27	65.50	66.28	66.52	66.44	66.43	66.49	66.25	65.47	65.15	65.83	66.03	65.94	65.90	65.94	65.73	65.08
67.95	68.75	69.00	68.98	69.01	69.10	68.89	68.05	68.22	69.07	69.41	69.38	69.40	69.46	69.16	68.27	65.49	66.27	66.51	66.44	66.43	66.48	66.24	65.46	65.14	65.82	66.02	65.94	65.90	65.93	65.72	65.07
67.95	68.75	69.00	68.98	69.01	69.10	68.88	68.05	68.24	69.09	69.41	69.38	69.40	69.46	69.16	68.28	65.48	66.26	66.51	66.44	66.43	66.48	66.23	65.46	65.13	65.81	66.01	65.93	65.90	65.93	65.71	65.06
67.95	68.74	69.00	68.99	69.02	69.09	68.88	68.04	68.24	69.10	69.41	69.38	69.41	69.46	69.15	68.27	65.48	66.26	66.50	66.44	66.43	66.47	66.23	65.45	65.12	65.80	66.00	65.93	65.90	65.92	65.70	65.05
67.94	68.74	69.00	68.99	69.02	69.09	68.87	68.04	68.25	69.10	69.41	69.39	69.41	69.46	69.15	68.27	65.47	66.25	66.49	66.44	66.43	66.47	66.22	65.44	65.11	65.79	66.00	65.93	65.89	65.91	65.70	65.05
67.94	68.73	69.00	68.99	69.02	69.09	68.86	68.03	68.25	69.10	69.41	69.39	69.41	69.46	69.15	68.27	65.46	66.24	66.49	66.44	66.43	66.46	66.21	65.44	65.10	65.78	65.99	65.92	65.89	65.91	65.69	65.04
67.93	68.73	68.99	68.99	69.02	69.08	68.86	68.02	68.24	69.09	69.40	69.39	69.41	69.45	69.14	68.26	65.45	66.23	66.48	66.44	66.43	66.46	66.20	65.43	65.10	65.77	65.98	65.92	65.89	65.90	65.68	65.03
67.93	68.73	68.99	68.99	69.02	69.08	68.85	68.02	68.23	69.09	69.40	69.39	69.41	69.45	69.13	68.25	65.45	66.22	66.48	66.44	66.43	66.45	66.20	65.42	65.09	65.76	65.97	65.92	65.89	65.90	65.67	65.03
67.92	68.72	68.99	68.99	69.02	69.07	68.84	68.01	68.23	69.08	69.40	69.39	69.41	69.44	69.13	68.25	65.44	66.21	66.47	66.43	66.42	66.45	66.19	65.42	65.08	65.75	65.97	65.91	65.88	65.89	65.66	65.02
67.92	68.72	68.99	69.00	69.02	69.07	68.84	68.01	68.23	69.08	69.39	69.39	69.41	69.44	69.12	68.24	65.43	66.20	66.46	66.43	66.43	66.44	66.18	65.41	65.07	65.74	65.96	65.91	65.88	65.88	65.66	65.01
67.91	68.71	68.99	69.00	69.02	69.07	68.83	68.00	68.22	69.08	69.39	69.39	69.41	69.44	69.11	68.24	65.42	66.20	66.46	66.43	66.42	66.44	66.17	65.40	65.06	65.73	65.95	65.91	65.88	65.88	65.65	65.01
67.91	68.71	68.98	69.00	69.02	69.06	68.82	67.99	68.21	69.07	69.39	69.39	69.41	69.43	69.11	68.23	65.42	66.19	66.45	66.43	66.42	66.43	66.16	65.40	65.05	65.72	65.94	65.91	65.88	65.87	65.64	65.00
67.91	68.70	68.98	69.00	69.02	69.06	68.82	67.99	68.21	69.06	69.38	69.39	69.41	69.43	69.10	68.22	65.41	66.18	66.45	66.43	66.42	66.43	66.16	65.39	65.04	65.71	65.94	65.90	65.87	65.87	65.63	64.99
67.90	68.70	68.98	69.00	69.02	69.05	68.81	67.98	68.20	69.05	69.38	69.39	69.41	69.42	69.09	68.22	65.40	66.17	66.44	66.43	66.42	66.42	66.15	65.38	65.04	65.70	65.93	65.90	65.87	65.86	65.63	64.98
67.90	68.69	68.98	69.00	69.02	69.05	68.80	67.98	68.20	69.05	69.38	69.39	69.41	69.42	69.09	68.21	65.39	66.16	66.44	66.42	66.42	66.42	66.14	65.37	65.03	65.69	65.92	65.90	65.87	65.86	65.62	64.98
67.89	68.69	68.97	69.00	69.02	69.05	68.80	67.97	68.19	69.04	69.37	69.39	69.41	69.42	69.08	68.20	65.39	66.16	66.43	66.42	66.42	66.41	66.13	65.37	65.02	65.68	65.92	65.89	65.87	65.85	65.61	64.97
67.89	68.68	68.97	69.00	69.02	69.04	68.79	67.96	68.18	69.04	69.37	69.39	69.41	69.41	69.07	68.20	65.38	66.15	66.42	66.42	66.41	66.41	66.13	65.36	65.01	65.67	65.91	65.89	65.86	65.85	65.61	64.96
67.88	68.68	68.97	69.00	69.02	69.04	68.79	67.96	68.18	69.03	69.37	69.39	69.41	69.41	69.06	68.19	65.37	66.14	66.42	66.42	66.41	66.40	66.12	65.35	65.00	65.67	65.90	65.89	65.86	65.84	65.60	64.96
67.88	68.68	68.97	69.00	69.02	69.03	68.78	67.95	68.17	69.02	69.36	69.39	69.41	69.40	69.06	68.18	65.37	66.13	66.41	66.42	66.41	66.40	66.11	65.35	65.00	65.66	65.90	65.88	65.86	65.84	65.59	64.95
67.87	68.67	68.97	69.00	69.02	69.03	68.77	67.95	68.16	69.01	69.36	69.39	69.41	69.40	69.05	68.18	65.36	66.12	66.41	66.41	66.41	66.39	66.10	65.34	64.99	65.65	65.89	65.88	65.86	65.83	65.58	64.94
67.86	68.66	68.96	69.00	69.02	69.03	68.77	67.94	68.16	69.02	69.36	69.39	69.41	69.40	69.05	68.17	65.35	66.12	66.40	66.41	66.41	66.38	66.10	65.33	64.98	65.64	65.88	65.88	65.85	65.82	65.58	64.94
67.86	68.66	68.96	69.00	69.02	69.02	68.76	67.93	68.15	69.00	69.35	69.39	69.41	69.39	69.04	68.16	65.34	66.11	66.40	66.41	66.40	66.38	66.09	65.33	64.97	65.63	65.88	65.87	65.85	65.82	65.57	64.93
67.86	68.66	68.96	69.00	69.02	69.02	68.75	67.93	68.15	69.00	69.35	69.39	69.41	69.39	69.03	68.16	65.34	66.10	66.39	66.41	66.40	66.38	66.08	65.32	64.97	65.62	65.87	65.87	65.85	65.82	65.56	64.92
67.85	68.65	68.96	69.00	69.02	69.02	68.75	67.92	68.14	68.99	69.34	69.39	69.41	69.38	69.03	68.15	65.33	66.09	66.38	66.41	66.40	66.37	66.08	65.31	64.96	65.61	65.86	65.87	65.85	65.81	65.56	64.92
67.85	68.65	68.95	69.00	69.02	69.01	68.74	67.92	68.14	68.99	69.34	69.39	69.41	69.38	69.02	68.15	65.32	66.09	66.38	66.40	66.40	66.37	66.07	65.31	64.95	65.61	65.86	65.86	65.84	65.81	65.55	64.91
67.84	68.64	68.95	69.00	69.02	69.01	68.74	67.91	68.13	68.98	69.34	69.39	69.40	69.37	69.01	68.14	65.31	66.08	66.37	66.40	66.40	66.36	66.06	65.30	64.94	65.60	65.85	65.86	65.84	65.80	65.54	64.90
67.84	68.64	68.95	69.00	69.02	69.00	68.73	67.91	68.12	68.97	69.33	69.39	69.40	69.37	69.01	68.13	65.31	66.07	66.37	66.40	66.39	66.36	66.05	65.29	64.94	65.59	65.84	65.86	65.84	65.80	65.54	64.90
67.83	68.63	68.95	69.00	69.02	69.00	68.72	67.90	68.12	68.97	69.33	69.39	69.40	69.37	69.00	68.13	65.30	66.06	66.36	66.40	66.39	66.35	66.05	65.29	64.93	65.58	65.84	65.85	65.83	65.79	65.53	64.89
68.06	68.87	68.94	69.00	69.02	69.00	68.96	68.13	68.11	68.96	69.32	69.39	69.40	69.36	68.99	68.12	65.29	66.06	66.36	66.39	66.39	66.35	66.04	65.28	64.92	65.57	65.83	65.85	65.83	65.78	65.52	64.89
68.09	68.90	69.18	69.24	69.02	68.99	68.75	67.92	68.11	68.96	69.32	69.39	69.40	69.36	68.99	68.12	65.29	66.05	66.35	66.39	66.39	66.34	66.03	65.27	64.92	65.57	65.82	65.85	65.83	65.78	65.52	64.88
67.86	68.67	68.97	69.03	69.26	69.23	68.96	68.13	68.10	68.95	69.32	69.39	69.40	69.35	68.98	68.11	65.28	66.04	66.35	66.39	66.39	66.34	66.03	65.27	64.91	65.56	65.82	65.84	65.82	65.78	65.51	64.87
68.16	68.55	69.13	69.18	69.21	69.19	68.88	68.09	66.88	67.73	68.07	68.13	68.14	68.09	67.75	66.89	65.27	66.03	66.34	66.38	66.38	66.33	66.01	65.25	64.90	65.55	65.81	65.84	65.82	65.77	65.50	64.87
67.99	68.78	69.19	69.25	69.29	69.25	68.96	68.10	66.71	67.57	67.91	67.97	67.98	67.93	67.59	66.73	65.25	66.01	66.32	66.37	66.37	66.31	66.00	65.24	64.89	65.54	65.81	65.84	65.82	65.77	65.50	64.86
67.97	68.79	69.19	69.25	69.05	69.01	68.72	67.86	66.63	67.48	67.82	67.89	67.89	67.84	67.50	66.64	65.24	66.00	66.31	66.36	66.36	66.30	65.99	65.23	64.89	65.53	65.80	65.83	65.82	65.76	65.49	64.85
67.72	68.54	68.95	69.01	69.26	69.22	68.92	68.06	66.57	67.42	67.76	67.83	67.84	67.78	67.44	66.59	65.22	65.98	66.30	66.35	66.34	66.29	65.97	65.21	64.88	65.53	65.79	65.83	65.81	65.75	65.48	64.85
67.91	68.71	69.07	69.11	69.19	69.15	68.84	67.99	66.53	67.38	67.72	67.79	67.80	67.74	67.40	66.54	65.21	65.97	66.28	66.34	66.33	66.27	65.96	65.20	64.87	65.52	65.79	65.82	65.81	65.75	65.47	64.84
67.91	68.68	69.03	69.12	69.15	69.11	68.71	67.90	66.50	67.34	67.69	67.76	67.77	67.71	67.36	66.51	65.20	65.95	66.27	66.33	66.33	66.26	65.94	65.19	64.87	65.51	65.78	65.82	65.81	65.74	65.47	64.83
67.90	68.67	69.02	69.11	68.90	68.86	68.45	67.64	66.48	67.32	67.67	67.74	67.74	67.68	67.34	66.49	65.18	65.94	66.26	66.32	66.32	66.25	65.93	65.18	64.86	65.50	65.77	65.82	65.80	65.74	65.46	64.83
67.66	68.42	68.77	68.86	69.10	69.06	68.64	67.83	66.46	67.30	67.65	67.72	67.73	67.66	67.31	66.47	65.17	65.93	66.25	66.31	66.31	66.24	65.92	65.16	64.85	65.49	65.77	65.81	65.80	65.73	65.45	64.82
67.84	68.67	69.09	69.18	69.24	69.18	68.82	68.01	66.44	67.28	67.63	67.71	67.71	67.65	67.30	66.45	65.16	65.92	66.24	66.31	66.30	66.23	65.91	65.15	64.84	65.49	65.76	65.81	65.79	65.73	65.45	64.81
67.86	68.68	68.99	69.08	69.09	69.05	68.73	67.89	66.43	67.26	67.62	67.70	67.70	67.63	67.28	66.44	65.15	65.91	66.23	66.30	66.30	66.22	65.90	65.15	64.84	65.48	65.76	65.80	65.79	65.72	65.44	64.81
67.86	68.68	68.99	69.07	68.83	68.80	68.49	67.64	66.41	67.25	67.61	67.69	67.69	67.62	67.27	66.42	65.14	65.90	66.22	66.29	66.29	66.22	65.89	65.14	64.83	65.47	65.75	65.80	65.79	65.72	65.43	64.80
67.62	68.44	68.74	68.82	69.03	69.00	68.69	67.84	66.40	67.24	67.59	67.68	67.68	67.61	67.25	66.41	65.14	65.89	66.22	66.29	66.28	66.21	65.88	65.13	64.82	65.46	65.74	65.80	65.78	65.71	65.43	64.79
67.84	68.62	69.02	68.75	69.04	69.01	68.65	67.82	66.39	67.23	67.58	67.67	67.67	67.60	67.24	66.40	65.13	65.88	66.21	66.28	66.28	66.20	65.87	65.12	64.81	65.46	65.74	65.79	65.78	65.70	65.42	64.79
67.98	68.70	69.03	69.06	69.13	69.04	68.70	67.92	66.38	67.22	67.57	67.66	67.66	67.59	67.23	66.39	65.12	65.87	66.20	66.28	66.27	66.19	65.86	65.11	64.81	65.45	65.73	65.79	65.77	65.70	65.41	64.78
68.00	68.71	69.03	69.09	68.90	68.80	68.47	67.69	66.37	67.21	67.56	67.65	67.66	67.57	67.22	66.38	65.11	65.86	66.19	66.27	66.27	66.19	65.85	65.10	64.80	65.44	65.73	65.78	65.77	65.69	65.41	64.78
67.77	68.47	68.79	68.86	69.11	69.01	68.67	67.89	66.36	67.19	67.55	67.64	67.65	67.57	67.21	66.37	65.10	65.85	66.19	66.27	66.26	66.18	65.84	65.09	64.79	65.43	65.72	65.78	65.77	65.69	65.40	64.77
68.20	67.78	68.93	69.05	69.19	69.00	68.64	67.83	66.35	67.18	67.55	67.64	67.64	67.56	67.20	66.36	65.09	65.84	66.18	66.26	66.26	66.17	65.84	65.09	64.79	65.43	65.71	65.78	65.76	65.68	65.39	64.76
67.84	68.51	68.96	69.07	69.05	68.98	68.66	67.85	66.34	67.17	67.54	67.63	67.64	67.55	67.19	66.35	65.09	65.83	66.17	66.25	66.25	66.17	65.83	65.08	64.78	65.42	65.71	65.77	65.76	65.68	65.39	64.76
67.81	68.56	68.97	69.07	68.80	68.74	68.42	67.62	66.34	67.16	67.53	67.62	67.63	67.54	67.17	66.34	65.08	65.83	66.16	66.25	66.25	66.16	65.82	65.07	64.77	65.41	65.70	65.77	65.76	65.67	65.38	64.75
67.56	68.33	68.72	68.83	69.00	68.94	68.62	67.81	66.32	67.15	67.52	67.62	67.62	67.53	67.17	66.33	65.07	65.82	66.16	66.24	66.24	66.15	65.81	65.06	64.77	65.40	65.70	65.76	65.75	65.67	65.37	64.74
67.92	68.62	68.97	69.04	69.03	68.95	68.65	67.84	66.32	67.14	67.51	67.61	67.62	67.52	67.16	66.32	65.06	65.81	66.15	66.24	66.24	66.15	65.80	65.06	64.76	65.40	65.69	65.76	65.75	65.66	65.37	64.74
67.81	68.70	69.05	69.10	69.11	69.10	68.79	67.99	66.31	67.13	67.50	67.61	67.61	67.51	67.15	66.31	65.05	65.80	66.14	66.23	66.23	66.14	65.79	65.05	64.75	65.39	65.68	65.75	65.74	65.66	65.36	64.73
67.80	68.71	69.07	69.11	68.88	68.88	68.57	67.77	66.30	67.12	67.50	67.60	67.60	67.51	67.14	66.31	65.05	65.79	66.14	66.23	66.23	66.13	65.79	65.04	64.75	65.38	65.68	65.75	65.74	65.65	65.35	64.73
67.56	68.48	68.83	68.87	69.09	69.10	68.79	67.98	66.29	67.12	67.49	67.59	67.60	67.50	67.13	66.30	65.04	65.78	66.13	66.22	66.22	66.12	65.78	65.03	64.74	65.38	65.67	65.75	65.74	65.65	65.35	64.72
67.75	68.60	68.96	69.01	69.02	68.99	68.62	67.82	66.28	67.11	67.48	67.59	67.59	67.49	67.12	66.29	65.03	65.78	66.12	66.22	66.22	66.12	65.77	65.03	64.73	65.37	65.66	65.74	65.73	65.64	65.34	64.71
67.73	68.55	68.88	69.00	69.08	68.97	68.63	67.82	66.27	67.10	67.47	67.58	67.58	67.48	67.11	66.28	65.02	65.77	66.11	66.21	66.21	66.11	65.76	65.02	64.73	65.36	65.66	65.74	65.73	65.63	65.33	64.71
67.73	68.54	68.87	69.00	68.85	68.72	68.38	67.57	66.26	67.09	67.47	67.58	67.58	67.47	67.10	66.27	65.02	65.76	66.11	66.21	66.21	66.10	65.75	65.01	64.72	65.35	65.65	65.73	65.72	65.63	65.33	64.70
67.49	68.29	68.62	68.76	69.05	68.92	68.58	67.76	66.25	67.08	67.46	67.57	67.57	67.47	67.09	66.26	65.01	65.75	66.10	66.20	66.20	66.10	65.75	65.00	64.71	65.35	65.65	65.73	65.72	65.62	65.32	64.69
67.72	68.66	69.01	68.87	69.05	69.02	68.76	67.96	66.25	67.07	67.45	67.56	67.57	67.46	67.08	66.26	65.00	65.74	66.09	66.20	66.20	66.09	65.74	65.00	64.71	65.34	65.64	65.72	65.71	65.62	65.31	64.69
67.74	68.52	68.93	69.13	69.16	68.97	68.57	67.78	66.24	67.06	67.44	67.56	67.56	67.45	67.08	66.25	64.99	65.73	66.09	66.19	66.19	66.08	65.73	64.99	64.70	65.33	65.63	65.72	65.71	65.61	65.31	64.68
67.74	68.51	68.93	69.16	68.93	68.72	68.31	67.53	66.23	67.05	67.44	67.55	67.56	67.44	67.07	66.24	64.98	65.73	66.08	66.19	66.18	66.08	65.72	64.98	64.69	65.33	65.63	65.71	65.71	65.61	65.30	64.68
67.50	68.27	68.69	68.93	69.15	68.93	68.51	67.72	66.22	67.04	67.43	67.55	67.55	67.44	67.06	66.23	64.98	65.72	66.07	66.18	66.18	66.07	65.71	64.97	64.69	65.32	65.62	65.71	65.70	65.60	65.29	64.67
67.65	68.47	68.83	68.95	69.04	68.91	68.53	67.72	66.21	67.04	67.42	67.54	67.54	67.43	67.05	66.22	64.97	65.71	66.07	66.17	66.17	66.06	65.71	64.97	64.68	65.31	65.62	65.71	65.70	65.60	65.29	64.66
67.85	68.54	68.87	69.01	69.00	68.89	68.50	67.75	66.21	67.03	67.41	67.53	67.54	67.42	67.04	66.21	64.96	65.70	66.06	66.17	66.17	66.06	65.70	64.96	64.67	65.31	65.61	65.70	65.69	65.59	65.28	64.66
67.87	68.55	68.87	69.01	68.75	68.64	68.25	67.52	66.20	67.02	67.41	67.53	67.53	67.41	67.03	66.21	64.96	65.69	66.05	66.16	66.16	66.05	65.69	64.95	64.67	65.30	65.61	65.70	65.69	65.59	65.28	64.65
67.64	68.32	68.63	68.77	68.95	68.84	68.45	67.72	66.19	67.01	67.40	67.52	67.53	67.41	67.02	66.20	64.95	65.69	66.05	66.16	66.16	66.04	65.68	64.94	64.66	65.29	65.60	65.69	65.68	65.58	65.27	64.65
67.24	68.70	68.91	69.15	69.09	68.93	68.54	67.73	66.18	67.01	67.39	67.52	67.52	67.40	67.01	66.19	64.94	65.68	66.04	66.15	66.15	66.04	65.68	64.94	64.65	65.28	65.59	65.69	65.68	65.57	65.26	64.64
67.62	68.52	68.90	69.03	69.01	68.92	68.49	67.71	66.18	67.00	67.38	67.51	67.51	67.39	67.00	66.18	64.93	65.67	66.03	66.15	66.15	66.03	65.67	64.93	64.65	65.28	65.59	65.68	65.67	65.57	65.26	64.63
67.64	68.50	68.90	69.02	68.77	68.68	68.24	67.47	66.17	66.99	67.38	67.51	67.51	67.38	67.00	66.17	64.93	65.66	66.03	66.14	66.14	66.02	65.66	64.92	64.64	65.27	65.58	65.68	65.67	65.56	65.25	64.63
67.42	68.26	68.67	68.78	68.97	68.88	68.44	67.67	66.16	66.98	67.37	67.50	67.50	67.38	66.99	66.17	64.92	65.66	66.02	66.14	66.14	66.02	65.65	64.92	64.64	65.26	65.58	65.67	65.67	65.56	65.24	64.62
67.66	68.42	68.82	68.94	68.93	68.81	68.41	67.67	66.15	66.97	67.36	67.49	67.50	67.37	66.98	66.16	64.91	65.65	66.01	66.13	66.13	66.01	65.65	64.91	64.63	65.26	65.57	65.67	65.66	65.55	65.24	64.61
67.73	68.60	68.89	68.91	68.96	68.83	68.64	67.77	66.15	66.97	67.36	67.49	67.49	67.36	66.97	66.15	64.91	65.64	66.01	66.13	66.13	66.00	65.64	64.90	64.62	65.25	65.56	65.66	65.66	65.55	65.23	64.61
67.74	68.62	68.90	68.90	68.73	68.59	68.43	67.55	66.14	66.96	67.35	67.48	67.48	67.35	66.96	66.15	64.90	65.63	66.00	66.12	66.12	66.00	65.63	64.90	64.62	65.24	65.56	65.66	65.65	65.54	65.22	64.60
67.51	68.39	68.66	68.66	68.93	68.79	68.65	67.75	66.13	66.95	67.34	67.47	67.48	67.35	66.96	66.14	64.89	65.63	65.99	66.12	66.11	65.99	65.62	64.89	64.61	65.24	65.55	65.65	65.65	65.54	65.22	64.60
66.57	68.93	68.86	68.96	69.02	68.88	68.49	67.71	66.12	66.95	67.34	67.47	67.47	67.34	66.95	66.13	64.88	65.62	65.99	66.11	66.11	65.98	65.62	64.88	64.60	65.23	65.55	65.65	65.64	65.53	65.21	64.59
67.46	68.49	68.79	68.90	68.99	68.82	68.46	67.64	66.11	66.94	67.33	67.46	67.47	67.33	66.94	66.12	64.88	65.61	65.98	66.10	66.10	65.98	65.61	64.88	64.60	65.22	65.54	65.64	65.64	65.52	65.21	64.59
67.52	68.45	68.78	68.90	68.75	68.57	68.21	67.39	66.10	66.93	67.32	67.46	67.46	67.33	66.93	66.12	64.87	65.60	65.97	66.10	66.10	65.97	65.60	64.87	64.59	65.22	65.53	65.64	65.63	65.52	65.20	64.58
67.31	68.20	68.53	68.66	68.96	68.77	68.40	67.58	66.10	66.92	67.32	67.45	67.46	67.32	66.93	66.11	64.86	65.60	65.97	66.09	66.09	65.96	65.59	64.86	64.58	65.21	65.53	65.63	65.63	65.51	65.19	64.57
67.65	68.52	68.80	68.90	68.92	68.77	68.56	67.72	66.09	66.91	67.31	67.45	67.45	67.31	66.92	66.10	64.86	65.59	65.96	66.09	66.09	65.96	65.59	64.86	64.58	65.20	65.52	65.63	65.62	65.51	65.19	64.57
67.60	68.44	68.85	69.04	68.98	68.91	68.48	67.65	66.08	66.91	67.30	67.44	67.44	67.31	66.91	66.10	64.85	65.58	65.95	66.08	66.08	65.95	65.58	64.85	64.57	65.20	65.52	65.62	65.62	65.50	65.18	64.56
67.60	68.43	68.85	69.05	68.75	68.68	68.23	67.42	66.08	66.90	67.30	67.44	67.44	67.30	66.90	66.09	64.84	65.57	65.95	66.08	66.08	65.95	65.57	64.84	64.57	65.19	65.51	65.62	65.61	65.50	65.17	64.56
67.37	68.19	68.62	68.82	68.95	68.89	68.43	67.61	66.07	66.89	67.29	67.43	67.43	67.29	66.90	66.08	64.84	65.57	65.94	66.07	66.07	65.94	65.57	64.84	64.56	65.18	65.50	65.61	65.61	65.49	65.17	64.55
67.55	68.38	68.76	68.78	68.98	68.78	68.41	67.54	66.07	66.88	67.28	67.43	67.43	67.29	66.89	66.07	64.83	65.56	65.93	66.07	66.07	65.93	65.56	64.83	64.55	65.18	65.50	65.61	65.60	65.48	65.16	64.54
67.52	68.35	68.71	68.88	68.86	68.77	68.38	67.60	66.06	66.87	67.28	67.42	67.42	67.28	66.88	66.07	64.82	65.55	65.93	66.06	66.06	65.93	65.55	64.82	64.55	65.17	65.49	65.60	65.60	65.48	65.16	64.54
67.51	68.35	68.70	68.89	68.61	68.52	68.14	67.37	66.05	66.87	67.27	67.41	67.41	67.27	66.87	66.06	64.82	65.55	65.92	66.06	66.06	65.92	65.54	64.82	64.54	65.16	65.49	65.60	65.59	65.47	65.15	64.53
67.28	68.10	68.46	68.64	68.81	68.72	68.34	67.57	66.05	66.86	67.26	67.41	67.41	67.27	66.86	66.05	64.81	65.54	65.91	66.05	66.05	65.91	65.54	64.81	64.54	65.16	65.48	65.60	65.59	65.47	65.14	64.53
67.78	67.68	68.71	68.96	68.95	68.86	68.40	67.68	66.04	66.85	67.26	67.40	67.40	67.26	66.86	66.05	64.80	65.53	65.91	66.04	66.04	65.91	65.53	64.80	64.53	65.15	65.48	65.59	65.58	65.46	65.14	64.52
67.63	68.32	68.76	68.88	68.89	68.74	68.35	67.60	66.03	66.84	67.25	67.40	67.40	67.25	66.85	66.04	64.80	65.52	65.90	66.04	66.04	65.90	65.52	64.80	64.52	65.14	65.47	65.59	65.58	65.46	65.13	64.51
67.63	68.37	68.76	68.87	68.64	68.48	68.11	67.36	66.03	66.83	67.24	67.39	67.39	67.25	66.84	66.03	64.79	65.52	65.90	66.03	66.03	65.90	65.52	64.79	64.52	65.14	65.46	65.58	65.58	65.45	65.12	64.51
67.39	68.15	68.53	68.63	68.85	68.68	68.31	67.56	66.02	66.83	67.24	67.38	67.39	67.24	66.84	66.03	64.78	65.51	65.89	66.03	66.03	65.89	65.51	64.78	64.51	65.13	65.46	65.58	65.57	65.45	65.12	64.50
67.50	68.26	68.65	68.84	68.84	68.75	68.33	67.57	66.02	66.82	67.23	67.38	67.38	67.23	66.83	66.02	64.78	65.50	65.88	66.02	66.02	65.88	65.50	64.78	64.51	65.13	65.45	65.57	65.57	65.44	65.11	64.50
67.67	68.44	68.72	68.85	68.87	68.72	68.42	67.57	66.01	66.81	67.22	67.37	67.37	67.23	66.82	66.01	64.77	65.50	65.88	66.02	66.02	65.88	65.50	64.77	64.50	65.12	65.45	65.57	65.56	65.43	65.11	64.49
67.69	68.46	68.73	68.85	68.63	68.49	68.19	67.35	66.00	66.81	67.22	67.37	67.37	67.22	66.81	66.01	64.77	65.49	65.87	66.01	66.01	65.87	65.49	64.76	64.49	65.11	65.44	65.56	65.56	65.43	65.10	64.49
67.46	68.22	68.49	68.60	68.83	68.69	68.40	67.54	66.00	66.80	67.21	67.36	67.36	67.21	66.81	66.00	64.76	65.48	65.86	66.01	66.01	65.86	65.48	64.76	64.49	65.11	65.43	65.56	65.55	65.42	65.09	64.48
67.55	68.33	68.68	68.77	68.89	68.69	68.34	67.48	65.99	66.80	67.20	67.36	67.36	67.21	66.80	65.99	64.75	65.48	65.86	66.00	66.00	65.86	65.48	64.75	64.48	65.10	65.43	65.55	65.55	65.42	65.09	64.48
67.54	68.35	68.69	68.86	68.87	68.73	68.35	67.55	65.99	66.79	67.20	67.35	67.35	67.20	66.79	65.99	64.75	65.47	65.85	65.99	66.00	65.85	65.47	64.75	64.48	65.09	65.42	65.55	65.54	65.41	65.08	64.47
67.53	68.35	68.69	68.86	68.63	68.49	68.11	67.32	65.98	66.78	67.19	67.35	67.35	67.19	66.79	65.98	64.74	65.46	65.84	65.99	65.99	65.85	65.46	64.74	64.47	65.09	65.42	65.54	65.54	65.41	65.08	64.46
67.29	68.11	68.44	68.63	68.83	68.70	68.32	67.53	65.97	66.78	67.18	67.34	67.34	67.19	66.78	65.98	64.73	65.46	65.84	65.98	65.98	65.84	65.46	64.73	64.47	65.08	65.41	65.54	65.53	65.40	65.07	64.46
67.60	68.34	68.63	68.79	68.85	68.67	68.38	67.50	65.97	66.77	67.18	67.33	67.34	67.18	66.77	65.97	64.73	65.45	65.83	65.98	65.98	65.83	65.45	64.73	64.46	65.07	65.41	65.53	65.53	65.40	65.06	64.45
67.42	68.26	68.72	68.88	68.81	68.77	68.30	67.58	65.96	66.76	67.17	67.33	67.33	67.18	66.77	65.96	64.72	65.44	65.83	65.97	65.97	65.83	65.44	64.72	64.45	65.07	65.40	65.53	65.52	65.39	65.06	64.45
67.40	68.25	68.73	68.89	68.56	68.54	68.06	67.36	65.95	66.76	67.17	67.32	67.32	67.17	66.76	65.96	64.72	65.44	65.82	65.97	65.97	65.82	65.44	64.72	64.45	65.06	65.39	65.52	65.52	65.38	65.05	64.44
67.16	68.00	68.49	68.66	68.77	68.75	68.26	67.56	65.95	66.75	67.16	67.32	67.32	67.16	66.75	65.95	64.71	65.43	65.81	65.96	65.96	65.81	65.43	64.71	64.44	65.06	65.39	65.52	65.51	65.38	65.05	64.44
67.59	68.00	68.67	68.83	68.76	68.71	68.30	67.51	65.94	66.74	67.15	67.31	67.31	67.16	66.75	65.95	64.70	65.42	65.81	65.96	65.96	65.81	65.42	64.70	64.44	65.05	65.38	65.51	65.51	65.37	65.04	64.43
67.51	68.27	68.69	68.86	68.84	68.73	68.30	67.56	65.93	66.73	67.15	67.31	67.31	67.15	66.74	65.94	64.70	65.42	65.80	65.95	65.95	65.80	65.42	64.70	64.43	65.04	65.38	65.50	65.50	65.37	65.03	64.43
67.51	68.29	68.69	68.86	68.60	68.49	68.06	67.33	65.93	66.73	67.14	67.30	67.30	67.15	66.73	65.93	64.69	65.41	65.80	65.95	65.95	65.80	65.41	64.69	64.43	65.04	65.37	65.50	65.50	65.36	65.03	64.42
67.28	68.06	68.45	68.62	68.81	68.70	68.26	67.53	65.92	66.72	67.14	67.30	67.30	67.14	66.73	65.93	64.69	65.40	65.79	65.94	65.94	65.79	65.40	64.69	64.42	65.03	65.37	65.49	65.49	65.36	65.02	64.41
66.29	67.70	67.99	68.57	69.03	68.25	67.10	67.07	65.91	66.71	67.13	67.29	67.29	67.13	66.71	65.92	64.68	65.40	65.78	65.94	65.94	65.78	65.40	64.68	64.42	65.03	65.36	65.49	65.49	65.35	65.02	64.41
