Metric	Core0	Core1	Core2	Core3	Core4	Core5	Core6	Core7	Core8	Core9	Core10	Core11	Core12	Core13	Core14	Core15	Core16	Core17	Core18	Core19	Core20	Core21	Core22	Core23	Core24	Core25	Core26	Core27	Core28	Core29	Core30	Core31
total	3600000.700	4.393	5.215	2.959	2.042	3.712	3600000.700	3.735	3600000.700	3600000.700	3600000.700	3600000.700	3600000.700	3600000.700	3600000.700	3600000.700	3600000.700	3600000.700	3600000.700	3600000.700	3600000.700	3600000.700	3600000.700	3600000.700	3600000.700	3600000.700	3600000.700	3600000.700	3600000.700	3600000.700	3600000.700	3600000.700
base	0.000	0.406	0.479	0.338	0.250	0.250	0.000	0.250	0.000	0.000	0.000	0.000	0.000	0.000	0.000	0.000	0.000	0.000	0.000	0.000	0.000	0.000	0.000	0.000	0.000	0.000	0.000	0.000	0.000	0.000	0.000	0.000
dispatch_width	-
rs_full	-
depend	-
depend-int	-
depend-fp	0.000	0.186	0.201	0.172	0.137	0.140	0.000	0.140	0.000	0.000	0.000	0.000	0.000	0.000	0.000	0.000	0.000	0.000	0.000	0.000	0.000	0.000	0.000	0.000	0.000	0.000	0.000	0.000	0.000	0.000	0.000	0.000
depend-branch	-
issue	0.000	0.049	0.100	0.079	0.069	0.038	0.000	0.038	0.000	0.000	0.000	0.000	0.000	0.000	0.000	0.000	0.000	0.000	0.000	0.000	0.000	0.000	0.000	0.000	0.000	0.000	0.000	0.000	0.000	0.000	0.000	0.000
serial	-
smt	-
branch	0.000	0.233	0.267	0.375	0.529	0.425	0.000	0.263	0.000	0.000	0.000	0.000	0.000	0.000	0.000	0.000	0.000	0.000	0.000	0.000	0.000	0.000	0.000	0.000	0.000	0.000	0.000	0.000	0.000	0.000	0.000	0.000
itlb	-
dtlb	-
ifetch	-
mem	-
mem-l1d	0.000	0.000	0.000	0.000	0.022	0.000	0.000	0.000	0.000	0.000	0.000	0.000	0.000	0.000	0.000	0.000	0.000	0.000	0.000	0.000	0.000	0.000	0.000	0.000	0.000	0.000	0.000	0.000	0.000	0.000	0.000	0.000
mem-l2	-
mem-l3	-
mem-l4	-
mem-remote	-
mem-nuca	-
mem-dram-cache	-
mem-dram	0.000	0.688	1.096	0.900	0.992	1.183	0.000	0.692	0.000	0.000	0.000	0.000	0.000	0.000	0.000	0.000	0.000	0.000	0.000	0.000	0.000	0.000	0.000	0.000	0.000	0.000	0.000	0.000	0.000	0.000	0.000	0.000
sync	-
dvfs-transition	-
imbalance	3592800.700	2.715	3.008	1.019	0.000	1.592	3600000.700	2.267	3600000.700	3600000.700	3600000.700	3600000.700	3600000.700	3600000.700	3600000.700	3600000.700	3600000.700	3600000.700	3600000.700	3600000.700	3600000.700	3600000.700	3600000.700	3600000.700	3600000.700	3600000.700	3600000.700	3600000.700	3600000.700	3600000.700	3600000.700	3600000.700
other	7200.000	0.116	0.066	0.075	0.044	0.085	0.000	0.085	0.000	0.000	0.000	0.000	0.000	0.000	0.000	0.000	0.000	0.000	0.000	0.000	0.000	0.000	0.000	0.000	0.000	0.000	0.000	0.000	0.000	0.000	0.000	0.000
