pcb_LC_0	356.9735
pcb_LC_1	358.1472
pcb_LC_2	358.6802
pcb_LC_3	358.8997
pcb_LC_4	358.8995
pcb_LC_5	358.6796
pcb_LC_6	358.1461
pcb_LC_7	356.9718
pcb_LC_8	357.1980
pcb_LC_9	358.7635
pcb_LC_10	359.5156
pcb_LC_11	359.8278
pcb_LC_12	359.8274
pcb_LC_13	359.5145
pcb_LC_14	358.7618
pcb_LC_15	357.1958
pcb_LC_16	357.4655
pcb_LC_17	359.2499
pcb_LC_18	360.0898
pcb_LC_19	360.4312
pcb_LC_20	360.4306
pcb_LC_21	360.0883
pcb_LC_22	359.2477
pcb_LC_23	357.4631
pcb_LC_24	357.7312
pcb_LC_25	359.3801
pcb_LC_26	360.0876
pcb_LC_27	360.3631
pcb_LC_28	360.3625
pcb_LC_29	360.0860
pcb_LC_30	359.3780
pcb_LC_31	357.7291
solder_LC_0	359.0392
solder_LC_1	359.1576
solder_LC_2	359.4048
solder_LC_3	359.5566
solder_LC_4	359.5562
solder_LC_5	359.4043
solder_LC_6	359.1566
solder_LC_7	359.0372
solder_LC_8	359.6271
solder_LC_9	360.0930
solder_LC_10	360.5053
solder_LC_11	360.7289
solder_LC_12	360.7284
solder_LC_13	360.5043
solder_LC_14	360.0907
solder_LC_15	359.6239
solder_LC_16	360.2953
solder_LC_17	361.1094
solder_LC_18	361.6369
solder_LC_19	361.8947
solder_LC_20	361.8938
solder_LC_21	361.6345
solder_LC_22	361.1053
solder_LC_23	360.2909
solder_LC_24	360.5446
solder_LC_25	361.3816
solder_LC_26	361.8559
solder_LC_27	362.0742
solder_LC_28	362.0727
solder_LC_29	361.8522
solder_LC_30	361.3772
solder_LC_31	360.5414
sub_LC_0	358.9180
sub_LC_1	359.0987
sub_LC_2	359.3837
sub_LC_3	359.5539
sub_LC_4	359.5533
sub_LC_5	359.3835
sub_LC_6	359.0981
sub_LC_7	358.9161
sub_LC_8	359.6827
sub_LC_9	360.1728
sub_LC_10	360.6113
sub_LC_11	360.8489
sub_LC_12	360.8485
sub_LC_13	360.6109
sub_LC_14	360.1705
sub_LC_15	359.6792
sub_LC_16	360.8051
sub_LC_17	361.6056
sub_LC_18	362.1536
sub_LC_19	362.4237
sub_LC_20	362.4228
sub_LC_21	362.1511
sub_LC_22	361.6004
sub_LC_23	360.7990
sub_LC_24	361.1578
sub_LC_25	361.9824
sub_LC_26	362.4853
sub_LC_27	362.7196
sub_LC_28	362.7171
sub_LC_29	362.4797
sub_LC_30	361.9761
sub_LC_31	361.1546
layer_3_LC_0	357.4777
layer_3_LC_1	358.2526
layer_3_LC_2	358.9208
layer_3_LC_3	359.2658
layer_3_LC_4	359.2620
layer_3_LC_5	358.9230
layer_3_LC_6	358.2561
layer_3_LC_7	357.4776
layer_3_LC_8	359.8246
layer_3_LC_9	360.6937
layer_3_LC_10	361.4298
layer_3_LC_11	361.8175
layer_3_LC_12	361.8173
layer_3_LC_13	361.4360
layer_3_LC_14	360.6921
layer_3_LC_15	359.8193
layer_3_LC_16	365.6192
layer_3_LC_17	366.5502
layer_3_LC_18	367.3443
layer_3_LC_19	367.7460
layer_3_LC_20	367.7455
layer_3_LC_21	367.3430
layer_3_LC_22	366.5342
layer_3_LC_23	365.5938
layer_3_LC_24	366.7889
layer_3_LC_25	367.7199
layer_3_LC_26	368.4940
layer_3_LC_27	368.8705
layer_3_LC_28	368.8584
layer_3_LC_29	368.4687
layer_3_LC_30	367.6947
layer_3_LC_31	366.7885
layer_4_TB_0	357.3752
layer_4_TB_1	358.1503
layer_4_TB_2	358.8183
layer_4_TB_3	359.1629
layer_4_TB_4	359.1591
layer_4_TB_5	358.8204
layer_4_TB_6	358.1539
layer_4_TB_7	357.3751
layer_4_TB_8	359.7176
layer_4_TB_9	360.5867
layer_4_TB_10	361.3222
layer_4_TB_11	361.7095
layer_4_TB_12	361.7093
layer_4_TB_13	361.3284
layer_4_TB_14	360.5852
layer_4_TB_15	359.7122
layer_4_TB_16	365.5191
layer_4_TB_17	366.4496
layer_4_TB_18	367.2428
layer_4_TB_19	367.6439
layer_4_TB_20	367.6435
layer_4_TB_21	367.2416
layer_4_TB_22	366.4336
layer_4_TB_23	365.4936
layer_4_TB_24	366.6818
layer_4_TB_25	367.6122
layer_4_TB_26	368.3853
layer_4_TB_27	368.7611
layer_4_TB_28	368.7490
layer_4_TB_29	368.3599
layer_4_TB_30	367.5869
layer_4_TB_31	366.6815
layer_5_B_0	356.3498
layer_5_B_1	357.1278
layer_5_B_2	357.7921
layer_5_B_3	358.1336
layer_5_B_4	358.1297
layer_5_B_5	357.7942
layer_5_B_6	357.1315
layer_5_B_7	356.3498
layer_5_B_8	358.6460
layer_5_B_9	359.5159
layer_5_B_10	360.2456
layer_5_B_11	360.6294
layer_5_B_12	360.6292
layer_5_B_13	360.2521
layer_5_B_14	359.5145
layer_5_B_15	358.6409
layer_5_B_16	364.5192
layer_5_B_17	365.4445
layer_5_B_18	366.2289
layer_5_B_19	366.6245
layer_5_B_20	366.6242
layer_5_B_21	366.2281
layer_5_B_22	365.4286
layer_5_B_23	364.4931
layer_5_B_24	365.6111
layer_5_B_25	366.5350
layer_5_B_26	367.2980
layer_5_B_27	367.6676
layer_5_B_28	367.6554
layer_5_B_29	367.2725
layer_5_B_30	366.5097
layer_5_B_31	365.6114
layer_6_TB_0	356.2043
layer_6_TB_1	356.9829
layer_6_TB_2	357.6466
layer_6_TB_3	357.9877
layer_6_TB_4	357.9839
layer_6_TB_5	357.6487
layer_6_TB_6	356.9866
layer_6_TB_7	356.2042
layer_6_TB_8	358.4913
layer_6_TB_9	359.3617
layer_6_TB_10	360.0909
layer_6_TB_11	360.4740
layer_6_TB_12	360.4739
layer_6_TB_13	360.0972
layer_6_TB_14	359.3603
layer_6_TB_15	358.4862
layer_6_TB_16	364.3125
layer_6_TB_17	365.2381
layer_6_TB_18	366.0212
layer_6_TB_19	366.4163
layer_6_TB_20	366.4159
layer_6_TB_21	366.0204
layer_6_TB_22	365.2226
layer_6_TB_23	364.2872
layer_6_TB_24	365.4014
layer_6_TB_25	366.3246
layer_6_TB_26	367.0860
layer_6_TB_27	367.4553
layer_6_TB_28	367.4434
layer_6_TB_29	367.0612
layer_6_TB_30	366.2997
layer_6_TB_31	365.4016
layer_7_B_32	354.7488
layer_7_B_33	355.5335
layer_7_B_34	356.1918
layer_7_B_35	356.5279
layer_7_B_36	356.5254
layer_7_B_37	356.1938
layer_7_B_38	355.5374
layer_7_B_39	354.7488
layer_7_B_40	356.9429
layer_7_B_41	357.8193
layer_7_B_42	358.5427
layer_7_B_43	358.9195
layer_7_B_44	358.9193
layer_7_B_45	358.5478
layer_7_B_46	357.8180
layer_7_B_47	356.9384
layer_7_B_48	362.2464
layer_7_B_49	363.1756
layer_7_B_50	363.9458
layer_7_B_51	364.3355
layer_7_B_52	364.3338
layer_7_B_53	363.9440
layer_7_B_54	363.1635
layer_7_B_55	362.2284
layer_7_B_56	363.3050
layer_7_B_57	364.2200
layer_7_B_58	364.9660
layer_7_B_59	365.3319
layer_7_B_60	365.3231
layer_7_B_61	364.9475
layer_7_B_62	364.2000
layer_7_B_63	363.3030
layer_8_TB_0	354.5626
layer_8_TB_1	355.3483
layer_8_TB_2	356.0058
layer_8_TB_3	356.3412
layer_8_TB_4	356.3389
layer_8_TB_5	356.0078
layer_8_TB_6	355.3522
layer_8_TB_7	354.5626
layer_8_TB_8	356.7437
layer_8_TB_9	357.6212
layer_8_TB_10	358.3439
layer_8_TB_11	358.7200
layer_8_TB_12	358.7198
layer_8_TB_13	358.3489
layer_8_TB_14	357.6200
layer_8_TB_15	356.7393
layer_8_TB_16	362.0031
layer_8_TB_17	362.9333
layer_8_TB_18	363.7020
layer_8_TB_19	364.0911
layer_8_TB_20	364.0893
layer_8_TB_21	363.7002
layer_8_TB_22	362.9215
layer_8_TB_23	361.9858
layer_8_TB_24	363.0530
layer_8_TB_25	363.9676
layer_8_TB_26	364.7118
layer_8_TB_27	365.0773
layer_8_TB_28	365.0687
layer_8_TB_29	364.6940
layer_8_TB_30	363.9481
layer_8_TB_31	363.0508
layer_9_B_64	352.7005
layer_9_B_65	353.4959
layer_9_B_66	354.1459
layer_9_B_67	354.4746
layer_9_B_68	354.4735
layer_9_B_69	354.1477
layer_9_B_70	353.4999
layer_9_B_71	352.7006
layer_9_B_72	354.7510
layer_9_B_73	355.6397
layer_9_B_74	356.3552
layer_9_B_75	356.7238
layer_9_B_76	356.7235
layer_9_B_77	356.3592
layer_9_B_78	355.6388
layer_9_B_79	354.7474
layer_9_B_80	359.5713
layer_9_B_81	360.5108
layer_9_B_82	361.2657
layer_9_B_83	361.6480
layer_9_B_84	361.6449
layer_9_B_85	361.2632
layer_9_B_86	360.5025
layer_9_B_87	359.5610
layer_9_B_88	360.5327
layer_9_B_89	361.4439
layer_9_B_90	362.1708
layer_9_B_91	362.5308
layer_9_B_92	362.5252
layer_9_B_93	362.1591
layer_9_B_94	361.4292
layer_9_B_95	360.5287
layer_10_TB_0	352.4747
layer_10_TB_1	353.2714
layer_10_TB_2	353.9205
layer_10_TB_3	354.2483
layer_10_TB_4	354.2474
layer_10_TB_5	353.9223
layer_10_TB_6	353.2755
layer_10_TB_7	352.4748
layer_10_TB_8	354.5089
layer_10_TB_9	355.3993
layer_10_TB_10	356.1138
layer_10_TB_11	356.4815
layer_10_TB_12	356.4813
layer_10_TB_13	356.1177
layer_10_TB_14	355.3984
layer_10_TB_15	354.5053
layer_10_TB_16	359.2922
layer_10_TB_17	360.2331
layer_10_TB_18	360.9865
layer_10_TB_19	361.3681
layer_10_TB_20	361.3649
layer_10_TB_21	360.9840
layer_10_TB_22	360.2252
layer_10_TB_23	359.2825
layer_10_TB_24	360.2395
layer_10_TB_25	361.1509
layer_10_TB_26	361.8758
layer_10_TB_27	362.2351
layer_10_TB_28	362.2298
layer_10_TB_29	361.8647
layer_10_TB_30	361.1367
layer_10_TB_31	360.2354
layer_11_B_96	350.2165
layer_11_B_97	351.0264
layer_11_B_98	351.6660
layer_11_B_99	351.9852
layer_11_B_100	351.9856
layer_11_B_101	351.6677
layer_11_B_102	351.0309
layer_11_B_103	350.2165
layer_11_B_104	352.0868
layer_11_B_105	352.9941
layer_11_B_106	353.6999
layer_11_B_107	354.0588
layer_11_B_108	354.0585
layer_11_B_109	353.7029
layer_11_B_110	352.9935
layer_11_B_111	352.0840
layer_11_B_112	356.5014
layer_11_B_113	357.4579
layer_11_B_114	358.1962
layer_11_B_115	358.5698
layer_11_B_116	358.5652
layer_11_B_117	358.1932
layer_11_B_118	357.4534
layer_11_B_119	356.4985
layer_11_B_120	357.3078
layer_11_B_121	358.2210
layer_11_B_122	358.9262
layer_11_B_123	359.2782
layer_11_B_124	359.2758
layer_11_B_125	358.9212
layer_11_B_126	358.2113
layer_11_B_127	357.3022
layer_12_TB_0	349.9523
layer_12_TB_1	350.7640
layer_12_TB_2	351.4024
layer_12_TB_3	351.7206
layer_12_TB_4	351.7211
layer_12_TB_5	351.4041
layer_12_TB_6	350.7685
layer_12_TB_7	349.9524
layer_12_TB_8	351.8032
layer_12_TB_9	352.7127
layer_12_TB_10	353.4175
layer_12_TB_11	353.7754
layer_12_TB_12	353.7752
layer_12_TB_13	353.4204
layer_12_TB_14	352.7122
layer_12_TB_15	351.8005
layer_12_TB_16	356.1875
layer_12_TB_17	357.1462
layer_12_TB_18	357.8828
layer_12_TB_19	358.2555
layer_12_TB_20	358.2508
layer_12_TB_21	357.8797
layer_12_TB_22	357.1420
layer_12_TB_23	356.1853
layer_12_TB_24	356.9749
layer_12_TB_25	357.8887
layer_12_TB_26	358.5918
layer_12_TB_27	358.9428
layer_12_TB_28	358.9408
layer_12_TB_29	358.5874
layer_12_TB_30	357.8795
layer_12_TB_31	356.9692
layer_13_B_128	347.3102
layer_13_B_129	348.1393
layer_13_B_130	348.7661
layer_13_B_131	349.0738
layer_13_B_132	349.0755
layer_13_B_133	348.7675
layer_13_B_134	348.1442
layer_13_B_135	347.3103
layer_13_B_136	348.9664
layer_13_B_137	349.8988
layer_13_B_138	350.5932
layer_13_B_139	350.9412
layer_13_B_140	350.9409
layer_13_B_141	350.5954
layer_13_B_142	349.8985
layer_13_B_143	348.9644
layer_13_B_144	353.0487
layer_13_B_145	354.0297
layer_13_B_146	354.7499
layer_13_B_147	355.1132
layer_13_B_148	355.1071
layer_13_B_149	354.7461
layer_13_B_150	354.0290
layer_13_B_151	353.0534
layer_13_B_152	353.6458
layer_13_B_153	354.5664
layer_13_B_154	355.2475
layer_13_B_155	355.5893
layer_13_B_156	355.5902
layer_13_B_157	355.2493
layer_13_B_158	354.5617
layer_13_B_159	353.6386
layer_14_TB_0	347.0077
layer_14_TB_1	347.8389
layer_14_TB_2	348.4642
layer_14_TB_3	348.7708
layer_14_TB_4	348.7725
layer_14_TB_5	348.4656
layer_14_TB_6	347.8438
layer_14_TB_7	347.0078
layer_14_TB_8	348.6410
layer_14_TB_9	349.5764
layer_14_TB_10	350.2695
layer_14_TB_11	350.6164
layer_14_TB_12	350.6161
layer_14_TB_13	350.2717
layer_14_TB_14	349.5761
layer_14_TB_15	348.6391
layer_14_TB_16	352.6321
layer_14_TB_17	353.6157
layer_14_TB_18	354.3344
layer_14_TB_19	354.6964
layer_14_TB_20	354.6904
layer_14_TB_21	354.3308
layer_14_TB_22	353.6150
layer_14_TB_23	352.6367
layer_14_TB_24	353.2148
layer_14_TB_25	354.1373
layer_14_TB_26	354.8162
layer_14_TB_27	355.1564
layer_14_TB_28	355.1573
layer_14_TB_29	354.8179
layer_14_TB_30	354.1327
layer_14_TB_31	353.2077
layer_15_B_160	343.9825
layer_15_B_161	344.8354
layer_15_B_162	345.4450
layer_15_B_163	345.7410
layer_15_B_164	345.7423
layer_15_B_165	345.4462
layer_15_B_166	344.8391
layer_15_B_167	343.9826
layer_15_B_168	345.3865
layer_15_B_169	346.3514
layer_15_B_170	347.0324
layer_15_B_171	347.3680
layer_15_B_172	347.3678
layer_15_B_173	347.0340
layer_15_B_174	346.3513
layer_15_B_175	345.3852
layer_15_B_176	348.4668
layer_15_B_177	349.4769
layer_15_B_178	350.1807
layer_15_B_179	350.5289
layer_15_B_180	350.5244
layer_15_B_181	350.1780
layer_15_B_182	349.4763
layer_15_B_183	348.4700
layer_15_B_184	348.9043
layer_15_B_185	349.8457
layer_15_B_186	350.5035
layer_15_B_187	350.8275
layer_15_B_188	350.8281
layer_15_B_189	350.5047
layer_15_B_190	349.8421
layer_15_B_191	348.8989
layer_16_TB_0	343.6447
layer_16_TB_1	344.5002
layer_16_TB_2	345.1079
layer_16_TB_3	345.4027
layer_16_TB_4	345.4040
layer_16_TB_5	345.1091
layer_16_TB_6	344.5038
layer_16_TB_7	343.6448
layer_16_TB_8	345.0238
layer_16_TB_9	345.9923
layer_16_TB_10	346.6719
layer_16_TB_11	347.0062
layer_16_TB_12	347.0060
layer_16_TB_13	346.6734
layer_16_TB_14	345.9922
layer_16_TB_15	345.0224
layer_16_TB_16	348.0176
layer_16_TB_17	349.0311
layer_16_TB_18	349.7332
layer_16_TB_19	350.0799
layer_16_TB_20	350.0756
layer_16_TB_21	349.7306
layer_16_TB_22	349.0305
layer_16_TB_23	348.0207
layer_16_TB_24	348.4371
layer_16_TB_25	349.3809
layer_16_TB_26	350.0363
layer_16_TB_27	350.3586
layer_16_TB_28	350.3591
layer_16_TB_29	350.0374
layer_16_TB_30	349.3774
layer_16_TB_31	348.4318
layer_17_B_192	340.2660
layer_17_B_193	341.1482
layer_17_B_194	341.7376
layer_17_B_195	342.0199
layer_17_B_196	342.0208
layer_17_B_197	341.7384
layer_17_B_198	341.1507
layer_17_B_199	340.2661
layer_17_B_200	341.3953
layer_17_B_201	342.4007
layer_17_B_202	343.0662
layer_17_B_203	343.3880
layer_17_B_204	343.3878
layer_17_B_205	343.0672
layer_17_B_206	342.4007
layer_17_B_207	341.3944
layer_17_B_208	343.5260
layer_17_B_209	344.5742
layer_17_B_210	345.2595
layer_17_B_211	345.5912
layer_17_B_212	345.5883
layer_17_B_213	345.2577
layer_17_B_214	344.5738
layer_17_B_215	343.5280
layer_17_B_216	343.7645
layer_17_B_217	344.7330
layer_17_B_218	345.3644
layer_17_B_219	345.6687
layer_17_B_220	345.6690
layer_17_B_221	345.3650
layer_17_B_222	344.7305
layer_17_B_223	343.7608
layer_18_TB_0	339.8946
layer_18_TB_1	340.7800
layer_18_TB_2	341.3672
layer_18_TB_3	341.6481
layer_18_TB_4	341.6489
layer_18_TB_5	341.3680
layer_18_TB_6	340.7824
layer_18_TB_7	339.8947
layer_18_TB_8	340.9977
layer_18_TB_9	342.0076
layer_18_TB_10	342.6715
layer_18_TB_11	342.9919
layer_18_TB_12	342.9917
layer_18_TB_13	342.6725
layer_18_TB_14	342.0076
layer_18_TB_15	340.9969
layer_18_TB_16	343.0452
layer_18_TB_17	344.0978
layer_18_TB_18	344.7811
layer_18_TB_19	345.1112
layer_18_TB_20	345.1084
layer_18_TB_21	344.7794
layer_18_TB_22	344.0973
layer_18_TB_23	343.0470
layer_18_TB_24	343.2631
layer_18_TB_25	344.2348
layer_18_TB_26	344.8634
layer_18_TB_27	345.1658
layer_18_TB_28	345.1661
layer_18_TB_29	344.8640
layer_18_TB_30	344.2324
layer_18_TB_31	343.2596
layer_19_B_224	336.1800
layer_19_B_225	337.0975
layer_19_B_226	337.6633
layer_19_B_227	337.9301
layer_19_B_228	337.9305
layer_19_B_229	337.6639
layer_19_B_230	337.0989
layer_19_B_231	336.1801
layer_19_B_232	337.0215
layer_19_B_233	338.0766
layer_19_B_234	338.7241
layer_19_B_235	339.0308
layer_19_B_236	339.0306
layer_19_B_237	338.7247
layer_19_B_238	338.0766
layer_19_B_239	337.0210
layer_19_B_240	338.2370
layer_19_B_241	339.3333
layer_19_B_242	339.9975
layer_19_B_243	340.3113
layer_19_B_244	340.3098
layer_19_B_245	339.9965
layer_19_B_246	339.3330
layer_19_B_247	338.2379
layer_19_B_248	338.2493
layer_19_B_249	339.2522
layer_19_B_250	339.8535
layer_19_B_251	340.1362
layer_19_B_252	340.1363
layer_19_B_253	339.8537
layer_19_B_254	339.2508
layer_19_B_255	338.2473
layer_20_TB_0	335.7769
layer_20_TB_1	336.6982
layer_20_TB_2	337.2615
layer_20_TB_3	337.5266
layer_20_TB_4	337.5271
layer_20_TB_5	337.2620
layer_20_TB_6	336.6994
layer_20_TB_7	335.7769
layer_20_TB_8	336.5917
layer_20_TB_9	337.6522
layer_20_TB_10	338.2979
layer_20_TB_11	338.6030
layer_20_TB_12	338.6029
layer_20_TB_13	338.2984
layer_20_TB_14	337.6522
layer_20_TB_15	336.5913
layer_20_TB_16	337.7256
layer_20_TB_17	338.8273
layer_20_TB_18	339.4893
layer_20_TB_19	339.8014
layer_20_TB_20	339.8000
layer_20_TB_21	339.4884
layer_20_TB_22	338.8270
layer_20_TB_23	337.7265
layer_20_TB_24	337.7159
layer_20_TB_25	338.7227
layer_20_TB_26	339.3208
layer_20_TB_27	339.6014
layer_20_TB_28	339.6016
layer_20_TB_29	339.3211
layer_20_TB_30	338.7214
layer_20_TB_31	337.7141
hsp_TB_0	331.7450
hsp_TB_1	332.7046
hsp_TB_2	333.2431
hsp_TB_3	333.4922
hsp_TB_4	333.4923
hsp_TB_5	333.2432
hsp_TB_6	332.7049
hsp_TB_7	331.7451
hsp_TB_8	332.2940
hsp_TB_9	333.4090
hsp_TB_10	334.0358
hsp_TB_11	334.3258
hsp_TB_12	334.3258
hsp_TB_13	334.0358
hsp_TB_14	333.4090
hsp_TB_15	332.2939
hsp_TB_16	332.6121
hsp_TB_17	333.7677
hsp_TB_18	334.4078
hsp_TB_19	334.7025
hsp_TB_20	334.7023
hsp_TB_21	334.4076
hsp_TB_22	333.7676
hsp_TB_23	332.6121
hsp_TB_24	332.3823
hsp_TB_25	333.4276
hsp_TB_26	333.9947
hsp_TB_27	334.2539
hsp_TB_28	334.2538
hsp_TB_29	333.9946
hsp_TB_30	333.4272
hsp_TB_31	332.3818
hsink_TB_0	330.2365
hsink_TB_1	331.0652
hsink_TB_2	331.5714
hsink_TB_3	331.8104
hsink_TB_4	331.8104
hsink_TB_5	331.5714
hsink_TB_6	331.0652
hsink_TB_7	330.2365
hsink_TB_8	330.5862
hsink_TB_9	331.5507
hsink_TB_10	332.1415
hsink_TB_11	332.4205
hsink_TB_12	332.4205
hsink_TB_13	332.1415
hsink_TB_14	331.5506
hsink_TB_15	330.5861
hsink_TB_16	330.6795
hsink_TB_17	331.6667
hsink_TB_18	332.2672
hsink_TB_19	332.5497
hsink_TB_20	332.5497
hsink_TB_21	332.2672
hsink_TB_22	331.6667
hsink_TB_23	330.6795
hsink_TB_24	330.4545
hsink_TB_25	331.3333
hsink_TB_26	331.8605
hsink_TB_27	332.1070
hsink_TB_28	332.1070
hsink_TB_29	331.8604
hsink_TB_30	331.3332
hsink_TB_31	330.4544
inode_0	327.8816
inode_1	327.8815
inode_2	328.6689
inode_3	328.3952
inode_4	327.8379
inode_5	327.8378
inode_6	328.6315
inode_7	328.3616
inode_8	326.4785
inode_9	326.4784
inode_10	326.9700
inode_11	326.7429
inode_12	359.5755
inode_13	359.5723
inode_14	360.2588
inode_15	358.1510
inode_16	359.5515
inode_17	359.5483
inode_18	360.2496
inode_19	358.1463
inode_20	355.1524
inode_21	355.1503
inode_22	358.8867
inode_23	357.0568
inode_24	342.8357
inode_25	342.8343
inode_26	343.7132
inode_27	342.5649
