pcb_C_0	323.2323
pcb_C_1	323.7325
pcb_C_2	323.9878
pcb_C_3	324.1744
pcb_C_4	324.2329
pcb_C_5	324.0424
pcb_C_6	323.7341
pcb_C_7	323.3690
pcb_C_8	323.0098
pcb_C_9	323.3988
pcb_C_10	323.6427
pcb_C_11	323.8020
pcb_C_12	323.8364
pcb_C_13	323.6897
pcb_C_14	323.4383
pcb_C_15	323.1250
pcb_C_16	322.7707
pcb_C_17	322.9414
pcb_C_18	323.0923
pcb_C_19	323.1917
pcb_C_20	323.2075
pcb_C_21	323.1265
pcb_C_22	322.9924
pcb_C_23	322.8640
pcb_C_24	322.6104
pcb_C_25	322.6333
pcb_C_26	322.7025
pcb_C_27	322.7554
pcb_C_28	322.7636
pcb_C_29	322.7249
pcb_C_30	322.6733
pcb_C_31	322.6847
solder_C_0	323.3664
solder_C_1	323.9339
solder_C_2	324.1980
solder_C_3	324.4662
solder_C_4	324.5932
solder_C_5	324.2876
solder_C_6	323.8529
solder_C_7	323.6149
solder_C_8	323.1268
solder_C_9	323.5015
solder_C_10	323.7518
solder_C_11	323.9317
solder_C_12	323.9797
solder_C_13	323.8058
solder_C_14	323.5260
solder_C_15	323.2672
solder_C_16	322.7654
solder_C_17	322.8940
solder_C_18	323.0507
solder_C_19	323.1559
solder_C_20	323.1726
solder_C_21	323.0850
solder_C_22	322.9433
solder_C_23	322.8637
solder_C_24	322.5713
solder_C_25	322.5519
solder_C_26	322.6281
solder_C_27	322.6863
solder_C_28	322.6946
solder_C_29	322.6505
solder_C_30	322.5917
solder_C_31	322.6489
sub_C_0	323.3856
sub_C_1	324.0168
sub_C_2	324.2742
sub_C_3	324.5860
sub_C_4	324.7577
sub_C_5	324.3864
sub_C_6	323.8737
sub_C_7	323.7113
sub_C_8	323.1520
sub_C_9	323.5344
sub_C_10	323.7870
sub_C_11	323.9683
sub_C_12	324.0170
sub_C_13	323.8412
sub_C_14	323.5572
sub_C_15	323.2930
sub_C_16	322.7159
sub_C_17	322.8614
sub_C_18	323.0233
sub_C_19	323.1299
sub_C_20	323.1464
sub_C_21	323.0573
sub_C_22	322.9102
sub_C_23	322.8116
sub_C_24	322.5116
sub_C_25	322.5134
sub_C_26	322.5961
sub_C_27	322.6565
sub_C_28	322.6647
sub_C_29	322.6185
sub_C_30	322.5529
sub_C_31	322.5868
layer_3_C_0	323.5324
layer_3_C_1	324.8416
layer_3_C_2	325.0124
layer_3_C_3	325.7572
layer_3_C_4	326.3833
layer_3_C_5	325.3539
layer_3_C_6	324.0557
layer_3_C_7	324.6335
layer_3_C_8	323.3870
layer_3_C_9	323.8551
layer_3_C_10	324.1315
layer_3_C_11	324.3177
layer_3_C_12	324.3656
layer_3_C_13	324.1840
layer_3_C_14	323.8721
layer_3_C_15	323.5194
layer_3_C_16	322.2198
layer_3_C_17	322.5304
layer_3_C_18	322.7431
layer_3_C_19	322.8626
layer_3_C_20	322.8773
layer_3_C_21	322.7745
layer_3_C_22	322.5741
layer_3_C_23	322.2927
layer_3_C_24	321.9396
layer_3_C_25	322.1350
layer_3_C_26	322.2796
layer_3_C_27	322.3597
layer_3_C_28	322.3679
layer_3_C_29	322.3016
layer_3_C_30	322.1706
layer_3_C_31	321.9944
layer_4_TB_0	323.4698
layer_4_TB_1	324.7232
layer_4_TB_2	324.9030
layer_4_TB_3	325.6111
layer_4_TB_4	326.1979
layer_4_TB_5	325.2248
layer_4_TB_6	323.9930
layer_4_TB_7	324.5049
layer_4_TB_8	323.3250
layer_4_TB_9	323.7930
layer_4_TB_10	324.0694
layer_4_TB_11	324.2554
layer_4_TB_12	324.3030
layer_4_TB_13	324.1218
layer_4_TB_14	323.8103
layer_4_TB_15	323.4570
layer_4_TB_16	322.2188
layer_4_TB_17	322.5297
layer_4_TB_18	322.7424
layer_4_TB_19	322.8620
layer_4_TB_20	322.8767
layer_4_TB_21	322.7739
layer_4_TB_22	322.5734
layer_4_TB_23	322.2917
layer_4_TB_24	321.9390
layer_4_TB_25	322.1345
layer_4_TB_26	322.2792
layer_4_TB_27	322.3594
layer_4_TB_28	322.3676
layer_4_TB_29	322.3012
layer_4_TB_30	322.1702
layer_4_TB_31	321.9937
hsp_TB_0	322.8434
hsp_TB_1	323.5395
hsp_TB_2	323.8093
hsp_TB_3	324.1496
hsp_TB_4	324.3441
hsp_TB_5	323.9337
hsp_TB_6	323.3652
hsp_TB_7	323.2191
hsp_TB_8	322.7052
hsp_TB_9	323.1718
hsp_TB_10	323.4486
hsp_TB_11	323.6323
hsp_TB_12	323.6777
hsp_TB_13	323.4998
hsp_TB_14	323.1920
hsp_TB_15	322.8333
hsp_TB_16	322.2094
hsp_TB_17	322.5228
hsp_TB_18	322.7360
hsp_TB_19	322.8557
hsp_TB_20	322.8703
hsp_TB_21	322.7674
hsp_TB_22	322.5664
hsp_TB_23	322.2821
hsp_TB_24	321.9322
hsp_TB_25	322.1300
hsp_TB_26	322.2752
hsp_TB_27	322.3555
hsp_TB_28	322.3637
hsp_TB_29	322.2972
hsp_TB_30	322.1656
hsp_TB_31	321.9867
hsink_TB_0	322.5760
hsink_TB_1	323.0735
hsink_TB_2	323.3541
hsink_TB_3	323.5638
hsink_TB_4	323.6302
hsink_TB_5	323.4147
hsink_TB_6	323.0697
hsink_TB_7	322.7363
hsink_TB_8	322.4659
hsink_TB_9	322.9034
hsink_TB_10	323.1789
hsink_TB_11	323.3482
hsink_TB_12	323.3806
hsink_TB_13	323.2236
hsink_TB_14	322.9398
hsink_TB_15	322.5719
hsink_TB_16	322.1788
hsink_TB_17	322.4904
hsink_TB_18	322.7035
hsink_TB_19	322.8226
hsink_TB_20	322.8369
hsink_TB_21	322.7346
hsink_TB_22	322.5344
hsink_TB_23	322.2506
hsink_TB_24	321.9258
hsink_TB_25	322.1243
hsink_TB_26	322.2695
hsink_TB_27	322.3499
hsink_TB_28	322.3580
hsink_TB_29	322.2915
hsink_TB_30	322.1598
hsink_TB_31	321.9802
inode_0	321.6313
inode_1	321.7202
inode_2	321.3821
inode_3	322.3025
inode_4	321.6239
inode_5	321.7122
inode_6	321.3782
inode_7	322.2952
inode_8	321.3111
inode_9	321.3915
inode_10	321.0068
inode_11	321.8184
inode_12	322.9199
inode_13	323.0585
inode_14	322.4805
inode_15	323.8870
inode_16	322.9192
inode_17	323.0572
inode_18	322.4804
inode_19	323.8865
inode_20	322.6388
inode_21	322.7460
inode_22	322.4506
inode_23	323.8214
inode_24	321.5907
inode_25	321.6729
inode_26	321.2288
inode_27	322.2102
