Metric	Core0	Core1	Core2	Core3	Core4	Core5	Core6	Core7	Core8	Core9	Core10	Core11	Core12	Core13	Core14	Core15	Core16	Core17	Core18	Core19	Core20	Core21	Core22	Core23	Core24	Core25	Core26	Core27	Core28	Core29	Core30	Core31	Core32	Core33	Core34	Core35	Core36	Core37	Core38	Core39	Core40	Core41	Core42	Core43	Core44	Core45	Core46	Core47	Core48	Core49	Core50	Core51	Core52	Core53	Core54	Core55	Core56	Core57	Core58	Core59	Core60	Core61	Core62	Core63
total	3600000.637	0.717	3600000.637	3600000.637	3600000.637	3600000.637	3600000.637	3600000.637	3600000.637	3600000.637	3600000.637	3600000.637	3600000.637	3600000.637	3600000.637	3600000.637	3600000.637	3600000.637	3600000.637	3600000.637	3600000.637	3600000.637	3600000.637	3600000.637	3600000.637	3600000.637	3600000.637	3600000.637	3600000.637	3600000.637	3600000.637	3600000.637	3600000.637	3600000.637	3600000.637	3600000.637	3600000.637	3600000.637	3600000.637	3600000.637	3600000.637	3600000.637	3600000.637	3600000.637	3600000.637	3600000.637	3600000.637	3600000.637	3600000.637	0.718	0.717	0.715	0.718	0.715	0.717	0.715	0.718	0.718	0.709	0.721	0.743	0.744	0.765	0.792
base	0.000	0.250	0.000	0.000	0.000	0.000	0.000	0.000	0.000	0.000	0.000	0.000	0.000	0.000	0.000	0.000	0.000	0.000	0.000	0.000	0.000	0.000	0.000	0.000	0.000	0.000	0.000	0.000	0.000	0.000	0.000	0.000	0.000	0.000	0.000	0.000	0.000	0.000	0.000	0.000	0.000	0.000	0.000	0.000	0.000	0.000	0.000	0.000	0.000	0.250	0.250	0.250	0.250	0.250	0.250	0.250	0.250	0.250	0.250	0.250	0.250	0.250	0.250	0.250
dispatch_width	-
rs_full	-
depend	-
depend-int	0.000	0.052	0.000	0.000	0.000	0.000	0.000	0.000	0.000	0.000	0.000	0.000	0.000	0.000	0.000	0.000	0.000	0.000	0.000	0.000	0.000	0.000	0.000	0.000	0.000	0.000	0.000	0.000	0.000	0.000	0.000	0.000	0.000	0.000	0.000	0.000	0.000	0.000	0.000	0.000	0.000	0.000	0.000	0.000	0.000	0.000	0.000	0.000	0.000	0.052	0.051	0.050	0.051	0.052	0.051	0.047	0.053	0.054	0.055	0.057	0.058	0.060	0.062	0.066
depend-fp	0.000	0.036	0.000	0.000	0.000	0.000	0.000	0.000	0.000	0.000	0.000	0.000	0.000	0.000	0.000	0.000	0.000	0.000	0.000	0.000	0.000	0.000	0.000	0.000	0.000	0.000	0.000	0.000	0.000	0.000	0.000	0.000	0.000	0.000	0.000	0.000	0.000	0.000	0.000	0.000	0.000	0.000	0.000	0.000	0.000	0.000	0.000	0.000	0.000	0.036	0.034	0.033	0.035	0.034	0.036	0.032	0.036	0.034	0.038	0.036	0.042	0.040	0.044	0.043
depend-branch	0.000	0.021	0.000	0.000	0.000	0.000	0.000	0.000	0.000	0.000	0.000	0.000	0.000	0.000	0.000	0.000	0.000	0.000	0.000	0.000	0.000	0.000	0.000	0.000	0.000	0.000	0.000	0.000	0.000	0.000	0.000	0.000	0.000	0.000	0.000	0.000	0.000	0.000	0.000	0.000	0.000	0.000	0.000	0.000	0.000	0.000	0.000	0.000	0.000	0.021	0.020	0.019	0.020	0.020	0.020	0.018	0.020	0.020	0.020	0.020	0.020	0.020	0.020	0.021
issue	0.000	0.083	0.000	0.000	0.000	0.000	0.000	0.000	0.000	0.000	0.000	0.000	0.000	0.000	0.000	0.000	0.000	0.000	0.000	0.000	0.000	0.000	0.000	0.000	0.000	0.000	0.000	0.000	0.000	0.000	0.000	0.000	0.000	0.000	0.000	0.000	0.000	0.000	0.000	0.000	0.000	0.000	0.000	0.000	0.000	0.000	0.000	0.000	0.000	0.083	0.084	0.084	0.082	0.084	0.083	0.086	0.083	0.083	0.091	0.091	0.097	0.097	0.104	0.101
serial	-
smt	-
branch	0.000	0.111	0.000	0.000	0.000	0.000	0.000	0.000	0.000	0.000	0.000	0.000	0.000	0.000	0.000	0.000	0.000	0.000	0.000	0.000	0.000	0.000	0.000	0.000	0.000	0.000	0.000	0.000	0.000	0.000	0.000	0.000	0.000	0.000	0.000	0.000	0.000	0.000	0.000	0.000	0.000	0.000	0.000	0.000	0.000	0.000	0.000	0.000	0.000	0.110	0.109	0.104	0.107	0.110	0.103	0.090	0.110	0.107	0.113	0.120	0.129	0.134	0.135	0.152
itlb	-
dtlb	-
ifetch	0.000	0.029	0.000	0.000	0.000	0.000	0.000	0.000	0.000	0.000	0.000	0.000	0.000	0.000	0.000	0.000	0.000	0.000	0.000	0.000	0.000	0.000	0.000	0.000	0.000	0.000	0.000	0.000	0.000	0.000	0.000	0.000	0.000	0.000	0.000	0.000	0.000	0.000	0.000	0.000	0.000	0.000	0.000	0.000	0.000	0.000	0.000	0.000	0.000	0.028	0.025	0.024	0.029	0.024	0.028	0.024	0.028	0.025	0.027	0.023	0.026	0.023	0.025	0.022
mem	-
mem-l1d	0.000	0.072	0.000	0.000	0.000	0.000	0.000	0.000	0.000	0.000	0.000	0.000	0.000	0.000	0.000	0.000	0.000	0.000	0.000	0.000	0.000	0.000	0.000	0.000	0.000	0.000	0.000	0.000	0.000	0.000	0.000	0.000	0.000	0.000	0.000	0.000	0.000	0.000	0.000	0.000	0.000	0.000	0.000	0.000	0.000	0.000	0.000	0.000	0.000	0.072	0.071	0.069	0.070	0.072	0.070	0.064	0.072	0.069	0.074	0.075	0.082	0.081	0.086	0.088
mem-l2	-
mem-l3	-
mem-l4	-
mem-remote	-
mem-nuca	-
mem-dram-cache	-
mem-dram	0.000	0.007	0.000	0.000	0.000	0.000	0.000	0.000	0.000	0.000	0.000	0.000	0.000	0.000	0.000	0.000	0.000	0.000	0.000	0.000	0.000	0.000	0.000	0.000	0.000	0.000	0.000	0.000	0.000	0.000	0.000	0.000	0.000	0.000	0.000	0.000	0.000	0.000	0.000	0.000	0.000	0.000	0.000	0.000	0.000	0.000	0.000	0.000	0.000	0.000	0.000	0.000	0.000	0.000	0.000	0.000	0.000	0.000	0.000	0.000	0.000	0.000	0.000	0.010
sync	0.000	0.024	0.000	0.000	0.000	0.000	0.000	0.000	0.000	0.000	0.000	0.000	0.000	0.000	0.000	0.000	0.000	0.000	0.000	0.000	0.000	0.000	0.000	0.000	0.000	0.000	0.000	0.000	0.000	0.000	0.000	0.000	0.000	0.000	0.000	0.000	0.000	0.000	0.000	0.000	0.000	0.000	0.000	0.000	0.000	0.000	0.000	0.000	0.000	0.028	0.025	0.028	0.027	0.030	0.028	0.029	0.026	0.025	0.029	0.030	0.027	0.025	0.022	0.029
dvfs-transition	-
imbalance	3600000.637	0.022	3600000.637	3600000.637	3600000.637	3600000.637	3600000.637	3600000.637	3600000.637	3600000.637	3600000.637	3600000.637	3600000.637	3600000.637	3600000.637	3600000.637	3600000.637	3600000.637	3600000.637	3600000.637	3600000.637	3600000.637	3600000.637	3600000.637	3600000.637	3600000.637	3600000.637	3600000.637	3600000.637	3600000.637	3600000.637	3600000.637	3600000.637	3600000.637	3600000.637	3600000.637	3600000.637	3600000.637	3600000.637	3600000.637	3600000.637	3600000.637	3600000.637	3600000.637	3600000.637	3600000.637	3600000.637	3600000.637	3600000.637	0.026	0.034	0.032	0.032	0.027	0.035	0.056	0.026	0.037	0.000	0.000	0.000	0.000	0.000	0.000
other	0.000	0.011	0.000	0.000	0.000	0.000	0.000	0.000	0.000	0.000	0.000	0.000	0.000	0.000	0.000	0.000	0.000	0.000	0.000	0.000	0.000	0.000	0.000	0.000	0.000	0.000	0.000	0.000	0.000	0.000	0.000	0.000	0.000	0.000	0.000	0.000	0.000	0.000	0.000	0.000	0.000	0.000	0.000	0.000	0.000	0.000	0.000	0.000	0.000	0.012	0.013	0.019	0.013	0.012	0.012	0.019	0.014	0.014	0.012	0.019	0.012	0.013	0.019	0.009
