pcb_C_0	322.5912
pcb_C_1	323.2245
pcb_C_2	323.1133
pcb_C_3	323.0361
pcb_C_4	322.9839
pcb_C_5	322.9143
pcb_C_6	322.7687
pcb_C_7	322.3676
pcb_C_8	322.3333
pcb_C_9	322.8512
pcb_C_10	322.9258
pcb_C_11	322.8972
pcb_C_12	322.8326
pcb_C_13	322.7208
pcb_C_14	322.5134
pcb_C_15	322.0926
pcb_C_16	322.0229
pcb_C_17	322.2909
pcb_C_18	322.3793
pcb_C_19	322.3790
pcb_C_20	322.3278
pcb_C_21	322.2293
pcb_C_22	322.0697
pcb_C_23	321.8212
pcb_C_24	321.8268
pcb_C_25	321.9024
pcb_C_26	321.9398
pcb_C_27	321.9373
pcb_C_28	321.9001
pcb_C_29	321.8331
pcb_C_30	321.7450
pcb_C_31	321.6547
pcb_C_32	321.7013
pcb_C_33	321.6411
pcb_C_34	321.6213
pcb_C_35	321.6049
pcb_C_36	321.5776
pcb_C_37	321.5422
pcb_C_38	321.5187
pcb_C_39	321.5473
pcb_C_40	321.6096
pcb_C_41	321.4523
pcb_C_42	321.3872
pcb_C_43	321.3574
pcb_C_44	321.3371
pcb_C_45	321.3270
pcb_C_46	321.3529
pcb_C_47	321.4687
pcb_C_48	321.5226
pcb_C_49	321.3022
pcb_C_50	321.2147
pcb_C_51	321.1803
pcb_C_52	321.1664
pcb_C_53	321.1719
pcb_C_54	321.2259
pcb_C_55	321.3980
pcb_C_56	321.3705
pcb_C_57	321.1633
pcb_C_58	321.0997
pcb_C_59	321.0789
pcb_C_60	321.0727
pcb_C_61	321.0801
pcb_C_62	321.1240
pcb_C_63	321.2866
solder_C_0	322.8633
solder_C_1	323.8896
solder_C_2	323.3804
solder_C_3	323.2434
solder_C_4	323.1786
solder_C_5	323.1018
solder_C_6	322.9514
solder_C_7	322.5561
solder_C_8	322.5247
solder_C_9	323.0737
solder_C_10	323.0908
solder_C_11	323.0459
solder_C_12	322.9763
solder_C_13	322.8620
solder_C_14	322.6571
solder_C_15	322.2525
solder_C_16	322.0565
solder_C_17	322.2991
solder_C_18	322.3786
solder_C_19	322.3759
solder_C_20	322.3232
solder_C_21	322.2230
solder_C_22	322.0645
solder_C_23	321.8425
solder_C_24	321.8236
solder_C_25	321.8769
solder_C_26	321.9170
solder_C_27	321.9168
solder_C_28	321.8792
solder_C_29	321.8091
solder_C_30	321.7169
solder_C_31	321.6459
solder_C_32	321.6817
solder_C_33	321.6069
solder_C_34	321.5958
solder_C_35	321.5841
solder_C_36	321.5567
solder_C_37	321.5167
solder_C_38	321.4845
solder_C_39	321.5252
solder_C_40	321.5785
solder_C_41	321.4117
solder_C_42	321.3582
solder_C_43	321.3342
solder_C_44	321.3139
solder_C_45	321.2983
solder_C_46	321.3130
solder_C_47	321.4366
solder_C_48	321.4847
solder_C_49	321.2571
solder_C_50	321.1807
solder_C_51	321.1514
solder_C_52	321.1373
solder_C_53	321.1376
solder_C_54	321.1808
solder_C_55	321.3595
solder_C_56	321.3514
solder_C_57	321.1355
solder_C_58	321.0765
solder_C_59	321.0574
solder_C_60	321.0506
solder_C_61	321.0552
solder_C_62	321.0938
solder_C_63	321.2647
sub_C_0	322.9273
sub_C_1	324.2265
sub_C_2	323.4317
sub_C_3	323.2872
sub_C_4	323.2196
sub_C_5	323.1394
sub_C_6	322.9859
sub_C_7	322.6013
sub_C_8	322.5910
sub_C_9	323.1297
sub_C_10	323.1415
sub_C_11	323.0963
sub_C_12	323.0260
sub_C_13	322.9111
sub_C_14	322.7070
sub_C_15	322.3136
sub_C_16	322.0429
sub_C_17	322.2855
sub_C_18	322.3658
sub_C_19	322.3634
sub_C_20	322.3106
sub_C_21	322.2098
sub_C_22	322.0503
sub_C_23	321.8271
sub_C_24	321.8014
sub_C_25	321.8642
sub_C_26	321.9075
sub_C_27	321.9083
sub_C_28	321.8707
sub_C_29	321.7995
sub_C_30	321.7042
sub_C_31	321.6238
sub_C_32	321.6530
sub_C_33	321.5936
sub_C_34	321.5873
sub_C_35	321.5772
sub_C_36	321.5499
sub_C_37	321.5083
sub_C_38	321.4715
sub_C_39	321.4978
sub_C_40	321.5443
sub_C_41	321.3965
sub_C_42	321.3490
sub_C_43	321.3268
sub_C_44	321.3066
sub_C_45	321.2892
sub_C_46	321.2983
sub_C_47	321.4044
sub_C_48	321.4459
sub_C_49	321.2393
sub_C_50	321.1687
sub_C_51	321.1411
sub_C_52	321.1270
sub_C_53	321.1256
sub_C_54	321.1633
sub_C_55	321.3229
sub_C_56	321.3122
sub_C_57	321.1130
sub_C_58	321.0569
sub_C_59	321.0382
sub_C_60	321.0311
sub_C_61	321.0346
sub_C_62	321.0701
sub_C_63	321.2260
layer_3_C_0	323.4531
layer_3_C_1	327.5417
layer_3_C_2	323.8708
layer_3_C_3	323.6935
layer_3_C_4	323.6052
layer_3_C_5	323.5000
layer_3_C_6	323.3286
layer_3_C_7	323.0106
layer_3_C_8	323.1843
layer_3_C_9	323.6499
layer_3_C_10	323.6374
layer_3_C_11	323.5910
layer_3_C_12	323.5153
layer_3_C_13	323.3947
layer_3_C_14	323.1981
layer_3_C_15	322.8672
layer_3_C_16	321.8824
layer_3_C_17	322.1422
layer_3_C_18	322.2319
layer_3_C_19	322.2333
layer_3_C_20	322.1790
layer_3_C_21	322.0729
layer_3_C_22	321.9033
layer_3_C_23	321.6523
layer_3_C_24	321.5862
layer_3_C_25	321.7403
layer_3_C_26	321.8148
layer_3_C_27	321.8258
layer_3_C_28	321.7879
layer_3_C_29	321.7065
layer_3_C_30	321.5805
layer_3_C_31	321.4094
layer_3_C_32	321.3878
layer_3_C_33	321.4641
layer_3_C_34	321.5057
layer_3_C_35	321.5110
layer_3_C_36	321.4838
layer_3_C_37	321.4276
layer_3_C_38	321.3454
layer_3_C_39	321.2432
layer_3_C_40	321.2354
layer_3_C_41	321.2505
layer_3_C_42	321.2601
layer_3_C_43	321.2560
layer_3_C_44	321.2359
layer_3_C_45	321.2013
layer_3_C_46	321.1571
layer_3_C_47	321.1118
layer_3_C_48	321.0997
layer_3_C_49	321.0672
layer_3_C_50	321.0528
layer_3_C_51	321.0414
layer_3_C_52	321.0267
layer_3_C_53	321.0089
layer_3_C_54	320.9940
layer_3_C_55	320.9945
layer_3_C_56	320.9495
layer_3_C_57	320.8900
layer_3_C_58	320.8660
layer_3_C_59	320.8536
layer_3_C_60	320.8440
layer_3_C_61	320.8369
layer_3_C_62	320.8389
layer_3_C_63	320.8685
layer_4_TB_0	323.3903
layer_4_TB_1	327.2370
layer_4_TB_2	323.8080
layer_4_TB_3	323.6314
layer_4_TB_4	323.5431
layer_4_TB_5	323.4378
layer_4_TB_6	323.2665
layer_4_TB_7	322.9485
layer_4_TB_8	323.1225
layer_4_TB_9	323.5875
layer_4_TB_10	323.5756
layer_4_TB_11	323.5292
layer_4_TB_12	323.4535
layer_4_TB_13	323.3330
layer_4_TB_14	323.1364
layer_4_TB_15	322.8055
layer_4_TB_16	321.8819
layer_4_TB_17	322.1418
layer_4_TB_18	322.2316
layer_4_TB_19	322.2330
layer_4_TB_20	322.1787
layer_4_TB_21	322.0725
layer_4_TB_22	321.9029
layer_4_TB_23	321.6518
layer_4_TB_24	321.5859
layer_4_TB_25	321.7401
layer_4_TB_26	321.8147
layer_4_TB_27	321.8257
layer_4_TB_28	321.7878
layer_4_TB_29	321.7064
layer_4_TB_30	321.5803
layer_4_TB_31	321.4092
layer_4_TB_32	321.3876
layer_4_TB_33	321.4640
layer_4_TB_34	321.5056
layer_4_TB_35	321.5109
layer_4_TB_36	321.4838
layer_4_TB_37	321.4275
layer_4_TB_38	321.3453
layer_4_TB_39	321.2429
layer_4_TB_40	321.2351
layer_4_TB_41	321.2503
layer_4_TB_42	321.2600
layer_4_TB_43	321.2559
layer_4_TB_44	321.2358
layer_4_TB_45	321.2012
layer_4_TB_46	321.1569
layer_4_TB_47	321.1115
layer_4_TB_48	321.0994
layer_4_TB_49	321.0671
layer_4_TB_50	321.0526
layer_4_TB_51	321.0413
layer_4_TB_52	321.0266
layer_4_TB_53	321.0088
layer_4_TB_54	320.9938
layer_4_TB_55	320.9941
layer_4_TB_56	320.9491
layer_4_TB_57	320.8897
layer_4_TB_58	320.8658
layer_4_TB_59	320.8533
layer_4_TB_60	320.8438
layer_4_TB_61	320.8367
layer_4_TB_62	320.8386
layer_4_TB_63	320.8682
hsp_TB_0	322.7620
hsp_TB_1	324.1906
hsp_TB_2	323.1796
hsp_TB_3	323.0100
hsp_TB_4	322.9218
hsp_TB_5	322.8165
hsp_TB_6	322.6454
hsp_TB_7	322.3275
hsp_TB_8	322.5048
hsp_TB_9	322.9631
hsp_TB_10	322.9578
hsp_TB_11	322.9116
hsp_TB_12	322.8359
hsp_TB_13	322.7155
hsp_TB_14	322.5192
hsp_TB_15	322.1881
hsp_TB_16	321.8776
hsp_TB_17	322.1384
hsp_TB_18	322.2283
hsp_TB_19	322.2297
hsp_TB_20	322.1754
hsp_TB_21	322.0692
hsp_TB_22	321.8995
hsp_TB_23	321.6474
hsp_TB_24	321.5832
hsp_TB_25	321.7388
hsp_TB_26	321.8137
hsp_TB_27	321.8248
hsp_TB_28	321.7869
hsp_TB_29	321.7053
hsp_TB_30	321.5790
hsp_TB_31	321.4065
hsp_TB_32	321.3846
hsp_TB_33	321.4626
hsp_TB_34	321.5047
hsp_TB_35	321.5102
hsp_TB_36	321.4830
hsp_TB_37	321.4266
hsp_TB_38	321.3439
hsp_TB_39	321.2401
hsp_TB_40	321.2319
hsp_TB_41	321.2488
hsp_TB_42	321.2590
hsp_TB_43	321.2551
hsp_TB_44	321.2350
hsp_TB_45	321.2003
hsp_TB_46	321.1554
hsp_TB_47	321.1085
hsp_TB_48	321.0960
hsp_TB_49	321.0653
hsp_TB_50	321.0514
hsp_TB_51	321.0402
hsp_TB_52	321.0255
hsp_TB_53	321.0075
hsp_TB_54	320.9920
hsp_TB_55	320.9909
hsp_TB_56	320.9453
hsp_TB_57	320.8870
hsp_TB_58	320.8634
hsp_TB_59	320.8511
hsp_TB_60	320.8415
hsp_TB_61	320.8343
hsp_TB_62	320.8359
hsp_TB_63	320.8644
hsink_TB_0	322.4547
hsink_TB_1	323.0834
hsink_TB_2	322.8636
hsink_TB_3	322.7438
hsink_TB_4	322.6587
hsink_TB_5	322.5537
hsink_TB_6	322.3834
hsink_TB_7	322.0746
hsink_TB_8	322.2521
hsink_TB_9	322.6561
hsink_TB_10	322.6959
hsink_TB_11	322.6554
hsink_TB_12	322.5803
hsink_TB_13	322.4600
hsink_TB_14	322.2645
hsink_TB_15	321.9420
hsink_TB_16	321.8573
hsink_TB_17	322.1148
hsink_TB_18	322.2072
hsink_TB_19	322.2091
hsink_TB_20	322.1549
hsink_TB_21	322.0488
hsink_TB_22	321.8792
hsink_TB_23	321.6279
hsink_TB_24	321.5786
hsink_TB_25	321.7344
hsink_TB_26	321.8096
hsink_TB_27	321.8207
hsink_TB_28	321.7829
hsink_TB_29	321.7013
hsink_TB_30	321.5749
hsink_TB_31	321.4020
hsink_TB_32	321.3811
hsink_TB_33	321.4597
hsink_TB_34	321.5019
hsink_TB_35	321.5075
hsink_TB_36	321.4804
hsink_TB_37	321.4239
hsink_TB_38	321.3411
hsink_TB_39	321.2366
hsink_TB_40	321.2284
hsink_TB_41	321.2460
hsink_TB_42	321.2565
hsink_TB_43	321.2527
hsink_TB_44	321.2326
hsink_TB_45	321.1978
hsink_TB_46	321.1527
hsink_TB_47	321.1051
hsink_TB_48	321.0925
hsink_TB_49	321.0625
hsink_TB_50	321.0489
hsink_TB_51	321.0378
hsink_TB_52	321.0231
hsink_TB_53	321.0051
hsink_TB_54	320.9893
hsink_TB_55	320.9875
hsink_TB_56	320.9416
hsink_TB_57	320.8840
hsink_TB_58	320.8606
hsink_TB_59	320.8482
hsink_TB_60	320.8387
hsink_TB_61	320.8314
hsink_TB_62	320.8329
hsink_TB_63	320.8608
inode_0	321.2121
inode_1	321.0396
inode_2	320.5517
inode_3	322.1378
inode_4	321.2064
inode_5	321.0343
inode_6	320.5479
inode_7	322.1274
inode_8	320.9428
inode_9	320.7856
inode_10	320.3411
inode_11	321.7844
inode_12	321.9069
inode_13	321.7231
inode_14	321.1273
inode_15	323.1206
inode_16	321.9066
inode_17	321.7230
inode_18	321.1279
inode_19	323.1167
inode_20	321.7567
inode_21	321.5915
inode_22	321.0546
inode_23	322.7665
inode_24	320.9166
inode_25	320.7899
inode_26	320.3781
inode_27	321.6912
