pcb_LC_0	348.7743
pcb_LC_1	349.8422
pcb_LC_2	350.3013
pcb_LC_3	350.4872
pcb_LC_4	350.4848
pcb_LC_5	350.2660
pcb_LC_6	349.7564
pcb_LC_7	348.6391
pcb_LC_8	348.7681
pcb_LC_9	350.0366
pcb_LC_10	350.6259
pcb_LC_11	350.8708
pcb_LC_12	350.8665
pcb_LC_13	350.5788
pcb_LC_14	349.9258
pcb_LC_15	348.6053
pcb_LC_16	348.7684
pcb_LC_17	350.0370
pcb_LC_18	350.6266
pcb_LC_19	350.8717
pcb_LC_20	350.8675
pcb_LC_21	350.5796
pcb_LC_22	349.9263
pcb_LC_23	348.6056
pcb_LC_24	348.7750
pcb_LC_25	349.8435
pcb_LC_26	350.3029
pcb_LC_27	350.4892
pcb_LC_28	350.4869
pcb_LC_29	350.2679
pcb_LC_30	349.7578
pcb_LC_31	348.6399
solder_LC_0	350.7444
solder_LC_1	351.0287
solder_LC_2	351.2597
solder_LC_3	351.4118
solder_LC_4	351.4491
solder_LC_5	351.2343
solder_LC_6	350.8993
solder_LC_7	350.5012
solder_LC_8	350.8785
solder_LC_9	351.2755
solder_LC_10	351.5808
solder_LC_11	351.7756
solder_LC_12	351.8151
solder_LC_13	351.5454
solder_LC_14	351.1150
solder_LC_15	350.5956
solder_LC_16	350.8789
solder_LC_17	351.2764
solder_LC_18	351.5820
solder_LC_19	351.7773
solder_LC_20	351.8174
solder_LC_21	351.5470
solder_LC_22	351.1158
solder_LC_23	350.5960
solder_LC_24	350.7449
solder_LC_25	351.0307
solder_LC_26	351.2623
solder_LC_27	351.4156
solder_LC_28	351.4535
solder_LC_29	351.2379
solder_LC_30	350.9015
solder_LC_31	350.5023
sub_LC_0	350.9979
sub_LC_1	351.2439
sub_LC_2	351.4855
sub_LC_3	351.6630
sub_LC_4	351.7528
sub_LC_5	351.4719
sub_LC_6	351.0972
sub_LC_7	350.6796
sub_LC_8	351.1349
sub_LC_9	351.4818
sub_LC_10	351.7912
sub_LC_11	352.0078
sub_LC_12	352.0978
sub_LC_13	351.7688
sub_LC_14	351.3071
sub_LC_15	350.7818
sub_LC_16	351.1357
sub_LC_17	351.4829
sub_LC_18	351.7926
sub_LC_19	352.0100
sub_LC_20	352.1014
sub_LC_21	351.7709
sub_LC_22	351.3081
sub_LC_23	350.7823
sub_LC_24	350.9977
sub_LC_25	351.2466
sub_LC_26	351.4887
sub_LC_27	351.6681
sub_LC_28	351.7588
sub_LC_29	351.4767
sub_LC_30	351.0996
sub_LC_31	350.6807
layer_3_LC_0	353.2750
layer_3_LC_1	353.1805
layer_3_LC_2	353.5360
layer_3_LC_3	353.9508
layer_3_LC_4	354.6141
layer_3_LC_5	353.6392
layer_3_LC_6	352.8872
layer_3_LC_7	352.1978
layer_3_LC_8	353.4316
layer_3_LC_9	353.4052
layer_3_LC_10	353.7951
layer_3_LC_11	354.2296
layer_3_LC_12	354.8657
layer_3_LC_13	353.8976
layer_3_LC_14	353.1051
layer_3_LC_15	352.3692
layer_3_LC_16	353.4375
layer_3_LC_17	353.4092
layer_3_LC_18	353.7985
layer_3_LC_19	354.2370
layer_3_LC_20	354.8849
layer_3_LC_21	353.9046
layer_3_LC_22	353.1074
layer_3_LC_23	352.3701
layer_3_LC_24	353.2664
layer_3_LC_25	353.1903
layer_3_LC_26	353.5443
layer_3_LC_27	353.9689
layer_3_LC_28	354.6364
layer_3_LC_29	353.6566
layer_3_LC_30	352.8928
layer_3_LC_31	352.2001
layer_4_TB_0	353.1836
layer_4_TB_1	353.0883
layer_4_TB_2	353.4439
layer_4_TB_3	353.8582
layer_4_TB_4	354.5230
layer_4_TB_5	353.5469
layer_4_TB_6	352.7955
layer_4_TB_7	352.1060
layer_4_TB_8	353.3403
layer_4_TB_9	353.3133
layer_4_TB_10	353.7032
layer_4_TB_11	354.1373
layer_4_TB_12	354.7747
layer_4_TB_13	353.8055
layer_4_TB_14	353.0136
layer_4_TB_15	352.2776
layer_4_TB_16	353.3462
layer_4_TB_17	353.3173
layer_4_TB_18	353.7065
layer_4_TB_19	354.1446
layer_4_TB_20	354.7940
layer_4_TB_21	353.8126
layer_4_TB_22	353.0159
layer_4_TB_23	352.2785
layer_4_TB_24	353.1749
layer_4_TB_25	353.0982
layer_4_TB_26	353.4521
layer_4_TB_27	353.8764
layer_4_TB_28	354.5453
layer_4_TB_29	353.5643
layer_4_TB_30	352.8010
layer_4_TB_31	352.1083
layer_5_B_0	352.2694
layer_5_B_1	352.1661
layer_5_B_2	352.5221
layer_5_B_3	352.9325
layer_5_B_4	353.6128
layer_5_B_5	352.6238
layer_5_B_6	351.8783
layer_5_B_7	351.1881
layer_5_B_8	352.4269
layer_5_B_9	352.3934
layer_5_B_10	352.7836
layer_5_B_11	353.2140
layer_5_B_12	353.8650
layer_5_B_13	352.8849
layer_5_B_14	352.0988
layer_5_B_15	351.3618
layer_5_B_16	352.4333
layer_5_B_17	352.3974
layer_5_B_18	352.7869
layer_5_B_19	353.2213
layer_5_B_20	353.8850
layer_5_B_21	352.8919
layer_5_B_22	352.1010
layer_5_B_23	351.3627
layer_5_B_24	352.2603
layer_5_B_25	352.1761
layer_5_B_26	352.5303
layer_5_B_27	352.9508
layer_5_B_28	353.6349
layer_5_B_29	352.6413
layer_5_B_30	351.8838
layer_5_B_31	351.1904
layer_6_TB_0	352.1383
layer_6_TB_1	352.0363
layer_6_TB_2	352.3925
layer_6_TB_3	352.8021
layer_6_TB_4	353.4824
layer_6_TB_5	352.4938
layer_6_TB_6	351.7494
layer_6_TB_7	351.0590
layer_6_TB_8	352.2986
layer_6_TB_9	352.2643
layer_6_TB_10	352.6547
layer_6_TB_11	353.0843
layer_6_TB_12	353.7379
layer_6_TB_13	352.7557
layer_6_TB_14	351.9706
layer_6_TB_15	351.2332
layer_6_TB_16	352.3051
layer_6_TB_17	352.2682
layer_6_TB_18	352.6579
layer_6_TB_19	353.0916
layer_6_TB_20	353.7581
layer_6_TB_21	352.7626
layer_6_TB_22	351.9728
layer_6_TB_23	351.2341
layer_6_TB_24	352.1317
layer_6_TB_25	352.0464
layer_6_TB_26	352.4006
layer_6_TB_27	352.8204
layer_6_TB_28	353.5074
layer_6_TB_29	352.5113
layer_6_TB_30	351.7549
layer_6_TB_31	351.0613
layer_7_B_32	350.8277
layer_7_B_33	350.7380
layer_7_B_34	351.0963
layer_7_B_35	351.4981
layer_7_B_36	352.1790
layer_7_B_37	351.1941
layer_7_B_38	350.4611
layer_7_B_39	349.7680
layer_7_B_40	351.0160
layer_7_B_41	350.9723
layer_7_B_42	351.3650
layer_7_B_43	351.7876
layer_7_B_44	352.4673
layer_7_B_45	351.4631
layer_7_B_46	350.6881
layer_7_B_47	349.9466
layer_7_B_48	351.0234
layer_7_B_49	350.9763
layer_7_B_50	351.3681
layer_7_B_51	351.7947
layer_7_B_52	352.4888
layer_7_B_53	351.4699
layer_7_B_54	350.6903
layer_7_B_55	349.9475
layer_7_B_56	350.8459
layer_7_B_57	350.7485
layer_7_B_58	351.1042
layer_7_B_59	351.5165
layer_7_B_60	352.2328
layer_7_B_61	351.2119
layer_7_B_62	350.4664
layer_7_B_63	349.7702
layer_8_TB_0	350.6602
layer_8_TB_1	350.5712
layer_8_TB_2	350.9298
layer_8_TB_3	351.3305
layer_8_TB_4	352.0128
layer_8_TB_5	351.0272
layer_8_TB_6	350.2957
layer_8_TB_7	349.6022
layer_8_TB_8	350.8515
layer_8_TB_9	350.8065
layer_8_TB_10	351.1996
layer_8_TB_11	351.6212
layer_8_TB_12	352.3048
layer_8_TB_13	351.2972
layer_8_TB_14	350.5238
layer_8_TB_15	349.7815
layer_8_TB_16	350.8590
layer_8_TB_17	350.8105
layer_8_TB_18	351.2028
layer_8_TB_19	351.6283
layer_8_TB_20	352.3265
layer_8_TB_21	351.3041
layer_8_TB_22	350.5259
layer_8_TB_23	349.7824
layer_8_TB_24	350.6808
layer_8_TB_25	350.5817
layer_8_TB_26	350.9378
layer_8_TB_27	351.3489
layer_8_TB_28	352.0696
layer_8_TB_29	351.0449
layer_8_TB_30	350.3011
layer_8_TB_31	349.6044
layer_9_B_64	348.9847
layer_9_B_65	348.9033
layer_9_B_66	349.2656
layer_9_B_67	349.6543
layer_9_B_68	350.3512
layer_9_B_69	349.3572
layer_9_B_70	348.6426
layer_9_B_71	347.9442
layer_9_B_72	349.2065
layer_9_B_73	349.1488
layer_9_B_74	349.5462
layer_9_B_75	349.9570
layer_9_B_76	350.6805
layer_9_B_77	349.6388
layer_9_B_78	348.8802
layer_9_B_79	348.1304
layer_9_B_80	349.2149
layer_9_B_81	349.1527
layer_9_B_82	349.5493
layer_9_B_83	349.9639
layer_9_B_84	350.7038
layer_9_B_85	349.6453
layer_9_B_86	348.8822
layer_9_B_87	348.1312
layer_9_B_88	349.0302
layer_9_B_89	348.9142
layer_9_B_90	349.2732
layer_9_B_91	349.6727
layer_9_B_92	350.4375
layer_9_B_93	349.3749
layer_9_B_94	348.6477
layer_9_B_95	347.9463
layer_10_TB_0	348.7814
layer_10_TB_1	348.7004
layer_10_TB_2	349.0631
layer_10_TB_3	349.4503
layer_10_TB_4	350.1500
layer_10_TB_5	349.1539
layer_10_TB_6	348.4416
layer_10_TB_7	347.7425
layer_10_TB_8	349.0066
layer_10_TB_9	348.9472
layer_10_TB_10	349.3453
layer_10_TB_11	349.7546
layer_10_TB_12	350.4836
layer_10_TB_13	349.4371
layer_10_TB_14	348.6805
layer_10_TB_15	347.9296
layer_10_TB_16	349.0151
layer_10_TB_17	348.9511
layer_10_TB_18	349.3484
layer_10_TB_19	349.7615
layer_10_TB_20	350.5071
layer_10_TB_21	349.4436
layer_10_TB_22	348.6826
layer_10_TB_23	347.9305
layer_10_TB_24	348.8294
layer_10_TB_25	348.7113
layer_10_TB_26	349.0707
layer_10_TB_27	349.4687
layer_10_TB_28	350.2394
layer_10_TB_29	349.1716
layer_10_TB_30	348.4467
layer_10_TB_31	347.7446
layer_11_B_96	346.7486
layer_11_B_97	346.6708
layer_11_B_98	347.0389
layer_11_B_99	347.4098
layer_11_B_100	348.1381
layer_11_B_101	347.1214
layer_11_B_102	346.4317
layer_11_B_103	345.7254
layer_11_B_104	347.0078
layer_11_B_105	346.9315
layer_11_B_106	347.3365
layer_11_B_107	347.7308
layer_11_B_108	348.5147
layer_11_B_109	347.4204
layer_11_B_110	346.6841
layer_11_B_111	345.9219
layer_11_B_112	347.0168
layer_11_B_113	346.9353
layer_11_B_114	347.3394
layer_11_B_115	347.7373
layer_11_B_116	348.5397
layer_11_B_117	347.4266
layer_11_B_118	346.6860
layer_11_B_119	345.9227
layer_11_B_120	346.8221
layer_11_B_121	346.6818
layer_11_B_122	347.0461
layer_11_B_123	347.4277
layer_11_B_124	348.2587
layer_11_B_125	347.1386
layer_11_B_126	346.4365
layer_11_B_127	345.7274
layer_12_TB_0	346.4997
layer_12_TB_1	346.4327
layer_12_TB_2	346.8015
layer_12_TB_3	347.1702
layer_12_TB_4	347.8892
layer_12_TB_5	346.8828
layer_12_TB_6	346.1960
layer_12_TB_7	345.4887
layer_12_TB_8	346.7579
layer_12_TB_9	346.6951
layer_12_TB_10	347.1011
layer_12_TB_11	347.4934
layer_12_TB_12	348.2656
layer_12_TB_13	347.1838
layer_12_TB_14	346.4501
layer_12_TB_15	345.6865
layer_12_TB_16	346.7671
layer_12_TB_17	346.6989
layer_12_TB_18	347.1039
layer_12_TB_19	347.4998
layer_12_TB_20	348.2903
layer_12_TB_21	347.1900
layer_12_TB_22	346.4520
layer_12_TB_23	345.6873
layer_12_TB_24	346.5713
layer_12_TB_25	346.4436
layer_12_TB_26	346.8086
layer_12_TB_27	347.1880
layer_12_TB_28	348.0065
layer_12_TB_29	346.8999
layer_12_TB_30	346.2008
layer_12_TB_31	345.4907
layer_13_B_128	344.0107
layer_13_B_129	344.0510
layer_13_B_130	344.4270
layer_13_B_131	344.7746
layer_13_B_132	345.4010
layer_13_B_133	344.4969
layer_13_B_134	343.8392
layer_13_B_135	343.1220
layer_13_B_136	344.2594
layer_13_B_137	344.3311
layer_13_B_138	344.7468
layer_13_B_139	345.1192
layer_13_B_140	345.7745
layer_13_B_141	344.8181
layer_13_B_142	344.1107
layer_13_B_143	343.3317
layer_13_B_144	344.2700
layer_13_B_145	344.3347
layer_13_B_146	344.7495
layer_13_B_147	345.1251
layer_13_B_148	345.7967
layer_13_B_149	344.8237
layer_13_B_150	344.1125
layer_13_B_151	343.3324
layer_13_B_152	344.0625
layer_13_B_153	344.0616
layer_13_B_154	344.4337
layer_13_B_155	344.7912
layer_13_B_156	345.4851
layer_13_B_157	344.5128
layer_13_B_158	343.8437
layer_13_B_159	343.1238
layer_14_TB_0	343.7257
layer_14_TB_1	343.7788
layer_14_TB_2	344.1557
layer_14_TB_3	344.5007
layer_14_TB_4	345.1161
layer_14_TB_5	344.2241
layer_14_TB_6	343.5700
layer_14_TB_7	342.8514
layer_14_TB_8	343.9762
layer_14_TB_9	344.0611
layer_14_TB_10	344.4780
layer_14_TB_11	344.8480
layer_14_TB_12	345.4930
layer_14_TB_13	344.5478
layer_14_TB_14	343.8436
layer_14_TB_15	343.0626
layer_14_TB_16	343.9869
layer_14_TB_17	344.0647
layer_14_TB_18	344.4806
layer_14_TB_19	344.8538
layer_14_TB_20	345.5149
layer_14_TB_21	344.5534
layer_14_TB_22	343.8454
layer_14_TB_23	343.0633
layer_14_TB_24	343.7780
layer_14_TB_25	343.7894
layer_14_TB_26	344.1623
layer_14_TB_27	344.5171
layer_14_TB_28	345.2001
layer_14_TB_29	344.2399
layer_14_TB_30	343.5744
layer_14_TB_31	342.8533
layer_15_B_160	340.8755
layer_15_B_161	341.0571
layer_15_B_162	341.4424
layer_15_B_163	341.7618
layer_15_B_164	342.2681
layer_15_B_165	341.4966
layer_15_B_166	340.8775
layer_15_B_167	340.1458
layer_15_B_168	341.1442
layer_15_B_169	341.3611
layer_15_B_170	341.7898
layer_15_B_171	342.1356
layer_15_B_172	342.6778
layer_15_B_173	341.8454
layer_15_B_174	341.1728
layer_15_B_175	340.3717
layer_15_B_176	341.1559
layer_15_B_177	341.3645
layer_15_B_178	341.7922
layer_15_B_179	342.1408
layer_15_B_180	342.6969
layer_15_B_181	341.8503
layer_15_B_182	341.1744
layer_15_B_183	340.3723
layer_15_B_184	340.9328
layer_15_B_185	341.0669
layer_15_B_186	341.4483
layer_15_B_187	341.7765
layer_15_B_188	342.3497
layer_15_B_189	341.5107
layer_15_B_190	340.8814
layer_15_B_191	340.1475
layer_16_TB_0	340.5579
layer_16_TB_1	340.7523
layer_16_TB_2	341.1384
layer_16_TB_3	341.4549
layer_16_TB_4	341.9513
layer_16_TB_5	341.1910
layer_16_TB_6	340.5760
layer_16_TB_7	339.8426
layer_16_TB_8	340.8288
layer_16_TB_9	341.0589
layer_16_TB_10	341.4889
layer_16_TB_11	341.8319
layer_16_TB_12	342.3650
layer_16_TB_13	341.5428
layer_16_TB_14	340.8739
layer_16_TB_15	340.0702
layer_16_TB_16	340.8406
layer_16_TB_17	341.0622
layer_16_TB_18	341.4912
layer_16_TB_19	341.8370
layer_16_TB_20	342.3838
layer_16_TB_21	341.5476
layer_16_TB_22	340.8754
layer_16_TB_23	340.0709
layer_16_TB_24	340.6158
layer_16_TB_25	340.7620
layer_16_TB_26	341.1443
layer_16_TB_27	341.4694
layer_16_TB_28	342.0328
layer_16_TB_29	341.2049
layer_16_TB_30	340.5798
layer_16_TB_31	339.8443
layer_17_B_192	337.3823
layer_17_B_193	337.7039
layer_17_B_194	338.0988
layer_17_B_195	338.3859
layer_17_B_196	338.7833
layer_17_B_197	338.1351
layer_17_B_198	337.5604
layer_17_B_199	336.8103
layer_17_B_200	337.6752
layer_17_B_201	338.0368
layer_17_B_202	338.4798
layer_17_B_203	338.7950
layer_17_B_204	339.2370
layer_17_B_205	338.5170
layer_17_B_206	337.8845
layer_17_B_207	337.0553
layer_17_B_208	337.6877
layer_17_B_209	338.0398
layer_17_B_210	338.4819
layer_17_B_211	338.7993
layer_17_B_212	339.2527
layer_17_B_213	338.5211
layer_17_B_214	337.8859
layer_17_B_215	337.0559
layer_17_B_216	337.4460
layer_17_B_217	337.7126
layer_17_B_218	338.1040
layer_17_B_219	338.3982
layer_17_B_220	338.8642
layer_17_B_221	338.1468
layer_17_B_222	337.5638
layer_17_B_223	336.8119
layer_18_TB_0	337.0335
layer_18_TB_1	337.3679
layer_18_TB_2	337.7636
layer_18_TB_3	338.0475
layer_18_TB_4	338.4358
layer_18_TB_5	337.7981
layer_18_TB_6	337.2280
layer_18_TB_7	336.4758
layer_18_TB_8	337.3290
layer_18_TB_9	337.7039
layer_18_TB_10	338.1482
layer_18_TB_11	338.4603
layer_18_TB_12	338.8942
layer_18_TB_13	338.1835
layer_18_TB_14	337.5552
layer_18_TB_15	336.7228
layer_18_TB_16	337.3415
layer_18_TB_17	337.7068
layer_18_TB_18	338.1502
layer_18_TB_19	338.4645
layer_18_TB_20	338.9095
layer_18_TB_21	338.1875
layer_18_TB_22	337.5565
layer_18_TB_23	336.7234
layer_18_TB_24	337.0978
layer_18_TB_25	337.3765
layer_18_TB_26	337.7687
layer_18_TB_27	338.0595
layer_18_TB_28	338.5167
layer_18_TB_29	337.8096
layer_18_TB_30	337.2313
layer_18_TB_31	336.4773
layer_19_B_224	333.5451
layer_19_B_225	334.0075
layer_19_B_226	334.4116
layer_19_B_227	334.6627
layer_19_B_228	334.9599
layer_19_B_229	334.4279
layer_19_B_230	333.9034
layer_19_B_231	333.1300
layer_19_B_232	333.8669
layer_19_B_233	334.3745
layer_19_B_234	334.8323
layer_19_B_235	335.1134
layer_19_B_236	335.4662
layer_19_B_237	334.8490
layer_19_B_238	334.2616
layer_19_B_239	333.3973
layer_19_B_240	333.8796
layer_19_B_241	334.3770
layer_19_B_242	334.8341
layer_19_B_243	335.1167
layer_19_B_244	335.4779
layer_19_B_245	334.8521
layer_19_B_246	334.2627
layer_19_B_247	333.3978
layer_19_B_248	333.6163
layer_19_B_249	334.0147
layer_19_B_250	334.4158
layer_19_B_251	334.6721
layer_19_B_252	335.0419
layer_19_B_253	334.4368
layer_19_B_254	333.9061
layer_19_B_255	333.1314
layer_20_TB_0	333.1556
layer_20_TB_1	333.6419
layer_20_TB_2	334.0466
layer_20_TB_3	334.2942
layer_20_TB_4	334.5692
layer_20_TB_5	334.0610
layer_20_TB_6	333.5415
layer_20_TB_7	332.7655
layer_20_TB_8	333.4764
layer_20_TB_9	334.0125
layer_20_TB_10	334.4716
layer_20_TB_11	334.7492
layer_20_TB_12	335.0757
layer_20_TB_13	334.4862
layer_20_TB_14	333.9033
layer_20_TB_15	333.0351
layer_20_TB_16	333.4885
layer_20_TB_17	334.0149
layer_20_TB_18	334.4733
layer_20_TB_19	334.7524
layer_20_TB_20	335.0868
layer_20_TB_21	334.4892
layer_20_TB_22	333.9044
layer_20_TB_23	333.0356
layer_20_TB_24	333.2217
layer_20_TB_25	333.6489
layer_20_TB_26	334.0508
layer_20_TB_27	334.3032
layer_20_TB_28	334.6454
layer_20_TB_29	334.0696
layer_20_TB_30	333.5442
layer_20_TB_31	332.7669
hsp_TB_0	329.2603
hsp_TB_1	329.9853
hsp_TB_2	330.3971
hsp_TB_3	330.6089
hsp_TB_4	330.6628
hsp_TB_5	330.3919
hsp_TB_6	329.9227
hsp_TB_7	329.1206
hsp_TB_8	329.5723
hsp_TB_9	330.3918
hsp_TB_10	330.8642
hsp_TB_11	331.1078
hsp_TB_12	331.1711
hsp_TB_13	330.8582
hsp_TB_14	330.3207
hsp_TB_15	329.4133
hsp_TB_16	329.5771
hsp_TB_17	330.3937
hsp_TB_18	330.8655
hsp_TB_19	331.1100
hsp_TB_20	331.1762
hsp_TB_21	330.8602
hsp_TB_22	330.3216
hsp_TB_23	329.4137
hsp_TB_24	329.2759
hsp_TB_25	329.9903
hsp_TB_26	330.4003
hsp_TB_27	330.6147
hsp_TB_28	330.6803
hsp_TB_29	330.3973
hsp_TB_30	329.9248
hsp_TB_31	329.1217
hsink_TB_0	327.8471
hsink_TB_1	328.5081
hsink_TB_2	328.9065
hsink_TB_3	329.0971
hsink_TB_4	329.0991
hsink_TB_5	328.8907
hsink_TB_6	328.4676
hsink_TB_7	327.7851
hsink_TB_8	328.0785
hsink_TB_9	328.8341
hsink_TB_10	329.2936
hsink_TB_11	329.5141
hsink_TB_12	329.5166
hsink_TB_13	329.2753
hsink_TB_14	328.7874
hsink_TB_15	328.0077
hsink_TB_16	328.0799
hsink_TB_17	328.8352
hsink_TB_18	329.2945
hsink_TB_19	329.5152
hsink_TB_20	329.5181
hsink_TB_21	329.2764
hsink_TB_22	328.7880
hsink_TB_23	328.0081
hsink_TB_24	327.8505
hsink_TB_25	328.5106
hsink_TB_26	328.9087
hsink_TB_27	329.0999
hsink_TB_28	329.1031
hsink_TB_29	328.8932
hsink_TB_30	328.4691
hsink_TB_31	327.7860
inode_0	325.8954
inode_1	325.8342
inode_2	326.3809
inode_3	326.3783
inode_4	325.8601
inode_5	325.7998
inode_6	326.3526
inode_7	326.3501
inode_8	324.7783
inode_9	324.7264
inode_10	325.0524
inode_11	325.0503
inode_12	350.5765
inode_13	350.3155
inode_14	350.1594
inode_15	350.1569
inode_16	350.5557
inode_17	350.2979
inode_18	350.1539
inode_19	350.1514
inode_20	347.0699
inode_21	346.9132
inode_22	349.1957
inode_23	349.1935
inode_24	337.4436
inode_25	337.3390
inode_26	337.6319
inode_27	337.6305
