pcb_LC_0	348.7020
pcb_LC_1	349.8274
pcb_LC_2	350.3169
pcb_LC_3	350.5102
pcb_LC_4	350.5102
pcb_LC_5	350.3170
pcb_LC_6	349.8279
pcb_LC_7	348.7026
pcb_LC_8	348.6458
pcb_LC_9	349.9550
pcb_LC_10	350.5736
pcb_LC_11	350.8258
pcb_LC_12	350.8258
pcb_LC_13	350.5735
pcb_LC_14	349.9553
pcb_LC_15	348.6463
pcb_LC_16	348.6149
pcb_LC_17	349.8986
pcb_LC_18	350.5069
pcb_LC_19	350.7559
pcb_LC_20	350.7558
pcb_LC_21	350.5068
pcb_LC_22	349.8987
pcb_LC_23	348.6154
pcb_LC_24	348.6101
pcb_LC_25	349.6786
pcb_LC_26	350.1474
pcb_LC_27	350.3343
pcb_LC_28	350.3342
pcb_LC_29	350.1472
pcb_LC_30	349.6786
pcb_LC_31	348.6104
solder_LC_0	350.6627
solder_LC_1	351.0759
solder_LC_2	351.3628
solder_LC_3	351.5045
solder_LC_4	351.5046
solder_LC_5	351.3629
solder_LC_6	351.0774
solder_LC_7	350.6643
solder_LC_8	350.6933
solder_LC_9	351.1950
solder_LC_10	351.5556
solder_LC_11	351.7371
solder_LC_12	351.7369
solder_LC_13	351.5551
solder_LC_14	351.1956
solder_LC_15	350.6944
solder_LC_16	350.6260
solder_LC_17	351.0893
solder_LC_18	351.4370
solder_LC_19	351.6150
solder_LC_20	351.6147
solder_LC_21	351.4361
solder_LC_22	351.0892
solder_LC_23	350.6266
solder_LC_24	350.4786
solder_LC_25	350.8064
solder_LC_26	351.0667
solder_LC_27	351.2020
solder_LC_28	351.2018
solder_LC_29	351.0661
solder_LC_30	350.8062
solder_LC_31	350.4790
sub_LC_0	350.9327
sub_LC_1	351.3573
sub_LC_2	351.6671
sub_LC_3	351.8192
sub_LC_4	351.8194
sub_LC_5	351.6671
sub_LC_6	351.3597
sub_LC_7	350.9354
sub_LC_8	350.9035
sub_LC_9	351.4059
sub_LC_10	351.7824
sub_LC_11	351.9717
sub_LC_12	351.9715
sub_LC_13	351.7814
sub_LC_14	351.4066
sub_LC_15	350.9049
sub_LC_16	350.8089
sub_LC_17	351.2773
sub_LC_18	351.6417
sub_LC_19	351.8281
sub_LC_20	351.8276
sub_LC_21	351.6401
sub_LC_22	351.2771
sub_LC_23	350.8095
sub_LC_24	350.6502
sub_LC_25	350.9986
sub_LC_26	351.2826
sub_LC_27	351.4304
sub_LC_28	351.4301
sub_LC_29	351.2818
sub_LC_30	350.9983
sub_LC_31	350.6505
layer_3_LC_0	353.3717
layer_3_LC_1	354.0017
layer_3_LC_2	354.5379
layer_3_LC_3	354.7820
layer_3_LC_4	354.7840
layer_3_LC_5	354.5365
layer_3_LC_6	354.0150
layer_3_LC_7	353.3850
layer_3_LC_8	352.6962
layer_3_LC_9	353.3677
layer_3_LC_10	353.9335
layer_3_LC_11	354.2075
layer_3_LC_12	354.2065
layer_3_LC_13	353.9261
layer_3_LC_14	353.3695
layer_3_LC_15	352.6998
layer_3_LC_16	352.3663
layer_3_LC_17	353.0326
layer_3_LC_18	353.5943
layer_3_LC_19	353.8705
layer_3_LC_20	353.8688
layer_3_LC_21	353.5853
layer_3_LC_22	353.0309
layer_3_LC_23	352.3665
layer_3_LC_24	352.1114
layer_3_LC_25	352.7295
layer_3_LC_26	353.2488
layer_3_LC_27	353.5116
layer_3_LC_28	353.5106
layer_3_LC_29	353.2454
layer_3_LC_30	352.7282
layer_3_LC_31	352.1111
layer_4_TB_0	353.2807
layer_4_TB_1	353.9108
layer_4_TB_2	354.4468
layer_4_TB_3	354.6906
layer_4_TB_4	354.6927
layer_4_TB_5	354.4454
layer_4_TB_6	353.9242
layer_4_TB_7	353.2941
layer_4_TB_8	352.6038
layer_4_TB_9	353.2755
layer_4_TB_10	353.8410
layer_4_TB_11	354.1148
layer_4_TB_12	354.1139
layer_4_TB_13	353.8336
layer_4_TB_14	353.2772
layer_4_TB_15	352.6074
layer_4_TB_16	352.2746
layer_4_TB_17	352.9411
layer_4_TB_18	353.5025
layer_4_TB_19	353.7786
layer_4_TB_20	353.7769
layer_4_TB_21	353.4936
layer_4_TB_22	352.9394
layer_4_TB_23	352.2748
layer_4_TB_24	352.0196
layer_4_TB_25	352.6380
layer_4_TB_26	353.1570
layer_4_TB_27	353.4196
layer_4_TB_28	353.4187
layer_4_TB_29	353.1536
layer_4_TB_30	352.6367
layer_4_TB_31	352.0193
layer_5_B_0	352.3709
layer_5_B_1	353.0022
layer_5_B_2	353.5360
layer_5_B_3	353.7773
layer_5_B_4	353.7795
layer_5_B_5	353.5346
layer_5_B_6	353.0158
layer_5_B_7	352.3843
layer_5_B_8	351.6796
layer_5_B_9	352.3532
layer_5_B_10	352.9166
layer_5_B_11	353.1885
layer_5_B_12	353.1876
layer_5_B_13	352.9090
layer_5_B_14	352.3550
layer_5_B_15	351.6831
layer_5_B_16	351.3571
layer_5_B_17	352.0259
layer_5_B_18	352.5855
layer_5_B_19	352.8596
layer_5_B_20	352.8579
layer_5_B_21	352.5764
layer_5_B_22	352.0243
layer_5_B_23	351.3573
layer_5_B_24	351.1020
layer_5_B_25	351.7225
layer_5_B_26	352.2395
layer_5_B_27	352.5004
layer_5_B_28	352.4994
layer_5_B_29	352.2361
layer_5_B_30	351.7212
layer_5_B_31	351.1016
layer_6_TB_0	352.2324
layer_6_TB_1	352.8641
layer_6_TB_2	353.3974
layer_6_TB_3	353.6386
layer_6_TB_4	353.6408
layer_6_TB_5	353.3960
layer_6_TB_6	352.8776
layer_6_TB_7	352.2457
layer_6_TB_8	351.5493
layer_6_TB_9	352.2235
layer_6_TB_10	352.7866
layer_6_TB_11	353.0582
layer_6_TB_12	353.0572
layer_6_TB_13	352.7790
layer_6_TB_14	352.2252
layer_6_TB_15	351.5527
layer_6_TB_16	351.2282
layer_6_TB_17	351.8977
layer_6_TB_18	352.4569
layer_6_TB_19	352.7307
layer_6_TB_20	352.7290
layer_6_TB_21	352.4478
layer_6_TB_22	351.8960
layer_6_TB_23	351.2284
layer_6_TB_24	350.9729
layer_6_TB_25	351.5940
layer_6_TB_26	352.1106
layer_6_TB_27	352.3712
layer_6_TB_28	352.3703
layer_6_TB_29	352.1073
layer_6_TB_30	351.5927
layer_6_TB_31	350.9726
layer_7_B_32	350.8473
layer_7_B_33	351.4834
layer_7_B_34	352.0118
layer_7_B_35	352.2519
layer_7_B_36	352.2543
layer_7_B_37	352.0102
layer_7_B_38	351.4956
layer_7_B_39	350.8590
layer_7_B_40	350.2452
layer_7_B_41	350.9258
layer_7_B_42	351.4860
layer_7_B_43	351.7547
layer_7_B_44	351.7538
layer_7_B_45	351.4781
layer_7_B_46	350.9273
layer_7_B_47	350.2485
layer_7_B_48	349.9387
layer_7_B_49	350.6147
layer_7_B_50	351.1715
layer_7_B_51	351.4422
layer_7_B_52	351.4405
layer_7_B_53	351.1620
layer_7_B_54	350.6131
layer_7_B_55	349.9388
layer_7_B_56	349.6824
layer_7_B_57	350.3087
layer_7_B_58	350.8218
layer_7_B_59	351.0796
layer_7_B_60	351.0786
layer_7_B_61	350.8186
layer_7_B_62	350.3075
layer_7_B_63	349.6821
layer_8_TB_0	350.6726
layer_8_TB_1	351.3094
layer_8_TB_2	351.8373
layer_8_TB_3	352.0771
layer_8_TB_4	352.0795
layer_8_TB_5	351.8357
layer_8_TB_6	351.3215
layer_8_TB_7	350.6842
layer_8_TB_8	350.0776
layer_8_TB_9	350.7592
layer_8_TB_10	351.3191
layer_8_TB_11	351.5874
layer_8_TB_12	351.5865
layer_8_TB_13	351.3111
layer_8_TB_14	350.7608
layer_8_TB_15	350.0808
layer_8_TB_16	349.7731
layer_8_TB_17	350.4503
layer_8_TB_18	351.0068
layer_8_TB_19	351.2770
layer_8_TB_20	351.2753
layer_8_TB_21	350.9972
layer_8_TB_22	350.4486
layer_8_TB_23	349.7733
layer_8_TB_24	349.5167
layer_8_TB_25	350.1439
layer_8_TB_26	350.6564
layer_8_TB_27	350.9138
layer_8_TB_28	350.9129
layer_8_TB_29	350.6532
layer_8_TB_30	350.1426
layer_8_TB_31	349.5164
layer_9_B_64	348.9259
layer_9_B_65	349.5702
layer_9_B_66	350.0921
layer_9_B_67	350.3290
layer_9_B_68	350.3318
layer_9_B_69	350.0902
layer_9_B_70	349.5812
layer_9_B_71	348.9359
layer_9_B_72	348.4013
layer_9_B_73	349.0936
layer_9_B_74	349.6501
layer_9_B_75	349.9143
layer_9_B_76	349.9135
layer_9_B_77	349.6416
layer_9_B_78	349.0950
layer_9_B_79	348.4042
layer_9_B_80	348.1179
layer_9_B_81	348.8060
layer_9_B_82	349.3595
layer_9_B_83	349.6253
layer_9_B_84	349.6237
layer_9_B_85	349.3493
layer_9_B_86	348.8044
layer_9_B_87	348.1180
layer_9_B_88	347.8596
layer_9_B_89	348.4952
layer_9_B_90	349.0027
layer_9_B_91	349.2559
layer_9_B_92	349.2551
layer_9_B_93	348.9997
layer_9_B_94	348.4940
layer_9_B_95	347.8593
layer_10_TB_0	348.7157
layer_10_TB_1	349.3612
layer_10_TB_2	349.8824
layer_10_TB_3	350.1188
layer_10_TB_4	350.1216
layer_10_TB_5	349.8805
layer_10_TB_6	349.3721
layer_10_TB_7	348.7257
layer_10_TB_8	348.1973
layer_10_TB_9	348.8912
layer_10_TB_10	349.4472
layer_10_TB_11	349.7109
layer_10_TB_12	349.7101
layer_10_TB_13	349.4387
layer_10_TB_14	348.8926
layer_10_TB_15	348.2002
layer_10_TB_16	347.9166
layer_10_TB_17	348.6063
layer_10_TB_18	349.1592
layer_10_TB_19	349.4246
layer_10_TB_20	349.4231
layer_10_TB_21	349.1491
layer_10_TB_22	348.6047
layer_10_TB_23	347.9167
layer_10_TB_24	347.6580
layer_10_TB_25	348.2948
layer_10_TB_26	348.8017
layer_10_TB_27	349.0543
layer_10_TB_28	349.0535
layer_10_TB_29	348.7986
layer_10_TB_30	348.2936
layer_10_TB_31	347.6577
layer_11_B_96	346.6147
layer_11_B_97	347.2710
layer_11_B_98	347.7850
layer_11_B_99	348.0168
layer_11_B_100	348.0200
layer_11_B_101	347.7828
layer_11_B_102	347.2811
layer_11_B_103	346.6232
layer_11_B_104	346.1574
layer_11_B_105	346.8667
layer_11_B_106	347.4186
layer_11_B_107	347.6772
layer_11_B_108	347.6764
layer_11_B_109	347.4094
layer_11_B_110	346.8679
layer_11_B_111	346.1599
layer_11_B_112	345.9036
layer_11_B_113	346.6090
layer_11_B_114	347.1565
layer_11_B_115	347.4181
layer_11_B_116	347.4166
layer_11_B_117	347.1474
layer_11_B_118	346.6075
layer_11_B_119	345.9037
layer_11_B_120	345.6421
layer_11_B_121	346.2907
layer_11_B_122	346.7910
layer_11_B_123	347.0383
layer_11_B_124	347.0375
layer_11_B_125	346.7882
layer_11_B_126	346.2896
layer_11_B_127	345.6418
layer_12_TB_0	346.3701
layer_12_TB_1	347.0278
layer_12_TB_2	347.5408
layer_12_TB_3	347.7721
layer_12_TB_4	347.7754
layer_12_TB_5	347.5388
layer_12_TB_6	347.0379
layer_12_TB_7	346.3784
layer_12_TB_8	345.9180
layer_12_TB_9	346.6294
layer_12_TB_10	347.1807
layer_12_TB_11	347.4388
layer_12_TB_12	347.4380
layer_12_TB_13	347.1715
layer_12_TB_14	346.6306
layer_12_TB_15	345.9205
layer_12_TB_16	345.6675
layer_12_TB_17	346.3749
layer_12_TB_18	346.9219
layer_12_TB_19	347.1829
layer_12_TB_20	347.1815
layer_12_TB_21	346.9128
layer_12_TB_22	346.3735
layer_12_TB_23	345.6676
layer_12_TB_24	345.4056
layer_12_TB_25	346.0557
layer_12_TB_26	346.5552
layer_12_TB_27	346.8018
layer_12_TB_28	346.8010
layer_12_TB_29	346.5524
layer_12_TB_30	346.0547
layer_12_TB_31	345.4053
layer_13_B_128	343.9240
layer_13_B_129	344.5963
layer_13_B_130	345.0990
layer_13_B_131	345.3256
layer_13_B_132	345.3294
layer_13_B_133	345.0983
layer_13_B_134	344.6056
layer_13_B_135	343.9309
layer_13_B_136	343.5245
layer_13_B_137	344.2565
layer_13_B_138	344.8010
layer_13_B_139	345.0546
layer_13_B_140	345.0539
layer_13_B_141	344.7927
layer_13_B_142	344.2574
layer_13_B_143	343.5266
layer_13_B_144	343.3066
layer_13_B_145	344.0346
layer_13_B_146	344.5754
layer_13_B_147	344.8314
layer_13_B_148	344.8301
layer_13_B_149	344.5671
layer_13_B_150	344.0333
layer_13_B_151	343.3066
layer_13_B_152	343.0404
layer_13_B_153	343.7059
layer_13_B_154	344.1970
layer_13_B_155	344.4370
layer_13_B_156	344.4363
layer_13_B_157	344.1945
layer_13_B_158	343.7050
layer_13_B_159	343.0401
layer_14_TB_0	343.6350
layer_14_TB_1	344.3093
layer_14_TB_2	344.8108
layer_14_TB_3	345.0369
layer_14_TB_4	345.0406
layer_14_TB_5	344.8100
layer_14_TB_6	344.3184
layer_14_TB_7	343.6417
layer_14_TB_8	343.2509
layer_14_TB_9	343.9855
layer_14_TB_10	344.5293
layer_14_TB_11	344.7823
layer_14_TB_12	344.7816
layer_14_TB_13	344.5210
layer_14_TB_14	343.9864
layer_14_TB_15	343.2530
layer_14_TB_16	343.0368
layer_14_TB_17	343.7675
layer_14_TB_18	344.3075
layer_14_TB_19	344.5629
layer_14_TB_20	344.5616
layer_14_TB_21	344.2992
layer_14_TB_22	343.7662
layer_14_TB_23	343.0368
layer_14_TB_24	342.7700
layer_14_TB_25	343.4375
layer_14_TB_26	343.9275
layer_14_TB_27	344.1668
layer_14_TB_28	344.1661
layer_14_TB_29	343.9251
layer_14_TB_30	343.4365
layer_14_TB_31	342.7697
layer_15_B_160	340.7451
layer_15_B_161	341.4394
layer_15_B_162	341.9290
layer_15_B_163	342.1504
layer_15_B_164	342.1531
layer_15_B_165	341.9279
layer_15_B_166	341.4463
layer_15_B_167	340.7503
layer_15_B_168	340.5148
layer_15_B_169	341.2756
layer_15_B_170	341.8117
layer_15_B_171	342.0591
layer_15_B_172	342.0585
layer_15_B_173	341.8041
layer_15_B_174	341.2762
layer_15_B_175	340.5165
layer_15_B_176	340.3389
layer_15_B_177	341.0958
layer_15_B_178	341.6287
layer_15_B_179	341.8778
layer_15_B_180	341.8767
layer_15_B_181	341.6210
layer_15_B_182	341.0946
layer_15_B_183	340.3389
layer_15_B_184	340.0663
layer_15_B_185	340.7531
layer_15_B_186	341.2329
layer_15_B_187	341.4643
layer_15_B_188	341.4637
layer_15_B_189	341.2308
layer_15_B_190	340.7523
layer_15_B_191	340.0660
layer_16_TB_0	340.4237
layer_16_TB_1	341.1205
layer_16_TB_2	341.6087
layer_16_TB_3	341.8295
layer_16_TB_4	341.8321
layer_16_TB_5	341.6076
layer_16_TB_6	341.1272
layer_16_TB_7	340.4288
layer_16_TB_8	340.2084
layer_16_TB_9	340.9724
layer_16_TB_10	341.5076
layer_16_TB_11	341.7543
layer_16_TB_12	341.7537
layer_16_TB_13	341.5000
layer_16_TB_14	340.9730
layer_16_TB_15	340.2100
layer_16_TB_16	340.0367
layer_16_TB_17	340.7967
layer_16_TB_18	341.3288
layer_16_TB_19	341.5772
layer_16_TB_20	341.5762
layer_16_TB_21	341.3212
layer_16_TB_22	340.7956
layer_16_TB_23	340.0367
layer_16_TB_24	339.7633
layer_16_TB_25	340.4524
layer_16_TB_26	340.9310
layer_16_TB_27	341.1615
layer_16_TB_28	341.1609
layer_16_TB_29	340.9289
layer_16_TB_30	340.4516
layer_16_TB_31	339.7630
layer_17_B_192	337.2105
layer_17_B_193	337.9317
layer_17_B_194	338.4061
layer_17_B_195	338.6205
layer_17_B_196	338.6222
layer_17_B_197	338.4046
layer_17_B_198	337.9363
layer_17_B_199	337.2142
layer_17_B_200	337.1439
layer_17_B_201	337.9402
layer_17_B_202	338.4667
layer_17_B_203	338.7065
layer_17_B_204	338.7060
layer_17_B_205	338.4595
layer_17_B_206	337.9405
layer_17_B_207	337.1451
layer_17_B_208	337.0144
layer_17_B_209	337.8067
layer_17_B_210	338.3305
layer_17_B_211	338.5715
layer_17_B_212	338.5706
layer_17_B_213	338.3232
layer_17_B_214	337.8058
layer_17_B_215	337.0144
layer_17_B_216	336.7332
layer_17_B_217	337.4459
layer_17_B_218	337.9121
layer_17_B_219	338.1335
layer_17_B_220	338.1331
layer_17_B_221	337.9105
layer_17_B_222	337.4453
layer_17_B_223	336.7330
layer_18_TB_0	336.8581
layer_18_TB_1	337.5822
layer_18_TB_2	338.0550
layer_18_TB_3	338.2686
layer_18_TB_4	338.2702
layer_18_TB_5	338.0534
layer_18_TB_6	337.5866
layer_18_TB_7	336.8616
layer_18_TB_8	336.8061
layer_18_TB_9	337.6063
layer_18_TB_10	338.1316
layer_18_TB_11	338.3708
layer_18_TB_12	338.3703
layer_18_TB_13	338.1246
layer_18_TB_14	337.6066
layer_18_TB_15	336.8072
layer_18_TB_16	336.6811
layer_18_TB_17	337.4772
layer_18_TB_18	337.9999
layer_18_TB_19	338.2402
layer_18_TB_20	338.2394
layer_18_TB_21	337.9928
layer_18_TB_22	337.4763
layer_18_TB_23	336.6811
layer_18_TB_24	336.3989
layer_18_TB_25	337.1145
layer_18_TB_26	337.5792
layer_18_TB_27	337.7995
layer_18_TB_28	337.7991
layer_18_TB_29	337.5776
layer_18_TB_30	337.1139
layer_18_TB_31	336.3987
layer_19_B_224	333.3339
layer_19_B_225	334.0872
layer_19_B_226	334.5439
layer_19_B_227	334.7496
layer_19_B_228	334.7504
layer_19_B_229	334.5419
layer_19_B_230	334.0897
layer_19_B_231	333.3360
layer_19_B_232	333.4282
layer_19_B_233	334.2675
layer_19_B_234	334.7809
layer_19_B_235	335.0139
layer_19_B_236	335.0135
layer_19_B_237	334.7758
layer_19_B_238	334.2677
layer_19_B_239	333.4289
layer_19_B_240	333.3479
layer_19_B_241	334.1831
layer_19_B_242	334.6942
layer_19_B_243	334.9277
layer_19_B_244	334.9271
layer_19_B_245	334.6891
layer_19_B_246	334.1824
layer_19_B_247	333.3479
layer_19_B_248	333.0556
layer_19_B_249	333.7996
layer_19_B_250	334.2495
layer_19_B_251	334.4595
layer_19_B_252	334.4591
layer_19_B_253	334.2483
layer_19_B_254	333.7992
layer_19_B_255	333.0555
layer_20_TB_0	332.9517
layer_20_TB_1	333.7085
layer_20_TB_2	334.1631
layer_20_TB_3	334.3680
layer_20_TB_4	334.3688
layer_20_TB_5	334.1612
layer_20_TB_6	333.7108
layer_20_TB_7	332.9536
layer_20_TB_8	333.0607
layer_20_TB_9	333.9047
layer_20_TB_10	334.4164
layer_20_TB_11	334.6489
layer_20_TB_12	334.6485
layer_20_TB_13	334.4117
layer_20_TB_14	333.9048
layer_20_TB_15	333.0613
layer_20_TB_16	332.9850
layer_20_TB_17	333.8248
layer_20_TB_18	334.3344
layer_20_TB_19	334.5673
layer_20_TB_20	334.5667
layer_20_TB_21	334.3297
layer_20_TB_22	333.8241
layer_20_TB_23	332.9849
layer_20_TB_24	332.6914
layer_20_TB_25	333.4388
layer_20_TB_26	333.8868
layer_20_TB_27	334.0957
layer_20_TB_28	334.0954
layer_20_TB_29	333.8858
layer_20_TB_30	333.4384
layer_20_TB_31	332.6913
hsp_TB_0	329.1297
hsp_TB_1	329.9211
hsp_TB_2	330.3552
hsp_TB_3	330.5525
hsp_TB_4	330.5525
hsp_TB_5	330.3546
hsp_TB_6	329.9215
hsp_TB_7	329.1301
hsp_TB_8	329.3852
hsp_TB_9	330.2759
hsp_TB_10	330.7721
hsp_TB_11	330.9990
hsp_TB_12	330.9988
hsp_TB_13	330.7710
hsp_TB_14	330.2758
hsp_TB_15	329.3853
hsp_TB_16	329.3554
hsp_TB_17	330.2418
hsp_TB_18	330.7364
hsp_TB_19	330.9631
hsp_TB_20	330.9628
hsp_TB_21	330.7353
hsp_TB_22	330.2415
hsp_TB_23	329.3553
hsp_TB_24	329.0493
hsp_TB_25	329.8304
hsp_TB_26	330.2608
hsp_TB_27	330.4580
hsp_TB_28	330.4578
hsp_TB_29	330.2602
hsp_TB_30	329.8301
hsp_TB_31	329.0492
hsink_TB_0	327.7414
hsink_TB_1	328.4145
hsink_TB_2	328.8206
hsink_TB_3	329.0109
hsink_TB_4	329.0109
hsink_TB_5	328.8205
hsink_TB_6	328.4144
hsink_TB_7	327.7415
hsink_TB_8	327.9557
hsink_TB_9	328.7223
hsink_TB_10	329.1896
hsink_TB_11	329.4093
hsink_TB_12	329.4092
hsink_TB_13	329.1893
hsink_TB_14	328.7222
hsink_TB_15	327.9557
hsink_TB_16	327.9450
hsink_TB_17	328.7089
hsink_TB_18	329.1751
hsink_TB_19	329.3945
hsink_TB_20	329.3944
hsink_TB_21	329.1748
hsink_TB_22	328.7088
hsink_TB_23	327.9449
hsink_TB_24	327.7148
hsink_TB_25	328.3818
hsink_TB_26	328.7854
hsink_TB_27	328.9750
hsink_TB_28	328.9749
hsink_TB_29	328.7852
hsink_TB_30	328.3816
hsink_TB_31	327.7147
inode_0	325.7918
inode_1	325.7918
inode_2	326.2881
inode_3	326.3224
inode_4	325.7575
inode_5	325.7574
inode_6	326.2604
inode_7	326.2941
inode_8	324.6900
inode_9	324.6900
inode_10	324.9748
inode_11	325.0032
inode_12	350.3811
inode_13	350.3820
inode_14	349.9861
inode_15	350.2474
inode_16	350.3623
inode_17	350.3632
inode_18	349.9808
inode_19	350.2415
inode_20	346.9396
inode_21	346.9401
inode_22	349.0384
inode_23	349.2643
inode_24	337.3566
inode_25	337.3569
inode_26	337.5332
inode_27	337.6749
