pcb_C_0	321.6609
pcb_C_1	321.9715
pcb_C_2	322.0764
pcb_C_3	322.1117
pcb_C_4	322.1099
pcb_C_5	322.0700
pcb_C_6	321.9566
pcb_C_7	321.6308
pcb_C_8	321.4814
pcb_C_9	321.8339
pcb_C_10	321.9890
pcb_C_11	322.0483
pcb_C_12	322.0454
pcb_C_13	321.9794
pcb_C_14	321.8162
pcb_C_15	321.4563
pcb_C_16	321.2441
pcb_C_17	321.4515
pcb_C_18	321.5674
pcb_C_19	321.6182
pcb_C_20	321.6152
pcb_C_21	321.5582
pcb_C_22	321.4360
pcb_C_23	321.2235
pcb_C_24	321.0947
pcb_C_25	321.1640
pcb_C_26	321.2204
pcb_C_27	321.2502
pcb_C_28	321.2476
pcb_C_29	321.2123
pcb_C_30	321.1504
pcb_C_31	321.0763
pcb_C_32	320.9986
pcb_C_33	320.9636
pcb_C_34	320.9668
pcb_C_35	320.9751
pcb_C_36	320.9728
pcb_C_37	320.9598
pcb_C_38	320.9517
pcb_C_39	320.9813
pcb_C_40	320.9282
pcb_C_41	320.8170
pcb_C_42	320.7800
pcb_C_43	320.7714
pcb_C_44	320.7695
pcb_C_45	320.7741
pcb_C_46	320.8065
pcb_C_47	320.9119
pcb_C_48	320.8628
pcb_C_49	320.7020
pcb_C_50	320.6437
pcb_C_51	320.6267
pcb_C_52	320.6253
pcb_C_53	320.6392
pcb_C_54	320.6935
pcb_C_55	320.8481
pcb_C_56	320.7532
pcb_C_57	320.6012
pcb_C_58	320.5568
pcb_C_59	320.5448
pcb_C_60	320.5442
pcb_C_61	320.5547
pcb_C_62	320.5967
pcb_C_63	320.7432
solder_C_0	321.8778
solder_C_1	322.1632
solder_C_2	322.2671
solder_C_3	322.3042
solder_C_4	322.3020
solder_C_5	322.2593
solder_C_6	322.1425
solder_C_7	321.8162
solder_C_8	321.6518
solder_C_9	321.9905
solder_C_10	322.1416
solder_C_11	322.2008
solder_C_12	322.1977
solder_C_13	322.1314
solder_C_14	321.9708
solder_C_15	321.6208
solder_C_16	321.2715
solder_C_17	321.4549
solder_C_18	321.5686
solder_C_19	321.6199
solder_C_20	321.6168
solder_C_21	321.5592
solder_C_22	321.4388
solder_C_23	321.2493
solder_C_24	321.0917
solder_C_25	321.1424
solder_C_26	321.2016
solder_C_27	321.2337
solder_C_28	321.2310
solder_C_29	321.1935
solder_C_30	321.1289
solder_C_31	321.0726
solder_C_32	320.9831
solder_C_33	320.9358
solder_C_34	320.9459
solder_C_35	320.9580
solder_C_36	320.9557
solder_C_37	320.9390
solder_C_38	320.9240
solder_C_39	320.9654
solder_C_40	320.9038
solder_C_41	320.7842
solder_C_42	320.7564
solder_C_43	320.7524
solder_C_44	320.7505
solder_C_45	320.7506
solder_C_46	320.7739
solder_C_47	320.8872
solder_C_48	320.8330
solder_C_49	320.6653
solder_C_50	320.6158
solder_C_51	320.6030
solder_C_52	320.6016
solder_C_53	320.6114
solder_C_54	320.6569
solder_C_55	320.8179
solder_C_56	320.7378
solder_C_57	320.5779
solder_C_58	320.5374
solder_C_59	320.5273
solder_C_60	320.5266
solder_C_61	320.5351
solder_C_62	320.5731
solder_C_63	320.7272
sub_C_0	321.9550
sub_C_1	322.2120
sub_C_2	322.3174
sub_C_3	322.3557
sub_C_4	322.3535
sub_C_5	322.3092
sub_C_6	322.1902
sub_C_7	321.8721
sub_C_8	321.7177
sub_C_9	322.0455
sub_C_10	322.1955
sub_C_11	322.2546
sub_C_12	322.2515
sub_C_13	322.1852
sub_C_14	322.0256
sub_C_15	321.6860
sub_C_16	321.2598
sub_C_17	321.4435
sub_C_18	321.5578
sub_C_19	321.6094
sub_C_20	321.6063
sub_C_21	321.5484
sub_C_22	321.4274
sub_C_23	321.2376
sub_C_24	321.0735
sub_C_25	321.1319
sub_C_26	321.1936
sub_C_27	321.2265
sub_C_28	321.2239
sub_C_29	321.1856
sub_C_30	321.1184
sub_C_31	321.0546
sub_C_32	320.9601
sub_C_33	320.9250
sub_C_34	320.9389
sub_C_35	320.9523
sub_C_36	320.9500
sub_C_37	320.9321
sub_C_38	320.9133
sub_C_39	320.9427
sub_C_40	320.8766
sub_C_41	320.7720
sub_C_42	320.7488
sub_C_43	320.7464
sub_C_44	320.7445
sub_C_45	320.7431
sub_C_46	320.7618
sub_C_47	320.8603
sub_C_48	320.8021
sub_C_49	320.6508
sub_C_50	320.6060
sub_C_51	320.5946
sub_C_52	320.5932
sub_C_53	320.6016
sub_C_54	320.6425
sub_C_55	320.7874
sub_C_56	320.7059
sub_C_57	320.5590
sub_C_58	320.5210
sub_C_59	320.5115
sub_C_60	320.5108
sub_C_61	320.5186
sub_C_62	320.5542
sub_C_63	320.6954
layer_3_C_0	322.6689
layer_3_C_1	322.6768
layer_3_C_2	322.7889
layer_3_C_3	322.8364
layer_3_C_4	322.8331
layer_3_C_5	322.7774
layer_3_C_6	322.6474
layer_3_C_7	322.3811
layer_3_C_8	322.3201
layer_3_C_9	322.5855
layer_3_C_10	322.7247
layer_3_C_11	322.7840
layer_3_C_12	322.7804
layer_3_C_13	322.7133
layer_3_C_14	322.5639
layer_3_C_15	322.2847
layer_3_C_16	321.1218
layer_3_C_17	321.3239
layer_3_C_18	321.4442
layer_3_C_19	321.4984
layer_3_C_20	321.4953
layer_3_C_21	321.4346
layer_3_C_22	321.3078
layer_3_C_23	321.1005
layer_3_C_24	320.8966
layer_3_C_25	321.0295
layer_3_C_26	321.1161
layer_3_C_27	321.1569
layer_3_C_28	321.1543
layer_3_C_29	321.1082
layer_3_C_30	321.0167
layer_3_C_31	320.8799
layer_3_C_32	320.7463
layer_3_C_33	320.8198
layer_3_C_34	320.8718
layer_3_C_35	320.8975
layer_3_C_36	320.8953
layer_3_C_37	320.8653
layer_3_C_38	320.8092
layer_3_C_39	320.7320
layer_3_C_40	320.6293
layer_3_C_41	320.6541
layer_3_C_42	320.6763
layer_3_C_43	320.6883
layer_3_C_44	320.6865
layer_3_C_45	320.6708
layer_3_C_46	320.6450
layer_3_C_47	320.6165
layer_3_C_48	320.5249
layer_3_C_49	320.5110
layer_3_C_50	320.5109
layer_3_C_51	320.5129
layer_3_C_52	320.5114
layer_3_C_53	320.5066
layer_3_C_54	320.5035
layer_3_C_55	320.5136
layer_3_C_56	320.4108
layer_3_C_57	320.3738
layer_3_C_58	320.3627
layer_3_C_59	320.3600
layer_3_C_60	320.3590
layer_3_C_61	320.3598
layer_3_C_62	320.3684
layer_3_C_63	320.4019
layer_4_TB_0	322.5908
layer_4_TB_1	322.6149
layer_4_TB_2	322.7269
layer_4_TB_3	322.7744
layer_4_TB_4	322.7712
layer_4_TB_5	322.7155
layer_4_TB_6	322.5855
layer_4_TB_7	322.3191
layer_4_TB_8	322.2584
layer_4_TB_9	322.5239
layer_4_TB_10	322.6631
layer_4_TB_11	322.7223
layer_4_TB_12	322.7188
layer_4_TB_13	322.6517
layer_4_TB_14	322.5023
layer_4_TB_15	322.2231
layer_4_TB_16	321.1214
layer_4_TB_17	321.3236
layer_4_TB_18	321.4439
layer_4_TB_19	321.4981
layer_4_TB_20	321.4950
layer_4_TB_21	321.4343
layer_4_TB_22	321.3074
layer_4_TB_23	321.1001
layer_4_TB_24	320.8963
layer_4_TB_25	321.0294
layer_4_TB_26	321.1160
layer_4_TB_27	321.1568
layer_4_TB_28	321.1542
layer_4_TB_29	321.1081
layer_4_TB_30	321.0166
layer_4_TB_31	320.8797
layer_4_TB_32	320.7461
layer_4_TB_33	320.8197
layer_4_TB_34	320.8717
layer_4_TB_35	320.8974
layer_4_TB_36	320.8952
layer_4_TB_37	320.8652
layer_4_TB_38	320.8091
layer_4_TB_39	320.7318
layer_4_TB_40	320.6291
layer_4_TB_41	320.6539
layer_4_TB_42	320.6762
layer_4_TB_43	320.6882
layer_4_TB_44	320.6864
layer_4_TB_45	320.6708
layer_4_TB_46	320.6449
layer_4_TB_47	320.6162
layer_4_TB_48	320.5246
layer_4_TB_49	320.5109
layer_4_TB_50	320.5108
layer_4_TB_51	320.5128
layer_4_TB_52	320.5114
layer_4_TB_53	320.5065
layer_4_TB_54	320.5034
layer_4_TB_55	320.5133
layer_4_TB_56	320.4105
layer_4_TB_57	320.3735
layer_4_TB_58	320.3626
layer_4_TB_59	320.3598
layer_4_TB_60	320.3589
layer_4_TB_61	320.3596
layer_4_TB_62	320.3682
layer_4_TB_63	320.4016
hsp_TB_0	321.8096
hsp_TB_1	321.9951
hsp_TB_2	322.1074
hsp_TB_3	322.1549
hsp_TB_4	322.1516
hsp_TB_5	322.0959
hsp_TB_6	321.9662
hsp_TB_7	321.6997
hsp_TB_8	321.6417
hsp_TB_9	321.9078
hsp_TB_10	322.0468
hsp_TB_11	322.1059
hsp_TB_12	322.1024
hsp_TB_13	322.0353
hsp_TB_14	321.8863
hsp_TB_15	321.6069
hsp_TB_16	321.1175
hsp_TB_17	321.3205
hsp_TB_18	321.4409
hsp_TB_19	321.4951
hsp_TB_20	321.4919
hsp_TB_21	321.4312
hsp_TB_22	321.3043
hsp_TB_23	321.0962
hsp_TB_24	320.8941
hsp_TB_25	321.0283
hsp_TB_26	321.1151
hsp_TB_27	321.1561
hsp_TB_28	321.1534
hsp_TB_29	321.1072
hsp_TB_30	321.0155
hsp_TB_31	320.8775
hsp_TB_32	320.7437
hsp_TB_33	320.8186
hsp_TB_34	320.8710
hsp_TB_35	320.8968
hsp_TB_36	320.8946
hsp_TB_37	320.8645
hsp_TB_38	320.8080
hsp_TB_39	320.7294
hsp_TB_40	320.6265
hsp_TB_41	320.6527
hsp_TB_42	320.6754
hsp_TB_43	320.6876
hsp_TB_44	320.6858
hsp_TB_45	320.6700
hsp_TB_46	320.6436
hsp_TB_47	320.6137
hsp_TB_48	320.5219
hsp_TB_49	320.5095
hsp_TB_50	320.5098
hsp_TB_51	320.5119
hsp_TB_52	320.5105
hsp_TB_53	320.5055
hsp_TB_54	320.5020
hsp_TB_55	320.5106
hsp_TB_56	320.4073
hsp_TB_57	320.3713
hsp_TB_58	320.3606
hsp_TB_59	320.3579
hsp_TB_60	320.3570
hsp_TB_61	320.3576
hsp_TB_62	320.3660
hsp_TB_63	320.3985
hsink_TB_0	321.5002
hsink_TB_1	321.7307
hsink_TB_2	321.8457
hsink_TB_3	321.8933
hsink_TB_4	321.8900
hsink_TB_5	321.8344
hsink_TB_6	321.7054
hsink_TB_7	321.4480
hsink_TB_8	321.3929
hsink_TB_9	321.6536
hsink_TB_10	321.7922
hsink_TB_11	321.8513
hsink_TB_12	321.8478
hsink_TB_13	321.7808
hsink_TB_14	321.6325
hsink_TB_15	321.3617
hsink_TB_16	321.0983
hsink_TB_17	321.3007
hsink_TB_18	321.4210
hsink_TB_19	321.4752
hsink_TB_20	321.4720
hsink_TB_21	321.4114
hsink_TB_22	321.2846
hsink_TB_23	321.0772
hsink_TB_24	320.8902
hsink_TB_25	321.0247
hsink_TB_26	321.1116
hsink_TB_27	321.1526
hsink_TB_28	321.1499
hsink_TB_29	321.1037
hsink_TB_30	321.0120
hsink_TB_31	320.8736
hsink_TB_32	320.7408
hsink_TB_33	320.8162
hsink_TB_34	320.8688
hsink_TB_35	320.8946
hsink_TB_36	320.8924
hsink_TB_37	320.8623
hsink_TB_38	320.8056
hsink_TB_39	320.7265
hsink_TB_40	320.6237
hsink_TB_41	320.6504
hsink_TB_42	320.6733
hsink_TB_43	320.6856
hsink_TB_44	320.6838
hsink_TB_45	320.6679
hsink_TB_46	320.6414
hsink_TB_47	320.6109
hsink_TB_48	320.5190
hsink_TB_49	320.5072
hsink_TB_50	320.5078
hsink_TB_51	320.5099
hsink_TB_52	320.5085
hsink_TB_53	320.5034
hsink_TB_54	320.4997
hsink_TB_55	320.5078
hsink_TB_56	320.4044
hsink_TB_57	320.3688
hsink_TB_58	320.3583
hsink_TB_59	320.3556
hsink_TB_60	320.3547
hsink_TB_61	320.3553
hsink_TB_62	320.3635
hsink_TB_63	320.3956
inode_0	320.5904
inode_1	320.5709
inode_2	320.1154
inode_3	321.3529
inode_4	320.5857
inode_5	320.5663
inode_6	320.1122
inode_7	321.3449
inode_8	320.3757
inode_9	320.3579
inode_10	319.9430
inode_11	321.0694
inode_12	321.1581
inode_13	321.1340
inode_14	320.5859
inode_15	322.1223
inode_16	321.1577
inode_17	321.1337
inode_18	320.5865
inode_19	322.1196
inode_20	321.0360
inode_21	321.0166
inode_22	320.5262
inode_23	321.8568
inode_24	320.3638
inode_25	320.3489
inode_26	319.9727
inode_27	320.9934
