C_0	C_1	C_2	C_3	C_4	C_5	C_6	C_7	C_8	C_9	C_10	C_11	C_12	C_13	C_14	C_15	C_16	C_17	C_18	C_19	C_20	C_21	C_22	C_23	C_24	C_25	C_26	C_27	C_28	C_29	C_30	C_31	
68.65	69.54	69.54	68.69	69.48	70.82	70.82	69.46	69.44	70.79	70.79	69.46	68.73	69.61	69.61	68.68	66.38	67.26	67.24	66.42	67.16	68.43	68.39	67.09	67.13	68.43	68.39	67.09	66.36	67.17	67.15	66.29
68.67	69.57	69.57	68.77	69.46	70.72	70.72	69.40	69.37	70.67	70.67	69.43	68.84	69.70	69.69	68.74	66.20	67.12	67.11	66.28	66.87	68.07	68.05	66.79	66.80	68.07	68.05	66.82	66.16	66.94	66.93	66.05
68.70	69.60	69.36	68.60	69.22	70.40	70.66	69.38	69.32	70.59	70.34	69.18	68.70	69.53	69.77	68.80	66.11	67.05	67.04	66.23	66.71	67.85	67.83	66.61	66.60	67.83	67.82	66.66	66.06	66.80	66.79	65.92
68.72	69.62	69.57	68.84	69.41	70.55	70.60	69.35	69.28	70.51	70.46	69.35	68.94	69.77	69.81	68.83	66.05	67.00	67.00	66.20	66.60	67.68	67.67	66.48	66.45	67.66	67.65	66.54	65.99	66.71	66.69	65.83
68.79	69.68	69.63	68.92	69.44	70.54	70.59	69.37	69.29	70.50	70.44	69.38	69.04	69.84	69.89	68.91	66.02	66.97	66.97	66.19	66.53	67.56	67.55	66.39	66.35	67.52	67.52	66.45	65.95	66.64	66.62	65.77
68.86	69.75	69.70	69.02	69.50	70.55	70.61	69.41	69.32	70.50	70.44	69.43	69.14	69.93	69.98	68.99	66.00	66.95	66.96	66.19	66.48	67.47	67.46	66.32	66.27	67.41	67.42	66.39	65.92	66.58	66.57	65.72
68.81	69.71	69.77	69.12	69.57	70.58	70.52	69.33	69.24	70.40	70.46	69.49	69.24	70.01	69.95	68.95	65.99	66.95	66.95	66.20	66.45	67.39	67.38	66.27	66.20	67.32	67.33	66.34	65.91	66.55	66.53	65.68
68.78	69.68	69.73	69.10	69.52	70.49	70.44	69.28	69.18	70.32	70.37	69.44	69.23	69.98	69.93	68.92	65.98	66.94	66.95	66.21	66.42	67.33	67.32	66.23	66.15	67.25	67.26	66.31	65.90	66.52	66.50	65.66
68.86	69.75	69.70	69.09	69.48	70.42	70.47	69.33	69.22	70.35	70.30	69.41	69.22	69.96	70.01	69.00	65.98	66.94	66.95	66.23	66.41	67.28	67.27	66.19	66.10	67.19	67.20	66.28	65.89	66.49	66.47	65.64
68.86	69.75	69.77	69.18	69.55	70.46	70.44	69.31	69.20	70.31	70.33	69.47	69.31	70.04	70.02	69.01	65.98	66.94	66.95	66.24	66.40	67.24	67.22	66.16	66.07	67.13	67.14	66.26	65.89	66.48	66.45	65.62
68.87	69.75	69.78	69.21	69.56	70.43	70.41	69.29	69.19	70.28	70.31	69.48	69.35	70.06	70.03	69.02	65.98	66.93	66.96	66.26	66.39	67.20	67.18	66.14	66.03	67.08	67.10	66.24	65.90	66.46	66.43	65.61
68.86	69.75	69.79	69.23	69.56	70.41	70.38	69.27	69.16	70.25	70.29	69.49	69.38	70.07	70.03	69.02	65.98	66.93	66.96	66.27	66.39	67.17	67.14	66.11	66.00	67.03	67.05	66.22	65.90	66.45	66.42	65.60
68.86	69.74	69.79	69.24	69.56	70.38	70.34	69.25	69.14	70.22	70.26	69.49	69.39	70.07	70.03	69.02	65.98	66.93	66.96	66.29	66.38	67.14	67.11	66.09	65.98	66.99	67.01	66.21	65.90	66.43	66.40	65.59
68.89	69.77	69.78	69.26	69.55	70.35	70.34	69.26	69.15	70.22	70.23	69.49	69.41	70.07	70.06	69.05	65.98	66.93	66.96	66.30	66.38	67.11	67.08	66.07	65.95	66.95	66.98	66.20	65.91	66.42	66.39	65.58
68.90	69.78	69.81	69.30	69.58	70.35	70.33	69.26	69.15	70.21	70.23	69.52	69.45	70.11	70.08	69.07	65.98	66.93	66.96	66.32	66.38	67.08	67.05	66.06	65.93	66.91	66.94	66.19	65.91	66.41	66.37	65.57
68.90	69.78	69.83	69.34	69.60	70.35	70.31	69.25	69.14	70.18	70.23	69.54	69.49	70.13	70.08	69.07	65.98	66.92	66.96	66.33	66.39	67.06	67.02	66.04	65.90	66.88	66.91	66.18	65.92	66.40	66.36	65.56
68.90	69.78	69.84	69.36	69.61	70.33	70.28	69.24	69.13	70.16	70.22	69.55	69.51	70.14	70.08	69.07	65.97	66.92	66.96	66.35	66.39	67.04	67.00	66.02	65.88	66.84	66.88	66.17	65.92	66.39	66.35	65.55
68.91	69.78	69.84	69.38	69.62	70.32	70.26	69.23	69.12	70.15	70.21	69.56	69.53	70.14	70.08	69.08	65.97	66.91	66.96	66.36	66.39	67.02	66.97	66.01	65.86	66.81	66.85	66.16	65.93	66.38	66.33	65.54
68.91	69.78	69.85	69.40	69.63	70.31	70.25	69.22	69.11	70.13	70.20	69.58	69.55	70.15	70.08	69.08	65.97	66.91	66.95	66.37	66.39	67.00	66.95	66.00	65.84	66.78	66.82	66.15	65.93	66.37	66.32	65.53
68.91	69.78	69.85	69.42	69.64	70.29	70.23	69.21	69.11	70.12	70.19	69.59	69.57	70.15	70.08	69.09	65.97	66.90	66.95	66.38	66.40	66.98	66.93	65.98	65.82	66.75	66.79	66.15	65.93	66.36	66.31	65.52
68.92	69.78	69.86	69.44	69.65	70.28	70.22	69.20	69.10	70.10	70.18	69.60	69.59	70.16	70.08	69.09	65.96	66.89	66.95	66.39	66.40	66.97	66.91	65.97	65.80	66.72	66.76	66.14	65.94	66.35	66.29	65.52
68.92	69.78	69.86	69.46	69.66	70.27	70.20	69.20	69.10	70.09	70.17	69.61	69.61	70.16	70.08	69.09	65.96	66.88	66.94	66.40	66.41	66.95	66.89	65.96	65.78	66.69	66.74	66.14	65.94	66.34	66.28	65.51
68.92	69.79	69.87	69.48	69.67	70.26	70.19	69.19	69.09	70.08	70.16	69.63	69.63	70.17	70.08	69.09	65.95	66.88	66.94	66.41	66.41	66.94	66.87	65.95	65.76	66.66	66.71	66.13	65.94	66.33	66.27	65.50
68.92	69.78	69.87	69.49	69.67	70.25	70.17	69.18	69.08	70.07	70.15	69.64	69.64	70.16	70.08	69.09	65.95	66.87	66.93	66.42	66.42	66.92	66.86	65.94	65.75	66.64	66.69	66.12	65.95	66.32	66.26	65.49
68.93	69.79	69.88	69.51	69.69	70.24	70.16	69.18	69.08	70.06	70.15	69.65	69.66	70.16	70.08	69.09	65.94	66.86	66.93	66.43	66.42	66.91	66.84	65.93	65.73	66.61	66.67	66.12	65.95	66.31	66.24	65.48
68.93	69.79	69.88	69.52	69.69	70.23	70.15	69.17	69.07	70.05	70.14	69.66	69.67	70.17	70.07	69.09	65.94	66.85	66.92	66.43	66.42	66.90	66.82	65.92	65.71	66.59	66.64	66.12	65.95	66.30	66.23	65.47
68.93	69.79	69.89	69.54	69.70	70.23	70.14	69.16	69.07	70.04	70.14	69.67	69.69	70.17	70.07	69.09	65.93	66.84	66.91	66.44	66.43	66.88	66.81	65.91	65.70	66.56	66.62	66.11	65.95	66.29	66.22	65.46
68.93	69.79	69.89	69.55	69.71	70.22	70.13	69.16	69.06	70.03	70.13	69.68	69.70	70.17	70.07	69.09	65.92	66.83	66.91	66.45	66.43	66.87	66.79	65.90	65.68	66.54	66.60	66.11	65.95	66.28	66.20	65.45
68.93	69.79	69.89	69.57	69.72	70.21	70.11	69.15	69.06	70.02	70.13	69.69	69.71	70.17	70.06	69.09	65.92	66.82	66.90	66.45	66.44	66.86	66.78	65.89	65.66	66.52	66.58	66.10	65.96	66.27	66.19	65.45
68.93	69.78	69.90	69.58	69.73	70.20	70.10	69.15	69.05	70.01	70.12	69.70	69.73	70.17	70.06	69.09	65.91	66.81	66.89	66.46	66.44	66.85	66.76	65.88	65.65	66.49	66.56	66.10	65.96	66.26	66.18	65.44
68.93	69.78	69.90	69.60	69.74	70.20	70.09	69.14	69.05	70.00	70.12	69.72	69.74	70.17	70.05	69.08	65.90	66.80	66.89	66.47	66.44	66.84	66.75	65.87	65.63	66.47	66.55	66.10	65.96	66.26	66.17	65.43
68.93	69.78	69.90	69.61	69.74	70.19	70.08	69.13	69.04	70.00	70.12	69.73	69.75	70.17	70.05	69.08	65.90	66.79	66.88	66.47	66.45	66.83	66.73	65.86	65.62	66.45	66.53	66.09	65.96	66.25	66.16	65.42
68.93	69.78	69.90	69.62	69.75	70.18	70.07	69.13	69.04	69.99	70.11	69.74	69.76	70.17	70.04	69.08	65.89	66.78	66.87	66.48	66.45	66.82	66.72	65.85	65.61	66.43	66.51	66.09	65.96	66.24	66.14	65.41
68.93	69.78	69.91	69.64	69.76	70.18	70.06	69.12	69.03	69.98	70.11	69.74	69.77	70.16	70.04	69.07	65.88	66.76	66.87	66.48	66.46	66.81	66.71	65.84	65.59	66.41	66.49	66.08	65.96	66.23	66.13	65.40
68.93	69.78	69.91	69.65	69.77	70.17	70.05	69.12	69.03	69.97	70.11	69.75	69.78	70.16	70.03	69.07	65.87	66.75	66.86	66.48	66.46	66.81	66.69	65.83	65.58	66.39	66.48	66.08	65.96	66.22	66.12	65.39
68.93	69.78	69.91	69.66	69.78	70.17	70.04	69.11	69.02	69.96	70.10	69.76	69.79	70.16	70.02	69.07	65.87	66.74	66.85	66.49	66.46	66.80	66.68	65.82	65.56	66.37	66.46	66.08	65.96	66.21	66.11	65.38
68.93	69.78	69.92	69.67	69.78	70.16	70.03	69.11	69.02	69.96	70.10	69.77	69.80	70.16	70.02	69.06	65.86	66.73	66.84	66.49	66.47	66.79	66.67	65.81	65.55	66.35	66.44	66.07	65.96	66.20	66.10	65.38
68.93	69.78	69.92	69.68	69.79	70.16	70.02	69.10	69.01	69.95	70.10	69.78	69.81	70.15	70.01	69.06	65.85	66.72	66.84	66.50	66.47	66.78	66.66	65.81	65.54	66.33	66.43	66.07	65.97	66.20	66.09	65.37
68.93	69.77	69.92	69.69	69.80	70.15	70.02	69.09	69.01	69.94	70.09	69.79	69.82	70.15	70.00	69.05	65.84	66.71	66.83	66.50	66.48	66.77	66.65	65.80	65.52	66.31	66.41	66.07	65.97	66.19	66.07	65.36
68.93	69.77	69.92	69.70	69.81	70.15	70.01	69.09	69.00	69.94	70.09	69.80	69.82	70.15	70.00	69.05	65.84	66.70	66.82	66.50	66.48	66.77	66.64	65.79	65.51	66.30	66.40	66.06	65.97	66.18	66.06	65.35
68.93	69.77	69.92	69.72	69.81	70.14	70.00	69.08	69.00	69.93	70.09	69.81	69.83	70.15	69.99	69.04	65.83	66.69	66.82	66.51	66.48	66.76	66.62	65.78	65.50	66.28	66.39	66.06	65.97	66.17	66.05	65.34
68.93	69.77	69.93	69.73	69.82	70.14	69.99	69.08	69.00	69.92	70.09	69.81	69.84	70.14	69.98	69.04	65.82	66.68	66.81	66.51	66.49	66.75	66.61	65.77	65.48	66.26	66.37	66.06	65.97	66.17	66.04	65.33
68.92	69.77	69.93	69.74	69.83	70.13	69.98	69.07	68.99	69.92	70.08	69.82	69.85	70.14	69.98	69.03	65.81	66.66	66.80	66.51	66.49	66.74	66.60	65.77	65.47	66.24	66.36	66.05	65.97	66.16	66.03	65.33
68.92	69.76	69.93	69.75	69.83	70.13	69.98	69.07	68.99	69.91	70.08	69.83	69.86	70.14	69.97	69.03	65.80	66.65	66.79	66.52	66.49	66.74	66.59	65.76	65.46	66.23	66.34	66.05	65.97	66.15	66.02	65.32
68.92	69.76	69.93	69.76	69.84	70.13	69.97	69.06	68.98	69.90	70.08	69.84	69.86	70.14	69.96	69.02	65.79	66.64	66.79	66.52	66.49	66.73	66.58	65.75	65.45	66.21	66.33	66.05	65.97	66.14	66.01	65.31
