Metric	Core0	Core1	Core2	Core3	Core4	Core5	Core6	Core7	Core8	Core9	Core10	Core11	Core12	Core13	Core14	Core15	Core16	Core17	Core18	Core19	Core20	Core21	Core22	Core23	Core24	Core25	Core26	Core27	Core28	Core29	Core30	Core31
total	12.902	12.874	1.598	1.597	1.597	1.597	12.878	12.900	12.873	12.904	1.597	1.597	1.597	1.597	12.906	12.880	1000.001	1000.001	1000.001	1000.001	1000.001	1000.001	1000.001	1000.001	1000.001	1000.001	1000.001	1000.001	1000.001	1000.001	1000.001	1000.001
base	0.250	0.250	0.250	0.250	0.250	0.250	0.250	0.250	0.250	0.250	0.250	0.250	0.250	0.250	0.250	0.250	0.000	0.000	0.000	0.000	0.000	0.000	0.000	0.000	0.000	0.000	0.000	0.000	0.000	0.000	0.000	0.000
dispatch_width	-
rs_full	-
depend	-
depend-int	0.190	0.190	0.191	0.191	0.191	0.191	0.190	0.190	0.190	0.190	0.191	0.191	0.191	0.191	0.190	0.190	0.000	0.000	0.000	0.000	0.000	0.000	0.000	0.000	0.000	0.000	0.000	0.000	0.000	0.000	0.000	0.000
depend-fp	-
depend-branch	0.000	0.000	0.036	0.036	0.036	0.036	0.000	0.000	0.000	0.000	0.036	0.036	0.036	0.036	0.000	0.000	0.000	0.000	0.000	0.000	0.000	0.000	0.000	0.000	0.000	0.000	0.000	0.000	0.000	0.000	0.000	0.000
issue	-
serial	-
smt	-
branch	0.183	0.183	0.176	0.176	0.176	0.176	0.183	0.183	0.183	0.183	0.176	0.176	0.176	0.176	0.183	0.183	0.000	0.000	0.000	0.000	0.000	0.000	0.000	0.000	0.000	0.000	0.000	0.000	0.000	0.000	0.000	0.000
itlb	-
dtlb	-
ifetch	0.455	0.455	0.444	0.444	0.444	0.444	0.455	0.455	0.455	0.455	0.444	0.444	0.444	0.444	0.455	0.455	0.000	0.000	0.000	0.000	0.000	0.000	0.000	0.000	0.000	0.000	0.000	0.000	0.000	0.000	0.000	0.000
mem	-
mem-l1d	0.495	0.495	0.492	0.491	0.491	0.491	0.495	0.495	0.495	0.494	0.491	0.491	0.491	0.491	0.494	0.495	0.000	0.000	0.000	0.000	0.000	0.000	0.000	0.000	0.000	0.000	0.000	0.000	0.000	0.000	0.000	0.000
mem-l2	-
mem-l3	-
mem-l4	-
mem-remote	-
mem-nuca	-
mem-dram-cache	-
mem-dram	-
sync	-
dvfs-transition	-
imbalance	11.281	11.253	0.000	0.000	0.000	0.000	11.257	11.279	11.252	11.283	0.000	0.000	0.000	0.000	11.285	11.259	1000.001	1000.001	1000.001	1000.001	1000.001	1000.001	1000.001	1000.001	1000.001	1000.001	1000.001	1000.001	1000.001	1000.001	1000.001	1000.001
other	0.047	0.047	0.009	0.009	0.009	0.009	0.047	0.047	0.047	0.047	0.009	0.009	0.009	0.009	0.047	0.047	0.000	0.000	0.000	0.000	0.000	0.000	0.000	0.000	0.000	0.000	0.000	0.000	0.000	0.000	0.000	0.000
