pcb_LC_0	347.9311
pcb_LC_1	349.0008
pcb_LC_2	349.4686
pcb_LC_3	349.6547
pcb_LC_4	349.6549
pcb_LC_5	349.4688
pcb_LC_6	349.0009
pcb_LC_7	347.9310
pcb_LC_8	347.9118
pcb_LC_9	349.1792
pcb_LC_10	349.7789
pcb_LC_11	350.0244
pcb_LC_12	350.0247
pcb_LC_13	349.7792
pcb_LC_14	349.1794
pcb_LC_15	347.9118
pcb_LC_16	347.9117
pcb_LC_17	349.1791
pcb_LC_18	349.7789
pcb_LC_19	350.0244
pcb_LC_20	350.0246
pcb_LC_21	349.7792
pcb_LC_22	349.1794
pcb_LC_23	347.9118
pcb_LC_24	347.9309
pcb_LC_25	349.0007
pcb_LC_26	349.4685
pcb_LC_27	349.6546
pcb_LC_28	349.6548
pcb_LC_29	349.4688
pcb_LC_30	349.0009
pcb_LC_31	347.9310
solder_LC_0	349.7940
solder_LC_1	350.1522
solder_LC_2	350.4185
solder_LC_3	350.5553
solder_LC_4	350.5561
solder_LC_5	350.4191
solder_LC_6	350.1522
solder_LC_7	349.7936
solder_LC_8	349.9053
solder_LC_9	350.3806
solder_LC_10	350.7273
solder_LC_11	350.9048
solder_LC_12	350.9057
solder_LC_13	350.7280
solder_LC_14	350.3808
solder_LC_15	349.9052
solder_LC_16	349.9051
solder_LC_17	350.3805
solder_LC_18	350.7273
solder_LC_19	350.9048
solder_LC_20	350.9055
solder_LC_21	350.7280
solder_LC_22	350.3808
solder_LC_23	349.9053
solder_LC_24	349.7934
solder_LC_25	350.1518
solder_LC_26	350.4184
solder_LC_27	350.5553
solder_LC_28	350.5558
solder_LC_29	350.4190
solder_LC_30	350.1522
solder_LC_31	349.7937
sub_LC_0	349.9956
sub_LC_1	350.3691
sub_LC_2	350.6576
sub_LC_3	350.8066
sub_LC_4	350.8081
sub_LC_5	350.6583
sub_LC_6	350.3690
sub_LC_7	349.9946
sub_LC_8	350.1124
sub_LC_9	350.5896
sub_LC_10	350.9515
sub_LC_11	351.1378
sub_LC_12	351.1393
sub_LC_13	350.9524
sub_LC_14	350.5899
sub_LC_15	350.1121
sub_LC_16	350.1120
sub_LC_17	350.5894
sub_LC_18	350.9515
sub_LC_19	351.1378
sub_LC_20	351.1390
sub_LC_21	350.9523
sub_LC_22	350.5899
sub_LC_23	350.1122
sub_LC_24	349.9945
sub_LC_25	350.3686
sub_LC_26	350.6575
sub_LC_27	350.8067
sub_LC_28	350.8076
sub_LC_29	350.6582
sub_LC_30	350.3691
sub_LC_31	349.9950
layer_3_LC_0	351.7465
layer_3_LC_1	352.3479
layer_3_LC_2	352.8544
layer_3_LC_3	353.1165
layer_3_LC_4	353.1257
layer_3_LC_5	352.8570
layer_3_LC_6	352.3470
layer_3_LC_7	351.7394
layer_3_LC_8	351.9103
layer_3_LC_9	352.5594
layer_3_LC_10	353.1018
layer_3_LC_11	353.3821
layer_3_LC_12	353.3916
layer_3_LC_13	353.1045
layer_3_LC_14	352.5596
layer_3_LC_15	351.9085
layer_3_LC_16	351.9084
layer_3_LC_17	352.5589
layer_3_LC_18	353.1020
layer_3_LC_19	353.3830
layer_3_LC_20	353.3891
layer_3_LC_21	353.1041
layer_3_LC_22	352.5597
layer_3_LC_23	351.9092
layer_3_LC_24	351.7391
layer_3_LC_25	352.3463
layer_3_LC_26	352.8546
layer_3_LC_27	353.1182
layer_3_LC_28	353.1234
layer_3_LC_29	352.8566
layer_3_LC_30	352.3476
layer_3_LC_31	351.7419
layer_4_TB_0	351.6555
layer_4_TB_1	352.2570
layer_4_TB_2	352.7634
layer_4_TB_3	353.0253
layer_4_TB_4	353.0345
layer_4_TB_5	352.7659
layer_4_TB_6	352.2562
layer_4_TB_7	351.6483
layer_4_TB_8	351.8194
layer_4_TB_9	352.4688
layer_4_TB_10	353.0110
layer_4_TB_11	353.2911
layer_4_TB_12	353.3006
layer_4_TB_13	353.0136
layer_4_TB_14	352.4689
layer_4_TB_15	351.8176
layer_4_TB_16	351.8176
layer_4_TB_17	352.4683
layer_4_TB_18	353.0112
layer_4_TB_19	353.2920
layer_4_TB_20	353.2981
layer_4_TB_21	353.0133
layer_4_TB_22	352.4691
layer_4_TB_23	351.8184
layer_4_TB_24	351.6481
layer_4_TB_25	352.2555
layer_4_TB_26	352.7636
layer_4_TB_27	353.0270
layer_4_TB_28	353.0322
layer_4_TB_29	352.7655
layer_4_TB_30	352.2568
layer_4_TB_31	351.6509
layer_5_B_0	350.7453
layer_5_B_1	351.3487
layer_5_B_2	351.8530
layer_5_B_3	352.1133
layer_5_B_4	352.1227
layer_5_B_5	351.8555
layer_5_B_6	351.3479
layer_5_B_7	350.7380
layer_5_B_8	350.9110
layer_5_B_9	351.5627
layer_5_B_10	352.1029
layer_5_B_11	352.3812
layer_5_B_12	352.3910
layer_5_B_13	352.1055
layer_5_B_14	351.5629
layer_5_B_15	350.9093
layer_5_B_16	350.9092
layer_5_B_17	351.5622
layer_5_B_18	352.1030
layer_5_B_19	352.3822
layer_5_B_20	352.3884
layer_5_B_21	352.1052
layer_5_B_22	351.5630
layer_5_B_23	350.9100
layer_5_B_24	350.7378
layer_5_B_25	351.3472
layer_5_B_26	351.8532
layer_5_B_27	352.1150
layer_5_B_28	352.1203
layer_5_B_29	351.8551
layer_5_B_30	351.3485
layer_5_B_31	350.7406
layer_6_TB_0	350.6173
layer_6_TB_1	351.2212
layer_6_TB_2	351.7251
layer_6_TB_3	351.9851
layer_6_TB_4	351.9945
layer_6_TB_5	351.7276
layer_6_TB_6	351.2203
layer_6_TB_7	350.6100
layer_6_TB_8	350.7834
layer_6_TB_9	351.4357
layer_6_TB_10	351.9756
layer_6_TB_11	352.2537
layer_6_TB_12	352.2635
layer_6_TB_13	351.9782
layer_6_TB_14	351.4359
layer_6_TB_15	350.7817
layer_6_TB_16	350.7816
layer_6_TB_17	351.4352
layer_6_TB_18	351.9758
layer_6_TB_19	352.2547
layer_6_TB_20	352.2609
layer_6_TB_21	351.9779
layer_6_TB_22	351.4360
layer_6_TB_23	350.7824
layer_6_TB_24	350.6097
layer_6_TB_25	351.2196
layer_6_TB_26	351.7253
layer_6_TB_27	351.9868
layer_6_TB_28	351.9921
layer_6_TB_29	351.7272
layer_6_TB_30	351.2209
layer_6_TB_31	350.6125
layer_7_B_32	349.3367
layer_7_B_33	349.9455
layer_7_B_34	350.4460
layer_7_B_35	350.7030
layer_7_B_36	350.7128
layer_7_B_37	350.4484
layer_7_B_38	349.9447
layer_7_B_39	349.3293
layer_7_B_40	349.5070
layer_7_B_41	350.1658
layer_7_B_42	350.7029
layer_7_B_43	350.9783
layer_7_B_44	350.9886
layer_7_B_45	350.7054
layer_7_B_46	350.1660
layer_7_B_47	349.5053
layer_7_B_48	349.5052
layer_7_B_49	350.1653
layer_7_B_50	350.7031
layer_7_B_51	350.9794
layer_7_B_52	350.9857
layer_7_B_53	350.7051
layer_7_B_54	350.1661
layer_7_B_55	349.5060
layer_7_B_56	349.3290
layer_7_B_57	349.9440
layer_7_B_58	350.4462
layer_7_B_59	350.7049
layer_7_B_60	350.7103
layer_7_B_61	350.4481
layer_7_B_62	349.9452
layer_7_B_63	349.3319
layer_8_TB_0	349.1723
layer_8_TB_1	349.7818
layer_8_TB_2	350.2818
layer_8_TB_3	350.5384
layer_8_TB_4	350.5482
layer_8_TB_5	350.2843
layer_8_TB_6	349.7810
layer_8_TB_7	349.1648
layer_8_TB_8	349.3431
layer_8_TB_9	350.0030
layer_8_TB_10	350.5398
layer_8_TB_11	350.8148
layer_8_TB_12	350.8252
layer_8_TB_13	350.5423
layer_8_TB_14	350.0032
layer_8_TB_15	349.3415
layer_8_TB_16	349.3414
layer_8_TB_17	350.0026
layer_8_TB_18	350.5400
layer_8_TB_19	350.8159
layer_8_TB_20	350.8223
layer_8_TB_21	350.5420
layer_8_TB_22	350.0034
layer_8_TB_23	349.3422
layer_8_TB_24	349.1645
layer_8_TB_25	349.7803
layer_8_TB_26	350.2821
layer_8_TB_27	350.5403
layer_8_TB_28	350.5458
layer_8_TB_29	350.2839
layer_8_TB_30	349.7816
layer_8_TB_31	349.1674
layer_9_B_64	347.5276
layer_9_B_65	348.1449
layer_9_B_66	348.6402
layer_9_B_67	348.8925
layer_9_B_68	348.9029
layer_9_B_69	348.6425
layer_9_B_70	348.1442
layer_9_B_71	347.5198
layer_9_B_72	347.7047
layer_9_B_73	348.3756
layer_9_B_74	348.9089
layer_9_B_75	349.1801
layer_9_B_76	349.1913
layer_9_B_77	348.9112
layer_9_B_78	348.3758
layer_9_B_79	347.7032
layer_9_B_80	347.7031
layer_9_B_81	348.3752
layer_9_B_82	348.9090
layer_9_B_83	349.1813
layer_9_B_84	349.1880
layer_9_B_85	348.9109
layer_9_B_86	348.3760
layer_9_B_87	347.7039
layer_9_B_88	347.5195
layer_9_B_89	348.1436
layer_9_B_90	348.6404
layer_9_B_91	348.8945
layer_9_B_92	348.9003
layer_9_B_93	348.6422
layer_9_B_94	348.1448
layer_9_B_95	347.5225
layer_10_TB_0	347.3273
layer_10_TB_1	347.9459
layer_10_TB_2	348.4406
layer_10_TB_3	348.6923
layer_10_TB_4	348.7026
layer_10_TB_5	348.4429
layer_10_TB_6	347.9452
layer_10_TB_7	347.3196
layer_10_TB_8	347.5055
layer_10_TB_9	348.1780
layer_10_TB_10	348.7107
layer_10_TB_11	348.9815
layer_10_TB_12	348.9926
layer_10_TB_13	348.7131
layer_10_TB_14	348.1781
layer_10_TB_15	347.5040
layer_10_TB_16	347.5039
layer_10_TB_17	348.1775
layer_10_TB_18	348.7109
layer_10_TB_19	348.9827
layer_10_TB_20	348.9894
layer_10_TB_21	348.7128
layer_10_TB_22	348.1783
layer_10_TB_23	347.5047
layer_10_TB_24	347.3194
layer_10_TB_25	347.9446
layer_10_TB_26	348.4408
layer_10_TB_27	348.6944
layer_10_TB_28	348.7002
layer_10_TB_29	348.4425
layer_10_TB_30	347.9458
layer_10_TB_31	347.3223
layer_11_B_96	345.3244
layer_11_B_97	345.9558
layer_11_B_98	346.4442
layer_11_B_99	346.6904
layer_11_B_100	346.6996
layer_11_B_101	346.4463
layer_11_B_102	345.9552
layer_11_B_103	345.3180
layer_11_B_104	345.5130
layer_11_B_105	346.2011
layer_11_B_106	346.7295
layer_11_B_107	346.9954
layer_11_B_108	347.0059
layer_11_B_109	346.7316
layer_11_B_110	346.2013
layer_11_B_111	345.5116
layer_11_B_112	345.5115
layer_11_B_113	346.2007
layer_11_B_114	346.7296
layer_11_B_115	346.9969
layer_11_B_116	347.0039
layer_11_B_117	346.7314
layer_11_B_118	346.2014
layer_11_B_119	345.5123
layer_11_B_120	345.3178
layer_11_B_121	345.9546
layer_11_B_122	346.4445
layer_11_B_123	346.6926
layer_11_B_124	346.6989
layer_11_B_125	346.4460
layer_11_B_126	345.9557
layer_11_B_127	345.3209
layer_12_TB_0	345.0894
layer_12_TB_1	345.7225
layer_12_TB_2	346.2100
layer_12_TB_3	346.4555
layer_12_TB_4	346.4647
layer_12_TB_5	346.2121
layer_12_TB_6	345.7219
layer_12_TB_7	345.0832
layer_12_TB_8	345.2793
layer_12_TB_9	345.9694
layer_12_TB_10	346.4973
layer_12_TB_11	346.7626
layer_12_TB_12	346.7729
layer_12_TB_13	346.4994
layer_12_TB_14	345.9696
layer_12_TB_15	345.2779
layer_12_TB_16	345.2778
layer_12_TB_17	345.9691
layer_12_TB_18	346.4974
layer_12_TB_19	346.7642
layer_12_TB_20	346.7710
layer_12_TB_21	346.4991
layer_12_TB_22	345.9698
layer_12_TB_23	345.2786
layer_12_TB_24	345.0830
layer_12_TB_25	345.7213
layer_12_TB_26	346.2103
layer_12_TB_27	346.4578
layer_12_TB_28	346.4639
layer_12_TB_29	346.2118
layer_12_TB_30	345.7224
layer_12_TB_31	345.0860
layer_13_B_128	342.7394
layer_13_B_129	343.3887
layer_13_B_130	343.8683
layer_13_B_131	344.1069
layer_13_B_132	344.1153
layer_13_B_133	343.8702
layer_13_B_134	343.3882
layer_13_B_135	342.7343
layer_13_B_136	342.9420
layer_13_B_137	343.6529
layer_13_B_138	344.1753
layer_13_B_139	344.4349
layer_13_B_140	344.4431
layer_13_B_141	344.1771
layer_13_B_142	343.6530
layer_13_B_143	342.9409
layer_13_B_144	342.9408
layer_13_B_145	343.6525
layer_13_B_146	344.1754
layer_13_B_147	344.4367
layer_13_B_148	344.4422
layer_13_B_149	344.1770
layer_13_B_150	343.6532
layer_13_B_151	342.9415
layer_13_B_152	342.7341
layer_13_B_153	343.3877
layer_13_B_154	343.8686
layer_13_B_155	344.1095
layer_13_B_156	344.1144
layer_13_B_157	343.8699
layer_13_B_158	343.3886
layer_13_B_159	342.7373
layer_14_TB_0	342.4707
layer_14_TB_1	343.1220
layer_14_TB_2	343.6007
layer_14_TB_3	343.8385
layer_14_TB_4	343.8468
layer_14_TB_5	343.6025
layer_14_TB_6	343.1215
layer_14_TB_7	342.4658
layer_14_TB_8	342.6749
layer_14_TB_9	343.3883
layer_14_TB_10	343.9101
layer_14_TB_11	344.1690
layer_14_TB_12	344.1770
layer_14_TB_13	343.9119
layer_14_TB_14	343.3885
layer_14_TB_15	342.6738
layer_14_TB_16	342.6737
layer_14_TB_17	343.3880
layer_14_TB_18	343.9103
layer_14_TB_19	344.1709
layer_14_TB_20	344.1763
layer_14_TB_21	343.9118
layer_14_TB_22	343.3886
layer_14_TB_23	342.6744
layer_14_TB_24	342.4656
layer_14_TB_25	343.1210
layer_14_TB_26	343.6010
layer_14_TB_27	343.8411
layer_14_TB_28	343.8458
layer_14_TB_29	343.6023
layer_14_TB_30	343.1220
layer_14_TB_31	342.4688
layer_15_B_160	339.7841
layer_15_B_161	340.4555
layer_15_B_162	340.9245
layer_15_B_163	341.1541
layer_15_B_164	341.1617
layer_15_B_165	340.9260
layer_15_B_166	340.4551
layer_15_B_167	339.7803
layer_15_B_168	340.0037
layer_15_B_169	340.7432
layer_15_B_170	341.2585
layer_15_B_171	341.5105
layer_15_B_172	341.5167
layer_15_B_173	341.2600
layer_15_B_174	340.7434
layer_15_B_175	340.0028
layer_15_B_176	340.0027
layer_15_B_177	340.7430
layer_15_B_178	341.2586
layer_15_B_179	341.5128
layer_15_B_180	341.5169
layer_15_B_181	341.2599
layer_15_B_182	340.7435
layer_15_B_183	340.0033
layer_15_B_184	339.7802
layer_15_B_185	340.4547
layer_15_B_186	340.9247
layer_15_B_187	341.1569
layer_15_B_188	341.1606
layer_15_B_189	340.9258
layer_15_B_190	340.4555
layer_15_B_191	339.7836
layer_16_TB_0	339.4830
layer_16_TB_1	340.1568
layer_16_TB_2	340.6246
layer_16_TB_3	340.8532
layer_16_TB_4	340.8608
layer_16_TB_5	340.6261
layer_16_TB_6	340.1564
layer_16_TB_7	339.4793
layer_16_TB_8	339.7044
layer_16_TB_9	340.4471
layer_16_TB_10	340.9616
layer_16_TB_11	341.2129
layer_16_TB_12	341.2188
layer_16_TB_13	340.9630
layer_16_TB_14	340.4473
layer_16_TB_15	339.7035
layer_16_TB_16	339.7034
layer_16_TB_17	340.4469
layer_16_TB_18	340.9617
layer_16_TB_19	341.2151
layer_16_TB_20	341.2192
layer_16_TB_21	340.9629
layer_16_TB_22	340.4474
layer_16_TB_23	339.7040
layer_16_TB_24	339.4792
layer_16_TB_25	340.1560
layer_16_TB_26	340.6248
layer_16_TB_27	340.8561
layer_16_TB_28	340.8597
layer_16_TB_29	340.6259
layer_16_TB_30	340.1569
layer_16_TB_31	339.4826
layer_17_B_192	336.4718
layer_17_B_193	337.1699
layer_17_B_194	337.6259
layer_17_B_195	337.8450
layer_17_B_196	337.8521
layer_17_B_197	337.6271
layer_17_B_198	337.1696
layer_17_B_199	336.4692
layer_17_B_200	336.7112
layer_17_B_201	337.4861
layer_17_B_202	337.9927
layer_17_B_203	338.2361
layer_17_B_204	338.2404
layer_17_B_205	337.9938
layer_17_B_206	337.4862
layer_17_B_207	336.7106
layer_17_B_208	336.7105
layer_17_B_209	337.4859
layer_17_B_210	337.9928
layer_17_B_211	338.2389
layer_17_B_212	338.2417
layer_17_B_213	337.9937
layer_17_B_214	337.4863
layer_17_B_215	336.7110
layer_17_B_216	336.4691
layer_17_B_217	337.1693
layer_17_B_218	337.6261
layer_17_B_219	337.8482
layer_17_B_220	337.8507
layer_17_B_221	337.6269
layer_17_B_222	337.1700
layer_17_B_223	336.4727
layer_18_TB_0	336.1395
layer_18_TB_1	336.8405
layer_18_TB_2	337.2951
layer_18_TB_3	337.5131
layer_18_TB_4	337.5200
layer_18_TB_5	337.2962
layer_18_TB_6	336.8403
layer_18_TB_7	336.1371
layer_18_TB_8	336.3810
layer_18_TB_9	337.1598
layer_18_TB_10	337.6654
layer_18_TB_11	337.9080
layer_18_TB_12	337.9121
layer_18_TB_13	337.6665
layer_18_TB_14	337.1599
layer_18_TB_15	336.3804
layer_18_TB_16	336.3803
layer_18_TB_17	337.1596
layer_18_TB_18	337.6655
layer_18_TB_19	337.9106
layer_18_TB_20	337.9134
layer_18_TB_21	337.6664
layer_18_TB_22	337.1600
layer_18_TB_23	336.3808
layer_18_TB_24	336.1369
layer_18_TB_25	336.8399
layer_18_TB_26	337.2953
layer_18_TB_27	337.5162
layer_18_TB_28	337.5186
layer_18_TB_29	337.2961
layer_18_TB_30	336.8406
layer_18_TB_31	336.1404
layer_19_B_224	332.8167
layer_19_B_225	333.5467
layer_19_B_226	333.9871
layer_19_B_227	334.1943
layer_19_B_228	334.1992
layer_19_B_229	333.9879
layer_19_B_230	333.5466
layer_19_B_231	332.8153
layer_19_B_232	333.0790
layer_19_B_233	333.8967
layer_19_B_234	334.3928
layer_19_B_235	334.6265
layer_19_B_236	334.6289
layer_19_B_237	334.3935
layer_19_B_238	333.8968
layer_19_B_239	333.0787
layer_19_B_240	333.0786
layer_19_B_241	333.8965
layer_19_B_242	334.3929
layer_19_B_243	334.6280
layer_19_B_244	334.6296
layer_19_B_245	334.3935
layer_19_B_246	333.8969
layer_19_B_247	333.0790
layer_19_B_248	332.8152
layer_19_B_249	333.5463
layer_19_B_250	333.9872
layer_19_B_251	334.1961
layer_19_B_252	334.1975
layer_19_B_253	333.9878
layer_19_B_254	333.5468
layer_19_B_255	332.8173
layer_20_TB_0	332.4547
layer_20_TB_1	333.1881
layer_20_TB_2	333.6268
layer_20_TB_3	333.8328
layer_20_TB_4	333.8373
layer_20_TB_5	333.6276
layer_20_TB_6	333.1880
layer_20_TB_7	332.4534
layer_20_TB_8	332.7194
layer_20_TB_9	333.5416
layer_20_TB_10	334.0366
layer_20_TB_11	334.2694
layer_20_TB_12	334.2716
layer_20_TB_13	334.0373
layer_20_TB_14	333.5418
layer_20_TB_15	332.7191
layer_20_TB_16	332.7190
layer_20_TB_17	333.5415
layer_20_TB_18	334.0367
layer_20_TB_19	334.2707
layer_20_TB_20	334.2722
layer_20_TB_21	334.0373
layer_20_TB_22	333.5418
layer_20_TB_23	332.7194
layer_20_TB_24	332.4533
layer_20_TB_25	333.1877
layer_20_TB_26	333.6269
layer_20_TB_27	333.8345
layer_20_TB_28	333.8358
layer_20_TB_29	333.6275
layer_20_TB_30	333.1882
layer_20_TB_31	332.4552
hsp_TB_0	328.8343
hsp_TB_1	329.6019
hsp_TB_2	330.0238
hsp_TB_3	330.2177
hsp_TB_4	330.2185
hsp_TB_5	330.0241
hsp_TB_6	329.6020
hsp_TB_7	328.8341
hsp_TB_8	329.1226
hsp_TB_9	329.9913
hsp_TB_10	330.4748
hsp_TB_11	330.6978
hsp_TB_12	330.6984
hsp_TB_13	330.4752
hsp_TB_14	329.9914
hsp_TB_15	329.1226
hsp_TB_16	329.1225
hsp_TB_17	329.9912
hsp_TB_18	330.4749
hsp_TB_19	330.6980
hsp_TB_20	330.6984
hsp_TB_21	330.4752
hsp_TB_22	329.9915
hsp_TB_23	329.1227
hsp_TB_24	328.8340
hsp_TB_25	329.6018
hsp_TB_26	330.0239
hsp_TB_27	330.2180
hsp_TB_28	330.2183
hsp_TB_29	330.0241
hsp_TB_30	329.6021
hsp_TB_31	328.8345
hsink_TB_0	327.5096
hsink_TB_1	328.1642
hsink_TB_2	328.5599
hsink_TB_3	328.7457
hsink_TB_4	328.7459
hsink_TB_5	328.5600
hsink_TB_6	328.1643
hsink_TB_7	327.5096
hsink_TB_8	327.7287
hsink_TB_9	328.4767
hsink_TB_10	328.9328
hsink_TB_11	329.1478
hsink_TB_12	329.1479
hsink_TB_13	328.9330
hsink_TB_14	328.4768
hsink_TB_15	327.7288
hsink_TB_16	327.7287
hsink_TB_17	328.4767
hsink_TB_18	328.9329
hsink_TB_19	329.1478
hsink_TB_20	329.1479
hsink_TB_21	328.9330
hsink_TB_22	328.4768
hsink_TB_23	327.7288
hsink_TB_24	327.5095
hsink_TB_25	328.1642
hsink_TB_26	328.5599
hsink_TB_27	328.7458
hsink_TB_28	328.7459
hsink_TB_29	328.5600
hsink_TB_30	328.1643
hsink_TB_31	327.5097
inode_0	325.6182
inode_1	325.6183
inode_2	326.1180
inode_3	326.1180
inode_4	325.5846
inode_5	325.5847
inode_6	326.0907
inode_7	326.0907
inode_8	324.5414
inode_9	324.5415
inode_10	324.8320
inode_11	324.8320
inode_12	349.6209
inode_13	349.6208
inode_14	349.3438
inode_15	349.3440
inode_16	349.6025
inode_17	349.6024
inode_18	349.3385
inode_19	349.3386
inode_20	346.2585
inode_21	346.2585
inode_22	348.4048
inode_23	348.4049
inode_24	336.9022
inode_25	336.9023
inode_26	337.1356
inode_27	337.1356
