pcb_C_0	329.7088
pcb_C_1	330.5573
pcb_C_2	330.9388
pcb_C_3	331.0954
pcb_C_4	331.0954
pcb_C_5	330.9388
pcb_C_6	330.5573
pcb_C_7	329.7088
pcb_C_8	329.3410
pcb_C_9	330.0777
pcb_C_10	330.4688
pcb_C_11	330.6446
pcb_C_12	330.6446
pcb_C_13	330.4688
pcb_C_14	330.0777
pcb_C_15	329.3410
pcb_C_16	328.7753
pcb_C_17	329.0960
pcb_C_18	329.3438
pcb_C_19	329.4767
pcb_C_20	329.4767
pcb_C_21	329.3438
pcb_C_22	329.0960
pcb_C_23	328.7753
pcb_C_24	328.3638
pcb_C_25	328.3652
pcb_C_26	328.4697
pcb_C_27	328.5448
pcb_C_28	328.5448
pcb_C_29	328.4697
pcb_C_30	328.3652
pcb_C_31	328.3637
solder_C_0	330.1460
solder_C_1	330.9322
solder_C_2	331.3215
solder_C_3	331.4858
solder_C_4	331.4858
solder_C_5	331.3215
solder_C_6	330.9322
solder_C_7	330.1460
solder_C_8	329.7459
solder_C_9	330.4182
solder_C_10	330.8191
solder_C_11	331.0033
solder_C_12	331.0033
solder_C_13	330.8191
solder_C_14	330.4182
solder_C_15	329.7459
solder_C_16	328.8014
solder_C_17	329.0197
solder_C_18	329.2802
solder_C_19	329.4239
solder_C_20	329.4239
solder_C_21	329.2802
solder_C_22	329.0197
solder_C_23	328.8014
solder_C_24	328.2871
solder_C_25	328.1838
solder_C_26	328.3031
solder_C_27	328.3899
solder_C_28	328.3899
solder_C_29	328.3031
solder_C_30	328.1838
solder_C_31	328.2871
sub_C_0	330.2631
sub_C_1	331.0514
sub_C_2	331.4485
sub_C_3	331.6161
sub_C_4	331.6161
sub_C_5	331.4485
sub_C_6	331.0514
sub_C_7	330.2631
sub_C_8	329.8718
sub_C_9	330.5581
sub_C_10	330.9678
sub_C_11	331.1549
sub_C_12	331.1549
sub_C_13	330.9678
sub_C_14	330.5581
sub_C_15	329.8718
sub_C_16	328.6877
sub_C_17	328.9453
sub_C_18	329.2185
sub_C_19	329.3661
sub_C_20	329.3661
sub_C_21	329.2185
sub_C_22	328.9453
sub_C_23	328.6877
sub_C_24	328.1483
sub_C_25	328.0952
sub_C_26	328.2295
sub_C_27	328.3211
sub_C_28	328.3211
sub_C_29	328.2295
sub_C_30	328.0952
sub_C_31	328.1483
layer_3_C_0	331.3199
layer_3_C_1	332.1978
layer_3_C_2	332.6634
layer_3_C_3	332.8591
layer_3_C_4	332.8589
layer_3_C_5	332.6635
layer_3_C_6	332.1978
layer_3_C_7	331.3199
layer_3_C_8	331.0822
layer_3_C_9	331.9629
layer_3_C_10	332.4590
layer_3_C_11	332.6741
layer_3_C_12	332.6742
layer_3_C_13	332.4591
layer_3_C_14	331.9630
layer_3_C_15	331.0821
layer_3_C_16	327.5342
layer_3_C_17	328.1763
layer_3_C_18	328.5727
layer_3_C_19	328.7593
layer_3_C_20	328.7593
layer_3_C_21	328.5727
layer_3_C_22	328.1763
layer_3_C_23	327.5342
layer_3_C_24	326.8206
layer_3_C_25	327.2232
layer_3_C_26	327.5006
layer_3_C_27	327.6377
layer_3_C_28	327.6377
layer_3_C_29	327.5006
layer_3_C_30	327.2232
layer_3_C_31	326.8206
layer_4_TB_0	331.1184
layer_4_TB_1	331.9964
layer_4_TB_2	332.4608
layer_4_TB_3	332.6564
layer_4_TB_4	332.6562
layer_4_TB_5	332.4608
layer_4_TB_6	331.9963
layer_4_TB_7	331.1183
layer_4_TB_8	330.8821
layer_4_TB_9	331.7631
layer_4_TB_10	332.2581
layer_4_TB_11	332.4731
layer_4_TB_12	332.4732
layer_4_TB_13	332.2581
layer_4_TB_14	331.7631
layer_4_TB_15	330.8820
layer_4_TB_16	327.5318
layer_4_TB_17	328.1744
layer_4_TB_18	328.5709
layer_4_TB_19	328.7575
layer_4_TB_20	328.7575
layer_4_TB_21	328.5709
layer_4_TB_22	328.1744
layer_4_TB_23	327.5317
layer_4_TB_24	326.8191
layer_4_TB_25	327.2221
layer_4_TB_26	327.4997
layer_4_TB_27	327.6369
layer_4_TB_28	327.6369
layer_4_TB_29	327.4997
layer_4_TB_30	327.2221
layer_4_TB_31	326.8191
hsp_TB_0	329.1027
hsp_TB_1	329.9815
hsp_TB_2	330.4346
hsp_TB_3	330.6293
hsp_TB_4	330.6293
hsp_TB_5	330.4346
hsp_TB_6	329.9814
hsp_TB_7	329.1027
hsp_TB_8	328.8813
hsp_TB_9	329.7649
hsp_TB_10	330.2489
hsp_TB_11	330.4636
hsp_TB_12	330.4636
hsp_TB_13	330.2489
hsp_TB_14	329.7649
hsp_TB_15	328.8812
hsp_TB_16	327.5067
hsp_TB_17	328.1550
hsp_TB_18	328.5527
hsp_TB_19	328.7397
hsp_TB_20	328.7398
hsp_TB_21	328.5527
hsp_TB_22	328.1550
hsp_TB_23	327.5067
hsp_TB_24	326.8035
hsp_TB_25	327.2117
hsp_TB_26	327.4905
hsp_TB_27	327.6280
hsp_TB_28	327.6280
hsp_TB_29	327.4905
hsp_TB_30	327.2117
hsp_TB_31	326.8035
hsink_TB_0	328.2834
hsink_TB_1	329.1255
hsink_TB_2	329.5719
hsink_TB_3	329.7658
hsink_TB_4	329.7658
hsink_TB_5	329.5719
hsink_TB_6	329.1255
hsink_TB_7	328.2834
hsink_TB_8	328.1192
hsink_TB_9	328.9709
hsink_TB_10	329.4489
hsink_TB_11	329.6630
hsink_TB_12	329.6630
hsink_TB_13	329.4489
hsink_TB_14	328.9709
hsink_TB_15	328.1192
hsink_TB_16	327.4129
hsink_TB_17	328.0570
hsink_TB_18	328.4541
hsink_TB_19	328.6411
hsink_TB_20	328.6411
hsink_TB_21	328.4541
hsink_TB_22	328.0570
hsink_TB_23	327.4128
hsink_TB_24	326.7878
hsink_TB_25	327.1976
hsink_TB_26	327.4767
hsink_TB_27	327.6143
hsink_TB_28	327.6143
hsink_TB_29	327.4767
hsink_TB_30	327.1976
hsink_TB_31	326.7878
inode_0	326.1582
inode_1	326.1582
inode_2	325.4595
inode_3	327.2050
inode_4	326.1403
inode_5	326.1403
inode_6	325.4506
inode_7	327.1901
inode_8	325.4209
inode_9	325.4208
inode_10	324.6107
inode_11	326.1501
inode_12	329.1545
inode_13	329.1544
inode_14	327.9554
inode_15	330.5915
inode_16	329.1518
inode_17	329.1517
inode_18	327.9552
inode_19	330.5905
inode_20	328.4541
inode_21	328.4540
inode_22	327.8876
inode_23	330.4589
inode_24	326.0482
inode_25	326.0482
inode_26	325.1213
inode_27	326.9621
