C_0	C_1	C_2	C_3	C_4	C_5	C_6	C_7	C_8	C_9	C_10	C_11	C_12	C_13	C_14	C_15	C_16	C_17	C_18	C_19	C_20	C_21	C_22	C_23	C_24	C_25	C_26	C_27	C_28	C_29	C_30	C_31	
68.32	69.23	69.23	68.37	69.17	70.51	70.50	69.15	69.13	70.48	70.48	69.15	68.42	69.29	69.29	68.37	66.38	67.26	67.24	66.42	67.16	68.43	68.39	67.09	67.13	68.43	68.39	67.09	66.36	67.17	67.15	66.29
68.34	69.25	69.26	68.45	69.15	70.42	70.44	69.11	69.07	70.36	70.38	69.14	68.53	69.39	69.38	68.44	66.19	67.11	67.10	66.28	66.86	68.07	68.05	66.79	66.80	68.07	68.05	66.82	66.16	66.94	66.93	66.05
68.12	69.02	69.03	68.27	68.89	70.09	70.11	68.83	68.77	70.01	70.04	68.88	68.37	69.21	69.19	68.24	66.10	67.04	67.04	66.22	66.70	67.84	67.83	66.60	66.60	67.83	67.83	66.66	66.06	66.80	66.79	65.92
68.10	69.00	69.02	68.28	68.85	69.99	70.01	68.76	68.70	69.89	69.93	68.83	68.40	69.22	69.20	68.24	66.04	66.99	66.99	66.19	66.59	67.68	67.66	66.47	66.45	67.66	67.65	66.54	65.99	66.71	66.69	65.83
68.10	69.00	69.01	68.30	68.83	69.92	69.94	68.72	68.64	69.81	69.85	68.80	68.43	69.24	69.21	68.25	66.01	66.96	66.96	66.18	66.52	67.55	67.54	66.38	66.35	67.52	67.52	66.45	65.95	66.64	66.62	65.76
68.09	68.99	69.01	68.33	68.81	69.86	69.88	68.68	68.60	69.74	69.78	68.79	68.46	69.25	69.23	68.26	65.98	66.94	66.95	66.18	66.47	67.45	67.44	66.31	66.26	67.41	67.42	66.39	65.92	66.58	66.57	65.72
68.09	68.99	69.00	68.35	68.80	69.81	69.82	68.65	68.56	69.69	69.73	68.78	68.49	69.27	69.24	68.26	65.97	66.92	66.94	66.18	66.43	67.38	67.36	66.25	66.20	67.32	67.33	66.34	65.90	66.55	66.53	65.68
68.09	68.98	69.01	68.37	68.80	69.77	69.78	68.63	68.53	69.64	69.68	68.77	68.52	69.28	69.25	68.27	65.96	66.92	66.93	66.19	66.40	67.31	67.30	66.20	66.15	67.25	67.26	66.30	65.90	66.52	66.50	65.66
68.09	68.98	69.01	68.39	68.79	69.73	69.74	68.61	68.51	69.60	69.64	68.76	68.55	69.29	69.26	68.28	65.96	66.91	66.93	66.20	66.38	67.26	67.24	66.17	66.10	67.19	67.20	66.28	65.89	66.49	66.47	65.64
68.10	68.98	69.01	68.41	68.79	69.70	69.71	68.59	68.49	69.56	69.61	68.76	68.57	69.30	69.27	68.29	65.95	66.91	66.93	66.22	66.37	67.21	67.19	66.13	66.06	67.13	67.14	66.25	65.89	66.47	66.45	65.62
68.10	68.98	69.01	68.43	68.79	69.67	69.67	68.57	68.47	69.53	69.58	68.77	68.60	69.32	69.28	68.30	65.95	66.90	66.93	66.23	66.36	67.17	67.15	66.11	66.03	67.08	67.09	66.23	65.89	66.46	66.43	65.61
68.10	68.98	69.02	68.45	68.79	69.64	69.65	68.55	68.45	69.50	69.56	68.77	68.62	69.32	69.28	68.30	65.95	66.90	66.93	66.24	66.36	67.13	67.11	66.08	66.00	67.03	67.05	66.22	65.90	66.44	66.42	65.60
68.10	68.98	69.02	68.47	68.79	69.62	69.62	68.54	68.44	69.47	69.53	68.77	68.64	69.33	69.29	68.31	65.95	66.90	66.93	66.26	66.35	67.10	67.07	66.06	65.97	66.99	67.01	66.20	65.90	66.43	66.40	65.59
68.11	68.98	69.02	68.49	68.79	69.59	69.59	68.52	68.42	69.44	69.51	68.78	68.67	69.34	69.29	68.32	65.95	66.89	66.93	66.27	66.35	67.07	67.04	66.04	65.95	66.95	66.97	66.19	65.90	66.42	66.38	65.57
68.11	68.97	69.02	68.51	68.80	69.57	69.57	68.51	68.41	69.42	69.49	68.79	68.68	69.35	69.29	68.32	65.94	66.89	66.92	66.29	66.35	67.05	67.01	66.02	65.92	66.91	66.94	66.18	65.91	66.41	66.37	65.57
68.11	68.98	69.02	68.53	68.80	69.55	69.54	68.50	68.40	69.40	69.47	68.80	68.71	69.35	69.30	68.32	65.94	66.88	66.92	66.30	66.35	67.02	66.98	66.01	65.90	66.87	66.90	66.17	65.91	66.40	66.36	65.56
68.11	68.97	69.03	68.54	68.80	69.53	69.52	68.49	68.39	69.38	69.45	68.80	68.73	69.36	69.30	68.33	65.94	66.88	66.92	66.31	66.35	67.00	66.95	65.99	65.87	66.84	66.87	66.16	65.92	66.38	66.34	65.55
68.11	68.97	69.03	68.56	68.81	69.51	69.50	68.47	68.38	69.36	69.44	68.81	68.74	69.36	69.30	68.33	65.93	66.87	66.92	66.32	66.35	66.98	66.93	65.97	65.85	66.81	66.84	66.16	65.92	66.37	66.33	65.54
68.11	68.97	69.03	68.57	68.81	69.49	69.48	68.46	68.37	69.34	69.43	68.82	68.76	69.36	69.30	68.33	65.93	66.86	66.91	66.33	66.35	66.96	66.91	65.96	65.83	66.77	66.81	66.15	65.92	66.36	66.32	65.53
68.11	68.97	69.03	68.59	68.82	69.48	69.46	68.45	68.36	69.33	69.41	68.83	68.77	69.36	69.29	68.33	65.93	66.85	66.91	66.34	66.35	66.94	66.89	65.94	65.81	66.74	66.78	66.14	65.93	66.35	66.30	65.52
68.11	68.96	69.03	68.60	68.82	69.46	69.44	68.44	68.35	69.31	69.40	68.83	68.79	69.36	69.29	68.33	65.92	66.85	66.90	66.35	66.36	66.92	66.86	65.93	65.79	66.71	66.76	66.14	65.93	66.34	66.29	65.51
68.11	68.96	69.03	68.62	68.83	69.44	69.42	68.43	68.34	69.30	69.39	68.85	68.80	69.36	69.29	68.33	65.92	66.84	66.90	66.35	66.36	66.91	66.84	65.92	65.77	66.68	66.73	66.13	65.93	66.33	66.27	65.50
68.11	68.96	69.03	68.63	68.83	69.43	69.40	68.42	68.33	69.28	69.38	68.85	68.81	69.36	69.28	68.33	65.91	66.83	66.89	66.36	66.36	66.89	66.82	65.90	65.76	66.66	66.71	66.12	65.94	66.32	66.26	65.49
68.11	68.95	69.03	68.64	68.84	69.42	69.38	68.41	68.33	69.27	69.37	68.86	68.83	69.36	69.28	68.33	65.90	66.82	66.88	66.37	66.36	66.87	66.80	65.89	65.74	66.63	66.68	66.12	65.94	66.31	66.25	65.48
68.11	68.95	69.03	68.66	68.84	69.40	69.37	68.40	68.32	69.25	69.36	68.87	68.84	69.36	69.27	68.32	65.90	66.81	66.87	66.38	66.37	66.86	66.79	65.88	65.72	66.60	66.66	66.11	65.94	66.30	66.23	65.47
68.11	68.95	69.03	68.67	68.84	69.39	69.35	68.39	68.31	69.24	69.35	68.87	68.85	69.35	69.26	68.32	65.89	66.79	66.87	66.38	66.37	66.84	66.77	65.87	65.71	66.58	66.64	66.11	65.94	66.29	66.22	65.47
68.11	68.94	69.03	68.68	68.85	69.38	69.34	68.38	68.30	69.23	69.34	68.88	68.86	69.35	69.26	68.32	65.88	66.78	66.86	66.39	66.37	66.83	66.75	65.86	65.69	66.55	66.61	66.10	65.94	66.28	66.21	65.45
68.10	68.94	69.03	68.69	68.85	69.37	69.32	68.38	68.30	69.21	69.33	68.89	68.87	69.35	69.25	68.31	65.87	66.77	66.85	66.39	66.37	66.82	66.73	65.85	65.67	66.53	66.59	66.10	65.94	66.27	66.19	65.45
68.10	68.94	69.27	68.94	69.10	69.60	69.55	68.60	68.52	69.44	69.33	68.90	68.88	69.35	69.24	68.31	65.87	66.76	66.84	66.40	66.38	66.80	66.72	65.84	65.65	66.50	66.57	66.09	65.95	66.26	66.18	65.44
68.34	69.18	69.06	68.74	68.89	69.38	69.32	68.39	68.31	69.22	69.57	69.15	69.13	69.59	69.48	68.54	65.86	66.75	66.84	66.40	66.38	66.79	66.70	65.83	65.64	66.48	66.55	66.09	65.95	66.25	66.17	65.43
68.37	69.20	69.29	68.98	69.13	69.60	69.30	68.37	68.53	69.44	69.34	68.95	68.93	69.37	69.26	68.33	65.85	66.74	66.83	66.41	66.38	66.78	66.69	65.82	65.62	66.46	66.53	66.08	65.95	66.24	66.16	65.42
68.14	68.97	69.07	68.77	68.91	69.37	69.53	68.60	68.55	69.46	69.57	69.18	69.17	69.60	69.24	68.31	65.85	66.73	66.82	66.41	66.39	66.77	66.67	65.81	65.61	66.44	66.51	66.08	65.95	66.23	66.14	65.41
68.12	68.95	69.06	68.77	68.91	69.35	69.54	68.61	68.55	69.46	69.34	68.97	69.20	69.62	69.47	68.54	65.84	66.72	66.81	66.42	66.39	66.76	66.66	65.80	65.59	66.42	66.50	66.07	65.95	66.22	66.13	65.40
68.11	68.94	69.05	68.77	68.91	69.33	69.54	68.62	68.55	69.45	69.32	68.96	69.22	69.62	69.49	68.56	65.83	66.71	66.80	66.42	66.40	66.75	66.65	65.79	65.58	66.39	66.48	66.07	65.95	66.22	66.12	65.39
68.11	68.93	69.04	68.78	68.91	69.32	69.54	68.62	68.55	69.45	69.31	68.96	69.23	69.63	69.50	68.57	65.82	66.69	66.80	66.42	66.40	66.75	66.63	65.78	65.56	66.37	66.46	66.07	65.95	66.21	66.11	65.38
68.10	68.92	69.04	68.78	68.91	69.31	69.54	68.62	68.55	69.44	69.30	68.96	69.24	69.63	69.50	68.57	65.82	66.68	66.79	66.42	66.40	66.74	66.62	65.77	65.55	66.35	66.44	66.06	65.95	66.20	66.09	65.37
68.10	68.92	69.04	68.79	68.91	69.30	69.53	68.62	68.54	69.43	69.29	68.97	69.25	69.63	69.50	68.58	65.81	66.67	66.78	66.43	66.41	66.73	66.61	65.76	65.54	66.33	66.43	66.06	65.95	66.19	66.08	65.36
68.09	68.91	69.03	68.79	68.92	69.30	69.52	68.62	68.54	69.43	69.28	68.97	69.26	69.63	69.49	68.57	65.80	66.66	66.77	66.43	66.41	66.72	66.60	65.75	65.52	66.31	66.41	66.05	65.95	66.18	66.07	65.35
68.09	68.91	69.03	68.80	68.92	69.29	69.52	68.61	68.53	69.42	69.27	68.97	69.27	69.62	69.49	68.57	65.79	66.65	66.76	66.43	66.41	66.71	66.59	65.75	65.51	66.30	66.40	66.05	65.95	66.17	66.06	65.34
68.09	68.90	69.03	68.80	68.92	69.28	69.51	68.61	68.53	69.41	69.27	68.98	69.28	69.62	69.48	68.57	65.78	66.63	66.75	66.43	66.41	66.70	66.57	65.74	65.50	66.28	66.38	66.05	65.95	66.16	66.05	65.34
68.08	68.90	69.03	68.81	68.93	69.27	69.50	68.60	68.52	69.40	69.26	68.98	69.28	69.62	69.48	68.56	65.77	66.62	66.74	66.43	66.42	66.69	66.56	65.73	65.48	66.26	66.37	66.04	65.95	66.15	66.03	65.33
68.08	68.89	69.03	68.82	68.93	69.27	69.49	68.60	68.51	69.39	69.25	68.99	69.29	69.61	69.47	68.56	65.77	66.61	66.73	66.43	66.42	66.69	66.55	65.72	65.47	66.24	66.35	66.04	65.95	66.14	66.02	65.32
68.07	68.89	69.02	68.82	68.93	69.26	69.48	68.59	68.51	69.38	69.25	68.99	69.29	69.61	69.46	68.55	65.76	66.60	66.72	66.44	66.42	66.68	66.54	65.71	65.46	66.22	66.34	66.03	65.95	66.14	66.01	65.31
68.07	68.88	69.02	68.83	68.94	69.26	69.47	68.59	68.50	69.37	69.25	69.00	69.30	69.60	69.45	68.55	65.75	66.59	66.71	66.44	66.42	66.67	66.53	65.70	65.44	66.21	66.32	66.03	65.95	66.13	66.00	65.30
68.07	68.88	69.02	68.84	68.94	69.25	69.46	68.58	68.50	69.37	69.24	69.00	69.30	69.60	69.45	68.54	65.74	66.57	66.71	66.44	66.42	66.66	66.52	65.70	65.43	66.19	66.31	66.03	65.94	66.12	65.99	65.29
68.30	69.12	69.26	69.08	69.19	69.49	69.46	68.58	68.49	69.36	69.48	69.25	69.31	69.60	69.44	68.54	65.73	66.56	66.70	66.44	66.43	66.66	66.51	65.69	65.42	66.17	66.30	66.02	65.94	66.11	65.98	65.28
68.33	69.14	69.30	69.12	69.22	69.51	69.45	68.57	68.49	69.35	69.51	69.29	69.32	69.59	69.43	68.53	65.72	66.55	66.69	66.44	66.43	66.65	66.50	65.68	65.41	66.16	66.28	66.02	65.94	66.11	65.97	65.27
68.34	69.15	69.31	69.15	69.24	69.52	69.19	68.32	68.24	69.10	69.52	69.31	69.32	69.59	69.42	68.53	65.71	66.54	66.69	66.44	66.43	66.64	66.48	65.67	65.40	66.14	66.27	66.02	65.94	66.10	65.96	65.27
68.35	69.16	69.33	69.17	69.26	69.53	69.16	68.29	68.45	69.32	69.52	69.32	69.09	69.34	69.41	68.52	65.70	66.53	66.68	66.45	66.43	66.63	66.47	65.66	65.38	66.13	66.26	66.01	65.94	66.09	65.94	65.26
68.35	69.17	69.33	69.18	69.27	69.53	69.13	68.27	68.46	69.32	69.53	69.33	69.31	69.56	69.40	68.51	65.69	66.52	66.67	66.45	66.43	66.63	66.46	65.65	65.37	66.11	66.25	66.01	65.94	66.08	65.93	65.25
68.35	69.17	69.34	69.19	69.28	69.53	69.12	68.25	68.46	69.32	69.53	69.34	69.33	69.57	69.39	68.50	65.68	66.50	66.67	66.45	66.43	66.62	66.45	65.65	65.36	66.10	66.23	66.01	65.94	66.07	65.92	65.24
68.35	69.17	69.34	69.20	69.29	69.52	69.10	68.24	68.46	69.32	69.28	69.11	69.34	69.57	69.38	68.49	65.68	66.49	66.66	66.45	66.43	66.61	66.44	65.64	65.35	66.08	66.22	66.00	65.94	66.07	65.91	65.23
68.35	69.17	69.35	69.21	69.29	69.52	69.33	68.46	68.45	69.31	69.50	69.33	69.10	69.32	69.37	68.49	65.67	66.48	66.65	66.45	66.43	66.60	66.43	65.63	65.34	66.07	66.21	66.00	65.93	66.06	65.90	65.22
68.35	69.17	69.35	69.22	69.30	69.52	69.35	68.48	68.45	69.31	69.51	69.35	69.08	69.29	69.37	68.48	65.66	66.47	66.64	66.45	66.43	66.60	66.42	65.62	65.33	66.05	66.20	66.00	65.93	66.05	65.89	65.22
68.35	69.16	69.11	68.98	69.06	69.27	69.35	68.49	68.44	69.30	69.51	69.36	69.31	69.52	69.36	68.48	65.65	66.46	66.64	66.45	66.43	66.59	66.41	65.61	65.32	66.04	66.19	65.99	65.93	66.05	65.88	65.21
68.34	69.16	69.08	68.96	69.28	69.48	69.36	68.49	68.44	69.30	69.51	69.36	69.33	69.53	69.35	68.47	65.64	66.45	66.63	66.45	66.43	66.58	66.40	65.60	65.31	66.02	66.18	65.99	65.93	66.04	65.87	65.20
68.34	69.16	69.06	68.95	69.29	69.49	69.35	68.49	68.43	69.29	69.51	69.37	69.11	69.29	69.34	68.46	65.63	66.44	66.62	66.45	66.43	66.58	66.39	65.60	65.29	66.01	66.17	65.99	65.93	66.03	65.86	65.19
68.34	69.15	69.29	69.19	69.30	69.49	69.35	68.49	68.43	69.28	69.51	69.37	69.09	69.27	69.34	68.46	65.62	66.43	66.61	66.45	66.43	66.57	66.38	65.59	65.28	66.00	66.16	65.98	65.93	66.02	65.85	65.18
68.34	69.15	69.32	69.22	69.31	69.49	69.35	68.49	68.42	69.28	69.51	69.38	69.08	69.25	69.33	68.45	65.62	66.42	66.61	66.45	66.43	66.56	66.37	65.58	65.27	65.98	66.15	65.98	65.92	66.02	65.84	65.18
68.10	68.90	69.33	69.23	69.31	69.49	69.34	68.48	68.42	69.27	69.51	69.38	69.07	69.24	69.32	68.45	65.61	66.41	66.60	66.45	66.43	66.55	66.36	65.57	65.26	65.97	66.14	65.98	65.92	66.01	65.83	65.17
68.30	69.11	69.34	69.25	69.32	69.49	69.09	68.24	68.41	69.26	69.50	69.39	69.31	69.47	69.31	68.44	65.60	66.40	66.59	66.45	66.43	66.55	66.35	65.57	65.25	65.96	66.13	65.97	65.92	66.00	65.83	65.16
68.31	69.12	69.34	69.25	69.32	69.48	69.05	68.20	68.40	69.26	69.26	69.15	69.34	69.49	69.30	68.43	65.59	66.39	66.59	66.45	66.43	66.54	66.35	65.56	65.24	65.95	66.12	65.97	65.92	66.00	65.82	65.15
68.31	69.13	69.34	69.26	69.33	69.48	69.03	68.18	68.40	69.25	69.47	69.37	69.35	69.50	69.29	68.42	65.58	66.38	66.58	66.45	66.43	66.54	66.34	65.55	65.23	65.93	66.11	65.97	65.92	65.99	65.81	65.14
68.07	68.88	69.34	69.27	69.33	69.48	69.26	68.40	68.39	69.24	69.48	69.38	69.12	69.26	69.29	68.42	65.57	66.37	66.57	66.45	66.43	66.53	66.33	65.54	65.22	65.92	66.10	65.96	65.91	65.98	65.80	65.14
68.04	68.85	69.34	69.27	69.33	69.48	69.27	68.42	68.38	69.23	69.49	69.39	69.34	69.48	69.28	68.41	65.57	66.36	66.56	66.45	66.43	66.53	66.32	65.54	65.21	65.91	66.09	65.96	65.91	65.98	65.79	65.13
68.02	68.83	69.34	69.28	69.34	69.47	69.28	68.43	68.38	69.23	69.49	69.40	69.36	69.49	69.27	68.40	65.56	66.35	66.56	66.45	66.43	66.52	66.31	65.53	65.20	65.90	66.08	65.96	65.91	65.97	65.78	65.12
68.01	68.82	69.34	69.28	69.34	69.47	69.28	68.43	68.37	69.22	69.49	69.40	69.13	69.25	69.27	68.40	65.55	66.34	66.55	66.45	66.43	66.51	66.30	65.52	65.19	65.89	66.07	65.95	65.91	65.96	65.77	65.11
68.24	69.05	69.10	69.04	69.34	69.47	69.03	68.19	68.36	69.21	69.48	69.40	69.35	69.47	69.26	68.39	65.54	66.33	66.55	66.45	66.43	66.51	66.29	65.51	65.18	65.87	66.06	65.95	65.91	65.96	65.76	65.11
68.26	69.07	69.07	69.02	69.34	69.46	69.00	68.16	68.36	69.21	69.48	69.41	69.37	69.48	69.25	68.38	65.53	66.32	66.54	66.45	66.43	66.50	66.28	65.51	65.18	65.86	66.05	65.95	65.90	65.95	65.75	65.10
68.27	69.08	69.05	69.01	69.35	69.46	68.98	68.14	68.35	69.20	69.47	69.41	69.38	69.48	69.24	68.38	65.52	66.31	66.53	66.45	66.43	66.50	66.27	65.50	65.17	65.85	66.04	65.94	65.90	65.95	65.75	65.09
68.27	69.08	69.28	69.24	69.35	69.46	68.96	68.12	68.35	69.19	69.47	69.41	69.38	69.48	69.23	68.37	65.52	66.30	66.53	66.44	66.43	66.49	66.27	65.49	65.16	65.84	66.03	65.94	65.90	65.94	65.74	65.08
68.27	69.09	69.31	69.27	69.11	69.21	69.19	68.35	68.34	69.19	69.47	69.41	69.39	69.48	69.23	68.36	65.51	66.29	66.52	66.44	66.43	66.49	66.26	65.48	65.15	65.83	66.03	65.94	65.90	65.93	65.73	65.08
68.03	68.84	69.32	69.28	69.08	69.18	69.21	68.36	68.34	69.18	69.47	69.42	69.39	69.48	69.22	68.35	65.50	66.28	66.51	66.44	66.43	66.48	66.25	65.48	65.14	65.82	66.02	65.93	65.90	65.93	65.72	65.07
68.00	68.81	69.32	69.29	69.07	69.16	69.22	68.37	68.33	69.17	69.46	69.42	69.39	69.47	69.21	68.35	65.49	66.27	66.51	66.44	66.43	66.48	66.24	65.47	65.13	65.81	66.01	65.93	65.89	65.92	65.71	65.06
67.98	68.79	69.08	69.05	69.06	69.14	69.22	68.37	68.32	69.17	69.46	69.42	69.39	69.47	69.21	68.34	65.48	66.26	66.50	66.44	66.43	66.47	66.23	65.46	65.12	65.80	66.00	65.93	65.89	65.92	65.70	65.06
67.97	68.78	69.05	69.03	69.29	69.38	69.22	68.37	68.31	69.16	69.46	69.42	69.39	69.47	69.20	68.34	65.48	66.25	66.50	66.44	66.43	66.47	66.23	65.45	65.11	65.79	65.99	65.92	65.89	65.91	65.70	65.05
68.20	69.01	69.04	69.02	69.32	69.40	68.97	68.13	68.31	69.15	69.45	69.42	69.39	69.46	69.19	68.33	65.47	66.25	66.49	66.44	66.43	66.46	66.22	65.45	65.10	65.78	65.99	65.92	65.89	65.90	65.69	65.04
68.22	69.03	69.03	69.01	69.33	69.41	68.94	68.10	68.30	69.15	69.45	69.42	69.40	69.46	69.18	68.32	65.46	66.24	66.48	66.44	66.43	66.46	66.21	65.44	65.10	65.77	65.98	65.92	65.88	65.90	65.68	65.03
68.23	69.04	69.26	69.25	69.34	69.41	68.92	68.08	68.30	69.14	69.44	69.42	69.40	69.46	69.18	68.32	65.45	66.23	66.48	66.44	66.42	66.45	66.20	65.43	65.09	65.76	65.97	65.91	65.88	65.89	65.67	65.03
68.23	69.05	69.29	69.28	69.35	69.41	68.90	68.07	68.29	69.14	69.44	69.42	69.40	69.45	69.17	68.31	65.45	66.22	66.47	66.43	66.42	66.45	66.19	65.43	65.08	65.75	65.96	65.91	65.88	65.89	65.66	65.02
68.00	68.81	69.30	69.29	69.11	69.17	69.13	68.29	68.29	69.13	69.44	69.42	69.40	69.45	69.16	68.30	65.44	66.21	66.47	66.43	66.42	66.44	66.19	65.42	65.07	65.74	65.96	65.91	65.88	65.88	65.66	65.01
67.96	68.78	69.31	69.30	69.09	69.14	69.15	68.31	68.28	69.12	69.44	69.43	69.40	69.44	69.15	68.30	65.43	66.20	66.46	66.43	66.42	66.44	66.18	65.41	65.06	65.73	65.95	65.90	65.88	65.88	65.65	65.01
67.95	68.76	69.07	69.07	69.07	69.12	69.16	68.32	68.27	69.12	69.43	69.43	69.40	69.44	69.15	68.29	65.42	66.19	66.46	66.43	66.42	66.43	66.17	65.40	65.05	65.72	65.94	65.90	65.87	65.87	65.64	65.00
67.93	68.74	69.04	69.04	69.06	69.11	69.16	68.32	68.27	69.11	69.43	69.43	69.40	69.43	69.14	68.28	65.42	66.19	66.45	66.43	66.42	66.43	66.16	65.40	65.05	65.71	65.93	65.90	65.87	65.87	65.63	64.99
68.16	68.98	69.02	69.03	69.30	69.34	68.91	68.08	68.26	69.10	69.43	69.43	69.40	69.43	69.14	68.28	65.41	66.18	66.44	66.43	66.42	66.42	66.16	65.39	65.04	65.70	65.93	65.90	65.87	65.86	65.63	64.99
68.18	69.00	69.01	69.02	69.33	69.36	68.89	68.05	68.25	69.10	69.42	69.42	69.40	69.43	69.13	68.27	65.40	66.17	66.44	66.42	66.42	66.42	66.15	65.38	65.03	65.69	65.92	65.89	65.87	65.86	65.62	64.98
68.19	69.00	69.25	69.27	69.34	69.37	68.87	68.03	68.25	69.09	69.42	69.43	69.40	69.42	69.12	68.26	65.39	66.16	66.43	66.42	66.41	66.41	66.14	65.38	65.02	65.68	65.91	65.89	65.86	65.85	65.61	64.97
68.19	69.01	69.27	69.29	69.35	69.38	68.85	68.02	68.24	69.09	69.41	69.43	69.40	69.42	69.11	68.26	65.39	66.15	66.43	66.42	66.41	66.41	66.13	65.37	65.01	65.67	65.91	65.89	65.86	65.84	65.61	64.97
68.19	69.01	69.28	69.30	69.35	69.38	69.08	68.24	68.24	69.08	69.17	69.18	69.16	69.17	69.11	68.25	65.38	66.15	66.42	66.42	66.41	66.40	66.13	65.36	65.01	65.67	65.90	65.88	65.86	65.84	65.60	64.96
67.96	68.77	69.29	69.31	69.36	69.38	69.10	68.26	68.23	69.07	69.38	69.40	69.37	69.38	69.10	68.24	65.37	66.14	66.42	66.42	66.41	66.40	66.12	65.36	65.00	65.66	65.89	65.88	65.86	65.83	65.59	64.95
67.93	68.74	69.05	69.07	69.36	69.38	69.11	68.27	68.23	69.07	69.39	69.41	69.39	69.40	69.09	68.24	65.36	66.13	66.41	66.41	66.41	66.39	66.11	65.35	64.99	65.65	65.89	65.88	65.85	65.83	65.58	64.95
67.91	68.72	69.26	69.29	69.12	69.13	69.11	68.27	68.22	69.06	69.39	69.42	69.39	69.40	69.09	68.23	65.36	66.12	66.40	66.41	66.40	66.39	66.11	65.34	64.98	65.64	65.88	65.87	65.85	65.82	65.58	64.94
67.89	68.71	69.28	69.31	69.09	69.10	68.87	68.04	68.21	69.05	69.39	69.42	69.39	69.39	69.08	68.23	65.35	66.12	66.40	66.41	66.40	66.38	66.10	65.34	64.98	65.63	65.87	65.87	65.85	65.82	65.57	64.93
68.12	68.94	69.29	69.32	69.08	69.08	68.84	68.01	68.21	69.05	69.39	69.42	69.39	69.39	69.08	68.22	65.34	66.11	66.39	66.41	66.40	66.38	66.09	65.33	64.97	65.62	65.87	65.87	65.84	65.81	65.56	64.93
68.14	68.96	69.05	69.08	69.07	69.07	68.82	67.99	68.20	69.04	69.39	69.42	69.39	69.39	69.07	68.21	65.34	66.10	66.39	66.41	66.40	66.37	66.08	65.32	64.96	65.61	65.86	65.86	65.84	65.81	65.56	64.92
68.15	68.97	69.02	69.05	69.06	69.06	68.80	67.97	68.20	69.04	69.39	69.42	69.39	69.38	69.06	68.20	65.33	66.09	66.38	66.41	66.40	66.37	66.08	65.32	64.95	65.61	65.85	65.86	65.84	65.80	65.55	64.91
68.15	68.97	69.00	69.04	69.29	69.29	68.79	67.96	67.96	68.79	69.38	69.42	69.39	69.38	69.05	68.20	65.32	66.08	66.38	66.40	66.40	66.37	66.07	65.31	64.95	65.60	65.85	65.86	65.84	65.80	65.54	64.91
68.15	68.97	68.99	69.03	69.32	69.32	69.02	68.19	67.92	68.76	69.38	69.42	69.39	69.38	68.81	67.96	65.31	66.08	66.37	66.40	66.40	66.36	66.06	65.30	64.94	65.59	65.84	65.85	65.83	65.79	65.54	64.90
68.15	68.97	69.22	69.26	69.34	69.33	69.04	68.21	67.90	68.74	69.37	69.42	69.39	69.37	68.77	67.92	65.30	66.07	66.37	66.40	66.39	66.36	66.05	65.29	64.93	65.58	65.84	65.85	65.83	65.79	65.53	64.90
68.14	68.97	69.25	69.29	69.35	69.34	69.05	68.21	67.89	68.73	69.37	69.42	69.39	69.37	68.75	67.90	65.30	66.06	66.36	66.40	66.39	66.35	66.05	65.29	64.92	65.57	65.83	65.85	65.83	65.78	65.52	64.89
68.14	68.96	69.26	69.31	69.11	69.09	69.05	68.21	67.88	68.71	69.37	69.42	69.39	69.36	68.74	67.89	65.29	66.05	66.36	66.40	66.39	66.35	66.04	65.28	64.92	65.57	65.82	65.84	65.83	65.78	65.52	64.88
68.13	68.96	69.27	69.32	69.08	69.07	69.05	68.21	67.87	68.70	69.36	69.42	69.39	69.36	68.73	67.88	65.28	66.04	66.35	66.39	66.39	66.34	66.03	65.27	64.91	65.56	65.82	65.84	65.82	65.78	65.51	64.88
68.13	68.95	69.27	69.32	69.07	69.05	69.05	68.21	67.86	68.70	69.36	69.42	69.39	69.36	68.72	67.87	65.27	66.03	66.35	66.39	66.39	66.34	66.02	65.26	64.90	65.55	65.81	65.84	65.82	65.77	65.50	64.87
68.13	68.95	69.03	69.08	69.06	69.04	69.05	68.21	67.85	68.69	69.36	69.42	69.39	69.35	68.71	67.86	65.27	66.03	66.34	66.39	66.38	66.33	66.02	65.26	64.90	65.54	65.81	65.84	65.82	65.77	65.50	64.86
68.12	68.95	69.00	69.05	69.29	69.27	69.04	68.20	67.84	68.68	69.35	69.42	69.39	69.35	68.70	67.85	65.26	66.02	66.34	66.39	66.38	66.33	66.01	65.25	64.89	65.54	65.80	65.83	65.82	65.76	65.49	64.86
68.12	68.94	68.98	69.04	69.32	69.29	69.04	68.20	67.84	68.67	69.35	69.42	69.38	69.34	68.69	67.84	65.25	66.01	66.33	66.39	66.38	66.32	66.00	65.24	64.88	65.53	65.80	65.83	65.81	65.76	65.49	64.85
68.11	68.94	68.97	69.03	69.33	69.30	69.03	68.19	67.83	68.67	69.34	69.41	69.14	69.10	68.69	67.84	65.24	66.00	66.33	66.38	66.38	66.32	65.99	65.24	64.88	65.52	65.79	65.83	65.81	65.75	65.48	64.85
68.11	68.93	69.20	69.27	69.34	69.31	69.03	68.19	67.82	68.66	69.34	69.41	69.11	69.06	68.68	67.83	65.24	66.00	66.32	66.38	66.37	66.31	65.99	65.23	64.87	65.51	65.78	65.82	65.81	65.75	65.47	64.84
68.10	68.93	69.23	69.29	69.34	69.31	69.03	68.18	67.82	68.65	69.34	69.41	69.10	69.05	68.67	67.82	65.23	65.99	66.32	66.38	66.37	66.31	65.98	65.22	64.86	65.51	65.78	65.82	65.80	65.74	65.47	64.83
68.10	68.92	69.24	69.31	69.34	69.31	69.02	68.18	67.81	68.65	69.33	69.41	69.09	69.03	68.66	67.82	65.22	65.98	66.31	66.38	66.37	66.30	65.97	65.22	64.86	65.50	65.77	65.82	65.80	65.74	65.46	64.83
68.09	68.92	69.25	69.31	69.34	69.31	69.02	68.17	67.80	68.64	69.33	69.41	69.08	69.02	68.66	67.81	65.22	65.98	66.31	66.37	66.36	66.29	65.97	65.21	64.85	65.49	65.77	65.81	65.80	65.73	65.45	64.82
68.09	68.92	69.25	69.32	69.35	69.30	69.01	68.17	67.80	68.64	69.33	69.41	69.07	69.02	68.65	67.80	65.21	65.97	66.31	66.37	66.36	66.29	65.96	65.20	64.84	65.49	65.76	65.81	65.80	65.73	65.45	64.81
68.08	68.91	69.25	69.32	69.34	69.30	69.01	68.16	67.79	68.63	69.08	69.16	69.07	69.01	68.64	67.80	65.20	65.96	66.30	66.37	66.35	66.28	65.95	65.20	64.84	65.48	65.76	65.81	65.79	65.72	65.44	64.81
68.08	68.91	69.25	69.32	69.34	69.30	69.00	68.16	67.79	68.62	69.05	69.13	69.06	69.00	68.64	67.79	65.20	65.96	66.29	66.36	66.35	66.28	65.95	65.19	64.83	65.47	65.75	65.80	65.79	65.72	65.44	64.80
68.08	68.90	69.25	69.32	69.34	69.30	69.00	68.15	67.78	68.62	69.03	69.12	69.06	69.00	68.63	67.78	65.19	65.95	66.29	66.36	66.35	66.27	65.94	65.19	64.82	65.46	65.75	65.80	65.79	65.71	65.43	64.80
68.07	68.90	69.24	69.32	69.34	69.29	68.99	68.15	67.77	68.61	69.02	69.11	69.06	68.99	68.62	67.78	65.19	65.94	66.28	66.36	66.35	66.27	65.93	65.18	64.82	65.46	65.74	65.80	65.78	65.71	65.42	64.79
68.06	68.90	69.24	69.32	69.34	69.29	68.98	68.14	67.77	68.60	69.01	69.10	69.05	68.99	68.62	67.77	65.18	65.94	66.28	66.35	66.34	66.26	65.93	65.17	64.81	65.45	65.74	65.79	65.78	65.71	65.42	64.79
68.06	68.89	69.24	69.32	69.34	69.29	68.98	68.14	67.76	68.60	69.00	69.09	69.05	68.98	68.61	67.77	65.17	65.93	66.27	66.35	66.34	66.26	65.92	65.17	64.81	65.45	65.73	65.79	65.78	65.70	65.41	64.78
68.06	68.89	69.24	69.32	69.34	69.28	68.98	68.13	67.76	68.59	69.00	69.09	69.05	68.98	68.60	67.76	65.17	65.92	66.26	66.34	66.34	66.25	65.92	65.16	64.80	65.44	65.73	65.79	65.77	65.70	65.41	64.78
68.05	68.88	69.23	69.32	69.34	69.28	68.97	68.13	67.75	68.59	68.99	69.08	69.05	68.97	68.60	67.75	65.16	65.92	66.26	66.34	66.33	66.25	65.91	65.15	64.79	65.43	65.72	65.78	65.77	65.69	65.40	64.77
68.05	68.88	69.23	69.32	69.34	69.28	68.97	68.12	67.75	68.58	68.98	69.08	69.04	68.97	68.59	67.75	65.15	65.91	66.25	66.34	66.33	66.24	65.90	65.15	64.79	65.43	65.72	65.78	65.77	65.69	65.39	64.76
68.04	68.88	69.23	69.31	69.34	69.27	68.72	67.88	67.74	68.57	68.98	69.08	69.04	68.96	68.59	67.74	65.15	65.90	66.25	66.33	66.33	66.24	65.90	65.14	64.78	65.42	65.71	65.78	65.76	65.68	65.39	64.76
68.04	68.87	69.22	69.31	69.33	69.27	68.69	67.85	67.73	68.57	68.97	69.08	69.04	68.96	68.58	67.73	65.14	65.90	66.24	66.33	66.32	66.23	65.89	65.14	64.77	65.41	65.70	65.77	65.76	65.68	65.38	64.75
68.03	68.87	69.22	69.31	69.33	69.26	68.66	67.82	67.73	68.56	68.97	69.07	69.03	68.95	68.57	67.73	65.14	65.89	66.24	66.33	66.32	66.23	65.89	65.13	64.77	65.41	65.70	65.77	65.76	65.67	65.38	64.75
68.03	68.86	69.22	69.31	69.33	69.26	68.64	67.81	67.72	68.56	68.97	69.07	69.03	68.95	68.56	67.72	65.13	65.89	66.23	66.32	66.32	66.22	65.88	65.12	64.76	65.40	65.69	65.77	65.76	65.67	65.37	64.74
68.02	68.86	69.22	69.31	69.33	69.25	68.64	67.80	67.72	68.55	68.96	69.07	69.03	68.95	68.56	67.71	65.12	65.88	66.23	66.32	66.32	66.22	65.87	65.12	64.76	65.39	65.69	65.76	65.75	65.66	65.37	64.74
67.79	68.61	69.21	69.31	69.33	69.25	68.63	67.79	67.71	68.55	68.96	69.06	69.03	68.94	68.55	67.70	65.12	65.87	66.22	66.32	66.31	66.22	65.87	65.11	64.75	65.39	65.68	65.76	65.75	65.66	65.36	64.73
67.75	68.58	69.21	69.31	69.09	69.01	68.62	67.78	67.70	68.54	68.95	69.06	69.02	68.94	68.54	67.70	65.11	65.87	66.22	66.31	66.31	66.21	65.86	65.11	64.74	65.38	65.68	65.76	65.75	65.66	65.35	64.73
67.73	68.56	69.21	69.30	69.05	68.97	68.61	67.77	67.70	68.53	68.95	69.06	69.02	68.93	68.54	67.69	65.11	65.86	66.21	66.31	66.31	66.21	65.85	65.10	64.74	65.38	65.67	65.75	65.74	65.65	65.35	64.72
67.71	68.54	69.20	69.30	69.03	68.95	68.60	67.76	67.69	68.52	68.94	69.06	69.01	68.92	68.53	67.68	65.10	65.85	66.21	66.31	66.30	66.20	65.85	65.09	64.73	65.37	65.67	65.75	65.74	65.65	65.34	64.71
67.70	68.53	69.20	69.30	69.02	68.93	68.59	67.76	67.68	68.52	68.94	69.05	69.01	68.92	68.52	67.68	65.09	65.85	66.20	66.31	66.30	66.20	65.84	65.09	64.73	65.36	65.67	65.75	65.74	65.64	65.34	64.71
