pcb_C_0	327.2850
pcb_C_1	327.9697
pcb_C_2	328.3025
pcb_C_3	328.4238
pcb_C_4	328.3895
pcb_C_5	328.2519
pcb_C_6	327.9493
pcb_C_7	327.2779
pcb_C_8	326.9922
pcb_C_9	327.5833
pcb_C_10	327.9108
pcb_C_11	328.0471
pcb_C_12	328.0238
pcb_C_13	327.8734
pcb_C_14	327.5619
pcb_C_15	326.9813
pcb_C_16	326.5457
pcb_C_17	326.8035
pcb_C_18	327.0057
pcb_C_19	327.1088
pcb_C_20	327.0986
pcb_C_21	326.9867
pcb_C_22	326.7882
pcb_C_23	326.5354
pcb_C_24	326.2204
pcb_C_25	326.2237
pcb_C_26	326.3083
pcb_C_27	326.3666
pcb_C_28	326.3624
pcb_C_29	326.2994
pcb_C_30	326.2149
pcb_C_31	326.2128
solder_C_0	327.6234
solder_C_1	328.2628
solder_C_2	328.6337
solder_C_3	328.7598
solder_C_4	328.6933
solder_C_5	328.5477
solder_C_6	328.2437
solder_C_7	327.6216
solder_C_8	327.3084
solder_C_9	327.8473
solder_C_10	328.1909
solder_C_11	328.3337
solder_C_12	328.2999
solder_C_13	328.1433
solder_C_14	327.8251
solder_C_15	327.2973
solder_C_16	326.5654
solder_C_17	326.7420
solder_C_18	326.9552
solder_C_19	327.0667
solder_C_20	327.0552
solder_C_21	326.9350
solder_C_22	326.7266
solder_C_23	326.5548
solder_C_24	326.1596
solder_C_25	326.0804
solder_C_26	326.1768
solder_C_27	326.2442
solder_C_28	326.2399
solder_C_29	326.1677
solder_C_30	326.0714
solder_C_31	326.1519
sub_C_0	327.7120
sub_C_1	328.3539
sub_C_2	328.7501
sub_C_3	328.8781
sub_C_4	328.7927
sub_C_5	328.6452
sub_C_6	328.3380
sub_C_7	327.7137
sub_C_8	327.4067
sub_C_9	327.9549
sub_C_10	328.3071
sub_C_11	328.4523
sub_C_12	328.4155
sub_C_13	328.2580
sub_C_14	327.9328
sub_C_15	327.3948
sub_C_16	326.4757
sub_C_17	326.6832
sub_C_18	326.9063
sub_C_19	327.0210
sub_C_20	327.0095
sub_C_21	326.8862
sub_C_22	326.6678
sub_C_23	326.4650
sub_C_24	326.0500
sub_C_25	326.0105
sub_C_26	326.1186
sub_C_27	326.1899
sub_C_28	326.1856
sub_C_29	326.1096
sub_C_30	326.0015
sub_C_31	326.0423
layer_3_C_0	328.5085
layer_3_C_1	329.2284
layer_3_C_2	329.8712
layer_3_C_3	330.0138
layer_3_C_4	329.7377
layer_3_C_5	329.5779
layer_3_C_6	329.2475
layer_3_C_7	328.5458
layer_3_C_8	328.3517
layer_3_C_9	329.0349
layer_3_C_10	329.4693
layer_3_C_11	329.6385
layer_3_C_12	329.5742
layer_3_C_13	329.4083
layer_3_C_14	329.0134
layer_3_C_15	328.3315
layer_3_C_16	325.5657
layer_3_C_17	326.0760
layer_3_C_18	326.3953
layer_3_C_19	326.5409
layer_3_C_20	326.5307
layer_3_C_21	326.3773
layer_3_C_22	326.0614
layer_3_C_23	325.5545
layer_3_C_24	325.0025
layer_3_C_25	325.3224
layer_3_C_26	325.5433
layer_3_C_27	325.6505
layer_3_C_28	325.6464
layer_3_C_29	325.5343
layer_3_C_30	325.3130
layer_3_C_31	324.9942
layer_4_TB_0	328.3524
layer_4_TB_1	329.0717
layer_4_TB_2	329.6969
layer_4_TB_3	329.8401
layer_4_TB_4	329.5805
layer_4_TB_5	329.4200
layer_4_TB_6	329.0879
layer_4_TB_7	328.3867
layer_4_TB_8	328.1946
layer_4_TB_9	328.8795
layer_4_TB_10	329.3116
layer_4_TB_11	329.4806
layer_4_TB_12	329.4190
layer_4_TB_13	329.2521
layer_4_TB_14	328.8581
layer_4_TB_15	328.1751
layer_4_TB_16	325.5637
layer_4_TB_17	326.0745
layer_4_TB_18	326.3939
layer_4_TB_19	326.5395
layer_4_TB_20	326.5293
layer_4_TB_21	326.3759
layer_4_TB_22	326.0599
layer_4_TB_23	325.5525
layer_4_TB_24	325.0012
layer_4_TB_25	325.3216
layer_4_TB_26	325.5426
layer_4_TB_27	325.6498
layer_4_TB_28	325.6457
layer_4_TB_29	325.5336
layer_4_TB_30	325.3122
layer_4_TB_31	324.9929
hsp_TB_0	326.7920
hsp_TB_1	327.5048
hsp_TB_2	327.9537
hsp_TB_3	328.1028
hsp_TB_4	328.0090
hsp_TB_5	327.8415
hsp_TB_6	327.4916
hsp_TB_7	326.7959
hsp_TB_8	326.6242
hsp_TB_9	327.3261
hsp_TB_10	327.7352
hsp_TB_11	327.9025
hsp_TB_12	327.8672
hsp_TB_13	327.6899
hsp_TB_14	327.3058
hsp_TB_15	326.6115
hsp_TB_16	325.5440
hsp_TB_17	326.0594
hsp_TB_18	326.3796
hsp_TB_19	326.5255
hsp_TB_20	326.5155
hsp_TB_21	326.3617
hsp_TB_22	326.0447
hsp_TB_23	325.5328
hsp_TB_24	324.9889
hsp_TB_25	325.3133
hsp_TB_26	325.5353
hsp_TB_27	325.6427
hsp_TB_28	325.6386
hsp_TB_29	325.5263
hsp_TB_30	325.3039
hsp_TB_31	324.9806
hsink_TB_0	326.1564
hsink_TB_1	326.8356
hsink_TB_2	327.2224
hsink_TB_3	327.3730
hsink_TB_4	327.3358
hsink_TB_5	327.1689
hsink_TB_6	326.8155
hsink_TB_7	326.1497
hsink_TB_8	326.0271
hsink_TB_9	326.7075
hsink_TB_10	327.1020
hsink_TB_11	327.2689
hsink_TB_12	327.2472
hsink_TB_13	327.0678
hsink_TB_14	326.6875
hsink_TB_15	326.0155
hsink_TB_16	325.4703
hsink_TB_17	325.9829
hsink_TB_18	326.3020
hsink_TB_19	326.4479
hsink_TB_20	326.4389
hsink_TB_21	326.2849
hsink_TB_22	325.9684
hsink_TB_23	325.4594
hsink_TB_24	324.9766
hsink_TB_25	325.3022
hsink_TB_26	325.5245
hsink_TB_27	325.6319
hsink_TB_28	325.6279
hsink_TB_29	325.5155
hsink_TB_30	325.2929
hsink_TB_31	324.9683
inode_0	324.4776
inode_1	324.4700
inode_2	323.9252
inode_3	325.3165
inode_4	324.4635
inode_5	324.4559
inode_6	323.9181
inode_7	325.3046
inode_8	323.8951
inode_9	323.8882
inode_10	323.2546
inode_11	324.4816
inode_12	326.8427
inode_13	326.8349
inode_14	325.8964
inode_15	327.9993
inode_16	326.8406
inode_17	326.8328
inode_18	325.8962
inode_19	327.9986
inode_20	326.2914
inode_21	326.2832
inode_22	325.8429
inode_23	327.8941
inode_24	324.3905
inode_25	324.3842
inode_26	323.6574
inode_27	325.1259
