pcb_LC_0	353.0253
pcb_LC_1	354.3475
pcb_LC_2	354.9247
pcb_LC_3	355.1534
pcb_LC_4	355.1537
pcb_LC_5	354.9257
pcb_LC_6	354.3490
pcb_LC_7	353.0272
pcb_LC_8	352.9689
pcb_LC_9	354.5018
pcb_LC_10	355.2254
pcb_LC_11	355.5209
pcb_LC_12	355.5213
pcb_LC_13	355.2267
pcb_LC_14	354.5039
pcb_LC_15	352.9712
pcb_LC_16	352.8724
pcb_LC_17	354.3290
pcb_LC_18	355.0224
pcb_LC_19	355.3079
pcb_LC_20	355.3082
pcb_LC_21	355.0236
pcb_LC_22	354.3308
pcb_LC_23	352.8746
pcb_LC_24	352.7796
pcb_LC_25	353.9442
pcb_LC_26	354.4630
pcb_LC_27	354.6726
pcb_LC_28	354.6729
pcb_LC_29	354.4638
pcb_LC_30	353.9455
pcb_LC_31	352.7813
solder_LC_0	355.2681
solder_LC_1	355.7890
solder_LC_2	356.1409
solder_LC_3	356.3147
solder_LC_4	356.3152
solder_LC_5	356.1425
solder_LC_6	355.7916
solder_LC_7	355.2711
solder_LC_8	355.4795
solder_LC_9	356.1399
solder_LC_10	356.5808
solder_LC_11	356.8000
solder_LC_12	356.8005
solder_LC_13	356.5830
solder_LC_14	356.1436
solder_LC_15	355.4836
solder_LC_16	355.1801
solder_LC_17	355.7065
solder_LC_18	356.1060
solder_LC_19	356.3131
solder_LC_20	356.3135
solder_LC_21	356.1077
solder_LC_22	355.7092
solder_LC_23	355.1834
solder_LC_24	354.7864
solder_LC_25	355.0680
solder_LC_26	355.3434
solder_LC_27	355.4944
solder_LC_28	355.4947
solder_LC_29	355.3444
solder_LC_30	355.0697
solder_LC_31	354.7887
sub_LC_0	355.4914
sub_LC_1	356.0210
sub_LC_2	356.3982
sub_LC_3	356.5864
sub_LC_4	356.5868
sub_LC_5	356.4001
sub_LC_6	356.0240
sub_LC_7	355.4950
sub_LC_8	355.9802
sub_LC_9	356.6341
sub_LC_10	357.0928
sub_LC_11	357.3223
sub_LC_12	357.3226
sub_LC_13	357.0956
sub_LC_14	356.6389
sub_LC_15	355.9857
sub_LC_16	355.3680
sub_LC_17	355.9017
sub_LC_18	356.3209
sub_LC_19	356.5389
sub_LC_20	356.5393
sub_LC_21	356.3228
sub_LC_22	355.9047
sub_LC_23	355.3716
sub_LC_24	354.8249
sub_LC_25	355.1413
sub_LC_26	355.4458
sub_LC_27	355.6119
sub_LC_28	355.6122
sub_LC_29	355.4468
sub_LC_30	355.1429
sub_LC_31	354.8271
layer_3_LC_0	357.1998
layer_3_LC_1	357.9428
layer_3_LC_2	358.5654
layer_3_LC_3	358.8846
layer_3_LC_4	358.8849
layer_3_LC_5	358.5690
layer_3_LC_6	357.9484
layer_3_LC_7	357.2069
layer_3_LC_8	360.9266
layer_3_LC_9	361.7247
layer_3_LC_10	362.3971
layer_3_LC_11	362.7374
layer_3_LC_12	362.7350
layer_3_LC_13	362.4064
layer_3_LC_14	361.7421
layer_3_LC_15	360.9474
layer_3_LC_16	356.8225
layer_3_LC_17	357.5956
layer_3_LC_18	358.2457
layer_3_LC_19	358.5796
layer_3_LC_20	358.5798
layer_3_LC_21	358.2487
layer_3_LC_22	357.6004
layer_3_LC_23	356.8286
layer_3_LC_24	354.9219
layer_3_LC_25	355.6246
layer_3_LC_26	356.2202
layer_3_LC_27	356.5274
layer_3_LC_28	356.5277
layer_3_LC_29	356.2212
layer_3_LC_30	355.6262
layer_3_LC_31	354.9238
layer_4_TB_0	357.0974
layer_4_TB_1	357.8404
layer_4_TB_2	358.4625
layer_4_TB_3	358.7814
layer_4_TB_4	358.7817
layer_4_TB_5	358.4661
layer_4_TB_6	357.8459
layer_4_TB_7	357.1045
layer_4_TB_8	360.8389
layer_4_TB_9	361.6368
layer_4_TB_10	362.3087
layer_4_TB_11	362.6486
layer_4_TB_12	362.6462
layer_4_TB_13	362.3179
layer_4_TB_14	361.6543
layer_4_TB_15	360.8597
layer_4_TB_16	356.7216
layer_4_TB_17	357.4948
layer_4_TB_18	358.1444
layer_4_TB_19	358.4781
layer_4_TB_20	358.4783
layer_4_TB_21	358.1475
layer_4_TB_22	357.4996
layer_4_TB_23	356.7276
layer_4_TB_24	354.8244
layer_4_TB_25	355.5274
layer_4_TB_26	356.1226
layer_4_TB_27	356.4296
layer_4_TB_28	356.4299
layer_4_TB_29	356.1236
layer_4_TB_30	355.5289
layer_4_TB_31	354.8263
layer_5_B_0	356.0724
layer_5_B_1	356.8151
layer_5_B_2	357.4328
layer_5_B_3	357.7487
layer_5_B_4	357.7490
layer_5_B_5	357.4362
layer_5_B_6	356.8205
layer_5_B_7	356.0793
layer_5_B_8	359.9630
layer_5_B_9	360.7598
layer_5_B_10	361.4263
layer_5_B_11	361.7626
layer_5_B_12	361.7600
layer_5_B_13	361.4357
layer_5_B_14	360.7774
layer_5_B_15	359.9841
layer_5_B_16	355.7116
layer_5_B_17	356.4859
layer_5_B_18	357.1316
layer_5_B_19	357.4625
layer_5_B_20	357.4627
layer_5_B_21	357.1345
layer_5_B_22	356.4905
layer_5_B_23	355.7174
layer_5_B_24	353.8492
layer_5_B_25	354.5543
layer_5_B_26	355.1466
layer_5_B_27	355.4512
layer_5_B_28	355.4515
layer_5_B_29	355.1476
layer_5_B_30	354.5558
layer_5_B_31	353.8510
layer_6_TB_0	355.9249
layer_6_TB_1	356.6679
layer_6_TB_2	357.2849
layer_6_TB_3	357.6004
layer_6_TB_4	357.6007
layer_6_TB_5	357.2883
layer_6_TB_6	356.6732
layer_6_TB_7	355.9317
layer_6_TB_8	359.7732
layer_6_TB_9	360.5704
layer_6_TB_10	361.2360
layer_6_TB_11	361.5719
layer_6_TB_12	361.5694
layer_6_TB_13	361.2453
layer_6_TB_14	360.5876
layer_6_TB_15	359.7938
layer_6_TB_16	355.5670
layer_6_TB_17	356.3419
layer_6_TB_18	356.9870
layer_6_TB_19	357.3175
layer_6_TB_20	357.3177
layer_6_TB_21	356.9900
layer_6_TB_22	356.3464
layer_6_TB_23	355.5727
layer_6_TB_24	353.7118
layer_6_TB_25	354.4175
layer_6_TB_26	355.0093
layer_6_TB_27	355.3135
layer_6_TB_28	355.3137
layer_6_TB_29	355.0102
layer_6_TB_30	354.4190
layer_6_TB_31	353.7136
layer_7_B_32	354.4484
layer_7_B_33	355.1947
layer_7_B_34	355.8053
layer_7_B_35	356.1163
layer_7_B_36	356.1167
layer_7_B_37	355.8086
layer_7_B_38	355.1996
layer_7_B_39	354.4547
layer_7_B_40	357.8769
layer_7_B_41	358.6781
layer_7_B_42	359.3345
layer_7_B_43	359.6672
layer_7_B_44	359.6660
layer_7_B_45	359.3424
layer_7_B_46	358.6909
layer_7_B_47	357.8932
layer_7_B_48	354.1198
layer_7_B_49	354.9007
layer_7_B_50	355.5408
layer_7_B_51	355.8673
layer_7_B_52	355.8675
layer_7_B_53	355.5435
layer_7_B_54	354.9048
layer_7_B_55	354.1252
layer_7_B_56	352.3377
layer_7_B_57	353.0488
layer_7_B_58	353.6358
layer_7_B_59	353.9362
layer_7_B_60	353.9364
layer_7_B_61	353.6368
layer_7_B_62	353.0502
layer_7_B_63	352.3394
layer_8_TB_0	354.2572
layer_8_TB_1	355.0042
layer_8_TB_2	355.6140
layer_8_TB_3	355.9244
layer_8_TB_4	355.9247
layer_8_TB_5	355.6172
layer_8_TB_6	355.0090
layer_8_TB_7	354.2634
layer_8_TB_8	357.6571
layer_8_TB_9	358.4592
layer_8_TB_10	359.1146
layer_8_TB_11	359.4469
layer_8_TB_12	359.4458
layer_8_TB_13	359.1224
layer_8_TB_14	358.4715
layer_8_TB_15	357.6730
layer_8_TB_16	353.9329
layer_8_TB_17	354.7148
layer_8_TB_18	355.3543
layer_8_TB_19	355.6803
layer_8_TB_20	355.6806
layer_8_TB_21	355.3571
layer_8_TB_22	354.7189
layer_8_TB_23	353.9382
layer_8_TB_24	352.1611
layer_8_TB_25	352.8731
layer_8_TB_26	353.4595
layer_8_TB_27	353.7594
layer_8_TB_28	353.7596
layer_8_TB_29	353.4604
layer_8_TB_30	352.8745
layer_8_TB_31	352.1628
layer_9_B_64	352.3443
layer_9_B_65	353.0983
layer_9_B_66	353.6998
layer_9_B_67	354.0041
layer_9_B_68	354.0045
layer_9_B_69	353.7028
layer_9_B_70	353.1026
layer_9_B_71	352.3499
layer_9_B_72	355.4605
layer_9_B_73	356.2720
layer_9_B_74	356.9173
layer_9_B_75	357.2452
layer_9_B_76	357.2452
layer_9_B_77	356.9238
layer_9_B_78	356.2800
layer_9_B_79	355.4722
layer_9_B_80	352.0631
layer_9_B_81	352.8559
layer_9_B_82	353.4893
layer_9_B_83	353.8101
layer_9_B_84	353.8104
layer_9_B_85	353.4918
layer_9_B_86	352.8595
layer_9_B_87	352.0678
layer_9_B_88	350.3955
layer_9_B_89	351.1164
layer_9_B_90	351.6962
layer_9_B_91	351.9907
layer_9_B_92	351.9909
layer_9_B_93	351.6971
layer_9_B_94	351.1177
layer_9_B_95	350.3971
layer_10_TB_0	352.1109
layer_10_TB_1	352.8660
layer_10_TB_2	353.4665
layer_10_TB_3	353.7700
layer_10_TB_4	353.7704
layer_10_TB_5	353.4694
layer_10_TB_6	352.8702
layer_10_TB_7	352.1164
layer_10_TB_8	355.2108
layer_10_TB_9	356.0237
layer_10_TB_10	356.6680
layer_10_TB_11	356.9953
layer_10_TB_12	356.9954
layer_10_TB_13	356.6743
layer_10_TB_14	356.0313
layer_10_TB_15	355.2220
layer_10_TB_16	351.8353
layer_10_TB_17	352.6297
layer_10_TB_18	353.2623
layer_10_TB_19	353.5825
layer_10_TB_20	353.5828
layer_10_TB_21	353.2648
layer_10_TB_22	352.6332
layer_10_TB_23	351.8399
layer_10_TB_24	350.1808
layer_10_TB_25	350.9029
layer_10_TB_26	351.4819
layer_10_TB_27	351.7757
layer_10_TB_28	351.7759
layer_10_TB_29	351.4828
layer_10_TB_30	350.9041
layer_10_TB_31	350.1824
layer_11_B_96	349.7758
layer_11_B_97	350.5419
layer_11_B_98	351.1322
layer_11_B_99	351.4280
layer_11_B_100	351.4285
layer_11_B_101	351.1347
layer_11_B_102	350.5454
layer_11_B_103	349.7806
layer_11_B_104	352.7146
layer_11_B_105	353.5425
layer_11_B_106	354.1757
layer_11_B_107	354.4976
layer_11_B_108	354.4988
layer_11_B_109	354.1809
layer_11_B_110	353.5459
layer_11_B_111	352.7218
layer_11_B_112	349.5561
layer_11_B_113	350.3667
layer_11_B_114	350.9922
layer_11_B_115	351.3060
layer_11_B_116	351.3064
layer_11_B_117	350.9943
layer_11_B_118	350.3696
layer_11_B_119	349.5601
layer_11_B_120	348.0332
layer_11_B_121	348.7677
layer_11_B_122	349.3384
layer_11_B_123	349.6253
layer_11_B_124	349.6255
layer_11_B_125	349.3392
layer_11_B_126	348.7689
layer_11_B_127	348.0346
layer_12_TB_0	349.5015
layer_12_TB_1	350.2691
layer_12_TB_2	350.8582
layer_12_TB_3	351.1531
layer_12_TB_4	351.1535
layer_12_TB_5	350.8607
layer_12_TB_6	350.2725
layer_12_TB_7	349.5062
layer_12_TB_8	352.4356
layer_12_TB_9	353.2656
layer_12_TB_10	353.8976
layer_12_TB_11	354.2188
layer_12_TB_12	354.2201
layer_12_TB_13	353.9027
layer_12_TB_14	353.2685
layer_12_TB_15	352.4425
layer_12_TB_16	349.2886
layer_12_TB_17	350.1014
layer_12_TB_18	350.7260
layer_12_TB_19	351.0391
layer_12_TB_20	351.0394
layer_12_TB_21	350.7281
layer_12_TB_22	350.1042
layer_12_TB_23	349.2925
layer_12_TB_24	347.7814
layer_12_TB_25	348.5175
layer_12_TB_26	349.0872
layer_12_TB_27	349.3732
layer_12_TB_28	349.3734
layer_12_TB_29	349.0880
layer_12_TB_30	348.5187
layer_12_TB_31	347.7828
layer_13_B_128	346.7580
layer_13_B_129	347.5407
layer_13_B_130	348.1175
layer_13_B_131	348.4033
layer_13_B_132	348.4037
layer_13_B_133	348.1197
layer_13_B_134	347.5435
layer_13_B_135	346.7618
layer_13_B_136	349.6469
layer_13_B_137	350.4979
layer_13_B_138	351.1174
layer_13_B_139	351.4322
layer_13_B_140	351.4346
layer_13_B_141	351.1215
layer_13_B_142	350.4965
layer_13_B_143	349.6498
layer_13_B_144	346.6129
layer_13_B_145	347.4474
layer_13_B_146	348.0637
layer_13_B_147	348.3693
layer_13_B_148	348.3696
layer_13_B_149	348.0655
layer_13_B_150	347.4497
layer_13_B_151	346.6161
layer_13_B_152	345.2633
layer_13_B_153	346.0157
layer_13_B_154	346.5750
layer_13_B_155	346.8527
layer_13_B_156	346.8528
layer_13_B_157	346.5757
layer_13_B_158	346.0167
layer_13_B_159	345.2645
layer_14_TB_0	346.4442
layer_14_TB_1	347.2288
layer_14_TB_2	347.8042
layer_14_TB_3	348.0889
layer_14_TB_4	348.0893
layer_14_TB_5	347.8064
layer_14_TB_6	347.2315
layer_14_TB_7	346.4479
layer_14_TB_8	349.2669
layer_14_TB_9	350.1206
layer_14_TB_10	350.7392
layer_14_TB_11	351.0529
layer_14_TB_12	351.0552
layer_14_TB_13	350.7432
layer_14_TB_14	350.1192
layer_14_TB_15	349.2697
layer_14_TB_16	346.3069
layer_14_TB_17	347.1442
layer_14_TB_18	347.7595
layer_14_TB_19	348.0642
layer_14_TB_20	348.0646
layer_14_TB_21	347.7613
layer_14_TB_22	347.1465
layer_14_TB_23	346.3100
layer_14_TB_24	344.9757
layer_14_TB_25	345.7302
layer_14_TB_26	346.2883
layer_14_TB_27	346.5649
layer_14_TB_28	346.5651
layer_14_TB_29	346.2889
layer_14_TB_30	345.7312
layer_14_TB_31	344.9770
layer_15_B_160	343.3051
layer_15_B_161	344.1094
layer_15_B_162	344.6706
layer_15_B_163	344.9443
layer_15_B_164	344.9447
layer_15_B_165	344.6723
layer_15_B_166	344.1116
layer_15_B_167	343.3081
layer_15_B_168	345.4673
layer_15_B_169	346.3486
layer_15_B_170	346.9582
layer_15_B_171	347.2611
layer_15_B_172	347.2629
layer_15_B_173	346.9613
layer_15_B_174	346.3478
layer_15_B_175	345.4696
layer_15_B_176	343.2462
layer_15_B_177	344.1116
layer_15_B_178	344.7173
layer_15_B_179	345.0132
layer_15_B_180	345.0135
layer_15_B_181	344.7187
layer_15_B_182	344.1134
layer_15_B_183	343.2487
layer_15_B_184	342.1002
layer_15_B_185	342.8753
layer_15_B_186	343.4208
layer_15_B_187	343.6875
layer_15_B_188	343.6877
layer_15_B_189	343.4213
layer_15_B_190	342.8761
layer_15_B_191	342.1013
layer_16_TB_0	342.9544
layer_16_TB_1	343.7611
layer_16_TB_2	344.3206
layer_16_TB_3	344.5931
layer_16_TB_4	344.5935
layer_16_TB_5	344.3222
layer_16_TB_6	343.7632
layer_16_TB_7	342.9573
layer_16_TB_8	345.0587
layer_16_TB_9	345.9434
layer_16_TB_10	346.5519
layer_16_TB_11	346.8537
layer_16_TB_12	346.8554
layer_16_TB_13	346.5549
layer_16_TB_14	345.9426
layer_16_TB_15	345.0609
layer_16_TB_16	342.9042
layer_16_TB_17	343.7731
layer_16_TB_18	344.3776
layer_16_TB_19	344.6725
layer_16_TB_20	344.6728
layer_16_TB_21	344.3790
layer_16_TB_22	343.7748
layer_16_TB_23	342.9066
layer_16_TB_24	341.7785
layer_16_TB_25	342.5560
layer_16_TB_26	343.1000
layer_16_TB_27	343.3656
layer_16_TB_28	343.3658
layer_16_TB_29	343.1005
layer_16_TB_30	342.5568
layer_16_TB_31	341.7795
layer_17_B_192	339.4460
layer_17_B_193	340.2774
layer_17_B_194	340.8201
layer_17_B_195	341.0801
layer_17_B_196	341.0805
layer_17_B_197	340.8214
layer_17_B_198	340.2790
layer_17_B_199	339.4481
layer_17_B_200	340.9732
layer_17_B_201	341.8927
layer_17_B_202	342.4904
layer_17_B_203	342.7804
layer_17_B_204	342.7816
layer_17_B_205	342.4925
layer_17_B_206	341.8924
layer_17_B_207	340.9749
layer_17_B_208	339.4834
layer_17_B_209	340.3872
layer_17_B_210	340.9804
layer_17_B_211	341.2654
layer_17_B_212	341.2656
layer_17_B_213	340.9815
layer_17_B_214	340.3884
layer_17_B_215	339.4852
layer_17_B_216	338.5604
layer_17_B_217	339.3632
layer_17_B_218	339.8921
layer_17_B_219	340.1464
layer_17_B_220	340.1465
layer_17_B_221	339.8926
layer_17_B_222	339.3638
layer_17_B_223	338.5612
layer_18_TB_0	339.0609
layer_18_TB_1	339.8953
layer_18_TB_2	340.4360
layer_18_TB_3	340.6946
layer_18_TB_4	340.6949
layer_18_TB_5	340.4372
layer_18_TB_6	339.8968
layer_18_TB_7	339.0629
layer_18_TB_8	340.5358
layer_18_TB_9	341.4596
layer_18_TB_10	342.0560
layer_18_TB_11	342.3447
layer_18_TB_12	342.3459
layer_18_TB_13	342.0580
layer_18_TB_14	341.4593
layer_18_TB_15	340.5375
layer_18_TB_16	339.1077
layer_18_TB_17	340.0157
layer_18_TB_18	340.6077
layer_18_TB_19	340.8915
layer_18_TB_20	340.8918
layer_18_TB_21	340.6087
layer_18_TB_22	340.0170
layer_18_TB_23	339.1094
layer_18_TB_24	338.2060
layer_18_TB_25	339.0118
layer_18_TB_26	339.5390
layer_18_TB_27	339.7919
layer_18_TB_28	339.7920
layer_18_TB_29	339.5394
layer_18_TB_30	339.0124
layer_18_TB_31	338.2067
layer_19_B_224	335.2088
layer_19_B_225	336.0735
layer_19_B_226	336.5946
layer_19_B_227	336.8392
layer_19_B_228	336.8394
layer_19_B_229	336.5954
layer_19_B_230	336.0744
layer_19_B_231	335.2101
layer_19_B_232	336.1624
layer_19_B_233	337.1289
layer_19_B_234	337.7124
layer_19_B_235	337.9884
layer_19_B_236	337.9891
layer_19_B_237	337.7136
layer_19_B_238	337.1289
layer_19_B_239	336.1635
layer_19_B_240	335.3508
layer_19_B_241	336.3014
layer_19_B_242	336.8802
layer_19_B_243	337.1529
layer_19_B_244	337.1531
layer_19_B_245	336.8809
layer_19_B_246	336.3022
layer_19_B_247	335.3519
layer_19_B_248	334.6614
layer_19_B_249	335.4976
layer_19_B_250	336.0071
layer_19_B_251	336.2471
layer_19_B_252	336.2472
layer_19_B_253	336.0074
layer_19_B_254	335.4981
layer_19_B_255	334.6620
layer_20_TB_0	334.7919
layer_20_TB_1	335.6601
layer_20_TB_2	336.1789
layer_20_TB_3	336.4220
layer_20_TB_4	336.4222
layer_20_TB_5	336.1797
layer_20_TB_6	335.6610
layer_20_TB_7	334.7931
layer_20_TB_8	335.6963
layer_20_TB_9	336.6680
layer_20_TB_10	337.2499
layer_20_TB_11	337.5246
layer_20_TB_12	337.5252
layer_20_TB_13	337.2511
layer_20_TB_14	336.6680
layer_20_TB_15	335.6973
layer_20_TB_16	334.9439
layer_20_TB_17	335.8996
layer_20_TB_18	336.4769
layer_20_TB_19	336.7484
layer_20_TB_20	336.7486
layer_20_TB_21	336.4775
layer_20_TB_22	335.9004
layer_20_TB_23	334.9450
layer_20_TB_24	334.2761
layer_20_TB_25	335.1159
layer_20_TB_26	335.6232
layer_20_TB_27	335.8618
layer_20_TB_28	335.8619
layer_20_TB_29	335.6235
layer_20_TB_30	335.1163
layer_20_TB_31	334.2766
hsp_TB_0	330.6218
hsp_TB_1	331.5264
hsp_TB_2	332.0224
hsp_TB_3	332.2499
hsp_TB_4	332.2500
hsp_TB_5	332.0227
hsp_TB_6	331.5268
hsp_TB_7	330.6222
hsp_TB_8	331.0356
hsp_TB_9	332.0590
hsp_TB_10	332.6256
hsp_TB_11	332.8865
hsp_TB_12	332.8867
hsp_TB_13	332.6259
hsp_TB_14	332.0593
hsp_TB_15	331.0360
hsp_TB_16	330.8748
hsp_TB_17	331.8817
hsp_TB_18	332.4436
hsp_TB_19	332.7028
hsp_TB_20	332.7029
hsp_TB_21	332.4439
hsp_TB_22	331.8820
hsp_TB_23	330.8752
hsp_TB_24	330.4223
hsp_TB_25	331.2983
hsp_TB_26	331.7847
hsp_TB_27	332.0089
hsp_TB_28	332.0089
hsp_TB_29	331.7849
hsp_TB_30	331.2985
hsp_TB_31	330.4226
hsink_TB_0	329.0608
hsink_TB_1	329.8298
hsink_TB_2	330.2937
hsink_TB_3	330.5113
hsink_TB_4	330.5113
hsink_TB_5	330.2938
hsink_TB_6	329.8300
hsink_TB_7	329.0610
hsink_TB_8	329.3102
hsink_TB_9	330.1855
hsink_TB_10	330.7184
hsink_TB_11	330.9693
hsink_TB_12	330.9693
hsink_TB_13	330.7186
hsink_TB_14	330.1857
hsink_TB_15	329.3104
hsink_TB_16	329.2746
hsink_TB_17	330.1417
hsink_TB_18	330.6712
hsink_TB_19	330.9209
hsink_TB_20	330.9209
hsink_TB_21	330.6714
hsink_TB_22	330.1419
hsink_TB_23	329.2748
hsink_TB_24	328.9874
hsink_TB_25	329.7394
hsink_TB_26	330.1961
hsink_TB_27	330.4111
hsink_TB_28	330.4111
hsink_TB_29	330.1962
hsink_TB_30	329.7396
hsink_TB_31	328.9876
inode_0	326.8321
inode_1	326.8323
inode_2	327.3555
inode_3	327.4426
inode_4	326.7931
inode_5	326.7933
inode_6	327.3247
inode_7	327.4108
inode_8	325.5803
inode_9	325.5805
inode_10	325.8704
inode_11	325.9428
inode_12	354.9106
inode_13	354.9138
inode_14	354.1373
inode_15	354.7872
inode_16	354.8891
inode_17	354.8923
inode_18	354.1323
inode_19	354.7813
inode_20	350.9723
inode_21	350.9744
inode_22	353.1052
inode_23	353.6751
inode_24	340.0470
inode_25	340.0484
inode_26	340.0852
inode_27	340.4428
