C_0	C_1	C_2	C_3	C_4	C_5	C_6	C_7	C_8	C_9	C_10	C_11	C_12	C_13	C_14	C_15	C_16	C_17	C_18	C_19	C_20	C_21	C_22	C_23	C_24	C_25	C_26	C_27	C_28	C_29	C_30	C_31	
68.32	69.22	69.22	68.37	69.17	70.51	70.50	69.14	69.12	70.47	70.48	69.16	68.42	69.29	69.29	68.37	66.38	67.26	67.24	66.42	67.16	68.43	68.38	67.09	67.13	68.43	68.39	67.09	66.36	67.17	67.14	66.29
68.36	69.25	69.27	68.46	69.16	70.42	70.42	69.10	69.07	70.37	70.38	69.13	68.55	69.40	69.40	68.45	66.19	67.11	67.10	66.28	66.87	68.07	68.05	66.79	66.80	68.07	68.05	66.82	66.16	66.94	66.92	66.05
68.15	69.03	69.06	68.29	68.91	70.10	70.09	68.82	69.01	70.27	70.28	69.11	68.63	69.46	69.46	68.49	66.10	67.04	67.04	66.23	66.71	67.84	67.83	66.61	66.60	67.83	67.82	66.66	66.06	66.80	66.79	65.92
68.36	69.25	69.28	68.54	69.11	70.25	70.24	68.99	68.73	69.95	69.96	68.86	68.45	69.27	69.26	68.29	66.05	66.99	66.99	66.20	66.60	67.68	67.66	66.47	66.45	67.66	67.65	66.54	65.99	66.71	66.69	65.83
68.15	69.03	69.07	68.36	68.88	69.96	69.95	68.74	68.89	70.09	70.11	69.05	68.71	69.51	69.50	68.51	66.01	66.96	66.97	66.18	66.52	67.55	67.54	66.38	66.35	67.52	67.52	66.45	65.95	66.64	66.62	65.76
68.37	69.25	69.29	68.60	69.09	70.14	70.12	68.92	68.64	69.81	69.82	68.82	68.53	69.31	69.30	68.31	65.99	66.94	66.95	66.18	66.47	67.46	67.44	66.31	66.26	67.41	67.42	66.39	65.92	66.58	66.57	65.72
68.16	69.03	69.07	68.41	68.87	69.86	69.85	68.68	68.82	69.98	70.00	69.03	68.78	69.55	69.53	68.54	65.97	66.93	66.94	66.19	66.43	67.38	67.37	66.25	66.20	67.32	67.33	66.34	65.90	66.55	66.53	65.68
68.38	69.26	69.30	68.66	69.08	70.06	70.04	68.88	68.58	69.71	69.73	68.80	68.59	69.34	69.32	68.33	65.97	66.92	66.94	66.19	66.41	67.32	67.30	66.21	66.15	67.25	67.26	66.31	65.90	66.52	66.50	65.66
68.17	69.04	69.09	68.47	68.86	69.79	69.78	68.64	68.77	69.89	69.92	69.02	68.84	69.58	69.56	68.56	65.96	66.92	66.93	66.21	66.39	67.26	67.25	66.17	66.10	67.19	67.20	66.28	65.89	66.49	66.47	65.64
68.39	69.26	69.31	68.71	69.08	69.99	69.97	68.84	68.54	69.63	69.66	68.81	68.65	69.37	69.35	68.35	65.96	66.91	66.93	66.22	66.38	67.22	67.20	66.14	66.06	67.13	67.14	66.25	65.89	66.47	66.45	65.62
68.18	69.05	69.10	68.51	68.87	69.74	69.71	68.61	68.73	69.82	69.86	69.03	68.89	69.60	69.58	68.58	65.96	66.91	66.93	66.24	66.37	67.18	67.16	66.11	66.03	67.08	67.09	66.23	65.89	66.46	66.43	65.61
68.40	69.26	69.32	68.75	69.09	69.93	69.91	68.81	68.51	69.57	69.61	68.82	68.70	69.40	69.37	68.37	65.96	66.91	66.93	66.25	66.36	67.14	67.12	66.09	66.00	67.03	67.05	66.22	65.90	66.44	66.42	65.60
68.19	69.04	69.10	68.55	68.87	69.68	69.66	68.58	68.71	69.77	69.81	69.04	68.94	69.63	69.59	68.60	65.95	66.91	66.93	66.27	66.36	67.11	67.08	66.07	65.97	66.99	67.01	66.21	65.90	66.43	66.40	65.59
68.40	69.27	69.33	68.79	69.10	69.89	69.86	68.79	68.48	69.52	69.57	68.83	68.75	69.41	69.38	68.39	65.95	66.90	66.93	66.28	66.36	67.08	67.05	66.05	65.95	66.95	66.97	66.19	65.90	66.42	66.39	65.58
68.19	69.05	69.11	68.59	68.88	69.64	69.61	68.56	68.68	69.72	69.77	69.05	68.99	69.64	69.60	68.61	65.95	66.90	66.93	66.29	66.36	67.06	67.02	66.03	65.92	66.91	66.94	66.18	65.91	66.41	66.37	65.57
68.41	69.27	69.34	68.83	69.10	69.85	69.81	68.76	68.46	69.48	69.53	68.84	68.79	69.42	69.38	68.40	65.95	66.89	66.93	66.30	66.36	67.03	66.99	66.01	65.90	66.87	66.90	66.17	65.91	66.40	66.36	65.56
68.19	69.04	69.12	68.63	68.89	69.60	69.56	68.53	68.66	69.69	69.74	69.07	69.03	69.65	69.61	68.62	65.95	66.89	66.93	66.32	66.36	67.01	66.97	66.00	65.88	66.84	66.87	66.17	65.92	66.39	66.34	65.55
68.41	69.26	69.34	68.87	69.11	69.81	69.77	68.74	68.44	69.44	69.50	68.86	68.83	69.43	69.39	68.40	65.94	66.88	66.92	66.33	66.36	66.99	66.94	65.98	65.86	66.81	66.84	66.16	65.92	66.38	66.33	65.54
68.20	69.05	69.13	68.67	68.90	69.57	69.53	68.51	68.64	69.65	69.71	69.08	69.06	69.66	69.60	68.62	65.94	66.87	66.92	66.34	66.36	66.97	66.92	65.97	65.83	66.78	66.81	66.15	65.93	66.37	66.32	65.53
68.42	69.26	69.35	68.90	69.13	69.78	69.73	68.72	68.42	69.41	69.47	68.88	68.86	69.44	69.38	68.40	65.93	66.86	66.92	66.35	66.36	66.95	66.90	65.95	65.81	66.74	66.78	66.14	65.93	66.36	66.30	65.52
68.20	69.04	69.13	68.70	68.91	69.54	69.49	68.49	68.63	69.62	69.69	69.11	69.10	69.66	69.60	68.62	65.93	66.86	66.91	66.36	66.37	66.93	66.88	65.94	65.80	66.71	66.76	66.14	65.93	66.35	66.29	65.51
68.42	69.26	69.35	68.93	69.14	69.75	69.69	68.70	68.40	69.38	69.45	68.90	68.89	69.44	69.38	68.41	65.92	66.85	66.91	66.36	66.37	66.91	66.86	65.93	65.78	66.69	66.73	66.13	65.94	66.33	66.28	65.50
68.20	69.03	69.13	68.72	68.92	69.51	69.45	68.47	68.61	69.59	69.67	69.13	69.12	69.66	69.60	68.62	65.92	66.84	66.90	66.37	66.37	66.90	66.84	65.92	65.76	66.66	66.71	66.12	65.94	66.32	66.26	65.49
68.18	69.01	69.11	68.72	68.91	69.48	69.41	68.44	68.39	69.35	69.43	68.91	68.92	69.44	69.37	68.40	65.91	66.83	66.89	66.38	66.38	66.88	66.82	65.90	65.74	66.63	66.68	66.12	65.94	66.31	66.25	65.48
68.17	69.00	69.10	68.72	68.90	69.45	69.39	68.43	68.59	69.56	69.64	69.14	69.15	69.66	69.58	68.61	65.91	66.82	66.89	66.39	66.38	66.87	66.80	65.89	65.72	66.61	66.66	66.11	65.94	66.30	66.24	65.48
68.16	68.99	69.09	68.73	68.90	69.44	69.37	68.41	68.37	69.33	69.41	68.93	68.94	69.43	69.36	68.40	65.90	66.81	66.88	66.39	66.38	66.86	66.78	65.88	65.71	66.58	66.64	66.11	65.94	66.29	66.22	65.47
68.16	68.98	69.09	68.73	68.90	69.42	69.35	68.40	68.58	69.54	69.63	69.16	69.17	69.66	69.58	68.61	65.89	66.80	66.87	66.40	66.39	66.84	66.76	65.87	65.69	66.55	66.62	66.10	65.95	66.29	66.21	65.46
68.15	68.97	69.09	68.74	68.90	69.40	69.33	68.39	68.35	69.30	69.39	68.94	68.96	69.42	69.34	68.39	65.89	66.78	66.86	66.40	66.39	66.83	66.75	65.86	65.67	66.53	66.60	66.10	65.95	66.28	66.20	65.45
68.15	68.97	69.09	68.75	68.91	69.39	69.31	68.38	68.56	69.51	69.61	69.17	69.19	69.64	69.55	68.60	65.88	66.77	66.86	66.41	66.39	66.82	66.73	65.85	65.66	66.51	66.58	66.09	65.95	66.27	66.18	65.44
68.38	69.20	69.33	69.00	69.15	69.62	69.54	68.60	68.34	69.28	69.38	68.96	68.98	69.42	69.33	68.38	65.87	66.76	66.85	66.41	66.39	66.81	66.72	65.84	65.64	66.48	66.56	66.09	65.95	66.26	66.17	65.43
68.17	68.99	69.11	68.80	68.95	69.40	69.31	68.39	68.55	69.49	69.60	69.19	69.21	69.64	69.54	68.59	65.86	66.75	66.84	66.42	66.40	66.80	66.70	65.83	65.63	66.46	66.54	66.09	65.95	66.25	66.16	65.42
68.39	69.21	69.34	69.04	69.18	69.62	69.53	68.60	68.33	69.26	69.37	68.98	69.00	69.42	69.32	68.37	65.85	66.74	66.83	66.42	66.40	66.78	66.69	65.82	65.61	66.44	66.52	66.08	65.95	66.24	66.15	65.41
68.18	68.99	69.12	68.83	68.97	69.39	69.30	68.38	68.54	69.47	69.59	69.21	69.23	69.63	69.53	68.58	65.85	66.73	66.82	66.43	66.40	66.77	66.67	65.81	65.60	66.42	66.50	66.08	65.95	66.23	66.13	65.40
68.40	69.21	69.35	69.06	69.20	69.61	69.51	68.59	68.31	69.24	69.36	68.99	69.01	69.41	69.30	68.36	65.84	66.71	66.81	66.43	66.41	66.76	66.66	65.80	65.58	66.40	66.48	66.07	65.95	66.22	66.12	65.39
68.18	68.99	69.13	68.86	68.98	69.38	69.28	68.37	68.52	69.45	69.58	69.22	69.24	69.63	69.51	68.57	65.83	66.70	66.81	66.43	66.41	66.75	66.64	65.79	65.57	66.38	66.46	66.07	65.95	66.21	66.11	65.38
68.39	69.20	69.35	69.08	69.20	69.59	69.49	68.57	68.31	69.22	69.35	69.01	69.04	69.40	69.29	68.36	65.82	66.69	66.80	66.44	66.41	66.74	66.63	65.78	65.55	66.36	66.45	66.06	65.95	66.20	66.10	65.37
68.17	68.98	69.13	68.88	68.99	69.37	69.26	68.35	68.51	69.43	69.57	69.23	69.26	69.62	69.50	68.56	65.81	66.68	66.79	66.44	66.41	66.73	66.62	65.77	65.54	66.34	66.43	66.06	65.95	66.19	66.08	65.37
68.15	68.96	69.11	68.86	68.98	69.34	69.22	68.33	68.29	69.20	69.33	69.02	69.04	69.39	69.26	68.34	65.80	66.66	66.78	66.44	66.42	66.72	66.60	65.76	65.52	66.32	66.42	66.06	65.95	66.18	66.07	65.36
68.14	68.94	69.10	68.86	68.97	69.32	69.20	68.31	68.50	69.41	69.55	69.25	69.27	69.61	69.48	68.55	65.79	66.65	66.77	66.44	66.42	66.72	66.59	65.75	65.51	66.30	66.40	66.05	65.95	66.17	66.06	65.35
68.13	68.93	69.09	68.86	68.97	69.31	69.19	68.30	68.27	69.18	69.32	69.03	69.05	69.38	69.25	68.33	65.78	66.64	66.76	66.44	66.42	66.71	66.58	65.74	65.50	66.28	66.38	66.05	65.95	66.17	66.05	65.34
68.12	68.93	69.09	68.87	68.97	69.30	69.17	68.29	68.48	69.39	69.54	69.26	69.28	69.60	69.46	68.54	65.78	66.63	66.76	66.45	66.42	66.70	66.57	65.73	65.48	66.26	66.37	66.05	65.95	66.16	66.04	65.33
68.12	68.92	69.08	68.87	68.97	69.29	69.16	68.27	68.26	69.16	69.31	69.04	69.06	69.37	69.23	68.31	65.77	66.61	66.75	66.45	66.42	66.69	66.55	65.72	65.47	66.24	66.36	66.04	65.95	66.15	66.03	65.32
68.11	68.91	69.08	68.88	68.97	69.28	69.15	68.27	68.47	69.37	69.53	69.27	69.29	69.59	69.44	68.52	65.76	66.60	66.74	66.45	66.43	66.68	66.54	65.71	65.46	66.23	66.34	66.04	65.95	66.14	66.01	65.31
68.34	69.15	69.32	69.12	69.22	69.51	69.38	68.49	68.25	69.14	69.30	69.05	69.07	69.36	69.21	68.30	65.75	66.59	66.73	66.45	66.43	66.67	66.53	65.70	65.45	66.21	66.33	66.04	65.95	66.13	66.00	65.30
68.13	68.93	69.11	68.92	69.01	69.29	69.15	68.28	68.46	69.35	69.52	69.28	69.30	69.58	69.42	68.51	65.74	66.58	66.72	66.45	66.43	66.67	66.52	65.70	65.43	66.19	66.31	66.03	65.95	66.12	65.99	65.29
68.35	69.15	69.33	69.15	69.24	69.51	69.37	68.49	68.24	69.13	69.30	69.06	69.09	69.35	69.20	68.29	65.73	66.57	66.71	66.45	66.43	66.66	66.51	65.69	65.42	66.18	66.30	66.03	65.95	66.12	65.98	65.29
68.13	68.93	69.12	68.94	69.03	69.29	69.14	68.27	68.44	69.34	69.51	69.29	69.31	69.57	69.41	68.50	65.72	66.56	66.71	66.45	66.43	66.65	66.50	65.68	65.41	66.16	66.29	66.02	65.95	66.11	65.97	65.28
68.35	69.15	69.34	69.17	69.25	69.51	69.36	68.49	68.22	69.11	69.29	69.07	69.09	69.34	69.18	68.27	65.71	66.54	66.70	66.46	66.43	66.64	66.49	65.67	65.40	66.15	66.27	66.02	65.95	66.10	65.96	65.27
68.13	68.93	69.12	68.96	69.04	69.29	69.13	68.27	68.43	69.32	69.51	69.29	69.32	69.56	69.39	68.48	65.70	66.53	66.69	66.46	66.43	66.64	66.48	65.66	65.39	66.13	66.26	66.02	65.94	66.09	65.95	65.26
68.34	69.14	69.09	68.94	69.02	69.26	69.34	68.48	68.21	69.09	69.28	69.08	69.10	69.33	69.16	68.26	65.69	66.52	66.68	66.46	66.43	66.63	66.46	65.65	65.37	66.11	66.25	66.01	65.94	66.09	65.94	65.25
68.12	68.92	69.09	68.94	69.02	69.24	69.11	68.25	68.42	69.31	69.50	69.30	69.33	69.55	69.37	68.47	65.69	66.51	66.67	66.46	66.44	66.62	66.45	65.64	65.36	66.10	66.24	66.01	65.94	66.08	65.93	65.24
68.10	68.89	69.08	68.94	69.01	69.23	69.08	68.22	68.20	69.08	69.27	69.09	69.11	69.32	69.14	68.25	65.68	66.50	66.66	66.46	66.44	66.61	66.44	65.64	65.35	66.08	66.23	66.01	65.94	66.07	65.92	65.24
68.09	68.88	69.07	68.94	69.01	69.22	69.06	68.21	68.41	69.29	69.49	69.31	69.33	69.54	69.36	68.46	65.67	66.49	66.66	66.46	66.44	66.61	66.43	65.63	65.34	66.07	66.22	66.00	65.94	66.06	65.91	65.23
68.08	68.87	69.07	68.94	69.01	69.21	69.05	68.20	68.18	69.06	69.26	69.09	69.11	69.30	69.12	68.23	65.66	66.47	66.65	66.46	66.44	66.60	66.42	65.62	65.33	66.06	66.20	66.00	65.94	66.06	65.90	65.22
68.07	68.86	69.07	68.94	69.01	69.21	69.04	68.18	68.39	69.28	69.48	69.32	69.34	69.52	69.34	68.44	65.65	66.46	66.64	66.46	66.44	66.59	66.41	65.61	65.32	66.04	66.19	66.00	65.94	66.05	65.89	65.21
68.06	68.85	69.06	68.94	69.01	69.20	69.02	68.17	68.16	69.04	69.25	69.09	69.11	69.29	69.10	68.21	65.64	66.45	66.63	66.46	66.44	66.59	66.40	65.60	65.31	66.03	66.18	65.99	65.93	66.04	65.88	65.20
68.06	68.85	69.06	68.95	69.01	69.19	69.01	68.17	68.38	69.26	69.47	69.32	69.34	69.51	69.32	68.42	65.63	66.44	66.63	66.46	66.44	66.58	66.39	65.59	65.30	66.01	66.17	65.99	65.93	66.04	65.87	65.19
68.05	68.84	69.06	68.95	69.01	69.19	69.00	68.16	68.16	69.03	69.25	69.10	69.12	69.29	69.09	68.20	65.62	66.43	66.62	66.46	66.44	66.57	66.38	65.59	65.29	66.00	66.16	65.99	65.93	66.03	65.86	65.19
68.04	68.83	69.06	68.95	69.02	69.18	69.00	68.15	68.37	69.24	69.46	69.33	69.34	69.50	69.30	68.41	65.61	66.42	66.61	66.46	66.44	66.57	66.37	65.58	65.28	65.99	66.15	65.98	65.93	66.02	65.85	65.18
68.27	69.07	69.29	69.20	69.26	69.42	69.22	68.38	68.15	69.02	69.24	69.11	69.13	69.28	69.07	68.19	65.60	66.41	66.60	66.46	66.44	66.56	66.36	65.57	65.27	65.97	66.14	65.98	65.93	66.01	65.84	65.17
68.06	68.85	69.08	68.99	69.05	69.20	69.01	68.16	68.35	69.23	69.46	69.33	69.35	69.49	69.28	68.40	65.60	66.40	66.60	66.46	66.44	66.56	66.35	65.56	65.26	65.96	66.13	65.98	65.93	66.01	65.83	65.16
68.28	69.08	69.31	69.23	69.28	69.43	69.23	68.38	68.13	69.00	69.23	69.11	69.13	69.26	69.05	68.17	65.59	66.39	66.59	66.45	66.44	66.55	66.34	65.55	65.25	65.95	66.12	65.97	65.92	66.00	65.82	65.15
68.06	68.85	69.09	69.01	69.07	69.20	69.00	68.16	68.34	69.21	69.45	69.34	69.35	69.48	69.27	68.38	65.58	66.38	66.58	66.45	66.44	66.54	66.33	65.55	65.24	65.94	66.11	65.97	65.92	65.99	65.81	65.15
68.28	69.07	69.31	69.24	69.29	69.42	69.22	68.37	68.12	68.99	69.22	69.12	69.13	69.26	69.04	68.16	65.57	66.37	66.57	66.45	66.44	66.54	66.32	65.54	65.23	65.92	66.10	65.97	65.92	65.99	65.80	65.14
68.06	68.85	69.09	69.02	69.08	69.20	68.99	68.15	68.33	69.20	69.44	69.34	69.35	69.47	69.25	68.37	65.56	66.36	66.57	66.45	66.44	66.53	66.32	65.53	65.22	65.91	66.09	65.96	65.92	65.98	65.79	65.13
68.27	69.07	69.07	69.00	69.06	69.17	69.21	68.36	68.11	68.97	69.21	69.12	69.14	69.25	69.02	68.15	65.55	66.35	66.56	66.45	66.44	66.52	66.31	65.52	65.21	65.90	66.08	65.96	65.92	65.98	65.78	65.12
68.05	68.84	69.06	69.00	69.05	69.16	68.98	68.14	68.31	69.18	69.43	69.34	69.36	69.46	69.23	68.35	65.54	66.34	66.55	66.45	66.44	66.52	66.30	65.52	65.20	65.89	66.07	65.96	65.91	65.97	65.77	65.12
68.03	68.82	69.05	68.99	69.04	69.15	68.95	68.11	68.09	68.96	69.21	69.13	69.14	69.24	69.01	68.13	65.54	66.33	66.55	66.45	66.43	66.51	66.29	65.51	65.19	65.88	66.06	65.96	65.91	65.96	65.77	65.11
68.01	68.80	69.05	68.99	69.04	69.14	68.93	68.10	68.30	69.17	69.42	69.35	69.36	69.46	69.22	68.34	65.53	66.32	66.54	66.45	66.43	66.51	66.28	65.50	65.18	65.87	66.06	65.95	65.91	65.96	65.76	65.10
68.00	68.79	69.04	68.99	69.04	69.14	68.92	68.09	68.08	68.94	69.20	69.13	69.14	69.23	68.99	68.12	65.52	66.31	66.53	66.45	66.43	66.50	66.27	65.49	65.17	65.86	66.05	65.95	65.91	65.95	65.75	65.09
68.00	68.78	69.04	68.99	69.04	69.13	68.91	68.08	68.29	69.15	69.41	69.35	69.36	69.44	69.20	68.32	65.51	66.30	66.53	66.45	66.43	66.50	66.26	65.48	65.16	65.84	66.04	65.95	65.91	65.94	65.74	65.09
67.99	68.78	69.03	68.99	69.04	69.12	68.90	68.07	68.07	68.93	69.19	69.13	69.14	69.22	68.97	68.10	65.50	66.29	66.52	66.44	66.43	66.49	66.25	65.48	65.15	65.83	66.03	65.94	65.90	65.94	65.73	65.08
67.98	68.77	69.03	68.99	69.04	69.12	68.89	68.06	68.27	69.14	69.41	69.35	69.36	69.43	69.18	68.31	65.49	66.28	66.51	66.44	66.43	66.48	66.25	65.47	65.14	65.82	66.02	65.94	65.90	65.93	65.72	65.07
67.97	68.76	69.03	68.99	69.04	69.11	68.88	68.05	68.05	68.91	69.18	69.13	69.14	69.21	68.95	68.09	65.49	66.27	66.51	66.44	66.43	66.48	66.24	65.46	65.13	65.81	66.01	65.94	65.90	65.93	65.71	65.06
67.97	68.76	69.03	68.99	69.04	69.11	68.87	68.04	68.26	69.13	69.40	69.35	69.36	69.43	69.17	68.30	65.48	66.26	66.50	66.44	66.43	66.47	66.23	65.45	65.12	65.80	66.01	65.93	65.90	65.92	65.71	65.06
68.20	68.99	69.27	69.24	69.28	69.35	69.11	68.27	68.04	68.90	69.17	69.13	69.14	69.20	68.94	68.07	65.47	66.25	66.49	66.44	66.43	66.47	66.22	65.45	65.11	65.79	66.00	65.93	65.89	65.91	65.70	65.05
67.99	68.78	69.05	69.03	69.07	69.13	68.89	68.06	68.25	69.11	69.39	69.35	69.36	69.41	69.15	68.28	65.46	66.24	66.49	66.44	66.43	66.46	66.21	65.44	65.10	65.78	65.99	65.93	65.89	65.91	65.69	65.04
68.20	69.00	69.28	69.26	69.30	69.35	69.11	68.27	68.03	68.89	69.17	69.13	69.14	69.19	68.93	68.06	65.45	66.23	66.48	66.43	66.42	66.45	66.20	65.43	65.10	65.77	65.98	65.92	65.89	65.90	65.68	65.03
67.99	68.78	69.06	69.04	69.08	69.13	68.88	68.06	68.24	69.10	69.38	69.35	69.36	69.41	69.14	68.27	65.45	66.22	66.48	66.43	66.42	66.45	66.20	65.42	65.09	65.76	65.97	65.92	65.89	65.90	65.67	65.03
68.20	69.00	69.28	69.27	69.31	69.35	69.10	68.27	68.02	68.87	69.16	69.13	69.14	69.18	68.91	68.05	65.44	66.21	66.47	66.43	66.42	66.44	66.19	65.42	65.08	65.75	65.97	65.92	65.88	65.89	65.67	65.02
67.98	68.77	69.06	69.05	69.09	69.13	68.87	68.05	68.23	69.09	69.38	69.36	69.36	69.40	69.12	68.26	65.43	66.21	66.46	66.43	66.42	66.44	66.18	65.41	65.07	65.74	65.96	65.91	65.88	65.89	65.66	65.01
67.96	68.75	69.04	69.03	69.07	69.10	68.85	68.02	68.00	68.86	69.15	69.13	69.14	69.17	68.90	68.03	65.42	66.20	66.46	66.43	66.42	66.43	66.17	65.40	65.06	65.73	65.95	65.91	65.88	65.88	65.65	65.01
67.94	68.74	69.03	69.02	69.06	69.09	68.83	68.01	68.21	69.07	69.37	69.35	69.36	69.39	69.11	68.24	65.42	66.19	66.45	66.43	66.42	66.43	66.16	65.40	65.05	65.72	65.94	65.91	65.88	65.87	65.64	65.00
67.93	68.72	69.02	69.02	69.05	69.08	68.82	68.00	67.99	68.84	69.14	69.13	69.14	69.16	68.88	68.02	65.41	66.18	66.44	66.42	66.41	66.42	66.15	65.39	65.05	65.71	65.94	65.90	65.87	65.87	65.64	64.99
67.93	68.72	69.01	69.01	69.05	69.07	68.81	67.99	68.20	69.06	69.36	69.35	69.36	69.38	69.09	68.23	65.40	66.17	66.44	66.42	66.41	66.42	66.15	65.38	65.04	65.70	65.93	65.90	65.87	65.86	65.63	64.99
67.92	68.71	69.01	69.01	69.05	69.07	68.80	67.98	67.98	68.83	69.13	69.13	69.14	69.15	68.86	68.00	65.39	66.16	66.43	66.42	66.41	66.41	66.14	65.37	65.03	65.69	65.92	65.90	65.87	65.86	65.62	64.98
67.91	68.70	69.00	69.01	69.04	69.06	68.79	67.97	68.18	69.04	69.35	69.35	69.36	69.37	69.08	68.21	65.38	66.15	66.43	66.42	66.41	66.41	66.13	65.37	65.02	65.68	65.92	65.89	65.87	65.85	65.61	64.97
67.90	68.69	69.00	69.01	69.04	69.06	68.78	67.96	67.96	68.82	69.12	69.13	69.13	69.14	68.85	67.99	65.38	66.15	66.42	66.42	66.41	66.40	66.12	65.36	65.01	65.68	65.91	65.89	65.86	65.85	65.61	64.96
67.90	68.69	68.99	69.01	69.04	69.05	68.78	67.95	68.17	69.03	69.34	69.35	69.36	69.36	69.06	68.20	65.37	66.14	66.42	66.41	66.41	66.40	66.12	65.35	65.01	65.67	65.90	65.89	65.86	65.84	65.60	64.96
67.89	68.68	68.99	69.01	69.04	69.05	68.77	67.95	67.95	68.80	69.11	69.12	69.13	69.13	68.83	67.97	65.36	66.13	66.41	66.41	66.40	66.39	66.11	65.35	65.00	65.66	65.90	65.88	65.86	65.84	65.59	64.95
67.89	68.68	68.99	69.01	69.04	69.04	68.76	67.94	68.16	69.02	69.33	69.35	69.35	69.35	69.05	68.18	65.35	66.12	66.40	66.41	66.40	66.39	66.10	65.34	64.99	65.65	65.89	65.88	65.86	65.83	65.58	64.94
68.11	68.91	68.99	69.01	69.04	69.04	68.99	68.17	67.94	68.79	69.11	69.13	69.13	69.12	68.82	67.96	65.35	66.11	66.40	66.41	66.40	66.38	66.09	65.33	64.98	65.64	65.88	65.88	65.85	65.83	65.58	64.94
67.90	68.70	68.98	69.01	69.04	69.03	68.78	67.96	68.15	69.01	69.33	69.35	69.35	69.34	69.03	68.17	65.34	66.11	66.39	66.40	66.40	66.38	66.09	65.33	64.98	65.63	65.88	65.87	65.85	65.82	65.57	64.93
68.12	68.92	69.22	69.25	69.28	69.27	69.00	68.17	67.93	68.78	69.10	69.12	69.13	69.11	68.81	67.95	65.33	66.10	66.39	66.40	66.40	66.37	66.08	65.32	64.97	65.62	65.87	65.87	65.85	65.82	65.56	64.92
67.90	68.70	69.01	69.04	69.06	69.05	68.78	67.95	68.14	69.00	69.32	69.35	69.35	69.33	69.02	68.16	65.33	66.09	66.38	66.40	66.39	66.37	66.07	65.31	64.96	65.62	65.86	65.87	65.84	65.81	65.56	64.92
68.12	68.92	69.23	69.26	69.29	69.28	68.99	68.17	67.92	68.77	69.09	69.12	69.13	69.11	68.80	67.94	65.32	66.08	66.38	66.40	66.39	66.36	66.07	65.30	64.95	65.61	65.86	65.86	65.84	65.81	65.55	64.91
67.90	68.69	69.01	69.05	69.08	69.06	68.77	67.95	68.12	68.98	69.31	69.34	69.35	69.32	69.01	68.15	65.31	66.08	66.37	66.40	66.39	66.36	66.06	65.30	64.95	65.60	65.85	65.86	65.84	65.80	65.54	64.91
68.11	68.91	69.23	69.27	69.30	69.28	68.99	68.16	67.90	68.76	69.09	69.12	69.13	69.10	68.79	67.93	65.30	66.07	66.36	66.39	66.39	66.35	66.05	65.29	64.94	65.59	65.84	65.86	65.84	65.79	65.54	64.90
67.89	68.69	69.01	69.05	69.08	69.06	68.76	67.94	68.11	68.97	69.30	69.34	69.35	69.32	69.00	68.14	65.30	66.06	66.36	66.39	66.39	66.35	66.04	65.29	64.93	65.58	65.84	65.85	65.83	65.79	65.53	64.89
67.87	68.66	68.99	69.03	69.06	69.03	68.74	67.91	67.89	68.75	69.08	69.12	69.13	69.09	68.77	67.92	65.29	66.05	66.35	66.39	66.38	66.34	66.04	65.28	64.92	65.57	65.83	65.85	65.83	65.78	65.52	64.89
67.86	68.65	68.98	69.02	69.05	69.02	68.72	67.90	68.10	68.96	69.30	69.34	69.34	69.31	68.98	68.12	65.28	66.05	66.35	66.39	66.38	66.34	66.03	65.27	64.92	65.57	65.83	65.85	65.83	65.78	65.52	64.88
67.84	68.64	68.97	69.02	69.04	69.01	68.71	67.89	67.88	68.73	69.07	69.12	69.12	69.08	68.76	67.90	65.28	66.04	66.34	66.38	66.38	66.33	66.02	65.27	64.91	65.56	65.82	65.84	65.82	65.77	65.51	64.87
67.84	68.63	68.96	69.01	69.04	69.00	68.70	67.88	68.08	68.94	69.28	69.33	69.34	69.29	68.97	68.11	65.27	66.03	66.34	66.38	66.38	66.33	66.02	65.26	64.90	65.55	65.81	65.84	65.82	65.77	65.50	64.87
67.83	68.62	68.96	69.01	69.03	69.00	68.69	67.87	67.87	68.72	69.06	69.11	69.12	69.07	68.74	67.89	65.26	66.02	66.33	66.38	66.37	66.32	66.01	65.25	64.90	65.54	65.81	65.84	65.82	65.76	65.50	64.86
67.82	68.62	68.95	69.01	69.03	68.99	68.68	67.86	68.07	68.93	69.28	69.33	69.34	69.29	68.95	68.09	65.26	66.02	66.33	66.38	66.37	66.32	66.00	65.25	64.89	65.54	65.80	65.83	65.82	65.76	65.49	64.86
67.81	68.61	68.95	69.00	69.03	68.98	68.68	67.85	67.85	68.71	69.05	69.11	69.11	69.06	68.73	67.87	65.25	66.01	66.32	66.37	66.37	66.31	66.00	65.24	64.88	65.53	65.80	65.83	65.81	65.76	65.48	64.85
67.81	68.60	68.95	69.00	69.03	68.98	68.67	67.85	68.06	68.92	69.27	69.33	69.33	69.28	68.94	68.08	65.24	66.00	66.32	66.37	66.37	66.31	65.99	65.23	64.87	65.52	65.79	65.83	65.81	65.75	65.48	64.84
68.04	68.84	69.19	69.25	69.27	69.22	68.91	68.08	67.84	68.69	69.04	69.10	69.10	69.05	68.71	67.86	65.24	66.00	66.31	66.37	66.36	66.30	65.98	65.23	64.87	65.51	65.78	65.82	65.81	65.75	65.47	64.84
67.83	68.62	68.97	69.03	69.05	69.00	68.69	67.87	68.05	68.91	69.26	69.33	69.33	69.27	68.93	68.07	65.23	65.99	66.31	66.37	66.36	66.30	65.98	65.22	64.86	65.51	65.78	65.82	65.80	65.74	65.46	64.83
68.04	68.84	69.19	69.26	69.28	69.23	68.91	68.08	67.83	68.68	69.04	69.10	69.11	69.04	68.70	67.85	65.22	65.98	66.30	66.36	66.36	66.29	65.97	65.21	64.85	65.50	65.77	65.82	65.80	65.74	65.46	64.83
67.83	68.62	68.97	69.04	69.06	69.01	68.69	67.86	68.04	68.90	69.26	69.32	69.33	69.26	68.92	68.06	65.22	65.98	66.30	66.36	66.36	66.29	65.96	65.21	64.85	65.49	65.77	65.81	65.80	65.73	65.45	64.82
68.04	68.84	69.20	69.26	69.28	69.23	68.90	68.08	67.82	68.67	69.03	69.10	69.10	69.04	68.69	67.84	65.21	65.97	66.29	66.36	66.35	66.28	65.96	65.20	64.84	65.49	65.76	65.81	65.79	65.73	65.45	64.81
67.82	68.62	68.97	69.04	69.06	69.00	68.68	67.86	68.03	68.89	69.25	69.32	69.32	69.25	68.91	68.05	65.20	65.96	66.29	66.35	66.35	66.28	65.95	65.20	64.83	65.48	65.76	65.81	65.79	65.72	65.44	64.81
67.80	68.60	68.95	69.02	69.04	68.98	68.66	67.83	67.81	68.66	69.02	69.10	69.10	69.03	68.68	67.83	65.20	65.95	66.28	66.35	66.35	66.27	65.94	65.19	64.83	65.47	65.75	65.80	65.79	65.72	65.43	64.80
67.79	68.58	68.94	69.01	69.03	68.97	68.64	67.82	68.02	68.88	69.24	69.32	69.32	69.25	68.90	68.04	65.19	65.95	66.28	66.35	66.35	66.27	65.94	65.18	64.82	65.46	65.74	65.80	65.79	65.71	65.43	64.80
67.77	68.57	68.93	69.00	69.02	68.96	68.63	67.81	67.80	68.65	69.01	69.09	69.10	69.02	68.67	67.81	65.18	65.94	66.27	66.35	66.34	66.26	65.93	65.18	64.82	65.46	65.74	65.80	65.78	65.71	65.42	64.79
67.77	68.56	68.92	69.00	69.02	68.95	68.62	67.80	68.00	68.86	69.23	69.31	69.32	69.24	68.88	68.02	65.18	65.94	66.27	66.34	66.34	66.26	65.93	65.17	64.81	65.45	65.73	65.79	65.78	65.70	65.42	64.78
67.76	68.56	68.92	68.99	69.01	68.94	68.61	67.79	67.78	68.64	69.01	69.09	69.09	69.01	68.66	67.80	65.17	65.93	66.26	66.34	66.34	66.25	65.92	65.16	64.80	65.44	65.73	65.79	65.78	65.70	65.41	64.78
67.75	68.55	68.91	68.99	69.01	68.94	68.61	67.79	67.99	68.85	69.22	69.31	69.31	69.23	68.87	68.01	65.17	65.92	66.26	66.34	66.33	66.25	65.91	65.16	64.80	65.44	65.72	65.78	65.77	65.69	65.40	64.77
67.75	68.54	68.91	68.99	69.01	68.93	68.60	67.78	67.77	68.63	69.00	69.08	69.09	69.00	68.64	67.79	65.16	65.92	66.25	66.33	66.33	66.24	65.91	65.15	64.79	65.43	65.72	65.78	65.77	65.69	65.40	64.77
67.74	68.54	68.90	68.98	69.00	68.93	68.59	67.77	67.98	68.84	69.21	69.30	69.30	69.22	68.86	68.00	65.15	65.91	66.25	66.33	66.33	66.24	65.90	65.15	64.78	65.42	65.71	65.78	65.77	65.68	65.39	64.76
67.73	68.53	68.90	68.98	69.00	68.92	68.59	67.77	67.77	68.62	68.99	69.08	69.09	69.00	68.64	67.78	65.15	65.90	66.24	66.33	66.33	66.24	65.89	65.14	64.78	65.42	65.71	65.77	65.76	65.68	65.39	64.76
67.73	68.53	68.90	68.98	69.00	68.92	68.58	67.76	67.97	68.83	69.21	69.30	69.30	69.21	68.85	67.99	65.14	65.90	66.24	66.33	66.32	66.23	65.89	65.14	64.77	65.41	65.70	65.77	65.76	65.67	65.38	64.75
67.96	68.76	68.89	68.98	69.00	68.91	68.81	67.99	67.75	68.60	68.98	69.07	69.07	68.98	68.62	67.77	65.14	65.89	66.23	66.32	66.32	66.23	65.88	65.13	64.77	65.40	65.70	65.77	65.76	65.67	65.37	64.74
67.75	68.55	68.89	68.98	68.99	68.91	68.60	67.78	67.96	68.82	69.20	69.29	69.29	69.20	68.83	67.97	65.13	65.88	66.23	66.32	66.32	66.22	65.88	65.12	64.76	65.40	65.69	65.76	65.75	65.67	65.37	64.74
67.96	68.77	68.89	68.97	68.99	68.91	68.82	67.99	67.74	68.59	68.97	69.07	69.07	68.98	68.61	67.76	65.12	65.88	66.22	66.32	66.31	66.22	65.87	65.12	64.75	65.39	65.69	65.76	65.75	65.66	65.36	64.73
67.75	68.55	68.88	68.97	68.99	68.90	68.60	67.78	67.95	68.81	69.19	69.29	69.29	69.19	68.82	67.97	65.12	65.87	66.22	66.31	66.31	66.21	65.87	65.11	64.75	65.39	65.68	65.76	65.75	65.66	65.36	64.73
67.96	68.76	69.12	69.21	69.23	69.14	68.81	67.99	67.73	68.59	68.97	69.07	69.07	68.97	68.60	67.75	65.11	65.87	66.21	66.31	66.31	66.21	65.86	65.11	64.74	65.38	65.68	65.75	65.74	65.65	65.35	64.72
67.74	68.54	68.91	69.00	69.01	68.93	68.59	67.77	67.94	68.80	69.18	69.29	69.29	69.19	68.81	67.96	65.11	65.86	66.21	66.31	66.31	66.20	65.85	65.10	64.74	65.37	65.67	65.75	65.74	65.65	65.35	64.72
67.96	68.76	69.13	69.22	69.24	69.15	68.81	67.98	67.72	68.57	68.96	69.06	69.06	68.96	68.59	67.74	65.10	65.85	66.20	66.30	66.30	66.20	65.85	65.10	64.73	65.37	65.67	65.75	65.74	65.64	65.34	64.71
67.74	68.54	68.91	69.01	69.02	68.93	68.59	67.77	67.93	68.79	69.18	69.28	69.28	69.18	68.80	67.94	65.09	65.85	66.20	66.30	66.30	66.20	65.84	65.09	64.72	65.36	65.66	65.74	65.73	65.64	65.33	64.71
67.71	68.52	69.13	69.23	69.25	69.15	68.56	67.74	67.71	68.56	68.95	69.06	69.06	68.95	68.58	67.72	65.09	65.84	66.19	66.30	66.30	66.19	65.84	65.08	64.72	65.35	65.66	65.74	65.73	65.63	65.33	64.70
67.70	68.50	68.91	69.01	69.02	68.93	68.55	67.73	67.92	68.78	69.17	69.28	69.28	69.17	68.79	67.93	65.08	65.84	66.19	66.30	66.29	66.19	65.83	65.08	64.71	65.35	65.65	65.74	65.73	65.63	65.32	64.70
67.69	68.49	68.89	68.99	69.00	68.90	68.54	67.72	67.70	68.55	68.94	69.05	69.05	68.94	68.57	67.71	65.08	65.83	66.19	66.29	66.29	66.18	65.83	65.07	64.71	65.34	65.65	65.73	65.72	65.63	65.32	64.69
67.68	68.48	68.88	68.98	68.99	68.89	68.53	67.71	67.91	68.76	69.16	69.27	69.27	69.16	68.78	67.92	65.07	65.82	66.18	66.29	66.29	66.18	65.82	65.07	64.70	65.34	65.64	65.73	65.72	65.62	65.31	64.69
67.67	68.48	68.87	68.97	68.98	68.88	68.52	67.70	67.69	68.54	68.93	69.05	69.05	68.94	68.55	67.70	65.07	65.82	66.18	66.29	66.28	66.17	65.81	65.06	64.70	65.33	65.64	65.73	65.72	65.62	65.31	64.68
67.67	68.47	68.86	68.96	68.98	68.87	68.51	67.69	67.90	68.75	69.15	69.27	69.27	69.15	68.77	67.91	65.06	65.81	66.17	66.28	66.28	66.17	65.81	65.06	64.69	65.33	65.63	65.72	65.71	65.61	65.30	64.67
67.89	68.70	68.85	68.96	68.97	68.87	68.75	67.92	67.68	68.53	68.93	69.04	69.04	68.93	68.55	67.69	65.05	65.81	66.17	66.28	66.28	66.16	65.80	65.05	64.68	65.32	65.63	65.72	65.71	65.61	65.30	64.67
67.69	68.49	68.85	68.95	68.97	68.86	68.53	67.71	67.88	68.74	69.14	69.26	69.26	69.14	68.76	67.90	65.05	65.80	66.16	66.28	66.28	66.16	65.80	65.05	64.68	65.31	65.62	65.72	65.71	65.60	65.29	64.66
67.90	68.71	69.09	69.19	69.21	69.10	68.75	67.93	67.90	68.76	69.16	69.28	69.28	69.16	68.77	67.92	65.04	65.80	66.16	66.27	66.27	66.16	65.79	65.04	64.67	65.31	65.62	65.71	65.70	65.60	65.29	64.66
67.69	68.49	68.87	68.98	68.99	68.89	68.53	67.71	67.90	68.76	69.17	69.29	69.29	69.17	68.78	67.92	65.04	65.79	66.16	66.27	66.27	66.15	65.79	65.04	64.67	65.30	65.61	65.71	65.70	65.59	65.28	64.65
67.90	68.71	69.10	69.21	69.22	69.11	68.75	67.93	67.91	68.77	69.17	69.29	69.29	69.17	68.78	67.92	65.04	65.79	66.15	66.27	66.27	66.15	65.78	65.03	64.66	65.30	65.61	65.71	65.70	65.59	65.28	64.65
67.68	68.49	68.88	68.98	69.00	68.89	68.53	67.71	67.91	68.77	69.17	69.29	69.29	69.17	68.78	67.92	65.03	65.78	66.15	66.27	66.27	66.15	65.78	65.03	64.66	65.29	65.60	65.70	65.70	65.59	65.27	64.64
67.49	68.64	68.96	69.05	69.09	68.99	68.62	67.79	66.64	67.51	67.90	68.03	68.03	67.91	67.51	66.65	65.02	65.77	66.14	66.26	66.26	66.14	65.77	65.02	64.65	65.29	65.60	65.70	65.69	65.58	65.27	64.64
67.22	68.40	68.71	68.80	68.84	68.74	68.37	67.55	66.49	67.35	67.74	67.87	67.88	67.75	67.35	66.50	65.01	65.76	66.13	66.25	66.25	66.12	65.76	65.00	64.65	65.28	65.60	65.70	65.69	65.58	65.26	64.63
67.66	68.70	68.93	69.18	69.21	69.11	68.53	67.69	66.40	67.26	67.66	67.79	67.79	67.66	67.27	66.41	64.99	65.74	66.11	66.24	66.24	66.11	65.74	64.99	64.64	65.27	65.59	65.69	65.68	65.57	65.26	64.63
67.45	68.48	68.70	68.96	69.00	68.90	68.29	67.46	66.34	67.20	67.60	67.73	67.73	67.60	67.20	66.35	64.98	65.73	66.10	66.22	66.22	66.10	65.73	64.98	64.64	65.27	65.59	65.69	65.68	65.57	65.25	64.62
67.86	68.56	68.06	69.42	69.08	68.99	68.72	67.89	66.30	67.16	67.55	67.69	67.69	67.56	67.16	66.31	64.97	65.72	66.09	66.21	66.21	66.09	65.71	64.96	64.63	65.26	65.58	65.68	65.68	65.56	65.24	64.62
67.66	68.32	67.73	69.22	68.84	68.75	68.52	67.69	66.28	67.12	67.52	67.66	67.66	67.53	67.13	66.28	64.96	65.71	66.08	66.20	66.20	66.08	65.70	64.95	64.62	65.26	65.58	65.68	65.67	65.56	65.24	64.61
67.75	68.56	68.83	69.09	69.01	68.88	68.57	67.75	66.25	67.10	67.49	67.64	67.64	67.51	67.11	66.26	64.95	65.69	66.07	66.19	66.19	66.07	65.69	64.94	64.62	65.25	65.57	65.68	65.67	65.55	65.23	64.61
67.52	68.34	68.68	68.83	68.77	68.64	68.32	67.52	66.24	67.08	67.47	67.62	67.62	67.49	67.09	66.24	64.94	65.68	66.06	66.19	66.19	66.06	65.68	64.93	64.61	65.24	65.56	65.67	65.66	65.55	65.23	64.60
67.67	68.41	68.81	68.99	68.99	68.84	68.54	67.75	66.22	67.06	67.46	67.61	67.61	67.47	67.07	66.23	64.93	65.67	66.05	66.18	66.18	66.05	65.67	64.92	64.61	65.24	65.56	65.67	65.66	65.54	65.22	64.59
67.44	68.17	68.59	68.75	68.76	68.61	68.32	67.52	66.21	67.05	67.44	67.59	67.59	67.46	67.05	66.21	64.92	65.67	66.04	66.17	66.17	66.04	65.66	64.92	64.60	65.23	65.55	65.66	65.66	65.54	65.22	64.59
67.59	68.41	68.75	69.03	68.93	68.80	68.48	67.64	66.20	67.03	67.43	67.58	67.58	67.44	67.04	66.20	64.91	65.66	66.03	66.17	66.17	66.03	65.66	64.91	64.59	65.23	65.55	65.66	65.65	65.53	65.21	64.58
67.37	68.18	68.53	68.81	68.69	68.56	68.25	67.41	66.18	67.02	67.42	67.57	67.57	67.43	67.03	66.19	64.90	65.65	66.03	66.16	66.16	66.03	65.65	64.90	64.59	65.22	65.54	65.65	65.65	65.53	65.20	64.58
67.64	68.57	68.80	69.03	69.12	69.00	68.42	67.60	66.17	67.01	67.41	67.56	67.56	67.42	67.02	66.18	64.90	65.64	66.02	66.15	66.15	66.02	65.64	64.89	64.58	65.21	65.54	65.65	65.64	65.52	65.20	64.57
67.42	68.37	68.58	68.81	68.92	68.80	68.20	67.38	66.16	67.00	67.40	67.55	67.55	67.41	67.01	66.17	64.89	65.63	66.01	66.15	66.15	66.01	65.63	64.89	64.58	65.21	65.53	65.65	65.64	65.52	65.19	64.57
67.46	68.58	68.78	69.01	69.02	68.91	68.60	67.80	66.15	66.99	67.40	67.55	67.55	67.40	67.00	66.16	64.88	65.63	66.01	66.14	66.14	66.00	65.62	64.88	64.57	65.20	65.53	65.64	65.64	65.51	65.19	64.56
67.21	68.35	68.55	68.77	68.78	68.68	68.39	67.59	66.14	66.98	67.39	67.54	67.54	67.39	66.99	66.15	64.87	65.62	66.00	66.14	66.14	66.00	65.62	64.87	64.57	65.20	65.52	65.64	65.63	65.51	65.18	64.56
67.58	68.47	68.94	68.95	68.98	68.81	68.46	67.64	66.13	66.97	67.38	67.53	67.53	67.39	66.98	66.14	64.87	65.61	65.99	66.13	66.13	65.99	65.61	64.87	64.56	65.19	65.52	65.63	65.63	65.51	65.18	64.55
67.37	68.24	68.73	68.72	68.75	68.57	68.22	67.40	66.13	66.96	67.37	67.52	67.52	67.38	66.97	66.13	64.86	65.60	65.99	66.12	66.12	65.99	65.60	64.86	64.56	65.18	65.51	65.63	65.62	65.50	65.17	64.55
67.61	68.42	68.79	68.92	68.91	68.79	68.46	67.66	66.12	66.95	67.36	67.51	67.52	67.37	66.96	66.12	64.85	65.60	65.98	66.12	66.12	65.98	65.60	64.85	64.55	65.18	65.51	65.63	65.62	65.50	65.17	64.54
67.39	68.19	68.54	68.69	68.68	68.56	68.23	67.45	66.11	66.94	67.35	67.51	67.51	67.36	66.95	66.12	64.85	65.59	65.97	66.11	66.11	65.97	65.59	64.85	64.54	65.17	65.50	65.62	65.62	65.49	65.16	64.54
67.55	68.36	68.81	68.94	68.90	68.74	68.40	67.58	66.10	66.94	67.35	67.50	67.50	67.35	66.94	66.11	64.84	65.58	65.97	66.11	66.11	65.97	65.58	64.84	64.54	65.17	65.50	65.62	65.61	65.49	65.15	64.53
67.32	68.13	68.59	68.72	68.67	68.51	68.17	67.35	66.09	66.93	67.34	67.49	67.49	67.34	66.93	66.10	64.83	65.57	65.96	66.10	66.10	65.96	65.57	64.83	64.53	65.16	65.49	65.61	65.61	65.48	65.15	64.52
67.54	68.49	68.75	68.98	69.39	68.00	68.34	67.53	66.08	66.92	67.33	67.48	67.49	67.33	66.92	66.09	64.83	65.57	65.95	66.10	66.10	65.95	65.57	64.82	64.53	65.16	65.49	65.61	65.60	65.48	65.14	64.52
67.32	68.29	68.52	68.76	69.23	67.69	68.11	67.31	66.08	66.91	67.32	67.48	67.48	67.32	66.91	66.08	64.82	65.56	65.95	66.09	66.09	65.95	65.56	64.82	64.52	65.15	65.48	65.60	65.60	65.47	65.14	64.51
67.67	68.35	68.73	68.96	69.05	68.66	68.50	67.70	66.07	66.90	67.31	67.47	67.48	67.31	66.90	66.07	64.81	65.55	65.94	66.09	66.09	65.94	65.55	64.81	64.52	65.14	65.48	65.60	65.59	65.47	65.13	64.51
67.46	68.11	68.50	68.73	68.79	68.51	68.30	67.51	66.06	66.89	67.31	67.46	67.47	67.30	66.90	66.07	64.81	65.55	65.93	66.08	66.08	65.93	65.55	64.81	64.51	65.14	65.47	65.59	65.59	65.46	65.13	64.50
66.46	68.12	68.87	68.89	68.90	68.76	68.33	67.52	66.05	66.88	67.30	67.46	67.46	67.29	66.89	66.06	64.80	65.54	65.93	66.07	66.07	65.93	65.54	64.80	64.51	65.13	65.47	65.59	65.59	65.46	65.12	64.50
66.10	67.86	68.66	68.66	68.66	68.56	68.09	67.28	66.03	66.87	67.29	67.45	67.45	67.29	66.88	66.05	64.79	65.53	65.92	66.07	66.07	65.92	65.53	64.79	64.50	65.13	65.46	65.59	65.58	65.45	65.12	64.49
67.29	68.29	68.72	68.85	68.88	68.70	68.38	67.58	66.03	66.86	67.28	67.44	67.45	67.28	66.87	66.04	64.79	65.52	65.91	66.06	66.06	65.91	65.52	64.79	64.50	65.12	65.46	65.58	65.58	65.45	65.11	64.49
67.16	68.08	68.47	68.62	68.64	68.46	68.16	67.37	66.02	66.85	67.28	67.44	67.44	67.28	66.86	66.04	64.78	65.52	65.91	66.06	66.06	65.91	65.52	64.78	64.49	65.12	65.45	65.58	65.57	65.44	65.10	64.48
67.45	68.27	68.77	68.88	68.84	68.65	68.35	67.55	66.01	66.85	67.27	67.43	67.43	67.27	66.85	66.03	64.77	65.51	65.90	66.05	66.05	65.90	65.51	64.77	64.48	65.11	65.45	65.57	65.57	65.44	65.10	64.48
67.26	68.05	68.55	68.65	68.61	68.42	68.12	67.32	66.00	66.84	67.26	67.42	67.42	67.26	66.85	66.02	64.77	65.50	65.89	66.05	66.05	65.89	65.50	64.77	64.48	65.10	65.44	65.57	65.56	65.43	65.09	64.47
67.05	68.56	68.70	68.92	68.97	68.79	68.29	67.47	66.00	66.83	67.25	67.42	67.42	67.25	66.84	66.01	64.76	65.50	65.89	66.04	66.04	65.89	65.50	64.76	64.47	65.10	65.44	65.56	65.56	65.43	65.09	64.47
66.79	68.37	68.47	68.70	68.76	68.58	68.06	67.25	65.99	66.83	67.25	67.41	67.41	67.25	66.83	66.01	64.75	65.49	65.88	66.03	66.03	65.88	65.49	64.75	64.47	65.09	65.43	65.56	65.55	65.42	65.08	64.46
67.34	68.23	68.65	68.90	68.88	68.71	68.42	67.62	65.98	66.82	67.24	67.40	67.40	67.24	66.82	66.00	64.75	65.48	65.88	66.03	66.03	65.88	65.48	64.75	64.46	65.09	65.42	65.55	65.55	65.41	65.08	64.46
67.15	67.97	68.42	68.67	68.64	68.48	68.21	67.42	65.98	66.81	67.23	67.40	67.40	67.23	66.81	65.99	64.74	65.48	65.87	66.02	66.02	65.87	65.48	64.74	64.46	65.08	65.42	65.55	65.55	65.41	65.07	64.45
67.54	68.26	68.80	68.85	68.83	68.75	68.25	67.41	65.97	66.80	67.22	67.39	67.39	67.23	66.81	65.99	64.73	65.47	65.86	66.02	66.02	65.86	65.47	64.73	64.45	65.07	65.41	65.54	65.54	65.40	65.06	64.45
67.36	68.05	68.60	68.62	68.61	68.53	68.01	67.18	65.96	66.79	67.22	67.38	67.38	67.22	66.80	65.98	64.73	65.46	65.86	66.01	66.01	65.86	65.46	64.73	64.45	65.07	65.41	65.54	65.54	65.40	65.06	64.44
67.47	68.27	68.63	68.81	68.95	68.36	68.11	67.39	65.96	66.79	67.21	67.38	67.38	67.21	66.79	65.97	64.72	65.45	65.85	66.01	66.01	65.85	65.46	64.72	64.44	65.06	65.40	65.54	65.53	65.39	65.05	64.43
67.25	68.05	68.39	68.59	68.74	68.10	67.87	67.18	65.95	66.78	67.20	67.37	67.37	67.20	66.78	65.96	64.71	65.45	65.84	66.00	66.00	65.84	65.45	64.72	64.43	65.06	65.40	65.53	65.53	65.39	65.05	64.43
67.45	68.24	68.71	68.82	68.83	68.63	68.27	67.48	65.95	66.77	67.20	67.36	67.37	67.20	66.77	65.96	64.71	65.44	65.84	65.99	65.99	65.84	65.44	64.71	64.43	65.05	65.39	65.53	65.52	65.38	65.04	64.42
67.24	68.02	68.49	68.59	68.59	68.43	68.06	67.27	65.94	66.76	67.19	67.36	67.36	67.19	66.77	65.95	64.70	65.43	65.83	65.99	65.99	65.83	65.44	64.70	64.42	65.05	65.39	65.52	65.52	65.38	65.04	64.42
67.49	68.35	68.67	68.85	68.89	68.61	68.23	67.44	65.94	66.76	67.18	67.35	67.35	67.18	66.76	65.94	64.70	65.43	65.83	65.98	65.98	65.83	65.43	64.70	64.42	65.04	65.38	65.52	65.51	65.37	65.03	64.41
67.29	68.15	68.45	68.64	68.68	68.39	68.01	67.23	65.93	66.75	67.18	67.34	67.35	67.17	66.75	65.94	64.69	65.42	65.82	65.98	65.98	65.82	65.42	64.69	64.41	65.03	65.38	65.51	65.51	65.37	65.03	64.41
67.39	68.17	68.62	68.80	68.84	68.70	68.36	67.56	65.92	66.74	67.17	67.34	67.34	67.17	66.74	65.93	64.68	65.41	65.81	65.97	65.97	65.81	65.42	64.68	64.41	65.03	65.37	65.51	65.50	65.36	65.02	64.40
67.16	67.92	68.39	68.57	68.60	68.49	68.16	67.36	65.92	66.73	67.16	67.33	67.33	67.16	66.74	65.93	64.68	65.41	65.81	65.97	65.97	65.81	65.41	64.68	64.40	65.02	65.37	65.50	65.50	65.36	65.01	64.40
67.47	68.24	68.93	68.24	68.77	68.61	68.13	67.33	65.91	66.73	67.16	67.32	67.33	67.16	66.73	65.92	64.67	65.40	65.80	65.96	65.96	65.80	65.40	64.67	64.40	65.02	65.36	65.50	65.49	65.35	65.01	64.39
67.26	68.03	68.74	67.95	68.54	68.37	67.88	67.09	65.90	66.72	67.15	67.31	67.32	67.15	66.72	65.91	64.67	65.39	65.79	65.95	65.95	65.79	65.40	64.67	64.39	65.01	65.35	65.49	65.49	65.35	65.00	64.39
67.39	68.24	68.64	68.66	69.16	67.72	68.21	67.40	65.90	66.71	67.15	67.31	67.32	67.14	66.72	65.90	64.66	65.39	65.79	65.95	65.95	65.79	65.39	64.66	64.39	65.01	65.35	65.49	65.48	65.34	65.00	64.38
67.17	68.02	68.38	68.48	68.98	67.40	68.00	67.19	65.89	66.71	67.14	67.30	67.31	67.13	66.71	65.90	64.65	65.38	65.78	65.94	65.94	65.78	65.38	64.66	64.38	65.00	65.34	65.48	65.48	65.34	64.99	64.38
67.37	68.23	68.63	68.70	68.92	68.45	68.24	67.45	65.89	66.70	67.13	67.29	67.31	67.12	66.70	65.89	64.65	65.38	65.78	65.94	65.94	65.78	65.38	64.65	64.38	64.99	65.34	65.48	65.47	65.33	64.99	64.37
67.15	68.02	68.40	68.49	68.68	68.31	68.03	67.25	65.88	66.69	67.12	67.29	67.30	67.11	66.69	65.88	64.64	65.37	65.77	65.93	65.93	65.77	65.37	64.64	64.37	64.99	65.33	65.47	65.47	65.33	64.98	64.37
67.47	68.33	68.64	68.85	68.70	68.51	68.34	67.05	65.87	66.69	67.12	67.28	67.29	67.11	66.69	65.88	64.64	65.36	65.76	65.93	65.93	65.76	65.36	64.64	64.37	64.98	65.33	65.47	65.46	65.32	64.98	64.36
67.27	68.13	68.42	68.65	68.46	68.30	68.13	66.79	65.87	66.68	67.11	67.28	67.28	67.10	66.68	65.87	64.63	65.36	65.76	65.92	65.92	65.76	65.36	64.63	64.36	64.98	65.32	65.46	65.46	65.32	64.97	64.36
67.91	67.06	68.28	68.75	68.73	68.53	68.13	67.41	65.86	66.67	67.10	67.27	67.28	67.10	66.68	65.86	64.62	65.35	65.75	65.91	65.92	65.75	65.35	64.63	64.35	64.97	65.32	65.46	65.45	65.31	64.96	64.35
67.75	66.69	68.01	68.51	68.50	68.32	67.89	67.24	65.86	66.66	67.09	67.27	67.27	67.09	66.67	65.86	64.62	65.34	65.74	65.91	65.91	65.74	65.34	64.62	64.35	64.97	65.31	65.45	65.45	65.30	64.96	64.35
67.23	66.80	68.60	68.77	68.78	68.60	67.01	66.66	65.85	66.64	67.09	67.26	67.27	67.08	66.65	65.85	64.61	65.34	65.74	65.90	65.90	65.74	65.34	64.61	64.34	64.96	65.31	65.45	65.44	65.30	64.95	64.34
66.93	66.53	68.42	68.55	68.57	68.39	66.64	66.35	65.85	66.63	67.08	67.26	67.26	67.08	66.64	65.84	64.61	65.33	65.73	65.90	65.90	65.73	65.33	64.61	64.34	64.95	65.30	65.44	65.44	65.29	64.95	64.34
66.17	66.69	68.25	68.82	68.73	68.51	66.77	66.05	65.83	66.61	67.07	67.25	67.25	67.07	66.63	65.82	64.60	65.32	65.73	65.89	65.89	65.73	65.32	64.60	64.33	64.95	65.30	65.44	65.43	65.29	64.94	64.33
65.82	66.45	67.98	68.61	68.50	68.28	66.50	65.75	65.82	66.60	67.06	67.25	67.25	67.07	66.61	65.81	64.60	65.32	65.72	65.89	65.89	65.72	65.32	64.60	64.33	64.94	65.29	65.43	65.43	65.28	64.94	64.33
65.94	66.62	68.45	68.72	68.76	68.56	66.67	65.90	65.80	66.59	67.06	67.24	67.24	67.06	66.60	65.80	64.59	65.31	65.71	65.88	65.88	65.71	65.31	64.59	64.32	64.94	65.28	65.43	65.42	65.28	64.93	64.32
65.68	66.39	68.25	68.49	68.54	68.34	66.43	65.65	65.79	66.58	67.05	67.23	67.23	67.05	66.58	65.78	64.58	65.30	65.71	65.87	65.88	65.71	65.30	64.58	64.32	64.93	65.28	65.42	65.42	65.27	64.93	64.32
65.84	66.58	68.66	68.52	67.73	69.00	66.61	65.82	65.77	66.57	67.04	67.23	67.22	67.05	66.57	65.77	64.58	65.30	65.70	65.87	65.87	65.70	65.30	64.58	64.31	64.93	65.27	65.42	65.41	65.27	64.92	64.31
65.61	66.36	68.46	68.27	67.39	68.83	66.39	65.60	65.76	66.56	67.04	67.22	67.21	67.04	66.56	65.76	64.57	65.29	65.70	65.86	65.86	65.70	65.29	64.57	64.31	64.92	65.27	65.41	65.41	65.26	64.91	64.30
65.79	66.55	69.05	67.48	67.34	68.58	66.57	65.78	65.75	66.55	67.03	67.21	67.20	67.04	66.55	65.75	64.56	65.28	65.69	65.86	65.86	65.69	65.28	64.56	64.30	64.91	65.26	65.41	65.40	65.26	64.91	64.30
65.56	66.33	68.88	67.13	67.06	68.31	66.35	65.56	65.74	66.54	67.03	67.19	67.18	67.03	66.54	65.74	64.56	65.27	65.68	65.85	65.85	65.68	65.28	64.56	64.30	64.91	65.26	65.40	65.40	65.25	64.90	64.29
