pcb_C_0	322.1136
pcb_C_1	322.4915
pcb_C_2	322.8099
pcb_C_3	322.7044
pcb_C_4	322.6674
pcb_C_5	322.6933
pcb_C_6	322.4233
pcb_C_7	322.0733
pcb_C_8	321.9809
pcb_C_9	322.2945
pcb_C_10	322.5255
pcb_C_11	322.5147
pcb_C_12	322.4856
pcb_C_13	322.4457
pcb_C_14	322.2326
pcb_C_15	321.9377
pcb_C_16	321.7934
pcb_C_17	321.9355
pcb_C_18	322.0538
pcb_C_19	322.0833
pcb_C_20	322.0676
pcb_C_21	322.0135
pcb_C_22	321.8940
pcb_C_23	321.7562
pcb_C_24	321.6553
pcb_C_25	321.6739
pcb_C_26	321.7228
pcb_C_27	321.7458
pcb_C_28	321.7380
pcb_C_29	321.7027
pcb_C_30	321.6491
pcb_C_31	321.6272
solder_C_0	322.2123
solder_C_1	322.5952
solder_C_2	323.1632
solder_C_3	322.8145
solder_C_4	322.7662
solder_C_5	322.9547
solder_C_6	322.5137
solder_C_7	322.1694
solder_C_8	322.0952
solder_C_9	322.3938
solder_C_10	322.6752
solder_C_11	322.6196
solder_C_12	322.5873
solder_C_13	322.5761
solder_C_14	322.3278
solder_C_15	322.0506
solder_C_16	321.7966
solder_C_17	321.9056
solder_C_18	322.0313
solder_C_19	322.0610
solder_C_20	322.0450
solder_C_21	321.9896
solder_C_22	321.8637
solder_C_23	321.7589
solder_C_24	321.6271
solder_C_25	321.6118
solder_C_26	321.6661
solder_C_27	321.6928
solder_C_28	321.6849
solder_C_29	321.6457
solder_C_30	321.5868
solder_C_31	321.5986
sub_C_0	322.2236
sub_C_1	322.6092
sub_C_2	323.3487
sub_C_3	322.8319
sub_C_4	322.7829
sub_C_5	323.0858
sub_C_6	322.5269
sub_C_7	322.1805
sub_C_8	322.1303
sub_C_9	322.4329
sub_C_10	322.7198
sub_C_11	322.6620
sub_C_12	322.6300
sub_C_13	322.6202
sub_C_14	322.3674
sub_C_15	322.0858
sub_C_16	321.7585
sub_C_17	321.8801
sub_C_18	322.0095
sub_C_19	322.0410
sub_C_20	322.0252
sub_C_21	321.9682
sub_C_22	321.8385
sub_C_23	321.7210
sub_C_24	321.5805
sub_C_25	321.5819
sub_C_26	321.6411
sub_C_27	321.6695
sub_C_28	321.6616
sub_C_29	321.6207
sub_C_30	321.5568
sub_C_31	321.5522
layer_3_C_0	322.3035
layer_3_C_1	322.7189
layer_3_C_2	325.2093
layer_3_C_3	322.9688
layer_3_C_4	322.9207
layer_3_C_5	324.3979
layer_3_C_6	322.6372
layer_3_C_7	322.2596
layer_3_C_8	322.4696
layer_3_C_9	322.8285
layer_3_C_10	323.1396
layer_3_C_11	323.0898
layer_3_C_12	323.0616
layer_3_C_13	323.0456
layer_3_C_14	322.7684
layer_3_C_15	322.4266
layer_3_C_16	321.3720
layer_3_C_17	321.6183
layer_3_C_18	321.7834
layer_3_C_19	321.8324
layer_3_C_20	321.8180
layer_3_C_21	321.7459
layer_3_C_22	321.5791
layer_3_C_23	321.3368
layer_3_C_24	321.1347
layer_3_C_25	321.2869
layer_3_C_26	321.3933
layer_3_C_27	321.4377
layer_3_C_28	321.4297
layer_3_C_29	321.3727
layer_3_C_30	321.2615
layer_3_C_31	321.1081
layer_4_TB_0	322.2579
layer_4_TB_1	322.6731
layer_4_TB_2	325.0139
layer_4_TB_3	322.9230
layer_4_TB_4	322.8750
layer_4_TB_5	324.2501
layer_4_TB_6	322.5915
layer_4_TB_7	322.2140
layer_4_TB_8	322.4080
layer_4_TB_9	322.7670
layer_4_TB_10	323.0773
layer_4_TB_11	323.0282
layer_4_TB_12	323.0001
layer_4_TB_13	322.9835
layer_4_TB_14	322.7068
layer_4_TB_15	322.3649
layer_4_TB_16	321.3712
layer_4_TB_17	321.6176
layer_4_TB_18	321.7828
layer_4_TB_19	321.8319
layer_4_TB_20	321.8174
layer_4_TB_21	321.7453
layer_4_TB_22	321.5785
layer_4_TB_23	321.3360
layer_4_TB_24	321.1341
layer_4_TB_25	321.2865
layer_4_TB_26	321.3930
layer_4_TB_27	321.4374
layer_4_TB_28	321.4294
layer_4_TB_29	321.3724
layer_4_TB_30	321.2611
layer_4_TB_31	321.1076
hsp_TB_0	321.8025
hsp_TB_1	322.2143
hsp_TB_2	323.0593
hsp_TB_3	322.4641
hsp_TB_4	322.4175
hsp_TB_5	322.7719
hsp_TB_6	322.1342
hsp_TB_7	321.7587
hsp_TB_8	321.7915
hsp_TB_9	322.1516
hsp_TB_10	322.4537
hsp_TB_11	322.4129
hsp_TB_12	322.3849
hsp_TB_13	322.3627
hsp_TB_14	322.0917
hsp_TB_15	321.7485
hsp_TB_16	321.3631
hsp_TB_17	321.6114
hsp_TB_18	321.7769
hsp_TB_19	321.8262
hsp_TB_20	321.8118
hsp_TB_21	321.7394
hsp_TB_22	321.5723
hsp_TB_23	321.3279
hsp_TB_24	321.1289
hsp_TB_25	321.2830
hsp_TB_26	321.3898
hsp_TB_27	321.4343
hsp_TB_28	321.4264
hsp_TB_29	321.3692
hsp_TB_30	321.2576
hsp_TB_31	321.1023
hsink_TB_0	321.6083
hsink_TB_1	321.9822
hsink_TB_2	322.3499
hsink_TB_3	322.2299
hsink_TB_4	322.1927
hsink_TB_5	322.2238
hsink_TB_6	321.9121
hsink_TB_7	321.5652
hsink_TB_8	321.5623
hsink_TB_9	321.9080
hsink_TB_10	322.1620
hsink_TB_11	322.1682
hsink_TB_12	322.1420
hsink_TB_13	322.0880
hsink_TB_14	321.8500
hsink_TB_15	321.5196
hsink_TB_16	321.3339
hsink_TB_17	321.5808
hsink_TB_18	321.7448
hsink_TB_19	321.7954
hsink_TB_20	321.7812
hsink_TB_21	321.7079
hsink_TB_22	321.5418
hsink_TB_23	321.2988
hsink_TB_24	321.1236
hsink_TB_25	321.2782
hsink_TB_26	321.3852
hsink_TB_27	321.4297
hsink_TB_28	321.4218
hsink_TB_29	321.3646
hsink_TB_30	321.2529
hsink_TB_31	321.0972
inode_0	320.8919
inode_1	320.8610
inode_2	320.6699
inode_3	321.3234
inode_4	320.8860
inode_5	320.8552
inode_6	320.6668
inode_7	321.3180
inode_8	320.6397
inode_9	320.6116
inode_10	320.3773
inode_11	320.9536
inode_12	321.9029
inode_13	321.8649
inode_14	321.5232
inode_15	322.5225
inode_16	321.9023
inode_17	321.8643
inode_18	321.5232
inode_19	322.5221
inode_20	321.6776
inode_21	321.6423
inode_22	321.4999
inode_23	322.4746
inode_24	320.8539
inode_25	320.8269
inode_26	320.5483
inode_27	321.2460
