C_0	C_1	C_2	C_3	C_4	C_5	C_6	C_7	C_8	C_9	C_10	C_11	C_12	C_13	C_14	C_15	C_16	C_17	C_18	C_19	C_20	C_21	C_22	C_23	C_24	C_25	C_26	C_27	C_28	C_29	C_30	C_31	
68.33	69.22	69.22	68.37	69.16	70.50	70.50	69.13	69.12	70.48	70.47	69.14	68.41	69.28	69.28	68.37	66.38	67.26	67.24	66.42	67.16	68.43	68.38	67.09	67.13	68.43	68.39	67.09	66.36	67.17	67.14	66.29
68.37	69.26	69.27	68.46	69.15	70.41	70.41	69.10	69.08	70.38	70.35	69.11	68.54	69.39	69.37	68.42	66.19	67.11	67.10	66.28	66.87	68.07	68.04	66.79	66.80	68.07	68.05	66.82	66.16	66.94	66.92	66.05
68.15	69.04	69.05	68.28	68.90	70.08	70.08	68.82	69.02	70.28	70.26	69.09	68.39	69.21	69.19	68.23	66.10	67.04	67.04	66.23	66.70	67.84	67.83	66.60	66.60	67.83	67.82	66.66	66.06	66.80	66.79	65.92
68.37	69.26	69.28	68.54	69.10	70.23	70.23	68.99	68.73	69.95	69.93	68.83	68.42	69.23	69.20	68.23	66.05	66.99	66.99	66.20	66.59	67.68	67.66	66.47	66.45	67.66	67.65	66.54	65.99	66.71	66.69	65.83
68.16	69.04	69.06	68.35	68.87	69.94	69.94	68.74	68.91	70.11	70.08	69.02	68.69	69.49	69.45	68.47	66.01	66.96	66.97	66.18	66.52	67.55	67.54	66.38	66.35	67.52	67.52	66.45	65.95	66.64	66.62	65.76
68.38	69.27	69.29	68.60	69.08	70.12	70.12	68.93	68.65	69.81	69.79	68.79	68.51	69.29	69.25	68.26	65.99	66.94	66.95	66.18	66.47	67.45	67.44	66.31	66.26	67.41	67.42	66.39	65.92	66.58	66.57	65.72
68.16	69.05	69.07	68.41	68.85	69.85	69.84	68.68	68.84	69.99	69.97	69.00	68.77	69.53	69.49	68.50	65.97	66.93	66.94	66.18	66.43	67.38	67.36	66.25	66.20	67.32	67.33	66.34	65.90	66.55	66.53	65.68
68.39	69.27	69.30	68.66	69.07	70.04	70.03	68.88	68.59	69.72	69.70	68.78	68.58	69.33	69.29	68.29	65.97	66.92	66.93	66.19	66.41	67.31	67.30	66.21	66.15	67.25	67.26	66.31	65.90	66.52	66.50	65.66
68.18	69.05	69.08	68.46	68.85	69.78	69.77	68.64	68.79	69.91	69.89	69.00	68.83	69.57	69.52	68.52	65.96	66.92	66.93	66.21	66.39	67.26	67.24	66.17	66.10	67.19	67.20	66.28	65.89	66.49	66.47	65.64
68.40	69.27	69.31	68.71	69.07	69.97	69.96	68.84	68.55	69.65	69.63	68.78	68.64	69.36	69.31	68.32	65.96	66.91	66.93	66.22	66.38	67.22	67.20	66.14	66.06	67.13	67.14	66.25	65.89	66.47	66.45	65.62
68.18	69.05	69.09	68.51	68.85	69.72	69.70	68.61	68.75	69.84	69.83	69.00	68.89	69.59	69.54	68.54	65.96	66.91	66.93	66.23	66.37	67.18	67.15	66.11	66.03	67.08	67.09	66.23	65.89	66.46	66.43	65.61
68.40	69.28	69.31	68.75	69.08	69.92	69.90	68.81	68.52	69.59	69.58	68.79	68.69	69.38	69.33	68.34	65.96	66.91	66.93	66.25	66.36	67.14	67.11	66.09	66.00	67.03	67.05	66.22	65.90	66.44	66.42	65.60
68.19	69.06	69.10	68.55	68.86	69.67	69.65	68.58	68.72	69.79	69.78	69.01	68.94	69.62	69.56	68.56	65.96	66.91	66.93	66.26	66.36	67.11	67.08	66.07	65.97	66.99	67.01	66.21	65.90	66.43	66.40	65.59
68.41	69.28	69.32	68.79	69.08	69.87	69.85	68.79	68.49	69.54	69.54	68.80	68.74	69.40	69.34	68.35	65.95	66.90	66.93	66.28	66.36	67.08	67.05	66.05	65.95	66.95	66.97	66.19	65.90	66.42	66.39	65.58
68.19	69.05	69.10	68.59	68.86	69.62	69.60	68.55	68.70	69.74	69.75	69.03	68.98	69.63	69.57	68.57	65.95	66.90	66.93	66.29	66.36	67.06	67.02	66.03	65.92	66.91	66.94	66.18	65.91	66.41	66.37	65.57
68.41	69.28	69.33	68.83	69.09	69.83	69.80	68.76	68.47	69.50	69.50	68.82	68.79	69.42	69.35	68.36	65.95	66.89	66.93	66.30	66.36	67.03	66.99	66.01	65.90	66.87	66.90	66.17	65.91	66.40	66.36	65.56
68.20	69.06	69.11	68.63	68.88	69.59	69.55	68.53	68.68	69.70	69.71	69.04	69.02	69.64	69.57	68.58	65.95	66.89	66.93	66.32	66.36	67.01	66.97	66.00	65.88	66.84	66.87	66.17	65.92	66.39	66.34	65.55
68.42	69.27	69.33	68.86	69.10	69.79	69.76	68.74	68.45	69.46	69.47	68.83	68.82	69.42	69.35	68.37	65.94	66.88	66.92	66.33	66.36	66.99	66.94	65.98	65.86	66.81	66.84	66.16	65.92	66.38	66.33	65.54
68.20	69.05	69.11	68.66	68.89	69.55	69.51	68.51	68.66	69.67	69.68	69.06	69.06	69.65	69.57	68.58	65.94	66.87	66.92	66.34	66.36	66.97	66.92	65.97	65.83	66.78	66.81	66.15	65.93	66.37	66.32	65.53
68.42	69.27	69.33	68.89	69.11	69.76	69.72	68.72	68.44	69.43	69.45	68.86	68.86	69.43	69.35	68.37	65.94	66.87	66.91	66.35	66.36	66.95	66.89	65.95	65.81	66.74	66.78	66.14	65.93	66.36	66.30	65.52
68.20	69.05	69.11	68.69	68.89	69.52	69.47	68.49	68.64	69.64	69.66	69.08	69.09	69.65	69.57	68.59	65.93	66.86	66.91	66.36	66.37	66.93	66.88	65.94	65.80	66.72	66.76	66.14	65.93	66.34	66.29	65.51
68.42	69.27	69.34	68.93	69.12	69.73	69.68	68.70	68.42	69.40	69.42	68.87	68.88	69.43	69.34	68.37	65.93	66.85	66.90	66.36	66.37	66.91	66.85	65.92	65.78	66.69	66.73	66.13	65.93	66.33	66.28	65.50
68.21	69.05	69.12	68.72	68.91	69.49	69.44	68.47	68.63	69.60	69.64	69.10	69.12	69.65	69.56	68.58	65.92	66.84	66.90	66.37	66.37	66.90	66.83	65.91	65.76	66.66	66.71	66.12	65.94	66.32	66.26	65.49
68.19	69.02	69.10	68.72	68.89	69.46	69.40	68.44	68.40	69.36	69.40	68.88	68.91	69.42	69.33	68.36	65.91	66.83	66.89	66.38	66.38	66.88	66.81	65.90	65.74	66.63	66.68	66.12	65.94	66.31	66.25	65.48
68.18	69.01	69.09	68.72	68.89	69.44	69.38	68.43	68.61	69.58	69.62	69.12	69.15	69.65	69.56	68.58	65.91	66.82	66.89	66.39	66.38	66.87	66.80	65.89	65.72	66.61	66.66	66.11	65.94	66.30	66.24	65.47
68.17	69.00	69.09	68.72	68.89	69.42	69.36	68.41	68.39	69.34	69.39	68.90	68.93	69.42	69.32	68.36	65.90	66.81	66.88	66.39	66.38	66.85	66.78	65.88	65.71	66.58	66.64	66.11	65.94	66.29	66.22	65.47
68.16	68.99	69.08	68.73	68.89	69.40	69.34	68.40	68.59	69.55	69.60	69.13	69.16	69.64	69.54	68.57	65.89	66.80	66.87	66.40	66.38	66.84	66.76	65.87	65.69	66.55	66.62	66.10	65.95	66.28	66.21	65.46
68.16	68.99	69.08	68.74	68.89	69.39	69.32	68.38	68.37	69.32	69.37	68.92	68.95	69.42	69.31	68.35	65.89	66.78	66.86	66.40	66.39	66.83	66.74	65.85	65.67	66.53	66.60	66.10	65.95	66.27	66.20	65.45
68.16	68.98	69.08	68.75	68.89	69.38	69.30	68.37	68.58	69.53	69.59	69.15	69.19	69.64	69.53	68.57	65.88	66.77	66.86	66.41	66.39	66.82	66.73	65.84	65.66	66.51	66.57	66.09	65.95	66.27	66.18	65.44
68.15	68.97	69.08	68.76	68.90	69.36	69.29	68.36	68.35	69.29	69.35	68.93	68.97	69.41	69.29	68.34	65.87	66.76	66.85	66.41	66.39	66.80	66.71	65.83	65.64	66.48	66.56	66.09	65.95	66.26	66.17	65.43
68.15	68.97	69.08	68.77	68.90	69.35	69.27	68.36	68.56	69.50	69.57	69.16	69.20	69.63	69.50	68.55	65.86	66.75	66.84	66.42	66.40	66.79	66.70	65.82	65.63	66.46	66.54	66.08	65.95	66.25	66.16	65.42
68.39	69.21	69.32	69.02	69.15	69.59	69.51	68.59	68.34	69.27	69.34	68.94	68.99	69.40	69.28	68.33	65.85	66.74	66.83	66.42	66.40	66.78	66.68	65.81	65.61	66.44	66.52	66.08	65.95	66.24	66.15	65.41
68.17	68.99	69.10	68.82	68.94	69.36	69.27	68.37	68.55	69.48	69.56	69.18	69.22	69.62	69.49	68.55	65.85	66.73	66.82	66.42	66.40	66.77	66.67	65.80	65.60	66.42	66.50	66.08	65.95	66.23	66.13	65.40
68.39	69.21	69.33	69.05	69.17	69.58	69.49	68.58	68.33	69.25	69.33	68.97	69.01	69.40	69.26	68.33	65.84	66.71	66.81	66.43	66.40	66.76	66.65	65.79	65.58	66.40	66.48	66.07	65.95	66.22	66.12	65.39
68.18	68.99	69.11	68.85	68.96	69.36	69.26	68.36	68.54	69.46	69.55	69.19	69.24	69.61	69.48	68.53	65.83	66.70	66.81	66.43	66.41	66.75	66.64	65.78	65.57	66.38	66.46	66.07	65.95	66.21	66.11	65.38
68.40	69.21	69.34	69.08	69.19	69.57	69.48	68.57	68.32	69.23	69.32	68.98	69.02	69.39	69.25	68.31	65.82	66.69	66.80	66.43	66.41	66.74	66.63	65.77	65.55	66.36	66.45	66.06	65.95	66.20	66.10	65.37
68.18	68.99	69.12	68.87	68.97	69.34	69.24	68.35	68.53	69.45	69.54	69.21	69.25	69.61	69.46	68.53	65.81	66.68	66.79	66.44	66.41	66.73	66.61	65.77	65.54	66.34	66.43	66.06	65.95	66.19	66.08	65.36
68.39	69.21	69.10	68.86	68.96	69.32	69.45	68.56	68.31	69.21	69.31	68.99	69.04	69.38	69.23	68.30	65.80	66.66	66.78	66.44	66.41	66.72	66.60	65.76	65.52	66.32	66.42	66.06	65.95	66.18	66.07	65.36
68.18	68.99	69.09	68.86	68.96	69.30	69.23	68.34	68.51	69.42	69.52	69.21	69.26	69.59	69.44	68.51	65.80	66.65	66.77	66.44	66.42	66.71	66.59	65.75	65.51	66.30	66.40	66.05	65.95	66.17	66.06	65.35
68.15	68.96	69.08	68.86	68.95	69.29	69.19	68.31	68.29	69.20	69.30	69.00	69.05	69.37	69.21	68.29	65.79	66.64	66.76	66.44	66.42	66.71	66.58	65.74	65.50	66.28	66.38	66.05	65.95	66.17	66.05	65.34
68.14	68.95	69.08	68.86	68.95	69.28	69.17	68.29	68.50	69.41	69.51	69.23	69.27	69.59	69.43	68.50	65.78	66.63	66.75	66.44	66.42	66.70	66.56	65.73	65.48	66.26	66.37	66.05	65.95	66.16	66.04	65.33
68.13	68.93	69.07	68.87	68.96	69.27	69.15	68.28	68.27	69.17	69.28	69.01	69.05	69.35	69.19	68.27	65.77	66.62	66.74	66.45	66.42	66.69	66.55	65.72	65.47	66.24	66.35	66.04	65.95	66.15	66.02	65.32
68.12	68.93	69.07	68.87	68.96	69.26	69.14	68.27	68.49	69.40	69.51	69.24	69.29	69.58	69.41	68.49	65.76	66.60	66.74	66.45	66.42	66.68	66.54	65.71	65.46	66.23	66.34	66.04	65.95	66.14	66.01	65.31
68.12	68.92	69.07	68.88	68.96	69.25	69.12	68.26	68.26	69.16	69.27	69.02	69.07	69.34	69.17	68.26	65.75	66.59	66.73	66.45	66.43	66.67	66.53	65.70	65.45	66.21	66.33	66.03	65.95	66.13	66.00	65.30
68.11	68.91	69.07	68.88	68.96	69.24	69.11	68.25	68.47	69.37	69.49	69.25	69.29	69.56	69.39	68.47	65.74	66.58	66.72	66.45	66.43	66.66	66.52	65.69	65.43	66.19	66.31	66.03	65.95	66.12	65.99	65.29
68.11	68.91	69.31	69.13	69.21	69.48	69.10	68.24	68.25	69.14	69.26	69.03	69.07	69.33	69.15	68.25	65.73	66.57	66.71	66.45	66.43	66.66	66.50	65.68	65.42	66.18	66.30	66.03	65.95	66.12	65.98	65.29
68.10	68.90	69.10	68.93	69.00	69.26	69.09	68.23	68.45	69.35	69.48	69.25	69.30	69.55	69.36	68.45	65.72	66.56	66.70	66.45	66.43	66.65	66.49	65.67	65.41	66.16	66.29	66.02	65.95	66.11	65.97	65.28
68.33	69.14	69.32	69.15	69.23	69.48	69.32	68.46	68.24	69.12	69.26	69.04	69.09	69.33	69.14	68.23	65.71	66.54	66.69	66.45	66.43	66.64	66.48	65.67	65.40	66.15	66.27	66.02	65.94	66.10	65.96	65.27
68.12	68.92	69.10	68.94	69.02	69.26	69.10	68.25	68.45	69.34	69.48	69.27	69.31	69.54	69.35	68.44	65.70	66.53	66.69	66.45	66.43	66.63	66.47	65.66	65.39	66.13	66.26	66.02	65.94	66.09	65.95	65.26
68.34	69.14	69.33	69.17	69.24	69.48	69.32	68.46	68.22	69.11	69.25	69.05	69.09	69.32	69.12	68.22	65.69	66.52	66.68	66.45	66.43	66.63	66.46	65.65	65.37	66.11	66.25	66.01	65.94	66.09	65.94	65.25
68.12	68.92	69.10	68.96	69.03	69.25	69.09	68.24	68.43	69.32	69.47	69.27	69.32	69.53	69.33	68.43	65.69	66.51	66.67	66.45	66.43	66.62	66.45	65.64	65.36	66.10	66.24	66.01	65.94	66.08	65.93	65.24
68.34	69.14	69.08	68.95	69.01	69.23	69.31	68.45	68.21	69.09	69.24	69.06	69.10	69.31	69.10	68.21	65.68	66.50	66.66	66.45	66.43	66.61	66.44	65.63	65.35	66.09	66.23	66.01	65.94	66.07	65.92	65.23
68.12	68.92	69.07	68.94	69.01	69.21	69.08	68.23	68.43	69.31	69.46	69.28	69.33	69.53	69.32	68.42	65.67	66.49	66.65	66.45	66.44	66.61	66.43	65.62	65.34	66.07	66.21	66.00	65.94	66.06	65.91	65.23
68.33	69.14	69.07	68.94	69.00	69.20	69.29	68.44	68.20	69.08	69.23	69.06	69.10	69.29	69.09	68.19	65.66	66.47	66.65	66.45	66.44	66.60	66.42	65.62	65.33	66.06	66.20	66.00	65.94	66.06	65.90	65.22
68.11	68.91	69.06	68.94	69.00	69.19	69.06	68.22	68.41	69.29	69.45	69.29	69.33	69.51	69.30	68.40	65.65	66.46	66.64	66.45	66.44	66.59	66.41	65.61	65.32	66.04	66.19	66.00	65.94	66.05	65.89	65.21
68.09	68.89	69.06	68.94	69.00	69.18	69.03	68.19	68.19	69.06	69.22	69.07	69.11	69.28	69.07	68.18	65.64	66.45	66.63	66.45	66.44	66.59	66.40	65.60	65.31	66.03	66.18	65.99	65.93	66.04	65.88	65.20
68.08	68.87	69.06	68.94	69.00	69.18	69.02	68.18	68.40	69.28	69.44	69.29	69.33	69.50	69.28	68.39	65.63	66.44	66.62	66.45	66.44	66.58	66.39	65.59	65.30	66.01	66.17	65.99	65.93	66.03	65.87	65.19
68.07	68.86	69.05	68.95	69.00	69.17	69.00	68.17	68.17	69.04	69.21	69.07	69.11	69.27	69.05	68.16	65.62	66.43	66.62	66.45	66.44	66.57	66.38	65.58	65.29	66.00	66.16	65.99	65.93	66.03	65.86	65.18
68.06	68.85	69.05	68.95	69.00	69.16	68.99	68.15	68.39	69.26	69.44	69.30	69.34	69.49	69.27	68.37	65.61	66.42	66.61	66.45	66.44	66.57	66.37	65.57	65.28	65.99	66.15	65.98	65.93	66.02	65.85	65.18
68.05	68.84	69.29	69.19	69.24	69.40	68.98	68.14	68.16	69.03	69.21	69.08	69.12	69.27	69.03	68.15	65.61	66.41	66.60	66.45	66.44	66.56	66.36	65.57	65.27	65.98	66.14	65.98	65.93	66.01	65.84	65.17
68.04	68.84	69.07	68.98	69.03	69.18	68.97	68.14	68.37	69.24	69.43	69.30	69.34	69.48	69.24	68.36	65.60	66.40	66.59	66.45	66.44	66.55	66.35	65.56	65.26	65.96	66.13	65.98	65.93	66.01	65.83	65.16
68.27	69.07	69.30	69.22	69.27	69.41	69.20	68.36	68.15	69.01	69.20	69.08	69.12	69.25	69.01	68.13	65.59	66.39	66.59	66.45	66.44	66.55	66.34	65.55	65.25	65.95	66.12	65.97	65.92	66.00	65.82	65.15
68.06	68.85	69.08	69.00	69.05	69.18	68.98	68.15	68.36	69.23	69.42	69.31	69.35	69.48	69.23	68.35	65.58	66.38	66.58	66.45	66.44	66.54	66.33	65.54	65.24	65.94	66.11	65.97	65.92	65.99	65.81	65.14
68.28	69.08	69.31	69.23	69.28	69.41	69.20	68.37	68.13	69.00	69.19	69.09	69.12	69.24	69.00	68.12	65.57	66.37	66.57	66.45	66.43	66.53	66.32	65.53	65.23	65.93	66.10	65.97	65.92	65.99	65.80	65.14
68.06	68.86	69.08	69.01	69.06	69.18	68.98	68.15	68.34	69.22	69.41	69.31	69.35	69.46	69.21	68.33	65.56	66.36	66.57	66.45	66.43	66.53	66.31	65.53	65.22	65.91	66.09	65.96	65.92	65.98	65.79	65.13
68.27	69.07	69.06	69.00	69.04	69.16	69.19	68.36	68.12	68.99	69.19	69.09	69.13	69.24	68.98	68.11	65.55	66.35	66.56	66.45	66.43	66.52	66.30	65.52	65.21	65.90	66.08	65.96	65.92	65.97	65.78	65.12
68.06	68.85	69.05	68.99	69.03	69.14	68.96	68.14	68.33	69.20	69.40	69.32	69.35	69.45	69.20	68.32	65.55	66.34	66.55	66.45	66.43	66.52	66.29	65.51	65.20	65.89	66.07	65.96	65.91	65.97	65.77	65.11
68.03	68.83	69.04	68.99	69.03	69.13	68.94	68.11	68.11	68.97	69.18	69.10	69.13	69.23	68.97	68.09	65.54	66.33	66.54	66.45	66.43	66.51	66.28	65.50	65.19	65.88	66.06	65.95	65.91	65.96	65.76	65.11
68.02	68.81	69.04	68.99	69.03	69.12	68.92	68.10	68.31	69.18	69.39	69.31	69.35	69.44	69.17	68.30	65.53	66.32	66.54	66.44	66.43	66.50	66.28	65.50	65.18	65.87	66.06	65.95	65.91	65.96	65.75	65.10
68.01	68.80	69.03	68.99	69.02	69.12	68.91	68.08	68.10	68.96	69.17	69.10	69.13	69.21	68.95	68.08	65.52	66.31	66.53	66.44	66.43	66.50	66.27	65.49	65.17	65.86	66.05	65.95	65.91	65.95	65.75	65.09
68.00	68.79	69.03	68.99	69.02	69.11	68.90	68.07	68.30	69.17	69.38	69.31	69.35	69.43	69.16	68.28	65.51	66.30	66.52	66.44	66.43	66.49	66.26	65.48	65.16	65.84	66.04	65.94	65.90	65.94	65.74	65.08
67.99	68.79	69.03	68.99	69.02	69.10	68.88	68.06	68.08	68.94	69.16	69.10	69.13	69.20	68.93	68.06	65.50	66.29	66.52	66.44	66.43	66.49	66.25	65.47	65.15	65.83	66.03	65.94	65.90	65.94	65.73	65.08
67.99	68.78	69.02	68.99	69.02	69.10	68.88	68.06	68.29	69.16	69.38	69.32	69.35	69.42	69.15	68.27	65.50	66.28	66.51	66.44	66.43	66.48	66.24	65.46	65.14	65.82	66.02	65.94	65.90	65.93	65.72	65.07
67.98	68.77	69.02	68.99	69.02	69.09	68.87	68.05	68.07	68.93	69.15	69.10	69.13	69.19	68.91	68.05	65.49	66.27	66.50	66.44	66.43	66.47	66.23	65.46	65.13	65.81	66.01	65.93	65.90	65.92	65.71	65.06
67.98	68.77	69.02	68.99	69.02	69.09	68.86	68.04	68.28	69.14	69.37	69.32	69.35	69.41	69.13	68.25	65.48	66.26	66.50	66.44	66.43	66.47	66.22	65.45	65.12	65.80	66.00	65.93	65.90	65.92	65.70	65.05
68.20	69.00	69.25	69.23	69.26	69.32	69.09	68.27	68.06	68.92	69.15	69.10	69.13	69.19	68.90	68.04	65.47	66.25	66.49	66.43	66.42	66.46	66.21	65.44	65.11	65.79	66.00	65.93	65.89	65.91	65.70	65.05
67.99	68.79	69.04	69.02	69.05	69.11	68.87	68.05	68.26	69.13	69.36	69.32	69.35	69.40	69.11	68.24	65.46	66.24	66.49	66.43	66.42	66.46	66.21	65.43	65.11	65.78	65.99	65.92	65.89	65.91	65.69	65.04
68.21	69.01	69.27	69.25	69.28	69.33	69.09	68.27	68.04	68.90	69.14	69.10	69.13	69.18	68.89	68.02	65.45	66.23	66.48	66.43	66.42	66.45	66.20	65.43	65.10	65.77	65.98	65.92	65.89	65.90	65.68	65.03
67.99	68.79	69.05	69.04	69.07	69.11	68.87	68.05	68.25	69.11	69.35	69.32	69.35	69.39	69.10	68.23	65.45	66.22	66.47	66.43	66.42	66.45	66.19	65.42	65.09	65.76	65.97	65.92	65.89	65.90	65.67	65.03
68.20	69.00	69.27	69.26	69.29	69.33	69.09	68.26	68.03	68.89	69.13	69.10	69.14	69.17	68.87	68.01	65.44	66.21	66.47	66.43	66.42	66.44	66.18	65.41	65.08	65.75	65.97	65.91	65.88	65.89	65.66	65.02
67.99	68.78	69.05	69.04	69.07	69.11	68.86	68.04	68.24	69.10	69.35	69.33	69.36	69.39	69.09	68.22	65.43	66.21	66.46	66.43	66.42	66.44	66.17	65.41	65.07	65.74	65.96	65.91	65.88	65.88	65.66	65.01
67.97	68.76	69.03	69.03	69.05	69.09	68.84	68.02	68.02	68.87	69.12	69.10	69.13	69.16	68.85	67.99	65.42	66.20	66.45	66.42	66.42	66.43	66.17	65.40	65.06	65.73	65.95	65.91	65.88	65.88	65.65	65.00
67.95	68.75	69.02	69.02	69.04	69.07	68.82	68.01	68.23	69.09	69.34	69.32	69.35	69.37	69.07	68.20	65.42	66.19	66.45	66.42	66.41	66.43	66.16	65.39	65.05	65.72	65.94	65.90	65.88	65.87	65.64	65.00
67.94	68.74	69.01	69.01	69.04	69.06	68.81	67.99	68.01	68.86	69.11	69.10	69.13	69.15	68.84	67.98	65.41	66.18	66.44	66.42	66.41	66.42	66.15	65.38	65.05	65.71	65.94	65.90	65.87	65.87	65.63	64.99
67.93	68.73	69.00	69.01	69.03	69.05	68.80	67.98	68.21	69.08	69.33	69.32	69.35	69.37	69.06	68.19	65.40	66.17	66.44	66.42	66.41	66.41	66.14	65.38	65.04	65.70	65.93	65.90	65.87	65.86	65.63	64.98
67.92	68.72	69.00	69.01	69.03	69.05	68.79	67.97	67.99	68.85	69.10	69.10	69.13	69.14	68.83	67.96	65.39	66.16	66.43	66.42	66.41	66.41	66.13	65.37	65.03	65.69	65.92	65.89	65.87	65.86	65.62	64.98
67.92	68.71	68.99	69.00	69.03	69.04	68.78	67.97	68.20	69.06	69.32	69.32	69.35	69.35	69.04	68.17	65.39	66.16	66.42	66.41	66.41	66.40	66.13	65.36	65.02	65.68	65.91	65.89	65.86	65.85	65.61	64.97
67.91	68.71	68.99	69.00	69.03	69.03	68.77	67.96	67.98	68.84	69.10	69.10	69.13	69.13	68.81	67.95	65.38	66.15	66.42	66.41	66.40	66.40	66.12	65.35	65.01	65.68	65.91	65.89	65.86	65.85	65.60	64.96
67.91	68.70	68.99	69.00	69.03	69.03	68.76	67.95	68.19	69.05	69.31	69.32	69.35	69.35	69.02	68.16	65.37	66.14	66.41	66.41	66.40	66.39	66.11	65.35	65.01	65.67	65.90	65.88	65.86	65.84	65.60	64.96
67.90	68.69	68.98	69.00	69.02	69.02	68.76	67.94	67.97	68.82	69.09	69.10	69.13	69.12	68.80	67.94	65.36	66.13	66.41	66.41	66.40	66.39	66.10	65.34	65.00	65.66	65.89	65.88	65.86	65.83	65.59	64.95
67.89	68.69	68.98	69.00	69.02	69.02	68.75	67.94	68.17	69.03	69.30	69.32	69.34	69.33	69.01	68.14	65.36	66.12	66.40	66.41	66.40	66.38	66.10	65.33	64.99	65.65	65.89	65.88	65.85	65.83	65.58	64.94
68.12	68.92	68.98	69.00	69.02	69.02	68.98	68.17	67.95	68.81	69.08	69.09	69.12	69.11	68.78	67.92	65.35	66.11	66.39	66.40	66.40	66.38	66.09	65.33	64.98	65.64	65.88	65.87	65.85	65.82	65.57	64.94
67.91	68.71	68.97	69.00	69.02	69.01	68.76	67.95	68.16	69.02	69.30	69.32	69.34	69.33	69.00	68.13	65.34	66.11	66.39	66.40	66.40	66.37	66.08	65.32	64.98	65.63	65.87	65.87	65.85	65.82	65.57	64.93
68.13	68.93	69.21	69.24	69.26	69.25	68.99	68.17	67.94	68.80	69.07	69.09	69.12	69.10	68.77	67.91	65.33	66.10	66.38	66.40	66.39	66.37	66.07	65.31	64.97	65.62	65.87	65.87	65.85	65.81	65.56	64.92
67.91	68.71	69.00	69.03	69.05	69.03	68.76	67.95	68.15	69.01	69.29	69.31	69.34	69.32	68.98	68.12	65.33	66.09	66.38	66.40	66.39	66.36	66.07	65.31	64.96	65.62	65.86	65.86	65.84	65.81	65.55	64.92
68.13	68.93	69.22	69.26	69.28	69.26	68.98	68.17	67.93	68.78	69.06	69.09	69.12	69.09	68.76	67.90	65.32	66.08	66.37	66.39	66.39	66.36	66.06	65.30	64.95	65.61	65.85	65.86	65.84	65.80	65.55	64.91
67.91	68.71	69.00	69.04	69.06	69.04	68.76	67.95	68.14	69.00	69.28	69.31	69.34	69.31	68.97	68.11	65.31	66.08	66.37	66.39	66.39	66.35	66.05	65.29	64.95	65.60	65.85	65.86	65.84	65.80	65.54	64.90
68.12	68.92	69.22	69.26	69.28	69.26	68.97	68.16	67.92	68.77	69.06	69.09	69.12	69.09	68.75	67.89	65.31	66.07	66.36	66.39	66.38	66.35	66.05	65.29	64.94	65.59	65.84	65.85	65.83	65.79	65.53	64.90
67.90	68.70	69.00	69.05	69.06	69.04	68.75	67.94	68.13	68.99	69.27	69.31	69.34	69.30	68.96	68.09	65.30	66.06	66.36	66.39	66.38	66.34	66.04	65.28	64.93	65.58	65.84	65.85	65.83	65.79	65.53	64.89
67.88	68.67	68.98	69.03	69.04	69.01	68.72	67.91	67.91	68.76	69.05	69.09	69.12	69.08	68.73	67.87	65.29	66.05	66.35	66.38	66.38	66.34	66.03	65.27	64.92	65.57	65.83	65.85	65.83	65.78	65.52	64.88
67.86	68.66	68.97	69.02	69.03	69.00	68.71	67.90	68.12	68.97	69.27	69.31	69.34	69.29	68.94	68.08	65.29	66.05	66.35	66.38	66.38	66.33	66.03	65.27	64.92	65.57	65.82	65.84	65.83	65.78	65.51	64.88
67.85	68.65	68.96	69.01	69.03	68.99	68.70	67.88	67.89	68.75	69.04	69.09	69.11	69.07	68.72	67.86	65.28	66.04	66.34	66.38	66.37	66.33	66.02	65.26	64.91	65.56	65.82	65.84	65.82	65.77	65.51	64.87
67.84	68.64	68.95	69.01	69.02	68.98	68.69	67.88	68.10	68.96	69.26	69.31	69.33	69.28	68.93	68.07	65.27	66.03	66.34	66.38	66.37	66.32	66.01	65.25	64.90	65.55	65.81	65.84	65.82	65.77	65.50	64.87
67.84	68.63	68.95	69.00	69.02	68.97	68.68	67.87	67.88	68.73	69.03	69.08	69.11	69.06	68.70	67.85	65.26	66.02	66.33	66.37	66.37	66.32	66.00	65.25	64.90	65.54	65.81	65.83	65.82	65.76	65.49	64.86
67.83	68.63	68.94	69.00	69.01	68.97	68.67	67.86	68.09	68.94	69.24	69.30	69.32	69.27	68.91	68.05	65.26	66.02	66.32	66.37	66.37	66.31	66.00	65.24	64.89	65.54	65.80	65.83	65.81	65.76	65.49	64.85
67.82	68.62	68.94	69.00	69.01	68.96	68.66	67.85	67.87	68.72	69.02	69.08	69.10	69.05	68.69	67.83	65.25	66.01	66.32	66.37	66.36	66.31	65.99	65.23	64.88	65.53	65.79	65.83	65.81	65.75	65.48	64.85
67.82	68.62	68.94	69.00	69.01	68.96	68.66	67.85	68.08	68.94	69.24	69.30	69.32	69.26	68.90	68.04	65.24	66.00	66.31	66.37	66.36	66.30	65.98	65.23	64.88	65.52	65.79	65.82	65.81	65.75	65.47	64.84
67.81	68.61	68.93	68.99	69.01	68.95	68.65	67.84	67.86	68.71	69.01	69.07	69.10	69.04	68.68	67.82	65.24	66.00	66.31	66.36	66.36	66.30	65.98	65.22	64.87	65.51	65.78	65.82	65.80	65.74	65.47	64.83
67.81	68.60	68.93	68.99	69.00	68.95	68.64	67.83	68.07	68.92	69.23	69.30	69.32	69.26	68.89	68.03	65.23	65.99	66.30	66.36	66.36	66.29	65.97	65.22	64.86	65.51	65.78	65.82	65.80	65.74	65.46	64.83
68.03	68.84	68.92	68.99	69.00	68.95	68.87	68.06	67.85	68.70	69.01	69.07	69.10	69.03	68.66	67.81	65.22	65.98	66.30	66.36	66.35	66.29	65.96	65.21	64.86	65.50	65.77	65.81	65.80	65.73	65.45	64.82
67.82	68.62	68.92	68.99	69.00	68.94	68.66	67.85	68.06	68.91	69.22	69.29	69.32	69.25	68.88	68.02	65.22	65.98	66.29	66.36	66.35	66.28	65.96	65.20	64.85	65.49	65.77	65.81	65.80	65.73	65.45	64.82
68.04	68.84	68.92	68.99	69.00	68.94	68.88	68.07	67.83	68.69	69.00	69.07	69.09	69.02	68.65	67.80	65.21	65.97	66.29	66.35	66.35	66.28	65.95	65.20	64.84	65.49	65.76	65.81	65.79	65.72	65.44	64.81
67.82	68.62	68.92	68.99	69.00	68.94	68.66	67.85	68.04	68.90	69.21	69.29	69.31	69.24	68.87	68.01	65.21	65.96	66.28	66.35	66.35	66.27	65.95	65.19	64.84	65.48	65.75	65.80	65.79	65.72	65.44	64.80
68.04	68.84	69.15	69.23	69.24	69.17	68.88	68.06	67.83	68.68	68.99	69.06	69.09	69.01	68.64	67.79	65.20	65.95	66.28	66.35	66.34	66.27	65.94	65.18	64.83	65.47	65.75	65.80	65.79	65.71	65.43	64.80
67.82	68.62	68.94	69.01	69.03	68.96	68.65	67.84	68.03	68.89	69.21	69.28	69.31	69.23	68.85	67.99	65.19	65.95	66.27	66.34	66.34	66.26	65.93	65.18	64.82	65.46	65.74	65.80	65.78	65.71	65.42	64.79
68.03	68.84	69.16	69.24	69.25	69.18	68.87	68.05	67.81	68.67	68.98	69.06	69.09	69.01	68.63	67.78	65.19	65.94	66.27	66.34	66.34	66.26	65.93	65.17	64.82	65.46	65.74	65.79	65.78	65.70	65.42	64.79
67.81	68.62	68.95	69.02	69.03	68.96	68.65	67.84	68.02	68.88	69.20	69.28	69.30	69.22	68.84	67.98	65.18	65.94	66.26	66.34	66.34	66.25	65.92	65.17	64.81	65.45	65.73	65.79	65.78	65.70	65.41	64.78
67.79	68.59	69.17	69.25	69.25	69.18	68.62	67.81	67.80	68.66	68.98	69.06	69.08	69.00	68.62	67.76	65.17	65.93	66.26	66.33	66.33	66.25	65.91	65.16	64.80	65.44	65.73	65.79	65.77	65.70	65.41	64.78
67.78	68.58	68.94	69.02	69.03	68.96	68.61	67.80	68.01	68.87	69.19	69.28	69.30	69.22	68.83	67.97	65.17	65.92	66.25	66.33	66.33	66.25	65.91	65.15	64.80	65.44	65.72	65.78	65.77	65.69	65.40	64.77
67.76	68.57	69.16	69.25	69.26	69.18	68.60	67.79	67.79	68.64	68.97	69.06	69.08	68.99	68.61	67.75	65.16	65.92	66.25	66.33	66.33	66.24	65.90	65.15	64.79	65.43	65.72	65.78	65.77	65.69	65.39	64.76
67.76	68.56	68.94	69.02	69.03	68.95	68.59	67.78	68.00	68.86	69.19	69.28	69.30	69.21	68.82	67.96	65.16	65.91	66.24	66.33	66.32	66.24	65.90	65.14	64.78	65.42	65.71	65.78	65.76	65.68	65.39	64.76
67.75	68.55	68.91	69.00	69.01	68.93	68.58	67.77	67.78	68.64	68.97	69.06	69.08	68.99	68.60	67.74	65.15	65.90	66.24	66.32	66.32	66.23	65.89	65.14	64.78	65.42	65.71	65.77	65.76	65.68	65.38	64.75
67.74	68.55	68.91	68.99	69.00	68.92	68.57	67.76	67.99	68.84	69.18	69.27	69.29	69.20	68.81	67.95	65.14	65.90	66.23	66.32	66.32	66.23	65.88	65.13	64.77	65.41	65.70	65.77	65.76	65.67	65.38	64.75
67.97	68.78	68.90	68.98	68.99	68.91	68.80	67.99	67.77	68.62	68.95	69.05	69.07	68.97	68.58	67.73	65.14	65.89	66.23	66.32	66.32	66.22	65.88	65.12	64.77	65.40	65.70	65.77	65.75	65.67	65.37	64.74
67.76	68.56	68.89	68.98	68.99	68.90	68.59	67.78	67.97	68.83	69.17	69.26	69.28	69.19	68.79	67.93	65.13	65.88	66.22	66.31	66.31	66.22	65.87	65.12	64.76	65.40	65.69	65.76	65.75	65.66	65.37	64.74
67.97	68.78	68.88	68.97	68.98	68.89	68.81	67.99	67.76	68.61	68.94	69.04	69.06	68.96	68.57	67.72	65.12	65.88	66.22	66.31	66.31	66.21	65.87	65.11	64.75	65.39	65.69	65.76	65.75	65.66	65.36	64.73
67.76	68.56	68.88	68.97	68.98	68.89	68.59	67.78	67.97	68.82	69.16	69.26	69.28	69.18	68.78	67.93	65.12	65.87	66.22	66.31	66.31	66.21	65.86	65.11	64.75	65.39	65.68	65.76	65.74	65.65	65.35	64.73
67.97	68.78	69.11	69.21	69.22	69.12	68.80	67.99	67.75	68.60	68.94	69.04	69.06	68.96	68.56	67.71	65.11	65.87	66.21	66.30	66.30	66.20	65.85	65.10	64.74	65.38	65.68	65.75	65.74	65.65	65.35	64.72
67.75	68.56	68.90	69.00	69.00	68.91	68.58	67.77	67.96	68.81	69.15	69.25	69.28	69.17	68.77	67.91	65.11	65.86	66.21	66.30	66.30	66.20	65.85	65.10	64.74	65.37	65.67	65.75	65.74	65.64	65.34	64.71
67.97	68.78	69.12	69.22	69.23	69.13	68.80	67.98	67.74	68.59	68.93	69.03	69.05	68.95	68.55	67.70	65.10	65.85	66.20	66.30	66.30	66.19	65.84	65.09	64.73	65.37	65.67	65.74	65.73	65.64	65.34	64.71
67.75	68.55	68.90	69.00	69.01	68.91	68.57	67.76	67.95	68.80	69.15	69.25	69.27	69.16	68.76	67.90	65.10	65.85	66.20	66.30	66.30	66.19	65.84	65.08	64.73	65.36	65.66	65.74	65.73	65.64	65.33	64.70
67.96	68.77	69.12	69.22	69.23	69.13	68.79	67.97	67.73	68.58	68.92	69.03	69.05	68.94	68.54	67.69	65.09	65.84	66.19	66.29	66.29	66.19	65.83	65.08	64.72	65.35	65.66	65.74	65.73	65.63	65.33	64.70
67.74	68.55	68.90	69.00	69.01	68.91	68.57	67.76	67.93	68.79	69.14	69.25	69.27	69.16	68.75	67.89	65.09	65.84	66.19	66.29	66.29	66.18	65.83	65.07	64.71	65.35	65.65	65.73	65.73	65.63	65.32	64.69
67.71	68.52	68.88	68.98	68.98	68.88	68.54	67.73	67.71	68.57	68.91	69.02	69.04	68.93	68.53	67.67	65.08	65.83	66.18	66.29	66.29	66.18	65.82	65.07	64.71	65.34	65.65	65.73	65.72	65.62	65.32	64.69
67.70	68.51	68.87	68.97	68.98	68.87	68.53	67.72	67.92	68.78	69.13	69.24	69.26	69.14	68.74	67.88	65.07	65.83	66.18	66.28	66.28	66.17	65.81	65.06	64.70	65.34	65.64	65.73	65.72	65.62	65.31	64.68
67.69	68.50	68.86	68.96	68.97	68.86	68.52	67.71	67.70	68.56	68.91	69.02	69.04	68.92	68.52	67.66	65.07	65.82	66.17	66.28	66.28	66.17	65.81	65.06	64.70	65.33	65.64	65.72	65.72	65.61	65.30	64.68
67.68	68.49	68.85	68.96	68.96	68.86	68.51	67.70	67.91	68.77	69.12	69.24	69.26	69.14	68.73	67.87	65.06	65.81	66.17	66.28	66.28	66.16	65.80	65.05	64.69	65.33	65.63	65.72	65.71	65.61	65.30	64.67
67.67	68.48	68.84	68.95	68.96	68.85	68.50	67.69	67.69	68.55	68.90	69.01	69.03	68.91	68.50	67.65	65.06	65.81	66.16	66.27	66.27	66.16	65.80	65.05	64.69	65.32	65.63	65.72	65.71	65.60	65.29	64.67
67.67	68.47	68.84	68.95	68.95	68.84	68.49	67.68	67.90	68.76	69.11	69.23	69.25	69.13	68.72	67.86	65.05	65.80	66.16	66.27	66.27	66.16	65.79	65.04	64.68	65.31	65.62	65.71	65.71	65.60	65.29	64.66
67.90	68.71	69.08	69.19	69.19	69.08	68.72	67.91	67.68	68.54	68.89	69.01	69.03	68.91	68.49	67.64	65.04	65.80	66.15	66.27	66.27	66.15	65.79	65.03	64.67	65.31	65.62	65.71	65.70	65.60	65.28	64.66
67.69	68.49	68.86	68.97	68.98	68.86	68.51	67.70	67.89	68.75	69.11	69.22	69.25	69.12	68.71	67.85	65.04	65.79	66.15	66.27	66.26	66.15	65.78	65.03	64.67	65.30	65.61	65.71	65.70	65.59	65.28	64.65
67.75	68.52	68.98	69.07	68.68	69.14	68.59	67.76	66.64	67.49	67.88	68.00	68.01	67.88	67.48	66.63	65.03	65.78	66.14	66.26	66.26	66.14	65.77	65.02	64.66	65.30	65.61	65.70	65.70	65.59	65.27	64.65
67.51	68.27	68.74	68.83	68.40	68.92	68.35	67.53	66.49	67.34	67.73	67.85	67.85	67.73	67.33	66.48	65.02	65.77	66.13	66.25	66.25	66.12	65.76	65.01	64.66	65.29	65.60	65.70	65.69	65.58	65.27	64.64
67.77	68.69	68.91	69.15	68.93	68.58	68.52	67.72	66.41	67.26	67.65	67.77	67.77	67.65	67.25	66.40	65.00	65.75	66.12	66.24	66.23	66.11	65.74	64.99	64.65	65.29	65.60	65.70	65.69	65.58	65.26	64.64
67.55	68.48	68.67	68.93	68.72	68.28	68.28	67.49	66.35	67.20	67.59	67.72	67.72	67.59	67.20	66.35	64.99	65.74	66.10	66.22	66.22	66.10	65.73	64.98	64.65	65.28	65.59	65.69	65.68	65.57	65.26	64.63
67.68	68.54	69.06	69.08	69.16	68.87	68.71	67.87	66.31	67.16	67.55	67.68	67.68	67.55	67.16	66.31	64.98	65.73	66.09	66.21	66.21	66.09	65.72	64.97	64.64	65.27	65.59	65.69	65.68	65.57	65.25	64.62
67.46	68.31	68.85	68.86	68.96	68.68	68.51	67.67	66.28	67.13	67.52	67.65	67.65	67.52	67.13	66.28	64.97	65.71	66.08	66.20	66.20	66.08	65.71	64.96	64.63	65.27	65.58	65.68	65.68	65.56	65.24	64.62
67.85	68.57	68.95	69.02	69.02	69.00	68.62	67.78	66.26	67.11	67.50	67.63	67.63	67.50	67.10	66.26	64.96	65.70	66.07	66.20	66.19	66.07	65.70	64.95	64.63	65.26	65.58	65.68	65.67	65.56	65.24	64.61
67.65	68.35	68.71	68.79	68.79	68.79	68.38	67.55	66.25	67.09	67.48	67.62	67.61	67.48	67.08	66.24	64.95	65.69	66.06	66.19	66.19	66.06	65.69	64.94	64.62	65.25	65.57	65.68	65.67	65.55	65.23	64.61
67.76	68.48	68.82	68.93	69.00	68.96	68.48	67.66	66.23	67.07	67.47	67.60	67.60	67.47	67.07	66.23	64.94	65.68	66.05	66.18	66.18	66.05	65.68	64.93	64.62	65.25	65.57	65.67	65.66	65.55	65.23	64.60
67.53	68.25	68.58	68.69	68.77	68.73	68.24	67.42	66.22	67.06	67.45	67.59	67.59	67.45	67.05	66.21	64.93	65.68	66.05	66.17	66.17	66.04	65.67	64.92	64.61	65.24	65.56	65.67	65.66	65.54	65.22	64.60
67.61	68.44	68.83	68.95	69.09	68.48	68.46	67.64	66.21	67.04	67.44	67.58	67.58	67.44	67.04	66.20	64.92	65.67	66.04	66.17	66.17	66.04	65.66	64.91	64.61	65.24	65.56	65.66	65.66	65.54	65.22	64.59
67.37	68.20	68.60	68.72	68.87	68.21	68.22	67.41	66.19	67.03	67.43	67.57	67.57	67.43	67.03	66.19	64.91	65.66	66.03	66.16	66.16	66.03	65.65	64.91	64.60	65.23	65.55	65.66	65.65	65.53	65.21	64.58
67.66	68.58	68.77	69.00	68.93	68.75	68.44	67.60	66.18	67.02	67.42	67.56	67.56	67.42	67.02	66.18	64.91	65.65	66.03	66.16	66.15	66.02	65.64	64.90	64.59	65.22	65.55	65.65	65.65	65.53	65.20	64.58
67.44	68.37	68.54	68.78	68.68	68.55	68.22	67.38	66.17	67.01	67.41	67.55	67.55	67.41	67.01	66.17	64.90	65.64	66.02	66.15	66.15	66.01	65.64	64.89	64.59	65.22	65.54	65.65	65.64	65.52	65.20	64.57
67.61	68.43	68.98	69.04	69.10	68.77	68.58	67.76	66.16	67.00	67.40	67.54	67.54	67.40	67.00	66.16	64.89	65.64	66.01	66.14	66.14	66.01	65.63	64.88	64.58	65.21	65.54	65.65	65.64	65.52	65.19	64.57
67.39	68.19	68.78	68.83	68.89	68.56	68.38	67.56	66.15	66.99	67.39	67.53	67.54	67.39	66.99	66.15	64.88	65.63	66.00	66.14	66.14	66.00	65.62	64.88	64.58	65.21	65.53	65.64	65.64	65.51	65.19	64.56
67.74	68.50	68.88	69.03	68.99	68.94	68.51	67.71	66.15	66.98	67.39	67.53	67.53	67.38	66.98	66.14	64.88	65.62	66.00	66.13	66.13	65.99	65.61	64.87	64.57	65.20	65.52	65.64	65.63	65.51	65.18	64.56
67.54	68.29	68.65	68.80	68.75	68.74	68.28	67.49	66.14	66.97	67.38	67.52	67.52	67.37	66.97	66.13	64.87	65.61	65.99	66.13	66.13	65.99	65.61	64.86	64.57	65.19	65.52	65.63	65.63	65.50	65.18	64.55
67.68	68.41	68.78	68.91	68.99	68.84	68.40	67.58	66.13	66.96	67.37	67.51	67.51	67.37	66.96	66.13	64.86	65.61	65.98	66.12	66.12	65.98	65.60	64.86	64.56	65.19	65.51	65.63	65.62	65.50	65.17	64.55
67.46	68.18	68.54	68.67	68.77	68.61	68.16	67.35	66.12	66.95	67.36	67.51	67.51	67.36	66.95	66.12	64.86	65.60	65.98	66.12	66.11	65.97	65.59	64.85	64.55	65.18	65.51	65.62	65.62	65.49	65.17	64.54
67.55	68.35	68.74	68.90	68.91	68.78	67.26	67.44	66.11	66.94	67.35	67.50	67.50	67.35	66.93	66.11	64.85	65.59	65.97	66.11	66.11	65.97	65.58	64.84	64.55	65.18	65.50	65.62	65.61	65.49	65.16	64.54
67.32	68.12	68.52	68.67	68.68	68.55	66.90	67.21	66.10	66.93	67.34	67.49	67.49	67.34	66.92	66.10	64.84	65.58	65.97	66.10	66.10	65.96	65.58	64.84	64.54	65.17	65.50	65.62	65.61	65.48	65.15	64.53
67.59	68.50	68.76	68.96	68.88	68.71	68.16	67.53	66.10	66.93	67.34	67.48	67.48	67.33	66.91	66.09	64.84	65.58	65.96	66.10	66.10	65.95	65.57	64.83	64.54	65.17	65.49	65.61	65.61	65.48	65.15	64.53
67.37	68.29	68.54	68.75	68.65	68.48	68.03	67.32	66.09	66.92	67.33	67.48	67.48	67.32	66.90	66.08	64.83	65.57	65.95	66.09	66.09	65.95	65.56	64.82	64.53	65.16	65.49	65.61	65.60	65.47	65.14	64.52
67.53	68.32	68.88	68.95	69.02	68.75	68.30	67.65	66.08	66.91	67.32	67.47	67.47	67.32	66.89	66.07	64.82	65.56	65.95	66.09	66.09	65.94	65.56	64.82	64.53	65.15	65.48	65.60	65.60	65.47	65.14	64.51
67.31	68.09	68.67	68.73	68.81	68.53	68.11	67.46	66.07	66.90	67.31	67.46	67.46	67.31	66.88	66.07	64.82	65.56	65.94	66.08	66.08	65.94	65.55	64.81	64.52	65.15	65.48	65.60	65.59	65.46	65.13	64.51
67.63	68.42	68.79	68.95	68.91	68.87	68.42	67.56	66.06	66.89	67.31	67.46	67.46	67.30	66.88	66.06	64.81	65.55	65.93	66.08	66.07	65.93	65.54	64.80	64.52	65.14	65.47	65.59	65.59	65.46	65.13	64.50
67.42	68.21	68.56	68.72	68.68	68.66	68.23	67.33	66.06	66.88	67.30	67.45	67.45	67.29	66.87	66.05	64.80	65.54	65.93	66.07	66.07	65.92	65.53	64.80	64.51	65.14	65.47	65.59	65.58	65.45	65.12	64.50
66.87	68.63	68.72	68.86	67.88	69.16	68.35	67.52	66.05	66.88	67.29	67.44	67.44	67.29	66.87	66.04	64.80	65.53	65.92	66.06	66.06	65.92	65.53	64.79	64.50	65.13	65.46	65.59	65.58	65.45	65.11	64.49
66.56	68.44	68.49	68.62	67.53	68.97	68.12	67.30	66.03	66.87	67.28	67.44	67.42	67.28	66.86	66.04	64.79	65.53	65.91	66.06	66.06	65.91	65.52	64.78	64.50	65.12	65.46	65.58	65.58	65.44	65.11	64.49
67.42	68.37	68.69	68.80	68.87	68.40	68.32	67.56	66.03	66.86	67.27	67.43	67.42	67.27	66.85	66.03	64.78	65.52	65.91	66.05	66.05	65.90	65.51	64.78	64.49	65.12	65.45	65.58	65.57	65.44	65.10	64.48
67.27	68.12	68.46	68.57	68.75	68.09	68.10	67.35	66.02	66.85	67.27	67.42	67.41	67.26	66.84	66.02	64.78	65.51	65.90	66.05	66.05	65.90	65.51	64.77	64.49	65.11	65.45	65.57	65.57	65.43	65.10	64.48
67.53	68.34	68.84	68.45	68.81	68.63	68.36	67.50	66.01	66.85	67.26	67.41	67.41	67.26	66.84	66.02	64.77	65.51	65.89	66.04	66.04	65.89	65.50	64.76	64.48	65.11	65.44	65.57	65.56	65.43	65.09	64.47
67.33	68.11	68.63	68.19	68.58	68.42	68.14	67.27	66.01	66.84	67.25	67.40	67.40	67.25	66.83	66.01	64.76	65.50	65.89	66.04	66.03	65.88	65.49	64.76	64.48	65.10	65.44	65.56	65.56	65.42	65.09	64.47
67.45	68.21	68.83	68.87	68.77	68.62	68.32	67.58	66.00	66.83	67.25	67.40	67.39	67.24	66.82	66.00	64.76	65.49	65.88	66.03	66.03	65.88	65.49	64.75	64.47	65.10	65.43	65.56	65.55	65.42	65.08	64.46
67.22	67.97	68.60	68.69	68.54	68.40	68.09	67.37	65.99	66.82	67.24	67.39	67.39	67.23	66.81	65.99	64.75	65.48	65.88	66.02	66.02	65.87	65.48	64.74	64.47	65.09	65.43	65.55	65.55	65.41	65.07	64.46
67.58	68.33	68.72	68.82	68.94	68.81	68.36	67.49	65.99	66.81	67.23	67.38	67.38	67.22	66.81	65.99	64.74	65.48	65.87	66.02	66.02	65.86	65.47	64.74	64.46	65.08	65.42	65.55	65.54	65.41	65.07	64.45
67.38	68.13	68.48	68.59	68.74	68.61	68.14	67.26	65.98	66.80	67.23	67.38	67.38	67.22	66.80	65.98	64.74	65.47	65.86	66.01	66.01	65.86	65.47	64.73	64.46	65.08	65.41	65.54	65.54	65.40	65.06	64.44
67.43	68.27	68.68	68.74	68.79	68.61	68.26	67.48	65.98	66.80	67.22	67.37	67.37	67.21	66.79	65.97	64.73	65.46	65.86	66.01	66.01	65.85	65.46	64.73	64.45	65.07	65.41	65.54	65.53	65.40	65.06	64.44
67.20	68.04	68.45	68.52	68.55	68.37	68.03	67.27	65.97	66.79	67.21	67.37	67.37	67.20	66.78	65.97	64.72	65.46	65.85	66.00	66.00	65.85	65.45	64.72	64.44	65.07	65.40	65.53	65.53	65.39	65.05	64.43
67.46	68.26	68.68	68.80	68.84	68.71	68.29	67.49	65.96	66.78	67.20	67.36	67.36	67.20	66.78	65.96	64.72	65.45	65.84	66.00	65.99	65.84	65.44	64.71	64.44	65.06	65.40	65.53	65.52	65.39	65.05	64.43
67.24	68.03	68.45	68.58	68.61	68.50	68.07	67.27	65.95	66.77	67.20	67.35	67.35	67.19	66.77	65.95	64.71	65.44	65.84	65.99	65.99	65.83	65.44	64.71	64.43	65.05	65.39	65.52	65.52	65.38	65.04	64.42
67.49	68.37	68.65	68.78	68.80	68.66	67.77	66.58	65.95	66.77	67.19	67.35	67.35	67.18	66.76	65.94	64.71	65.44	65.83	65.98	65.98	65.83	65.43	64.70	64.43	65.05	65.39	65.52	65.52	65.38	65.04	64.42
67.27	68.16	68.42	68.55	68.57	68.43	67.48	66.25	65.94	66.76	67.18	67.34	67.34	67.18	66.75	65.93	64.70	65.43	65.82	65.98	65.98	65.82	65.42	64.69	64.42	65.04	65.38	65.51	65.51	65.37	65.03	64.41
67.40	68.16	68.65	68.90	68.76	68.59	68.15	67.24	65.94	66.75	67.18	67.34	67.34	67.17	66.74	65.92	64.69	65.42	65.82	65.97	65.97	65.81	65.42	64.69	64.42	65.04	65.38	65.51	65.51	65.37	65.02	64.41
67.17	67.91	68.43	68.69	68.53	68.36	67.96	67.09	65.93	66.74	67.17	67.33	67.33	67.16	66.73	65.91	64.69	65.42	65.81	65.97	65.97	65.81	65.41	64.68	64.41	65.03	65.37	65.50	65.50	65.36	65.02	64.40
67.74	67.72	68.96	67.89	68.88	68.74	68.29	67.45	65.92	66.74	67.16	67.32	67.32	67.16	66.73	65.91	64.68	65.41	65.81	65.96	65.96	65.80	65.40	64.68	64.41	65.03	65.37	65.50	65.50	65.36	65.01	64.40
67.56	67.45	68.77	67.55	68.67	68.53	68.09	67.27	65.92	66.72	67.16	67.31	67.32	67.15	66.72	65.90	64.68	65.40	65.80	65.96	65.95	65.80	65.40	64.67	64.40	65.02	65.36	65.50	65.49	65.35	65.01	64.39
67.37	68.13	68.67	68.62	68.72	68.54	68.11	67.36	65.91	66.72	67.15	67.30	67.31	67.14	66.71	65.90	64.67	65.40	65.79	65.95	65.95	65.79	65.39	64.66	64.40	65.01	65.36	65.49	65.49	65.35	65.00	64.39
67.12	67.95	68.42	68.48	68.48	68.30	67.88	67.14	65.91	66.71	67.14	67.29	67.30	67.14	66.71	65.89	64.66	65.39	65.79	65.94	65.94	65.78	65.38	64.66	64.39	65.01	65.35	65.49	65.48	65.34	65.00	64.38
67.37	68.22	68.60	68.67	68.77	68.64	68.18	67.41	65.90	66.70	67.14	67.29	67.30	67.13	66.70	65.89	64.66	65.38	65.78	65.94	65.94	65.78	65.38	64.65	64.39	65.00	65.34	65.48	65.48	65.33	64.99	64.38
67.15	68.01	68.37	68.46	68.55	68.43	67.97	67.20	65.89	66.70	67.13	67.28	67.29	67.12	66.69	65.88	64.65	65.38	65.77	65.93	65.93	65.77	65.37	64.65	64.38	65.00	65.34	65.48	65.47	65.33	64.98	64.37
67.45	68.20	68.58	68.72	68.75	68.60	68.22	67.42	65.89	66.69	67.12	67.28	67.28	67.12	66.69	65.88	64.65	65.37	65.77	65.93	65.93	65.76	65.37	64.64	64.37	64.99	65.33	65.47	65.47	65.32	64.98	64.37
67.24	67.98	68.35	68.51	68.53	68.38	68.01	67.21	65.88	66.69	67.11	67.28	67.28	67.11	66.68	65.87	64.64	65.36	65.76	65.92	65.92	65.76	65.36	64.63	64.37	64.99	65.33	65.47	65.46	65.32	64.97	64.36
67.74	67.59	68.62	68.70	68.70	68.55	68.21	67.38	65.87	66.68	67.11	67.27	67.27	67.10	66.67	65.87	64.63	65.36	65.76	65.92	65.92	65.75	65.35	64.63	64.36	64.98	65.32	65.46	65.46	65.31	64.97	64.36
67.56	67.30	68.40	68.47	68.48	68.32	67.99	67.17	65.87	66.67	67.10	67.26	67.27	67.09	66.67	65.86	64.63	65.35	65.75	65.91	65.91	65.75	65.35	64.62	64.36	64.97	65.32	65.46	65.45	65.31	64.96	64.35
67.20	66.89	68.49	68.80	68.40	68.82	68.30	66.79	65.86	66.65	67.09	67.26	67.26	67.09	66.66	65.85	64.62	65.34	65.74	65.90	65.90	65.74	65.34	64.62	64.35	64.97	65.31	65.45	65.45	65.30	64.96	64.34
66.93	66.59	68.25	68.58	68.14	68.62	68.09	66.51	65.86	66.64	67.09	67.25	67.25	67.08	66.65	65.84	64.62	65.34	65.74	65.90	65.90	65.73	65.33	64.61	64.35	64.96	65.31	65.45	65.44	65.30	64.95	64.34
66.17	66.73	68.55	68.68	68.59	68.52	67.02	66.09	65.84	66.63	67.08	67.25	67.24	67.08	66.64	65.83	64.61	65.33	65.73	65.89	65.89	65.73	65.33	64.61	64.34	64.96	65.30	65.44	65.44	65.29	64.95	64.33
65.82	66.48	68.34	68.44	68.38	68.26	66.64	65.78	65.83	66.61	67.07	67.24	67.24	67.07	66.63	65.81	64.60	65.32	65.73	65.89	65.89	65.72	65.32	64.60	64.34	64.95	65.30	65.44	65.43	65.29	64.94	64.33
65.95	66.65	68.52	68.71	68.65	68.54	66.76	65.92	65.81	66.60	67.07	67.24	67.23	67.06	66.61	65.80	64.60	65.32	65.72	65.88	65.88	65.72	65.31	64.59	64.33	64.95	65.29	65.43	65.43	65.28	64.93	64.32
65.69	66.42	68.30	68.50	68.44	68.32	66.49	65.67	65.80	66.59	67.06	67.23	67.23	67.06	66.60	65.79	64.59	65.31	65.71	65.88	65.88	65.71	65.31	64.59	64.33	64.94	65.29	65.43	65.42	65.28	64.93	64.32
65.85	66.60	68.49	68.72	68.74	68.58	66.65	65.84	65.79	66.58	67.05	67.22	67.22	67.05	66.58	65.78	64.59	65.30	65.71	65.87	65.87	65.70	65.30	64.58	64.32	64.93	65.28	65.42	65.42	65.27	64.92	64.31
65.62	66.37	68.27	68.50	68.53	68.36	66.41	65.60	65.77	66.57	67.04	67.22	67.22	67.04	66.57	65.76	64.58	65.30	65.70	65.87	65.86	65.70	65.29	64.57	64.32	64.93	65.27	65.42	65.41	65.27	64.92	64.31
65.80	66.56	67.89	69.07	68.69	68.50	66.59	65.79	65.76	66.56	67.03	67.21	67.21	67.04	66.56	65.75	64.57	65.29	65.70	65.86	65.86	65.69	65.29	64.57	64.31	64.92	65.27	65.41	65.41	65.26	64.91	64.30
65.57	66.34	67.59	68.89	68.47	68.27	66.36	65.56	65.75	66.55	67.02	67.21	67.20	67.03	66.55	65.74	64.57	65.28	65.69	65.85	65.85	65.69	65.28	64.56	64.31	64.92	65.26	65.41	65.40	65.25	64.91	64.30
65.76	66.53	67.20	67.76	68.91	68.36	66.55	65.75	65.74	66.54	67.01	67.20	67.20	67.02	66.54	65.73	64.56	65.28	65.68	65.85	65.85	65.68	65.27	64.56	64.30	64.91	65.26	65.40	65.40	65.25	64.90	64.29
65.54	66.30	66.88	67.38	68.71	68.11	66.33	65.53	65.73	66.53	66.99	67.19	67.20	67.01	66.53	65.72	64.55	65.27	65.68	65.84	65.84	65.67	65.27	64.55	64.30	64.91	65.25	65.40	65.39	65.24	64.90	64.29
