pcb_C_0	321.9478
pcb_C_1	322.2441
pcb_C_2	322.4341
pcb_C_3	322.6302
pcb_C_4	322.8353
pcb_C_5	322.7388
pcb_C_6	322.4173
pcb_C_7	322.0509
pcb_C_8	321.8147
pcb_C_9	322.0769
pcb_C_10	322.2675
pcb_C_11	322.4375
pcb_C_12	322.5631
pcb_C_13	322.4844
pcb_C_14	322.2381
pcb_C_15	321.9265
pcb_C_16	321.6458
pcb_C_17	321.7775
pcb_C_18	321.9038
pcb_C_19	322.0092
pcb_C_20	322.0631
pcb_C_21	322.0157
pcb_C_22	321.8876
pcb_C_23	321.7427
pcb_C_24	321.5302
pcb_C_25	321.5582
pcb_C_26	321.6210
pcb_C_27	321.6771
pcb_C_28	321.7007
pcb_C_29	321.6766
pcb_C_30	321.6242
pcb_C_31	321.6036
solder_C_0	322.0402
solder_C_1	322.3092
solder_C_2	322.5083
solder_C_3	322.7661
solder_C_4	323.1695
solder_C_5	323.0130
solder_C_6	322.5114
solder_C_7	322.1495
solder_C_8	321.9264
solder_C_9	322.1654
solder_C_10	322.3607
solder_C_11	322.5481
solder_C_12	322.7144
solder_C_13	322.6216
solder_C_14	322.3354
solder_C_15	322.0414
solder_C_16	321.6488
solder_C_17	321.7479
solder_C_18	321.8783
solder_C_19	321.9883
solder_C_20	322.0452
solder_C_21	321.9935
solder_C_22	321.8587
solder_C_23	321.7469
solder_C_24	321.5022
solder_C_25	321.4971
solder_C_26	321.5650
solder_C_27	321.6251
solder_C_28	321.6491
solder_C_29	321.6213
solder_C_30	321.5637
solder_C_31	321.5766
sub_C_0	322.0518
sub_C_1	322.3220
sub_C_2	322.5237
sub_C_3	322.8026
sub_C_4	323.3275
sub_C_5	323.1330
sub_C_6	322.5257
sub_C_7	322.1617
sub_C_8	321.9624
sub_C_9	322.2064
sub_C_10	322.4037
sub_C_11	322.5914
sub_C_12	322.7591
sub_C_13	322.6648
sub_C_14	322.3752
sub_C_15	322.0773
sub_C_16	321.6119
sub_C_17	321.7235
sub_C_18	321.8578
sub_C_19	321.9686
sub_C_20	322.0248
sub_C_21	321.9720
sub_C_22	321.8338
sub_C_23	321.7096
sub_C_24	321.4570
sub_C_25	321.4676
sub_C_26	321.5404
sub_C_27	321.6022
sub_C_28	321.6262
sub_C_29	321.5969
sub_C_30	321.5345
sub_C_31	321.5310
layer_3_C_0	322.1395
layer_3_C_1	322.4429
layer_3_C_2	322.6625
layer_3_C_3	323.1374
layer_3_C_4	324.8919
layer_3_C_5	324.3131
layer_3_C_6	322.6446
layer_3_C_7	322.2518
layer_3_C_8	322.3126
layer_3_C_9	322.6226
layer_3_C_10	322.8401
layer_3_C_11	323.0243
layer_3_C_12	323.1838
layer_3_C_13	323.0819
layer_3_C_14	322.7785
layer_3_C_15	322.4244
layer_3_C_16	321.2383
layer_3_C_17	321.4731
layer_3_C_18	321.6451
layer_3_C_19	321.7631
layer_3_C_20	321.8126
layer_3_C_21	321.7487
layer_3_C_22	321.5772
layer_3_C_23	321.3308
layer_3_C_24	321.0240
layer_3_C_25	321.1782
layer_3_C_26	321.2975
layer_3_C_27	321.3744
layer_3_C_28	321.3982
layer_3_C_29	321.3545
layer_3_C_30	321.2462
layer_3_C_31	321.0940
layer_4_TB_0	322.0939
layer_4_TB_1	322.3975
layer_4_TB_2	322.6171
layer_4_TB_3	323.0752
layer_4_TB_4	324.7230
layer_4_TB_5	324.1767
layer_4_TB_6	322.5989
layer_4_TB_7	322.2063
layer_4_TB_8	322.2509
layer_4_TB_9	322.5611
layer_4_TB_10	322.7786
layer_4_TB_11	322.9627
layer_4_TB_12	323.1216
layer_4_TB_13	323.0198
layer_4_TB_14	322.7170
layer_4_TB_15	322.3627
layer_4_TB_16	321.2376
layer_4_TB_17	321.4725
layer_4_TB_18	321.6445
layer_4_TB_19	321.7626
layer_4_TB_20	321.8120
layer_4_TB_21	321.7481
layer_4_TB_22	321.5766
layer_4_TB_23	321.3300
layer_4_TB_24	321.0235
layer_4_TB_25	321.1779
layer_4_TB_26	321.2972
layer_4_TB_27	321.3741
layer_4_TB_28	321.3979
layer_4_TB_29	321.3542
layer_4_TB_30	321.2459
layer_4_TB_31	321.0935
hsp_TB_0	321.6389
hsp_TB_1	321.9435
hsp_TB_2	322.1624
hsp_TB_3	322.4524
hsp_TB_4	323.0340
hsp_TB_5	322.8131
hsp_TB_6	322.1420
hsp_TB_7	321.7510
hsp_TB_8	321.6348
hsp_TB_9	321.9464
hsp_TB_10	322.1638
hsp_TB_11	322.3467
hsp_TB_12	322.4994
hsp_TB_13	322.3995
hsp_TB_14	322.1018
hsp_TB_15	321.7464
hsp_TB_16	321.2296
hsp_TB_17	321.4664
hsp_TB_18	321.6388
hsp_TB_19	321.7569
hsp_TB_20	321.8063
hsp_TB_21	321.7423
hsp_TB_22	321.5704
hsp_TB_23	321.3219
hsp_TB_24	321.0184
hsp_TB_25	321.1744
hsp_TB_26	321.2941
hsp_TB_27	321.3711
hsp_TB_28	321.3949
hsp_TB_29	321.3511
hsp_TB_30	321.2424
hsp_TB_31	321.0883
hsink_TB_0	321.4468
hsink_TB_1	321.7427
hsink_TB_2	321.9562
hsink_TB_3	322.1683
hsink_TB_4	322.3931
hsink_TB_5	322.2791
hsink_TB_6	321.9208
hsink_TB_7	321.5575
hsink_TB_8	321.4064
hsink_TB_9	321.7088
hsink_TB_10	321.9245
hsink_TB_11	322.0973
hsink_TB_12	322.2130
hsink_TB_13	322.1240
hsink_TB_14	321.8602
hsink_TB_15	321.5175
hsink_TB_16	321.2007
hsink_TB_17	321.4362
hsink_TB_18	321.6085
hsink_TB_19	321.7261
hsink_TB_20	321.7742
hsink_TB_21	321.7106
hsink_TB_22	321.5399
hsink_TB_23	321.2929
hsink_TB_24	321.0134
hsink_TB_25	321.1698
hsink_TB_26	321.2896
hsink_TB_27	321.3666
hsink_TB_28	321.3903
hsink_TB_29	321.3465
hsink_TB_30	321.2377
hsink_TB_31	321.0831
inode_0	320.7743
inode_1	320.8547
inode_2	320.6241
inode_3	321.2604
inode_4	320.7686
inode_5	320.8489
inode_6	320.6211
inode_7	321.2552
inode_8	320.5329
inode_9	320.6059
inode_10	320.3368
inode_11	320.8980
inode_12	321.7508
inode_13	321.8491
inode_14	321.4609
inode_15	322.4338
inode_16	321.7502
inode_17	321.8484
inode_18	321.4608
inode_19	322.4335
inode_20	321.5347
inode_21	321.6261
inode_22	321.4380
inode_23	322.3872
inode_24	320.7445
inode_25	320.8144
inode_26	320.5039
inode_27	321.1834
