pcb_LC_0	347.9324
pcb_LC_1	349.0023
pcb_LC_2	349.4701
pcb_LC_3	349.6562
pcb_LC_4	349.6562
pcb_LC_5	349.4701
pcb_LC_6	349.0022
pcb_LC_7	347.9322
pcb_LC_8	347.9132
pcb_LC_9	349.1807
pcb_LC_10	349.7805
pcb_LC_11	350.0260
pcb_LC_12	350.0260
pcb_LC_13	349.7805
pcb_LC_14	349.1806
pcb_LC_15	347.9130
pcb_LC_16	347.9132
pcb_LC_17	349.1806
pcb_LC_18	349.7804
pcb_LC_19	350.0259
pcb_LC_20	350.0259
pcb_LC_21	349.7804
pcb_LC_22	349.1805
pcb_LC_23	347.9129
pcb_LC_24	347.9323
pcb_LC_25	349.0021
pcb_LC_26	349.4699
pcb_LC_27	349.6560
pcb_LC_28	349.6560
pcb_LC_29	349.4699
pcb_LC_30	349.0020
pcb_LC_31	347.9321
solder_LC_0	349.7953
solder_LC_1	350.1536
solder_LC_2	350.4202
solder_LC_3	350.5571
solder_LC_4	350.5574
solder_LC_5	350.4203
solder_LC_6	350.1534
solder_LC_7	349.7947
solder_LC_8	349.9070
solder_LC_9	350.3823
solder_LC_10	350.7291
solder_LC_11	350.9068
solder_LC_12	350.9070
solder_LC_13	350.7292
solder_LC_14	350.3820
solder_LC_15	349.9064
solder_LC_16	349.9068
solder_LC_17	350.3821
solder_LC_18	350.7290
solder_LC_19	350.9066
solder_LC_20	350.9069
solder_LC_21	350.7291
solder_LC_22	350.3820
solder_LC_23	349.9064
solder_LC_24	349.7949
solder_LC_25	350.1533
solder_LC_26	350.4198
solder_LC_27	350.5566
solder_LC_28	350.5569
solder_LC_29	350.4200
solder_LC_30	350.1533
solder_LC_31	349.7947
sub_LC_0	349.9965
sub_LC_1	350.3705
sub_LC_2	350.6593
sub_LC_3	350.8086
sub_LC_4	350.8093
sub_LC_5	350.6595
sub_LC_6	350.3702
sub_LC_7	349.9958
sub_LC_8	350.1144
sub_LC_9	350.5914
sub_LC_10	350.9534
sub_LC_11	351.1401
sub_LC_12	351.1404
sub_LC_13	350.9535
sub_LC_14	350.5910
sub_LC_15	350.1133
sub_LC_16	350.1139
sub_LC_17	350.5911
sub_LC_18	350.9532
sub_LC_19	351.1398
sub_LC_20	351.1405
sub_LC_21	350.9535
sub_LC_22	350.5910
sub_LC_23	350.1134
sub_LC_24	349.9960
sub_LC_25	350.3701
sub_LC_26	350.6589
sub_LC_27	350.8079
sub_LC_28	350.8085
sub_LC_29	350.6592
sub_LC_30	350.3701
sub_LC_31	349.9958
layer_3_LC_0	351.7432
layer_3_LC_1	352.3487
layer_3_LC_2	352.8567
layer_3_LC_3	353.1207
layer_3_LC_4	353.1262
layer_3_LC_5	352.8579
layer_3_LC_6	352.3481
layer_3_LC_7	351.7405
layer_3_LC_8	351.9156
layer_3_LC_9	352.5617
layer_3_LC_10	353.1047
layer_3_LC_11	353.3887
layer_3_LC_12	353.3893
layer_3_LC_13	353.1051
layer_3_LC_14	352.5607
layer_3_LC_15	351.9100
layer_3_LC_16	351.9116
layer_3_LC_17	352.5609
layer_3_LC_18	353.1042
layer_3_LC_19	353.3877
layer_3_LC_20	353.3923
layer_3_LC_21	353.1053
layer_3_LC_22	352.5609
layer_3_LC_23	351.9110
layer_3_LC_24	351.7408
layer_3_LC_25	352.3477
layer_3_LC_26	352.8557
layer_3_LC_27	353.1181
layer_3_LC_28	353.1217
layer_3_LC_29	352.8570
layer_3_LC_30	352.3481
layer_3_LC_31	351.7412
layer_4_TB_0	351.6522
layer_4_TB_1	352.2579
layer_4_TB_2	352.7656
layer_4_TB_3	353.0295
layer_4_TB_4	353.0351
layer_4_TB_5	352.7669
layer_4_TB_6	352.2573
layer_4_TB_7	351.6495
layer_4_TB_8	351.8248
layer_4_TB_9	352.4711
layer_4_TB_10	353.0138
layer_4_TB_11	353.2977
layer_4_TB_12	353.2983
layer_4_TB_13	353.0143
layer_4_TB_14	352.4701
layer_4_TB_15	351.8192
layer_4_TB_16	351.8208
layer_4_TB_17	352.4703
layer_4_TB_18	353.0134
layer_4_TB_19	353.2968
layer_4_TB_20	353.3013
layer_4_TB_21	353.0145
layer_4_TB_22	352.4703
layer_4_TB_23	351.8202
layer_4_TB_24	351.6498
layer_4_TB_25	352.2569
layer_4_TB_26	352.7647
layer_4_TB_27	353.0269
layer_4_TB_28	353.0305
layer_4_TB_29	352.7660
layer_4_TB_30	352.2573
layer_4_TB_31	351.6501
layer_5_B_0	350.7419
layer_5_B_1	351.3495
layer_5_B_2	351.8552
layer_5_B_3	352.1174
layer_5_B_4	352.1232
layer_5_B_5	351.8564
layer_5_B_6	351.3489
layer_5_B_7	350.7392
layer_5_B_8	350.9166
layer_5_B_9	351.5650
layer_5_B_10	352.1057
layer_5_B_11	352.3880
layer_5_B_12	352.3884
layer_5_B_13	352.1061
layer_5_B_14	351.5640
layer_5_B_15	350.9108
layer_5_B_16	350.9124
layer_5_B_17	351.5642
layer_5_B_18	352.1052
layer_5_B_19	352.3870
layer_5_B_20	352.3917
layer_5_B_21	352.1064
layer_5_B_22	351.5642
layer_5_B_23	350.9119
layer_5_B_24	350.7394
layer_5_B_25	351.3486
layer_5_B_26	351.8543
layer_5_B_27	352.1148
layer_5_B_28	352.1184
layer_5_B_29	351.8556
layer_5_B_30	351.3490
layer_5_B_31	350.7398
layer_6_TB_0	350.6138
layer_6_TB_1	351.2220
layer_6_TB_2	351.7273
layer_6_TB_3	351.9892
layer_6_TB_4	351.9950
layer_6_TB_5	351.7285
layer_6_TB_6	351.2214
layer_6_TB_7	350.6111
layer_6_TB_8	350.7890
layer_6_TB_9	351.4380
layer_6_TB_10	351.9784
layer_6_TB_11	352.2605
layer_6_TB_12	352.2609
layer_6_TB_13	351.9788
layer_6_TB_14	351.4370
layer_6_TB_15	350.7832
layer_6_TB_16	350.7848
layer_6_TB_17	351.4372
layer_6_TB_18	351.9779
layer_6_TB_19	352.2595
layer_6_TB_20	352.2643
layer_6_TB_21	351.9791
layer_6_TB_22	351.4372
layer_6_TB_23	350.7843
layer_6_TB_24	350.6114
layer_6_TB_25	351.2210
layer_6_TB_26	351.7264
layer_6_TB_27	351.9866
layer_6_TB_28	351.9902
layer_6_TB_29	351.7277
layer_6_TB_30	351.2214
layer_6_TB_31	350.6118
layer_7_B_32	349.3330
layer_7_B_33	349.9463
layer_7_B_34	350.4482
layer_7_B_35	350.7071
layer_7_B_36	350.7133
layer_7_B_37	350.4493
layer_7_B_38	349.9457
layer_7_B_39	349.3304
layer_7_B_40	349.5128
layer_7_B_41	350.1680
layer_7_B_42	350.7057
layer_7_B_43	350.9853
layer_7_B_44	350.9855
layer_7_B_45	350.7061
layer_7_B_46	350.1671
layer_7_B_47	349.5068
layer_7_B_48	349.5083
layer_7_B_49	350.1672
layer_7_B_50	350.7052
layer_7_B_51	350.9842
layer_7_B_52	350.9894
layer_7_B_53	350.7063
layer_7_B_54	350.1672
layer_7_B_55	349.5079
layer_7_B_56	349.3306
layer_7_B_57	349.9453
layer_7_B_58	350.4473
layer_7_B_59	350.7045
layer_7_B_60	350.7082
layer_7_B_61	350.4485
layer_7_B_62	349.9457
layer_7_B_63	349.3310
layer_8_TB_0	349.1685
layer_8_TB_1	349.7826
layer_8_TB_2	350.2840
layer_8_TB_3	350.5425
layer_8_TB_4	350.5488
layer_8_TB_5	350.2852
layer_8_TB_6	349.7820
layer_8_TB_7	349.1659
layer_8_TB_8	349.3491
layer_8_TB_9	350.0053
layer_8_TB_10	350.5425
layer_8_TB_11	350.8219
layer_8_TB_12	350.8220
layer_8_TB_13	350.5430
layer_8_TB_14	350.0043
layer_8_TB_15	349.3429
layer_8_TB_16	349.3445
layer_8_TB_17	350.0045
layer_8_TB_18	350.5421
layer_8_TB_19	350.8208
layer_8_TB_20	350.8260
layer_8_TB_21	350.5432
layer_8_TB_22	350.0045
layer_8_TB_23	349.3441
layer_8_TB_24	349.1661
layer_8_TB_25	349.7817
layer_8_TB_26	350.2831
layer_8_TB_27	350.5400
layer_8_TB_28	350.5437
layer_8_TB_29	350.2843
layer_8_TB_30	349.7820
layer_8_TB_31	349.1665
layer_9_B_64	347.5233
layer_9_B_65	348.1457
layer_9_B_66	348.6423
layer_9_B_67	348.8966
layer_9_B_68	348.9035
layer_9_B_69	348.6434
layer_9_B_70	348.1452
layer_9_B_71	347.5208
layer_9_B_72	347.7112
layer_9_B_73	348.3778
layer_9_B_74	348.9115
layer_9_B_75	349.1876
layer_9_B_76	349.1873
layer_9_B_77	348.9119
layer_9_B_78	348.3769
layer_9_B_79	347.7047
layer_9_B_80	347.7061
layer_9_B_81	348.3770
layer_9_B_82	348.9110
layer_9_B_83	349.1864
layer_9_B_84	349.1922
layer_9_B_85	348.9121
layer_9_B_86	348.3771
layer_9_B_87	347.7060
layer_9_B_88	347.5210
layer_9_B_89	348.1449
layer_9_B_90	348.6414
layer_9_B_91	348.8940
layer_9_B_92	348.8979
layer_9_B_93	348.6426
layer_9_B_94	348.1452
layer_9_B_95	347.5215
layer_10_TB_0	347.3232
layer_10_TB_1	347.9467
layer_10_TB_2	348.4426
layer_10_TB_3	348.6964
layer_10_TB_4	348.7032
layer_10_TB_5	348.4438
layer_10_TB_6	347.9462
layer_10_TB_7	347.3207
layer_10_TB_8	347.5120
layer_10_TB_9	348.1801
layer_10_TB_10	348.7133
layer_10_TB_11	348.9891
layer_10_TB_12	348.9887
layer_10_TB_13	348.7137
layer_10_TB_14	348.1792
layer_10_TB_15	347.5054
layer_10_TB_16	347.5069
layer_10_TB_17	348.1793
layer_10_TB_18	348.7129
layer_10_TB_19	348.9878
layer_10_TB_20	348.9935
layer_10_TB_21	348.7139
layer_10_TB_22	348.1794
layer_10_TB_23	347.5067
layer_10_TB_24	347.3209
layer_10_TB_25	347.9459
layer_10_TB_26	348.4418
layer_10_TB_27	348.6938
layer_10_TB_28	348.6977
layer_10_TB_29	348.4430
layer_10_TB_30	347.9462
layer_10_TB_31	347.3213
layer_11_B_96	345.3214
layer_11_B_97	345.9567
layer_11_B_98	346.4462
layer_11_B_99	346.6944
layer_11_B_100	346.7003
layer_11_B_101	346.4472
layer_11_B_102	345.9562
layer_11_B_103	345.3191
layer_11_B_104	345.5203
layer_11_B_105	346.2032
layer_11_B_106	346.7319
layer_11_B_107	347.0037
layer_11_B_108	347.0026
layer_11_B_109	346.7323
layer_11_B_110	346.2023
layer_11_B_111	345.5130
layer_11_B_112	345.5144
layer_11_B_113	346.2025
layer_11_B_114	346.7315
layer_11_B_115	347.0022
layer_11_B_116	347.0070
layer_11_B_117	346.7325
layer_11_B_118	346.2025
layer_11_B_119	345.5146
layer_11_B_120	345.3193
layer_11_B_121	345.9559
layer_11_B_122	346.4454
layer_11_B_123	346.6919
layer_11_B_124	346.6959
layer_11_B_125	346.4465
layer_11_B_126	345.9562
layer_11_B_127	345.3197
layer_12_TB_0	345.0865
layer_12_TB_1	345.7233
layer_12_TB_2	346.2120
layer_12_TB_3	346.4595
layer_12_TB_4	346.4654
layer_12_TB_5	346.2130
layer_12_TB_6	345.7228
layer_12_TB_7	345.0842
layer_12_TB_8	345.2865
layer_12_TB_9	345.9715
layer_12_TB_10	346.4997
layer_12_TB_11	346.7708
layer_12_TB_12	346.7698
layer_12_TB_13	346.5001
layer_12_TB_14	345.9706
layer_12_TB_15	345.2793
layer_12_TB_16	345.2807
layer_12_TB_17	345.9708
layer_12_TB_18	346.4993
layer_12_TB_19	346.7693
layer_12_TB_20	346.7741
layer_12_TB_21	346.5003
layer_12_TB_22	345.9708
layer_12_TB_23	345.2809
layer_12_TB_24	345.0844
layer_12_TB_25	345.7225
layer_12_TB_26	346.2112
layer_12_TB_27	346.4570
layer_12_TB_28	346.4610
layer_12_TB_29	346.2123
layer_12_TB_30	345.7229
layer_12_TB_31	345.0848
layer_13_B_128	342.7373
layer_13_B_129	343.3895
layer_13_B_130	343.8702
layer_13_B_131	344.1109
layer_13_B_132	344.1161
layer_13_B_133	343.8711
layer_13_B_134	343.3891
layer_13_B_135	342.7353
layer_13_B_136	342.9485
layer_13_B_137	343.6548
layer_13_B_138	344.1776
layer_13_B_139	344.4422
layer_13_B_140	344.4420
layer_13_B_141	344.1779
layer_13_B_142	343.6540
layer_13_B_143	342.9422
layer_13_B_144	342.9434
layer_13_B_145	343.6541
layer_13_B_146	344.1772
layer_13_B_147	344.4404
layer_13_B_148	344.4445
layer_13_B_149	344.1780
layer_13_B_150	343.6542
layer_13_B_151	342.9440
layer_13_B_152	342.7355
layer_13_B_153	343.3888
layer_13_B_154	343.8695
layer_13_B_155	344.1083
layer_13_B_156	344.1126
layer_13_B_157	343.8705
layer_13_B_158	343.3891
layer_13_B_159	342.7359
layer_14_TB_0	342.4688
layer_14_TB_1	343.1229
layer_14_TB_2	343.6026
layer_14_TB_3	343.8424
layer_14_TB_4	343.8476
layer_14_TB_5	343.6034
layer_14_TB_6	343.1225
layer_14_TB_7	342.4668
layer_14_TB_8	342.6813
layer_14_TB_9	343.3902
layer_14_TB_10	343.9124
layer_14_TB_11	344.1762
layer_14_TB_12	344.1761
layer_14_TB_13	343.9127
layer_14_TB_14	343.3895
layer_14_TB_15	342.6751
layer_14_TB_16	342.6763
layer_14_TB_17	343.3896
layer_14_TB_18	343.9120
layer_14_TB_19	344.1744
layer_14_TB_20	344.1785
layer_14_TB_21	343.9128
layer_14_TB_22	343.3897
layer_14_TB_23	342.6769
layer_14_TB_24	342.4669
layer_14_TB_25	343.1222
layer_14_TB_26	343.6018
layer_14_TB_27	343.8399
layer_14_TB_28	343.8442
layer_14_TB_29	343.6028
layer_14_TB_30	343.1225
layer_14_TB_31	342.4673
layer_15_B_160	339.7829
layer_15_B_161	340.4564
layer_15_B_162	340.9262
layer_15_B_163	341.1579
layer_15_B_164	341.1626
layer_15_B_165	340.9269
layer_15_B_166	340.4560
layer_15_B_167	339.7813
layer_15_B_168	340.0095
layer_15_B_169	340.7450
layer_15_B_170	341.2605
layer_15_B_171	341.5171
layer_15_B_172	341.5177
layer_15_B_173	341.2608
layer_15_B_174	340.7444
layer_15_B_175	340.0040
layer_15_B_176	340.0050
layer_15_B_177	340.7444
layer_15_B_178	341.2602
layer_15_B_179	341.5149
layer_15_B_180	341.5185
layer_15_B_181	341.2609
layer_15_B_182	340.7445
layer_15_B_183	340.0062
layer_15_B_184	339.7814
layer_15_B_185	340.4558
layer_15_B_186	340.9255
layer_15_B_187	341.1554
layer_15_B_188	341.1600
layer_15_B_189	340.9264
layer_15_B_190	340.4561
layer_15_B_191	339.7818
layer_16_TB_0	339.4819
layer_16_TB_1	340.1577
layer_16_TB_2	340.6263
layer_16_TB_3	340.8570
layer_16_TB_4	340.8618
layer_16_TB_5	340.6270
layer_16_TB_6	340.1574
layer_16_TB_7	339.4803
layer_16_TB_8	339.7101
layer_16_TB_9	340.4488
layer_16_TB_10	340.9636
layer_16_TB_11	341.2194
layer_16_TB_12	341.2200
layer_16_TB_13	340.9639
layer_16_TB_14	340.4482
layer_16_TB_15	339.7047
layer_16_TB_16	339.7056
layer_16_TB_17	340.4483
layer_16_TB_18	340.9633
layer_16_TB_19	341.2171
layer_16_TB_20	341.2206
layer_16_TB_21	340.9640
layer_16_TB_22	340.4484
layer_16_TB_23	339.7069
layer_16_TB_24	339.4804
layer_16_TB_25	340.1571
layer_16_TB_26	340.6257
layer_16_TB_27	340.8545
layer_16_TB_28	340.8592
layer_16_TB_29	340.6265
layer_16_TB_30	340.1574
layer_16_TB_31	339.4807
layer_17_B_192	336.4713
layer_17_B_193	337.1708
layer_17_B_194	337.6274
layer_17_B_195	337.8487
layer_17_B_196	337.8532
layer_17_B_197	337.6280
layer_17_B_198	337.1705
layer_17_B_199	336.4701
layer_17_B_200	336.7166
layer_17_B_201	337.4876
layer_17_B_202	337.9944
layer_17_B_203	338.2421
layer_17_B_204	338.2433
layer_17_B_205	337.9947
layer_17_B_206	337.4872
layer_17_B_207	336.7117
layer_17_B_208	336.7124
layer_17_B_209	337.4872
layer_17_B_210	337.9942
layer_17_B_211	338.2394
layer_17_B_212	338.2425
layer_17_B_213	337.9947
layer_17_B_214	337.4873
layer_17_B_215	336.7143
layer_17_B_216	336.4702
layer_17_B_217	337.1703
layer_17_B_218	337.6269
layer_17_B_219	337.8462
layer_17_B_220	337.8513
layer_17_B_221	337.6276
layer_17_B_222	337.1705
layer_17_B_223	336.4705
layer_18_TB_0	336.1391
layer_18_TB_1	336.8414
layer_18_TB_2	337.2966
layer_18_TB_3	337.5168
layer_18_TB_4	337.5211
layer_18_TB_5	337.2971
layer_18_TB_6	336.8411
layer_18_TB_7	336.1379
layer_18_TB_8	336.3862
layer_18_TB_9	337.1613
layer_18_TB_10	337.6671
layer_18_TB_11	337.9138
layer_18_TB_12	337.9150
layer_18_TB_13	337.6674
layer_18_TB_14	337.1608
layer_18_TB_15	336.3815
layer_18_TB_16	336.3822
layer_18_TB_17	337.1609
layer_18_TB_18	337.6669
layer_18_TB_19	337.9112
layer_18_TB_20	337.9143
layer_18_TB_21	337.6674
layer_18_TB_22	337.1610
layer_18_TB_23	336.3841
layer_18_TB_24	336.1380
layer_18_TB_25	336.8409
layer_18_TB_26	337.2961
layer_18_TB_27	337.5143
layer_18_TB_28	337.5193
layer_18_TB_29	337.2968
layer_18_TB_30	336.8412
layer_18_TB_31	336.1383
layer_19_B_224	332.8169
layer_19_B_225	333.5476
layer_19_B_226	333.9884
layer_19_B_227	334.1979
layer_19_B_228	334.2003
layer_19_B_229	333.9888
layer_19_B_230	333.5474
layer_19_B_231	332.8161
layer_19_B_232	333.0823
layer_19_B_233	333.8979
layer_19_B_234	334.3942
layer_19_B_235	334.6303
layer_19_B_236	334.6320
layer_19_B_237	334.3945
layer_19_B_238	333.8977
layer_19_B_239	333.0797
layer_19_B_240	333.0801
layer_19_B_241	333.8977
layer_19_B_242	334.3940
layer_19_B_243	334.6288
layer_19_B_244	334.6315
layer_19_B_245	334.3944
layer_19_B_246	333.8977
layer_19_B_247	333.0811
layer_19_B_248	332.8162
layer_19_B_249	333.5473
layer_19_B_250	333.9880
layer_19_B_251	334.1954
layer_19_B_252	334.1992
layer_19_B_253	333.9885
layer_19_B_254	333.5474
layer_19_B_255	332.8164
layer_20_TB_0	332.4549
layer_20_TB_1	333.1890
layer_20_TB_2	333.6281
layer_20_TB_3	333.8362
layer_20_TB_4	333.8384
layer_20_TB_5	333.6284
layer_20_TB_6	333.1888
layer_20_TB_7	332.4542
layer_20_TB_8	332.7224
layer_20_TB_9	333.5429
layer_20_TB_10	334.0380
layer_20_TB_11	334.2729
layer_20_TB_12	334.2745
layer_20_TB_13	334.0382
layer_20_TB_14	333.5426
layer_20_TB_15	332.7200
layer_20_TB_16	332.7204
layer_20_TB_17	333.5426
layer_20_TB_18	334.0378
layer_20_TB_19	334.2715
layer_20_TB_20	334.2741
layer_20_TB_21	334.0382
layer_20_TB_22	333.5427
layer_20_TB_23	332.7213
layer_20_TB_24	332.4542
layer_20_TB_25	333.1886
layer_20_TB_26	333.6277
layer_20_TB_27	333.8339
layer_20_TB_28	333.8374
layer_20_TB_29	333.6282
layer_20_TB_30	333.1888
layer_20_TB_31	332.4544
hsp_TB_0	328.8351
hsp_TB_1	329.6028
hsp_TB_2	330.0249
hsp_TB_3	330.2192
hsp_TB_4	330.2196
hsp_TB_5	330.0250
hsp_TB_6	329.6027
hsp_TB_7	328.8348
hsp_TB_8	329.1239
hsp_TB_9	329.9923
hsp_TB_10	330.4759
hsp_TB_11	330.6993
hsp_TB_12	330.6997
hsp_TB_13	330.4761
hsp_TB_14	329.9922
hsp_TB_15	329.1234
hsp_TB_16	329.1235
hsp_TB_17	329.9922
hsp_TB_18	330.4758
hsp_TB_19	330.6990
hsp_TB_20	330.6996
hsp_TB_21	330.4760
hsp_TB_22	329.9922
hsp_TB_23	329.1236
hsp_TB_24	328.8348
hsp_TB_25	329.6026
hsp_TB_26	330.0246
hsp_TB_27	330.2186
hsp_TB_28	330.2193
hsp_TB_29	330.0249
hsp_TB_30	329.6027
hsp_TB_31	328.8349
hsink_TB_0	327.5104
hsink_TB_1	328.1650
hsink_TB_2	328.5608
hsink_TB_3	328.7467
hsink_TB_4	328.7468
hsink_TB_5	328.5608
hsink_TB_6	328.1650
hsink_TB_7	327.5103
hsink_TB_8	327.7295
hsink_TB_9	328.4776
hsink_TB_10	328.9338
hsink_TB_11	329.1487
hsink_TB_12	329.1488
hsink_TB_13	328.9338
hsink_TB_14	328.4775
hsink_TB_15	327.7294
hsink_TB_16	327.7295
hsink_TB_17	328.4775
hsink_TB_18	328.9337
hsink_TB_19	329.1487
hsink_TB_20	329.1488
hsink_TB_21	328.9338
hsink_TB_22	328.4775
hsink_TB_23	327.7295
hsink_TB_24	327.5103
hsink_TB_25	328.1649
hsink_TB_26	328.5607
hsink_TB_27	328.7466
hsink_TB_28	328.7467
hsink_TB_29	328.5608
hsink_TB_30	328.1650
hsink_TB_31	327.5103
inode_0	325.6188
inode_1	325.6188
inode_2	326.1186
inode_3	326.1187
inode_4	325.5853
inode_5	325.5852
inode_6	326.0913
inode_7	326.0914
inode_8	324.5420
inode_9	324.5419
inode_10	324.8325
inode_11	324.8326
inode_12	349.6224
inode_13	349.6219
inode_14	349.3450
inode_15	349.3453
inode_16	349.6040
inode_17	349.6036
inode_18	349.3397
inode_19	349.3400
inode_20	346.2598
inode_21	346.2596
inode_22	348.4059
inode_23	348.4062
inode_24	336.9031
inode_25	336.9030
inode_26	337.1363
inode_27	337.1365
