pcb_C_0	329.7237
pcb_C_1	330.5716
pcb_C_2	330.9499
pcb_C_3	331.1051
pcb_C_4	331.1054
pcb_C_5	330.9504
pcb_C_6	330.5723
pcb_C_7	329.7243
pcb_C_8	329.3558
pcb_C_9	330.0918
pcb_C_10	330.4796
pcb_C_11	330.6538
pcb_C_12	330.6541
pcb_C_13	330.4801
pcb_C_14	330.0924
pcb_C_15	329.3563
pcb_C_16	328.7889
pcb_C_17	329.1086
pcb_C_18	329.3544
pcb_C_19	329.4863
pcb_C_20	329.4865
pcb_C_21	329.3548
pcb_C_22	329.1090
pcb_C_23	328.7893
pcb_C_24	328.3763
pcb_C_25	328.3767
pcb_C_26	328.4802
pcb_C_27	328.5549
pcb_C_28	328.5549
pcb_C_29	328.4804
pcb_C_30	328.3770
pcb_C_31	328.3766
solder_C_0	330.1626
solder_C_1	330.9480
solder_C_2	331.3318
solder_C_3	331.4944
solder_C_4	331.4949
solder_C_5	331.3324
solder_C_6	330.9489
solder_C_7	330.1635
solder_C_8	329.7623
solder_C_9	330.4337
solder_C_10	330.8291
solder_C_11	331.0116
solder_C_12	331.0121
solder_C_13	330.8298
solder_C_14	330.4344
solder_C_15	329.7629
solder_C_16	328.8152
solder_C_17	329.0323
solder_C_18	329.2905
solder_C_19	329.4332
solder_C_20	329.4334
solder_C_21	329.2910
solder_C_22	329.0328
solder_C_23	328.8157
solder_C_24	328.2996
solder_C_25	328.1951
solder_C_26	328.3134
solder_C_27	328.3997
solder_C_28	328.3998
solder_C_29	328.3136
solder_C_30	328.1954
solder_C_31	328.3000
sub_C_0	330.2803
sub_C_1	331.0678
sub_C_2	331.4584
sub_C_3	331.6243
sub_C_4	331.6249
sub_C_5	331.4590
sub_C_6	331.0688
sub_C_7	330.2814
sub_C_8	329.8890
sub_C_9	330.5744
sub_C_10	330.9774
sub_C_11	331.1628
sub_C_12	331.1634
sub_C_13	330.9781
sub_C_14	330.5752
sub_C_15	329.8894
sub_C_16	328.7014
sub_C_17	328.9579
sub_C_18	329.2287
sub_C_19	329.3754
sub_C_20	329.3756
sub_C_21	329.2291
sub_C_22	328.9583
sub_C_23	328.7018
sub_C_24	328.1605
sub_C_25	328.1064
sub_C_26	328.2397
sub_C_27	328.3308
sub_C_28	328.3309
sub_C_29	328.2399
sub_C_30	328.1067
sub_C_31	328.1609
layer_3_C_0	331.3433
layer_3_C_1	332.2205
layer_3_C_2	332.6688
layer_3_C_3	332.8627
layer_3_C_4	332.8645
layer_3_C_5	332.6695
layer_3_C_6	332.2226
layer_3_C_7	331.3461
layer_3_C_8	331.1064
layer_3_C_9	331.9868
layer_3_C_10	332.4642
layer_3_C_11	332.6782
layer_3_C_12	332.6801
layer_3_C_13	332.4657
layer_3_C_14	331.9880
layer_3_C_15	331.1061
layer_3_C_16	327.5461
layer_3_C_17	328.1878
layer_3_C_18	328.5823
layer_3_C_19	328.7681
layer_3_C_20	328.7684
layer_3_C_21	328.5827
layer_3_C_22	328.1883
layer_3_C_23	327.5465
layer_3_C_24	326.8309
layer_3_C_25	327.2331
layer_3_C_26	327.5099
layer_3_C_27	327.6467
layer_3_C_28	327.6468
layer_3_C_29	327.5102
layer_3_C_30	327.2334
layer_3_C_31	326.8312
layer_4_TB_0	331.1411
layer_4_TB_1	332.0184
layer_4_TB_2	332.4665
layer_4_TB_3	332.6603
layer_4_TB_4	332.6620
layer_4_TB_5	332.4671
layer_4_TB_6	332.0203
layer_4_TB_7	331.1437
layer_4_TB_8	330.9055
layer_4_TB_9	331.7862
layer_4_TB_10	332.2636
layer_4_TB_11	332.4776
layer_4_TB_12	332.4793
layer_4_TB_13	332.2650
layer_4_TB_14	331.7874
layer_4_TB_15	330.9053
layer_4_TB_16	327.5437
layer_4_TB_17	328.1859
layer_4_TB_18	328.5805
layer_4_TB_19	328.7664
layer_4_TB_20	328.7666
layer_4_TB_21	328.5809
layer_4_TB_22	328.1863
layer_4_TB_23	327.5440
layer_4_TB_24	326.8293
layer_4_TB_25	327.2321
layer_4_TB_26	327.5090
layer_4_TB_27	327.6458
layer_4_TB_28	327.6459
layer_4_TB_29	327.5092
layer_4_TB_30	327.2324
layer_4_TB_31	326.8297
hsp_TB_0	329.1188
hsp_TB_1	329.9969
hsp_TB_2	330.4433
hsp_TB_3	330.6364
hsp_TB_4	330.6371
hsp_TB_5	330.4438
hsp_TB_6	329.9980
hsp_TB_7	329.1200
hsp_TB_8	328.8973
hsp_TB_9	329.7804
hsp_TB_10	330.2576
hsp_TB_11	330.4710
hsp_TB_12	330.4717
hsp_TB_13	330.2584
hsp_TB_14	329.7812
hsp_TB_15	328.8977
hsp_TB_16	327.5186
hsp_TB_17	328.1665
hsp_TB_18	328.5624
hsp_TB_19	328.7486
hsp_TB_20	328.7488
hsp_TB_21	328.5628
hsp_TB_22	328.1670
hsp_TB_23	327.5189
hsp_TB_24	326.8137
hsp_TB_25	327.2217
hsp_TB_26	327.4998
hsp_TB_27	327.6369
hsp_TB_28	327.6370
hsp_TB_29	327.5000
hsp_TB_30	327.2219
hsp_TB_31	326.8140
hsink_TB_0	328.2967
hsink_TB_1	329.1384
hsink_TB_2	329.5816
hsink_TB_3	329.7742
hsink_TB_4	329.7745
hsink_TB_5	329.5821
hsink_TB_6	329.1391
hsink_TB_7	328.2975
hsink_TB_8	328.1325
hsink_TB_9	328.9837
hsink_TB_10	329.4586
hsink_TB_11	329.6715
hsink_TB_12	329.6719
hsink_TB_13	329.4591
hsink_TB_14	328.9843
hsink_TB_15	328.1330
hsink_TB_16	327.4244
hsink_TB_17	328.0682
hsink_TB_18	328.4638
hsink_TB_19	328.6501
hsink_TB_20	328.6502
hsink_TB_21	328.4642
hsink_TB_22	328.0686
hsink_TB_23	327.4248
hsink_TB_24	326.7981
hsink_TB_25	327.2076
hsink_TB_26	327.4860
hsink_TB_27	327.6232
hsink_TB_28	327.6233
hsink_TB_29	327.4863
hsink_TB_30	327.2078
hsink_TB_31	326.7984
inode_0	326.1685
inode_1	326.1689
inode_2	325.4673
inode_3	327.2143
inode_4	326.1506
inode_5	326.1510
inode_6	325.4584
inode_7	327.1994
inode_8	325.4302
inode_9	325.4306
inode_10	324.6177
inode_11	326.1584
inode_12	329.1691
inode_13	329.1697
inode_14	327.9661
inode_15	330.6042
inode_16	329.1664
inode_17	329.1670
inode_18	327.9659
inode_19	330.6033
inode_20	328.4674
inode_21	328.4679
inode_22	327.8983
inode_23	330.4715
inode_24	326.0584
inode_25	326.0588
inode_26	325.1289
inode_27	326.9711
