C_0	C_1	C_2	C_3	C_4	C_5	C_6	C_7	C_8	C_9	C_10	C_11	C_12	C_13	C_14	C_15	C_16	C_17	C_18	C_19	C_20	C_21	C_22	C_23	C_24	C_25	C_26	C_27	C_28	C_29	C_30	C_31	
68.33	69.23	69.23	68.38	69.16	70.50	70.50	69.13	69.13	70.48	70.49	69.16	68.41	69.29	69.29	68.36	66.38	67.26	67.24	66.42	67.16	68.43	68.38	67.09	67.13	68.43	68.39	67.09	66.36	67.17	67.14	66.29
68.36	69.26	69.27	68.47	69.16	70.42	70.41	69.09	69.07	70.37	70.38	69.14	68.54	69.39	69.39	68.46	66.19	67.11	67.11	66.28	66.86	68.07	68.05	66.79	66.79	68.07	68.06	66.83	66.16	66.94	66.93	66.05
68.14	69.04	69.05	68.29	68.91	70.09	70.08	68.81	69.02	70.27	70.29	69.11	68.62	69.45	69.45	68.50	66.10	67.04	67.04	66.22	66.70	67.84	67.83	66.60	66.60	67.83	67.83	66.66	66.06	66.80	66.79	65.92
68.36	69.26	69.27	68.54	69.11	70.24	70.23	68.98	68.73	69.94	69.96	68.86	68.44	69.25	69.25	68.29	66.05	66.99	66.99	66.20	66.60	67.68	67.66	66.48	66.45	67.66	67.65	66.54	65.99	66.71	66.69	65.83
68.15	69.04	69.06	68.36	68.88	69.96	69.93	68.73	68.90	70.09	70.12	69.05	68.70	69.49	69.49	68.52	66.01	66.96	66.97	66.18	66.52	67.55	67.54	66.38	66.35	67.52	67.52	66.45	65.95	66.64	66.62	65.76
68.37	69.26	69.28	68.61	69.09	70.13	70.11	68.92	68.64	69.80	69.83	68.82	68.52	69.29	69.29	68.32	65.99	66.94	66.95	66.18	66.47	67.46	67.44	66.31	66.26	67.41	67.42	66.39	65.92	66.58	66.57	65.72
68.16	69.04	69.07	68.42	68.86	69.86	69.84	68.67	68.83	69.98	70.00	69.03	68.77	69.53	69.52	68.55	65.97	66.93	66.94	66.19	66.43	67.38	67.37	66.25	66.20	67.32	67.33	66.34	65.90	66.55	66.53	65.68
68.37	69.26	69.29	68.66	69.08	70.05	70.02	68.87	68.59	69.71	69.74	68.81	68.58	69.32	69.32	68.34	65.97	66.92	66.94	66.19	66.41	67.32	67.30	66.21	66.15	67.25	67.26	66.31	65.90	66.52	66.50	65.66
68.17	69.05	69.08	68.47	68.86	69.79	69.76	68.63	68.78	69.89	69.92	69.03	68.83	69.56	69.55	68.57	65.96	66.92	66.93	66.21	66.39	67.26	67.25	66.17	66.10	67.19	67.20	66.28	65.89	66.49	66.47	65.64
68.39	69.27	69.31	68.71	69.08	69.99	69.95	68.84	68.54	69.63	69.67	68.81	68.64	69.35	69.34	68.36	65.96	66.91	66.93	66.22	66.38	67.22	67.20	66.14	66.06	67.13	67.14	66.25	65.89	66.47	66.45	65.62
68.17	69.05	69.08	68.51	68.86	69.73	69.69	68.60	68.75	69.83	69.87	69.04	68.89	69.59	69.57	68.59	65.96	66.91	66.93	66.24	66.37	67.18	67.16	66.11	66.03	67.08	67.09	66.23	65.89	66.46	66.43	65.61
68.39	69.27	69.31	68.76	69.08	69.93	69.89	68.80	68.51	69.57	69.61	68.82	68.69	69.37	69.36	68.38	65.96	66.91	66.93	66.25	66.36	67.14	67.12	66.09	66.00	67.03	67.05	66.22	65.90	66.44	66.42	65.60
68.18	69.05	69.09	68.55	68.86	69.67	69.63	68.56	68.72	69.78	69.82	69.05	68.94	69.61	69.59	68.61	65.96	66.91	66.93	66.27	66.36	67.11	67.08	66.07	65.97	66.99	67.01	66.21	65.90	66.43	66.40	65.59
68.40	69.27	69.32	68.80	69.09	69.88	69.84	68.77	68.48	69.53	69.57	68.83	68.74	69.39	69.37	68.39	65.95	66.90	66.93	66.28	66.36	67.08	67.05	66.05	65.95	66.95	66.97	66.19	65.90	66.42	66.39	65.58
68.19	69.05	69.10	68.60	68.88	69.64	69.59	68.55	68.69	69.72	69.78	69.06	68.98	69.62	69.59	68.61	65.95	66.90	66.93	66.29	66.36	67.06	67.02	66.03	65.92	66.91	66.94	66.18	65.91	66.41	66.37	65.57
68.41	69.27	69.33	68.84	69.10	69.84	69.79	68.75	68.46	69.48	69.54	68.85	68.78	69.40	69.37	68.40	65.95	66.89	66.93	66.30	66.36	67.03	66.99	66.01	65.90	66.87	66.90	66.17	65.91	66.40	66.36	65.56
68.19	69.05	69.11	68.64	68.88	69.60	69.54	68.52	68.67	69.69	69.75	69.08	69.02	69.63	69.60	68.62	65.95	66.89	66.93	66.32	66.36	67.01	66.97	66.00	65.88	66.84	66.87	66.17	65.92	66.39	66.34	65.55
68.41	69.27	69.33	68.87	69.11	69.81	69.75	68.73	68.44	69.44	69.50	68.86	68.82	69.41	69.37	68.41	65.94	66.88	66.92	66.33	66.36	66.99	66.94	65.98	65.86	66.81	66.84	66.16	65.92	66.38	66.33	65.54
68.19	69.05	69.11	68.67	68.89	69.56	69.50	68.50	68.65	69.65	69.72	69.10	69.06	69.64	69.60	68.63	65.94	66.87	66.92	66.34	66.36	66.97	66.92	65.97	65.83	66.78	66.81	66.15	65.93	66.37	66.32	65.53
68.41	69.27	69.34	68.90	69.12	69.77	69.71	68.71	68.42	69.41	69.48	68.88	68.85	69.42	69.37	68.41	65.94	66.86	66.92	66.35	66.36	66.95	66.90	65.95	65.81	66.74	66.78	66.14	65.93	66.36	66.30	65.52
68.20	69.05	69.12	68.71	68.91	69.54	69.47	68.49	68.63	69.62	69.69	69.11	69.08	69.64	69.59	68.62	65.93	66.86	66.91	66.36	66.37	66.93	66.88	65.94	65.80	66.71	66.76	66.14	65.93	66.34	66.29	65.51
68.41	69.26	69.34	68.93	69.13	69.74	69.67	68.69	68.41	69.38	69.46	68.90	68.88	69.42	69.37	68.41	65.93	66.85	66.91	66.37	66.37	66.91	66.86	65.93	65.78	66.69	66.73	66.13	65.93	66.33	66.28	65.50
68.20	69.04	69.12	68.73	68.92	69.50	69.43	68.46	68.62	69.59	69.67	69.13	69.12	69.64	69.59	68.63	65.92	66.84	66.90	66.37	66.37	66.90	66.84	65.92	65.76	66.66	66.71	66.12	65.94	66.32	66.26	65.49
68.41	69.26	69.34	68.96	69.14	69.72	69.64	68.67	68.39	69.35	69.44	68.92	68.91	69.42	69.36	68.41	65.91	66.83	66.89	66.38	66.38	66.88	66.82	65.90	65.74	66.63	66.68	66.12	65.94	66.31	66.25	65.48
68.20	69.04	69.12	68.76	68.93	69.48	69.40	68.45	68.60	69.56	69.65	69.15	69.14	69.64	69.58	68.62	65.91	66.82	66.89	66.39	66.38	66.87	66.80	65.89	65.72	66.61	66.66	66.11	65.94	66.30	66.24	65.48
68.41	69.26	69.35	68.99	69.16	69.69	69.61	68.65	68.38	69.33	69.42	68.94	68.93	69.42	69.35	68.41	65.90	66.81	66.88	66.39	66.38	66.85	66.78	65.88	65.71	66.58	66.64	66.11	65.94	66.29	66.22	65.47
68.20	69.03	69.12	68.78	68.94	69.46	69.37	68.43	68.59	69.54	69.64	69.16	69.16	69.64	69.56	68.62	65.89	66.80	66.87	66.40	66.39	66.84	66.76	65.87	65.69	66.55	66.62	66.10	65.95	66.28	66.21	65.46
68.41	69.25	69.35	69.01	69.17	69.67	69.58	68.64	68.36	69.31	69.41	68.95	68.96	69.41	69.34	68.40	65.89	66.78	66.86	66.40	66.39	66.83	66.75	65.86	65.67	66.53	66.60	66.10	65.95	66.28	66.20	65.45
68.19	69.03	69.13	68.81	68.96	69.44	69.35	68.41	68.57	69.51	69.62	69.18	69.18	69.63	69.55	68.61	65.88	66.77	66.86	66.41	66.39	66.82	66.73	65.85	65.66	66.51	66.58	66.09	65.95	66.27	66.18	65.44
68.40	69.24	69.35	69.04	69.18	69.65	69.55	68.62	68.35	69.28	69.39	68.97	68.98	69.41	69.32	68.39	65.87	66.76	66.85	66.41	66.39	66.80	66.72	65.84	65.64	66.48	66.56	66.09	65.95	66.26	66.17	65.43
68.19	69.02	69.13	68.83	68.97	69.42	69.32	68.40	68.56	69.49	69.61	69.20	69.20	69.62	69.54	68.60	65.86	66.75	66.84	66.42	66.40	66.79	66.70	65.83	65.63	66.46	66.54	66.09	65.95	66.25	66.16	65.42
68.40	69.24	69.35	69.06	69.19	69.63	69.53	68.60	68.34	69.26	69.38	68.99	68.99	69.40	69.31	68.38	65.85	66.74	66.83	66.42	66.40	66.78	66.69	65.82	65.61	66.44	66.52	66.08	65.95	66.24	66.15	65.41
68.18	69.01	69.13	68.85	68.97	69.40	69.29	68.38	68.55	69.47	69.60	69.21	69.22	69.62	69.52	68.59	65.85	66.73	66.82	66.43	66.40	66.77	66.67	65.81	65.60	66.42	66.50	66.08	65.95	66.23	66.13	65.40
68.40	69.23	69.35	69.08	69.20	69.61	69.50	68.59	68.32	69.24	69.37	69.00	69.01	69.39	69.29	68.37	65.84	66.71	66.82	66.43	66.41	66.76	66.66	65.80	65.58	66.40	66.48	66.07	65.95	66.22	66.12	65.39
68.18	69.00	69.13	68.87	68.99	69.38	69.27	68.36	68.53	69.45	69.59	69.23	69.24	69.61	69.51	68.58	65.83	66.70	66.81	66.43	66.41	66.75	66.64	65.79	65.57	66.38	66.46	66.07	65.95	66.21	66.11	65.38
68.40	69.22	69.35	69.10	69.21	69.60	69.48	68.58	68.31	69.22	69.35	69.01	69.02	69.38	69.27	68.36	65.82	66.69	66.80	66.44	66.41	66.74	66.63	65.78	65.55	66.36	66.45	66.06	65.95	66.20	66.10	65.37
68.18	69.00	69.13	68.89	69.00	69.37	69.24	68.35	68.52	69.43	69.57	69.24	69.25	69.60	69.49	68.57	65.81	66.68	66.79	66.44	66.41	66.73	66.62	65.77	65.54	66.34	66.43	66.06	65.95	66.19	66.08	65.37
68.39	69.21	69.35	69.12	69.22	69.58	69.45	68.56	68.30	69.20	69.35	69.03	69.04	69.37	69.26	68.35	65.80	66.66	66.78	66.44	66.42	66.72	66.60	65.76	65.52	66.32	66.42	66.06	65.95	66.18	66.07	65.36
68.17	68.99	69.13	68.91	69.01	69.36	69.23	68.34	68.50	69.41	69.56	69.25	69.26	69.59	69.47	68.56	65.80	66.65	66.77	66.44	66.42	66.72	66.59	65.75	65.51	66.30	66.40	66.05	65.95	66.17	66.06	65.35
68.38	69.20	69.35	69.13	69.23	69.57	69.43	68.54	68.29	69.19	69.34	69.04	69.05	69.36	69.24	68.34	65.79	66.64	66.76	66.45	66.42	66.71	66.58	65.74	65.50	66.28	66.38	66.05	65.95	66.17	66.05	65.34
68.16	68.98	69.12	68.92	69.01	69.34	69.20	68.32	68.50	69.40	69.56	69.27	69.28	69.58	69.45	68.55	65.78	66.63	66.76	66.45	66.42	66.70	66.57	65.73	65.48	66.26	66.37	66.05	65.95	66.16	66.04	65.33
68.38	69.20	69.35	69.15	69.24	69.55	69.41	68.53	68.27	69.17	69.33	69.05	69.06	69.35	69.22	68.33	65.77	66.62	66.75	66.45	66.42	66.69	66.55	65.72	65.47	66.25	66.36	66.04	65.95	66.15	66.03	65.32
68.16	68.97	69.12	68.93	69.02	69.32	69.18	68.30	68.48	69.38	69.55	69.28	69.29	69.57	69.44	68.54	65.76	66.60	66.74	66.45	66.43	66.68	66.54	65.71	65.46	66.23	66.34	66.04	65.95	66.14	66.01	65.31
68.37	69.19	69.10	68.92	69.00	69.30	69.39	68.51	68.26	69.15	69.32	69.06	69.07	69.34	69.21	68.31	65.75	66.59	66.73	66.45	66.43	66.67	66.53	65.70	65.45	66.21	66.33	66.04	65.95	66.13	66.00	65.30
68.15	68.96	69.09	68.92	69.00	69.28	69.16	68.29	68.47	69.36	69.53	69.28	69.29	69.56	69.42	68.52	65.74	66.58	66.72	66.45	66.43	66.67	66.52	65.70	65.43	66.19	66.31	66.03	65.95	66.12	65.99	65.29
68.36	69.17	69.08	68.92	68.99	69.27	69.37	68.50	68.25	69.14	69.31	69.07	69.08	69.33	69.19	68.30	65.73	66.57	66.71	66.45	66.43	66.66	66.51	65.69	65.42	66.18	66.30	66.03	65.95	66.12	65.98	65.29
68.14	68.95	69.08	68.92	69.00	69.26	69.14	68.28	68.46	69.35	69.53	69.29	69.30	69.55	69.40	68.51	65.72	66.56	66.71	66.46	66.43	66.65	66.50	65.68	65.41	66.16	66.29	66.02	65.95	66.11	65.97	65.28
68.35	69.17	69.32	69.16	69.24	69.49	69.35	68.49	68.24	69.12	69.30	69.08	69.09	69.32	69.17	68.29	65.71	66.54	66.70	66.46	66.43	66.64	66.49	65.67	65.40	66.15	66.28	66.02	65.95	66.10	65.96	65.27
68.13	68.94	69.10	68.95	69.03	69.27	69.12	68.26	68.44	69.33	69.52	69.30	69.31	69.54	69.38	68.49	65.70	66.53	66.69	66.46	66.43	66.64	66.47	65.66	65.39	66.13	66.26	66.02	65.94	66.09	65.95	65.26
68.35	69.16	69.33	69.19	69.26	69.49	69.33	68.47	68.22	69.10	69.29	69.09	69.09	69.31	69.15	68.27	65.70	66.52	66.68	66.46	66.43	66.63	66.46	65.65	65.37	66.12	66.25	66.01	65.94	66.09	65.94	65.25
68.13	68.93	69.11	68.97	69.04	69.27	69.10	68.25	68.43	69.31	69.51	69.31	69.32	69.53	69.36	68.48	65.69	66.51	66.67	66.46	66.44	66.62	66.45	65.65	65.36	66.10	66.24	66.01	65.94	66.08	65.93	65.24
68.34	69.15	69.33	69.20	69.27	69.49	69.31	68.46	68.21	69.09	69.28	69.10	69.10	69.30	69.13	68.26	65.68	66.50	66.67	66.46	66.44	66.61	66.44	65.64	65.35	66.09	66.23	66.01	65.94	66.07	65.92	65.24
68.12	68.93	69.11	68.99	69.05	69.26	69.08	68.23	68.42	69.30	69.50	69.32	69.33	69.52	69.35	68.47	65.67	66.49	66.66	66.46	66.44	66.61	66.43	65.63	65.34	66.07	66.22	66.00	65.94	66.06	65.91	65.23
68.33	69.14	69.33	69.21	69.28	69.48	69.30	68.44	68.20	69.07	69.28	69.10	69.11	69.29	69.12	68.24	65.66	66.48	66.65	66.46	66.44	66.60	66.42	65.62	65.33	66.06	66.20	66.00	65.94	66.06	65.90	65.22
68.11	68.92	69.11	69.00	69.06	69.25	69.07	68.22	68.41	69.28	69.49	69.33	69.33	69.51	69.33	68.45	65.65	66.46	66.64	66.46	66.44	66.59	66.41	65.61	65.32	66.04	66.19	66.00	65.94	66.05	65.89	65.21
68.32	69.13	69.33	69.22	69.04	69.23	69.04	68.19	68.19	69.06	69.27	69.11	69.11	69.28	69.10	68.23	65.64	66.45	66.63	66.46	66.44	66.59	66.40	65.60	65.31	66.03	66.18	65.99	65.93	66.04	65.88	65.20
68.10	68.91	69.11	69.01	69.04	69.21	69.02	68.18	68.39	69.27	69.49	69.33	69.34	69.50	69.31	68.44	65.63	66.44	66.63	66.46	66.44	66.58	66.39	65.60	65.30	66.02	66.17	65.99	65.93	66.04	65.87	65.19
68.31	69.12	69.33	69.23	69.27	69.44	69.25	68.40	68.17	69.04	69.26	69.12	69.12	69.27	69.08	68.21	65.62	66.43	66.62	66.46	66.44	66.57	66.38	65.59	65.29	66.00	66.16	65.99	65.93	66.03	65.86	65.19
68.10	68.90	69.11	69.02	69.06	69.22	69.02	68.19	68.38	69.25	69.48	69.34	69.34	69.48	69.29	68.42	65.62	66.42	66.61	66.46	66.44	66.57	66.37	65.58	65.28	65.99	66.15	65.98	65.93	66.02	65.85	65.18
68.31	69.11	69.08	69.00	69.04	69.20	69.00	68.16	68.16	69.02	69.25	69.12	69.12	69.26	69.06	68.20	65.61	66.41	66.61	66.46	66.44	66.56	66.36	65.57	65.27	65.98	66.14	65.98	65.93	66.01	65.84	65.17
68.09	68.89	69.07	68.99	69.04	69.19	68.98	68.15	68.37	69.24	69.47	69.34	69.34	69.48	69.28	68.41	65.60	66.40	66.60	66.46	66.44	66.56	66.35	65.56	65.26	65.96	66.13	65.98	65.93	66.01	65.83	65.16
68.30	69.10	69.31	69.23	69.28	69.42	69.21	68.37	68.15	69.01	69.24	69.12	69.12	69.25	69.05	68.18	65.59	66.39	66.59	66.46	66.44	66.55	66.34	65.55	65.25	65.95	66.12	65.97	65.92	66.00	65.82	65.15
68.08	68.88	69.09	69.02	69.07	69.20	68.99	68.15	68.35	69.22	69.46	69.35	69.35	69.46	69.26	68.39	65.58	66.38	66.58	66.46	66.44	66.54	66.33	65.55	65.24	65.94	66.11	65.97	65.92	65.99	65.81	65.15
68.29	69.09	69.31	69.25	69.29	69.42	69.20	68.36	68.13	69.00	69.24	69.13	69.13	69.24	69.03	68.17	65.57	66.37	66.58	66.45	66.44	66.54	66.32	65.54	65.23	65.93	66.10	65.97	65.92	65.99	65.80	65.14
68.07	68.87	69.09	69.03	69.08	69.20	68.98	68.15	68.34	69.21	69.45	69.35	69.35	69.46	69.24	68.38	65.56	66.36	66.57	66.45	66.44	66.53	66.32	65.53	65.22	65.91	66.09	65.97	65.92	65.98	65.79	65.13
68.28	69.09	69.31	69.26	69.30	69.42	69.19	68.36	68.12	68.98	69.23	69.13	69.13	69.23	69.01	68.16	65.55	66.35	66.56	66.45	66.44	66.52	66.31	65.52	65.21	65.90	66.08	65.96	65.92	65.98	65.78	65.12
68.06	68.86	69.09	69.04	69.08	69.19	68.96	68.14	68.33	69.19	69.45	69.36	69.35	69.45	69.23	68.37	65.55	66.34	66.56	66.45	66.44	66.52	66.30	65.52	65.20	65.89	66.07	65.96	65.91	65.97	65.77	65.12
68.27	69.08	69.31	69.27	69.31	69.41	69.18	68.35	68.11	68.97	69.22	69.14	69.13	69.22	69.00	68.14	65.54	66.33	66.55	66.45	66.44	66.51	66.29	65.51	65.19	65.88	66.07	65.96	65.91	65.96	65.77	65.11
68.05	68.85	69.09	69.05	69.09	69.18	68.95	68.12	68.32	69.18	69.44	69.36	69.36	69.44	69.21	68.35	65.53	66.32	66.54	66.45	66.44	66.51	66.28	65.50	65.18	65.87	66.06	65.95	65.91	65.96	65.76	65.10
68.26	69.07	69.31	69.27	69.31	69.40	69.17	68.33	68.09	68.95	69.21	69.14	69.14	69.21	68.98	68.13	65.52	66.31	66.54	66.45	66.43	66.50	66.27	65.49	65.17	65.86	66.05	65.95	65.91	65.95	65.75	65.09
68.04	68.84	69.09	69.05	69.09	69.18	68.94	68.11	68.30	69.17	69.43	69.36	69.36	69.43	69.20	68.34	65.51	66.30	66.53	66.45	66.43	66.50	66.26	65.49	65.16	65.84	66.04	65.95	65.91	65.94	65.74	65.09
68.25	69.06	69.31	69.28	69.31	69.40	69.15	68.32	68.08	68.94	69.21	69.14	69.14	69.20	68.97	68.11	65.50	66.29	66.52	66.45	66.43	66.49	66.25	65.48	65.15	65.83	66.03	65.94	65.90	65.94	65.73	65.08
68.03	68.83	69.08	69.06	69.09	69.17	68.92	68.10	68.29	69.15	69.42	69.36	69.36	69.42	69.18	68.32	65.50	66.28	66.52	66.45	66.43	66.48	66.25	65.47	65.14	65.82	66.02	65.94	65.90	65.93	65.72	65.07
68.24	69.05	69.31	69.29	69.32	69.39	69.14	68.31	68.07	68.92	69.19	69.14	69.14	69.19	68.95	68.10	65.49	66.27	66.51	66.44	66.43	66.48	66.24	65.46	65.13	65.81	66.01	65.94	65.90	65.93	65.71	65.06
68.02	68.83	69.08	69.07	69.10	69.16	68.91	68.09	68.27	69.14	69.41	69.36	69.36	69.41	69.16	68.31	65.48	66.26	66.50	66.44	66.43	66.47	66.23	65.46	65.12	65.80	66.01	65.93	65.90	65.92	65.71	65.06
68.23	69.04	69.30	69.28	69.32	69.38	69.12	68.29	68.06	68.92	69.19	69.15	69.14	69.19	68.94	68.09	65.47	66.25	66.50	66.44	66.43	66.47	66.22	65.45	65.11	65.79	66.00	65.93	65.89	65.91	65.70	65.05
68.01	68.82	69.08	69.07	69.10	69.16	68.90	68.08	68.26	69.12	69.41	69.37	69.36	69.40	69.15	68.29	65.46	66.24	66.49	66.44	66.43	66.46	66.21	65.44	65.11	65.78	65.99	65.93	65.89	65.91	65.69	65.04
68.22	69.03	69.30	69.29	69.32	69.37	69.11	68.28	68.04	68.90	69.18	69.15	69.14	69.18	68.92	68.07	65.46	66.24	66.48	66.44	66.43	66.46	66.20	65.43	65.10	65.77	65.98	65.92	65.89	65.90	65.68	65.03
68.00	68.81	69.07	69.07	69.10	69.15	68.89	68.06	68.25	69.11	69.40	69.37	69.36	69.39	69.13	68.28	65.45	66.23	66.48	66.44	66.42	66.45	66.20	65.43	65.09	65.76	65.98	65.92	65.89	65.90	65.67	65.03
68.21	69.02	69.05	69.05	69.32	69.36	69.10	68.27	68.03	68.89	69.17	69.15	69.14	69.17	68.91	68.06	65.44	66.22	66.47	66.43	66.42	66.44	66.19	65.42	65.08	65.75	65.97	65.92	65.88	65.89	65.67	65.02
67.99	68.80	69.04	69.04	69.10	69.14	68.87	68.05	68.24	69.10	69.39	69.37	69.36	69.38	69.12	68.27	65.43	66.21	66.47	66.43	66.42	66.44	66.18	65.41	65.07	65.74	65.96	65.91	65.88	65.89	65.66	65.01
68.20	69.01	69.03	69.04	69.08	69.11	69.08	68.26	68.02	68.87	69.17	69.15	69.14	69.16	68.89	68.05	65.43	66.20	66.46	66.43	66.42	66.43	66.17	65.40	65.06	65.73	65.95	65.91	65.88	65.88	65.65	65.01
67.98	68.78	69.02	69.03	69.07	69.10	68.85	68.04	68.23	69.09	69.38	69.37	69.36	69.37	69.11	68.26	65.42	66.19	66.45	66.43	66.42	66.43	66.16	65.40	65.06	65.72	65.95	65.91	65.88	65.87	65.64	65.00
68.19	69.00	69.26	69.27	69.06	69.09	69.07	68.25	68.01	68.86	69.16	69.14	69.14	69.15	68.88	68.03	65.41	66.18	66.45	66.43	66.42	66.42	66.16	65.39	65.05	65.71	65.94	65.90	65.87	65.87	65.64	64.99
67.97	68.78	69.04	69.06	69.06	69.08	68.84	68.03	68.21	69.07	69.37	69.36	69.36	69.36	69.09	68.24	65.40	66.18	66.44	66.43	66.42	66.42	66.15	65.38	65.04	65.70	65.93	65.90	65.87	65.86	65.63	64.99
68.18	68.99	69.27	69.29	69.30	69.32	69.06	68.23	67.99	68.85	69.15	69.14	69.14	69.14	68.86	68.02	65.39	66.17	66.44	66.42	66.41	66.41	66.14	65.38	65.03	65.69	65.92	65.90	65.87	65.86	65.62	64.98
67.96	68.77	69.05	69.07	69.08	69.10	68.83	68.01	68.20	69.06	69.37	69.37	69.36	69.35	69.07	68.23	65.39	66.16	66.43	66.42	66.41	66.41	66.13	65.37	65.02	65.69	65.92	65.89	65.87	65.85	65.61	64.97
68.17	68.99	69.27	69.29	69.31	69.32	69.05	68.22	67.98	68.83	69.14	69.14	69.13	69.13	68.85	68.00	65.38	66.15	66.42	66.42	66.41	66.40	66.13	65.36	65.02	65.68	65.91	65.89	65.86	65.85	65.61	64.97
67.95	68.76	69.04	69.07	69.09	69.10	68.82	68.00	68.19	69.05	69.36	69.37	69.36	69.35	69.06	68.22	65.37	66.14	66.42	66.42	66.41	66.40	66.12	65.36	65.01	65.67	65.90	65.89	65.86	65.84	65.60	64.96
68.16	68.97	69.27	69.30	69.31	69.32	69.03	68.21	67.97	68.82	69.14	69.14	69.14	69.12	68.84	67.99	65.37	66.13	66.41	66.41	66.41	66.39	66.11	65.35	65.00	65.66	65.90	65.88	65.86	65.84	65.59	64.95
67.94	68.75	69.04	69.07	69.09	69.09	68.80	67.99	68.18	69.04	69.36	69.37	69.36	69.34	69.05	68.20	65.36	66.13	66.41	66.41	66.40	66.39	66.10	65.34	64.99	65.65	65.89	65.88	65.86	65.83	65.58	64.95
68.15	68.97	69.26	69.30	69.32	69.31	69.02	68.20	67.96	68.81	69.13	69.14	69.13	69.11	68.82	67.98	65.35	66.12	66.40	66.41	66.40	66.38	66.10	65.33	64.98	65.64	65.88	65.88	65.85	65.83	65.58	64.94
67.93	68.74	69.04	69.08	69.10	69.09	68.80	67.98	68.16	69.02	69.34	69.36	69.35	69.33	69.03	68.19	65.34	66.11	66.40	66.41	66.40	66.38	66.09	65.33	64.98	65.63	65.88	65.87	65.85	65.82	65.57	64.93
68.14	68.96	69.26	69.30	69.32	69.31	69.01	68.19	67.94	68.80	69.12	69.14	69.13	69.10	68.81	67.97	65.34	66.10	66.39	66.41	66.40	66.37	66.08	65.32	64.97	65.63	65.87	65.87	65.85	65.82	65.56	64.93
67.92	68.73	69.03	69.08	69.09	69.08	68.78	67.96	68.15	69.01	69.34	69.36	69.35	69.32	69.02	68.18	65.33	66.10	66.39	66.40	66.40	66.37	66.07	65.31	64.96	65.62	65.86	65.87	65.85	65.81	65.56	64.92
68.13	68.94	69.25	69.29	69.31	69.29	68.99	68.17	67.94	68.79	69.12	69.15	69.14	69.10	68.80	67.96	65.32	66.09	66.38	66.40	66.39	66.36	66.07	65.31	64.95	65.61	65.86	65.86	65.84	65.81	65.55	64.91
67.91	68.72	69.03	69.08	69.09	69.07	68.77	67.95	68.14	69.00	69.33	69.36	69.35	69.31	69.01	68.16	65.32	66.08	66.38	66.40	66.39	66.36	66.06	65.30	64.95	65.60	65.85	65.86	65.84	65.80	65.54	64.91
68.12	68.94	69.25	69.30	69.32	69.29	68.98	68.16	67.92	68.77	69.11	69.14	69.13	69.09	68.78	67.94	65.31	66.07	66.37	66.40	66.39	66.35	66.05	65.29	64.94	65.59	65.85	65.86	65.84	65.80	65.54	64.90
67.90	68.71	69.02	69.08	69.09	69.07	68.76	67.94	68.13	68.98	69.32	69.36	69.35	69.30	68.99	68.15	65.30	66.07	66.36	66.40	66.39	66.35	66.05	65.29	64.93	65.58	65.84	65.85	65.83	65.79	65.53	64.89
68.11	68.93	69.24	69.30	69.32	69.29	68.97	68.15	67.91	68.76	69.10	69.14	69.13	69.08	68.77	67.93	65.29	66.06	66.36	66.39	66.39	66.34	66.04	65.28	64.93	65.58	65.83	65.85	65.83	65.79	65.52	64.89
67.89	68.70	69.02	69.08	69.09	69.06	68.75	67.93	68.12	68.97	69.32	69.36	69.35	69.30	68.98	68.14	65.29	66.05	66.35	66.39	66.38	66.34	66.03	65.27	64.92	65.57	65.83	65.85	65.83	65.78	65.52	64.88
68.10	68.92	69.24	69.30	69.31	69.28	68.96	68.14	67.90	68.75	69.09	69.13	69.12	69.07	68.76	67.92	65.28	66.04	66.35	66.39	66.38	66.33	66.03	65.27	64.91	65.56	65.82	65.84	65.83	65.78	65.51	64.88
67.88	68.69	69.01	69.08	69.09	69.05	68.73	67.92	68.10	68.96	69.31	69.35	69.34	69.29	68.97	68.12	65.27	66.04	66.34	66.39	66.38	66.33	66.02	65.26	64.90	65.55	65.82	65.84	65.82	65.77	65.50	64.87
68.09	68.91	68.99	69.05	69.07	69.03	68.95	68.13	67.89	68.74	69.08	69.13	69.12	69.06	68.74	67.90	65.27	66.03	66.34	66.38	66.38	66.32	66.01	65.25	64.90	65.55	65.81	65.84	65.82	65.77	65.50	64.86
67.87	68.69	68.98	69.04	69.06	69.02	68.72	67.91	68.09	68.95	69.30	69.35	69.34	69.28	68.95	68.11	65.26	66.02	66.33	66.38	66.37	66.32	66.01	65.25	64.89	65.54	65.80	65.83	65.82	65.76	65.49	64.86
68.08	68.90	68.97	69.04	69.05	69.01	68.94	68.12	67.87	68.72	69.07	69.13	69.11	69.05	68.73	67.89	65.25	66.01	66.33	66.38	66.37	66.31	66.00	65.24	64.88	65.53	65.80	65.83	65.81	65.76	65.48	64.85
67.86	68.67	68.96	69.03	69.04	69.00	68.71	67.90	68.08	68.94	69.29	69.35	69.33	69.27	68.94	68.10	65.25	66.01	66.32	66.38	66.37	66.31	65.99	65.24	64.88	65.52	65.79	65.83	65.81	65.75	65.48	64.84
68.08	68.89	68.96	69.03	69.04	68.99	68.93	68.11	67.86	68.71	69.06	69.12	69.11	69.04	68.72	67.88	65.24	66.00	66.32	66.37	66.37	66.30	65.99	65.23	64.87	65.52	65.79	65.82	65.81	65.75	65.47	64.84
67.86	68.67	68.95	69.02	69.04	68.98	68.70	67.89	68.07	68.92	69.28	69.34	69.33	69.25	68.93	68.08	65.23	65.99	66.31	66.37	66.36	66.30	65.98	65.22	64.86	65.51	65.78	65.82	65.80	65.74	65.47	64.83
68.07	68.88	69.19	69.27	69.28	69.22	68.91	68.10	67.85	68.70	69.05	69.12	69.11	69.03	68.70	67.87	65.23	65.99	66.31	66.37	66.36	66.29	65.97	65.22	64.86	65.50	65.78	65.82	65.80	65.74	65.46	64.83
67.85	68.66	68.98	69.05	69.06	69.01	68.69	67.88	68.06	68.91	69.27	69.34	69.32	69.25	68.92	68.07	65.22	65.98	66.30	66.36	66.36	66.29	65.97	65.21	64.85	65.49	65.77	65.81	65.80	65.73	65.45	64.82
68.05	68.87	69.19	69.27	69.28	69.23	68.90	68.08	67.84	68.69	69.05	69.12	69.11	69.03	68.70	67.86	65.21	65.97	66.30	66.36	66.36	66.28	65.96	65.20	64.84	65.49	65.76	65.81	65.80	65.73	65.45	64.81
67.84	68.65	68.98	69.06	69.07	69.01	68.68	67.87	68.05	68.90	69.26	69.34	69.32	69.24	68.90	68.06	65.21	65.97	66.29	66.36	66.35	66.28	65.95	65.20	64.84	65.48	65.76	65.81	65.79	65.72	65.44	64.81
68.04	68.86	69.20	69.28	69.29	69.22	68.89	68.07	67.83	68.68	69.04	69.11	69.10	69.02	68.68	67.84	65.20	65.96	66.29	66.36	66.35	66.27	65.95	65.19	64.83	65.47	65.75	65.80	65.79	65.72	65.43	64.80
67.82	68.64	68.97	69.06	69.07	69.00	68.67	67.85	68.04	68.89	69.26	69.34	69.32	69.24	68.90	68.05	65.20	65.95	66.28	66.35	66.35	66.27	65.94	65.19	64.82	65.47	65.75	65.80	65.79	65.71	65.43	64.80
68.04	68.85	69.19	69.28	69.29	69.22	68.88	68.06	67.82	68.67	69.03	69.11	69.10	69.01	68.67	67.83	65.19	65.95	66.28	66.35	66.35	66.27	65.93	65.18	64.82	65.46	65.74	65.80	65.78	65.71	65.42	64.79
67.82	68.63	68.97	69.06	69.07	69.00	68.66	67.84	68.03	68.88	69.25	69.33	69.32	69.23	68.88	68.04	65.18	65.94	66.27	66.35	66.34	66.26	65.93	65.17	64.81	65.45	65.74	65.79	65.78	65.70	65.42	64.79
68.03	68.85	69.19	69.28	69.29	69.22	68.87	68.05	67.80	68.66	69.03	69.11	69.09	69.00	68.66	67.82	65.18	65.93	66.27	66.34	66.34	66.26	65.92	65.17	64.81	65.45	65.73	65.79	65.78	65.70	65.41	64.78
67.81	68.62	68.97	69.06	69.07	68.99	68.65	67.83	68.01	68.87	69.24	69.33	69.31	69.22	68.87	68.03	65.17	65.93	66.26	66.34	66.34	66.25	65.92	65.16	64.80	65.44	65.73	65.79	65.77	65.69	65.40	64.77
68.02	68.83	68.94	69.04	69.04	68.97	68.86	68.04	67.80	68.65	69.02	69.10	69.09	68.99	68.65	67.81	65.16	65.92	66.26	66.34	66.33	66.25	65.91	65.16	64.79	65.43	65.72	65.78	65.77	65.69	65.40	64.77
67.80	68.61	68.93	69.02	69.03	68.95	68.63	67.82	68.00	68.86	69.24	69.32	69.31	69.21	68.86	68.02	65.16	65.92	66.25	66.34	66.33	66.24	65.91	65.15	64.79	65.43	65.72	65.78	65.77	65.69	65.39	64.76
67.77	68.59	68.92	69.02	69.02	68.94	68.61	67.80	67.78	68.63	69.01	69.10	69.08	68.98	68.63	67.80	65.15	65.91	66.25	66.33	66.33	66.24	65.90	65.14	64.78	65.42	65.71	65.78	65.77	65.68	65.39	64.76
67.76	68.57	68.91	69.01	69.02	68.94	68.60	67.78	67.99	68.85	69.23	69.32	69.30	69.20	68.85	68.00	65.15	65.90	66.24	66.33	66.33	66.23	65.89	65.14	64.77	65.41	65.71	65.77	65.76	65.68	65.38	64.75
67.75	68.56	68.91	69.00	69.01	68.93	68.58	67.77	67.77	68.62	69.00	69.09	69.08	68.97	68.62	67.78	65.14	65.90	66.24	66.33	66.32	66.23	65.89	65.13	64.77	65.41	65.70	65.77	65.76	65.67	65.38	64.75
67.74	68.55	68.90	69.00	69.01	68.92	68.57	67.76	67.98	68.83	69.22	69.31	69.30	69.19	68.84	67.99	65.14	65.89	66.23	66.33	66.32	66.22	65.88	65.13	64.76	65.40	65.70	65.77	65.76	65.67	65.37	64.74
67.97	68.78	69.14	69.24	69.25	69.16	68.81	67.99	67.76	68.61	68.99	69.09	69.07	68.96	68.61	67.77	65.13	65.88	66.23	66.32	66.32	66.22	65.87	65.12	64.76	65.40	65.69	65.76	65.75	65.66	65.36	64.74
67.76	68.57	68.92	69.03	69.04	68.95	68.59	67.78	67.96	68.82	69.21	69.30	69.29	69.18	68.82	67.98	65.12	65.88	66.23	66.32	66.32	66.22	65.87	65.12	64.75	65.39	65.69	65.76	65.75	65.66	65.36	64.73
67.97	68.79	69.15	69.25	69.26	69.17	68.81	67.99	67.75	68.60	68.99	69.08	69.07	68.96	68.60	67.76	65.12	65.87	66.22	66.32	66.31	66.21	65.86	65.11	64.74	65.38	65.68	65.76	65.75	65.65	65.35	64.72
67.75	68.57	68.92	69.03	69.04	68.94	68.58	67.77	67.96	68.81	69.20	69.30	69.29	69.18	68.81	67.97	65.11	65.87	66.22	66.31	66.31	66.21	65.86	65.11	64.74	65.38	65.68	65.75	65.74	65.65	65.35	64.72
67.96	68.78	69.15	69.25	69.26	69.17	68.80	67.98	67.74	68.59	68.98	69.08	69.07	68.95	68.59	67.75	65.11	65.86	66.21	66.31	66.31	66.20	65.85	65.10	64.73	65.37	65.67	65.75	65.74	65.64	65.34	64.71
67.75	68.56	68.92	69.03	69.04	68.94	68.58	67.77	67.95	68.80	69.20	69.30	69.28	69.17	68.80	67.96	65.10	65.86	66.21	66.31	66.30	66.20	65.85	65.09	64.73	65.36	65.67	65.75	65.74	65.64	65.34	64.71
67.96	68.78	69.14	69.25	69.26	69.16	68.80	67.98	67.73	68.58	68.97	69.08	69.06	68.94	68.58	67.74	65.09	65.85	66.20	66.30	66.30	66.19	65.84	65.09	64.72	65.36	65.66	65.74	65.73	65.64	65.33	64.70
67.74	68.56	68.93	69.04	69.04	68.94	68.58	67.76	67.93	68.79	69.18	69.29	69.27	69.15	68.78	67.94	65.09	65.84	66.20	66.30	66.30	66.19	65.84	65.08	64.72	65.35	65.66	65.74	65.73	65.63	65.33	64.70
67.95	68.77	69.14	69.25	69.26	69.15	68.79	67.97	67.72	68.57	68.97	69.07	69.06	68.94	68.57	67.73	65.08	65.84	66.19	66.30	66.29	66.18	65.83	65.08	64.71	65.35	65.65	65.74	65.73	65.63	65.32	64.69
67.73	68.55	68.91	69.03	69.03	68.93	68.56	67.75	67.93	68.78	69.18	69.29	69.28	69.15	68.78	67.94	65.08	65.83	66.19	66.30	66.29	66.18	65.82	65.07	64.70	65.34	65.65	65.73	65.72	65.62	65.32	64.69
67.94	68.76	69.13	69.25	69.25	69.15	68.78	67.96	67.71	68.56	68.96	69.07	69.05	68.93	68.56	67.72	65.07	65.83	66.18	66.29	66.29	66.18	65.82	65.07	64.70	65.34	65.64	65.73	65.72	65.62	65.31	64.68
67.72	68.54	68.91	69.03	69.03	68.93	68.56	67.74	67.91	68.77	69.17	69.28	69.27	69.14	68.77	67.93	65.07	65.82	66.18	66.29	66.29	66.17	65.81	65.06	64.69	65.33	65.64	65.73	65.72	65.61	65.30	64.68
67.93	68.75	69.13	69.25	69.25	69.14	68.77	67.95	67.70	68.55	68.95	69.06	69.05	68.92	68.55	67.71	65.06	65.81	66.17	66.29	66.28	66.17	65.81	65.05	64.69	65.32	65.63	65.72	65.71	65.61	65.30	64.67
67.71	68.53	68.90	69.02	69.03	68.92	68.55	67.73	67.90	68.76	69.16	69.28	69.26	69.14	68.76	67.92	65.06	65.81	66.17	66.28	66.28	66.16	65.80	65.05	64.68	65.32	65.63	65.72	65.71	65.61	65.29	64.67
67.86	68.67	68.94	69.16	69.05	69.07	68.62	67.90	66.66	67.52	67.92	68.04	68.04	67.91	67.52	66.67	65.04	65.80	66.16	66.27	66.27	66.15	65.79	65.04	64.68	65.31	65.62	65.72	65.71	65.60	65.29	64.66
67.63	68.44	68.69	68.92	68.79	68.83	68.37	67.67	66.51	67.36	67.76	67.88	67.88	67.75	67.36	66.51	65.03	65.79	66.15	66.26	66.26	66.14	65.78	65.03	64.67	65.31	65.62	65.71	65.70	65.60	65.28	64.66
67.82	68.62	68.98	69.10	69.04	69.04	69.11	66.86	66.43	67.28	67.68	67.80	67.80	67.67	67.29	66.43	65.02	65.77	66.14	66.25	66.25	66.13	65.76	65.01	64.67	65.30	65.61	65.71	65.70	65.59	65.28	64.65
67.59	68.38	68.75	68.86	68.81	68.80	68.94	66.50	66.37	67.22	67.62	67.75	67.74	67.62	67.23	66.37	65.01	65.76	66.12	66.24	66.24	66.12	65.75	65.00	64.66	65.29	65.61	65.71	65.70	65.59	65.27	64.64
67.43	68.00	68.94	69.05	69.06	68.98	69.23	66.43	66.33	67.18	67.58	67.71	67.70	67.58	67.19	66.32	64.99	65.75	66.11	66.23	66.23	66.11	65.74	64.99	64.65	65.29	65.60	65.70	65.69	65.58	65.27	64.64
67.16	67.70	68.70	68.82	68.84	68.74	69.02	66.15	66.30	67.15	67.55	67.68	67.68	67.55	67.16	66.28	64.98	65.73	66.10	66.22	66.22	66.10	65.73	64.98	64.65	65.28	65.60	65.70	65.69	65.58	65.26	64.63
66.50	67.28	68.91	69.12	69.03	68.94	68.56	66.30	66.27	67.11	67.53	67.66	67.65	67.53	67.14	66.25	64.97	65.72	66.09	66.21	66.21	66.09	65.72	64.97	64.64	65.28	65.59	65.69	65.69	65.57	65.25	64.63
66.16	66.95	68.68	68.90	68.80	68.70	68.25	66.05	66.25	67.09	67.51	67.64	67.64	67.51	67.12	66.23	64.96	65.71	66.08	66.21	66.20	66.08	65.71	64.96	64.64	65.27	65.59	65.69	65.68	65.57	65.25	64.62
66.29	67.10	69.07	68.73	69.14	68.90	67.40	66.22	66.22	67.06	67.49	67.62	67.62	67.49	67.09	66.21	64.95	65.70	66.07	66.20	66.20	66.07	65.70	64.95	64.63	65.26	65.58	65.68	65.68	65.56	65.24	64.62
66.03	66.84	68.85	68.46	68.92	68.67	67.02	65.99	66.20	67.04	67.48	67.61	67.61	67.48	67.07	66.19	64.94	65.69	66.07	66.19	66.19	66.06	65.69	64.94	64.62	65.26	65.58	65.68	65.67	65.56	65.24	64.61
66.20	67.01	68.79	68.91	68.94	68.93	67.14	66.17	66.18	67.02	67.46	67.60	67.60	67.47	67.05	66.17	64.93	65.68	66.06	66.18	66.18	66.05	65.68	64.93	64.62	65.25	65.57	65.68	65.67	65.55	65.23	64.61
65.96	66.77	68.53	68.70	68.70	68.70	66.87	65.94	66.16	67.01	67.45	67.59	67.59	67.45	67.02	66.16	64.93	65.67	66.05	66.18	66.18	66.05	65.67	64.92	64.61	65.25	65.57	65.67	65.67	65.55	65.23	64.60
66.14	66.96	68.85	69.01	68.99	68.81	67.03	66.13	66.15	66.99	67.44	67.58	67.58	67.44	67.01	66.15	64.92	65.67	66.04	66.17	66.17	66.04	65.66	64.91	64.61	65.24	65.56	65.67	65.66	65.54	65.22	64.59
65.91	66.72	68.62	68.79	68.76	68.57	66.78	65.90	66.14	66.97	67.43	67.57	67.57	67.43	66.99	66.13	64.91	65.66	66.04	66.17	66.16	66.03	65.65	64.90	64.60	65.23	65.56	65.66	65.66	65.54	65.21	64.59
66.10	66.92	68.88	69.02	69.03	68.87	66.97	66.10	66.12	66.96	67.42	67.56	67.56	67.42	66.97	66.12	64.90	65.65	66.03	66.16	66.16	66.03	65.65	64.90	64.60	65.23	65.55	65.66	65.65	65.53	65.21	64.58
65.88	66.70	68.66	68.80	68.82	68.65	66.74	65.88	66.11	66.95	67.41	67.55	67.56	67.41	66.96	66.11	64.89	65.64	66.02	66.16	66.15	66.02	65.64	64.89	64.59	65.22	65.55	65.66	65.65	65.53	65.20	64.58
66.07	66.89	68.86	68.96	68.17	69.20	66.93	66.07	66.10	66.94	67.40	67.55	67.54	67.40	66.94	66.10	64.89	65.63	66.02	66.15	66.15	66.01	65.63	64.88	64.58	65.22	65.54	65.65	65.64	65.52	65.20	64.57
65.84	66.66	68.63	68.73	67.84	69.01	66.70	65.84	66.09	66.92	67.39	67.54	67.53	67.40	66.93	66.08	64.88	65.62	66.01	66.14	66.14	66.01	65.62	64.87	64.58	65.21	65.54	65.65	65.64	65.52	65.19	64.57
66.04	66.86	68.90	68.25	68.79	68.95	66.89	66.04	66.08	66.91	67.38	67.53	67.52	67.39	66.92	66.07	64.87	65.62	66.00	66.14	66.14	66.00	65.61	64.87	64.57	65.20	65.53	65.64	65.64	65.51	65.19	64.56
65.82	66.64	68.68	67.94	68.63	68.70	66.67	65.82	66.06	66.90	67.37	67.52	67.51	67.38	66.91	66.06	64.86	65.61	66.00	66.13	66.13	65.99	65.61	64.86	64.57	65.20	65.52	65.64	65.63	65.51	65.18	64.56
