pcb_C_0	322.4454
pcb_C_1	322.8485
pcb_C_2	323.1944
pcb_C_3	323.2700
pcb_C_4	323.3437
pcb_C_5	323.2344
pcb_C_6	322.8692
pcb_C_7	322.4581
pcb_C_8	322.2852
pcb_C_9	322.6234
pcb_C_10	322.8967
pcb_C_11	323.0021
pcb_C_12	323.0401
pcb_C_13	322.9288
pcb_C_14	322.6443
pcb_C_15	322.2994
pcb_C_16	322.0902
pcb_C_17	322.2521
pcb_C_18	322.4042
pcb_C_19	322.4862
pcb_C_20	322.4989
pcb_C_21	322.4217
pcb_C_22	322.2672
pcb_C_23	322.1028
pcb_C_24	321.9528
pcb_C_25	321.9848
pcb_C_26	322.0537
pcb_C_27	322.1002
pcb_C_28	322.1048
pcb_C_29	322.0623
pcb_C_30	321.9940
pcb_C_31	321.9624
solder_C_0	322.5378
solder_C_1	322.9336
solder_C_2	323.4763
solder_C_3	323.4638
solder_C_4	323.6364
solder_C_5	323.5253
solder_C_6	322.9555
solder_C_7	322.5509
solder_C_8	322.3952
solder_C_9	322.7126
solder_C_10	323.0276
solder_C_11	323.1210
solder_C_12	323.1781
solder_C_13	323.0627
solder_C_14	322.7340
solder_C_15	322.4097
solder_C_16	322.0898
solder_C_17	322.2157
solder_C_18	322.3750
solder_C_19	322.4599
solder_C_20	322.4739
solder_C_21	322.3928
solder_C_22	322.2309
solder_C_23	322.1026
solder_C_24	321.9207
solder_C_25	321.9166
solder_C_26	321.9914
solder_C_27	322.0422
solder_C_28	322.0469
solder_C_29	322.0001
solder_C_30	321.9259
solder_C_31	321.9305
sub_C_0	322.5444
sub_C_1	322.9425
sub_C_2	323.6130
sub_C_3	323.5229
sub_C_4	323.7633
sub_C_5	323.6597
sub_C_6	322.9644
sub_C_7	322.5576
sub_C_8	322.4272
sub_C_9	322.7495
sub_C_10	323.0689
sub_C_11	323.1610
sub_C_12	323.2193
sub_C_13	323.1036
sub_C_14	322.7707
sub_C_15	322.4417
sub_C_16	322.0485
sub_C_17	322.1882
sub_C_18	322.3515
sub_C_19	322.4377
sub_C_20	322.4514
sub_C_21	322.3691
sub_C_22	322.2033
sub_C_23	322.0613
sub_C_24	321.8704
sub_C_25	321.8840
sub_C_26	321.9642
sub_C_27	322.0169
sub_C_28	322.0215
sub_C_29	321.9729
sub_C_30	321.8934
sub_C_31	321.8802
layer_3_C_0	322.5791
layer_3_C_1	323.0101
layer_3_C_2	324.9775
layer_3_C_3	324.0751
layer_3_C_4	325.0092
layer_3_C_5	324.9915
layer_3_C_6	323.0316
layer_3_C_7	322.5928
layer_3_C_8	322.7357
layer_3_C_9	323.1240
layer_3_C_10	323.4645
layer_3_C_11	323.5564
layer_3_C_12	323.6145
layer_3_C_13	323.4946
layer_3_C_14	323.1439
layer_3_C_15	322.7501
layer_3_C_16	321.6316
layer_3_C_17	321.9071
layer_3_C_18	322.1086
layer_3_C_19	322.2073
layer_3_C_20	322.2189
layer_3_C_21	322.1246
layer_3_C_22	321.9216
layer_3_C_23	321.6439
layer_3_C_24	321.3884
layer_3_C_25	321.5634
layer_3_C_26	321.6949
layer_3_C_27	321.7645
layer_3_C_28	321.7689
layer_3_C_29	321.7037
layer_3_C_30	321.5731
layer_3_C_31	321.3979
layer_4_TB_0	322.5335
layer_4_TB_1	322.9643
layer_4_TB_2	324.8212
layer_4_TB_3	323.9892
layer_4_TB_4	324.8634
layer_4_TB_5	324.8378
layer_4_TB_6	322.9858
layer_4_TB_7	322.5472
layer_4_TB_8	322.6740
layer_4_TB_9	323.0624
layer_4_TB_10	323.4023
layer_4_TB_11	323.4946
layer_4_TB_12	323.5524
layer_4_TB_13	323.4324
layer_4_TB_14	323.0823
layer_4_TB_15	322.6883
layer_4_TB_16	321.6308
layer_4_TB_17	321.9064
layer_4_TB_18	322.1080
layer_4_TB_19	322.2067
layer_4_TB_20	322.2183
layer_4_TB_21	322.1240
layer_4_TB_22	321.9209
layer_4_TB_23	321.6431
layer_4_TB_24	321.3878
layer_4_TB_25	321.5630
layer_4_TB_26	321.6946
layer_4_TB_27	321.7641
layer_4_TB_28	321.7686
layer_4_TB_29	321.7034
layer_4_TB_30	321.5727
layer_4_TB_31	321.3973
hsp_TB_0	322.0775
hsp_TB_1	322.5062
hsp_TB_2	323.2580
hsp_TB_3	323.1303
hsp_TB_4	323.4053
hsp_TB_5	323.3002
hsp_TB_6	322.5276
hsp_TB_7	322.0912
hsp_TB_8	322.0568
hsp_TB_9	322.4466
hsp_TB_10	322.7803
hsp_TB_11	322.8762
hsp_TB_12	322.9307
hsp_TB_13	322.8104
hsp_TB_14	322.4665
hsp_TB_15	322.0712
hsp_TB_16	321.6223
hsp_TB_17	321.9000
hsp_TB_18	322.1019
hsp_TB_19	322.2008
hsp_TB_20	322.2124
hsp_TB_21	322.1179
hsp_TB_22	321.9145
hsp_TB_23	321.6346
hsp_TB_24	321.3821
hsp_TB_25	321.5592
hsp_TB_26	321.6911
hsp_TB_27	321.7608
hsp_TB_28	321.7652
hsp_TB_29	321.6999
hsp_TB_30	321.5688
hsp_TB_31	321.3916
hsink_TB_0	321.8833
hsink_TB_1	322.2812
hsink_TB_2	322.6715
hsink_TB_3	322.7481
hsink_TB_4	322.8327
hsink_TB_5	322.7112
hsink_TB_6	322.3025
hsink_TB_7	321.8970
hsink_TB_8	321.8274
hsink_TB_9	322.2039
hsink_TB_10	322.5001
hsink_TB_11	322.6143
hsink_TB_12	322.6499
hsink_TB_13	322.5290
hsink_TB_14	322.2237
hsink_TB_15	321.8417
hsink_TB_16	321.5928
hsink_TB_17	321.8692
hsink_TB_18	322.0698
hsink_TB_19	322.1691
hsink_TB_20	322.1801
hsink_TB_21	322.0857
hsink_TB_22	321.8836
hsink_TB_23	321.6051
hsink_TB_24	321.3766
hsink_TB_25	321.5541
hsink_TB_26	321.6862
hsink_TB_27	321.7559
hsink_TB_28	321.7603
hsink_TB_29	321.6950
hsink_TB_30	321.5638
hsink_TB_31	321.3860
inode_0	321.1122
inode_1	321.1227
inode_2	320.9126
inode_3	321.6649
inode_4	321.1060
inode_5	321.1164
inode_6	320.9092
inode_7	321.6589
inode_8	320.8398
inode_9	320.8493
inode_10	320.5918
inode_11	321.2552
inode_12	322.2041
inode_13	322.2165
inode_14	321.8445
inode_15	323.0002
inode_16	322.2035
inode_17	322.2160
inode_18	321.8444
inode_19	322.9998
inode_20	321.9661
inode_21	321.9777
inode_22	321.8190
inode_23	322.9461
inode_24	321.0751
inode_25	321.0840
inode_26	320.7767
inode_27	321.5836
