pcb_LC_0	356.1006
pcb_LC_1	357.4284
pcb_LC_2	358.0186
pcb_LC_3	358.2563
pcb_LC_4	358.2566
pcb_LC_5	358.0196
pcb_LC_6	357.4300
pcb_LC_7	356.1025
pcb_LC_8	356.1702
pcb_LC_9	357.7996
pcb_LC_10	358.5743
pcb_LC_11	358.8929
pcb_LC_12	358.8933
pcb_LC_13	358.5755
pcb_LC_14	357.8016
pcb_LC_15	356.1725
pcb_LC_16	356.2064
pcb_LC_17	357.8643
pcb_LC_18	358.6503
pcb_LC_19	358.9726
pcb_LC_20	358.9729
pcb_LC_21	358.6512
pcb_LC_22	357.8660
pcb_LC_23	356.2085
pcb_LC_24	356.1927
pcb_LC_25	357.5795
pcb_LC_26	358.1915
pcb_LC_27	358.4363
pcb_LC_28	358.4364
pcb_LC_29	358.1921
pcb_LC_30	357.5805
pcb_LC_31	356.1942
solder_LC_0	358.3522
solder_LC_1	358.7378
solder_LC_2	359.0698
solder_LC_3	359.2460
solder_LC_4	359.2464
solder_LC_5	359.0713
solder_LC_6	358.7407
solder_LC_7	358.3554
solder_LC_8	358.8102
solder_LC_9	359.4560
solder_LC_10	359.9189
solder_LC_11	360.1546
solder_LC_12	360.1551
solder_LC_13	359.9206
solder_LC_14	359.4600
solder_LC_15	358.8144
solder_LC_16	358.9223
solder_LC_17	359.6186
solder_LC_18	360.0965
solder_LC_19	360.3367
solder_LC_20	360.3369
solder_LC_21	360.0971
solder_LC_22	359.6210
solder_LC_23	358.9255
solder_LC_24	358.5328
solder_LC_25	359.0084
solder_LC_26	359.3687
solder_LC_27	359.5532
solder_LC_28	359.5533
solder_LC_29	359.3689
solder_LC_30	359.0096
solder_LC_31	358.5349
sub_LC_0	358.4038
sub_LC_1	358.8201
sub_LC_2	359.1839
sub_LC_3	359.3769
sub_LC_4	359.3774
sub_LC_5	359.1856
sub_LC_6	358.8235
sub_LC_7	358.4075
sub_LC_8	359.1832
sub_LC_9	359.8307
sub_LC_10	360.3166
sub_LC_11	360.5647
sub_LC_12	360.5651
sub_LC_13	360.3186
sub_LC_14	359.8367
sub_LC_15	359.1889
sub_LC_16	359.4120
sub_LC_17	360.1059
sub_LC_18	360.6049
sub_LC_19	360.8574
sub_LC_20	360.8575
sub_LC_21	360.6047
sub_LC_22	360.1082
sub_LC_23	359.4154
sub_LC_24	358.6539
sub_LC_25	359.1506
sub_LC_26	359.5411
sub_LC_27	359.7422
sub_LC_28	359.7422
sub_LC_29	359.5411
sub_LC_30	359.1517
sub_LC_31	358.6560
layer_3_LC_0	358.4671
layer_3_LC_1	359.2611
layer_3_LC_2	359.9398
layer_3_LC_3	360.2887
layer_3_LC_4	360.2892
layer_3_LC_5	359.9424
layer_3_LC_6	359.2685
layer_3_LC_7	358.4748
layer_3_LC_8	362.6217
layer_3_LC_9	363.4878
layer_3_LC_10	364.2438
layer_3_LC_11	364.6217
layer_3_LC_12	364.6221
layer_3_LC_13	364.2490
layer_3_LC_14	363.5158
layer_3_LC_15	362.6436
layer_3_LC_16	364.1527
layer_3_LC_17	365.0416
layer_3_LC_18	365.7905
layer_3_LC_19	366.1740
layer_3_LC_20	366.1730
layer_3_LC_21	365.7810
layer_3_LC_22	365.0423
layer_3_LC_23	364.1585
layer_3_LC_24	359.3239
layer_3_LC_25	360.1357
layer_3_LC_26	360.8220
layer_3_LC_27	361.1754
layer_3_LC_28	361.1749
layer_3_LC_29	360.8196
layer_3_LC_30	360.1355
layer_3_LC_31	359.3253
layer_4_TB_0	358.3619
layer_4_TB_1	359.1559
layer_4_TB_2	359.8341
layer_4_TB_3	360.1827
layer_4_TB_4	360.1832
layer_4_TB_5	359.8368
layer_4_TB_6	359.1634
layer_4_TB_7	358.3696
layer_4_TB_8	362.5216
layer_4_TB_9	363.3874
layer_4_TB_10	364.1428
layer_4_TB_11	364.5203
layer_4_TB_12	364.5207
layer_4_TB_13	364.1480
layer_4_TB_14	363.4155
layer_4_TB_15	362.5435
layer_4_TB_16	364.0571
layer_4_TB_17	364.9457
layer_4_TB_18	365.6938
layer_4_TB_19	366.0768
layer_4_TB_20	366.0759
layer_4_TB_21	365.6843
layer_4_TB_22	364.9464
layer_4_TB_23	364.0629
layer_4_TB_24	359.2168
layer_4_TB_25	360.0285
layer_4_TB_26	360.7143
layer_4_TB_27	361.0673
layer_4_TB_28	361.0667
layer_4_TB_29	360.7118
layer_4_TB_30	360.0283
layer_4_TB_31	359.2181
layer_5_B_0	357.3092
layer_5_B_1	358.1037
layer_5_B_2	358.7768
layer_5_B_3	359.1220
layer_5_B_4	359.1225
layer_5_B_5	358.7794
layer_5_B_6	358.1108
layer_5_B_7	357.3166
layer_5_B_8	361.5209
layer_5_B_9	362.3843
layer_5_B_10	363.1336
layer_5_B_11	363.5064
layer_5_B_12	363.5068
layer_5_B_13	363.1389
layer_5_B_14	362.4132
layer_5_B_15	361.5431
layer_5_B_16	363.1022
layer_5_B_17	363.9882
layer_5_B_18	364.7286
layer_5_B_19	365.1068
layer_5_B_20	365.1059
layer_5_B_21	364.7186
layer_5_B_22	363.9885
layer_5_B_23	363.1078
layer_5_B_24	358.1443
layer_5_B_25	358.9554
layer_5_B_26	359.6356
layer_5_B_27	359.9849
layer_5_B_28	359.9844
layer_5_B_29	359.6332
layer_5_B_30	358.9552
layer_5_B_31	358.1456
layer_6_TB_0	357.1590
layer_6_TB_1	357.9539
layer_6_TB_2	358.6263
layer_6_TB_3	358.9709
layer_6_TB_4	358.9714
layer_6_TB_5	358.6287
layer_6_TB_6	357.9609
layer_6_TB_7	357.1663
layer_6_TB_8	361.3363
layer_6_TB_9	362.2005
layer_6_TB_10	362.9485
layer_6_TB_11	363.3208
layer_6_TB_12	363.3211
layer_6_TB_13	362.9536
layer_6_TB_14	362.2285
layer_6_TB_15	361.3580
layer_6_TB_16	362.9006
layer_6_TB_17	363.7868
layer_6_TB_18	364.5263
layer_6_TB_19	364.9038
layer_6_TB_20	364.9029
layer_6_TB_21	364.5165
layer_6_TB_22	363.7872
layer_6_TB_23	362.9061
layer_6_TB_24	357.9901
layer_6_TB_25	358.8015
layer_6_TB_26	359.4810
layer_6_TB_27	359.8297
layer_6_TB_28	359.8292
layer_6_TB_29	359.4786
layer_6_TB_30	358.8013
layer_6_TB_31	357.9915
layer_7_B_32	355.6555
layer_7_B_33	356.4546
layer_7_B_34	357.1196
layer_7_B_35	357.4591
layer_7_B_36	357.4596
layer_7_B_37	357.1219
layer_7_B_38	356.4609
layer_7_B_39	355.6623
layer_7_B_40	359.4908
layer_7_B_41	360.3625
layer_7_B_42	361.0973
layer_7_B_43	361.4651
layer_7_B_44	361.4654
layer_7_B_45	361.1009
layer_7_B_46	360.3819
layer_7_B_47	359.5079
layer_7_B_48	360.8859
layer_7_B_49	361.7737
layer_7_B_50	362.5042
layer_7_B_51	362.8757
layer_7_B_52	362.8749
layer_7_B_53	362.4970
layer_7_B_54	361.7749
layer_7_B_55	360.8910
layer_7_B_56	356.4474
layer_7_B_57	357.2617
layer_7_B_58	357.9335
layer_7_B_59	358.2768
layer_7_B_60	358.2763
layer_7_B_61	357.9314
layer_7_B_62	357.2616
layer_7_B_63	356.4486
layer_8_TB_0	355.4615
layer_8_TB_1	356.2613
layer_8_TB_2	356.9254
layer_8_TB_3	357.2642
layer_8_TB_4	357.2647
layer_8_TB_5	356.9277
layer_8_TB_6	356.2676
layer_8_TB_7	355.4682
layer_8_TB_8	359.2677
layer_8_TB_9	360.1407
layer_8_TB_10	360.8741
layer_8_TB_11	361.2413
layer_8_TB_12	361.2416
layer_8_TB_13	360.8776
layer_8_TB_14	360.1593
layer_8_TB_15	359.2843
layer_8_TB_16	360.6503
layer_8_TB_17	361.5388
layer_8_TB_18	362.2683
layer_8_TB_19	362.6391
layer_8_TB_20	362.6383
layer_8_TB_21	362.2614
layer_8_TB_22	361.5401
layer_8_TB_23	360.6553
layer_8_TB_24	356.2478
layer_8_TB_25	357.0627
layer_8_TB_26	357.7336
layer_8_TB_27	358.0761
layer_8_TB_28	358.0756
layer_8_TB_29	357.7315
layer_8_TB_30	357.0626
layer_8_TB_31	356.2490
layer_9_B_64	353.5204
layer_9_B_65	354.3282
layer_9_B_66	354.9828
layer_9_B_67	355.3147
layer_9_B_68	355.3151
layer_9_B_69	354.9847
layer_9_B_70	354.3334
layer_9_B_71	353.5264
layer_9_B_72	357.0372
layer_9_B_73	357.9230
layer_9_B_74	358.6427
layer_9_B_75	359.0038
layer_9_B_76	359.0040
layer_9_B_77	358.6447
layer_9_B_78	357.9336
layer_9_B_79	357.0495
layer_9_B_80	358.2956
layer_9_B_81	359.1918
layer_9_B_82	359.9112
layer_9_B_83	360.2746
layer_9_B_84	360.2739
layer_9_B_85	359.9064
layer_9_B_86	359.1937
layer_9_B_87	358.3001
layer_9_B_88	354.2506
layer_9_B_89	355.0724
layer_9_B_90	355.7335
layer_9_B_91	356.0688
layer_9_B_92	356.0683
layer_9_B_93	355.7316
layer_9_B_94	355.0724
layer_9_B_95	354.2518
layer_10_TB_0	353.2840
layer_10_TB_1	354.0929
layer_10_TB_2	354.7463
layer_10_TB_3	355.0774
layer_10_TB_4	355.0778
layer_10_TB_5	354.7483
layer_10_TB_6	354.0981
layer_10_TB_7	353.2899
layer_10_TB_8	356.7766
layer_10_TB_9	357.6642
layer_10_TB_10	358.3824
layer_10_TB_11	358.7428
layer_10_TB_12	358.7430
layer_10_TB_13	358.3843
layer_10_TB_14	357.6740
layer_10_TB_15	356.7884
layer_10_TB_16	358.0265
layer_10_TB_17	358.9240
layer_10_TB_18	359.6423
layer_10_TB_19	360.0048
layer_10_TB_20	360.0041
layer_10_TB_21	359.6377
layer_10_TB_22	358.9260
layer_10_TB_23	358.0310
layer_10_TB_24	354.0071
layer_10_TB_25	354.8300
layer_10_TB_26	355.4898
layer_10_TB_27	355.8242
layer_10_TB_28	355.8238
layer_10_TB_29	355.4880
layer_10_TB_30	354.8299
layer_10_TB_31	354.0083
layer_11_B_96	350.9189
layer_11_B_97	351.7397
layer_11_B_98	352.3814
layer_11_B_99	352.7038
layer_11_B_100	352.7042
layer_11_B_101	352.3831
layer_11_B_102	351.7439
layer_11_B_103	350.9240
layer_11_B_104	354.1703
layer_11_B_105	355.0765
layer_11_B_106	355.7801
layer_11_B_107	356.1330
layer_11_B_108	356.1331
layer_11_B_109	355.7805
layer_11_B_110	355.0784
layer_11_B_111	354.1780
layer_11_B_112	355.3365
layer_11_B_113	356.2476
layer_11_B_114	356.9546
layer_11_B_115	357.3085
layer_11_B_116	357.3079
layer_11_B_117	356.9519
layer_11_B_118	356.2501
layer_11_B_119	355.3402
layer_11_B_120	351.5712
layer_11_B_121	352.4048
layer_11_B_122	353.0528
layer_11_B_123	353.3781
layer_11_B_124	353.3777
layer_11_B_125	353.0513
layer_11_B_126	352.4049
layer_11_B_127	351.5722
layer_12_TB_0	350.6415
layer_12_TB_1	351.4639
layer_12_TB_2	352.1042
layer_12_TB_3	352.4256
layer_12_TB_4	352.4260
layer_12_TB_5	352.1059
layer_12_TB_6	351.4680
layer_12_TB_7	350.6465
layer_12_TB_8	353.8732
layer_12_TB_9	354.7818
layer_12_TB_10	355.4838
layer_12_TB_11	355.8359
layer_12_TB_12	355.8360
layer_12_TB_13	355.4841
layer_12_TB_14	354.7830
layer_12_TB_15	353.8804
layer_12_TB_16	355.0347
layer_12_TB_17	355.9479
layer_12_TB_18	356.6536
layer_12_TB_19	357.0064
layer_12_TB_20	357.0059
layer_12_TB_21	356.6511
layer_12_TB_22	355.9504
layer_12_TB_23	355.0384
layer_12_TB_24	351.2853
layer_12_TB_25	352.1205
layer_12_TB_26	352.7670
layer_12_TB_27	353.0913
layer_12_TB_28	353.0909
layer_12_TB_29	352.7655
layer_12_TB_30	352.1205
layer_12_TB_31	351.2864
layer_13_B_128	347.8669
layer_13_B_129	348.7053
layer_13_B_130	349.3317
layer_13_B_131	349.6426
layer_13_B_132	349.6429
layer_13_B_133	349.3330
layer_13_B_134	348.7084
layer_13_B_135	347.8710
layer_13_B_136	350.9024
layer_13_B_137	351.8360
layer_13_B_138	352.5220
layer_13_B_139	352.8653
layer_13_B_140	352.8654
layer_13_B_141	352.5208
layer_13_B_142	351.8292
layer_13_B_143	350.9055
layer_13_B_144	352.0183
layer_13_B_145	352.9515
layer_13_B_146	353.6446
layer_13_B_147	353.9875
layer_13_B_148	353.9870
layer_13_B_149	353.6439
layer_13_B_150	352.9546
layer_13_B_151	352.0213
layer_13_B_152	348.4258
layer_13_B_153	349.2761
layer_13_B_154	349.9083
layer_13_B_155	350.2219
layer_13_B_156	350.2216
layer_13_B_157	349.9072
layer_13_B_158	349.2762
layer_13_B_159	348.4267
layer_14_TB_0	347.5500
layer_14_TB_1	348.3904
layer_14_TB_2	349.0152
layer_14_TB_3	349.3250
layer_14_TB_4	349.3252
layer_14_TB_5	349.0165
layer_14_TB_6	348.3935
layer_14_TB_7	347.5540
layer_14_TB_8	350.5245
layer_14_TB_9	351.4608
layer_14_TB_10	352.1455
layer_14_TB_11	352.4877
layer_14_TB_12	352.4878
layer_14_TB_13	352.1444
layer_14_TB_14	351.4542
layer_14_TB_15	350.5276
layer_14_TB_16	351.6132
layer_14_TB_17	352.5492
layer_14_TB_18	353.2409
layer_14_TB_19	353.5827
layer_14_TB_20	353.5822
layer_14_TB_21	353.2403
layer_14_TB_22	352.5522
layer_14_TB_23	351.6161
layer_14_TB_24	348.0990
layer_14_TB_25	348.9513
layer_14_TB_26	349.5819
layer_14_TB_27	349.8942
layer_14_TB_28	349.8939
layer_14_TB_29	349.5807
layer_14_TB_30	348.9515
layer_14_TB_31	348.0999
layer_15_B_160	344.3805
layer_15_B_161	345.2415
layer_15_B_162	345.8499
layer_15_B_163	346.1475
layer_15_B_164	346.1478
layer_15_B_165	345.8509
layer_15_B_166	345.2437
layer_15_B_167	344.3836
layer_15_B_168	346.7459
layer_15_B_169	347.7091
layer_15_B_170	348.3812
layer_15_B_171	348.7118
layer_15_B_172	348.7118
layer_15_B_173	348.3804
layer_15_B_174	347.7044
layer_15_B_175	346.7482
layer_15_B_176	347.5630
layer_15_B_177	348.5276
layer_15_B_178	349.2053
layer_15_B_179	349.5357
layer_15_B_180	349.5354
layer_15_B_181	349.2048
layer_15_B_182	348.5298
layer_15_B_183	347.5653
layer_15_B_184	344.8307
layer_15_B_185	345.7029
layer_15_B_186	346.3167
layer_15_B_187	346.6166
layer_15_B_188	346.6163
layer_15_B_189	346.3158
layer_15_B_190	345.7031
layer_15_B_191	344.8314
layer_16_TB_0	344.0265
layer_16_TB_1	344.8900
layer_16_TB_2	345.4965
layer_16_TB_3	345.7928
layer_16_TB_4	345.7930
layer_16_TB_5	345.4975
layer_16_TB_6	344.8922
layer_16_TB_7	344.0296
layer_16_TB_8	346.3342
layer_16_TB_9	347.3009
layer_16_TB_10	347.9716
layer_16_TB_11	348.3008
layer_16_TB_12	348.3009
layer_16_TB_13	347.9707
layer_16_TB_14	347.2963
layer_16_TB_15	346.3365
layer_16_TB_16	347.1268
layer_16_TB_17	348.0950
layer_16_TB_18	348.7711
layer_16_TB_19	349.1003
layer_16_TB_20	349.1000
layer_16_TB_21	348.7707
layer_16_TB_22	348.0971
layer_16_TB_23	347.1291
layer_16_TB_24	344.4658
layer_16_TB_25	345.3406
layer_16_TB_26	345.9524
layer_16_TB_27	346.2509
layer_16_TB_28	346.2506
layer_16_TB_29	345.9516
layer_16_TB_30	345.3407
layer_16_TB_31	344.4665
layer_17_B_192	340.4859
layer_17_B_193	341.3750
layer_17_B_194	341.9625
layer_17_B_195	342.2449
layer_17_B_196	342.2450
layer_17_B_197	341.9631
layer_17_B_198	341.3765
layer_17_B_199	340.4881
layer_17_B_200	342.2175
layer_17_B_201	343.2189
layer_17_B_202	343.8751
layer_17_B_203	344.1915
layer_17_B_204	344.1916
layer_17_B_205	343.8745
layer_17_B_206	343.2160
layer_17_B_207	342.2192
layer_17_B_208	342.7657
layer_17_B_209	343.7702
layer_17_B_210	344.4305
layer_17_B_211	344.7471
layer_17_B_212	344.7469
layer_17_B_213	344.4302
layer_17_B_214	343.7716
layer_17_B_215	342.7674
layer_17_B_216	340.8165
layer_17_B_217	341.7165
layer_17_B_218	342.3088
layer_17_B_219	342.5931
layer_17_B_220	342.5929
layer_17_B_221	342.3082
layer_17_B_222	341.7167
layer_17_B_223	340.8171
layer_18_TB_0	340.0972
layer_18_TB_1	340.9894
layer_18_TB_2	341.5746
layer_18_TB_3	341.8555
layer_18_TB_4	341.8557
layer_18_TB_5	341.5753
layer_18_TB_6	340.9909
layer_18_TB_7	340.0993
layer_18_TB_8	341.7735
layer_18_TB_9	342.7793
layer_18_TB_10	343.4337
layer_18_TB_11	343.7487
layer_18_TB_12	343.7488
layer_18_TB_13	343.4332
layer_18_TB_14	342.7764
layer_18_TB_15	341.7751
layer_18_TB_16	342.2990
layer_18_TB_17	343.3079
layer_18_TB_18	343.9664
layer_18_TB_19	344.2817
layer_18_TB_20	344.2815
layer_18_TB_21	343.9661
layer_18_TB_22	343.3093
layer_18_TB_23	342.3006
layer_18_TB_24	340.4163
layer_18_TB_25	341.3194
layer_18_TB_26	341.9094
layer_18_TB_27	342.1921
layer_18_TB_28	342.1919
layer_18_TB_29	341.9089
layer_18_TB_30	341.3195
layer_18_TB_31	340.4169
layer_19_B_224	336.2096
layer_19_B_225	337.1331
layer_19_B_226	337.6962
layer_19_B_227	337.9615
layer_19_B_228	337.9616
layer_19_B_229	337.6966
layer_19_B_230	337.1340
layer_19_B_231	336.2109
layer_19_B_232	337.3334
layer_19_B_233	338.3826
layer_19_B_234	339.0203
layer_19_B_235	339.3213
layer_19_B_236	339.3213
layer_19_B_237	339.0200
layer_19_B_238	338.3811
layer_19_B_239	337.3344
layer_19_B_240	337.6322
layer_19_B_241	338.6858
layer_19_B_242	339.3265
layer_19_B_243	339.6279
layer_19_B_244	339.6277
layer_19_B_245	339.3263
layer_19_B_246	338.6866
layer_19_B_247	337.6332
layer_19_B_248	336.4138
layer_19_B_249	337.3479
layer_19_B_250	337.9152
layer_19_B_251	338.1821
layer_19_B_252	338.1820
layer_19_B_253	337.9149
layer_19_B_254	337.3480
layer_19_B_255	336.4142
layer_20_TB_0	335.7887
layer_20_TB_1	336.7159
layer_20_TB_2	337.2764
layer_20_TB_3	337.5400
layer_20_TB_4	337.5401
layer_20_TB_5	337.2768
layer_20_TB_6	336.7167
layer_20_TB_7	335.7899
layer_20_TB_8	336.8586
layer_20_TB_9	337.9131
layer_20_TB_10	338.5488
layer_20_TB_11	338.8483
layer_20_TB_12	338.8483
layer_20_TB_13	338.5486
layer_20_TB_14	337.9117
layer_20_TB_15	336.8596
layer_20_TB_16	337.1356
layer_20_TB_17	338.1947
layer_20_TB_18	338.8333
layer_20_TB_19	339.1332
layer_20_TB_20	339.1330
layer_20_TB_21	338.8331
layer_20_TB_22	338.1954
layer_20_TB_23	337.1365
layer_20_TB_24	335.9810
layer_20_TB_25	336.9189
layer_20_TB_26	337.4836
layer_20_TB_27	337.7486
layer_20_TB_28	337.7485
layer_20_TB_29	337.4833
layer_20_TB_30	336.9190
layer_20_TB_31	335.9814
hsp_TB_0	331.5787
hsp_TB_1	332.5435
hsp_TB_2	333.0785
hsp_TB_3	333.3248
hsp_TB_4	333.3249
hsp_TB_5	333.0786
hsp_TB_6	332.5437
hsp_TB_7	331.5791
hsp_TB_8	332.1108
hsp_TB_9	333.2182
hsp_TB_10	333.8346
hsp_TB_11	334.1188
hsp_TB_12	334.1188
hsp_TB_13	333.8346
hsp_TB_14	333.2181
hsp_TB_15	332.1111
hsp_TB_16	332.1701
hsp_TB_17	333.2835
hsp_TB_18	333.9017
hsp_TB_19	334.1865
hsp_TB_20	334.1865
hsp_TB_21	333.9017
hsp_TB_22	333.2837
hsp_TB_23	332.1704
hsp_TB_24	331.6529
hsp_TB_25	332.6283
hsp_TB_26	333.1667
hsp_TB_27	333.4143
hsp_TB_28	333.4142
hsp_TB_29	333.1667
hsp_TB_30	332.6283
hsp_TB_31	331.6531
hsink_TB_0	329.9915
hsink_TB_1	330.8176
hsink_TB_2	331.3186
hsink_TB_3	331.5543
hsink_TB_4	331.5543
hsink_TB_5	331.3187
hsink_TB_6	330.8177
hsink_TB_7	329.9916
hsink_TB_8	330.2983
hsink_TB_9	331.2480
hsink_TB_10	331.8275
hsink_TB_11	332.1005
hsink_TB_12	332.1005
hsink_TB_13	331.8275
hsink_TB_14	331.2481
hsink_TB_15	330.2984
hsink_TB_16	330.3115
hsink_TB_17	331.2642
hsink_TB_18	331.8449
hsink_TB_19	332.1184
hsink_TB_20	332.1184
hsink_TB_21	331.8450
hsink_TB_22	331.2643
hsink_TB_23	330.3116
hsink_TB_24	330.0187
hsink_TB_25	330.8511
hsink_TB_26	331.3548
hsink_TB_27	331.5914
hsink_TB_28	331.5914
hsink_TB_29	331.3548
hsink_TB_30	330.8512
hsink_TB_31	330.0188
inode_0	327.6182
inode_1	327.6183
inode_2	328.2453
inode_3	328.2130
inode_4	327.5757
inode_5	327.5758
inode_6	328.2112
inode_7	328.1793
inode_8	326.2531
inode_9	326.2532
inode_10	326.6164
inode_11	326.5895
inode_12	358.3609
inode_13	358.3640
inode_14	357.9262
inode_15	357.6830
inode_16	358.3374
inode_17	358.3405
inode_18	357.9204
inode_19	357.6776
inode_20	354.0477
inode_21	354.0497
inode_22	356.7517
inode_23	356.5385
inode_24	342.0987
inode_25	342.1001
inode_26	342.3735
inode_27	342.2397
