pcb_C_0	327.4000
pcb_C_1	328.0919
pcb_C_2	328.4340
pcb_C_3	328.5763
pcb_C_4	328.5800
pcb_C_5	328.4417
pcb_C_6	328.1003
pcb_C_7	327.4032
pcb_C_8	327.0986
pcb_C_9	327.6954
pcb_C_10	328.0292
pcb_C_11	328.1827
pcb_C_12	328.1856
pcb_C_13	328.0358
pcb_C_14	327.7012
pcb_C_15	327.1000
pcb_C_16	326.6476
pcb_C_17	326.9086
pcb_C_18	327.1156
pcb_C_19	327.2285
pcb_C_20	327.2300
pcb_C_21	327.1191
pcb_C_22	326.9116
pcb_C_23	326.6488
pcb_C_24	326.3207
pcb_C_25	326.3254
pcb_C_26	326.4131
pcb_C_27	326.4764
pcb_C_28	326.4771
pcb_C_29	326.4147
pcb_C_30	326.3270
pcb_C_31	326.3219
solder_C_0	327.7398
solder_C_1	328.3811
solder_C_2	328.7619
solder_C_3	328.9142
solder_C_4	328.9204
solder_C_5	328.7733
solder_C_6	328.3949
solder_C_7	327.7441
solder_C_8	327.4158
solder_C_9	327.9587
solder_C_10	328.3039
solder_C_11	328.4651
solder_C_12	328.4689
solder_C_13	328.3126
solder_C_14	327.9653
solder_C_15	327.4146
solder_C_16	326.6666
solder_C_17	326.8455
solder_C_18	327.0624
solder_C_19	327.1839
solder_C_20	327.1856
solder_C_21	327.0662
solder_C_22	326.8484
solder_C_23	326.6672
solder_C_24	326.2588
solder_C_25	326.1801
solder_C_26	326.2797
solder_C_27	326.3523
solder_C_28	326.3530
solder_C_29	326.2814
solder_C_30	326.1816
solder_C_31	326.2598
sub_C_0	327.8285
sub_C_1	328.4698
sub_C_2	328.8769
sub_C_3	329.0316
sub_C_4	329.0392
sub_C_5	328.8898
sub_C_6	328.4866
sub_C_7	327.8336
sub_C_8	327.5141
sub_C_9	328.0668
sub_C_10	328.4173
sub_C_11	328.5807
sub_C_12	328.5846
sub_C_13	328.4268
sub_C_14	328.0734
sub_C_15	327.5107
sub_C_16	326.5758
sub_C_17	326.7860
sub_C_18	327.0129
sub_C_19	327.1376
sub_C_20	327.1392
sub_C_21	327.0167
sub_C_22	326.7890
sub_C_23	326.5763
sub_C_24	326.1479
sub_C_25	326.1093
sub_C_26	326.2209
sub_C_27	326.2974
sub_C_28	326.2981
sub_C_29	326.2225
sub_C_30	326.1109
sub_C_31	326.1489
layer_3_C_0	328.6270
layer_3_C_1	329.3204
layer_3_C_2	329.9856
layer_3_C_3	330.1566
layer_3_C_4	330.1781
layer_3_C_5	330.0122
layer_3_C_6	329.3671
layer_3_C_7	328.6395
layer_3_C_8	328.4587
layer_3_C_9	329.1530
layer_3_C_10	329.5507
layer_3_C_11	329.7353
layer_3_C_12	329.7407
layer_3_C_13	329.5687
layer_3_C_14	329.1582
layer_3_C_15	328.4336
layer_3_C_16	325.6546
layer_3_C_17	326.1720
layer_3_C_18	326.4964
layer_3_C_19	326.6517
layer_3_C_20	326.6532
layer_3_C_21	326.5000
layer_3_C_22	326.1747
layer_3_C_23	325.6550
layer_3_C_24	325.0873
layer_3_C_25	325.4125
layer_3_C_26	325.6385
layer_3_C_27	325.7514
layer_3_C_28	325.7521
layer_3_C_29	325.6402
layer_3_C_30	325.4141
layer_3_C_31	325.0885
layer_4_TB_0	328.4695
layer_4_TB_1	329.1645
layer_4_TB_2	329.8112
layer_4_TB_3	329.9826
layer_4_TB_4	330.0028
layer_4_TB_5	329.8366
layer_4_TB_6	329.2087
layer_4_TB_7	328.4814
layer_4_TB_8	328.3007
layer_4_TB_9	328.9964
layer_4_TB_10	329.3949
layer_4_TB_11	329.5794
layer_4_TB_12	329.5847
layer_4_TB_13	329.4121
layer_4_TB_14	329.0017
layer_4_TB_15	328.2775
layer_4_TB_16	325.6526
layer_4_TB_17	326.1704
layer_4_TB_18	326.4950
layer_4_TB_19	326.6503
layer_4_TB_20	326.6518
layer_4_TB_21	326.4985
layer_4_TB_22	326.1732
layer_4_TB_23	325.6530
layer_4_TB_24	325.0860
layer_4_TB_25	325.4116
layer_4_TB_26	325.6378
layer_4_TB_27	325.7507
layer_4_TB_28	325.7514
layer_4_TB_29	325.6395
layer_4_TB_30	325.4133
layer_4_TB_31	325.0873
hsp_TB_0	326.8944
hsp_TB_1	327.6061
hsp_TB_2	328.0674
hsp_TB_3	328.2423
hsp_TB_4	328.2505
hsp_TB_5	328.0806
hsp_TB_6	327.6243
hsp_TB_7	326.9005
hsp_TB_8	326.7210
hsp_TB_9	327.4305
hsp_TB_10	327.8372
hsp_TB_11	328.0210
hsp_TB_12	328.0247
hsp_TB_13	327.8464
hsp_TB_14	327.4365
hsp_TB_15	326.7165
hsp_TB_16	325.6327
hsp_TB_17	326.1552
hsp_TB_18	326.4807
hsp_TB_19	326.6364
hsp_TB_20	326.6378
hsp_TB_21	326.4842
hsp_TB_22	326.1580
hsp_TB_23	325.6332
hsp_TB_24	325.0736
hsp_TB_25	325.4033
hsp_TB_26	325.6304
hsp_TB_27	325.7436
hsp_TB_28	325.7443
hsp_TB_29	325.6321
hsp_TB_30	325.4050
hsp_TB_31	325.0748
hsink_TB_0	326.2536
hsink_TB_1	326.9390
hsink_TB_2	327.3362
hsink_TB_3	327.5083
hsink_TB_4	327.5122
hsink_TB_5	327.3442
hsink_TB_6	326.9481
hsink_TB_7	326.2577
hsink_TB_8	326.1202
hsink_TB_9	326.8084
hsink_TB_10	327.2099
hsink_TB_11	327.3929
hsink_TB_12	327.3955
hsink_TB_13	327.2160
hsink_TB_14	326.8139
hsink_TB_15	326.1213
hsink_TB_16	325.5586
hsink_TB_17	326.0782
hsink_TB_18	326.4038
hsink_TB_19	326.5594
hsink_TB_20	326.5607
hsink_TB_21	326.4070
hsink_TB_22	326.0810
hsink_TB_23	325.5598
hsink_TB_24	325.0611
hsink_TB_25	325.3921
hsink_TB_26	325.6195
hsink_TB_27	325.7328
hsink_TB_28	325.7334
hsink_TB_29	325.6211
hsink_TB_30	325.3938
hsink_TB_31	325.0623
inode_0	324.5539
inode_1	324.5554
inode_2	324.0029
inode_3	325.4255
inode_4	324.5397
inode_5	324.5412
inode_6	323.9958
inode_7	325.4135
inode_8	323.9643
inode_9	323.9657
inode_10	323.3233
inode_11	324.5779
inode_12	326.9480
inode_13	326.9492
inode_14	325.9997
inode_15	328.1521
inode_16	326.9459
inode_17	326.9471
inode_18	325.9995
inode_19	328.1513
inode_20	326.3911
inode_21	326.3927
inode_22	325.9454
inode_23	328.0448
inode_24	324.4670
inode_25	324.4681
inode_26	323.7308
inode_27	325.2338
