pcb_LC_0	358.3033
pcb_LC_1	359.7356
pcb_LC_2	360.3714
pcb_LC_3	360.6267
pcb_LC_4	360.6264
pcb_LC_5	360.3708
pcb_LC_6	359.7351
pcb_LC_7	358.3032
pcb_LC_8	358.3613
pcb_LC_9	360.1035
pcb_LC_10	360.9309
pcb_LC_11	361.2705
pcb_LC_12	361.2701
pcb_LC_13	360.9300
pcb_LC_14	360.1028
pcb_LC_15	358.3611
pcb_LC_16	358.3622
pcb_LC_17	360.1051
pcb_LC_18	360.9329
pcb_LC_19	361.2727
pcb_LC_20	361.2723
pcb_LC_21	360.9320
pcb_LC_22	360.1045
pcb_LC_23	358.3621
pcb_LC_24	358.3057
pcb_LC_25	359.7395
pcb_LC_26	360.3759
pcb_LC_27	360.6315
pcb_LC_28	360.6313
pcb_LC_29	360.3754
pcb_LC_30	359.7392
pcb_LC_31	358.3057
solder_LC_0	360.7124
solder_LC_1	361.1620
solder_LC_2	361.5287
solder_LC_3	361.7200
solder_LC_4	361.7194
solder_LC_5	361.5272
solder_LC_6	361.1611
solder_LC_7	360.7125
solder_LC_8	361.2167
solder_LC_9	361.9395
solder_LC_10	362.4415
solder_LC_11	362.6945
solder_LC_12	362.6936
solder_LC_13	362.4389
solder_LC_14	361.9380
solder_LC_15	361.2170
solder_LC_16	361.2196
solder_LC_17	361.9437
solder_LC_18	362.4458
solder_LC_19	362.6995
solder_LC_20	362.6987
solder_LC_21	362.4438
solder_LC_22	361.9423
solder_LC_23	361.2202
solder_LC_24	360.7171
solder_LC_25	361.1689
solder_LC_26	361.5363
solder_LC_27	361.7282
solder_LC_28	361.7278
solder_LC_29	361.5353
solder_LC_30	361.1683
solder_LC_31	360.7175
sub_LC_0	360.7690
sub_LC_1	361.2477
sub_LC_2	361.6479
sub_LC_3	361.8570
sub_LC_4	361.8563
sub_LC_5	361.6459
sub_LC_6	361.2466
sub_LC_7	360.7692
sub_LC_8	361.7035
sub_LC_9	362.4269
sub_LC_10	362.9522
sub_LC_11	363.2180
sub_LC_12	363.2168
sub_LC_13	362.9480
sub_LC_14	362.4249
sub_LC_15	361.7043
sub_LC_16	361.7095
sub_LC_17	362.4340
sub_LC_18	362.9588
sub_LC_19	363.2263
sub_LC_20	363.2252
sub_LC_21	362.9560
sub_LC_22	362.4321
sub_LC_23	361.7111
sub_LC_24	360.7754
sub_LC_25	361.2561
sub_LC_26	361.6568
sub_LC_27	361.8669
sub_LC_28	361.8663
sub_LC_29	361.6556
sub_LC_30	361.2554
sub_LC_31	360.7761
layer_3_LC_0	360.7790
layer_3_LC_1	361.6394
layer_3_LC_2	362.3693
layer_3_LC_3	362.7441
layer_3_LC_4	362.7426
layer_3_LC_5	362.3638
layer_3_LC_6	361.6374
layer_3_LC_7	360.7806
layer_3_LC_8	366.3579
layer_3_LC_9	367.3135
layer_3_LC_10	368.1122
layer_3_LC_11	368.5130
layer_3_LC_12	368.5096
layer_3_LC_13	368.0899
layer_3_LC_14	367.3063
layer_3_LC_15	366.3636
layer_3_LC_16	366.3975
layer_3_LC_17	367.3544
layer_3_LC_18	368.1440
layer_3_LC_19	368.5598
layer_3_LC_20	368.5559
layer_3_LC_21	368.1338
layer_3_LC_22	367.3454
layer_3_LC_23	366.4107
layer_3_LC_24	360.8010
layer_3_LC_25	361.6613
layer_3_LC_26	362.3901
layer_3_LC_27	362.7683
layer_3_LC_28	362.7668
layer_3_LC_29	362.3877
layer_3_LC_30	361.6600
layer_3_LC_31	360.8047
layer_4_TB_0	360.6685
layer_4_TB_1	361.5288
layer_4_TB_2	362.2580
layer_4_TB_3	362.6324
layer_4_TB_4	362.6310
layer_4_TB_5	362.2526
layer_4_TB_6	361.5268
layer_4_TB_7	360.6701
layer_4_TB_8	366.2569
layer_4_TB_9	367.2121
layer_4_TB_10	368.0099
layer_4_TB_11	368.4100
layer_4_TB_12	368.4066
layer_4_TB_13	367.9875
layer_4_TB_14	367.2048
layer_4_TB_15	366.2626
layer_4_TB_16	366.2966
layer_4_TB_17	367.2531
layer_4_TB_18	368.0417
layer_4_TB_19	368.4570
layer_4_TB_20	368.4531
layer_4_TB_21	368.0315
layer_4_TB_22	367.2441
layer_4_TB_23	366.3098
layer_4_TB_24	360.6905
layer_4_TB_25	361.5506
layer_4_TB_26	362.2788
layer_4_TB_27	362.6565
layer_4_TB_28	362.6551
layer_4_TB_29	362.2764
layer_4_TB_30	361.5493
layer_4_TB_31	360.6941
layer_5_B_0	359.5624
layer_5_B_1	360.4216
layer_5_B_2	361.1444
layer_5_B_3	361.5147
layer_5_B_4	361.5133
layer_5_B_5	361.1392
layer_5_B_6	360.4197
layer_5_B_7	359.5640
layer_5_B_8	365.2478
layer_5_B_9	366.1989
layer_5_B_10	366.9875
layer_5_B_11	367.3815
layer_5_B_12	367.3782
layer_5_B_13	366.9646
layer_5_B_14	366.1917
layer_5_B_15	365.2535
layer_5_B_16	365.2886
layer_5_B_17	366.2411
layer_5_B_18	367.0199
layer_5_B_19	367.4298
layer_5_B_20	367.4259
layer_5_B_21	367.0099
layer_5_B_22	366.2319
layer_5_B_23	365.3022
layer_5_B_24	359.5838
layer_5_B_25	360.4429
layer_5_B_26	361.1646
layer_5_B_27	361.5381
layer_5_B_28	361.5367
layer_5_B_29	361.1623
layer_5_B_30	360.4416
layer_5_B_31	359.5873
layer_6_TB_0	359.4035
layer_6_TB_1	360.2630
layer_6_TB_2	360.9849
layer_6_TB_3	361.3546
layer_6_TB_4	361.3532
layer_6_TB_5	360.9798
layer_6_TB_6	360.2611
layer_6_TB_7	359.4051
layer_6_TB_8	365.0376
layer_6_TB_9	365.9886
layer_6_TB_10	366.7762
layer_6_TB_11	367.1699
layer_6_TB_12	367.1666
layer_6_TB_13	366.7540
layer_6_TB_14	365.9816
layer_6_TB_15	365.0432
layer_6_TB_16	365.0779
layer_6_TB_17	366.0302
layer_6_TB_18	366.8085
layer_6_TB_19	367.2176
layer_6_TB_20	367.2136
layer_6_TB_21	366.7986
layer_6_TB_22	366.0213
layer_6_TB_23	365.0912
layer_6_TB_24	359.4249
layer_6_TB_25	360.2841
layer_6_TB_26	361.0050
layer_6_TB_27	361.3779
layer_6_TB_28	361.3765
layer_6_TB_29	361.0028
layer_6_TB_30	360.2829
layer_6_TB_31	359.4283
layer_7_B_32	357.8137
layer_7_B_33	358.6758
layer_7_B_34	359.3890
layer_7_B_35	359.7528
layer_7_B_36	359.7515
layer_7_B_37	359.3843
layer_7_B_38	358.6741
layer_7_B_39	357.8153
layer_7_B_40	362.9360
layer_7_B_41	363.8873
layer_7_B_42	364.6648
layer_7_B_43	365.0555
layer_7_B_44	365.0525
layer_7_B_45	364.6483
layer_7_B_46	363.8820
layer_7_B_47	362.9416
layer_7_B_48	362.9719
layer_7_B_49	363.9231
layer_7_B_50	364.6950
layer_7_B_51	365.0961
layer_7_B_52	365.0921
layer_7_B_53	364.6871
layer_7_B_54	363.9171
layer_7_B_55	362.9825
layer_7_B_56	357.8341
layer_7_B_57	358.6958
layer_7_B_58	359.4083
layer_7_B_59	359.7749
layer_7_B_60	359.7735
layer_7_B_61	359.4062
layer_7_B_62	358.6948
layer_7_B_63	357.8373
layer_8_TB_0	357.6082
layer_8_TB_1	358.4708
layer_8_TB_2	359.1830
layer_8_TB_3	359.5460
layer_8_TB_4	359.5447
layer_8_TB_5	359.1784
layer_8_TB_6	358.4692
layer_8_TB_7	357.6097
layer_8_TB_8	362.6893
layer_8_TB_9	363.6412
layer_8_TB_10	364.4177
layer_8_TB_11	364.8079
layer_8_TB_12	364.8049
layer_8_TB_13	364.4017
layer_8_TB_14	363.6362
layer_8_TB_15	362.6950
layer_8_TB_16	362.7249
layer_8_TB_17	363.6766
layer_8_TB_18	364.4477
layer_8_TB_19	364.8479
layer_8_TB_20	364.8439
layer_8_TB_21	364.4400
layer_8_TB_22	363.6708
layer_8_TB_23	362.7353
layer_8_TB_24	357.6283
layer_8_TB_25	358.4907
layer_8_TB_26	359.2021
layer_8_TB_27	359.5679
layer_8_TB_28	359.5665
layer_8_TB_29	359.2001
layer_8_TB_30	358.4897
layer_8_TB_31	357.6315
layer_9_B_64	355.5515
layer_9_B_65	356.4206
layer_9_B_66	357.1218
layer_9_B_67	357.4771
layer_9_B_68	357.4759
layer_9_B_69	357.1178
layer_9_B_70	356.4191
layer_9_B_71	355.5530
layer_9_B_72	360.2236
layer_9_B_73	361.1820
layer_9_B_74	361.9473
layer_9_B_75	362.3328
layer_9_B_76	362.3301
layer_9_B_77	361.9365
layer_9_B_78	361.1787
layer_9_B_79	360.2293
layer_9_B_80	360.2560
layer_9_B_81	361.2127
layer_9_B_82	361.9761
layer_9_B_83	362.3671
layer_9_B_84	362.3631
layer_9_B_85	361.9703
layer_9_B_86	361.2097
layer_9_B_87	360.2639
layer_9_B_88	355.5702
layer_9_B_89	356.4389
layer_9_B_90	357.1396
layer_9_B_91	357.4972
layer_9_B_92	357.4959
layer_9_B_93	357.1378
layer_9_B_94	356.4381
layer_9_B_95	355.5731
layer_10_TB_0	355.3009
layer_10_TB_1	356.1710
layer_10_TB_2	356.8708
layer_10_TB_3	357.2252
layer_10_TB_4	357.2240
layer_10_TB_5	356.8669
layer_10_TB_6	356.1696
layer_10_TB_7	355.3023
layer_10_TB_8	359.9412
layer_10_TB_9	360.9009
layer_10_TB_10	361.6650
layer_10_TB_11	362.0498
layer_10_TB_12	362.0472
layer_10_TB_13	361.6547
layer_10_TB_14	360.8978
layer_10_TB_15	359.9469
layer_10_TB_16	359.9734
layer_10_TB_17	360.9312
layer_10_TB_18	361.6937
layer_10_TB_19	362.0837
layer_10_TB_20	362.0796
layer_10_TB_21	361.6881
layer_10_TB_22	360.9285
layer_10_TB_23	359.9811
layer_10_TB_24	355.3194
layer_10_TB_25	356.1892
layer_10_TB_26	356.8885
layer_10_TB_27	357.2451
layer_10_TB_28	357.2439
layer_10_TB_29	356.8867
layer_10_TB_30	356.1884
layer_10_TB_31	355.3222
layer_11_B_96	352.7937
layer_11_B_97	353.6743
layer_11_B_98	354.3609
layer_11_B_99	354.7057
layer_11_B_100	354.7046
layer_11_B_101	354.3577
layer_11_B_102	353.6732
layer_11_B_103	352.7951
layer_11_B_104	357.1180
layer_11_B_105	358.0907
layer_11_B_106	358.8424
layer_11_B_107	359.2209
layer_11_B_108	359.2187
layer_11_B_109	358.8371
layer_11_B_110	358.0893
layer_11_B_111	357.1238
layer_11_B_112	357.1480
layer_11_B_113	358.1174
layer_11_B_114	358.8706
layer_11_B_115	359.2504
layer_11_B_116	359.2461
layer_11_B_117	358.8671
layer_11_B_118	358.1173
layer_11_B_119	357.1534
layer_11_B_120	352.8104
layer_11_B_121	353.6906
layer_11_B_122	354.3770
layer_11_B_123	354.7235
layer_11_B_124	354.7223
layer_11_B_125	354.3754
layer_11_B_126	353.6901
layer_11_B_127	352.8128
layer_12_TB_0	352.4996
layer_12_TB_1	353.3818
layer_12_TB_2	354.0668
layer_12_TB_3	354.4104
layer_12_TB_4	354.4094
layer_12_TB_5	354.0636
layer_12_TB_6	353.3806
layer_12_TB_7	352.5010
layer_12_TB_8	356.8009
layer_12_TB_9	357.7756
layer_12_TB_10	358.5259
layer_12_TB_11	358.9036
layer_12_TB_12	358.9014
layer_12_TB_13	358.5211
layer_12_TB_14	357.7744
layer_12_TB_15	356.8067
layer_12_TB_16	356.8308
layer_12_TB_17	357.8020
layer_12_TB_18	358.5542
layer_12_TB_19	358.9328
layer_12_TB_20	358.9284
layer_12_TB_21	358.5509
layer_12_TB_22	357.8021
layer_12_TB_23	356.8360
layer_12_TB_24	352.5161
layer_12_TB_25	353.3979
layer_12_TB_26	354.0826
layer_12_TB_27	354.4280
layer_12_TB_28	354.4268
layer_12_TB_29	354.0811
layer_12_TB_30	353.3974
layer_12_TB_31	352.5185
layer_13_B_128	349.5582
layer_13_B_129	350.4554
layer_13_B_130	351.1246
layer_13_B_131	351.4567
layer_13_B_132	351.4559
layer_13_B_133	351.1221
layer_13_B_134	350.4545
layer_13_B_135	349.5595
layer_13_B_136	353.6308
layer_13_B_137	354.6253
layer_13_B_138	355.3617
layer_13_B_139	355.7318
layer_13_B_140	355.7300
layer_13_B_141	355.3618
layer_13_B_142	354.6258
layer_13_B_143	353.6367
layer_13_B_144	353.6594
layer_13_B_145	354.6489
layer_13_B_146	355.3904
layer_13_B_147	355.7575
layer_13_B_148	355.7528
layer_13_B_149	355.3892
layer_13_B_150	354.6517
layer_13_B_151	353.6624
layer_13_B_152	349.5725
layer_13_B_153	350.4693
layer_13_B_154	351.1384
layer_13_B_155	351.4719
layer_13_B_156	351.4709
layer_13_B_157	351.1372
layer_13_B_158	350.4690
layer_13_B_159	349.5745
layer_14_TB_0	349.2224
layer_14_TB_1	350.1215
layer_14_TB_2	350.7888
layer_14_TB_3	351.1196
layer_14_TB_4	351.1188
layer_14_TB_5	350.7864
layer_14_TB_6	350.1206
layer_14_TB_7	349.2236
layer_14_TB_8	353.2079
layer_14_TB_9	354.2052
layer_14_TB_10	354.9400
layer_14_TB_11	355.3088
layer_14_TB_12	355.3070
layer_14_TB_13	354.9402
layer_14_TB_14	354.2057
layer_14_TB_15	353.2138
layer_14_TB_16	353.2359
layer_14_TB_17	354.2283
layer_14_TB_18	354.9681
layer_14_TB_19	355.3338
layer_14_TB_20	355.3292
layer_14_TB_21	354.9669
layer_14_TB_22	354.2310
layer_14_TB_23	353.2389
layer_14_TB_24	349.2364
layer_14_TB_25	350.1351
layer_14_TB_26	350.8024
layer_14_TB_27	351.1345
layer_14_TB_28	351.1335
layer_14_TB_29	350.8013
layer_14_TB_30	350.1348
layer_14_TB_31	349.2384
layer_15_B_160	345.8627
layer_15_B_161	346.7817
layer_15_B_162	347.4306
layer_15_B_163	347.7480
layer_15_B_164	347.7473
layer_15_B_165	347.4287
layer_15_B_166	346.7811
layer_15_B_167	345.8638
layer_15_B_168	348.9805
layer_15_B_169	350.0052
layer_15_B_170	350.7243
layer_15_B_171	351.0792
layer_15_B_172	351.0778
layer_15_B_173	350.7243
layer_15_B_174	350.0057
layer_15_B_175	348.9850
layer_15_B_176	349.0015
layer_15_B_177	350.0227
layer_15_B_178	350.7453
layer_15_B_179	351.0980
layer_15_B_180	351.0946
layer_15_B_181	350.7444
layer_15_B_182	350.0247
layer_15_B_183	349.0039
layer_15_B_184	345.8742
layer_15_B_185	346.7929
layer_15_B_186	347.4418
layer_15_B_187	347.7602
layer_15_B_188	347.7594
layer_15_B_189	347.4410
layer_15_B_190	346.7927
layer_15_B_191	345.8758
layer_16_TB_0	345.4880
layer_16_TB_1	346.4094
layer_16_TB_2	347.0562
layer_16_TB_3	347.3720
layer_16_TB_4	347.3714
layer_16_TB_5	347.0544
layer_16_TB_6	346.4088
layer_16_TB_7	345.4890
layer_16_TB_8	348.5251
layer_16_TB_9	349.5533
layer_16_TB_10	350.2707
layer_16_TB_11	350.6240
layer_16_TB_12	350.6227
layer_16_TB_13	350.2707
layer_16_TB_14	349.5538
layer_16_TB_15	348.5295
layer_16_TB_16	348.5455
layer_16_TB_17	349.5703
layer_16_TB_18	350.2911
layer_16_TB_19	350.6423
layer_16_TB_20	350.6391
layer_16_TB_21	350.2902
layer_16_TB_22	349.5723
layer_16_TB_23	348.5478
layer_16_TB_24	345.4992
layer_16_TB_25	346.4203
layer_16_TB_26	347.0672
layer_16_TB_27	347.3839
layer_16_TB_28	347.3831
layer_16_TB_29	347.0663
layer_16_TB_30	346.4202
layer_16_TB_31	345.5007
layer_17_B_192	341.7394
layer_17_B_193	342.6861
layer_17_B_194	343.3114
layer_17_B_195	343.6120
layer_17_B_196	343.6115
layer_17_B_197	343.3101
layer_17_B_198	342.6857
layer_17_B_199	341.7402
layer_17_B_200	343.9717
layer_17_B_201	345.0355
layer_17_B_202	345.7351
layer_17_B_203	346.0733
layer_17_B_204	346.0724
layer_17_B_205	345.7351
layer_17_B_206	345.0359
layer_17_B_207	343.9748
layer_17_B_208	343.9857
layer_17_B_209	345.0473
layer_17_B_210	345.7492
layer_17_B_211	346.0861
layer_17_B_212	346.0838
layer_17_B_213	345.7486
layer_17_B_214	345.0487
layer_17_B_215	343.9875
layer_17_B_216	341.7478
layer_17_B_217	342.6943
layer_17_B_218	343.3198
layer_17_B_219	343.6210
layer_17_B_220	343.6204
layer_17_B_221	343.3192
layer_17_B_222	342.6943
layer_17_B_223	341.7489
layer_18_TB_0	341.3286
layer_18_TB_1	342.2784
layer_18_TB_2	342.9012
layer_18_TB_3	343.2001
layer_18_TB_4	343.1997
layer_18_TB_5	342.9000
layer_18_TB_6	342.2780
layer_18_TB_7	341.3294
layer_18_TB_8	343.4847
layer_18_TB_9	344.5529
layer_18_TB_10	345.2505
layer_18_TB_11	345.5871
layer_18_TB_12	345.5862
layer_18_TB_13	345.2505
layer_18_TB_14	344.5533
layer_18_TB_15	343.4876
layer_18_TB_16	343.4981
layer_18_TB_17	344.5643
layer_18_TB_18	345.2640
layer_18_TB_19	345.5993
layer_18_TB_20	345.5972
layer_18_TB_21	345.2634
layer_18_TB_22	344.5656
layer_18_TB_23	343.4998
layer_18_TB_24	341.3367
layer_18_TB_25	342.2864
layer_18_TB_26	342.9093
layer_18_TB_27	343.2088
layer_18_TB_28	343.2082
layer_18_TB_29	342.9087
layer_18_TB_30	342.2864
layer_18_TB_31	341.3378
layer_19_B_224	337.2201
layer_19_B_225	338.2012
layer_19_B_226	338.7992
layer_19_B_227	339.0810
layer_19_B_228	339.0807
layer_19_B_229	338.7986
layer_19_B_230	338.2010
layer_19_B_231	337.2207
layer_19_B_232	338.6145
layer_19_B_233	339.7275
layer_19_B_234	340.4050
layer_19_B_235	340.7252
layer_19_B_236	340.7247
layer_19_B_237	340.4050
layer_19_B_238	339.7278
layer_19_B_239	338.6163
layer_19_B_240	338.6222
layer_19_B_241	339.7341
layer_19_B_242	340.4127
layer_19_B_243	340.7323
layer_19_B_244	340.7311
layer_19_B_245	340.4124
layer_19_B_246	339.7349
layer_19_B_247	338.6232
layer_19_B_248	337.2253
layer_19_B_249	338.2064
layer_19_B_250	338.8046
layer_19_B_251	339.0866
layer_19_B_252	339.0863
layer_19_B_253	338.8042
layer_19_B_254	338.2064
layer_19_B_255	337.2260
layer_20_TB_0	336.7763
layer_20_TB_1	337.7611
layer_20_TB_2	338.3563
layer_20_TB_3	338.6362
layer_20_TB_4	338.6359
layer_20_TB_5	338.3557
layer_20_TB_6	337.7609
layer_20_TB_7	336.7768
layer_20_TB_8	338.0969
layer_20_TB_9	339.2153
layer_20_TB_10	339.8906
layer_20_TB_11	340.2091
layer_20_TB_12	340.2086
layer_20_TB_13	339.8906
layer_20_TB_14	339.2156
layer_20_TB_15	338.0986
layer_20_TB_16	338.1040
layer_20_TB_17	339.2215
layer_20_TB_18	339.8978
layer_20_TB_19	340.2156
layer_20_TB_20	340.2145
layer_20_TB_21	339.8975
layer_20_TB_22	339.2222
layer_20_TB_23	338.1050
layer_20_TB_24	336.7811
layer_20_TB_25	337.7660
layer_20_TB_26	338.3613
layer_20_TB_27	338.6415
layer_20_TB_28	338.6412
layer_20_TB_29	338.3610
layer_20_TB_30	337.7660
layer_20_TB_31	336.7818
hsp_TB_0	332.3370
hsp_TB_1	333.3598
hsp_TB_2	333.9266
hsp_TB_3	334.1875
hsp_TB_4	334.1874
hsp_TB_5	333.9264
hsp_TB_6	333.3599
hsp_TB_7	332.3373
hsp_TB_8	332.9210
hsp_TB_9	334.0943
hsp_TB_10	334.7467
hsp_TB_11	335.0476
hsp_TB_12	335.0475
hsp_TB_13	334.7467
hsp_TB_14	334.0944
hsp_TB_15	332.9214
hsp_TB_16	332.9225
hsp_TB_17	334.0958
hsp_TB_18	334.7484
hsp_TB_19	335.0492
hsp_TB_20	335.0490
hsp_TB_21	334.7483
hsp_TB_22	334.0960
hsp_TB_23	332.9229
hsp_TB_24	332.3389
hsp_TB_25	333.3619
hsp_TB_26	333.9287
hsp_TB_27	334.1897
hsp_TB_28	334.1896
hsp_TB_29	333.9287
hsp_TB_30	333.3620
hsp_TB_31	332.3392
hsink_TB_0	330.6521
hsink_TB_1	331.5267
hsink_TB_2	332.0568
hsink_TB_3	332.3061
hsink_TB_4	332.3061
hsink_TB_5	332.0568
hsink_TB_6	331.5268
hsink_TB_7	330.6522
hsink_TB_8	330.9727
hsink_TB_9	331.9767
hsink_TB_10	332.5891
hsink_TB_11	332.8776
hsink_TB_12	332.8776
hsink_TB_13	332.5891
hsink_TB_14	331.9768
hsink_TB_15	330.9729
hsink_TB_16	330.9730
hsink_TB_17	331.9771
hsink_TB_18	332.5895
hsink_TB_19	332.8780
hsink_TB_20	332.8780
hsink_TB_21	332.5895
hsink_TB_22	331.9772
hsink_TB_23	330.9732
hsink_TB_24	330.6528
hsink_TB_25	331.5275
hsink_TB_26	332.0577
hsink_TB_27	332.3070
hsink_TB_28	332.3070
hsink_TB_29	332.0577
hsink_TB_30	331.5276
hsink_TB_31	330.6529
inode_0	328.1369
inode_1	328.1370
inode_2	328.7775
inode_3	328.7767
inode_4	328.0920
inode_5	328.0921
inode_6	328.7418
inode_7	328.7411
inode_8	326.6970
inode_9	326.6971
inode_10	327.0629
inode_11	327.0623
inode_12	360.6559
inode_13	360.6562
inode_14	360.0308
inode_15	360.0243
inode_16	360.6311
inode_17	360.6314
inode_18	360.0251
inode_19	360.0186
inode_20	356.0933
inode_21	356.0933
inode_22	358.8127
inode_23	358.8070
inode_24	343.4634
inode_25	343.4634
inode_26	343.6667
inode_27	343.6632
