pcb_LC_0	353.3247
pcb_LC_1	354.7838
pcb_LC_2	355.4053
pcb_LC_3	355.6465
pcb_LC_4	355.6462
pcb_LC_5	355.4048
pcb_LC_6	354.7836
pcb_LC_7	353.3250
pcb_LC_8	353.0477
pcb_LC_9	354.6083
pcb_LC_10	355.3424
pcb_LC_11	355.6406
pcb_LC_12	355.6403
pcb_LC_13	355.3420
pcb_LC_14	354.6082
pcb_LC_15	353.0480
pcb_LC_16	352.8332
pcb_LC_17	354.2156
pcb_LC_18	354.8777
pcb_LC_19	355.1519
pcb_LC_20	355.1518
pcb_LC_21	354.8776
pcb_LC_22	354.2156
pcb_LC_23	352.8335
pcb_LC_24	352.6852
pcb_LC_25	353.7477
pcb_LC_26	354.2246
pcb_LC_27	354.4194
pcb_LC_28	354.4193
pcb_LC_29	354.2245
pcb_LC_30	353.7477
pcb_LC_31	352.6855
solder_LC_0	355.8683
solder_LC_1	356.6113
solder_LC_2	357.0223
solder_LC_3	357.2119
solder_LC_4	357.2105
solder_LC_5	357.0206
solder_LC_6	356.6103
solder_LC_7	355.8696
solder_LC_8	355.4174
solder_LC_9	356.0773
solder_LC_10	356.5235
solder_LC_11	356.7445
solder_LC_12	356.7438
solder_LC_13	356.5225
solder_LC_14	356.0769
solder_LC_15	355.4183
solder_LC_16	354.9497
solder_LC_17	355.3410
solder_LC_18	355.6957
solder_LC_19	355.8886
solder_LC_20	355.8883
solder_LC_21	355.6953
solder_LC_22	355.3410
solder_LC_23	354.9502
solder_LC_24	354.5894
solder_LC_25	354.7350
solder_LC_26	354.9595
solder_LC_27	355.0936
solder_LC_28	355.0935
solder_LC_29	354.9594
solder_LC_30	354.7350
solder_LC_31	354.5898
sub_LC_0	356.5460
sub_LC_1	357.2762
sub_LC_2	357.7109
sub_LC_3	357.9158
sub_LC_4	357.9128
sub_LC_5	357.7081
sub_LC_6	357.2742
sub_LC_7	356.5488
sub_LC_8	355.6474
sub_LC_9	356.2992
sub_LC_10	356.7622
sub_LC_11	356.9935
sub_LC_12	356.9925
sub_LC_13	356.7610
sub_LC_14	356.2986
sub_LC_15	355.6485
sub_LC_16	354.9889
sub_LC_17	355.4026
sub_LC_18	355.7798
sub_LC_19	355.9843
sub_LC_20	355.9840
sub_LC_21	355.7795
sub_LC_22	355.4026
sub_LC_23	354.9894
sub_LC_24	354.5841
sub_LC_25	354.7792
sub_LC_26	355.0358
sub_LC_27	355.1857
sub_LC_28	355.1856
sub_LC_29	355.0357
sub_LC_30	354.7793
sub_LC_31	354.5845
layer_3_LC_0	363.0814
layer_3_LC_1	363.8843
layer_3_LC_2	364.5427
layer_3_LC_3	364.8888
layer_3_LC_4	364.8684
layer_3_LC_5	364.5293
layer_3_LC_6	363.8712
layer_3_LC_7	363.1011
layer_3_LC_8	357.4159
layer_3_LC_9	358.2122
layer_3_LC_10	358.8774
layer_3_LC_11	359.2191
layer_3_LC_12	359.2162
layer_3_LC_13	358.8746
layer_3_LC_14	358.2105
layer_3_LC_15	357.4202
layer_3_LC_16	355.1169
layer_3_LC_17	355.8687
layer_3_LC_18	356.5041
layer_3_LC_19	356.8315
layer_3_LC_20	356.8311
layer_3_LC_21	356.5037
layer_3_LC_22	355.8686
layer_3_LC_23	355.1177
layer_3_LC_24	354.3442
layer_3_LC_25	355.0247
layer_3_LC_26	355.6052
layer_3_LC_27	355.9056
layer_3_LC_28	355.9055
layer_3_LC_29	355.6051
layer_3_LC_30	355.0248
layer_3_LC_31	354.3445
layer_4_TB_0	362.9878
layer_4_TB_1	363.7904
layer_4_TB_2	364.4481
layer_4_TB_3	364.7938
layer_4_TB_4	364.7734
layer_4_TB_5	364.4346
layer_4_TB_6	363.7773
layer_4_TB_7	363.0076
layer_4_TB_8	357.3136
layer_4_TB_9	358.1099
layer_4_TB_10	358.7746
layer_4_TB_11	359.1160
layer_4_TB_12	359.1131
layer_4_TB_13	358.7718
layer_4_TB_14	358.1082
layer_4_TB_15	357.3178
layer_4_TB_16	355.0196
layer_4_TB_17	355.7716
layer_4_TB_18	356.4067
layer_4_TB_19	356.7338
layer_4_TB_20	356.7335
layer_4_TB_21	356.4063
layer_4_TB_22	355.7716
layer_4_TB_23	355.0204
layer_4_TB_24	354.2480
layer_4_TB_25	354.9288
layer_4_TB_26	355.5090
layer_4_TB_27	355.8092
layer_4_TB_28	355.8091
layer_4_TB_29	355.5090
layer_4_TB_30	354.9289
layer_4_TB_31	354.2482
layer_5_B_0	362.0535
layer_5_B_1	362.8525
layer_5_B_2	363.5031
layer_5_B_3	363.8451
layer_5_B_4	363.8242
layer_5_B_5	363.4897
layer_5_B_6	362.8390
layer_5_B_7	362.0736
layer_5_B_8	356.2897
layer_5_B_9	357.0857
layer_5_B_10	357.7458
layer_5_B_11	358.0839
layer_5_B_12	358.0813
layer_5_B_13	357.7431
layer_5_B_14	357.0841
layer_5_B_15	356.2937
layer_5_B_16	354.0459
layer_5_B_17	354.8006
layer_5_B_18	355.4327
layer_5_B_19	355.7574
layer_5_B_20	355.7571
layer_5_B_21	355.4323
layer_5_B_22	354.8005
layer_5_B_23	354.0467
layer_5_B_24	353.2851
layer_5_B_25	353.9693
layer_5_B_26	354.5472
layer_5_B_27	354.8453
layer_5_B_28	354.8452
layer_5_B_29	354.5471
layer_5_B_30	353.9694
layer_5_B_31	353.2854
layer_6_TB_0	361.8523
layer_6_TB_1	362.6508
layer_6_TB_2	363.3005
layer_6_TB_3	363.6415
layer_6_TB_4	363.6213
layer_6_TB_5	363.2874
layer_6_TB_6	362.6377
layer_6_TB_7	361.8721
layer_6_TB_8	356.1424
layer_6_TB_9	356.9389
layer_6_TB_10	357.5984
layer_6_TB_11	357.9361
layer_6_TB_12	357.9335
layer_6_TB_13	357.5958
layer_6_TB_14	356.9373
layer_6_TB_15	356.1465
layer_6_TB_16	353.9090
layer_6_TB_17	354.6643
layer_6_TB_18	355.2960
layer_6_TB_19	355.6204
layer_6_TB_20	355.6201
layer_6_TB_21	355.2957
layer_6_TB_22	354.6643
layer_6_TB_23	353.9097
layer_6_TB_24	353.1501
layer_6_TB_25	353.8350
layer_6_TB_26	354.4124
layer_6_TB_27	354.7102
layer_6_TB_28	354.7101
layer_6_TB_29	354.4124
layer_6_TB_30	353.8350
layer_6_TB_31	353.1504
layer_7_B_32	359.8422
layer_7_B_33	360.6348
layer_7_B_34	361.2757
layer_7_B_35	361.6067
layer_7_B_36	361.5940
layer_7_B_37	361.2660
layer_7_B_38	360.6261
layer_7_B_39	359.8576
layer_7_B_40	354.6692
layer_7_B_41	355.4701
layer_7_B_42	356.1240
layer_7_B_43	356.4571
layer_7_B_44	356.4549
layer_7_B_45	356.1217
layer_7_B_46	355.4688
layer_7_B_47	354.6729
layer_7_B_48	352.5390
layer_7_B_49	353.3015
layer_7_B_50	353.9293
layer_7_B_51	354.2500
layer_7_B_52	354.2497
layer_7_B_53	353.9289
layer_7_B_54	353.3015
layer_7_B_55	352.5397
layer_7_B_56	351.7999
layer_7_B_57	352.4913
layer_7_B_58	353.0647
layer_7_B_59	353.3589
layer_7_B_60	353.3589
layer_7_B_61	353.0647
layer_7_B_62	352.4913
layer_7_B_63	351.8002
layer_8_TB_0	359.6062
layer_8_TB_1	360.3987
layer_8_TB_2	361.0386
layer_8_TB_3	361.3684
layer_8_TB_4	361.3564
layer_8_TB_5	361.0292
layer_8_TB_6	360.3904
layer_8_TB_7	359.6212
layer_8_TB_8	354.4786
layer_8_TB_9	355.2804
layer_8_TB_10	355.9336
layer_8_TB_11	356.2661
layer_8_TB_12	356.2640
layer_8_TB_13	355.9313
layer_8_TB_14	355.2791
layer_8_TB_15	354.4822
layer_8_TB_16	352.3632
layer_8_TB_17	353.1268
layer_8_TB_18	353.7541
layer_8_TB_19	354.0743
layer_8_TB_20	354.0741
layer_8_TB_21	353.7537
layer_8_TB_22	353.1268
layer_8_TB_23	352.3639
layer_8_TB_24	351.6269
layer_8_TB_25	352.3192
layer_8_TB_26	352.8921
layer_8_TB_27	353.1858
layer_8_TB_28	353.1857
layer_8_TB_29	352.8920
layer_8_TB_30	352.3192
layer_8_TB_31	351.6271
layer_9_B_64	357.2478
layer_9_B_65	358.0389
layer_9_B_66	358.6682
layer_9_B_67	358.9868
layer_9_B_68	358.9819
layer_9_B_69	358.6622
layer_9_B_70	358.0347
layer_9_B_71	357.2587
layer_9_B_72	352.5712
layer_9_B_73	353.3826
layer_9_B_74	354.0290
layer_9_B_75	354.3556
layer_9_B_76	354.3540
layer_9_B_77	354.0271
layer_9_B_78	353.3817
layer_9_B_79	352.5744
layer_9_B_80	350.6044
layer_9_B_81	351.3800
layer_9_B_82	352.0022
layer_9_B_83	352.3177
layer_9_B_84	352.3175
layer_9_B_85	352.0019
layer_9_B_86	351.3799
layer_9_B_87	350.6051
layer_9_B_88	349.8961
layer_9_B_89	350.5982
layer_9_B_90	351.1654
layer_9_B_91	351.4541
layer_9_B_92	351.4540
layer_9_B_93	351.1653
layer_9_B_94	350.5983
layer_9_B_95	349.8964
layer_10_TB_0	356.9776
layer_10_TB_1	357.7690
layer_10_TB_2	358.3970
layer_10_TB_3	358.7144
layer_10_TB_4	358.7102
layer_10_TB_5	358.3914
layer_10_TB_6	357.7652
layer_10_TB_7	356.9881
layer_10_TB_8	352.3386
layer_10_TB_9	353.1515
layer_10_TB_10	353.7970
layer_10_TB_11	354.1229
layer_10_TB_12	354.1214
layer_10_TB_13	353.7951
layer_10_TB_14	353.1505
layer_10_TB_15	352.3418
layer_10_TB_16	350.3906
layer_10_TB_17	351.1679
layer_10_TB_18	351.7895
layer_10_TB_19	352.1044
layer_10_TB_20	352.1042
layer_10_TB_21	351.7892
layer_10_TB_22	351.1678
layer_10_TB_23	350.3913
layer_10_TB_24	349.6859
layer_10_TB_25	350.3893
layer_10_TB_26	350.9557
layer_10_TB_27	351.2437
layer_10_TB_28	351.2437
layer_10_TB_29	350.9556
layer_10_TB_30	350.3893
layer_10_TB_31	349.6861
layer_11_B_96	354.2766
layer_11_B_97	355.0710
layer_11_B_98	355.6867
layer_11_B_99	355.9914
layer_11_B_100	355.9943
layer_11_B_101	355.6844
layer_11_B_102	355.0713
layer_11_B_103	354.2832
layer_11_B_104	350.0116
layer_11_B_105	350.8394
layer_11_B_106	351.4769
layer_11_B_107	351.7957
layer_11_B_108	351.7948
layer_11_B_109	351.4755
layer_11_B_110	350.8388
layer_11_B_111	350.0143
layer_11_B_112	348.2526
layer_11_B_113	349.0468
layer_11_B_114	349.6623
layer_11_B_115	349.9713
layer_11_B_116	349.9711
layer_11_B_117	349.6621
layer_11_B_118	349.0468
layer_11_B_119	348.2532
layer_11_B_120	347.5832
layer_11_B_121	348.2998
layer_11_B_122	348.8587
layer_11_B_123	349.1403
layer_11_B_124	349.1403
layer_11_B_125	348.8587
layer_11_B_126	348.2999
layer_11_B_127	347.5834
layer_12_TB_0	353.9730
layer_12_TB_1	354.7683
layer_12_TB_2	355.3825
layer_12_TB_3	355.6858
layer_12_TB_4	355.6894
layer_12_TB_5	355.3806
layer_12_TB_6	354.7689
layer_12_TB_7	353.9793
layer_12_TB_8	349.7384
layer_12_TB_9	350.5682
layer_12_TB_10	351.2049
layer_12_TB_11	351.5228
layer_12_TB_12	351.5219
layer_12_TB_13	351.2034
layer_12_TB_14	350.5677
layer_12_TB_15	349.7410
layer_12_TB_16	348.0021
layer_12_TB_17	348.7985
layer_12_TB_18	349.4133
layer_12_TB_19	349.7215
layer_12_TB_20	349.7213
layer_12_TB_21	349.4130
layer_12_TB_22	348.7985
layer_12_TB_23	348.0027
layer_12_TB_24	347.3368
layer_12_TB_25	348.0551
layer_12_TB_26	348.6130
layer_12_TB_27	348.8938
layer_12_TB_28	348.8938
layer_12_TB_29	348.6130
layer_12_TB_30	348.0552
layer_12_TB_31	347.3370
layer_13_B_128	350.9386
layer_13_B_129	351.7414
layer_13_B_130	352.3414
layer_13_B_131	352.6304
layer_13_B_132	352.6412
layer_13_B_133	352.3428
layer_13_B_134	351.7460
layer_13_B_135	350.9410
layer_13_B_136	347.0055
layer_13_B_137	347.8562
layer_13_B_138	348.4835
layer_13_B_139	348.7932
layer_13_B_140	348.7928
layer_13_B_141	348.4825
layer_13_B_142	347.8559
layer_13_B_143	347.0076
layer_13_B_144	345.4964
layer_13_B_145	346.3152
layer_13_B_146	346.9226
layer_13_B_147	347.2238
layer_13_B_148	347.2236
layer_13_B_149	346.9224
layer_13_B_150	346.3152
layer_13_B_151	345.4969
layer_13_B_152	344.8724
layer_13_B_153	345.6077
layer_13_B_154	346.1562
layer_13_B_155	346.4291
layer_13_B_156	346.4291
layer_13_B_157	346.1562
layer_13_B_158	345.6078
layer_13_B_159	344.8726
layer_14_TB_0	350.5293
layer_14_TB_1	351.3343
layer_14_TB_2	351.9325
layer_14_TB_3	352.2204
layer_14_TB_4	352.2309
layer_14_TB_5	351.9338
layer_14_TB_6	351.3388
layer_14_TB_7	350.5317
layer_14_TB_8	346.6930
layer_14_TB_9	347.5464
layer_14_TB_10	348.1727
layer_14_TB_11	348.4814
layer_14_TB_12	348.4810
layer_14_TB_13	348.1717
layer_14_TB_14	347.5462
layer_14_TB_15	346.6951
layer_14_TB_16	345.2104
layer_14_TB_17	346.0320
layer_14_TB_18	346.6386
layer_14_TB_19	346.9389
layer_14_TB_20	346.9388
layer_14_TB_21	346.6384
layer_14_TB_22	346.0320
layer_14_TB_23	345.2109
layer_14_TB_24	344.5910
layer_14_TB_25	345.3284
layer_14_TB_26	345.8758
layer_14_TB_27	346.1477
layer_14_TB_28	346.1477
layer_14_TB_29	345.8758
layer_14_TB_30	345.3285
layer_14_TB_31	344.5912
layer_15_B_160	346.4379
layer_15_B_161	347.2636
layer_15_B_162	347.8440
layer_15_B_163	348.1209
layer_15_B_164	348.1288
layer_15_B_165	347.8451
layer_15_B_166	347.2671
layer_15_B_167	346.4398
layer_15_B_168	343.5675
layer_15_B_169	344.4482
layer_15_B_170	345.0637
layer_15_B_171	345.3631
layer_15_B_172	345.3629
layer_15_B_173	345.0630
layer_15_B_174	344.4481
layer_15_B_175	343.5691
layer_15_B_176	342.3503
layer_15_B_177	343.2003
layer_15_B_178	343.7982
layer_15_B_179	344.0903
layer_15_B_180	344.0901
layer_15_B_181	343.7980
layer_15_B_182	343.2004
layer_15_B_183	342.3508
layer_15_B_184	341.7769
layer_15_B_185	342.5354
layer_15_B_186	343.0711
layer_15_B_187	343.3337
layer_15_B_188	343.3337
layer_15_B_189	343.0711
layer_15_B_190	342.5355
layer_15_B_191	341.7771
layer_16_TB_0	345.9971
layer_16_TB_1	346.8255
layer_16_TB_2	347.4038
layer_16_TB_3	347.6795
layer_16_TB_4	347.6871
layer_16_TB_5	347.4049
layer_16_TB_6	346.8288
layer_16_TB_7	345.9990
layer_16_TB_8	343.2183
layer_16_TB_9	344.1025
layer_16_TB_10	344.7167
layer_16_TB_11	345.0150
layer_16_TB_12	345.0149
layer_16_TB_13	344.7161
layer_16_TB_14	344.1024
layer_16_TB_15	343.2199
layer_16_TB_16	342.0304
layer_16_TB_17	342.8839
layer_16_TB_18	343.4807
layer_16_TB_19	343.7718
layer_16_TB_20	343.7717
layer_16_TB_21	343.4805
layer_16_TB_22	342.8839
layer_16_TB_23	342.0308
layer_16_TB_24	341.4619
layer_16_TB_25	342.2229
layer_16_TB_26	342.7572
layer_16_TB_27	343.0187
layer_16_TB_28	343.0187
layer_16_TB_29	342.7572
layer_16_TB_30	342.2230
layer_16_TB_31	341.4620
layer_17_B_192	341.5899
layer_17_B_193	342.4444
layer_17_B_194	343.0024
layer_17_B_195	343.2654
layer_17_B_196	343.2706
layer_17_B_197	343.0033
layer_17_B_198	342.4467
layer_17_B_199	341.5913
layer_17_B_200	339.7264
layer_17_B_201	340.6450
layer_17_B_202	341.2469
layer_17_B_203	341.5347
layer_17_B_204	341.5347
layer_17_B_205	341.2464
layer_17_B_206	340.6451
layer_17_B_207	339.7276
layer_17_B_208	338.8309
layer_17_B_209	339.7194
layer_17_B_210	340.3058
layer_17_B_211	340.5876
layer_17_B_212	340.5875
layer_17_B_213	340.3057
layer_17_B_214	339.7194
layer_17_B_215	338.8312
layer_17_B_216	338.3112
layer_17_B_217	339.0979
layer_17_B_218	339.6181
layer_17_B_219	339.8687
layer_17_B_220	339.8687
layer_17_B_221	339.6181
layer_17_B_222	339.0979
layer_17_B_223	338.3113
layer_18_TB_0	341.1183
layer_18_TB_1	341.9760
layer_18_TB_2	342.5317
layer_18_TB_3	342.7933
layer_18_TB_4	342.7983
layer_18_TB_5	342.5326
layer_18_TB_6	341.9783
layer_18_TB_7	341.1197
layer_18_TB_8	339.3432
layer_18_TB_9	340.2661
layer_18_TB_10	340.8664
layer_18_TB_11	341.1531
layer_18_TB_12	341.1531
layer_18_TB_13	340.8660
layer_18_TB_14	340.2661
layer_18_TB_15	339.3444
layer_18_TB_16	338.4786
layer_18_TB_17	339.3713
layer_18_TB_18	339.9565
layer_18_TB_19	340.2372
layer_18_TB_20	340.2372
layer_18_TB_21	339.9564
layer_18_TB_22	339.3714
layer_18_TB_23	338.4790
layer_18_TB_24	337.9639
layer_18_TB_25	338.7536
layer_18_TB_26	339.2723
layer_18_TB_27	339.5216
layer_18_TB_28	339.5216
layer_18_TB_29	339.2723
layer_18_TB_30	338.7537
layer_18_TB_31	337.9641
layer_19_B_224	336.4028
layer_19_B_225	337.2924
layer_19_B_226	337.8252
layer_19_B_227	338.0724
layer_19_B_228	338.0752
layer_19_B_229	337.8258
layer_19_B_230	337.2938
layer_19_B_231	336.4037
layer_19_B_232	335.5109
layer_19_B_233	336.4760
layer_19_B_234	337.0620
layer_19_B_235	337.3371
layer_19_B_236	337.3371
layer_19_B_237	337.0618
layer_19_B_238	336.4761
layer_19_B_239	335.5116
layer_19_B_240	334.9558
layer_19_B_241	335.8909
layer_19_B_242	336.4639
layer_19_B_243	336.7341
layer_19_B_244	336.7341
layer_19_B_245	336.4638
layer_19_B_246	335.8910
layer_19_B_247	334.9561
layer_19_B_248	334.4911
layer_19_B_249	335.3115
layer_19_B_250	335.8134
layer_19_B_251	336.0504
layer_19_B_252	336.0504
layer_19_B_253	335.8134
layer_19_B_254	335.3116
layer_19_B_255	334.4912
layer_20_TB_0	335.9013
layer_20_TB_1	336.7948
layer_20_TB_2	337.3249
layer_20_TB_3	337.5705
layer_20_TB_4	337.5731
layer_20_TB_5	337.3255
layer_20_TB_6	336.7961
layer_20_TB_7	335.9021
layer_20_TB_8	335.0962
layer_20_TB_9	336.0664
layer_20_TB_10	336.6507
layer_20_TB_11	336.9245
layer_20_TB_12	336.9246
layer_20_TB_13	336.6506
layer_20_TB_14	336.0666
layer_20_TB_15	335.0969
layer_20_TB_16	334.5730
layer_20_TB_17	335.5131
layer_20_TB_18	336.0846
layer_20_TB_19	336.3537
layer_20_TB_20	336.3536
layer_20_TB_21	336.0846
layer_20_TB_22	335.5132
layer_20_TB_23	334.5732
layer_20_TB_24	334.1132
layer_20_TB_25	334.9372
layer_20_TB_26	335.4371
layer_20_TB_27	335.6728
layer_20_TB_28	335.6728
layer_20_TB_29	335.4372
layer_20_TB_30	334.9373
layer_20_TB_31	334.1133
hsp_TB_0	330.8865
hsp_TB_1	331.8185
hsp_TB_2	332.3224
hsp_TB_3	332.5520
hsp_TB_4	332.5525
hsp_TB_5	332.3227
hsp_TB_6	331.8189
hsp_TB_7	330.8868
hsp_TB_8	330.9491
hsp_TB_9	331.9705
hsp_TB_10	332.5380
hsp_TB_11	332.7991
hsp_TB_12	332.7992
hsp_TB_13	332.5381
hsp_TB_14	331.9707
hsp_TB_15	330.9494
hsp_TB_16	330.7442
hsp_TB_17	331.7351
hsp_TB_18	332.2921
hsp_TB_19	332.5495
hsp_TB_20	332.5496
hsp_TB_21	332.2921
hsp_TB_22	331.7352
hsp_TB_23	330.7443
hsp_TB_24	330.3338
hsp_TB_25	331.1942
hsp_TB_26	331.6742
hsp_TB_27	331.8960
hsp_TB_28	331.8960
hsp_TB_29	331.6743
hsp_TB_30	331.1942
hsp_TB_31	330.3339
hsink_TB_0	329.1223
hsink_TB_1	329.9049
hsink_TB_2	330.3738
hsink_TB_3	330.5930
hsink_TB_4	330.5931
hsink_TB_5	330.3739
hsink_TB_6	329.9050
hsink_TB_7	329.1224
hsink_TB_8	329.3083
hsink_TB_9	330.1857
hsink_TB_10	330.7196
hsink_TB_11	330.9707
hsink_TB_12	330.9708
hsink_TB_13	330.7197
hsink_TB_14	330.1858
hsink_TB_15	329.3085
hsink_TB_16	329.2348
hsink_TB_17	330.0938
hsink_TB_18	330.6198
hsink_TB_19	330.8681
hsink_TB_20	330.8681
hsink_TB_21	330.6198
hsink_TB_22	330.0938
hsink_TB_23	329.2349
hsink_TB_24	328.9392
hsink_TB_25	329.6800
hsink_TB_26	330.1316
hsink_TB_27	330.3446
hsink_TB_28	330.3446
hsink_TB_29	330.1316
hsink_TB_30	329.6801
hsink_TB_31	328.9393
inode_0	326.8263
inode_1	326.8264
inode_2	327.3044
inode_3	327.5400
inode_4	326.7873
inode_5	326.7874
inode_6	327.2740
inode_7	327.5060
inode_8	325.5754
inode_9	325.5754
inode_10	325.8277
inode_11	326.0230
inode_12	354.9398
inode_13	354.9406
inode_14	353.8451
inode_15	355.6634
inode_16	354.9185
inode_17	354.9192
inode_18	353.8403
inode_19	355.6541
inode_20	351.0244
inode_21	351.0247
inode_22	352.8452
inode_23	354.4169
inode_24	340.0818
inode_25	340.0820
inode_26	339.9220
inode_27	340.9083
