pcb_C_0	327.3453
pcb_C_1	328.0083
pcb_C_2	328.2649
pcb_C_3	328.3619
pcb_C_4	328.3506
pcb_C_5	328.2224
pcb_C_6	327.9197
pcb_C_7	327.2502
pcb_C_8	327.0431
pcb_C_9	327.6131
pcb_C_10	327.8870
pcb_C_11	327.9996
pcb_C_12	327.9863
pcb_C_13	327.8425
pcb_C_14	327.5324
pcb_C_15	326.9540
pcb_C_16	326.5835
pcb_C_17	326.8207
pcb_C_18	326.9949
pcb_C_19	327.0820
pcb_C_20	327.0711
pcb_C_21	326.9611
pcb_C_22	326.7635
pcb_C_23	326.5109
pcb_C_24	326.2481
pcb_C_25	326.2328
pcb_C_26	326.3022
pcb_C_27	326.3512
pcb_C_28	326.3442
pcb_C_29	326.2809
pcb_C_30	326.1961
pcb_C_31	326.1924
solder_C_0	327.7254
solder_C_1	328.3386
solder_C_2	328.5660
solder_C_3	328.6629
solder_C_4	328.6525
solder_C_5	328.5185
solder_C_6	328.2096
solder_C_7	327.5886
solder_C_8	327.3688
solder_C_9	327.8876
solder_C_10	328.1585
solder_C_11	328.2738
solder_C_12	328.2604
solder_C_13	328.1117
solder_C_14	327.7938
solder_C_15	327.2681
solder_C_16	326.6049
solder_C_17	326.7602
solder_C_18	326.9433
solder_C_19	327.0383
solder_C_20	327.0274
solder_C_21	326.9093
solder_C_22	326.7016
solder_C_23	326.5299
solder_C_24	326.1882
solder_C_25	326.0894
solder_C_26	326.1705
solder_C_27	326.2286
solder_C_28	326.2215
solder_C_29	326.1491
solder_C_30	326.0525
solder_C_31	326.1311
sub_C_0	327.8375
sub_C_1	328.4512
sub_C_2	328.6642
sub_C_3	328.7628
sub_C_4	328.7535
sub_C_5	328.6168
sub_C_6	328.3016
sub_C_7	327.6781
sub_C_8	327.4663
sub_C_9	327.9975
sub_C_10	328.2729
sub_C_11	328.3894
sub_C_12	328.3760
sub_C_13	328.2261
sub_C_14	327.9011
sub_C_15	327.3655
sub_C_16	326.5140
sub_C_17	326.7011
sub_C_18	326.8944
sub_C_19	326.9928
sub_C_20	326.9819
sub_C_21	326.8606
sub_C_22	326.6430
sub_C_23	326.4403
sub_C_24	326.0776
sub_C_25	326.0193
sub_C_26	326.1124
sub_C_27	326.1743
sub_C_28	326.1672
sub_C_29	326.0908
sub_C_30	325.9826
sub_C_31	326.0217
layer_3_C_0	328.8637
layer_3_C_1	329.5411
layer_3_C_2	329.6004
layer_3_C_3	329.7162
layer_3_C_4	329.7186
layer_3_C_5	329.5583
layer_3_C_6	329.1887
layer_3_C_7	328.4841
layer_3_C_8	328.3978
layer_3_C_9	329.0974
layer_3_C_10	329.4201
layer_3_C_11	329.5477
layer_3_C_12	329.5339
layer_3_C_13	329.3737
layer_3_C_14	328.9778
layer_3_C_15	328.3010
layer_3_C_16	325.5938
layer_3_C_17	326.0905
layer_3_C_18	326.3844
layer_3_C_19	326.5151
layer_3_C_20	326.5046
layer_3_C_21	326.3526
layer_3_C_22	326.0376
layer_3_C_23	325.5320
layer_3_C_24	325.0209
layer_3_C_25	325.3291
layer_3_C_26	325.5370
layer_3_C_27	325.6351
layer_3_C_28	325.6278
layer_3_C_29	325.5152
layer_3_C_30	325.2941
layer_3_C_31	324.9755
layer_4_TB_0	328.6881
layer_4_TB_1	329.3660
layer_4_TB_2	329.4423
layer_4_TB_3	329.5586
layer_4_TB_4	329.5599
layer_4_TB_5	329.3998
layer_4_TB_6	329.0311
layer_4_TB_7	328.3274
layer_4_TB_8	328.2413
layer_4_TB_9	328.9400
layer_4_TB_10	329.2640
layer_4_TB_11	329.3928
layer_4_TB_12	329.3791
layer_4_TB_13	329.2179
layer_4_TB_14	328.8230
layer_4_TB_15	328.1449
layer_4_TB_16	325.5918
layer_4_TB_17	326.0890
layer_4_TB_18	326.3830
layer_4_TB_19	326.5137
layer_4_TB_20	326.5033
layer_4_TB_21	326.3512
layer_4_TB_22	326.0361
layer_4_TB_23	325.5301
layer_4_TB_24	325.0197
layer_4_TB_25	325.3283
layer_4_TB_26	325.5363
layer_4_TB_27	325.6344
layer_4_TB_28	325.6271
layer_4_TB_29	325.5145
layer_4_TB_30	325.2933
layer_4_TB_31	324.9742
hsp_TB_0	326.9328
hsp_TB_1	327.6141
hsp_TB_2	327.8614
hsp_TB_3	327.9823
hsp_TB_4	327.9735
hsp_TB_5	327.8148
hsp_TB_6	327.4550
hsp_TB_7	326.7596
hsp_TB_8	326.6765
hsp_TB_9	327.3663
hsp_TB_10	327.7032
hsp_TB_11	327.8437
hsp_TB_12	327.8309
hsp_TB_13	327.6595
hsp_TB_14	327.2754
hsp_TB_15	326.5839
hsp_TB_16	325.5720
hsp_TB_17	326.0737
hsp_TB_18	326.3688
hsp_TB_19	326.4999
hsp_TB_20	326.4895
hsp_TB_21	326.3370
hsp_TB_22	326.0210
hsp_TB_23	325.5104
hsp_TB_24	325.0073
hsp_TB_25	325.3200
hsp_TB_26	325.5290
hsp_TB_27	325.6274
hsp_TB_28	325.6201
hsp_TB_29	325.5072
hsp_TB_30	325.2851
hsp_TB_31	324.9620
hsink_TB_0	326.2269
hsink_TB_1	326.8812
hsink_TB_2	327.1848
hsink_TB_3	327.3106
hsink_TB_4	327.2988
hsink_TB_5	327.1405
hsink_TB_6	326.7862
hsink_TB_7	326.1220
hsink_TB_8	326.0734
hsink_TB_9	326.7354
hsink_TB_10	327.0805
hsink_TB_11	327.2255
hsink_TB_12	327.2127
hsink_TB_13	327.0386
hsink_TB_14	326.6595
hsink_TB_15	325.9897
hsink_TB_16	325.4982
hsink_TB_17	325.9964
hsink_TB_18	326.2920
hsink_TB_19	326.4236
hsink_TB_20	326.4132
hsink_TB_21	326.2604
hsink_TB_22	325.9449
hsink_TB_23	325.4372
hsink_TB_24	324.9949
hsink_TB_25	325.3089
hsink_TB_26	325.5182
hsink_TB_27	325.6167
hsink_TB_28	325.6094
hsink_TB_29	325.4965
hsink_TB_30	325.2740
hsink_TB_31	324.9497
inode_0	324.5139
inode_1	324.4499
inode_2	323.9181
inode_3	325.3059
inode_4	324.4996
inode_5	324.4359
inode_6	323.9111
inode_7	325.2941
inode_8	323.9279
inode_9	323.8699
inode_10	323.2484
inode_11	324.4722
inode_12	326.8993
inode_13	326.8083
inode_14	325.8894
inode_15	327.9843
inode_16	326.8970
inode_17	326.8062
inode_18	325.8892
inode_19	327.9836
inode_20	326.3361
inode_21	326.2593
inode_22	325.8359
inode_23	327.8791
inode_24	324.4248
inode_25	324.3659
inode_26	323.6524
inode_27	325.1152
