C_0	C_1	C_2	C_3	C_4	C_5	C_6	C_7	C_8	C_9	C_10	C_11	C_12	C_13	C_14	C_15	C_16	C_17	C_18	C_19	C_20	C_21	C_22	C_23	C_24	C_25	C_26	C_27	C_28	C_29	C_30	C_31	
68.33	69.22	69.22	68.37	69.18	70.51	70.50	69.14	69.12	70.47	70.47	69.14	68.41	69.30	69.29	68.37	66.38	67.26	67.24	66.42	67.16	68.43	68.38	67.09	67.13	68.43	68.39	67.09	66.36	67.17	67.14	66.29
68.37	69.26	69.26	68.46	69.17	70.42	70.42	69.10	69.05	70.35	70.37	69.13	68.55	69.39	69.37	68.44	66.19	67.11	67.10	66.28	66.86	68.07	68.05	66.79	66.79	68.07	68.06	66.82	66.16	66.94	66.93	66.05
68.39	69.28	69.28	68.52	69.16	70.35	70.34	69.05	68.99	70.25	70.28	69.11	68.63	69.45	69.43	68.48	66.10	67.04	67.04	66.23	66.71	67.84	67.83	66.60	66.60	67.83	67.82	66.66	66.06	66.80	66.79	65.92
68.40	69.30	69.30	68.57	69.15	70.28	70.27	69.02	68.94	70.17	70.20	69.09	68.69	69.50	69.47	68.51	66.05	66.99	66.99	66.20	66.60	67.68	67.66	66.48	66.46	67.66	67.65	66.54	65.99	66.71	66.69	65.83
68.41	69.31	69.31	68.61	69.15	70.23	70.22	68.99	68.90	70.10	70.14	69.08	68.75	69.53	69.50	68.53	66.01	66.96	66.97	66.18	66.52	67.56	67.55	66.38	66.34	67.52	67.52	66.46	65.95	66.64	66.62	65.76
68.42	69.30	69.32	68.64	69.14	70.19	70.17	68.97	68.87	70.06	70.09	69.06	68.76	69.55	69.54	68.55	66.02	66.94	66.90	66.24	66.55	67.45	67.37	66.31	66.32	67.41	67.35	66.33	65.96	66.58	66.52	65.72
68.43	69.32	69.33	68.68	69.15	70.15	70.13	68.95	68.84	70.00	70.04	69.07	68.83	69.58	69.55	68.57	65.98	66.93	66.94	66.19	66.44	67.38	67.37	66.26	66.20	67.32	67.33	66.34	65.90	66.55	66.53	65.68
68.44	69.33	69.34	68.71	69.15	70.11	70.09	68.93	68.82	69.96	70.00	69.07	68.86	69.60	69.57	68.58	65.97	66.93	66.94	66.20	66.41	67.32	67.31	66.21	66.14	67.25	67.26	66.31	65.89	66.52	66.50	65.66
68.45	69.33	69.35	68.74	69.15	70.08	69.81	68.67	68.80	69.92	69.97	69.07	68.90	69.62	69.58	68.60	65.96	66.92	66.94	66.21	66.39	67.27	67.25	66.18	66.10	67.19	67.20	66.28	65.89	66.49	66.48	65.64
68.23	69.11	69.13	68.54	68.93	69.82	69.99	68.86	68.78	69.89	69.94	69.08	68.92	69.63	69.60	68.61	65.96	66.92	66.94	66.22	66.37	67.22	67.21	66.15	66.06	67.13	67.15	66.26	65.89	66.47	66.46	65.62
68.43	69.31	69.33	68.76	69.12	69.99	69.73	68.62	68.53	69.61	69.66	68.84	68.95	69.65	69.60	68.62	65.96	66.91	66.94	66.24	66.38	67.18	67.16	66.12	66.03	67.08	67.09	66.23	65.89	66.46	66.43	65.61
68.21	69.08	69.11	68.55	68.90	69.73	69.93	68.83	68.72	69.80	69.85	69.06	68.98	69.66	69.61	68.63	65.96	66.91	66.94	66.26	66.37	67.15	67.12	66.09	66.00	67.03	67.05	66.22	65.90	66.44	66.42	65.60
68.42	69.30	69.33	68.79	69.12	69.93	69.67	68.59	68.72	69.79	69.84	69.08	68.76	69.42	69.62	68.63	65.96	66.91	66.94	66.27	66.37	67.12	67.09	66.07	65.97	66.99	67.01	66.21	65.90	66.43	66.40	65.59
68.44	69.32	69.11	68.59	68.90	69.68	69.87	68.80	68.48	69.52	69.83	69.09	69.00	69.64	69.62	68.64	65.96	66.91	66.94	66.28	66.36	67.09	67.06	66.05	65.95	66.95	66.97	66.19	65.91	66.42	66.39	65.58
68.22	69.08	69.33	68.83	69.12	69.88	69.62	68.56	68.68	69.72	69.81	69.10	69.03	69.67	69.63	68.65	65.95	66.90	66.94	66.30	66.36	67.06	67.03	66.04	65.92	66.91	66.94	66.18	65.91	66.41	66.37	65.57
68.43	69.30	69.11	68.63	68.91	69.64	69.82	68.77	68.68	69.72	69.80	69.11	69.06	69.68	69.63	68.65	65.95	66.90	66.94	66.31	66.36	67.04	67.00	66.02	65.90	66.88	66.90	66.17	65.91	66.40	66.36	65.56
68.22	69.07	69.34	68.86	69.13	69.84	69.57	68.54	68.68	69.71	69.78	69.12	69.08	69.69	69.63	68.65	65.95	66.89	66.93	66.32	66.37	67.01	66.97	66.00	65.88	66.84	66.87	66.17	65.92	66.39	66.34	65.55
68.43	69.29	69.36	68.90	69.16	69.85	69.53	68.51	68.68	69.69	69.77	69.13	69.11	69.70	69.63	68.66	65.95	66.89	66.93	66.33	66.37	66.99	66.95	65.99	65.86	66.81	66.84	66.16	65.92	66.38	66.33	65.54
68.21	69.07	69.13	68.68	69.17	69.84	69.50	68.49	68.67	69.68	69.76	69.14	68.88	69.45	69.63	68.66	65.94	66.88	66.93	66.35	66.37	66.97	66.93	65.97	65.84	66.78	66.81	66.15	65.93	66.37	66.32	65.53
68.44	69.29	69.11	68.68	68.94	69.58	69.48	68.47	68.66	69.66	69.75	69.15	69.12	69.67	69.63	68.66	65.94	66.87	66.92	66.36	66.37	66.95	66.90	65.96	65.82	66.75	66.79	66.14	65.93	66.36	66.30	65.52
68.46	69.31	69.10	68.68	69.16	69.79	69.45	68.46	68.66	69.65	69.74	69.16	69.15	69.69	69.63	68.66	65.94	66.86	66.92	66.36	66.37	66.94	66.88	65.95	65.80	66.72	66.76	66.14	65.93	66.35	66.29	65.51
68.23	69.07	69.09	68.69	68.94	69.54	69.43	68.45	68.65	69.64	69.72	69.17	69.17	69.70	69.62	68.66	65.93	66.85	66.91	66.37	66.38	66.92	66.86	65.93	65.78	66.69	66.73	66.13	65.94	66.34	66.28	65.50
68.21	69.05	69.09	68.70	69.17	69.75	69.42	68.43	68.64	69.62	69.71	69.18	68.94	69.45	69.62	68.66	65.93	66.85	66.91	66.38	66.38	66.90	66.84	65.92	65.76	66.66	66.71	66.13	65.94	66.33	66.26	65.49
68.19	69.03	69.09	68.71	68.95	69.51	69.40	68.42	68.63	69.61	69.70	69.19	69.17	69.67	69.61	68.66	65.92	66.84	66.90	66.39	66.38	66.89	66.82	65.91	65.74	66.63	66.69	66.12	65.94	66.32	66.25	65.49
68.19	69.02	69.08	68.72	69.18	69.72	69.38	68.41	68.63	69.60	69.70	69.20	69.20	69.69	69.61	68.65	65.91	66.83	66.90	66.40	66.39	66.88	66.81	65.90	65.72	66.61	66.66	66.12	65.94	66.31	66.24	65.48
68.18	69.01	69.08	68.73	69.20	69.73	69.36	68.40	68.62	69.58	69.69	69.20	68.98	69.45	69.60	68.65	65.91	66.82	66.89	66.40	66.39	66.86	66.79	65.89	65.71	66.58	66.64	66.11	65.95	66.30	66.22	65.47
68.17	69.01	69.08	68.74	69.22	69.73	69.59	68.63	68.61	69.57	69.68	69.21	69.20	69.66	69.60	68.65	65.90	66.80	66.88	66.41	66.39	66.85	66.77	65.88	65.69	66.56	66.62	66.11	65.95	66.29	66.21	65.46
68.17	69.00	69.08	68.76	69.23	69.73	69.36	68.42	68.60	69.56	69.67	69.22	69.23	69.68	69.59	68.65	65.89	66.79	66.87	66.41	66.40	66.84	66.76	65.87	65.67	66.53	66.60	66.10	65.95	66.28	66.20	65.45
68.17	69.00	69.08	68.77	69.00	69.47	69.58	68.63	68.60	69.55	69.66	69.23	69.25	69.69	69.59	68.64	65.89	66.78	66.87	66.42	66.40	66.83	66.74	65.86	65.66	66.51	66.58	66.10	65.95	66.27	66.19	65.44
68.16	68.99	69.08	68.78	68.98	69.44	69.35	68.41	68.59	69.53	69.66	69.24	69.26	69.69	69.58	68.64	65.88	66.77	66.86	66.42	66.40	66.81	66.73	65.85	65.64	66.49	66.56	66.09	65.95	66.26	66.17	65.43
68.16	68.99	69.08	68.79	68.97	69.42	69.56	68.62	68.58	69.52	69.65	69.25	69.27	69.68	69.33	68.40	65.87	66.76	66.85	66.43	66.41	66.80	66.71	65.83	65.63	66.46	66.54	66.09	65.95	66.25	66.16	65.42
68.16	68.98	69.08	68.80	68.96	69.40	69.32	68.40	68.58	69.51	69.64	69.25	69.28	69.68	69.53	68.60	65.86	66.75	66.84	66.43	66.41	66.79	66.69	65.82	65.61	66.44	66.52	66.08	65.95	66.24	66.15	65.41
68.16	68.98	69.08	68.80	68.96	69.38	69.53	68.61	68.57	69.50	69.64	69.26	69.29	69.68	69.55	68.61	65.85	66.74	66.83	66.44	66.41	66.78	66.68	65.81	65.60	66.42	66.50	66.08	65.95	66.23	66.14	65.40
68.39	69.22	69.32	69.05	68.97	69.37	69.54	68.62	68.56	69.49	69.63	69.27	69.30	69.67	69.54	68.61	65.85	66.72	66.83	66.44	66.42	66.77	66.67	65.80	65.58	66.40	66.48	66.08	65.95	66.22	66.12	65.39
68.42	69.24	69.35	69.09	68.97	69.36	69.54	68.62	68.56	69.49	69.63	69.28	69.31	69.67	69.30	68.38	65.84	66.71	66.82	66.44	66.42	66.76	66.65	65.79	65.57	66.38	66.47	66.07	65.95	66.21	66.11	65.39
68.43	69.26	69.37	69.12	69.21	69.59	69.29	68.38	68.55	69.48	69.63	69.29	69.32	69.67	69.50	68.58	65.83	66.70	66.81	66.45	66.42	66.75	66.64	65.78	65.55	66.36	66.45	66.07	65.95	66.20	66.10	65.38
68.44	69.26	69.38	69.14	69.25	69.62	69.50	68.59	68.55	69.47	69.62	69.30	69.33	69.66	69.51	68.59	65.82	66.69	66.80	66.45	66.43	66.75	66.63	65.78	65.54	66.34	66.43	66.06	65.95	66.19	66.09	65.37
68.21	69.03	69.15	68.92	69.27	69.62	69.51	68.60	68.54	69.46	69.62	69.30	69.10	69.42	69.51	68.59	65.81	66.68	66.79	66.45	66.43	66.73	66.61	65.77	65.53	66.32	66.42	66.06	65.95	66.19	66.07	65.36
68.18	68.99	69.12	68.90	69.04	69.38	69.51	68.60	68.54	69.45	69.61	69.31	69.31	69.63	69.51	68.59	65.80	66.66	66.79	66.46	66.43	66.73	66.60	65.76	65.51	66.30	66.40	66.06	65.95	66.18	66.06	65.35
68.16	68.98	69.11	68.89	69.26	69.60	69.50	68.60	68.53	69.44	69.61	69.32	69.33	69.64	69.26	68.35	65.79	66.65	66.78	66.46	66.43	66.72	66.59	65.75	65.50	66.28	66.39	66.05	65.95	66.17	66.05	65.34
68.15	68.96	69.10	68.89	69.29	69.61	69.25	68.36	68.52	69.43	69.60	69.32	69.35	69.64	69.46	68.55	65.79	66.64	66.77	66.46	66.43	66.71	66.58	65.74	65.49	66.27	66.37	66.05	65.95	66.16	66.04	65.33
68.14	68.95	69.09	68.90	69.30	69.61	69.45	68.56	68.51	69.42	69.60	69.33	69.36	69.64	69.47	68.56	65.78	66.63	66.76	66.46	66.44	66.70	66.56	65.73	65.47	66.25	66.36	66.05	65.95	66.15	66.03	65.32
68.37	69.19	69.09	68.90	69.07	69.37	69.46	68.57	68.51	69.42	69.59	69.33	69.36	69.64	69.47	68.56	65.77	66.62	66.75	66.46	66.44	66.69	66.55	65.72	65.46	66.23	66.34	66.04	65.95	66.14	66.02	65.31
68.40	69.21	69.33	69.15	69.29	69.58	69.46	68.57	68.50	69.41	69.59	69.34	69.37	69.63	69.22	68.32	65.76	66.60	66.74	66.47	66.44	66.69	66.54	65.71	65.45	66.21	66.33	66.04	65.95	66.14	66.01	65.31
68.41	69.22	69.35	69.18	69.31	69.59	69.45	68.57	68.50	69.40	69.58	69.34	69.38	69.63	69.43	68.53	65.75	66.59	66.74	66.47	66.44	66.68	66.53	65.70	65.44	66.20	66.32	66.04	65.95	66.13	65.99	65.30
68.18	68.99	69.37	69.20	69.32	69.59	69.45	68.56	68.49	69.39	69.34	69.11	69.14	69.38	69.44	68.54	65.74	66.58	66.73	66.47	66.44	66.67	66.52	65.70	65.42	66.18	66.30	66.03	65.95	66.12	65.98	65.29
68.39	69.20	69.13	68.97	69.09	69.34	69.44	68.56	68.49	69.38	69.55	69.33	69.36	69.59	69.43	68.54	65.73	66.57	66.72	66.47	66.44	66.66	66.51	65.69	65.41	66.16	66.29	66.03	65.95	66.11	65.97	65.28
68.40	69.21	69.36	69.20	69.31	69.56	69.19	68.31	68.24	69.13	69.56	69.34	69.38	69.60	69.43	68.53	65.72	66.56	66.71	66.47	66.45	66.66	66.50	65.68	65.40	66.15	66.28	66.03	65.95	66.10	65.96	65.27
68.40	69.22	69.37	69.23	69.33	69.57	69.15	68.28	68.44	69.34	69.56	69.36	69.39	69.60	69.42	68.53	65.71	66.54	66.70	66.47	66.45	66.65	66.49	65.67	65.39	66.13	66.27	66.02	65.95	66.10	65.95	65.26
68.41	69.22	69.38	69.24	69.10	69.32	69.13	68.26	68.45	69.35	69.32	69.12	69.39	69.60	69.41	68.52	65.70	66.53	66.69	66.47	66.45	66.64	66.48	65.66	65.38	66.12	66.25	66.02	65.95	66.09	65.94	65.25
68.41	69.22	69.14	69.01	69.32	69.54	69.11	68.24	68.45	69.35	69.53	69.34	69.40	69.60	69.40	68.52	65.70	66.52	66.69	66.47	66.45	66.64	66.47	65.66	65.37	66.10	66.24	66.02	65.95	66.08	65.93	65.25
68.41	69.22	69.36	69.23	69.34	69.55	69.33	68.46	68.45	69.34	69.54	69.36	69.41	69.60	69.40	68.51	65.69	66.51	66.68	66.47	66.45	66.63	66.46	65.65	65.35	66.09	66.23	66.01	65.94	66.08	65.92	65.24
68.40	69.22	69.37	69.25	69.11	69.31	69.35	68.49	68.21	69.09	69.30	69.13	69.41	69.59	69.39	68.50	65.68	66.50	66.67	66.47	66.45	66.62	66.44	65.64	65.34	66.07	66.22	66.01	65.94	66.07	65.91	65.23
68.17	68.97	69.14	69.02	69.08	69.28	69.36	68.49	68.41	69.30	69.51	69.35	69.41	69.59	69.38	68.50	65.67	66.49	66.66	66.47	66.45	66.62	66.43	65.63	65.33	66.06	66.21	66.01	65.94	66.06	65.90	65.22
68.36	69.17	69.35	69.24	69.07	69.26	69.36	68.49	68.42	69.30	69.52	69.37	69.42	69.58	69.38	68.49	65.66	66.48	66.65	66.47	66.45	66.61	66.43	65.62	65.32	66.05	66.20	66.00	65.94	66.05	65.89	65.21
68.38	69.19	69.37	69.27	69.31	69.49	69.36	68.49	68.42	69.31	69.53	69.38	69.42	69.58	69.37	68.49	65.65	66.46	66.65	66.47	66.46	66.60	66.42	65.61	65.31	66.03	66.19	66.00	65.94	66.05	65.88	65.21
68.38	69.19	69.38	69.28	69.34	69.51	69.11	68.25	68.42	69.30	69.53	69.39	69.42	69.57	69.36	68.48	65.64	66.45	66.64	66.47	66.46	66.60	66.41	65.61	65.30	66.02	66.18	66.00	65.94	66.04	65.87	65.20
68.38	69.19	69.38	69.29	69.36	69.52	69.07	68.22	68.18	69.05	69.29	69.15	69.43	69.57	69.35	68.47	65.63	66.44	66.63	66.47	66.46	66.59	66.40	65.60	65.29	66.01	66.17	65.99	65.94	66.03	65.86	65.19
68.14	68.95	69.14	69.05	69.37	69.52	69.05	68.20	68.38	69.26	69.50	69.37	69.43	69.57	69.34	68.46	65.62	66.43	66.63	66.47	66.46	66.58	66.39	65.59	65.28	65.99	66.16	65.99	65.94	66.03	65.85	65.18
68.35	69.16	69.35	69.27	69.37	69.52	69.28	68.42	68.39	69.27	69.51	69.39	69.19	69.32	69.33	68.46	65.62	66.42	66.62	66.47	66.46	66.58	66.38	65.58	65.27	65.98	66.15	65.99	65.93	66.02	65.84	65.17
68.36	69.17	69.37	69.30	69.38	69.52	69.29	68.44	68.39	69.27	69.51	69.40	69.40	69.52	69.32	68.45	65.61	66.41	66.61	66.47	66.46	66.57	66.37	65.58	65.26	65.97	66.14	65.98	65.93	66.01	65.83	65.17
68.36	69.17	69.38	69.31	69.39	69.52	69.30	68.44	68.39	69.27	69.27	69.16	69.42	69.54	69.32	68.44	65.60	66.40	66.60	66.47	66.46	66.57	66.36	65.57	65.25	65.96	66.13	65.98	65.93	66.01	65.82	65.16
68.12	68.93	69.14	69.07	69.39	69.52	69.30	68.44	68.38	69.26	69.48	69.38	69.43	69.54	69.31	68.44	65.59	66.39	66.60	66.47	66.46	66.56	66.35	65.56	65.24	65.94	66.12	65.98	65.93	66.00	65.82	65.15
68.09	68.90	69.35	69.29	69.39	69.52	69.30	68.44	68.38	69.25	69.50	69.40	69.44	69.54	69.06	68.19	65.58	66.38	66.59	66.47	66.46	66.55	66.34	65.55	65.23	65.93	66.11	65.97	65.93	65.99	65.81	65.14
68.08	68.88	69.36	69.31	69.15	69.27	69.05	68.20	68.37	69.25	69.50	69.41	69.44	69.54	69.26	68.39	65.57	66.37	66.58	66.47	66.46	66.55	66.33	65.54	65.22	65.92	66.10	65.97	65.92	65.99	65.80	65.14
68.06	68.87	69.37	69.32	69.13	69.24	69.25	68.40	68.36	69.24	69.26	69.17	69.44	69.53	69.27	68.40	65.57	66.36	66.58	66.47	66.46	66.54	66.32	65.54	65.21	65.91	66.09	65.97	65.92	65.98	65.79	65.13
68.29	69.10	69.13	69.08	69.11	69.22	69.26	68.41	68.36	69.23	69.47	69.39	69.44	69.53	69.27	68.40	65.56	66.35	66.57	66.47	66.46	66.54	66.31	65.53	65.20	65.90	66.08	65.97	65.92	65.98	65.78	65.12
68.31	69.12	69.34	69.30	69.10	69.20	69.26	68.41	68.35	69.23	69.48	69.41	69.44	69.52	69.27	68.40	65.55	66.34	66.56	66.47	66.46	66.53	66.30	65.52	65.19	65.88	66.07	65.96	65.92	65.97	65.77	65.11
68.32	69.13	69.36	69.32	69.34	69.43	69.02	68.18	68.35	69.22	69.48	69.41	69.45	69.52	69.26	68.39	65.54	66.33	66.56	66.47	66.45	66.53	66.30	65.51	65.18	65.87	66.06	65.96	65.92	65.96	65.76	65.10
68.32	69.13	69.37	69.33	69.37	69.45	68.98	68.14	68.34	69.22	69.49	69.42	69.45	69.51	69.25	68.39	65.53	66.32	66.55	66.46	66.45	66.52	66.29	65.51	65.17	65.86	66.05	65.96	65.92	65.96	65.75	65.10
68.32	69.13	69.37	69.34	69.38	69.46	68.96	68.12	68.11	68.97	69.25	69.19	69.45	69.51	69.24	68.38	65.53	66.31	66.54	66.46	66.45	66.51	66.28	65.50	65.16	65.85	66.05	65.95	65.91	65.95	65.75	65.09
68.08	68.89	69.13	69.10	69.15	69.22	69.19	68.34	68.30	69.17	69.45	69.40	69.45	69.51	69.24	68.37	65.52	66.30	66.54	66.46	66.45	66.51	66.27	65.49	65.15	65.84	66.04	65.95	65.91	65.95	65.74	65.08
68.28	69.09	69.33	69.31	69.13	69.20	69.20	68.36	68.31	69.18	69.47	69.42	69.45	69.50	69.23	68.37	65.51	66.30	66.53	66.46	66.45	66.50	66.26	65.48	65.15	65.83	66.03	65.95	65.91	65.94	65.73	65.08
68.30	69.11	69.36	69.34	69.12	69.18	69.21	68.37	68.31	69.18	69.47	69.42	69.45	69.50	69.22	68.36	65.50	66.29	66.52	66.46	66.45	66.50	66.25	65.48	65.14	65.82	66.02	65.94	65.91	65.93	65.72	65.07
68.30	69.11	69.36	69.34	69.11	69.17	69.21	68.37	68.07	68.94	69.47	69.43	69.45	69.49	68.98	68.12	65.49	66.28	66.52	66.46	66.45	66.49	66.25	65.47	65.13	65.81	66.01	65.94	65.90	65.93	65.71	65.06
68.30	69.11	69.12	69.10	69.35	69.41	69.21	68.36	68.04	68.90	69.47	69.43	69.20	69.24	68.94	68.08	65.48	66.27	66.51	66.46	66.45	66.49	66.24	65.46	65.12	65.80	66.01	65.94	65.90	65.92	65.71	65.05
68.30	69.11	69.09	69.09	69.37	69.42	69.20	68.36	68.02	68.89	69.21	69.18	69.18	69.21	68.92	68.06	65.47	66.26	66.51	66.46	66.45	66.48	66.23	65.45	65.11	65.79	66.00	65.93	65.90	65.92	65.70	65.05
68.29	69.11	69.32	69.31	69.38	69.43	69.20	68.35	68.01	68.87	69.18	69.16	69.17	69.19	68.90	68.05	65.46	66.25	66.50	66.45	66.44	66.47	66.22	65.44	65.10	65.78	65.99	65.93	65.90	65.91	65.69	65.04
68.29	69.10	69.33	69.33	69.39	69.44	69.19	68.35	67.99	68.86	69.17	69.15	69.16	69.18	68.89	68.03	65.46	66.24	66.49	66.45	66.44	66.47	66.21	65.43	65.09	65.77	65.98	65.93	65.90	65.91	65.68	65.03
68.28	69.10	69.34	69.34	69.40	69.44	69.19	68.34	67.98	68.85	69.15	69.14	69.15	69.17	68.87	68.02	65.45	66.23	66.48	66.45	66.44	66.46	66.20	65.43	65.08	65.76	65.98	65.92	65.89	65.90	65.67	65.03
68.28	69.09	69.34	69.35	69.40	69.44	69.18	68.34	67.97	68.84	69.15	69.13	69.15	69.16	68.86	68.01	65.44	66.22	66.48	66.44	66.44	66.45	66.19	65.42	65.08	65.75	65.97	65.92	65.89	65.89	65.67	65.02
68.27	69.09	69.35	69.36	69.41	69.43	69.17	68.33	67.97	68.83	69.14	69.13	69.14	69.15	68.85	68.01	65.43	66.21	66.47	66.44	66.43	66.45	66.18	65.41	65.07	65.74	65.96	65.92	65.89	65.89	65.66	65.01
68.27	69.08	69.35	69.36	69.41	69.43	69.17	68.32	67.96	68.82	69.13	69.13	69.14	69.14	68.85	68.00	65.42	66.20	66.46	66.44	66.43	66.44	66.17	65.40	65.06	65.73	65.95	65.91	65.89	65.88	65.65	65.00
68.27	69.08	69.35	69.36	69.41	69.43	69.16	68.32	67.95	68.81	69.13	69.12	69.14	69.14	68.84	67.99	65.41	66.19	66.46	66.44	66.43	66.44	66.16	65.39	65.05	65.72	65.95	65.91	65.88	65.88	65.64	65.00
68.26	69.08	69.34	69.36	69.41	69.43	69.15	68.31	67.94	68.80	69.12	69.12	69.14	69.13	68.83	67.98	65.41	66.18	66.45	66.43	66.43	66.43	66.16	65.39	65.04	65.71	65.94	65.91	65.88	65.87	65.64	64.99
68.26	69.07	69.34	69.37	69.41	69.42	69.15	68.31	67.94	68.80	69.12	69.12	69.14	69.13	68.82	67.97	65.40	66.17	66.44	66.43	66.43	66.42	66.15	65.38	65.04	65.70	65.93	65.90	65.88	65.87	65.63	64.98
68.25	69.07	69.34	69.37	69.41	69.42	69.14	68.30	67.93	68.79	69.11	69.12	69.14	69.12	68.81	67.97	65.39	66.16	66.44	66.43	66.42	66.42	66.14	65.37	65.03	65.69	65.92	65.90	65.88	65.86	65.62	64.98
68.25	69.06	69.34	69.37	69.41	69.42	69.14	68.29	67.92	68.78	69.11	69.12	69.13	69.12	68.81	67.96	65.38	66.15	66.43	66.43	66.42	66.41	66.13	65.37	65.02	65.68	65.92	65.90	65.87	65.86	65.61	64.97
68.24	69.06	69.34	69.37	69.41	69.41	69.13	68.29	67.92	68.78	69.10	69.12	69.13	69.11	68.80	67.95	65.38	66.15	66.43	66.43	66.42	66.41	66.13	65.36	65.01	65.67	65.91	65.90	65.87	65.85	65.61	64.96
68.24	69.05	69.34	69.37	69.41	69.41	69.12	68.28	67.91	68.77	69.10	69.12	69.13	69.11	68.79	67.95	65.37	66.14	66.42	66.42	66.42	66.40	66.12	65.35	65.00	65.67	65.90	65.89	65.87	65.84	65.60	64.96
68.23	69.05	69.33	69.37	69.41	69.41	69.12	68.28	67.90	68.76	69.10	69.12	69.13	69.10	68.79	67.94	65.36	66.13	66.41	66.42	66.41	66.40	66.11	65.34	65.00	65.66	65.90	65.89	65.86	65.84	65.59	64.95
68.23	69.04	69.33	69.37	69.41	69.40	69.11	68.27	67.90	68.76	69.09	69.12	69.13	69.10	68.78	67.93	65.35	66.12	66.41	66.42	66.41	66.39	66.10	65.34	64.99	65.65	65.89	65.89	65.86	65.84	65.59	64.94
68.22	69.04	69.33	69.37	69.41	69.40	69.11	68.27	67.89	68.75	69.09	69.11	69.13	69.09	68.77	67.92	65.34	66.11	66.40	66.42	66.41	66.39	66.10	65.33	64.98	65.64	65.88	65.88	65.86	65.83	65.58	64.94
68.22	69.04	69.33	69.37	69.41	69.40	69.10	68.26	67.89	68.74	69.08	69.11	69.13	69.09	68.76	67.92	65.34	66.11	66.40	66.41	66.41	66.38	66.09	65.32	64.97	65.63	65.88	65.88	65.86	65.82	65.57	64.93
68.21	69.03	69.33	69.37	69.41	69.39	69.09	68.25	67.88	68.74	69.08	69.11	69.13	69.08	68.75	67.91	65.33	66.10	66.39	66.41	66.41	66.38	66.08	65.32	64.97	65.62	65.87	65.88	65.85	65.82	65.56	64.92
68.21	69.03	69.32	69.37	69.41	69.39	69.09	68.25	67.87	68.73	69.07	69.11	69.12	69.08	68.75	67.90	65.32	66.09	66.39	66.41	66.40	66.37	66.07	65.31	64.96	65.62	65.87	65.87	65.85	65.81	65.56	64.92
68.20	69.02	69.32	69.37	69.41	69.38	69.08	68.24	67.87	68.72	69.07	69.11	69.12	69.07	68.74	67.90	65.32	66.08	66.38	66.41	66.40	66.37	66.07	65.30	64.95	65.61	65.86	65.87	65.85	65.81	65.55	64.91
68.20	69.02	69.32	69.37	69.17	69.14	69.08	68.24	67.86	68.72	69.06	69.11	69.12	69.07	68.73	67.89	65.31	66.08	66.37	66.40	66.40	66.36	66.06	65.30	64.94	65.60	65.85	65.87	65.85	65.80	65.54	64.91
67.96	68.78	69.31	69.37	69.14	69.10	69.07	68.23	67.85	68.71	69.06	69.11	69.12	69.06	68.73	67.88	65.30	66.07	66.37	66.40	66.40	66.36	66.05	65.29	64.94	65.59	65.85	65.86	65.84	65.80	65.54	64.90
67.92	68.74	69.31	69.37	69.12	69.08	68.82	67.99	67.84	68.70	69.06	69.11	69.11	69.06	68.72	67.88	65.29	66.06	66.36	66.40	66.39	66.35	66.04	65.28	64.93	65.58	65.84	65.86	65.84	65.79	65.53	64.89
67.90	68.72	69.31	69.37	69.11	69.07	68.78	67.95	67.84	68.69	69.05	69.10	69.11	69.05	68.71	67.87	65.29	66.05	66.36	66.40	66.39	66.35	66.04	65.28	64.92	65.58	65.83	65.86	65.84	65.79	65.52	64.89
67.89	68.70	69.30	69.37	69.10	69.05	68.76	67.93	67.83	68.69	69.05	69.10	69.11	69.04	68.70	67.86	65.28	66.05	66.35	66.39	66.39	66.34	66.03	65.27	64.92	65.57	65.83	65.85	65.84	65.78	65.52	64.88
