pcb_C_0	327.2930
pcb_C_1	327.9791
pcb_C_2	328.3120
pcb_C_3	328.4353
pcb_C_4	328.4021
pcb_C_5	328.2587
pcb_C_6	327.9496
pcb_C_7	327.2770
pcb_C_8	326.9969
pcb_C_9	327.5893
pcb_C_10	327.9172
pcb_C_11	328.0554
pcb_C_12	328.0347
pcb_C_13	327.8789
pcb_C_14	327.5622
pcb_C_15	326.9803
pcb_C_16	326.5499
pcb_C_17	326.8079
pcb_C_18	327.0106
pcb_C_19	327.1147
pcb_C_20	327.1056
pcb_C_21	326.9910
pcb_C_22	326.7897
pcb_C_23	326.5353
pcb_C_24	326.2246
pcb_C_25	326.2277
pcb_C_26	326.3125
pcb_C_27	326.3712
pcb_C_28	326.3672
pcb_C_29	326.3031
pcb_C_30	326.2170
pcb_C_31	326.2135
solder_C_0	327.6345
solder_C_1	328.2746
solder_C_2	328.6444
solder_C_3	328.7740
solder_C_4	328.7101
solder_C_5	328.5550
solder_C_6	328.2401
solder_C_7	327.6176
solder_C_8	327.3109
solder_C_9	327.8527
solder_C_10	328.1960
solder_C_11	328.3410
solder_C_12	328.3144
solder_C_13	328.1485
solder_C_14	327.8239
solder_C_15	327.2956
solder_C_16	326.5689
solder_C_17	326.7461
solder_C_18	326.9596
solder_C_19	327.0723
solder_C_20	327.0629
solder_C_21	326.9392
solder_C_22	326.7278
solder_C_23	326.5545
solder_C_24	326.1637
solder_C_25	326.0843
solder_C_26	326.1810
solder_C_27	326.2488
solder_C_28	326.2447
solder_C_29	326.1713
solder_C_30	326.0735
solder_C_31	326.1525
sub_C_0	327.7253
sub_C_1	328.3670
sub_C_2	328.7613
sub_C_3	328.8937
sub_C_4	328.8114
sub_C_5	328.6529
sub_C_6	328.3323
sub_C_7	327.7081
sub_C_8	327.4071
sub_C_9	327.9598
sub_C_10	328.3112
sub_C_11	328.4585
sub_C_12	328.4322
sub_C_13	328.2628
sub_C_14	327.9311
sub_C_15	327.3931
sub_C_16	326.4790
sub_C_17	326.6873
sub_C_18	326.9106
sub_C_19	327.0265
sub_C_20	327.0172
sub_C_21	326.8904
sub_C_22	326.6690
sub_C_23	326.4648
sub_C_24	326.0541
sub_C_25	326.0145
sub_C_26	326.1228
sub_C_27	326.1945
sub_C_28	326.1904
sub_C_29	326.1132
sub_C_30	326.0036
sub_C_31	326.0429
layer_3_C_0	328.5441
layer_3_C_1	329.2542
layer_3_C_2	329.8879
layer_3_C_3	330.0438
layer_3_C_4	329.7752
layer_3_C_5	329.5894
layer_3_C_6	329.2208
layer_3_C_7	328.5243
layer_3_C_8	328.3312
layer_3_C_9	329.0350
layer_3_C_10	329.4633
layer_3_C_11	329.6322
layer_3_C_12	329.6119
layer_3_C_13	329.4086
layer_3_C_14	329.0075
layer_3_C_15	328.3306
layer_3_C_16	325.5683
layer_3_C_17	326.0799
layer_3_C_18	326.3995
layer_3_C_19	326.5461
layer_3_C_20	326.5379
layer_3_C_21	326.3812
layer_3_C_22	326.0626
layer_3_C_23	325.5547
layer_3_C_24	325.0060
layer_3_C_25	325.3261
layer_3_C_26	325.5474
layer_3_C_27	325.6549
layer_3_C_28	325.6509
layer_3_C_29	325.5377
layer_3_C_30	325.3150
layer_3_C_31	324.9951
layer_4_TB_0	328.3861
layer_4_TB_1	329.0964
layer_4_TB_2	329.7131
layer_4_TB_3	329.8687
layer_4_TB_4	329.6163
layer_4_TB_5	329.4312
layer_4_TB_6	329.0629
layer_4_TB_7	328.3665
layer_4_TB_8	328.1759
layer_4_TB_9	328.8800
layer_4_TB_10	329.3065
layer_4_TB_11	329.4753
layer_4_TB_12	329.4548
layer_4_TB_13	329.2527
layer_4_TB_14	328.8527
layer_4_TB_15	328.1742
layer_4_TB_16	325.5663
layer_4_TB_17	326.0784
layer_4_TB_18	326.3981
layer_4_TB_19	326.5447
layer_4_TB_20	326.5365
layer_4_TB_21	326.3798
layer_4_TB_22	326.0612
layer_4_TB_23	325.5527
layer_4_TB_24	325.0048
layer_4_TB_25	325.3253
layer_4_TB_26	325.5467
layer_4_TB_27	325.6542
layer_4_TB_28	325.6502
layer_4_TB_29	325.5370
layer_4_TB_30	325.3142
layer_4_TB_31	324.9939
hsp_TB_0	326.8066
hsp_TB_1	327.5180
hsp_TB_2	327.9646
hsp_TB_3	328.1182
hsp_TB_4	328.0275
hsp_TB_5	327.8485
hsp_TB_6	327.4842
hsp_TB_7	326.7886
hsp_TB_8	326.6230
hsp_TB_9	327.3304
hsp_TB_10	327.7384
hsp_TB_11	327.9074
hsp_TB_12	327.8838
hsp_TB_13	327.6940
hsp_TB_14	327.3040
hsp_TB_15	326.6100
hsp_TB_16	325.5467
hsp_TB_17	326.0633
hsp_TB_18	326.3839
hsp_TB_19	326.5307
hsp_TB_20	326.5226
hsp_TB_21	326.3656
hsp_TB_22	326.0461
hsp_TB_23	325.5330
hsp_TB_24	324.9924
hsp_TB_25	325.3171
hsp_TB_26	325.5394
hsp_TB_27	325.6472
hsp_TB_28	325.6432
hsp_TB_29	325.5297
hsp_TB_30	325.3060
hsp_TB_31	324.9816
hsink_TB_0	326.1649
hsink_TB_1	326.8446
hsink_TB_2	327.2312
hsink_TB_3	327.3838
hsink_TB_4	327.3475
hsink_TB_5	327.1746
hsink_TB_6	326.8143
hsink_TB_7	326.1472
hsink_TB_8	326.0309
hsink_TB_9	326.7131
hsink_TB_10	327.1078
hsink_TB_11	327.2763
hsink_TB_12	327.2574
hsink_TB_13	327.0725
hsink_TB_14	326.6876
hsink_TB_15	326.0145
hsink_TB_16	325.4737
hsink_TB_17	325.9870
hsink_TB_18	326.3066
hsink_TB_19	326.4534
hsink_TB_20	326.4454
hsink_TB_21	326.2889
hsink_TB_22	325.9699
hsink_TB_23	325.4596
hsink_TB_24	324.9801
hsink_TB_25	325.3060
hsink_TB_26	325.5286
hsink_TB_27	325.6364
hsink_TB_28	325.6324
hsink_TB_29	325.5189
hsink_TB_30	325.2949
hsink_TB_31	324.9692
inode_0	324.4816
inode_1	324.4694
inode_2	323.9278
inode_3	325.3221
inode_4	324.4675
inode_5	324.4553
inode_6	323.9208
inode_7	325.3102
inode_8	323.8987
inode_9	323.8876
inode_10	323.2569
inode_11	324.4865
inode_12	326.8480
inode_13	326.8337
inode_14	325.8997
inode_15	328.0075
inode_16	326.8459
inode_17	326.8316
inode_18	325.8996
inode_19	328.0067
inode_20	326.2964
inode_21	326.2827
inode_22	325.8462
inode_23	327.9020
inode_24	324.3943
inode_25	324.3838
inode_26	323.6598
inode_27	325.1316
