pcb_LC_0	353.0360
pcb_LC_1	354.3585
pcb_LC_2	354.9359
pcb_LC_3	355.1646
pcb_LC_4	355.1647
pcb_LC_5	354.9363
pcb_LC_6	354.3589
pcb_LC_7	353.0364
pcb_LC_8	352.9796
pcb_LC_9	354.5130
pcb_LC_10	355.2367
pcb_LC_11	355.5322
pcb_LC_12	355.5324
pcb_LC_13	355.2371
pcb_LC_14	354.5135
pcb_LC_15	352.9800
pcb_LC_16	352.8829
pcb_LC_17	354.3398
pcb_LC_18	355.0332
pcb_LC_19	355.3187
pcb_LC_20	355.3188
pcb_LC_21	355.0336
pcb_LC_22	354.3402
pcb_LC_23	352.8833
pcb_LC_24	352.7897
pcb_LC_25	353.9544
pcb_LC_26	354.4732
pcb_LC_27	354.6828
pcb_LC_28	354.6829
pcb_LC_29	354.4734
pcb_LC_30	353.9547
pcb_LC_31	352.7901
solder_LC_0	355.2798
solder_LC_1	355.8009
solder_LC_2	356.1527
solder_LC_3	356.3267
solder_LC_4	356.3271
solder_LC_5	356.1535
solder_LC_6	355.8015
solder_LC_7	355.2803
solder_LC_8	355.4918
solder_LC_9	356.1523
solder_LC_10	356.5929
solder_LC_11	356.8125
solder_LC_12	356.8130
solder_LC_13	356.5941
solder_LC_14	356.1531
solder_LC_15	355.4924
solder_LC_16	355.1915
solder_LC_17	355.7178
solder_LC_18	356.1172
solder_LC_19	356.3244
solder_LC_20	356.3247
solder_LC_21	356.1179
solder_LC_22	355.7185
solder_LC_23	355.1921
solder_LC_24	354.7970
solder_LC_25	355.0782
solder_LC_26	355.3535
solder_LC_27	355.5045
solder_LC_28	355.5047
solder_LC_29	355.3539
solder_LC_30	355.0787
solder_LC_31	354.7974
sub_LC_0	355.5034
sub_LC_1	356.0330
sub_LC_2	356.4101
sub_LC_3	356.5986
sub_LC_4	356.5990
sub_LC_5	356.4111
sub_LC_6	356.0337
sub_LC_7	355.5040
sub_LC_8	355.9937
sub_LC_9	356.6474
sub_LC_10	357.1052
sub_LC_11	357.3358
sub_LC_12	357.3365
sub_LC_13	357.1071
sub_LC_14	356.6481
sub_LC_15	355.9942
sub_LC_16	355.3795
sub_LC_17	355.9130
sub_LC_18	356.3321
sub_LC_19	356.5502
sub_LC_20	356.5507
sub_LC_21	356.3330
sub_LC_22	355.9137
sub_LC_23	355.3801
sub_LC_24	354.8351
sub_LC_25	355.1512
sub_LC_26	355.4557
sub_LC_27	355.6218
sub_LC_28	355.6220
sub_LC_29	355.4561
sub_LC_30	355.1517
sub_LC_31	354.8356
layer_3_LC_0	357.2123
layer_3_LC_1	357.9549
layer_3_LC_2	358.5775
layer_3_LC_3	358.8975
layer_3_LC_4	358.8989
layer_3_LC_5	358.5802
layer_3_LC_6	357.9566
layer_3_LC_7	357.2138
layer_3_LC_8	360.9529
layer_3_LC_9	361.7471
layer_3_LC_10	362.4126
layer_3_LC_11	362.7608
layer_3_LC_12	362.7641
layer_3_LC_13	362.4224
layer_3_LC_14	361.7477
layer_3_LC_15	360.9528
layer_3_LC_16	356.8337
layer_3_LC_17	357.6065
layer_3_LC_18	358.2564
layer_3_LC_19	358.5911
layer_3_LC_20	358.5923
layer_3_LC_21	358.2587
layer_3_LC_22	357.6079
layer_3_LC_23	356.8349
layer_3_LC_24	354.9286
layer_3_LC_25	355.6315
layer_3_LC_26	356.2273
layer_3_LC_27	356.5346
layer_3_LC_28	356.5349
layer_3_LC_29	356.2279
layer_3_LC_30	355.6321
layer_3_LC_31	354.9292
layer_4_TB_0	357.1099
layer_4_TB_1	357.8525
layer_4_TB_2	358.4746
layer_4_TB_3	358.7943
layer_4_TB_4	358.7956
layer_4_TB_5	358.4772
layer_4_TB_6	357.8541
layer_4_TB_7	357.1114
layer_4_TB_8	360.8652
layer_4_TB_9	361.6593
layer_4_TB_10	362.3242
layer_4_TB_11	362.6720
layer_4_TB_12	362.6753
layer_4_TB_13	362.3340
layer_4_TB_14	361.6598
layer_4_TB_15	360.8651
layer_4_TB_16	356.7328
layer_4_TB_17	357.5056
layer_4_TB_18	358.1552
layer_4_TB_19	358.4896
layer_4_TB_20	358.4907
layer_4_TB_21	358.1575
layer_4_TB_22	357.5070
layer_4_TB_23	356.7340
layer_4_TB_24	354.8311
layer_4_TB_25	355.5342
layer_4_TB_26	356.1297
layer_4_TB_27	356.4368
layer_4_TB_28	356.4371
layer_4_TB_29	356.1303
layer_4_TB_30	355.5348
layer_4_TB_31	354.8317
layer_5_B_0	356.0846
layer_5_B_1	356.8269
layer_5_B_2	357.4446
layer_5_B_3	357.7612
layer_5_B_4	357.7626
layer_5_B_5	357.4471
layer_5_B_6	356.8286
layer_5_B_7	356.0861
layer_5_B_8	359.9895
layer_5_B_9	360.7823
layer_5_B_10	361.4416
layer_5_B_11	361.7861
layer_5_B_12	361.7894
layer_5_B_13	361.4517
layer_5_B_14	360.7827
layer_5_B_15	359.9894
layer_5_B_16	355.7225
layer_5_B_17	356.4965
layer_5_B_18	357.1421
layer_5_B_19	357.4736
layer_5_B_20	357.4748
layer_5_B_21	357.1444
layer_5_B_22	356.4979
layer_5_B_23	355.7237
layer_5_B_24	353.8557
layer_5_B_25	354.5610
layer_5_B_26	355.1535
layer_5_B_27	355.4582
layer_5_B_28	355.4585
layer_5_B_29	355.1541
layer_5_B_30	354.5617
layer_5_B_31	353.8563
layer_6_TB_0	355.9369
layer_6_TB_1	356.6796
layer_6_TB_2	357.2967
layer_6_TB_3	357.6128
layer_6_TB_4	357.6142
layer_6_TB_5	357.2992
layer_6_TB_6	356.6813
layer_6_TB_7	355.9385
layer_6_TB_8	359.7992
layer_6_TB_9	360.5926
layer_6_TB_10	361.2514
layer_6_TB_11	361.5951
layer_6_TB_12	361.5984
layer_6_TB_13	361.2612
layer_6_TB_14	360.5931
layer_6_TB_15	359.7993
layer_6_TB_16	355.5778
layer_6_TB_17	356.3524
layer_6_TB_18	356.9976
layer_6_TB_19	357.3286
layer_6_TB_20	357.3298
layer_6_TB_21	356.9997
layer_6_TB_22	356.3538
layer_6_TB_23	355.5790
layer_6_TB_24	353.7183
layer_6_TB_25	354.4241
layer_6_TB_26	355.0162
layer_6_TB_27	355.3205
layer_6_TB_28	355.3208
layer_6_TB_29	355.0168
layer_6_TB_30	354.4248
layer_6_TB_31	353.7189
layer_7_B_32	354.4599
layer_7_B_33	355.2059
layer_7_B_34	355.8168
layer_7_B_35	356.1282
layer_7_B_36	356.1295
layer_7_B_37	355.8191
layer_7_B_38	355.2076
layer_7_B_39	354.4614
layer_7_B_40	357.8985
layer_7_B_41	358.6973
layer_7_B_42	359.3513
layer_7_B_43	359.6873
layer_7_B_44	359.6907
layer_7_B_45	359.3583
layer_7_B_46	358.6993
layer_7_B_47	357.9001
layer_7_B_48	354.1301
layer_7_B_49	354.9107
layer_7_B_50	355.5511
layer_7_B_51	355.8779
layer_7_B_52	355.8791
layer_7_B_53	355.5530
layer_7_B_54	354.9122
layer_7_B_55	354.1314
layer_7_B_56	352.3440
layer_7_B_57	353.0552
layer_7_B_58	353.6425
layer_7_B_59	353.9430
layer_7_B_60	353.9433
layer_7_B_61	353.6431
layer_7_B_62	353.0559
layer_7_B_63	352.3446
layer_8_TB_0	354.2686
layer_8_TB_1	355.0154
layer_8_TB_2	355.6254
layer_8_TB_3	355.9362
layer_8_TB_4	355.9375
layer_8_TB_5	355.6277
layer_8_TB_6	355.0171
layer_8_TB_7	354.2701
layer_8_TB_8	357.6782
layer_8_TB_9	358.4781
layer_8_TB_10	359.1316
layer_8_TB_11	359.4667
layer_8_TB_12	359.4701
layer_8_TB_13	359.1383
layer_8_TB_14	358.4803
layer_8_TB_15	357.6800
layer_8_TB_16	353.9431
layer_8_TB_17	354.7248
layer_8_TB_18	355.3646
layer_8_TB_19	355.6909
layer_8_TB_20	355.6920
layer_8_TB_21	355.3665
layer_8_TB_22	354.7263
layer_8_TB_23	353.9444
layer_8_TB_24	352.1674
layer_8_TB_25	352.8796
layer_8_TB_26	353.4662
layer_8_TB_27	353.7661
layer_8_TB_28	353.7664
layer_8_TB_29	353.4668
layer_8_TB_30	352.8802
layer_8_TB_31	352.1680
layer_9_B_64	352.3548
layer_9_B_65	353.1088
layer_9_B_66	353.7108
layer_9_B_67	354.0152
layer_9_B_68	354.0164
layer_9_B_69	353.7128
layer_9_B_70	353.1105
layer_9_B_71	352.3564
layer_9_B_72	355.4773
layer_9_B_73	356.2880
layer_9_B_74	356.9357
layer_9_B_75	357.2621
layer_9_B_76	357.2656
layer_9_B_77	356.9398
layer_9_B_78	356.2916
layer_9_B_79	355.4806
layer_9_B_80	352.0725
layer_9_B_81	352.8653
layer_9_B_82	353.4992
layer_9_B_83	353.8201
layer_9_B_84	353.8211
layer_9_B_85	353.5009
layer_9_B_86	352.8667
layer_9_B_87	352.0739
layer_9_B_88	350.4015
layer_9_B_89	351.1225
layer_9_B_90	351.7026
layer_9_B_91	351.9972
layer_9_B_92	351.9975
layer_9_B_93	351.7032
layer_9_B_94	351.1231
layer_9_B_95	350.4021
layer_10_TB_0	352.1213
layer_10_TB_1	352.8763
layer_10_TB_2	353.4774
layer_10_TB_3	353.7810
layer_10_TB_4	353.7822
layer_10_TB_5	353.4794
layer_10_TB_6	352.8780
layer_10_TB_7	352.1229
layer_10_TB_8	355.2271
layer_10_TB_9	356.0394
layer_10_TB_10	356.6865
layer_10_TB_11	357.0119
layer_10_TB_12	357.0155
layer_10_TB_13	356.6903
layer_10_TB_14	356.0432
layer_10_TB_15	355.2306
layer_10_TB_16	351.8446
layer_10_TB_17	352.6389
layer_10_TB_18	353.2722
layer_10_TB_19	353.5924
layer_10_TB_20	353.5935
layer_10_TB_21	353.2738
layer_10_TB_22	352.6404
layer_10_TB_23	351.8459
layer_10_TB_24	350.1867
layer_10_TB_25	350.9090
layer_10_TB_26	351.4883
layer_10_TB_27	351.7821
layer_10_TB_28	351.7824
layer_10_TB_29	351.4888
layer_10_TB_30	350.9096
layer_10_TB_31	350.1873
layer_11_B_96	349.7853
layer_11_B_97	350.5514
layer_11_B_98	351.1425
layer_11_B_99	351.4381
layer_11_B_100	351.4393
layer_11_B_101	351.1441
layer_11_B_102	350.5530
layer_11_B_103	349.7868
layer_11_B_104	352.7268
layer_11_B_105	353.5554
layer_11_B_106	354.1958
layer_11_B_107	354.5113
layer_11_B_108	354.5151
layer_11_B_109	354.1971
layer_11_B_110	353.5606
layer_11_B_111	352.7319
layer_11_B_112	349.5646
layer_11_B_113	350.3753
layer_11_B_114	351.0015
layer_11_B_115	351.3151
layer_11_B_116	351.3161
layer_11_B_117	351.0029
layer_11_B_118	350.3767
layer_11_B_119	349.5660
layer_11_B_120	348.0388
layer_11_B_121	348.7735
layer_11_B_122	349.3444
layer_11_B_123	349.6314
layer_11_B_124	349.6317
layer_11_B_125	349.3449
layer_11_B_126	348.7741
layer_11_B_127	348.0394
layer_12_TB_0	349.5109
layer_12_TB_1	350.2785
layer_12_TB_2	350.8684
layer_12_TB_3	351.1631
layer_12_TB_4	351.1642
layer_12_TB_5	350.8700
layer_12_TB_6	350.2801
layer_12_TB_7	349.5124
layer_12_TB_8	352.4474
layer_12_TB_9	353.2782
layer_12_TB_10	353.9178
layer_12_TB_11	354.2322
layer_12_TB_12	354.2361
layer_12_TB_13	353.9189
layer_12_TB_14	353.2836
layer_12_TB_15	352.4527
layer_12_TB_16	349.2970
layer_12_TB_17	350.1098
layer_12_TB_18	350.7353
layer_12_TB_19	351.0481
layer_12_TB_20	351.0491
layer_12_TB_21	350.7366
layer_12_TB_22	350.1113
layer_12_TB_23	349.2984
layer_12_TB_24	347.7870
layer_12_TB_25	348.5233
layer_12_TB_26	349.0932
layer_12_TB_27	349.3793
layer_12_TB_28	349.3796
layer_12_TB_29	349.0937
layer_12_TB_30	348.5239
layer_12_TB_31	347.7876
layer_13_B_128	346.7663
layer_13_B_129	347.5491
layer_13_B_130	348.1270
layer_13_B_131	348.4123
layer_13_B_132	348.4133
layer_13_B_133	348.1283
layer_13_B_134	347.5507
layer_13_B_135	346.7678
layer_13_B_136	349.6545
layer_13_B_137	350.5077
layer_13_B_138	351.1396
layer_13_B_139	351.4427
layer_13_B_140	351.4470
layer_13_B_141	351.1381
layer_13_B_142	350.5146
layer_13_B_143	349.6615
layer_13_B_144	346.6203
layer_13_B_145	347.4551
layer_13_B_146	348.0723
layer_13_B_147	348.3774
layer_13_B_148	348.3783
layer_13_B_149	348.0734
layer_13_B_150	347.4565
layer_13_B_151	346.6217
layer_13_B_152	345.2685
layer_13_B_153	346.0211
layer_13_B_154	346.5806
layer_13_B_155	346.8584
layer_13_B_156	346.8586
layer_13_B_157	346.5811
layer_13_B_158	346.0216
layer_13_B_159	345.2690
layer_14_TB_0	346.4523
layer_14_TB_1	347.2371
layer_14_TB_2	347.8136
layer_14_TB_3	348.0978
layer_14_TB_4	348.0988
layer_14_TB_5	347.8149
layer_14_TB_6	347.2387
layer_14_TB_7	346.4538
layer_14_TB_8	349.2743
layer_14_TB_9	350.1302
layer_14_TB_10	350.7610
layer_14_TB_11	351.0633
layer_14_TB_12	351.0675
layer_14_TB_13	350.7594
layer_14_TB_14	350.1370
layer_14_TB_15	349.2812
layer_14_TB_16	346.3143
layer_14_TB_17	347.1518
layer_14_TB_18	347.7681
layer_14_TB_19	348.0723
layer_14_TB_20	348.0731
layer_14_TB_21	347.7691
layer_14_TB_22	347.1531
layer_14_TB_23	346.3156
layer_14_TB_24	344.9809
layer_14_TB_25	345.7356
layer_14_TB_26	346.2939
layer_14_TB_27	346.5706
layer_14_TB_28	346.5708
layer_14_TB_29	346.2943
layer_14_TB_30	345.7361
layer_14_TB_31	344.9814
layer_15_B_160	343.3122
layer_15_B_161	344.1168
layer_15_B_162	344.6789
layer_15_B_163	344.9522
layer_15_B_164	344.9530
layer_15_B_165	344.6799
layer_15_B_166	344.1182
layer_15_B_167	343.3136
layer_15_B_168	345.4740
layer_15_B_169	346.3570
layer_15_B_170	346.9756
layer_15_B_171	347.2702
layer_15_B_172	347.2733
layer_15_B_173	346.9746
layer_15_B_174	346.3622
layer_15_B_175	345.4792
layer_15_B_176	343.2527
layer_15_B_177	344.1184
layer_15_B_178	344.7249
layer_15_B_179	345.0204
layer_15_B_180	345.0211
layer_15_B_181	344.7257
layer_15_B_182	344.1196
layer_15_B_183	343.2539
layer_15_B_184	342.1050
layer_15_B_185	342.8803
layer_15_B_186	343.4259
layer_15_B_187	343.6928
layer_15_B_188	343.6930
layer_15_B_189	343.4263
layer_15_B_190	342.8807
layer_15_B_191	342.1054
layer_16_TB_0	342.9614
layer_16_TB_1	343.7684
layer_16_TB_2	344.3288
layer_16_TB_3	344.6008
layer_16_TB_4	344.6016
layer_16_TB_5	344.3297
layer_16_TB_6	343.7697
layer_16_TB_7	342.9627
layer_16_TB_8	345.0652
layer_16_TB_9	345.9517
layer_16_TB_10	346.5689
layer_16_TB_11	346.8627
layer_16_TB_12	346.8657
layer_16_TB_13	346.5680
layer_16_TB_14	345.9567
layer_16_TB_15	345.0704
layer_16_TB_16	342.9106
layer_16_TB_17	343.7797
layer_16_TB_18	344.3851
layer_16_TB_19	344.6796
layer_16_TB_20	344.6803
layer_16_TB_21	344.3859
layer_16_TB_22	343.7809
layer_16_TB_23	342.9117
layer_16_TB_24	341.7832
layer_16_TB_25	342.5609
layer_16_TB_26	343.1051
layer_16_TB_27	343.3708
layer_16_TB_28	343.3710
layer_16_TB_29	343.1055
layer_16_TB_30	342.5614
layer_16_TB_31	341.7836
layer_17_B_192	339.4519
layer_17_B_193	340.2837
layer_17_B_194	340.8271
layer_17_B_195	341.0868
layer_17_B_196	341.0874
layer_17_B_197	340.8278
layer_17_B_198	340.2847
layer_17_B_199	339.4530
layer_17_B_200	340.9789
layer_17_B_201	341.8997
layer_17_B_202	342.5033
layer_17_B_203	342.7880
layer_17_B_204	342.7901
layer_17_B_205	342.5028
layer_17_B_206	341.9032
layer_17_B_207	340.9825
layer_17_B_208	339.4888
layer_17_B_209	340.3929
layer_17_B_210	340.9870
layer_17_B_211	341.2716
layer_17_B_212	341.2721
layer_17_B_213	340.9876
layer_17_B_214	340.3939
layer_17_B_215	339.4898
layer_17_B_216	338.5646
layer_17_B_217	339.3676
layer_17_B_218	339.8968
layer_17_B_219	340.1511
layer_17_B_220	340.1513
layer_17_B_221	339.8971
layer_17_B_222	339.3680
layer_17_B_223	338.5650
layer_18_TB_0	339.0667
layer_18_TB_1	339.9014
layer_18_TB_2	340.4429
layer_18_TB_3	340.7012
layer_18_TB_4	340.7018
layer_18_TB_5	340.4436
layer_18_TB_6	339.9024
layer_18_TB_7	339.0677
layer_18_TB_8	340.5414
layer_18_TB_9	341.4664
layer_18_TB_10	342.0685
layer_18_TB_11	342.3522
layer_18_TB_12	342.3541
layer_18_TB_13	342.0680
layer_18_TB_14	341.4698
layer_18_TB_15	340.5449
layer_18_TB_16	339.1131
layer_18_TB_17	340.0214
layer_18_TB_18	340.6141
layer_18_TB_19	340.8976
layer_18_TB_20	340.8981
layer_18_TB_21	340.6147
layer_18_TB_22	340.0223
layer_18_TB_23	339.1140
layer_18_TB_24	338.2102
layer_18_TB_25	339.0162
layer_18_TB_26	339.5436
layer_18_TB_27	339.7966
layer_18_TB_28	339.7967
layer_18_TB_29	339.5439
layer_18_TB_30	339.0165
layer_18_TB_31	338.2105
layer_19_B_224	335.2135
layer_19_B_225	336.0785
layer_19_B_226	336.6002
layer_19_B_227	336.8446
layer_19_B_228	336.8450
layer_19_B_229	336.6007
layer_19_B_230	336.0792
layer_19_B_231	335.2143
layer_19_B_232	336.1670
layer_19_B_233	337.1344
layer_19_B_234	337.7211
layer_19_B_235	337.9944
layer_19_B_236	337.9955
layer_19_B_237	337.7210
layer_19_B_238	337.1365
layer_19_B_239	336.1691
layer_19_B_240	335.3553
layer_19_B_241	336.3062
layer_19_B_242	336.8856
layer_19_B_243	337.1581
layer_19_B_244	337.1584
layer_19_B_245	336.8860
layer_19_B_246	336.3068
layer_19_B_247	335.3559
layer_19_B_248	334.6651
layer_19_B_249	335.5016
layer_19_B_250	336.0112
layer_19_B_251	336.2513
layer_19_B_252	336.2514
layer_19_B_253	336.0114
layer_19_B_254	335.5019
layer_19_B_255	334.6654
layer_20_TB_0	334.7965
layer_20_TB_1	335.6650
layer_20_TB_2	336.1844
layer_20_TB_3	336.4273
layer_20_TB_4	336.4276
layer_20_TB_5	336.1849
layer_20_TB_6	335.6657
layer_20_TB_7	334.7972
layer_20_TB_8	335.7008
layer_20_TB_9	336.6733
layer_20_TB_10	337.2582
layer_20_TB_11	337.5304
layer_20_TB_12	337.5314
layer_20_TB_13	337.2581
layer_20_TB_14	336.6753
layer_20_TB_15	335.7028
layer_20_TB_16	334.9483
layer_20_TB_17	335.9043
layer_20_TB_18	336.4821
layer_20_TB_19	336.7534
layer_20_TB_20	336.7537
layer_20_TB_21	336.4825
layer_20_TB_22	335.9049
layer_20_TB_23	334.9489
layer_20_TB_24	334.2797
layer_20_TB_25	335.1198
layer_20_TB_26	335.6273
layer_20_TB_27	335.8659
layer_20_TB_28	335.8660
layer_20_TB_29	335.6275
layer_20_TB_30	335.1200
layer_20_TB_31	334.2800
hsp_TB_0	330.6252
hsp_TB_1	331.5302
hsp_TB_2	332.0266
hsp_TB_3	332.2540
hsp_TB_4	332.2541
hsp_TB_5	332.0268
hsp_TB_6	331.5306
hsp_TB_7	330.6257
hsp_TB_8	331.0391
hsp_TB_9	332.0630
hsp_TB_10	332.6302
hsp_TB_11	332.8908
hsp_TB_12	332.8910
hsp_TB_13	332.6304
hsp_TB_14	332.0636
hsp_TB_15	331.0397
hsp_TB_16	330.8782
hsp_TB_17	331.8854
hsp_TB_18	332.4476
hsp_TB_19	332.7069
hsp_TB_20	332.7070
hsp_TB_21	332.4479
hsp_TB_22	331.8858
hsp_TB_23	330.8786
hsp_TB_24	330.4254
hsp_TB_25	331.3017
hsp_TB_26	331.7883
hsp_TB_27	332.0125
hsp_TB_28	332.0126
hsp_TB_29	331.7884
hsp_TB_30	331.3019
hsp_TB_31	330.4257
hsink_TB_0	329.0638
hsink_TB_1	329.8331
hsink_TB_2	330.2972
hsink_TB_3	330.5148
hsink_TB_4	330.5149
hsink_TB_5	330.2973
hsink_TB_6	329.8333
hsink_TB_7	329.0641
hsink_TB_8	329.3133
hsink_TB_9	330.1889
hsink_TB_10	330.7220
hsink_TB_11	330.9729
hsink_TB_12	330.9730
hsink_TB_13	330.7222
hsink_TB_14	330.1891
hsink_TB_15	329.3135
hsink_TB_16	329.2776
hsink_TB_17	330.1450
hsink_TB_18	330.6747
hsink_TB_19	330.9244
hsink_TB_20	330.9245
hsink_TB_21	330.6749
hsink_TB_22	330.1452
hsink_TB_23	329.2779
hsink_TB_24	328.9904
hsink_TB_25	329.7425
hsink_TB_26	330.1994
hsink_TB_27	330.4144
hsink_TB_28	330.4145
hsink_TB_29	330.1995
hsink_TB_30	329.7427
hsink_TB_31	328.9906
inode_0	326.8345
inode_1	326.8347
inode_2	327.3580
inode_3	327.4453
inode_4	326.7955
inode_5	326.7957
inode_6	327.3271
inode_7	327.4134
inode_8	325.5824
inode_9	325.5825
inode_10	325.8725
inode_11	325.9451
inode_12	354.9221
inode_13	354.9226
inode_14	354.1468
inode_15	354.7980
inode_16	354.9006
inode_17	354.9011
inode_18	354.1418
inode_19	354.7920
inode_20	350.9823
inode_21	350.9826
inode_22	353.1145
inode_23	353.6855
inode_24	340.0536
inode_25	340.0539
inode_26	340.0910
inode_27	340.4494
