C_0	C_1	C_2	C_3	C_4	C_5	C_6	C_7	C_8	C_9	C_10	C_11	C_12	C_13	C_14	C_15	C_16	C_17	C_18	C_19	C_20	C_21	C_22	C_23	C_24	C_25	C_26	C_27	C_28	C_29	C_30	C_31	
68.33	69.22	69.22	68.37	69.16	70.49	70.50	69.14	69.11	70.47	70.48	69.15	68.42	69.29	69.29	68.36	66.38	67.26	67.24	66.42	67.16	68.43	68.38	67.09	67.13	68.43	68.39	67.09	66.36	67.17	67.14	66.29
68.37	69.28	69.26	68.44	69.16	70.41	70.40	69.09	69.06	70.36	70.38	69.14	68.54	69.39	69.39	68.45	66.19	67.11	67.10	66.28	66.87	68.07	68.05	66.79	66.80	68.07	68.05	66.82	66.16	66.94	66.92	66.05
68.39	69.30	69.04	68.27	69.14	70.33	70.07	68.80	69.01	70.26	70.28	69.11	68.38	69.21	69.45	68.49	66.10	67.04	67.04	66.23	66.70	67.84	67.83	66.61	66.60	67.83	67.82	66.66	66.06	66.80	66.79	65.92
68.40	69.31	69.02	68.28	69.14	70.27	69.97	68.74	68.96	70.18	69.95	68.85	68.41	69.22	69.49	68.52	66.05	66.99	66.99	66.20	66.59	67.68	67.67	66.48	66.45	67.66	67.65	66.54	65.99	66.71	66.69	65.83
68.42	69.32	69.26	68.54	69.13	70.22	70.14	68.93	68.92	70.12	70.11	69.05	68.68	69.48	69.52	68.54	66.01	66.96	66.97	66.18	66.52	67.55	67.54	66.38	66.35	67.52	67.52	66.45	65.95	66.64	66.62	65.76
68.18	69.08	69.29	68.60	68.88	69.92	70.12	68.93	68.65	69.81	69.82	68.82	68.75	69.53	69.54	68.56	65.99	66.94	66.95	66.18	66.47	67.46	67.45	66.31	66.26	67.41	67.42	66.39	65.92	66.58	66.57	65.72
68.17	69.06	69.31	68.63	68.86	69.85	70.08	68.92	68.59	69.73	69.75	68.80	68.79	69.56	69.57	68.58	65.97	66.93	66.94	66.18	66.43	67.38	67.37	66.26	66.20	67.32	67.33	66.34	65.90	66.55	66.53	65.68
68.39	69.29	69.32	68.67	69.08	70.04	70.05	68.90	68.79	69.92	69.70	68.78	68.83	69.59	69.58	68.59	65.97	66.92	66.93	66.19	66.41	67.32	67.30	66.21	66.15	67.25	67.26	66.31	65.90	66.52	66.50	65.66
68.42	69.32	69.33	68.70	69.10	70.04	70.02	68.89	68.79	69.90	69.66	68.78	68.86	69.61	69.60	68.61	65.96	66.92	66.93	66.21	66.39	67.27	67.25	66.18	66.10	67.19	67.20	66.28	65.89	66.49	66.47	65.64
68.44	69.33	69.34	68.72	69.12	70.02	69.99	68.88	68.79	69.88	69.63	68.78	68.90	69.62	69.61	68.62	65.96	66.91	66.93	66.22	66.38	67.22	67.20	66.15	66.06	67.13	67.14	66.25	65.89	66.47	66.45	65.62
68.45	69.34	69.34	68.75	69.12	70.00	69.72	68.62	68.77	69.86	69.60	68.78	68.93	69.64	69.62	68.63	65.96	66.91	66.93	66.23	66.37	67.18	67.16	66.12	66.03	67.08	67.09	66.23	65.89	66.46	66.43	65.61
68.22	69.10	69.35	68.77	69.13	69.98	69.66	68.58	68.76	69.83	69.57	68.78	68.95	69.65	69.63	68.64	65.96	66.91	66.93	66.25	66.37	67.15	67.12	66.10	66.00	67.03	67.05	66.22	65.90	66.44	66.42	65.60
68.20	69.08	69.36	68.80	68.90	69.71	69.62	68.55	68.75	69.81	69.79	69.03	68.98	69.66	69.64	68.64	65.96	66.91	66.93	66.26	66.36	67.12	67.09	66.07	65.97	66.99	67.01	66.21	65.90	66.43	66.40	65.59
68.19	69.06	69.36	68.82	68.87	69.65	69.58	68.53	68.74	69.79	69.80	69.06	68.76	69.43	69.64	68.65	65.96	66.91	66.93	66.28	66.36	67.09	67.06	66.05	65.95	66.95	66.97	66.19	65.91	66.42	66.39	65.58
68.18	69.06	69.37	68.84	68.86	69.62	69.55	68.51	68.73	69.76	69.80	69.09	68.76	69.41	69.64	68.65	65.96	66.90	66.93	66.29	66.36	67.06	67.03	66.04	65.92	66.91	66.94	66.18	65.91	66.41	66.37	65.57
68.18	69.05	69.13	68.62	68.85	69.58	69.52	68.50	68.72	69.74	69.79	69.10	68.76	69.40	69.65	68.66	65.95	66.90	66.93	66.31	66.36	67.03	67.00	66.02	65.90	66.88	66.90	66.17	65.91	66.40	66.36	65.56
68.17	69.04	69.10	68.61	68.85	69.56	69.50	68.48	68.47	69.48	69.78	69.12	69.01	69.63	69.40	68.42	65.95	66.89	66.93	66.32	66.36	67.01	66.97	66.00	65.88	66.84	66.87	66.17	65.92	66.39	66.34	65.55
68.17	69.04	69.09	68.61	68.85	69.54	69.47	68.47	68.43	69.43	69.77	69.13	69.05	69.66	69.37	68.40	65.95	66.88	66.93	66.33	66.36	66.99	66.95	65.99	65.86	66.81	66.84	66.16	65.92	66.38	66.33	65.54
68.17	69.03	69.08	68.62	68.85	69.52	69.45	68.45	68.41	69.40	69.76	69.14	69.08	69.67	69.36	68.38	65.94	66.88	66.92	66.34	66.36	66.97	66.92	65.97	65.84	66.78	66.81	66.15	65.93	66.37	66.32	65.53
68.17	69.03	69.08	68.63	68.86	69.50	69.43	68.44	68.39	69.38	69.74	69.15	69.10	69.68	69.59	68.61	65.94	66.87	66.92	66.35	66.37	66.95	66.90	65.96	65.82	66.75	66.79	66.14	65.93	66.36	66.30	65.52
68.17	69.02	69.07	68.64	68.86	69.48	69.41	68.43	68.61	69.60	69.48	68.91	69.12	69.69	69.61	68.63	65.93	66.86	66.91	66.36	66.37	66.94	66.88	65.94	65.80	66.72	66.76	66.14	65.93	66.35	66.29	65.51
68.17	69.02	69.07	68.65	68.87	69.47	69.39	68.42	68.60	69.58	69.48	68.92	69.14	69.69	69.62	68.64	65.93	66.85	66.91	66.37	66.37	66.92	66.86	65.93	65.78	66.69	66.73	66.13	65.94	66.34	66.28	65.50
68.17	69.02	69.07	68.66	68.87	69.45	69.37	68.41	68.63	69.61	69.42	68.89	68.91	69.45	69.62	68.65	65.92	66.84	66.90	66.37	66.38	66.90	66.84	65.92	65.76	66.66	66.71	66.12	65.94	66.33	66.26	65.49
68.17	69.01	69.06	68.67	68.87	69.44	69.36	68.40	68.63	69.60	69.65	69.13	68.90	69.42	69.62	68.65	65.92	66.83	66.89	66.38	66.38	66.89	66.82	65.91	65.74	66.63	66.68	66.12	65.94	66.32	66.25	65.49
68.17	69.01	69.07	68.68	68.88	69.42	69.34	68.39	68.63	69.59	69.66	69.16	68.90	69.40	69.37	68.41	65.91	66.82	66.89	66.39	66.38	66.87	66.80	65.90	65.72	66.61	66.66	66.11	65.94	66.31	66.24	65.48
68.16	69.01	69.07	68.69	68.88	69.41	69.32	68.38	68.63	69.58	69.66	69.18	68.90	69.39	69.34	68.38	65.90	66.81	66.88	66.40	66.38	66.86	66.78	65.88	65.71	66.58	66.64	66.11	65.94	66.30	66.22	65.47
68.16	69.01	69.06	68.70	68.88	69.39	69.30	68.37	68.62	69.57	69.67	69.20	69.15	69.63	69.32	68.37	65.90	66.80	66.87	66.40	66.38	66.84	66.76	65.87	65.69	66.56	66.62	66.10	65.95	66.29	66.21	65.46
68.16	69.00	69.07	68.72	68.89	69.39	69.29	68.36	68.38	69.32	69.66	69.21	69.18	69.65	69.30	68.36	65.89	66.79	66.87	66.41	66.39	66.83	66.75	65.86	65.67	66.53	66.60	66.10	65.95	66.28	66.20	65.45
68.16	69.00	69.07	68.73	68.90	69.38	69.27	68.35	68.34	69.28	69.66	69.22	69.21	69.66	69.53	68.58	65.88	66.78	66.86	66.41	66.39	66.82	66.73	65.85	65.66	66.51	66.58	66.09	65.95	66.27	66.19	65.44
68.16	68.99	69.07	68.74	68.90	69.37	69.26	68.34	68.32	69.25	69.41	68.99	69.22	69.66	69.55	68.60	65.87	66.76	66.85	66.42	66.40	66.81	66.72	65.84	65.64	66.48	66.56	66.09	65.95	66.26	66.17	65.43
68.15	68.99	69.06	68.75	68.91	69.36	69.25	68.34	68.31	69.23	69.37	68.97	69.24	69.66	69.56	68.61	65.86	66.75	66.84	66.42	66.40	66.80	66.70	65.83	65.63	66.46	66.54	66.09	65.95	66.25	66.16	65.42
68.15	68.98	69.06	68.76	68.91	69.35	69.23	68.33	68.53	69.46	69.35	68.96	69.25	69.66	69.56	68.62	65.86	66.74	66.83	66.42	66.40	66.79	66.69	65.82	65.61	66.44	66.52	66.08	65.95	66.24	66.15	65.41
68.15	68.98	69.06	68.76	68.92	69.34	69.22	68.32	68.55	69.47	69.33	68.96	69.02	69.42	69.56	68.62	65.85	66.73	66.82	66.43	66.41	66.78	66.68	65.81	65.60	66.42	66.50	66.08	65.95	66.23	66.13	65.40
68.15	68.97	69.06	68.77	68.92	69.33	69.21	68.31	68.55	69.47	69.57	69.21	69.00	69.39	69.30	68.37	65.84	66.72	66.82	66.43	66.41	66.77	66.66	65.80	65.58	66.40	66.48	66.07	65.95	66.22	66.12	65.39
68.14	68.97	69.06	68.78	68.92	69.32	69.20	68.30	68.55	69.47	69.59	69.23	68.99	69.37	69.27	68.34	65.83	66.70	66.81	66.43	66.41	66.75	66.65	65.79	65.57	66.38	66.46	66.07	65.95	66.21	66.11	65.38
68.14	68.97	69.06	68.79	68.93	69.31	69.18	68.30	68.55	69.47	69.60	69.25	68.99	69.35	69.25	68.32	65.82	66.69	66.80	66.44	66.41	66.74	66.63	65.78	65.55	66.36	66.45	66.06	65.95	66.20	66.10	65.38
68.14	68.96	69.06	68.80	68.93	69.30	69.17	68.29	68.31	69.22	69.60	69.27	69.23	69.58	69.23	68.31	65.81	66.68	66.79	66.44	66.41	66.73	66.62	65.77	65.54	66.34	66.43	66.06	65.95	66.19	66.09	65.37
68.13	68.96	69.06	68.81	68.94	69.29	69.16	68.28	68.28	69.18	69.60	69.28	69.26	69.61	69.46	68.53	65.81	66.67	66.78	66.44	66.42	66.73	66.60	65.76	65.53	66.32	66.42	66.06	65.95	66.18	66.07	65.36
68.13	68.95	69.06	68.82	68.94	69.28	69.15	68.27	68.26	69.16	69.59	69.29	69.28	69.61	69.48	68.55	65.80	66.65	66.78	66.45	66.42	66.72	66.59	65.75	65.51	66.30	66.40	66.05	65.95	66.18	66.06	65.35
68.13	68.95	69.06	68.83	68.95	69.28	69.14	68.26	68.48	69.39	69.59	69.30	69.30	69.62	69.48	68.56	65.79	66.64	66.77	66.45	66.42	66.71	66.58	65.74	65.50	66.28	66.39	66.05	65.95	66.17	66.05	65.34
68.12	68.94	69.06	68.83	68.95	69.27	69.13	68.26	68.50	69.40	69.59	69.31	69.31	69.62	69.48	68.56	65.78	66.63	66.76	66.45	66.43	66.70	66.57	65.73	65.49	66.26	66.37	66.05	65.95	66.16	66.04	65.33
68.12	68.94	69.06	68.84	68.96	69.27	69.12	68.25	68.50	69.40	69.58	69.31	69.32	69.62	69.48	68.56	65.77	66.62	66.75	66.45	66.43	66.69	66.56	65.73	65.47	66.25	66.36	66.04	65.95	66.15	66.03	65.32
68.12	68.94	69.06	68.85	68.96	69.26	69.11	68.24	68.50	69.40	69.34	69.08	69.32	69.61	69.47	68.56	65.76	66.61	66.74	66.46	66.43	66.69	66.55	65.72	65.46	66.23	66.34	66.04	65.95	66.14	66.01	65.31
68.12	68.93	69.05	68.85	68.96	69.25	69.10	68.24	68.50	69.40	69.30	69.05	69.33	69.61	69.47	68.55	65.75	66.60	66.73	66.46	66.43	66.68	66.54	65.71	65.45	66.21	66.33	66.04	65.95	66.13	66.00	65.30
68.11	68.93	69.05	68.86	68.97	69.25	69.09	68.23	68.50	69.39	69.28	69.04	69.09	69.36	69.46	68.55	65.74	66.58	66.72	66.46	66.43	66.67	66.52	65.70	65.44	66.19	66.31	66.03	65.95	66.13	65.99	65.30
68.11	68.92	69.05	68.86	68.97	69.24	69.08	68.22	68.49	69.38	69.51	69.28	69.07	69.33	69.45	68.54	65.74	66.57	66.72	66.46	66.43	66.66	66.51	65.69	65.42	66.18	66.30	66.03	65.95	66.12	65.98	65.29
68.11	68.92	69.05	68.87	68.97	69.23	69.07	68.22	68.49	69.38	69.53	69.31	69.06	69.31	69.44	68.54	65.73	66.56	66.71	66.46	66.43	66.65	66.50	65.68	65.41	66.16	66.29	66.03	65.95	66.11	65.97	65.28
68.10	68.91	69.05	68.87	68.97	69.22	69.06	68.21	68.48	69.37	69.54	69.32	69.29	69.53	69.19	68.29	65.72	66.55	66.70	66.46	66.43	66.65	66.49	65.67	65.40	66.15	66.28	66.02	65.95	66.10	65.96	65.27
68.10	68.91	69.05	68.88	68.98	69.22	69.05	68.20	68.48	69.36	69.54	69.33	69.32	69.56	69.15	68.26	65.71	66.54	66.69	66.46	66.44	66.64	66.48	65.66	65.39	66.13	66.26	66.02	65.94	66.09	65.95	65.26
68.09	68.91	69.05	68.89	68.98	69.21	69.03	68.19	68.47	69.35	69.54	69.34	69.34	69.56	69.13	68.24	65.70	66.53	66.69	66.46	66.44	66.63	66.47	65.65	65.38	66.12	66.25	66.02	65.94	66.09	65.94	65.25
68.09	68.90	69.05	68.89	68.99	69.21	69.03	68.18	68.23	69.10	69.54	69.35	69.35	69.56	69.35	68.45	65.69	66.51	66.68	66.46	66.44	66.62	66.45	65.65	65.36	66.10	66.24	66.01	65.94	66.08	65.93	65.24
68.08	68.89	69.05	68.90	68.99	69.20	69.02	68.18	68.19	69.07	69.54	69.36	69.35	69.56	69.37	68.47	65.68	66.50	66.67	66.46	66.44	66.62	66.44	65.64	65.35	66.09	66.23	66.01	65.94	66.07	65.92	65.24
68.08	68.89	69.05	68.90	68.99	69.20	69.01	68.17	68.17	69.05	69.53	69.36	69.36	69.56	69.37	68.47	65.67	66.49	66.66	66.46	66.44	66.61	66.43	65.63	65.34	66.07	66.22	66.01	65.94	66.06	65.91	65.23
68.07	68.88	69.04	68.91	69.00	69.19	69.00	68.16	68.39	69.27	69.53	69.37	69.37	69.56	69.37	68.47	65.66	66.48	66.66	66.46	66.44	66.61	66.42	65.62	65.33	66.06	66.21	66.00	65.94	66.06	65.90	65.22
68.07	68.88	69.04	68.91	69.00	69.19	68.99	68.16	68.41	69.28	69.28	69.13	69.37	69.55	69.36	68.47	65.65	66.47	66.65	66.46	66.44	66.60	66.42	65.61	65.32	66.04	66.19	66.00	65.94	66.05	65.89	65.21
68.07	68.87	69.04	68.92	69.00	69.18	68.98	68.15	68.41	69.29	69.25	69.10	69.37	69.55	69.36	68.47	65.64	66.46	66.64	66.46	66.44	66.59	66.41	65.61	65.31	66.03	66.18	66.00	65.94	66.04	65.88	65.20
68.06	68.87	69.04	68.92	69.00	69.18	68.98	68.14	68.41	69.29	69.23	69.09	69.13	69.30	69.35	68.46	65.64	66.45	66.63	66.46	66.44	66.59	66.40	65.60	65.30	66.02	66.17	65.99	65.93	66.04	65.87	65.20
68.06	68.87	69.03	68.92	69.00	69.17	68.97	68.14	68.41	69.28	69.47	69.33	69.11	69.27	69.34	68.46	65.63	66.44	66.62	66.46	66.44	66.58	66.39	65.59	65.29	66.00	66.16	65.99	65.93	66.03	65.86	65.19
68.05	68.86	69.03	68.92	69.00	69.16	68.96	68.13	68.41	69.28	69.48	69.35	69.09	69.25	69.33	68.45	65.62	66.43	66.61	66.46	66.44	66.57	66.38	65.58	65.28	65.99	66.15	65.99	65.93	66.02	65.85	65.18
68.05	68.86	69.03	68.93	69.01	69.16	68.95	68.12	68.40	69.27	69.49	69.36	69.33	69.48	69.32	68.44	65.61	66.41	66.61	66.46	66.44	66.56	66.37	65.58	65.27	65.98	66.14	65.98	65.93	66.02	65.84	65.17
68.05	68.85	69.03	68.93	69.01	69.15	68.94	68.12	68.40	69.27	69.49	69.37	69.36	69.50	69.32	68.44	65.60	66.40	66.60	66.46	66.44	66.56	66.36	65.57	65.26	65.96	66.13	65.98	65.93	66.01	65.83	65.16
68.04	68.85	69.03	68.94	69.01	69.15	68.93	68.11	68.39	69.26	69.49	69.38	69.37	69.50	69.07	68.19	65.59	66.39	66.59	66.46	66.44	66.55	66.35	65.56	65.25	65.95	66.12	65.98	65.93	66.00	65.82	65.16
68.04	68.84	69.03	68.94	69.01	69.14	68.92	68.10	68.39	69.25	69.49	69.38	69.38	69.50	69.03	68.16	65.59	66.38	66.59	66.46	66.44	66.55	66.34	65.55	65.24	65.94	66.11	65.97	65.92	66.00	65.81	65.15
68.03	68.84	69.03	68.94	69.01	69.14	68.91	68.09	68.38	69.25	69.49	69.39	69.38	69.50	69.01	68.14	65.58	66.37	66.58	66.46	66.44	66.54	66.33	65.54	65.23	65.93	66.10	65.97	65.92	65.99	65.80	65.14
68.03	68.83	69.03	68.95	69.02	69.14	68.91	68.09	68.14	69.00	69.49	69.39	69.39	69.50	69.23	68.36	65.57	66.36	66.57	66.46	66.44	66.53	66.32	65.53	65.22	65.91	66.09	65.97	65.92	65.98	65.79	65.13
68.02	68.83	69.02	68.95	69.02	69.13	68.90	68.08	68.10	68.96	69.24	69.15	69.39	69.50	69.25	68.37	65.56	66.35	66.57	66.46	66.44	66.53	66.31	65.52	65.21	65.90	66.08	65.96	65.92	65.98	65.78	65.12
68.01	68.82	69.02	68.95	69.02	69.13	68.89	68.07	68.08	68.94	69.21	69.13	69.39	69.49	69.25	68.37	65.55	66.34	66.56	66.45	66.44	66.52	66.30	65.52	65.20	65.89	66.08	65.96	65.92	65.97	65.78	65.12
68.01	68.82	69.02	68.95	69.02	69.12	68.88	68.07	68.30	69.16	69.19	69.11	69.15	69.24	69.25	68.37	65.54	66.33	66.55	66.45	66.44	66.52	66.29	65.51	65.19	65.88	66.07	65.96	65.91	65.96	65.77	65.11
68.00	68.81	69.01	68.95	69.02	69.12	68.88	68.06	68.32	69.18	69.41	69.34	69.12	69.21	69.24	68.37	65.53	66.32	66.54	66.45	66.44	66.51	66.28	65.50	65.18	65.87	66.06	65.95	65.91	65.96	65.76	65.10
68.00	68.81	69.01	68.96	69.02	69.11	68.87	68.05	68.32	69.18	69.43	69.37	69.11	69.19	69.24	68.37	65.52	66.31	66.54	66.45	66.44	66.50	66.28	65.50	65.17	65.86	66.05	65.95	65.91	65.95	65.75	65.09
68.00	68.80	69.01	68.96	69.02	69.11	68.86	68.05	68.32	69.18	69.44	69.38	69.34	69.42	69.23	68.36	65.52	66.30	66.53	66.45	66.43	66.50	66.27	65.49	65.16	65.85	66.04	65.95	65.91	65.95	65.74	65.09
67.99	68.80	69.01	68.96	69.02	69.10	68.86	68.04	68.32	69.18	69.45	69.39	69.37	69.44	69.22	68.36	65.51	66.29	66.52	66.45	66.43	66.49	66.26	65.48	65.15	65.84	66.03	65.94	65.90	65.94	65.73	65.08
67.99	68.79	69.01	68.96	69.02	69.10	68.85	68.04	68.32	69.18	69.45	69.39	69.38	69.45	69.22	68.35	65.50	66.28	66.52	66.45	66.43	66.49	66.25	65.47	65.14	65.82	66.02	65.94	65.90	65.93	65.72	65.07
67.98	68.79	69.01	68.97	69.03	69.09	68.84	68.03	68.31	69.17	69.45	69.40	69.38	69.45	69.21	68.34	65.49	66.28	66.51	66.45	66.43	66.48	66.24	65.47	65.13	65.81	66.02	65.94	65.90	65.93	65.72	65.06
67.98	68.78	69.01	68.97	69.03	69.09	68.84	68.02	68.31	69.17	69.45	69.40	69.40	69.45	69.20	68.34	65.49	66.27	66.51	66.45	66.43	66.48	66.23	65.46	65.12	65.80	66.01	65.93	65.90	65.92	65.71	65.06
68.21	69.02	69.00	68.97	69.03	69.09	68.83	68.02	68.30	69.16	69.45	69.40	69.40	69.45	69.20	68.33	65.48	66.26	66.50	66.44	66.43	66.47	66.23	65.45	65.12	65.79	66.00	65.93	65.90	65.92	65.70	65.05
68.24	69.05	69.00	68.97	69.03	69.08	68.82	68.01	68.30	69.16	69.44	69.41	69.40	69.45	69.19	68.32	65.47	66.25	66.50	66.44	66.43	66.47	66.22	65.45	65.11	65.78	65.99	65.93	65.89	65.91	65.69	65.04
68.25	69.06	69.00	68.97	69.03	69.08	68.82	68.00	68.29	69.15	69.44	69.41	69.40	69.44	69.18	68.32	65.46	66.24	66.49	66.44	66.43	66.46	66.21	65.44	65.10	65.77	65.98	65.92	65.89	65.90	65.68	65.04
68.25	69.07	69.00	68.98	69.27	69.32	68.81	68.00	68.29	69.15	69.43	69.41	69.40	69.44	69.17	68.31	65.45	66.23	66.48	66.44	66.43	66.46	66.20	65.43	65.09	65.76	65.98	65.92	65.89	65.90	65.68	65.03
68.02	68.83	69.00	68.98	69.30	69.35	68.80	67.99	68.28	69.14	69.43	69.41	69.40	69.44	69.17	68.30	65.45	66.22	66.48	66.44	66.43	66.45	66.19	65.42	65.08	65.75	65.97	65.92	65.89	65.89	65.67	65.02
67.99	68.80	69.24	69.22	69.32	69.36	69.04	68.22	68.28	69.14	69.43	69.41	69.40	69.43	69.17	68.30	65.44	66.22	66.47	66.44	66.43	66.45	66.19	65.42	65.07	65.74	65.96	65.91	65.88	65.89	65.66	65.01
67.97	68.78	69.27	69.26	69.33	69.37	69.06	68.25	68.27	69.13	69.43	69.41	69.41	69.43	69.15	68.29	65.43	66.21	66.47	66.44	66.43	66.44	66.18	65.41	65.06	65.73	65.95	65.91	65.88	65.88	65.65	65.01
67.96	68.77	69.28	69.27	69.10	69.13	69.07	68.26	68.26	69.12	69.43	69.41	69.41	69.43	69.15	68.29	65.42	66.20	66.46	66.43	66.42	66.44	66.17	65.40	65.06	65.72	65.95	65.91	65.88	65.88	65.65	65.00
68.19	69.00	69.05	69.04	69.08	69.10	68.84	68.02	68.26	69.12	69.42	69.42	69.41	69.42	69.14	68.28	65.42	66.19	66.45	66.43	66.42	66.43	66.16	65.40	65.05	65.71	65.94	65.90	65.88	65.87	65.64	64.99
68.21	69.03	69.02	69.02	69.06	69.08	68.80	67.99	68.25	69.11	69.42	69.42	69.41	69.42	69.14	68.27	65.41	66.18	66.45	66.43	66.42	66.43	66.16	65.39	65.04	65.71	65.93	65.90	65.87	65.87	65.63	64.99
68.22	69.03	69.01	69.01	69.06	69.07	68.79	67.98	68.25	69.11	69.41	69.42	69.41	69.41	68.89	68.03	65.40	66.17	66.44	66.43	66.42	66.42	66.15	65.38	65.03	65.70	65.93	65.90	65.87	65.86	65.62	64.98
68.22	69.04	69.00	69.00	69.05	69.06	69.01	68.20	68.24	69.10	69.41	69.42	69.40	69.41	68.85	68.00	65.39	66.17	66.44	66.43	66.42	66.41	66.14	65.37	65.02	65.69	65.92	65.90	65.87	65.85	65.62	64.97
67.99	68.80	69.00	69.00	69.29	69.30	69.03	68.22	68.00	68.85	69.41	69.41	69.40	69.40	68.83	67.98	65.39	66.16	66.43	66.43	66.42	66.41	66.13	65.36	65.02	65.68	65.91	65.89	65.87	65.85	65.61	64.97
67.96	68.77	69.23	69.24	69.32	69.32	69.04	68.22	67.97	68.82	69.40	69.41	69.40	69.40	68.82	67.96	65.38	66.15	66.43	66.42	66.42	66.40	66.12	65.36	65.01	65.67	65.91	65.89	65.86	65.84	65.60	64.96
68.17	68.98	69.25	69.26	69.33	69.33	69.04	68.22	67.95	68.80	69.40	69.42	69.41	69.40	68.81	67.95	65.37	66.14	66.42	66.42	66.41	66.40	66.11	65.35	65.00	65.66	65.90	65.89	65.86	65.84	65.59	64.95
68.19	69.00	69.27	69.28	69.10	69.10	69.04	68.22	67.93	68.78	69.40	69.42	69.16	69.15	68.79	67.94	65.36	66.13	66.41	66.42	66.41	66.39	66.10	65.34	64.99	65.65	65.89	65.88	65.86	65.83	65.59	64.95
68.19	69.01	69.28	69.29	69.07	69.07	69.04	68.22	67.92	68.77	69.39	69.42	69.13	69.11	68.78	67.93	65.35	66.12	66.41	66.42	66.41	66.39	66.09	65.33	64.99	65.64	65.89	65.88	65.86	65.83	65.58	64.94
68.19	69.01	69.28	69.30	69.06	69.05	69.03	68.22	67.91	68.76	69.15	69.17	69.12	69.09	68.78	67.92	65.34	66.11	66.40	66.41	66.40	66.38	66.09	65.32	64.98	65.64	65.88	65.88	65.85	65.82	65.57	64.93
68.19	69.01	69.29	69.30	69.29	69.28	69.03	68.21	67.90	68.75	69.12	69.14	69.10	69.08	68.77	67.92	65.34	66.10	66.40	66.41	66.40	66.37	66.08	65.32	64.97	65.63	65.87	65.87	65.85	65.82	65.56	64.93
68.19	69.01	69.29	69.31	69.32	69.30	69.02	68.21	67.89	68.74	69.10	69.13	69.10	69.07	68.76	67.91	65.33	66.09	66.39	66.41	66.40	66.37	66.07	65.31	64.96	65.62	65.87	65.87	65.85	65.81	65.56	64.92
68.19	69.01	69.28	69.31	69.33	69.31	69.02	68.20	67.89	68.74	69.08	69.12	69.09	69.06	68.75	67.90	65.32	66.09	66.38	66.40	66.39	66.36	66.06	65.30	64.96	65.61	65.86	65.87	65.84	65.81	65.55	64.91
68.18	69.01	69.28	69.31	69.34	69.32	69.01	68.20	67.88	68.73	69.07	69.11	69.09	69.06	68.74	67.89	65.31	66.08	66.38	66.40	66.39	66.35	66.06	65.30	64.95	65.60	65.85	65.86	65.84	65.80	65.54	64.91
68.18	69.00	69.28	69.31	69.34	69.32	69.01	68.19	67.87	68.72	69.07	69.11	69.09	69.05	68.74	67.89	65.31	66.07	66.37	66.40	66.39	66.35	66.05	65.29	64.94	65.59	65.85	65.86	65.84	65.80	65.54	64.90
68.18	69.00	69.28	69.31	69.35	69.32	69.00	68.19	67.87	68.71	69.06	69.10	69.08	69.05	68.73	67.88	65.30	66.06	66.36	66.39	66.39	66.34	66.04	65.28	64.93	65.59	65.84	65.86	65.83	65.79	65.53	64.89
68.17	69.00	69.28	69.31	69.35	69.31	69.00	68.18	67.86	68.71	69.05	69.10	69.08	69.04	68.72	67.87	65.29	66.06	66.35	66.39	66.38	66.34	66.04	65.28	64.93	65.58	65.84	65.85	65.84	65.79	65.53	64.89
68.17	68.99	69.28	69.31	69.35	69.32	68.99	68.18	67.85	68.70	69.05	69.10	69.08	69.04	68.72	67.87	65.28	66.04	66.35	66.39	66.38	66.33	66.03	65.27	64.92	65.57	65.83	65.85	65.83	65.78	65.52	64.88
68.16	68.99	69.27	69.31	69.35	69.31	68.99	68.17	67.85	68.69	69.04	69.09	69.08	69.03	68.71	67.86	65.28	66.04	66.34	66.38	66.38	66.33	66.02	65.26	64.91	65.56	65.82	65.85	65.83	65.78	65.51	64.87
68.16	68.98	69.27	69.31	69.35	69.31	68.98	68.17	67.84	68.69	69.04	69.09	69.08	69.03	68.70	67.85	65.27	66.03	66.34	66.38	66.37	66.32	66.01	65.26	64.90	65.55	65.82	65.84	65.82	65.77	65.50	64.87
68.16	68.98	69.27	69.31	69.35	69.31	68.98	68.16	67.84	68.68	69.03	69.09	69.07	69.02	68.70	67.85	65.26	66.02	66.33	66.38	66.37	66.32	66.01	65.25	64.90	65.55	65.81	65.84	65.82	65.77	65.50	64.86
68.15	68.98	69.27	69.31	69.35	69.30	68.97	68.16	67.83	68.68	69.03	69.09	69.07	69.02	68.69	67.84	65.26	66.02	66.33	66.38	66.37	66.31	66.00	65.24	64.89	65.54	65.80	65.84	65.82	65.76	65.49	64.86
68.15	68.97	69.26	69.31	69.35	69.30	68.97	68.15	67.82	68.67	69.03	69.09	69.07	69.01	68.68	67.84	65.25	66.01	66.32	66.37	66.37	66.31	65.99	65.24	64.88	65.53	65.80	65.83	65.81	65.76	65.48	64.85
68.14	68.97	69.26	69.31	69.35	69.30	68.96	68.15	67.82	68.66	69.02	69.08	69.07	69.01	68.68	67.83	65.24	66.00	66.32	66.37	66.36	66.30	65.99	65.23	64.88	65.52	65.79	65.83	65.81	65.75	65.48	64.84
68.14	68.96	69.26	69.31	69.35	69.30	68.96	68.14	67.81	68.66	69.02	69.08	69.07	69.00	68.67	67.82	65.24	66.00	66.31	66.37	66.36	66.30	65.98	65.22	64.87	65.52	65.79	65.83	65.81	65.75	65.47	64.84
68.13	68.96	69.26	69.31	69.35	69.29	68.96	68.14	67.81	68.65	69.01	69.08	69.06	69.00	68.66	67.82	65.23	65.99	66.31	66.36	66.36	66.29	65.97	65.22	64.86	65.51	65.78	65.82	65.81	65.74	65.46	64.83
68.13	68.96	69.26	69.31	69.35	69.29	68.95	68.13	67.80	68.65	69.01	69.08	69.06	68.99	68.66	67.81	65.22	65.98	66.30	66.36	66.36	66.29	65.97	65.21	64.86	65.50	65.78	65.82	65.80	65.74	65.46	64.83
68.12	68.95	69.25	69.31	69.35	69.29	68.94	68.13	67.79	68.64	69.00	69.08	69.06	68.99	68.65	67.80	65.22	65.97	66.30	66.36	66.35	66.28	65.96	65.20	64.85	65.50	65.77	65.82	65.80	65.73	65.45	64.82
68.12	68.95	69.25	69.31	69.35	69.28	68.94	68.12	67.79	68.63	69.00	69.08	69.06	68.99	68.65	67.80	65.21	65.97	66.29	66.35	66.35	66.28	65.95	65.20	64.84	65.49	65.76	65.81	65.80	65.73	65.45	64.81
68.11	68.94	69.25	69.31	69.35	69.28	68.93	68.12	67.78	68.62	69.00	69.07	69.06	68.98	68.64	67.79	65.20	65.96	66.28	66.36	66.34	66.27	65.95	65.19	64.84	65.48	65.76	65.81	65.79	65.72	65.44	64.81
68.11	68.94	69.25	69.31	69.35	69.28	68.93	68.11	67.78	68.62	68.99	69.07	69.05	68.98	68.63	67.79	65.20	65.95	66.28	66.35	66.34	66.27	65.94	65.18	64.83	65.47	65.75	65.80	65.79	65.72	65.43	64.80
68.11	68.93	69.24	69.31	69.35	69.27	68.92	68.11	67.77	68.62	68.99	69.07	69.05	68.97	68.63	67.78	65.19	65.94	66.28	66.35	66.34	66.26	65.93	65.18	64.82	65.47	65.75	65.80	65.79	65.71	65.43	64.80
68.10	68.93	69.24	69.31	69.34	69.27	68.92	68.10	67.77	68.61	68.98	69.07	69.05	68.97	68.62	67.77	65.18	65.94	66.27	66.34	66.34	66.26	65.93	65.17	64.82	65.46	65.74	65.80	65.78	65.71	65.42	64.79
68.10	68.93	69.24	69.31	69.34	69.27	68.91	68.10	67.76	68.61	68.98	69.06	69.05	68.96	68.62	67.77	65.18	65.93	66.27	66.34	66.34	66.25	65.92	65.17	64.81	65.45	65.74	65.79	65.78	65.70	65.42	64.78
68.09	68.92	69.24	69.31	69.34	69.26	68.91	68.09	67.75	68.60	68.98	69.06	69.05	68.96	68.61	67.76	65.17	65.93	66.26	66.34	66.33	66.25	65.91	65.16	64.80	65.45	65.73	65.79	65.78	65.70	65.41	64.78
68.09	68.92	69.23	69.30	69.34	69.26	68.90	68.09	67.75	68.59	68.97	69.06	69.04	68.96	68.60	67.76	65.16	65.92	66.26	66.34	66.33	66.24	65.91	65.15	64.80	65.44	65.73	65.79	65.77	65.69	65.40	64.77
68.08	68.91	69.23	69.30	69.34	69.26	68.90	68.08	67.74	68.59	68.97	69.06	69.04	68.95	68.60	67.75	65.16	65.91	66.25	66.33	66.33	66.24	65.90	65.15	64.79	65.43	65.72	65.78	65.77	65.69	65.40	64.77
68.08	68.91	69.23	69.30	69.34	69.25	68.89	68.08	67.74	68.58	68.96	69.06	69.04	68.95	68.59	67.75	65.15	65.91	66.25	66.33	66.32	66.24	65.90	65.14	64.79	65.43	65.72	65.78	65.77	65.69	65.39	64.76
68.07	68.91	69.23	69.30	69.34	69.25	68.89	68.07	67.73	68.58	68.96	69.05	69.04	68.94	68.59	67.74	65.14	65.90	66.24	66.33	66.32	66.23	65.89	65.14	64.78	65.42	65.71	65.78	65.76	65.68	65.39	64.76
68.07	68.90	69.22	69.30	69.33	69.25	68.88	68.07	67.73	68.57	68.96	69.05	69.03	68.94	68.58	67.73	65.14	65.89	66.24	66.32	66.32	66.23	65.88	65.13	64.77	65.41	65.71	65.77	65.76	65.68	65.38	64.75
68.07	68.90	69.22	69.30	69.33	69.24	68.88	68.06	67.72	68.57	68.95	69.05	69.03	68.94	68.57	67.73	65.13	65.89	66.23	66.32	66.32	66.22	65.88	65.12	64.77	65.41	65.70	65.77	65.76	65.67	65.37	64.74
68.06	68.89	69.22	69.30	69.33	69.24	68.87	68.06	67.72	68.56	68.95	69.05	69.03	68.93	68.57	67.72	65.13	65.88	66.23	66.32	66.31	66.22	65.87	65.12	64.76	65.40	65.69	65.77	65.76	65.67	65.37	64.74
68.06	68.89	69.21	69.30	69.33	69.24	68.87	68.05	67.71	68.56	68.95	69.05	69.03	68.93	68.56	67.72	65.12	65.88	66.22	66.31	66.31	66.21	65.87	65.11	64.76	65.39	65.69	65.76	65.75	65.66	65.36	64.73
68.05	68.88	69.21	69.30	69.33	69.23	68.87	68.05	67.71	68.55	68.94	69.04	69.03	68.92	68.55	67.71	65.12	65.87	66.21	66.31	66.30	66.21	65.86	65.11	64.75	65.39	65.69	65.76	65.75	65.66	65.35	64.73
68.05	68.88	69.21	69.29	69.33	69.23	68.86	68.04	67.70	68.54	68.94	69.04	69.02	68.92	68.55	67.71	65.11	65.86	66.21	66.31	66.30	66.20	65.85	65.10	64.74	65.38	65.68	65.76	65.75	65.65	65.35	64.72
68.04	68.88	69.21	69.29	69.32	69.23	68.86	68.04	67.69	68.54	68.93	69.04	69.02	68.91	68.55	67.70	65.10	65.86	66.21	66.30	66.30	66.20	65.85	65.09	64.74	65.38	65.67	65.75	65.74	65.65	65.35	64.72
68.04	68.87	69.20	69.29	69.32	69.22	68.85	68.03	67.69	68.53	68.93	69.04	69.02	68.91	68.54	67.70	65.10	65.85	66.20	66.30	66.30	66.19	65.84	65.09	64.73	65.37	65.67	65.75	65.74	65.64	65.34	64.71
68.03	68.87	69.20	69.29	69.32	69.22	68.85	68.03	67.68	68.53	68.93	69.03	69.02	68.91	68.53	67.69	65.09	65.85	66.20	66.30	66.29	66.19	65.84	65.08	64.73	65.36	65.67	65.75	65.74	65.64	65.33	64.71
68.03	68.86	69.20	69.29	69.32	69.22	68.84	68.02	67.68	68.52	68.92	69.03	69.01	68.90	68.53	67.68	65.09	65.84	66.19	66.30	66.29	66.18	65.83	65.08	64.72	65.36	65.66	65.74	65.73	65.63	65.33	64.70
68.03	68.86	69.19	69.29	69.32	69.21	68.84	68.02	67.67	68.52	68.92	69.03	69.01	68.90	68.53	67.68	65.08	65.83	66.19	66.29	66.29	66.18	65.82	65.07	64.71	65.35	65.65	65.74	65.73	65.63	65.32	64.69
68.02	68.85	69.19	69.28	69.32	69.21	68.83	68.01	67.67	68.51	68.91	69.03	69.01	68.89	68.52	67.67	65.07	65.83	66.18	66.29	66.29	66.18	65.82	65.07	64.71	65.35	65.65	65.74	65.73	65.63	65.32	64.69
68.02	68.85	69.19	69.28	69.31	69.21	68.83	68.01	67.66	68.51	68.91	69.02	69.01	68.89	68.51	67.67	65.07	65.82	66.18	66.29	66.28	66.17	65.81	65.06	64.70	65.34	65.65	65.73	65.72	65.62	65.31	64.68
68.01	68.85	69.18	69.28	69.31	69.20	68.82	68.00	67.66	68.50	68.91	69.02	69.00	68.89	68.51	67.66	65.06	65.82	66.18	66.28	66.28	66.17	65.81	65.06	64.70	65.33	65.64	65.73	65.72	65.62	65.31	64.68
68.01	68.84	69.18	69.28	69.31	69.20	68.82	68.00	67.65	68.50	68.90	69.02	69.00	68.88	68.50	67.66	65.06	65.81	66.17	66.28	66.28	66.16	65.80	65.05	64.69	65.33	65.63	65.72	65.72	65.61	65.30	64.67
68.00	68.84	69.18	69.28	69.31	69.20	68.81	67.99	67.65	68.49	68.90	69.02	69.00	68.88	68.50	67.65	65.05	65.80	66.17	66.28	66.27	66.16	65.80	65.04	64.69	65.32	65.63	65.72	65.71	65.61	65.30	64.67
68.00	68.83	69.18	69.27	69.31	69.19	68.81	67.99	67.64	68.49	68.90	69.02	69.00	68.87	68.49	67.65	65.05	65.80	66.16	66.27	66.27	66.15	65.79	65.04	64.68	65.32	65.62	65.72	65.71	65.60	65.29	64.66
67.99	68.83	69.17	69.27	69.30	69.19	68.80	67.98	67.64	68.48	68.89	69.01	68.99	68.87	68.49	67.64	65.04	65.79	66.16	66.27	66.27	66.15	65.78	65.03	64.67	65.31	65.62	65.71	65.71	65.60	65.29	64.66
67.75	68.58	68.93	69.03	69.30	69.19	68.80	67.98	67.63	68.48	68.89	69.01	68.99	68.87	68.48	67.64	65.04	65.79	66.15	66.27	66.26	66.14	65.78	65.03	64.67	65.30	65.62	65.71	65.70	65.59	65.28	64.65
67.72	68.55	68.89	69.00	69.30	69.18	68.79	67.97	67.62	68.47	68.88	69.00	68.99	68.86	68.48	67.63	65.03	65.78	66.15	66.26	66.26	66.14	65.77	65.02	64.66	65.30	65.61	65.71	65.70	65.59	65.28	64.65
67.70	68.53	68.87	68.98	69.30	69.18	68.79	67.97	67.62	68.46	68.88	69.00	68.99	68.86	68.47	67.63	65.02	65.78	66.14	66.26	66.26	66.14	65.77	65.02	64.66	65.29	65.61	65.70	65.69	65.59	65.27	64.64
