Metric	Core0	Core1	Core2	Core3	Core4	Core5	Core6	Core7	Core8	Core9	Core10	Core11	Core12	Core13	Core14	Core15	Core16	Core17	Core18	Core19	Core20	Core21	Core22	Core23	Core24	Core25	Core26	Core27	Core28	Core29	Core30	Core31
total	1000.038	1000.038	1000.038	1000.038	2.313	2.271	13.892	7.712	1000.038	1000.038	1000.038	1000.038	1000.038	1000.038	1000.038	1000.038	1000.038	1000.038	1000.038	1000.038	1000.038	1000.038	1000.038	1000.038	1000.038	1000.038	1000.038	1000.038	1000.038	1000.038	1000.038	1000.038
base	0.000	0.000	0.000	0.000	0.250	0.250	0.250	0.250	0.000	0.000	0.000	0.000	0.000	0.000	0.000	0.000	0.000	0.000	0.000	0.000	0.000	0.000	0.000	0.000	0.000	0.000	0.000	0.000	0.000	0.000	0.000	0.000
dispatch_width	-
rs_full	-
depend	0.000	0.000	0.000	0.000	0.000	0.000	0.148	0.000	0.000	0.000	0.000	0.000	0.000	0.000	0.000	0.000	0.000	0.000	0.000	0.000	0.000	0.000	0.000	0.000	0.000	0.000	0.000	0.000	0.000	0.000	0.000	0.000
depend-int	-
depend-fp	0.000	0.000	0.000	0.000	0.139	0.140	0.000	0.143	0.000	0.000	0.000	0.000	0.000	0.000	0.000	0.000	0.000	0.000	0.000	0.000	0.000	0.000	0.000	0.000	0.000	0.000	0.000	0.000	0.000	0.000	0.000	0.000
depend-branch	-
issue	0.000	0.000	0.000	0.000	0.067	0.066	0.000	0.000	0.000	0.000	0.000	0.000	0.000	0.000	0.000	0.000	0.000	0.000	0.000	0.000	0.000	0.000	0.000	0.000	0.000	0.000	0.000	0.000	0.000	0.000	0.000	0.000
serial	-
smt	-
branch	0.000	0.000	0.000	0.000	0.601	0.577	0.246	0.118	0.000	0.000	0.000	0.000	0.000	0.000	0.000	0.000	0.000	0.000	0.000	0.000	0.000	0.000	0.000	0.000	0.000	0.000	0.000	0.000	0.000	0.000	0.000	0.000
itlb	-
dtlb	-
ifetch	-
mem	-
mem-l1d	-
mem-l2	-
mem-l3	-
mem-l4	-
mem-remote	-
mem-nuca	-
mem-dram-cache	-
mem-dram	0.000	0.000	0.000	0.000	1.193	1.174	1.090	0.875	0.000	0.000	0.000	0.000	0.000	0.000	0.000	0.000	0.000	0.000	0.000	0.000	0.000	0.000	0.000	0.000	0.000	0.000	0.000	0.000	0.000	0.000	0.000	0.000
sync	-
dvfs-transition	-
imbalance	1000.038	1000.038	1000.038	1000.038	0.000	0.000	12.056	6.216	1000.038	1000.038	1000.038	1000.038	1000.038	1000.038	1000.038	1000.038	1000.038	1000.038	1000.038	1000.038	1000.038	1000.038	1000.038	1000.038	1000.038	1000.038	1000.038	1000.038	1000.038	1000.038	1000.038	1000.038
other	0.000	0.000	0.000	0.000	0.064	0.063	0.102	0.109	0.000	0.000	0.000	0.000	0.000	0.000	0.000	0.000	0.000	0.000	0.000	0.000	0.000	0.000	0.000	0.000	0.000	0.000	0.000	0.000	0.000	0.000	0.000	0.000
