pcb_C_0	327.3779
pcb_C_1	328.0580
pcb_C_2	328.3677
pcb_C_3	328.5129
pcb_C_4	328.5589
pcb_C_5	328.4573
pcb_C_6	328.1603
pcb_C_7	327.4740
pcb_C_8	327.0737
pcb_C_9	327.6617
pcb_C_10	327.9813
pcb_C_11	328.1402
pcb_C_12	328.1716
pcb_C_13	328.0531
pcb_C_14	327.7527
pcb_C_15	327.1654
pcb_C_16	326.6258
pcb_C_17	326.8839
pcb_C_18	327.0887
pcb_C_19	327.2074
pcb_C_20	327.2245
pcb_C_21	327.1334
pcb_C_22	326.9474
pcb_C_23	326.7011
pcb_C_24	326.3046
pcb_C_25	326.3106
pcb_C_26	326.3993
pcb_C_27	326.4669
pcb_C_28	326.4761
pcb_C_29	326.4252
pcb_C_30	326.3508
pcb_C_31	326.3624
solder_C_0	327.7183
solder_C_1	328.3478
solder_C_2	328.6597
solder_C_3	328.8132
solder_C_4	328.8949
solder_C_5	328.7917
solder_C_6	328.4885
solder_C_7	327.8508
solder_C_8	327.3887
solder_C_9	327.9236
solder_C_10	328.2509
solder_C_11	328.4172
solder_C_12	328.4540
solder_C_13	328.3301
solder_C_14	328.0243
solder_C_15	327.4908
solder_C_16	326.6440
solder_C_17	326.8204
solder_C_18	327.0355
solder_C_19	327.1629
solder_C_20	327.1800
solder_C_21	327.0803
solder_C_22	326.8845
solder_C_23	326.7216
solder_C_24	326.2423
solder_C_25	326.1649
solder_C_26	326.2656
solder_C_27	326.3425
solder_C_28	326.3518
solder_C_29	326.2916
solder_C_30	326.2053
solder_C_31	326.3013
sub_C_0	327.8080
sub_C_1	328.4397
sub_C_2	328.7553
sub_C_3	328.9103
sub_C_4	329.0136
sub_C_5	328.9077
sub_C_6	328.5977
sub_C_7	327.9599
sub_C_8	327.4856
sub_C_9	328.0313
sub_C_10	328.3661
sub_C_11	328.5345
sub_C_12	328.5701
sub_C_13	328.4437
sub_C_14	328.1322
sub_C_15	327.5881
sub_C_16	326.5532
sub_C_17	326.7610
sub_C_18	326.9862
sub_C_19	327.1167
sub_C_20	327.1337
sub_C_21	327.0306
sub_C_22	326.8246
sub_C_23	326.6296
sub_C_24	326.1314
sub_C_25	326.0940
sub_C_26	326.2066
sub_C_27	326.2874
sub_C_28	326.2968
sub_C_29	326.2327
sub_C_30	326.1343
sub_C_31	326.1894
layer_3_C_0	328.6162
layer_3_C_1	329.3266
layer_3_C_2	329.6695
layer_3_C_3	329.8328
layer_3_C_4	330.1546
layer_3_C_5	330.0231
layer_3_C_6	329.6522
layer_3_C_7	328.9560
layer_3_C_8	328.4163
layer_3_C_9	329.1124
layer_3_C_10	329.5217
layer_3_C_11	329.7105
layer_3_C_12	329.7299
layer_3_C_13	329.5788
layer_3_C_14	329.2124
layer_3_C_15	328.5176
layer_3_C_16	325.6326
layer_3_C_17	326.1476
layer_3_C_18	326.4713
layer_3_C_19	326.6324
layer_3_C_20	326.6480
layer_3_C_21	326.5126
layer_3_C_22	326.2061
layer_3_C_23	325.6983
layer_3_C_24	325.0710
layer_3_C_25	325.3960
layer_3_C_26	325.6230
layer_3_C_27	325.7405
layer_3_C_28	325.7501
layer_3_C_29	325.6496
layer_3_C_30	325.4352
layer_3_C_31	325.1196
layer_4_TB_0	328.4579
layer_4_TB_1	329.1677
layer_4_TB_2	329.5122
layer_4_TB_3	329.6766
layer_4_TB_4	329.9794
layer_4_TB_5	329.8482
layer_4_TB_6	329.4788
layer_4_TB_7	328.7817
layer_4_TB_8	328.2595
layer_4_TB_9	328.9564
layer_4_TB_10	329.3643
layer_4_TB_11	329.5532
layer_4_TB_12	329.5737
layer_4_TB_13	329.4227
layer_4_TB_14	329.0558
layer_4_TB_15	328.3603
layer_4_TB_16	325.6307
layer_4_TB_17	326.1461
layer_4_TB_18	326.4699
layer_4_TB_19	326.6310
layer_4_TB_20	326.6466
layer_4_TB_21	326.5112
layer_4_TB_22	326.2046
layer_4_TB_23	325.6963
layer_4_TB_24	325.0698
layer_4_TB_25	325.3952
layer_4_TB_26	325.6223
layer_4_TB_27	325.7398
layer_4_TB_28	325.7494
layer_4_TB_29	325.6488
layer_4_TB_30	325.4343
layer_4_TB_31	325.1183
hsp_TB_0	326.8748
hsp_TB_1	327.5791
hsp_TB_2	327.9383
hsp_TB_3	328.1138
hsp_TB_4	328.2273
hsp_TB_5	328.0989
hsp_TB_6	327.7443
hsp_TB_7	327.0390
hsp_TB_8	326.6921
hsp_TB_9	327.3968
hsp_TB_10	327.7914
hsp_TB_11	327.9804
hsp_TB_12	328.0124
hsp_TB_13	327.8616
hsp_TB_14	327.4903
hsp_TB_15	326.7875
hsp_TB_16	325.6108
hsp_TB_17	326.1308
hsp_TB_18	326.4556
hsp_TB_19	326.6170
hsp_TB_20	326.6326
hsp_TB_21	326.4969
hsp_TB_22	326.1893
hsp_TB_23	325.6764
hsp_TB_24	325.0573
hsp_TB_25	325.3868
hsp_TB_26	325.6149
hsp_TB_27	325.7327
hsp_TB_28	325.7423
hsp_TB_29	325.6414
hsp_TB_30	325.4260
hsp_TB_31	325.1058
hsink_TB_0	326.2313
hsink_TB_1	326.9055
hsink_TB_2	327.2671
hsink_TB_3	327.4426
hsink_TB_4	327.4928
hsink_TB_5	327.3620
hsink_TB_6	327.0142
hsink_TB_7	326.3372
hsink_TB_8	326.0950
hsink_TB_9	326.7762
hsink_TB_10	327.1655
hsink_TB_11	327.3541
hsink_TB_12	327.3834
hsink_TB_13	327.2323
hsink_TB_14	326.8618
hsink_TB_15	326.1825
hsink_TB_16	325.5372
hsink_TB_17	326.0541
hsink_TB_18	326.3783
hsink_TB_19	326.5397
hsink_TB_20	326.5555
hsink_TB_21	326.4198
hsink_TB_22	326.1121
hsink_TB_23	325.6022
hsink_TB_24	325.0449
hsink_TB_25	325.3756
hsink_TB_26	325.6040
hsink_TB_27	325.7218
hsink_TB_28	325.7314
hsink_TB_29	325.6305
hsink_TB_30	325.4147
hsink_TB_31	325.0932
inode_0	324.5361
inode_1	324.6022
inode_2	324.0031
inode_3	325.4204
inode_4	324.5218
inode_5	324.5877
inode_6	323.9959
inode_7	325.4084
inode_8	323.9481
inode_9	324.0081
inode_10	323.3234
inode_11	324.5734
inode_12	326.9263
inode_13	327.0178
inode_14	326.0022
inode_15	328.1437
inode_16	326.9242
inode_17	327.0155
inode_18	326.0021
inode_19	328.1429
inode_20	326.3710
inode_21	326.4495
inode_22	325.9480
inode_23	328.0365
inode_24	324.4515
inode_25	324.5117
inode_26	323.7327
inode_27	325.2279
