pcb_LC_0	357.9885
pcb_LC_1	359.1542
pcb_LC_2	359.6873
pcb_LC_3	359.9086
pcb_LC_4	359.9090
pcb_LC_5	359.6885
pcb_LC_6	359.1559
pcb_LC_7	357.9906
pcb_LC_8	358.2578
pcb_LC_9	359.8462
pcb_LC_10	360.6115
pcb_LC_11	360.9306
pcb_LC_12	360.9313
pcb_LC_13	360.6134
pcb_LC_14	359.8488
pcb_LC_15	358.2605
pcb_LC_16	358.5789
pcb_LC_17	360.4302
pcb_LC_18	361.3009
pcb_LC_19	361.6553
pcb_LC_20	361.6562
pcb_LC_21	361.3033
pcb_LC_22	360.4332
pcb_LC_23	358.5819
pcb_LC_24	358.9026
pcb_LC_25	360.6402
pcb_LC_26	361.3831
pcb_LC_27	361.6724
pcb_LC_28	361.6731
pcb_LC_29	361.3852
pcb_LC_30	360.6427
pcb_LC_31	358.9050
solder_LC_0	360.0498
solder_LC_1	360.1116
solder_LC_2	360.3470
solder_LC_3	360.4984
solder_LC_4	360.4990
solder_LC_5	360.3486
solder_LC_6	360.1138
solder_LC_7	360.0525
solder_LC_8	360.7119
solder_LC_9	361.1573
solder_LC_10	361.5708
solder_LC_11	361.7990
solder_LC_12	361.8000
solder_LC_13	361.5739
solder_LC_14	361.1608
solder_LC_15	360.7158
solder_LC_16	361.5048
solder_LC_17	362.3656
solder_LC_18	362.9164
solder_LC_19	363.1870
solder_LC_20	363.1883
solder_LC_21	362.9212
solder_LC_22	362.3706
solder_LC_23	361.5095
solder_LC_24	361.8683
solder_LC_25	362.7915
solder_LC_26	363.2994
solder_LC_27	363.5327
solder_LC_28	363.5337
solder_LC_29	363.3042
solder_LC_30	362.7966
solder_LC_31	361.8719
sub_LC_0	359.8685
sub_LC_1	360.0010
sub_LC_2	360.2765
sub_LC_3	360.4473
sub_LC_4	360.4479
sub_LC_5	360.2782
sub_LC_6	360.0032
sub_LC_7	359.8712
sub_LC_8	360.7268
sub_LC_9	361.2013
sub_LC_10	361.6429
sub_LC_11	361.8857
sub_LC_12	361.8868
sub_LC_13	361.6463
sub_LC_14	361.2050
sub_LC_15	360.7309
sub_LC_16	362.0412
sub_LC_17	362.8858
sub_LC_18	363.4557
sub_LC_19	363.7405
sub_LC_20	363.7419
sub_LC_21	363.4625
sub_LC_22	362.8913
sub_LC_23	362.0471
sub_LC_24	362.5841
sub_LC_25	363.4830
sub_LC_26	364.0199
sub_LC_27	364.2715
sub_LC_28	364.2721
sub_LC_29	364.0269
sub_LC_30	363.4901
sub_LC_31	362.5876
layer_3_LC_0	357.8457
layer_3_LC_1	358.6354
layer_3_LC_2	359.3178
layer_3_LC_3	359.6742
layer_3_LC_4	359.6748
layer_3_LC_5	359.3196
layer_3_LC_6	358.6374
layer_3_LC_7	357.8480
layer_3_LC_8	360.4542
layer_3_LC_9	361.3477
layer_3_LC_10	362.1071
layer_3_LC_11	362.5047
layer_3_LC_12	362.5064
layer_3_LC_13	362.1136
layer_3_LC_14	361.3525
layer_3_LC_15	360.4607
layer_3_LC_16	367.0853
layer_3_LC_17	368.0577
layer_3_LC_18	368.8584
layer_3_LC_19	369.2959
layer_3_LC_20	369.2972
layer_3_LC_21	368.8855
layer_3_LC_22	368.0678
layer_3_LC_23	367.1056
layer_3_LC_24	369.2331
layer_3_LC_25	370.1413
layer_3_LC_26	370.9537
layer_3_LC_27	371.3699
layer_3_LC_28	371.3642
layer_3_LC_29	370.9836
layer_3_LC_30	370.1689
layer_3_LC_31	369.2334
layer_4_TB_0	357.7420
layer_4_TB_1	358.5319
layer_4_TB_2	359.2139
layer_4_TB_3	359.5700
layer_4_TB_4	359.5707
layer_4_TB_5	359.2157
layer_4_TB_6	358.5339
layer_4_TB_7	357.7443
layer_4_TB_8	360.3452
layer_4_TB_9	361.2387
layer_4_TB_10	361.9975
layer_4_TB_11	362.3947
layer_4_TB_12	362.3964
layer_4_TB_13	362.0040
layer_4_TB_14	361.2435
layer_4_TB_15	360.3516
layer_4_TB_16	366.9826
layer_4_TB_17	367.9544
layer_4_TB_18	368.7540
layer_4_TB_19	369.1910
layer_4_TB_20	369.1922
layer_4_TB_21	368.7812
layer_4_TB_22	367.9645
layer_4_TB_23	367.0029
layer_4_TB_24	369.1236
layer_4_TB_25	370.0307
layer_4_TB_26	370.8420
layer_4_TB_27	371.2574
layer_4_TB_28	371.2517
layer_4_TB_29	370.8719
layer_4_TB_30	370.0583
layer_4_TB_31	369.1238
layer_5_B_0	356.7039
layer_5_B_1	357.4970
layer_5_B_2	358.1752
layer_5_B_3	358.5281
layer_5_B_4	358.5288
layer_5_B_5	358.1769
layer_5_B_6	357.4989
layer_5_B_7	356.7061
layer_5_B_8	359.2537
layer_5_B_9	360.1478
layer_5_B_10	360.9010
layer_5_B_11	361.2939
layer_5_B_12	361.2956
layer_5_B_13	360.9072
layer_5_B_14	360.1524
layer_5_B_15	359.2599
layer_5_B_16	365.9561
layer_5_B_17	366.9230
layer_5_B_18	367.7113
layer_5_B_19	368.1426
layer_5_B_20	368.1437
layer_5_B_21	367.7388
layer_5_B_22	366.9324
layer_5_B_23	365.9768
layer_5_B_24	368.0284
layer_5_B_25	368.9253
layer_5_B_26	369.7253
layer_5_B_27	370.1335
layer_5_B_28	370.1273
layer_5_B_29	369.7551
layer_5_B_30	368.9529
layer_5_B_31	368.0280
layer_6_TB_0	356.5583
layer_6_TB_1	357.3520
layer_6_TB_2	358.0296
layer_6_TB_3	358.3821
layer_6_TB_4	358.3827
layer_6_TB_5	358.0314
layer_6_TB_6	357.3540
layer_6_TB_7	356.5605
layer_6_TB_8	359.0977
layer_6_TB_9	359.9923
layer_6_TB_10	360.7448
layer_6_TB_11	361.1372
layer_6_TB_12	361.1388
layer_6_TB_13	360.7510
layer_6_TB_14	359.9969
layer_6_TB_15	359.1039
layer_6_TB_16	365.7422
layer_6_TB_17	366.7087
layer_6_TB_18	367.4965
layer_6_TB_19	367.9266
layer_6_TB_20	367.9278
layer_6_TB_21	367.5234
layer_6_TB_22	366.7182
layer_6_TB_23	365.7624
layer_6_TB_24	367.8024
layer_6_TB_25	368.7003
layer_6_TB_26	369.4984
layer_6_TB_27	369.9056
layer_6_TB_28	369.8999
layer_6_TB_29	369.5275
layer_6_TB_30	368.7273
layer_6_TB_31	367.8022
layer_7_B_32	355.1016
layer_7_B_33	355.9018
layer_7_B_34	356.5735
layer_7_B_35	356.9211
layer_7_B_36	356.9217
layer_7_B_37	356.5752
layer_7_B_38	355.9037
layer_7_B_39	355.1038
layer_7_B_40	357.5367
layer_7_B_41	358.4368
layer_7_B_42	359.1826
layer_7_B_43	359.5690
layer_7_B_44	359.5707
layer_7_B_45	359.1883
layer_7_B_46	358.4413
layer_7_B_47	357.5425
layer_7_B_48	363.6035
layer_7_B_49	364.5670
layer_7_B_50	365.3499
layer_7_B_51	365.7668
layer_7_B_52	365.7695
layer_7_B_53	365.3708
layer_7_B_54	364.5771
layer_7_B_55	363.6195
layer_7_B_56	365.5426
layer_7_B_57	366.4506
layer_7_B_58	367.2295
layer_7_B_59	367.6273
layer_7_B_60	367.6258
layer_7_B_61	367.2519
layer_7_B_62	366.4712
layer_7_B_63	365.5447
layer_8_TB_0	354.9150
layer_8_TB_1	355.7162
layer_8_TB_2	356.3870
layer_8_TB_3	356.7339
layer_8_TB_4	356.7345
layer_8_TB_5	356.3887
layer_8_TB_6	355.7180
layer_8_TB_7	354.9171
layer_8_TB_8	357.3354
layer_8_TB_9	358.2366
layer_8_TB_10	358.9815
layer_8_TB_11	359.3672
layer_8_TB_12	359.3688
layer_8_TB_13	358.9871
layer_8_TB_14	358.2410
layer_8_TB_15	357.3411
layer_8_TB_16	363.3521
layer_8_TB_17	364.3160
layer_8_TB_18	365.0982
layer_8_TB_19	365.5137
layer_8_TB_20	365.5165
layer_8_TB_21	365.1185
layer_8_TB_22	364.3261
layer_8_TB_23	363.3678
layer_8_TB_24	365.2741
layer_8_TB_25	366.1835
layer_8_TB_26	366.9604
layer_8_TB_27	367.3570
layer_8_TB_28	367.3559
layer_8_TB_29	366.9821
layer_8_TB_30	366.2035
layer_8_TB_31	365.2764
layer_9_B_64	353.0482
layer_9_B_65	353.8592
layer_9_B_66	354.5221
layer_9_B_67	354.8623
layer_9_B_68	354.8628
layer_9_B_69	354.5236
layer_9_B_70	353.8610
layer_9_B_71	353.0501
layer_9_B_72	355.3211
layer_9_B_73	356.2331
layer_9_B_74	356.9700
layer_9_B_75	357.3482
layer_9_B_76	357.3498
layer_9_B_77	356.9750
layer_9_B_78	356.2373
layer_9_B_79	355.3262
layer_9_B_80	360.8390
layer_9_B_81	361.8066
layer_9_B_82	362.5820
layer_9_B_83	362.9834
layer_9_B_84	362.9876
layer_9_B_85	362.5967
layer_9_B_86	361.8171
layer_9_B_87	360.8507
layer_9_B_88	362.5897
layer_9_B_89	363.5131
layer_9_B_90	364.2693
layer_9_B_91	364.6545
layer_9_B_92	364.6573
layer_9_B_93	364.2844
layer_9_B_94	363.5269
layer_9_B_95	362.5939
layer_10_TB_0	352.8216
layer_10_TB_1	353.6340
layer_10_TB_2	354.2958
layer_10_TB_3	354.6351
layer_10_TB_4	354.6357
layer_10_TB_5	354.2973
layer_10_TB_6	353.6357
layer_10_TB_7	352.8235
layer_10_TB_8	355.0760
layer_10_TB_9	355.9896
layer_10_TB_10	356.7256
layer_10_TB_11	357.1029
layer_10_TB_12	357.1045
layer_10_TB_13	356.7305
layer_10_TB_14	355.9938
layer_10_TB_15	355.0810
layer_10_TB_16	360.5509
layer_10_TB_17	361.5196
layer_10_TB_18	362.2941
layer_10_TB_19	362.6940
layer_10_TB_20	362.6983
layer_10_TB_21	362.3083
layer_10_TB_22	361.5301
layer_10_TB_23	360.5623
layer_10_TB_24	362.2800
layer_10_TB_25	363.2053
layer_10_TB_26	363.9592
layer_10_TB_27	364.3430
layer_10_TB_28	364.3462
layer_10_TB_29	363.9736
layer_10_TB_30	363.2185
layer_10_TB_31	362.2844
layer_11_B_96	350.5551
layer_11_B_97	351.3811
layer_11_B_98	352.0326
layer_11_B_99	352.3635
layer_11_B_100	352.3640
layer_11_B_101	352.0340
layer_11_B_102	351.3827
layer_11_B_103	350.5568
layer_11_B_104	352.6240
layer_11_B_105	353.5542
layer_11_B_106	354.2808
layer_11_B_107	354.6491
layer_11_B_108	354.6507
layer_11_B_109	354.2849
layer_11_B_110	353.5581
layer_11_B_111	352.6284
layer_11_B_112	357.6710
layer_11_B_113	358.6501
layer_11_B_114	359.4163
layer_11_B_115	359.8007
layer_11_B_116	359.8065
layer_11_B_117	359.4249
layer_11_B_118	358.6608
layer_11_B_119	357.6787
layer_11_B_120	359.1833
layer_11_B_121	360.1273
layer_11_B_122	360.8584
layer_11_B_123	361.2289
layer_11_B_124	361.2359
layer_11_B_125	360.8663
layer_11_B_126	360.1343
layer_11_B_127	359.1894
layer_12_TB_0	350.2897
layer_12_TB_1	351.1175
layer_12_TB_2	351.7678
layer_12_TB_3	352.0977
layer_12_TB_4	352.0982
layer_12_TB_5	351.7692
layer_12_TB_6	351.1191
layer_12_TB_7	350.2915
layer_12_TB_8	352.3366
layer_12_TB_9	353.2691
layer_12_TB_10	353.9945
layer_12_TB_11	354.3619
layer_12_TB_12	354.3634
layer_12_TB_13	353.9987
layer_12_TB_14	353.2730
layer_12_TB_15	352.3409
layer_12_TB_16	357.3475
layer_12_TB_17	358.3282
layer_12_TB_18	359.0934
layer_12_TB_19	359.4762
layer_12_TB_20	359.4821
layer_12_TB_21	359.1016
layer_12_TB_22	358.3389
layer_12_TB_23	357.3547
layer_12_TB_24	358.8338
layer_12_TB_25	359.7802
layer_12_TB_26	360.5088
layer_12_TB_27	360.8777
layer_12_TB_28	360.8851
layer_12_TB_29	360.5159
layer_12_TB_30	359.7866
layer_12_TB_31	358.8400
layer_13_B_128	347.6362
layer_13_B_129	348.4817
layer_13_B_130	349.1194
layer_13_B_131	349.4390
layer_13_B_132	349.4394
layer_13_B_133	349.1206
layer_13_B_134	348.4831
layer_13_B_135	347.6378
layer_13_B_136	349.4622
layer_13_B_137	350.4176
layer_13_B_138	351.1319
layer_13_B_139	351.4889
layer_13_B_140	351.4903
layer_13_B_141	351.1353
layer_13_B_142	350.4209
layer_13_B_143	349.4658
layer_13_B_144	354.1126
layer_13_B_145	355.1103
layer_13_B_146	355.8660
layer_13_B_147	356.2317
layer_13_B_148	356.2392
layer_13_B_149	355.8687
layer_13_B_150	355.1215
layer_13_B_151	354.1161
layer_13_B_152	355.3387
layer_13_B_153	356.3092
layer_13_B_154	357.0124
layer_13_B_155	357.3662
layer_13_B_156	357.3774
layer_13_B_157	357.0130
layer_13_B_158	356.3093
layer_13_B_159	355.3466
layer_14_TB_0	347.3337
layer_14_TB_1	348.1814
layer_14_TB_2	348.8175
layer_14_TB_3	349.1359
layer_14_TB_4	349.1363
layer_14_TB_5	348.8187
layer_14_TB_6	348.1827
layer_14_TB_7	347.3352
layer_14_TB_8	349.1341
layer_14_TB_9	350.0924
layer_14_TB_10	350.8054
layer_14_TB_11	351.1613
layer_14_TB_12	351.1627
layer_14_TB_13	350.8087
layer_14_TB_14	350.0957
layer_14_TB_15	349.1376
layer_14_TB_16	353.6815
layer_14_TB_17	354.6823
layer_14_TB_18	355.4360
layer_14_TB_19	355.8006
layer_14_TB_20	355.8079
layer_14_TB_21	355.4386
layer_14_TB_22	354.6932
layer_14_TB_23	353.6850
layer_14_TB_24	354.8793
layer_14_TB_25	355.8512
layer_14_TB_26	356.5523
layer_14_TB_27	356.9044
layer_14_TB_28	356.9153
layer_14_TB_29	356.5529
layer_14_TB_30	355.8514
layer_14_TB_31	354.8870
layer_15_B_160	344.3078
layer_15_B_161	345.1776
layer_15_B_162	345.7985
layer_15_B_163	346.1050
layer_15_B_164	346.1053
layer_15_B_165	345.7995
layer_15_B_166	345.1788
layer_15_B_167	344.3091
layer_15_B_168	345.8519
layer_15_B_169	346.8400
layer_15_B_170	347.5401
layer_15_B_171	347.8844
layer_15_B_172	347.8856
layer_15_B_173	347.5427
layer_15_B_174	346.8428
layer_15_B_175	345.8547
layer_15_B_176	349.3710
layer_15_B_177	350.4024
layer_15_B_178	351.1369
layer_15_B_179	351.4896
layer_15_B_180	351.4952
layer_15_B_181	351.1392
layer_15_B_182	350.4107
layer_15_B_183	349.3740
layer_15_B_184	350.2854
layer_15_B_185	351.2721
layer_15_B_186	351.9516
layer_15_B_187	352.2866
layer_15_B_188	352.2950
layer_15_B_189	351.9522
layer_15_B_190	351.2726
layer_15_B_191	350.2914
layer_16_TB_0	343.9697
layer_16_TB_1	344.8422
layer_16_TB_2	345.4613
layer_16_TB_3	345.7663
layer_16_TB_4	345.7667
layer_16_TB_5	345.4623
layer_16_TB_6	344.8433
layer_16_TB_7	343.9710
layer_16_TB_8	345.4858
layer_16_TB_9	346.4776
layer_16_TB_10	347.1762
layer_16_TB_11	347.5192
layer_16_TB_12	347.5203
layer_16_TB_13	347.1787
layer_16_TB_14	346.4803
layer_16_TB_15	345.4885
layer_16_TB_16	348.9068
layer_16_TB_17	349.9421
layer_16_TB_18	350.6745
layer_16_TB_19	351.0258
layer_16_TB_20	351.0312
layer_16_TB_21	350.6767
layer_16_TB_22	349.9501
layer_16_TB_23	348.9098
layer_16_TB_24	349.7897
layer_16_TB_25	350.7785
layer_16_TB_26	351.4555
layer_16_TB_27	351.7887
layer_16_TB_28	351.7968
layer_16_TB_29	351.4561
layer_16_TB_30	350.7790
layer_16_TB_31	349.7955
layer_17_B_192	340.5878
layer_17_B_193	341.4873
layer_17_B_194	342.0884
layer_17_B_195	342.3797
layer_17_B_196	342.3800
layer_17_B_197	342.0892
layer_17_B_198	341.4883
layer_17_B_199	340.5888
layer_17_B_200	341.8239
layer_17_B_201	342.8531
layer_17_B_202	343.5367
layer_17_B_203	343.8668
layer_17_B_204	343.8677
layer_17_B_205	343.5386
layer_17_B_206	342.8552
layer_17_B_207	341.8260
layer_17_B_208	344.2652
layer_17_B_209	345.3388
layer_17_B_210	346.0505
layer_17_B_211	346.3883
layer_17_B_212	346.3921
layer_17_B_213	346.0523
layer_17_B_214	345.3445
layer_17_B_215	344.2675
layer_17_B_216	344.8325
layer_17_B_217	345.8428
layer_17_B_218	346.4948
layer_17_B_219	346.8092
layer_17_B_220	346.8149
layer_17_B_221	346.4955
layer_17_B_222	345.8434
layer_17_B_223	344.8367
layer_18_TB_0	340.2158
layer_18_TB_1	341.1186
layer_18_TB_2	341.7175
layer_18_TB_3	342.0073
layer_18_TB_4	342.0076
layer_18_TB_5	341.7183
layer_18_TB_6	341.1195
layer_18_TB_7	340.2168
layer_18_TB_8	341.4225
layer_18_TB_9	342.4563
layer_18_TB_10	343.1382
layer_18_TB_11	343.4669
layer_18_TB_12	343.4678
layer_18_TB_13	343.1400
layer_18_TB_14	342.4584
layer_18_TB_15	341.4245
layer_18_TB_16	343.7690
layer_18_TB_17	344.8473
layer_18_TB_18	345.5567
layer_18_TB_19	345.8930
layer_18_TB_20	345.8966
layer_18_TB_21	345.5585
layer_18_TB_22	344.8528
layer_18_TB_23	343.7713
layer_18_TB_24	344.3025
layer_18_TB_25	345.3156
layer_18_TB_26	345.9649
layer_18_TB_27	346.2772
layer_18_TB_28	346.2826
layer_18_TB_29	345.9655
layer_18_TB_30	345.3163
layer_18_TB_31	344.3066
layer_19_B_224	336.4957
layer_19_B_225	337.4310
layer_19_B_226	338.0088
layer_19_B_227	338.2830
layer_19_B_228	338.2833
layer_19_B_229	338.0093
layer_19_B_230	337.4317
layer_19_B_231	336.4965
layer_19_B_232	337.4085
layer_19_B_233	338.4882
layer_19_B_234	339.1527
layer_19_B_235	339.4673
layer_19_B_236	339.4679
layer_19_B_237	339.1539
layer_19_B_238	338.4896
layer_19_B_239	337.4099
layer_19_B_240	338.8070
layer_19_B_241	339.9326
layer_19_B_242	340.6192
layer_19_B_243	340.9403
layer_19_B_244	340.9425
layer_19_B_245	340.6204
layer_19_B_246	339.9359
layer_19_B_247	338.8086
layer_19_B_248	339.0029
layer_19_B_249	340.0446
layer_19_B_250	340.6653
layer_19_B_251	340.9571
layer_19_B_252	340.9602
layer_19_B_253	340.6659
layer_19_B_254	340.0452
layer_19_B_255	339.0055
layer_20_TB_0	336.0918
layer_20_TB_1	337.0310
layer_20_TB_2	337.6062
layer_20_TB_3	337.8788
layer_20_TB_4	337.8790
layer_20_TB_5	337.6068
layer_20_TB_6	337.0316
layer_20_TB_7	336.0925
layer_20_TB_8	336.9747
layer_20_TB_9	338.0599
layer_20_TB_10	338.7224
layer_20_TB_11	339.0354
layer_20_TB_12	339.0360
layer_20_TB_13	338.7236
layer_20_TB_14	338.0612
layer_20_TB_15	336.9760
layer_20_TB_16	338.2799
layer_20_TB_17	339.4113
layer_20_TB_18	340.0954
layer_20_TB_19	340.4148
layer_20_TB_20	340.4168
layer_20_TB_21	340.0965
layer_20_TB_22	339.4144
layer_20_TB_23	338.2815
layer_20_TB_24	338.4409
layer_20_TB_25	339.4861
layer_20_TB_26	340.1036
layer_20_TB_27	340.3931
layer_20_TB_28	340.3960
layer_20_TB_29	340.1041
layer_20_TB_30	339.4868
layer_20_TB_31	338.4433
hsp_TB_0	332.0524
hsp_TB_1	333.0304
hsp_TB_2	333.5808
hsp_TB_3	333.8361
hsp_TB_4	333.8363
hsp_TB_5	333.5812
hsp_TB_6	333.0308
hsp_TB_7	332.0529
hsp_TB_8	332.6361
hsp_TB_9	333.7767
hsp_TB_10	334.4193
hsp_TB_11	334.7169
hsp_TB_12	334.7171
hsp_TB_13	334.4198
hsp_TB_14	333.7774
hsp_TB_15	332.6368
hsp_TB_16	333.0099
hsp_TB_17	334.1987
hsp_TB_18	334.8574
hsp_TB_19	335.1603
hsp_TB_20	335.1608
hsp_TB_21	334.8580
hsp_TB_22	334.1996
hsp_TB_23	333.0107
hsp_TB_24	332.8201
hsp_TB_25	333.9016
hsp_TB_26	334.4866
hsp_TB_27	334.7537
hsp_TB_28	334.7544
hsp_TB_29	334.4870
hsp_TB_30	333.9022
hsp_TB_31	332.8209
hsink_TB_0	330.5368
hsink_TB_1	331.3832
hsink_TB_2	331.9010
hsink_TB_3	332.1458
hsink_TB_4	332.1459
hsink_TB_5	331.9012
hsink_TB_6	331.3835
hsink_TB_7	330.5372
hsink_TB_8	330.9051
hsink_TB_9	331.8930
hsink_TB_10	332.4987
hsink_TB_11	332.7849
hsink_TB_12	332.7850
hsink_TB_13	332.4990
hsink_TB_14	331.8934
hsink_TB_15	330.9055
hsink_TB_16	331.0166
hsink_TB_17	332.0317
hsink_TB_18	332.6490
hsink_TB_19	332.9394
hsink_TB_20	332.9396
hsink_TB_21	332.6494
hsink_TB_22	332.0322
hsink_TB_23	331.0171
hsink_TB_24	330.7988
hsink_TB_25	331.7054
hsink_TB_26	332.2484
hsink_TB_27	332.5023
hsink_TB_28	332.5025
hsink_TB_29	332.2487
hsink_TB_30	331.7058
hsink_TB_31	330.7992
inode_0	328.1380
inode_1	328.1383
inode_2	328.9728
inode_3	328.6430
inode_4	328.0931
inode_5	328.0934
inode_6	328.9339
inode_7	328.6087
inode_8	326.6979
inode_9	326.6982
inode_10	327.2246
inode_11	326.9509
inode_12	360.7244
inode_13	360.7281
inode_14	361.6384
inode_15	359.0898
inode_16	360.6998
inode_17	360.7034
inode_18	361.6284
inode_19	359.0854
inode_20	356.1809
inode_21	356.1835
inode_22	360.1992
inode_23	357.9876
inode_24	343.5218
inode_25	343.5236
inode_26	344.5368
inode_27	343.1490
