pcb_C_0	326.9546
pcb_C_1	327.5939
pcb_C_2	327.8587
pcb_C_3	327.9751
pcb_C_4	328.0179
pcb_C_5	327.9164
pcb_C_6	327.5889
pcb_C_7	326.9392
pcb_C_8	326.6698
pcb_C_9	327.2088
pcb_C_10	327.4844
pcb_C_11	327.6149
pcb_C_12	327.6379
pcb_C_13	327.5148
pcb_C_14	327.2027
pcb_C_15	326.6440
pcb_C_16	326.2325
pcb_C_17	326.4588
pcb_C_18	326.6336
pcb_C_19	326.7313
pcb_C_20	326.7383
pcb_C_21	326.6419
pcb_C_22	326.4521
pcb_C_23	326.2123
pcb_C_24	325.9149
pcb_C_25	325.9044
pcb_C_26	325.9763
pcb_C_27	326.0310
pcb_C_28	326.0327
pcb_C_29	325.9776
pcb_C_30	325.8992
pcb_C_31	325.9012
solder_C_0	327.2948
solder_C_1	327.8929
solder_C_2	328.1410
solder_C_3	328.2547
solder_C_4	328.3425
solder_C_5	328.2532
solder_C_6	327.8689
solder_C_7	327.2795
solder_C_8	326.9877
solder_C_9	327.4596
solder_C_10	327.7349
solder_C_11	327.8693
solder_C_12	327.9016
solder_C_13	327.7752
solder_C_14	327.4477
solder_C_15	326.9434
solder_C_16	326.2543
solder_C_17	326.3983
solder_C_18	326.5816
solder_C_19	326.6872
solder_C_20	326.6949
solder_C_21	326.5904
solder_C_22	326.3907
solder_C_23	326.2295
solder_C_24	325.8570
solder_C_25	325.7663
solder_C_26	325.8495
solder_C_27	325.9130
solder_C_28	325.9148
solder_C_29	325.8508
solder_C_30	325.7611
solder_C_31	325.8424
sub_C_0	327.3862
sub_C_1	327.9936
sub_C_2	328.2342
sub_C_3	328.3437
sub_C_4	328.4582
sub_C_5	328.3781
sub_C_6	327.9539
sub_C_7	327.3756
sub_C_8	327.0900
sub_C_9	327.5591
sub_C_10	327.8403
sub_C_11	327.9763
sub_C_12	328.0090
sub_C_13	327.8799
sub_C_14	327.5464
sub_C_15	327.0330
sub_C_16	326.1676
sub_C_17	326.3416
sub_C_18	326.5347
sub_C_19	326.6435
sub_C_20	326.6510
sub_C_21	326.5434
sub_C_22	326.3341
sub_C_23	326.1429
sub_C_24	325.7511
sub_C_25	325.6990
sub_C_26	325.7936
sub_C_27	325.8608
sub_C_28	325.8626
sub_C_29	325.7949
sub_C_30	325.6939
sub_C_31	325.7369
layer_3_C_0	328.2108
layer_3_C_1	328.9691
layer_3_C_2	329.1272
layer_3_C_3	329.1872
layer_3_C_4	329.5723
layer_3_C_5	329.5898
layer_3_C_6	328.7667
layer_3_C_7	328.2522
layer_3_C_8	328.0776
layer_3_C_9	328.5537
layer_3_C_10	328.8974
layer_3_C_11	329.0489
layer_3_C_12	329.0805
layer_3_C_13	328.9231
layer_3_C_14	328.5379
layer_3_C_15	327.8907
layer_3_C_16	325.2877
layer_3_C_17	325.7571
layer_3_C_18	326.0466
layer_3_C_19	326.1855
layer_3_C_20	326.1917
layer_3_C_21	326.0536
layer_3_C_22	325.7512
layer_3_C_23	325.2661
layer_3_C_24	324.7384
layer_3_C_25	325.0364
layer_3_C_26	325.2411
layer_3_C_27	325.3432
layer_3_C_28	325.3448
layer_3_C_29	325.2423
layer_3_C_30	325.0323
layer_3_C_31	324.7283
layer_4_TB_0	328.0555
layer_4_TB_1	328.8067
layer_4_TB_2	328.9757
layer_4_TB_3	329.0417
layer_4_TB_4	329.4033
layer_4_TB_5	329.4106
layer_4_TB_6	328.6183
layer_4_TB_7	328.0928
layer_4_TB_8	327.9194
layer_4_TB_9	328.4081
layer_4_TB_10	328.7515
layer_4_TB_11	328.9035
layer_4_TB_12	328.9350
layer_4_TB_13	328.7781
layer_4_TB_14	328.3926
layer_4_TB_15	327.7441
layer_4_TB_16	325.2858
layer_4_TB_17	325.7556
layer_4_TB_18	326.0452
layer_4_TB_19	326.1842
layer_4_TB_20	326.1904
layer_4_TB_21	326.0523
layer_4_TB_22	325.7498
layer_4_TB_23	325.2643
layer_4_TB_24	324.7372
layer_4_TB_25	325.0356
layer_4_TB_26	325.2404
layer_4_TB_27	325.3425
layer_4_TB_28	325.3441
layer_4_TB_29	325.2417
layer_4_TB_30	325.0315
layer_4_TB_31	324.7271
hsp_TB_0	326.5025
hsp_TB_1	327.1830
hsp_TB_2	327.4606
hsp_TB_3	327.5867
hsp_TB_4	327.7135
hsp_TB_5	327.6183
hsp_TB_6	327.1350
hsp_TB_7	326.4987
hsp_TB_8	326.3381
hsp_TB_9	326.9525
hsp_TB_10	327.2931
hsp_TB_11	327.4501
hsp_TB_12	327.4795
hsp_TB_13	327.3277
hsp_TB_14	326.9403
hsp_TB_15	326.2773
hsp_TB_16	325.2664
hsp_TB_17	325.7413
hsp_TB_18	326.0319
hsp_TB_19	326.1711
hsp_TB_20	326.1773
hsp_TB_21	326.0390
hsp_TB_22	325.7355
hsp_TB_23	325.2456
hsp_TB_24	324.7253
hsp_TB_25	325.0277
hsp_TB_26	325.2334
hsp_TB_27	325.3358
hsp_TB_28	325.3373
hsp_TB_29	325.2347
hsp_TB_30	325.0236
hsp_TB_31	324.7152
hsink_TB_0	325.8689
hsink_TB_1	326.5036
hsink_TB_2	326.8159
hsink_TB_3	326.9595
hsink_TB_4	327.0065
hsink_TB_5	326.8785
hsink_TB_6	326.4970
hsink_TB_7	325.8575
hsink_TB_8	325.7397
hsink_TB_9	326.3661
hsink_TB_10	326.7099
hsink_TB_11	326.8699
hsink_TB_12	326.8908
hsink_TB_13	326.7375
hsink_TB_14	326.3605
hsink_TB_15	325.7147
hsink_TB_16	325.1931
hsink_TB_17	325.6690
hsink_TB_18	325.9599
hsink_TB_19	326.0994
hsink_TB_20	326.1052
hsink_TB_21	325.9670
hsink_TB_22	325.6638
hsink_TB_23	325.1764
hsink_TB_24	324.7133
hsink_TB_25	325.0170
hsink_TB_26	325.2231
hsink_TB_27	325.3255
hsink_TB_28	325.3271
hsink_TB_29	325.2244
hsink_TB_30	325.0130
hsink_TB_31	324.7035
inode_0	324.2439
inode_1	324.2298
inode_2	323.6956
inode_3	325.0458
inode_4	324.2303
inode_5	324.2162
inode_6	323.6888
inode_7	325.0344
inode_8	323.6828
inode_9	323.6700
inode_10	323.0516
inode_11	324.2424
inode_12	326.5292
inode_13	326.5049
inode_14	325.5902
inode_15	327.6308
inode_16	326.5270
inode_17	326.5029
inode_18	325.5900
inode_19	327.6301
inode_20	325.9927
inode_21	325.9736
inode_22	325.5388
inode_23	327.5290
inode_24	324.1615
inode_25	324.1469
inode_26	323.4397
inode_27	324.8645
