pcb_LC_0	352.7642
pcb_LC_1	353.9282
pcb_LC_2	354.4465
pcb_LC_3	354.6558
pcb_LC_4	354.6557
pcb_LC_5	354.4464
pcb_LC_6	353.9281
pcb_LC_7	352.7640
pcb_LC_8	352.8568
pcb_LC_9	354.3126
pcb_LC_10	355.0052
pcb_LC_11	355.2902
pcb_LC_12	355.2902
pcb_LC_13	355.0052
pcb_LC_14	354.3124
pcb_LC_15	352.8566
pcb_LC_16	352.9531
pcb_LC_17	354.4850
pcb_LC_18	355.2076
pcb_LC_19	355.5025
pcb_LC_20	355.5025
pcb_LC_21	355.2076
pcb_LC_22	354.4848
pcb_LC_23	352.9528
pcb_LC_24	353.0092
pcb_LC_25	354.3302
pcb_LC_26	354.9068
pcb_LC_27	355.1350
pcb_LC_28	355.1350
pcb_LC_29	354.9067
pcb_LC_30	354.3301
pcb_LC_31	353.0090
solder_LC_0	354.7708
solder_LC_1	355.0523
solder_LC_2	355.3272
solder_LC_3	355.4778
solder_LC_4	355.4778
solder_LC_5	355.3271
solder_LC_6	355.0522
solder_LC_7	354.7706
solder_LC_8	355.1641
solder_LC_9	355.6900
solder_LC_10	356.0884
solder_LC_11	356.2951
solder_LC_12	356.2950
solder_LC_13	356.0884
solder_LC_14	355.6899
solder_LC_15	355.1637
solder_LC_16	355.4630
solder_LC_17	356.1226
solder_LC_18	356.5616
solder_LC_19	356.7806
solder_LC_20	356.7804
solder_LC_21	356.5617
solder_LC_22	356.1224
solder_LC_23	355.4624
solder_LC_24	355.2513
solder_LC_25	355.7714
solder_LC_26	356.1221
solder_LC_27	356.2956
solder_LC_28	356.2955
solder_LC_29	356.1222
solder_LC_30	355.7713
solder_LC_31	355.2509
sub_LC_0	354.8098
sub_LC_1	355.1260
sub_LC_2	355.4300
sub_LC_3	355.5958
sub_LC_4	355.5958
sub_LC_5	355.4300
sub_LC_6	355.1259
sub_LC_7	354.8096
sub_LC_8	355.3523
sub_LC_9	355.8854
sub_LC_10	356.3033
sub_LC_11	356.5210
sub_LC_12	356.5209
sub_LC_13	356.3034
sub_LC_14	355.8853
sub_LC_15	355.3518
sub_LC_16	355.9635
sub_LC_17	356.6169
sub_LC_18	357.0721
sub_LC_19	357.3023
sub_LC_20	357.3019
sub_LC_21	357.0725
sub_LC_22	356.6167
sub_LC_23	355.9626
sub_LC_24	355.4749
sub_LC_25	356.0036
sub_LC_26	356.3793
sub_LC_27	356.5673
sub_LC_28	356.5672
sub_LC_29	356.3794
sub_LC_30	356.0035
sub_LC_31	355.4744
layer_3_LC_0	354.9122
layer_3_LC_1	355.6143
layer_3_LC_2	356.2091
layer_3_LC_3	356.5160
layer_3_LC_4	356.5159
layer_3_LC_5	356.2091
layer_3_LC_6	355.6143
layer_3_LC_7	354.9119
layer_3_LC_8	356.8094
layer_3_LC_9	357.5818
layer_3_LC_10	358.2282
layer_3_LC_11	358.5628
layer_3_LC_12	358.5623
layer_3_LC_13	358.2287
layer_3_LC_14	357.5817
layer_3_LC_15	356.8084
layer_3_LC_16	360.9077
layer_3_LC_17	361.7089
layer_3_LC_18	362.3593
layer_3_LC_19	362.7109
layer_3_LC_20	362.7075
layer_3_LC_21	362.3631
layer_3_LC_22	361.7087
layer_3_LC_23	360.9030
layer_3_LC_24	357.1855
layer_3_LC_25	357.9275
layer_3_LC_26	358.5461
layer_3_LC_27	358.8659
layer_3_LC_28	358.8655
layer_3_LC_29	358.5467
layer_3_LC_30	357.9274
layer_3_LC_31	357.1844
layer_4_TB_0	354.8147
layer_4_TB_1	355.5171
layer_4_TB_2	356.1115
layer_4_TB_3	356.4182
layer_4_TB_4	356.4181
layer_4_TB_5	356.1116
layer_4_TB_6	355.5170
layer_4_TB_7	354.8145
layer_4_TB_8	356.7085
layer_4_TB_9	357.4810
layer_4_TB_10	358.1270
layer_4_TB_11	358.4613
layer_4_TB_12	358.4609
layer_4_TB_13	358.1275
layer_4_TB_14	357.4809
layer_4_TB_15	356.7075
layer_4_TB_16	360.8200
layer_4_TB_17	361.6210
layer_4_TB_18	362.2709
layer_4_TB_19	362.6221
layer_4_TB_20	362.6187
layer_4_TB_21	362.2746
layer_4_TB_22	361.6208
layer_4_TB_23	360.8152
layer_4_TB_24	357.0831
layer_4_TB_25	357.8251
layer_4_TB_26	358.4433
layer_4_TB_27	358.7628
layer_4_TB_28	358.7623
layer_4_TB_29	358.4439
layer_4_TB_30	357.8249
layer_4_TB_31	357.0820
layer_5_B_0	353.8397
layer_5_B_1	354.5442
layer_5_B_2	355.1357
layer_5_B_3	355.4400
layer_5_B_4	355.4399
layer_5_B_5	355.1357
layer_5_B_6	354.5442
layer_5_B_7	353.8394
layer_5_B_8	355.6988
layer_5_B_9	356.4723
layer_5_B_10	357.1146
layer_5_B_11	357.4460
layer_5_B_12	357.4456
layer_5_B_13	357.1151
layer_5_B_14	356.4722
layer_5_B_15	355.6978
layer_5_B_16	359.9442
layer_5_B_17	360.7444
layer_5_B_18	361.3881
layer_5_B_19	361.7363
layer_5_B_20	361.7327
layer_5_B_21	361.3920
layer_5_B_22	360.7442
layer_5_B_23	359.9393
layer_5_B_24	356.0584
layer_5_B_25	356.8001
layer_5_B_26	357.4140
layer_5_B_27	357.7304
layer_5_B_28	357.7300
layer_5_B_29	357.4146
layer_5_B_30	356.7999
layer_5_B_31	356.0573
layer_6_TB_0	353.7023
layer_6_TB_1	354.4074
layer_6_TB_2	354.9984
layer_6_TB_3	355.3023
layer_6_TB_4	355.3023
layer_6_TB_5	354.9985
layer_6_TB_6	354.4074
layer_6_TB_7	353.7021
layer_6_TB_8	355.5542
layer_6_TB_9	356.3283
layer_6_TB_10	356.9701
layer_6_TB_11	357.3011
layer_6_TB_12	357.3007
layer_6_TB_13	356.9706
layer_6_TB_14	356.3282
layer_6_TB_15	355.5532
layer_6_TB_16	359.7544
layer_6_TB_17	360.5547
layer_6_TB_18	361.1983
layer_6_TB_19	361.5457
layer_6_TB_20	361.5422
layer_6_TB_21	361.2021
layer_6_TB_22	360.5545
layer_6_TB_23	359.7497
layer_6_TB_24	355.9109
layer_6_TB_25	356.6529
layer_6_TB_26	357.2662
layer_6_TB_27	357.5822
layer_6_TB_28	357.5817
layer_6_TB_29	357.2668
layer_6_TB_30	356.6527
layer_6_TB_31	355.9098
layer_7_B_32	352.3284
layer_7_B_33	353.0390
layer_7_B_34	353.6253
layer_7_B_35	353.9253
layer_7_B_36	353.9253
layer_7_B_37	353.6253
layer_7_B_38	353.0390
layer_7_B_39	352.3282
layer_7_B_40	354.1074
layer_7_B_41	354.8873
layer_7_B_42	355.5246
layer_7_B_43	355.8514
layer_7_B_44	355.8510
layer_7_B_45	355.5250
layer_7_B_46	354.8872
layer_7_B_47	354.1066
layer_7_B_48	357.8581
layer_7_B_49	358.6598
layer_7_B_50	359.3025
layer_7_B_51	359.6412
layer_7_B_52	359.6390
layer_7_B_53	359.3049
layer_7_B_54	358.6596
layer_7_B_55	357.8549
layer_7_B_56	354.4348
layer_7_B_57	355.1801
layer_7_B_58	355.7875
layer_7_B_59	356.0987
layer_7_B_60	356.0983
layer_7_B_61	355.7880
layer_7_B_62	355.1799
layer_7_B_63	354.4339
layer_8_TB_0	352.1519
layer_8_TB_1	352.8634
layer_8_TB_2	353.4490
layer_8_TB_3	353.7485
layer_8_TB_4	353.7485
layer_8_TB_5	353.4491
layer_8_TB_6	352.8633
layer_8_TB_7	352.1518
layer_8_TB_8	353.9205
layer_8_TB_9	354.7015
layer_8_TB_10	355.3383
layer_8_TB_11	355.6645
layer_8_TB_12	355.6641
layer_8_TB_13	355.3387
layer_8_TB_14	354.7014
layer_8_TB_15	353.9197
layer_8_TB_16	357.6383
layer_8_TB_17	358.4407
layer_8_TB_18	359.0831
layer_8_TB_19	359.4209
layer_8_TB_20	359.4188
layer_8_TB_21	359.0854
layer_8_TB_22	358.4405
layer_8_TB_23	357.6352
layer_8_TB_24	354.2437
layer_8_TB_25	354.9896
layer_8_TB_26	355.5963
layer_8_TB_27	355.9068
layer_8_TB_28	355.9065
layer_8_TB_29	355.5967
layer_8_TB_30	354.9895
layer_8_TB_31	354.2428
layer_9_B_64	350.3867
layer_9_B_65	351.1070
layer_9_B_66	351.6862
layer_9_B_67	351.9803
layer_9_B_68	351.9802
layer_9_B_69	351.6862
layer_9_B_70	351.1069
layer_9_B_71	350.3865
layer_9_B_72	352.0512
layer_9_B_73	352.8430
layer_9_B_74	353.4742
layer_9_B_75	353.7949
layer_9_B_76	353.7947
layer_9_B_77	353.4745
layer_9_B_78	352.8429
layer_9_B_79	352.0505
layer_9_B_80	355.4416
layer_9_B_81	356.2508
layer_9_B_82	356.8910
layer_9_B_83	357.2193
layer_9_B_84	357.2184
layer_9_B_85	356.8921
layer_9_B_86	356.2507
layer_9_B_87	355.4399
layer_9_B_88	352.3313
layer_9_B_89	353.0842
layer_9_B_90	353.6832
layer_9_B_91	353.9874
layer_9_B_92	353.9871
layer_9_B_93	353.6836
layer_9_B_94	353.0841
layer_9_B_95	352.3306
layer_10_TB_0	350.1720
layer_10_TB_1	350.8935
layer_10_TB_2	351.4719
layer_10_TB_3	351.7653
layer_10_TB_4	351.7653
layer_10_TB_5	351.4719
layer_10_TB_6	350.8935
layer_10_TB_7	350.1718
layer_10_TB_8	351.8234
layer_10_TB_9	352.6168
layer_10_TB_10	353.2474
layer_10_TB_11	353.5674
layer_10_TB_12	353.5672
layer_10_TB_13	353.2476
layer_10_TB_14	352.6167
layer_10_TB_15	351.8227
layer_10_TB_16	355.1919
layer_10_TB_17	356.0023
layer_10_TB_18	356.6421
layer_10_TB_19	356.9694
layer_10_TB_20	356.9686
layer_10_TB_21	356.6431
layer_10_TB_22	356.0021
layer_10_TB_23	355.1902
layer_10_TB_24	352.0980
layer_10_TB_25	352.8519
layer_10_TB_26	353.4500
layer_10_TB_27	353.7533
layer_10_TB_28	353.7531
layer_10_TB_29	353.4503
layer_10_TB_30	352.8518
layer_10_TB_31	352.0972
layer_11_B_96	348.0248
layer_11_B_97	348.7588
layer_11_B_98	349.3288
layer_11_B_99	349.6154
layer_11_B_100	349.6154
layer_11_B_101	349.3289
layer_11_B_102	348.7588
layer_11_B_103	348.0247
layer_11_B_104	349.5449
layer_11_B_105	350.3543
layer_11_B_106	350.9783
layer_11_B_107	351.2918
layer_11_B_108	351.2916
layer_11_B_109	350.9785
layer_11_B_110	350.3542
layer_11_B_111	349.5444
layer_11_B_112	352.6956
layer_11_B_113	353.5185
layer_11_B_114	354.1548
layer_11_B_115	354.4717
layer_11_B_116	354.4720
layer_11_B_117	354.1546
layer_11_B_118	353.5183
layer_11_B_119	352.6953
layer_11_B_120	349.7636
layer_11_B_121	350.5284
layer_11_B_122	351.1170
layer_11_B_123	351.4124
layer_11_B_124	351.4122
layer_11_B_125	351.1172
layer_11_B_126	350.5283
layer_11_B_127	349.7630
layer_12_TB_0	347.7731
layer_12_TB_1	348.5087
layer_12_TB_2	349.0777
layer_12_TB_3	349.3634
layer_12_TB_4	349.3634
layer_12_TB_5	349.0777
layer_12_TB_6	348.5086
layer_12_TB_7	347.7729
layer_12_TB_8	349.2775
layer_12_TB_9	350.0891
layer_12_TB_10	350.7123
layer_12_TB_11	351.0249
layer_12_TB_12	351.0248
layer_12_TB_13	350.7125
layer_12_TB_14	350.0890
layer_12_TB_15	349.2770
layer_12_TB_16	352.4165
layer_12_TB_17	353.2412
layer_12_TB_18	353.8772
layer_12_TB_19	354.1928
layer_12_TB_20	354.1933
layer_12_TB_21	353.8768
layer_12_TB_22	353.2411
layer_12_TB_23	352.4164
layer_12_TB_24	349.4894
layer_12_TB_25	350.2557
layer_12_TB_26	350.8431
layer_12_TB_27	351.1376
layer_12_TB_28	351.1374
layer_12_TB_29	350.8434
layer_12_TB_30	350.2556
layer_12_TB_31	349.4888
layer_13_B_128	345.2554
layer_13_B_129	346.0074
layer_13_B_130	346.5661
layer_13_B_131	346.8434
layer_13_B_132	346.8434
layer_13_B_133	346.5661
layer_13_B_134	346.0073
layer_13_B_135	345.2553
layer_13_B_136	346.6025
layer_13_B_137	347.4359
layer_13_B_138	348.0512
layer_13_B_139	348.3561
layer_13_B_140	348.3561
layer_13_B_141	348.0513
layer_13_B_142	347.4358
layer_13_B_143	346.6021
layer_13_B_144	349.6276
layer_13_B_145	350.4706
layer_13_B_146	351.1020
layer_13_B_147	351.4060
layer_13_B_148	351.4076
layer_13_B_149	351.1005
layer_13_B_150	350.4705
layer_13_B_151	349.6288
layer_13_B_152	346.7468
layer_13_B_153	347.5281
layer_13_B_154	348.1040
layer_13_B_155	348.3889
layer_13_B_156	348.3889
layer_13_B_157	348.1041
layer_13_B_158	347.5281
layer_13_B_159	346.7463
layer_14_TB_0	344.9679
layer_14_TB_1	345.7219
layer_14_TB_2	346.2794
layer_14_TB_3	346.5558
layer_14_TB_4	346.5558
layer_14_TB_5	346.2794
layer_14_TB_6	345.7219
layer_14_TB_7	344.9678
layer_14_TB_8	346.2965
layer_14_TB_9	347.1328
layer_14_TB_10	347.7472
layer_14_TB_11	348.0512
layer_14_TB_12	348.0511
layer_14_TB_13	347.7473
layer_14_TB_14	347.1327
layer_14_TB_15	346.2962
layer_14_TB_16	349.2478
layer_14_TB_17	350.0937
layer_14_TB_18	350.7240
layer_14_TB_19	351.0271
layer_14_TB_20	351.0287
layer_14_TB_21	350.7224
layer_14_TB_22	350.0936
layer_14_TB_23	349.2490
layer_14_TB_24	346.4330
layer_14_TB_25	347.2164
layer_14_TB_26	347.7908
layer_14_TB_27	348.0747
layer_14_TB_28	348.0746
layer_14_TB_29	347.7909
layer_14_TB_30	347.2163
layer_14_TB_31	346.4326
layer_15_B_160	342.0930
layer_15_B_161	342.8676
layer_15_B_162	343.4125
layer_15_B_163	343.6790
layer_15_B_164	343.6790
layer_15_B_165	343.4125
layer_15_B_166	342.8675
layer_15_B_167	342.0929
layer_15_B_168	343.2368
layer_15_B_169	344.1012
layer_15_B_170	344.7062
layer_15_B_171	345.0014
layer_15_B_172	345.0014
layer_15_B_173	344.7063
layer_15_B_174	344.1011
layer_15_B_175	343.2366
layer_15_B_176	345.4513
layer_15_B_177	346.3268
layer_15_B_178	346.9447
layer_15_B_179	347.2399
layer_15_B_180	347.2411
layer_15_B_181	346.9436
layer_15_B_182	346.3267
layer_15_B_183	345.4522
layer_15_B_184	343.2951
layer_15_B_185	344.0982
layer_15_B_186	344.6586
layer_15_B_187	344.9316
layer_15_B_188	344.9316
layer_15_B_189	344.6587
layer_15_B_190	344.0981
layer_15_B_191	343.2948
layer_16_TB_0	341.7713
layer_16_TB_1	342.5483
layer_16_TB_2	343.0918
layer_16_TB_3	343.3572
layer_16_TB_4	343.3572
layer_16_TB_5	343.0918
layer_16_TB_6	342.5483
layer_16_TB_7	341.7712
layer_16_TB_8	342.8949
layer_16_TB_9	343.7627
layer_16_TB_10	344.3667
layer_16_TB_11	344.6609
layer_16_TB_12	344.6609
layer_16_TB_13	344.3667
layer_16_TB_14	343.7627
layer_16_TB_15	342.8947
layer_16_TB_16	345.0430
layer_16_TB_17	345.9221
layer_16_TB_18	346.5386
layer_16_TB_19	346.8329
layer_16_TB_20	346.8340
layer_16_TB_21	346.5376
layer_16_TB_22	345.9220
layer_16_TB_23	345.0438
layer_16_TB_24	342.9444
layer_16_TB_25	343.7500
layer_16_TB_26	344.3088
layer_16_TB_27	344.5806
layer_16_TB_28	344.5805
layer_16_TB_29	344.3089
layer_16_TB_30	343.7500
layer_16_TB_31	342.9441
layer_17_B_192	338.5538
layer_17_B_193	339.3561
layer_17_B_194	339.8846
layer_17_B_195	340.1386
layer_17_B_196	340.1386
layer_17_B_197	339.8847
layer_17_B_198	339.3561
layer_17_B_199	338.5537
layer_17_B_200	339.4751
layer_17_B_201	340.3780
layer_17_B_202	340.9709
layer_17_B_203	341.2552
layer_17_B_204	341.2552
layer_17_B_205	340.9709
layer_17_B_206	340.3779
layer_17_B_207	339.4750
layer_17_B_208	340.9606
layer_17_B_209	341.8761
layer_17_B_210	342.4790
layer_17_B_211	342.7640
layer_17_B_212	342.7647
layer_17_B_213	342.4783
layer_17_B_214	341.8760
layer_17_B_215	340.9611
layer_17_B_216	339.4373
layer_17_B_217	340.2677
layer_17_B_218	340.8099
layer_17_B_219	341.0693
layer_17_B_220	341.0693
layer_17_B_221	340.8099
layer_17_B_222	340.2677
layer_17_B_223	339.4371
layer_18_TB_0	338.1994
layer_18_TB_1	339.0048
layer_18_TB_2	339.5315
layer_18_TB_3	339.7842
layer_18_TB_4	339.7842
layer_18_TB_5	339.5315
layer_18_TB_6	339.0047
layer_18_TB_7	338.1993
layer_18_TB_8	339.0996
layer_18_TB_9	340.0067
layer_18_TB_10	340.5983
layer_18_TB_11	340.8815
layer_18_TB_12	340.8815
layer_18_TB_13	340.5983
layer_18_TB_14	340.0067
layer_18_TB_15	339.0995
layer_18_TB_16	340.5235
layer_18_TB_17	341.4434
layer_18_TB_18	342.0448
layer_18_TB_19	342.3287
layer_18_TB_20	342.3294
layer_18_TB_21	342.0441
layer_18_TB_22	341.4434
layer_18_TB_23	340.5240
layer_18_TB_24	339.0523
layer_18_TB_25	339.8857
layer_18_TB_26	340.4260
layer_18_TB_27	340.6840
layer_18_TB_28	340.6840
layer_18_TB_29	340.4260
layer_18_TB_30	339.8857
layer_18_TB_31	339.0521
layer_19_B_224	334.6555
layer_19_B_225	335.4913
layer_19_B_226	336.0004
layer_19_B_227	336.2402
layer_19_B_228	336.2402
layer_19_B_229	336.0004
layer_19_B_230	335.4913
layer_19_B_231	334.6555
layer_19_B_232	335.3438
layer_19_B_233	336.2937
layer_19_B_234	336.8722
layer_19_B_235	337.1444
layer_19_B_236	337.1445
layer_19_B_237	336.8722
layer_19_B_238	336.2936
layer_19_B_239	335.3438
layer_19_B_240	336.1530
layer_19_B_241	337.1172
layer_19_B_242	337.7032
layer_19_B_243	337.9765
layer_19_B_244	337.9769
layer_19_B_245	337.7028
layer_19_B_246	337.1172
layer_19_B_247	336.1533
layer_19_B_248	335.2016
layer_19_B_249	336.0654
layer_19_B_250	336.5862
layer_19_B_251	336.8303
layer_19_B_252	336.8303
layer_19_B_253	336.5862
layer_19_B_254	336.0654
layer_19_B_255	335.2015
layer_20_TB_0	334.2702
layer_20_TB_1	335.1096
layer_20_TB_2	335.6166
layer_20_TB_3	335.8550
layer_20_TB_4	335.8550
layer_20_TB_5	335.6166
layer_20_TB_6	335.1096
layer_20_TB_7	334.2702
layer_20_TB_8	334.9371
layer_20_TB_9	335.8920
layer_20_TB_10	336.4690
layer_20_TB_11	336.7400
layer_20_TB_12	336.7401
layer_20_TB_13	336.4690
layer_20_TB_14	335.8920
layer_20_TB_15	334.9370
layer_20_TB_16	335.6872
layer_20_TB_17	336.6567
layer_20_TB_18	337.2409
layer_20_TB_19	337.5131
layer_20_TB_20	337.5134
layer_20_TB_21	337.2406
layer_20_TB_22	336.6567
layer_20_TB_23	335.6875
layer_20_TB_24	334.7847
layer_20_TB_25	335.6522
layer_20_TB_26	336.1707
layer_20_TB_27	336.4133
layer_20_TB_28	336.4133
layer_20_TB_29	336.1707
layer_20_TB_30	335.6522
layer_20_TB_31	334.7846
hsp_TB_0	330.4171
hsp_TB_1	331.2927
hsp_TB_2	331.7788
hsp_TB_3	332.0028
hsp_TB_4	332.0028
hsp_TB_5	331.7788
hsp_TB_6	331.2927
hsp_TB_7	330.4171
hsp_TB_8	330.8692
hsp_TB_9	331.8755
hsp_TB_10	332.4371
hsp_TB_11	332.6961
hsp_TB_12	332.6961
hsp_TB_13	332.4371
hsp_TB_14	331.8755
hsp_TB_15	330.8692
hsp_TB_16	331.0294
hsp_TB_17	332.0521
hsp_TB_18	332.6187
hsp_TB_19	332.8791
hsp_TB_20	332.8791
hsp_TB_21	332.6186
hsp_TB_22	332.0521
hsp_TB_23	331.0295
hsp_TB_24	330.6160
hsp_TB_25	331.5201
hsp_TB_26	332.0159
hsp_TB_27	332.2431
hsp_TB_28	332.2431
hsp_TB_29	332.0159
hsp_TB_30	331.5201
hsp_TB_31	330.6160
hsink_TB_0	328.9826
hsink_TB_1	329.7342
hsink_TB_2	330.1906
hsink_TB_3	330.4055
hsink_TB_4	330.4055
hsink_TB_5	330.1906
hsink_TB_6	329.7342
hsink_TB_7	328.9826
hsink_TB_8	329.2695
hsink_TB_9	330.1362
hsink_TB_10	330.6655
hsink_TB_11	330.9149
hsink_TB_12	330.9149
hsink_TB_13	330.6655
hsink_TB_14	330.1362
hsink_TB_15	329.2695
hsink_TB_16	329.3050
hsink_TB_17	330.1799
hsink_TB_18	330.7125
hsink_TB_19	330.9631
hsink_TB_20	330.9631
hsink_TB_21	330.7125
hsink_TB_22	330.1799
hsink_TB_23	329.3050
hsink_TB_24	329.0557
hsink_TB_25	329.8243
hsink_TB_26	330.2879
hsink_TB_27	330.5054
hsink_TB_28	330.5054
hsink_TB_29	330.2879
hsink_TB_30	329.8243
hsink_TB_31	329.0557
inode_0	326.8282
inode_1	326.8282
inode_2	327.4382
inode_3	327.3513
inode_4	326.7891
inode_5	326.7891
inode_6	327.4063
inode_7	327.3205
inode_8	325.5769
inode_9	325.5769
inode_10	325.9391
inode_11	325.8669
inode_12	354.8945
inode_13	354.8941
inode_14	354.7688
inode_15	354.1211
inode_16	354.8730
inode_17	354.8727
inode_18	354.7629
inode_19	354.1161
inode_20	350.9575
inode_21	350.9573
inode_22	353.6573
inode_23	353.0893
inode_24	340.0371
inode_25	340.0370
inode_26	340.4316
inode_27	340.0752
