pcb_C_0	332.5675
pcb_C_1	333.7408
pcb_C_2	334.2837
pcb_C_3	334.5136
pcb_C_4	334.5316
pcb_C_5	334.3452
pcb_C_6	333.8713
pcb_C_7	332.7995
pcb_C_8	332.1405
pcb_C_9	333.1433
pcb_C_10	333.6925
pcb_C_11	333.9489
pcb_C_12	333.9702
pcb_C_13	333.7622
pcb_C_14	333.2773
pcb_C_15	332.3448
pcb_C_16	331.4570
pcb_C_17	331.9151
pcb_C_18	332.2689
pcb_C_19	332.4646
pcb_C_20	332.4832
pcb_C_21	332.3280
pcb_C_22	332.0234
pcb_C_23	331.6215
pcb_C_24	330.9593
pcb_C_25	331.0058
pcb_C_26	331.1657
pcb_C_27	331.2793
pcb_C_28	331.2920
pcb_C_29	331.2060
pcb_C_30	331.0810
pcb_C_31	331.0875
solder_C_0	332.9937
solder_C_1	334.2085
solder_C_2	334.7760
solder_C_3	335.0177
solder_C_4	335.0363
solder_C_5	334.8410
solder_C_6	334.3603
solder_C_7	333.3664
solder_C_8	332.6311
solder_C_9	333.5803
solder_C_10	334.1445
solder_C_11	334.4118
solder_C_12	334.4333
solder_C_13	334.2151
solder_C_14	333.7205
solder_C_15	332.8693
solder_C_16	331.4871
solder_C_17	331.8219
solder_C_18	332.1914
solder_C_19	332.4003
solder_C_20	332.4188
solder_C_21	332.2500
solder_C_22	331.9299
solder_C_23	331.6581
solder_C_24	330.8599
solder_C_25	330.7778
solder_C_26	330.9561
solder_C_27	331.0843
solder_C_28	331.0971
solder_C_29	330.9965
solder_C_30	330.8528
solder_C_31	330.9924
sub_C_0	333.0611
sub_C_1	334.3634
sub_C_2	334.9405
sub_C_3	335.1864
sub_C_4	335.2053
sub_C_5	335.0060
sub_C_6	334.5168
sub_C_7	333.5205
sub_C_8	332.7955
sub_C_9	333.7632
sub_C_10	334.3363
sub_C_11	334.6071
sub_C_12	334.6285
sub_C_13	334.4066
sub_C_14	333.9025
sub_C_15	333.0339
sub_C_16	331.3468
sub_C_17	331.7289
sub_C_18	332.1135
sub_C_19	332.3273
sub_C_20	332.3458
sub_C_21	332.1719
sub_C_22	331.8358
sub_C_23	331.5142
sub_C_24	330.6876
sub_C_25	330.6665
sub_C_26	330.8632
sub_C_27	330.9975
sub_C_28	331.0104
sub_C_29	330.9037
sub_C_30	330.7411
sub_C_31	330.8166
layer_3_C_0	333.5957
layer_3_C_1	335.8651
layer_3_C_2	336.5152
layer_3_C_3	336.7962
layer_3_C_4	336.8161
layer_3_C_5	336.5827
layer_3_C_6	336.0223
layer_3_C_7	334.9141
layer_3_C_8	334.3945
layer_3_C_9	335.5997
layer_3_C_10	336.2591
layer_3_C_11	336.5633
layer_3_C_12	336.5843
layer_3_C_13	336.3268
layer_3_C_14	335.7288
layer_3_C_15	334.6166
layer_3_C_16	329.9188
layer_3_C_17	330.7656
layer_3_C_18	331.2987
layer_3_C_19	331.5596
layer_3_C_20	331.5775
layer_3_C_21	331.3541
layer_3_C_22	330.8617
layer_3_C_23	330.0525
layer_3_C_24	329.0370
layer_3_C_25	329.5714
layer_3_C_26	329.9443
layer_3_C_27	330.1355
layer_3_C_28	330.1488
layer_3_C_29	329.9850
layer_3_C_30	329.6407
layer_3_C_31	329.1361
layer_4_TB_0	333.4093
layer_4_TB_1	335.6061
layer_4_TB_2	336.2558
layer_4_TB_3	336.5367
layer_4_TB_4	336.5566
layer_4_TB_5	336.3232
layer_4_TB_6	335.7630
layer_4_TB_7	334.6546
layer_4_TB_8	334.1373
layer_4_TB_9	335.3425
layer_4_TB_10	336.0019
layer_4_TB_11	336.3059
layer_4_TB_12	336.3270
layer_4_TB_13	336.0695
layer_4_TB_14	335.4715
layer_4_TB_15	334.3589
layer_4_TB_16	329.9156
layer_4_TB_17	330.7632
layer_4_TB_18	331.2964
layer_4_TB_19	331.5573
layer_4_TB_20	331.5753
layer_4_TB_21	331.3518
layer_4_TB_22	330.8592
layer_4_TB_23	330.0494
layer_4_TB_24	329.0351
layer_4_TB_25	329.5701
layer_4_TB_26	329.9431
layer_4_TB_27	330.1344
layer_4_TB_28	330.1477
layer_4_TB_29	329.9838
layer_4_TB_30	329.6393
layer_4_TB_31	329.1341
hsp_TB_0	331.5451
hsp_TB_1	333.0154
hsp_TB_2	333.6615
hsp_TB_3	333.9417
hsp_TB_4	333.9616
hsp_TB_5	333.7287
hsp_TB_6	333.1698
hsp_TB_7	332.0593
hsp_TB_8	331.5657
hsp_TB_9	332.7708
hsp_TB_10	333.4292
hsp_TB_11	333.7328
hsp_TB_12	333.7538
hsp_TB_13	333.4966
hsp_TB_14	332.8992
hsp_TB_15	331.7825
hsp_TB_16	329.8840
hsp_TB_17	330.7386
hsp_TB_18	331.2732
hsp_TB_19	331.5347
hsp_TB_20	331.5526
hsp_TB_21	331.3287
hsp_TB_22	330.8345
hsp_TB_23	330.0174
hsp_TB_24	329.0156
hsp_TB_25	329.5570
hsp_TB_26	329.9315
hsp_TB_27	330.1232
hsp_TB_28	330.1365
hsp_TB_29	329.9721
hsp_TB_30	329.6262
hsp_TB_31	329.1144
hsink_TB_0	330.7414
hsink_TB_1	331.9300
hsink_TB_2	332.5577
hsink_TB_3	332.8364
hsink_TB_4	332.8562
hsink_TB_5	332.6238
hsink_TB_6	332.0687
hsink_TB_7	331.0045
hsink_TB_8	330.6116
hsink_TB_9	331.7524
hsink_TB_10	332.4049
hsink_TB_11	332.7078
hsink_TB_12	332.7287
hsink_TB_13	332.4720
hsink_TB_14	331.8776
hsink_TB_15	330.8014
hsink_TB_16	329.7645
hsink_TB_17	330.6129
hsink_TB_18	331.1471
hsink_TB_19	331.4085
hsink_TB_20	331.4264
hsink_TB_21	331.2025
hsink_TB_22	330.7086
hsink_TB_23	329.8968
hsink_TB_24	328.9960
hsink_TB_25	329.5392
hsink_TB_26	329.9141
hsink_TB_27	330.1058
hsink_TB_28	330.1192
hsink_TB_29	329.9547
hsink_TB_30	329.6083
hsink_TB_31	329.0945
inode_0	328.1560
inode_1	328.3072
inode_2	327.3808
inode_3	329.5726
inode_4	328.1341
inode_5	328.2844
inode_6	327.3695
inode_7	329.5538
inode_8	327.2352
inode_9	327.3719
inode_10	326.3089
inode_11	328.2420
inode_12	331.8815
inode_13	332.1062
inode_14	330.5275
inode_15	333.8431
inode_16	331.8787
inode_17	332.1027
inode_18	330.5273
inode_19	333.8419
inode_20	331.0307
inode_21	331.2132
inode_22	330.4420
inode_23	333.6766
inode_24	328.0233
inode_25	328.1631
inode_26	326.9500
inode_27	329.2656
