C_0	C_1	C_2	C_3	C_4	C_5	C_6	C_7	C_8	C_9	C_10	C_11	C_12	C_13	C_14	C_15	C_16	C_17	C_18	C_19	C_20	C_21	C_22	C_23	C_24	C_25	C_26	C_27	C_28	C_29	C_30	C_31	
68.65	69.54	69.54	68.69	69.48	70.82	70.82	69.46	69.44	70.79	70.79	69.46	68.73	69.61	69.61	68.68	66.38	67.26	67.24	66.42	67.16	68.43	68.39	67.09	67.13	68.43	68.39	67.09	66.36	67.17	67.15	66.29
68.67	69.57	69.57	68.77	69.46	70.72	70.72	69.40	69.37	70.67	70.67	69.43	68.84	69.70	69.69	68.74	66.20	67.12	67.11	66.28	66.87	68.07	68.05	66.79	66.80	68.07	68.05	66.82	66.16	66.94	66.92	66.05
68.46	69.36	69.36	68.60	69.22	70.40	70.40	69.13	69.32	70.59	70.59	69.42	68.94	69.77	69.77	68.80	66.11	67.05	67.04	66.23	66.71	67.85	67.83	66.61	66.60	67.83	67.83	66.66	66.06	66.80	66.79	65.92
68.69	69.59	69.60	68.87	69.43	70.57	70.57	69.32	69.29	70.52	70.52	69.42	69.01	69.83	69.82	68.84	66.05	67.00	67.00	66.20	66.60	67.69	67.67	66.48	66.45	67.66	67.65	66.54	65.99	66.71	66.69	65.83
68.73	69.63	69.64	68.94	69.45	70.55	70.54	69.31	69.29	70.50	70.50	69.45	69.11	69.91	69.89	68.91	66.02	66.97	66.98	66.19	66.53	67.56	67.55	66.39	66.35	67.52	67.52	66.45	65.95	66.64	66.62	65.77
68.79	69.69	69.70	69.02	69.50	70.55	70.54	69.34	69.32	70.50	70.51	69.50	69.21	69.99	69.98	68.99	66.00	66.96	66.96	66.19	66.48	67.47	67.46	66.32	66.27	67.41	67.42	66.39	65.92	66.58	66.57	65.72
68.81	69.71	69.73	69.07	69.52	70.53	70.52	69.33	69.31	70.47	70.48	69.51	69.26	70.03	70.02	69.02	65.99	66.95	66.96	66.20	66.45	67.40	67.38	66.27	66.20	67.32	67.33	66.34	65.91	66.55	66.53	65.68
68.83	69.73	69.74	69.11	69.53	70.51	70.49	69.33	69.29	70.44	70.45	69.52	69.31	70.06	70.04	69.04	65.98	66.94	66.95	66.21	66.43	67.34	67.32	66.23	66.15	67.25	67.26	66.31	65.90	66.52	66.50	65.66
68.79	69.68	69.70	69.09	69.48	70.42	70.41	69.26	69.24	70.36	70.38	69.49	69.30	70.04	70.02	69.02	65.98	66.94	66.96	66.23	66.41	67.29	67.27	66.19	66.10	67.19	67.20	66.28	65.89	66.49	66.47	65.64
68.86	69.75	69.78	69.18	69.55	70.46	70.44	69.31	69.22	70.33	70.35	69.49	69.33	70.06	70.03	69.02	65.98	66.94	66.96	66.24	66.40	67.24	67.22	66.16	66.07	67.13	67.14	66.25	65.89	66.47	66.45	65.62
68.87	69.76	69.79	69.21	69.56	70.44	70.42	69.30	69.20	70.30	70.32	69.49	69.36	70.07	70.04	69.03	65.98	66.94	66.96	66.26	66.39	67.20	67.18	66.14	66.03	67.08	67.10	66.24	65.90	66.46	66.43	65.61
68.88	69.77	69.80	69.24	69.57	70.42	70.40	69.29	69.19	70.27	70.30	69.50	69.39	70.09	70.05	69.05	65.98	66.93	66.96	66.28	66.39	67.17	67.14	66.11	66.00	67.03	67.05	66.22	65.90	66.45	66.42	65.60
68.87	69.75	69.79	69.24	69.56	70.38	70.35	69.26	69.15	70.22	70.25	69.48	69.39	70.07	70.04	69.03	65.98	66.93	66.96	66.29	66.39	67.14	67.11	66.09	65.98	66.99	67.01	66.21	65.90	66.43	66.40	65.59
68.86	69.75	69.78	69.26	69.55	70.35	70.32	69.24	69.16	70.22	70.25	69.51	69.43	70.10	70.06	69.06	65.98	66.93	66.96	66.31	66.39	67.11	67.08	66.07	65.95	66.95	66.98	66.20	65.91	66.42	66.39	65.58
68.87	69.75	69.79	69.28	69.56	70.33	70.30	69.23	69.15	70.20	70.24	69.53	69.46	70.11	70.07	69.07	65.98	66.93	66.96	66.32	66.39	67.08	67.05	66.06	65.93	66.91	66.94	66.19	65.91	66.41	66.37	65.57
68.87	69.75	69.79	69.30	69.57	70.31	70.28	69.22	69.14	70.18	70.22	69.54	69.48	70.12	70.08	69.07	65.98	66.92	66.96	66.33	66.39	67.06	67.02	66.04	65.90	66.88	66.91	66.18	65.92	66.40	66.36	65.56
68.90	69.77	69.82	69.34	69.59	70.32	70.28	69.23	69.14	70.17	70.22	69.55	69.51	70.13	70.09	69.08	65.98	66.92	66.96	66.35	66.39	67.04	67.00	66.03	65.88	66.84	66.88	66.17	65.92	66.39	66.35	65.55
68.91	69.78	69.84	69.37	69.61	70.31	70.27	69.23	69.12	70.14	70.19	69.55	69.52	70.13	70.08	69.07	65.97	66.91	66.96	66.36	66.39	67.02	66.97	66.01	65.86	66.81	66.85	66.16	65.93	66.38	66.33	65.54
68.92	69.79	69.84	69.39	69.62	70.30	70.25	69.23	69.11	70.13	70.18	69.56	69.54	70.13	70.08	69.08	65.97	66.91	66.95	66.37	66.40	67.00	66.95	66.00	65.84	66.78	66.82	66.15	65.93	66.37	66.32	65.53
68.92	69.79	69.85	69.42	69.64	70.29	70.24	69.22	69.10	70.11	70.17	69.57	69.55	70.13	70.07	69.08	65.97	66.90	66.95	66.38	66.40	66.98	66.93	65.98	65.82	66.75	66.79	66.15	65.93	66.36	66.31	65.53
68.93	69.79	69.86	69.43	69.65	70.28	70.23	69.21	69.09	70.10	70.16	69.58	69.57	70.14	70.07	69.08	65.96	66.89	66.95	66.39	66.40	66.97	66.91	65.97	65.80	66.72	66.76	66.14	65.94	66.35	66.29	65.52
68.91	69.78	69.84	69.44	69.64	70.25	70.19	69.19	69.13	70.13	70.19	69.64	69.63	70.18	70.12	69.13	65.96	66.88	66.94	66.40	66.41	66.95	66.89	65.96	65.78	66.69	66.74	66.14	65.94	66.34	66.28	65.51
68.91	69.78	69.85	69.45	69.64	70.24	70.18	69.18	69.13	70.12	70.19	69.65	69.65	70.19	70.12	69.13	65.95	66.88	66.94	66.41	66.41	66.94	66.87	65.95	65.76	66.66	66.71	66.13	65.94	66.33	66.27	65.50
68.92	69.78	69.85	69.47	69.65	70.23	70.17	69.17	69.13	70.11	70.18	69.67	69.67	70.19	70.12	69.13	65.95	66.87	66.93	66.42	66.42	66.92	66.86	65.94	65.75	66.64	66.69	66.13	65.95	66.32	66.26	65.49
68.92	69.78	69.85	69.48	69.66	70.22	70.15	69.17	69.12	70.10	70.18	69.68	69.69	70.20	70.12	69.14	65.94	66.86	66.93	66.43	66.42	66.91	66.84	65.93	65.73	66.61	66.67	66.12	65.95	66.31	66.24	65.48
68.92	69.78	69.86	69.50	69.67	70.21	70.14	69.16	69.12	70.10	70.18	69.69	69.70	70.20	70.12	69.14	65.94	66.85	66.92	66.44	66.42	66.90	66.82	65.92	65.71	66.59	66.65	66.12	65.95	66.30	66.23	65.47
68.92	69.77	69.86	69.51	69.68	70.20	70.13	69.15	69.12	70.09	70.17	69.71	69.72	70.20	70.12	69.14	65.93	66.84	66.91	66.44	66.43	66.89	66.81	65.91	65.70	66.56	66.62	66.11	65.95	66.29	66.22	65.46
68.92	69.78	69.87	69.53	69.69	70.19	70.12	69.15	69.11	70.07	70.16	69.71	69.73	70.20	70.11	69.13	65.93	66.83	66.91	66.45	66.43	66.88	66.79	65.90	65.68	66.54	66.60	66.11	65.96	66.28	66.21	65.45
68.92	69.78	69.87	69.54	69.69	70.18	70.10	69.14	69.10	70.07	70.16	69.73	69.74	70.20	70.11	69.13	65.92	66.82	66.90	66.46	66.44	66.86	66.78	65.89	65.66	66.52	66.58	66.10	65.96	66.27	66.19	65.45
68.92	69.77	69.87	69.56	69.70	70.18	70.09	69.14	69.10	70.06	70.16	69.74	69.76	70.20	70.10	69.13	65.91	66.81	66.90	66.46	66.44	66.85	66.76	65.88	65.65	66.49	66.56	66.10	65.96	66.27	66.18	65.44
68.92	69.77	69.87	69.57	69.71	70.17	70.08	69.13	69.09	70.05	70.15	69.75	69.77	70.20	70.10	69.13	65.91	66.80	66.89	66.47	66.45	66.84	66.75	65.87	65.63	66.47	66.55	66.10	65.96	66.26	66.17	65.43
68.92	69.77	69.88	69.58	69.72	70.16	70.07	69.12	69.09	70.04	70.15	69.76	69.78	70.20	70.09	69.13	65.90	66.79	66.88	66.47	66.45	66.83	66.74	65.86	65.62	66.45	66.53	66.09	65.96	66.25	66.16	65.42
68.92	69.77	69.88	69.60	69.73	70.16	70.06	69.12	69.08	70.03	70.14	69.77	69.79	70.20	70.09	69.12	65.89	66.78	66.88	66.48	66.46	66.83	66.72	65.85	65.60	66.43	66.51	66.09	65.96	66.24	66.14	65.41
68.92	69.77	69.88	69.61	69.73	70.15	70.05	69.11	69.08	70.03	70.14	69.78	69.80	70.20	70.09	69.12	65.88	66.77	66.87	66.48	66.46	66.82	66.71	65.84	65.59	66.41	66.49	66.08	65.96	66.23	66.13	65.40
68.92	69.77	69.88	69.62	69.74	70.15	70.04	69.11	69.08	70.02	70.14	69.79	69.81	70.19	70.08	69.12	65.88	66.75	66.86	66.49	66.46	66.81	66.70	65.83	65.58	66.39	66.48	66.08	65.96	66.22	66.12	65.39
68.92	69.77	69.89	69.63	69.75	70.14	70.03	69.10	69.07	70.01	70.13	69.80	69.82	70.19	70.07	69.11	65.87	66.74	66.86	66.49	66.47	66.80	66.69	65.83	65.56	66.37	66.46	66.08	65.96	66.21	66.11	65.38
68.92	69.76	69.89	69.65	69.76	70.13	70.02	69.09	69.07	70.01	70.14	69.81	69.83	70.19	70.07	69.11	65.86	66.73	66.84	66.50	66.47	66.79	66.67	65.82	65.55	66.35	66.45	66.07	65.97	66.21	66.10	65.38
68.92	69.76	69.89	69.66	69.77	70.13	70.01	69.09	69.06	70.00	70.13	69.82	69.84	70.19	70.06	69.11	65.85	66.72	66.84	66.50	66.47	66.78	66.66	65.81	65.54	66.33	66.43	66.07	65.97	66.20	66.09	65.37
68.92	69.76	69.89	69.67	69.77	70.13	70.01	69.08	69.06	69.99	70.13	69.82	69.85	70.18	70.05	69.10	65.85	66.71	66.83	66.50	66.48	66.78	66.65	65.80	65.52	66.31	66.41	66.07	65.97	66.19	66.07	65.36
68.92	69.76	69.90	69.68	69.78	70.12	70.00	69.08	69.05	69.98	70.12	69.83	69.86	70.18	70.05	69.10	65.84	66.70	66.82	66.51	66.48	66.77	66.64	65.79	65.51	66.30	66.40	66.06	65.97	66.18	66.06	65.35
68.92	69.76	69.90	69.69	69.79	70.12	69.99	69.07	69.05	69.98	70.12	69.84	69.87	70.18	70.04	69.09	65.83	66.69	66.82	66.51	66.48	66.76	66.63	65.78	65.50	66.28	66.39	66.06	65.97	66.17	66.05	65.34
68.92	69.76	69.90	69.70	69.79	70.11	69.98	69.07	69.04	69.97	70.12	69.85	69.87	70.18	70.03	69.09	65.82	66.68	66.81	66.51	66.49	66.75	66.62	65.78	65.49	66.26	66.37	66.06	65.97	66.17	66.04	65.33
68.91	69.75	69.90	69.71	69.80	70.11	69.97	69.06	69.04	69.96	70.12	69.86	69.88	70.17	70.03	69.08	65.81	66.67	66.80	66.52	66.49	66.75	66.61	65.77	65.47	66.24	66.36	66.06	65.97	66.16	66.03	65.33
68.91	69.75	69.90	69.72	69.81	70.10	69.96	69.06	69.03	69.96	70.11	69.86	69.89	70.17	70.02	69.08	65.81	66.66	66.80	66.52	66.49	66.74	66.60	65.76	65.46	66.23	66.35	66.05	65.97	66.15	66.02	65.32
68.91	69.75	69.91	69.73	69.81	70.10	69.96	69.05	69.03	69.95	70.11	69.87	69.90	70.17	70.01	69.07	65.80	66.65	66.79	66.52	66.50	66.73	66.59	65.75	65.45	66.21	66.33	66.05	65.97	66.14	66.01	65.31
