Metric	Core0	Core1	Core2	Core3	Core4	Core5	Core6	Core7	Core8	Core9	Core10	Core11	Core12	Core13	Core14	Core15	Core16	Core17	Core18	Core19	Core20	Core21	Core22	Core23	Core24	Core25	Core26	Core27	Core28	Core29	Core30	Core31
total	1.567	1.567	1.567	1.567	1.567	1.567	1.567	1.567	1.567	1.567	1.567	1.567	1.567	1.567	1.567	1.567	0.442	0.442	0.442	0.442	0.442	0.442	0.442	0.442	0.442	0.442	0.442	0.442	0.442	0.442	0.442	0.442
base	0.250	0.250	0.250	0.250	0.250	0.250	0.250	0.250	0.250	0.250	0.250	0.250	0.250	0.250	0.250	0.250	0.250	0.250	0.250	0.250	0.250	0.250	0.250	0.250	0.250	0.250	0.250	0.250	0.250	0.250	0.250	0.250
dispatch_width	-
rs_full	-
depend	-
depend-int	0.186	0.186	0.186	0.186	0.186	0.186	0.186	0.186	0.186	0.186	0.186	0.186	0.186	0.186	0.186	0.186	0.034	0.034	0.034	0.034	0.034	0.034	0.034	0.034	0.034	0.034	0.034	0.034	0.034	0.034	0.034	0.034
depend-fp	-
depend-branch	0.034	0.034	0.034	0.034	0.034	0.034	0.034	0.034	0.034	0.034	0.034	0.034	0.034	0.034	0.034	0.034	0.000	0.000	0.000	0.000	0.000	0.000	0.000	0.000	0.000	0.000	0.000	0.000	0.000	0.000	0.000	0.000
issue	0.000	0.000	0.000	0.000	0.000	0.000	0.000	0.000	0.000	0.000	0.000	0.000	0.000	0.000	0.000	0.000	0.067	0.067	0.067	0.067	0.067	0.067	0.067	0.067	0.067	0.067	0.067	0.067	0.067	0.067	0.067	0.067
serial	-
smt	-
branch	0.175	0.175	0.175	0.175	0.175	0.175	0.175	0.175	0.175	0.175	0.175	0.175	0.175	0.175	0.175	0.175	0.005	0.005	0.005	0.005	0.005	0.005	0.005	0.005	0.005	0.005	0.005	0.005	0.005	0.005	0.005	0.005
itlb	-
dtlb	-
ifetch	0.424	0.424	0.424	0.424	0.425	0.424	0.424	0.424	0.424	0.425	0.424	0.425	0.424	0.424	0.425	0.424	0.020	0.020	0.020	0.020	0.020	0.020	0.020	0.020	0.020	0.020	0.020	0.020	0.020	0.020	0.020	0.020
mem	-
mem-l1d	0.486	0.486	0.486	0.486	0.486	0.486	0.486	0.486	0.486	0.486	0.486	0.486	0.486	0.486	0.486	0.486	0.051	0.051	0.051	0.051	0.051	0.051	0.051	0.051	0.051	0.051	0.051	0.051	0.051	0.051	0.051	0.051
mem-l2	-
mem-l3	-
mem-l4	-
mem-remote	-
mem-nuca	-
mem-dram-cache	-
mem-dram	0.000	0.000	0.000	0.000	0.000	0.000	0.000	0.000	0.000	0.000	0.000	0.000	0.000	0.000	0.000	0.000	0.015	0.015	0.015	0.015	0.015	0.015	0.015	0.015	0.015	0.015	0.015	0.015	0.015	0.015	0.015	0.015
sync	-
dvfs-transition	-
imbalance	-
other	0.012	0.012	0.012	0.012	0.012	0.012	0.012	0.012	0.012	0.012	0.012	0.012	0.012	0.012	0.012	0.012	0.001	0.001	0.001	0.001	0.001	0.001	0.001	0.001	0.001	0.001	0.001	0.001	0.001	0.001	0.001	0.001
total	1.596	1.596	1.596	1.596	1.596	1.596	1.596	1.596	1.596	1.596	1.596	1.596	1.596	1.596	1.596	1.596	0.618	0.618	0.618	0.618	0.618	0.618	0.619	0.618	0.618	0.618	0.618	0.618	0.618	0.618	0.619	0.619
base	0.250	0.250	0.250	0.250	0.250	0.250	0.250	0.250	0.250	0.250	0.250	0.250	0.250	0.250	0.250	0.250	0.250	0.250	0.250	0.250	0.250	0.250	0.250	0.250	0.250	0.250	0.250	0.250	0.250	0.250	0.250	0.250
dispatch_width	-
rs_full	-
depend	-
depend-int	0.191	0.191	0.191	0.191	0.191	0.191	0.191	0.191	0.191	0.191	0.191	0.191	0.191	0.191	0.191	0.191	0.054	0.054	0.054	0.054	0.054	0.054	0.054	0.054	0.054	0.054	0.054	0.054	0.054	0.054	0.054	0.054
depend-fp	-
depend-branch	0.035	0.035	0.035	0.035	0.035	0.035	0.035	0.035	0.035	0.035	0.035	0.035	0.035	0.035	0.035	0.035	0.000	0.000	0.000	0.000	0.000	0.000	0.000	0.000	0.000	0.000	0.000	0.000	0.000	0.000	0.000	0.000
issue	0.000	0.000	0.000	0.000	0.000	0.000	0.000	0.000	0.000	0.000	0.000	0.000	0.000	0.000	0.000	0.000	0.075	0.075	0.075	0.075	0.075	0.075	0.075	0.075	0.075	0.075	0.075	0.075	0.075	0.075	0.075	0.075
serial	-
smt	-
branch	0.169	0.169	0.169	0.169	0.169	0.169	0.169	0.169	0.169	0.169	0.169	0.169	0.169	0.169	0.169	0.169	0.053	0.053	0.053	0.053	0.053	0.053	0.053	0.053	0.053	0.053	0.053	0.053	0.053	0.053	0.053	0.053
itlb	-
dtlb	-
ifetch	0.448	0.448	0.448	0.448	0.448	0.448	0.448	0.448	0.448	0.448	0.448	0.448	0.448	0.448	0.448	0.448	0.068	0.068	0.068	0.068	0.068	0.068	0.068	0.068	0.068	0.067	0.068	0.068	0.068	0.068	0.068	0.068
mem	-
mem-l1d	0.494	0.494	0.494	0.494	0.494	0.494	0.494	0.494	0.494	0.494	0.494	0.494	0.494	0.494	0.494	0.494	0.109	0.109	0.109	0.109	0.109	0.109	0.109	0.109	0.109	0.109	0.109	0.109	0.109	0.109	0.109	0.109
mem-l2	-
mem-l3	-
mem-l4	-
mem-remote	-
mem-nuca	-
mem-dram-cache	-
mem-dram	-
sync	-
dvfs-transition	-
imbalance	-
other	0.009	0.009	0.009	0.009	0.009	0.009	0.009	0.009	0.009	0.009	0.009	0.009	0.009	0.009	0.009	0.009	0.010	0.011	0.011	0.011	0.011	0.010	0.011	0.011	0.010	0.010	0.010	0.011	0.011	0.011	0.011	0.011
total	2.361	1.826	1.877	2.339	2.406	1.888	2.417	1.916	1.622	1.622	1.622	1.622	1.622	1.622	1.622	1.622	0.436	0.437	0.437	0.437	0.437	0.437	0.436	0.438	0.545	0.545	0.545	0.545	0.545	0.545	0.545	0.545
base	0.080	0.131	0.117	0.094	0.079	0.119	0.065	0.110	0.250	0.250	0.250	0.250	0.250	0.250	0.250	0.250	0.243	0.242	0.243	0.243	0.243	0.243	0.243	0.243	0.250	0.250	0.250	0.250	0.250	0.250	0.250	0.250
dispatch_width	-
rs_full	-
depend	-
depend-int	0.184	0.186	0.195	0.171	0.198	0.205	0.197	0.184	0.192	0.192	0.192	0.192	0.192	0.192	0.192	0.192	0.018	0.018	0.023	0.018	0.018	0.018	0.018	0.018	0.047	0.047	0.047	0.047	0.047	0.047	0.047	0.047
depend-fp	-
depend-branch	0.049	0.030	0.036	0.062	0.026	0.033	0.046	0.036	0.037	0.037	0.037	0.037	0.037	0.037	0.037	0.037	0.000	0.000	0.000	0.000	0.000	0.000	0.000	0.000	0.000	0.000	0.000	0.000	0.000	0.000	0.000	0.000
issue	0.000	0.000	0.000	0.000	0.000	0.000	0.000	0.000	0.000	0.000	0.000	0.000	0.000	0.000	0.000	0.000	0.062	0.061	0.061	0.062	0.061	0.062	0.062	0.063	0.077	0.077	0.077	0.077	0.077	0.077	0.077	0.077
serial	-
smt	-
branch	0.108	0.246	0.184	0.160	0.110	0.185	0.110	0.188	0.174	0.174	0.174	0.174	0.174	0.174	0.174	0.174	0.000	0.000	0.000	0.000	0.000	0.000	0.000	0.000	0.031	0.031	0.031	0.031	0.031	0.031	0.031	0.031
itlb	-
dtlb	-
ifetch	0.780	0.391	0.352	0.668	0.773	0.371	0.799	0.342	0.459	0.459	0.459	0.459	0.459	0.459	0.459	0.459	0.000	0.000	0.000	0.000	0.000	0.000	0.000	0.000	0.031	0.031	0.031	0.031	0.031	0.031	0.031	0.031
mem	-
mem-l1d	0.672	0.561	0.591	0.649	0.674	0.609	0.712	0.585	0.489	0.489	0.489	0.489	0.489	0.489	0.489	0.489	0.091	0.091	0.087	0.091	0.092	0.092	0.091	0.091	0.097	0.097	0.097	0.097	0.097	0.097	0.097	0.097
mem-l2	-
mem-l3	-
mem-l4	-
mem-remote	-
mem-nuca	-
mem-dram-cache	-
mem-dram	-
sync	-
dvfs-transition	-
imbalance	0.473	0.277	0.397	0.520	0.532	0.359	0.475	0.466	0.000	0.000	0.000	0.000	0.000	0.000	0.000	0.000	0.022	0.023	0.022	0.022	0.022	0.022	0.022	0.022	0.000	0.000	0.000	0.000	0.000	0.000	0.000	0.000
other	0.015	0.004	0.004	0.015	0.014	0.004	0.014	0.005	0.022	0.022	0.022	0.022	0.022	0.022	0.022	0.022	0.001	0.001	0.001	0.001	0.001	0.001	0.001	0.001	0.013	0.013	0.013	0.013	0.013	0.013	0.013	0.013
total	1.616	1.613	1.613	1.612	1.625	1.613	1.616	1.613	1.593	1.593	1.593	1.593	1.593	1.593	1.593	1.593	0.542	0.542	0.542	0.542	0.542	0.542	0.542	0.542	0.374	0.610	0.375	0.460	0.427	0.410	0.472	0.472
base	0.342	0.381	0.364	0.346	0.378	0.364	0.353	0.377	0.250	0.250	0.250	0.250	0.250	0.250	0.250	0.250	0.262	0.262	0.262	0.262	0.262	0.262	0.262	0.262	0.245	0.235	0.245	0.240	0.242	0.243	0.239	0.239
dispatch_width	-
rs_full	-
depend	-
depend-int	0.199	0.202	0.200	0.199	0.201	0.200	0.200	0.201	0.189	0.189	0.189	0.189	0.189	0.189	0.189	0.189	0.050	0.050	0.050	0.050	0.050	0.050	0.050	0.050	0.026	0.069	0.026	0.045	0.037	0.032	0.053	0.052
depend-fp	-
depend-branch	0.038	0.038	0.038	0.038	0.038	0.038	0.038	0.038	0.036	0.036	0.036	0.036	0.036	0.036	0.036	0.036	0.000	0.000	0.000	0.000	0.000	0.000	0.000	0.000	0.000	0.000	0.000	0.000	0.000	0.000	0.000	0.000
issue	0.000	0.000	0.000	0.000	0.000	0.000	0.000	0.000	0.000	0.000	0.000	0.000	0.000	0.000	0.000	0.000	0.081	0.081	0.081	0.081	0.081	0.081	0.081	0.081	0.045	0.096	0.045	0.093	0.070	0.058	0.126	0.126
serial	-
smt	-
branch	0.241	0.174	0.203	0.269	0.174	0.203	0.241	0.174	0.176	0.176	0.176	0.176	0.176	0.176	0.176	0.176	0.031	0.031	0.031	0.031	0.031	0.031	0.031	0.031	0.000	0.000	0.000	0.000	0.000	0.000	0.000	0.000
itlb	-
dtlb	-
ifetch	0.488	0.604	0.619	0.561	0.620	0.619	0.532	0.619	0.449	0.449	0.449	0.449	0.449	0.449	0.449	0.449	0.031	0.031	0.031	0.031	0.031	0.031	0.031	0.031	0.000	0.071	0.000	0.008	0.008	0.007	0.000	0.000
mem	-
mem-l1d	0.507	0.513	0.510	0.507	0.513	0.510	0.509	0.513	0.484	0.484	0.484	0.484	0.484	0.484	0.484	0.484	0.102	0.102	0.102	0.102	0.102	0.102	0.102	0.102	0.038	0.102	0.038	0.047	0.046	0.047	0.027	0.027
mem-l2	-
mem-l3	-
mem-l4	-
mem-remote	-
mem-nuca	-
mem-dram-cache	-
mem-dram	-
sync	-
dvfs-transition	-
imbalance	0.000	0.000	0.000	0.000	0.000	0.000	0.000	0.000	0.000	0.000	0.000	0.000	0.000	0.000	0.000	0.000	0.000	0.000	0.000	0.000	0.000	0.000	0.000	0.000	0.016	0.031	0.016	0.023	0.022	0.021	0.024	0.024
other	-0.199	-0.300	-0.323	-0.308	-0.299	-0.323	-0.256	-0.310	0.009	0.009	0.009	0.009	0.009	0.009	0.009	0.009	-0.013	-0.013	-0.014	-0.013	-0.014	-0.013	-0.013	-0.013	0.004	0.006	0.004	0.003	0.002	0.001	0.003	0.003
total	1.593	1.593	1.593	1.593	1.594	1.593	1.593	1.593	1.570	1.570	1.570	1.570	1.570	1.570	1.570	1.570	0.552	0.552	0.552	0.552	0.552	0.552	0.552	0.552	0.554	0.554	0.554	0.554	0.554	0.554	0.554	0.554
base	0.250	0.250	0.250	0.250	0.250	0.250	0.250	0.250	0.250	0.250	0.250	0.250	0.250	0.250	0.250	0.250	0.250	0.250	0.250	0.250	0.250	0.250	0.250	0.250	0.262	0.263	0.261	0.261	0.262	0.262	0.264	0.264
dispatch_width	-
rs_full	-
depend	-
depend-int	0.189	0.189	0.189	0.189	0.189	0.189	0.189	0.189	0.186	0.186	0.186	0.186	0.186	0.186	0.186	0.186	0.051	0.051	0.051	0.051	0.051	0.051	0.051	0.051	0.054	0.054	0.054	0.054	0.054	0.054	0.054	0.054
depend-fp	-
depend-branch	0.036	0.036	0.036	0.036	0.036	0.036	0.036	0.036	0.035	0.035	0.035	0.035	0.035	0.035	0.035	0.035	0.000	0.000	0.000	0.000	0.000	0.000	0.000	0.000	0.000	0.000	0.000	0.000	0.000	0.000	0.000	0.000
issue	0.000	0.000	0.000	0.000	0.000	0.000	0.000	0.000	0.000	0.000	0.000	0.000	0.000	0.000	0.000	0.000	0.079	0.079	0.079	0.079	0.079	0.079	0.079	0.079	0.083	0.084	0.083	0.083	0.084	0.083	0.084	0.084
serial	-
smt	-
branch	0.176	0.176	0.176	0.176	0.176	0.176	0.176	0.176	0.175	0.175	0.175	0.175	0.175	0.175	0.175	0.175	0.040	0.040	0.040	0.040	0.040	0.040	0.040	0.040	0.040	0.040	0.040	0.040	0.040	0.040	0.040	0.040
itlb	-
dtlb	-
ifetch	0.449	0.449	0.449	0.449	0.450	0.449	0.449	0.449	0.428	0.428	0.428	0.428	0.428	0.428	0.428	0.428	0.030	0.030	0.030	0.030	0.030	0.030	0.030	0.030	0.031	0.031	0.031	0.031	0.031	0.031	0.031	0.031
mem	-
mem-l1d	0.484	0.484	0.484	0.484	0.484	0.484	0.484	0.484	0.486	0.486	0.486	0.486	0.486	0.486	0.486	0.486	0.094	0.094	0.094	0.094	0.094	0.094	0.094	0.094	0.099	0.099	0.099	0.098	0.099	0.099	0.099	0.100
mem-l2	-
mem-l3	-
mem-l4	-
mem-remote	-
mem-nuca	-
mem-dram-cache	-
mem-dram	-
sync	-
dvfs-transition	-
imbalance	-
other	0.009	0.009	0.009	0.009	0.009	0.009	0.009	0.009	0.009	0.009	0.009	0.009	0.009	0.009	0.009	0.009	0.008	0.008	0.008	0.008	0.008	0.008	0.008	0.008	-0.014	-0.017	-0.014	-0.014	-0.015	-0.014	-0.018	-0.019
total	1.570	1.570	1.570	1.570	1.570	1.570	1.570	1.570	1.528	1.528	1.528	1.528	1.528	1.528	1.528	1.528	0.540	0.540	0.540	0.540	0.540	0.540	0.540	0.540	0.540	0.540	0.540	0.540	0.540	0.540	0.540	0.540
base	0.250	0.250	0.250	0.250	0.250	0.250	0.250	0.250	0.250	0.250	0.250	0.250	0.250	0.250	0.250	0.250	0.250	0.250	0.250	0.250	0.250	0.250	0.250	0.250	0.250	0.250	0.250	0.250	0.250	0.250	0.250	0.250
dispatch_width	-
rs_full	-
depend	-
depend-int	0.186	0.186	0.186	0.186	0.186	0.186	0.186	0.186	0.184	0.184	0.184	0.184	0.184	0.184	0.184	0.184	0.050	0.050	0.050	0.050	0.050	0.050	0.050	0.050	0.050	0.050	0.050	0.050	0.050	0.050	0.050	0.050
depend-fp	-
depend-branch	0.035	0.035	0.035	0.035	0.035	0.035	0.035	0.035	0.033	0.033	0.033	0.033	0.033	0.033	0.033	0.033	0.000	0.000	0.000	0.000	0.000	0.000	0.000	0.000	0.000	0.000	0.000	0.000	0.000	0.000	0.000	0.000
issue	0.000	0.000	0.000	0.000	0.000	0.000	0.000	0.000	0.000	0.000	0.000	0.000	0.000	0.000	0.000	0.000	0.080	0.080	0.080	0.080	0.080	0.080	0.080	0.080	0.080	0.080	0.080	0.080	0.080	0.080	0.080	0.080
serial	-
smt	-
branch	0.175	0.175	0.175	0.175	0.175	0.175	0.175	0.175	0.156	0.156	0.156	0.156	0.156	0.156	0.156	0.156	0.035	0.035	0.035	0.035	0.035	0.035	0.035	0.035	0.035	0.035	0.035	0.035	0.035	0.035	0.035	0.035
itlb	-
dtlb	-
ifetch	0.428	0.428	0.428	0.428	0.428	0.428	0.428	0.428	0.413	0.413	0.413	0.413	0.413	0.413	0.413	0.413	0.028	0.028	0.028	0.028	0.028	0.028	0.028	0.028	0.028	0.028	0.028	0.028	0.028	0.028	0.028	0.028
mem	-
mem-l1d	0.486	0.486	0.486	0.486	0.486	0.486	0.486	0.486	0.483	0.483	0.483	0.483	0.483	0.483	0.483	0.483	0.089	0.089	0.089	0.089	0.089	0.089	0.089	0.089	0.089	0.089	0.089	0.089	0.089	0.089	0.089	0.089
mem-l2	-
mem-l3	-
mem-l4	-
mem-remote	-
mem-nuca	-
mem-dram-cache	-
mem-dram	-
sync	-
dvfs-transition	-
imbalance	-
other	0.009	0.009	0.009	0.009	0.009	0.009	0.009	0.009	0.009	0.009	0.009	0.009	0.009	0.009	0.009	0.009	0.007	0.007	0.007	0.007	0.007	0.007	0.007	0.007	0.007	0.007	0.007	0.007	0.007	0.007	0.007	0.007
total	1.611	1.610	1.610	1.610	1.611	1.610	1.611	1.611	1.668	1.668	1.668	1.668	1.668	1.668	1.668	1.668	1.981	0.636	1.966	0.847	0.546	1.938	0.877	1.506	0.581	0.581	0.581	0.581	0.581	0.581	0.581	0.581
base	0.250	0.250	0.250	0.250	0.250	0.250	0.250	0.250	0.250	0.250	0.250	0.250	0.250	0.250	0.250	0.250	0.147	0.240	0.173	0.231	0.243	0.145	0.231	0.215	0.250	0.250	0.250	0.250	0.250	0.250	0.250	0.250
dispatch_width	-
rs_full	-
depend	-
depend-int	0.184	0.184	0.184	0.184	0.184	0.184	0.184	0.184	0.190	0.190	0.190	0.190	0.190	0.190	0.190	0.190	0.176	0.042	0.167	0.057	0.034	0.175	0.065	0.145	0.052	0.052	0.052	0.052	0.052	0.052	0.052	0.052
depend-fp	-
depend-branch	0.033	0.033	0.033	0.033	0.033	0.033	0.033	0.033	0.034	0.034	0.034	0.034	0.034	0.034	0.034	0.034	0.049	0.000	0.041	0.000	0.000	0.047	0.000	0.023	0.000	0.000	0.000	0.000	0.000	0.000	0.000	0.000
issue	0.000	0.000	0.000	0.000	0.000	0.000	0.000	0.000	0.000	0.000	0.000	0.000	0.000	0.000	0.000	0.000	0.000	0.087	0.000	0.078	0.078	0.000	0.067	0.035	0.080	0.080	0.080	0.080	0.080	0.080	0.080	0.080
serial	-
smt	-
branch	0.157	0.156	0.156	0.157	0.156	0.156	0.157	0.156	0.163	0.163	0.163	0.163	0.163	0.163	0.163	0.163	0.825	0.057	0.987	0.173	0.019	0.855	0.179	0.450	0.036	0.036	0.036	0.036	0.037	0.037	0.036	0.036
itlb	-
dtlb	-
ifetch	0.413	0.413	0.413	0.413	0.413	0.413	0.413	0.413	0.447	0.447	0.447	0.447	0.447	0.447	0.447	0.447	0.000	0.092	0.000	0.123	0.075	0.000	0.127	0.219	0.033	0.033	0.033	0.033	0.033	0.033	0.033	0.033
mem	-
mem-l1d	0.483	0.483	0.483	0.483	0.483	0.483	0.483	0.483	0.490	0.490	0.490	0.490	0.490	0.490	0.490	0.490	0.294	0.051	0.273	0.082	0.040	0.290	0.100	0.251	0.092	0.092	0.092	0.092	0.092	0.092	0.092	0.092
mem-l2	0.000	0.000	0.000	0.000	0.000	0.000	0.000	0.000	0.000	0.000	0.000	0.000	0.000	0.000	0.000	0.000	0.000	0.007	0.000	0.011	0.000	0.000	0.012	0.027	0.000	0.000	0.000	0.000	0.000	0.000	0.000	0.000
mem-l3	-
mem-l4	-
mem-remote	-
mem-nuca	-
mem-dram-cache	-
mem-dram	-
sync	-
dvfs-transition	-
imbalance	0.083	0.083	0.083	0.083	0.083	0.083	0.083	0.083	0.085	0.085	0.085	0.085	0.085	0.085	0.085	0.085	0.455	0.053	0.287	0.083	0.047	0.391	0.085	0.131	0.030	0.030	0.030	0.030	0.030	0.030	0.030	0.030
other	0.009	0.009	0.009	0.009	0.009	0.009	0.009	0.009	0.009	0.009	0.009	0.009	0.009	0.009	0.009	0.009	0.035	0.006	0.037	0.010	0.010	0.034	0.012	0.010	0.007	0.007	0.007	0.007	0.007	0.007	0.007	0.007
total	1.623	1.624	1.624	1.624	1.622	1.624	1.623	1.624	1.645	1.645	1.645	1.645	1.645	1.645	1.645	1.645	0.566	0.569	0.566	0.567	0.566	0.591	0.566	0.566	2.081	1.291	2.077	1.690	1.520	1.676	1.778	1.727
base	0.250	0.250	0.250	0.250	0.250	0.250	0.250	0.250	0.250	0.250	0.250	0.250	0.250	0.250	0.250	0.250	0.275	0.278	0.275	0.275	0.279	0.278	0.274	0.272	0.096	0.179	0.094	0.132	0.146	0.128	0.115	0.180
dispatch_width	-
rs_full	-
depend	-
depend-int	0.190	0.190	0.190	0.190	0.190	0.190	0.190	0.190	0.191	0.191	0.191	0.191	0.191	0.191	0.191	0.191	0.058	0.058	0.057	0.057	0.058	0.057	0.057	0.057	0.236	0.066	0.237	0.254	0.212	0.189	0.267	0.205
depend-fp	-
depend-branch	0.034	0.034	0.034	0.034	0.034	0.034	0.034	0.034	0.036	0.036	0.036	0.036	0.036	0.036	0.036	0.036	0.000	0.000	0.000	0.000	0.000	0.000	0.000	0.000	0.033	0.016	0.036	0.000	0.000	0.000	0.000	0.000
issue	0.000	0.000	0.000	0.000	0.000	0.000	0.000	0.000	0.000	0.000	0.000	0.000	0.000	0.000	0.000	0.000	0.088	0.089	0.088	0.088	0.089	0.089	0.087	0.087	0.000	0.084	0.000	0.000	0.000	0.000	0.000	0.037
serial	-
smt	-
branch	0.163	0.163	0.163	0.163	0.163	0.163	0.163	0.163	0.171	0.171	0.171	0.171	0.171	0.171	0.171	0.171	0.103	0.103	0.103	0.092	0.102	0.111	0.092	0.104	0.229	0.159	0.229	0.035	0.116	0.149	0.071	0.135
itlb	-
dtlb	-
ifetch	0.446	0.447	0.447	0.447	0.446	0.447	0.446	0.447	0.460	0.460	0.460	0.460	0.460	0.460	0.460	0.460	0.033	0.033	0.033	0.033	0.038	0.031	0.033	0.033	0.369	0.159	0.368	0.267	0.360	0.360	0.381	0.431
mem	-
mem-l1d	0.490	0.490	0.490	0.490	0.489	0.490	0.490	0.490	0.486	0.486	0.486	0.486	0.486	0.486	0.486	0.486	0.102	0.102	0.101	0.101	0.103	0.101	0.101	0.101	0.525	0.269	0.529	0.487	0.396	0.437	0.488	0.429
mem-l2	0.000	0.000	0.000	0.000	0.000	0.000	0.000	0.000	0.000	0.000	0.000	0.000	0.000	0.000	0.000	0.000	0.000	0.000	0.000	0.000	0.000	0.000	0.000	0.000	0.089	0.000	0.089	0.049	0.047	0.052	0.020	0.019
mem-l3	-
mem-l4	-
mem-remote	-
mem-nuca	-
mem-dram-cache	-
mem-dram	-
sync	-
dvfs-transition	-
imbalance	0.041	0.041	0.041	0.041	0.041	0.041	0.041	0.041	0.042	0.042	0.042	0.042	0.042	0.042	0.042	0.042	0.000	0.000	0.000	0.000	0.000	0.000	0.000	0.000	0.491	0.340	0.482	0.450	0.221	0.330	0.407	0.264
other	0.009	0.009	0.009	0.009	0.009	0.009	0.009	0.009	0.009	0.009	0.009	0.009	0.009	0.009	0.009	0.009	-0.092	-0.094	-0.092	-0.080	-0.102	-0.076	-0.078	-0.088	0.013	0.020	0.013	0.018	0.024	0.033	0.028	0.027
total	1.604	1.604	1.604	1.604	1.603	1.604	1.604	1.604	1.586	1.586	1.586	1.586	1.586	1.586	1.586	1.586	0.579	0.578	0.580	0.580	0.580	0.579	0.580	0.580	0.585	0.593	0.582	0.580	0.582	0.582	0.580	0.580
base	0.250	0.250	0.250	0.250	0.250	0.250	0.250	0.250	0.250	0.250	0.250	0.250	0.250	0.250	0.250	0.250	0.250	0.250	0.250	0.250	0.250	0.250	0.250	0.250	0.278	0.269	0.278	0.269	0.282	0.282	0.284	0.282
dispatch_width	-
rs_full	-
depend	-
depend-int	0.191	0.191	0.191	0.191	0.191	0.191	0.191	0.191	0.190	0.190	0.190	0.190	0.190	0.190	0.190	0.190	0.055	0.055	0.055	0.055	0.055	0.055	0.055	0.055	0.060	0.058	0.060	0.059	0.061	0.061	0.061	0.061
depend-fp	-
depend-branch	0.036	0.036	0.036	0.036	0.036	0.036	0.036	0.036	0.034	0.034	0.034	0.034	0.034	0.034	0.034	0.034	0.000	0.000	0.000	0.000	0.000	0.000	0.000	0.000	0.000	0.000	0.000	0.000	0.000	0.000	0.000	0.000
issue	0.000	0.000	0.000	0.000	0.000	0.000	0.000	0.000	0.000	0.000	0.000	0.000	0.000	0.000	0.000	0.000	0.080	0.080	0.080	0.080	0.080	0.080	0.080	0.080	0.088	0.086	0.088	0.086	0.089	0.089	0.090	0.089
serial	-
smt	-
branch	0.171	0.171	0.171	0.171	0.170	0.171	0.171	0.171	0.170	0.170	0.170	0.170	0.170	0.170	0.170	0.170	0.052	0.052	0.052	0.052	0.052	0.051	0.052	0.052	0.082	0.051	0.082	0.052	0.059	0.052	0.052	0.052
itlb	-
dtlb	-
ifetch	0.460	0.460	0.460	0.460	0.460	0.460	0.460	0.460	0.433	0.433	0.433	0.433	0.433	0.433	0.433	0.433	0.035	0.034	0.035	0.035	0.035	0.035	0.035	0.035	0.044	0.033	0.045	0.045	0.065	0.039	0.071	0.050
mem	-
mem-l1d	0.487	0.486	0.486	0.487	0.486	0.486	0.487	0.486	0.498	0.498	0.498	0.498	0.498	0.498	0.498	0.498	0.096	0.096	0.096	0.096	0.096	0.097	0.096	0.096	0.105	0.103	0.106	0.103	0.107	0.107	0.108	0.107
mem-l2	-
mem-l3	-
mem-l4	-
mem-remote	-
mem-nuca	-
mem-dram-cache	-
mem-dram	0.000	0.000	0.000	0.000	0.000	0.000	0.000	0.000	0.000	0.000	0.000	0.000	0.000	0.000	0.000	0.000	0.006	0.006	0.006	0.006	0.006	0.006	0.006	0.006	0.006	0.006	0.006	0.006	0.006	0.006	0.006	0.006
sync	-
dvfs-transition	-
imbalance	-
other	0.009	0.009	0.009	0.009	0.009	0.009	0.009	0.009	0.010	0.010	0.010	0.010	0.010	0.010	0.010	0.010	0.006	0.006	0.006	0.006	0.006	0.006	0.006	0.006	-0.079	-0.015	-0.083	-0.040	-0.087	-0.054	-0.091	-0.067
total	1.586	1.586	1.586	1.586	1.588	1.586	1.586	1.586	1.622	1.622	1.622	1.622	1.622	1.622	1.622	1.622	0.553	0.553	0.553	0.553	0.553	0.561	0.553	0.553	0.554	0.557	0.553	0.553	0.553	0.553	0.553	0.553
base	0.250	0.250	0.250	0.250	0.250	0.250	0.250	0.250	0.250	0.250	0.250	0.250	0.250	0.250	0.250	0.250	0.250	0.250	0.250	0.250	0.250	0.250	0.250	0.250	0.250	0.250	0.250	0.250	0.250	0.250	0.250	0.250
dispatch_width	-
rs_full	-
depend	-
depend-int	0.190	0.190	0.190	0.190	0.190	0.190	0.190	0.190	0.193	0.193	0.193	0.193	0.193	0.193	0.193	0.193	0.051	0.051	0.051	0.051	0.051	0.052	0.051	0.051	0.051	0.052	0.051	0.051	0.051	0.051	0.051	0.051
depend-fp	-
depend-branch	0.034	0.034	0.034	0.034	0.034	0.034	0.034	0.034	0.035	0.035	0.035	0.035	0.035	0.035	0.035	0.035	0.000	0.000	0.000	0.000	0.000	0.000	0.000	0.000	0.000	0.000	0.000	0.000	0.000	0.000	0.000	0.000
issue	0.000	0.000	0.000	0.000	0.000	0.000	0.000	0.000	0.000	0.000	0.000	0.000	0.000	0.000	0.000	0.000	0.079	0.079	0.079	0.079	0.079	0.079	0.079	0.079	0.079	0.079	0.079	0.079	0.079	0.079	0.079	0.079
serial	-
smt	-
branch	0.170	0.170	0.170	0.170	0.171	0.170	0.170	0.170	0.174	0.174	0.174	0.174	0.174	0.174	0.174	0.174	0.043	0.042	0.043	0.043	0.043	0.046	0.043	0.043	0.042	0.042	0.042	0.043	0.042	0.042	0.043	0.043
itlb	-
dtlb	-
ifetch	0.433	0.433	0.433	0.433	0.434	0.433	0.433	0.433	0.441	0.441	0.441	0.441	0.441	0.441	0.441	0.441	0.029	0.029	0.029	0.029	0.029	0.030	0.029	0.029	0.030	0.030	0.029	0.029	0.029	0.029	0.029	0.029
mem	-
mem-l1d	0.498	0.498	0.498	0.498	0.499	0.498	0.498	0.498	0.520	0.520	0.520	0.520	0.520	0.520	0.520	0.520	0.093	0.093	0.093	0.093	0.093	0.094	0.093	0.093	0.094	0.094	0.093	0.093	0.093	0.093	0.093	0.093
mem-l2	-
mem-l3	-
mem-l4	-
mem-remote	-
mem-nuca	-
mem-dram-cache	-
mem-dram	-
sync	-
dvfs-transition	-
imbalance	-
other	0.010	0.010	0.010	0.010	0.010	0.010	0.010	0.010	0.010	0.010	0.010	0.010	0.010	0.010	0.010	0.010	0.008	0.009	0.008	0.008	0.008	0.009	0.008	0.008	0.009	0.009	0.009	0.008	0.009	0.009	0.008	0.008
total	1.623	1.623	1.623	1.623	1.622	1.623	1.623	1.623	1.617	1.617	1.617	1.617	1.617	1.617	1.617	1.617	0.782	1.663	0.691	0.883	0.598	1.596	0.570	0.570	0.540	0.537	0.542	0.541	0.542	0.542	0.541	0.541
base	0.250	0.250	0.250	0.250	0.250	0.250	0.250	0.250	0.250	0.250	0.250	0.250	0.250	0.250	0.250	0.250	0.205	0.170	0.231	0.203	0.235	0.146	0.232	0.232	0.250	0.250	0.250	0.250	0.250	0.250	0.250	0.250
dispatch_width	-
rs_full	-
depend	-
depend-int	0.193	0.193	0.193	0.193	0.193	0.193	0.193	0.193	0.191	0.191	0.191	0.191	0.191	0.191	0.191	0.191	0.121	0.163	0.106	0.107	0.071	0.212	0.062	0.062	0.050	0.050	0.050	0.050	0.050	0.050	0.050	0.050
depend-fp	-
depend-branch	0.035	0.035	0.035	0.035	0.035	0.035	0.035	0.035	0.035	0.035	0.035	0.035	0.035	0.035	0.035	0.035	0.020	0.036	0.011	0.000	0.000	0.017	0.000	0.000	0.000	0.000	0.000	0.000	0.000	0.000	0.000	0.000
issue	0.000	0.000	0.000	0.000	0.000	0.000	0.000	0.000	0.000	0.000	0.000	0.000	0.000	0.000	0.000	0.000	0.037	0.000	0.108	0.115	0.113	0.000	0.122	0.121	0.080	0.080	0.080	0.080	0.080	0.080	0.080	0.080
serial	-
smt	-
branch	0.174	0.174	0.174	0.174	0.173	0.174	0.174	0.174	0.173	0.173	0.173	0.173	0.173	0.173	0.173	0.173	0.107	0.704	0.092	0.035	0.080	0.033	0.000	0.000	0.037	0.036	0.038	0.037	0.038	0.038	0.037	0.037
itlb	-
dtlb	-
ifetch	0.441	0.441	0.441	0.441	0.440	0.441	0.441	0.441	0.441	0.441	0.441	0.441	0.441	0.441	0.441	0.441	0.000	0.000	0.000	0.056	0.000	0.431	0.000	0.000	0.027	0.027	0.027	0.027	0.027	0.027	0.027	0.027
mem	-
mem-l1d	0.519	0.520	0.520	0.520	0.519	0.520	0.519	0.520	0.516	0.516	0.516	0.516	0.516	0.516	0.516	0.516	0.212	0.251	0.106	0.111	0.056	0.546	0.027	0.028	0.088	0.087	0.088	0.088	0.088	0.088	0.088	0.088
mem-l2	-
mem-l3	-
mem-l4	-
mem-remote	-
mem-nuca	-
mem-dram-cache	-
mem-dram	-
sync	-
dvfs-transition	-
imbalance	0.000	0.000	0.000	0.000	0.000	0.000	0.000	0.000	0.000	0.000	0.000	0.000	0.000	0.000	0.000	0.000	0.078	0.335	0.035	0.246	0.033	0.185	0.123	0.123	0.000	0.000	0.000	0.000	0.000	0.000	0.000	0.000
other	0.012	0.012	0.012	0.012	0.012	0.012	0.012	0.012	0.012	0.012	0.012	0.012	0.012	0.012	0.012	0.012	0.002	0.003	0.001	0.010	0.011	0.028	0.004	0.004	0.008	0.008	0.009	0.008	0.009	0.009	0.009	0.009
total	1.747	1.747	1.747	1.747	1.746	1.747	1.747	1.747	1.730	1.730	1.730	1.730	1.730	1.730	1.730	1.730	0.585	0.586	0.585	0.586	0.585	0.577	0.585	0.585	0.360	0.818	0.547	0.523	1.491	0.611	0.479	0.473
base	0.250	0.250	0.250	0.250	0.250	0.250	0.250	0.250	0.250	0.250	0.250	0.250	0.250	0.250	0.250	0.250	0.266	0.272	0.268	0.264	0.264	0.283	0.264	0.263	0.247	0.225	0.239	0.241	0.188	0.227	0.243	0.243
dispatch_width	-
rs_full	-
depend	-
depend-int	0.191	0.191	0.191	0.191	0.191	0.191	0.191	0.191	0.190	0.190	0.190	0.190	0.190	0.190	0.190	0.190	0.053	0.055	0.054	0.053	0.053	0.055	0.053	0.053	0.010	0.069	0.066	0.059	0.150	0.044	0.038	0.035
depend-fp	-
depend-branch	0.035	0.035	0.035	0.035	0.035	0.035	0.035	0.035	0.036	0.036	0.036	0.036	0.036	0.036	0.036	0.036	0.000	0.000	0.000	0.000	0.000	0.000	0.000	0.000	0.000	0.000	0.000	0.000	0.029	0.000	0.000	0.000
issue	0.000	0.000	0.000	0.000	0.000	0.000	0.000	0.000	0.000	0.000	0.000	0.000	0.000	0.000	0.000	0.000	0.086	0.088	0.086	0.085	0.085	0.091	0.085	0.085	0.043	0.088	0.054	0.058	0.000	0.059	0.058	0.058
serial	-
smt	-
branch	0.173	0.173	0.173	0.173	0.172	0.173	0.173	0.173	0.174	0.174	0.174	0.174	0.174	0.174	0.174	0.174	0.037	0.061	0.037	0.037	0.037	0.033	0.037	0.037	0.000	0.014	0.025	0.000	0.778	0.021	0.000	0.000
itlb	-
dtlb	-
ifetch	0.441	0.441	0.441	0.441	0.440	0.441	0.441	0.441	0.443	0.443	0.443	0.443	0.443	0.443	0.443	0.443	0.047	0.027	0.027	0.027	0.027	0.055	0.027	0.027	0.000	0.150	0.036	0.039	0.000	0.028	0.032	0.032
mem	-
mem-l1d	0.516	0.516	0.516	0.516	0.516	0.516	0.516	0.516	0.498	0.498	0.498	0.498	0.498	0.498	0.498	0.498	0.094	0.096	0.095	0.093	0.093	0.098	0.093	0.093	0.018	0.151	0.054	0.063	0.237	0.084	0.052	0.050
mem-l2	-
mem-l3	-
mem-l4	-
mem-remote	-
mem-nuca	-
mem-dram-cache	-
mem-dram	-
sync	-
dvfs-transition	-
imbalance	0.131	0.131	0.131	0.131	0.131	0.131	0.131	0.131	0.130	0.130	0.130	0.130	0.130	0.130	0.130	0.130	0.000	0.000	0.009	0.017	0.016	0.000	0.016	0.017	0.041	0.114	0.070	0.061	0.105	0.146	0.055	0.054
other	0.010	0.010	0.010	0.010	0.010	0.010	0.010	0.010	0.010	0.010	0.010	0.010	0.010	0.010	0.010	0.010	0.002	-0.013	0.009	0.009	0.009	-0.038	0.009	0.009	0.001	0.006	0.003	0.001	0.003	0.003	0.002	0.002
total	1.600	1.601	1.601	1.601	1.601	1.601	1.600	1.601	1.611	1.611	1.611	1.611	1.611	1.611	1.611	1.611	0.562	0.564	0.562	0.562	0.562	0.578	0.562	0.562	0.568	0.571	0.564	0.564	0.627	0.564	0.564	0.564
base	0.250	0.250	0.250	0.250	0.250	0.250	0.250	0.250	0.250	0.250	0.250	0.250	0.250	0.250	0.250	0.250	0.250	0.250	0.250	0.250	0.250	0.250	0.250	0.250	0.261	0.276	0.286	0.262	0.280	0.262	0.263	0.263
dispatch_width	-
rs_full	-
depend	-
depend-int	0.190	0.190	0.190	0.190	0.190	0.190	0.190	0.190	0.192	0.192	0.192	0.192	0.192	0.192	0.192	0.192	0.052	0.052	0.052	0.052	0.052	0.054	0.052	0.052	0.054	0.058	0.059	0.054	0.059	0.054	0.055	0.055
depend-fp	-
depend-branch	0.036	0.036	0.036	0.036	0.036	0.036	0.036	0.036	0.035	0.035	0.035	0.035	0.035	0.035	0.035	0.035	0.000	0.000	0.000	0.000	0.000	0.000	0.000	0.000	0.000	0.000	0.000	0.000	0.000	0.000	0.000	0.000
issue	0.000	0.000	0.000	0.000	0.000	0.000	0.000	0.000	0.000	0.000	0.000	0.000	0.000	0.000	0.000	0.000	0.079	0.079	0.079	0.079	0.079	0.078	0.079	0.079	0.082	0.086	0.089	0.083	0.087	0.082	0.083	0.083
serial	-
smt	-
branch	0.174	0.174	0.174	0.174	0.174	0.174	0.174	0.174	0.171	0.171	0.171	0.171	0.171	0.171	0.171	0.171	0.047	0.047	0.047	0.047	0.047	0.055	0.047	0.047	0.049	0.079	0.047	0.047	0.089	0.047	0.047	0.047
itlb	-
dtlb	-
ifetch	0.443	0.443	0.443	0.443	0.444	0.443	0.443	0.443	0.451	0.450	0.451	0.450	0.451	0.450	0.451	0.451	0.030	0.030	0.030	0.030	0.030	0.032	0.030	0.030	0.031	0.031	0.057	0.030	0.033	0.030	0.030	0.030
mem	-
mem-l1d	0.498	0.498	0.498	0.498	0.498	0.498	0.498	0.498	0.504	0.504	0.504	0.504	0.504	0.504	0.504	0.504	0.096	0.096	0.096	0.096	0.096	0.099	0.096	0.096	0.101	0.106	0.108	0.100	0.109	0.101	0.101	0.101
mem-l2	-
mem-l3	-
mem-l4	-
mem-remote	-
mem-nuca	-
mem-dram-cache	-
mem-dram	-
sync	-
dvfs-transition	-
imbalance	-
other	0.010	0.010	0.010	0.010	0.010	0.010	0.010	0.010	0.009	0.009	0.009	0.009	0.009	0.009	0.009	0.009	0.010	0.010	0.010	0.010	0.010	0.010	0.010	0.010	-0.011	-0.065	-0.082	-0.012	-0.030	-0.012	-0.014	-0.014
total	1.612	1.611	1.611	1.611	1.612	1.611	1.612	1.611	1.600	1.600	1.600	1.600	1.600	1.600	1.600	1.600	0.545	0.544	0.545	0.545	0.545	0.542	0.545	0.545	0.543	0.542	0.544	0.545	0.543	0.544	0.545	0.545
base	0.250	0.250	0.250	0.250	0.250	0.250	0.250	0.250	0.250	0.250	0.250	0.250	0.250	0.250	0.250	0.250	0.250	0.250	0.250	0.250	0.250	0.250	0.250	0.250	0.250	0.250	0.250	0.250	0.250	0.250	0.250	0.250
dispatch_width	-
rs_full	-
depend	-
depend-int	0.192	0.192	0.192	0.192	0.192	0.192	0.192	0.192	0.191	0.191	0.191	0.191	0.191	0.191	0.191	0.191	0.053	0.053	0.053	0.053	0.053	0.052	0.053	0.053	0.053	0.052	0.053	0.053	0.052	0.053	0.053	0.053
depend-fp	-
depend-branch	0.035	0.035	0.035	0.035	0.035	0.035	0.035	0.035	0.035	0.035	0.035	0.035	0.035	0.035	0.035	0.035	0.000	0.000	0.000	0.000	0.000	0.000	0.000	0.000	0.000	0.000	0.000	0.000	0.000	0.000	0.000	0.000
issue	0.000	0.000	0.000	0.000	0.000	0.000	0.000	0.000	0.000	0.000	0.000	0.000	0.000	0.000	0.000	0.000	0.082	0.082	0.082	0.082	0.082	0.081	0.082	0.082	0.082	0.081	0.082	0.082	0.081	0.082	0.082	0.082
serial	-
smt	-
branch	0.171	0.171	0.171	0.171	0.171	0.171	0.171	0.171	0.169	0.169	0.169	0.169	0.169	0.169	0.169	0.169	0.037	0.037	0.037	0.037	0.037	0.036	0.037	0.037	0.036	0.036	0.037	0.037	0.036	0.037	0.037	0.037
itlb	-
dtlb	-
ifetch	0.451	0.450	0.450	0.450	0.451	0.450	0.451	0.450	0.439	0.439	0.439	0.439	0.439	0.439	0.439	0.439	0.031	0.030	0.031	0.031	0.031	0.030	0.031	0.031	0.030	0.030	0.030	0.031	0.030	0.030	0.031	0.031
mem	-
mem-l1d	0.504	0.504	0.504	0.504	0.504	0.504	0.504	0.504	0.506	0.506	0.506	0.506	0.506	0.506	0.506	0.506	0.087	0.086	0.087	0.087	0.087	0.086	0.087	0.087	0.086	0.086	0.086	0.087	0.086	0.086	0.087	0.087
mem-l2	-
mem-l3	-
mem-l4	-
mem-remote	-
mem-nuca	-
mem-dram-cache	-
mem-dram	-
sync	-
dvfs-transition	-
imbalance	-
other	0.009	0.009	0.009	0.009	0.009	0.009	0.009	0.009	0.009	0.009	0.009	0.009	0.009	0.009	0.009	0.009	0.007	0.007	0.007	0.007	0.007	0.007	0.007	0.007	0.007	0.007	0.007	0.007	0.007	0.007	0.007	0.007
total	1.599	1.600	1.600	1.600	1.600	1.600	1.599	1.600	1.601	1.602	1.601	1.601	1.601	1.601	1.601	1.602	0.595	0.475	0.546	0.485	0.517	0.439	0.528	0.526	0.541	0.540	0.542	0.542	0.524	0.542	0.542	0.542
base	0.250	0.250	0.250	0.250	0.250	0.250	0.250	0.250	0.250	0.250	0.250	0.250	0.250	0.250	0.250	0.250	0.237	0.239	0.239	0.241	0.240	0.242	0.239	0.240	0.250	0.250	0.250	0.250	0.250	0.250	0.250	0.250
dispatch_width	-
rs_full	-
depend	-
depend-int	0.191	0.191	0.191	0.191	0.191	0.191	0.191	0.191	0.190	0.190	0.190	0.190	0.190	0.190	0.190	0.190	0.049	0.042	0.036	0.026	0.036	0.031	0.047	0.047	0.053	0.052	0.053	0.053	0.050	0.053	0.053	0.053
depend-fp	-
depend-branch	0.035	0.035	0.035	0.035	0.035	0.035	0.035	0.035	0.035	0.035	0.035	0.035	0.035	0.035	0.035	0.035	0.000	0.000	0.000	0.000	0.000	0.000	0.000	0.000	0.000	0.000	0.000	0.000	0.000	0.000	0.000	0.000
issue	0.000	0.000	0.000	0.000	0.000	0.000	0.000	0.000	0.000	0.000	0.000	0.000	0.000	0.000	0.000	0.000	0.071	0.066	0.076	0.068	0.069	0.059	0.065	0.064	0.083	0.083	0.083	0.083	0.083	0.083	0.083	0.083
serial	-
smt	-
branch	0.169	0.169	0.169	0.169	0.169	0.169	0.169	0.169	0.173	0.173	0.173	0.173	0.173	0.173	0.173	0.173	0.009	0.000	0.008	0.006	0.000	0.000	0.000	0.000	0.035	0.034	0.036	0.036	0.026	0.036	0.036	0.036
itlb	-
dtlb	-
ifetch	0.439	0.439	0.439	0.439	0.439	0.439	0.439	0.439	0.433	0.433	0.433	0.433	0.433	0.433	0.433	0.433	0.070	0.026	0.049	0.017	0.033	0.000	0.038	0.038	0.028	0.028	0.028	0.028	0.026	0.028	0.028	0.028
mem	-
mem-l1d	0.506	0.506	0.506	0.506	0.506	0.506	0.506	0.506	0.510	0.510	0.510	0.510	0.510	0.510	0.510	0.510	0.128	0.062	0.112	0.103	0.116	0.082	0.112	0.111	0.086	0.086	0.086	0.086	0.082	0.086	0.086	0.086
mem-l2	-
mem-l3	-
mem-l4	-
mem-remote	-
mem-nuca	-
mem-dram-cache	-
mem-dram	-
sync	-
dvfs-transition	-
imbalance	0.000	0.000	0.000	0.000	0.000	0.000	0.000	0.000	0.000	0.000	0.000	0.000	0.000	0.000	0.000	0.000	0.026	0.037	0.023	0.021	0.022	0.019	0.023	0.023	0.000	0.000	0.000	0.000	0.000	0.000	0.000	0.000
other	0.010	0.009	0.009	0.009	0.010	0.009	0.010	0.009	0.010	0.010	0.010	0.010	0.010	0.010	0.010	0.010	0.005	0.003	0.002	0.002	0.002	0.006	0.004	0.004	0.007	0.007	0.007	0.007	0.007	0.007	0.007	0.007
total	1.615	1.614	1.614	1.614	1.615	1.614	1.615	1.614	1.624	1.624	1.624	1.624	1.624	1.624	1.624	1.624	0.548	0.547	0.547	0.547	0.547	0.536	0.547	0.547	0.536	0.379	0.843	0.722	0.620	0.456	0.551	0.548
base	0.250	0.250	0.250	0.250	0.250	0.250	0.250	0.250	0.250	0.250	0.250	0.250	0.250	0.250	0.250	0.250	0.262	0.264	0.271	0.262	0.262	0.261	0.262	0.262	0.228	0.244	0.222	0.236	0.220	0.244	0.230	0.231
dispatch_width	-
rs_full	-
depend	-
depend-int	0.190	0.190	0.190	0.190	0.190	0.190	0.190	0.190	0.190	0.190	0.190	0.190	0.190	0.190	0.190	0.190	0.055	0.056	0.057	0.055	0.055	0.054	0.055	0.055	0.035	0.024	0.104	0.089	0.081	0.031	0.053	0.052
depend-fp	-
depend-branch	0.035	0.035	0.035	0.035	0.035	0.035	0.035	0.035	0.036	0.036	0.036	0.036	0.036	0.036	0.036	0.036	0.000	0.000	0.000	0.000	0.000	0.000	0.000	0.000	0.000	0.000	0.011	0.014	0.000	0.000	0.013	0.012
issue	0.000	0.000	0.000	0.000	0.000	0.000	0.000	0.000	0.000	0.000	0.000	0.000	0.000	0.000	0.000	0.000	0.087	0.088	0.090	0.087	0.087	0.087	0.087	0.087	0.060	0.063	0.049	0.088	0.125	0.059	0.078	0.078
serial	-
smt	-
branch	0.173	0.173	0.173	0.173	0.173	0.173	0.173	0.173	0.174	0.174	0.174	0.174	0.174	0.174	0.174	0.174	0.036	0.035	0.036	0.036	0.036	0.029	0.036	0.036	0.012	0.000	0.114	0.078	0.028	0.020	0.027	0.027
itlb	-
dtlb	-
ifetch	0.433	0.433	0.433	0.433	0.433	0.433	0.433	0.433	0.439	0.439	0.439	0.439	0.439	0.439	0.439	0.439	0.028	0.028	0.043	0.028	0.028	0.027	0.028	0.028	0.029	0.000	0.101	0.077	0.000	0.037	0.000	0.000
mem	-
mem-l1d	0.511	0.511	0.511	0.511	0.511	0.511	0.511	0.511	0.512	0.512	0.512	0.512	0.512	0.512	0.512	0.512	0.090	0.091	0.093	0.090	0.090	0.088	0.090	0.090	0.072	0.020	0.128	0.103	0.045	0.044	0.043	0.042
mem-l2	0.000	0.000	0.000	0.000	0.000	0.000	0.000	0.000	0.000	0.000	0.000	0.000	0.000	0.000	0.000	0.000	0.000	0.000	0.000	0.000	0.000	0.000	0.000	0.000	0.000	0.000	0.010	0.000	0.000	0.000	0.000	0.000
mem-l3	-
mem-l4	-
mem-remote	-
mem-nuca	-
mem-dram-cache	-
mem-dram	-
sync	-
dvfs-transition	-
imbalance	0.000	0.000	0.000	0.000	0.000	0.000	0.000	0.000	0.000	0.000	0.000	0.000	0.000	0.000	0.000	0.000	0.000	0.000	0.000	0.000	0.000	0.000	0.000	0.000	0.098	0.022	0.102	0.033	0.116	0.019	0.106	0.105
other	0.023	0.023	0.023	0.023	0.023	0.023	0.023	0.023	0.023	0.023	0.023	0.023	0.023	0.023	0.023	0.023	-0.011	-0.014	-0.042	-0.011	-0.011	-0.011	-0.011	-0.011	0.002	0.006	0.002	0.004	0.006	0.002	0.001	0.001
total	1.611	1.611	1.611	1.611	1.612	1.611	1.611	1.611	1.594	1.594	1.594	1.594	1.594	1.594	1.594	1.594	0.527	0.528	0.527	0.527	0.527	0.541	0.527	0.527	0.530	0.533	0.529	0.528	0.548	0.534	0.528	0.528
base	0.250	0.250	0.250	0.250	0.250	0.250	0.250	0.250	0.250	0.250	0.250	0.250	0.250	0.250	0.250	0.250	0.250	0.250	0.250	0.250	0.250	0.250	0.250	0.250	0.271	0.264	0.262	0.263	0.264	0.282	0.263	0.263
dispatch_width	-
rs_full	-
depend	-
depend-int	0.190	0.190	0.190	0.190	0.190	0.190	0.190	0.190	0.188	0.188	0.188	0.188	0.188	0.188	0.188	0.188	0.049	0.049	0.049	0.049	0.049	0.051	0.049	0.049	0.054	0.053	0.052	0.052	0.055	0.055	0.052	0.052
depend-fp	-
depend-branch	0.036	0.036	0.036	0.036	0.036	0.036	0.036	0.036	0.036	0.036	0.036	0.036	0.036	0.036	0.036	0.036	0.000	0.000	0.000	0.000	0.000	0.000	0.000	0.000	0.000	0.000	0.000	0.000	0.000	0.000	0.000	0.000
issue	0.000	0.000	0.000	0.000	0.000	0.000	0.000	0.000	0.000	0.000	0.000	0.000	0.000	0.000	0.000	0.000	0.081	0.081	0.081	0.081	0.081	0.082	0.081	0.081	0.089	0.087	0.086	0.087	0.087	0.092	0.086	0.086
serial	-
smt	-
branch	0.174	0.174	0.174	0.174	0.175	0.174	0.174	0.174	0.175	0.175	0.175	0.175	0.175	0.175	0.175	0.175	0.030	0.030	0.030	0.030	0.030	0.036	0.030	0.030	0.031	0.032	0.030	0.030	0.040	0.030	0.030	0.030
itlb	-
dtlb	-
ifetch	0.439	0.439	0.439	0.439	0.439	0.439	0.439	0.439	0.434	0.434	0.434	0.434	0.434	0.434	0.434	0.434	0.024	0.025	0.024	0.024	0.024	0.026	0.024	0.024	0.044	0.025	0.024	0.024	0.027	0.051	0.024	0.024
mem	-
mem-l1d	0.512	0.512	0.512	0.512	0.512	0.512	0.512	0.512	0.501	0.501	0.501	0.501	0.501	0.501	0.501	0.501	0.084	0.085	0.084	0.085	0.085	0.087	0.085	0.085	0.093	0.091	0.089	0.090	0.094	0.096	0.090	0.090
mem-l2	-
mem-l3	-
mem-l4	-
mem-remote	-
mem-nuca	-
mem-dram-cache	-
mem-dram	-
sync	-
dvfs-transition	-
imbalance	-
other	0.010	0.010	0.010	0.010	0.010	0.010	0.010	0.010	0.010	0.010	0.010	0.010	0.010	0.010	0.010	0.010	0.008	0.008	0.008	0.008	0.008	0.008	0.008	0.008	-0.050	-0.018	-0.015	-0.018	-0.019	-0.074	-0.017	-0.017
total	1.594	1.594	1.594	1.594	1.593	1.594	1.594	1.594	1.608	1.608	1.608	1.608	1.608	1.608	1.608	1.608	0.579	0.579	0.579	0.579	0.579	0.579	0.579	0.579	0.579	0.578	0.579	0.579	0.576	0.579	0.579	0.579
base	0.250	0.250	0.250	0.250	0.250	0.250	0.250	0.250	0.250	0.250	0.250	0.250	0.250	0.250	0.250	0.250	0.250	0.250	0.250	0.250	0.250	0.250	0.250	0.250	0.250	0.250	0.250	0.250	0.250	0.250	0.250	0.250
dispatch_width	-
rs_full	-
depend	-
depend-int	0.188	0.188	0.188	0.188	0.188	0.188	0.188	0.188	0.191	0.191	0.191	0.191	0.191	0.191	0.191	0.191	0.054	0.054	0.054	0.054	0.054	0.054	0.054	0.054	0.055	0.055	0.054	0.054	0.054	0.055	0.054	0.054
depend-fp	-
depend-branch	0.036	0.036	0.036	0.036	0.035	0.036	0.036	0.036	0.035	0.035	0.035	0.035	0.035	0.035	0.035	0.035	0.000	0.000	0.000	0.000	0.000	0.000	0.000	0.000	0.000	0.000	0.000	0.000	0.000	0.000	0.000	0.000
issue	0.000	0.000	0.000	0.000	0.000	0.000	0.000	0.000	0.000	0.000	0.000	0.000	0.000	0.000	0.000	0.000	0.078	0.078	0.078	0.078	0.078	0.078	0.078	0.078	0.079	0.079	0.078	0.078	0.079	0.079	0.078	0.078
serial	-
smt	-
branch	0.176	0.175	0.175	0.175	0.175	0.175	0.176	0.175	0.172	0.172	0.172	0.172	0.172	0.172	0.172	0.172	0.056	0.056	0.056	0.056	0.056	0.056	0.056	0.056	0.056	0.056	0.056	0.056	0.055	0.056	0.056	0.056
itlb	-
dtlb	-
ifetch	0.434	0.434	0.434	0.434	0.434	0.434	0.434	0.434	0.444	0.444	0.444	0.444	0.444	0.444	0.444	0.444	0.033	0.033	0.033	0.033	0.033	0.033	0.033	0.033	0.033	0.033	0.033	0.033	0.033	0.033	0.033	0.033
mem	-
mem-l1d	0.501	0.501	0.501	0.501	0.500	0.501	0.501	0.501	0.507	0.507	0.507	0.507	0.507	0.507	0.507	0.507	0.100	0.099	0.100	0.100	0.100	0.099	0.100	0.100	0.099	0.098	0.099	0.100	0.098	0.099	0.100	0.100
mem-l2	-
mem-l3	-
mem-l4	-
mem-remote	-
mem-nuca	-
mem-dram-cache	-
mem-dram	-
sync	-
dvfs-transition	-
imbalance	-
other	0.010	0.010	0.010	0.010	0.010	0.010	0.010	0.010	0.009	0.009	0.009	0.009	0.009	0.009	0.009	0.009	0.008	0.008	0.008	0.008	0.008	0.008	0.008	0.008	0.008	0.007	0.008	0.008	0.008	0.008	0.008	0.008
total	1.607	1.608	1.608	1.608	1.608	1.608	1.607	1.608	1.596	1.597	1.597	1.597	1.597	1.597	1.597	1.597	0.432	0.434	0.433	0.453	0.433	0.590	0.433	0.434	0.565	0.561	0.567	0.568	0.549	0.565	0.568	0.568
base	0.250	0.250	0.250	0.250	0.250	0.250	0.250	0.250	0.250	0.250	0.250	0.250	0.250	0.250	0.250	0.250	0.243	0.243	0.242	0.242	0.243	0.237	0.243	0.243	0.250	0.250	0.250	0.250	0.250	0.250	0.250	0.250
dispatch_width	-
rs_full	-
depend	-
depend-int	0.191	0.191	0.191	0.191	0.191	0.191	0.191	0.191	0.189	0.189	0.189	0.189	0.189	0.189	0.189	0.189	0.027	0.018	0.018	0.023	0.027	0.049	0.018	0.018	0.052	0.051	0.052	0.053	0.050	0.052	0.053	0.053
depend-fp	-
depend-branch	0.035	0.035	0.035	0.035	0.035	0.035	0.035	0.035	0.035	0.035	0.035	0.035	0.035	0.035	0.035	0.035	0.000	0.000	0.000	0.000	0.000	0.000	0.000	0.000	0.000	0.000	0.000	0.000	0.000	0.000	0.000	0.000
issue	0.000	0.000	0.000	0.000	0.000	0.000	0.000	0.000	0.000	0.000	0.000	0.000	0.000	0.000	0.000	0.000	0.063	0.062	0.061	0.060	0.063	0.101	0.062	0.062	0.079	0.079	0.079	0.079	0.079	0.079	0.079	0.079
serial	-
smt	-
branch	0.172	0.172	0.172	0.172	0.172	0.172	0.172	0.172	0.171	0.171	0.171	0.171	0.171	0.171	0.171	0.171	0.000	0.000	0.000	0.000	0.000	0.027	0.000	0.000	0.050	0.048	0.050	0.051	0.041	0.050	0.051	0.051
itlb	-
dtlb	-
ifetch	0.444	0.444	0.444	0.444	0.444	0.444	0.444	0.444	0.442	0.442	0.442	0.442	0.442	0.442	0.442	0.442	0.000	0.000	0.000	0.000	0.000	0.021	0.000	0.000	0.030	0.029	0.030	0.031	0.028	0.030	0.031	0.031
mem	-
mem-l1d	0.506	0.507	0.507	0.507	0.506	0.507	0.506	0.507	0.499	0.499	0.499	0.499	0.499	0.499	0.499	0.499	0.080	0.091	0.091	0.089	0.081	0.036	0.091	0.091	0.097	0.096	0.097	0.097	0.094	0.097	0.097	0.097
mem-l2	0.000	0.000	0.000	0.000	0.000	0.000	0.000	0.000	0.000	0.000	0.000	0.000	0.000	0.000	0.000	0.000	0.000	0.000	0.000	0.018	0.000	0.000	0.000	0.000	0.000	0.000	0.000	0.000	0.000	0.000	0.000	0.000
mem-l3	-
mem-l4	-
mem-remote	-
mem-nuca	-
mem-dram-cache	-
mem-dram	-
sync	-
dvfs-transition	-
imbalance	0.000	0.000	0.000	0.000	0.000	0.000	0.000	0.000	0.000	0.000	0.000	0.000	0.000	0.000	0.000	0.000	0.019	0.019	0.019	0.019	0.019	0.114	0.019	0.019	0.000	0.000	0.000	0.000	0.000	0.000	0.000	0.000
other	0.009	0.009	0.009	0.009	0.009	0.009	0.009	0.009	0.010	0.010	0.010	0.010	0.010	0.010	0.010	0.010	0.001	0.001	0.001	0.001	0.001	0.006	0.001	0.001	0.007	0.008	0.007	0.008	0.007	0.007	0.008	0.008
total	1.618	1.617	1.617	1.617	1.618	1.617	1.618	1.617	1.618	1.618	1.618	1.618	1.618	1.618	1.618	1.618	0.576	0.574	0.576	0.576	0.576	0.561	0.576	0.576	0.499	0.684	1.639	1.726	0.523	0.634	1.365	1.223
base	0.250	0.250	0.250	0.250	0.250	0.250	0.250	0.250	0.250	0.250	0.250	0.250	0.250	0.250	0.250	0.250	0.262	0.262	0.262	0.263	0.263	0.262	0.262	0.262	0.238	0.227	0.131	0.125	0.241	0.234	0.187	0.214
dispatch_width	-
rs_full	-
depend	-
depend-int	0.189	0.189	0.189	0.189	0.189	0.189	0.189	0.189	0.189	0.189	0.189	0.189	0.189	0.189	0.189	0.189	0.055	0.055	0.055	0.055	0.055	0.053	0.055	0.055	0.016	0.057	0.189	0.220	0.028	0.076	0.121	0.115
depend-fp	-
depend-branch	0.035	0.035	0.035	0.035	0.035	0.035	0.035	0.035	0.035	0.035	0.035	0.035	0.035	0.035	0.035	0.035	0.000	0.000	0.000	0.000	0.000	0.000	0.000	0.000	0.000	0.000	0.044	0.039	0.000	0.000	0.036	0.030
issue	0.000	0.000	0.000	0.000	0.000	0.000	0.000	0.000	0.000	0.000	0.000	0.000	0.000	0.000	0.000	0.000	0.083	0.083	0.083	0.083	0.083	0.083	0.083	0.083	0.132	0.032	0.000	0.000	0.065	0.123	0.029	0.050
serial	-
smt	-
branch	0.171	0.171	0.171	0.171	0.171	0.171	0.171	0.171	0.173	0.173	0.173	0.173	0.173	0.173	0.173	0.173	0.051	0.050	0.051	0.051	0.051	0.044	0.051	0.051	0.000	0.073	0.170	0.128	0.013	0.036	0.400	0.409
itlb	-
dtlb	-
ifetch	0.442	0.442	0.442	0.442	0.443	0.442	0.442	0.442	0.439	0.439	0.439	0.439	0.439	0.439	0.439	0.439	0.031	0.030	0.031	0.030	0.030	0.028	0.030	0.030	0.000	0.000	0.306	0.353	0.051	0.045	0.133	0.120
mem	-
mem-l1d	0.499	0.499	0.499	0.499	0.499	0.499	0.499	0.499	0.501	0.502	0.501	0.502	0.501	0.502	0.501	0.502	0.102	0.102	0.102	0.102	0.102	0.099	0.102	0.102	0.079	0.239	0.384	0.419	0.090	0.066	0.265	0.219
mem-l2	0.000	0.000	0.000	0.000	0.000	0.000	0.000	0.000	0.000	0.000	0.000	0.000	0.000	0.000	0.000	0.000	0.000	0.000	0.000	0.000	0.000	0.000	0.000	0.000	0.000	0.000	0.000	0.000	0.000	0.007	0.000	0.000
mem-l3	-
mem-l4	-
mem-remote	-
mem-nuca	-
mem-dram-cache	-
mem-dram	-
sync	-
dvfs-transition	-
imbalance	0.021	0.021	0.021	0.021	0.021	0.021	0.021	0.021	0.021	0.021	0.021	0.021	0.021	0.021	0.021	0.021	0.000	0.000	0.000	0.000	0.000	0.000	0.000	0.000	0.032	0.050	0.411	0.439	0.029	0.039	0.187	0.060
other	0.010	0.010	0.010	0.010	0.010	0.010	0.010	0.010	0.010	0.010	0.010	0.010	0.010	0.010	0.010	0.010	-0.008	-0.008	-0.008	-0.009	-0.009	-0.008	-0.008	-0.008	0.001	0.006	0.004	0.004	0.006	0.007	0.006	0.006
total	1.605	1.606	1.606	1.606	1.606	1.606	1.605	1.606	1.620	1.620	1.620	1.620	1.620	1.620	1.620	1.620	2.803	2.773	2.801	2.793	2.798	2.323	1.367	1.310	2.693	2.575	2.787	2.811	2.126	2.701	2.809	2.809
base	0.250	0.250	0.250	0.250	0.250	0.250	0.250	0.250	0.250	0.250	0.250	0.250	0.250	0.250	0.250	0.250	0.250	0.250	0.250	0.250	0.250	0.250	0.173	0.170	0.333	0.384	0.460	0.461	0.321	0.331	0.457	0.461
dispatch_width	-
rs_full	-
depend	-
depend-int	0.189	0.189	0.189	0.189	0.189	0.189	0.189	0.189	0.191	0.191	0.191	0.191	0.191	0.191	0.191	0.191	0.047	0.047	0.047	0.047	0.047	0.052	0.162	0.177	0.060	0.065	0.067	0.067	0.065	0.059	0.067	0.067
depend-fp	-
depend-branch	0.035	0.035	0.035	0.035	0.035	0.035	0.035	0.035	0.036	0.036	0.036	0.036	0.036	0.036	0.036	0.036	0.000	0.000	0.000	0.000	0.000	0.000	0.031	0.033	0.000	0.000	0.000	0.000	0.000	0.000	0.000	0.000
issue	0.000	0.000	0.000	0.000	0.000	0.000	0.000	0.000	0.000	0.000	0.000	0.000	0.000	0.000	0.000	0.000	0.078	0.078	0.078	0.078	0.078	0.078	0.033	0.031	0.098	0.104	0.112	0.113	0.094	0.098	0.112	0.113
serial	-
smt	-
branch	0.173	0.173	0.173	0.173	0.172	0.173	0.173	0.173	0.175	0.175	0.175	0.175	0.175	0.175	0.175	0.175	0.000	0.030	0.000	0.000	0.000	0.047	0.348	0.374	0.030	0.230	0.000	0.000	0.057	0.030	0.333	0.308
itlb	-
dtlb	-
ifetch	0.439	0.439	0.439	0.439	0.439	0.439	0.439	0.439	0.444	0.444	0.444	0.444	0.444	0.444	0.444	0.444	0.032	0.033	0.032	0.032	0.032	0.035	0.098	0.082	0.033	0.103	0.257	0.258	0.035	0.032	0.032	0.031
mem	-
mem-l1d	0.501	0.502	0.502	0.502	0.502	0.502	0.501	0.502	0.506	0.506	0.506	0.506	0.506	0.506	0.506	0.506	0.097	0.098	0.097	0.097	0.097	0.103	0.277	0.253	0.121	0.132	0.140	0.138	0.126	0.121	0.138	0.139
mem-l2	-
mem-l3	-
mem-l4	-
mem-remote	-
mem-nuca	-
mem-dram-cache	-
mem-dram	-
sync	-
dvfs-transition	-
imbalance	0.000	0.000	0.000	0.000	0.000	0.000	0.000	0.000	0.000	0.000	0.000	0.000	0.000	0.000	0.000	0.000	2.259	2.223	2.257	2.247	2.254	1.745	0.235	0.186	1.998	1.535	1.703	1.727	1.411	2.009	1.650	1.669
other	0.018	0.018	0.018	0.018	0.018	0.018	0.018	0.018	0.019	0.019	0.019	0.019	0.019	0.019	0.019	0.019	0.040	0.014	0.041	0.041	0.041	0.014	0.010	0.003	0.020	0.020	0.049	0.047	0.019	0.020	0.021	0.021
total	1.613	1.612	1.612	1.612	1.612	1.612	1.613	1.612	1.574	1.574	1.574	1.574	1.574	1.574	1.574	1.574	3600029.239	3600029.239	3600029.239	3600029.239	3600029.239	3600029.239	2.784	2.785	3600029.239	3600029.239	3600029.239	3600029.239	3600029.239	3600029.239	3600029.239	3600029.239
base	0.250	0.250	0.250	0.250	0.250	0.250	0.250	0.250	0.250	0.250	0.250	0.250	0.250	0.250	0.250	0.250	0.000	0.000	0.000	0.000	0.000	0.000	0.401	0.410	0.000	0.000	0.000	0.000	0.000	0.000	0.000	0.000
dispatch_width	-
rs_full	-
depend	-
depend-int	0.191	0.191	0.191	0.191	0.190	0.191	0.191	0.191	0.191	0.191	0.191	0.191	0.191	0.191	0.191	0.191	0.000	0.000	0.000	0.000	0.000	0.000	0.064	0.064	0.000	0.000	0.000	0.000	0.000	0.000	0.000	0.000
depend-fp	-
depend-branch	0.036	0.036	0.036	0.036	0.036	0.036	0.036	0.036	0.032	0.032	0.032	0.032	0.032	0.032	0.032	0.032	0.000	0.000	0.000	0.000	0.000	0.000	0.000	0.000	0.000	0.000	0.000	0.000	0.000	0.000	0.000	0.000
issue	0.000	0.000	0.000	0.000	0.000	0.000	0.000	0.000	0.000	0.000	0.000	0.000	0.000	0.000	0.000	0.000	0.000	0.000	0.000	0.000	0.000	0.000	0.107	0.108	0.000	0.000	0.000	0.000	0.000	0.000	0.000	0.000
serial	-
smt	-
branch	0.175	0.175	0.175	0.175	0.175	0.175	0.175	0.175	0.160	0.160	0.160	0.160	0.160	0.160	0.160	0.160	0.000	0.000	0.000	0.000	0.000	0.000	0.113	0.000	0.000	0.000	0.000	0.000	0.000	0.000	0.000	0.000
itlb	-
dtlb	-
ifetch	0.444	0.444	0.444	0.444	0.444	0.444	0.444	0.444	0.424	0.424	0.424	0.424	0.424	0.424	0.424	0.424	0.000	0.000	0.000	0.000	0.000	0.000	0.082	0.232	0.000	0.000	0.000	0.000	0.000	0.000	0.000	0.000
mem	-
mem-l1d	0.506	0.506	0.506	0.506	0.506	0.506	0.506	0.506	0.507	0.506	0.506	0.506	0.506	0.506	0.507	0.507	0.000	0.000	0.000	0.000	0.000	0.000	0.132	0.133	0.000	0.000	0.000	0.000	0.000	0.000	0.000	0.000
mem-l2	-
mem-l3	-
mem-l4	-
mem-remote	-
mem-nuca	-
mem-dram-cache	-
mem-dram	-
sync	-
dvfs-transition	-
imbalance	0.000	0.000	0.000	0.000	0.000	0.000	0.000	0.000	0.000	0.000	0.000	0.000	0.000	0.000	0.000	0.000	3600029.239	3600029.239	3600029.239	3600029.239	3600029.239	3600029.239	1.864	1.789	3600029.239	3600029.239	3600029.239	3600029.239	3600029.239	3600029.239	3600029.239	3600029.239
other	0.011	0.011	0.011	0.011	0.011	0.011	0.011	0.011	0.009	0.009	0.009	0.009	0.009	0.009	0.009	0.009	0.000	0.000	0.000	0.000	0.000	0.000	0.021	0.048	0.000	0.000	0.000	0.000	0.000	0.000	0.000	0.000
total	1.574	1.574	1.574	1.574	1.574	1.574	1.574	1.574	1.572	1.573	1.573	1.573	1.572	1.573	1.572	1.572	1000.001	1000.001	1000.001	1000.001	1000.001	1000.001	1000.001	1000.001	3600004.159	3600004.159	3600004.159	3600004.159	3600004.159	3600004.159	3600004.159	3600004.159
base	0.250	0.250	0.250	0.250	0.250	0.250	0.250	0.250	0.250	0.250	0.250	0.250	0.250	0.250	0.250	0.250	0.000	0.000	0.000	0.000	0.000	0.000	0.000	0.000	0.000	0.000	0.000	0.000	0.000	0.000	0.000	0.000
dispatch_width	-
rs_full	-
depend	-
depend-int	0.191	0.191	0.191	0.191	0.191	0.191	0.191	0.191	0.191	0.191	0.191	0.191	0.191	0.191	0.191	0.191	0.000	0.000	0.000	0.000	0.000	0.000	0.000	0.000	0.000	0.000	0.000	0.000	0.000	0.000	0.000	0.000
depend-fp	-
depend-branch	0.032	0.032	0.032	0.032	0.032	0.032	0.032	0.032	0.033	0.033	0.033	0.033	0.033	0.033	0.033	0.033	0.000	0.000	0.000	0.000	0.000	0.000	0.000	0.000	0.000	0.000	0.000	0.000	0.000	0.000	0.000	0.000
issue	-
serial	-
smt	-
branch	0.160	0.160	0.160	0.160	0.160	0.160	0.160	0.160	0.158	0.158	0.158	0.158	0.158	0.158	0.158	0.158	0.000	0.000	0.000	0.000	0.000	0.000	0.000	0.000	0.000	0.000	0.000	0.000	0.000	0.000	0.000	0.000
itlb	-
dtlb	-
ifetch	0.424	0.424	0.424	0.424	0.425	0.424	0.424	0.424	0.425	0.425	0.425	0.425	0.425	0.425	0.425	0.425	0.000	0.000	0.000	0.000	0.000	0.000	0.000	0.000	0.000	0.000	0.000	0.000	0.000	0.000	0.000	0.000
mem	-
mem-l1d	0.506	0.506	0.506	0.506	0.506	0.506	0.506	0.506	0.506	0.506	0.506	0.506	0.506	0.506	0.506	0.506	0.000	0.000	0.000	0.000	0.000	0.000	0.000	0.000	0.000	0.000	0.000	0.000	0.000	0.000	0.000	0.000
mem-l2	-
mem-l3	-
mem-l4	-
mem-remote	-
mem-nuca	-
mem-dram-cache	-
mem-dram	-
sync	-
dvfs-transition	-
imbalance	0.000	0.000	0.000	0.000	0.000	0.000	0.000	0.000	0.000	0.000	0.000	0.000	0.000	0.000	0.000	0.000	998.001	998.001	998.001	998.001	998.001	998.001	998.001	998.001	3600004.159	3600004.159	3600004.159	3600004.159	3600004.159	3600004.159	3600004.159	3600004.159
other	0.009	0.009	0.009	0.009	0.009	0.009	0.009	0.009	0.010	0.010	0.010	0.010	0.010	0.010	0.010	0.010	2.000	2.000	2.000	2.000	2.000	2.000	2.000	2.000	0.000	0.000	0.000	0.000	0.000	0.000	0.000	0.000
total	1.573	1.573	1.573	1.573	1.572	1.573	1.573	1.573	1.577	1.577	1.577	1.577	1.577	1.577	1.577	1.577	3600039.079	3600039.079	3600039.079	3600039.079	3600039.079	3600039.079	3600039.079	3600039.079	1000.011	1000.011	1000.011	1000.011	1000.011	1000.011	1000.011	1000.011
base	0.250	0.250	0.250	0.250	0.250	0.250	0.250	0.250	0.250	0.250	0.250	0.250	0.250	0.250	0.250	0.250	0.000	0.000	0.000	0.000	0.000	0.000	0.000	0.000	0.000	0.000	0.000	0.000	0.000	0.000	0.000	0.000
dispatch_width	-
rs_full	-
depend	-
depend-int	0.191	0.191	0.191	0.191	0.191	0.191	0.191	0.191	0.190	0.190	0.190	0.190	0.190	0.190	0.190	0.190	0.000	0.000	0.000	0.000	0.000	0.000	0.000	0.000	0.000	0.000	0.000	0.000	0.000	0.000	0.000	0.000
depend-fp	-
depend-branch	0.033	0.033	0.033	0.033	0.033	0.033	0.033	0.033	0.034	0.034	0.034	0.034	0.034	0.034	0.034	0.034	0.000	0.000	0.000	0.000	0.000	0.000	0.000	0.000	0.000	0.000	0.000	0.000	0.000	0.000	0.000	0.000
issue	-
serial	-
smt	-
branch	0.158	0.158	0.158	0.158	0.158	0.158	0.158	0.158	0.161	0.161	0.161	0.161	0.161	0.161	0.161	0.161	0.000	0.000	0.000	0.000	0.000	0.000	0.000	0.000	0.000	0.000	0.000	0.000	0.000	0.000	0.000	0.000
itlb	-
dtlb	-
ifetch	0.425	0.425	0.425	0.425	0.425	0.425	0.425	0.425	0.437	0.437	0.437	0.437	0.437	0.437	0.437	0.437	0.000	0.000	0.000	0.000	0.000	0.000	0.000	0.000	0.000	0.000	0.000	0.000	0.000	0.000	0.000	0.000
mem	-
mem-l1d	0.506	0.506	0.506	0.506	0.506	0.506	0.506	0.506	0.495	0.495	0.495	0.495	0.495	0.495	0.495	0.495	0.000	0.000	0.000	0.000	0.000	0.000	0.000	0.000	0.000	0.000	0.000	0.000	0.000	0.000	0.000	0.000
mem-l2	-
mem-l3	-
mem-l4	-
mem-remote	-
mem-nuca	-
mem-dram-cache	-
mem-dram	-
sync	-
dvfs-transition	-
imbalance	0.000	0.000	0.000	0.000	0.000	0.000	0.000	0.000	0.000	0.000	0.000	0.000	0.000	0.000	0.000	0.000	3592839.079	3592839.079	3592839.079	3592839.079	3592839.079	3592839.079	3592839.079	3592839.079	998.011	998.011	998.011	998.011	998.011	998.011	998.011	998.011
other	0.010	0.010	0.010	0.010	0.010	0.010	0.010	0.010	0.010	0.010	0.010	0.010	0.010	0.010	0.010	0.010	7200.000	7200.000	7200.000	7200.000	7200.000	7200.000	7200.000	7200.000	2.000	2.000	2.000	2.000	2.000	2.000	2.000	2.000
total	1.577	1.577	1.577	1.577	1.579	1.577	1.577	1.577	1.559	1.559	1.559	1.559	1.558	1.559	1.559	1.559	1000.007	1000.007	1000.007	1000.007	1000.007	1000.007	1000.007	1000.007	3600025.999	3600025.999	3600025.999	3600025.999	3600025.999	3600025.999	3600025.999	3600025.999
base	0.250	0.250	0.250	0.250	0.250	0.250	0.250	0.250	0.250	0.250	0.250	0.250	0.250	0.250	0.250	0.250	0.000	0.000	0.000	0.000	0.000	0.000	0.000	0.000	0.000	0.000	0.000	0.000	0.000	0.000	0.000	0.000
dispatch_width	-
rs_full	-
depend	-
depend-int	0.190	0.190	0.190	0.190	0.190	0.190	0.190	0.190	0.188	0.188	0.188	0.188	0.188	0.188	0.188	0.188	0.000	0.000	0.000	0.000	0.000	0.000	0.000	0.000	0.000	0.000	0.000	0.000	0.000	0.000	0.000	0.000
depend-fp	-
depend-branch	0.034	0.034	0.034	0.034	0.034	0.034	0.034	0.034	0.033	0.033	0.033	0.033	0.033	0.033	0.033	0.033	0.000	0.000	0.000	0.000	0.000	0.000	0.000	0.000	0.000	0.000	0.000	0.000	0.000	0.000	0.000	0.000
issue	-
serial	-
smt	-
branch	0.161	0.161	0.161	0.161	0.161	0.161	0.161	0.161	0.162	0.162	0.162	0.162	0.162	0.162	0.161	0.162	0.000	0.000	0.000	0.000	0.000	0.000	0.000	0.000	0.000	0.000	0.000	0.000	0.000	0.000	0.000	0.000
itlb	-
dtlb	-
ifetch	0.437	0.437	0.437	0.437	0.438	0.437	0.437	0.437	0.421	0.421	0.421	0.421	0.421	0.421	0.421	0.421	0.000	0.000	0.000	0.000	0.000	0.000	0.000	0.000	0.000	0.000	0.000	0.000	0.000	0.000	0.000	0.000
mem	-
mem-l1d	0.495	0.495	0.495	0.495	0.495	0.495	0.495	0.495	0.496	0.496	0.496	0.496	0.496	0.496	0.496	0.496	0.000	0.000	0.000	0.000	0.000	0.000	0.000	0.000	0.000	0.000	0.000	0.000	0.000	0.000	0.000	0.000
mem-l2	-
mem-l3	-
mem-l4	-
mem-remote	-
mem-nuca	-
mem-dram-cache	-
mem-dram	-
sync	-
dvfs-transition	-
imbalance	0.000	0.000	0.000	0.000	0.000	0.000	0.000	0.000	0.000	0.000	0.000	0.000	0.000	0.000	0.000	0.000	998.007	998.007	998.007	998.007	998.007	998.007	998.007	998.007	3592825.999	3592825.999	3592825.999	3592825.999	3592825.999	3592825.999	3592825.999	3592825.999
other	0.010	0.010	0.010	0.010	0.010	0.010	0.010	0.010	0.009	0.009	0.009	0.009	0.009	0.009	0.009	0.009	2.000	2.000	2.000	2.000	2.000	2.000	2.000	2.000	7200.000	7200.000	7200.000	7200.000	7200.000	7200.000	7200.000	7200.000
total	1.559	1.559	1.559	1.559	1.559	1.559	1.559	1.559	1.558	1.558	1.558	1.558	1.558	1.558	1.558	1.558	3600011.919	3600011.919	3600011.919	3600011.919	3600011.919	3600011.919	3600011.919	3600011.919	1000.003	1000.003	1000.003	1000.003	1000.003	1000.003	1000.003	1000.003
base	0.250	0.250	0.250	0.250	0.250	0.250	0.250	0.250	0.250	0.250	0.250	0.250	0.250	0.250	0.250	0.250	0.000	0.000	0.000	0.000	0.000	0.000	0.000	0.000	0.000	0.000	0.000	0.000	0.000	0.000	0.000	0.000
dispatch_width	-
rs_full	-
depend	-
depend-int	0.188	0.188	0.188	0.188	0.188	0.188	0.188	0.188	0.190	0.190	0.190	0.190	0.190	0.190	0.190	0.190	0.000	0.000	0.000	0.000	0.000	0.000	0.000	0.000	0.000	0.000	0.000	0.000	0.000	0.000	0.000	0.000
depend-fp	-
depend-branch	0.033	0.033	0.033	0.033	0.033	0.033	0.033	0.033	0.032	0.032	0.032	0.032	0.032	0.032	0.032	0.032	0.000	0.000	0.000	0.000	0.000	0.000	0.000	0.000	0.000	0.000	0.000	0.000	0.000	0.000	0.000	0.000
issue	-
serial	-
smt	-
branch	0.162	0.162	0.162	0.162	0.162	0.162	0.162	0.162	0.153	0.153	0.153	0.153	0.153	0.153	0.153	0.153	0.000	0.000	0.000	0.000	0.000	0.000	0.000	0.000	0.000	0.000	0.000	0.000	0.000	0.000	0.000	0.000
itlb	-
dtlb	-
ifetch	0.421	0.421	0.421	0.421	0.422	0.421	0.421	0.421	0.416	0.416	0.416	0.416	0.417	0.416	0.416	0.416	0.000	0.000	0.000	0.000	0.000	0.000	0.000	0.000	0.000	0.000	0.000	0.000	0.000	0.000	0.000	0.000
mem	-
mem-l1d	0.496	0.496	0.496	0.496	0.496	0.496	0.496	0.496	0.506	0.506	0.506	0.506	0.506	0.506	0.506	0.506	0.000	0.000	0.000	0.000	0.000	0.000	0.000	0.000	0.000	0.000	0.000	0.000	0.000	0.000	0.000	0.000
mem-l2	-
mem-l3	-
mem-l4	-
mem-remote	-
mem-nuca	-
mem-dram-cache	-
mem-dram	-
sync	-
dvfs-transition	-
imbalance	0.000	0.000	0.000	0.000	0.000	0.000	0.000	0.000	0.000	0.000	0.000	0.000	0.000	0.000	0.000	0.000	3592811.919	3592811.919	3592811.919	3592811.919	3592811.919	3592811.919	3592811.919	3592811.919	998.003	998.003	998.003	998.003	998.003	998.003	998.003	998.003
other	0.009	0.009	0.009	0.009	0.009	0.009	0.009	0.009	0.010	0.010	0.010	0.010	0.010	0.010	0.010	0.010	7200.000	7200.000	7200.000	7200.000	7200.000	7200.000	7200.000	7200.000	2.000	2.000	2.000	2.000	2.000	2.000	2.000	2.000
total	1.557	1.557	1.557	1.557	1.556	1.557	1.557	1.557	1.579	1.579	1.579	1.579	1.579	1.579	1.579	1.579	1000.008	1000.008	1000.008	1000.008	1000.008	1000.008	1000.008	1000.008	3600028.839	3600028.839	3600028.839	3600028.839	3600028.839	3600028.839	3600028.839	3600028.839
base	0.250	0.250	0.250	0.250	0.250	0.250	0.250	0.250	0.250	0.250	0.250	0.250	0.250	0.250	0.250	0.250	0.000	0.000	0.000	0.000	0.000	0.000	0.000	0.000	0.000	0.000	0.000	0.000	0.000	0.000	0.000	0.000
dispatch_width	-
rs_full	-
depend	-
depend-int	0.190	0.190	0.190	0.190	0.189	0.190	0.190	0.190	0.190	0.190	0.190	0.190	0.190	0.190	0.190	0.190	0.000	0.000	0.000	0.000	0.000	0.000	0.000	0.000	0.000	0.000	0.000	0.000	0.000	0.000	0.000	0.000
depend-fp	-
depend-branch	0.032	0.032	0.032	0.032	0.032	0.032	0.032	0.032	0.034	0.034	0.034	0.034	0.034	0.034	0.034	0.034	0.000	0.000	0.000	0.000	0.000	0.000	0.000	0.000	0.000	0.000	0.000	0.000	0.000	0.000	0.000	0.000
issue	-
serial	-
smt	-
branch	0.153	0.153	0.153	0.153	0.153	0.153	0.153	0.153	0.163	0.163	0.163	0.163	0.163	0.163	0.163	0.163	0.000	0.000	0.000	0.000	0.000	0.000	0.000	0.000	0.000	0.000	0.000	0.000	0.000	0.000	0.000	0.000
itlb	-
dtlb	-
ifetch	0.416	0.416	0.416	0.416	0.415	0.416	0.416	0.416	0.426	0.426	0.426	0.426	0.426	0.426	0.426	0.426	0.000	0.000	0.000	0.000	0.000	0.000	0.000	0.000	0.000	0.000	0.000	0.000	0.000	0.000	0.000	0.000
mem	-
mem-l1d	0.506	0.506	0.506	0.506	0.506	0.506	0.506	0.506	0.507	0.507	0.507	0.507	0.507	0.507	0.507	0.507	0.000	0.000	0.000	0.000	0.000	0.000	0.000	0.000	0.000	0.000	0.000	0.000	0.000	0.000	0.000	0.000
mem-l2	-
mem-l3	-
mem-l4	-
mem-remote	-
mem-nuca	-
mem-dram-cache	-
mem-dram	-
sync	-
dvfs-transition	-
imbalance	0.000	0.000	0.000	0.000	0.000	0.000	0.000	0.000	0.000	0.000	0.000	0.000	0.000	0.000	0.000	0.000	998.008	998.008	998.008	998.008	998.008	998.008	998.008	998.008	3592828.839	3592828.839	3592828.839	3592828.839	3592828.839	3592828.839	3592828.839	3592828.839
other	0.010	0.010	0.010	0.010	0.010	0.010	0.010	0.010	0.010	0.010	0.010	0.010	0.010	0.010	0.010	0.010	2.000	2.000	2.000	2.000	2.000	2.000	2.000	2.000	7200.000	7200.000	7200.000	7200.000	7200.000	7200.000	7200.000	7200.000
total	1.579	1.579	1.579	1.579	1.579	1.579	1.579	1.579	1.592	1.592	1.592	1.592	1.592	1.592	1.592	1.592	3600024.759	3600024.759	3600024.759	3600024.759	3600024.759	3600024.759	3600024.759	3600024.759	1000.007	1000.007	1000.007	1000.007	1000.007	1000.007	1000.007	1000.007
base	0.250	0.250	0.250	0.250	0.250	0.250	0.250	0.250	0.250	0.250	0.250	0.250	0.250	0.250	0.250	0.250	0.000	0.000	0.000	0.000	0.000	0.000	0.000	0.000	0.000	0.000	0.000	0.000	0.000	0.000	0.000	0.000
dispatch_width	-
rs_full	-
depend	-
depend-int	0.190	0.190	0.190	0.190	0.190	0.190	0.190	0.190	0.189	0.189	0.189	0.189	0.189	0.189	0.189	0.189	0.000	0.000	0.000	0.000	0.000	0.000	0.000	0.000	0.000	0.000	0.000	0.000	0.000	0.000	0.000	0.000
depend-fp	-
depend-branch	0.034	0.034	0.034	0.034	0.034	0.034	0.034	0.034	0.035	0.035	0.035	0.035	0.035	0.035	0.035	0.035	0.000	0.000	0.000	0.000	0.000	0.000	0.000	0.000	0.000	0.000	0.000	0.000	0.000	0.000	0.000	0.000
issue	-
serial	-
smt	-
branch	0.163	0.163	0.163	0.163	0.163	0.163	0.163	0.163	0.172	0.172	0.172	0.172	0.172	0.172	0.172	0.172	0.000	0.000	0.000	0.000	0.000	0.000	0.000	0.000	0.000	0.000	0.000	0.000	0.000	0.000	0.000	0.000
itlb	-
dtlb	-
ifetch	0.426	0.426	0.426	0.426	0.425	0.426	0.426	0.425	0.437	0.437	0.437	0.437	0.437	0.437	0.437	0.437	0.000	0.000	0.000	0.000	0.000	0.000	0.000	0.000	0.000	0.000	0.000	0.000	0.000	0.000	0.000	0.000
mem	-
mem-l1d	0.507	0.507	0.507	0.507	0.507	0.507	0.507	0.507	0.498	0.499	0.498	0.499	0.499	0.499	0.498	0.499	0.000	0.000	0.000	0.000	0.000	0.000	0.000	0.000	0.000	0.000	0.000	0.000	0.000	0.000	0.000	0.000
mem-l2	-
mem-l3	-
mem-l4	-
mem-remote	-
mem-nuca	-
mem-dram-cache	-
mem-dram	-
sync	-
dvfs-transition	-
imbalance	0.000	0.000	0.000	0.000	0.000	0.000	0.000	0.000	0.000	0.000	0.000	0.000	0.000	0.000	0.000	0.000	3592824.759	3592824.759	3592824.759	3592824.759	3592824.759	3592824.759	3592824.759	3592824.759	998.007	998.007	998.007	998.007	998.007	998.007	998.007	998.007
other	0.010	0.010	0.010	0.010	0.010	0.010	0.010	0.010	0.010	0.010	0.010	0.010	0.010	0.010	0.010	0.010	7200.000	7200.000	7200.000	7200.000	7200.000	7200.000	7200.000	7200.000	2.000	2.000	2.000	2.000	2.000	2.000	2.000	2.000
total	1.592	1.592	1.592	1.592	1.593	1.592	1.592	1.592	1.557	1.557	1.557	1.557	1.557	1.557	1.557	1.557	1000.007	1000.007	1000.007	1000.007	1000.007	1000.007	1000.007	1000.007	3600026.860	3600026.860	3600026.860	3600026.860	3600026.860	3600026.860	3600026.860	3600026.860
base	0.250	0.250	0.250	0.250	0.250	0.250	0.250	0.250	0.250	0.250	0.250	0.250	0.250	0.250	0.250	0.250	0.000	0.000	0.000	0.000	0.000	0.000	0.000	0.000	0.000	0.000	0.000	0.000	0.000	0.000	0.000	0.000
dispatch_width	-
rs_full	-
depend	-
depend-int	0.189	0.189	0.189	0.189	0.189	0.189	0.189	0.189	0.188	0.188	0.188	0.188	0.188	0.188	0.188	0.188	0.000	0.000	0.000	0.000	0.000	0.000	0.000	0.000	0.000	0.000	0.000	0.000	0.000	0.000	0.000	0.000
depend-fp	-
depend-branch	0.035	0.035	0.035	0.035	0.035	0.035	0.035	0.035	0.033	0.033	0.033	0.033	0.033	0.033	0.033	0.033	0.000	0.000	0.000	0.000	0.000	0.000	0.000	0.000	0.000	0.000	0.000	0.000	0.000	0.000	0.000	0.000
issue	-
serial	-
smt	-
branch	0.172	0.172	0.172	0.172	0.172	0.172	0.172	0.172	0.158	0.158	0.158	0.158	0.158	0.158	0.158	0.158	0.000	0.000	0.000	0.000	0.000	0.000	0.000	0.000	0.000	0.000	0.000	0.000	0.000	0.000	0.000	0.000
itlb	-
dtlb	-
ifetch	0.437	0.437	0.437	0.437	0.438	0.437	0.437	0.437	0.418	0.418	0.418	0.418	0.418	0.418	0.418	0.418	0.000	0.000	0.000	0.000	0.000	0.000	0.000	0.000	0.000	0.000	0.000	0.000	0.000	0.000	0.000	0.000
mem	-
mem-l1d	0.498	0.499	0.499	0.498	0.499	0.499	0.498	0.499	0.501	0.501	0.501	0.502	0.502	0.502	0.501	0.501	0.000	0.000	0.000	0.000	0.000	0.000	0.000	0.000	0.000	0.000	0.000	0.000	0.000	0.000	0.000	0.000
mem-l2	-
mem-l3	-
mem-l4	-
mem-remote	-
mem-nuca	-
mem-dram-cache	-
mem-dram	-
sync	-
dvfs-transition	-
imbalance	0.000	0.000	0.000	0.000	0.000	0.000	0.000	0.000	0.000	0.000	0.000	0.000	0.000	0.000	0.000	0.000	998.007	998.007	998.007	998.007	998.007	998.007	998.007	998.007	3592826.860	3592826.860	3592826.860	3592826.860	3592826.860	3592826.860	3592826.860	3592826.860
other	0.010	0.010	0.010	0.010	0.010	0.010	0.010	0.010	0.009	0.009	0.009	0.009	0.009	0.009	0.009	0.009	2.000	2.000	2.000	2.000	2.000	2.000	2.000	2.000	7200.000	7200.000	7200.000	7200.000	7200.000	7200.000	7200.000	7200.000
total	1.557	1.557	1.557	1.557	1.556	1.557	1.557	1.557	1.590	1.590	1.590	1.590	1.590	1.590	1.590	1.590	3600020.780	3600020.780	3600020.780	3600020.780	3600020.780	3600020.780	3600020.780	3600020.780	1000.006	1000.006	1000.006	1000.006	1000.006	1000.006	1000.006	1000.006
base	0.250	0.250	0.250	0.250	0.250	0.250	0.250	0.250	0.250	0.250	0.250	0.250	0.250	0.250	0.250	0.250	0.000	0.000	0.000	0.000	0.000	0.000	0.000	0.000	0.000	0.000	0.000	0.000	0.000	0.000	0.000	0.000
dispatch_width	-
rs_full	-
depend	-
depend-int	0.187	0.188	0.187	0.188	0.187	0.188	0.187	0.188	0.191	0.191	0.191	0.191	0.191	0.191	0.191	0.191	0.000	0.000	0.000	0.000	0.000	0.000	0.000	0.000	0.000	0.000	0.000	0.000	0.000	0.000	0.000	0.000
depend-fp	-
depend-branch	0.033	0.033	0.033	0.033	0.033	0.033	0.033	0.033	0.034	0.034	0.034	0.034	0.034	0.034	0.034	0.034	0.000	0.000	0.000	0.000	0.000	0.000	0.000	0.000	0.000	0.000	0.000	0.000	0.000	0.000	0.000	0.000
issue	-
serial	-
smt	-
branch	0.158	0.158	0.158	0.158	0.158	0.158	0.158	0.158	0.163	0.163	0.163	0.163	0.163	0.163	0.163	0.163	0.000	0.000	0.000	0.000	0.000	0.000	0.000	0.000	0.000	0.000	0.000	0.000	0.000	0.000	0.000	0.000
itlb	-
dtlb	-
ifetch	0.418	0.418	0.418	0.418	0.418	0.418	0.418	0.418	0.436	0.436	0.436	0.436	0.436	0.436	0.436	0.436	0.000	0.000	0.000	0.000	0.000	0.000	0.000	0.000	0.000	0.000	0.000	0.000	0.000	0.000	0.000	0.000
mem	-
mem-l1d	0.501	0.501	0.501	0.502	0.501	0.501	0.501	0.501	0.507	0.507	0.507	0.507	0.507	0.507	0.507	0.507	0.000	0.000	0.000	0.000	0.000	0.000	0.000	0.000	0.000	0.000	0.000	0.000	0.000	0.000	0.000	0.000
mem-l2	-
mem-l3	-
mem-l4	-
mem-remote	-
mem-nuca	-
mem-dram-cache	-
mem-dram	-
sync	-
dvfs-transition	-
imbalance	0.000	0.000	0.000	0.000	0.000	0.000	0.000	0.000	0.000	0.000	0.000	0.000	0.000	0.000	0.000	0.000	3592820.780	3592820.780	3592820.780	3592820.780	3592820.780	3592820.780	3592820.780	3592820.780	998.006	998.006	998.006	998.006	998.006	998.006	998.006	998.006
other	0.009	0.009	0.009	0.009	0.009	0.009	0.009	0.009	0.010	0.010	0.010	0.010	0.010	0.010	0.010	0.010	7200.000	7200.000	7200.000	7200.000	7200.000	7200.000	7200.000	7200.000	2.000	2.000	2.000	2.000	2.000	2.000	2.000	2.000
total	1.592	1.591	1.591	1.590	1.593	1.591	1.592	1.591	1.578	1.579	1.578	1.579	1.578	1.579	1.578	1.579	1000.004	1000.004	1000.004	1000.004	1000.004	1000.004	1000.004	1000.004	3600014.619	3600014.619	3600014.619	3600014.619	3600014.619	3600014.619	3600014.619	3600014.619
base	0.250	0.250	0.250	0.250	0.250	0.250	0.250	0.250	0.250	0.250	0.250	0.250	0.250	0.250	0.250	0.250	0.000	0.000	0.000	0.000	0.000	0.000	0.000	0.000	0.000	0.000	0.000	0.000	0.000	0.000	0.000	0.000
dispatch_width	-
rs_full	-
depend	-
depend-int	0.191	0.191	0.191	0.191	0.191	0.191	0.191	0.191	0.190	0.190	0.190	0.190	0.190	0.190	0.190	0.190	0.000	0.000	0.000	0.000	0.000	0.000	0.000	0.000	0.000	0.000	0.000	0.000	0.000	0.000	0.000	0.000
depend-fp	-
depend-branch	0.034	0.034	0.034	0.034	0.034	0.034	0.034	0.034	0.034	0.034	0.034	0.034	0.034	0.034	0.034	0.034	0.000	0.000	0.000	0.000	0.000	0.000	0.000	0.000	0.000	0.000	0.000	0.000	0.000	0.000	0.000	0.000
issue	-
serial	-
smt	-
branch	0.163	0.163	0.163	0.163	0.163	0.163	0.163	0.163	0.164	0.164	0.164	0.164	0.164	0.164	0.164	0.164	0.000	0.000	0.000	0.000	0.000	0.000	0.000	0.000	0.000	0.000	0.000	0.000	0.000	0.000	0.000	0.000
itlb	-
dtlb	-
ifetch	0.437	0.436	0.436	0.436	0.437	0.436	0.437	0.436	0.435	0.436	0.435	0.435	0.435	0.435	0.435	0.435	0.000	0.000	0.000	0.000	0.000	0.000	0.000	0.000	0.000	0.000	0.000	0.000	0.000	0.000	0.000	0.000
mem	-
mem-l1d	0.507	0.507	0.507	0.507	0.508	0.507	0.507	0.507	0.495	0.495	0.495	0.495	0.495	0.495	0.495	0.495	0.000	0.000	0.000	0.000	0.000	0.000	0.000	0.000	0.000	0.000	0.000	0.000	0.000	0.000	0.000	0.000
mem-l2	-
mem-l3	-
mem-l4	-
mem-remote	-
mem-nuca	-
mem-dram-cache	-
mem-dram	-
sync	-
dvfs-transition	-
imbalance	0.000	0.000	0.000	0.000	0.000	0.000	0.000	0.000	0.000	0.000	0.000	0.000	0.000	0.000	0.000	0.000	998.004	998.004	998.004	998.004	998.004	998.004	998.004	998.004	3592814.619	3592814.619	3592814.619	3592814.619	3592814.619	3592814.619	3592814.619	3592814.619
other	0.010	0.010	0.010	0.010	0.010	0.010	0.010	0.010	0.010	0.010	0.010	0.010	0.010	0.010	0.010	0.010	2.000	2.000	2.000	2.000	2.000	2.000	2.000	2.000	7200.000	7200.000	7200.000	7200.000	7200.000	7200.000	7200.000	7200.000
total	1.576	1.578	1.578	1.578	1.575	1.578	1.576	1.578	1.565	1.565	1.565	1.565	1.565	1.565	1.565	1.565	3600017.539	3600017.539	3600017.539	3600017.539	3600017.539	3600017.539	3600017.539	3600017.539	1000.005	1000.005	1000.005	1000.005	1000.005	1000.005	1000.005	1000.005
base	0.250	0.250	0.250	0.250	0.250	0.250	0.250	0.250	0.250	0.250	0.250	0.250	0.250	0.250	0.250	0.250	0.000	0.000	0.000	0.000	0.000	0.000	0.000	0.000	0.000	0.000	0.000	0.000	0.000	0.000	0.000	0.000
dispatch_width	-
rs_full	-
depend	-
depend-int	0.190	0.190	0.190	0.190	0.189	0.190	0.190	0.190	0.188	0.188	0.188	0.188	0.188	0.188	0.188	0.188	0.000	0.000	0.000	0.000	0.000	0.000	0.000	0.000	0.000	0.000	0.000	0.000	0.000	0.000	0.000	0.000
depend-fp	-
depend-branch	0.034	0.034	0.034	0.034	0.034	0.034	0.034	0.034	0.034	0.034	0.034	0.034	0.034	0.034	0.034	0.034	0.000	0.000	0.000	0.000	0.000	0.000	0.000	0.000	0.000	0.000	0.000	0.000	0.000	0.000	0.000	0.000
issue	-
serial	-
smt	-
branch	0.164	0.164	0.164	0.164	0.164	0.164	0.164	0.164	0.161	0.161	0.161	0.161	0.161	0.161	0.161	0.161	0.000	0.000	0.000	0.000	0.000	0.000	0.000	0.000	0.000	0.000	0.000	0.000	0.000	0.000	0.000	0.000
itlb	-
dtlb	-
ifetch	0.434	0.435	0.435	0.435	0.434	0.435	0.434	0.435	0.431	0.431	0.431	0.431	0.431	0.431	0.431	0.431	0.000	0.000	0.000	0.000	0.000	0.000	0.000	0.000	0.000	0.000	0.000	0.000	0.000	0.000	0.000	0.000
mem	-
mem-l1d	0.495	0.495	0.495	0.495	0.494	0.495	0.495	0.495	0.491	0.491	0.491	0.491	0.491	0.491	0.491	0.491	0.000	0.000	0.000	0.000	0.000	0.000	0.000	0.000	0.000	0.000	0.000	0.000	0.000	0.000	0.000	0.000
mem-l2	-
mem-l3	-
mem-l4	-
mem-remote	-
mem-nuca	-
mem-dram-cache	-
mem-dram	-
sync	-
dvfs-transition	-
imbalance	0.000	0.000	0.000	0.000	0.000	0.000	0.000	0.000	0.000	0.000	0.000	0.000	0.000	0.000	0.000	0.000	3592817.539	3592817.539	3592817.539	3592817.539	3592817.539	3592817.539	3592817.539	3592817.539	998.005	998.005	998.005	998.005	998.005	998.005	998.005	998.005
other	0.010	0.010	0.010	0.010	0.010	0.010	0.010	0.010	0.010	0.010	0.010	0.010	0.010	0.010	0.010	0.010	7200.000	7200.000	7200.000	7200.000	7200.000	7200.000	7200.000	7200.000	2.000	2.000	2.000	2.000	2.000	2.000	2.000	2.000
total	1.565	1.565	1.565	1.565	1.567	1.565	1.565	1.565	1.582	1.582	1.582	1.582	1.582	1.582	1.582	1.582	1000.006	1000.006	1000.006	1000.006	1000.006	1000.006	1000.006	1000.006	3600023.359	3600023.359	3600023.359	3600023.359	3600023.359	3600023.359	3600023.359	3600023.359
base	0.250	0.250	0.250	0.250	0.250	0.250	0.250	0.250	0.250	0.250	0.250	0.250	0.250	0.250	0.250	0.250	0.000	0.000	0.000	0.000	0.000	0.000	0.000	0.000	0.000	0.000	0.000	0.000	0.000	0.000	0.000	0.000
dispatch_width	-
rs_full	-
depend	-
depend-int	0.188	0.188	0.188	0.188	0.188	0.188	0.188	0.188	0.189	0.189	0.189	0.189	0.189	0.189	0.189	0.189	0.000	0.000	0.000	0.000	0.000	0.000	0.000	0.000	0.000	0.000	0.000	0.000	0.000	0.000	0.000	0.000
depend-fp	-
depend-branch	0.034	0.034	0.034	0.034	0.034	0.034	0.034	0.034	0.035	0.035	0.035	0.035	0.035	0.035	0.035	0.035	0.000	0.000	0.000	0.000	0.000	0.000	0.000	0.000	0.000	0.000	0.000	0.000	0.000	0.000	0.000	0.000
issue	-
serial	-
smt	-
branch	0.161	0.161	0.161	0.161	0.161	0.161	0.161	0.161	0.160	0.160	0.160	0.160	0.160	0.160	0.160	0.160	0.000	0.000	0.000	0.000	0.000	0.000	0.000	0.000	0.000	0.000	0.000	0.000	0.000	0.000	0.000	0.000
itlb	-
dtlb	-
ifetch	0.432	0.432	0.432	0.431	0.432	0.432	0.432	0.432	0.447	0.447	0.447	0.447	0.447	0.447	0.447	0.447	0.000	0.000	0.000	0.000	0.000	0.000	0.000	0.000	0.000	0.000	0.000	0.000	0.000	0.000	0.000	0.000
mem	-
mem-l1d	0.491	0.491	0.491	0.491	0.491	0.491	0.491	0.491	0.492	0.492	0.492	0.492	0.492	0.492	0.492	0.492	0.000	0.000	0.000	0.000	0.000	0.000	0.000	0.000	0.000	0.000	0.000	0.000	0.000	0.000	0.000	0.000
mem-l2	-
mem-l3	-
mem-l4	-
mem-remote	-
mem-nuca	-
mem-dram-cache	-
mem-dram	-
sync	-
dvfs-transition	-
imbalance	0.000	0.000	0.000	0.000	0.000	0.000	0.000	0.000	0.000	0.000	0.000	0.000	0.000	0.000	0.000	0.000	998.006	998.006	998.006	998.006	998.006	998.006	998.006	998.006	3592823.359	3592823.359	3592823.359	3592823.359	3592823.359	3592823.359	3592823.359	3592823.359
other	0.010	0.010	0.010	0.010	0.010	0.010	0.010	0.010	0.010	0.010	0.010	0.010	0.010	0.010	0.010	0.010	2.000	2.000	2.000	2.000	2.000	2.000	2.000	2.000	7200.000	7200.000	7200.000	7200.000	7200.000	7200.000	7200.000	7200.000
total	1.583	1.583	1.583	1.583	1.582	1.583	1.583	1.583	1.586	1.586	1.586	1.586	1.586	1.586	1.586	1.586	3600012.379	3600012.379	3600012.379	3600012.379	3600012.379	3600012.379	3600012.379	3600012.379	1000.003	1000.003	1000.003	1000.003	1000.003	1000.003	1000.003	1000.003
base	0.250	0.250	0.250	0.250	0.250	0.250	0.250	0.250	0.250	0.250	0.250	0.250	0.250	0.250	0.250	0.250	0.000	0.000	0.000	0.000	0.000	0.000	0.000	0.000	0.000	0.000	0.000	0.000	0.000	0.000	0.000	0.000
dispatch_width	-
rs_full	-
depend	-
depend-int	0.189	0.189	0.189	0.189	0.189	0.189	0.189	0.189	0.191	0.191	0.191	0.191	0.191	0.191	0.191	0.191	0.000	0.000	0.000	0.000	0.000	0.000	0.000	0.000	0.000	0.000	0.000	0.000	0.000	0.000	0.000	0.000
depend-fp	-
depend-branch	0.035	0.035	0.035	0.035	0.035	0.035	0.035	0.035	0.034	0.034	0.034	0.034	0.034	0.034	0.034	0.034	0.000	0.000	0.000	0.000	0.000	0.000	0.000	0.000	0.000	0.000	0.000	0.000	0.000	0.000	0.000	0.000
issue	-
serial	-
smt	-
branch	0.160	0.160	0.160	0.160	0.160	0.160	0.160	0.160	0.162	0.162	0.162	0.162	0.162	0.162	0.162	0.162	0.000	0.000	0.000	0.000	0.000	0.000	0.000	0.000	0.000	0.000	0.000	0.000	0.000	0.000	0.000	0.000
itlb	-
dtlb	-
ifetch	0.447	0.447	0.447	0.447	0.447	0.447	0.447	0.447	0.440	0.440	0.440	0.440	0.440	0.440	0.440	0.440	0.000	0.000	0.000	0.000	0.000	0.000	0.000	0.000	0.000	0.000	0.000	0.000	0.000	0.000	0.000	0.000
mem	-
mem-l1d	0.492	0.492	0.492	0.492	0.491	0.492	0.492	0.492	0.499	0.499	0.499	0.499	0.499	0.499	0.499	0.499	0.000	0.000	0.000	0.000	0.000	0.000	0.000	0.000	0.000	0.000	0.000	0.000	0.000	0.000	0.000	0.000
mem-l2	-
mem-l3	-
mem-l4	-
mem-remote	-
mem-nuca	-
mem-dram-cache	-
mem-dram	-
sync	-
dvfs-transition	-
imbalance	0.000	0.000	0.000	0.000	0.000	0.000	0.000	0.000	0.000	0.000	0.000	0.000	0.000	0.000	0.000	0.000	3592812.379	3592812.379	3592812.379	3592812.379	3592812.379	3592812.379	3592812.379	3592812.379	998.003	998.003	998.003	998.003	998.003	998.003	998.003	998.003
other	0.010	0.010	0.010	0.010	0.010	0.010	0.010	0.010	0.010	0.010	0.010	0.010	0.010	0.010	0.010	0.010	7200.000	7200.000	7200.000	7200.000	7200.000	7200.000	7200.000	7200.000	2.000	2.000	2.000	2.000	2.000	2.000	2.000	2.000
total	1.586	1.586	1.586	1.586	1.586	1.586	1.586	1.586	1.586	1.585	1.586	1.585	1.586	1.585	1.586	1.585	1000.003	1000.003	1000.003	1000.003	1000.003	1000.003	1000.003	1000.003	3600011.299	3600011.299	3600011.299	3600011.299	3600011.299	3600011.299	3600011.299	3600011.299
base	0.250	0.250	0.250	0.250	0.250	0.250	0.250	0.250	0.250	0.250	0.250	0.250	0.250	0.250	0.250	0.250	0.000	0.000	0.000	0.000	0.000	0.000	0.000	0.000	0.000	0.000	0.000	0.000	0.000	0.000	0.000	0.000
dispatch_width	-
rs_full	-
depend	-
depend-int	0.191	0.191	0.191	0.191	0.191	0.191	0.191	0.191	0.192	0.192	0.192	0.192	0.192	0.192	0.192	0.192	0.000	0.000	0.000	0.000	0.000	0.000	0.000	0.000	0.000	0.000	0.000	0.000	0.000	0.000	0.000	0.000
depend-fp	-
depend-branch	0.034	0.034	0.034	0.034	0.034	0.034	0.034	0.034	0.033	0.033	0.033	0.033	0.033	0.033	0.033	0.033	0.000	0.000	0.000	0.000	0.000	0.000	0.000	0.000	0.000	0.000	0.000	0.000	0.000	0.000	0.000	0.000
issue	-
serial	-
smt	-
branch	0.162	0.162	0.162	0.162	0.162	0.162	0.162	0.162	0.158	0.158	0.158	0.158	0.158	0.158	0.158	0.158	0.000	0.000	0.000	0.000	0.000	0.000	0.000	0.000	0.000	0.000	0.000	0.000	0.000	0.000	0.000	0.000
itlb	-
dtlb	-
ifetch	0.440	0.440	0.440	0.440	0.440	0.440	0.440	0.440	0.434	0.434	0.434	0.434	0.434	0.434	0.434	0.434	0.000	0.000	0.000	0.000	0.000	0.000	0.000	0.000	0.000	0.000	0.000	0.000	0.000	0.000	0.000	0.000
mem	-
mem-l1d	0.499	0.499	0.499	0.499	0.499	0.499	0.499	0.499	0.509	0.509	0.509	0.509	0.509	0.509	0.509	0.509	0.000	0.000	0.000	0.000	0.000	0.000	0.000	0.000	0.000	0.000	0.000	0.000	0.000	0.000	0.000	0.000
mem-l2	-
mem-l3	-
mem-l4	-
mem-remote	-
mem-nuca	-
mem-dram-cache	-
mem-dram	-
sync	-
dvfs-transition	-
imbalance	0.000	0.000	0.000	0.000	0.000	0.000	0.000	0.000	0.000	0.000	0.000	0.000	0.000	0.000	0.000	0.000	998.003	998.003	998.003	998.003	998.003	998.003	998.003	998.003	3592811.299	3592811.299	3592811.299	3592811.299	3592811.299	3592811.299	3592811.299	3592811.299
other	0.010	0.010	0.010	0.010	0.010	0.010	0.010	0.010	0.010	0.010	0.010	0.010	0.010	0.010	0.010	0.010	2.000	2.000	2.000	2.000	2.000	2.000	2.000	2.000	7200.000	7200.000	7200.000	7200.000	7200.000	7200.000	7200.000	7200.000
total	1.584	1.585	1.585	1.585	1.584	1.585	1.584	1.585	1.597	1.597	1.597	1.597	1.597	1.597	1.597	1.597	3600022.119	3600022.119	3600022.119	3600022.119	3600022.119	3600022.119	3600022.119	3600022.119	1000.006	1000.006	1000.006	1000.006	1000.006	1000.006	1000.006	1000.006
base	0.250	0.250	0.250	0.250	0.250	0.250	0.250	0.250	0.250	0.250	0.250	0.250	0.250	0.250	0.250	0.250	0.000	0.000	0.000	0.000	0.000	0.000	0.000	0.000	0.000	0.000	0.000	0.000	0.000	0.000	0.000	0.000
dispatch_width	-
rs_full	-
depend	-
depend-int	0.192	0.192	0.192	0.192	0.192	0.192	0.192	0.192	0.192	0.192	0.192	0.192	0.192	0.192	0.192	0.192	0.000	0.000	0.000	0.000	0.000	0.000	0.000	0.000	0.000	0.000	0.000	0.000	0.000	0.000	0.000	0.000
depend-fp	-
depend-branch	0.033	0.033	0.033	0.033	0.033	0.033	0.033	0.033	0.035	0.035	0.035	0.035	0.035	0.035	0.035	0.035	0.000	0.000	0.000	0.000	0.000	0.000	0.000	0.000	0.000	0.000	0.000	0.000	0.000	0.000	0.000	0.000
issue	-
serial	-
smt	-
branch	0.157	0.158	0.158	0.158	0.157	0.158	0.157	0.158	0.164	0.164	0.164	0.164	0.164	0.164	0.164	0.164	0.000	0.000	0.000	0.000	0.000	0.000	0.000	0.000	0.000	0.000	0.000	0.000	0.000	0.000	0.000	0.000
itlb	-
dtlb	-
ifetch	0.434	0.434	0.434	0.434	0.434	0.434	0.434	0.434	0.446	0.446	0.446	0.446	0.446	0.446	0.446	0.446	0.000	0.000	0.000	0.000	0.000	0.000	0.000	0.000	0.000	0.000	0.000	0.000	0.000	0.000	0.000	0.000
mem	-
mem-l1d	0.509	0.509	0.509	0.509	0.509	0.509	0.509	0.509	0.500	0.500	0.500	0.500	0.500	0.500	0.500	0.500	0.000	0.000	0.000	0.000	0.000	0.000	0.000	0.000	0.000	0.000	0.000	0.000	0.000	0.000	0.000	0.000
mem-l2	-
mem-l3	-
mem-l4	-
mem-remote	-
mem-nuca	-
mem-dram-cache	-
mem-dram	-
sync	-
dvfs-transition	-
imbalance	0.000	0.000	0.000	0.000	0.000	0.000	0.000	0.000	0.000	0.000	0.000	0.000	0.000	0.000	0.000	0.000	3592822.119	3592822.119	3592822.119	3592822.119	3592822.119	3592822.119	3592822.119	3592822.119	998.006	998.006	998.006	998.006	998.006	998.006	998.006	998.006
other	0.010	0.010	0.010	0.010	0.010	0.010	0.010	0.010	0.010	0.010	0.010	0.010	0.010	0.010	0.010	0.010	7200.000	7200.000	7200.000	7200.000	7200.000	7200.000	7200.000	7200.000	2.000	2.000	2.000	2.000	2.000	2.000	2.000	2.000
total	1.597	1.597	1.597	1.597	1.598	1.597	1.597	1.597	1.586	1.586	1.586	1.586	1.586	1.586	1.586	1.586	1000.004	1000.004	1000.004	1000.004	1000.004	1000.004	1000.004	1000.004	3600013.139	3600013.139	3600013.139	3600013.139	3600013.139	3600013.139	3600013.139	3600013.139
base	0.250	0.250	0.250	0.250	0.250	0.250	0.250	0.250	0.250	0.250	0.250	0.250	0.250	0.250	0.250	0.250	0.000	0.000	0.000	0.000	0.000	0.000	0.000	0.000	0.000	0.000	0.000	0.000	0.000	0.000	0.000	0.000
dispatch_width	-
rs_full	-
depend	-
depend-int	0.192	0.192	0.192	0.192	0.192	0.192	0.192	0.192	0.190	0.190	0.190	0.190	0.190	0.190	0.190	0.190	0.000	0.000	0.000	0.000	0.000	0.000	0.000	0.000	0.000	0.000	0.000	0.000	0.000	0.000	0.000	0.000
depend-fp	-
depend-branch	0.035	0.035	0.035	0.035	0.035	0.035	0.035	0.035	0.035	0.035	0.035	0.035	0.035	0.035	0.035	0.035	0.000	0.000	0.000	0.000	0.000	0.000	0.000	0.000	0.000	0.000	0.000	0.000	0.000	0.000	0.000	0.000
issue	-
serial	-
smt	-
branch	0.164	0.164	0.164	0.164	0.164	0.164	0.164	0.164	0.163	0.163	0.163	0.163	0.163	0.163	0.163	0.163	0.000	0.000	0.000	0.000	0.000	0.000	0.000	0.000	0.000	0.000	0.000	0.000	0.000	0.000	0.000	0.000
itlb	-
dtlb	-
ifetch	0.446	0.446	0.446	0.446	0.446	0.446	0.446	0.446	0.442	0.441	0.442	0.441	0.442	0.441	0.441	0.441	0.000	0.000	0.000	0.000	0.000	0.000	0.000	0.000	0.000	0.000	0.000	0.000	0.000	0.000	0.000	0.000
mem	-
mem-l1d	0.501	0.500	0.500	0.500	0.501	0.500	0.501	0.500	0.498	0.498	0.498	0.498	0.498	0.498	0.498	0.498	0.000	0.000	0.000	0.000	0.000	0.000	0.000	0.000	0.000	0.000	0.000	0.000	0.000	0.000	0.000	0.000
mem-l2	-
mem-l3	-
mem-l4	-
mem-remote	-
mem-nuca	-
mem-dram-cache	-
mem-dram	-
sync	-
dvfs-transition	-
imbalance	0.000	0.000	0.000	0.000	0.000	0.000	0.000	0.000	0.000	0.000	0.000	0.000	0.000	0.000	0.000	0.000	998.004	998.004	998.004	998.004	998.004	998.004	998.004	998.004	3592813.139	3592813.139	3592813.139	3592813.139	3592813.139	3592813.139	3592813.139	3592813.139
other	0.010	0.010	0.010	0.010	0.010	0.010	0.010	0.010	0.009	0.009	0.009	0.009	0.009	0.009	0.009	0.009	2.000	2.000	2.000	2.000	2.000	2.000	2.000	2.000	7200.000	7200.000	7200.000	7200.000	7200.000	7200.000	7200.000	7200.000
total	1.587	1.587	1.587	1.587	1.588	1.587	1.587	1.587	1.563	1.563	1.563	1.563	1.563	1.563	1.563	1.563	3600008.959	3600008.959	3600008.959	3600008.959	3600008.959	3600008.959	3600008.959	3600008.959	1000.002	1000.002	1000.002	1000.002	1000.002	1000.002	1000.002	1000.002
base	0.250	0.250	0.250	0.250	0.250	0.250	0.250	0.250	0.250	0.250	0.250	0.250	0.250	0.250	0.250	0.250	0.000	0.000	0.000	0.000	0.000	0.000	0.000	0.000	0.000	0.000	0.000	0.000	0.000	0.000	0.000	0.000
dispatch_width	-
rs_full	-
depend	-
depend-int	0.191	0.190	0.190	0.190	0.191	0.190	0.191	0.190	0.189	0.189	0.189	0.189	0.189	0.189	0.189	0.189	0.000	0.000	0.000	0.000	0.000	0.000	0.000	0.000	0.000	0.000	0.000	0.000	0.000	0.000	0.000	0.000
depend-fp	-
depend-branch	0.035	0.035	0.035	0.035	0.035	0.035	0.035	0.035	0.034	0.034	0.034	0.034	0.034	0.034	0.034	0.034	0.000	0.000	0.000	0.000	0.000	0.000	0.000	0.000	0.000	0.000	0.000	0.000	0.000	0.000	0.000	0.000
issue	-
serial	-
smt	-
branch	0.163	0.163	0.163	0.163	0.164	0.163	0.163	0.163	0.155	0.155	0.155	0.155	0.155	0.155	0.155	0.155	0.000	0.000	0.000	0.000	0.000	0.000	0.000	0.000	0.000	0.000	0.000	0.000	0.000	0.000	0.000	0.000
itlb	-
dtlb	-
ifetch	0.442	0.442	0.442	0.442	0.442	0.442	0.442	0.442	0.434	0.434	0.434	0.434	0.434	0.434	0.434	0.434	0.000	0.000	0.000	0.000	0.000	0.000	0.000	0.000	0.000	0.000	0.000	0.000	0.000	0.000	0.000	0.000
mem	-
mem-l1d	0.497	0.498	0.498	0.498	0.497	0.498	0.497	0.498	0.493	0.493	0.493	0.493	0.493	0.493	0.493	0.493	0.000	0.000	0.000	0.000	0.000	0.000	0.000	0.000	0.000	0.000	0.000	0.000	0.000	0.000	0.000	0.000
mem-l2	-
mem-l3	-
mem-l4	-
mem-remote	-
mem-nuca	-
mem-dram-cache	-
mem-dram	-
sync	-
dvfs-transition	-
imbalance	0.000	0.000	0.000	0.000	0.000	0.000	0.000	0.000	0.000	0.000	0.000	0.000	0.000	0.000	0.000	0.000	3592808.959	3592808.959	3592808.959	3592808.959	3592808.959	3592808.959	3592808.959	3592808.959	998.002	998.002	998.002	998.002	998.002	998.002	998.002	998.002
other	0.009	0.009	0.009	0.009	0.009	0.009	0.009	0.009	0.009	0.009	0.009	0.009	0.009	0.009	0.009	0.009	7200.000	7200.000	7200.000	7200.000	7200.000	7200.000	7200.000	7200.000	2.000	2.000	2.000	2.000	2.000	2.000	2.000	2.000
total	1.562	1.562	1.562	1.562	1.563	1.562	1.562	1.562	1.587	1.587	1.587	1.587	1.587	1.587	1.587	1.587	1000.002	1000.002	1000.002	1000.002	1000.002	1000.002	1000.002	1000.002	3600008.879	3600008.879	3600008.879	3600008.879	3600008.879	3600008.879	3600008.879	3600008.879
base	0.250	0.250	0.250	0.250	0.250	0.250	0.250	0.250	0.250	0.250	0.250	0.250	0.250	0.250	0.250	0.250	0.000	0.000	0.000	0.000	0.000	0.000	0.000	0.000	0.000	0.000	0.000	0.000	0.000	0.000	0.000	0.000
dispatch_width	-
rs_full	-
depend	-
depend-int	0.189	0.188	0.189	0.189	0.189	0.189	0.189	0.189	0.193	0.193	0.193	0.193	0.193	0.193	0.193	0.193	0.000	0.000	0.000	0.000	0.000	0.000	0.000	0.000	0.000	0.000	0.000	0.000	0.000	0.000	0.000	0.000
depend-fp	-
depend-branch	0.034	0.034	0.034	0.034	0.034	0.034	0.034	0.034	0.033	0.033	0.033	0.033	0.033	0.033	0.033	0.033	0.000	0.000	0.000	0.000	0.000	0.000	0.000	0.000	0.000	0.000	0.000	0.000	0.000	0.000	0.000	0.000
issue	-
serial	-
smt	-
branch	0.155	0.155	0.155	0.155	0.154	0.155	0.155	0.155	0.145	0.145	0.145	0.145	0.145	0.145	0.145	0.145	0.000	0.000	0.000	0.000	0.000	0.000	0.000	0.000	0.000	0.000	0.000	0.000	0.000	0.000	0.000	0.000
itlb	-
dtlb	-
ifetch	0.433	0.433	0.433	0.433	0.434	0.433	0.433	0.433	0.437	0.437	0.437	0.437	0.437	0.437	0.437	0.437	0.000	0.000	0.000	0.000	0.000	0.000	0.000	0.000	0.000	0.000	0.000	0.000	0.000	0.000	0.000	0.000
mem	-
mem-l1d	0.492	0.492	0.492	0.492	0.493	0.492	0.492	0.492	0.519	0.519	0.519	0.519	0.519	0.519	0.519	0.519	0.000	0.000	0.000	0.000	0.000	0.000	0.000	0.000	0.000	0.000	0.000	0.000	0.000	0.000	0.000	0.000
mem-l2	-
mem-l3	-
mem-l4	-
mem-remote	-
mem-nuca	-
mem-dram-cache	-
mem-dram	-
sync	-
dvfs-transition	-
imbalance	0.000	0.000	0.000	0.000	0.000	0.000	0.000	0.000	0.000	0.000	0.000	0.000	0.000	0.000	0.000	0.000	998.002	998.002	998.002	998.002	998.002	998.002	998.002	998.002	3592808.879	3592808.879	3592808.879	3592808.879	3592808.879	3592808.879	3592808.879	3592808.879
other	0.009	0.009	0.009	0.009	0.009	0.009	0.009	0.009	0.010	0.010	0.010	0.010	0.010	0.010	0.010	0.010	2.000	2.000	2.000	2.000	2.000	2.000	2.000	2.000	7200.000	7200.000	7200.000	7200.000	7200.000	7200.000	7200.000	7200.000
total	1.587	1.587	1.587	1.587	1.585	1.587	1.587	1.587	1.592	1.592	1.592	1.592	1.592	1.592	1.592	1.592	3600015.919	3600015.919	3600015.919	3600015.919	3600015.919	3600015.919	3600015.919	3600015.919	1000.004	1000.004	1000.004	1000.004	1000.004	1000.004	1000.004	1000.004
base	0.250	0.250	0.250	0.250	0.250	0.250	0.250	0.250	0.250	0.250	0.250	0.250	0.250	0.250	0.250	0.250	0.000	0.000	0.000	0.000	0.000	0.000	0.000	0.000	0.000	0.000	0.000	0.000	0.000	0.000	0.000	0.000
dispatch_width	-
rs_full	-
depend	-
depend-int	0.193	0.193	0.193	0.193	0.193	0.193	0.193	0.193	0.189	0.189	0.189	0.189	0.189	0.189	0.189	0.189	0.000	0.000	0.000	0.000	0.000	0.000	0.000	0.000	0.000	0.000	0.000	0.000	0.000	0.000	0.000	0.000
depend-fp	-
depend-branch	0.033	0.033	0.033	0.033	0.033	0.033	0.033	0.033	0.035	0.035	0.035	0.035	0.035	0.035	0.035	0.035	0.000	0.000	0.000	0.000	0.000	0.000	0.000	0.000	0.000	0.000	0.000	0.000	0.000	0.000	0.000	0.000
issue	-
serial	-
smt	-
branch	0.145	0.145	0.145	0.145	0.145	0.145	0.145	0.145	0.173	0.173	0.173	0.173	0.173	0.173	0.173	0.173	0.000	0.000	0.000	0.000	0.000	0.000	0.000	0.000	0.000	0.000	0.000	0.000	0.000	0.000	0.000	0.000
itlb	-
dtlb	-
ifetch	0.437	0.437	0.437	0.437	0.437	0.437	0.437	0.437	0.439	0.438	0.439	0.438	0.439	0.438	0.439	0.438	0.000	0.000	0.000	0.000	0.000	0.000	0.000	0.000	0.000	0.000	0.000	0.000	0.000	0.000	0.000	0.000
mem	-
mem-l1d	0.519	0.519	0.519	0.519	0.518	0.519	0.519	0.519	0.496	0.496	0.496	0.496	0.496	0.496	0.496	0.496	0.000	0.000	0.000	0.000	0.000	0.000	0.000	0.000	0.000	0.000	0.000	0.000	0.000	0.000	0.000	0.000
mem-l2	-
mem-l3	-
mem-l4	-
mem-remote	-
mem-nuca	-
mem-dram-cache	-
mem-dram	-
sync	-
dvfs-transition	-
imbalance	0.000	0.000	0.000	0.000	0.000	0.000	0.000	0.000	0.000	0.000	0.000	0.000	0.000	0.000	0.000	0.000	3592815.919	3592815.919	3592815.919	3592815.919	3592815.919	3592815.919	3592815.919	3592815.919	998.004	998.004	998.004	998.004	998.004	998.004	998.004	998.004
other	0.010	0.010	0.010	0.010	0.010	0.010	0.010	0.010	0.010	0.010	0.010	0.010	0.010	0.010	0.010	0.010	7200.000	7200.000	7200.000	7200.000	7200.000	7200.000	7200.000	7200.000	2.000	2.000	2.000	2.000	2.000	2.000	2.000	2.000
total	1.592	1.592	1.592	1.592	1.592	1.592	1.592	1.592	1.577	1.577	1.577	1.577	1.577	1.577	1.577	1.577	1000.010	1000.010	1000.010	1000.010	1000.010	1000.010	1000.010	1000.010	3600036.719	3600036.719	3600036.719	3600036.719	3600036.719	3600036.719	3600036.719	3600036.719
base	0.250	0.250	0.250	0.250	0.250	0.250	0.250	0.250	0.250	0.250	0.250	0.250	0.250	0.250	0.250	0.250	0.000	0.000	0.000	0.000	0.000	0.000	0.000	0.000	0.000	0.000	0.000	0.000	0.000	0.000	0.000	0.000
dispatch_width	-
rs_full	-
depend	-
depend-int	0.189	0.189	0.189	0.189	0.189	0.189	0.189	0.189	0.189	0.189	0.189	0.189	0.189	0.189	0.189	0.189	0.000	0.000	0.000	0.000	0.000	0.000	0.000	0.000	0.000	0.000	0.000	0.000	0.000	0.000	0.000	0.000
depend-fp	-
depend-branch	0.035	0.035	0.035	0.035	0.035	0.035	0.035	0.035	0.034	0.034	0.034	0.034	0.034	0.034	0.034	0.034	0.000	0.000	0.000	0.000	0.000	0.000	0.000	0.000	0.000	0.000	0.000	0.000	0.000	0.000	0.000	0.000
issue	-
serial	-
smt	-
branch	0.173	0.173	0.173	0.173	0.173	0.173	0.173	0.173	0.159	0.159	0.159	0.159	0.159	0.159	0.159	0.159	0.000	0.000	0.000	0.000	0.000	0.000	0.000	0.000	0.000	0.000	0.000	0.000	0.000	0.000	0.000	0.000
itlb	-
dtlb	-
ifetch	0.439	0.439	0.439	0.439	0.438	0.439	0.439	0.439	0.430	0.430	0.430	0.430	0.430	0.430	0.430	0.430	0.000	0.000	0.000	0.000	0.000	0.000	0.000	0.000	0.000	0.000	0.000	0.000	0.000	0.000	0.000	0.000
mem	-
mem-l1d	0.496	0.496	0.496	0.496	0.496	0.496	0.496	0.496	0.506	0.506	0.506	0.506	0.506	0.506	0.506	0.506	0.000	0.000	0.000	0.000	0.000	0.000	0.000	0.000	0.000	0.000	0.000	0.000	0.000	0.000	0.000	0.000
mem-l2	-
mem-l3	-
mem-l4	-
mem-remote	-
mem-nuca	-
mem-dram-cache	-
mem-dram	-
sync	-
dvfs-transition	-
imbalance	0.000	0.000	0.000	0.000	0.000	0.000	0.000	0.000	0.000	0.000	0.000	0.000	0.000	0.000	0.000	0.000	998.010	998.010	998.010	998.010	998.010	998.010	998.010	998.010	3592836.719	3592836.719	3592836.719	3592836.719	3592836.719	3592836.719	3592836.719	3592836.719
other	0.010	0.010	0.010	0.010	0.010	0.010	0.010	0.010	0.009	0.009	0.009	0.009	0.009	0.009	0.009	0.009	2.000	2.000	2.000	2.000	2.000	2.000	2.000	2.000	7200.000	7200.000	7200.000	7200.000	7200.000	7200.000	7200.000	7200.000
total	1.577	1.577	1.577	1.577	1.577	1.577	1.577	1.577	1.593	1.593	1.593	1.593	1.593	1.593	1.593	1.593	3600024.639	3600024.639	3600024.639	3600024.639	3600024.639	3600024.639	3600024.639	3600024.639	1000.007	1000.007	1000.007	1000.007	1000.007	1000.007	1000.007	1000.007
base	0.250	0.250	0.250	0.250	0.250	0.250	0.250	0.250	0.250	0.250	0.250	0.250	0.250	0.250	0.250	0.250	0.000	0.000	0.000	0.000	0.000	0.000	0.000	0.000	0.000	0.000	0.000	0.000	0.000	0.000	0.000	0.000
dispatch_width	-
rs_full	-
depend	-
depend-int	0.189	0.189	0.189	0.189	0.189	0.189	0.189	0.189	0.190	0.190	0.190	0.190	0.190	0.190	0.190	0.190	0.000	0.000	0.000	0.000	0.000	0.000	0.000	0.000	0.000	0.000	0.000	0.000	0.000	0.000	0.000	0.000
depend-fp	-
depend-branch	0.034	0.034	0.034	0.034	0.034	0.034	0.034	0.034	0.035	0.035	0.035	0.035	0.035	0.035	0.035	0.035	0.000	0.000	0.000	0.000	0.000	0.000	0.000	0.000	0.000	0.000	0.000	0.000	0.000	0.000	0.000	0.000
issue	-
serial	-
smt	-
branch	0.159	0.159	0.159	0.159	0.159	0.159	0.159	0.159	0.159	0.159	0.159	0.159	0.159	0.159	0.159	0.159	0.000	0.000	0.000	0.000	0.000	0.000	0.000	0.000	0.000	0.000	0.000	0.000	0.000	0.000	0.000	0.000
itlb	-
dtlb	-
ifetch	0.430	0.430	0.430	0.430	0.430	0.430	0.430	0.430	0.449	0.449	0.449	0.449	0.449	0.449	0.449	0.449	0.000	0.000	0.000	0.000	0.000	0.000	0.000	0.000	0.000	0.000	0.000	0.000	0.000	0.000	0.000	0.000
mem	-
mem-l1d	0.506	0.506	0.506	0.506	0.506	0.506	0.506	0.506	0.500	0.500	0.500	0.500	0.500	0.500	0.500	0.500	0.000	0.000	0.000	0.000	0.000	0.000	0.000	0.000	0.000	0.000	0.000	0.000	0.000	0.000	0.000	0.000
mem-l2	-
mem-l3	-
mem-l4	-
mem-remote	-
mem-nuca	-
mem-dram-cache	-
mem-dram	-
sync	-
dvfs-transition	-
imbalance	0.000	0.000	0.000	0.000	0.000	0.000	0.000	0.000	0.000	0.000	0.000	0.000	0.000	0.000	0.000	0.000	3592824.639	3592824.639	3592824.639	3592824.639	3592824.639	3592824.639	3592824.639	3592824.639	998.007	998.007	998.007	998.007	998.007	998.007	998.007	998.007
other	0.009	0.009	0.009	0.009	0.009	0.009	0.009	0.009	0.010	0.010	0.010	0.010	0.010	0.010	0.010	0.010	7200.000	7200.000	7200.000	7200.000	7200.000	7200.000	7200.000	7200.000	2.000	2.000	2.000	2.000	2.000	2.000	2.000	2.000
total	1.593	1.593	1.593	1.593	1.593	1.593	1.593	1.593	1.577	1.577	1.577	1.577	1.577	1.577	1.577	1.577	1000.003	1000.003	1000.003	1000.003	1000.003	1000.003	1000.003	1000.003	3600011.679	3600011.679	3600011.679	3600011.679	3600011.679	3600011.679	3600011.679	3600011.679
base	0.250	0.250	0.250	0.250	0.250	0.250	0.250	0.250	0.250	0.250	0.250	0.250	0.250	0.250	0.250	0.250	0.000	0.000	0.000	0.000	0.000	0.000	0.000	0.000	0.000	0.000	0.000	0.000	0.000	0.000	0.000	0.000
dispatch_width	-
rs_full	-
depend	-
depend-int	0.190	0.190	0.190	0.190	0.190	0.190	0.190	0.190	0.190	0.190	0.190	0.190	0.190	0.190	0.190	0.190	0.000	0.000	0.000	0.000	0.000	0.000	0.000	0.000	0.000	0.000	0.000	0.000	0.000	0.000	0.000	0.000
depend-fp	-
depend-branch	0.035	0.035	0.035	0.035	0.035	0.035	0.035	0.035	0.034	0.034	0.034	0.034	0.034	0.034	0.034	0.034	0.000	0.000	0.000	0.000	0.000	0.000	0.000	0.000	0.000	0.000	0.000	0.000	0.000	0.000	0.000	0.000
issue	-
serial	-
smt	-
branch	0.159	0.159	0.159	0.159	0.159	0.159	0.159	0.159	0.163	0.163	0.163	0.163	0.163	0.163	0.163	0.163	0.000	0.000	0.000	0.000	0.000	0.000	0.000	0.000	0.000	0.000	0.000	0.000	0.000	0.000	0.000	0.000
itlb	-
dtlb	-
ifetch	0.449	0.449	0.449	0.449	0.449	0.449	0.449	0.449	0.432	0.432	0.432	0.432	0.432	0.432	0.432	0.432	0.000	0.000	0.000	0.000	0.000	0.000	0.000	0.000	0.000	0.000	0.000	0.000	0.000	0.000	0.000	0.000
mem	-
mem-l1d	0.500	0.500	0.500	0.500	0.500	0.500	0.500	0.500	0.498	0.498	0.498	0.498	0.498	0.498	0.498	0.498	0.000	0.000	0.000	0.000	0.000	0.000	0.000	0.000	0.000	0.000	0.000	0.000	0.000	0.000	0.000	0.000
mem-l2	-
mem-l3	-
mem-l4	-
mem-remote	-
mem-nuca	-
mem-dram-cache	-
mem-dram	-
sync	-
dvfs-transition	-
imbalance	0.000	0.000	0.000	0.000	0.000	0.000	0.000	0.000	0.000	0.000	0.000	0.000	0.000	0.000	0.000	0.000	998.003	998.003	998.003	998.003	998.003	998.003	998.003	998.003	3592811.679	3592811.679	3592811.679	3592811.679	3592811.679	3592811.679	3592811.679	3592811.679
other	0.010	0.010	0.010	0.010	0.010	0.010	0.010	0.010	0.010	0.010	0.010	0.010	0.010	0.010	0.010	0.010	2.000	2.000	2.000	2.000	2.000	2.000	2.000	2.000	7200.000	7200.000	7200.000	7200.000	7200.000	7200.000	7200.000	7200.000
total	1.578	1.578	1.578	1.577	1.577	1.578	1.578	1.578	1.598	1.597	1.598	1.597	1.598	1.597	1.598	1.598	3600019.599	3600019.599	3600019.599	3600019.599	3600019.599	3600019.599	3600019.599	3600019.599	1000.005	1000.005	1000.005	1000.005	1000.005	1000.005	1000.005	1000.005
base	0.250	0.250	0.250	0.250	0.250	0.250	0.250	0.250	0.250	0.250	0.250	0.250	0.250	0.250	0.250	0.250	0.000	0.000	0.000	0.000	0.000	0.000	0.000	0.000	0.000	0.000	0.000	0.000	0.000	0.000	0.000	0.000
dispatch_width	-
rs_full	-
depend	-
depend-int	0.190	0.190	0.190	0.190	0.190	0.190	0.190	0.190	0.191	0.191	0.191	0.191	0.191	0.191	0.191	0.191	0.000	0.000	0.000	0.000	0.000	0.000	0.000	0.000	0.000	0.000	0.000	0.000	0.000	0.000	0.000	0.000
depend-fp	-
depend-branch	0.034	0.034	0.034	0.034	0.034	0.034	0.034	0.034	0.036	0.036	0.036	0.036	0.036	0.036	0.036	0.036	0.000	0.000	0.000	0.000	0.000	0.000	0.000	0.000	0.000	0.000	0.000	0.000	0.000	0.000	0.000	0.000
issue	-
serial	-
smt	-
branch	0.163	0.163	0.163	0.163	0.163	0.163	0.163	0.163	0.176	0.176	0.176	0.176	0.176	0.176	0.176	0.176	0.000	0.000	0.000	0.000	0.000	0.000	0.000	0.000	0.000	0.000	0.000	0.000	0.000	0.000	0.000	0.000
itlb	-
dtlb	-
ifetch	0.432	0.432	0.432	0.432	0.432	0.432	0.432	0.432	0.444	0.444	0.444	0.444	0.444	0.444	0.444	0.444	0.000	0.000	0.000	0.000	0.000	0.000	0.000	0.000	0.000	0.000	0.000	0.000	0.000	0.000	0.000	0.000
mem	-
mem-l1d	0.499	0.499	0.499	0.499	0.499	0.499	0.499	0.499	0.491	0.491	0.491	0.491	0.491	0.491	0.491	0.491	0.000	0.000	0.000	0.000	0.000	0.000	0.000	0.000	0.000	0.000	0.000	0.000	0.000	0.000	0.000	0.000
mem-l2	-
mem-l3	-
mem-l4	-
mem-remote	-
mem-nuca	-
mem-dram-cache	-
mem-dram	-
sync	-
dvfs-transition	-
imbalance	0.000	0.000	0.000	0.000	0.000	0.000	0.000	0.000	0.000	0.000	0.000	0.000	0.000	0.000	0.000	0.000	3592819.599	3592819.599	3592819.599	3592819.599	3592819.599	3592819.599	3592819.599	3592819.599	998.005	998.005	998.005	998.005	998.005	998.005	998.005	998.005
other	0.010	0.010	0.010	0.010	0.010	0.010	0.010	0.010	0.009	0.009	0.009	0.009	0.009	0.009	0.009	0.009	7200.000	7200.000	7200.000	7200.000	7200.000	7200.000	7200.000	7200.000	2.000	2.000	2.000	2.000	2.000	2.000	2.000	2.000
total	1.597	1.597	1.597	1.597	1.597	1.597	1.597	1.597	12.901	12.870	12.903	12.871	12.909	12.880	12.897	12.884	1000.003	1000.003	1000.003	1000.003	1000.003	1000.003	1000.003	1000.003	3600010.519	3600010.519	3600010.519	3600010.519	3600010.519	3600010.519	3600010.519	3600010.519
base	0.250	0.250	0.250	0.250	0.250	0.250	0.250	0.250	0.250	0.250	0.250	0.250	0.250	0.250	0.250	0.250	0.000	0.000	0.000	0.000	0.000	0.000	0.000	0.000	0.000	0.000	0.000	0.000	0.000	0.000	0.000	0.000
dispatch_width	-
rs_full	-
depend	-
depend-int	0.191	0.191	0.191	0.191	0.191	0.191	0.191	0.191	0.190	0.190	0.190	0.190	0.190	0.190	0.190	0.190	0.000	0.000	0.000	0.000	0.000	0.000	0.000	0.000	0.000	0.000	0.000	0.000	0.000	0.000	0.000	0.000
depend-fp	-
depend-branch	0.036	0.036	0.036	0.036	0.036	0.036	0.036	0.036	0.000	0.000	0.000	0.000	0.000	0.000	0.000	0.000	0.000	0.000	0.000	0.000	0.000	0.000	0.000	0.000	0.000	0.000	0.000	0.000	0.000	0.000	0.000	0.000
issue	-
serial	-
smt	-
branch	0.176	0.176	0.176	0.176	0.176	0.176	0.176	0.176	0.183	0.183	0.183	0.183	0.183	0.183	0.183	0.183	0.000	0.000	0.000	0.000	0.000	0.000	0.000	0.000	0.000	0.000	0.000	0.000	0.000	0.000	0.000	0.000
itlb	-
dtlb	-
ifetch	0.444	0.444	0.444	0.444	0.444	0.444	0.444	0.444	0.455	0.455	0.455	0.455	0.455	0.455	0.455	0.455	0.000	0.000	0.000	0.000	0.000	0.000	0.000	0.000	0.000	0.000	0.000	0.000	0.000	0.000	0.000	0.000
mem	-
mem-l1d	0.491	0.491	0.491	0.491	0.491	0.491	0.491	0.491	0.495	0.495	0.494	0.495	0.494	0.495	0.495	0.495	0.000	0.000	0.000	0.000	0.000	0.000	0.000	0.000	0.000	0.000	0.000	0.000	0.000	0.000	0.000	0.000
mem-l2	-
mem-l3	-
mem-l4	-
mem-remote	-
mem-nuca	-
mem-dram-cache	-
mem-dram	-
sync	-
dvfs-transition	-
imbalance	0.000	0.000	0.000	0.000	0.000	0.000	0.000	0.000	11.280	11.250	11.282	11.251	11.289	11.259	11.276	11.263	998.003	998.003	998.003	998.003	998.003	998.003	998.003	998.003	3592810.519	3592810.519	3592810.519	3592810.519	3592810.519	3592810.519	3592810.519	3592810.519
other	0.009	0.009	0.009	0.009	0.009	0.009	0.009	0.009	0.047	0.047	0.047	0.047	0.047	0.047	0.047	0.047	2.000	2.000	2.000	2.000	2.000	2.000	2.000	2.000	7200.000	7200.000	7200.000	7200.000	7200.000	7200.000	7200.000	7200.000
