pcb_C_0	329.7483
pcb_C_1	330.5960
pcb_C_2	330.9746
pcb_C_3	331.1299
pcb_C_4	331.1299
pcb_C_5	330.9746
pcb_C_6	330.5960
pcb_C_7	329.7483
pcb_C_8	329.3851
pcb_C_9	330.1233
pcb_C_10	330.5122
pcb_C_11	330.6867
pcb_C_12	330.6867
pcb_C_13	330.5122
pcb_C_14	330.1233
pcb_C_15	329.3851
pcb_C_16	328.8177
pcb_C_17	329.1397
pcb_C_18	329.3868
pcb_C_19	329.5190
pcb_C_20	329.5190
pcb_C_21	329.3868
pcb_C_22	329.1397
pcb_C_23	328.8177
pcb_C_24	328.4038
pcb_C_25	328.4055
pcb_C_26	328.5098
pcb_C_27	328.5847
pcb_C_28	328.5847
pcb_C_29	328.5098
pcb_C_30	328.4055
pcb_C_31	328.4038
solder_C_0	330.1852
solder_C_1	330.9699
solder_C_2	331.3540
solder_C_3	331.5167
solder_C_4	331.5168
solder_C_5	331.3540
solder_C_6	330.9699
solder_C_7	330.1852
solder_C_8	329.7955
solder_C_9	330.4693
solder_C_10	330.8659
solder_C_11	331.0487
solder_C_12	331.0487
solder_C_13	330.8659
solder_C_14	330.4692
solder_C_15	329.7955
solder_C_16	328.8450
solder_C_17	329.0643
solder_C_18	329.3237
solder_C_19	329.4667
solder_C_20	329.4667
solder_C_21	329.3237
solder_C_22	329.0643
solder_C_23	328.8450
solder_C_24	328.3271
solder_C_25	328.2235
solder_C_26	328.3426
solder_C_27	328.4292
solder_C_28	328.4292
solder_C_29	328.3426
solder_C_30	328.2235
solder_C_31	328.3271
sub_C_0	330.3010
sub_C_1	331.0879
sub_C_2	331.4787
sub_C_3	331.6447
sub_C_4	331.6449
sub_C_5	331.4788
sub_C_6	331.0879
sub_C_7	330.3010
sub_C_8	329.9246
sub_C_9	330.6125
sub_C_10	331.0167
sub_C_11	331.2025
sub_C_12	331.2025
sub_C_13	331.0167
sub_C_14	330.6124
sub_C_15	329.9246
sub_C_16	328.7310
sub_C_17	328.9897
sub_C_18	329.2617
sub_C_19	329.4088
sub_C_20	329.4088
sub_C_21	329.2617
sub_C_22	328.9896
sub_C_23	328.7310
sub_C_24	328.1878
sub_C_25	328.1346
sub_C_26	328.2686
sub_C_27	328.3601
sub_C_28	328.3601
sub_C_29	328.2686
sub_C_30	328.1346
sub_C_31	328.1878
layer_3_C_0	331.3443
layer_3_C_1	332.2223
layer_3_C_2	332.6708
layer_3_C_3	332.8647
layer_3_C_4	332.8657
layer_3_C_5	332.6709
layer_3_C_6	332.2222
layer_3_C_7	331.3444
layer_3_C_8	331.1674
layer_3_C_9	332.0506
layer_3_C_10	332.5301
layer_3_C_11	332.7446
layer_3_C_12	332.7444
layer_3_C_13	332.5302
layer_3_C_14	332.0504
layer_3_C_15	331.1675
layer_3_C_16	327.5733
layer_3_C_17	328.2174
layer_3_C_18	328.6132
layer_3_C_19	328.7995
layer_3_C_20	328.7995
layer_3_C_21	328.6132
layer_3_C_22	328.2174
layer_3_C_23	327.5733
layer_3_C_24	326.8550
layer_3_C_25	327.2589
layer_3_C_26	327.5367
layer_3_C_27	327.6738
layer_3_C_28	327.6738
layer_3_C_29	327.5367
layer_3_C_30	327.2589
layer_3_C_31	326.8550
layer_4_TB_0	331.1435
layer_4_TB_1	332.0216
layer_4_TB_2	332.4699
layer_4_TB_3	332.6638
layer_4_TB_4	332.6647
layer_4_TB_5	332.4700
layer_4_TB_6	332.0215
layer_4_TB_7	331.1436
layer_4_TB_8	330.9642
layer_4_TB_9	331.8476
layer_4_TB_10	332.3270
layer_4_TB_11	332.5414
layer_4_TB_12	332.5413
layer_4_TB_13	332.3271
layer_4_TB_14	331.8474
layer_4_TB_15	330.9643
layer_4_TB_16	327.5708
layer_4_TB_17	328.2155
layer_4_TB_18	328.6114
layer_4_TB_19	328.7977
layer_4_TB_20	328.7977
layer_4_TB_21	328.6114
layer_4_TB_22	328.2155
layer_4_TB_23	327.5708
layer_4_TB_24	326.8534
layer_4_TB_25	327.2579
layer_4_TB_26	327.5358
layer_4_TB_27	327.6730
layer_4_TB_28	327.6730
layer_4_TB_29	327.5358
layer_4_TB_30	327.2579
layer_4_TB_31	326.8534
hsp_TB_0	329.1354
hsp_TB_1	330.0143
hsp_TB_2	330.4613
hsp_TB_3	330.6546
hsp_TB_4	330.6549
hsp_TB_5	330.4613
hsp_TB_6	330.0143
hsp_TB_7	329.1354
hsp_TB_8	328.9319
hsp_TB_9	329.8176
hsp_TB_10	330.2962
hsp_TB_11	330.5100
hsp_TB_12	330.5100
hsp_TB_13	330.2963
hsp_TB_14	329.8175
hsp_TB_15	328.9319
hsp_TB_16	327.5455
hsp_TB_17	328.1959
hsp_TB_18	328.5931
hsp_TB_19	328.7798
hsp_TB_20	328.7798
hsp_TB_21	328.5931
hsp_TB_22	328.1959
hsp_TB_23	327.5456
hsp_TB_24	326.8377
hsp_TB_25	327.2474
hsp_TB_26	327.5265
hsp_TB_27	327.6640
hsp_TB_28	327.6640
hsp_TB_29	327.5265
hsp_TB_30	327.2474
hsp_TB_31	326.8377
hsink_TB_0	328.3176
hsink_TB_1	329.1602
hsink_TB_2	329.6041
hsink_TB_3	329.7969
hsink_TB_4	329.7970
hsink_TB_5	329.6041
hsink_TB_6	329.1602
hsink_TB_7	328.3176
hsink_TB_8	328.1595
hsink_TB_9	329.0130
hsink_TB_10	329.4891
hsink_TB_11	329.7024
hsink_TB_12	329.7025
hsink_TB_13	329.4891
hsink_TB_14	329.0130
hsink_TB_15	328.1595
hsink_TB_16	327.4504
hsink_TB_17	328.0966
hsink_TB_18	328.4935
hsink_TB_19	328.6802
hsink_TB_20	328.6802
hsink_TB_21	328.4935
hsink_TB_22	328.0966
hsink_TB_23	327.4504
hsink_TB_24	326.8220
hsink_TB_25	327.2332
hsink_TB_26	327.5127
hsink_TB_27	327.6503
hsink_TB_28	327.6503
hsink_TB_29	327.5127
hsink_TB_30	327.2332
hsink_TB_31	326.8220
inode_0	326.1891
inode_1	326.1891
inode_2	325.4879
inode_3	327.2302
inode_4	326.1711
inode_5	326.1711
inode_6	325.4789
inode_7	327.2152
inode_8	325.4489
inode_9	325.4489
inode_10	324.6358
inode_11	326.1724
inode_12	329.1971
inode_13	329.1972
inode_14	327.9936
inode_15	330.6240
inode_16	329.1944
inode_17	329.1944
inode_18	327.9934
inode_19	330.6230
inode_20	328.4935
inode_21	328.4935
inode_22	327.9256
inode_23	330.4914
inode_24	326.0784
inode_25	326.0784
inode_26	325.1485
inode_27	326.9853
