C_0	C_1	C_2	C_3	C_4	C_5	C_6	C_7	C_8	C_9	C_10	C_11	C_12	C_13	C_14	C_15	C_16	C_17	C_18	C_19	C_20	C_21	C_22	C_23	C_24	C_25	C_26	C_27	C_28	C_29	C_30	C_31	
68.65	69.54	69.54	68.69	69.48	70.82	70.82	69.46	69.44	70.79	70.79	69.46	68.73	69.61	69.61	68.68	66.38	67.26	67.24	66.42	67.16	68.43	68.39	67.09	67.13	68.43	68.39	67.09	66.36	67.17	67.15	66.29
68.67	69.57	69.57	68.76	69.46	70.72	70.72	69.40	69.37	70.67	70.67	69.43	68.84	69.70	69.69	68.74	66.20	67.12	67.11	66.28	66.87	68.07	68.05	66.79	66.80	68.07	68.05	66.82	66.16	66.94	66.93	66.05
68.46	69.36	69.36	68.60	69.22	70.40	70.40	69.13	69.08	70.33	70.34	69.18	68.70	69.53	69.52	68.56	66.11	67.04	67.04	66.23	66.71	67.85	67.83	66.61	66.60	67.83	67.83	66.66	66.06	66.80	66.79	65.92
68.46	69.35	69.36	68.63	69.19	70.32	70.32	69.08	69.01	70.23	70.24	69.14	68.74	69.55	69.54	68.57	66.05	67.00	67.00	66.20	66.60	67.68	67.67	66.48	66.45	67.66	67.65	66.54	65.99	66.71	66.69	65.83
68.46	69.35	69.36	68.66	69.18	70.26	70.25	69.04	68.97	70.16	70.17	69.12	68.78	69.58	69.56	68.59	66.02	66.97	66.97	66.19	66.53	67.56	67.55	66.39	66.35	67.52	67.52	66.45	65.95	66.64	66.62	65.77
68.47	69.35	69.37	68.69	69.17	70.21	70.20	69.01	68.93	70.10	70.11	69.11	68.82	69.60	69.58	68.60	65.99	66.95	66.96	66.19	66.48	67.46	67.45	66.31	66.26	67.41	67.42	66.39	65.92	66.58	66.57	65.72
68.47	69.36	69.37	68.72	69.17	70.17	70.15	68.99	68.90	70.05	70.06	69.10	68.85	69.62	69.60	68.61	65.98	66.94	66.95	66.19	66.44	67.39	67.37	66.26	66.20	67.32	67.33	66.34	65.90	66.55	66.53	65.68
68.48	69.36	69.38	68.75	69.17	70.13	70.11	68.96	68.88	70.00	70.02	69.10	68.89	69.63	69.62	68.62	65.97	66.93	66.94	66.20	66.42	67.32	67.31	66.21	66.15	67.25	67.26	66.31	65.90	66.52	66.50	65.66
68.48	69.36	69.38	68.77	69.16	70.09	70.08	68.94	68.85	69.96	69.98	69.10	68.91	69.65	69.63	68.63	65.97	66.93	66.94	66.22	66.40	67.27	67.26	66.18	66.11	67.19	67.20	66.28	65.90	66.50	66.48	65.64
68.49	69.36	69.39	68.80	69.17	70.06	70.05	68.93	68.83	69.93	69.95	69.10	68.95	69.66	69.64	68.65	65.97	66.92	66.94	66.23	66.39	67.23	67.21	66.15	66.07	67.13	67.14	66.25	65.89	66.47	66.45	65.62
68.49	69.37	69.39	68.82	69.17	70.04	70.02	68.91	68.82	69.90	69.92	69.11	68.97	69.68	69.65	68.66	65.96	66.92	66.94	66.24	66.38	67.19	67.16	66.12	66.03	67.08	67.10	66.24	65.89	66.46	66.43	65.61
68.50	69.37	69.40	68.85	69.17	70.01	69.99	68.90	68.81	69.88	69.90	69.11	69.00	69.69	69.66	68.67	65.96	66.91	66.94	66.26	66.37	67.15	67.12	66.10	66.00	67.03	67.05	66.22	65.90	66.44	66.41	65.60
68.50	69.37	69.40	68.87	69.18	69.99	69.96	68.89	68.79	69.85	69.88	69.12	69.02	69.70	69.67	68.67	65.96	66.91	66.94	66.27	66.37	67.12	67.09	66.08	65.97	66.99	67.01	66.21	65.90	66.43	66.40	65.59
68.50	69.37	69.41	68.89	69.18	69.97	69.94	68.87	68.78	69.82	69.86	69.13	69.05	69.71	69.67	68.68	65.96	66.91	66.94	66.29	66.37	67.09	67.06	66.06	65.95	66.95	66.97	66.19	65.91	66.42	66.39	65.58
68.51	69.37	69.41	68.91	69.19	69.95	69.91	68.86	68.77	69.80	69.84	69.13	69.07	69.72	69.68	68.69	65.96	66.91	66.94	66.30	66.37	67.07	67.03	66.04	65.92	66.91	66.94	66.18	65.91	66.41	66.37	65.57
68.51	69.37	69.41	68.93	69.19	69.93	69.89	68.85	68.76	69.78	69.82	69.14	69.09	69.72	69.68	68.69	65.96	66.90	66.94	66.32	66.37	67.04	67.00	66.02	65.90	66.88	66.91	66.18	65.92	66.40	66.36	65.56
68.75	69.62	69.66	69.19	69.44	70.16	70.12	69.08	68.99	70.01	70.06	69.40	69.35	69.98	69.93	68.93	65.96	66.90	66.94	66.33	66.37	67.02	66.98	66.01	65.88	66.84	66.87	66.17	65.92	66.39	66.35	65.55
68.79	69.65	69.70	69.24	69.48	70.18	70.14	69.11	69.01	70.03	70.08	69.44	69.41	70.01	69.96	68.97	65.96	66.89	66.94	66.34	66.37	67.00	66.96	65.99	65.86	66.81	66.84	66.16	65.92	66.38	66.33	65.54
68.81	69.67	69.73	69.28	69.51	70.18	70.14	69.12	69.02	70.03	70.08	69.47	69.44	70.04	69.98	68.99	65.95	66.89	66.94	66.35	66.38	66.98	66.94	65.98	65.84	66.78	66.81	66.15	65.93	66.37	66.32	65.53
68.83	69.69	69.74	69.31	69.53	70.18	70.14	69.12	69.03	70.03	70.09	69.49	69.47	70.05	70.00	69.01	65.95	66.88	66.93	66.37	66.38	66.97	66.92	65.97	65.82	66.75	66.79	66.15	65.93	66.36	66.31	65.52
68.84	69.69	69.76	69.34	69.54	70.18	70.13	69.12	69.03	70.02	70.08	69.51	69.50	70.06	70.00	69.01	65.95	66.88	66.93	66.38	66.39	66.95	66.90	65.96	65.80	66.72	66.76	66.14	65.93	66.35	66.29	65.51
68.84	69.70	69.77	69.36	69.56	70.17	70.12	69.12	69.03	70.02	70.08	69.53	69.52	70.07	70.01	69.02	65.95	66.87	66.93	66.39	66.39	66.94	66.88	65.95	65.78	66.69	66.73	66.13	65.94	66.34	66.28	65.51
68.85	69.71	69.78	69.38	69.57	70.17	70.11	69.12	69.02	70.01	70.08	69.54	69.54	70.08	70.01	69.02	65.94	66.86	66.92	66.40	66.40	66.92	66.86	65.94	65.76	66.66	66.71	66.13	65.94	66.33	66.27	65.50
68.86	69.71	69.78	69.40	69.58	70.16	70.10	69.11	69.02	70.00	70.07	69.55	69.56	70.08	70.01	69.03	65.94	66.85	66.92	66.40	66.40	66.91	66.84	65.93	65.74	66.63	66.69	66.12	65.94	66.32	66.25	65.49
68.86	69.71	69.79	69.42	69.59	70.15	70.09	69.11	69.02	69.99	70.07	69.57	69.58	70.08	70.01	69.03	65.93	66.85	66.91	66.41	66.41	66.90	66.83	65.92	65.73	66.61	66.66	66.12	65.95	66.31	66.24	65.48
68.86	69.71	69.79	69.44	69.61	70.15	70.08	69.10	69.01	69.98	70.06	69.58	69.59	70.09	70.01	69.03	65.93	66.84	66.91	66.42	66.41	66.88	66.81	65.91	65.71	66.58	66.64	66.11	65.95	66.30	66.23	65.47
68.86	69.71	69.80	69.45	69.61	70.14	70.06	69.10	69.01	69.97	70.06	69.59	69.61	70.09	70.00	69.03	65.92	66.83	66.90	66.43	66.42	66.87	66.79	65.90	65.69	66.56	66.62	66.11	65.95	66.29	66.21	65.46
68.87	69.71	69.80	69.47	69.62	70.13	70.05	69.09	69.00	69.96	70.05	69.60	69.62	70.09	70.00	69.03	65.91	66.82	66.89	66.44	66.42	66.86	66.78	65.89	65.68	66.53	66.60	66.10	65.95	66.28	66.20	65.45
68.87	69.71	69.81	69.48	69.63	70.12	70.04	69.09	69.00	69.96	70.05	69.61	69.63	70.09	70.00	69.03	65.91	66.81	66.89	66.44	66.42	66.85	66.76	65.88	65.66	66.51	66.58	66.10	65.95	66.27	66.19	65.44
68.87	69.71	69.81	69.50	69.64	70.12	70.03	69.08	68.99	69.95	70.04	69.62	69.65	70.09	69.99	69.03	65.90	66.79	66.88	66.45	66.43	66.84	66.75	65.87	65.65	66.49	66.56	66.09	65.95	66.26	66.18	65.43
68.87	69.71	69.81	69.51	69.65	70.11	70.02	69.08	68.99	69.94	70.04	69.63	69.66	70.09	69.99	69.02	65.89	66.78	66.87	66.45	66.43	66.83	66.74	65.86	65.63	66.47	66.54	66.09	65.96	66.25	66.16	65.42
68.87	69.72	69.81	69.52	69.66	70.10	70.01	69.07	68.98	69.93	70.04	69.65	69.67	70.08	69.99	69.02	65.89	66.77	66.87	66.45	66.44	66.82	66.72	65.85	65.61	66.45	66.52	66.09	65.96	66.24	66.15	65.42
68.87	69.71	69.82	69.54	69.67	70.10	70.00	69.06	68.98	69.92	70.03	69.66	69.68	70.08	69.98	69.02	65.88	66.76	66.86	66.46	66.44	66.81	66.71	65.84	65.60	66.42	66.51	66.08	65.96	66.23	66.14	65.41
68.87	69.71	69.82	69.55	69.67	70.09	69.99	69.06	68.97	69.92	70.03	69.67	69.69	70.08	69.97	69.01	65.87	66.75	66.85	66.47	66.44	66.80	66.69	65.83	65.59	66.40	66.49	66.08	65.96	66.23	66.13	65.40
68.87	69.71	69.82	69.56	69.68	70.09	69.98	69.05	68.97	69.91	70.03	69.67	69.70	70.08	69.97	69.01	65.86	66.74	66.85	66.47	66.45	66.79	66.68	65.82	65.57	66.38	66.47	66.08	65.96	66.22	66.12	65.39
68.87	69.71	69.83	69.57	69.69	70.08	69.97	69.05	68.96	69.90	70.02	69.68	69.71	70.08	69.96	69.01	65.86	66.73	66.84	66.48	66.45	66.78	66.67	65.81	65.56	66.36	66.46	66.07	65.96	66.21	66.10	65.38
68.87	69.71	69.83	69.59	69.70	70.07	69.96	69.04	68.96	69.89	70.02	69.69	69.72	70.08	69.95	69.00	65.85	66.72	66.83	66.48	66.45	66.78	66.66	65.80	65.54	66.34	66.44	66.07	65.96	66.20	66.09	65.37
68.87	69.70	69.83	69.60	69.70	70.07	69.95	69.04	68.96	69.89	70.02	69.70	69.73	70.07	69.95	69.00	65.84	66.71	66.82	66.48	66.46	66.77	66.65	65.80	65.53	66.33	66.42	66.07	65.96	66.19	66.08	65.36
68.87	69.70	69.83	69.61	69.71	70.07	69.95	69.03	68.95	69.88	70.01	69.71	69.74	70.07	69.94	68.99	65.83	66.69	66.82	66.49	66.46	66.76	66.63	65.79	65.52	66.31	66.41	66.06	65.96	66.18	66.07	65.36
68.87	69.70	69.84	69.62	69.72	70.06	69.94	69.02	68.94	69.87	70.01	69.72	69.74	70.07	69.93	68.99	65.82	66.68	66.81	66.49	66.46	66.75	66.62	65.78	65.51	66.29	66.40	66.06	65.96	66.18	66.06	65.35
68.86	69.70	69.84	69.63	69.73	70.06	69.93	69.02	68.94	69.86	70.01	69.73	69.75	70.07	69.93	68.98	65.82	66.67	66.80	66.49	66.47	66.74	66.61	65.77	65.49	66.27	66.38	66.06	65.96	66.17	66.05	65.34
68.86	69.70	69.84	69.64	69.73	70.05	69.92	69.01	68.94	69.86	70.00	69.74	69.76	70.06	69.92	68.98	65.81	66.66	66.79	66.49	66.47	66.74	66.60	65.76	65.48	66.26	66.36	66.05	65.96	66.16	66.04	65.33
68.86	69.70	69.84	69.65	69.74	70.05	69.91	69.01	68.93	69.85	70.00	69.74	69.77	70.06	69.91	68.97	65.80	66.65	66.79	66.50	66.47	66.73	66.59	65.75	65.47	66.24	66.35	66.05	65.96	66.15	66.02	65.32
68.86	69.69	69.84	69.66	69.75	70.04	69.91	69.00	68.93	69.84	70.00	69.75	69.77	70.06	69.91	68.97	65.79	66.64	66.78	66.50	66.48	66.72	66.58	65.75	65.46	66.22	66.34	66.05	65.96	66.14	66.01	65.31
68.86	69.69	69.85	69.67	69.75	70.04	69.90	69.00	68.92	69.84	70.00	69.76	69.78	70.05	69.90	68.96	65.78	66.63	66.77	66.50	66.48	66.72	66.57	65.74	65.44	66.21	66.33	66.04	65.96	66.14	66.00	65.30
68.86	69.69	69.85	69.68	69.76	70.04	69.89	68.99	68.92	69.83	70.00	69.76	69.79	70.05	69.89	68.96	65.77	66.62	66.76	66.51	66.48	66.71	66.56	65.73	65.43	66.19	66.31	66.04	65.96	66.13	65.99	65.30
68.85	69.69	69.85	69.69	69.77	70.03	69.88	68.99	68.91	69.82	69.99	69.77	69.79	70.05	69.88	68.95	65.77	66.61	66.76	66.51	66.48	66.70	66.55	65.72	65.42	66.17	66.30	66.04	65.96	66.12	65.98	65.29
68.85	69.69	69.85	69.69	69.77	70.03	69.88	68.98	68.91	69.82	69.99	69.78	69.80	70.05	69.88	68.95	65.76	66.60	66.75	66.51	66.49	66.70	66.54	65.72	65.41	66.16	66.29	66.04	65.96	66.11	65.97	65.28
68.85	69.68	69.85	69.70	69.78	70.03	69.87	68.98	68.90	69.81	69.99	69.78	69.81	70.04	69.87	68.94	65.75	66.59	66.74	66.51	66.49	66.69	66.53	65.71	65.40	66.14	66.28	66.03	65.96	66.11	65.96	65.27
68.85	69.68	69.85	69.71	69.78	70.02	69.86	68.97	68.90	69.81	69.99	69.79	69.81	70.04	69.86	68.94	65.74	66.58	66.74	66.51	66.49	66.69	66.52	65.70	65.39	66.13	66.27	66.03	65.96	66.10	65.95	65.26
68.85	69.68	69.85	69.72	69.79	70.02	69.85	68.97	68.89	69.80	69.98	69.79	69.82	70.04	69.86	68.93	65.73	66.57	66.73	66.51	66.49	66.68	66.51	65.69	65.38	66.11	66.25	66.03	65.96	66.09	65.94	65.26
68.84	69.68	69.86	69.73	69.79	70.02	69.85	68.96	68.89	69.79	69.98	69.80	69.82	70.03	69.85	68.93	65.73	66.55	66.72	66.52	66.49	66.67	66.50	65.68	65.36	66.10	66.24	66.02	65.96	66.09	65.93	65.25
68.84	69.67	69.86	69.73	69.80	70.01	69.84	68.95	68.88	69.79	69.98	69.81	69.83	70.03	69.84	68.92	65.72	66.54	66.72	66.52	66.50	66.67	66.49	65.68	65.35	66.09	66.23	66.02	65.96	66.08	65.92	65.24
68.84	69.67	69.86	69.74	69.81	70.01	69.83	68.95	68.88	69.78	69.98	69.81	69.83	70.03	69.84	68.91	65.71	66.53	66.71	66.52	66.50	66.66	66.48	65.67	65.34	66.07	66.22	66.02	65.96	66.07	65.91	65.23
68.83	69.67	69.86	69.75	69.81	70.01	69.83	68.94	68.87	69.77	69.97	69.82	69.83	70.02	69.83	68.91	65.70	66.52	66.71	66.52	66.50	66.66	66.47	65.66	65.33	66.06	66.21	66.02	65.95	66.07	65.90	65.22
68.83	69.67	69.86	69.75	69.81	70.00	69.82	68.94	68.87	69.77	69.97	69.82	69.84	70.02	69.82	68.90	65.69	66.51	66.70	66.52	66.50	66.65	66.46	65.65	65.32	66.05	66.20	66.01	65.95	66.06	65.89	65.22
68.83	69.67	69.86	69.76	69.82	70.00	69.81	68.93	68.86	69.76	69.97	69.83	69.84	70.02	69.82	68.89	65.68	66.50	66.69	66.52	66.51	66.65	66.45	65.65	65.31	66.03	66.19	66.01	65.95	66.06	65.89	65.21
68.83	69.66	69.86	69.77	69.83	70.00	69.81	68.93	68.86	69.76	69.97	69.83	69.85	70.01	69.81	68.89	65.68	66.49	66.69	66.52	66.51	66.64	66.45	65.64	65.30	66.02	66.18	66.01	65.95	66.05	65.88	65.20
