C_0	C_1	C_2	C_3	C_4	C_5	C_6	C_7	C_8	C_9	C_10	C_11	C_12	C_13	C_14	C_15	C_16	C_17	C_18	C_19	C_20	C_21	C_22	C_23	C_24	C_25	C_26	C_27	C_28	C_29	C_30	C_31	
68.33	69.22	69.22	68.37	69.17	70.49	70.51	69.14	69.12	70.47	70.48	69.15	68.42	69.30	69.30	68.37	66.38	67.26	67.24	66.42	67.16	68.43	68.38	67.09	67.13	68.43	68.39	67.09	66.36	67.17	67.14	66.29
68.38	69.27	69.27	68.48	69.15	70.42	70.42	69.10	69.07	70.37	70.38	69.13	68.55	69.39	69.39	68.44	66.19	67.11	67.10	66.28	66.87	68.07	68.05	66.79	66.80	68.07	68.05	66.82	66.16	66.94	66.92	66.05
68.16	69.05	69.05	68.30	68.89	70.09	70.08	68.82	69.01	70.27	70.28	69.11	68.64	69.45	69.45	68.48	66.10	67.04	67.04	66.23	66.70	67.84	67.83	66.61	66.60	67.83	67.82	66.66	66.06	66.80	66.79	65.92
68.38	69.27	69.28	68.56	69.09	70.24	70.24	68.99	68.73	69.95	69.96	68.86	68.46	69.25	69.25	68.28	66.05	66.99	66.99	66.20	66.60	67.68	67.66	66.47	66.45	67.66	67.65	66.54	65.99	66.71	66.69	65.83
68.17	69.05	69.06	68.38	68.86	69.95	69.95	68.74	68.90	70.10	70.11	69.05	68.72	69.50	69.49	68.50	66.01	66.96	66.97	66.18	66.52	67.55	67.54	66.38	66.35	67.52	67.52	66.45	65.95	66.64	66.62	65.76
68.39	69.28	69.29	68.63	69.07	70.13	70.12	68.93	68.64	69.81	69.82	68.82	68.54	69.29	69.29	68.30	65.99	66.94	66.95	66.18	66.47	67.46	67.44	66.31	66.26	67.41	67.42	66.39	65.92	66.58	66.57	65.72
68.18	69.06	69.07	68.43	68.85	69.86	69.85	68.69	68.83	69.98	70.00	69.03	68.79	69.53	69.52	68.53	65.97	66.93	66.94	66.19	66.43	67.38	67.37	66.25	66.20	67.32	67.33	66.34	65.90	66.55	66.53	65.68
68.40	69.28	69.30	68.68	69.06	70.05	70.04	68.88	68.58	69.71	69.73	68.81	68.60	69.33	69.32	68.32	65.97	66.92	66.94	66.19	66.41	67.32	67.30	66.21	66.15	67.25	67.26	66.31	65.90	66.52	66.50	65.66
68.19	69.06	69.08	68.49	68.84	69.79	69.77	68.65	68.78	69.89	69.92	69.03	68.85	69.56	69.55	68.55	65.96	66.92	66.93	66.21	66.39	67.26	67.25	66.17	66.10	67.19	67.20	66.28	65.89	66.49	66.47	65.64
68.41	69.29	69.31	68.73	69.06	69.98	69.97	68.85	68.54	69.64	69.66	68.81	68.66	69.36	69.34	68.34	65.96	66.91	66.93	66.22	66.38	67.22	67.20	66.14	66.06	67.13	67.14	66.25	65.89	66.47	66.45	65.62
68.20	69.07	69.09	68.53	68.84	69.73	69.71	68.61	68.74	69.83	69.86	69.03	68.90	69.59	69.57	68.57	65.96	66.91	66.93	66.24	66.37	67.18	67.16	66.11	66.03	67.08	67.09	66.23	65.89	66.46	66.43	65.61
68.41	69.29	69.31	68.77	69.06	69.92	69.90	68.81	68.51	69.58	69.61	68.82	68.72	69.38	69.36	68.36	65.95	66.91	66.93	66.25	66.36	67.14	67.12	66.09	66.00	67.03	67.05	66.22	65.90	66.44	66.42	65.60
68.21	69.07	69.10	68.58	68.85	69.68	69.65	68.59	68.71	69.77	69.81	69.04	68.95	69.61	69.59	68.58	65.95	66.91	66.93	66.27	66.36	67.11	67.08	66.07	65.97	66.99	67.01	66.21	65.90	66.43	66.40	65.59
68.43	69.29	69.33	68.82	69.07	69.88	69.85	68.79	68.48	69.53	69.57	68.83	68.76	69.40	69.37	68.37	65.95	66.90	66.93	66.28	66.36	67.08	67.05	66.05	65.95	66.95	66.97	66.19	65.90	66.42	66.39	65.58
68.21	69.07	69.11	68.62	68.86	69.63	69.60	68.56	68.69	69.73	69.77	69.06	69.00	69.63	69.59	68.60	65.95	66.90	66.93	66.29	66.36	67.06	67.02	66.03	65.92	66.91	66.94	66.18	65.91	66.41	66.37	65.57
68.43	69.29	69.33	68.85	69.08	69.84	69.81	68.77	68.46	69.49	69.53	68.85	68.80	69.41	69.38	68.38	65.95	66.89	66.93	66.30	66.36	67.03	66.99	66.01	65.90	66.87	66.90	66.17	65.91	66.40	66.36	65.56
68.22	69.07	69.11	68.65	68.87	69.59	69.56	68.54	68.67	69.69	69.74	69.08	69.04	69.64	69.60	68.61	65.95	66.89	66.93	66.32	66.36	67.01	66.97	66.00	65.88	66.84	66.87	66.17	65.92	66.39	66.34	65.55
68.44	69.29	69.34	68.89	69.10	69.81	69.77	68.75	68.44	69.44	69.50	68.86	68.83	69.41	69.37	68.39	65.94	66.88	66.92	66.33	66.36	66.99	66.94	65.98	65.86	66.81	66.84	66.16	65.92	66.38	66.33	65.54
68.22	69.07	69.12	68.69	68.88	69.56	69.52	68.52	68.65	69.65	69.71	69.09	69.07	69.64	69.60	68.61	65.94	66.87	66.92	66.34	66.36	66.97	66.92	65.97	65.83	66.78	66.81	66.15	65.93	66.37	66.32	65.53
68.44	69.29	69.35	68.92	69.11	69.77	69.73	68.73	68.42	69.41	69.47	68.88	68.87	69.42	69.37	68.39	65.94	66.87	66.92	66.35	66.36	66.95	66.90	65.95	65.81	66.74	66.78	66.14	65.93	66.36	66.30	65.52
68.22	69.06	69.12	68.72	68.89	69.53	69.48	68.50	68.63	69.62	69.69	69.11	69.11	69.65	69.59	68.61	65.93	66.86	66.91	66.36	66.37	66.93	66.88	65.94	65.80	66.71	66.76	66.14	65.93	66.35	66.29	65.51
68.44	69.28	69.35	68.95	69.11	69.74	69.69	68.71	68.41	69.38	69.45	68.90	68.90	69.42	69.37	68.39	65.92	66.85	66.91	66.36	66.37	66.91	66.85	65.93	65.78	66.69	66.73	66.13	65.94	66.33	66.28	65.50
68.22	69.06	69.13	68.75	68.90	69.50	69.45	68.48	68.61	69.59	69.67	69.13	69.13	69.65	69.59	68.61	65.92	66.84	66.90	66.37	66.37	66.90	66.84	65.91	65.76	66.66	66.71	66.12	65.94	66.32	66.26	65.49
68.44	69.28	69.35	68.98	69.13	69.71	69.66	68.69	68.39	69.36	69.43	68.92	68.93	69.42	69.36	68.39	65.91	66.83	66.89	66.38	66.38	66.88	66.82	65.90	65.74	66.63	66.68	66.12	65.94	66.31	66.25	65.48
68.22	69.05	69.12	68.77	68.90	69.47	69.41	68.45	68.61	69.57	69.65	69.15	69.17	69.65	69.58	68.61	65.91	66.82	66.89	66.39	66.38	66.87	66.80	65.89	65.72	66.61	66.66	66.11	65.94	66.30	66.24	65.48
68.44	69.28	69.36	69.01	69.14	69.70	69.63	68.68	68.37	69.33	69.41	68.93	68.95	69.41	69.34	68.38	65.90	66.81	66.88	66.39	66.38	66.85	66.78	65.88	65.71	66.58	66.64	66.11	65.94	66.29	66.22	65.47
68.22	69.05	69.13	68.80	68.92	69.45	69.39	68.44	68.59	69.54	69.63	69.17	69.18	69.64	69.57	68.60	65.89	66.80	66.87	66.40	66.39	66.84	66.76	65.87	65.69	66.55	66.62	66.10	65.95	66.29	66.21	65.46
68.43	69.27	69.35	69.03	69.15	69.67	69.59	68.65	68.36	69.31	69.40	68.96	68.98	69.42	69.34	68.38	65.89	66.78	66.86	66.40	66.39	66.83	66.75	65.86	65.67	66.53	66.60	66.10	65.95	66.28	66.20	65.45
68.22	69.04	69.13	68.82	68.93	69.43	69.36	68.43	68.57	69.52	69.62	69.18	69.20	69.64	69.55	68.59	65.88	66.77	66.86	66.41	66.39	66.82	66.73	65.85	65.66	66.51	66.58	66.09	65.95	66.27	66.18	65.44
68.43	69.26	69.35	69.06	69.16	69.65	69.57	68.64	68.35	69.28	69.39	68.97	68.99	69.41	69.32	68.37	65.87	66.76	66.85	66.41	66.39	66.81	66.72	65.84	65.64	66.48	66.56	66.09	65.95	66.26	66.17	65.43
68.22	69.04	69.13	68.85	68.95	69.42	69.33	68.41	68.56	69.50	69.60	69.20	69.22	69.63	69.54	68.58	65.86	66.75	66.84	66.42	66.40	66.79	66.70	65.83	65.63	66.46	66.54	66.09	65.95	66.25	66.16	65.42
68.43	69.25	69.35	69.08	69.17	69.63	69.54	68.62	68.33	69.26	69.37	68.99	69.01	69.40	69.31	68.36	65.85	66.74	66.83	66.42	66.40	66.78	66.69	65.82	65.61	66.44	66.52	66.08	65.95	66.24	66.15	65.41
68.21	69.03	69.13	68.87	68.96	69.40	69.31	68.40	68.54	69.48	69.59	69.21	69.24	69.62	69.52	68.57	65.85	66.73	66.82	66.43	66.40	66.77	66.67	65.81	65.60	66.42	66.50	66.08	65.95	66.23	66.13	65.40
68.42	69.24	69.35	69.09	69.18	69.61	69.51	68.60	68.33	69.25	69.37	69.01	69.03	69.40	69.30	68.36	65.84	66.71	66.82	66.43	66.41	66.76	66.66	65.80	65.58	66.40	66.48	66.07	65.95	66.22	66.12	65.39
68.21	69.02	69.14	68.89	68.97	69.38	69.28	68.38	68.53	69.45	69.58	69.22	69.25	69.61	69.50	68.56	65.83	66.70	66.81	66.43	66.41	66.75	66.64	65.79	65.57	66.38	66.46	66.07	65.95	66.21	66.11	65.38
68.42	69.24	69.35	69.11	69.19	69.59	69.49	68.59	68.31	69.23	69.35	69.02	69.04	69.39	69.28	68.34	65.82	66.69	66.80	66.44	66.41	66.74	66.63	65.78	65.55	66.36	66.45	66.06	65.95	66.20	66.10	65.37
68.20	69.01	69.13	68.90	68.98	69.36	69.26	68.37	68.52	69.44	69.57	69.24	69.27	69.60	69.49	68.55	65.81	66.68	66.79	66.44	66.41	66.73	66.62	65.77	65.54	66.34	66.43	66.06	65.95	66.19	66.08	65.37
68.41	69.23	69.35	69.13	69.20	69.58	69.47	68.57	68.30	69.21	69.34	69.03	69.06	69.38	69.26	68.33	65.80	66.67	66.78	66.44	66.42	66.72	66.60	65.76	65.52	66.32	66.42	66.06	65.95	66.18	66.07	65.36
68.19	69.00	69.13	68.92	68.98	69.35	69.23	68.35	68.51	69.42	69.56	69.26	69.29	69.60	69.47	68.54	65.79	66.65	66.77	66.44	66.42	66.72	66.59	65.75	65.51	66.30	66.40	66.05	65.95	66.17	66.06	65.35
68.41	69.22	69.35	69.15	69.21	69.56	69.45	68.56	68.28	69.19	69.33	69.04	69.07	69.37	69.24	68.32	65.79	66.64	66.76	66.45	66.42	66.71	66.58	65.74	65.50	66.28	66.38	66.05	65.95	66.17	66.05	65.34
68.19	69.00	69.14	68.94	69.00	69.34	69.22	68.34	68.49	69.40	69.54	69.26	69.29	69.58	69.45	68.52	65.78	66.63	66.76	66.45	66.42	66.70	66.57	65.73	65.48	66.26	66.37	66.05	65.95	66.16	66.04	65.33
68.40	69.21	69.35	69.16	69.22	69.55	69.42	68.54	68.27	69.17	69.32	69.05	69.08	69.36	69.23	68.31	65.77	66.62	66.75	66.45	66.43	66.69	66.55	65.72	65.47	66.24	66.36	66.04	65.95	66.15	66.03	65.32
68.18	68.99	69.13	68.95	69.00	69.32	69.19	68.32	68.48	69.38	69.54	69.28	69.31	69.58	69.44	68.51	65.76	66.61	66.74	66.45	66.43	66.68	66.54	65.71	65.46	66.23	66.34	66.04	65.95	66.14	66.01	65.31
68.40	69.21	69.35	69.18	69.23	69.54	69.41	68.53	68.26	69.15	69.31	69.06	69.09	69.35	69.21	68.29	65.75	66.59	66.73	66.45	66.43	66.67	66.53	65.70	65.45	66.21	66.33	66.04	65.95	66.13	66.00	65.30
68.18	68.98	69.13	68.96	69.01	69.31	69.17	68.31	68.47	69.37	69.53	69.29	69.32	69.57	69.42	68.50	65.74	66.58	66.72	66.45	66.43	66.67	66.52	65.70	65.43	66.19	66.31	66.03	65.95	66.12	65.99	65.29
68.39	69.20	69.35	69.19	69.24	69.53	69.39	68.52	68.25	69.14	69.30	69.07	69.10	69.34	69.19	68.28	65.73	66.57	66.71	66.45	66.43	66.66	66.51	65.69	65.42	66.18	66.30	66.03	65.95	66.12	65.98	65.29
68.17	68.97	69.13	68.98	69.02	69.30	69.15	68.29	68.46	69.35	69.52	69.30	69.33	69.56	69.40	68.49	65.72	66.56	66.71	66.46	66.43	66.65	66.50	65.68	65.41	66.16	66.29	66.02	65.95	66.11	65.97	65.28
68.38	69.19	69.35	69.20	69.24	69.51	69.37	68.50	68.23	69.12	69.30	69.08	69.11	69.33	69.17	68.27	65.71	66.54	66.70	66.46	66.43	66.64	66.49	65.67	65.40	66.15	66.28	66.02	65.95	66.10	65.96	65.27
68.16	68.96	69.13	68.99	69.03	69.28	69.14	68.28	68.44	69.33	69.51	69.31	69.33	69.55	69.38	68.48	65.70	66.53	66.69	66.46	66.44	66.64	66.48	65.66	65.39	66.13	66.26	66.02	65.94	66.09	65.95	65.26
68.37	69.18	69.35	69.22	69.25	69.50	69.35	68.49	68.22	69.10	69.29	69.09	69.12	69.32	69.15	68.25	65.70	66.52	66.68	66.46	66.44	66.63	66.46	65.65	65.37	66.12	66.25	66.01	65.94	66.09	65.94	65.25
68.15	68.95	69.12	69.00	69.03	69.27	69.12	68.26	68.43	69.32	69.51	69.32	69.34	69.54	69.37	68.46	65.69	66.51	66.67	66.46	66.44	66.62	66.45	65.64	65.36	66.10	66.24	66.01	65.94	66.08	65.93	65.24
68.37	69.17	69.35	69.23	69.26	69.49	69.33	68.47	68.21	69.09	69.28	69.10	69.12	69.31	69.14	68.24	65.68	66.50	66.67	66.46	66.44	66.61	66.44	65.64	65.35	66.09	66.23	66.01	65.94	66.07	65.92	65.24
68.14	68.94	69.12	69.01	69.04	69.26	69.10	68.25	68.42	69.31	69.50	69.33	69.35	69.53	69.35	68.45	65.67	66.49	66.66	66.46	66.44	66.61	66.43	65.63	65.34	66.07	66.22	66.00	65.94	66.06	65.91	65.23
68.36	69.16	69.35	69.24	69.27	69.48	69.31	68.46	68.19	69.07	69.27	69.10	69.13	69.30	69.12	68.22	65.66	66.48	66.65	66.46	66.44	66.60	66.42	65.62	65.33	66.06	66.20	66.00	65.94	66.06	65.90	65.22
68.14	68.94	69.12	69.02	69.05	69.26	69.09	68.24	68.40	69.28	69.49	69.33	69.35	69.51	69.33	68.43	65.65	66.47	66.64	66.46	66.44	66.60	66.41	65.61	65.32	66.04	66.19	66.00	65.94	66.05	65.89	65.21
68.35	69.15	69.34	69.25	69.27	69.47	69.30	68.45	68.18	69.06	69.26	69.11	69.13	69.29	69.10	68.21	65.64	66.45	66.63	66.46	66.44	66.59	66.40	65.60	65.31	66.03	66.18	65.99	65.93	66.04	65.88	65.20
68.13	68.93	69.12	69.03	69.06	69.25	69.07	68.23	68.39	69.27	69.48	69.33	69.35	69.50	69.31	68.41	65.63	66.44	66.63	66.46	66.44	66.58	66.39	65.60	65.30	66.02	66.17	65.99	65.93	66.04	65.87	65.19
68.34	69.14	69.34	69.26	69.27	69.46	69.28	68.43	68.17	69.04	69.26	69.12	69.14	69.28	69.09	68.20	65.62	66.43	66.62	66.46	66.44	66.57	66.38	65.59	65.29	66.00	66.16	65.99	65.93	66.03	65.86	65.19
68.12	68.92	69.12	69.04	69.06	69.23	69.05	68.21	68.38	69.26	69.47	69.34	69.36	69.50	69.30	68.40	65.62	66.42	66.61	66.46	66.44	66.57	66.37	65.58	65.28	65.99	66.15	65.99	65.93	66.02	65.85	65.18
68.33	69.14	69.34	69.26	69.28	69.45	69.26	68.42	68.16	69.03	69.25	69.12	69.14	69.27	69.07	68.18	65.61	66.41	66.61	66.46	66.44	66.56	66.36	65.57	65.27	65.98	66.14	65.98	65.93	66.01	65.84	65.17
68.11	68.91	69.11	69.05	69.06	69.22	69.03	68.20	68.36	69.24	69.46	69.35	69.37	69.48	69.28	68.39	65.60	66.40	66.60	66.46	66.44	66.56	66.35	65.56	65.26	65.96	66.13	65.98	65.93	66.01	65.83	65.16
68.32	69.13	69.33	69.27	69.28	69.44	69.25	68.41	68.14	69.01	69.24	69.13	69.15	69.26	69.05	68.17	65.59	66.39	66.59	66.46	66.44	66.55	66.34	65.55	65.25	65.95	66.12	65.98	65.92	66.00	65.82	65.15
68.10	68.90	69.11	69.05	69.06	69.21	69.02	68.18	68.35	69.23	69.46	69.35	69.37	69.48	69.26	68.38	65.58	66.38	66.58	66.46	66.44	66.54	66.33	65.55	65.24	65.94	66.11	65.97	65.92	65.99	65.81	65.15
68.32	69.12	69.33	69.28	69.29	69.43	69.23	68.39	68.13	69.00	69.23	69.13	69.15	69.25	69.03	68.15	65.57	66.37	66.58	66.46	66.44	66.54	66.32	65.54	65.23	65.93	66.10	65.97	65.92	65.99	65.80	65.14
68.09	68.89	69.10	69.05	69.06	69.20	69.00	68.16	68.34	69.22	69.46	69.36	69.38	69.47	69.25	68.37	65.56	66.36	66.57	66.45	66.44	66.53	66.32	65.53	65.22	65.91	66.09	65.97	65.92	65.98	65.79	65.13
68.31	69.11	69.33	69.28	69.29	69.42	69.21	68.38	68.12	68.98	69.22	69.14	69.15	69.24	69.02	68.14	65.56	66.35	66.56	66.45	66.44	66.52	66.31	65.52	65.21	65.90	66.08	65.96	65.92	65.98	65.78	65.12
68.09	68.88	69.10	69.07	69.07	69.20	68.99	68.16	68.33	69.20	69.44	69.36	69.38	69.46	69.23	68.35	65.55	66.34	66.56	66.45	66.44	66.52	66.30	65.52	65.20	65.89	66.07	65.96	65.91	65.97	65.77	65.12
68.30	69.10	69.32	69.29	69.30	69.42	69.20	68.37	68.10	68.97	69.22	69.14	69.16	69.23	69.00	68.12	65.54	66.33	66.55	66.45	66.44	66.51	66.29	65.51	65.19	65.88	66.07	65.96	65.91	65.96	65.77	65.11
68.08	68.87	69.10	69.07	69.07	69.19	68.97	68.14	68.31	69.18	69.43	69.36	69.38	69.45	69.21	68.33	65.53	66.32	66.54	66.45	66.44	66.51	66.28	65.50	65.18	65.87	66.06	65.95	65.91	65.96	65.76	65.10
68.29	69.09	69.32	69.29	69.30	69.40	69.18	68.35	68.09	68.96	69.21	69.14	69.16	69.22	68.99	68.11	65.52	66.31	66.54	66.45	66.44	66.50	66.27	65.49	65.17	65.86	66.05	65.95	65.91	65.95	65.75	65.09
68.07	68.86	69.10	69.08	69.08	69.18	68.96	68.13	68.30	69.17	69.43	69.36	69.38	69.44	69.20	68.32	65.51	66.30	66.53	66.45	66.44	66.50	66.26	65.49	65.16	65.85	66.04	65.95	65.91	65.94	65.74	65.09
68.28	69.08	69.32	69.30	69.30	69.40	69.17	68.34	68.08	68.94	69.20	69.14	69.16	69.21	68.97	68.10	65.51	66.29	66.52	66.45	66.43	66.49	66.25	65.48	65.15	65.83	66.03	65.94	65.90	65.94	65.73	65.08
68.06	68.85	69.09	69.08	69.08	69.17	68.94	68.12	68.29	69.16	69.42	69.37	69.38	69.43	69.18	68.31	65.50	66.28	66.52	66.45	66.43	66.49	66.25	65.47	65.14	65.82	66.02	65.94	65.90	65.93	65.72	65.07
68.27	69.07	69.31	69.30	69.30	69.39	69.16	68.33	68.07	68.93	69.19	69.15	69.16	69.20	68.95	68.08	65.49	66.27	66.51	66.44	66.43	66.48	66.24	65.46	65.13	65.81	66.01	65.94	65.90	65.93	65.71	65.06
68.05	68.85	69.09	69.08	69.08	69.16	68.93	68.11	68.28	69.14	69.41	69.37	69.38	69.42	69.17	68.29	65.48	66.26	66.50	66.44	66.43	66.47	66.23	65.46	65.12	65.80	66.01	65.93	65.90	65.92	65.71	65.06
68.26	69.06	69.31	69.30	69.30	69.38	69.14	68.31	68.06	68.92	69.19	69.15	69.16	69.19	68.94	68.07	65.47	66.25	66.50	66.44	66.43	66.47	66.22	65.45	65.11	65.79	66.00	65.93	65.89	65.91	65.70	65.05
68.04	68.84	69.09	69.09	69.08	69.15	68.92	68.09	68.26	69.13	69.40	69.37	69.38	69.41	69.15	68.28	65.47	66.25	66.49	66.44	66.43	66.46	66.21	65.44	65.11	65.78	65.99	65.93	65.89	65.91	65.69	65.04
68.25	69.05	69.31	69.31	69.31	69.37	69.13	68.30	68.04	68.90	69.18	69.15	69.16	69.18	68.92	68.05	65.46	66.24	66.48	66.44	66.43	66.46	66.20	65.43	65.10	65.77	65.98	65.92	65.89	65.90	65.68	65.03
68.03	68.82	69.08	69.09	69.08	69.14	68.90	68.08	68.25	69.12	69.40	69.37	69.39	69.40	69.14	68.27	65.45	66.23	66.48	66.44	66.43	66.45	66.20	65.43	65.09	65.76	65.98	65.92	65.89	65.90	65.67	65.03
68.24	69.04	69.30	69.31	69.31	69.36	69.12	68.29	68.03	68.89	69.17	69.15	69.16	69.17	68.91	68.04	65.44	66.22	66.47	66.43	66.42	66.45	66.19	65.42	65.08	65.75	65.97	65.92	65.89	65.89	65.67	65.02
68.02	68.82	69.08	69.09	69.09	69.14	68.89	68.07	68.24	69.10	69.39	69.37	69.38	69.39	69.12	68.25	65.43	66.21	66.47	66.43	66.42	66.44	66.18	65.41	65.07	65.74	65.96	65.91	65.88	65.89	65.66	65.01
68.23	69.03	69.29	69.31	69.30	69.35	69.10	68.27	68.02	68.88	69.17	69.15	69.17	69.17	68.90	68.03	65.43	66.20	66.46	66.43	66.42	66.43	66.17	65.40	65.06	65.73	65.95	65.91	65.88	65.88	65.65	65.01
68.01	68.81	69.07	69.09	69.09	69.13	68.88	68.06	68.22	69.09	69.38	69.37	69.38	69.38	69.11	68.24	65.42	66.19	66.46	66.43	66.42	66.43	66.17	65.40	65.06	65.72	65.95	65.91	65.88	65.88	65.64	65.00
68.22	69.03	69.30	69.32	69.31	69.35	69.09	68.27	68.00	68.86	69.15	69.15	69.16	69.15	68.88	68.01	65.41	66.19	66.45	66.43	66.42	66.43	66.16	65.39	65.05	65.71	65.94	65.90	65.88	65.87	65.64	64.99
68.00	68.80	69.07	69.10	69.08	69.12	68.86	68.04	68.21	69.08	69.37	69.37	69.38	69.37	69.09	68.22	65.40	66.18	66.44	66.43	66.42	66.42	66.15	65.38	65.04	65.70	65.93	65.90	65.87	65.86	65.63	64.99
68.21	69.02	69.29	69.32	69.31	69.34	69.08	68.25	67.99	68.85	69.15	69.15	69.16	69.15	68.86	68.00	65.40	66.17	66.44	66.42	66.42	66.41	66.14	65.38	65.03	65.70	65.93	65.90	65.87	65.86	65.62	64.98
68.00	68.80	69.07	69.10	69.09	69.12	68.85	68.04	68.19	69.06	69.36	69.37	69.38	69.36	69.07	68.20	65.39	66.16	66.43	66.42	66.41	66.41	66.13	65.37	65.02	65.69	65.92	65.89	65.87	65.85	65.61	64.97
68.20	69.01	69.28	69.32	69.31	69.33	69.06	68.24	67.98	68.84	69.14	69.15	69.16	69.14	68.85	67.99	65.38	66.15	66.43	66.42	66.41	66.40	66.13	65.36	65.02	65.68	65.91	65.89	65.87	65.85	65.61	64.97
67.98	68.78	69.06	69.10	69.09	69.11	68.84	68.02	68.19	69.05	69.36	69.37	69.38	69.36	69.06	68.20	65.37	66.14	66.42	66.42	66.41	66.40	66.12	65.35	65.01	65.67	65.90	65.89	65.86	65.84	65.60	64.96
68.19	69.00	69.28	69.32	69.31	69.33	69.05	68.23	67.96	68.82	69.13	69.15	69.16	69.13	68.84	67.97	65.37	66.14	66.41	66.42	66.41	66.39	66.11	65.35	65.00	65.66	65.90	65.88	65.86	65.84	65.59	64.95
67.97	68.77	69.06	69.10	69.09	69.10	68.83	68.01	68.17	69.04	69.35	69.37	69.38	69.35	69.05	68.18	65.36	66.13	66.41	66.41	66.41	66.39	66.10	65.34	64.99	65.65	65.89	65.88	65.86	65.83	65.59	64.95
68.18	68.98	69.27	69.32	69.30	69.32	69.04	68.21	67.96	68.82	69.13	69.15	69.16	69.12	68.83	67.96	65.35	66.12	66.40	66.41	66.40	66.38	66.10	65.33	64.98	65.64	65.88	65.88	65.85	65.83	65.58	64.94
67.96	68.76	69.05	69.10	69.09	69.09	68.81	68.00	68.16	69.02	69.34	69.37	69.38	69.34	69.04	68.17	65.34	66.11	66.40	66.41	66.40	66.38	66.09	65.33	64.98	65.63	65.88	65.87	65.85	65.82	65.57	64.93
68.17	68.98	69.27	69.32	69.31	69.31	69.03	68.21	67.94	68.80	69.12	69.14	69.15	69.11	68.81	67.95	65.34	66.10	66.39	66.41	66.40	66.37	66.08	65.32	64.97	65.63	65.87	65.87	65.85	65.82	65.56	64.93
67.95	68.76	69.05	69.10	69.09	69.09	68.80	67.99	68.15	69.01	69.33	69.36	69.37	69.33	69.02	68.15	65.33	66.10	66.39	66.41	66.40	66.37	66.08	65.31	64.96	65.62	65.87	65.87	65.85	65.81	65.56	64.92
68.16	68.97	69.26	69.32	69.30	69.30	69.01	68.19	67.93	68.79	69.11	69.14	69.15	69.10	68.80	67.94	65.32	66.09	66.38	66.40	66.40	66.36	66.07	65.31	64.95	65.61	65.86	65.87	65.84	65.81	65.55	64.91
67.94	68.74	69.04	69.10	69.08	69.08	68.79	67.97	68.14	69.00	69.33	69.36	69.37	69.32	69.01	68.14	65.32	66.08	66.38	66.40	66.40	66.36	66.06	65.30	64.95	65.60	65.85	65.86	65.84	65.80	65.54	64.91
68.15	68.96	69.26	69.32	69.30	69.30	69.00	68.18	67.92	68.77	69.10	69.14	69.15	69.09	68.78	67.92	65.31	66.07	66.37	66.40	66.39	66.35	66.05	65.29	64.94	65.59	65.85	65.86	65.84	65.80	65.54	64.90
67.93	68.74	69.04	69.10	69.08	69.07	68.78	67.96	68.13	68.99	69.32	69.36	69.37	69.31	69.00	68.13	65.30	66.07	66.37	66.40	66.39	66.35	66.05	65.29	64.93	65.59	65.84	65.86	65.84	65.79	65.53	64.89
68.15	68.95	69.26	69.32	69.31	69.29	68.99	68.17	67.90	68.76	69.09	69.14	69.15	69.08	68.77	67.91	65.30	66.06	66.36	66.39	66.39	66.34	66.04	65.28	64.93	65.58	65.83	65.85	65.83	65.79	65.52	64.89
67.93	68.73	69.03	69.10	69.08	69.07	68.77	67.95	68.11	68.97	69.31	69.36	69.37	69.30	68.98	68.11	65.29	66.05	66.36	66.39	66.39	66.34	66.03	65.27	64.92	65.57	65.83	65.85	65.83	65.78	65.52	64.88
68.14	68.94	69.25	69.32	69.30	69.28	68.98	68.16	67.89	68.75	69.09	69.14	69.14	69.08	68.76	67.90	65.28	66.04	66.35	66.39	66.38	66.33	66.03	65.27	64.91	65.56	65.82	65.85	65.83	65.78	65.51	64.88
67.91	68.71	69.02	69.10	69.08	69.05	68.75	67.94	68.11	68.97	69.31	69.36	69.37	69.30	68.97	68.11	65.28	66.04	66.35	66.39	66.38	66.33	66.02	65.26	64.90	65.55	65.82	65.84	65.82	65.77	65.50	64.87
68.12	68.93	69.24	69.32	69.30	69.27	68.97	68.15	67.88	68.74	69.08	69.13	69.14	69.07	68.75	67.88	65.27	66.03	66.34	66.38	66.38	66.32	66.01	65.25	64.90	65.55	65.81	65.84	65.82	65.77	65.50	64.86
67.91	68.71	69.02	69.10	69.08	69.05	68.74	67.93	68.09	68.95	69.29	69.35	69.36	69.28	68.96	68.09	65.26	66.02	66.33	66.38	66.38	66.32	66.01	65.25	64.89	65.54	65.80	65.84	65.82	65.76	65.49	64.86
68.12	68.93	69.24	69.32	69.30	69.27	68.96	68.14	67.87	68.73	69.07	69.13	69.14	69.06	68.73	67.87	65.25	66.02	66.33	66.38	66.37	66.31	66.00	65.24	64.88	65.53	65.80	65.83	65.82	65.76	65.48	64.85
67.89	68.70	69.01	69.09	69.07	69.04	68.73	67.91	68.08	68.94	69.29	69.35	69.36	69.28	68.95	68.08	65.25	66.01	66.32	66.38	66.37	66.31	65.99	65.24	64.88	65.52	65.79	65.83	65.81	65.75	65.48	64.84
68.11	68.92	69.24	69.32	69.30	69.26	68.95	68.13	67.85	68.71	69.06	69.12	69.13	69.05	68.72	67.86	65.24	66.00	66.32	66.37	66.37	66.31	65.99	65.23	64.87	65.52	65.79	65.83	65.81	65.75	65.47	64.84
67.89	68.69	69.01	69.10	69.07	69.03	68.72	67.90	68.07	68.93	69.28	69.35	69.36	69.27	68.93	68.07	65.24	66.00	66.31	66.37	66.37	66.30	65.98	65.22	64.86	65.51	65.78	65.82	65.81	65.74	65.47	64.83
68.09	68.90	69.23	69.32	69.29	69.25	68.93	68.11	67.85	68.71	69.06	69.13	69.13	69.04	68.71	67.85	65.23	65.99	66.31	66.37	66.36	66.30	65.97	65.22	64.86	65.50	65.78	65.82	65.80	65.74	65.46	64.83
67.87	68.68	69.00	69.09	69.07	69.03	68.71	67.89	68.06	68.92	69.27	69.35	69.35	69.26	68.92	68.06	65.22	65.98	66.30	66.37	66.36	66.29	65.97	65.21	64.85	65.50	65.77	65.82	65.80	65.73	65.45	64.82
68.08	68.89	69.22	69.31	69.29	69.24	68.92	68.10	67.84	68.70	69.05	69.13	69.13	69.04	68.70	67.84	65.22	65.98	66.30	66.36	66.36	66.29	65.96	65.20	64.84	65.49	65.77	65.81	65.80	65.73	65.45	64.81
67.87	68.67	69.00	69.09	69.07	69.02	68.70	67.88	68.04	68.91	69.26	69.34	69.35	69.25	68.91	68.04	65.21	65.97	66.29	66.36	66.36	66.28	65.96	65.20	64.84	65.48	65.76	65.81	65.79	65.72	65.44	64.81
68.08	68.89	69.22	69.31	69.29	69.24	68.91	68.09	67.82	68.68	69.04	69.12	69.12	69.03	68.68	67.82	65.20	65.96	66.29	66.36	66.35	66.28	65.95	65.19	64.83	65.47	65.75	65.81	65.79	65.72	65.44	64.80
67.86	68.66	68.99	69.09	69.06	69.01	68.69	67.87	68.03	68.90	69.26	69.34	69.35	69.24	68.90	68.03	65.20	65.96	66.29	66.36	66.35	66.27	65.94	65.19	64.82	65.47	65.75	65.80	65.79	65.71	65.43	64.80
68.07	68.88	69.21	69.31	69.29	69.23	68.90	68.08	67.81	68.67	69.03	69.11	69.12	69.02	68.67	67.81	65.19	65.95	66.28	66.35	66.35	66.27	65.94	65.18	64.82	65.46	65.74	65.80	65.79	65.71	65.42	64.79
67.85	68.65	68.99	69.09	69.06	69.00	68.68	67.86	68.02	68.88	69.25	69.34	69.34	69.24	68.89	68.02	65.19	65.94	66.28	66.35	66.35	66.26	65.93	65.17	64.81	65.45	65.74	65.80	65.78	65.70	65.42	64.79
68.06	68.87	69.20	69.31	69.28	69.22	68.89	68.07	67.80	68.66	69.03	69.11	69.12	69.01	68.66	67.80	65.18	65.94	66.27	66.35	66.34	66.26	65.92	65.17	64.81	65.45	65.73	65.79	65.78	65.70	65.41	64.78
67.84	68.64	68.98	69.08	69.06	69.00	68.67	67.85	68.01	68.87	69.24	69.33	69.34	69.23	68.87	68.01	65.17	65.93	66.27	66.35	66.34	66.26	65.92	65.16	64.80	65.44	65.73	65.79	65.78	65.70	65.41	64.77
68.05	68.86	69.20	69.30	69.28	69.21	68.88	68.06	67.79	68.65	69.02	69.11	69.12	69.00	68.65	67.79	65.17	65.92	66.26	66.34	66.34	66.25	65.91	65.16	64.79	65.43	65.72	65.79	65.77	65.69	65.40	64.77
67.83	68.64	68.97	69.08	69.05	68.99	68.66	67.84	68.00	68.86	69.24	69.33	69.33	69.22	68.86	68.00	65.16	65.92	66.26	66.34	66.34	66.25	65.91	65.15	64.79	65.43	65.72	65.78	65.77	65.69	65.39	64.76
68.04	68.85	69.20	69.30	69.28	69.21	68.87	68.05	67.78	68.64	69.01	69.10	69.11	68.99	68.64	67.78	65.15	65.91	66.25	66.34	66.33	66.24	65.90	65.14	64.78	65.42	65.71	65.78	65.77	65.68	65.39	64.76
67.82	68.63	68.97	69.08	69.05	68.98	68.65	67.83	67.99	68.85	69.23	69.33	69.33	69.21	68.85	67.99	65.15	65.91	66.25	66.33	66.33	66.24	65.89	65.14	64.78	65.42	65.71	65.78	65.76	65.68	65.38	64.75
68.02	68.84	69.18	69.29	69.27	69.20	68.86	68.03	67.77	68.63	69.01	69.11	69.11	68.99	68.63	67.77	65.14	65.90	66.24	66.33	66.33	66.23	65.89	65.13	64.77	65.41	65.70	65.77	65.76	65.67	65.38	64.75
67.81	68.62	68.96	69.07	69.05	68.97	68.64	67.82	67.98	68.84	69.22	69.32	69.33	69.20	68.84	67.98	65.14	65.89	66.24	66.33	66.33	66.23	65.88	65.13	64.76	65.40	65.70	65.77	65.76	65.67	65.37	64.74
68.02	68.84	69.19	69.30	69.27	69.20	68.85	68.03	67.75	68.61	68.99	69.09	69.10	68.97	68.61	67.75	65.13	65.89	66.23	66.33	66.32	66.22	65.88	65.12	64.76	65.40	65.69	65.77	65.75	65.66	65.37	64.74
67.79	68.60	68.95	69.07	69.04	68.96	68.62	67.80	67.97	68.84	69.22	69.32	69.33	69.20	68.83	67.97	65.12	65.88	66.23	66.32	66.32	66.22	65.87	65.12	64.75	65.39	65.69	65.76	65.75	65.66	65.36	64.73
68.01	68.82	69.17	69.29	69.26	69.18	68.84	68.02	67.75	68.61	68.99	69.09	69.10	68.97	68.61	67.75	65.12	65.87	66.22	66.32	66.32	66.21	65.86	65.11	64.75	65.38	65.68	65.76	65.75	65.66	65.35	64.72
67.79	68.60	68.95	69.07	69.04	68.96	68.61	67.80	67.96	68.82	69.21	69.31	69.32	69.19	68.82	67.95	65.11	65.87	66.22	66.32	66.31	66.21	65.86	65.11	64.74	65.38	65.68	65.76	65.74	65.65	65.35	64.72
68.00	68.81	69.17	69.29	69.26	69.18	68.83	68.01	67.74	68.60	68.98	69.09	69.09	68.96	68.60	67.74	65.11	65.86	66.21	66.31	66.31	66.21	65.85	65.10	64.73	65.37	65.67	65.75	65.74	65.65	65.34	64.71
67.78	68.59	68.94	69.06	69.03	68.95	68.60	67.79	67.95	68.81	69.20	69.31	69.31	69.18	68.81	67.94	65.10	65.86	66.21	66.31	66.31	66.20	65.85	65.09	64.73	65.37	65.67	65.75	65.74	65.64	65.34	64.71
67.99	68.80	69.16	69.28	69.25	69.17	68.82	68.00	67.73	68.59	68.98	69.09	69.09	68.96	68.59	67.73	65.10	65.85	66.20	66.31	66.30	66.20	65.84	65.09	64.72	65.36	65.66	65.75	65.74	65.64	65.33	64.70
67.77	68.58	68.93	69.06	69.03	68.94	68.59	67.77	67.94	68.80	69.19	69.31	69.31	69.18	68.80	67.94	65.09	65.85	66.20	66.31	66.30	66.19	65.84	65.08	64.72	65.35	65.66	65.74	65.73	65.63	65.33	64.70
67.98	68.80	69.16	69.28	69.25	69.16	68.81	67.99	67.72	68.58	68.96	69.08	69.08	68.95	68.57	67.71	65.08	65.84	66.20	66.30	66.30	66.19	65.83	65.08	64.71	65.35	65.65	65.74	65.73	65.63	65.32	64.69
67.76	68.57	68.93	69.06	69.03	68.94	68.58	67.77	67.93	68.79	69.18	69.30	69.30	69.17	68.79	67.92	65.08	65.83	66.19	66.30	66.30	66.18	65.83	65.07	64.71	65.34	65.65	65.74	65.73	65.62	65.32	64.69
67.97	68.79	69.15	69.28	69.25	69.16	68.80	67.98	67.71	68.56	68.96	69.07	69.08	68.94	68.56	67.70	65.07	65.83	66.19	66.30	66.29	66.18	65.82	65.07	64.70	65.34	65.64	65.73	65.72	65.62	65.31	64.68
67.76	68.57	68.93	69.06	69.03	68.94	68.58	67.76	67.91	68.77	69.17	69.29	69.29	69.15	68.77	67.91	65.07	65.82	66.18	66.29	66.29	66.18	65.82	65.06	64.69	65.33	65.64	65.73	65.72	65.62	65.31	64.68
67.97	68.79	69.15	69.28	69.25	69.15	68.79	67.97	67.69	68.55	68.94	69.06	69.07	68.93	68.55	67.69	65.06	65.82	66.18	66.29	66.29	66.17	65.81	65.06	64.69	65.33	65.63	65.73	65.72	65.61	65.30	64.67
