Metric	Core0	Core1	Core2	Core3	Core4	Core5	Core6	Core7	Core8	Core9	Core10	Core11	Core12	Core13	Core14	Core15	Core16	Core17	Core18	Core19	Core20	Core21	Core22	Core23	Core24	Core25	Core26	Core27	Core28	Core29	Core30	Core31
total	3600157.278	3600157.278	3600157.278	11.000	23.250	1.860	4.315	3600157.278	1000.044	0.497	1000.044	0.468	1000.044	1000.044	1000.044	1000.044	3600157.278	3600157.278	3600157.278	3600157.278	3600157.278	3600157.278	3600157.278	3600157.278	3600157.278	3600157.278	3600157.278	3600157.278	3600157.278	3600157.278	3600157.278	3600157.278
base	0.000	0.000	0.000	0.600	1.082	0.345	0.364	0.000	0.000	0.237	0.000	0.238	0.000	0.000	0.000	0.000	0.000	0.000	0.000	0.000	0.000	0.000	0.000	0.000	0.000	0.000	0.000	0.000	0.000	0.000	0.000	0.000
dispatch_width	-
rs_full	-
depend	-
depend-int	-
depend-fp	0.000	0.000	0.000	0.211	0.246	0.173	0.178	0.000	0.000	0.117	0.000	0.109	0.000	0.000	0.000	0.000	0.000	0.000	0.000	0.000	0.000	0.000	0.000	0.000	0.000	0.000	0.000	0.000	0.000	0.000	0.000	0.000
depend-branch	-
issue	0.000	0.000	0.000	0.000	0.000	0.081	0.048	0.000	0.000	0.050	0.000	0.044	0.000	0.000	0.000	0.000	0.000	0.000	0.000	0.000	0.000	0.000	0.000	0.000	0.000	0.000	0.000	0.000	0.000	0.000	0.000	0.000
serial	-
smt	-
branch	0.000	0.000	0.000	0.000	0.317	0.335	0.235	0.000	0.000	0.022	0.000	0.020	0.000	0.000	0.000	0.000	0.000	0.000	0.000	0.000	0.000	0.000	0.000	0.000	0.000	0.000	0.000	0.000	0.000	0.000	0.000	0.000
itlb	-
dtlb	-
ifetch	-
mem	-
mem-l1d	0.000	0.000	0.000	0.000	0.000	0.026	0.000	0.000	0.000	0.032	0.000	0.023	0.000	0.000	0.000	0.000	0.000	0.000	0.000	0.000	0.000	0.000	0.000	0.000	0.000	0.000	0.000	0.000	0.000	0.000	0.000	0.000
mem-l2	-
mem-l3	-
mem-l4	-
mem-remote	-
mem-nuca	-
mem-dram-cache	-
mem-dram	0.000	0.000	0.000	0.647	0.938	0.722	0.682	0.000	0.000	0.000	0.000	0.000	0.000	0.000	0.000	0.000	0.000	0.000	0.000	0.000	0.000	0.000	0.000	0.000	0.000	0.000	0.000	0.000	0.000	0.000	0.000	0.000
sync	-
dvfs-transition	-
imbalance	3592957.278	3592957.278	3592957.278	9.257	20.444	0.129	2.697	3592957.278	998.044	0.031	998.044	0.029	998.044	998.044	998.044	998.044	3600157.278	3600157.278	3600157.278	3600157.278	3600157.278	3600157.278	3600157.278	3600157.278	3600157.278	3600157.278	3600157.278	3600157.278	3600157.278	3600157.278	3600157.278	3600157.278
other	7200.000	7200.000	7200.000	0.285	0.223	0.049	0.111	7200.000	2.000	0.009	2.000	0.004	2.000	2.000	2.000	2.000	0.000	0.000	0.000	0.000	0.000	0.000	0.000	0.000	0.000	0.000	0.000	0.000	0.000	0.000	0.000	0.000
