pcb_LC_0	352.6131
pcb_LC_1	353.7689
pcb_LC_2	354.2827
pcb_LC_3	354.4899
pcb_LC_4	354.4896
pcb_LC_5	354.2820
pcb_LC_6	353.7679
pcb_LC_7	352.6118
pcb_LC_8	352.6959
pcb_LC_9	354.1366
pcb_LC_10	354.8222
pcb_LC_11	355.1041
pcb_LC_12	355.1038
pcb_LC_13	354.8212
pcb_LC_14	354.1352
pcb_LC_15	352.6943
pcb_LC_16	352.7940
pcb_LC_17	354.3141
pcb_LC_18	355.0313
pcb_LC_19	355.3236
pcb_LC_20	355.3233
pcb_LC_21	355.0303
pcb_LC_22	354.3126
pcb_LC_23	352.7923
pcb_LC_24	352.8836
pcb_LC_25	354.2097
pcb_LC_26	354.7858
pcb_LC_27	355.0129
pcb_LC_28	355.0127
pcb_LC_29	354.7850
pcb_LC_30	354.2085
pcb_LC_31	352.8821
solder_LC_0	354.6210
solder_LC_1	354.9017
solder_LC_2	355.1736
solder_LC_3	355.3227
solder_LC_4	355.3224
solder_LC_5	355.1726
solder_LC_6	354.9002
solder_LC_7	354.6188
solder_LC_8	354.9686
solder_LC_9	355.4755
solder_LC_10	355.8665
solder_LC_11	356.0698
solder_LC_12	356.0694
solder_LC_13	355.8650
solder_LC_14	355.4736
solder_LC_15	354.9663
solder_LC_16	355.2292
solder_LC_17	355.8657
solder_LC_18	356.2981
solder_LC_19	356.5133
solder_LC_20	356.5130
solder_LC_21	356.2963
solder_LC_22	355.8634
solder_LC_23	355.2266
solder_LC_24	355.1575
solder_LC_25	355.6958
solder_LC_26	356.0478
solder_LC_27	356.2198
solder_LC_28	356.2197
solder_LC_29	356.0467
solder_LC_30	355.6936
solder_LC_31	355.1545
sub_LC_0	354.6815
sub_LC_1	354.9963
sub_LC_2	355.2973
sub_LC_3	355.4619
sub_LC_4	355.4615
sub_LC_5	355.2962
sub_LC_6	354.9946
sub_LC_7	354.6787
sub_LC_8	355.1532
sub_LC_9	355.6694
sub_LC_10	356.0805
sub_LC_11	356.2947
sub_LC_12	356.2941
sub_LC_13	356.0787
sub_LC_14	355.6674
sub_LC_15	355.1510
sub_LC_16	355.6200
sub_LC_17	356.2513
sub_LC_18	356.7014
sub_LC_19	356.9264
sub_LC_20	356.9263
sub_LC_21	356.6987
sub_LC_22	356.2489
sub_LC_23	355.6172
sub_LC_24	355.4673
sub_LC_25	356.0119
sub_LC_26	356.3884
sub_LC_27	356.5741
sub_LC_28	356.5743
sub_LC_29	356.3873
sub_LC_30	356.0091
sub_LC_31	355.4628
layer_3_LC_0	355.0013
layer_3_LC_1	355.6942
layer_3_LC_2	356.2863
layer_3_LC_3	356.5976
layer_3_LC_4	356.5965
layer_3_LC_5	356.2846
layer_3_LC_6	355.6912
layer_3_LC_7	354.9920
layer_3_LC_8	356.6517
layer_3_LC_9	357.4198
layer_3_LC_10	358.0646
layer_3_LC_11	358.3948
layer_3_LC_12	358.3936
layer_3_LC_13	358.0606
layer_3_LC_14	357.4168
layer_3_LC_15	356.6511
layer_3_LC_16	359.3113
layer_3_LC_17	360.0962
layer_3_LC_18	360.7583
layer_3_LC_19	361.0885
layer_3_LC_20	361.0906
layer_3_LC_21	360.7463
layer_3_LC_22	360.0925
layer_3_LC_23	359.3071
layer_3_LC_24	358.1438
layer_3_LC_25	358.8832
layer_3_LC_26	359.4959
layer_3_LC_27	359.8063
layer_3_LC_28	359.8105
layer_3_LC_29	359.4961
layer_3_LC_30	358.8749
layer_3_LC_31	358.1235
layer_4_TB_0	354.9040
layer_4_TB_1	355.5971
layer_4_TB_2	356.1888
layer_4_TB_3	356.4999
layer_4_TB_4	356.4988
layer_4_TB_5	356.1871
layer_4_TB_6	355.5940
layer_4_TB_7	354.8946
layer_4_TB_8	356.5533
layer_4_TB_9	357.3216
layer_4_TB_10	357.9659
layer_4_TB_11	358.2959
layer_4_TB_12	358.2947
layer_4_TB_13	357.9620
layer_4_TB_14	357.3186
layer_4_TB_15	356.5527
layer_4_TB_16	359.2187
layer_4_TB_17	360.0036
layer_4_TB_18	360.6652
layer_4_TB_19	360.9950
layer_4_TB_20	360.9972
layer_4_TB_21	360.6532
layer_4_TB_22	359.9999
layer_4_TB_23	359.2146
layer_4_TB_24	358.0447
layer_4_TB_25	358.7840
layer_4_TB_26	359.3962
layer_4_TB_27	359.7064
layer_4_TB_28	359.7105
layer_4_TB_29	359.3965
layer_4_TB_30	358.7758
layer_4_TB_31	358.0244
layer_5_B_0	353.9302
layer_5_B_1	354.6253
layer_5_B_2	355.2141
layer_5_B_3	355.5230
layer_5_B_4	355.5219
layer_5_B_5	355.2124
layer_5_B_6	354.6223
layer_5_B_7	353.9207
layer_5_B_8	355.5690
layer_5_B_9	356.3388
layer_5_B_10	356.9794
layer_5_B_11	357.3066
layer_5_B_12	357.3053
layer_5_B_13	356.9755
layer_5_B_14	356.3358
layer_5_B_15	355.5686
layer_5_B_16	358.2940
layer_5_B_17	359.0782
layer_5_B_18	359.7352
layer_5_B_19	360.0616
layer_5_B_20	360.0639
layer_5_B_21	359.7228
layer_5_B_22	359.0747
layer_5_B_23	358.2900
layer_5_B_24	357.0532
layer_5_B_25	357.7920
layer_5_B_26	358.3993
layer_5_B_27	358.7063
layer_5_B_28	358.7106
layer_5_B_29	358.3998
layer_5_B_30	357.7837
layer_5_B_31	357.0327
layer_6_TB_0	353.7929
layer_6_TB_1	354.4885
layer_6_TB_2	355.0768
layer_6_TB_3	355.3853
layer_6_TB_4	355.3843
layer_6_TB_5	355.0751
layer_6_TB_6	354.4855
layer_6_TB_7	353.7834
layer_6_TB_8	355.4236
layer_6_TB_9	356.1939
layer_6_TB_10	356.8340
layer_6_TB_11	357.1609
layer_6_TB_12	357.1594
layer_6_TB_13	356.8302
layer_6_TB_14	356.1909
layer_6_TB_15	355.4231
layer_6_TB_16	358.1214
layer_6_TB_17	358.9062
layer_6_TB_18	359.5626
layer_6_TB_19	359.8886
layer_6_TB_20	359.8908
layer_6_TB_21	359.5504
layer_6_TB_22	358.9026
layer_6_TB_23	358.1173
layer_6_TB_24	356.8946
layer_6_TB_25	357.6338
layer_6_TB_26	358.2407
layer_6_TB_27	358.5473
layer_6_TB_28	358.5514
layer_6_TB_29	358.2410
layer_6_TB_30	357.6256
layer_6_TB_31	356.8745
layer_7_B_32	352.4196
layer_7_B_33	353.1202
layer_7_B_34	353.7038
layer_7_B_35	354.0089
layer_7_B_36	354.0078
layer_7_B_37	353.7022
layer_7_B_38	353.1174
layer_7_B_39	352.4098
layer_7_B_40	353.9694
layer_7_B_41	354.7446
layer_7_B_42	355.3799
layer_7_B_43	355.7028
layer_7_B_44	355.6995
layer_7_B_45	355.3763
layer_7_B_46	354.7416
layer_7_B_47	353.9676
layer_7_B_48	356.3967
layer_7_B_49	357.1876
layer_7_B_50	357.8371
layer_7_B_51	358.1600
layer_7_B_52	358.1608
layer_7_B_53	357.8275
layer_7_B_54	357.1826
layer_7_B_55	356.3914
layer_7_B_56	355.3079
layer_7_B_57	356.0519
layer_7_B_58	356.6537
layer_7_B_59	356.9574
layer_7_B_60	356.9600
layer_7_B_61	356.6528
layer_7_B_62	356.0437
layer_7_B_63	355.2925
layer_8_TB_0	352.2420
layer_8_TB_1	352.9435
layer_8_TB_2	353.5265
layer_8_TB_3	353.8309
layer_8_TB_4	353.8299
layer_8_TB_5	353.5249
layer_8_TB_6	352.9407
layer_8_TB_7	352.2323
layer_8_TB_8	353.7826
layer_8_TB_9	354.5587
layer_8_TB_10	355.1934
layer_8_TB_11	355.5159
layer_8_TB_12	355.5126
layer_8_TB_13	355.1899
layer_8_TB_14	354.5558
layer_8_TB_15	353.7807
layer_8_TB_16	356.1895
layer_8_TB_17	356.9814
layer_8_TB_18	357.6302
layer_8_TB_19	357.9526
layer_8_TB_20	357.9534
layer_8_TB_21	357.6208
layer_8_TB_22	356.9763
layer_8_TB_23	356.1840
layer_8_TB_24	355.1085
layer_8_TB_25	355.8533
layer_8_TB_26	356.4545
layer_8_TB_27	356.7576
layer_8_TB_28	356.7601
layer_8_TB_29	356.4534
layer_8_TB_30	355.8452
layer_8_TB_31	355.0935
layer_9_B_64	350.4649
layer_9_B_65	351.1765
layer_9_B_66	351.7530
layer_9_B_67	352.0509
layer_9_B_68	352.0498
layer_9_B_69	351.7515
layer_9_B_70	351.1738
layer_9_B_71	350.4565
layer_9_B_72	351.9140
layer_9_B_73	352.7001
layer_9_B_74	353.3289
layer_9_B_75	353.6463
layer_9_B_76	353.6428
layer_9_B_77	353.3257
layer_9_B_78	352.6971
layer_9_B_79	351.9109
layer_9_B_80	354.1176
layer_9_B_81	354.9206
layer_9_B_82	355.5620
layer_9_B_83	355.8799
layer_9_B_84	355.8794
layer_9_B_85	355.5548
layer_9_B_86	354.9142
layer_9_B_87	354.1109
layer_9_B_88	353.1139
layer_9_B_89	353.8674
layer_9_B_90	354.4616
layer_9_B_91	354.7601
layer_9_B_92	354.7612
layer_9_B_93	354.4594
layer_9_B_94	353.8593
layer_9_B_95	353.1035
layer_10_TB_0	350.2490
layer_10_TB_1	350.9619
layer_10_TB_2	351.5376
layer_10_TB_3	351.8347
layer_10_TB_4	351.8337
layer_10_TB_5	351.5361
layer_10_TB_6	350.9593
layer_10_TB_7	350.2407
layer_10_TB_8	351.6882
layer_10_TB_9	352.4758
layer_10_TB_10	353.1040
layer_10_TB_11	353.4207
layer_10_TB_12	353.4172
layer_10_TB_13	353.1008
layer_10_TB_14	352.4729
layer_10_TB_15	351.6850
layer_10_TB_16	353.8762
layer_10_TB_17	354.6809
layer_10_TB_18	355.3214
layer_10_TB_19	355.6387
layer_10_TB_20	355.6381
layer_10_TB_21	355.3144
layer_10_TB_22	354.6744
layer_10_TB_23	353.8694
layer_10_TB_24	352.8748
layer_10_TB_25	353.6296
layer_10_TB_26	354.2229
layer_10_TB_27	354.5208
layer_10_TB_28	354.5217
layer_10_TB_29	354.2206
layer_10_TB_30	353.6215
layer_10_TB_31	352.8649
layer_11_B_96	348.0899
layer_11_B_97	348.8162
layer_11_B_98	349.3836
layer_11_B_99	349.6729
layer_11_B_100	349.6719
layer_11_B_101	349.3822
layer_11_B_102	348.8138
layer_11_B_103	348.0828
layer_11_B_104	349.4299
layer_11_B_105	350.2328
layer_11_B_106	350.8541
layer_11_B_107	351.1646
layer_11_B_108	351.1607
layer_11_B_109	350.8512
layer_11_B_110	350.2300
layer_11_B_111	349.4258
layer_11_B_112	351.4627
layer_11_B_113	352.2840
layer_11_B_114	352.9162
layer_11_B_115	353.2277
layer_11_B_116	353.2260
layer_11_B_117	352.9113
layer_11_B_118	352.2762
layer_11_B_119	351.4548
layer_11_B_120	350.4838
layer_11_B_121	351.2513
layer_11_B_122	351.8355
layer_11_B_123	352.1273
layer_11_B_124	352.1269
layer_11_B_125	351.8323
layer_11_B_126	351.2432
layer_11_B_127	350.4784
layer_12_TB_0	347.8369
layer_12_TB_1	348.5649
layer_12_TB_2	349.1313
layer_12_TB_3	349.4196
layer_12_TB_4	349.4187
layer_12_TB_5	349.1299
layer_12_TB_6	348.5625
layer_12_TB_7	347.8299
layer_12_TB_8	349.1664
layer_12_TB_9	349.9713
layer_12_TB_10	350.5918
layer_12_TB_11	350.9015
layer_12_TB_12	350.8976
layer_12_TB_13	350.5890
layer_12_TB_14	349.9685
layer_12_TB_15	349.1621
layer_12_TB_16	351.1881
layer_12_TB_17	352.0116
layer_12_TB_18	352.6429
layer_12_TB_19	352.9536
layer_12_TB_20	352.9518
layer_12_TB_21	352.6381
layer_12_TB_22	352.0037
layer_12_TB_23	351.1800
layer_12_TB_24	350.2063
layer_12_TB_25	350.9755
layer_12_TB_26	351.5586
layer_12_TB_27	351.8497
layer_12_TB_28	351.8490
layer_12_TB_29	351.5553
layer_12_TB_30	350.9674
layer_12_TB_31	350.2013
layer_13_B_128	345.3069
layer_13_B_129	346.0521
layer_13_B_130	346.6082
layer_13_B_131	346.8874
layer_13_B_132	346.8865
layer_13_B_133	346.6070
layer_13_B_134	346.0500
layer_13_B_135	345.3011
layer_13_B_136	346.5302
layer_13_B_137	347.3561
layer_13_B_138	347.9684
layer_13_B_139	348.2708
layer_13_B_140	348.2664
layer_13_B_141	347.9660
layer_13_B_142	347.3535
layer_13_B_143	346.5251
layer_13_B_144	348.4424
layer_13_B_145	349.2883
layer_13_B_146	349.9103
layer_13_B_147	350.2139
layer_13_B_148	350.2110
layer_13_B_149	349.9075
layer_13_B_150	349.2791
layer_13_B_151	348.4331
layer_13_B_152	347.4309
layer_13_B_153	348.2172
layer_13_B_154	348.7891
layer_13_B_155	349.0726
layer_13_B_156	349.0706
layer_13_B_157	348.7850
layer_13_B_158	348.2091
layer_13_B_159	347.4306
layer_14_TB_0	345.0181
layer_14_TB_1	345.7654
layer_14_TB_2	346.3203
layer_14_TB_3	346.5984
layer_14_TB_4	346.5975
layer_14_TB_5	346.3191
layer_14_TB_6	345.7634
layer_14_TB_7	345.0124
layer_14_TB_8	346.2239
layer_14_TB_9	347.0527
layer_14_TB_10	347.6640
layer_14_TB_11	347.9656
layer_14_TB_12	347.9612
layer_14_TB_13	347.6616
layer_14_TB_14	347.0501
layer_14_TB_15	346.2189
layer_14_TB_16	348.0907
layer_14_TB_17	348.9393
layer_14_TB_18	349.5602
layer_14_TB_19	349.8630
layer_14_TB_20	349.8602
layer_14_TB_21	349.5575
layer_14_TB_22	348.9303
layer_14_TB_23	348.0816
layer_14_TB_24	347.0993
layer_14_TB_25	347.8874
layer_14_TB_26	348.4580
layer_14_TB_27	348.7403
layer_14_TB_28	348.7384
layer_14_TB_29	348.4539
layer_14_TB_30	347.8794
layer_14_TB_31	347.0989
layer_15_B_160	342.1299
layer_15_B_161	342.8986
layer_15_B_162	343.4411
layer_15_B_163	343.7086
layer_15_B_164	343.7078
layer_15_B_165	343.4400
layer_15_B_166	342.8969
layer_15_B_167	342.1254
layer_15_B_168	343.1604
layer_15_B_169	344.0178
layer_15_B_170	344.6197
layer_15_B_171	344.9127
layer_15_B_172	344.9094
layer_15_B_173	344.6178
layer_15_B_174	344.0156
layer_15_B_175	343.1563
layer_15_B_176	344.5741
layer_15_B_177	345.4499
layer_15_B_178	346.0602
layer_15_B_179	346.3546
layer_15_B_180	346.3524
layer_15_B_181	346.0579
layer_15_B_182	345.4429
layer_15_B_183	344.5671
layer_15_B_184	343.7825
layer_15_B_185	344.5890
layer_15_B_186	345.1460
layer_15_B_187	345.4176
layer_15_B_188	345.4161
layer_15_B_189	345.1427
layer_15_B_190	344.5826
layer_15_B_191	343.7819
layer_16_TB_0	341.8058
layer_16_TB_1	342.5771
layer_16_TB_2	343.1181
layer_16_TB_3	343.3844
layer_16_TB_4	343.3836
layer_16_TB_5	343.1171
layer_16_TB_6	342.5754
layer_16_TB_7	341.8014
layer_16_TB_8	342.8181
layer_16_TB_9	343.6790
layer_16_TB_10	344.2798
layer_16_TB_11	344.5718
layer_16_TB_12	344.5686
layer_16_TB_13	344.2779
layer_16_TB_14	343.6768
layer_16_TB_15	342.8140
layer_16_TB_16	344.1910
layer_16_TB_17	345.0702
layer_16_TB_18	345.6793
layer_16_TB_19	345.9727
layer_16_TB_20	345.9706
layer_16_TB_21	345.6770
layer_16_TB_22	345.0633
layer_16_TB_23	344.1842
layer_16_TB_24	343.4156
layer_16_TB_25	344.2244
layer_16_TB_26	344.7799
layer_16_TB_27	345.0502
layer_16_TB_28	345.0488
layer_16_TB_29	344.7767
layer_16_TB_30	344.2183
layer_16_TB_31	343.4150
layer_17_B_192	338.5645
layer_17_B_193	339.3618
layer_17_B_194	339.8879
layer_17_B_195	340.1421
layer_17_B_196	340.1416
layer_17_B_197	339.8870
layer_17_B_198	339.3604
layer_17_B_199	338.5612
layer_17_B_200	339.3943
layer_17_B_201	340.2907
layer_17_B_202	340.8804
layer_17_B_203	341.1628
layer_17_B_204	341.1606
layer_17_B_205	340.8789
layer_17_B_206	340.2889
layer_17_B_207	339.3912
layer_17_B_208	340.3602
layer_17_B_209	341.2736
layer_17_B_210	341.8705
layer_17_B_211	342.1544
layer_17_B_212	342.1528
layer_17_B_213	341.8687
layer_17_B_214	341.2686
layer_17_B_215	340.3552
layer_17_B_216	339.7467
layer_17_B_217	340.5790
layer_17_B_218	341.1184
layer_17_B_219	341.3765
layer_17_B_220	341.3754
layer_17_B_221	341.1160
layer_17_B_222	340.5745
layer_17_B_223	339.7459
layer_18_TB_0	338.2077
layer_18_TB_1	339.0081
layer_18_TB_2	339.5324
layer_18_TB_3	339.7854
layer_18_TB_4	339.7848
layer_18_TB_5	339.5316
layer_18_TB_6	339.0068
layer_18_TB_7	338.2045
layer_18_TB_8	339.0192
layer_18_TB_9	339.9199
layer_18_TB_10	340.5083
layer_18_TB_11	340.7896
layer_18_TB_12	340.7875
layer_18_TB_13	340.5068
layer_18_TB_14	339.9181
layer_18_TB_15	339.0162
layer_18_TB_16	339.9465
layer_18_TB_17	340.8641
layer_18_TB_18	341.4596
layer_18_TB_19	341.7424
layer_18_TB_20	341.7409
layer_18_TB_21	341.4578
layer_18_TB_22	340.8593
layer_18_TB_23	339.9417
layer_18_TB_24	339.3466
layer_18_TB_25	340.1818
layer_18_TB_26	340.7193
layer_18_TB_27	340.9760
layer_18_TB_28	340.9749
layer_18_TB_29	340.7169
layer_18_TB_30	340.1775
layer_18_TB_31	339.3458
layer_19_B_224	334.6400
layer_19_B_225	335.4715
layer_19_B_226	335.9782
layer_19_B_227	336.2177
layer_19_B_228	336.2173
layer_19_B_229	335.9776
layer_19_B_230	335.4705
layer_19_B_231	334.6379
layer_19_B_232	335.2682
layer_19_B_233	336.2118
layer_19_B_234	336.7872
layer_19_B_235	337.0578
layer_19_B_236	337.0565
layer_19_B_237	336.7862
layer_19_B_238	336.2105
layer_19_B_239	335.2662
layer_19_B_240	335.8093
layer_19_B_241	336.7691
layer_19_B_242	337.3505
layer_19_B_243	337.6226
layer_19_B_244	337.6216
layer_19_B_245	337.3493
layer_19_B_246	336.7660
layer_19_B_247	335.8063
layer_19_B_248	335.3454
layer_19_B_249	336.2098
layer_19_B_250	336.7282
layer_19_B_251	336.9712
layer_19_B_252	336.9705
layer_19_B_253	336.7267
layer_19_B_254	336.2070
layer_19_B_255	335.3446
layer_20_TB_0	334.2523
layer_20_TB_1	335.0875
layer_20_TB_2	335.5922
layer_20_TB_3	335.8301
layer_20_TB_4	335.8297
layer_20_TB_5	335.5916
layer_20_TB_6	335.0866
layer_20_TB_7	334.2504
layer_20_TB_8	334.8623
layer_20_TB_9	335.8111
layer_20_TB_10	336.3850
layer_20_TB_11	336.6544
layer_20_TB_12	336.6532
layer_20_TB_13	336.3840
layer_20_TB_14	335.8098
layer_20_TB_15	334.8604
layer_20_TB_16	335.3659
layer_20_TB_17	336.3307
layer_20_TB_18	336.9105
layer_20_TB_19	337.1814
layer_20_TB_20	337.1805
layer_20_TB_21	336.9094
layer_20_TB_22	336.3279
layer_20_TB_23	335.3631
layer_20_TB_24	334.9141
layer_20_TB_25	335.7820
layer_20_TB_26	336.2982
layer_20_TB_27	336.5396
layer_20_TB_28	336.5390
layer_20_TB_29	336.2968
layer_20_TB_30	335.7794
layer_20_TB_31	334.9133
hsp_TB_0	330.3755
hsp_TB_1	331.2477
hsp_TB_2	331.7316
hsp_TB_3	331.9546
hsp_TB_4	331.9544
hsp_TB_5	331.7312
hsp_TB_6	331.2471
hsp_TB_7	330.3747
hsp_TB_8	330.8036
hsp_TB_9	331.8039
hsp_TB_10	332.3625
hsp_TB_11	332.6201
hsp_TB_12	332.6198
hsp_TB_13	332.3620
hsp_TB_14	331.8032
hsp_TB_15	330.8027
hsp_TB_16	330.9319
hsp_TB_17	331.9478
hsp_TB_18	332.5112
hsp_TB_19	332.7702
hsp_TB_20	332.7699
hsp_TB_21	332.5106
hsp_TB_22	331.9467
hsp_TB_23	330.9309
hsp_TB_24	330.6009
hsp_TB_25	331.5042
hsp_TB_26	331.9982
hsp_TB_27	332.2244
hsp_TB_28	332.2241
hsp_TB_29	331.9976
hsp_TB_30	331.5032
hsp_TB_31	330.6002
hsink_TB_0	328.9364
hsink_TB_1	329.6846
hsink_TB_2	330.1389
hsink_TB_3	330.3527
hsink_TB_4	330.3526
hsink_TB_5	330.1386
hsink_TB_6	329.6842
hsink_TB_7	328.9360
hsink_TB_8	329.2182
hsink_TB_9	330.0803
hsink_TB_10	330.6069
hsink_TB_11	330.8551
hsink_TB_12	330.8549
hsink_TB_13	330.6066
hsink_TB_14	330.0799
hsink_TB_15	329.2176
hsink_TB_16	329.2528
hsink_TB_17	330.1233
hsink_TB_18	330.6534
hsink_TB_19	330.9028
hsink_TB_20	330.9027
hsink_TB_21	330.6531
hsink_TB_22	330.1228
hsink_TB_23	329.2523
hsink_TB_24	329.0149
hsink_TB_25	329.7812
hsink_TB_26	330.2430
hsink_TB_27	330.4594
hsink_TB_28	330.4593
hsink_TB_29	330.2427
hsink_TB_30	329.7807
hsink_TB_31	329.0144
inode_0	326.7905
inode_1	326.7901
inode_2	327.4107
inode_3	327.3136
inode_4	326.7517
inode_5	326.7513
inode_6	327.3787
inode_7	327.2828
inode_8	325.5447
inode_9	325.5444
inode_10	325.9158
inode_11	325.8352
inode_12	354.7279
inode_13	354.7254
inode_14	354.7197
inode_15	353.9768
inode_16	354.7066
inode_17	354.7041
inode_18	354.7131
inode_19	353.9717
inode_20	350.8153
inode_21	350.8137
inode_22	353.5915
inode_23	352.9451
inode_24	339.9422
inode_25	339.9412
inode_26	340.3904
inode_27	339.9847
