pcb_C_0	327.7194
pcb_C_1	328.4291
pcb_C_2	328.7432
pcb_C_3	328.8705
pcb_C_4	328.8659
pcb_C_5	328.7359
pcb_C_6	328.4217
pcb_C_7	327.7127
pcb_C_8	327.3907
pcb_C_9	327.9961
pcb_C_10	328.3154
pcb_C_11	328.4574
pcb_C_12	328.4542
pcb_C_13	328.3077
pcb_C_14	327.9881
pcb_C_15	327.3833
pcb_C_16	326.9182
pcb_C_17	327.1748
pcb_C_18	327.3747
pcb_C_19	327.4814
pcb_C_20	327.4796
pcb_C_21	327.3696
pcb_C_22	327.1688
pcb_C_23	326.9119
pcb_C_24	326.5783
pcb_C_25	326.5722
pcb_C_26	326.6547
pcb_C_27	326.7147
pcb_C_28	326.7137
pcb_C_29	326.6520
pcb_C_30	326.5685
pcb_C_31	326.5736
solder_C_0	328.0969
solder_C_1	328.7562
solder_C_2	329.0748
solder_C_3	329.2091
solder_C_4	329.2002
solder_C_5	329.0650
solder_C_6	328.7469
solder_C_7	328.0887
solder_C_8	327.7143
solder_C_9	328.2645
solder_C_10	328.5905
solder_C_11	328.7393
solder_C_12	328.7356
solder_C_13	328.5803
solder_C_14	328.2553
solder_C_15	327.7056
solder_C_16	326.9361
solder_C_17	327.1076
solder_C_18	327.3179
solder_C_19	327.4336
solder_C_20	327.4317
solder_C_21	327.3124
solder_C_22	327.1014
solder_C_23	326.9295
solder_C_24	326.5144
solder_C_25	326.4220
solder_C_26	326.5169
solder_C_27	326.5866
solder_C_28	326.5856
solder_C_29	326.5142
solder_C_30	326.4182
solder_C_31	326.5095
sub_C_0	328.2051
sub_C_1	328.8650
sub_C_2	329.1888
sub_C_3	329.3267
sub_C_4	329.3150
sub_C_5	329.1783
sub_C_6	328.8550
sub_C_7	328.1962
sub_C_8	327.8091
sub_C_9	328.3710
sub_C_10	328.7038
sub_C_11	328.8548
sub_C_12	328.8515
sub_C_13	328.6922
sub_C_14	328.3615
sub_C_15	327.7999
sub_C_16	326.8417
sub_C_17	327.0461
sub_C_18	327.2669
sub_C_19	327.3859
sub_C_20	327.3841
sub_C_21	327.2614
sub_C_22	327.0399
sub_C_23	326.8351
sub_C_24	326.3995
sub_C_25	326.3490
sub_C_26	326.4563
sub_C_27	326.5300
sub_C_28	326.5290
sub_C_29	326.4535
sub_C_30	326.3452
sub_C_31	326.3947
layer_3_C_0	329.1921
layer_3_C_1	329.9170
layer_3_C_2	330.2852
layer_3_C_3	330.4557
layer_3_C_4	330.4155
layer_3_C_5	330.2677
layer_3_C_6	329.8999
layer_3_C_7	329.1774
layer_3_C_8	328.7134
layer_3_C_9	329.4372
layer_3_C_10	329.8362
layer_3_C_11	330.0091
layer_3_C_12	330.0110
layer_3_C_13	329.8110
layer_3_C_14	329.4248
layer_3_C_15	328.6993
layer_3_C_16	325.8865
layer_3_C_17	326.4120
layer_3_C_18	326.7358
layer_3_C_19	326.8873
layer_3_C_20	326.8858
layer_3_C_21	326.7306
layer_3_C_22	326.4063
layer_3_C_23	325.8806
layer_3_C_24	325.3016
layer_3_C_25	325.6299
layer_3_C_26	325.8563
layer_3_C_27	325.9677
layer_3_C_28	325.9667
layer_3_C_29	325.8535
layer_3_C_30	325.6263
layer_3_C_31	325.2974
layer_4_TB_0	329.0158
layer_4_TB_1	329.7411
layer_4_TB_2	330.1093
layer_4_TB_3	330.2790
layer_4_TB_4	330.2412
layer_4_TB_5	330.0925
layer_4_TB_6	329.7247
layer_4_TB_7	329.0016
layer_4_TB_8	328.5562
layer_4_TB_9	329.2802
layer_4_TB_10	329.6788
layer_4_TB_11	329.8519
layer_4_TB_12	329.8533
layer_4_TB_13	329.6548
layer_4_TB_14	329.2682
layer_4_TB_15	328.5425
layer_4_TB_16	325.8845
layer_4_TB_17	326.4105
layer_4_TB_18	326.7343
layer_4_TB_19	326.8859
layer_4_TB_20	326.8844
layer_4_TB_21	326.7292
layer_4_TB_22	326.4048
layer_4_TB_23	325.8786
layer_4_TB_24	325.3003
layer_4_TB_25	325.6291
layer_4_TB_26	325.8555
layer_4_TB_27	325.9670
layer_4_TB_28	325.9660
layer_4_TB_29	325.8528
layer_4_TB_30	325.6254
layer_4_TB_31	325.2962
hsp_TB_0	327.2532
hsp_TB_1	327.9823
hsp_TB_2	328.3509
hsp_TB_3	328.5117
hsp_TB_4	328.4987
hsp_TB_5	328.3404
hsp_TB_6	327.9721
hsp_TB_7	327.2441
hsp_TB_8	326.9844
hsp_TB_9	327.7109
hsp_TB_10	328.1053
hsp_TB_11	328.2795
hsp_TB_12	328.2768
hsp_TB_13	328.0938
hsp_TB_14	327.7019
hsp_TB_15	326.9754
hsp_TB_16	325.8643
hsp_TB_17	326.3950
hsp_TB_18	326.7198
hsp_TB_19	326.8718
hsp_TB_20	326.8702
hsp_TB_21	326.7148
hsp_TB_22	326.3893
hsp_TB_23	325.8584
hsp_TB_24	325.2874
hsp_TB_25	325.6205
hsp_TB_26	325.8479
hsp_TB_27	325.9596
hsp_TB_28	325.9587
hsp_TB_29	325.8452
hsp_TB_30	325.6168
hsp_TB_31	325.2833
hsink_TB_0	326.5440
hsink_TB_1	327.2429
hsink_TB_2	327.6093
hsink_TB_3	327.7674
hsink_TB_4	327.7622
hsink_TB_5	327.6019
hsink_TB_6	327.2353
hsink_TB_7	326.5370
hsink_TB_8	326.3785
hsink_TB_9	327.0798
hsink_TB_10	327.4711
hsink_TB_11	327.6452
hsink_TB_12	327.6423
hsink_TB_13	327.4639
hsink_TB_14	327.0723
hsink_TB_15	326.3714
hsink_TB_16	325.7898
hsink_TB_17	326.3174
hsink_TB_18	326.6419
hsink_TB_19	326.7939
hsink_TB_20	326.7923
hsink_TB_21	326.6374
hsink_TB_22	326.3119
hsink_TB_23	325.7842
hsink_TB_24	325.2747
hsink_TB_25	325.6090
hsink_TB_26	325.8367
hsink_TB_27	325.9485
hsink_TB_28	325.9475
hsink_TB_29	325.8340
hsink_TB_30	325.6053
hsink_TB_31	325.2705
inode_0	324.7641
inode_1	324.7590
inode_2	324.1745
inode_3	325.6555
inode_4	324.7494
inode_5	324.7443
inode_6	324.1671
inode_7	325.6430
inode_8	324.1552
inode_9	324.1505
inode_10	323.4749
inode_11	324.7810
inode_12	327.2405
inode_13	327.2335
inode_14	326.2324
inode_15	328.4714
inode_16	327.2383
inode_17	327.2313
inode_18	326.2322
inode_19	328.4706
inode_20	326.6617
inode_21	326.6556
inode_22	326.1766
inode_23	328.3600
inode_24	324.6744
inode_25	324.6697
inode_26	323.8963
inode_27	325.4595
