C_0	C_1	C_2	C_3	C_4	C_5	C_6	C_7	C_8	C_9	C_10	C_11	C_12	C_13	C_14	C_15	C_16	C_17	C_18	C_19	C_20	C_21	C_22	C_23	C_24	C_25	C_26	C_27	C_28	C_29	C_30	C_31	
3.31955	3.31512	3.30864	3.31008	3.31665	3.31703	3.31962	3.31013	4.43039	4.43172	4.42936	4.43079	4.43098	4.42964	4.43066	4.42942	3.98123	3.982	3.98127	3.98205	3.98202	3.98126	3.98121	3.98199	9.91109	9.91257	9.91464	9.91153	9.91343	9.91191	9.91033	9.90731	
3.36117	3.36942	3.29769	3.32108	3.36214	3.33629	3.36176	3.35837	4.44888	4.44919	4.45185	4.45204	4.45185	4.4519	4.45055	4.45037	3.89542	3.89542	3.89541	3.89539	3.8954	3.89541	3.8954	3.89543	7.73036	7.72565	7.72654	7.72938	7.72593	7.73047	7.72804	7.73026	
3.31192	3.30537	3.20307	3.06733	3.30238	3.30001	3.22669	3.06108	4.44197	4.44164	4.44315	4.44288	4.44436	4.44503	4.44253	4.44339	4.07042	4.0699	4.06992	4.07065	4.0704	4.06989	4.06958	4.0699	8.09769	8.41946	8.5701	8.34113	8.37536	8.56998	8.56991	8.242	
3.11677	3.09921	3.12092	3.17434	3.11176	3.10817	3.08471	3.12426	4.31591	4.31762	4.31658	4.3174	4.31641	4.31677	4.31878	4.32012	3.9732	3.97574	3.97551	3.97284	3.97229	3.97548	3.97349	3.97574	8.83846	8.75996	8.71688	8.81719	8.78761	8.71703	8.70565	8.60906	
3.28969	3.31204	3.33873	3.24508	3.34461	3.33286	3.32176	3.25679	4.44324	4.44311	4.44675	4.44659	4.44771	4.44784	4.44672	4.44699	3.96332	3.96514	3.96547	3.96366	3.9641	3.96547	3.96582	3.96515	8.96008	8.74668	8.69839	8.80526	8.79895	8.70562	8.70813	8.99304	
3.10406	3.0971	3.14521	3.14857	3.10035	3.09705	3.15299	3.14553	4.44466	4.44383	4.44625	4.44623	4.44441	4.4438	4.44445	4.44432	3.94103	3.94062	3.94053	3.94077	3.94119	3.94053	3.9409	3.94062	8.32374	8.43352	8.34448	8.49219	8.47069	8.33808	8.34766	8.5904	
3.10601	3.0924	3.11052	3.31301	3.04667	3.05031	3.1044	3.27009	4.43983	4.43965	4.4434	4.44369	4.44225	4.44303	4.44397	4.4437	4.03257	4.03136	4.0309	4.03258	4.03207	4.03089	4.03193	4.03136	0.72988	0.72988	0.72988	0.72988	0.72988	0.72988	0.72988	0.72988	
1.71294	3.67545	3.04119	3.10617	2.71148	3.13448	3.05548	3.10674	4.41409	4.41459	4.41626	4.41627	4.41563	4.41601	4.41624	4.4162	4.03287	4.03206	4.03183	4.032	4.03373	4.03182	4.03319	4.03206	0.72988	0.72988	0.72988	0.72988	0.72988	0.72988	0.72988	0.72988	
3.06196	3.14821	3.15996	3.08152	3.18892	3.22384	3.1366	3.05763	4.42514	4.42536	4.42484	4.42588	4.42415	4.42336	4.42372	4.42334	4.08954	4.09138	4.0924	4.08952	4.0893	4.09239	4.09043	4.09138	0.72988	0.72988	0.72988	0.72988	0.72988	0.72988	0.72988	0.72988	
3.32896	3.122	3.0321	3.39929	3.19241	3.0266	3.1418	3.32833	4.43218	4.43134	4.43659	4.43598	4.43518	4.4341	4.43435	4.4351	4.06214	4.06274	4.06263	4.06132	4.06303	4.06261	4.0624	4.06274	0.72988	0.72988	0.72988	0.72988	0.72988	0.72988	0.72988	0.72988	
3.11121	3.12374	3.13043	3.11818	3.13131	3.17609	3.11842	3.08099	4.44307	4.44499	4.44518	4.44525	4.44495	4.44443	4.44325	4.44404	3.98745	3.98521	3.98502	3.98814	3.98707	3.98501	3.98541	3.98522	0.72988	0.72988	0.72988	0.72988	0.72988	0.72988	0.72988	0.72988	
3.0766	3.15711	3.20657	3.13122	3.18007	3.23257	3.18579	3.07189	4.43987	4.43846	4.44432	4.44433	4.44233	4.44319	4.44214	4.44158	3.94795	3.94854	3.94829	3.94816	3.94818	3.94831	3.94817	3.94854	0.72988	0.72988	0.72988	0.72988	0.72988	0.72988	0.72988	0.72988	
3.21034	3.44254	3.34321	3.17974	3.23826	3.39953	3.36093	3.19357	4.44606	4.44636	4.45099	4.45123	4.44819	4.44845	4.44666	4.44685	3.97632	3.97615	3.97671	3.97604	3.97572	3.97669	3.97574	3.97615	0.72988	0.72988	0.72988	0.72988	0.72988	0.72988	0.72988	0.72988	
3.04899	3.18562	3.16486	3.0695	3.1309	3.19889	3.1603	3.07187	4.43601	4.43689	4.43897	4.43939	4.43901	4.43901	4.43816	4.43749	3.95221	3.95052	3.94852	3.95292	3.95193	3.94853	3.95137	3.95052	0.72988	0.72988	0.72988	0.72988	0.72988	0.72988	0.72988	0.72988	
3.14678	3.04882	3.04249	3.11682	3.09244	3.02553	2.99477	3.10938	4.44056	4.43854	4.44151	4.44169	4.43946	4.44042	4.44064	4.43983	4.005	4.00358	4.00533	4.00442	4.00475	4.00534	4.00483	4.00358	0.72988	0.72988	0.72988	0.72988	0.72988	0.72988	0.72988	0.72988	
3.13238	3.50742	3.32578	3.1546	3.20845	3.33147	3.32815	3.10159	4.43016	4.43023	4.43003	4.43078	4.43079	4.43035	4.4326	4.43329	4.01893	4.01883	4.01887	4.01909	4.01867	4.01893	4.01899	4.01883	0.72988	0.72988	0.72988	0.72988	0.72988	0.72988	0.72988	0.72988	
3.47175	3.13601	3.23303	3.47139	3.39611	3.15516	3.19611	3.51113	4.4487	4.44901	4.45163	4.45028	4.45177	4.45192	4.45133	4.45133	3.94959	3.94994	3.94963	3.94923	3.95017	3.94959	3.94954	3.94995	0.72988	0.72988	0.72988	0.72988	0.72988	0.72988	0.72988	0.72988	
2.44705	3.41626	3.38922	2.47581	3.05723	3.05075	3.13105	3.07565	4.42868	4.42696	4.42694	4.4269	4.42683	4.42667	4.42733	4.42727	1.13026	1.14177	1.1452	1.12948	1.13252	1.14521	1.13631	1.14177	0.72988	0.72988	0.72988	0.72988	0.72988	0.72988	0.72988	0.72988	
3.0609	3.02221	3.13536	3.11961	3.10257	3.13511	3.11909	3.14887	2.71446	2.76356	2.60179	2.59883	2.61264	2.61509	2.6139	2.61123	0.72988	0.72988	0.72988	0.72988	0.72988	0.72988	0.72988	0.72988	0.72988	0.72988	0.72988	0.72988	0.72988	0.72988	0.72988	0.72988	
3.37815	3.16345	3.16993	3.49946	3.39746	3.23138	3.26013	3.50296	0.72988	0.72988	0.72988	0.72988	0.72988	0.72988	0.72988	0.72988	0.72988	0.72988	0.72988	0.72988	0.72988	0.72988	0.72988	0.72988	0.72988	0.72988	0.72988	0.72988	0.72988	0.72988	0.72988	0.72988	
3.1021	3.18003	3.25505	3.13017	3.21572	3.24652	3.2356	3.14959	0.72988	0.72988	0.72988	0.72988	0.72988	0.72988	0.72988	0.72988	0.72988	0.72988	0.72988	0.72988	0.72988	0.72988	0.72988	0.72988	0.72988	0.72988	0.72988	0.72988	0.72988	0.72988	0.72988	0.72988	
3.16649	3.11115	3.08272	3.14762	3.04548	3.05929	3.09767	3.12614	0.72988	0.72988	0.72988	0.72988	0.72988	0.72988	0.72988	0.72988	0.72988	0.72988	0.72988	0.72988	0.72988	0.72988	0.72988	0.72988	0.72988	0.72988	0.72988	0.72988	0.72988	0.72988	0.72988	0.72988	
2.96622	2.97487	3.07118	3.04939	3.32303	2.44012	3.07658	3.09016	0.72988	0.72988	0.72988	0.72988	0.72988	0.72988	0.72988	0.72988	0.72988	0.72988	0.72988	0.72988	0.72988	0.72988	0.72988	0.72988	0.72988	0.72988	0.72988	0.72988	0.72988	0.72988	0.72988	0.72988	
3.1663	3.45684	3.31865	3.05049	3.14011	3.04874	3.14218	3.02255	0.72988	0.72988	0.72988	0.72988	0.72988	0.72988	0.72988	0.72988	0.72988	0.72988	0.72988	0.72988	0.72988	0.72988	0.72988	0.72988	0.72988	0.72988	0.72988	0.72988	0.72988	0.72988	0.72988	0.72988	
3.24987	3.13507	3.25446	3.44666	3.42167	3.48934	3.35336	3.47481	0.72988	0.72988	0.72988	0.72988	0.72988	0.72988	0.72988	0.72988	0.72988	0.72988	0.72988	0.72988	0.72988	0.72988	0.72988	0.72988	0.72988	0.72988	0.72988	0.72988	0.72988	0.72988	0.72988	0.72988	
3.26711	3.22054	3.21641	3.19032	3.31489	3.28527	3.26287	3.16908	0.72988	0.72988	0.72988	0.72988	0.72988	0.72988	0.72988	0.72988	0.72988	0.72988	0.72988	0.72988	0.72988	0.72988	0.72988	0.72988	0.72988	0.72988	0.72988	0.72988	0.72988	0.72988	0.72988	0.72988	
3.22547	3.10435	3.09301	3.21275	3.07354	3.05514	3.10936	3.22355	0.72988	0.72988	0.72988	0.72988	0.72988	0.72988	0.72988	0.72988	0.72988	0.72988	0.72988	0.72988	0.72988	0.72988	0.72988	0.72988	0.72988	0.72988	0.72988	0.72988	0.72988	0.72988	0.72988	0.72988	
3.03662	3.03743	3.11222	3.01895	3.06747	3.04692	3.08938	3.01996	0.72988	0.72988	0.72988	0.72988	0.72988	0.72988	0.72988	0.72988	0.72988	0.72988	0.72988	0.72988	0.72988	0.72988	0.72988	0.72988	0.72988	0.72988	0.72988	0.72988	0.72988	0.72988	0.72988	0.72988	
2.43989	3.65795	4.03871	1.49327	3.60063	2.28579	3.10502	3.04691	0.72988	0.72988	0.72988	0.72988	0.72988	0.72988	0.72988	0.72988	0.72988	0.72988	0.72988	0.72988	0.72988	0.72988	0.72988	0.72988	0.72988	0.72988	0.72988	0.72988	0.72988	0.72988	0.72988	0.72988	
3.08436	3.0712	3.0786	3.0485	3.28377	3.49005	3.35824	3.46676	0.72988	0.72988	0.72988	0.72988	0.72988	0.72988	0.72988	0.72988	0.72988	0.72988	0.72988	0.72988	0.72988	0.72988	0.72988	0.72988	0.72988	0.72988	0.72988	0.72988	0.72988	0.72988	0.72988	0.72988	
3.39549	3.2727	3.26494	3.39594	3.23141	3.12471	3.25643	3.11209	0.72988	0.72988	0.72988	0.72988	0.72988	0.72988	0.72988	0.72988	0.72988	0.72988	0.72988	0.72988	0.72988	0.72988	0.72988	0.72988	0.72988	0.72988	0.72988	0.72988	0.72988	0.72988	0.72988	0.72988	
3.08529	3.14929	3.07649	3.07734	3.14488	3.24937	3.08926	3.22616	0.72988	0.72988	0.72988	0.72988	0.72988	0.72988	0.72988	0.72988	0.72988	0.72988	0.72988	0.72988	0.72988	0.72988	0.72988	0.72988	0.72988	0.72988	0.72988	0.72988	0.72988	0.72988	0.72988	0.72988	
3.11579	3.0213	3.0606	3.17737	3.02383	3.08382	3.01156	3.05612	0.72988	0.72988	0.72988	0.72988	0.72988	0.72988	0.72988	0.72988	0.72988	0.72988	0.72988	0.72988	0.72988	0.72988	0.72988	0.72988	0.72988	0.72988	0.72988	0.72988	0.72988	0.72988	0.72988	0.72988	
3.1687	3.41263	3.45323	3.16337	3.2685	3.07804	3.1099	3.01162	0.72988	0.72988	0.72988	0.72988	0.72988	0.72988	0.72988	0.72988	0.72988	0.72988	0.72988	0.72988	0.72988	0.72988	0.72988	0.72988	0.72988	0.72988	0.72988	0.72988	0.72988	0.72988	0.72988	0.72988	
0.843705	4.10016	3.02333	3.05461	3.14408	3.43926	3.30832	3.4105	0.72988	0.72988	0.72988	0.72988	0.72988	0.72988	0.72988	0.72988	0.72988	0.72988	0.72988	0.72988	0.72988	0.72988	0.72988	0.72988	0.72988	0.72988	0.72988	0.72988	0.72988	0.72988	0.72988	0.72988	
3.12062	3.05196	3.26139	3.43469	3.22956	3.03376	3.22091	3.03185	0.72988	0.72988	0.72988	0.72988	0.72988	0.72988	0.72988	0.72988	0.72988	0.72988	0.72988	0.72988	0.72988	0.72988	0.72988	0.72988	0.72988	0.72988	0.72988	0.72988	0.72988	0.72988	0.72988	0.72988	
3.32874	3.20196	3.1452	3.07332	3.19916	3.25612	3.1254	3.18518	0.72988	0.72988	0.72988	0.72988	0.72988	0.72988	0.72988	0.72988	0.72988	0.72988	0.72988	0.72988	0.72988	0.72988	0.72988	0.72988	0.72988	0.72988	0.72988	0.72988	0.72988	0.72988	0.72988	0.72988	
3.10479	3.11407	3.0702	3.19259	3.06675	3.12599	3.0789	3.07757	0.72988	0.72988	0.72988	0.72988	0.72988	0.72988	0.72988	0.72988	0.72988	0.72988	0.72988	0.72988	0.72988	0.72988	0.72988	0.72988	0.72988	0.72988	0.72988	0.72988	0.72988	0.72988	0.72988	0.72988	
3.12017	3.30883	3.39977	3.22743	3.26238	3.13655	3.11627	3.07626	0.72988	0.72988	0.72988	0.72988	0.72988	0.72988	0.72988	0.72988	0.72988	0.72988	0.72988	0.72988	0.72988	0.72988	0.72988	0.72988	0.72988	0.72988	0.72988	0.72988	0.72988	0.72988	0.72988	0.72988	
3.1897	3.13832	2.97969	3.04508	3.1814	3.37074	3.30693	3.41873	0.72988	0.72988	0.72988	0.72988	0.72988	0.72988	0.72988	0.72988	0.72988	0.72988	0.72988	0.72988	0.72988	0.72988	0.72988	0.72988	0.72988	0.72988	0.72988	0.72988	0.72988	0.72988	0.72988	0.72988	
3.15272	3.15178	3.27363	3.33896	3.15148	2.98551	3.15469	2.96726	0.72988	0.72988	0.72988	0.72988	0.72988	0.72988	0.72988	0.72988	0.72988	0.72988	0.72988	0.72988	0.72988	0.72988	0.72988	0.72988	0.72988	0.72988	0.72988	0.72988	0.72988	0.72988	0.72988	0.72988	
3.2953	3.19466	3.13881	3.0844	3.19159	3.28726	3.14124	3.19555	0.72988	0.72988	0.72988	0.72988	0.72988	0.72988	0.72988	0.72988	0.72988	0.72988	0.72988	0.72988	0.72988	0.72988	0.72988	0.72988	0.72988	0.72988	0.72988	0.72988	0.72988	0.72988	0.72988	0.72988	
3.11559	3.07636	3.08271	3.19342	3.13754	3.13432	3.17905	3.14497	0.72988	0.72988	0.72988	0.72988	0.72988	0.72988	0.72988	0.72988	0.72988	0.72988	0.72988	0.72988	0.72988	0.72988	0.72988	0.72988	0.72988	0.72988	0.72988	0.72988	0.72988	0.72988	0.72988	0.72988	
3.19011	3.29156	3.56098	2.55059	3.16517	3.12265	3.08251	3.16826	0.72988	0.72988	0.72988	0.72988	0.72988	0.72988	0.72988	0.72988	0.72988	0.72988	0.72988	0.72988	0.72988	0.72988	0.72988	0.72988	0.72988	0.72988	0.72988	0.72988	0.72988	0.72988	0.72988	0.72988	
3.16098	3.06003	2.95887	3.11646	3.23765	3.36352	3.32166	3.35987	0.72988	0.72988	0.72988	0.72988	0.72988	0.72988	0.72988	0.72988	0.72988	0.72988	0.72988	0.72988	0.72988	0.72988	0.72988	0.72988	0.72988	0.72988	0.72988	0.72988	0.72988	0.72988	0.72988	0.72988	
3.11752	3.22643	3.26805	3.37297	3.07003	2.96254	3.05287	2.95482	0.72988	0.72988	0.72988	0.72988	0.72988	0.72988	0.72988	0.72988	0.72988	0.72988	0.72988	0.72988	0.72988	0.72988	0.72988	0.72988	0.72988	0.72988	0.72988	0.72988	0.72988	0.72988	0.72988	0.72988	
1.18719	3.99338	3.20446	2.92629	3.22886	3.23043	3.18783	3.13736	0.72988	0.72988	0.72988	0.72988	0.72988	0.72988	0.72988	0.72988	0.72988	0.72988	0.72988	0.72988	0.72988	0.72988	0.72988	0.72988	0.72988	0.72988	0.72988	0.72988	0.72988	0.72988	0.72988	0.72988	
3.3163	3.2425	3.14789	3.14037	3.19148	3.22905	3.23612	3.2312	0.72988	0.72988	0.72988	0.72988	0.72988	0.72988	0.72988	0.72988	0.72988	0.72988	0.72988	0.72988	0.72988	0.72988	0.72988	0.72988	0.72988	0.72988	0.72988	0.72988	0.72988	0.72988	0.72988	0.72988	
3.97405	1.37394	3.01292	3.45953	3.16345	3.20283	3.12639	3.23584	0.72988	0.72988	0.72988	0.72988	0.72988	0.72988	0.72988	0.72988	0.72988	0.72988	0.72988	0.72988	0.72988	0.72988	0.72988	0.72988	0.72988	0.72988	0.72988	0.72988	0.72988	0.72988	0.72988	0.72988	
4.40407	0.72988	0.72988	4.30823	1.57082	3.14707	2.01744	3.5877	0.72988	0.72988	0.72988	0.72988	0.72988	0.72988	0.72988	0.72988	0.72988	0.72988	0.72988	0.72988	0.72988	0.72988	0.72988	0.72988	0.72988	0.72988	0.72988	0.72988	0.72988	0.72988	0.72988	0.72988	
4.36162	0.72988	0.72988	2.14354	0.72988	0.72988	0.72988	0.72988	0.72988	0.72988	0.72988	0.72988	0.72988	0.72988	0.72988	0.72988	0.72988	0.72988	0.72988	0.72988	0.72988	0.72988	0.72988	0.72988	0.72988	0.72988	0.72988	0.72988	0.72988	0.72988	0.72988	0.72988	
