C_0	C_1	C_2	C_3	C_4	C_5	C_6	C_7	C_8	C_9	C_10	C_11	C_12	C_13	C_14	C_15	C_16	C_17	C_18	C_19	C_20	C_21	C_22	C_23	C_24	C_25	C_26	C_27	C_28	C_29	C_30	C_31	
68.33	69.22	69.22	68.37	69.17	70.50	70.51	69.14	69.65	71.01	71.00	69.68	68.95	69.82	69.82	68.90	66.38	67.27	67.24	66.42	67.16	68.43	68.39	67.09	67.13	68.43	68.39	67.09	66.36	67.17	67.15	66.29
68.37	69.27	69.24	68.45	69.17	70.41	70.42	69.10	69.65	70.96	70.96	69.72	69.13	69.99	69.98	69.03	66.20	67.12	67.11	66.29	66.87	68.07	68.05	66.79	66.80	68.07	68.05	66.82	66.16	66.94	66.93	66.05
68.40	69.30	69.26	68.51	69.16	70.34	70.35	69.07	69.63	70.90	70.90	69.73	69.25	70.08	70.08	69.11	66.12	67.05	67.04	66.24	66.72	67.85	67.83	66.61	66.60	67.83	67.82	66.65	66.06	66.80	66.79	65.92
68.41	69.32	69.28	68.56	69.15	70.28	70.29	69.03	69.36	70.58	70.59	69.49	69.09	69.90	69.89	68.92	66.06	67.00	67.01	66.21	66.61	67.69	67.68	66.49	66.45	67.66	67.65	66.54	65.99	66.71	66.69	65.83
68.19	69.08	69.05	68.37	68.91	69.98	69.98	68.77	69.55	70.76	70.76	69.71	69.37	70.17	70.16	69.17	66.03	66.98	66.98	66.20	66.54	67.57	67.56	66.40	66.35	67.52	67.52	66.45	65.95	66.64	66.62	65.77
68.41	69.31	69.28	68.61	69.12	70.15	70.16	68.96	69.54	70.73	70.74	69.73	69.44	70.22	70.21	69.21	66.01	66.96	66.97	66.20	66.49	67.48	67.46	66.33	66.27	67.41	67.42	66.39	65.92	66.59	66.57	65.72
68.41	69.30	69.26	68.54	69.11	70.11	70.07	68.81	69.53	70.69	70.70	69.73	69.49	70.26	70.24	69.24	66.00	66.95	66.96	66.21	66.46	67.40	67.39	66.28	66.20	67.33	67.33	66.34	65.91	66.55	66.53	65.68
68.42	69.31	69.27	68.56	69.11	70.08	70.03	68.78	69.27	70.41	70.42	69.50	69.29	70.04	70.02	69.02	65.99	66.95	66.96	66.22	66.43	67.34	67.33	66.23	66.15	67.25	67.26	66.31	65.90	66.52	66.50	65.66
68.19	69.07	69.03	68.35	68.87	69.80	69.74	68.52	69.46	70.59	70.61	69.72	69.53	70.27	70.25	69.24	65.99	66.94	66.96	66.24	66.42	67.29	67.27	66.20	66.10	67.19	67.20	66.28	65.89	66.50	66.47	65.64
68.41	69.29	69.25	68.58	69.09	69.99	69.93	68.71	69.47	70.58	70.60	69.74	69.59	70.31	70.29	69.28	65.99	66.94	66.96	66.25	66.41	67.25	67.23	66.17	66.07	67.13	67.15	66.26	65.89	66.48	66.45	65.62
68.34	69.21	69.24	68.67	69.02	69.89	69.85	68.74	69.40	70.50	70.52	69.70	69.56	70.28	70.25	69.24	65.99	66.94	66.97	66.27	66.40	67.21	67.19	66.14	66.03	67.08	67.10	66.24	65.90	66.46	66.44	65.61
68.34	69.21	69.24	68.70	69.02	69.86	69.82	68.73	69.14	70.22	70.25	69.45	69.34	70.04	70.01	69.00	65.99	66.94	66.97	66.28	66.40	67.18	67.15	66.12	66.00	67.04	67.05	66.22	65.90	66.45	66.42	65.60
68.11	68.97	69.00	68.49	68.78	69.59	69.55	68.48	69.34	70.42	70.44	69.68	69.58	70.26	70.23	69.22	65.99	66.94	66.97	66.30	66.39	67.14	67.12	66.10	65.98	66.99	67.01	66.21	65.90	66.43	66.40	65.59
68.31	69.17	69.22	68.72	68.99	69.78	69.73	68.68	69.35	70.41	70.44	69.70	69.62	70.29	70.25	69.25	65.99	66.94	66.97	66.31	66.39	67.12	67.08	66.08	65.95	66.95	66.98	66.20	65.91	66.42	66.39	65.58
68.42	69.29	69.35	68.80	69.12	69.89	69.84	68.75	69.40	70.46	70.49	69.78	69.72	70.37	70.33	69.32	65.98	66.93	66.97	66.33	66.39	67.09	67.06	66.06	65.93	66.92	66.94	66.19	65.91	66.41	66.38	65.57
68.43	69.31	69.37	68.83	69.15	69.89	69.84	68.76	69.16	70.20	70.24	69.56	69.50	70.14	70.09	69.09	65.98	66.93	66.97	66.34	66.39	67.07	67.03	66.05	65.90	66.88	66.91	66.18	65.92	66.40	66.36	65.56
68.21	69.08	69.14	68.61	68.92	69.63	69.58	68.52	69.37	70.40	70.45	69.79	69.75	70.37	70.32	69.32	65.98	66.92	66.97	66.35	66.40	67.05	67.00	66.03	65.88	66.85	66.88	66.17	65.92	66.39	66.35	65.55
68.42	69.30	69.36	68.85	69.15	69.84	69.79	68.72	69.38	70.41	70.46	69.82	69.79	70.40	70.35	69.34	65.98	66.92	66.96	66.37	66.40	67.03	66.98	66.02	65.86	66.81	66.85	66.16	65.93	66.38	66.34	65.54
68.36	69.22	69.30	68.84	69.06	69.73	69.71	68.68	69.38	70.40	70.46	69.84	69.81	70.41	70.35	69.35	65.98	66.91	66.96	66.38	66.40	67.01	66.96	66.00	65.84	66.78	66.82	66.16	65.93	66.37	66.32	65.53
68.36	69.21	69.30	68.86	69.06	69.71	69.69	68.67	69.14	70.14	70.20	69.61	69.59	70.16	70.11	69.12	65.97	66.91	66.96	66.39	66.41	66.99	66.94	65.99	65.82	66.75	66.79	66.15	65.94	66.36	66.31	65.53
68.12	68.97	69.06	68.64	68.82	69.45	69.43	68.42	69.35	70.35	70.41	69.84	69.83	70.39	70.33	69.33	65.97	66.90	66.95	66.40	66.41	66.97	66.92	65.98	65.80	66.72	66.76	66.14	65.94	66.35	66.30	65.52
68.33	69.18	69.28	68.87	69.04	69.65	69.63	68.63	69.36	70.36	70.42	69.87	69.86	70.41	70.35	69.35	65.97	66.89	66.95	66.41	66.41	66.96	66.90	65.97	65.78	66.69	66.74	66.14	65.94	66.34	66.28	65.51
68.34	69.19	69.27	68.97	69.03	69.63	69.60	68.69	69.36	70.35	70.42	69.88	69.88	70.42	70.35	69.36	65.96	66.88	66.95	66.42	66.42	66.95	66.88	65.96	65.76	66.67	66.71	66.13	65.95	66.33	66.27	65.50
68.35	69.19	69.28	69.00	69.04	69.62	69.59	68.70	69.11	70.09	70.17	69.65	69.66	70.17	70.10	69.12	65.96	66.87	66.94	66.43	66.42	66.93	66.86	65.94	65.75	66.64	66.69	66.13	65.95	66.32	66.26	65.49
68.11	68.95	69.04	68.78	68.81	69.36	69.33	68.46	69.32	70.30	70.38	69.88	69.89	70.40	70.32	69.34	65.95	66.87	66.93	66.43	66.43	66.92	66.85	65.93	65.73	66.61	66.67	66.12	65.95	66.31	66.24	65.48
67.66	69.44	69.22	68.92	68.87	69.61	69.51	68.59	69.32	70.30	70.38	69.90	69.90	70.40	70.32	69.34	65.94	66.86	66.93	66.44	66.43	66.91	66.83	65.92	65.71	66.59	66.65	66.12	65.95	66.30	66.23	65.47
68.24	69.23	69.29	68.92	69.10	69.66	69.55	68.56	69.32	70.30	70.38	69.92	69.93	70.41	70.33	69.35	65.94	66.85	66.92	66.45	66.44	66.89	66.81	65.91	65.70	66.56	66.63	66.11	65.96	66.29	66.22	65.46
68.28	69.23	69.31	68.94	69.13	69.67	69.54	68.55	69.08	70.04	70.13	69.68	69.70	70.16	70.08	69.11	65.93	66.84	66.92	66.46	66.44	66.88	66.80	65.90	65.68	66.54	66.61	66.11	65.96	66.29	66.21	65.46
68.06	68.98	69.07	68.71	68.91	69.42	69.29	68.31	69.28	70.25	70.34	69.91	69.93	70.38	70.29	69.31	65.93	66.83	66.91	66.46	66.44	66.87	66.78	65.89	65.67	66.52	66.59	66.10	65.96	66.28	66.19	65.45
68.40	69.18	69.23	69.08	69.13	69.53	69.50	68.63	69.30	70.26	70.36	69.94	69.96	70.40	70.31	69.34	65.92	66.82	66.90	66.47	66.45	66.86	66.77	65.88	65.65	66.49	66.57	66.10	65.96	66.27	66.18	65.44
68.34	69.19	69.28	69.00	69.13	69.61	69.49	68.54	69.31	70.27	70.37	69.96	69.98	70.41	70.31	69.34	65.91	66.80	66.90	66.47	66.45	66.85	66.76	65.88	65.64	66.47	66.55	66.10	65.96	66.26	66.17	65.43
68.34	69.19	69.30	69.01	69.14	69.61	69.49	68.54	69.07	70.01	70.12	69.73	69.75	70.17	70.06	69.10	65.90	66.79	66.89	66.48	66.46	66.84	66.74	65.87	65.62	66.45	66.53	66.09	65.96	66.25	66.16	65.42
68.11	68.95	69.06	68.78	68.91	69.36	69.23	68.29	69.28	70.23	70.34	69.96	69.98	70.39	70.28	69.32	65.90	66.78	66.88	66.48	66.46	66.83	66.73	65.86	65.61	66.43	66.51	66.09	65.96	66.24	66.15	65.41
68.30	69.18	69.31	69.00	69.15	69.60	69.47	68.49	69.29	70.23	70.35	69.99	70.01	70.40	70.29	69.33	65.89	66.77	66.87	66.49	66.46	66.82	66.72	65.85	65.59	66.41	66.49	66.09	65.96	66.23	66.13	65.40
68.38	69.33	69.40	69.06	69.21	69.69	69.57	68.56	69.29	70.24	70.36	70.01	70.03	70.41	70.29	69.33	65.88	66.76	66.87	66.49	66.47	66.81	66.70	65.84	65.58	66.39	66.48	66.08	65.97	66.22	66.12	65.39
68.39	69.35	69.42	69.08	69.23	69.71	69.57	68.56	69.05	69.98	70.11	69.77	69.79	70.16	70.04	69.09	65.87	66.75	66.86	66.50	66.47	66.80	66.69	65.83	65.56	66.37	66.46	66.08	65.97	66.22	66.11	65.39
68.16	69.12	69.19	68.85	69.00	69.46	69.33	68.33	69.26	70.20	70.32	70.00	70.02	70.38	70.26	69.30	65.87	66.74	66.85	66.50	66.48	66.80	66.68	65.82	65.55	66.35	66.45	66.08	65.97	66.21	66.10	65.38
68.29	69.22	69.32	69.02	69.16	69.58	69.44	68.47	69.26	70.20	70.33	70.02	70.04	70.39	70.26	69.31	65.86	66.73	66.84	66.50	66.48	66.79	66.67	65.81	65.54	66.33	66.43	66.07	65.97	66.20	66.09	65.37
68.35	69.16	69.28	69.07	69.17	69.50	69.37	68.50	69.27	70.20	70.34	70.03	70.06	70.40	70.26	69.31	65.85	66.72	66.84	66.51	66.48	66.78	66.66	65.81	65.52	66.31	66.42	66.07	65.97	66.19	66.08	65.36
68.35	69.15	69.27	69.08	69.18	69.49	69.35	68.49	69.03	69.95	70.09	69.80	69.82	70.15	70.01	69.07	65.84	66.70	66.83	66.51	66.49	66.77	66.64	65.80	65.51	66.30	66.40	66.07	65.97	66.18	66.06	65.35
68.12	68.89	69.02	68.85	68.94	69.23	69.09	68.25	69.24	70.16	70.31	70.03	70.05	70.36	70.22	69.28	65.83	66.69	66.82	66.51	66.49	66.77	66.63	65.79	65.50	66.28	66.39	66.06	65.97	66.17	66.05	65.34
68.32	69.32	69.37	69.09	69.21	69.59	69.45	68.45	69.24	70.17	70.31	70.04	70.07	70.37	70.23	69.29	65.83	66.68	66.81	66.52	66.49	66.76	66.62	65.78	65.49	66.26	66.37	66.06	65.97	66.17	66.04	65.34
68.50	69.18	69.36	69.28	69.33	69.53	69.41	68.66	69.25	70.18	70.33	70.07	70.09	70.39	70.24	69.30	65.82	66.67	66.81	66.52	66.50	66.75	66.61	65.77	65.47	66.25	66.36	66.06	65.97	66.16	66.03	65.33
68.52	69.17	69.37	69.31	69.36	69.53	69.41	68.69	69.01	69.93	70.08	69.83	69.86	70.14	69.99	69.06	65.81	66.66	66.80	66.52	66.50	66.74	66.60	65.76	65.46	66.23	66.35	66.05	65.97	66.15	66.02	65.32
68.29	68.93	69.13	69.09	69.13	69.28	69.16	68.45	69.22	70.14	70.30	70.06	70.08	70.36	70.20	69.26	65.80	66.65	66.79	66.52	66.50	66.74	66.59	65.76	65.45	66.21	66.33	66.05	65.97	66.14	66.01	65.31
68.02	69.27	69.43	68.84	69.20	69.44	69.34	68.46	69.22	70.14	70.30	70.07	70.10	70.36	70.20	69.26	65.79	66.64	66.79	66.53	66.50	66.73	66.58	65.75	65.44	66.20	66.32	66.05	65.97	66.14	66.00	65.30
68.26	69.11	69.33	69.12	69.22	69.49	69.34	68.48	68.40	69.34	69.44	69.21	69.24	69.50	69.33	68.40	65.78	66.62	66.77	66.52	66.50	66.72	66.56	65.74	65.43	66.18	66.31	66.05	65.97	66.13	65.99	65.29
68.27	69.09	69.32	69.14	69.22	69.48	69.33	68.47	68.06	68.99	69.08	68.86	68.90	69.14	68.97	68.05	65.77	66.61	66.76	66.52	66.50	66.71	66.55	65.72	65.42	66.17	66.30	66.04	65.97	66.12	65.98	65.29
68.03	68.84	69.07	68.90	68.97	69.23	69.07	68.22	68.21	69.15	69.23	69.03	69.06	69.29	69.12	68.20	65.75	66.59	66.75	66.52	66.49	66.70	66.53	65.71	65.40	66.15	66.29	66.04	65.97	66.12	65.97	65.28
68.38	69.10	69.29	69.29	69.32	69.48	69.33	68.58	67.24	68.15	68.31	68.12	68.14	68.37	68.19	67.27	65.73	66.57	66.73	66.51	66.48	66.68	66.51	65.69	65.39	66.14	66.27	66.04	65.97	66.11	65.96	65.27
68.27	69.12	69.33	69.15	69.26	69.49	69.33	68.43	67.10	68.00	68.18	67.99	68.01	68.23	68.05	67.14	65.72	66.55	66.71	66.50	66.48	66.66	66.49	65.67	65.38	66.12	66.26	66.03	65.96	66.10	65.95	65.26
68.28	69.08	69.26	69.15	69.18	69.40	69.25	68.39	67.02	67.92	68.10	67.92	67.94	68.15	67.97	67.06	65.70	66.53	66.70	66.49	66.47	66.65	66.47	65.66	65.37	66.11	66.25	66.03	65.96	66.09	65.94	65.25
68.04	68.83	69.00	68.91	68.93	69.14	68.99	68.14	66.97	67.86	68.05	67.87	67.90	68.10	67.91	67.00	65.68	66.51	66.68	66.48	66.46	66.63	66.45	65.64	65.36	66.09	66.24	66.03	65.96	66.09	65.93	65.24
68.14	68.96	69.19	69.07	69.25	69.04	69.17	68.32	66.93	67.81	68.01	67.84	67.86	68.05	67.86	66.96	65.66	66.49	66.66	66.47	66.45	66.62	66.43	65.62	65.35	66.08	66.23	66.02	65.96	66.08	65.92	65.24
68.23	69.18	69.31	69.08	69.19	69.29	69.20	68.28	66.89	67.78	67.98	67.82	67.84	68.02	67.83	66.93	65.65	66.47	66.65	66.46	66.45	66.60	66.42	65.61	65.34	66.06	66.21	66.02	65.96	66.07	65.91	65.23
68.27	69.06	69.30	69.26	69.32	69.51	69.29	68.48	66.87	67.75	67.95	67.80	67.82	68.00	67.80	66.91	65.63	66.45	66.64	66.46	66.44	66.59	66.40	65.59	65.32	66.05	66.20	66.02	65.96	66.06	65.90	65.22
68.04	68.80	69.05	69.05	69.10	69.29	69.06	68.26	66.85	67.73	67.93	67.79	67.81	67.98	67.78	66.89	65.62	66.44	66.62	66.45	66.44	66.58	66.39	65.58	65.31	66.03	66.19	66.01	65.95	66.06	65.89	65.21
68.25	69.04	69.25	69.15	69.27	69.42	69.22	68.33	66.83	67.71	67.92	67.78	67.80	67.96	67.76	66.87	65.61	66.42	66.61	66.45	66.43	66.57	66.37	65.57	65.30	66.02	66.18	66.01	65.95	66.05	65.88	65.20
68.24	69.00	69.20	69.17	69.17	69.32	69.15	68.35	66.82	67.69	67.90	67.78	67.79	67.95	67.74	66.85	65.60	66.41	66.60	66.45	66.43	66.56	66.36	65.56	65.29	66.01	66.17	66.01	65.95	66.04	65.87	65.19
68.15	68.96	69.20	69.08	69.16	69.30	69.13	68.25	66.80	67.68	67.89	67.77	67.79	67.93	67.72	66.84	65.58	66.39	66.59	66.44	66.43	66.55	66.35	65.55	65.28	65.99	66.16	66.00	65.95	66.03	65.86	65.18
67.90	68.71	68.96	68.83	68.91	69.05	68.87	67.99	66.79	67.66	67.88	67.76	67.78	67.92	67.70	66.82	65.57	66.38	66.58	66.44	66.42	66.54	66.33	65.54	65.27	65.98	66.15	66.00	65.95	66.03	65.85	65.18
67.81	69.20	69.60	68.31	69.37	68.88	69.08	68.20	66.77	67.65	67.87	67.75	67.78	67.91	67.69	66.81	65.56	66.37	66.57	66.44	66.42	66.53	66.32	65.53	65.26	65.97	66.14	65.99	65.94	66.02	65.84	65.17
68.09	68.97	69.21	68.97	69.26	69.42	69.20	68.40	66.76	67.63	67.86	67.75	67.77	67.89	67.67	66.80	65.55	66.35	66.56	66.43	66.42	66.52	66.31	65.52	65.25	65.96	66.13	65.99	65.94	66.01	65.83	65.16
68.26	69.04	69.27	69.19	69.24	69.29	69.16	68.25	66.75	67.62	67.85	67.74	67.77	67.88	67.66	66.79	65.54	66.34	66.55	66.43	66.41	66.51	66.30	65.51	65.24	65.94	66.12	65.99	65.94	66.01	65.82	65.15
68.05	68.82	69.04	69.00	69.01	69.06	68.93	68.01	66.74	67.60	67.84	67.74	67.76	67.87	67.65	66.77	65.53	66.33	66.54	66.43	66.41	66.50	66.29	65.50	65.23	65.93	66.11	65.98	65.94	66.00	65.81	65.14
68.10	68.95	69.14	69.07	69.16	69.31	69.04	68.25	66.73	67.59	67.83	67.74	67.76	67.86	67.63	66.76	65.52	66.32	66.53	66.42	66.41	66.49	66.27	65.49	65.22	65.92	66.10	65.98	65.93	65.99	65.80	65.13
68.12	68.90	69.14	69.13	69.12	69.25	69.00	68.18	66.72	67.58	67.82	67.73	67.75	67.85	67.62	66.75	65.51	66.30	66.52	66.42	66.40	66.49	66.26	65.48	65.21	65.91	66.09	65.98	65.93	65.99	65.79	65.13
68.14	69.07	69.32	69.13	69.23	69.24	69.04	68.15	66.71	67.57	67.81	67.73	67.75	67.84	67.61	66.74	65.50	66.29	66.51	66.42	66.40	66.48	66.25	65.47	65.20	65.89	66.08	65.97	65.93	65.98	65.78	65.12
67.91	68.85	69.10	68.90	69.00	69.00	68.79	67.90	66.70	67.56	67.80	67.73	67.74	67.83	67.59	66.72	65.49	66.28	66.50	66.41	66.40	66.47	66.24	65.46	65.19	65.88	66.07	65.97	65.93	65.97	65.77	65.11
67.00	69.38	69.11	69.06	69.16	69.37	69.09	68.29	66.68	67.55	67.79	67.72	67.74	67.82	67.58	66.71	65.48	66.27	66.49	66.41	66.40	66.46	66.23	65.45	65.18	65.87	66.06	65.97	65.92	65.97	65.76	65.10
67.96	68.94	69.22	69.25	69.21	69.21	69.06	68.13	66.67	67.54	67.79	67.72	67.74	67.81	67.57	66.70	65.46	66.25	66.49	66.40	66.39	66.45	66.22	65.44	65.17	65.86	66.05	65.96	65.92	65.96	65.75	65.09
68.12	68.97	69.17	69.11	69.20	69.30	69.02	68.19	66.66	67.52	67.78	67.72	67.73	67.81	67.55	66.69	65.45	66.24	66.48	66.40	66.39	66.45	66.21	65.43	65.16	65.85	66.05	65.96	65.92	65.95	65.74	65.09
67.92	68.72	68.92	68.85	68.96	69.06	68.76	67.96	66.65	67.51	67.77	67.71	67.73	67.80	67.54	66.68	65.44	66.23	66.47	66.40	66.39	66.44	66.20	65.42	65.15	65.84	66.04	65.95	65.92	65.95	65.74	65.08
68.03	68.88	69.09	69.12	69.11	69.21	68.94	68.11	66.64	67.50	67.76	67.71	67.72	67.79	67.53	66.67	65.43	66.22	66.46	66.39	66.38	66.43	66.19	65.41	65.14	65.82	66.03	65.95	65.91	65.94	65.73	65.07
68.05	68.97	69.26	69.16	69.21	69.22	68.96	68.11	66.63	67.49	67.75	67.71	67.72	67.78	67.52	66.66	65.42	66.21	66.45	66.39	66.38	66.42	66.17	65.40	65.13	65.81	66.02	65.95	65.91	65.93	65.72	65.06
68.08	68.90	69.08	69.08	69.18	69.33	69.05	68.26	66.62	67.48	67.74	67.70	67.72	67.77	67.51	66.65	65.41	66.20	66.44	66.39	66.37	66.41	66.16	65.39	65.12	65.80	66.01	65.94	65.91	65.93	65.71	65.05
67.85	68.65	68.82	68.83	68.94	69.10	68.82	68.05	66.61	67.46	67.73	67.70	67.71	67.76	67.49	66.64	65.40	66.18	66.43	66.38	66.37	66.40	66.15	65.38	65.11	65.79	66.00	65.94	65.90	65.92	65.70	65.05
68.04	68.85	69.16	69.18	69.14	69.13	68.95	68.04	66.60	67.45	67.73	67.70	67.71	67.75	67.48	66.63	65.39	66.17	66.42	66.38	66.37	66.40	66.14	65.37	65.10	65.78	65.99	65.93	65.90	65.91	65.69	65.04
68.11	68.88	69.11	69.09	69.17	69.26	68.95	68.13	66.59	67.44	67.72	67.69	67.70	67.74	67.47	66.62	65.38	66.16	66.41	66.37	66.36	66.39	66.13	65.36	65.09	65.77	65.98	65.93	65.90	65.91	65.68	65.03
68.04	68.83	69.09	69.13	69.15	69.20	68.96	68.11	66.58	67.43	67.71	67.69	67.70	67.73	67.46	66.61	65.37	66.15	66.41	66.37	66.36	66.38	66.12	65.35	65.08	65.76	65.98	65.93	65.89	65.90	65.67	65.02
67.80	68.58	68.84	68.90	68.91	68.95	68.71	67.87	66.57	67.42	67.70	67.69	67.70	67.73	67.45	66.60	65.36	66.14	66.40	66.36	66.36	66.37	66.11	65.34	65.07	65.75	65.97	65.92	65.89	65.89	65.66	65.02
68.03	68.88	69.27	68.81	69.13	69.15	68.87	68.08	66.57	67.41	67.69	67.68	67.69	67.72	67.44	66.59	65.35	66.13	66.39	66.36	66.35	66.37	66.10	65.33	65.06	65.74	65.96	65.92	65.89	65.89	65.66	65.01
68.02	68.79	69.03	69.05	69.18	69.27	68.98	68.18	66.56	67.40	67.69	67.68	67.69	67.71	67.43	66.58	65.34	66.12	66.38	66.36	66.35	66.36	66.09	65.32	65.06	65.73	65.95	65.91	65.88	65.88	65.65	65.00
68.00	68.86	69.15	69.20	69.10	69.09	68.86	67.99	66.55	67.39	67.68	67.67	67.68	67.70	67.42	66.57	65.34	66.11	66.37	66.35	66.34	66.35	66.08	65.32	65.05	65.72	65.94	65.91	65.88	65.87	65.64	64.99
67.76	68.62	68.92	68.98	68.86	68.83	68.61	67.74	66.54	67.38	67.67	67.67	67.68	67.69	67.40	66.56	65.33	66.10	66.36	66.35	66.34	66.34	66.07	65.31	65.04	65.71	65.93	65.90	65.88	65.87	65.63	64.98
67.04	69.19	69.10	68.98	69.14	69.15	68.87	68.01	66.52	67.37	67.66	67.67	67.68	67.68	67.39	66.55	65.32	66.09	66.36	66.34	66.34	66.33	66.06	65.30	65.03	65.70	65.93	65.90	65.87	65.86	65.62	64.98
67.95	68.89	69.08	69.08	69.14	69.17	68.90	68.07	66.52	67.36	67.66	67.66	67.67	67.68	67.38	66.54	65.31	66.07	66.35	66.34	66.33	66.33	66.05	65.29	65.02	65.68	65.92	65.90	65.87	65.85	65.61	64.97
68.33	67.98	69.01	69.24	69.13	69.16	68.86	68.08	66.51	67.35	67.65	67.66	67.67	67.67	67.37	66.53	65.30	66.06	66.34	66.33	66.33	66.32	66.04	65.28	65.01	65.67	65.91	65.89	65.87	65.85	65.60	64.96
68.15	67.62	68.76	69.02	68.89	68.92	68.61	67.84	66.50	67.33	67.64	67.66	67.66	67.66	67.36	66.52	65.29	66.05	66.33	66.33	66.32	66.31	66.03	65.27	65.00	65.66	65.90	65.89	65.86	65.84	65.60	64.95
68.59	67.45	67.87	69.64	68.35	69.10	68.28	68.21	66.50	67.32	67.63	67.65	67.65	67.65	67.35	66.51	65.28	66.04	66.32	66.33	66.32	66.30	66.02	65.26	64.99	65.65	65.89	65.88	65.86	65.83	65.59	64.95
68.63	67.38	67.74	68.68	67.86	67.95	67.60	66.88	66.49	67.30	67.61	67.65	67.64	67.64	67.33	66.50	65.27	66.03	66.32	66.32	66.31	66.30	66.01	65.25	64.98	65.65	65.89	65.88	65.85	65.83	65.58	64.94
