pcb_LC_0	362.7527
pcb_LC_1	364.3703
pcb_LC_2	365.0821
pcb_LC_3	365.3668
pcb_LC_4	365.3663
pcb_LC_5	365.0808
pcb_LC_6	364.3682
pcb_LC_7	362.7502
pcb_LC_8	362.7085
pcb_LC_9	364.6161
pcb_LC_10	365.5257
pcb_LC_11	365.9002
pcb_LC_12	365.8996
pcb_LC_13	365.5242
pcb_LC_14	364.6138
pcb_LC_15	362.7056
pcb_LC_16	362.6990
pcb_LC_17	364.5994
pcb_LC_18	365.5061
pcb_LC_19	365.8798
pcb_LC_20	365.8793
pcb_LC_21	365.5051
pcb_LC_22	364.5977
pcb_LC_23	362.6966
pcb_LC_24	362.7315
pcb_LC_25	364.3351
pcb_LC_26	365.0416
pcb_LC_27	365.3246
pcb_LC_28	365.3244
pcb_LC_29	365.0411
pcb_LC_30	364.3342
pcb_LC_31	362.7298
solder_LC_0	365.5492
solder_LC_1	366.1149
solder_LC_2	366.5374
solder_LC_3	366.7552
solder_LC_4	366.7538
solder_LC_5	366.5356
solder_LC_6	366.1111
solder_LC_7	365.5439
solder_LC_8	365.6779
solder_LC_9	366.4075
solder_LC_10	366.9509
solder_LC_11	367.2306
solder_LC_12	367.2288
solder_LC_13	366.9482
solder_LC_14	366.4037
solder_LC_15	365.6720
solder_LC_16	365.6421
solder_LC_17	366.3581
solder_LC_18	366.8971
solder_LC_19	367.1757
solder_LC_20	367.1748
solder_LC_21	366.8959
solder_LC_22	366.3561
solder_LC_23	365.6385
solder_LC_24	365.5076
solder_LC_25	366.0522
solder_LC_26	366.4679
solder_LC_27	366.6828
solder_LC_28	366.6826
solder_LC_29	366.4677
solder_LC_30	366.0528
solder_LC_31	365.5062
sub_LC_0	365.8664
sub_LC_1	366.4588
sub_LC_2	366.9218
sub_LC_3	367.1625
sub_LC_4	367.1602
sub_LC_5	366.9205
sub_LC_6	366.4539
sub_LC_7	365.8587
sub_LC_8	365.9834
sub_LC_9	366.7214
sub_LC_10	367.2953
sub_LC_11	367.5911
sub_LC_12	367.5880
sub_LC_13	367.2916
sub_LC_14	366.7172
sub_LC_15	365.9748
sub_LC_16	365.9011
sub_LC_17	366.6278
sub_LC_18	367.1963
sub_LC_19	367.4915
sub_LC_20	367.4903
sub_LC_21	367.1957
sub_LC_22	366.6257
sub_LC_23	365.8973
sub_LC_24	365.8139
sub_LC_25	366.3883
sub_LC_26	366.8455
sub_LC_27	367.0818
sub_LC_28	367.0817
sub_LC_29	366.8453
sub_LC_30	366.3908
sub_LC_31	365.8138
layer_3_LC_0	368.6390
layer_3_LC_1	369.6167
layer_3_LC_2	370.4779
layer_3_LC_3	370.9344
layer_3_LC_4	370.9227
layer_3_LC_5	370.4842
layer_3_LC_6	369.6008
layer_3_LC_7	368.6089
layer_3_LC_8	368.6491
layer_3_LC_9	369.7000
layer_3_LC_10	370.6242
layer_3_LC_11	371.0896
layer_3_LC_12	371.0705
layer_3_LC_13	370.6084
layer_3_LC_14	369.6932
layer_3_LC_15	368.6107
layer_3_LC_16	368.0330
layer_3_LC_17	369.0940
layer_3_LC_18	369.9996
layer_3_LC_19	370.4710
layer_3_LC_20	370.4660
layer_3_LC_21	370.0064
layer_3_LC_22	369.0896
layer_3_LC_23	368.0267
layer_3_LC_24	368.5149
layer_3_LC_25	369.4975
layer_3_LC_26	370.3651
layer_3_LC_27	370.8002
layer_3_LC_28	370.8006
layer_3_LC_29	370.3640
layer_3_LC_30	369.5219
layer_3_LC_31	368.5270
layer_4_TB_0	368.5249
layer_4_TB_1	369.5020
layer_4_TB_2	370.3619
layer_4_TB_3	370.8178
layer_4_TB_4	370.8060
layer_4_TB_5	370.3683
layer_4_TB_6	369.4861
layer_4_TB_7	368.4949
layer_4_TB_8	368.5359
layer_4_TB_9	369.5861
layer_4_TB_10	370.5091
layer_4_TB_11	370.9738
layer_4_TB_12	370.9545
layer_4_TB_13	370.4933
layer_4_TB_14	369.5794
layer_4_TB_15	368.4974
layer_4_TB_16	367.9177
layer_4_TB_17	368.9782
layer_4_TB_18	369.8826
layer_4_TB_19	370.3532
layer_4_TB_20	370.3483
layer_4_TB_21	369.8894
layer_4_TB_22	368.9737
layer_4_TB_23	367.9115
layer_4_TB_24	368.4019
layer_4_TB_25	369.3838
layer_4_TB_26	370.2502
layer_4_TB_27	370.6846
layer_4_TB_28	370.6850
layer_4_TB_29	370.2492
layer_4_TB_30	369.4083
layer_4_TB_31	368.4140
layer_5_B_0	367.3839
layer_5_B_1	368.3544
layer_5_B_2	369.2026
layer_5_B_3	369.6516
layer_5_B_4	369.6398
layer_5_B_5	369.2096
layer_5_B_6	368.3385
layer_5_B_7	367.3543
layer_5_B_8	367.4036
layer_5_B_9	368.4471
layer_5_B_10	369.3586
layer_5_B_11	369.8153
layer_5_B_12	369.7956
layer_5_B_13	369.3422
layer_5_B_14	368.4409
layer_5_B_15	367.3646
layer_5_B_16	366.7650
layer_5_B_17	367.8200
layer_5_B_18	368.7121
layer_5_B_19	369.1758
layer_5_B_20	369.1709
layer_5_B_21	368.7196
layer_5_B_22	367.8151
layer_5_B_23	366.7591
layer_5_B_24	367.2712
layer_5_B_25	368.2467
layer_5_B_26	369.1021
layer_5_B_27	369.5290
layer_5_B_28	369.5295
layer_5_B_29	369.1006
layer_5_B_30	368.2716
layer_5_B_31	367.2833
layer_6_TB_0	367.1723
layer_6_TB_1	368.1432
layer_6_TB_2	368.9898
layer_6_TB_3	369.4374
layer_6_TB_4	369.4259
layer_6_TB_5	368.9964
layer_6_TB_6	368.1276
layer_6_TB_7	367.1433
layer_6_TB_8	367.1933
layer_6_TB_9	368.2372
layer_6_TB_10	369.1469
layer_6_TB_11	369.6029
layer_6_TB_12	369.5838
layer_6_TB_13	369.1309
layer_6_TB_14	368.2311
layer_6_TB_15	367.1553
layer_6_TB_16	366.5623
layer_6_TB_17	367.6172
layer_6_TB_18	368.5082
layer_6_TB_19	368.9709
layer_6_TB_20	368.9660
layer_6_TB_21	368.5153
layer_6_TB_22	367.6124
layer_6_TB_23	366.5564
layer_6_TB_24	367.0594
layer_6_TB_25	368.0351
layer_6_TB_26	368.8887
layer_6_TB_27	369.3150
layer_6_TB_28	369.3153
layer_6_TB_29	368.8873
layer_6_TB_30	368.0593
layer_6_TB_31	367.0713
layer_7_B_32	365.0561
layer_7_B_33	366.0312
layer_7_B_34	366.8619
layer_7_B_35	367.2959
layer_7_B_36	367.2876
layer_7_B_37	366.8647
layer_7_B_38	366.0190
layer_7_B_39	365.0329
layer_7_B_40	365.0910
layer_7_B_41	366.1391
layer_7_B_42	367.0298
layer_7_B_43	367.4791
layer_7_B_44	367.4658
layer_7_B_45	367.0177
layer_7_B_46	366.1325
layer_7_B_47	365.0621
layer_7_B_48	364.5345
layer_7_B_49	365.5889
layer_7_B_50	366.4689
layer_7_B_51	366.9215
layer_7_B_52	366.9166
layer_7_B_53	366.4722
layer_7_B_54	365.5848
layer_7_B_55	364.5293
layer_7_B_56	364.9410
layer_7_B_57	365.9192
layer_7_B_58	366.7549
layer_7_B_59	367.1746
layer_7_B_60	367.1734
layer_7_B_61	366.7545
layer_7_B_62	365.9360
layer_7_B_63	364.9512
layer_8_TB_0	364.8006
layer_8_TB_1	365.7766
layer_8_TB_2	366.6054
layer_8_TB_3	367.0378
layer_8_TB_4	367.0298
layer_8_TB_5	366.6079
layer_8_TB_6	365.7646
layer_8_TB_7	364.7780
layer_8_TB_8	364.8378
layer_8_TB_9	365.8869
layer_8_TB_10	366.7756
layer_8_TB_11	367.2240
layer_8_TB_12	367.2112
layer_8_TB_13	366.7638
layer_8_TB_14	365.8802
layer_8_TB_15	364.8098
layer_8_TB_16	364.2867
layer_8_TB_17	365.3416
layer_8_TB_18	366.2204
layer_8_TB_19	366.6718
layer_8_TB_20	366.6669
layer_8_TB_21	366.2233
layer_8_TB_22	365.3375
layer_8_TB_23	364.2815
layer_8_TB_24	364.6861
layer_8_TB_25	365.6650
layer_8_TB_26	366.4987
layer_8_TB_27	366.9175
layer_8_TB_28	366.9161
layer_8_TB_29	366.4983
layer_8_TB_30	365.6810
layer_8_TB_31	364.6961
layer_9_B_64	362.2454
layer_9_B_65	363.2300
layer_9_B_66	364.0403
layer_9_B_67	364.4573
layer_9_B_68	364.4524
layer_9_B_69	364.0395
layer_9_B_70	363.2212
layer_9_B_71	362.2287
layer_9_B_72	362.3057
layer_9_B_73	363.3651
layer_9_B_74	364.2338
layer_9_B_75	364.6735
layer_9_B_76	364.6661
layer_9_B_77	364.2254
layer_9_B_78	363.3583
layer_9_B_79	362.2863
layer_9_B_80	361.8077
layer_9_B_81	362.8686
layer_9_B_82	363.7346
layer_9_B_83	364.1744
layer_9_B_84	364.1695
layer_9_B_85	363.7342
layer_9_B_86	362.8649
layer_9_B_87	361.8033
layer_9_B_88	362.1371
layer_9_B_89	363.1228
layer_9_B_90	363.9364
layer_9_B_91	364.3463
layer_9_B_92	364.3433
layer_9_B_93	363.9367
layer_9_B_94	363.1317
layer_9_B_95	362.1454
layer_10_TB_0	361.9474
layer_10_TB_1	362.9332
layer_10_TB_2	363.7415
layer_10_TB_3	364.1567
layer_10_TB_4	364.1520
layer_10_TB_5	363.7403
layer_10_TB_6	362.9248
layer_10_TB_7	361.9312
layer_10_TB_8	362.0107
layer_10_TB_9	363.0718
layer_10_TB_10	363.9384
layer_10_TB_11	364.3770
layer_10_TB_12	364.3702
layer_10_TB_13	363.9303
layer_10_TB_14	363.0650
layer_10_TB_15	361.9922
layer_10_TB_16	361.5162
layer_10_TB_17	362.5784
layer_10_TB_18	363.4429
layer_10_TB_19	363.8814
layer_10_TB_20	363.8765
layer_10_TB_21	363.4422
layer_10_TB_22	362.5747
layer_10_TB_23	361.5119
layer_10_TB_24	361.8403
layer_10_TB_25	362.8272
layer_10_TB_26	363.6386
layer_10_TB_27	364.0473
layer_10_TB_28	364.0442
layer_10_TB_29	363.6389
layer_10_TB_30	362.8354
layer_10_TB_31	361.8485
layer_11_B_96	358.9664
layer_11_B_97	359.9654
layer_11_B_98	360.7527
layer_11_B_99	361.1505
layer_11_B_100	361.1488
layer_11_B_101	360.7484
layer_11_B_102	359.9603
layer_11_B_103	358.9562
layer_11_B_104	359.0613
layer_11_B_105	360.1392
layer_11_B_106	360.9844
layer_11_B_107	361.4126
layer_11_B_108	361.4110
layer_11_B_109	360.9795
layer_11_B_110	360.1325
layer_11_B_111	359.0512
layer_11_B_112	358.6009
layer_11_B_113	359.6758
layer_11_B_114	360.5259
layer_11_B_115	360.9512
layer_11_B_116	360.9462
layer_11_B_117	360.5221
layer_11_B_118	359.6724
layer_11_B_119	358.5974
layer_11_B_120	358.8729
layer_11_B_121	359.8711
layer_11_B_122	360.6601
layer_11_B_123	361.0577
layer_11_B_124	361.0530
layer_11_B_125	360.6612
layer_11_B_126	359.8725
layer_11_B_127	358.8795
layer_12_TB_0	358.6272
layer_12_TB_1	359.6281
layer_12_TB_2	360.4130
layer_12_TB_3	360.8089
layer_12_TB_4	360.8075
layer_12_TB_5	360.4084
layer_12_TB_6	359.6233
layer_12_TB_7	358.6176
layer_12_TB_8	358.7261
layer_12_TB_9	359.8064
layer_12_TB_10	360.6493
layer_12_TB_11	361.0763
layer_12_TB_12	361.0752
layer_12_TB_13	360.6447
layer_12_TB_14	359.7997
layer_12_TB_15	358.7168
layer_12_TB_16	358.2674
layer_12_TB_17	359.3442
layer_12_TB_18	360.1927
layer_12_TB_19	360.6166
layer_12_TB_20	360.6115
layer_12_TB_21	360.1886
layer_12_TB_22	359.3408
layer_12_TB_23	358.2640
layer_12_TB_24	358.5358
layer_12_TB_25	359.5357
layer_12_TB_26	360.3221
layer_12_TB_27	360.7184
layer_12_TB_28	360.7135
layer_12_TB_29	360.3232
layer_12_TB_30	359.5364
layer_12_TB_31	358.5423
layer_13_B_128	355.2355
layer_13_B_129	356.2547
layer_13_B_130	357.0158
layer_13_B_131	357.3922
layer_13_B_132	357.3937
layer_13_B_133	357.0081
layer_13_B_134	356.2532
layer_13_B_135	355.2318
layer_13_B_136	355.3741
layer_13_B_137	356.4786
layer_13_B_138	357.2982
layer_13_B_139	357.7132
layer_13_B_140	357.7174
layer_13_B_141	357.2968
layer_13_B_142	356.4718
layer_13_B_143	355.3732
layer_13_B_144	354.9319
layer_13_B_145	356.0283
layer_13_B_146	356.8609
layer_13_B_147	357.2699
layer_13_B_148	357.2646
layer_13_B_149	356.8537
layer_13_B_150	356.0252
layer_13_B_151	354.9292
layer_13_B_152	355.1645
layer_13_B_153	356.1809
layer_13_B_154	356.9423
layer_13_B_155	357.3253
layer_13_B_156	357.3188
layer_13_B_157	356.9441
layer_13_B_158	356.1748
layer_13_B_159	355.1695
layer_14_TB_0	354.8046
layer_14_TB_1	355.8255
layer_14_TB_2	356.5841
layer_14_TB_3	356.9588
layer_14_TB_4	356.9603
layer_14_TB_5	356.5766
layer_14_TB_6	355.8240
layer_14_TB_7	354.8010
layer_14_TB_8	354.9484
layer_14_TB_9	356.0555
layer_14_TB_10	356.8732
layer_14_TB_11	357.2865
layer_14_TB_12	357.2907
layer_14_TB_13	356.8718
layer_14_TB_14	356.0489
layer_14_TB_15	354.9474
layer_14_TB_16	354.5172
layer_14_TB_17	355.6165
layer_14_TB_18	356.4468
layer_14_TB_19	356.8543
layer_14_TB_20	356.8492
layer_14_TB_21	356.4398
layer_14_TB_22	355.6135
layer_14_TB_23	354.5146
layer_14_TB_24	354.7343
layer_14_TB_25	355.7524
layer_14_TB_26	356.5112
layer_14_TB_27	356.8925
layer_14_TB_28	356.8860
layer_14_TB_29	356.5130
layer_14_TB_30	355.7464
layer_14_TB_31	354.7392
layer_15_B_160	350.4954
layer_15_B_161	351.5334
layer_15_B_162	352.2671
layer_15_B_163	352.6251
layer_15_B_164	352.6263
layer_15_B_165	352.2614
layer_15_B_166	351.5320
layer_15_B_167	350.4926
layer_15_B_168	350.6909
layer_15_B_169	351.8250
layer_15_B_170	352.6239
layer_15_B_171	353.0205
layer_15_B_172	353.0234
layer_15_B_173	352.6225
layer_15_B_174	351.8199
layer_15_B_175	350.6899
layer_15_B_176	350.3701
layer_15_B_177	351.4983
layer_15_B_178	352.3060
layer_15_B_179	352.6985
layer_15_B_180	352.6946
layer_15_B_181	352.3007
layer_15_B_182	351.4956
layer_15_B_183	350.3681
layer_15_B_184	350.4319
layer_15_B_185	351.4671
layer_15_B_186	352.2010
layer_15_B_187	352.5638
layer_15_B_188	352.5589
layer_15_B_189	352.2021
layer_15_B_190	351.4626
layer_15_B_191	350.4355
layer_16_TB_0	350.0272
layer_16_TB_1	351.0675
layer_16_TB_2	351.7984
layer_16_TB_3	352.1545
layer_16_TB_4	352.1556
layer_16_TB_5	351.7928
layer_16_TB_6	351.0661
layer_16_TB_7	350.0244
layer_16_TB_8	350.2285
layer_16_TB_9	351.3662
layer_16_TB_10	352.1629
layer_16_TB_11	352.5577
layer_16_TB_12	352.5605
layer_16_TB_13	352.1616
layer_16_TB_14	351.3612
layer_16_TB_15	350.2275
layer_16_TB_16	349.9175
layer_16_TB_17	351.0494
layer_16_TB_18	351.8547
layer_16_TB_19	352.2455
layer_16_TB_20	352.2418
layer_16_TB_21	351.8496
layer_16_TB_22	351.0468
layer_16_TB_23	349.9156
layer_16_TB_24	349.9648
layer_16_TB_25	351.0024
layer_16_TB_26	351.7334
layer_16_TB_27	352.0941
layer_16_TB_28	352.0894
layer_16_TB_29	351.7344
layer_16_TB_30	350.9979
layer_16_TB_31	349.9683
layer_17_B_192	345.3446
layer_17_B_193	346.4082
layer_17_B_194	347.1109
layer_17_B_195	347.4482
layer_17_B_196	347.4489
layer_17_B_197	347.1070
layer_17_B_198	346.4070
layer_17_B_199	345.3426
layer_17_B_200	345.6047
layer_17_B_201	346.7782
layer_17_B_202	347.5536
layer_17_B_203	347.9303
layer_17_B_204	347.9321
layer_17_B_205	347.5524
layer_17_B_206	346.7746
layer_17_B_207	345.6038
layer_17_B_208	345.3917
layer_17_B_209	346.5607
layer_17_B_210	347.3417
layer_17_B_211	347.7158
layer_17_B_212	347.7132
layer_17_B_213	347.3381
layer_17_B_214	346.5587
layer_17_B_215	345.3903
layer_17_B_216	345.2938
layer_17_B_217	346.3548
layer_17_B_218	347.0575
layer_17_B_219	347.3977
layer_17_B_220	347.3945
layer_17_B_221	347.0580
layer_17_B_222	346.3516
layer_17_B_223	345.2962
layer_18_TB_0	344.8412
layer_18_TB_1	345.9078
layer_18_TB_2	346.6073
layer_18_TB_3	346.9425
layer_18_TB_4	346.9432
layer_18_TB_5	346.6035
layer_18_TB_6	345.9067
layer_18_TB_7	344.8392
layer_18_TB_8	345.1078
layer_18_TB_9	346.2857
layer_18_TB_10	347.0588
layer_18_TB_11	347.4335
layer_18_TB_12	347.4352
layer_18_TB_13	347.0577
layer_18_TB_14	346.2824
layer_18_TB_15	345.1069
layer_18_TB_16	344.9037
layer_18_TB_17	346.0775
layer_18_TB_18	346.8557
layer_18_TB_19	347.2280
layer_18_TB_20	347.2255
layer_18_TB_21	346.8522
layer_18_TB_22	346.0755
layer_18_TB_23	344.9024
layer_18_TB_24	344.7919
layer_18_TB_25	345.8558
layer_18_TB_26	346.5553
layer_18_TB_27	346.8934
layer_18_TB_28	346.8902
layer_18_TB_29	346.5558
layer_18_TB_30	345.8528
layer_18_TB_31	344.7941
layer_19_B_224	339.8069
layer_19_B_225	340.9037
layer_19_B_226	341.5714
layer_19_B_227	341.8856
layer_19_B_228	341.8859
layer_19_B_229	341.5691
layer_19_B_230	340.9028
layer_19_B_231	339.8056
layer_19_B_232	340.1383
layer_19_B_233	341.3618
layer_19_B_234	342.1107
layer_19_B_235	342.4660
layer_19_B_236	342.4668
layer_19_B_237	342.1099
layer_19_B_238	341.3597
layer_19_B_239	340.1376
layer_19_B_240	340.0241
layer_19_B_241	341.2445
layer_19_B_242	341.9960
layer_19_B_243	342.3499
layer_19_B_244	342.3485
layer_19_B_245	341.9940
layer_19_B_246	341.2432
layer_19_B_247	340.0232
layer_19_B_248	339.7724
layer_19_B_249	340.8665
layer_19_B_250	341.5339
layer_19_B_251	341.8496
layer_19_B_252	341.8478
layer_19_B_253	341.5340
layer_19_B_254	340.8647
layer_19_B_255	339.7735
layer_20_TB_0	339.2706
layer_20_TB_1	340.3711
layer_20_TB_2	341.0352
layer_20_TB_3	341.3471
layer_20_TB_4	341.3474
layer_20_TB_5	341.0331
layer_20_TB_6	340.3703
layer_20_TB_7	339.2694
layer_20_TB_8	339.6089
layer_20_TB_9	340.8381
layer_20_TB_10	341.5843
layer_20_TB_11	341.9374
layer_20_TB_12	341.9382
layer_20_TB_13	341.5834
layer_20_TB_14	340.8361
layer_20_TB_15	339.6083
layer_20_TB_16	339.5033
layer_20_TB_17	340.7294
layer_20_TB_18	341.4780
layer_20_TB_19	341.8299
layer_20_TB_20	341.8286
layer_20_TB_21	341.4761
layer_20_TB_22	340.7282
layer_20_TB_23	339.5024
layer_20_TB_24	339.2377
layer_20_TB_25	340.3356
layer_20_TB_26	340.9993
layer_20_TB_27	341.3126
layer_20_TB_28	341.3109
layer_20_TB_29	340.9994
layer_20_TB_30	340.3339
layer_20_TB_31	339.2387
hsp_TB_0	333.9070
hsp_TB_1	335.0453
hsp_TB_2	335.6734
hsp_TB_3	335.9623
hsp_TB_4	335.9623
hsp_TB_5	335.6728
hsp_TB_6	335.0448
hsp_TB_7	333.9065
hsp_TB_8	334.3152
hsp_TB_9	335.6008
hsp_TB_10	336.3198
hsp_TB_11	336.6520
hsp_TB_12	336.6520
hsp_TB_13	336.3193
hsp_TB_14	335.6001
hsp_TB_15	334.3148
hsp_TB_16	334.2952
hsp_TB_17	335.5789
hsp_TB_18	336.2978
hsp_TB_19	336.6298
hsp_TB_20	336.6295
hsp_TB_21	336.2972
hsp_TB_22	335.5783
hsp_TB_23	334.2948
hsp_TB_24	333.8904
hsp_TB_25	335.0262
hsp_TB_26	335.6537
hsp_TB_27	335.9426
hsp_TB_28	335.9422
hsp_TB_29	335.6534
hsp_TB_30	335.0257
hsp_TB_31	333.8904
hsink_TB_0	331.9469
hsink_TB_1	332.9142
hsink_TB_2	333.4997
hsink_TB_3	333.7749
hsink_TB_4	333.7748
hsink_TB_5	333.4995
hsink_TB_6	332.9139
hsink_TB_7	331.9466
hsink_TB_8	332.2655
hsink_TB_9	333.3699
hsink_TB_10	334.0445
hsink_TB_11	334.3626
hsink_TB_12	334.3626
hsink_TB_13	334.0443
hsink_TB_14	333.3695
hsink_TB_15	332.2652
hsink_TB_16	332.2619
hsink_TB_17	333.3654
hsink_TB_18	334.0398
hsink_TB_19	334.3578
hsink_TB_20	334.3577
hsink_TB_21	334.0396
hsink_TB_22	333.3651
hsink_TB_23	332.2616
hsink_TB_24	331.9403
hsink_TB_25	332.9060
hsink_TB_26	333.4909
hsink_TB_27	333.7659
hsink_TB_28	333.7658
hsink_TB_29	333.4907
hsink_TB_30	332.9058
hsink_TB_31	331.9401
inode_0	329.1546
inode_1	329.1544
inode_2	329.8927
inode_3	329.9000
inode_4	329.1052
inode_5	329.1050
inode_6	329.8524
inode_7	329.8596
inode_8	327.5680
inode_9	327.5678
inode_10	327.9974
inode_11	328.0035
inode_12	365.2522
inode_13	365.2482
inode_14	364.8599
inode_15	364.9114
inode_16	365.2250
inode_17	365.2211
inode_18	364.8518
inode_19	364.9033
inode_20	360.2309
inode_21	360.2285
inode_22	363.4518
inode_23	363.4977
inode_24	346.2238
inode_25	346.2221
inode_26	346.5779
inode_27	346.6067
