pcb_C_0	322.8047
pcb_C_1	322.9162
pcb_C_2	322.9585
pcb_C_3	323.0161
pcb_C_4	322.9036
pcb_C_5	322.7840
pcb_C_6	322.6196
pcb_C_7	322.3053
pcb_C_8	322.5847
pcb_C_9	322.7123
pcb_C_10	322.7588
pcb_C_11	322.7818
pcb_C_12	322.6981
pcb_C_13	322.5772
pcb_C_14	322.4085
pcb_C_15	322.1415
pcb_C_16	322.3113
pcb_C_17	322.3221
pcb_C_18	322.3350
pcb_C_19	322.3324
pcb_C_20	322.2802
pcb_C_21	322.1922
pcb_C_22	322.0786
pcb_C_23	321.9531
pcb_C_24	322.1133
pcb_C_25	322.0220
pcb_C_26	322.0047
pcb_C_27	321.9945
pcb_C_28	321.9631
pcb_C_29	321.9110
pcb_C_30	321.8546
pcb_C_31	321.8342
solder_C_0	323.2243
solder_C_1	323.0605
solder_C_2	323.0812
solder_C_3	323.2341
solder_C_4	323.0221
solder_C_5	322.8852
solder_C_6	322.7173
solder_C_7	322.4301
solder_C_8	322.7730
solder_C_9	322.8171
solder_C_10	322.8591
solder_C_11	322.9027
solder_C_12	322.7997
solder_C_13	322.6715
solder_C_14	322.4996
solder_C_15	322.2585
solder_C_16	322.3256
solder_C_17	322.2857
solder_C_18	322.3034
solder_C_19	322.3067
solder_C_20	322.2534
solder_C_21	322.1610
solder_C_22	322.0428
solder_C_23	321.9535
solder_C_24	322.0900
solder_C_25	321.9528
solder_C_26	321.9415
solder_C_27	321.9359
solder_C_28	321.9041
solder_C_29	321.8475
solder_C_30	321.7855
solder_C_31	321.8020
sub_C_0	323.4334
sub_C_1	323.0923
sub_C_2	323.1136
sub_C_3	323.3344
sub_C_4	323.0551
sub_C_5	322.9161
sub_C_6	322.7456
sub_C_7	322.4577
sub_C_8	322.8062
sub_C_9	322.8535
sub_C_10	322.8994
sub_C_11	322.9457
sub_C_12	322.8417
sub_C_13	322.7127
sub_C_14	322.5382
sub_C_15	322.2914
sub_C_16	322.2766
sub_C_17	322.2564
sub_C_18	322.2801
sub_C_19	322.2852
sub_C_20	322.2322
sub_C_21	322.1385
sub_C_22	322.0159
sub_C_23	321.9124
sub_C_24	322.0325
sub_C_25	321.9190
sub_C_26	321.9141
sub_C_27	321.9103
sub_C_28	321.8784
sub_C_29	321.8198
sub_C_30	321.7525
sub_C_31	321.7517
layer_3_C_0	325.4736
layer_3_C_1	323.3751
layer_3_C_2	323.4135
layer_3_C_3	324.3284
layer_3_C_4	323.3627
layer_3_C_5	323.2130
layer_3_C_6	323.0215
layer_3_C_7	322.7012
layer_3_C_8	323.0855
layer_3_C_9	323.2188
layer_3_C_10	323.3041
layer_3_C_11	323.3655
layer_3_C_12	323.2627
layer_3_C_13	323.1281
layer_3_C_14	322.9269
layer_3_C_15	322.6056
layer_3_C_16	321.7915
layer_3_C_17	321.9567
layer_3_C_18	322.0400
layer_3_C_19	322.0621
layer_3_C_20	322.0124
layer_3_C_21	321.9063
layer_3_C_22	321.7397
layer_3_C_23	321.4980
layer_3_C_24	321.4885
layer_3_C_25	321.5848
layer_3_C_26	321.6427
layer_3_C_27	321.6566
layer_3_C_28	321.6239
layer_3_C_29	321.5479
layer_3_C_30	321.4292
layer_3_C_31	321.2706
layer_4_TB_0	325.2585
layer_4_TB_1	323.3125
layer_4_TB_2	323.3511
layer_4_TB_3	324.2069
layer_4_TB_4	323.3003
layer_4_TB_5	323.1508
layer_4_TB_6	322.9593
layer_4_TB_7	322.6390
layer_4_TB_8	323.0227
layer_4_TB_9	323.1571
layer_4_TB_10	323.2424
layer_4_TB_11	323.3035
layer_4_TB_12	323.2011
layer_4_TB_13	323.0665
layer_4_TB_14	322.8653
layer_4_TB_15	322.5438
layer_4_TB_16	321.7906
layer_4_TB_17	321.9561
layer_4_TB_18	322.0394
layer_4_TB_19	322.0615
layer_4_TB_20	322.0118
layer_4_TB_21	321.9057
layer_4_TB_22	321.7390
layer_4_TB_23	321.4972
layer_4_TB_24	321.4879
layer_4_TB_25	321.5844
layer_4_TB_26	321.6424
layer_4_TB_27	321.6562
layer_4_TB_28	321.6236
layer_4_TB_29	321.5476
layer_4_TB_30	321.4288
layer_4_TB_31	321.2700
hsp_TB_0	323.1073
hsp_TB_1	322.6859
hsp_TB_2	322.7273
hsp_TB_3	322.9920
hsp_TB_4	322.6767
hsp_TB_5	322.5291
hsp_TB_6	322.3378
hsp_TB_7	322.0165
hsp_TB_8	322.3953
hsp_TB_9	322.5400
hsp_TB_10	322.6258
hsp_TB_11	322.6838
hsp_TB_12	322.5847
hsp_TB_13	322.4502
hsp_TB_14	322.2490
hsp_TB_15	321.9259
hsp_TB_16	321.7815
hsp_TB_17	321.9495
hsp_TB_18	322.0334
hsp_TB_19	322.0557
hsp_TB_20	322.0060
hsp_TB_21	321.8998
hsp_TB_22	321.7327
hsp_TB_23	321.4887
hsp_TB_24	321.4816
hsp_TB_25	321.5804
hsp_TB_26	321.6389
hsp_TB_27	321.6529
hsp_TB_28	321.6203
hsp_TB_29	321.5442
hsp_TB_30	321.4250
hsp_TB_31	321.2644
hsink_TB_0	322.3289
hsink_TB_1	322.3880
hsink_TB_2	322.4475
hsink_TB_3	322.5257
hsink_TB_4	322.3989
hsink_TB_5	322.2631
hsink_TB_6	322.0734
hsink_TB_7	321.7631
hsink_TB_8	322.1035
hsink_TB_9	322.2881
hsink_TB_10	322.3769
hsink_TB_11	322.4166
hsink_TB_12	322.3363
hsink_TB_13	322.2042
hsink_TB_14	322.0038
hsink_TB_15	321.6903
hsink_TB_16	321.7496
hsink_TB_17	321.9181
hsink_TB_18	322.0023
hsink_TB_19	322.0241
hsink_TB_20	321.9751
hsink_TB_21	321.8690
hsink_TB_22	321.7019
hsink_TB_23	321.4592
hsink_TB_24	321.4756
hsink_TB_25	321.5752
hsink_TB_26	321.6340
hsink_TB_27	321.6481
hsink_TB_28	321.6155
hsink_TB_29	321.5394
hsink_TB_30	321.4201
hsink_TB_31	321.2589
inode_0	321.3354
inode_1	321.0076
inode_2	320.8526
inode_3	321.5456
inode_4	321.3274
inode_5	321.0014
inode_6	320.8493
inode_7	321.5397
inode_8	321.0413
inode_9	320.7446
inode_10	320.5388
inode_11	321.1498
inode_12	322.5636
inode_13	322.0797
inode_14	321.7850
inode_15	322.8231
inode_16	322.5613
inode_17	322.0789
inode_18	321.7849
inode_19	322.8227
inode_20	322.2361
inode_21	321.8415
inode_22	321.7599
inode_23	322.7712
inode_24	321.2820
inode_25	320.9796
inode_26	320.7344
inode_27	321.4584
