pcb_C_0	332.5675
pcb_C_1	333.7408
pcb_C_2	334.2836
pcb_C_3	334.5135
pcb_C_4	334.5315
pcb_C_5	334.3451
pcb_C_6	333.8712
pcb_C_7	332.7994
pcb_C_8	332.1405
pcb_C_9	333.1433
pcb_C_10	333.6924
pcb_C_11	333.9488
pcb_C_12	333.9701
pcb_C_13	333.7621
pcb_C_14	333.2772
pcb_C_15	332.3447
pcb_C_16	331.4570
pcb_C_17	331.9151
pcb_C_18	332.2689
pcb_C_19	332.4646
pcb_C_20	332.4832
pcb_C_21	332.3279
pcb_C_22	332.0233
pcb_C_23	331.6215
pcb_C_24	330.9592
pcb_C_25	331.0057
pcb_C_26	331.1657
pcb_C_27	331.2793
pcb_C_28	331.2920
pcb_C_29	331.2059
pcb_C_30	331.0809
pcb_C_31	331.0875
solder_C_0	332.9936
solder_C_1	334.2084
solder_C_2	334.7759
solder_C_3	335.0176
solder_C_4	335.0363
solder_C_5	334.8409
solder_C_6	334.3602
solder_C_7	333.3663
solder_C_8	332.6310
solder_C_9	333.5802
solder_C_10	334.1444
solder_C_11	334.4117
solder_C_12	334.4332
solder_C_13	334.2150
solder_C_14	333.7204
solder_C_15	332.8693
solder_C_16	331.4870
solder_C_17	331.8218
solder_C_18	332.1913
solder_C_19	332.4002
solder_C_20	332.4187
solder_C_21	332.2499
solder_C_22	331.9298
solder_C_23	331.6580
solder_C_24	330.8599
solder_C_25	330.7777
solder_C_26	330.9561
solder_C_27	331.0842
solder_C_28	331.0970
solder_C_29	330.9964
solder_C_30	330.8527
solder_C_31	330.9923
sub_C_0	333.0610
sub_C_1	334.3633
sub_C_2	334.9404
sub_C_3	335.1864
sub_C_4	335.2052
sub_C_5	335.0059
sub_C_6	334.5167
sub_C_7	333.5204
sub_C_8	332.7954
sub_C_9	333.7631
sub_C_10	334.3362
sub_C_11	334.6070
sub_C_12	334.6284
sub_C_13	334.4065
sub_C_14	333.9024
sub_C_15	333.0338
sub_C_16	331.3468
sub_C_17	331.7288
sub_C_18	332.1134
sub_C_19	332.3272
sub_C_20	332.3457
sub_C_21	332.1718
sub_C_22	331.8357
sub_C_23	331.5141
sub_C_24	330.6875
sub_C_25	330.6664
sub_C_26	330.8632
sub_C_27	330.9974
sub_C_28	331.0103
sub_C_29	330.9036
sub_C_30	330.7411
sub_C_31	330.8166
layer_3_C_0	333.5957
layer_3_C_1	335.8651
layer_3_C_2	336.5151
layer_3_C_3	336.7961
layer_3_C_4	336.8160
layer_3_C_5	336.5826
layer_3_C_6	336.0222
layer_3_C_7	334.9141
layer_3_C_8	334.3945
layer_3_C_9	335.5997
layer_3_C_10	336.2590
layer_3_C_11	336.5631
layer_3_C_12	336.5842
layer_3_C_13	336.3267
layer_3_C_14	335.7286
layer_3_C_15	334.6166
layer_3_C_16	329.9187
layer_3_C_17	330.7655
layer_3_C_18	331.2986
layer_3_C_19	331.5595
layer_3_C_20	331.5775
layer_3_C_21	331.3541
layer_3_C_22	330.8616
layer_3_C_23	330.0525
layer_3_C_24	329.0369
layer_3_C_25	329.5713
layer_3_C_26	329.9442
layer_3_C_27	330.1354
layer_3_C_28	330.1488
layer_3_C_29	329.9849
layer_3_C_30	329.6406
layer_3_C_31	329.1361
layer_4_TB_0	333.4092
layer_4_TB_1	335.6060
layer_4_TB_2	336.2557
layer_4_TB_3	336.5366
layer_4_TB_4	336.5565
layer_4_TB_5	336.3231
layer_4_TB_6	335.7629
layer_4_TB_7	334.6545
layer_4_TB_8	334.1373
layer_4_TB_9	335.3425
layer_4_TB_10	336.0017
layer_4_TB_11	336.3058
layer_4_TB_12	336.3269
layer_4_TB_13	336.0694
layer_4_TB_14	335.4713
layer_4_TB_15	334.3589
layer_4_TB_16	329.9156
layer_4_TB_17	330.7631
layer_4_TB_18	331.2963
layer_4_TB_19	331.5573
layer_4_TB_20	331.5752
layer_4_TB_21	331.3518
layer_4_TB_22	330.8591
layer_4_TB_23	330.0493
layer_4_TB_24	329.0350
layer_4_TB_25	329.5700
layer_4_TB_26	329.9431
layer_4_TB_27	330.1343
layer_4_TB_28	330.1477
layer_4_TB_29	329.9837
layer_4_TB_30	329.6393
layer_4_TB_31	329.1341
hsp_TB_0	331.5450
hsp_TB_1	333.0154
hsp_TB_2	333.6614
hsp_TB_3	333.9417
hsp_TB_4	333.9615
hsp_TB_5	333.7286
hsp_TB_6	333.1697
hsp_TB_7	332.0592
hsp_TB_8	331.5656
hsp_TB_9	332.7707
hsp_TB_10	333.4291
hsp_TB_11	333.7327
hsp_TB_12	333.7537
hsp_TB_13	333.4966
hsp_TB_14	332.8991
hsp_TB_15	331.7824
hsp_TB_16	329.8839
hsp_TB_17	330.7385
hsp_TB_18	331.2732
hsp_TB_19	331.5346
hsp_TB_20	331.5525
hsp_TB_21	331.3286
hsp_TB_22	330.8344
hsp_TB_23	330.0173
hsp_TB_24	329.0156
hsp_TB_25	329.5570
hsp_TB_26	329.9315
hsp_TB_27	330.1231
hsp_TB_28	330.1364
hsp_TB_29	329.9721
hsp_TB_30	329.6261
hsp_TB_31	329.1143
hsink_TB_0	330.7413
hsink_TB_1	331.9300
hsink_TB_2	332.5576
hsink_TB_3	332.8364
hsink_TB_4	332.8561
hsink_TB_5	332.6238
hsink_TB_6	332.0686
hsink_TB_7	331.0044
hsink_TB_8	330.6115
hsink_TB_9	331.7523
hsink_TB_10	332.4049
hsink_TB_11	332.7077
hsink_TB_12	332.7286
hsink_TB_13	332.4719
hsink_TB_14	331.8776
hsink_TB_15	330.8014
hsink_TB_16	329.7645
hsink_TB_17	330.6129
hsink_TB_18	331.1471
hsink_TB_19	331.4084
hsink_TB_20	331.4263
hsink_TB_21	331.2024
hsink_TB_22	330.7085
hsink_TB_23	329.8967
hsink_TB_24	328.9959
hsink_TB_25	329.5392
hsink_TB_26	329.9141
hsink_TB_27	330.1058
hsink_TB_28	330.1191
hsink_TB_29	329.9546
hsink_TB_30	329.6082
hsink_TB_31	329.0945
inode_0	328.1560
inode_1	328.3071
inode_2	327.3807
inode_3	329.5725
inode_4	328.1341
inode_5	328.2844
inode_6	327.3695
inode_7	329.5538
inode_8	327.2351
inode_9	327.3719
inode_10	326.3089
inode_11	328.2419
inode_12	331.8814
inode_13	332.1061
inode_14	330.5275
inode_15	333.8430
inode_16	331.8786
inode_17	332.1026
inode_18	330.5272
inode_19	333.8418
inode_20	331.0307
inode_21	331.2131
inode_22	330.4419
inode_23	333.6765
inode_24	328.0232
inode_25	328.1630
inode_26	326.9499
inode_27	329.2656
