C_0	C_1	C_2	C_3	C_4	C_5	C_6	C_7	C_8	C_9	C_10	C_11	C_12	C_13	C_14	C_15	C_16	C_17	C_18	C_19	C_20	C_21	C_22	C_23	C_24	C_25	C_26	C_27	C_28	C_29	C_30	C_31	
68.34	69.22	69.22	68.37	69.16	70.51	70.50	69.14	69.12	70.48	70.48	69.15	68.42	69.29	69.29	68.37	66.38	67.26	67.24	66.42	67.16	68.43	68.38	67.09	67.13	68.43	68.39	67.09	66.36	67.17	67.14	66.29
68.37	69.27	69.26	68.46	69.16	70.41	70.43	69.11	69.06	70.38	70.37	69.13	68.55	69.39	69.39	68.44	66.19	67.11	67.10	66.28	66.86	68.07	68.05	66.79	66.80	68.07	68.05	66.82	66.16	66.94	66.93	66.05
68.15	69.04	69.03	68.28	68.91	70.07	70.10	68.83	69.00	70.28	70.28	69.11	68.63	69.45	69.45	68.48	66.10	67.04	67.04	66.23	66.70	67.84	67.83	66.61	66.60	67.83	67.83	66.66	66.06	66.80	66.79	65.92
68.37	69.27	69.26	68.53	69.11	70.23	70.25	69.01	68.72	69.95	69.95	68.85	68.45	69.25	69.25	68.28	66.05	66.99	66.99	66.20	66.60	67.68	67.66	66.47	66.45	67.66	67.65	66.54	65.99	66.71	66.69	65.83
68.16	69.05	69.29	68.59	68.88	69.94	69.97	68.75	68.65	69.85	70.11	69.05	68.71	69.50	69.49	68.51	66.01	66.96	66.97	66.18	66.52	67.55	67.54	66.38	66.35	67.52	67.52	66.45	65.95	66.64	66.62	65.76
68.14	69.03	69.30	68.63	68.85	69.87	69.89	68.70	68.60	69.78	70.07	69.06	68.76	69.54	69.53	68.54	65.99	66.94	66.95	66.18	66.47	67.46	67.44	66.31	66.26	67.41	67.42	66.39	65.92	66.58	66.57	65.72
68.13	69.02	69.31	68.66	68.84	69.82	69.84	68.67	68.56	69.72	70.03	69.06	68.81	69.56	69.56	68.56	65.97	66.93	66.94	66.19	66.44	67.38	67.37	66.25	66.20	67.32	67.33	66.34	65.90	66.55	66.53	65.68
68.13	69.02	69.32	68.69	68.83	69.77	69.79	68.64	68.53	69.67	69.99	69.07	68.84	69.59	69.58	68.58	65.96	66.92	66.94	66.20	66.41	67.32	67.30	66.21	66.15	67.25	67.26	66.31	65.90	66.52	66.50	65.66
68.13	69.01	69.33	68.72	68.83	69.73	69.75	68.62	68.50	69.63	69.96	69.07	68.88	69.60	69.59	68.59	65.96	66.91	66.94	66.21	66.39	67.27	67.25	66.17	66.10	67.19	67.20	66.28	65.89	66.49	66.47	65.64
68.13	69.01	69.34	68.75	68.83	69.70	69.71	68.60	68.48	69.59	69.93	69.08	68.91	69.62	69.61	68.60	65.95	66.91	66.94	66.23	66.38	67.22	67.20	66.14	66.06	67.13	67.14	66.25	65.89	66.47	66.45	65.62
68.13	69.01	69.35	68.77	68.83	69.67	69.68	68.58	68.46	69.56	69.90	69.08	68.94	69.63	69.62	68.61	65.95	66.91	66.94	66.24	66.37	67.18	67.16	66.12	66.03	67.08	67.09	66.24	65.89	66.46	66.43	65.61
68.13	69.01	69.35	68.80	68.83	69.64	69.65	68.57	68.45	69.53	69.88	69.09	68.96	69.65	69.63	68.62	65.95	66.90	66.94	66.26	66.37	67.15	67.12	66.09	66.00	67.03	67.05	66.22	65.90	66.44	66.42	65.60
68.14	69.01	69.36	68.82	68.83	69.62	69.62	68.55	68.43	69.51	69.86	69.10	68.99	69.66	69.63	68.63	65.95	66.90	66.94	66.27	66.37	67.12	67.09	66.07	65.97	66.99	67.01	66.21	65.90	66.43	66.40	65.59
68.14	69.01	69.36	68.84	68.83	69.59	69.60	68.54	68.42	69.48	69.84	69.11	69.02	69.67	69.64	68.64	65.95	66.89	66.94	66.28	66.36	67.09	67.06	66.05	65.95	66.95	66.97	66.19	65.90	66.42	66.39	65.58
68.14	69.01	69.12	68.62	68.84	69.57	69.57	68.53	68.64	69.70	69.82	69.11	69.04	69.67	69.65	68.64	65.95	66.89	66.94	66.30	66.36	67.06	67.03	66.03	65.92	66.91	66.94	66.18	65.91	66.41	66.37	65.57
68.38	69.25	69.10	68.61	69.08	69.80	69.80	68.75	68.42	69.47	69.55	68.88	68.81	69.43	69.65	68.65	65.94	66.89	66.94	66.31	66.36	67.04	67.00	66.02	65.90	66.87	66.90	66.17	65.91	66.40	66.36	65.56
68.41	69.28	69.32	68.85	69.11	69.81	69.56	68.53	68.40	69.43	69.51	68.86	68.81	69.41	69.65	68.65	65.94	66.88	66.93	66.32	66.36	67.01	66.97	66.00	65.88	66.84	66.87	66.17	65.92	66.39	66.34	65.55
68.43	69.29	69.35	68.89	68.89	69.56	69.77	68.75	68.39	69.41	69.48	68.85	68.81	69.40	69.65	68.66	65.94	66.88	66.93	66.33	66.36	66.99	66.95	65.99	65.85	66.81	66.84	66.16	65.92	66.38	66.33	65.54
68.44	69.30	69.36	68.91	68.88	69.52	69.78	68.76	68.38	69.39	69.46	68.85	68.82	69.40	69.65	68.66	65.93	66.87	66.92	66.34	66.36	66.97	66.93	65.97	65.83	66.77	66.81	66.15	65.93	66.37	66.32	65.53
68.45	69.31	69.37	68.93	68.87	69.49	69.77	68.76	68.37	69.37	69.44	68.85	68.83	69.39	69.65	68.66	65.93	66.86	66.92	66.35	66.36	66.95	66.90	65.96	65.81	66.74	66.79	66.14	65.93	66.36	66.30	65.52
68.45	69.31	69.37	68.95	68.87	69.47	69.76	68.76	68.36	69.36	69.43	68.86	68.84	69.39	69.65	68.67	65.92	66.85	66.91	66.36	66.37	66.93	66.88	65.95	65.79	66.71	66.76	66.14	65.93	66.35	66.29	65.51
68.46	69.31	69.38	68.97	68.87	69.45	69.75	68.76	68.35	69.34	69.41	68.87	68.85	69.39	69.65	68.67	65.92	66.84	66.90	66.36	66.37	66.91	66.86	65.93	65.78	66.69	66.73	66.13	65.94	66.34	66.28	65.50
68.46	69.31	69.38	68.98	68.87	69.44	69.49	68.52	68.34	69.33	69.40	68.87	69.10	69.63	69.65	68.67	65.91	66.83	66.90	66.37	66.37	66.90	66.84	65.92	65.76	66.66	66.71	66.13	65.94	66.33	66.26	65.49
68.46	69.31	69.38	69.00	68.88	69.43	69.44	68.48	68.33	69.31	69.39	68.88	69.14	69.66	69.64	68.66	65.91	66.82	66.89	66.38	66.38	66.88	66.82	65.91	65.74	66.63	66.68	66.12	65.94	66.31	66.25	65.49
68.46	69.31	69.38	69.01	68.89	69.41	69.41	68.45	68.33	69.30	69.38	68.89	69.17	69.67	69.64	68.66	65.90	66.81	66.88	66.38	66.38	66.87	66.81	65.90	65.72	66.60	66.66	66.11	65.94	66.30	66.24	65.48
68.46	69.31	69.38	69.03	68.89	69.40	69.39	68.44	68.32	69.29	69.37	68.90	69.19	69.67	69.63	68.66	65.89	66.80	66.88	66.39	66.38	66.86	66.79	65.89	65.70	66.58	66.64	66.11	65.94	66.30	66.22	65.47
68.46	69.31	69.39	69.04	68.90	69.39	69.37	68.43	68.31	69.28	69.36	68.91	69.20	69.68	69.62	68.65	65.88	66.79	66.87	66.40	66.39	66.85	66.77	65.88	65.69	66.55	66.62	66.10	65.95	66.29	66.21	65.46
68.46	69.31	69.39	69.05	68.90	69.38	69.35	68.41	68.30	69.26	69.36	68.92	69.22	69.68	69.62	68.65	65.88	66.78	66.86	66.40	66.39	66.83	66.76	65.87	65.67	66.53	66.60	66.10	65.95	66.28	66.20	65.45
68.46	69.30	69.39	69.06	69.15	69.61	69.34	68.40	68.53	69.49	69.59	69.16	69.23	69.68	69.61	68.65	65.87	66.77	66.85	66.41	66.40	66.82	66.74	65.86	65.66	66.51	66.57	66.09	65.95	66.27	66.19	65.44
68.46	69.30	69.39	69.08	69.19	69.63	69.56	68.63	68.56	69.52	69.62	69.20	69.25	69.68	69.60	68.64	65.86	66.76	66.85	66.41	66.40	66.81	66.72	65.84	65.64	66.48	66.56	66.09	65.95	66.26	66.17	65.43
68.46	69.30	69.39	69.09	69.21	69.64	69.58	68.65	68.57	69.52	69.63	69.23	69.26	69.68	69.60	68.64	65.86	66.75	66.84	66.42	66.40	66.80	66.71	65.83	65.62	66.46	66.54	66.09	65.95	66.25	66.16	65.42
68.46	69.30	69.40	69.10	69.23	69.65	69.59	68.66	68.57	69.52	69.63	69.24	69.27	69.68	69.59	68.64	65.85	66.74	66.83	66.42	66.41	66.79	66.70	65.82	65.61	66.44	66.52	66.08	65.95	66.24	66.15	65.41
68.46	69.30	69.40	69.12	69.24	69.64	69.58	68.66	68.57	69.52	69.63	69.26	69.28	69.68	69.59	68.63	65.84	66.73	66.83	66.43	66.41	66.78	66.68	65.82	65.59	66.42	66.50	66.08	65.95	66.23	66.13	65.40
68.22	69.05	69.15	68.89	69.25	69.64	69.33	68.42	68.57	69.51	69.63	69.27	69.29	69.67	69.58	68.63	65.84	66.71	66.82	66.43	66.41	66.77	66.67	65.81	65.58	66.40	66.48	66.07	65.95	66.22	66.12	65.39
68.19	69.02	69.12	68.87	69.26	69.64	69.30	68.39	68.56	69.51	69.63	69.28	69.30	69.67	69.57	68.62	65.83	66.70	66.81	66.44	66.42	66.76	66.65	65.80	65.56	66.38	66.46	66.07	65.95	66.21	66.11	65.39
68.18	69.00	69.11	68.86	69.02	69.38	69.27	68.37	68.56	69.50	69.62	69.28	69.31	69.67	69.56	68.62	65.82	66.69	66.80	66.44	66.42	66.75	66.64	65.79	65.55	66.36	66.45	66.07	65.95	66.20	66.10	65.38
68.16	68.99	69.10	68.86	69.00	69.35	69.25	68.35	68.55	69.49	69.62	69.29	69.32	69.66	69.55	68.61	65.81	66.68	66.80	66.45	66.42	66.74	66.63	65.78	65.54	66.34	66.43	66.06	65.95	66.19	66.09	65.37
68.15	68.97	69.09	68.86	68.99	69.33	69.24	68.34	68.54	69.48	69.61	69.30	69.32	69.66	69.54	68.60	65.80	66.67	66.79	66.45	66.42	66.73	66.61	65.77	65.52	66.32	66.42	66.06	65.95	66.18	66.07	65.36
68.15	68.97	69.08	68.86	68.98	69.31	69.22	68.33	68.54	69.47	69.61	69.30	69.33	69.65	69.54	68.60	65.80	66.66	66.78	66.45	66.43	66.72	66.60	65.76	65.51	66.30	66.40	66.05	65.95	66.18	66.06	65.35
68.38	69.20	69.08	68.87	68.98	69.30	69.46	68.56	68.53	69.46	69.60	69.31	69.33	69.65	69.53	68.59	65.79	66.64	66.77	66.45	66.43	66.72	66.59	65.75	65.50	66.28	66.39	66.05	65.95	66.17	66.05	65.34
68.40	69.22	69.08	68.87	68.98	69.29	69.47	68.58	68.53	69.45	69.60	69.32	69.34	69.64	69.52	68.59	65.78	66.63	66.76	66.46	66.43	66.71	66.58	65.74	65.48	66.26	66.37	66.05	65.95	66.16	66.04	65.33
68.41	69.23	69.32	69.12	69.22	69.52	69.47	68.59	68.52	69.45	69.59	69.32	69.35	69.64	69.51	68.58	65.77	66.62	66.75	66.46	66.43	66.70	66.57	65.73	65.47	66.24	66.36	66.04	65.95	66.15	66.03	65.32
68.18	69.00	69.35	69.16	69.26	69.54	69.23	68.35	68.52	69.44	69.59	69.33	69.35	69.63	69.50	68.58	65.76	66.61	66.75	66.46	66.44	66.69	66.55	65.72	65.46	66.23	66.34	66.04	65.95	66.14	66.02	65.31
68.16	68.97	69.36	69.18	69.28	69.55	69.20	68.32	68.51	69.43	69.59	69.34	69.36	69.63	69.49	68.57	65.75	66.60	66.74	66.46	66.44	66.68	66.54	65.72	65.45	66.21	66.33	66.04	65.95	66.13	66.01	65.31
68.14	68.96	69.37	69.20	69.05	69.31	69.18	68.30	68.50	69.42	69.58	69.34	69.36	69.63	69.49	68.56	65.74	66.59	66.73	66.46	66.44	66.68	66.53	65.71	65.43	66.19	66.31	66.03	65.95	66.13	65.99	65.30
68.13	68.94	69.13	68.97	69.03	69.28	69.16	68.29	68.50	69.41	69.58	69.35	69.37	69.62	69.48	68.55	65.74	66.57	66.72	66.46	66.44	66.67	66.52	65.70	65.42	66.18	66.30	66.03	65.95	66.12	65.98	65.29
68.12	68.93	69.11	68.95	69.02	69.26	69.14	68.27	68.49	69.41	69.58	69.35	69.37	69.62	69.47	68.55	65.73	66.56	66.71	66.46	66.44	66.66	66.51	65.69	65.41	66.16	66.29	66.03	65.95	66.11	65.97	65.28
68.35	69.17	69.09	68.94	69.02	69.25	69.13	68.26	68.48	69.40	69.57	69.36	69.38	69.61	69.46	68.54	65.72	66.55	66.71	66.47	66.44	66.65	66.50	65.68	65.40	66.15	66.28	66.02	65.95	66.10	65.96	65.27
68.37	69.18	69.09	68.94	69.02	69.24	69.41	68.54	68.48	69.39	69.57	69.36	69.38	69.60	69.45	68.53	65.71	66.54	66.70	66.47	66.44	66.65	66.49	65.67	65.39	66.13	66.26	66.02	65.95	66.10	65.95	65.26
68.39	69.20	69.08	68.94	69.26	69.48	69.38	68.51	68.47	69.39	69.56	69.37	69.39	69.60	69.44	68.53	65.70	66.53	66.69	66.47	66.45	66.64	66.48	65.66	65.37	66.11	66.25	66.02	65.95	66.09	65.94	65.25
68.39	69.21	69.32	69.18	69.29	69.50	69.39	68.52	68.47	69.38	69.56	69.37	69.39	69.60	69.43	68.52	65.69	66.52	66.68	66.47	66.45	66.63	66.47	65.66	65.36	66.10	66.24	66.01	65.94	66.08	65.93	65.25
68.16	68.97	69.34	69.22	69.31	69.51	69.39	68.52	68.46	69.37	69.56	69.38	69.40	69.59	69.43	68.52	65.68	66.51	66.68	66.47	66.45	66.63	66.46	65.65	65.35	66.09	66.23	66.01	65.94	66.07	65.92	65.24
68.13	68.94	69.36	69.24	69.32	69.51	69.14	68.28	68.46	69.36	69.55	69.38	69.40	69.59	69.42	68.51	65.67	66.49	66.67	66.47	66.45	66.62	66.45	65.64	65.34	66.07	66.22	66.01	65.94	66.07	65.91	65.23
68.11	68.92	69.12	69.01	69.09	69.27	69.11	68.26	68.45	69.36	69.55	69.38	69.40	69.58	69.41	68.50	65.66	66.48	66.66	66.47	66.45	66.61	66.44	65.63	65.33	66.06	66.21	66.00	65.94	66.06	65.90	65.22
68.10	68.91	69.10	68.99	69.07	69.24	69.09	68.23	68.44	69.35	69.54	69.39	69.40	69.58	69.40	68.50	65.66	66.47	66.65	66.47	66.45	66.61	66.43	65.62	65.32	66.04	66.20	66.00	65.94	66.05	65.89	65.21
68.32	69.13	69.09	68.99	69.06	69.22	69.07	68.22	68.44	69.34	69.54	69.39	69.41	69.57	69.39	68.49	65.65	66.46	66.65	66.47	66.45	66.60	66.42	65.62	65.31	66.03	66.18	66.00	65.94	66.05	65.88	65.21
68.35	69.16	69.08	68.98	69.05	69.21	69.06	68.21	68.43	69.33	69.54	69.39	69.41	69.57	69.38	68.48	65.64	66.45	66.64	66.47	66.45	66.59	66.41	65.61	65.30	66.02	66.17	65.99	65.94	66.04	65.87	65.20
68.36	69.17	69.31	69.22	69.05	69.20	69.29	68.43	68.43	69.33	69.53	69.40	69.41	69.56	69.37	68.47	65.63	66.44	66.63	66.47	66.45	66.59	66.40	65.60	65.29	66.00	66.16	65.99	65.93	66.03	65.86	65.19
68.36	69.17	69.34	69.25	69.29	69.44	69.31	68.46	68.42	69.32	69.53	69.40	69.42	69.56	69.37	68.47	65.62	66.43	66.62	66.47	66.45	66.58	66.39	65.59	65.28	65.99	66.15	65.99	65.93	66.02	65.85	65.18
68.13	68.93	69.35	69.27	69.32	69.46	69.32	68.46	68.42	69.31	69.53	69.40	69.42	69.55	69.36	68.46	65.61	66.42	66.62	66.47	66.45	66.58	66.38	65.58	65.27	65.98	66.14	65.98	65.93	66.02	65.84	65.17
68.10	68.91	69.36	69.28	69.34	69.47	69.32	68.47	68.41	69.31	69.53	69.41	69.42	69.55	69.35	68.45	65.60	66.41	66.61	66.47	66.45	66.57	66.37	65.58	65.26	65.96	66.13	65.98	65.93	66.01	65.83	65.17
68.08	68.89	69.12	69.05	69.11	69.23	69.32	68.47	68.40	69.30	69.52	69.41	69.42	69.55	69.34	68.45	65.60	66.40	66.60	66.47	66.45	66.56	66.36	65.57	65.25	65.95	66.12	65.98	65.93	66.01	65.82	65.16
68.07	68.87	69.09	69.03	69.08	69.20	69.07	68.23	68.39	69.29	69.52	69.41	69.43	69.54	69.34	68.44	65.59	66.39	66.60	66.47	66.45	66.56	66.35	65.56	65.24	65.94	66.11	65.98	65.93	66.00	65.81	65.15
68.29	69.10	69.08	69.02	69.07	69.18	69.04	68.19	68.39	69.28	69.51	69.41	69.43	69.54	69.33	68.43	65.58	66.38	66.59	66.47	66.45	66.55	66.34	65.55	65.23	65.93	66.10	65.97	65.92	65.99	65.81	65.14
68.31	69.13	69.07	69.01	69.07	69.17	69.01	68.17	68.38	69.28	69.51	69.42	69.43	69.53	69.32	68.43	65.57	66.37	66.58	66.47	66.45	66.55	66.33	65.54	65.22	65.92	66.10	65.97	65.92	65.99	65.80	65.13
68.32	69.13	69.06	69.01	69.06	69.16	69.00	68.16	68.38	69.27	69.50	69.42	69.43	69.52	69.31	68.42	65.56	66.36	66.58	66.47	66.45	66.54	66.32	65.54	65.21	65.90	66.09	65.97	65.92	65.98	65.79	65.13
68.33	69.14	69.30	69.25	69.31	69.40	68.98	68.15	68.37	69.27	69.50	69.42	69.43	69.52	69.30	68.41	65.55	66.35	66.57	66.47	66.45	66.53	66.31	65.53	65.20	65.89	66.08	65.96	65.92	65.97	65.78	65.12
68.09	68.90	69.33	69.28	69.34	69.42	69.21	68.37	68.37	69.26	69.50	69.42	69.43	69.52	69.29	68.40	65.55	66.34	66.56	66.47	66.45	66.53	66.31	65.52	65.19	65.88	66.07	65.96	65.92	65.97	65.77	65.11
68.06	68.87	69.34	69.30	69.35	69.43	69.24	68.39	68.36	69.25	69.50	69.42	69.44	69.51	69.29	68.40	65.54	66.33	66.56	66.46	66.45	66.52	66.30	65.51	65.18	65.87	66.06	65.96	65.91	65.96	65.76	65.10
68.04	68.85	69.10	69.07	69.12	69.19	69.24	68.40	68.35	69.24	69.49	69.43	69.44	69.51	69.04	68.16	65.53	66.32	66.55	66.46	66.45	66.52	66.29	65.51	65.17	65.86	66.05	65.95	65.91	65.96	65.75	65.10
68.03	68.84	69.08	69.05	69.10	69.17	69.24	68.40	68.35	69.24	69.49	69.43	69.44	69.50	69.00	68.12	65.52	66.31	66.54	66.46	66.45	66.51	66.28	65.50	65.16	65.85	66.04	65.95	65.91	65.95	65.75	65.09
68.26	69.07	69.06	69.04	69.09	69.15	69.24	68.40	68.34	69.23	69.48	69.43	69.44	69.50	68.98	68.10	65.51	66.30	66.54	66.46	66.45	66.51	66.27	65.49	65.15	65.84	66.03	65.95	65.91	65.94	65.74	65.08
68.28	69.09	69.05	69.03	69.08	69.14	69.24	68.40	68.33	69.22	69.48	69.43	69.44	69.49	68.96	68.08	65.51	66.29	66.53	66.46	66.45	66.50	66.26	65.48	65.14	65.83	66.03	65.94	65.91	65.94	65.73	65.08
68.29	69.10	69.05	69.03	69.32	69.38	69.23	68.39	68.33	69.22	69.47	69.43	69.44	69.49	68.95	68.07	65.50	66.28	66.52	66.46	66.45	66.49	66.25	65.47	65.13	65.82	66.02	65.94	65.90	65.93	65.72	65.07
68.29	69.10	69.28	69.27	69.35	69.40	69.23	68.39	68.32	69.21	69.47	69.43	69.44	69.48	68.94	68.06	65.49	66.28	66.52	66.46	66.45	66.49	66.24	65.46	65.13	65.80	66.01	65.94	65.90	65.93	65.71	65.06
68.06	68.86	69.31	69.30	69.36	69.41	69.22	68.38	68.32	69.21	69.47	69.43	69.44	69.48	68.93	68.05	65.48	66.27	66.51	66.46	66.45	66.48	66.23	65.45	65.12	65.79	66.00	65.93	65.90	65.92	65.70	65.05
68.03	68.83	69.32	69.32	69.37	69.41	69.21	68.37	68.31	69.20	69.47	69.43	69.20	69.23	68.92	68.04	65.48	66.26	66.51	66.46	66.44	66.48	66.22	65.45	65.11	65.78	66.00	65.93	65.90	65.91	65.70	65.05
68.01	68.82	69.33	69.33	69.38	69.41	69.21	68.37	68.30	69.19	69.46	69.43	69.17	69.20	68.91	68.03	65.47	66.25	66.50	66.45	66.44	66.47	66.21	65.44	65.10	65.77	65.99	65.93	65.90	65.91	65.69	65.04
68.00	68.80	69.09	69.09	69.38	69.41	69.20	68.36	68.30	69.18	69.46	69.43	69.16	69.18	68.90	68.03	65.46	66.24	66.49	66.45	66.44	66.46	66.20	65.43	65.09	65.76	65.98	65.93	65.89	65.90	65.68	65.03
68.22	69.04	69.06	69.07	69.39	69.41	69.20	68.36	68.29	69.18	69.46	69.43	69.15	69.17	68.89	68.02	65.45	66.23	66.49	66.45	66.44	66.46	66.20	65.42	65.08	65.76	65.97	65.92	65.89	65.90	65.67	65.02
68.24	69.05	69.05	69.06	69.39	69.41	69.19	68.35	68.28	69.17	69.45	69.43	69.14	69.16	68.88	68.01	65.44	66.22	66.48	66.45	66.43	66.45	66.19	65.41	65.07	65.75	65.97	65.92	65.89	65.89	65.67	65.02
68.25	69.06	69.04	69.05	69.39	69.41	69.18	68.35	68.28	69.17	69.45	69.43	69.14	69.15	68.87	68.00	65.44	66.22	66.48	66.45	66.43	66.44	66.18	65.41	65.07	65.74	65.96	65.92	65.89	65.89	65.66	65.01
68.25	69.07	69.27	69.29	69.39	69.40	69.18	68.34	68.27	69.16	69.20	69.19	69.14	69.14	68.87	68.00	65.43	66.21	66.47	66.44	66.43	66.44	66.17	65.40	65.06	65.73	65.95	65.91	65.88	65.88	65.65	65.00
68.26	69.07	69.30	69.32	69.39	69.40	69.17	68.33	68.27	69.16	69.17	69.16	69.13	69.13	68.86	67.99	65.42	66.20	66.46	66.44	66.43	66.43	66.16	65.39	65.05	65.72	65.94	65.91	65.88	65.88	65.64	65.00
68.02	68.83	69.31	69.33	69.39	69.40	69.17	68.33	68.26	69.15	69.15	69.15	69.13	69.13	68.85	67.98	65.41	66.19	66.45	66.44	66.42	66.43	66.15	65.39	65.04	65.71	65.94	65.91	65.88	65.87	65.63	64.99
67.99	68.80	69.31	69.34	69.39	69.39	69.16	68.32	68.26	69.14	69.14	69.14	69.13	69.12	68.84	67.97	65.41	66.18	66.45	66.43	66.42	66.42	66.15	65.38	65.03	65.70	65.93	65.90	65.88	65.86	65.63	64.98
67.97	68.78	69.31	69.34	69.39	69.39	69.15	68.32	68.25	69.13	69.13	69.13	69.13	69.12	68.84	67.97	65.40	66.17	66.44	66.43	66.42	66.41	66.14	65.37	65.03	65.69	65.92	65.90	65.87	65.86	65.62	64.98
68.19	69.01	69.31	69.35	69.39	69.38	69.15	68.31	68.24	69.12	69.12	69.13	69.13	69.11	68.83	67.96	65.39	66.17	66.43	66.43	66.42	66.41	66.13	65.36	65.02	65.68	65.92	65.90	65.87	65.85	65.61	64.97
68.21	69.03	69.32	69.35	69.39	69.38	69.14	68.31	68.24	69.12	69.12	69.12	69.12	69.11	68.82	67.95	65.39	66.16	66.43	66.43	66.42	66.40	66.12	65.36	65.01	65.67	65.91	65.89	65.87	65.85	65.61	64.96
68.22	69.03	69.32	69.35	69.39	69.38	69.14	68.30	68.23	69.12	69.11	69.12	69.12	69.10	68.81	67.95	65.38	66.15	66.42	66.42	66.41	66.40	66.12	65.35	65.00	65.66	65.90	65.89	65.87	65.84	65.60	64.96
68.22	69.04	69.31	69.35	69.39	69.37	69.13	68.29	68.23	69.11	69.11	69.12	69.12	69.10	68.81	67.94	65.37	66.14	66.42	66.42	66.41	66.39	66.11	65.34	65.00	65.66	65.90	65.89	65.86	65.84	65.59	64.95
68.22	69.04	69.31	69.35	69.39	69.37	69.12	68.29	68.22	69.10	69.10	69.12	69.12	69.09	68.80	67.93	65.36	66.14	66.41	66.42	66.41	66.39	66.10	65.34	64.99	65.65	65.89	65.88	65.86	65.83	65.58	64.94
68.22	69.04	69.31	69.35	69.39	69.37	69.12	68.28	67.98	68.86	69.10	69.12	69.12	69.09	68.79	67.93	65.36	66.13	66.40	66.42	66.41	66.38	66.09	65.33	64.98	65.64	65.88	65.88	65.86	65.83	65.58	64.94
68.22	69.03	69.31	69.35	69.39	69.36	69.11	68.28	67.95	68.82	69.09	69.12	69.12	69.08	68.79	67.92	65.35	66.12	66.40	66.41	66.40	66.38	66.09	65.32	64.97	65.63	65.88	65.88	65.85	65.82	65.57	64.93
68.21	69.03	69.31	69.36	69.39	69.36	69.11	68.27	67.93	68.80	69.09	69.11	69.12	69.08	68.78	67.91	65.34	66.11	66.39	66.41	66.40	66.37	66.08	65.31	64.97	65.62	65.87	65.87	65.85	65.82	65.56	64.92
68.21	69.03	69.31	69.36	69.39	69.36	69.10	68.26	67.91	68.79	69.08	69.11	69.11	69.07	68.77	67.91	65.33	66.10	66.39	66.41	66.40	66.37	66.07	65.31	64.96	65.61	65.86	65.87	65.85	65.81	65.56	64.92
68.20	69.02	69.31	69.36	69.39	69.35	69.09	68.26	67.90	68.77	69.08	69.11	69.11	69.07	68.76	67.90	65.32	66.09	66.38	66.41	66.40	66.36	66.06	65.30	64.95	65.61	65.86	65.87	65.85	65.81	65.55	64.91
68.20	69.02	69.30	69.36	69.39	69.35	69.09	68.25	67.89	68.76	69.07	69.11	69.11	69.06	68.76	67.89	65.31	66.08	66.37	66.40	66.40	66.36	66.06	65.29	64.94	65.60	65.85	65.86	65.84	65.80	65.54	64.90
68.19	69.01	69.30	69.36	69.39	69.35	69.08	68.25	67.88	68.76	69.07	69.11	69.11	69.06	68.75	67.89	65.31	66.07	66.37	66.40	66.39	66.35	66.05	65.29	64.94	65.59	65.85	65.86	65.84	65.80	65.54	64.90
68.19	69.01	69.30	69.36	69.39	69.34	69.08	68.24	67.87	68.75	69.06	69.11	69.11	69.06	68.74	67.88	65.30	66.07	66.36	66.40	66.39	66.35	66.04	65.28	64.93	65.58	65.84	65.86	65.84	65.79	65.53	64.89
68.18	69.00	69.30	69.36	69.39	69.34	69.07	68.24	67.87	68.74	69.06	69.11	69.11	69.05	68.74	67.87	65.29	66.06	66.36	66.40	66.39	66.34	66.04	65.27	64.92	65.57	65.83	65.85	65.84	65.79	65.52	64.89
68.18	69.00	69.29	69.36	69.39	69.34	69.07	68.23	67.86	68.73	69.05	69.10	69.11	69.05	68.73	67.87	65.28	66.05	66.35	66.39	66.39	66.34	66.03	65.27	64.92	65.57	65.83	65.85	65.83	65.78	65.52	64.88
68.17	68.99	69.05	69.12	69.39	69.33	69.06	68.22	67.85	68.73	69.05	69.10	69.10	69.04	68.72	67.86	65.28	66.04	66.35	66.39	66.38	66.33	66.02	65.26	64.91	65.56	65.82	65.85	65.83	65.78	65.51	64.87
68.17	68.99	69.02	69.08	69.39	69.33	69.06	68.22	67.85	68.72	69.04	69.10	69.10	69.04	68.72	67.86	65.27	66.04	66.34	66.39	66.38	66.33	66.02	65.25	64.90	65.55	65.82	65.84	65.83	65.77	65.50	64.87
68.16	68.98	69.00	69.07	69.39	69.33	69.05	68.21	67.84	68.71	69.04	69.09	69.10	69.03	68.71	67.85	65.26	66.03	66.34	66.38	66.38	66.32	66.01	65.25	64.89	65.54	65.81	65.84	65.82	65.77	65.50	64.86
68.16	68.98	68.98	69.05	69.38	69.32	69.04	68.21	67.83	68.71	69.03	69.09	69.10	69.03	68.71	67.84	65.26	66.02	66.33	66.38	66.38	66.32	66.00	65.24	64.89	65.54	65.80	65.84	65.82	65.76	65.49	64.85
68.15	68.97	68.97	69.05	69.38	69.32	69.04	68.20	67.83	68.70	69.02	69.09	69.10	69.02	68.70	67.84	65.25	66.01	66.33	66.38	66.37	66.31	66.00	65.24	64.88	65.53	65.80	65.83	65.82	65.76	65.48	64.85
68.15	68.97	68.96	69.04	69.38	69.32	69.03	68.20	67.82	68.69	69.02	69.09	69.09	69.02	68.69	67.83	65.24	66.01	66.32	66.38	66.37	66.31	65.99	65.23	64.87	65.52	65.79	65.83	65.81	65.75	65.48	64.84
68.14	68.96	68.96	69.04	69.38	69.31	69.03	68.19	67.81	68.69	69.01	69.08	69.09	69.02	68.69	67.82	65.24	66.00	66.32	66.37	66.37	66.30	65.98	65.22	64.87	65.52	65.79	65.83	65.81	65.75	65.47	64.84
68.14	68.96	68.95	69.03	69.38	69.31	69.02	68.19	67.81	68.68	69.01	69.08	69.09	69.01	68.68	67.82	65.23	65.99	66.31	66.37	66.36	66.30	65.98	65.22	64.86	65.51	65.78	65.82	65.81	65.74	65.46	64.83
67.90	68.71	68.95	69.03	69.38	69.30	68.78	67.94	67.80	68.67	69.00	69.08	69.09	69.01	68.67	67.81	65.22	65.99	66.30	66.37	66.36	66.29	65.97	65.21	64.85	65.50	65.78	65.82	65.81	65.74	65.46	64.82
67.86	68.68	68.94	69.02	69.37	69.30	68.74	67.91	67.79	68.67	69.00	69.08	69.09	69.00	68.67	67.80	65.22	65.98	66.30	66.36	66.36	66.29	65.96	65.20	64.85	65.49	65.77	65.82	65.80	65.73	65.45	64.82
67.85	68.66	68.94	69.03	69.37	69.29	68.72	67.89	67.78	68.66	68.99	69.07	69.09	69.00	68.66	67.80	65.21	65.97	66.29	66.36	66.36	66.28	65.96	65.20	64.84	65.49	65.76	65.81	65.80	65.73	65.45	64.81
67.83	68.64	68.93	69.02	69.37	69.29	68.70	67.87	67.78	68.65	68.99	69.07	69.08	68.99	68.65	67.79	65.20	65.96	66.29	66.36	66.35	66.28	65.95	65.19	64.83	65.48	65.76	65.81	65.80	65.72	65.44	64.81
67.82	68.63	68.93	69.02	69.37	69.29	68.69	67.86	67.77	68.64	68.99	69.07	69.08	68.99	68.64	67.78	65.20	65.96	66.28	66.36	66.35	66.27	65.94	65.18	64.83	65.47	65.75	65.81	65.79	65.72	65.43	64.80
