pcb_LC_0	352.8234
pcb_LC_1	353.9890
pcb_LC_2	354.5083
pcb_LC_3	354.7181
pcb_LC_4	354.7184
pcb_LC_5	354.5089
pcb_LC_6	353.9901
pcb_LC_7	352.8250
pcb_LC_8	352.9172
pcb_LC_9	354.3756
pcb_LC_10	355.0700
pcb_LC_11	355.3558
pcb_LC_12	355.3562
pcb_LC_13	355.0710
pcb_LC_14	354.3772
pcb_LC_15	352.9192
pcb_LC_16	353.0145
pcb_LC_17	354.5501
pcb_LC_18	355.2749
pcb_LC_19	355.5708
pcb_LC_20	355.5712
pcb_LC_21	355.2760
pcb_LC_22	354.5518
pcb_LC_23	353.0166
pcb_LC_24	353.0714
pcb_LC_25	354.3959
pcb_LC_26	354.9743
pcb_LC_27	355.2033
pcb_LC_28	355.2036
pcb_LC_29	354.9751
pcb_LC_30	354.3972
pcb_LC_31	353.0731
solder_LC_0	354.8315
solder_LC_1	355.1126
solder_LC_2	355.3881
solder_LC_3	355.5393
solder_LC_4	355.5396
solder_LC_5	355.3890
solder_LC_6	355.1140
solder_LC_7	354.8336
solder_LC_8	355.2276
solder_LC_9	355.7548
solder_LC_10	356.1550
solder_LC_11	356.3623
solder_LC_12	356.3628
solder_LC_13	356.1564
solder_LC_14	355.7570
solder_LC_15	355.2307
solder_LC_16	355.5296
solder_LC_17	356.1921
solder_LC_18	356.6343
solder_LC_19	356.8536
solder_LC_20	356.8543
solder_LC_21	356.6360
solder_LC_22	356.1949
solder_LC_23	355.5335
solder_LC_24	355.3174
solder_LC_25	355.8401
solder_LC_26	356.1931
solder_LC_27	356.3671
solder_LC_28	356.3676
solder_LC_29	356.1943
solder_LC_30	355.8422
solder_LC_31	355.3203
sub_LC_0	354.8685
sub_LC_1	355.1846
sub_LC_2	355.4894
sub_LC_3	355.6556
sub_LC_4	355.6559
sub_LC_5	355.4902
sub_LC_6	355.1859
sub_LC_7	354.8706
sub_LC_8	355.4152
sub_LC_9	355.9498
sub_LC_10	356.3700
sub_LC_11	356.5880
sub_LC_12	356.5885
sub_LC_13	356.3714
sub_LC_14	355.9522
sub_LC_15	355.4187
sub_LC_16	356.0325
sub_LC_17	356.6890
sub_LC_18	357.1492
sub_LC_19	357.3783
sub_LC_20	357.3793
sub_LC_21	357.1514
sub_LC_22	356.6923
sub_LC_23	356.0381
sub_LC_24	355.5409
sub_LC_25	356.0723
sub_LC_26	356.4508
sub_LC_27	356.6390
sub_LC_28	356.6395
sub_LC_29	356.4521
sub_LC_30	356.0745
sub_LC_31	355.5442
layer_3_LC_0	354.9507
layer_3_LC_1	355.6546
layer_3_LC_2	356.2513
layer_3_LC_3	356.5588
layer_3_LC_4	356.5590
layer_3_LC_5	356.2520
layer_3_LC_6	355.6557
layer_3_LC_7	354.9524
layer_3_LC_8	356.8659
layer_3_LC_9	357.6415
layer_3_LC_10	358.2941
layer_3_LC_11	358.6268
layer_3_LC_12	358.6278
layer_3_LC_13	358.2959
layer_3_LC_14	357.6445
layer_3_LC_15	356.8723
layer_3_LC_16	361.0033
layer_3_LC_17	361.8081
layer_3_LC_18	362.4864
layer_3_LC_19	362.8196
layer_3_LC_20	362.8241
layer_3_LC_21	362.4925
layer_3_LC_22	361.8167
layer_3_LC_23	361.0274
layer_3_LC_24	357.2482
layer_3_LC_25	357.9939
layer_3_LC_26	358.6194
layer_3_LC_27	358.9372
layer_3_LC_28	358.9383
layer_3_LC_29	358.6216
layer_3_LC_30	357.9975
layer_3_LC_31	357.2555
layer_4_TB_0	354.8531
layer_4_TB_1	355.5573
layer_4_TB_2	356.1537
layer_4_TB_3	356.4609
layer_4_TB_4	356.4611
layer_4_TB_5	356.1543
layer_4_TB_6	355.5584
layer_4_TB_7	354.8549
layer_4_TB_8	356.7649
layer_4_TB_9	357.5406
layer_4_TB_10	358.1928
layer_4_TB_11	358.5252
layer_4_TB_12	358.5262
layer_4_TB_13	358.1946
layer_4_TB_14	357.5436
layer_4_TB_15	356.7712
layer_4_TB_16	360.9155
layer_4_TB_17	361.7202
layer_4_TB_18	362.3980
layer_4_TB_19	362.7308
layer_4_TB_20	362.7353
layer_4_TB_21	362.4041
layer_4_TB_22	361.7288
layer_4_TB_23	360.9397
layer_4_TB_24	357.1457
layer_4_TB_25	357.8913
layer_4_TB_26	358.5164
layer_4_TB_27	358.8339
layer_4_TB_28	358.8350
layer_4_TB_29	358.5185
layer_4_TB_30	357.8949
layer_4_TB_31	357.1530
layer_5_B_0	353.8773
layer_5_B_1	354.5836
layer_5_B_2	355.1770
layer_5_B_3	355.4818
layer_5_B_4	355.4821
layer_5_B_5	355.1776
layer_5_B_6	354.5847
layer_5_B_7	353.8790
layer_5_B_8	355.7540
layer_5_B_9	356.5307
layer_5_B_10	357.1789
layer_5_B_11	357.5086
layer_5_B_12	357.5095
layer_5_B_13	357.1807
layer_5_B_14	356.5336
layer_5_B_15	355.7601
layer_5_B_16	360.0396
layer_5_B_17	360.8432
layer_5_B_18	361.5158
layer_5_B_19	361.8445
layer_5_B_20	361.8492
layer_5_B_21	361.5220
layer_5_B_22	360.8518
layer_5_B_23	360.0642
layer_5_B_24	356.1196
layer_5_B_25	356.8649
layer_5_B_26	357.4855
layer_5_B_27	357.8000
layer_5_B_28	357.8010
layer_5_B_29	357.4875
layer_5_B_30	356.8684
layer_5_B_31	356.1266
layer_6_TB_0	353.7398
layer_6_TB_1	354.4467
layer_6_TB_2	355.0396
layer_6_TB_3	355.3440
layer_6_TB_4	355.3443
layer_6_TB_5	355.0402
layer_6_TB_6	354.4478
layer_6_TB_7	353.7415
layer_6_TB_8	355.6092
layer_6_TB_9	356.3865
layer_6_TB_10	357.0342
layer_6_TB_11	357.3635
layer_6_TB_12	357.3644
layer_6_TB_13	357.0359
layer_6_TB_14	356.3894
layer_6_TB_15	355.6152
layer_6_TB_16	359.8493
layer_6_TB_17	360.6532
layer_6_TB_18	361.3249
layer_6_TB_19	361.6534
layer_6_TB_20	361.6579
layer_6_TB_21	361.3309
layer_6_TB_22	360.6616
layer_6_TB_23	359.8734
layer_6_TB_24	355.9719
layer_6_TB_25	356.7175
layer_6_TB_26	357.3374
layer_6_TB_27	357.6515
layer_6_TB_28	357.6525
layer_6_TB_29	357.3394
layer_6_TB_30	356.7210
layer_6_TB_31	355.9789
layer_7_B_32	352.3649
layer_7_B_33	353.0771
layer_7_B_34	353.6653
layer_7_B_35	353.9658
layer_7_B_36	353.9661
layer_7_B_37	353.6659
layer_7_B_38	353.0782
layer_7_B_39	352.3665
layer_7_B_40	354.1606
layer_7_B_41	354.9437
layer_7_B_42	355.5863
layer_7_B_43	355.9117
layer_7_B_44	355.9125
layer_7_B_45	355.5879
layer_7_B_46	354.9464
layer_7_B_47	354.1661
layer_7_B_48	357.9484
layer_7_B_49	358.7548
layer_7_B_50	359.4176
layer_7_B_51	359.7438
layer_7_B_52	359.7469
layer_7_B_53	359.4221
layer_7_B_54	358.7615
layer_7_B_55	357.9667
layer_7_B_56	354.4937
layer_7_B_57	355.2425
layer_7_B_58	355.8559
layer_7_B_59	356.1656
layer_7_B_60	356.1665
layer_7_B_61	355.8578
layer_7_B_62	355.2457
layer_7_B_63	354.5001
layer_8_TB_0	352.1882
layer_8_TB_1	352.9014
layer_8_TB_2	353.4888
layer_8_TB_3	353.7889
layer_8_TB_4	353.7891
layer_8_TB_5	353.4894
layer_8_TB_6	352.9024
layer_8_TB_7	352.1898
layer_8_TB_8	353.9735
layer_8_TB_9	354.7576
layer_8_TB_10	355.3996
layer_8_TB_11	355.7245
layer_8_TB_12	355.7253
layer_8_TB_13	355.4012
layer_8_TB_14	354.7603
layer_8_TB_15	353.9789
layer_8_TB_16	357.7282
layer_8_TB_17	358.5354
layer_8_TB_18	359.1972
layer_8_TB_19	359.5230
layer_8_TB_20	359.5260
layer_8_TB_21	359.2015
layer_8_TB_22	358.5419
layer_8_TB_23	357.7460
layer_8_TB_24	354.3023
layer_8_TB_25	355.0518
layer_8_TB_26	355.6643
layer_8_TB_27	355.9734
layer_8_TB_28	355.9743
layer_8_TB_29	355.6661
layer_8_TB_30	355.0549
layer_8_TB_31	354.3086
layer_9_B_64	350.4215
layer_9_B_65	351.1435
layer_9_B_66	351.7244
layer_9_B_67	352.0191
layer_9_B_68	352.0193
layer_9_B_69	351.7250
layer_9_B_70	351.1444
layer_9_B_71	350.4230
layer_9_B_72	352.1017
layer_9_B_73	352.8965
layer_9_B_74	353.5323
layer_9_B_75	353.8522
layer_9_B_76	353.8528
layer_9_B_77	353.5337
layer_9_B_78	352.8989
layer_9_B_79	352.1064
layer_9_B_80	355.5274
layer_9_B_81	356.3425
layer_9_B_82	356.9948
layer_9_B_83	357.3168
layer_9_B_84	357.3184
layer_9_B_85	356.9976
layer_9_B_86	356.3473
layer_9_B_87	355.5397
layer_9_B_88	352.3870
layer_9_B_89	353.1434
layer_9_B_90	353.7475
layer_9_B_91	354.0506
layer_9_B_92	354.0514
layer_9_B_93	353.7492
layer_9_B_94	353.1462
layer_9_B_95	352.3926
layer_10_TB_0	350.2066
layer_10_TB_1	350.9299
layer_10_TB_2	351.5099
layer_10_TB_3	351.8039
layer_10_TB_4	351.8041
layer_10_TB_5	351.5105
layer_10_TB_6	350.9308
layer_10_TB_7	350.2081
layer_10_TB_8	351.8736
layer_10_TB_9	352.6700
layer_10_TB_10	353.3051
layer_10_TB_11	353.6243
layer_10_TB_12	353.6249
layer_10_TB_13	353.3064
layer_10_TB_14	352.6723
layer_10_TB_15	351.8783
layer_10_TB_16	355.2772
layer_10_TB_17	356.0937
layer_10_TB_18	356.7450
layer_10_TB_19	357.0665
layer_10_TB_20	357.0680
layer_10_TB_21	356.7477
layer_10_TB_22	356.0983
layer_10_TB_23	355.2891
layer_10_TB_24	352.1533
layer_10_TB_25	352.9107
layer_10_TB_26	353.5138
layer_10_TB_27	353.8162
layer_10_TB_28	353.8169
layer_10_TB_29	353.5154
layer_10_TB_30	352.9135
layer_10_TB_31	352.1588
layer_11_B_96	348.0577
layer_11_B_97	348.7934
layer_11_B_98	349.3650
layer_11_B_99	349.6521
layer_11_B_100	349.6523
layer_11_B_101	349.3655
layer_11_B_102	348.7942
layer_11_B_103	348.0590
layer_11_B_104	349.5920
layer_11_B_105	350.4044
layer_11_B_106	351.0322
layer_11_B_107	351.3452
layer_11_B_108	351.3457
layer_11_B_109	351.0333
layer_11_B_110	350.4064
layer_11_B_111	349.5959
layer_11_B_112	352.7772
layer_11_B_113	353.6074
layer_11_B_114	354.2483
layer_11_B_115	354.5646
layer_11_B_116	354.5649
layer_11_B_117	354.2495
layer_11_B_118	353.6102
layer_11_B_119	352.7839
layer_11_B_120	349.8153
layer_11_B_121	350.5835
layer_11_B_122	351.1763
layer_11_B_123	351.4711
layer_11_B_124	351.4717
layer_11_B_125	351.1776
layer_11_B_126	350.5859
layer_11_B_127	349.8200
layer_12_TB_0	347.8058
layer_12_TB_1	348.5430
layer_12_TB_2	349.1137
layer_12_TB_3	349.3999
layer_12_TB_4	349.4001
layer_12_TB_5	349.1142
layer_12_TB_6	348.5439
layer_12_TB_7	347.8071
layer_12_TB_8	349.3242
layer_12_TB_9	350.1388
layer_12_TB_10	350.7657
layer_12_TB_11	351.0779
layer_12_TB_12	351.0784
layer_12_TB_13	350.7668
layer_12_TB_14	350.1407
layer_12_TB_15	349.3280
layer_12_TB_16	352.4979
layer_12_TB_17	353.3300
layer_12_TB_18	353.9698
layer_12_TB_19	354.2855
layer_12_TB_20	354.2856
layer_12_TB_21	353.9708
layer_12_TB_22	353.3327
layer_12_TB_23	352.5041
layer_12_TB_24	349.5407
layer_12_TB_25	350.3103
layer_12_TB_26	350.9019
layer_12_TB_27	351.1959
layer_12_TB_28	351.1964
layer_12_TB_29	350.9032
layer_12_TB_30	350.3127
layer_12_TB_31	349.5453
layer_13_B_128	345.2861
layer_13_B_129	346.0397
layer_13_B_130	346.5999
layer_13_B_131	346.8777
layer_13_B_132	346.8779
layer_13_B_133	346.6003
layer_13_B_134	346.0404
layer_13_B_135	345.2872
layer_13_B_136	346.6455
layer_13_B_137	347.4817
layer_13_B_138	348.1001
layer_13_B_139	348.4050
layer_13_B_140	348.4053
layer_13_B_141	348.1010
layer_13_B_142	347.4834
layer_13_B_143	346.6486
layer_13_B_144	349.7058
layer_13_B_145	350.5575
layer_13_B_146	351.1859
layer_13_B_147	351.4951
layer_13_B_148	351.4939
layer_13_B_149	351.1854
layer_13_B_150	350.5584
layer_13_B_151	349.7068
layer_13_B_152	346.7937
layer_13_B_153	347.5783
layer_13_B_154	348.1575
layer_13_B_155	348.4423
layer_13_B_156	348.4428
layer_13_B_157	348.1585
layer_13_B_158	347.5802
layer_13_B_159	346.7974
layer_14_TB_0	344.9984
layer_14_TB_1	345.7540
layer_14_TB_2	346.3130
layer_14_TB_3	346.5898
layer_14_TB_4	346.5900
layer_14_TB_5	346.3134
layer_14_TB_6	345.7547
layer_14_TB_7	344.9995
layer_14_TB_8	346.3391
layer_14_TB_9	347.1782
layer_14_TB_10	347.7956
layer_14_TB_11	348.0996
layer_14_TB_12	348.0999
layer_14_TB_13	347.7964
layer_14_TB_14	347.1798
layer_14_TB_15	346.3422
layer_14_TB_16	349.3247
layer_14_TB_17	350.1793
layer_14_TB_18	350.8065
layer_14_TB_19	351.1148
layer_14_TB_20	351.1136
layer_14_TB_21	350.8061
layer_14_TB_22	350.1801
layer_14_TB_23	349.3258
layer_14_TB_24	346.4795
layer_14_TB_25	347.2660
layer_14_TB_26	347.8437
layer_14_TB_27	348.1275
layer_14_TB_28	348.1279
layer_14_TB_29	347.8448
layer_14_TB_30	347.2679
layer_14_TB_31	346.4831
layer_15_B_160	342.1212
layer_15_B_161	342.8973
layer_15_B_162	343.4437
layer_15_B_163	343.7107
layer_15_B_164	343.7108
layer_15_B_165	343.4440
layer_15_B_166	342.8979
layer_15_B_167	342.1221
layer_15_B_168	343.2751
layer_15_B_169	344.1421
layer_15_B_170	344.7495
layer_15_B_171	345.0450
layer_15_B_172	345.0452
layer_15_B_173	344.7502
layer_15_B_174	344.1433
layer_15_B_175	343.2774
layer_15_B_176	345.5154
layer_15_B_177	346.3977
layer_15_B_178	347.0138
layer_15_B_179	347.3129
layer_15_B_180	347.3121
layer_15_B_181	347.0136
layer_15_B_182	346.3984
layer_15_B_183	345.5163
layer_15_B_184	343.3365
layer_15_B_185	344.1425
layer_15_B_186	344.7056
layer_15_B_187	344.9788
layer_15_B_188	344.9791
layer_15_B_189	344.7065
layer_15_B_190	344.1441
layer_15_B_191	343.3393
layer_16_TB_0	341.7992
layer_16_TB_1	342.5779
layer_16_TB_2	343.1227
layer_16_TB_3	343.3886
layer_16_TB_4	343.3887
layer_16_TB_5	343.1230
layer_16_TB_6	342.5785
layer_16_TB_7	341.8001
layer_16_TB_8	342.9327
layer_16_TB_9	343.8031
layer_16_TB_10	344.4094
layer_16_TB_11	344.7039
layer_16_TB_12	344.7041
layer_16_TB_13	344.4101
layer_16_TB_14	343.8044
layer_16_TB_15	342.9350
layer_16_TB_16	345.1058
layer_16_TB_17	345.9916
layer_16_TB_18	346.6065
layer_16_TB_19	346.9045
layer_16_TB_20	346.9037
layer_16_TB_21	346.6062
layer_16_TB_22	345.9923
layer_16_TB_23	345.1067
layer_16_TB_24	342.9853
layer_16_TB_25	343.7937
layer_16_TB_26	344.3551
layer_16_TB_27	344.6271
layer_16_TB_28	344.6274
layer_16_TB_29	344.3560
layer_16_TB_30	343.7952
layer_16_TB_31	342.9880
layer_17_B_192	338.5793
layer_17_B_193	339.3831
layer_17_B_194	339.9129
layer_17_B_195	340.1673
layer_17_B_196	340.1674
layer_17_B_197	339.9131
layer_17_B_198	339.3836
layer_17_B_199	338.5800
layer_17_B_200	339.5081
layer_17_B_201	340.4134
layer_17_B_202	341.0082
layer_17_B_203	341.2929
layer_17_B_204	341.2930
layer_17_B_205	341.0087
layer_17_B_206	340.4143
layer_17_B_207	339.5098
layer_17_B_208	341.0109
layer_17_B_209	341.9315
layer_17_B_210	342.5338
layer_17_B_211	342.8214
layer_17_B_212	342.8209
layer_17_B_213	342.5337
layer_17_B_214	341.9321
layer_17_B_215	341.0116
layer_17_B_216	339.4725
layer_17_B_217	340.3055
layer_17_B_218	340.8498
layer_17_B_219	341.1095
layer_17_B_220	341.1098
layer_17_B_221	340.8504
layer_17_B_222	340.3067
layer_17_B_223	339.4745
layer_18_TB_0	338.2246
layer_18_TB_1	339.0315
layer_18_TB_2	339.5595
layer_18_TB_3	339.8127
layer_18_TB_4	339.8128
layer_18_TB_5	339.5597
layer_18_TB_6	339.0320
layer_18_TB_7	338.2253
layer_18_TB_8	339.1321
layer_18_TB_9	340.0415
layer_18_TB_10	340.6350
layer_18_TB_11	340.9186
layer_18_TB_12	340.9188
layer_18_TB_13	340.6355
layer_18_TB_14	340.0424
layer_18_TB_15	339.1336
layer_18_TB_16	340.5725
layer_18_TB_17	341.4975
layer_18_TB_18	342.0983
layer_18_TB_19	342.3848
layer_18_TB_20	342.3843
layer_18_TB_21	342.0982
layer_18_TB_22	341.4980
layer_18_TB_23	340.5733
layer_18_TB_24	339.0869
layer_18_TB_25	339.9229
layer_18_TB_26	340.4652
layer_18_TB_27	340.7235
layer_18_TB_28	340.7237
layer_18_TB_29	340.4658
layer_18_TB_30	339.9240
layer_18_TB_31	339.0888
layer_19_B_224	334.6781
layer_19_B_225	335.5153
layer_19_B_226	336.0255
layer_19_B_227	336.2657
layer_19_B_228	336.2658
layer_19_B_229	336.0256
layer_19_B_230	335.5156
layer_19_B_231	334.6786
layer_19_B_232	335.3712
layer_19_B_233	336.3231
layer_19_B_234	336.9032
layer_19_B_235	337.1758
layer_19_B_236	337.1759
layer_19_B_237	336.9035
layer_19_B_238	336.3237
layer_19_B_239	335.3721
layer_19_B_240	336.1898
layer_19_B_241	337.1576
layer_19_B_242	337.7438
layer_19_B_243	338.0188
layer_19_B_244	338.0185
layer_19_B_245	337.7439
layer_19_B_246	337.1580
layer_19_B_247	336.1903
layer_19_B_248	335.2302
layer_19_B_249	336.0963
layer_19_B_250	336.6187
layer_19_B_251	336.8632
layer_19_B_252	336.8633
layer_19_B_253	336.6190
layer_19_B_254	336.0970
layer_19_B_255	335.2314
layer_20_TB_0	334.2925
layer_20_TB_1	335.1333
layer_20_TB_2	335.6414
layer_20_TB_3	335.8802
layer_20_TB_4	335.8803
layer_20_TB_5	335.6416
layer_20_TB_6	335.1337
layer_20_TB_7	334.2930
layer_20_TB_8	334.9639
layer_20_TB_9	335.9209
layer_20_TB_10	336.4994
layer_20_TB_11	336.7709
layer_20_TB_12	336.7710
layer_20_TB_13	336.4997
layer_20_TB_14	335.9215
layer_20_TB_15	334.9648
layer_20_TB_16	335.7228
layer_20_TB_17	336.6958
layer_20_TB_18	337.2803
layer_20_TB_19	337.5540
layer_20_TB_20	337.5538
layer_20_TB_21	337.2803
layer_20_TB_22	336.6962
layer_20_TB_23	335.7233
layer_20_TB_24	334.8128
layer_20_TB_25	335.6824
layer_20_TB_26	336.2025
layer_20_TB_27	336.4455
layer_20_TB_28	336.4456
layer_20_TB_29	336.2028
layer_20_TB_30	335.6831
layer_20_TB_31	334.8139
hsp_TB_0	330.4366
hsp_TB_1	331.3136
hsp_TB_2	331.8007
hsp_TB_3	332.0251
hsp_TB_4	332.0251
hsp_TB_5	331.8008
hsp_TB_6	331.3138
hsp_TB_7	330.4368
hsp_TB_8	330.8906
hsp_TB_9	331.8988
hsp_TB_10	332.4615
hsp_TB_11	332.7210
hsp_TB_12	332.7210
hsp_TB_13	332.4616
hsp_TB_14	331.8990
hsp_TB_15	330.8909
hsp_TB_16	331.0528
hsp_TB_17	332.0776
hsp_TB_18	332.6453
hsp_TB_19	332.9063
hsp_TB_20	332.9063
hsp_TB_21	332.6454
hsp_TB_22	332.0779
hsp_TB_23	331.0531
hsp_TB_24	330.6379
hsp_TB_25	331.5438
hsp_TB_26	332.0406
hsp_TB_27	332.2683
hsp_TB_28	332.2683
hsp_TB_29	332.0408
hsp_TB_30	331.5440
hsp_TB_31	330.6382
hsink_TB_0	329.0008
hsink_TB_1	329.7536
hsink_TB_2	330.2109
hsink_TB_3	330.4261
hsink_TB_4	330.4262
hsink_TB_5	330.2110
hsink_TB_6	329.7537
hsink_TB_7	329.0009
hsink_TB_8	329.2885
hsink_TB_9	330.1568
hsink_TB_10	330.6870
hsink_TB_11	330.9369
hsink_TB_12	330.9369
hsink_TB_13	330.6871
hsink_TB_14	330.1569
hsink_TB_15	329.2887
hsink_TB_16	329.3245
hsink_TB_17	330.2009
hsink_TB_18	330.7346
hsink_TB_19	330.9857
hsink_TB_20	330.9857
hsink_TB_21	330.7347
hsink_TB_22	330.2011
hsink_TB_23	329.3246
hsink_TB_24	329.0748
hsink_TB_25	329.8449
hsink_TB_26	330.3094
hsink_TB_27	330.5272
hsink_TB_28	330.5273
hsink_TB_29	330.3095
hsink_TB_30	329.8450
hsink_TB_31	329.0749
inode_0	326.8431
inode_1	326.8432
inode_2	327.4546
inode_3	327.3667
inode_4	326.8040
inode_5	326.8041
inode_6	327.4227
inode_7	327.3358
inode_8	325.5897
inode_9	325.5898
inode_10	325.9529
inode_11	325.8798
inode_12	354.9583
inode_13	354.9612
inode_14	354.8365
inode_15	354.1807
inode_16	354.9368
inode_17	354.9397
inode_18	354.8305
inode_19	354.1757
inode_20	351.0149
inode_21	351.0167
inode_22	353.7228
inode_23	353.1477
inode_24	340.0754
inode_25	340.0766
inode_26	340.4727
inode_27	340.1119
