pcb_C_0	327.2947
pcb_C_1	327.9683
pcb_C_2	328.2743
pcb_C_3	328.4161
pcb_C_4	328.4523
pcb_C_5	328.3308
pcb_C_6	328.0037
pcb_C_7	327.3184
pcb_C_8	326.9983
pcb_C_9	327.5830
pcb_C_10	327.8971
pcb_C_11	328.0504
pcb_C_12	328.0725
pcb_C_13	327.9363
pcb_C_14	327.6147
pcb_C_15	327.0231
pcb_C_16	326.5527
pcb_C_17	326.8087
pcb_C_18	327.0091
pcb_C_19	327.1224
pcb_C_20	327.1319
pcb_C_21	327.0294
pcb_C_22	326.8304
pcb_C_23	326.5738
pcb_C_24	326.2304
pcb_C_25	326.2344
pcb_C_26	326.3203
pcb_C_27	326.3840
pcb_C_28	326.3883
pcb_C_29	326.3307
pcb_C_30	326.2476
pcb_C_31	326.2464
solder_C_0	327.6356
solder_C_1	328.2592
solder_C_2	328.5682
solder_C_3	328.7207
solder_C_4	328.7911
solder_C_5	328.6618
solder_C_6	328.3022
solder_C_7	327.6631
solder_C_8	327.3138
solder_C_9	327.8485
solder_C_10	328.1682
solder_C_11	328.3293
solder_C_12	328.3580
solder_C_13	328.2139
solder_C_14	327.8815
solder_C_15	327.3404
solder_C_16	326.5720
solder_C_17	326.7474
solder_C_18	326.9575
solder_C_19	327.0793
solder_C_20	327.0893
solder_C_21	326.9780
solder_C_22	326.7690
solder_C_23	326.5935
solder_C_24	326.1692
solder_C_25	326.0906
solder_C_26	326.1882
solder_C_27	326.2612
solder_C_28	326.2656
solder_C_29	326.1987
solder_C_30	326.1040
solder_C_31	326.1855
sub_C_0	327.7261
sub_C_1	328.3513
sub_C_2	328.6645
sub_C_3	328.8200
sub_C_4	328.9112
sub_C_5	328.7778
sub_C_6	328.3959
sub_C_7	327.7550
sub_C_8	327.4111
sub_C_9	327.9581
sub_C_10	328.2836
sub_C_11	328.4468
sub_C_12	328.4756
sub_C_13	328.3282
sub_C_14	327.9905
sub_C_15	327.4381
sub_C_16	326.4820
sub_C_17	326.6886
sub_C_18	326.9086
sub_C_19	327.0336
sub_C_20	327.0434
sub_C_21	326.9290
sub_C_22	326.7100
sub_C_23	326.5034
sub_C_24	326.0594
sub_C_25	326.0205
sub_C_26	326.1299
sub_C_27	326.2068
sub_C_28	326.2112
sub_C_29	326.1405
sub_C_30	326.0339
sub_C_31	326.0756
layer_3_C_0	328.5421
layer_3_C_1	329.2387
layer_3_C_2	329.5854
layer_3_C_3	329.7647
layer_3_C_4	330.0661
layer_3_C_5	329.8948
layer_3_C_6	329.2957
layer_3_C_7	328.5845
layer_3_C_8	328.3458
layer_3_C_9	329.0595
layer_3_C_10	329.4411
layer_3_C_11	329.6247
layer_3_C_12	329.6500
layer_3_C_13	329.4712
layer_3_C_14	329.0843
layer_3_C_15	328.3763
layer_3_C_16	325.5699
layer_3_C_17	326.0807
layer_3_C_18	326.3982
layer_3_C_19	326.5534
layer_3_C_20	326.5622
layer_3_C_21	326.4167
layer_3_C_22	326.1009
layer_3_C_23	325.5897
layer_3_C_24	325.0094
layer_3_C_25	325.3303
layer_3_C_26	325.5530
layer_3_C_27	325.6660
layer_3_C_28	325.6704
layer_3_C_29	325.5637
layer_3_C_30	325.3437
layer_3_C_31	325.0241
layer_4_TB_0	328.3841
layer_4_TB_1	329.0807
layer_4_TB_2	329.4284
layer_4_TB_3	329.6074
layer_4_TB_4	329.8905
layer_4_TB_5	329.7207
layer_4_TB_6	329.1366
layer_4_TB_7	328.4254
layer_4_TB_8	328.1894
layer_4_TB_9	328.9023
layer_4_TB_10	329.2841
layer_4_TB_11	329.4676
layer_4_TB_12	329.4930
layer_4_TB_13	329.3150
layer_4_TB_14	328.9275
layer_4_TB_15	328.2196
layer_4_TB_16	325.5680
layer_4_TB_17	326.0792
layer_4_TB_18	326.3968
layer_4_TB_19	326.5521
layer_4_TB_20	326.5608
layer_4_TB_21	326.4153
layer_4_TB_22	326.0994
layer_4_TB_23	325.5877
layer_4_TB_24	325.0082
layer_4_TB_25	325.3294
layer_4_TB_26	325.5523
layer_4_TB_27	325.6653
layer_4_TB_28	325.6697
layer_4_TB_29	325.5630
layer_4_TB_30	325.3429
layer_4_TB_31	325.0229
hsp_TB_0	326.8045
hsp_TB_1	327.5014
hsp_TB_2	327.8579
hsp_TB_3	328.0340
hsp_TB_4	328.1349
hsp_TB_5	327.9792
hsp_TB_6	327.5457
hsp_TB_7	326.8347
hsp_TB_8	326.6261
hsp_TB_9	327.3305
hsp_TB_10	327.7142
hsp_TB_11	327.8977
hsp_TB_12	327.9238
hsp_TB_13	327.7539
hsp_TB_14	327.3600
hsp_TB_15	326.6523
hsp_TB_16	325.5483
hsp_TB_17	326.0640
hsp_TB_18	326.3825
hsp_TB_19	326.5381
hsp_TB_20	326.5468
hsp_TB_21	326.4011
hsp_TB_22	326.0842
hsp_TB_23	325.5680
hsp_TB_24	324.9959
hsp_TB_25	325.3212
hsp_TB_26	325.5450
hsp_TB_27	325.6583
hsp_TB_28	325.6626
hsp_TB_29	325.5557
hsp_TB_30	325.3346
hsp_TB_31	325.0105
hsink_TB_0	326.1625
hsink_TB_1	326.8306
hsink_TB_2	327.1879
hsink_TB_3	327.3594
hsink_TB_4	327.3991
hsink_TB_5	327.2480
hsink_TB_6	326.8674
hsink_TB_7	326.1883
hsink_TB_8	326.0302
hsink_TB_9	326.7067
hsink_TB_10	327.0893
hsink_TB_11	327.2719
hsink_TB_12	327.2922
hsink_TB_13	327.1254
hsink_TB_14	326.7365
hsink_TB_15	326.0547
hsink_TB_16	325.4748
hsink_TB_17	325.9869
hsink_TB_18	326.3053
hsink_TB_19	326.4609
hsink_TB_20	326.4695
hsink_TB_21	326.3240
hsink_TB_22	326.0072
hsink_TB_23	325.4943
hsink_TB_24	324.9835
hsink_TB_25	325.3101
hsink_TB_26	325.5342
hsink_TB_27	325.6475
hsink_TB_28	325.6518
hsink_TB_29	325.5448
hsink_TB_30	325.3235
hsink_TB_31	324.9982
inode_0	324.4821
inode_1	324.4999
inode_2	323.9406
inode_3	325.3355
inode_4	324.4680
inode_5	324.4858
inode_6	323.9335
inode_7	325.3237
inode_8	323.8991
inode_9	323.9153
inode_10	323.2682
inode_11	324.4984
inode_12	326.8511
inode_13	326.8738
inode_14	325.9171
inode_15	328.0255
inode_16	326.8490
inode_17	326.8717
inode_18	325.9169
inode_19	328.0248
inode_20	326.2992
inode_21	326.3197
inode_22	325.8634
inode_23	327.9199
inode_24	324.3965
inode_25	324.4122
inode_26	323.6721
inode_27	325.1444
