Metric	Core0	Core1	Core2	Core3	Core4	Core5	Core6	Core7	Core8	Core9	Core10	Core11	Core12	Core13	Core14	Core15	Core16	Core17	Core18	Core19	Core20	Core21	Core22	Core23	Core24	Core25	Core26	Core27	Core28	Core29	Core30	Core31
total	6.479	6.405	2.437	2.428	2.413	2.411	5.979	6.012	1000.060	1000.060	1000.060	1000.060	1000.060	1000.060	1000.060	1000.060	3600217.678	3600217.678	3600217.678	3600217.678	3600217.678	3600217.678	3600217.678	3600217.678	1000.060	1000.060	1000.060	1000.060	1000.060	1000.060	1000.060	1000.060
base	0.250	0.250	0.250	0.250	0.250	0.250	0.250	0.250	0.000	0.000	0.000	0.000	0.000	0.000	0.000	0.000	0.000	0.000	0.000	0.000	0.000	0.000	0.000	0.000	0.000	0.000	0.000	0.000	0.000	0.000	0.000	0.000
dispatch_width	-
rs_full	-
depend	-
depend-int	-
depend-fp	0.144	0.144	0.137	0.137	0.137	0.138	0.144	0.144	0.000	0.000	0.000	0.000	0.000	0.000	0.000	0.000	0.000	0.000	0.000	0.000	0.000	0.000	0.000	0.000	0.000	0.000	0.000	0.000	0.000	0.000	0.000	0.000
depend-branch	-
issue	0.069	0.069	0.068	0.069	0.069	0.068	0.070	0.070	0.000	0.000	0.000	0.000	0.000	0.000	0.000	0.000	0.000	0.000	0.000	0.000	0.000	0.000	0.000	0.000	0.000	0.000	0.000	0.000	0.000	0.000	0.000	0.000
serial	-
smt	-
branch	0.181	0.172	0.663	0.652	0.646	0.638	0.191	0.189	0.000	0.000	0.000	0.000	0.000	0.000	0.000	0.000	0.000	0.000	0.000	0.000	0.000	0.000	0.000	0.000	0.000	0.000	0.000	0.000	0.000	0.000	0.000	0.000
itlb	-
dtlb	-
ifetch	-
mem	-
mem-l1d	-
mem-l2	-
mem-l3	-
mem-l4	-
mem-remote	-
mem-nuca	-
mem-dram-cache	-
mem-dram	0.940	0.936	1.256	1.254	1.246	1.252	0.944	0.950	0.000	0.000	0.000	0.000	0.000	0.000	0.000	0.000	0.000	0.000	0.000	0.000	0.000	0.000	0.000	0.000	0.000	0.000	0.000	0.000	0.000	0.000	0.000	0.000
sync	-
dvfs-transition	-
imbalance	4.855	4.794	0.000	0.000	0.000	0.000	4.338	4.367	1000.060	1000.060	1000.060	1000.060	1000.060	1000.060	1000.060	1000.060	3600217.678	3600217.678	3600217.678	3600217.678	3600217.678	3600217.678	3600217.678	3600217.678	1000.060	1000.060	1000.060	1000.060	1000.060	1000.060	1000.060	1000.060
other	0.040	0.041	0.064	0.066	0.065	0.065	0.042	0.042	0.000	0.000	0.000	0.000	0.000	0.000	0.000	0.000	0.000	0.000	0.000	0.000	0.000	0.000	0.000	0.000	0.000	0.000	0.000	0.000	0.000	0.000	0.000	0.000
