pcb_LC_0	371.4740
pcb_LC_1	373.4082
pcb_LC_2	374.2679
pcb_LC_3	374.6159
pcb_LC_4	374.6169
pcb_LC_5	374.2707
pcb_LC_6	373.4120
pcb_LC_7	371.4788
pcb_LC_8	371.4350
pcb_LC_9	373.7268
pcb_LC_10	374.8294
pcb_LC_11	375.2886
pcb_LC_12	375.2902
pcb_LC_13	374.8335
pcb_LC_14	373.7323
pcb_LC_15	371.4412
pcb_LC_16	371.4359
pcb_LC_17	373.7285
pcb_LC_18	374.8317
pcb_LC_19	375.2910
pcb_LC_20	375.2927
pcb_LC_21	374.8360
pcb_LC_22	373.7344
pcb_LC_23	371.4424
pcb_LC_24	371.4767
pcb_LC_25	373.4125
pcb_LC_26	374.2733
pcb_LC_27	374.6217
pcb_LC_28	374.6231
pcb_LC_29	374.2766
pcb_LC_30	373.4174
pcb_LC_31	371.4822
solder_LC_0	374.7772
solder_LC_1	375.4573
solder_LC_2	375.9815
solder_LC_3	376.2576
solder_LC_4	376.2589
solder_LC_5	375.9859
solder_LC_6	375.4620
solder_LC_7	374.7840
solder_LC_8	374.9705
solder_LC_9	375.8657
solder_LC_10	376.5454
solder_LC_11	376.9015
solder_LC_12	376.9048
solder_LC_13	376.5526
solder_LC_14	375.8744
solder_LC_15	374.9794
solder_LC_16	374.9728
solder_LC_17	375.8692
solder_LC_18	376.5502
solder_LC_19	376.9062
solder_LC_20	376.9096
solder_LC_21	376.5573
solder_LC_22	375.8786
solder_LC_23	374.9831
solder_LC_24	374.7823
solder_LC_25	375.4635
solder_LC_26	375.9910
solder_LC_27	376.2670
solder_LC_28	376.2702
solder_LC_29	375.9966
solder_LC_30	375.4727
solder_LC_31	374.7916
sub_LC_0	375.1123
sub_LC_1	375.8375
sub_LC_2	376.4171
sub_LC_3	376.7250
sub_LC_4	376.7258
sub_LC_5	376.4222
sub_LC_6	375.8412
sub_LC_7	375.1199
sub_LC_8	375.3196
sub_LC_9	376.2332
sub_LC_10	376.9562
sub_LC_11	377.3367
sub_LC_12	377.3416
sub_LC_13	376.9655
sub_LC_14	376.2440
sub_LC_15	375.3290
sub_LC_16	375.3235
sub_LC_17	376.2387
sub_LC_18	376.9638
sub_LC_19	377.3431
sub_LC_20	377.3477
sub_LC_21	376.9718
sub_LC_22	376.2486
sub_LC_23	375.3360
sub_LC_24	375.1201
sub_LC_25	375.8433
sub_LC_26	376.4296
sub_LC_27	376.7358
sub_LC_28	376.7413
sub_LC_29	376.4355
sub_LC_30	375.8561
sub_LC_31	375.1316
layer_3_LC_0	377.9845
layer_3_LC_1	379.3026
layer_3_LC_2	380.4232
layer_3_LC_3	381.0318
layer_3_LC_4	381.0244
layer_3_LC_5	380.4353
layer_3_LC_6	379.2916
layer_3_LC_7	377.9998
layer_3_LC_8	378.3205
layer_3_LC_9	379.6921
layer_3_LC_10	380.9018
layer_3_LC_11	381.5355
layer_3_LC_12	381.5595
layer_3_LC_13	380.9337
layer_3_LC_14	379.7272
layer_3_LC_15	378.3325
layer_3_LC_16	378.3402
layer_3_LC_17	379.7216
layer_3_LC_18	380.9396
layer_3_LC_19	381.5616
layer_3_LC_20	381.5765
layer_3_LC_21	380.9563
layer_3_LC_22	379.7332
layer_3_LC_23	378.3759
layer_3_LC_24	378.0191
layer_3_LC_25	379.3004
layer_3_LC_26	380.4669
layer_3_LC_27	381.0542
layer_3_LC_28	381.0836
layer_3_LC_29	380.4740
layer_3_LC_30	379.3510
layer_3_LC_31	378.0512
layer_4_TB_0	377.8485
layer_4_TB_1	379.1647
layer_4_TB_2	380.2828
layer_4_TB_3	380.8899
layer_4_TB_4	380.8825
layer_4_TB_5	380.2948
layer_4_TB_6	379.1536
layer_4_TB_7	377.8637
layer_4_TB_8	378.1843
layer_4_TB_9	379.5538
layer_4_TB_10	380.7609
layer_4_TB_11	381.3930
layer_4_TB_12	381.4170
layer_4_TB_13	380.7928
layer_4_TB_14	379.5889
layer_4_TB_15	378.1962
layer_4_TB_16	378.2039
layer_4_TB_17	379.5834
layer_4_TB_18	380.7987
layer_4_TB_19	381.4191
layer_4_TB_20	381.4340
layer_4_TB_21	380.8153
layer_4_TB_22	379.5948
layer_4_TB_23	378.2396
layer_4_TB_24	377.8829
layer_4_TB_25	379.1623
layer_4_TB_26	380.3265
layer_4_TB_27	380.9122
layer_4_TB_28	380.9417
layer_4_TB_29	380.3335
layer_4_TB_30	379.2130
layer_4_TB_31	377.9150
layer_5_B_0	376.4873
layer_5_B_1	377.7857
layer_5_B_2	378.8785
layer_5_B_3	379.4711
layer_5_B_4	379.4631
layer_5_B_5	378.8903
layer_5_B_6	377.7736
layer_5_B_7	376.5025
layer_5_B_8	376.8217
layer_5_B_9	378.1708
layer_5_B_10	379.3518
layer_5_B_11	379.9679
layer_5_B_12	379.9924
layer_5_B_13	379.3835
layer_5_B_14	378.2065
layer_5_B_15	376.8326
layer_5_B_16	376.8412
layer_5_B_17	378.2012
layer_5_B_18	379.3900
layer_5_B_19	379.9943
layer_5_B_20	380.0086
layer_5_B_21	379.4062
layer_5_B_22	378.2111
layer_5_B_23	376.8768
layer_5_B_24	376.5215
layer_5_B_25	377.7820
layer_5_B_26	378.9217
layer_5_B_27	379.4922
layer_5_B_28	379.5219
layer_5_B_29	378.9278
layer_5_B_30	377.8328
layer_5_B_31	376.5527
layer_6_TB_0	376.2287
layer_6_TB_1	377.5250
layer_6_TB_2	378.6155
layer_6_TB_3	379.2062
layer_6_TB_4	379.1985
layer_6_TB_5	378.6272
layer_6_TB_6	377.5136
layer_6_TB_7	376.2438
layer_6_TB_8	376.5632
layer_6_TB_9	377.9117
layer_6_TB_10	379.0897
layer_6_TB_11	379.7043
layer_6_TB_12	379.7280
layer_6_TB_13	379.1207
layer_6_TB_14	377.9465
layer_6_TB_15	376.5743
layer_6_TB_16	376.5827
layer_6_TB_17	377.9416
layer_6_TB_18	379.1274
layer_6_TB_19	379.7304
layer_6_TB_20	379.7445
layer_6_TB_21	379.1433
layer_6_TB_22	377.9516
layer_6_TB_23	376.6177
layer_6_TB_24	376.2626
layer_6_TB_25	377.5222
layer_6_TB_26	378.6583
layer_6_TB_27	379.2274
layer_6_TB_28	379.2564
layer_6_TB_29	378.6644
layer_6_TB_30	377.5718
layer_6_TB_31	376.2932
layer_7_B_32	373.6424
layer_7_B_33	374.9184
layer_7_B_34	375.9865
layer_7_B_35	376.5568
layer_7_B_36	376.5530
layer_7_B_37	375.9962
layer_7_B_38	374.9135
layer_7_B_39	373.6561
layer_7_B_40	373.9784
layer_7_B_41	375.3199
layer_7_B_42	376.4684
layer_7_B_43	377.0679
layer_7_B_44	377.0845
layer_7_B_45	376.4929
layer_7_B_46	375.3463
layer_7_B_47	373.9913
layer_7_B_48	373.9979
layer_7_B_49	375.3452
layer_7_B_50	376.5007
layer_7_B_51	377.0916
layer_7_B_52	377.1031
layer_7_B_53	376.5143
layer_7_B_54	375.3573
layer_7_B_55	374.0264
layer_7_B_56	373.6730
layer_7_B_57	374.9250
layer_7_B_58	376.0239
layer_7_B_59	376.5795
layer_7_B_60	376.6010
layer_7_B_61	376.0301
layer_7_B_62	374.9618
layer_7_B_63	373.6989
layer_8_TB_0	373.3352
layer_8_TB_1	374.6097
layer_8_TB_2	375.6752
layer_8_TB_3	376.2432
layer_8_TB_4	376.2397
layer_8_TB_5	375.6847
layer_8_TB_6	374.6054
layer_8_TB_7	373.3487
layer_8_TB_8	373.6718
layer_8_TB_9	375.0132
layer_8_TB_10	376.1586
layer_8_TB_11	376.7564
layer_8_TB_12	376.7723
layer_8_TB_13	376.1824
layer_8_TB_14	375.0389
layer_8_TB_15	373.6848
layer_8_TB_16	373.6913
layer_8_TB_17	375.0381
layer_8_TB_18	376.1904
layer_8_TB_19	376.7798
layer_8_TB_20	376.7911
layer_8_TB_21	376.2038
layer_8_TB_22	375.0503
layer_8_TB_23	373.7192
layer_8_TB_24	373.3654
layer_8_TB_25	374.6172
layer_8_TB_26	375.7121
layer_8_TB_27	376.2660
layer_8_TB_28	376.2868
layer_8_TB_29	375.7183
layer_8_TB_30	374.6528
layer_8_TB_31	373.3908
layer_9_B_64	370.2625
layer_9_B_65	371.5227
layer_9_B_66	372.5619
layer_9_B_67	373.1072
layer_9_B_68	373.1070
layer_9_B_69	372.5696
layer_9_B_70	371.5242
layer_9_B_71	370.2747
layer_9_B_72	370.6051
layer_9_B_73	371.9466
layer_9_B_74	373.0606
layer_9_B_75	373.6409
layer_9_B_76	373.6502
layer_9_B_77	373.0781
layer_9_B_78	371.9646
layer_9_B_79	370.6194
layer_9_B_80	370.6248
layer_9_B_81	371.9678
layer_9_B_82	373.0879
layer_9_B_83	373.6625
layer_9_B_84	373.6710
layer_9_B_85	373.0988
layer_9_B_86	371.9812
layer_9_B_87	370.6465
layer_9_B_88	370.2896
layer_9_B_89	371.5386
layer_9_B_90	372.5938
layer_9_B_91	373.1308
layer_9_B_92	373.1447
layer_9_B_93	372.5995
layer_9_B_94	371.5621
layer_9_B_95	370.3099
layer_10_TB_0	369.9083
layer_10_TB_1	371.1676
layer_10_TB_2	372.2039
layer_10_TB_3	372.7466
layer_10_TB_4	372.7467
layer_10_TB_5	372.2113
layer_10_TB_6	371.1697
layer_10_TB_7	369.9204
layer_10_TB_8	370.2519
layer_10_TB_9	371.5942
layer_10_TB_10	372.7049
layer_10_TB_11	373.2832
layer_10_TB_12	373.2918
layer_10_TB_13	372.7218
layer_10_TB_14	371.6115
layer_10_TB_15	370.2663
layer_10_TB_16	370.2717
layer_10_TB_17	371.6151
layer_10_TB_18	372.7317
layer_10_TB_19	373.3046
layer_10_TB_20	373.3129
layer_10_TB_21	372.7424
layer_10_TB_22	371.6286
layer_10_TB_23	370.2928
layer_10_TB_24	369.9351
layer_10_TB_25	371.1844
layer_10_TB_26	372.2352
layer_10_TB_27	372.7702
layer_10_TB_28	372.7835
layer_10_TB_29	372.2409
layer_10_TB_30	371.2066
layer_10_TB_31	369.9549
layer_11_B_96	366.3663
layer_11_B_97	367.6171
layer_11_B_98	368.6235
layer_11_B_99	369.1409
layer_11_B_100	369.1440
layer_11_B_101	368.6290
layer_11_B_102	367.6245
layer_11_B_103	366.3771
layer_11_B_104	366.7201
layer_11_B_105	368.0703
layer_11_B_106	369.1474
layer_11_B_107	369.7061
layer_11_B_108	369.7083
layer_11_B_109	369.1582
layer_11_B_110	368.0802
layer_11_B_111	366.7356
layer_11_B_112	366.7405
layer_11_B_113	368.0881
layer_11_B_114	369.1704
layer_11_B_115	369.7261
layer_11_B_116	369.7317
layer_11_B_117	369.1785
layer_11_B_118	368.1023
layer_11_B_119	366.7555
layer_11_B_120	366.3898
layer_11_B_121	367.6418
layer_11_B_122	368.6498
layer_11_B_123	369.1649
layer_11_B_124	369.1715
layer_11_B_125	368.6547
layer_11_B_126	367.6522
layer_11_B_127	366.4044
layer_12_TB_0	365.9671
layer_12_TB_1	367.2176
layer_12_TB_2	368.2207
layer_12_TB_3	368.7352
layer_12_TB_4	368.7387
layer_12_TB_5	368.2260
layer_12_TB_6	367.2256
layer_12_TB_7	365.9777
layer_12_TB_8	366.3223
layer_12_TB_9	367.6741
layer_12_TB_10	368.7476
layer_12_TB_11	369.3042
layer_12_TB_12	369.3058
layer_12_TB_13	368.7578
layer_12_TB_14	367.6833
layer_12_TB_15	366.3380
layer_12_TB_16	366.3429
layer_12_TB_17	367.6916
layer_12_TB_18	368.7703
layer_12_TB_19	369.3241
layer_12_TB_20	369.3294
layer_12_TB_21	368.7782
layer_12_TB_22	367.7060
layer_12_TB_23	366.3573
layer_12_TB_24	365.9903
layer_12_TB_25	367.2431
layer_12_TB_26	368.2465
layer_12_TB_27	368.7593
layer_12_TB_28	368.7653
layer_12_TB_29	368.2513
layer_12_TB_30	367.2523
layer_12_TB_31	366.0043
layer_13_B_128	361.9747
layer_13_B_129	363.2226
layer_13_B_130	364.1925
layer_13_B_131	364.6788
layer_13_B_132	364.6854
layer_13_B_133	364.1957
layer_13_B_134	363.2360
layer_13_B_135	361.9840
layer_13_B_136	362.3445
layer_13_B_137	363.7127
layer_13_B_138	364.7502
layer_13_B_139	365.2852
layer_13_B_140	365.2802
layer_13_B_141	364.7544
layer_13_B_142	363.7144
layer_13_B_143	362.3613
layer_13_B_144	362.3660
layer_13_B_145	363.7274
layer_13_B_146	364.7696
layer_13_B_147	365.3040
layer_13_B_148	365.3067
layer_13_B_149	364.7748
layer_13_B_150	363.7426
layer_13_B_151	362.3743
layer_13_B_152	361.9945
layer_13_B_153	363.2561
layer_13_B_154	364.2130
layer_13_B_155	364.7032
layer_13_B_156	364.7026
layer_13_B_157	364.2170
layer_13_B_158	363.2532
layer_13_B_159	362.0033
layer_14_TB_0	361.4598
layer_14_TB_1	362.7089
layer_14_TB_2	363.6744
layer_14_TB_3	364.1580
layer_14_TB_4	364.1644
layer_14_TB_5	363.6776
layer_14_TB_6	362.7220
layer_14_TB_7	361.4689
layer_14_TB_8	361.8319
layer_14_TB_9	363.2021
layer_14_TB_10	364.2360
layer_14_TB_11	364.7682
layer_14_TB_12	364.7634
layer_14_TB_13	364.2401
layer_14_TB_14	363.2038
layer_14_TB_15	361.8483
layer_14_TB_16	361.8530
layer_14_TB_17	363.2164
layer_14_TB_18	364.2549
layer_14_TB_19	364.7866
layer_14_TB_20	364.7892
layer_14_TB_21	364.2601
layer_14_TB_22	363.2313
layer_14_TB_23	361.8611
layer_14_TB_24	361.4793
layer_14_TB_25	362.7417
layer_14_TB_26	363.6946
layer_14_TB_27	364.1818
layer_14_TB_28	364.1813
layer_14_TB_29	363.6984
layer_14_TB_30	362.7389
layer_14_TB_31	361.4879
layer_15_B_160	356.3107
layer_15_B_161	357.5718
layer_15_B_162	358.4937
layer_15_B_163	358.9496
layer_15_B_164	358.9544
layer_15_B_165	358.4965
layer_15_B_166	357.5819
layer_15_B_167	356.3181
layer_15_B_168	356.7064
layer_15_B_169	358.0959
layer_15_B_170	359.0942
layer_15_B_171	359.5981
layer_15_B_172	359.5948
layer_15_B_173	359.0975
layer_15_B_174	358.0980
layer_15_B_175	356.7192
layer_15_B_176	356.7223
layer_15_B_177	358.1073
layer_15_B_178	359.1087
layer_15_B_179	359.6123
layer_15_B_180	359.6142
layer_15_B_181	359.1129
layer_15_B_182	358.1186
layer_15_B_183	356.7291
layer_15_B_184	356.3264
layer_15_B_185	357.5974
layer_15_B_186	358.5101
layer_15_B_187	358.9686
layer_15_B_188	358.9683
layer_15_B_189	358.5131
layer_15_B_190	357.5958
layer_15_B_191	356.3332
layer_16_TB_0	355.7554
layer_16_TB_1	357.0184
layer_16_TB_2	357.9356
layer_16_TB_3	358.3885
layer_16_TB_4	358.3931
layer_16_TB_5	357.9383
layer_16_TB_6	357.0283
layer_16_TB_7	355.7628
layer_16_TB_8	356.1539
layer_16_TB_9	357.5465
layer_16_TB_10	358.5409
layer_16_TB_11	359.0417
layer_16_TB_12	359.0385
layer_16_TB_13	358.5441
layer_16_TB_14	357.5486
layer_16_TB_15	356.1664
layer_16_TB_16	356.1694
layer_16_TB_17	357.5575
layer_16_TB_18	358.5550
layer_16_TB_19	359.0555
layer_16_TB_20	359.0574
layer_16_TB_21	358.5590
layer_16_TB_22	357.5685
layer_16_TB_23	356.1761
layer_16_TB_24	355.7708
layer_16_TB_25	357.0433
layer_16_TB_26	357.9516
layer_16_TB_27	358.4069
layer_16_TB_28	358.4067
layer_16_TB_29	357.9546
layer_16_TB_30	357.0418
layer_16_TB_31	355.7774
layer_17_B_192	350.2031
layer_17_B_193	351.4849
layer_17_B_194	352.3547
layer_17_B_195	352.7771
layer_17_B_196	352.7803
layer_17_B_197	352.3569
layer_17_B_198	351.4921
layer_17_B_199	350.2086
layer_17_B_200	350.6296
layer_17_B_201	352.0520
layer_17_B_202	353.0077
layer_17_B_203	353.4784
layer_17_B_204	353.4765
layer_17_B_205	353.0102
layer_17_B_206	352.0540
layer_17_B_207	350.6386
layer_17_B_208	350.6404
layer_17_B_209	352.0600
layer_17_B_210	353.0176
layer_17_B_211	353.4883
layer_17_B_212	353.4896
layer_17_B_213	353.0207
layer_17_B_214	352.0678
layer_17_B_215	350.6456
layer_17_B_216	350.2144
layer_17_B_217	351.5029
layer_17_B_218	352.3667
layer_17_B_219	352.7907
layer_17_B_220	352.7906
layer_17_B_221	352.3689
layer_17_B_222	351.5023
layer_17_B_223	350.2194
layer_18_TB_0	349.6102
layer_18_TB_1	350.8948
layer_18_TB_2	351.7593
layer_18_TB_3	352.1784
layer_18_TB_4	352.1815
layer_18_TB_5	351.7614
layer_18_TB_6	350.9016
layer_18_TB_7	349.6156
layer_18_TB_8	350.0400
layer_18_TB_9	351.4665
layer_18_TB_10	352.4180
layer_18_TB_11	352.8856
layer_18_TB_12	352.8837
layer_18_TB_13	352.4204
layer_18_TB_14	351.4686
layer_18_TB_15	350.0487
layer_18_TB_16	350.0504
layer_18_TB_17	351.4743
layer_18_TB_18	352.4276
layer_18_TB_19	352.8950
layer_18_TB_20	352.8963
layer_18_TB_21	352.4306
layer_18_TB_22	351.4818
layer_18_TB_23	350.0554
layer_18_TB_24	349.6212
layer_18_TB_25	350.9120
layer_18_TB_26	351.7709
layer_18_TB_27	352.1915
layer_18_TB_28	352.1915
layer_18_TB_29	351.7730
layer_18_TB_30	350.9115
layer_18_TB_31	349.6260
layer_19_B_224	343.6818
layer_19_B_225	344.9929
layer_19_B_226	345.8057
layer_19_B_227	346.1917
layer_19_B_228	346.1935
layer_19_B_229	345.8072
layer_19_B_230	344.9972
layer_19_B_231	343.6854
layer_19_B_232	344.1441
layer_19_B_233	345.6121
layer_19_B_234	346.5215
layer_19_B_235	346.9573
layer_19_B_236	346.9564
layer_19_B_237	346.5232
layer_19_B_238	345.6138
layer_19_B_239	344.1495
layer_19_B_240	344.1501
layer_19_B_241	345.6168
layer_19_B_242	346.5272
layer_19_B_243	346.9629
layer_19_B_244	346.9637
layer_19_B_245	346.5292
layer_19_B_246	345.6214
layer_19_B_247	344.1535
layer_19_B_248	343.6887
layer_19_B_249	345.0034
layer_19_B_250	345.8131
layer_19_B_251	346.2000
layer_19_B_252	346.2000
layer_19_B_253	345.8146
layer_19_B_254	345.0036
layer_19_B_255	343.6918
layer_20_TB_0	343.0541
layer_20_TB_1	344.3688
layer_20_TB_2	345.1759
layer_20_TB_3	345.5584
layer_20_TB_4	345.5600
layer_20_TB_5	345.1773
layer_20_TB_6	344.3728
layer_20_TB_7	343.0575
layer_20_TB_8	343.5202
layer_20_TB_9	344.9935
layer_20_TB_10	345.8984
layer_20_TB_11	346.3308
layer_20_TB_12	346.3300
layer_20_TB_13	345.9000
layer_20_TB_14	344.9953
layer_20_TB_15	343.5253
layer_20_TB_16	343.5258
layer_20_TB_17	344.9980
layer_20_TB_18	345.9037
layer_20_TB_19	346.3361
layer_20_TB_20	346.3368
layer_20_TB_21	345.9056
layer_20_TB_22	345.0023
layer_20_TB_23	343.5290
layer_20_TB_24	343.0606
layer_20_TB_25	344.3786
layer_20_TB_26	345.1829
layer_20_TB_27	345.5661
layer_20_TB_28	345.5662
layer_20_TB_29	345.1843
layer_20_TB_30	344.3788
layer_20_TB_31	343.0635
hsp_TB_0	336.7772
hsp_TB_1	338.1273
hsp_TB_2	338.8777
hsp_TB_3	339.2246
hsp_TB_4	339.2251
hsp_TB_5	338.8785
hsp_TB_6	338.1288
hsp_TB_7	336.7788
hsp_TB_8	337.2807
hsp_TB_9	338.8084
hsp_TB_10	339.6674
hsp_TB_11	340.0662
hsp_TB_12	340.0664
hsp_TB_13	339.6683
hsp_TB_14	338.8097
hsp_TB_15	337.2826
hsp_TB_16	337.2821
hsp_TB_17	338.8098
hsp_TB_18	339.6689
hsp_TB_19	340.0678
hsp_TB_20	340.0681
hsp_TB_21	339.6698
hsp_TB_22	338.8113
hsp_TB_23	337.2837
hsp_TB_24	336.7796
hsp_TB_25	338.1305
hsp_TB_26	338.8805
hsp_TB_27	339.2275
hsp_TB_28	339.2277
hsp_TB_29	338.8812
hsp_TB_30	338.1312
hsp_TB_31	336.7809
hsink_TB_0	334.4780
hsink_TB_1	335.6239
hsink_TB_2	336.3194
hsink_TB_3	336.6470
hsink_TB_4	336.6472
hsink_TB_5	336.3198
hsink_TB_6	335.6246
hsink_TB_7	334.4788
hsink_TB_8	334.8600
hsink_TB_9	336.1695
hsink_TB_10	336.9711
hsink_TB_11	337.3500
hsink_TB_12	337.3501
hsink_TB_13	336.9717
hsink_TB_14	336.1702
hsink_TB_15	334.8610
hsink_TB_16	334.8604
hsink_TB_17	336.1699
hsink_TB_18	336.9716
hsink_TB_19	337.3504
hsink_TB_20	337.3506
hsink_TB_21	336.9721
hsink_TB_22	336.1707
hsink_TB_23	334.8613
hsink_TB_24	334.4788
hsink_TB_25	335.6250
hsink_TB_26	336.3205
hsink_TB_27	336.6481
hsink_TB_28	336.6483
hsink_TB_29	336.3209
hsink_TB_30	335.6256
hsink_TB_31	334.4796
inode_0	331.1775
inode_1	331.1783
inode_2	332.0564
inode_3	332.0554
inode_4	331.1191
inode_5	331.1198
inode_6	332.0087
inode_7	332.0077
inode_8	329.2993
inode_9	329.2999
inode_10	329.8119
inode_11	329.8111
inode_12	374.4665
inode_13	374.4753
inode_14	374.0406
inode_15	374.0321
inode_16	374.4346
inode_17	374.4433
inode_18	374.0311
inode_19	374.0226
inode_20	368.4731
inode_21	368.4790
inode_22	372.3577
inode_23	372.3503
inode_24	351.7224
inode_25	351.7263
inode_26	352.1666
inode_27	352.1619
