pcb_C_0	328.9175
pcb_C_1	329.6908
pcb_C_2	330.0409
pcb_C_3	330.1851
pcb_C_4	330.1847
pcb_C_5	330.0446
pcb_C_6	329.6988
pcb_C_7	328.9270
pcb_C_8	328.6193
pcb_C_9	329.3092
pcb_C_10	329.6729
pcb_C_11	329.8362
pcb_C_12	329.8367
pcb_C_13	329.6766
pcb_C_14	329.3165
pcb_C_15	328.6280
pcb_C_16	328.0981
pcb_C_17	328.4089
pcb_C_18	328.6434
pcb_C_19	328.7684
pcb_C_20	328.7692
pcb_C_21	328.6464
pcb_C_22	328.4141
pcb_C_23	328.1051
pcb_C_24	327.7113
pcb_C_25	327.7226
pcb_C_26	327.8238
pcb_C_27	327.8954
pcb_C_28	327.8959
pcb_C_29	327.8258
pcb_C_30	327.7260
pcb_C_31	327.7168
solder_C_0	329.3009
solder_C_1	330.0128
solder_C_2	330.3699
solder_C_3	330.5210
solder_C_4	330.5182
solder_C_5	330.3744
solder_C_6	330.0244
solder_C_7	329.3149
solder_C_8	329.0205
solder_C_9	329.6529
solder_C_10	330.0242
solder_C_11	330.1951
solder_C_12	330.1952
solder_C_13	330.0282
solder_C_14	329.6610
solder_C_15	329.0304
solder_C_16	328.1297
solder_C_17	328.3454
solder_C_18	328.5913
solder_C_19	328.7262
solder_C_20	328.7269
solder_C_21	328.5942
solder_C_22	328.3507
solder_C_23	328.1370
solder_C_24	327.6411
solder_C_25	327.5538
solder_C_26	327.6686
solder_C_27	327.7508
solder_C_28	327.7514
solder_C_29	327.6705
solder_C_30	327.5572
solder_C_31	327.6467
sub_C_0	329.3918
sub_C_1	330.1069
sub_C_2	330.4715
sub_C_3	330.6259
sub_C_4	330.6213
sub_C_5	330.4765
sub_C_6	330.1202
sub_C_7	329.4084
sub_C_8	329.1562
sub_C_9	329.8011
sub_C_10	330.1795
sub_C_11	330.3531
sub_C_12	330.3532
sub_C_13	330.1835
sub_C_14	329.8093
sub_C_15	329.1662
sub_C_16	328.0243
sub_C_17	328.2760
sub_C_18	328.5335
sub_C_19	328.6722
sub_C_20	328.6729
sub_C_21	328.5364
sub_C_22	328.2813
sub_C_23	328.0315
sub_C_24	327.5116
sub_C_25	327.4708
sub_C_26	327.5994
sub_C_27	327.6862
sub_C_28	327.6868
sub_C_29	327.6013
sub_C_30	327.4742
sub_C_31	327.5170
layer_3_C_0	330.1944
layer_3_C_1	331.0029
layer_3_C_2	331.4340
layer_3_C_3	331.6158
layer_3_C_4	331.5936
layer_3_C_5	331.4433
layer_3_C_6	331.0329
layer_3_C_7	330.2361
layer_3_C_8	330.4729
layer_3_C_9	331.2947
layer_3_C_10	331.7423
layer_3_C_11	331.9421
layer_3_C_12	331.9422
layer_3_C_13	331.7463
layer_3_C_14	331.3031
layer_3_C_15	330.4827
layer_3_C_16	326.9495
layer_3_C_17	327.5550
layer_3_C_18	327.9262
layer_3_C_19	328.1010
layer_3_C_20	328.1018
layer_3_C_21	327.9290
layer_3_C_22	327.5597
layer_3_C_23	326.9554
layer_3_C_24	326.2719
layer_3_C_25	326.6533
layer_3_C_26	326.9147
layer_3_C_27	327.0438
layer_3_C_28	327.0444
layer_3_C_29	326.9166
layer_3_C_30	326.6565
layer_3_C_31	326.2762
layer_4_TB_0	330.0219
layer_4_TB_1	330.8304
layer_4_TB_2	331.2605
layer_4_TB_3	331.4421
layer_4_TB_4	331.4214
layer_4_TB_5	331.2694
layer_4_TB_6	330.8591
layer_4_TB_7	330.0614
layer_4_TB_8	330.2701
layer_4_TB_9	331.0923
layer_4_TB_10	331.5399
layer_4_TB_11	331.7397
layer_4_TB_12	331.7398
layer_4_TB_13	331.5438
layer_4_TB_14	331.1007
layer_4_TB_15	330.2798
layer_4_TB_16	326.9471
layer_4_TB_17	327.5531
layer_4_TB_18	327.9244
layer_4_TB_19	328.0993
layer_4_TB_20	328.1000
layer_4_TB_21	327.9272
layer_4_TB_22	327.5578
layer_4_TB_23	326.9530
layer_4_TB_24	326.2704
layer_4_TB_25	326.6523
layer_4_TB_26	326.9138
layer_4_TB_27	327.0429
layer_4_TB_28	327.0436
layer_4_TB_29	326.9158
layer_4_TB_30	326.6555
layer_4_TB_31	326.2748
hsp_TB_0	328.2968
hsp_TB_1	329.1060
hsp_TB_2	329.5251
hsp_TB_3	329.7053
hsp_TB_4	329.6998
hsp_TB_5	329.5303
hsp_TB_6	329.1201
hsp_TB_7	328.3150
hsp_TB_8	328.2421
hsp_TB_9	329.0688
hsp_TB_10	329.5159
hsp_TB_11	329.7156
hsp_TB_12	329.7157
hsp_TB_13	329.5197
hsp_TB_14	329.0764
hsp_TB_15	328.2513
hsp_TB_16	326.9228
hsp_TB_17	327.5341
hsp_TB_18	327.9066
hsp_TB_19	328.0818
hsp_TB_20	328.0825
hsp_TB_21	327.9093
hsp_TB_22	327.5388
hsp_TB_23	326.9287
hsp_TB_24	326.2558
hsp_TB_25	326.6425
hsp_TB_26	326.9051
hsp_TB_27	327.0346
hsp_TB_28	327.0352
hsp_TB_29	326.9071
hsp_TB_30	326.6457
hsp_TB_31	326.2602
hsink_TB_0	327.5828
hsink_TB_1	328.3599
hsink_TB_2	328.7729
hsink_TB_3	328.9525
hsink_TB_4	328.9518
hsink_TB_5	328.7769
hsink_TB_6	328.3685
hsink_TB_7	327.5933
hsink_TB_8	327.4827
hsink_TB_9	328.2787
hsink_TB_10	328.7232
hsink_TB_11	328.9226
hsink_TB_12	328.9231
hsink_TB_13	328.7268
hsink_TB_14	328.2855
hsink_TB_15	327.4909
hsink_TB_16	326.8290
hsink_TB_17	327.4361
hsink_TB_18	327.8083
hsink_TB_19	327.9835
hsink_TB_20	327.9843
hsink_TB_21	327.8111
hsink_TB_22	327.4407
hsink_TB_23	326.8349
hsink_TB_24	326.2410
hsink_TB_25	326.6291
hsink_TB_26	326.8920
hsink_TB_27	327.0215
hsink_TB_28	327.0222
hsink_TB_29	326.8940
hsink_TB_30	326.6323
hsink_TB_31	326.2453
inode_0	325.6382
inode_1	325.6445
inode_2	325.0009
inode_3	326.5605
inode_4	325.6215
inode_5	325.6277
inode_6	324.9925
inode_7	326.5469
inode_8	324.9487
inode_9	324.9544
inode_10	324.2054
inode_11	325.5810
inode_12	328.4382
inode_13	328.4472
inode_14	327.3395
inode_15	329.6899
inode_16	328.4356
inode_17	328.4447
inode_18	327.3393
inode_19	329.6891
inode_20	327.7824
inode_21	327.7900
inode_22	327.2760
inode_23	329.5695
inode_24	325.5334
inode_25	325.5392
inode_26	324.6834
inode_27	326.3253
