pcb_LC_0	358.8755
pcb_LC_1	360.6134
pcb_LC_2	361.3560
pcb_LC_3	361.6447
pcb_LC_4	361.6443
pcb_LC_5	361.3556
pcb_LC_6	360.6128
pcb_LC_7	358.8748
pcb_LC_8	358.5501
pcb_LC_9	360.4005
pcb_LC_10	361.2706
pcb_LC_11	361.6241
pcb_LC_12	361.6237
pcb_LC_13	361.2700
pcb_LC_14	360.3999
pcb_LC_15	358.5494
pcb_LC_16	358.2283
pcb_LC_17	359.8150
pcb_LC_18	360.5794
pcb_LC_19	360.8976
pcb_LC_20	360.8973
pcb_LC_21	360.5789
pcb_LC_22	359.8145
pcb_LC_23	358.2276
pcb_LC_24	357.9588
pcb_LC_25	359.1229
pcb_LC_26	359.6552
pcb_LC_27	359.8758
pcb_LC_28	359.8757
pcb_LC_29	359.6549
pcb_LC_30	359.1225
pcb_LC_31	357.9583
solder_LC_0	361.8418
solder_LC_1	362.7689
solder_LC_2	363.2762
solder_LC_3	363.5087
solder_LC_4	363.5074
solder_LC_5	363.2759
solder_LC_6	362.7674
solder_LC_7	361.8402
solder_LC_8	361.4718
solder_LC_9	362.3325
solder_LC_10	362.8840
solder_LC_11	363.1530
solder_LC_12	363.1516
solder_LC_13	362.8825
solder_LC_14	362.3321
solder_LC_15	361.4708
solder_LC_16	360.6789
solder_LC_17	361.1229
solder_LC_18	361.5364
solder_LC_19	361.7633
solder_LC_20	361.7626
solder_LC_21	361.5354
solder_LC_22	361.1225
solder_LC_23	360.6781
solder_LC_24	360.0183
solder_LC_25	360.0793
solder_LC_26	360.3143
solder_LC_27	360.4649
solder_LC_28	360.4647
solder_LC_29	360.3138
solder_LC_30	360.0789
solder_LC_31	360.0177
sub_LC_0	362.5611
sub_LC_1	363.4670
sub_LC_2	364.0013
sub_LC_3	364.2525
sub_LC_4	364.2497
sub_LC_5	364.0020
sub_LC_6	363.4642
sub_LC_7	362.5584
sub_LC_8	362.0040
sub_LC_9	362.8479
sub_LC_10	363.4208
sub_LC_11	363.7030
sub_LC_12	363.7004
sub_LC_13	363.4181
sub_LC_14	362.8486
sub_LC_15	362.0028
sub_LC_16	360.6924
sub_LC_17	361.1657
sub_LC_18	361.6076
sub_LC_19	361.8490
sub_LC_20	361.8481
sub_LC_21	361.6063
sub_LC_22	361.1655
sub_LC_23	360.6917
sub_LC_24	359.8375
sub_LC_25	359.9693
sub_LC_26	360.2444
sub_LC_27	360.4144
sub_LC_28	360.4141
sub_LC_29	360.2439
sub_LC_30	359.9690
sub_LC_31	359.8370
layer_3_LC_0	369.2461
layer_3_LC_1	370.1987
layer_3_LC_2	370.9840
layer_3_LC_3	371.4058
layer_3_LC_4	371.3874
layer_3_LC_5	370.9985
layer_3_LC_6	370.1815
layer_3_LC_7	369.2328
layer_3_LC_8	367.0013
layer_3_LC_9	367.9636
layer_3_LC_10	368.7942
layer_3_LC_11	369.2177
layer_3_LC_12	369.2022
layer_3_LC_13	368.7776
layer_3_LC_14	367.9787
layer_3_LC_15	366.9992
layer_3_LC_16	360.4090
layer_3_LC_17	361.3013
layer_3_LC_18	362.0649
layer_3_LC_19	362.4591
layer_3_LC_20	362.4563
layer_3_LC_21	362.0612
layer_3_LC_22	361.3032
layer_3_LC_23	360.4088
layer_3_LC_24	357.8211
layer_3_LC_25	358.6101
layer_3_LC_26	359.2924
layer_3_LC_27	359.6477
layer_3_LC_28	359.6472
layer_3_LC_29	359.2916
layer_3_LC_30	358.6100
layer_3_LC_31	357.8209
layer_4_TB_0	369.1367
layer_4_TB_1	370.0883
layer_4_TB_2	370.8723
layer_4_TB_3	371.2936
layer_4_TB_4	371.2751
layer_4_TB_5	370.8870
layer_4_TB_6	370.0711
layer_4_TB_7	369.1234
layer_4_TB_8	366.8985
layer_4_TB_9	367.8602
layer_4_TB_10	368.6898
layer_4_TB_11	369.1127
layer_4_TB_12	369.0972
layer_4_TB_13	368.6731
layer_4_TB_14	367.8753
layer_4_TB_15	366.8964
layer_4_TB_16	360.3001
layer_4_TB_17	361.1924
layer_4_TB_18	361.9554
layer_4_TB_19	362.3492
layer_4_TB_20	362.3464
layer_4_TB_21	361.9517
layer_4_TB_22	361.1943
layer_4_TB_23	360.2998
layer_4_TB_24	357.7174
layer_4_TB_25	358.5067
layer_4_TB_26	359.1886
layer_4_TB_27	359.5436
layer_4_TB_28	359.5431
layer_4_TB_29	359.1878
layer_4_TB_30	358.5066
layer_4_TB_31	357.7172
layer_5_B_0	368.0425
layer_5_B_1	368.9851
layer_5_B_2	369.7564
layer_5_B_3	370.1711
layer_5_B_4	370.1522
layer_5_B_5	369.7719
layer_5_B_6	368.9674
layer_5_B_7	368.0293
layer_5_B_8	365.8712
layer_5_B_9	366.8266
layer_5_B_10	367.6468
layer_5_B_11	368.0634
layer_5_B_12	368.0476
layer_5_B_13	367.6292
layer_5_B_14	366.8427
layer_5_B_15	365.8691
layer_5_B_16	359.2096
layer_5_B_17	360.1027
layer_5_B_18	360.8597
layer_5_B_19	361.2494
layer_5_B_20	361.2468
layer_5_B_21	360.8562
layer_5_B_22	360.1044
layer_5_B_23	359.2094
layer_5_B_24	356.6798
layer_5_B_25	357.4724
layer_5_B_26	358.1504
layer_5_B_27	358.5023
layer_5_B_28	358.5019
layer_5_B_29	358.1497
layer_5_B_30	357.4723
layer_5_B_31	356.6796
layer_6_TB_0	367.8165
layer_6_TB_1	368.7587
layer_6_TB_2	369.5292
layer_6_TB_3	369.9425
layer_6_TB_4	369.9242
layer_6_TB_5	369.5441
layer_6_TB_6	368.7415
layer_6_TB_7	367.8035
layer_6_TB_8	365.6579
layer_6_TB_9	366.6137
layer_6_TB_10	367.4322
layer_6_TB_11	367.8479
layer_6_TB_12	367.8326
layer_6_TB_13	367.4152
layer_6_TB_14	366.6292
layer_6_TB_15	365.6558
layer_6_TB_16	359.0538
layer_6_TB_17	359.9474
layer_6_TB_18	360.7037
layer_6_TB_19	361.0928
layer_6_TB_20	361.0903
layer_6_TB_21	360.7002
layer_6_TB_22	359.9491
layer_6_TB_23	359.0536
layer_6_TB_24	356.5343
layer_6_TB_25	357.3275
layer_6_TB_26	358.0049
layer_6_TB_27	358.3563
layer_6_TB_28	358.3559
layer_6_TB_29	358.0042
layer_6_TB_30	357.3274
layer_6_TB_31	356.5341
layer_7_B_32	365.5568
layer_7_B_33	366.4950
layer_7_B_34	367.2567
layer_7_B_35	367.6570
layer_7_B_36	367.6446
layer_7_B_37	367.2667
layer_7_B_38	366.4833
layer_7_B_39	365.5455
layer_7_B_40	363.5255
layer_7_B_41	364.4858
layer_7_B_42	365.2878
layer_7_B_43	365.6939
layer_7_B_44	365.6832
layer_7_B_45	365.2758
layer_7_B_46	364.4949
layer_7_B_47	363.5234
layer_7_B_48	357.4946
layer_7_B_49	358.3941
layer_7_B_50	359.1430
layer_7_B_51	359.5264
layer_7_B_52	359.5241
layer_7_B_53	359.1398
layer_7_B_54	358.3954
layer_7_B_55	357.4943
layer_7_B_56	355.0785
layer_7_B_57	355.8781
layer_7_B_58	356.5496
layer_7_B_59	356.8962
layer_7_B_60	356.8958
layer_7_B_61	356.5489
layer_7_B_62	355.8781
layer_7_B_63	355.0783
layer_8_TB_0	365.2885
layer_8_TB_1	366.2267
layer_8_TB_2	366.9873
layer_8_TB_3	367.3861
layer_8_TB_4	367.3743
layer_8_TB_5	366.9969
layer_8_TB_6	366.2155
layer_8_TB_7	365.2773
layer_8_TB_8	363.2746
layer_8_TB_9	364.2359
layer_8_TB_10	365.0362
layer_8_TB_11	365.4412
layer_8_TB_12	365.4309
layer_8_TB_13	365.0247
layer_8_TB_14	364.2444
layer_8_TB_15	363.2725
layer_8_TB_16	357.2935
layer_8_TB_17	358.1941
layer_8_TB_18	358.9421
layer_8_TB_19	359.3248
layer_8_TB_20	359.3226
layer_8_TB_21	358.9390
layer_8_TB_22	358.1954
layer_8_TB_23	357.2932
layer_8_TB_24	354.8920
layer_8_TB_25	355.6926
layer_8_TB_26	356.3633
layer_8_TB_27	356.7092
layer_8_TB_28	356.7088
layer_8_TB_29	356.3626
layer_8_TB_30	355.6925
layer_8_TB_31	354.8918
layer_9_B_64	362.6051
layer_9_B_65	363.5442
layer_9_B_66	364.2935
layer_9_B_67	364.6777
layer_9_B_68	364.6714
layer_9_B_69	364.2988
layer_9_B_70	363.5381
layer_9_B_71	362.5956
layer_9_B_72	360.7663
layer_9_B_73	361.7381
layer_9_B_74	362.5211
layer_9_B_75	362.9152
layer_9_B_76	362.9092
layer_9_B_77	362.5141
layer_9_B_78	361.7408
layer_9_B_79	360.7642
layer_9_B_80	355.2816
layer_9_B_81	356.1935
layer_9_B_82	356.9326
layer_9_B_83	357.3082
layer_9_B_84	357.3063
layer_9_B_85	356.9300
layer_9_B_86	356.1943
layer_9_B_87	355.2813
layer_9_B_88	353.0262
layer_9_B_89	353.8368
layer_9_B_90	354.4993
layer_9_B_91	354.8386
layer_9_B_92	354.8382
layer_9_B_93	354.4987
layer_9_B_94	353.8367
layer_9_B_95	353.0261
layer_10_TB_0	362.2956
layer_10_TB_1	363.2353
layer_10_TB_2	363.9833
layer_10_TB_3	364.3658
layer_10_TB_4	364.3600
layer_10_TB_5	363.9881
layer_10_TB_6	363.2297
layer_10_TB_7	362.2863
layer_10_TB_8	360.4786
layer_10_TB_9	361.4520
layer_10_TB_10	362.2332
layer_10_TB_11	362.6260
layer_10_TB_12	362.6205
layer_10_TB_13	362.2266
layer_10_TB_14	361.4542
layer_10_TB_15	360.4765
layer_10_TB_16	355.0368
layer_10_TB_17	355.9504
layer_10_TB_18	356.6884
layer_10_TB_19	357.0631
layer_10_TB_20	357.0613
layer_10_TB_21	356.6859
layer_10_TB_22	355.9511
layer_10_TB_23	355.0365
layer_10_TB_24	352.7998
layer_10_TB_25	353.6116
layer_10_TB_26	354.2732
layer_10_TB_27	354.6116
layer_10_TB_28	354.6112
layer_10_TB_29	354.2726
layer_10_TB_30	353.6115
layer_10_TB_31	352.7996
layer_11_B_96	359.2010
layer_11_B_97	360.1466
layer_11_B_98	360.8808
layer_11_B_99	361.2469
layer_11_B_100	361.2465
layer_11_B_101	360.8816
layer_11_B_102	360.1459
layer_11_B_103	359.1933
layer_11_B_104	357.6021
layer_11_B_105	358.5924
layer_11_B_106	359.3553
layer_11_B_107	359.7356
layer_11_B_108	359.7344
layer_11_B_109	359.3529
layer_11_B_110	358.5892
layer_11_B_111	357.6000
layer_11_B_112	352.5878
layer_11_B_113	353.5183
layer_11_B_114	354.2461
layer_11_B_115	354.6122
layer_11_B_116	354.6109
layer_11_B_117	354.2440
layer_11_B_118	353.5187
layer_11_B_119	352.5875
layer_11_B_120	350.5346
layer_11_B_121	351.3601
layer_11_B_122	352.0113
layer_11_B_123	352.3414
layer_11_B_124	352.3410
layer_11_B_125	352.0108
layer_11_B_126	351.3600
layer_11_B_127	350.5344
layer_12_TB_0	358.8518
layer_12_TB_1	359.7985
layer_12_TB_2	360.5311
layer_12_TB_3	360.8954
layer_12_TB_4	360.8955
layer_12_TB_5	360.5315
layer_12_TB_6	359.7983
layer_12_TB_7	358.8442
layer_12_TB_8	357.2787
layer_12_TB_9	358.2715
layer_12_TB_10	359.0323
layer_12_TB_11	359.4113
layer_12_TB_12	359.4104
layer_12_TB_13	359.0303
layer_12_TB_14	358.2677
layer_12_TB_15	357.2767
layer_12_TB_16	352.3008
layer_12_TB_17	353.2336
layer_12_TB_18	353.9602
layer_12_TB_19	354.3254
layer_12_TB_20	354.3240
layer_12_TB_21	353.9582
layer_12_TB_22	353.2339
layer_12_TB_23	352.3005
layer_12_TB_24	350.2694
layer_12_TB_25	351.0967
layer_12_TB_26	351.7467
layer_12_TB_27	352.0757
layer_12_TB_28	352.0754
layer_12_TB_29	351.7461
layer_12_TB_30	351.0966
layer_12_TB_31	350.2693
layer_13_B_128	355.3599
layer_13_B_129	356.3176
layer_13_B_130	357.0341
layer_13_B_131	357.3801
layer_13_B_132	357.3856
layer_13_B_133	357.0306
layer_13_B_134	356.3225
layer_13_B_135	355.3537
layer_13_B_136	354.0457
layer_13_B_137	355.0626
layer_13_B_138	355.8035
layer_13_B_139	356.1685
layer_13_B_140	356.1718
layer_13_B_141	355.8057
layer_13_B_142	355.0532
layer_13_B_143	354.0438
layer_13_B_144	349.4299
layer_13_B_145	350.3859
layer_13_B_146	351.1006
layer_13_B_147	351.4558
layer_13_B_148	351.4549
layer_13_B_149	351.0991
layer_13_B_150	350.3858
layer_13_B_151	349.4297
layer_13_B_152	347.6175
layer_13_B_153	348.4624
layer_13_B_154	349.0997
layer_13_B_155	349.4186
layer_13_B_156	349.4183
layer_13_B_157	349.0992
layer_13_B_158	348.4623
layer_13_B_159	347.6173
layer_14_TB_0	354.8997
layer_14_TB_1	355.8593
layer_14_TB_2	356.5732
layer_14_TB_3	356.9177
layer_14_TB_4	356.9230
layer_14_TB_5	356.5698
layer_14_TB_6	355.8640
layer_14_TB_7	354.8937
layer_14_TB_8	353.6160
layer_14_TB_9	354.6354
layer_14_TB_10	355.3747
layer_14_TB_11	355.7385
layer_14_TB_12	355.7418
layer_14_TB_13	355.3768
layer_14_TB_14	354.6262
layer_14_TB_15	353.6141
layer_14_TB_16	349.1022
layer_14_TB_17	350.0611
layer_14_TB_18	350.7745
layer_14_TB_19	351.1286
layer_14_TB_20	351.1277
layer_14_TB_21	350.7730
layer_14_TB_22	350.0610
layer_14_TB_23	349.1019
layer_14_TB_24	347.3151
layer_14_TB_25	348.1622
layer_14_TB_26	348.7980
layer_14_TB_27	349.1157
layer_14_TB_28	349.1154
layer_14_TB_29	348.7975
layer_14_TB_30	348.1621
layer_14_TB_31	347.3150
layer_15_B_160	350.2981
layer_15_B_161	351.2759
layer_15_B_162	351.9645
layer_15_B_163	352.2939
layer_15_B_164	352.2979
layer_15_B_165	351.9621
layer_15_B_166	351.2791
layer_15_B_167	350.2935
layer_15_B_168	349.3194
layer_15_B_169	350.3640
layer_15_B_170	351.0882
layer_15_B_171	351.4399
layer_15_B_172	351.4424
layer_15_B_173	351.0896
layer_15_B_174	350.3573
layer_15_B_175	349.3178
layer_15_B_176	345.8243
layer_15_B_177	346.8128
layer_15_B_178	347.5129
layer_15_B_179	347.8557
layer_15_B_180	347.8551
layer_15_B_181	347.5118
layer_15_B_182	346.8126
layer_15_B_183	345.8240
layer_15_B_184	344.2910
layer_15_B_185	345.1602
layer_15_B_186	345.7808
layer_15_B_187	346.0865
layer_15_B_188	346.0863
layer_15_B_189	345.7804
layer_15_B_190	345.1601
layer_15_B_191	344.2909
layer_16_TB_0	349.8017
layer_16_TB_1	350.7819
layer_16_TB_2	351.4677
layer_16_TB_3	351.7954
layer_16_TB_4	351.7992
layer_16_TB_5	351.4654
layer_16_TB_6	350.7850
layer_16_TB_7	349.7972
layer_16_TB_8	348.8565
layer_16_TB_9	349.9045
layer_16_TB_10	350.6269
layer_16_TB_11	350.9772
layer_16_TB_12	350.9796
layer_16_TB_13	350.6282
layer_16_TB_14	349.8980
layer_16_TB_15	348.8549
layer_16_TB_16	345.4586
layer_16_TB_17	346.4509
layer_16_TB_18	347.1494
layer_16_TB_19	347.4910
layer_16_TB_20	347.4903
layer_16_TB_21	347.1483
layer_16_TB_22	346.4506
layer_16_TB_23	345.4583
layer_16_TB_24	343.9531
layer_16_TB_25	344.8249
layer_16_TB_26	345.4437
layer_16_TB_27	345.7481
layer_16_TB_28	345.7479
layer_16_TB_29	345.4433
layer_16_TB_30	344.8248
layer_16_TB_31	343.9529
layer_17_B_192	344.8379
layer_17_B_193	345.8422
layer_17_B_194	346.5000
layer_17_B_195	346.8106
layer_17_B_196	346.8132
layer_17_B_197	346.4985
layer_17_B_198	345.8442
layer_17_B_199	344.8347
layer_17_B_200	344.2275
layer_17_B_201	345.3094
layer_17_B_202	346.0143
layer_17_B_203	346.3511
layer_17_B_204	346.3528
layer_17_B_205	346.0151
layer_17_B_206	345.3050
layer_17_B_207	344.2263
layer_17_B_208	341.8014
layer_17_B_209	342.8308
layer_17_B_210	343.5140
layer_17_B_211	343.8431
layer_17_B_212	343.8427
layer_17_B_213	343.5133
layer_17_B_214	342.8305
layer_17_B_215	341.8011
layer_17_B_216	340.5731
layer_17_B_217	341.4720
layer_17_B_218	342.0726
layer_17_B_219	342.3634
layer_17_B_220	342.3632
layer_17_B_221	342.0723
layer_17_B_222	341.4718
layer_17_B_223	340.5730
layer_18_TB_0	344.3073
layer_18_TB_1	345.3147
layer_18_TB_2	345.9694
layer_18_TB_3	346.2781
layer_18_TB_4	346.2806
layer_18_TB_5	345.9679
layer_18_TB_6	345.3166
layer_18_TB_7	344.3042
layer_18_TB_8	343.7325
layer_18_TB_9	344.8187
layer_18_TB_10	345.5216
layer_18_TB_11	345.8569
layer_18_TB_12	345.8585
layer_18_TB_13	345.5224
layer_18_TB_14	344.8144
layer_18_TB_15	343.7313
layer_18_TB_16	341.4005
layer_18_TB_17	342.4344
layer_18_TB_18	343.1159
layer_18_TB_19	343.4436
layer_18_TB_20	343.4432
layer_18_TB_21	343.1152
layer_18_TB_22	342.4341
layer_18_TB_23	341.4003
layer_18_TB_24	340.2013
layer_18_TB_25	341.1034
layer_18_TB_26	341.7020
layer_18_TB_27	341.9912
layer_18_TB_28	341.9910
layer_18_TB_29	341.7017
layer_18_TB_30	341.1033
layer_18_TB_31	340.2012
layer_19_B_224	339.0016
layer_19_B_225	340.0400
layer_19_B_226	340.6635
layer_19_B_227	340.9530
layer_19_B_228	340.9544
layer_19_B_229	340.6626
layer_19_B_230	340.0409
layer_19_B_231	338.9998
layer_19_B_232	338.7824
layer_19_B_233	339.9118
layer_19_B_234	340.5948
layer_19_B_235	340.9151
layer_19_B_236	340.9160
layer_19_B_237	340.5951
layer_19_B_238	339.9094
layer_19_B_239	338.7816
layer_19_B_240	337.3915
layer_19_B_241	338.4709
layer_19_B_242	339.1349
layer_19_B_243	339.4487
layer_19_B_244	339.4485
layer_19_B_245	339.1345
layer_19_B_246	338.4706
layer_19_B_247	337.3912
layer_19_B_248	336.4833
layer_19_B_249	337.4179
layer_19_B_250	337.9952
layer_19_B_251	338.2690
layer_19_B_252	338.2689
layer_19_B_253	337.9950
layer_19_B_254	337.4178
layer_19_B_255	336.4831
layer_20_TB_0	338.4390
layer_20_TB_1	339.4812
layer_20_TB_2	340.1012
layer_20_TB_3	340.3886
layer_20_TB_4	340.3899
layer_20_TB_5	340.1004
layer_20_TB_6	339.4820
layer_20_TB_7	338.4373
layer_20_TB_8	338.2565
layer_20_TB_9	339.3913
layer_20_TB_10	340.0720
layer_20_TB_11	340.3907
layer_20_TB_12	340.3915
layer_20_TB_13	340.0723
layer_20_TB_14	339.3891
layer_20_TB_15	338.2558
layer_20_TB_16	336.9581
layer_20_TB_17	338.0431
layer_20_TB_18	338.7051
layer_20_TB_19	339.0174
layer_20_TB_20	339.0172
layer_20_TB_21	338.7047
layer_20_TB_22	338.0428
layer_20_TB_23	336.9579
layer_20_TB_24	336.0795
layer_20_TB_25	337.0180
layer_20_TB_26	337.5929
layer_20_TB_27	337.8650
layer_20_TB_28	337.8649
layer_20_TB_29	337.5927
layer_20_TB_30	337.0179
layer_20_TB_31	336.0794
hsp_TB_0	332.8124
hsp_TB_1	333.8932
hsp_TB_2	334.4781
hsp_TB_3	334.7446
hsp_TB_4	334.7448
hsp_TB_5	334.4780
hsp_TB_6	333.8931
hsp_TB_7	332.8119
hsp_TB_8	332.9980
hsp_TB_9	334.1865
hsp_TB_10	334.8444
hsp_TB_11	335.1467
hsp_TB_12	335.1468
hsp_TB_13	334.8443
hsp_TB_14	334.1860
hsp_TB_15	332.9977
hsp_TB_16	332.6247
hsp_TB_17	333.7646
hsp_TB_18	334.4065
hsp_TB_19	334.7037
hsp_TB_20	334.7036
hsp_TB_21	334.4064
hsp_TB_22	333.7644
hsp_TB_23	332.6245
hsp_TB_24	332.0423
hsp_TB_25	333.0195
hsp_TB_26	333.5695
hsp_TB_27	333.8245
hsp_TB_28	333.8244
hsp_TB_29	333.5694
hsp_TB_30	333.0194
hsp_TB_31	332.0422
hsink_TB_0	330.7904
hsink_TB_1	331.6964
hsink_TB_2	332.2391
hsink_TB_3	332.4927
hsink_TB_4	332.4927
hsink_TB_5	332.2390
hsink_TB_6	331.6963
hsink_TB_7	330.7902
hsink_TB_8	331.0074
hsink_TB_9	332.0219
hsink_TB_10	332.6387
hsink_TB_11	332.9287
hsink_TB_12	332.9287
hsink_TB_13	332.6386
hsink_TB_14	332.0217
hsink_TB_15	331.0073
hsink_TB_16	330.8958
hsink_TB_17	331.8829
hsink_TB_18	332.4881
hsink_TB_19	332.7740
hsink_TB_20	332.7739
hsink_TB_21	332.4880
hsink_TB_22	331.8828
hsink_TB_23	330.8956
hsink_TB_24	330.5277
hsink_TB_25	331.3734
hsink_TB_26	331.8908
hsink_TB_27	332.1353
hsink_TB_28	332.1353
hsink_TB_29	331.8908
hsink_TB_30	331.3733
hsink_TB_31	330.5276
inode_0	328.1309
inode_1	328.1307
inode_2	328.6351
inode_3	328.9658
inode_4	328.0860
inode_5	328.0859
inode_6	328.6009
inode_7	328.9270
inode_8	326.6918
inode_9	326.6917
inode_10	326.9443
inode_11	327.2187
inode_12	360.6937
inode_13	360.6927
inode_14	359.0575
inode_15	361.6139
inode_16	360.6690
inode_17	360.6680
inode_18	359.0531
inode_19	361.6038
inode_20	356.1537
inode_21	356.1530
inode_22	357.9562
inode_23	360.1744
inode_24	343.5037
inode_25	343.5033
inode_26	343.1293
inode_27	344.5213
