pcb_C_0	327.4596
pcb_C_1	328.1469
pcb_C_2	328.4412
pcb_C_3	328.5387
pcb_C_4	328.4882
pcb_C_5	328.3368
pcb_C_6	328.0247
pcb_C_7	327.3485
pcb_C_8	327.1487
pcb_C_9	327.7357
pcb_C_10	328.0343
pcb_C_11	328.1490
pcb_C_12	328.1121
pcb_C_13	327.9478
pcb_C_14	327.6272
pcb_C_15	327.0443
pcb_C_16	326.6841
pcb_C_17	326.9289
pcb_C_18	327.1135
pcb_C_19	327.2018
pcb_C_20	327.1811
pcb_C_21	327.0594
pcb_C_22	326.8540
pcb_C_23	326.5981
pcb_C_24	326.3451
pcb_C_25	326.3321
pcb_C_26	326.4052
pcb_C_27	326.4545
pcb_C_28	326.4433
pcb_C_29	326.3743
pcb_C_30	326.2850
pcb_C_31	326.2790
solder_C_0	327.8396
solder_C_1	328.4801
solder_C_2	328.7785
solder_C_3	328.8761
solder_C_4	328.7899
solder_C_5	328.6262
solder_C_6	328.3097
solder_C_7	327.6863
solder_C_8	327.4720
solder_C_9	328.0062
solder_C_10	328.3112
solder_C_11	328.4308
solder_C_12	328.3867
solder_C_13	328.2131
solder_C_14	327.8849
solder_C_15	327.3587
solder_C_16	326.7040
solder_C_17	326.8659
solder_C_18	327.0605
solder_C_19	327.1573
solder_C_20	327.1362
solder_C_21	327.0055
solder_C_22	326.7900
solder_C_23	326.6163
solder_C_24	326.2842
solder_C_25	326.1869
solder_C_26	326.2720
solder_C_27	326.3305
solder_C_28	326.3192
solder_C_29	326.2408
solder_C_30	326.1396
solder_C_31	326.2167
sub_C_0	327.9509
sub_C_1	328.5923
sub_C_2	328.8960
sub_C_3	328.9955
sub_C_4	328.8883
sub_C_5	328.7211
sub_C_6	328.3996
sub_C_7	327.7749
sub_C_8	327.5675
sub_C_9	328.1129
sub_C_10	328.4244
sub_C_11	328.5464
sub_C_12	328.5026
sub_C_13	328.3261
sub_C_14	327.9907
sub_C_15	327.4561
sub_C_16	326.6122
sub_C_17	326.8061
sub_C_18	327.0109
sub_C_19	327.1111
sub_C_20	327.0901
sub_C_21	326.9563
sub_C_22	326.7308
sub_C_23	326.5257
sub_C_24	326.1724
sub_C_25	326.1161
sub_C_26	326.2133
sub_C_27	326.2756
sub_C_28	326.2643
sub_C_29	326.1819
sub_C_30	326.0689
sub_C_31	326.1061
layer_3_C_0	328.9688
layer_3_C_1	329.6759
layer_3_C_2	330.0256
layer_3_C_3	330.1434
layer_3_C_4	329.8243
layer_3_C_5	329.6284
layer_3_C_6	329.2664
layer_3_C_7	328.5727
layer_3_C_8	328.4786
layer_3_C_9	329.1801
layer_3_C_10	329.5552
layer_3_C_11	329.7014
layer_3_C_12	329.6635
layer_3_C_13	329.4599
layer_3_C_14	329.0519
layer_3_C_15	328.3930
layer_3_C_16	325.6823
layer_3_C_17	326.1888
layer_3_C_18	326.4940
layer_3_C_19	326.6267
layer_3_C_20	326.6074
layer_3_C_21	326.4433
layer_3_C_22	326.1196
layer_3_C_23	325.6081
layer_3_C_24	325.1047
layer_3_C_25	325.4188
layer_3_C_26	325.6317
layer_3_C_27	325.7305
layer_3_C_28	325.7190
layer_3_C_29	325.6001
layer_3_C_30	325.3729
layer_3_C_31	325.0488
layer_4_TB_0	328.7929
layer_4_TB_1	329.5001
layer_4_TB_2	329.8496
layer_4_TB_3	329.9677
layer_4_TB_4	329.6670
layer_4_TB_5	329.4718
layer_4_TB_6	329.1094
layer_4_TB_7	328.4155
layer_4_TB_8	328.3230
layer_4_TB_9	329.0248
layer_4_TB_10	329.3995
layer_4_TB_11	329.5458
layer_4_TB_12	329.5077
layer_4_TB_13	329.3047
layer_4_TB_14	328.8979
layer_4_TB_15	328.2359
layer_4_TB_16	325.6803
layer_4_TB_17	326.1873
layer_4_TB_18	326.4926
layer_4_TB_19	326.6253
layer_4_TB_20	326.6060
layer_4_TB_21	326.4419
layer_4_TB_22	326.1181
layer_4_TB_23	325.6062
layer_4_TB_24	325.1034
layer_4_TB_25	325.4179
layer_4_TB_26	325.6310
layer_4_TB_27	325.7298
layer_4_TB_28	325.7183
layer_4_TB_29	325.5993
layer_4_TB_30	325.3720
layer_4_TB_31	325.0476
hsp_TB_0	327.0339
hsp_TB_1	327.7421
hsp_TB_2	328.0893
hsp_TB_3	328.2111
hsp_TB_4	328.0942
hsp_TB_5	327.9058
hsp_TB_6	327.5401
hsp_TB_7	326.8432
hsp_TB_8	326.7676
hsp_TB_9	327.4715
hsp_TB_10	327.8430
hsp_TB_11	327.9897
hsp_TB_12	327.9495
hsp_TB_13	327.7528
hsp_TB_14	327.3578
hsp_TB_15	326.6656
hsp_TB_16	325.6605
hsp_TB_17	326.1721
hsp_TB_18	326.4784
hsp_TB_19	326.6114
hsp_TB_20	326.5921
hsp_TB_21	326.4278
hsp_TB_22	326.1030
hsp_TB_23	325.5864
hsp_TB_24	325.0909
hsp_TB_25	325.4096
hsp_TB_26	325.6236
hsp_TB_27	325.7227
hsp_TB_28	325.7112
hsp_TB_29	325.5920
hsp_TB_30	325.3637
hsp_TB_31	325.0352
hsink_TB_0	326.3268
hsink_TB_1	327.0040
hsink_TB_2	327.3484
hsink_TB_3	327.4748
hsink_TB_4	327.4203
hsink_TB_5	327.2383
hsink_TB_6	326.8740
hsink_TB_7	326.2038
hsink_TB_8	326.1676
hsink_TB_9	326.8463
hsink_TB_10	327.2151
hsink_TB_11	327.3624
hsink_TB_12	327.3280
hsink_TB_13	327.1344
hsink_TB_14	326.7444
hsink_TB_15	326.0684
hsink_TB_16	325.5870
hsink_TB_17	326.0954
hsink_TB_18	326.4015
hsink_TB_19	326.5345
hsink_TB_20	326.5154
hsink_TB_21	326.3513
hsink_TB_22	326.0270
hsink_TB_23	325.5127
hsink_TB_24	325.0784
hsink_TB_25	325.3984
hsink_TB_26	325.6127
hsink_TB_27	325.7119
hsink_TB_28	325.7004
hsink_TB_29	325.5811
hsink_TB_30	325.3526
hsink_TB_31	325.0228
inode_0	324.5906
inode_1	324.5148
inode_2	323.9872
inode_3	325.4045
inode_4	324.5761
inode_5	324.5007
inode_6	323.9801
inode_7	325.3925
inode_8	323.9975
inode_9	323.9289
inode_10	323.3095
inode_11	324.5593
inode_12	327.0017
inode_13	326.8977
inode_14	325.9811
inode_15	328.1226
inode_16	326.9994
inode_17	326.8956
inode_18	325.9809
inode_19	328.1219
inode_20	326.4341
inode_21	326.3444
inode_22	325.9270
inode_23	328.0156
inode_24	324.4999
inode_25	324.4311
inode_26	323.7176
inode_27	325.2129
