C_0	C_1	C_2	C_3	C_4	C_5	C_6	C_7	C_8	C_9	C_10	C_11	C_12	C_13	C_14	C_15	C_16	C_17	C_18	C_19	C_20	C_21	C_22	C_23	C_24	C_25	C_26	C_27	C_28	C_29	C_30	C_31	
68.65	69.54	69.54	68.69	69.48	70.82	70.82	69.46	69.44	70.79	70.79	69.46	68.73	69.61	69.61	68.68	66.38	67.26	67.24	66.42	67.16	68.43	68.39	67.09	67.13	68.43	68.39	67.09	66.36	67.17	67.15	66.29
68.67	69.57	69.57	68.76	69.46	70.72	70.72	69.40	69.37	70.67	70.67	69.43	68.84	69.70	69.69	68.74	66.19	67.12	67.11	66.28	66.87	68.07	68.05	66.79	66.80	68.07	68.05	66.82	66.16	66.94	66.93	66.05
68.46	69.35	69.36	68.60	69.22	70.40	70.40	69.13	69.32	70.59	70.59	69.42	68.94	69.77	69.77	68.80	66.11	67.05	67.04	66.23	66.71	67.85	67.83	66.61	66.60	67.83	67.82	66.66	66.06	66.80	66.79	65.92
68.46	69.35	69.36	68.63	69.19	70.32	70.31	69.07	69.29	70.52	70.52	69.42	69.01	69.83	69.82	68.84	66.05	67.00	67.00	66.20	66.60	67.69	67.67	66.48	66.45	67.66	67.65	66.54	65.99	66.71	66.69	65.83
68.47	69.36	69.36	68.67	69.18	70.26	70.26	69.04	69.26	70.46	70.47	69.41	69.07	69.87	69.86	68.87	66.02	66.97	66.98	66.19	66.53	67.56	67.55	66.39	66.35	67.52	67.52	66.45	65.95	66.64	66.62	65.77
68.47	69.36	69.37	68.70	69.18	70.22	70.21	69.02	69.23	70.41	70.42	69.41	69.12	69.90	69.89	68.89	66.00	66.95	66.96	66.19	66.48	67.47	67.46	66.32	66.27	67.41	67.42	66.39	65.92	66.58	66.57	65.72
68.48	69.36	69.38	68.73	69.17	70.17	70.16	68.99	69.20	70.36	70.38	69.41	69.16	69.93	69.91	68.91	65.99	66.94	66.96	66.20	66.45	67.40	67.38	66.27	66.20	67.32	67.33	66.34	65.91	66.55	66.53	65.68
68.48	69.37	69.38	68.76	69.17	70.14	70.12	68.97	69.18	70.33	70.34	69.41	69.20	69.95	69.93	68.93	65.98	66.94	66.95	66.21	66.42	67.33	67.32	66.22	66.15	67.25	67.26	66.31	65.90	66.52	66.50	65.66
68.49	69.37	69.39	68.78	69.17	70.10	70.09	68.95	69.17	70.29	70.31	69.42	69.23	69.97	69.95	68.94	65.98	66.94	66.95	66.23	66.41	67.28	67.26	66.19	66.10	67.19	67.20	66.28	65.89	66.49	66.47	65.64
68.50	69.37	69.40	68.81	69.18	70.07	70.06	68.94	69.15	70.26	70.28	69.42	69.26	69.99	69.96	68.96	65.98	66.93	66.95	66.24	66.40	67.24	67.22	66.16	66.07	67.13	67.14	66.25	65.89	66.48	66.45	65.62
68.50	69.38	69.41	68.84	69.18	70.05	70.03	68.93	69.13	70.23	70.25	69.43	69.29	70.00	69.98	68.97	65.98	66.93	66.95	66.26	66.39	67.20	67.18	66.13	66.03	67.08	67.10	66.24	65.90	66.46	66.43	65.61
68.51	69.39	69.41	68.86	69.19	70.03	70.00	68.92	69.12	70.20	70.23	69.43	69.32	70.01	69.99	68.98	65.98	66.93	66.96	66.27	66.39	67.17	67.14	66.11	66.00	67.03	67.05	66.22	65.90	66.45	66.42	65.60
68.51	69.38	69.42	68.88	69.19	70.00	69.98	68.90	69.11	70.18	70.21	69.44	69.35	70.03	70.00	68.99	65.98	66.93	66.96	66.29	66.38	67.13	67.11	66.09	65.98	66.99	67.01	66.21	65.90	66.43	66.40	65.59
68.52	69.39	69.42	68.90	69.20	69.98	69.95	68.89	69.10	70.16	70.19	69.45	69.37	70.04	70.00	69.00	65.98	66.93	66.96	66.30	66.38	67.11	67.07	66.07	65.95	66.95	66.98	66.20	65.91	66.42	66.39	65.58
68.52	69.39	69.43	68.92	69.20	69.96	69.93	68.88	69.09	70.14	70.18	69.46	69.40	70.05	70.01	69.01	65.97	66.92	66.96	66.32	66.38	67.08	67.05	66.05	65.93	66.91	66.94	66.19	65.91	66.41	66.37	65.57
68.53	69.39	69.43	68.94	69.21	69.94	69.91	68.87	69.08	70.12	70.16	69.47	69.42	70.06	70.02	69.01	65.97	66.92	66.96	66.33	66.38	67.06	67.02	66.04	65.90	66.88	66.91	66.18	65.92	66.40	66.36	65.56
68.77	69.63	69.68	69.20	69.46	70.18	70.14	69.10	69.07	70.11	70.15	69.49	69.44	70.07	70.02	69.02	65.97	66.91	66.95	66.34	66.39	67.04	66.99	66.02	65.88	66.84	66.88	66.17	65.92	66.39	66.35	65.55
68.80	69.67	69.72	69.26	69.50	70.19	70.15	69.12	69.07	70.09	70.14	69.50	69.47	70.07	70.02	69.02	65.97	66.91	66.95	66.35	66.39	67.02	66.97	66.01	65.86	66.81	66.85	66.16	65.93	66.38	66.33	65.54
68.82	69.69	69.74	69.29	69.52	70.20	70.15	69.13	69.06	70.08	70.13	69.51	69.49	70.08	70.03	69.03	65.97	66.90	66.95	66.37	66.39	67.00	66.95	65.99	65.84	66.78	66.82	66.15	65.93	66.37	66.32	65.53
68.84	69.70	69.76	69.32	69.54	70.20	70.15	69.13	69.06	70.06	70.12	69.52	69.51	70.09	70.03	69.03	65.96	66.89	66.95	66.38	66.39	66.98	66.93	65.98	65.82	66.75	66.79	66.15	65.93	66.36	66.31	65.52
68.85	69.71	69.77	69.35	69.56	70.19	70.14	69.13	69.05	70.05	70.11	69.54	69.53	70.09	70.03	69.04	65.96	66.89	66.94	66.39	66.40	66.96	66.91	65.97	65.80	66.72	66.76	66.14	65.94	66.35	66.29	65.52
68.85	69.71	69.78	69.37	69.57	70.18	70.13	69.13	69.04	70.04	70.10	69.55	69.54	70.09	70.03	69.04	65.95	66.88	66.94	66.40	66.40	66.95	66.89	65.96	65.78	66.69	66.74	66.14	65.94	66.34	66.28	65.51
68.86	69.72	69.79	69.39	69.58	70.18	70.12	69.13	69.04	70.03	70.10	69.56	69.56	70.10	70.03	69.04	65.95	66.87	66.93	66.41	66.41	66.93	66.87	65.94	65.76	66.66	66.71	66.13	65.94	66.33	66.27	65.50
68.86	69.72	69.79	69.41	69.59	70.17	70.11	69.12	69.03	70.02	70.09	69.57	69.58	70.10	70.03	69.04	65.94	66.86	66.93	66.41	66.41	66.92	66.85	65.93	65.75	66.64	66.69	66.12	65.95	66.32	66.25	65.49
68.87	69.72	69.80	69.43	69.60	70.16	70.10	69.12	69.03	70.01	70.08	69.58	69.59	70.10	70.03	69.04	65.94	66.85	66.92	66.42	66.41	66.90	66.83	65.92	65.73	66.61	66.67	66.12	65.95	66.31	66.24	65.48
68.87	69.72	69.80	69.44	69.61	70.15	70.08	69.11	69.03	70.00	70.08	69.60	69.61	70.10	70.02	69.04	65.93	66.84	66.92	66.43	66.42	66.89	66.82	65.91	65.71	66.59	66.64	66.12	65.95	66.30	66.23	65.47
68.87	69.72	69.81	69.46	69.62	70.15	70.07	69.11	69.02	69.99	70.07	69.61	69.62	70.10	70.02	69.04	65.93	66.83	66.91	66.44	66.42	66.88	66.80	65.90	65.69	66.56	66.62	66.11	65.95	66.29	66.22	65.46
68.87	69.72	69.81	69.48	69.63	70.14	70.06	69.10	69.01	69.98	70.07	69.62	69.63	70.10	70.01	69.04	65.92	66.82	66.90	66.44	66.43	66.87	66.79	65.89	65.68	66.54	66.60	66.11	65.95	66.28	66.20	65.45
68.87	69.72	69.82	69.49	69.64	70.13	70.05	69.09	69.01	69.97	70.06	69.63	69.65	70.10	70.01	69.04	65.91	66.81	66.90	66.45	66.43	66.86	66.77	65.88	65.66	66.51	66.58	66.10	65.96	66.27	66.19	65.44
68.87	69.72	69.82	69.51	69.65	70.12	70.04	69.09	69.00	69.96	70.06	69.64	69.66	70.10	70.01	69.04	65.91	66.80	66.89	66.45	66.43	66.85	66.76	65.87	65.65	66.49	66.56	66.10	65.96	66.26	66.18	65.44
68.87	69.72	69.82	69.52	69.66	70.12	70.03	69.08	69.00	69.95	70.05	69.65	69.67	70.10	70.00	69.03	65.90	66.79	66.88	66.46	66.44	66.84	66.74	65.86	65.63	66.47	66.54	66.09	65.96	66.26	66.17	65.43
68.88	69.72	69.82	69.53	69.67	70.11	70.02	69.08	68.99	69.94	70.05	69.66	69.68	70.10	69.99	69.03	65.89	66.78	66.87	66.46	66.44	66.83	66.73	65.85	65.62	66.45	66.53	66.09	65.96	66.25	66.15	65.42
68.87	69.72	69.83	69.55	69.67	70.11	70.01	69.07	68.99	69.93	70.04	69.67	69.69	70.10	69.99	69.03	65.89	66.77	66.87	66.47	66.45	66.82	66.72	65.84	65.60	66.43	66.51	66.09	65.96	66.24	66.14	65.41
68.88	69.72	69.83	69.56	69.68	70.10	70.00	69.06	68.98	69.93	70.04	69.68	69.70	70.09	69.98	69.02	65.88	66.76	66.86	66.47	66.45	66.81	66.70	65.84	65.59	66.41	66.49	66.08	65.96	66.23	66.13	65.40
68.88	69.72	69.83	69.57	69.69	70.09	69.99	69.06	68.98	69.92	70.04	69.69	69.71	70.09	69.98	69.02	65.87	66.75	66.85	66.48	66.45	66.80	66.69	65.83	65.57	66.39	66.47	66.08	65.96	66.22	66.12	65.39
68.88	69.72	69.84	69.58	69.70	70.09	69.98	69.05	68.97	69.91	70.03	69.70	69.72	70.09	69.97	69.02	65.86	66.74	66.84	66.48	66.46	66.79	66.68	65.82	65.56	66.37	66.46	66.08	65.96	66.21	66.11	65.38
68.88	69.71	69.84	69.59	69.71	70.08	69.97	69.05	68.97	69.90	70.03	69.70	69.73	70.09	69.96	69.01	65.85	66.72	66.84	66.49	66.46	66.78	66.66	65.81	65.55	66.35	66.44	66.07	65.96	66.20	66.09	65.37
68.87	69.71	69.84	69.61	69.71	70.08	69.96	69.04	68.96	69.89	70.03	69.71	69.74	70.08	69.96	69.01	65.85	66.71	66.83	66.49	66.46	66.77	66.65	65.80	65.53	66.33	66.43	66.07	65.96	66.20	66.08	65.37
68.87	69.71	69.84	69.62	69.72	70.07	69.95	69.04	68.96	69.89	70.02	69.72	69.75	70.08	69.95	69.00	65.84	66.70	66.82	66.49	66.47	66.77	66.64	65.79	65.52	66.31	66.41	66.07	65.96	66.19	66.07	65.36
68.87	69.71	69.85	69.63	69.73	70.07	69.95	69.03	68.95	69.88	70.02	69.73	69.75	70.08	69.94	69.00	65.83	66.69	66.81	66.50	66.47	66.76	66.63	65.78	65.51	66.29	66.40	66.06	65.96	66.18	66.06	65.35
68.87	69.71	69.85	69.64	69.73	70.06	69.94	69.03	68.95	69.87	70.02	69.74	69.76	70.08	69.94	68.99	65.82	66.68	66.81	66.50	66.47	66.75	66.62	65.78	65.50	66.28	66.38	66.06	65.96	66.17	66.05	65.34
68.87	69.71	69.85	69.65	69.74	70.06	69.93	69.02	68.94	69.86	70.02	69.74	69.77	70.07	69.93	68.99	65.81	66.67	66.80	66.50	66.48	66.74	66.61	65.77	65.48	66.26	66.37	66.06	65.97	66.16	66.04	65.33
68.87	69.70	69.85	69.66	69.75	70.06	69.92	69.02	68.94	69.86	70.01	69.75	69.78	70.07	69.92	68.98	65.80	66.66	66.79	66.51	66.48	66.74	66.59	65.76	65.47	66.24	66.36	66.05	65.96	66.15	66.03	65.32
68.87	69.70	69.85	69.67	69.76	70.05	69.91	69.01	68.93	69.85	70.01	69.76	69.78	70.07	69.92	68.98	65.80	66.65	66.79	66.51	66.48	66.73	66.58	65.75	65.46	66.23	66.34	66.05	65.96	66.15	66.02	65.32
68.86	69.70	69.85	69.68	69.76	70.05	69.91	69.00	68.93	69.85	70.01	69.77	69.79	70.06	69.91	68.97	65.79	66.63	66.78	66.51	66.49	66.72	66.57	65.74	65.45	66.21	66.33	66.05	65.96	66.14	66.01	65.31
68.86	69.70	69.86	69.68	69.77	70.04	69.90	69.00	68.92	69.84	70.01	69.77	69.80	70.06	69.90	68.97	65.78	66.62	66.77	66.51	66.49	66.72	66.56	65.74	65.43	66.19	66.32	66.04	65.96	66.13	66.00	65.30
68.86	69.70	69.86	69.69	69.77	70.04	69.89	68.99	68.92	69.83	70.00	69.78	69.80	70.06	69.89	68.96	65.77	66.61	66.76	66.51	66.49	66.71	66.55	65.73	65.42	66.18	66.30	66.04	65.96	66.13	65.99	65.29
68.86	69.69	69.86	69.70	69.78	70.04	69.88	68.99	68.91	69.83	70.00	69.79	69.81	70.05	69.89	68.96	65.76	66.60	66.76	66.52	66.49	66.71	66.54	65.72	65.41	66.16	66.29	66.04	65.96	66.12	65.98	65.28
68.86	69.69	69.86	69.71	69.79	70.03	69.88	68.98	68.91	69.82	70.00	69.79	69.82	70.05	69.88	68.95	65.76	66.59	66.75	66.52	66.50	66.70	66.53	65.71	65.40	66.15	66.28	66.04	65.96	66.11	65.97	65.27
68.85	69.69	69.86	69.72	69.79	70.03	69.87	68.98	68.90	69.82	70.00	69.80	69.82	70.05	69.87	68.94	65.75	66.58	66.74	66.52	66.50	66.69	66.52	65.70	65.39	66.13	66.27	66.03	65.96	66.10	65.96	65.27
68.85	69.69	69.86	69.73	69.80	70.03	69.86	68.97	68.90	69.81	69.99	69.80	69.83	70.05	69.86	68.94	65.74	66.57	66.74	66.52	66.50	66.69	66.52	65.70	65.38	66.12	66.26	66.03	65.96	66.10	65.95	65.26
68.85	69.68	69.86	69.73	69.80	70.02	69.86	68.97	68.89	69.80	69.99	69.81	69.83	70.04	69.86	68.93	65.73	66.56	66.73	66.52	66.50	66.68	66.51	65.69	65.37	66.10	66.25	66.03	65.96	66.09	65.94	65.25
68.85	69.68	69.86	69.74	69.81	70.02	69.85	68.96	68.89	69.80	69.99	69.82	69.84	70.04	69.85	68.93	65.72	66.55	66.72	66.52	66.50	66.67	66.50	65.68	65.36	66.09	66.24	66.02	65.96	66.08	65.93	65.24
68.84	69.68	69.87	69.75	69.82	70.02	69.84	68.96	68.88	69.79	69.99	69.82	69.84	70.03	69.85	68.92	65.71	66.54	66.72	66.53	66.51	66.67	66.49	65.68	65.35	66.08	66.23	66.02	65.96	66.08	65.92	65.23
68.84	69.68	69.87	69.76	69.82	70.01	69.83	68.95	68.88	69.78	69.98	69.83	69.85	70.03	69.84	68.92	65.71	66.53	66.71	66.53	66.51	66.66	66.48	65.67	65.34	66.06	66.21	66.02	65.96	66.07	65.91	65.23
68.84	69.67	69.87	69.76	69.82	70.01	69.83	68.94	68.87	69.78	69.98	69.83	69.85	70.03	69.83	68.91	65.70	66.52	66.70	66.53	66.51	66.66	66.47	65.66	65.33	66.05	66.20	66.02	65.96	66.06	65.90	65.22
68.84	69.67	69.87	69.77	69.83	70.01	69.82	68.94	68.87	69.77	69.98	69.84	69.86	70.03	69.82	68.90	65.69	66.51	66.70	66.53	66.51	66.65	66.46	65.65	65.32	66.04	66.19	66.01	65.96	66.06	65.89	65.21
68.83	69.67	69.87	69.77	69.83	70.01	69.81	68.93	68.86	69.77	69.98	69.84	69.86	70.02	69.82	68.90	65.68	66.50	66.69	66.53	66.51	66.65	66.45	65.65	65.31	66.02	66.19	66.01	65.96	66.05	65.88	65.20
