pcb_C_0	329.5276
pcb_C_1	330.3611
pcb_C_2	330.7329
pcb_C_3	330.8852
pcb_C_4	330.8852
pcb_C_5	330.7329
pcb_C_6	330.3611
pcb_C_7	329.5276
pcb_C_8	329.1658
pcb_C_9	329.8893
pcb_C_10	330.2705
pcb_C_11	330.4416
pcb_C_12	330.4416
pcb_C_13	330.2705
pcb_C_14	329.8893
pcb_C_15	329.1659
pcb_C_16	328.6085
pcb_C_17	328.9227
pcb_C_18	329.1644
pcb_C_19	329.2939
pcb_C_20	329.2939
pcb_C_21	329.1644
pcb_C_22	328.9227
pcb_C_23	328.6085
pcb_C_24	328.2029
pcb_C_25	328.2032
pcb_C_26	328.3049
pcb_C_27	328.3782
pcb_C_28	328.3782
pcb_C_29	328.3049
pcb_C_30	328.2032
pcb_C_31	328.2029
solder_C_0	329.9592
solder_C_1	330.7312
solder_C_2	331.1084
solder_C_3	331.2680
solder_C_4	331.2680
solder_C_5	331.1084
solder_C_6	330.7312
solder_C_7	329.9592
solder_C_8	329.5655
solder_C_9	330.2254
solder_C_10	330.6142
solder_C_11	330.7933
solder_C_12	330.7933
solder_C_13	330.6142
solder_C_14	330.2254
solder_C_15	329.5655
solder_C_16	328.6344
solder_C_17	328.8478
solder_C_18	329.1016
solder_C_19	329.2416
solder_C_20	329.2416
solder_C_21	329.1016
solder_C_22	328.8478
solder_C_23	328.6344
solder_C_24	328.1275
solder_C_25	328.0247
solder_C_26	328.1410
solder_C_27	328.2257
solder_C_28	328.2257
solder_C_29	328.1410
solder_C_30	328.0247
solder_C_31	328.1275
sub_C_0	330.0750
sub_C_1	330.8491
sub_C_2	331.2328
sub_C_3	331.3956
sub_C_4	331.3956
sub_C_5	331.2328
sub_C_6	330.8491
sub_C_7	330.0750
sub_C_8	329.6900
sub_C_9	330.3637
sub_C_10	330.7600
sub_C_11	330.9420
sub_C_12	330.9420
sub_C_13	330.7600
sub_C_14	330.3637
sub_C_15	329.6900
sub_C_16	328.5225
sub_C_17	328.7746
sub_C_18	329.0408
sub_C_19	329.1848
sub_C_20	329.1848
sub_C_21	329.0408
sub_C_22	328.7746
sub_C_23	328.5225
sub_C_24	327.9908
sub_C_25	327.9375
sub_C_26	328.0684
sub_C_27	328.1580
sub_C_28	328.1580
sub_C_29	328.0684
sub_C_30	327.9375
sub_C_31	327.9908
layer_3_C_0	331.1209
layer_3_C_1	331.9830
layer_3_C_2	332.4231
layer_3_C_3	332.6133
layer_3_C_4	332.6134
layer_3_C_5	332.4231
layer_3_C_6	331.9830
layer_3_C_7	331.1209
layer_3_C_8	330.8866
layer_3_C_9	331.7518
layer_3_C_10	332.2221
layer_3_C_11	332.4321
layer_3_C_12	332.4321
layer_3_C_13	332.2220
layer_3_C_14	331.7519
layer_3_C_15	330.8866
layer_3_C_16	327.3868
layer_3_C_17	328.0176
layer_3_C_18	328.4054
layer_3_C_19	328.5879
layer_3_C_20	328.5879
layer_3_C_21	328.4054
layer_3_C_22	328.0176
layer_3_C_23	327.3868
layer_3_C_24	326.6837
layer_3_C_25	327.0791
layer_3_C_26	327.3511
layer_3_C_27	327.4855
layer_3_C_28	327.4855
layer_3_C_29	327.3511
layer_3_C_30	327.0791
layer_3_C_31	326.6837
layer_4_TB_0	330.9220
layer_4_TB_1	331.7843
layer_4_TB_2	332.2242
layer_4_TB_3	332.4144
layer_4_TB_4	332.4144
layer_4_TB_5	332.2242
layer_4_TB_6	331.7843
layer_4_TB_7	330.9221
layer_4_TB_8	330.6892
layer_4_TB_9	331.5547
layer_4_TB_10	332.0248
layer_4_TB_11	332.2348
layer_4_TB_12	332.2348
layer_4_TB_13	332.0248
layer_4_TB_14	331.5547
layer_4_TB_15	330.6892
layer_4_TB_16	327.3844
layer_4_TB_17	328.0157
layer_4_TB_18	328.4036
layer_4_TB_19	328.5862
layer_4_TB_20	328.5862
layer_4_TB_21	328.4036
layer_4_TB_22	328.0157
layer_4_TB_23	327.3844
layer_4_TB_24	326.6822
layer_4_TB_25	327.0780
layer_4_TB_26	327.3502
layer_4_TB_27	327.4846
layer_4_TB_28	327.4846
layer_4_TB_29	327.3502
layer_4_TB_30	327.0780
layer_4_TB_31	326.6822
hsp_TB_0	328.9333
hsp_TB_1	329.7964
hsp_TB_2	330.2350
hsp_TB_3	330.4246
hsp_TB_4	330.4246
hsp_TB_5	330.2350
hsp_TB_6	329.7964
hsp_TB_7	328.9333
hsp_TB_8	328.7151
hsp_TB_9	329.5832
hsp_TB_10	330.0524
hsp_TB_11	330.2620
hsp_TB_12	330.2620
hsp_TB_13	330.0524
hsp_TB_14	329.5832
hsp_TB_15	328.7151
hsp_TB_16	327.3597
hsp_TB_17	327.9967
hsp_TB_18	328.3858
hsp_TB_19	328.5687
hsp_TB_20	328.5687
hsp_TB_21	328.3858
hsp_TB_22	327.9967
hsp_TB_23	327.3597
hsp_TB_24	326.6668
hsp_TB_25	327.0678
hsp_TB_26	327.3411
hsp_TB_27	327.4758
hsp_TB_28	327.4758
hsp_TB_29	327.3411
hsp_TB_30	327.0678
hsp_TB_31	326.6668
hsink_TB_0	328.1249
hsink_TB_1	328.9523
hsink_TB_2	329.3878
hsink_TB_3	329.5769
hsink_TB_4	329.5769
hsink_TB_5	329.3878
hsink_TB_6	328.9523
hsink_TB_7	328.1249
hsink_TB_8	327.9633
hsink_TB_9	328.8001
hsink_TB_10	329.2669
hsink_TB_11	329.4760
hsink_TB_12	329.4760
hsink_TB_13	329.2669
hsink_TB_14	328.8001
hsink_TB_15	327.9633
hsink_TB_16	327.2671
hsink_TB_17	327.9000
hsink_TB_18	328.2889
hsink_TB_19	328.4718
hsink_TB_20	328.4718
hsink_TB_21	328.2889
hsink_TB_22	327.9000
hsink_TB_23	327.2671
hsink_TB_24	326.6514
hsink_TB_25	327.0539
hsink_TB_26	327.3276
hsink_TB_27	327.4624
hsink_TB_28	327.4624
hsink_TB_29	327.3276
hsink_TB_30	327.0539
hsink_TB_31	326.6514
inode_0	326.0326
inode_1	326.0326
inode_2	325.3431
inode_3	327.0605
inode_4	326.0150
inode_5	326.0150
inode_6	325.3343
inode_7	327.0458
inode_8	325.3068
inode_9	325.3068
inode_10	324.5078
inode_11	326.0224
inode_12	328.9824
inode_13	328.9824
inode_14	327.7995
inode_15	330.3928
inode_16	328.9797
inode_17	328.9797
inode_18	327.7993
inode_19	330.3919
inode_20	328.2925
inode_21	328.2925
inode_22	327.7328
inode_23	330.2624
inode_24	325.9244
inode_25	325.9244
inode_26	325.0104
inode_27	326.8214
