C_0	C_1	C_2	C_3	C_4	C_5	C_6	C_7	C_8	C_9	C_10	C_11	C_12	C_13	C_14	C_15	C_16	C_17	C_18	C_19	C_20	C_21	C_22	C_23	C_24	C_25	C_26	C_27	C_28	C_29	C_30	C_31	
68.33	69.23	69.22	68.37	69.16	70.50	70.50	69.14	69.12	70.48	70.47	69.14	68.42	69.29	69.29	68.37	66.38	67.26	67.24	66.42	67.16	68.43	68.39	67.09	67.13	68.43	68.39	67.09	66.36	67.17	67.15	66.29
68.37	69.26	69.28	68.47	69.14	70.41	70.41	69.10	69.05	70.36	70.36	69.11	68.55	69.40	69.39	68.44	66.19	67.11	67.10	66.28	66.86	68.07	68.05	66.79	66.80	68.07	68.05	66.82	66.16	66.94	66.93	66.05
68.15	69.03	69.05	68.29	68.89	70.08	70.33	69.06	68.99	70.26	70.26	69.09	68.63	69.47	69.45	68.49	66.10	67.04	67.04	66.23	66.70	67.84	67.83	66.61	66.60	67.83	67.83	66.66	66.06	66.80	66.79	65.92
68.38	69.26	69.28	68.55	69.09	70.24	70.02	68.78	68.94	70.18	70.19	69.07	68.69	69.51	69.49	68.52	66.05	66.99	66.99	66.20	66.60	67.68	67.67	66.48	66.45	67.66	67.65	66.54	65.99	66.71	66.69	65.83
68.16	69.04	69.06	68.36	69.10	70.20	69.93	68.72	68.90	70.11	70.12	69.06	68.74	69.54	69.52	68.54	66.01	66.96	66.97	66.18	66.52	67.56	67.54	66.38	66.35	67.52	67.52	66.45	65.95	66.64	66.62	65.76
68.39	69.27	69.30	68.62	69.10	70.16	70.12	68.93	68.87	70.06	70.07	69.05	68.79	69.57	69.54	68.56	65.99	66.94	66.95	66.18	66.47	67.46	67.45	66.31	66.26	67.41	67.42	66.39	65.92	66.58	66.57	65.72
68.41	69.29	69.32	68.67	69.11	70.13	70.10	68.92	68.84	70.01	70.02	69.05	68.83	69.59	69.32	68.33	65.98	66.93	66.94	66.19	66.44	67.38	67.37	66.25	66.20	67.32	67.33	66.34	65.90	66.55	66.53	65.68
68.43	69.30	69.34	68.70	69.11	70.09	70.07	68.91	68.82	69.97	69.98	69.05	68.86	69.62	69.55	68.56	65.97	66.93	66.94	66.20	66.41	67.32	67.30	66.21	66.15	67.25	67.26	66.31	65.90	66.52	66.50	65.66
68.44	69.31	69.11	68.49	68.87	69.81	70.04	68.90	68.56	69.68	69.95	69.05	68.65	69.39	69.58	68.58	65.96	66.92	66.94	66.21	66.39	67.27	67.25	66.17	66.10	67.19	67.20	66.28	65.89	66.49	66.47	65.64
68.21	69.07	69.33	68.73	69.08	70.00	70.01	68.89	68.75	69.86	69.67	68.81	68.89	69.62	69.35	68.36	65.96	66.92	66.94	66.22	66.38	67.22	67.20	66.14	66.06	67.13	67.14	66.25	65.89	66.47	66.45	65.62
68.19	69.05	69.11	68.53	68.86	69.74	69.73	68.64	68.75	69.85	69.86	69.02	68.93	69.64	69.58	68.59	65.96	66.91	66.94	66.24	66.37	67.18	67.16	66.12	66.03	67.08	67.10	66.23	65.89	66.46	66.43	65.61
68.18	69.04	69.09	68.53	68.84	69.69	69.92	68.83	68.74	69.82	69.85	69.05	68.96	69.66	69.36	68.37	65.96	66.91	66.94	66.25	66.37	67.15	67.12	66.09	66.00	67.03	67.05	66.22	65.90	66.44	66.42	65.60
68.17	69.03	69.08	68.54	68.83	69.66	69.67	68.59	68.73	69.80	69.83	69.06	68.99	69.67	69.59	68.59	65.96	66.91	66.94	66.27	66.36	67.12	67.08	66.07	65.97	66.99	67.01	66.21	65.90	66.43	66.40	65.59
68.17	69.02	69.08	68.56	68.82	69.63	69.62	68.56	68.48	69.53	69.81	69.07	69.02	69.68	69.62	68.62	65.96	66.91	66.94	66.28	66.36	67.09	67.05	66.05	65.95	66.95	66.97	66.19	65.91	66.42	66.39	65.58
68.17	69.01	69.08	68.57	68.82	69.60	69.58	68.54	68.67	69.73	69.55	68.84	69.04	69.69	69.63	68.63	65.95	66.90	66.94	66.30	66.36	67.06	67.02	66.03	65.92	66.91	66.94	66.18	65.91	66.41	66.37	65.57
68.17	69.01	69.07	68.58	68.82	69.57	69.55	68.52	68.68	69.72	69.75	69.05	68.82	69.45	69.63	68.64	65.95	66.90	66.93	66.31	66.36	67.04	67.00	66.02	65.90	66.88	66.90	66.17	65.91	66.40	66.36	65.56
68.17	69.01	69.07	68.60	68.82	69.55	69.52	68.50	68.67	69.71	69.75	69.08	69.05	69.67	69.40	68.41	65.95	66.89	66.93	66.32	66.36	67.01	66.97	66.00	65.88	66.84	66.87	66.17	65.92	66.39	66.34	65.55
68.17	69.01	69.08	68.61	68.83	69.53	69.50	68.49	68.67	69.69	69.74	69.09	69.09	69.70	69.61	68.62	65.95	66.88	66.93	66.33	66.36	66.99	66.95	65.98	65.86	66.81	66.84	66.16	65.92	66.38	66.33	65.54
68.17	69.00	69.08	68.63	68.83	69.51	69.47	68.47	68.43	69.44	69.73	69.11	69.11	69.70	69.62	68.64	65.94	66.88	66.93	66.34	66.37	66.97	66.92	65.97	65.84	66.78	66.81	66.15	65.93	66.37	66.32	65.53
68.17	69.00	69.08	68.64	68.83	69.50	69.45	68.46	68.62	69.63	69.48	68.88	69.13	69.71	69.63	68.65	65.94	66.87	66.92	66.35	66.37	66.95	66.90	65.96	65.82	66.75	66.79	66.14	65.93	66.36	66.30	65.52
68.17	69.00	69.08	68.66	68.84	69.48	69.43	68.45	68.63	69.63	69.44	68.86	68.90	69.47	69.63	68.65	65.93	66.86	66.91	66.36	66.37	66.94	66.88	65.94	65.80	66.72	66.76	66.14	65.93	66.35	66.29	65.51
68.17	68.99	69.08	68.67	68.84	69.46	69.41	68.44	68.63	69.62	69.41	68.85	69.13	69.68	69.38	68.41	65.93	66.85	66.91	66.37	66.38	66.92	66.86	65.93	65.78	66.69	66.73	66.13	65.94	66.34	66.28	65.50
68.17	68.99	69.07	68.68	68.85	69.45	69.40	68.43	68.63	69.61	69.39	68.85	69.16	69.70	69.60	68.62	65.92	66.84	66.90	66.37	66.38	66.90	66.84	65.92	65.76	66.66	66.71	66.13	65.94	66.33	66.26	65.49
68.17	68.99	69.08	68.69	68.85	69.44	69.38	68.42	68.62	69.60	69.61	69.09	69.18	69.70	69.61	68.64	65.92	66.83	66.89	66.38	66.38	66.89	66.82	65.91	65.74	66.63	66.68	66.12	65.94	66.32	66.25	65.48
68.17	68.98	69.08	68.71	68.86	69.42	69.36	68.41	68.37	69.34	69.64	69.13	69.19	69.70	69.61	68.64	65.91	66.82	66.89	66.39	66.39	66.88	66.80	65.90	65.72	66.61	66.66	66.11	65.94	66.31	66.24	65.48
68.16	68.98	69.08	68.72	68.86	69.41	69.35	68.40	68.58	69.55	69.64	69.15	68.96	69.46	69.61	68.64	65.90	66.81	66.88	66.39	66.39	66.86	66.79	65.88	65.71	66.58	66.64	66.11	65.95	66.30	66.22	65.47
68.16	68.98	69.08	68.73	68.87	69.40	69.33	68.39	68.59	69.55	69.64	69.17	68.95	69.43	69.36	68.40	65.90	66.80	66.87	66.40	66.39	66.85	66.77	65.87	65.69	66.56	66.62	66.10	65.95	66.29	66.21	65.46
68.16	68.97	69.08	68.74	68.87	69.39	69.32	68.38	68.59	69.55	69.64	69.18	68.95	69.41	69.57	68.61	65.89	66.79	66.87	66.41	66.39	66.83	66.75	65.86	65.67	66.53	66.60	66.10	65.95	66.28	66.20	65.45
68.16	68.97	69.08	68.76	68.87	69.37	69.30	68.37	68.58	69.54	69.63	69.19	68.95	69.40	69.58	68.62	65.88	66.78	66.86	66.41	66.39	66.82	66.74	65.85	65.66	66.51	66.58	66.09	65.95	66.27	66.19	65.44
68.16	68.97	69.08	68.77	68.88	69.36	69.29	68.37	68.34	69.29	69.38	68.96	69.19	69.63	69.58	68.63	65.87	66.77	66.85	66.42	66.40	66.81	66.72	65.84	65.64	66.48	66.56	66.09	65.95	66.26	66.17	65.43
68.16	68.96	69.08	68.78	68.89	69.35	69.28	68.36	68.54	69.49	69.59	69.18	69.23	69.66	69.57	68.63	65.87	66.75	66.84	66.42	66.40	66.80	66.71	65.83	65.63	66.46	66.54	66.09	65.95	66.25	66.16	65.42
68.15	68.96	69.08	68.79	68.89	69.34	69.26	68.35	68.55	69.49	69.60	69.20	69.25	69.67	69.32	68.38	65.86	66.74	66.84	66.43	66.40	66.79	66.69	65.82	65.61	66.44	66.52	66.08	65.95	66.24	66.15	65.41
68.15	68.96	69.08	68.80	68.90	69.34	69.25	68.34	68.55	69.49	69.60	69.22	69.27	69.67	69.28	68.35	65.85	66.73	66.83	66.43	66.41	66.78	66.68	65.81	65.60	66.42	66.50	66.08	65.95	66.23	66.13	65.40
68.15	68.95	69.08	68.81	68.90	69.33	69.23	68.33	68.31	69.24	69.60	69.23	69.28	69.67	69.27	68.33	65.84	66.72	66.82	66.43	66.41	66.77	66.66	65.80	65.58	66.40	66.48	66.07	65.95	66.22	66.12	65.39
68.14	68.94	69.08	68.81	68.91	69.32	69.22	68.32	68.28	69.21	69.35	69.00	69.29	69.67	69.25	68.32	65.83	66.70	66.81	66.44	66.41	66.76	66.64	65.79	65.57	66.38	66.47	66.07	65.95	66.21	66.11	65.38
68.14	68.94	69.08	68.82	68.91	69.31	69.21	68.31	68.26	69.18	69.56	69.21	69.06	69.42	69.47	68.54	65.82	66.69	66.80	66.44	66.42	66.75	66.63	65.78	65.55	66.36	66.45	66.07	65.95	66.20	66.10	65.38
68.14	68.93	69.08	68.83	68.92	69.30	69.20	68.30	68.24	69.16	69.57	69.24	69.28	69.63	69.49	68.56	65.81	66.68	66.79	66.44	66.42	66.74	66.62	65.77	65.54	66.34	66.43	66.06	65.95	66.19	66.09	65.37
68.13	68.93	69.08	68.84	68.92	69.30	69.18	68.30	68.46	69.39	69.57	69.25	69.30	69.64	69.50	68.57	65.80	66.67	66.79	66.45	66.42	66.73	66.61	65.76	65.53	66.32	66.42	66.06	65.95	66.18	66.07	65.36
68.13	68.92	69.08	68.85	68.93	69.29	69.17	68.29	68.49	69.41	69.57	69.26	69.31	69.65	69.50	68.57	65.79	66.65	66.78	66.45	66.42	66.72	66.59	65.75	65.51	66.30	66.40	66.05	65.95	66.18	66.06	65.35
68.13	68.92	69.07	68.86	68.93	69.28	69.16	68.28	68.49	69.41	69.32	69.03	69.32	69.65	69.49	68.57	65.79	66.64	66.77	66.45	66.43	66.71	66.58	65.74	65.50	66.28	66.39	66.05	65.95	66.17	66.05	65.34
68.13	68.92	69.07	68.86	68.93	69.27	69.15	68.28	68.49	69.41	69.29	69.01	69.08	69.39	69.49	68.57	65.78	66.63	66.76	66.45	66.43	66.70	66.57	65.74	65.49	66.26	66.37	66.05	65.95	66.16	66.04	65.33
68.12	68.91	69.07	68.87	68.94	69.27	69.14	68.27	68.49	69.40	69.27	69.00	69.30	69.61	69.24	68.33	65.77	66.62	66.75	66.45	66.43	66.70	66.56	65.73	65.47	66.25	66.36	66.04	65.95	66.15	66.03	65.32
68.12	68.91	69.07	68.87	68.94	69.26	69.13	68.26	68.49	69.40	69.50	69.23	69.33	69.62	69.44	68.53	65.76	66.61	66.74	66.45	66.43	66.69	66.55	65.72	65.46	66.23	66.34	66.04	65.95	66.14	66.02	65.31
68.12	68.91	69.07	68.88	68.95	69.25	69.12	68.25	68.48	69.39	69.52	69.26	69.34	69.62	69.45	68.54	65.75	66.60	66.73	66.45	66.43	66.68	66.54	65.71	65.45	66.21	66.33	66.04	65.95	66.13	66.00	65.30
68.11	68.90	69.07	68.89	68.95	69.25	69.11	68.25	68.48	69.39	69.53	69.28	69.35	69.62	69.45	68.54	65.74	66.58	66.72	66.46	66.43	66.67	66.53	65.70	65.43	66.20	66.31	66.03	65.95	66.13	65.99	65.30
68.11	68.90	69.07	68.90	68.95	69.24	69.10	68.24	68.47	69.38	69.53	69.29	69.35	69.62	69.44	68.53	65.74	66.57	66.72	66.46	66.44	66.67	66.51	65.69	65.42	66.18	66.30	66.03	65.95	66.12	65.98	65.29
68.11	68.89	69.07	68.90	68.96	69.23	69.09	68.23	68.47	69.37	69.53	69.30	69.36	69.62	69.44	68.53	65.73	66.56	66.71	66.46	66.44	66.66	66.50	65.68	65.41	66.16	66.29	66.03	65.95	66.11	65.97	65.28
68.10	68.89	69.07	68.91	68.96	69.23	69.08	68.23	68.22	69.12	69.53	69.31	69.37	69.61	69.43	68.52	65.72	66.55	66.70	66.46	66.44	66.65	66.49	65.68	65.40	66.15	66.28	66.02	65.95	66.10	65.96	65.27
68.10	68.88	69.07	68.91	68.96	69.22	69.07	68.22	68.43	69.33	69.53	69.32	69.13	69.36	69.42	68.52	65.71	66.54	66.69	66.46	66.44	66.64	66.48	65.67	65.39	66.13	66.26	66.02	65.95	66.10	65.95	65.26
68.09	68.88	69.07	68.92	68.97	69.22	69.07	68.21	68.43	69.33	69.53	69.32	69.34	69.57	69.41	68.51	65.70	66.53	66.69	66.46	66.44	66.64	66.47	65.66	65.38	66.12	66.25	66.02	65.94	66.09	65.94	65.25
68.09	68.87	69.06	68.92	68.97	69.21	69.06	68.20	68.43	69.33	69.27	69.08	69.36	69.58	69.16	68.26	65.69	66.51	66.68	66.46	66.44	66.63	66.46	65.65	65.36	66.10	66.24	66.01	65.94	66.08	65.93	65.24
68.09	68.87	69.06	68.93	68.97	69.20	69.04	68.20	68.43	69.33	69.25	69.06	69.37	69.58	69.12	68.23	65.68	66.50	66.67	66.46	66.44	66.62	66.45	65.64	65.35	66.09	66.23	66.01	65.94	66.07	65.92	65.24
68.08	68.87	69.06	68.93	68.98	69.20	69.03	68.19	68.43	69.32	69.23	69.05	69.38	69.58	69.10	68.21	65.67	66.49	66.66	66.46	66.44	66.62	66.44	65.63	65.34	66.07	66.22	66.01	65.94	66.07	65.91	65.23
68.08	68.86	69.06	68.94	68.98	69.19	69.02	68.18	68.42	69.31	69.45	69.28	69.38	69.58	69.32	68.42	65.66	66.48	66.65	66.46	66.45	66.61	66.43	65.62	65.33	66.06	66.21	66.00	65.94	66.06	65.90	65.22
68.07	68.86	69.06	68.94	68.98	69.19	69.02	68.17	68.42	69.31	69.48	69.31	69.39	69.57	69.34	68.45	65.66	66.47	66.64	66.46	66.45	66.60	66.42	65.61	65.32	66.04	66.19	66.00	65.94	66.05	65.89	65.21
68.07	68.85	69.06	68.95	68.98	69.18	69.01	68.17	68.41	69.30	69.48	69.32	69.39	69.57	69.34	68.45	65.65	66.46	66.64	66.46	66.45	66.60	66.41	65.61	65.31	66.03	66.18	66.00	65.94	66.04	65.88	65.20
68.07	68.85	69.05	68.95	68.99	69.18	69.00	68.16	68.40	69.29	69.49	69.33	69.39	69.57	69.34	68.45	65.64	66.45	66.63	66.46	66.45	66.59	66.40	65.60	65.30	66.02	66.17	65.99	65.93	66.04	65.87	65.20
68.06	68.84	69.05	68.95	68.99	69.17	68.99	68.15	68.16	69.04	69.49	69.34	69.15	69.32	69.33	68.45	65.63	66.44	66.62	66.46	66.45	66.58	66.39	65.59	65.29	66.00	66.16	65.99	65.93	66.03	65.86	65.19
68.05	68.83	69.05	68.96	68.99	69.17	68.98	68.15	68.13	69.01	69.48	69.35	69.13	69.29	69.33	68.44	65.62	66.42	66.62	66.46	66.44	66.57	66.38	65.58	65.28	65.99	66.15	65.99	65.93	66.02	65.85	65.18
68.05	68.83	69.05	68.96	68.99	69.16	68.98	68.14	68.10	68.98	69.48	69.35	69.11	69.26	69.32	68.44	65.61	66.41	66.61	66.46	66.44	66.57	66.37	65.58	65.27	65.98	66.14	65.98	65.93	66.02	65.84	65.17
68.04	68.82	69.05	68.97	68.99	69.15	68.97	68.13	68.32	69.21	69.48	69.35	69.35	69.49	69.31	68.43	65.60	66.40	66.60	66.46	66.44	66.56	66.36	65.57	65.26	65.96	66.13	65.98	65.93	66.01	65.83	65.16
68.04	68.82	69.05	68.97	68.99	69.15	68.96	68.13	68.34	69.22	69.48	69.36	69.37	69.51	69.31	68.42	65.59	66.39	66.60	66.46	66.44	66.55	66.35	65.56	65.25	65.95	66.12	65.98	65.93	66.00	65.82	65.16
68.03	68.81	69.05	68.97	69.00	69.15	68.95	68.12	68.34	69.23	69.23	69.12	69.39	69.52	69.30	68.42	65.58	66.38	66.59	66.46	66.44	66.55	66.34	65.55	65.24	65.94	66.11	65.97	65.92	66.00	65.81	65.15
68.03	68.81	69.04	68.97	69.00	69.14	68.95	68.12	68.34	69.23	69.20	69.09	69.39	69.52	69.29	68.41	65.57	66.37	66.58	66.46	66.44	66.54	66.33	65.55	65.23	65.93	66.10	65.97	65.92	65.99	65.80	65.14
68.03	68.81	69.04	68.98	69.00	69.14	68.94	68.11	68.34	69.22	69.18	69.08	69.40	69.52	69.04	68.17	65.57	66.36	66.57	66.45	66.44	66.54	66.32	65.54	65.22	65.91	66.09	65.97	65.92	65.98	65.79	65.13
68.02	68.80	69.04	68.98	69.00	69.13	68.93	68.10	68.34	69.22	69.41	69.31	69.40	69.52	69.00	68.13	65.56	66.35	66.56	66.45	66.44	66.53	66.31	65.53	65.21	65.90	66.08	65.96	65.92	65.98	65.79	65.12
68.02	68.80	69.04	68.98	69.00	69.13	68.92	68.09	68.33	69.21	69.43	69.34	69.41	69.51	68.98	68.11	65.55	66.34	66.56	66.45	66.44	66.53	66.30	65.52	65.20	65.89	66.08	65.96	65.92	65.97	65.78	65.12
68.01	68.79	69.04	68.98	69.01	69.13	68.91	68.08	68.33	69.21	69.43	69.35	69.41	69.51	69.20	68.33	65.54	66.33	66.55	66.45	66.44	66.52	66.29	65.51	65.19	65.88	66.07	65.96	65.91	65.97	65.77	65.11
68.01	68.79	69.03	68.99	69.01	69.12	68.90	68.08	68.32	69.20	69.44	69.36	69.41	69.50	69.22	68.35	65.53	66.32	66.54	66.45	66.44	66.52	66.28	65.50	65.18	65.87	66.06	65.95	65.91	65.96	65.76	65.10
68.00	68.78	69.03	68.99	69.01	69.12	68.90	68.07	68.32	69.19	69.44	69.36	69.17	69.25	69.22	68.35	65.53	66.31	66.54	66.45	66.44	66.51	66.28	65.50	65.17	65.86	66.05	65.95	65.91	65.95	65.75	65.09
68.00	68.78	69.03	68.99	69.01	69.11	68.89	68.07	68.31	69.19	69.44	69.37	69.38	69.47	69.22	68.35	65.52	66.30	66.53	66.45	66.44	66.50	66.27	65.49	65.16	65.85	66.04	65.95	65.91	65.95	65.74	65.09
67.99	68.77	69.03	69.00	69.01	69.11	68.88	68.06	68.07	68.94	69.43	69.37	69.40	69.48	69.22	68.35	65.51	66.29	66.53	66.45	66.44	66.50	66.26	65.48	65.15	65.84	66.03	65.94	65.91	65.94	65.73	65.08
67.99	68.77	69.03	69.00	69.01	69.10	68.88	68.05	68.04	68.91	69.43	69.37	69.41	69.48	69.21	68.34	65.50	66.28	66.52	66.45	66.44	66.49	66.25	65.47	65.14	65.82	66.02	65.94	65.90	65.93	65.73	65.07
67.98	68.76	69.03	69.00	69.01	69.10	68.87	68.05	68.02	68.89	69.43	69.37	69.41	69.48	69.21	68.34	65.49	66.27	66.51	66.45	66.44	66.49	66.24	65.47	65.13	65.81	66.02	65.94	65.90	65.93	65.72	65.06
67.97	68.75	69.02	69.00	69.01	69.09	68.86	68.04	68.00	68.87	69.42	69.38	69.41	69.47	69.20	68.33	65.48	66.26	66.51	66.45	66.44	66.48	66.24	65.46	65.12	65.80	66.01	65.93	65.90	65.92	65.71	65.06
67.97	68.75	69.02	69.00	69.01	69.09	68.86	68.04	68.22	69.10	69.42	69.38	69.42	69.47	69.19	68.32	65.47	66.26	66.50	66.45	66.44	66.48	66.23	65.45	65.12	65.79	66.00	65.93	65.90	65.92	65.70	65.05
67.96	68.74	69.02	69.01	69.01	69.09	68.85	68.03	68.23	69.11	69.42	69.38	69.42	69.47	69.19	68.32	65.46	66.24	66.49	66.44	66.43	66.47	66.22	65.45	65.11	65.78	65.99	65.93	65.89	65.91	65.69	65.04
68.19	68.98	69.02	69.01	69.01	69.08	68.84	68.02	68.24	69.12	69.41	69.38	69.42	69.46	69.18	68.31	65.46	66.24	66.49	66.44	66.43	66.47	66.21	65.44	65.10	65.77	65.98	65.92	65.89	65.91	65.68	65.04
68.23	69.01	69.02	69.01	69.02	69.08	68.84	68.02	68.25	69.12	69.41	69.38	69.42	69.46	69.17	68.30	65.45	66.23	66.48	66.44	66.43	66.46	66.20	65.43	65.09	65.76	65.98	65.92	65.89	65.90	65.68	65.03
68.23	69.02	69.02	69.01	69.02	69.08	68.83	68.01	68.25	69.12	69.41	69.38	69.42	69.46	69.17	68.30	65.44	66.22	66.48	66.44	66.43	66.45	66.20	65.42	65.08	65.75	65.97	65.92	65.89	65.89	65.67	65.02
68.24	69.03	69.02	69.01	69.02	69.07	68.82	68.00	68.01	68.88	69.40	69.38	69.42	69.45	69.16	68.29	65.43	66.21	66.47	66.44	66.43	66.45	66.19	65.42	65.07	65.74	65.96	65.92	65.89	65.89	65.66	65.02
68.00	68.78	69.26	69.26	69.02	69.07	69.06	68.24	68.22	69.09	69.40	69.38	69.42	69.45	69.15	68.29	65.43	66.20	66.46	66.44	66.43	66.44	66.18	65.41	65.06	65.73	65.95	65.91	65.88	65.88	65.65	65.01
68.21	69.00	69.29	69.29	69.02	69.06	69.08	68.26	68.22	69.10	69.40	69.38	69.42	69.44	69.15	68.28	65.42	66.19	66.46	66.43	66.43	66.44	66.17	65.40	65.06	65.72	65.95	65.91	65.88	65.88	65.65	65.00
68.23	69.02	69.30	69.30	69.26	69.30	69.09	68.27	68.22	69.10	69.40	69.39	69.18	69.20	69.14	68.28	65.41	66.19	66.45	66.43	66.42	66.43	66.16	65.40	65.05	65.71	65.94	65.91	65.88	65.87	65.64	64.99
68.23	69.02	69.31	69.32	69.29	69.33	69.10	68.27	68.22	69.10	69.40	69.39	69.15	69.17	69.14	68.27	65.41	66.18	66.45	66.43	66.42	66.43	66.16	65.39	65.04	65.71	65.93	65.90	65.88	65.87	65.63	64.99
68.23	69.02	69.31	69.33	69.31	69.34	69.10	68.27	67.98	68.85	69.15	69.14	69.14	69.15	68.89	68.03	65.40	66.17	66.44	66.43	66.42	66.42	66.15	65.38	65.03	65.70	65.93	65.90	65.87	65.86	65.62	64.98
67.99	68.78	69.07	69.09	69.32	69.35	69.10	68.27	68.19	69.06	69.36	69.36	69.13	69.13	68.85	68.00	65.39	66.16	66.43	66.43	66.42	66.41	66.14	65.37	65.02	65.69	65.92	65.90	65.87	65.86	65.62	64.97
68.20	68.99	69.29	69.30	69.32	69.35	69.09	68.27	67.96	68.83	69.13	69.13	69.12	69.12	68.83	67.98	65.38	66.15	66.43	66.42	66.41	66.41	66.13	65.36	65.02	65.68	65.91	65.89	65.87	65.85	65.61	64.97
68.21	69.00	69.30	69.32	69.33	69.35	69.09	68.26	67.93	68.80	69.10	69.10	69.12	69.12	68.82	67.96	65.37	66.14	66.42	66.42	66.41	66.40	66.12	65.36	65.01	65.67	65.91	65.89	65.86	65.85	65.60	64.96
68.21	69.00	69.30	69.33	69.33	69.35	69.08	68.26	67.92	68.78	69.09	69.09	69.11	69.11	68.80	67.95	65.36	66.13	66.41	66.42	66.41	66.39	66.11	65.35	65.00	65.66	65.90	65.89	65.86	65.84	65.59	64.95
68.21	69.00	69.31	69.33	69.33	69.35	69.08	68.25	67.90	68.77	69.07	69.09	69.11	69.10	68.79	67.94	65.36	66.12	66.41	66.41	66.40	66.39	66.10	65.34	64.99	65.65	65.89	65.88	65.86	65.83	65.59	64.95
68.21	69.00	69.31	69.34	69.33	69.35	69.07	68.25	67.89	68.76	69.07	69.08	69.11	69.10	68.78	67.93	65.35	66.12	66.40	66.41	66.40	66.38	66.10	65.33	64.98	65.64	65.89	65.88	65.86	65.83	65.58	64.94
68.20	69.00	69.31	69.34	69.34	69.35	69.07	68.24	67.88	68.75	69.06	69.08	69.11	69.09	68.77	67.92	65.34	66.11	66.39	66.41	66.40	66.38	66.09	65.33	64.98	65.63	65.88	65.88	65.85	65.82	65.57	64.93
68.20	68.99	69.31	69.34	69.34	69.34	69.06	68.24	67.88	68.74	69.05	69.07	69.10	69.09	68.77	67.91	65.33	66.10	66.39	66.40	66.40	66.37	66.08	65.32	64.97	65.63	65.87	65.87	65.85	65.82	65.57	64.93
68.20	68.99	69.30	69.34	69.34	69.34	69.06	68.23	67.87	68.73	69.05	69.07	69.10	69.08	68.76	67.91	65.32	66.09	66.38	66.40	66.39	66.37	66.07	65.31	64.96	65.62	65.87	65.87	65.85	65.81	65.56	64.92
68.19	68.99	69.30	69.34	69.34	69.34	69.05	68.23	67.86	68.72	69.04	69.07	69.10	69.08	68.75	67.90	65.32	66.08	66.38	66.40	66.39	66.36	66.07	65.30	64.95	65.61	65.86	65.87	65.85	65.81	65.55	64.91
68.19	68.98	69.30	69.34	69.34	69.33	69.05	68.22	67.86	68.72	69.04	69.07	69.10	69.07	68.74	67.89	65.31	66.07	66.37	66.39	66.39	66.36	66.06	65.30	64.95	65.60	65.85	65.86	65.84	65.80	65.54	64.91
68.18	68.98	69.30	69.34	69.34	69.33	69.04	68.22	67.85	68.71	69.03	69.07	69.10	69.07	68.74	67.88	65.30	66.07	66.36	66.39	66.39	66.35	66.05	65.29	64.94	65.59	65.85	65.86	65.84	65.80	65.54	64.90
68.18	68.97	69.30	69.35	69.34	69.33	69.04	68.21	67.84	68.70	69.03	69.06	69.10	69.06	68.73	67.88	65.29	66.06	66.36	66.39	66.38	66.34	66.04	65.28	64.93	65.58	65.84	65.86	65.84	65.79	65.53	64.89
68.17	68.97	69.30	69.35	69.34	69.32	69.03	68.21	67.84	68.70	69.02	69.06	69.09	69.06	68.72	67.87	65.29	66.05	66.35	66.39	66.38	66.34	66.04	65.28	64.92	65.58	65.83	65.85	65.83	65.79	65.52	64.89
68.17	68.97	69.29	69.35	69.34	69.32	69.02	68.20	67.83	68.69	69.02	69.06	69.09	69.05	68.71	67.86	65.28	66.04	66.35	66.38	66.38	66.33	66.03	65.27	64.92	65.57	65.83	65.85	65.83	65.78	65.52	64.88
68.17	68.96	69.29	69.35	69.34	69.32	69.02	68.20	67.82	68.68	69.02	69.06	69.09	69.05	68.71	67.86	65.27	66.04	66.34	66.38	66.38	66.33	66.02	65.26	64.91	65.56	65.82	65.84	65.83	65.78	65.51	64.88
68.16	68.96	69.29	69.35	69.34	69.32	69.01	68.19	67.82	68.68	69.01	69.06	69.09	69.04	68.70	67.85	65.27	66.03	66.33	66.38	66.37	66.32	66.01	65.26	64.90	65.55	65.82	65.84	65.82	65.77	65.51	64.87
68.16	68.95	69.29	69.35	69.34	69.31	69.01	68.18	67.81	68.67	69.01	69.06	69.09	69.04	68.69	67.85	65.26	66.02	66.33	66.38	66.37	66.32	66.01	65.25	64.90	65.55	65.81	65.84	65.82	65.77	65.50	64.86
68.15	68.95	69.29	69.35	69.34	69.31	69.00	68.18	67.80	68.66	69.00	69.05	69.09	69.03	68.69	67.84	65.25	66.01	66.33	66.37	66.37	66.31	66.00	65.24	64.89	65.54	65.80	65.83	65.82	65.76	65.49	64.86
68.15	68.95	69.28	69.35	69.34	69.31	69.00	68.17	67.80	68.66	69.00	69.05	69.08	69.03	68.68	67.83	65.25	66.01	66.32	66.37	66.37	66.31	65.99	65.24	64.88	65.53	65.80	65.83	65.82	65.76	65.49	64.85
68.14	68.94	69.28	69.35	69.34	69.30	68.99	68.17	67.79	68.65	68.99	69.05	69.08	69.03	68.68	67.83	65.24	66.00	66.31	66.37	66.36	66.30	65.99	65.23	64.88	65.52	65.79	65.83	65.81	65.75	65.48	64.84
68.14	68.94	69.28	69.35	69.34	69.30	68.99	68.16	67.79	68.65	68.99	69.05	69.08	69.02	68.67	67.82	65.23	65.99	66.31	66.36	66.36	66.30	65.98	65.22	64.87	65.52	65.78	65.82	65.81	65.75	65.47	64.84
68.13	68.93	69.28	69.35	69.33	69.30	68.98	68.16	67.78	68.64	68.99	69.05	69.08	69.02	68.66	67.81	65.23	65.98	66.30	66.36	66.36	66.29	65.97	65.22	64.86	65.51	65.78	65.82	65.81	65.74	65.47	64.83
68.13	68.93	69.27	69.35	69.33	69.29	68.98	68.15	67.77	68.64	68.98	69.05	69.08	69.01	68.66	67.81	65.22	65.98	66.30	66.36	66.36	66.29	65.97	65.21	64.86	65.50	65.77	65.82	65.80	65.74	65.46	64.83
68.13	68.92	69.27	69.35	69.33	69.29	68.97	68.15	67.77	68.63	68.98	69.04	69.08	69.01	68.65	67.80	65.21	65.97	66.30	66.36	66.35	66.28	65.96	65.20	64.85	65.49	65.77	65.81	65.80	65.73	65.45	64.82
68.12	68.92	69.27	69.34	69.33	69.29	68.97	68.14	67.76	68.62	68.97	69.04	69.07	69.01	68.64	67.80	65.21	65.96	66.29	66.35	66.35	66.28	65.96	65.20	64.84	65.49	65.76	65.81	65.80	65.73	65.45	64.81
68.12	68.92	69.27	69.34	69.33	69.28	68.96	68.14	67.76	68.62	68.97	69.04	69.07	69.00	68.64	67.79	65.20	65.96	66.28	66.35	66.35	66.27	65.95	65.19	64.84	65.48	65.76	65.81	65.79	65.72	65.44	64.81
68.11	68.91	69.26	69.34	69.33	69.28	68.96	68.13	67.75	68.61	68.97	69.04	69.07	68.99	68.63	67.78	65.19	65.95	66.28	66.35	66.35	66.27	65.94	65.19	64.83	65.47	65.75	65.80	65.79	65.72	65.44	64.80
68.11	68.91	69.26	69.34	69.33	69.28	68.95	68.13	67.75	68.61	68.96	69.04	69.07	68.99	68.63	67.78	65.19	65.94	66.27	66.34	66.34	66.27	65.94	65.18	64.82	65.47	65.75	65.80	65.79	65.71	65.43	64.80
68.10	68.90	69.26	69.34	69.33	69.27	68.95	68.12	67.74	68.60	68.96	69.03	69.06	68.99	68.62	67.77	65.18	65.94	66.27	66.34	66.34	66.26	65.93	65.17	64.82	65.46	65.74	65.80	65.78	65.71	65.42	64.79
68.10	68.90	69.26	69.34	69.33	69.27	68.94	68.12	67.73	68.59	68.95	69.03	69.06	68.98	68.61	67.77	65.17	65.93	66.26	66.34	66.34	66.26	65.92	65.17	64.81	65.45	65.74	65.79	65.78	65.70	65.42	64.79
68.09	68.90	69.25	69.34	69.32	69.27	68.94	68.11	67.73	68.59	68.95	69.03	69.06	68.98	68.61	67.76	65.17	65.92	66.26	66.34	66.33	66.25	65.92	65.16	64.80	65.44	65.73	65.79	65.78	65.70	65.41	64.78
68.09	68.89	69.25	69.34	69.32	69.26	68.93	68.11	67.72	68.58	68.95	69.03	69.06	68.97	68.60	67.76	65.16	65.92	66.25	66.33	66.33	66.25	65.91	65.16	64.80	65.44	65.72	65.79	65.77	65.69	65.40	64.77
68.08	68.89	69.25	69.34	69.32	69.26	68.93	68.10	67.72	68.58	68.94	69.03	69.06	68.97	68.60	67.75	65.15	65.91	66.25	66.33	66.33	66.24	65.90	65.15	64.79	65.43	65.72	65.78	65.77	65.69	65.40	64.77
68.08	68.88	69.24	69.34	69.32	69.26	68.92	68.10	67.71	68.57	68.94	69.02	69.05	68.97	68.59	67.74	65.15	65.91	66.24	66.33	66.32	66.24	65.90	65.14	64.78	65.43	65.71	65.78	65.77	65.69	65.39	64.76
68.07	68.88	69.24	69.33	69.32	69.25	68.92	68.09	67.71	68.57	68.93	69.02	69.05	68.96	68.58	67.74	65.14	65.90	66.24	66.32	66.32	66.23	65.89	65.14	64.78	65.42	65.71	65.78	65.77	65.68	65.39	64.76
68.07	68.87	69.24	69.33	69.32	69.25	68.91	68.09	67.70	68.56	68.93	69.02	69.05	68.96	68.58	67.73	65.14	65.89	66.23	66.32	66.32	66.23	65.88	65.13	64.77	65.41	65.70	65.77	65.76	65.68	65.38	64.75
68.07	68.87	69.24	69.33	69.32	69.25	68.91	68.08	67.70	68.56	68.93	69.02	69.05	68.95	68.57	67.73	65.13	65.88	66.23	66.32	66.32	66.22	65.88	65.13	64.77	65.41	65.70	65.77	65.76	65.67	65.38	64.75
68.06	68.87	69.23	69.33	69.31	69.24	68.90	68.08	67.69	68.55	68.92	69.02	69.05	68.95	68.57	67.72	65.12	65.88	66.22	66.31	66.31	66.22	65.87	65.12	64.76	65.40	65.69	65.77	65.76	65.67	65.37	64.74
68.06	68.86	69.23	69.33	69.31	69.24	68.90	68.07	67.69	68.55	68.92	69.01	69.04	68.95	68.56	67.72	65.12	65.87	66.22	66.31	66.31	66.21	65.87	65.11	64.75	65.39	65.69	65.76	65.75	65.66	65.36	64.73
68.05	68.86	69.23	69.33	69.31	69.24	68.89	68.07	67.68	68.54	68.92	69.01	69.04	68.94	68.56	67.71	65.11	65.87	66.21	66.31	66.31	66.21	65.86	65.11	64.75	65.39	65.68	65.76	65.75	65.66	65.36	64.73
68.05	68.86	69.22	69.33	69.31	69.24	68.89	68.06	67.67	68.53	68.91	69.01	69.04	68.94	68.55	67.70	65.10	65.86	66.21	66.31	66.31	66.20	65.85	65.10	64.74	65.38	65.68	65.75	65.75	65.65	65.35	64.72
68.04	68.85	69.22	69.33	69.31	69.23	68.88	68.06	67.67	68.53	68.91	69.01	69.04	68.93	68.55	67.70	65.10	65.85	66.20	66.30	66.30	66.20	65.85	65.10	64.74	65.37	65.67	65.75	65.74	65.65	65.35	64.72
68.04	68.84	69.22	69.32	69.30	69.22	68.88	68.05	67.66	68.53	68.90	69.00	69.03	68.93	68.54	67.69	65.10	65.85	66.20	66.30	66.29	66.20	65.85	65.09	64.73	65.37	65.67	65.75	65.74	65.65	65.34	64.71
68.03	68.84	69.22	69.32	69.30	69.22	68.87	68.05	67.66	68.52	68.90	69.00	69.03	68.93	68.53	67.69	65.09	65.85	66.19	66.30	66.29	66.19	65.84	65.09	64.72	65.36	65.66	65.75	65.73	65.64	65.34	64.71
68.03	68.84	69.21	69.32	69.30	69.22	68.87	68.04	67.65	68.51	68.90	69.00	69.03	68.92	68.53	67.68	65.08	65.84	66.19	66.29	66.29	66.19	65.83	65.08	64.72	65.36	65.66	65.74	65.73	65.64	65.33	64.70
68.02	68.83	69.21	69.32	69.30	69.22	68.86	68.04	67.65	68.51	68.89	69.00	69.03	68.92	68.52	67.68	65.08	65.83	66.18	66.29	66.29	66.18	65.83	65.07	64.71	65.35	65.65	65.74	65.73	65.63	65.32	64.70
68.02	68.83	69.21	69.32	69.30	69.21	68.86	68.03	67.64	68.50	68.89	69.00	69.02	68.91	68.52	67.67	65.07	65.82	66.18	66.29	66.29	66.18	65.82	65.07	64.71	65.34	65.65	65.73	65.73	65.63	65.32	64.69
68.01	68.82	69.21	69.31	69.30	69.21	68.85	68.03	67.64	68.50	68.88	68.99	69.02	68.91	68.51	67.67	65.07	65.82	66.18	66.28	66.28	66.17	65.82	65.06	64.70	65.34	65.64	65.73	65.72	65.63	65.31	64.69
68.01	68.82	69.20	69.31	69.29	69.20	68.85	68.02	67.63	68.49	68.88	68.99	69.02	68.91	68.51	67.66	65.06	65.82	66.17	66.28	66.28	66.17	65.81	65.06	64.70	65.33	65.64	65.73	65.72	65.62	65.31	64.68
68.01	68.81	69.20	69.31	69.29	69.20	68.85	68.02	67.63	68.49	68.88	68.99	69.02	68.90	68.50	67.66	65.05	65.81	66.17	66.28	66.28	66.16	65.80	65.05	64.69	65.33	65.63	65.72	65.72	65.61	65.30	64.67
68.00	68.81	69.20	69.31	69.29	69.20	68.84	68.01	67.62	68.48	68.87	68.99	69.01	68.90	68.50	67.65	65.05	65.80	66.16	66.27	66.27	66.16	65.80	65.05	64.68	65.32	65.63	65.72	65.71	65.61	65.30	64.67
68.00	68.81	69.19	69.31	69.29	69.20	68.84	68.01	67.62	68.48	68.87	68.98	69.01	68.89	68.49	67.64	65.04	65.80	66.16	66.27	66.27	66.15	65.79	65.04	64.68	65.31	65.62	65.72	65.71	65.61	65.29	64.66
67.99	68.80	69.19	69.31	69.29	69.19	68.83	68.00	67.61	68.47	68.87	68.98	69.01	68.89	68.49	67.64	65.04	65.79	66.15	66.27	66.27	66.15	65.78	65.03	64.67	65.31	65.62	65.71	65.71	65.60	65.29	64.66
67.76	68.56	69.19	69.30	69.29	69.19	68.59	67.77	67.61	68.47	68.86	68.98	69.01	68.89	68.48	67.63	65.03	65.78	66.15	66.26	66.26	66.15	65.78	65.03	64.67	65.30	65.61	65.71	65.70	65.59	65.28	64.65
67.72	68.52	69.18	69.30	69.28	69.18	68.55	67.73	67.60	68.46	68.86	68.98	69.00	68.88	68.47	67.63	65.03	65.78	66.14	66.26	66.26	66.14	65.78	65.02	64.66	65.30	65.61	65.71	65.70	65.59	65.28	64.65
