pcb_LC_0	358.3403
pcb_LC_1	359.7744
pcb_LC_2	360.4114
pcb_LC_3	360.6671
pcb_LC_4	360.6667
pcb_LC_5	360.4105
pcb_LC_6	359.7737
pcb_LC_7	358.3402
pcb_LC_8	358.3984
pcb_LC_9	360.1429
pcb_LC_10	360.9719
pcb_LC_11	361.3122
pcb_LC_12	361.3116
pcb_LC_13	360.9707
pcb_LC_14	360.1421
pcb_LC_15	358.3984
pcb_LC_16	358.3995
pcb_LC_17	360.1446
pcb_LC_18	360.9737
pcb_LC_19	361.3142
pcb_LC_20	361.3138
pcb_LC_21	360.9730
pcb_LC_22	360.1440
pcb_LC_23	358.3994
pcb_LC_24	358.3429
pcb_LC_25	359.7784
pcb_LC_26	360.4158
pcb_LC_27	360.6718
pcb_LC_28	360.6717
pcb_LC_29	360.4154
pcb_LC_30	359.7781
pcb_LC_31	358.3429
solder_LC_0	360.7506
solder_LC_1	361.2016
solder_LC_2	361.5699
solder_LC_3	361.7618
solder_LC_4	361.7607
solder_LC_5	361.5677
solder_LC_6	361.2002
solder_LC_7	360.7511
solder_LC_8	361.2557
solder_LC_9	361.9808
solder_LC_10	362.4854
solder_LC_11	362.7393
solder_LC_12	362.7376
solder_LC_13	362.4820
solder_LC_14	361.9788
solder_LC_15	361.2565
solder_LC_16	361.2594
solder_LC_17	361.9852
solder_LC_18	362.4892
solder_LC_19	362.7433
solder_LC_20	362.7428
solder_LC_21	362.4875
solder_LC_22	361.9841
solder_LC_23	361.2598
solder_LC_24	360.7561
solder_LC_25	361.2088
solder_LC_26	361.5771
solder_LC_27	361.7694
solder_LC_28	361.7692
solder_LC_29	361.5766
solder_LC_30	361.2085
solder_LC_31	360.7563
sub_LC_0	360.8063
sub_LC_1	361.2867
sub_LC_2	361.6889
sub_LC_3	361.8988
sub_LC_4	361.8973
sub_LC_5	361.6861
sub_LC_6	361.2850
sub_LC_7	360.8071
sub_LC_8	361.7420
sub_LC_9	362.4689
sub_LC_10	362.9982
sub_LC_11	363.2651
sub_LC_12	363.2621
sub_LC_13	362.9924
sub_LC_14	362.4655
sub_LC_15	361.7444
sub_LC_16	361.7502
sub_LC_17	362.4763
sub_LC_18	363.0034
sub_LC_19	363.2709
sub_LC_20	363.2706
sub_LC_21	363.0016
sub_LC_22	362.4752
sub_LC_23	361.7509
sub_LC_24	360.8140
sub_LC_25	361.2956
sub_LC_26	361.6973
sub_LC_27	361.9076
sub_LC_28	361.9075
sub_LC_29	361.6968
sub_LC_30	361.2952
sub_LC_31	360.8143
layer_3_LC_0	360.8070
layer_3_LC_1	361.6717
layer_3_LC_2	362.4067
layer_3_LC_3	362.7829
layer_3_LC_4	362.7789
layer_3_LC_5	362.3990
layer_3_LC_6	361.6678
layer_3_LC_7	360.8118
layer_3_LC_8	366.3897
layer_3_LC_9	367.3623
layer_3_LC_10	368.1811
layer_3_LC_11	368.5852
layer_3_LC_12	368.5678
layer_3_LC_13	368.1482
layer_3_LC_14	367.3443
layer_3_LC_15	366.4101
layer_3_LC_16	366.4489
layer_3_LC_17	367.4045
layer_3_LC_18	368.2016
layer_3_LC_19	368.6110
layer_3_LC_20	368.6153
layer_3_LC_21	368.1996
layer_3_LC_22	367.4032
layer_3_LC_23	366.4519
layer_3_LC_24	360.8347
layer_3_LC_25	361.6960
layer_3_LC_26	362.4263
layer_3_LC_27	362.8031
layer_3_LC_28	362.8039
layer_3_LC_29	362.4262
layer_3_LC_30	361.6957
layer_3_LC_31	360.8359
layer_4_TB_0	360.6965
layer_4_TB_1	361.5610
layer_4_TB_2	362.2954
layer_4_TB_3	362.6712
layer_4_TB_4	362.6671
layer_4_TB_5	362.2877
layer_4_TB_6	361.5571
layer_4_TB_7	360.7012
layer_4_TB_8	366.2885
layer_4_TB_9	367.2608
layer_4_TB_10	368.0787
layer_4_TB_11	368.4822
layer_4_TB_12	368.4648
layer_4_TB_13	368.0457
layer_4_TB_14	367.2427
layer_4_TB_15	366.3091
layer_4_TB_16	366.3480
layer_4_TB_17	367.3031
layer_4_TB_18	368.0992
layer_4_TB_19	368.5080
layer_4_TB_20	368.5124
layer_4_TB_21	368.0972
layer_4_TB_22	367.3019
layer_4_TB_23	366.3509
layer_4_TB_24	360.7240
layer_4_TB_25	361.5853
layer_4_TB_26	362.3150
layer_4_TB_27	362.6913
layer_4_TB_28	362.6921
layer_4_TB_29	362.3148
layer_4_TB_30	361.5849
layer_4_TB_31	360.7252
layer_5_B_0	359.5898
layer_5_B_1	360.4531
layer_5_B_2	361.1807
layer_5_B_3	361.5523
layer_5_B_4	361.5485
layer_5_B_5	361.1734
layer_5_B_6	360.4494
layer_5_B_7	359.5943
layer_5_B_8	365.2784
layer_5_B_9	366.2469
layer_5_B_10	367.0560
layer_5_B_11	367.4535
layer_5_B_12	367.4355
layer_5_B_13	367.0223
layer_5_B_14	366.2283
layer_5_B_15	365.2996
layer_5_B_16	365.3398
layer_5_B_17	366.2904
layer_5_B_18	367.0766
layer_5_B_19	367.4796
layer_5_B_20	367.4845
layer_5_B_21	367.0751
layer_5_B_22	366.2894
layer_5_B_23	365.3424
layer_5_B_24	359.6166
layer_5_B_25	360.4767
layer_5_B_26	361.2000
layer_5_B_27	361.5721
layer_5_B_28	361.5728
layer_5_B_29	361.1998
layer_5_B_30	360.4763
layer_5_B_31	359.6178
layer_6_TB_0	359.4309
layer_6_TB_1	360.2943
layer_6_TB_2	361.0211
layer_6_TB_3	361.3921
layer_6_TB_4	361.3883
layer_6_TB_5	361.0139
layer_6_TB_6	360.2907
layer_6_TB_7	359.4354
layer_6_TB_8	365.0685
layer_6_TB_9	366.0364
layer_6_TB_10	366.8439
layer_6_TB_11	367.2409
layer_6_TB_12	367.2235
layer_6_TB_13	366.8112
layer_6_TB_14	366.0184
layer_6_TB_15	365.0891
layer_6_TB_16	365.1287
layer_6_TB_17	366.0795
layer_6_TB_18	366.8649
layer_6_TB_19	367.2672
layer_6_TB_20	367.2718
layer_6_TB_21	366.8633
layer_6_TB_22	366.0784
layer_6_TB_23	365.1315
layer_6_TB_24	359.4575
layer_6_TB_25	360.3179
layer_6_TB_26	361.0403
layer_6_TB_27	361.4118
layer_6_TB_28	361.4125
layer_6_TB_29	361.0401
layer_6_TB_30	360.3175
layer_6_TB_31	359.4587
layer_7_B_32	357.8405
layer_7_B_33	358.7060
layer_7_B_34	359.4236
layer_7_B_35	359.7886
layer_7_B_36	359.7852
layer_7_B_37	359.4172
layer_7_B_38	358.7028
layer_7_B_39	357.8445
layer_7_B_40	362.9703
layer_7_B_41	363.9326
layer_7_B_42	364.7241
layer_7_B_43	365.1167
layer_7_B_44	365.1049
layer_7_B_45	364.7015
layer_7_B_46	363.9203
layer_7_B_47	362.9856
layer_7_B_48	363.0194
layer_7_B_49	363.9715
layer_7_B_50	364.7489
layer_7_B_51	365.1440
layer_7_B_52	365.1462
layer_7_B_53	364.7465
layer_7_B_54	363.9692
layer_7_B_55	363.0233
layer_7_B_56	357.8655
layer_7_B_57	358.7285
layer_7_B_58	359.4423
layer_7_B_59	359.8076
layer_7_B_60	359.8081
layer_7_B_61	359.4421
layer_7_B_62	358.7280
layer_7_B_63	357.8667
layer_8_TB_0	357.6348
layer_8_TB_1	358.5009
layer_8_TB_2	359.2174
layer_8_TB_3	359.5816
layer_8_TB_4	359.5783
layer_8_TB_5	359.2110
layer_8_TB_6	358.4978
layer_8_TB_7	357.6388
layer_8_TB_8	362.7239
layer_8_TB_9	363.6863
layer_8_TB_10	364.4761
layer_8_TB_11	364.8682
layer_8_TB_12	364.8569
layer_8_TB_13	364.4545
layer_8_TB_14	363.6745
layer_8_TB_15	362.7387
layer_8_TB_16	362.7721
layer_8_TB_17	363.7249
layer_8_TB_18	364.5013
layer_8_TB_19	364.8956
layer_8_TB_20	364.8976
layer_8_TB_21	364.4989
layer_8_TB_22	363.7225
layer_8_TB_23	362.7762
layer_8_TB_24	357.6596
layer_8_TB_25	358.5232
layer_8_TB_26	359.2360
layer_8_TB_27	359.6005
layer_8_TB_28	359.6010
layer_8_TB_29	359.2357
layer_8_TB_30	358.5228
layer_8_TB_31	357.6608
layer_9_B_64	355.5772
layer_9_B_65	356.4492
layer_9_B_66	357.1541
layer_9_B_67	357.5104
layer_9_B_68	357.5076
layer_9_B_69	357.1488
layer_9_B_70	356.4466
layer_9_B_71	355.5807
layer_9_B_72	360.2612
layer_9_B_73	361.2245
layer_9_B_74	361.9976
layer_9_B_75	362.3836
layer_9_B_76	362.3775
layer_9_B_77	361.9855
layer_9_B_78	361.2181
layer_9_B_79	360.2712
layer_9_B_80	360.3000
layer_9_B_81	361.2602
layer_9_B_82	362.0271
layer_9_B_83	362.4127
layer_9_B_84	362.4127
layer_9_B_85	362.0242
layer_9_B_86	361.2567
layer_9_B_87	360.3051
layer_9_B_88	355.5999
layer_9_B_89	356.4700
layer_9_B_90	357.1719
layer_9_B_91	357.5283
layer_9_B_92	357.5286
layer_9_B_93	357.1716
layer_9_B_94	356.4695
layer_9_B_95	355.6011
layer_10_TB_0	355.3265
layer_10_TB_1	356.1995
layer_10_TB_2	356.9029
layer_10_TB_3	357.2583
layer_10_TB_4	357.2556
layer_10_TB_5	356.8978
layer_10_TB_6	356.1969
layer_10_TB_7	355.3299
layer_10_TB_8	359.9791
layer_10_TB_9	360.9431
layer_10_TB_10	361.7144
layer_10_TB_11	362.0997
layer_10_TB_12	362.0941
layer_10_TB_13	361.7033
layer_10_TB_14	360.9372
layer_10_TB_15	359.9886
layer_10_TB_16	360.0171
layer_10_TB_17	360.9786
layer_10_TB_18	361.7445
layer_10_TB_19	362.1290
layer_10_TB_20	362.1289
layer_10_TB_21	361.7415
layer_10_TB_22	360.9751
layer_10_TB_23	360.0223
layer_10_TB_24	355.3489
layer_10_TB_25	356.2200
layer_10_TB_26	356.9206
layer_10_TB_27	357.2760
layer_10_TB_28	357.2764
layer_10_TB_29	356.9203
layer_10_TB_30	356.2195
layer_10_TB_31	355.3501
layer_11_B_96	352.8181
layer_11_B_97	353.7011
layer_11_B_98	354.3906
layer_11_B_99	354.7362
layer_11_B_100	354.7341
layer_11_B_101	354.3865
layer_11_B_102	353.6991
layer_11_B_103	352.8210
layer_11_B_104	357.1588
layer_11_B_105	358.1302
layer_11_B_106	358.8836
layer_11_B_107	359.2615
layer_11_B_108	359.2610
layer_11_B_109	358.8818
layer_11_B_110	358.1295
layer_11_B_111	357.1637
layer_11_B_112	357.1886
layer_11_B_113	358.1640
layer_11_B_114	358.9189
layer_11_B_115	359.2933
layer_11_B_116	359.2913
layer_11_B_117	358.9156
layer_11_B_118	358.1593
layer_11_B_119	357.1949
layer_11_B_120	352.8379
layer_11_B_121	353.7197
layer_11_B_122	354.4071
layer_11_B_123	354.7525
layer_11_B_124	354.7527
layer_11_B_125	354.4067
layer_11_B_126	353.7191
layer_11_B_127	352.8392
layer_12_TB_0	352.5240
layer_12_TB_1	353.4083
layer_12_TB_2	354.0962
layer_12_TB_3	354.4406
layer_12_TB_4	354.4386
layer_12_TB_5	354.0922
layer_12_TB_6	353.4064
layer_12_TB_7	352.5267
layer_12_TB_8	356.8420
layer_12_TB_9	357.8148
layer_12_TB_10	358.5663
layer_12_TB_11	358.9432
layer_12_TB_12	358.9433
layer_12_TB_13	358.5654
layer_12_TB_14	357.8146
layer_12_TB_15	356.8464
layer_12_TB_16	356.8711
layer_12_TB_17	357.8485
layer_12_TB_18	358.6022
layer_12_TB_19	358.9755
layer_12_TB_20	358.9733
layer_12_TB_21	358.5989
layer_12_TB_22	357.8437
layer_12_TB_23	356.8775
layer_12_TB_24	352.5434
layer_12_TB_25	353.4267
layer_12_TB_26	354.1125
layer_12_TB_27	354.4568
layer_12_TB_28	354.4570
layer_12_TB_29	354.1121
layer_12_TB_30	353.4261
layer_12_TB_31	352.5447
layer_13_B_128	349.5810
layer_13_B_129	350.4799
layer_13_B_130	351.1513
layer_13_B_131	351.4842
layer_13_B_132	351.4827
layer_13_B_133	351.1484
layer_13_B_134	350.4786
layer_13_B_135	349.5832
layer_13_B_136	353.6748
layer_13_B_137	354.6617
layer_13_B_138	355.3938
layer_13_B_139	355.7619
layer_13_B_140	355.7671
layer_13_B_141	355.4022
layer_13_B_142	354.6667
layer_13_B_143	353.6745
layer_13_B_144	353.6966
layer_13_B_145	354.6948
layer_13_B_146	355.4363
layer_13_B_147	355.7978
layer_13_B_148	355.7936
layer_13_B_149	355.4325
layer_13_B_150	354.6886
layer_13_B_151	353.7041
layer_13_B_152	349.5976
layer_13_B_153	350.4959
layer_13_B_154	351.1660
layer_13_B_155	351.4985
layer_13_B_156	351.4985
layer_13_B_157	351.1656
layer_13_B_158	350.4953
layer_13_B_159	349.5988
layer_14_TB_0	349.2450
layer_14_TB_1	350.1458
layer_14_TB_2	350.8153
layer_14_TB_3	351.1468
layer_14_TB_4	351.1454
layer_14_TB_5	350.8125
layer_14_TB_6	350.1445
layer_14_TB_7	349.2471
layer_14_TB_8	353.2513
layer_14_TB_9	354.2411
layer_14_TB_10	354.9718
layer_14_TB_11	355.3386
layer_14_TB_12	355.3436
layer_14_TB_13	354.9800
layer_14_TB_14	354.2460
layer_14_TB_15	353.2511
layer_14_TB_16	353.2725
layer_14_TB_17	354.2734
layer_14_TB_18	355.0132
layer_14_TB_19	355.3735
layer_14_TB_20	355.3695
layer_14_TB_21	355.0095
layer_14_TB_22	354.2674
layer_14_TB_23	353.2799
layer_14_TB_24	349.2612
layer_14_TB_25	350.1615
layer_14_TB_26	350.8297
layer_14_TB_27	351.1609
layer_14_TB_28	351.1609
layer_14_TB_29	350.8294
layer_14_TB_30	350.1609
layer_14_TB_31	349.2624
layer_15_B_160	345.8834
layer_15_B_161	346.8037
layer_15_B_162	347.4543
layer_15_B_163	347.7723
layer_15_B_164	347.7712
layer_15_B_165	347.4523
layer_15_B_166	346.8029
layer_15_B_167	345.8850
layer_15_B_168	349.0168
layer_15_B_169	350.0364
layer_15_B_170	350.7525
layer_15_B_171	351.1059
layer_15_B_172	351.1096
layer_15_B_173	350.7585
layer_15_B_174	350.0400
layer_15_B_175	349.0169
layer_15_B_176	349.0330
layer_15_B_177	350.0606
layer_15_B_178	350.7833
layer_15_B_179	351.1321
layer_15_B_180	351.1292
layer_15_B_181	350.7807
layer_15_B_182	350.0563
layer_15_B_183	349.0385
layer_15_B_184	345.8965
layer_15_B_185	346.8167
layer_15_B_186	347.4664
layer_15_B_187	347.7841
layer_15_B_188	347.7840
layer_15_B_189	347.4661
layer_15_B_190	346.8162
layer_15_B_191	345.8975
layer_16_TB_0	345.5084
layer_16_TB_1	346.4312
layer_16_TB_2	347.0796
layer_16_TB_3	347.3960
layer_16_TB_4	347.3950
layer_16_TB_5	347.0777
layer_16_TB_6	346.4304
layer_16_TB_7	345.5100
layer_16_TB_8	348.5607
layer_16_TB_9	349.5840
layer_16_TB_10	350.2985
layer_16_TB_11	350.6504
layer_16_TB_12	350.6540
layer_16_TB_13	350.3043
layer_16_TB_14	349.5875
layer_16_TB_15	348.5608
layer_16_TB_16	348.5765
layer_16_TB_17	349.6075
layer_16_TB_18	350.3284
layer_16_TB_19	350.6758
layer_16_TB_20	350.6730
layer_16_TB_21	350.3258
layer_16_TB_22	349.6034
layer_16_TB_23	348.5818
layer_16_TB_24	345.5212
layer_16_TB_25	346.4439
layer_16_TB_26	347.0915
layer_16_TB_27	347.4076
layer_16_TB_28	347.4075
layer_16_TB_29	347.0911
layer_16_TB_30	346.4434
layer_16_TB_31	345.5222
layer_17_B_192	341.7576
layer_17_B_193	342.7054
layer_17_B_194	343.3319
layer_17_B_195	343.6329
layer_17_B_196	343.6323
layer_17_B_197	343.3307
layer_17_B_198	342.7049
layer_17_B_199	341.7587
layer_17_B_200	344.0004
layer_17_B_201	345.0613
layer_17_B_202	345.7591
layer_17_B_203	346.0964
layer_17_B_204	346.0988
layer_17_B_205	345.7630
layer_17_B_206	345.0636
layer_17_B_207	344.0006
layer_17_B_208	344.0115
layer_17_B_209	345.0776
layer_17_B_210	345.7796
layer_17_B_211	346.1139
layer_17_B_212	346.1121
layer_17_B_213	345.7779
layer_17_B_214	345.0748
layer_17_B_215	344.0151
layer_17_B_216	341.7671
layer_17_B_217	342.7150
layer_17_B_218	343.3411
layer_17_B_219	343.6419
layer_17_B_220	343.6418
layer_17_B_221	343.3408
layer_17_B_222	342.7146
layer_17_B_223	341.7679
layer_18_TB_0	341.3465
layer_18_TB_1	342.2974
layer_18_TB_2	342.9215
layer_18_TB_3	343.2208
layer_18_TB_4	343.2202
layer_18_TB_5	342.9203
layer_18_TB_6	342.2970
layer_18_TB_7	341.3476
layer_18_TB_8	343.5127
layer_18_TB_9	344.5782
layer_18_TB_10	345.2741
layer_18_TB_11	345.6098
layer_18_TB_12	345.6121
layer_18_TB_13	345.2779
layer_18_TB_14	344.5805
layer_18_TB_15	343.5129
layer_18_TB_16	343.5233
layer_18_TB_17	344.5938
layer_18_TB_18	345.2938
layer_18_TB_19	345.6266
layer_18_TB_20	345.6249
layer_18_TB_21	345.2921
layer_18_TB_22	344.5912
layer_18_TB_23	343.5268
layer_18_TB_24	341.3557
layer_18_TB_25	342.3067
layer_18_TB_26	342.9303
layer_18_TB_27	343.2294
layer_18_TB_28	343.2293
layer_18_TB_29	342.9301
layer_18_TB_30	342.3064
layer_18_TB_31	341.3565
layer_19_B_224	337.2356
layer_19_B_225	338.2176
layer_19_B_226	338.8165
layer_19_B_227	339.0986
layer_19_B_228	339.0983
layer_19_B_229	338.8159
layer_19_B_230	338.2174
layer_19_B_231	337.2363
layer_19_B_232	338.6358
layer_19_B_233	339.7477
layer_19_B_234	340.4245
layer_19_B_235	340.7444
layer_19_B_236	340.7456
layer_19_B_237	340.4266
layer_19_B_238	339.7490
layer_19_B_239	338.6361
layer_19_B_240	338.6420
layer_19_B_241	339.7567
layer_19_B_242	340.4357
layer_19_B_243	340.7540
layer_19_B_244	340.7531
layer_19_B_245	340.4348
layer_19_B_246	339.7553
layer_19_B_247	338.6440
layer_19_B_248	337.2414
layer_19_B_249	338.2236
layer_19_B_250	338.8224
layer_19_B_251	339.1043
layer_19_B_252	339.1043
layer_19_B_253	338.8223
layer_19_B_254	338.2234
layer_19_B_255	337.2419
layer_20_TB_0	336.7914
layer_20_TB_1	337.7772
layer_20_TB_2	338.3732
layer_20_TB_3	338.6534
layer_20_TB_4	338.6531
layer_20_TB_5	338.3727
layer_20_TB_6	337.7770
layer_20_TB_7	336.7921
layer_20_TB_8	338.1175
layer_20_TB_9	339.2351
layer_20_TB_10	339.9097
layer_20_TB_11	340.2278
layer_20_TB_12	340.2290
layer_20_TB_13	339.9116
layer_20_TB_14	339.2363
layer_20_TB_15	338.1178
layer_20_TB_16	338.1232
layer_20_TB_17	339.2434
layer_20_TB_18	339.9200
layer_20_TB_19	340.2368
layer_20_TB_20	340.2359
layer_20_TB_21	339.9193
layer_20_TB_22	339.2422
layer_20_TB_23	338.1251
layer_20_TB_24	336.7969
layer_20_TB_25	337.7829
layer_20_TB_26	338.3788
layer_20_TB_27	338.6589
layer_20_TB_28	338.6588
layer_20_TB_29	338.3787
layer_20_TB_30	337.7827
layer_20_TB_31	336.7974
hsp_TB_0	332.3496
hsp_TB_1	333.3732
hsp_TB_2	333.9404
hsp_TB_3	334.2016
hsp_TB_4	334.2016
hsp_TB_5	333.9404
hsp_TB_6	333.3733
hsp_TB_7	332.3498
hsp_TB_8	332.9349
hsp_TB_9	334.1089
hsp_TB_10	334.7617
hsp_TB_11	335.0627
hsp_TB_12	335.0628
hsp_TB_13	334.7620
hsp_TB_14	334.1092
hsp_TB_15	332.9351
hsp_TB_16	332.9362
hsp_TB_17	334.1108
hsp_TB_18	334.7639
hsp_TB_19	335.0647
hsp_TB_20	335.0646
hsp_TB_21	334.7638
hsp_TB_22	334.1108
hsp_TB_23	332.9367
hsp_TB_24	332.3516
hsp_TB_25	333.3756
hsp_TB_26	333.9429
hsp_TB_27	334.2040
hsp_TB_28	334.2040
hsp_TB_29	333.9429
hsp_TB_30	333.3756
hsp_TB_31	332.3518
hsink_TB_0	330.6634
hsink_TB_1	331.5388
hsink_TB_2	332.0693
hsink_TB_3	332.3188
hsink_TB_4	332.3188
hsink_TB_5	332.0694
hsink_TB_6	331.5388
hsink_TB_7	330.6635
hsink_TB_8	330.9844
hsink_TB_9	331.9892
hsink_TB_10	332.6021
hsink_TB_11	332.8909
hsink_TB_12	332.8909
hsink_TB_13	332.6022
hsink_TB_14	331.9893
hsink_TB_15	330.9845
hsink_TB_16	330.9848
hsink_TB_17	331.9897
hsink_TB_18	332.6026
hsink_TB_19	332.8914
hsink_TB_20	332.8914
hsink_TB_21	332.6027
hsink_TB_22	331.9898
hsink_TB_23	330.9849
hsink_TB_24	330.6642
hsink_TB_25	331.5397
hsink_TB_26	332.0704
hsink_TB_27	332.3199
hsink_TB_28	332.3199
hsink_TB_29	332.0704
hsink_TB_30	331.5397
hsink_TB_31	330.6643
inode_0	328.1460
inode_1	328.1461
inode_2	328.7871
inode_3	328.7862
inode_4	328.1010
inode_5	328.1012
inode_6	328.7514
inode_7	328.7505
inode_8	326.7047
inode_9	326.7048
inode_10	327.0710
inode_11	327.0702
inode_12	360.6946
inode_13	360.6951
inode_14	360.0697
inode_15	360.0630
inode_16	360.6698
inode_17	360.6703
inode_18	360.0640
inode_19	360.0573
inode_20	356.1283
inode_21	356.1284
inode_22	358.8506
inode_23	358.8447
inode_24	343.4868
inode_25	343.4868
inode_26	343.6905
inode_27	343.6868
