pcb_C_0	327.4028
pcb_C_1	328.0991
pcb_C_2	328.4440
pcb_C_3	328.5858
pcb_C_4	328.5853
pcb_C_5	328.4452
pcb_C_6	328.1031
pcb_C_7	327.4075
pcb_C_8	327.0976
pcb_C_9	327.6984
pcb_C_10	328.0359
pcb_C_11	328.1898
pcb_C_12	328.1922
pcb_C_13	328.0406
pcb_C_14	327.7045
pcb_C_15	327.1044
pcb_C_16	326.6471
pcb_C_17	326.9102
pcb_C_18	327.1196
pcb_C_19	327.2335
pcb_C_20	327.2355
pcb_C_21	327.1238
pcb_C_22	326.9154
pcb_C_23	326.6530
pcb_C_24	326.3214
pcb_C_25	326.3273
pcb_C_26	326.4163
pcb_C_27	326.4803
pcb_C_28	326.4813
pcb_C_29	326.4187
pcb_C_30	326.3306
pcb_C_31	326.3257
solder_C_0	327.7436
solder_C_1	328.3911
solder_C_2	328.7755
solder_C_3	328.9270
solder_C_4	328.9240
solder_C_5	328.7749
solder_C_6	328.3960
solder_C_7	327.7483
solder_C_8	327.4106
solder_C_9	327.9602
solder_C_10	328.3112
solder_C_11	328.4722
solder_C_12	328.4770
solder_C_13	328.3181
solder_C_14	327.9677
solder_C_15	327.4200
solder_C_16	326.6650
solder_C_17	326.8465
solder_C_18	327.0664
solder_C_19	327.1888
solder_C_20	327.1914
solder_C_21	327.0712
solder_C_22	326.8521
solder_C_23	326.6715
solder_C_24	326.2592
solder_C_25	326.1819
solder_C_26	326.2829
solder_C_27	326.3562
solder_C_28	326.3572
solder_C_29	326.2853
solder_C_30	326.1853
solder_C_31	326.2636
sub_C_0	327.8335
sub_C_1	328.4815
sub_C_2	328.8923
sub_C_3	329.0463
sub_C_4	329.0412
sub_C_5	328.8904
sub_C_6	328.4868
sub_C_7	327.8378
sub_C_8	327.5058
sub_C_9	328.0672
sub_C_10	328.4246
sub_C_11	328.5872
sub_C_12	328.5940
sub_C_13	328.4330
sub_C_14	328.0753
sub_C_15	327.5168
sub_C_16	326.5741
sub_C_17	326.7871
sub_C_18	327.0169
sub_C_19	327.1424
sub_C_20	327.1451
sub_C_21	327.0216
sub_C_22	326.7926
sub_C_23	326.5806
sub_C_24	326.1483
sub_C_25	326.1111
sub_C_26	326.2240
sub_C_27	326.3012
sub_C_28	326.3022
sub_C_29	326.2265
sub_C_30	326.1145
sub_C_31	326.1527
layer_3_C_0	328.6441
layer_3_C_1	329.3487
layer_3_C_2	330.0182
layer_3_C_3	330.1910
layer_3_C_4	330.1649
layer_3_C_5	330.0027
layer_3_C_6	329.3585
layer_3_C_7	328.6430
layer_3_C_8	328.4191
layer_3_C_9	329.1422
layer_3_C_10	329.5585
layer_3_C_11	329.7350
layer_3_C_12	329.7636
layer_3_C_13	329.5822
layer_3_C_14	329.1552
layer_3_C_15	328.4470
layer_3_C_16	325.6529
layer_3_C_17	326.1731
layer_3_C_18	326.5002
layer_3_C_19	326.6562
layer_3_C_20	326.6587
layer_3_C_21	326.5046
layer_3_C_22	326.1781
layer_3_C_23	325.6589
layer_3_C_24	325.0880
layer_3_C_25	325.4143
layer_3_C_26	325.6416
layer_3_C_27	325.7551
layer_3_C_28	325.7561
layer_3_C_29	325.6439
layer_3_C_30	325.4175
layer_3_C_31	325.0917
layer_4_TB_0	328.4856
layer_4_TB_1	329.1914
layer_4_TB_2	329.8423
layer_4_TB_3	330.0152
layer_4_TB_4	329.9909
layer_4_TB_5	329.8279
layer_4_TB_6	329.2008
layer_4_TB_7	328.4849
layer_4_TB_8	328.2639
layer_4_TB_9	328.9865
layer_4_TB_10	329.4026
layer_4_TB_11	329.5797
layer_4_TB_12	329.6064
layer_4_TB_13	329.4250
layer_4_TB_14	328.9991
layer_4_TB_15	328.2903
layer_4_TB_16	325.6510
layer_4_TB_17	326.1716
layer_4_TB_18	326.4988
layer_4_TB_19	326.6548
layer_4_TB_20	326.6573
layer_4_TB_21	326.5032
layer_4_TB_22	326.1765
layer_4_TB_23	325.6569
layer_4_TB_24	325.0867
layer_4_TB_25	325.4134
layer_4_TB_26	325.6408
layer_4_TB_27	325.7544
layer_4_TB_28	325.7554
layer_4_TB_29	325.6432
layer_4_TB_30	325.4166
layer_4_TB_31	325.0905
hsp_TB_0	326.9004
hsp_TB_1	327.6182
hsp_TB_2	328.0829
hsp_TB_3	328.2573
hsp_TB_4	328.2510
hsp_TB_5	328.0801
hsp_TB_6	327.6235
hsp_TB_7	326.9039
hsp_TB_8	326.7111
hsp_TB_9	327.4303
hsp_TB_10	327.8439
hsp_TB_11	328.0266
hsp_TB_12	328.0343
hsp_TB_13	327.8526
hsp_TB_14	327.4380
hsp_TB_15	326.7225
hsp_TB_16	325.6312
hsp_TB_17	326.1564
hsp_TB_18	326.4846
hsp_TB_19	326.6409
hsp_TB_20	326.6433
hsp_TB_21	326.4888
hsp_TB_22	326.1613
hsp_TB_23	325.6371
hsp_TB_24	325.0743
hsp_TB_25	325.4051
hsp_TB_26	325.6334
hsp_TB_27	325.7473
hsp_TB_28	325.7483
hsp_TB_29	325.6358
hsp_TB_30	325.4083
hsp_TB_31	325.0780
hsink_TB_0	326.2568
hsink_TB_1	326.9460
hsink_TB_2	327.3458
hsink_TB_3	327.5173
hsink_TB_4	327.5164
hsink_TB_5	327.3467
hsink_TB_6	326.9500
hsink_TB_7	326.2610
hsink_TB_8	326.1186
hsink_TB_9	326.8110
hsink_TB_10	327.2160
hsink_TB_11	327.3992
hsink_TB_12	327.4016
hsink_TB_13	327.2204
hsink_TB_14	326.8166
hsink_TB_15	326.1253
hsink_TB_16	325.5581
hsink_TB_17	326.0798
hsink_TB_18	326.4076
hsink_TB_19	326.5640
hsink_TB_20	326.5658
hsink_TB_21	326.4113
hsink_TB_22	326.0845
hsink_TB_23	325.5634
hsink_TB_24	325.0619
hsink_TB_25	325.3939
hsink_TB_26	325.6225
hsink_TB_27	325.7364
hsink_TB_28	325.7374
hsink_TB_29	325.6248
hsink_TB_30	325.3971
hsink_TB_31	325.0656
inode_0	324.5541
inode_1	324.5584
inode_2	324.0053
inode_3	325.4300
inode_4	324.5399
inode_5	324.5442
inode_6	323.9981
inode_7	325.4179
inode_8	323.9646
inode_9	323.9685
inode_10	323.3254
inode_11	324.5819
inode_12	326.9474
inode_13	326.9536
inode_14	326.0027
inode_15	328.1584
inode_16	326.9454
inode_17	326.9515
inode_18	326.0025
inode_19	328.1576
inode_20	326.3913
inode_21	326.3966
inode_22	325.9484
inode_23	328.0510
inode_24	324.4671
inode_25	324.4712
inode_26	323.7330
inode_27	325.2382
