Metric	Core0	Core1	Core2	Core3	Core4	Core5	Core6	Core7	Core8	Core9	Core10	Core11	Core12	Core13	Core14	Core15	Core16	Core17	Core18	Core19	Core20	Core21	Core22	Core23	Core24	Core25	Core26	Core27	Core28	Core29	Core30	Core31	Core32	Core33	Core34	Core35	Core36	Core37	Core38	Core39	Core40	Core41	Core42	Core43	Core44	Core45	Core46	Core47	Core48	Core49	Core50	Core51	Core52	Core53	Core54	Core55	Core56	Core57	Core58	Core59	Core60	Core61	Core62	Core63
total	81.901	81.373	79.610	79.589	79.340	79.589	79.342	79.342	81.903	80.921	78.660	78.660	78.660	78.682	78.921	78.678	81.470	80.646	78.902	78.902	79.165	78.921	78.660	78.613	82.278	81.454	78.921	79.165	79.144	78.678	78.660	78.678	81.212	81.179	79.412	79.165	79.165	79.165	78.419	78.422	82.014	80.939	78.419	78.658	78.658	78.904	78.904	78.660	81.470	80.666	78.658	78.660	78.420	78.923	78.900	78.900	81.210	81.375	79.585	79.853	79.095	79.587	79.603	79.519
base	-
dispatch_width	-
rs_full	-
depend	-
depend-int	-
depend-fp	-
depend-branch	-
issue	-
serial	-
smt	-
branch	-
itlb	-
dtlb	-
ifetch	-
mem	-
mem-l1d	-
mem-l2	-
mem-l3	-
mem-l4	-
mem-remote	-
mem-nuca	-
mem-dram-cache	-
mem-dram	80.662	80.450	78.599	78.907	78.818	78.838	78.741	78.739	80.751	80.352	78.192	78.221	78.198	78.017	78.557	77.933	80.965	80.071	78.054	78.168	78.550	78.090	78.171	78.070	81.647	80.691	78.419	78.457	78.406	78.044	78.156	78.032	80.627	80.547	78.303	78.209	78.573	78.367	77.933	77.865	81.035	80.487	78.021	78.180	78.261	78.165	78.339	78.093	80.948	80.002	78.175	78.150	78.043	78.068	78.397	78.126	80.639	80.408	78.484	78.647	78.363	78.730	78.508	78.844
sync	-
dvfs-transition	-
imbalance	-
other	1.239	0.923	1.011	0.681	0.522	0.750	0.601	0.603	1.151	0.568	0.467	0.439	0.462	0.664	0.364	0.745	0.506	0.575	0.848	0.733	0.614	0.831	0.488	0.544	0.631	0.763	0.502	0.707	0.738	0.634	0.503	0.646	0.585	0.632	1.109	0.955	0.592	0.798	0.486	0.557	0.979	0.452	0.398	0.478	0.397	0.739	0.565	0.566	0.522	0.664	0.482	0.509	0.378	0.855	0.503	0.774	0.571	0.967	1.101	1.206	0.733	0.857	1.095	0.675
