pcb_C_0	321.7176
pcb_C_1	322.0517
pcb_C_2	322.1679
pcb_C_3	322.2080
pcb_C_4	322.2080
pcb_C_5	322.1680
pcb_C_6	322.0519
pcb_C_7	321.7178
pcb_C_8	321.5423
pcb_C_9	321.9128
pcb_C_10	322.0801
pcb_C_11	322.1462
pcb_C_12	322.1463
pcb_C_13	322.0803
pcb_C_14	321.9132
pcb_C_15	321.5427
pcb_C_16	321.3027
pcb_C_17	321.5215
pcb_C_18	321.6463
pcb_C_19	321.7030
pcb_C_20	321.7031
pcb_C_21	321.6465
pcb_C_22	321.5217
pcb_C_23	321.3030
pcb_C_24	321.1509
pcb_C_25	321.2269
pcb_C_26	321.2895
pcb_C_27	321.3239
pcb_C_28	321.3240
pcb_C_29	321.2897
pcb_C_30	321.2271
pcb_C_31	321.1511
pcb_C_32	321.0529
pcb_C_33	321.0218
pcb_C_34	321.0291
pcb_C_35	321.0407
pcb_C_36	321.0408
pcb_C_37	321.0292
pcb_C_38	321.0220
pcb_C_39	321.0531
pcb_C_40	320.9812
pcb_C_41	320.8719
pcb_C_42	320.8375
pcb_C_43	320.8313
pcb_C_44	320.8314
pcb_C_45	320.8376
pcb_C_46	320.8721
pcb_C_47	320.9814
pcb_C_48	320.9150
pcb_C_49	320.7549
pcb_C_50	320.6981
pcb_C_51	320.6827
pcb_C_52	320.6827
pcb_C_53	320.6982
pcb_C_54	320.7550
pcb_C_55	320.9152
pcb_C_56	320.8056
pcb_C_57	320.6538
pcb_C_58	320.6100
pcb_C_59	320.5987
pcb_C_60	320.5987
pcb_C_61	320.6100
pcb_C_62	320.6538
pcb_C_63	320.8057
solder_C_0	321.9099
solder_C_1	322.2450
solder_C_2	322.3647
solder_C_3	322.4076
solder_C_4	322.4077
solder_C_5	322.3649
solder_C_6	322.2454
solder_C_7	321.9103
solder_C_8	321.7134
solder_C_9	322.0742
solder_C_10	322.2388
solder_C_11	322.3052
solder_C_12	322.3052
solder_C_13	322.2391
solder_C_14	322.0747
solder_C_15	321.7140
solder_C_16	321.3298
solder_C_17	321.5249
solder_C_18	321.6479
solder_C_19	321.7052
solder_C_20	321.7052
solder_C_21	321.6481
solder_C_22	321.5252
solder_C_23	321.3302
solder_C_24	321.1473
solder_C_25	321.2050
solder_C_26	321.2704
solder_C_27	321.3070
solder_C_28	321.3071
solder_C_29	321.2705
solder_C_30	321.2052
solder_C_31	321.1476
solder_C_32	321.0367
solder_C_33	320.9936
solder_C_34	321.0078
solder_C_35	321.0232
solder_C_36	321.0233
solder_C_37	321.0079
solder_C_38	320.9937
solder_C_39	321.0369
solder_C_40	320.9559
solder_C_41	320.8386
solder_C_42	320.8134
solder_C_43	320.8119
solder_C_44	320.8120
solder_C_45	320.8135
solder_C_46	320.8387
solder_C_47	320.9561
solder_C_48	320.8842
solder_C_49	320.7176
solder_C_50	320.6697
solder_C_51	320.6585
solder_C_52	320.6586
solder_C_53	320.6698
solder_C_54	320.7177
solder_C_55	320.8844
solder_C_56	320.7894
solder_C_57	320.6298
solder_C_58	320.5901
solder_C_59	320.5808
solder_C_60	320.5808
solder_C_61	320.5902
solder_C_62	320.6299
solder_C_63	320.7895
sub_C_0	321.9687
sub_C_1	322.2954
sub_C_2	322.4173
sub_C_3	322.4617
sub_C_4	322.4618
sub_C_5	322.4175
sub_C_6	322.2958
sub_C_7	321.9692
sub_C_8	321.7814
sub_C_9	322.1314
sub_C_10	322.2950
sub_C_11	322.3614
sub_C_12	322.3615
sub_C_13	322.2952
sub_C_14	322.1320
sub_C_15	321.7821
sub_C_16	321.3180
sub_C_17	321.5133
sub_C_18	321.6368
sub_C_19	321.6944
sub_C_20	321.6944
sub_C_21	321.6370
sub_C_22	321.5136
sub_C_23	321.3183
sub_C_24	321.1290
sub_C_25	321.1943
sub_C_26	321.2622
sub_C_27	321.2997
sub_C_28	321.2997
sub_C_29	321.2623
sub_C_30	321.1945
sub_C_31	321.1292
sub_C_32	321.0134
sub_C_33	320.9825
sub_C_34	321.0007
sub_C_35	321.0174
sub_C_36	321.0175
sub_C_37	321.0008
sub_C_38	320.9827
sub_C_39	321.0137
sub_C_40	320.9284
sub_C_41	320.8262
sub_C_42	320.8058
sub_C_43	320.8058
sub_C_44	320.8058
sub_C_45	320.8059
sub_C_46	320.8263
sub_C_47	320.9286
sub_C_48	320.8528
sub_C_49	320.7028
sub_C_50	320.6597
sub_C_51	320.6499
sub_C_52	320.6499
sub_C_53	320.6598
sub_C_54	320.7030
sub_C_55	320.8530
sub_C_56	320.7569
sub_C_57	320.6106
sub_C_58	320.5734
sub_C_59	320.5646
sub_C_60	320.5646
sub_C_61	320.5734
sub_C_62	320.6107
sub_C_63	320.7570
layer_3_C_0	322.5035
layer_3_C_1	322.7775
layer_3_C_2	322.9108
layer_3_C_3	322.9664
layer_3_C_4	322.9666
layer_3_C_5	322.9110
layer_3_C_6	322.7784
layer_3_C_7	322.5047
layer_3_C_8	322.4064
layer_3_C_9	322.6937
layer_3_C_10	322.8470
layer_3_C_11	322.9140
layer_3_C_12	322.9140
layer_3_C_13	322.8473
layer_3_C_14	322.6947
layer_3_C_15	322.4079
layer_3_C_16	321.1781
layer_3_C_17	321.3908
layer_3_C_18	321.5201
layer_3_C_19	321.5803
layer_3_C_20	321.5804
layer_3_C_21	321.5202
layer_3_C_22	321.3911
layer_3_C_23	321.1785
layer_3_C_24	320.9502
layer_3_C_25	321.0901
layer_3_C_26	321.1828
layer_3_C_27	321.2283
layer_3_C_28	321.2283
layer_3_C_29	321.1830
layer_3_C_30	321.0903
layer_3_C_31	320.9505
layer_3_C_32	320.7975
layer_3_C_33	320.8759
layer_3_C_34	320.9323
layer_3_C_35	320.9614
layer_3_C_36	320.9614
layer_3_C_37	320.9324
layer_3_C_38	320.8760
layer_3_C_39	320.7977
layer_3_C_40	320.6783
layer_3_C_41	320.7065
layer_3_C_42	320.7319
layer_3_C_43	320.7464
layer_3_C_44	320.7465
layer_3_C_45	320.7320
layer_3_C_46	320.7066
layer_3_C_47	320.6785
layer_3_C_48	320.5721
layer_3_C_49	320.5607
layer_3_C_50	320.5627
layer_3_C_51	320.5665
layer_3_C_52	320.5665
layer_3_C_53	320.5628
layer_3_C_54	320.5608
layer_3_C_55	320.5722
layer_3_C_56	320.4567
layer_3_C_57	320.4212
layer_3_C_58	320.4116
layer_3_C_59	320.4100
layer_3_C_60	320.4100
layer_3_C_61	320.4116
layer_3_C_62	320.4213
layer_3_C_63	320.4568
layer_4_TB_0	322.4392
layer_4_TB_1	322.7131
layer_4_TB_2	322.8464
layer_4_TB_3	322.9020
layer_4_TB_4	322.9022
layer_4_TB_5	322.8466
layer_4_TB_6	322.7140
layer_4_TB_7	322.4404
layer_4_TB_8	322.3424
layer_4_TB_9	322.6297
layer_4_TB_10	322.7830
layer_4_TB_11	322.8499
layer_4_TB_12	322.8500
layer_4_TB_13	322.7832
layer_4_TB_14	322.6306
layer_4_TB_15	322.3438
layer_4_TB_16	321.1777
layer_4_TB_17	321.3905
layer_4_TB_18	321.5197
layer_4_TB_19	321.5800
layer_4_TB_20	321.5801
layer_4_TB_21	321.5199
layer_4_TB_22	321.3908
layer_4_TB_23	321.1781
layer_4_TB_24	320.9500
layer_4_TB_25	321.0900
layer_4_TB_26	321.1827
layer_4_TB_27	321.2282
layer_4_TB_28	321.2283
layer_4_TB_29	321.1829
layer_4_TB_30	321.0902
layer_4_TB_31	320.9502
layer_4_TB_32	320.7973
layer_4_TB_33	320.8758
layer_4_TB_34	320.9322
layer_4_TB_35	320.9613
layer_4_TB_36	320.9613
layer_4_TB_37	320.9323
layer_4_TB_38	320.8759
layer_4_TB_39	320.7974
layer_4_TB_40	320.6780
layer_4_TB_41	320.7064
layer_4_TB_42	320.7318
layer_4_TB_43	320.7464
layer_4_TB_44	320.7464
layer_4_TB_45	320.7319
layer_4_TB_46	320.7065
layer_4_TB_47	320.6782
layer_4_TB_48	320.5718
layer_4_TB_49	320.5605
layer_4_TB_50	320.5626
layer_4_TB_51	320.5664
layer_4_TB_52	320.5665
layer_4_TB_53	320.5627
layer_4_TB_54	320.5606
layer_4_TB_55	320.5720
layer_4_TB_56	320.4564
layer_4_TB_57	320.4210
layer_4_TB_58	320.4114
layer_4_TB_59	320.4098
layer_4_TB_60	320.4098
layer_4_TB_61	320.4114
layer_4_TB_62	320.4211
layer_4_TB_63	320.4565
hsp_TB_0	321.7960
hsp_TB_1	322.0698
hsp_TB_2	322.2026
hsp_TB_3	322.2582
hsp_TB_4	322.2583
hsp_TB_5	322.2028
hsp_TB_6	322.0704
hsp_TB_7	321.7966
hsp_TB_8	321.7024
hsp_TB_9	321.9897
hsp_TB_10	322.1422
hsp_TB_11	322.2091
hsp_TB_12	322.2092
hsp_TB_13	322.1425
hsp_TB_14	321.9903
hsp_TB_15	321.7031
hsp_TB_16	321.1737
hsp_TB_17	321.3872
hsp_TB_18	321.5166
hsp_TB_19	321.5769
hsp_TB_20	321.5769
hsp_TB_21	321.5167
hsp_TB_22	321.3875
hsp_TB_23	321.1740
hsp_TB_24	320.9477
hsp_TB_25	321.0889
hsp_TB_26	321.1819
hsp_TB_27	321.2274
hsp_TB_28	321.2274
hsp_TB_29	321.1820
hsp_TB_30	321.0891
hsp_TB_31	320.9480
hsp_TB_32	320.7948
hsp_TB_33	320.8746
hsp_TB_34	320.9315
hsp_TB_35	320.9607
hsp_TB_36	320.9607
hsp_TB_37	320.9316
hsp_TB_38	320.8748
hsp_TB_39	320.7950
hsp_TB_40	320.6754
hsp_TB_41	320.7052
hsp_TB_42	320.7310
hsp_TB_43	320.7457
hsp_TB_44	320.7458
hsp_TB_45	320.7311
hsp_TB_46	320.7053
hsp_TB_47	320.6756
hsp_TB_48	320.5690
hsp_TB_49	320.5591
hsp_TB_50	320.5616
hsp_TB_51	320.5655
hsp_TB_52	320.5656
hsp_TB_53	320.5617
hsp_TB_54	320.5592
hsp_TB_55	320.5692
hsp_TB_56	320.4532
hsp_TB_57	320.4187
hsp_TB_58	320.4094
hsp_TB_59	320.4079
hsp_TB_60	320.4079
hsp_TB_61	320.4094
hsp_TB_62	320.4188
hsp_TB_63	320.4533
hsink_TB_0	321.5346
hsink_TB_1	321.7990
hsink_TB_2	321.9309
hsink_TB_3	321.9864
hsink_TB_4	321.9865
hsink_TB_5	321.9311
hsink_TB_6	321.7993
hsink_TB_7	321.5350
hsink_TB_8	321.4479
hsink_TB_9	321.7261
hsink_TB_10	321.8777
hsink_TB_11	321.9444
hsink_TB_12	321.9445
hsink_TB_13	321.8779
hsink_TB_14	321.7265
hsink_TB_15	321.4483
hsink_TB_16	321.1540
hsink_TB_17	321.3668
hsink_TB_18	321.4959
hsink_TB_19	321.5562
hsink_TB_20	321.5562
hsink_TB_21	321.4961
hsink_TB_22	321.3670
hsink_TB_23	321.1544
hsink_TB_24	320.9438
hsink_TB_25	321.0852
hsink_TB_26	321.1783
hsink_TB_27	321.2238
hsink_TB_28	321.2238
hsink_TB_29	321.1784
hsink_TB_30	321.0854
hsink_TB_31	320.9440
hsink_TB_32	320.7919
hsink_TB_33	320.8722
hsink_TB_34	320.9292
hsink_TB_35	320.9584
hsink_TB_36	320.9585
hsink_TB_37	320.9293
hsink_TB_38	320.8723
hsink_TB_39	320.7921
hsink_TB_40	320.6726
hsink_TB_41	320.7028
hsink_TB_42	320.7289
hsink_TB_43	320.7437
hsink_TB_44	320.7437
hsink_TB_45	320.7290
hsink_TB_46	320.7030
hsink_TB_47	320.6727
hsink_TB_48	320.5662
hsink_TB_49	320.5567
hsink_TB_50	320.5595
hsink_TB_51	320.5635
hsink_TB_52	320.5635
hsink_TB_53	320.5596
hsink_TB_54	320.5568
hsink_TB_55	320.5663
hsink_TB_56	320.4502
hsink_TB_57	320.4162
hsink_TB_58	320.4070
hsink_TB_59	320.4055
hsink_TB_60	320.4055
hsink_TB_61	320.4070
hsink_TB_62	320.4162
hsink_TB_63	320.4503
inode_0	320.6331
inode_1	320.6333
inode_2	320.1599
inode_3	321.4257
inode_4	320.6284
inode_5	320.6286
inode_6	320.1566
inode_7	321.4176
inode_8	320.4147
inode_9	320.4149
inode_10	319.9836
inode_11	321.1358
inode_12	321.2100
inode_13	321.2103
inode_14	320.6406
inode_15	322.2123
inode_16	321.2097
inode_17	321.2100
inode_18	320.6411
inode_19	322.2095
inode_20	321.0890
inode_21	321.0892
inode_22	320.5794
inode_23	321.9422
inode_24	320.4044
inode_25	320.4046
inode_26	320.0135
inode_27	321.0589
