pcb_LC_0	352.5177
pcb_LC_1	353.7534
pcb_LC_2	354.2953
pcb_LC_3	354.5115
pcb_LC_4	354.5114
pcb_LC_5	354.2946
pcb_LC_6	353.7521
pcb_LC_7	352.5157
pcb_LC_8	352.4956
pcb_LC_9	353.9600
pcb_LC_10	354.6550
pcb_LC_11	354.9402
pcb_LC_12	354.9400
pcb_LC_13	354.6539
pcb_LC_14	353.9583
pcb_LC_15	352.4931
pcb_LC_16	352.4960
pcb_LC_17	353.9606
pcb_LC_18	354.6558
pcb_LC_19	354.9411
pcb_LC_20	354.9409
pcb_LC_21	354.6547
pcb_LC_22	353.9588
pcb_LC_23	352.4933
pcb_LC_24	352.5188
pcb_LC_25	353.7552
pcb_LC_26	354.2975
pcb_LC_27	354.5138
pcb_LC_28	354.5137
pcb_LC_29	354.2966
pcb_LC_30	353.7537
pcb_LC_31	352.5164
solder_LC_0	354.6645
solder_LC_1	355.0797
solder_LC_2	355.3922
solder_LC_3	355.5536
solder_LC_4	355.5542
solder_LC_5	355.3909
solder_LC_6	355.0783
solder_LC_7	354.6614
solder_LC_8	354.7936
solder_LC_9	355.3449
solder_LC_10	355.7518
solder_LC_11	355.9610
solder_LC_12	355.9615
solder_LC_13	355.7503
solder_LC_14	355.3431
solder_LC_15	354.7893
solder_LC_16	354.7943
solder_LC_17	355.3459
solder_LC_18	355.7533
solder_LC_19	355.9626
solder_LC_20	355.9627
solder_LC_21	355.7512
solder_LC_22	355.3438
solder_LC_23	354.7894
solder_LC_24	354.6665
solder_LC_25	355.0829
solder_LC_26	355.3963
solder_LC_27	355.5581
solder_LC_28	355.5584
solder_LC_29	355.3946
solder_LC_30	355.0810
solder_LC_31	354.6617
sub_LC_0	354.8947
sub_LC_1	355.3279
sub_LC_2	355.6679
sub_LC_3	355.8449
sub_LC_4	355.8468
sub_LC_5	355.6659
sub_LC_6	355.3266
sub_LC_7	354.8912
sub_LC_8	355.0312
sub_LC_9	355.5851
sub_LC_10	356.0122
sub_LC_11	356.2327
sub_LC_12	356.2342
sub_LC_13	356.0103
sub_LC_14	355.5839
sub_LC_15	355.0257
sub_LC_16	355.0321
sub_LC_17	355.5858
sub_LC_18	356.0136
sub_LC_19	356.2342
sub_LC_20	356.2349
sub_LC_21	356.0104
sub_LC_22	355.5845
sub_LC_23	355.0257
sub_LC_24	354.8976
sub_LC_25	355.3320
sub_LC_26	355.6737
sub_LC_27	355.8513
sub_LC_28	355.8525
sub_LC_29	355.6711
sub_LC_30	355.3305
sub_LC_31	354.8904
layer_3_LC_0	356.8898
layer_3_LC_1	357.5886
layer_3_LC_2	358.2011
layer_3_LC_3	358.5220
layer_3_LC_4	358.5379
layer_3_LC_5	358.1901
layer_3_LC_6	357.5900
layer_3_LC_7	356.8833
layer_3_LC_8	357.0923
layer_3_LC_9	357.8479
layer_3_LC_10	358.5116
layer_3_LC_11	358.8515
layer_3_LC_12	358.8646
layer_3_LC_13	358.5063
layer_3_LC_14	357.8543
layer_3_LC_15	357.0739
layer_3_LC_16	357.0952
layer_3_LC_17	357.8448
layer_3_LC_18	358.5122
layer_3_LC_19	358.8517
layer_3_LC_20	358.8588
layer_3_LC_21	358.4961
layer_3_LC_22	357.8520
layer_3_LC_23	357.0739
layer_3_LC_24	356.9018
layer_3_LC_25	357.6030
layer_3_LC_26	358.2240
layer_3_LC_27	358.5482
layer_3_LC_28	358.5606
layer_3_LC_29	358.2120
layer_3_LC_30	357.6074
layer_3_LC_31	356.8698
layer_4_TB_0	356.7932
layer_4_TB_1	357.4921
layer_4_TB_2	358.1042
layer_4_TB_3	358.4248
layer_4_TB_4	358.4407
layer_4_TB_5	358.0932
layer_4_TB_6	357.4935
layer_4_TB_7	356.7867
layer_4_TB_8	356.9959
layer_4_TB_9	357.7516
layer_4_TB_10	358.4150
layer_4_TB_11	358.7546
layer_4_TB_12	358.7677
layer_4_TB_13	358.4096
layer_4_TB_14	357.7581
layer_4_TB_15	356.9775
layer_4_TB_16	356.9988
layer_4_TB_17	357.7484
layer_4_TB_18	358.4155
layer_4_TB_19	358.7547
layer_4_TB_20	358.7618
layer_4_TB_21	358.3993
layer_4_TB_22	357.7558
layer_4_TB_23	356.9776
layer_4_TB_24	356.8053
layer_4_TB_25	357.5065
layer_4_TB_26	358.1271
layer_4_TB_27	358.4511
layer_4_TB_28	358.4635
layer_4_TB_29	358.1151
layer_4_TB_30	357.5109
layer_4_TB_31	356.7733
layer_5_B_0	355.8279
layer_5_B_1	356.5270
layer_5_B_2	357.1353
layer_5_B_3	357.4532
layer_5_B_4	357.4695
layer_5_B_5	357.1239
layer_5_B_6	356.5285
layer_5_B_7	355.8215
layer_5_B_8	356.0324
layer_5_B_9	356.7888
layer_5_B_10	357.4486
layer_5_B_11	357.7851
layer_5_B_12	357.7987
layer_5_B_13	357.4433
layer_5_B_14	356.7957
layer_5_B_15	356.0137
layer_5_B_16	356.0353
layer_5_B_17	356.7852
layer_5_B_18	357.4488
layer_5_B_19	357.7849
layer_5_B_20	357.7921
layer_5_B_21	357.4320
layer_5_B_22	356.7930
layer_5_B_23	356.0140
layer_5_B_24	355.8399
layer_5_B_25	356.5415
layer_5_B_26	357.1585
layer_5_B_27	357.4796
layer_5_B_28	357.4925
layer_5_B_29	357.1462
layer_5_B_30	356.5463
layer_5_B_31	355.8076
layer_6_TB_0	355.6868
layer_6_TB_1	356.3866
layer_6_TB_2	356.9943
layer_6_TB_3	357.3116
layer_6_TB_4	357.3282
layer_6_TB_5	356.9830
layer_6_TB_6	356.3881
layer_6_TB_7	355.6804
layer_6_TB_8	355.8921
layer_6_TB_9	356.6490
layer_6_TB_10	357.3082
layer_6_TB_11	357.6445
layer_6_TB_12	357.6579
layer_6_TB_13	357.3029
layer_6_TB_14	356.6558
layer_6_TB_15	355.8730
layer_6_TB_16	355.8948
layer_6_TB_17	356.6454
layer_6_TB_18	357.3081
layer_6_TB_19	357.6442
layer_6_TB_20	357.6513
layer_6_TB_21	357.2915
layer_6_TB_22	356.6530
layer_6_TB_23	355.8735
layer_6_TB_24	355.6988
layer_6_TB_25	356.4009
layer_6_TB_26	357.0172
layer_6_TB_27	357.3381
layer_6_TB_28	357.3511
layer_6_TB_29	357.0050
layer_6_TB_30	356.4056
layer_6_TB_31	355.6666
layer_7_B_32	354.2755
layer_7_B_33	354.9820
layer_7_B_34	355.5843
layer_7_B_35	355.8956
layer_7_B_36	355.9149
layer_7_B_37	355.5740
layer_7_B_38	354.9838
layer_7_B_39	354.2694
layer_7_B_40	354.4889
layer_7_B_41	355.2511
layer_7_B_42	355.9045
layer_7_B_43	356.2381
layer_7_B_44	356.2506
layer_7_B_45	355.8993
layer_7_B_46	355.2569
layer_7_B_47	354.4658
layer_7_B_48	354.4898
layer_7_B_49	355.2483
layer_7_B_50	355.9021
layer_7_B_51	356.2370
layer_7_B_52	356.2427
layer_7_B_53	355.8859
layer_7_B_54	355.2535
layer_7_B_55	354.4685
layer_7_B_56	354.2876
layer_7_B_57	354.9949
layer_7_B_58	355.6043
layer_7_B_59	355.9227
layer_7_B_60	355.9366
layer_7_B_61	355.5934
layer_7_B_62	354.9988
layer_7_B_63	354.2564
layer_8_TB_0	354.0906
layer_8_TB_1	354.7984
layer_8_TB_2	355.3999
layer_8_TB_3	355.7103
layer_8_TB_4	355.7295
layer_8_TB_5	355.3895
layer_8_TB_6	354.8000
layer_8_TB_7	354.0844
layer_8_TB_8	354.3049
layer_8_TB_9	355.0684
layer_8_TB_10	355.7211
layer_8_TB_11	356.0543
layer_8_TB_12	356.0666
layer_8_TB_13	355.7157
layer_8_TB_14	355.0740
layer_8_TB_15	354.2819
layer_8_TB_16	354.3057
layer_8_TB_17	355.0656
layer_8_TB_18	355.7184
layer_8_TB_19	356.0529
layer_8_TB_20	356.0586
layer_8_TB_21	355.7024
layer_8_TB_22	355.0706
layer_8_TB_23	354.2844
layer_8_TB_24	354.1028
layer_8_TB_25	354.8108
layer_8_TB_26	355.4194
layer_8_TB_27	355.7373
layer_8_TB_28	355.7513
layer_8_TB_29	355.4086
layer_8_TB_30	354.8147
layer_8_TB_31	354.0717
layer_9_B_64	352.2420
layer_9_B_65	352.9615
layer_9_B_66	353.5561
layer_9_B_67	353.8570
layer_9_B_68	353.8761
layer_9_B_69	353.5444
layer_9_B_70	352.9617
layer_9_B_71	352.2345
layer_9_B_72	352.4656
layer_9_B_73	353.2409
layer_9_B_74	353.8872
layer_9_B_75	354.2165
layer_9_B_76	354.2265
layer_9_B_77	353.8802
layer_9_B_78	353.2443
layer_9_B_79	352.4433
layer_9_B_80	352.4645
layer_9_B_81	353.2386
layer_9_B_82	353.8817
layer_9_B_83	354.2122
layer_9_B_84	354.2182
layer_9_B_85	353.8675
layer_9_B_86	353.2415
layer_9_B_87	352.4433
layer_9_B_88	352.2543
layer_9_B_89	352.9692
layer_9_B_90	353.5711
layer_9_B_91	353.8832
layer_9_B_92	353.8986
layer_9_B_93	353.5613
layer_9_B_94	352.9743
layer_9_B_95	352.2240
layer_10_TB_0	352.0144
layer_10_TB_1	352.7354
layer_10_TB_2	353.3288
layer_10_TB_3	353.6290
layer_10_TB_4	353.6478
layer_10_TB_5	353.3172
layer_10_TB_6	352.7356
layer_10_TB_7	352.0069
layer_10_TB_8	352.2392
layer_10_TB_9	353.0162
layer_10_TB_10	353.6617
layer_10_TB_11	353.9903
layer_10_TB_12	353.9999
layer_10_TB_13	353.6545
layer_10_TB_14	353.0191
layer_10_TB_15	352.2170
layer_10_TB_16	352.2378
layer_10_TB_17	353.0137
layer_10_TB_18	353.6560
layer_10_TB_19	353.9858
layer_10_TB_20	353.9918
layer_10_TB_21	353.6419
layer_10_TB_22	353.0166
layer_10_TB_23	352.2167
layer_10_TB_24	352.0267
layer_10_TB_25	352.7425
layer_10_TB_26	353.3436
layer_10_TB_27	353.6550
layer_10_TB_28	353.6704
layer_10_TB_29	353.3341
layer_10_TB_30	352.7479
layer_10_TB_31	351.9964
layer_11_B_96	349.7374
layer_11_B_97	350.4738
layer_11_B_98	351.0567
layer_11_B_99	351.3491
layer_11_B_100	351.3649
layer_11_B_101	351.0451
layer_11_B_102	350.4744
layer_11_B_103	349.7306
layer_11_B_104	349.9746
layer_11_B_105	350.7685
layer_11_B_106	351.4069
layer_11_B_107	351.7287
layer_11_B_108	351.7345
layer_11_B_109	351.3981
layer_11_B_110	350.7678
layer_11_B_111	349.9545
layer_11_B_112	349.9712
layer_11_B_113	350.7645
layer_11_B_114	351.3996
layer_11_B_115	351.7225
layer_11_B_116	351.7288
layer_11_B_117	351.3868
layer_11_B_118	350.7674
layer_11_B_119	349.9502
layer_11_B_120	349.7500
layer_11_B_121	350.4761
layer_11_B_122	351.0689
layer_11_B_123	351.3730
layer_11_B_124	351.3887
layer_11_B_125	351.0619
layer_11_B_126	350.4831
layer_11_B_127	349.7202
layer_12_TB_0	349.4680
layer_12_TB_1	350.2061
layer_12_TB_2	350.7879
layer_12_TB_3	351.0796
layer_12_TB_4	351.0948
layer_12_TB_5	350.7764
layer_12_TB_6	350.2068
layer_12_TB_7	349.4610
layer_12_TB_8	349.7066
layer_12_TB_9	350.5028
layer_12_TB_10	351.1404
layer_12_TB_11	351.4613
layer_12_TB_12	351.4669
layer_12_TB_13	351.1315
layer_12_TB_14	350.5020
layer_12_TB_15	349.6865
layer_12_TB_16	349.7031
layer_12_TB_17	350.4988
layer_12_TB_18	351.1331
layer_12_TB_19	351.4551
layer_12_TB_20	351.4612
layer_12_TB_21	351.1202
layer_12_TB_22	350.5014
layer_12_TB_23	349.6821
layer_12_TB_24	349.4805
layer_12_TB_25	350.2083
layer_12_TB_26	350.7999
layer_12_TB_27	351.1031
layer_12_TB_28	351.1188
layer_12_TB_29	350.7931
layer_12_TB_30	350.2155
layer_12_TB_31	349.4509
layer_13_B_128	346.7735
layer_13_B_129	347.5292
layer_13_B_130	348.1003
layer_13_B_131	348.3841
layer_13_B_132	348.3935
layer_13_B_133	348.0884
layer_13_B_134	347.5306
layer_13_B_135	346.7656
layer_13_B_136	347.0261
layer_13_B_137	347.8463
layer_13_B_138	348.4760
layer_13_B_139	348.7872
layer_13_B_140	348.7908
layer_13_B_141	348.4654
layer_13_B_142	347.8437
layer_13_B_143	347.0061
layer_13_B_144	347.0219
layer_13_B_145	347.8423
layer_13_B_146	348.4682
layer_13_B_147	348.7821
layer_13_B_148	348.7852
layer_13_B_149	348.4545
layer_13_B_150	347.8418
layer_13_B_151	347.0010
layer_13_B_152	346.7849
layer_13_B_153	347.5300
layer_13_B_154	348.1099
layer_13_B_155	348.4043
layer_13_B_156	348.4190
layer_13_B_157	348.1054
layer_13_B_158	347.5393
layer_13_B_159	346.7571
layer_14_TB_0	346.4636
layer_14_TB_1	347.2215
layer_14_TB_2	347.7912
layer_14_TB_3	348.0741
layer_14_TB_4	348.0830
layer_14_TB_5	347.7794
layer_14_TB_6	347.2229
layer_14_TB_7	346.4558
layer_14_TB_8	346.7176
layer_14_TB_9	347.5409
layer_14_TB_10	348.1697
layer_14_TB_11	348.4798
layer_14_TB_12	348.4832
layer_14_TB_13	348.1590
layer_14_TB_14	347.5383
layer_14_TB_15	346.6980
layer_14_TB_16	346.7134
layer_14_TB_17	347.5368
layer_14_TB_18	348.1620
layer_14_TB_19	348.4747
layer_14_TB_20	348.4778
layer_14_TB_21	348.1483
layer_14_TB_22	347.5364
layer_14_TB_23	346.6928
layer_14_TB_24	346.4748
layer_14_TB_25	347.2222
layer_14_TB_26	347.8008
layer_14_TB_27	348.0938
layer_14_TB_28	348.1083
layer_14_TB_29	347.7963
layer_14_TB_30	347.2316
layer_14_TB_31	346.4475
layer_15_B_160	343.3642
layer_15_B_161	344.1440
layer_15_B_162	344.7007
layer_15_B_163	344.9743
layer_15_B_164	344.9777
layer_15_B_165	344.6884
layer_15_B_166	344.1463
layer_15_B_167	343.3572
layer_15_B_168	343.6323
layer_15_B_169	344.4870
layer_15_B_170	345.1071
layer_15_B_171	345.4064
layer_15_B_172	345.4078
layer_15_B_173	345.0946
layer_15_B_174	344.4845
layer_15_B_175	343.6176
layer_15_B_176	343.6287
layer_15_B_177	344.4829
layer_15_B_178	345.1001
layer_15_B_179	345.4017
layer_15_B_180	345.4035
layer_15_B_181	345.0869
layer_15_B_182	344.4829
layer_15_B_183	343.6100
layer_15_B_184	343.3746
layer_15_B_185	344.1449
layer_15_B_186	344.7099
layer_15_B_187	344.9891
layer_15_B_188	345.0016
layer_15_B_189	344.7059
layer_15_B_190	344.1553
layer_15_B_191	343.3505
layer_16_TB_0	343.0152
layer_16_TB_1	343.7977
layer_16_TB_2	344.3529
layer_16_TB_3	344.6253
layer_16_TB_4	344.6285
layer_16_TB_5	344.3408
layer_16_TB_6	343.8001
layer_16_TB_7	343.0083
layer_16_TB_8	343.2851
layer_16_TB_9	344.1436
layer_16_TB_10	344.7624
layer_16_TB_11	345.0605
layer_16_TB_12	345.0620
layer_16_TB_13	344.7501
layer_16_TB_14	344.1413
layer_16_TB_15	343.2707
layer_16_TB_16	343.2814
layer_16_TB_17	344.1395
layer_16_TB_18	344.7556
layer_16_TB_19	345.0560
layer_16_TB_20	345.0577
layer_16_TB_21	344.7426
layer_16_TB_22	344.1395
layer_16_TB_23	343.2631
layer_16_TB_24	343.0254
layer_16_TB_25	343.7988
layer_16_TB_26	344.3619
layer_16_TB_27	344.6399
layer_16_TB_28	344.6518
layer_16_TB_29	344.3580
layer_16_TB_30	343.8089
layer_16_TB_31	343.0017
layer_17_B_192	339.5251
layer_17_B_193	340.3343
layer_17_B_194	340.8740
layer_17_B_195	341.1355
layer_17_B_196	341.1369
layer_17_B_197	340.8646
layer_17_B_198	340.3378
layer_17_B_199	339.5192
layer_17_B_200	339.8125
layer_17_B_201	340.7091
layer_17_B_202	341.3163
layer_17_B_203	341.6023
layer_17_B_204	341.6036
layer_17_B_205	341.3055
layer_17_B_206	340.7087
layer_17_B_207	339.8013
layer_17_B_208	339.8091
layer_17_B_209	340.7065
layer_17_B_210	341.3113
layer_17_B_211	341.5995
layer_17_B_212	341.6000
layer_17_B_213	341.3002
layer_17_B_214	340.7053
layer_17_B_215	339.7944
layer_17_B_216	339.5329
layer_17_B_217	340.3371
layer_17_B_218	340.8828
layer_17_B_219	341.1471
layer_17_B_220	341.1540
layer_17_B_221	340.8792
layer_17_B_222	340.3453
layer_17_B_223	339.5141
layer_18_TB_0	339.1384
layer_18_TB_1	339.9512
layer_18_TB_2	340.4890
layer_18_TB_3	340.7491
layer_18_TB_4	340.7503
layer_18_TB_5	340.4799
layer_18_TB_6	339.9545
layer_18_TB_7	339.1326
layer_18_TB_8	339.4280
layer_18_TB_9	340.3294
layer_18_TB_10	340.9349
layer_18_TB_11	341.2197
layer_18_TB_12	341.2211
layer_18_TB_13	340.9245
layer_18_TB_14	340.3291
layer_18_TB_15	339.4170
layer_18_TB_16	339.4247
layer_18_TB_17	340.3269
layer_18_TB_18	340.9301
layer_18_TB_19	341.2171
layer_18_TB_20	341.2174
layer_18_TB_21	340.9193
layer_18_TB_22	340.3256
layer_18_TB_23	339.4105
layer_18_TB_24	339.1460
layer_18_TB_25	339.9540
layer_18_TB_26	340.4975
layer_18_TB_27	340.7603
layer_18_TB_28	340.7669
layer_18_TB_29	340.4939
layer_18_TB_30	339.9619
layer_18_TB_31	339.1278
layer_19_B_224	335.2715
layer_19_B_225	336.1196
layer_19_B_226	336.6391
layer_19_B_227	336.8851
layer_19_B_228	336.8847
layer_19_B_229	336.6326
layer_19_B_230	336.1209
layer_19_B_231	335.2666
layer_19_B_232	335.5821
layer_19_B_233	336.5324
layer_19_B_234	337.1213
layer_19_B_235	337.3944
layer_19_B_236	337.3958
layer_19_B_237	337.1140
layer_19_B_238	336.5325
layer_19_B_239	335.5742
layer_19_B_240	335.5805
layer_19_B_241	336.5312
layer_19_B_242	337.1180
layer_19_B_243	337.3932
layer_19_B_244	337.3924
layer_19_B_245	337.1106
layer_19_B_246	336.5289
layer_19_B_247	335.5715
layer_19_B_248	335.2769
layer_19_B_249	336.1225
layer_19_B_250	336.6442
layer_19_B_251	336.8919
layer_19_B_252	336.8954
layer_19_B_253	336.6409
layer_19_B_254	336.1272
layer_19_B_255	335.2649
layer_20_TB_0	334.8490
layer_20_TB_1	335.7014
layer_20_TB_2	336.2186
layer_20_TB_3	336.4629
layer_20_TB_4	336.4625
layer_20_TB_5	336.2125
layer_20_TB_6	335.7025
layer_20_TB_7	334.8443
layer_20_TB_8	335.1620
layer_20_TB_9	336.1181
layer_20_TB_10	336.7050
layer_20_TB_11	336.9769
layer_20_TB_12	336.9782
layer_20_TB_13	336.6981
layer_20_TB_14	336.1180
layer_20_TB_15	335.1546
layer_20_TB_16	335.1606
layer_20_TB_17	336.1169
layer_20_TB_18	336.7019
layer_20_TB_19	336.9759
layer_20_TB_20	336.9750
layer_20_TB_21	336.6950
layer_20_TB_22	336.1148
layer_20_TB_23	335.1521
layer_20_TB_24	334.8540
layer_20_TB_25	335.7041
layer_20_TB_26	336.2233
layer_20_TB_27	336.4692
layer_20_TB_28	336.4724
layer_20_TB_29	336.2202
layer_20_TB_30	335.7083
layer_20_TB_31	334.8428
hsp_TB_0	330.6236
hsp_TB_1	331.5192
hsp_TB_2	332.0130
hsp_TB_3	332.2401
hsp_TB_4	332.2397
hsp_TB_5	332.0111
hsp_TB_6	331.5183
hsp_TB_7	330.6216
hsp_TB_8	330.9611
hsp_TB_9	331.9747
hsp_TB_10	332.5412
hsp_TB_11	332.8018
hsp_TB_12	332.8016
hsp_TB_13	332.5390
hsp_TB_14	331.9734
hsp_TB_15	330.9583
hsp_TB_16	330.9612
hsp_TB_17	331.9747
hsp_TB_18	332.5411
hsp_TB_19	332.8021
hsp_TB_20	332.8017
hsp_TB_21	332.5390
hsp_TB_22	331.9732
hsp_TB_23	330.9580
hsp_TB_24	330.6249
hsp_TB_25	331.5201
hsp_TB_26	332.0144
hsp_TB_27	332.2420
hsp_TB_28	332.2423
hsp_TB_29	332.0132
hsp_TB_30	331.5197
hsp_TB_31	330.6215
hsink_TB_0	329.0775
hsink_TB_1	329.8417
hsink_TB_2	330.3039
hsink_TB_3	330.5209
hsink_TB_4	330.5207
hsink_TB_5	330.3031
hsink_TB_6	329.8408
hsink_TB_7	329.0763
hsink_TB_8	329.3335
hsink_TB_9	330.2068
hsink_TB_10	330.7397
hsink_TB_11	330.9906
hsink_TB_12	330.9903
hsink_TB_13	330.7388
hsink_TB_14	330.2057
hsink_TB_15	329.3321
hsink_TB_16	329.3336
hsink_TB_17	330.2069
hsink_TB_18	330.7398
hsink_TB_19	330.9908
hsink_TB_20	330.9906
hsink_TB_21	330.7390
hsink_TB_22	330.2058
hsink_TB_23	329.3321
hsink_TB_24	329.0778
hsink_TB_25	329.8421
hsink_TB_26	330.3044
hsink_TB_27	330.5216
hsink_TB_28	330.5214
hsink_TB_29	330.3037
hsink_TB_30	329.8412
hsink_TB_31	329.0765
inode_0	326.8695
inode_1	326.8683
inode_2	327.4530
inode_3	327.4524
inode_4	326.8303
inode_5	326.8291
inode_6	327.4211
inode_7	327.4205
inode_8	325.6123
inode_9	325.6113
inode_10	325.9515
inode_11	325.9511
inode_12	354.4659
inode_13	354.4617
inode_14	354.1521
inode_15	354.1489
inode_16	354.4448
inode_17	354.4406
inode_18	354.1459
inode_19	354.1428
inode_20	350.5877
inode_21	350.5851
inode_22	353.0682
inode_23	353.0654
inode_24	339.7904
inode_25	339.7887
inode_26	340.0619
inode_27	340.0602
