C_0	C_1	C_2	C_3	C_4	C_5	C_6	C_7	C_8	C_9	C_10	C_11	C_12	C_13	C_14	C_15	C_16	C_17	C_18	C_19	C_20	C_21	C_22	C_23	C_24	C_25	C_26	C_27	C_28	C_29	C_30	C_31	
68.33	69.22	69.23	68.38	69.16	70.50	70.50	69.14	69.65	71.00	71.00	69.68	68.94	69.82	69.82	68.90	66.38	67.27	67.24	66.42	67.16	68.43	68.39	67.09	67.13	68.43	68.39	67.09	66.36	67.17	67.14	66.29
68.38	69.28	69.28	68.48	69.17	70.42	70.42	69.11	69.65	70.96	70.96	69.72	69.13	69.99	69.98	69.03	66.20	67.12	67.11	66.29	66.87	68.07	68.06	66.79	66.80	68.07	68.05	66.82	66.16	66.94	66.93	66.05
68.17	69.06	69.06	68.31	68.92	70.09	70.09	68.83	69.63	70.89	70.90	69.73	69.25	70.08	70.08	69.11	66.11	67.05	67.05	66.24	66.71	67.85	67.84	66.61	66.60	67.83	67.83	66.66	66.06	66.80	66.79	65.92
68.40	69.29	69.29	68.57	69.13	70.25	70.25	69.01	69.36	70.58	70.58	69.49	69.09	69.90	69.89	68.91	66.06	67.01	67.01	66.21	66.61	67.69	67.68	66.49	66.45	67.66	67.65	66.54	65.99	66.71	66.69	65.83
68.19	69.08	69.08	68.39	68.90	69.97	69.96	68.76	69.55	70.75	70.76	69.71	69.37	70.17	70.15	69.17	66.03	66.98	66.98	66.20	66.54	67.57	67.56	66.40	66.35	67.52	67.52	66.45	65.95	66.64	66.62	65.77
68.41	69.30	69.31	68.64	69.11	70.15	70.14	68.95	69.30	70.47	70.48	69.48	69.19	69.97	69.96	68.97	66.01	66.96	66.97	66.20	66.49	67.48	67.46	66.33	66.27	67.41	67.42	66.39	65.92	66.59	66.57	65.72
68.20	69.09	69.09	68.45	68.89	69.88	69.87	68.71	69.50	70.66	70.67	69.70	69.45	70.22	70.21	69.21	66.00	66.95	66.96	66.21	66.46	67.40	67.39	66.27	66.20	67.33	67.33	66.34	65.91	66.55	66.53	65.68
68.43	69.32	69.32	68.70	69.11	70.07	70.06	68.91	69.25	70.39	70.40	69.48	69.27	70.02	70.00	69.00	65.99	66.94	66.96	66.22	66.43	67.34	67.32	66.23	66.15	67.25	67.26	66.31	65.90	66.52	66.50	65.66
68.21	69.10	69.11	68.51	68.89	69.81	69.80	68.67	69.46	70.59	70.60	69.71	69.53	70.27	70.25	69.24	65.99	66.94	66.96	66.23	66.42	67.29	67.27	66.20	66.10	67.19	67.20	66.28	65.89	66.50	66.47	65.64
68.44	69.32	69.34	68.75	69.12	70.01	70.00	68.88	69.22	70.32	70.34	69.49	69.34	70.05	70.03	69.03	65.98	66.94	66.96	66.25	66.40	67.25	67.22	66.17	66.07	67.13	67.15	66.26	65.89	66.48	66.45	65.62
68.23	69.10	69.12	68.56	68.90	69.76	69.74	68.65	69.43	70.53	70.55	69.72	69.59	70.30	70.27	69.26	65.98	66.94	66.96	66.26	66.40	67.21	67.18	66.14	66.03	67.08	67.10	66.24	65.90	66.46	66.44	65.61
68.45	69.33	69.35	68.80	69.13	69.96	69.94	68.85	69.19	70.27	70.29	69.51	69.39	70.08	70.05	69.05	65.98	66.94	66.96	66.28	66.39	67.17	67.15	66.12	66.00	67.04	67.05	66.22	65.90	66.45	66.42	65.60
68.24	69.11	69.13	68.60	68.91	69.71	69.69	68.62	69.40	70.48	70.51	69.74	69.65	70.33	70.29	69.29	65.98	66.94	66.97	66.30	66.39	67.14	67.11	66.10	65.98	66.99	67.01	66.21	65.90	66.43	66.40	65.59
68.46	69.33	69.36	68.85	69.13	69.91	69.89	68.83	69.17	70.22	70.26	69.52	69.45	70.11	70.07	69.07	65.98	66.93	66.97	66.31	66.39	67.11	67.08	66.08	65.95	66.95	66.98	66.20	65.91	66.42	66.39	65.58
68.24	69.11	69.14	68.64	68.92	69.67	69.64	68.60	69.39	70.44	70.47	69.76	69.70	70.35	70.31	69.30	65.98	66.93	66.97	66.33	66.39	67.09	67.05	66.06	65.93	66.91	66.94	66.19	65.91	66.41	66.38	65.57
68.46	69.33	69.37	68.88	69.14	69.87	69.84	68.80	69.16	70.19	70.23	69.55	69.50	70.13	70.09	69.09	65.98	66.93	66.96	66.34	66.39	67.07	67.03	66.04	65.90	66.88	66.91	66.18	65.92	66.40	66.36	65.56
68.25	69.11	69.15	68.68	68.93	69.63	69.60	68.58	69.37	70.40	70.44	69.78	69.74	70.36	70.32	69.31	65.98	66.92	66.96	66.35	66.39	67.04	67.00	66.03	65.88	66.84	66.88	66.17	65.92	66.39	66.35	65.55
68.47	69.34	69.38	68.92	69.16	69.84	69.80	68.79	69.14	70.16	70.20	69.57	69.54	70.14	70.09	69.10	65.98	66.92	66.96	66.36	66.40	67.02	66.98	66.01	65.86	66.81	66.85	66.16	65.93	66.38	66.33	65.54
68.26	69.12	69.16	68.72	68.94	69.60	69.56	68.56	69.35	70.37	70.42	69.80	69.78	70.37	70.32	69.32	65.97	66.91	66.96	66.38	66.40	67.01	66.96	66.00	65.84	66.78	66.82	66.16	65.93	66.37	66.32	65.53
68.47	69.33	69.38	68.95	69.17	69.81	69.76	68.76	69.13	70.13	70.18	69.59	69.58	70.15	70.10	69.11	65.97	66.90	66.95	66.39	66.40	66.99	66.94	65.99	65.82	66.75	66.79	66.15	65.93	66.36	66.31	65.53
68.26	69.12	69.17	68.76	68.96	69.57	69.53	68.54	69.34	70.34	70.40	69.82	69.81	70.38	70.32	69.32	65.97	66.90	66.95	66.40	66.41	66.97	66.92	65.98	65.80	66.72	66.76	66.14	65.94	66.35	66.30	65.52
68.49	69.34	69.40	69.00	69.19	69.79	69.74	68.76	69.11	70.09	70.16	69.61	69.60	70.15	70.08	69.10	65.96	66.89	66.95	66.41	66.41	66.95	66.89	65.96	65.78	66.69	66.74	66.14	65.94	66.34	66.28	65.51
68.26	69.11	69.17	68.79	68.97	69.55	69.49	68.52	69.33	70.32	70.38	69.85	69.85	70.38	70.32	69.33	65.96	66.88	66.94	66.42	66.42	66.94	66.88	65.95	65.76	66.67	66.71	66.13	65.94	66.33	66.27	65.50
68.48	69.33	69.40	69.02	69.20	69.76	69.70	68.73	69.10	70.08	70.15	69.63	69.64	70.16	70.09	69.11	65.95	66.87	66.94	66.42	66.42	66.93	66.86	65.94	65.75	66.64	66.69	66.13	65.95	66.32	66.26	65.49
68.27	69.11	69.18	68.82	68.99	69.53	69.47	68.51	69.31	70.29	70.37	69.87	69.88	70.38	70.31	69.33	65.95	66.86	66.93	66.43	66.42	66.91	66.84	65.93	65.73	66.61	66.67	66.12	65.95	66.31	66.24	65.48
68.48	69.33	69.40	69.05	69.21	69.74	69.67	68.72	69.09	70.05	70.13	69.66	69.67	70.16	70.08	69.11	65.94	66.85	66.92	66.44	66.43	66.90	66.83	65.92	65.71	66.59	66.65	66.12	65.95	66.30	66.23	65.47
68.27	69.11	69.18	68.84	69.00	69.50	69.43	68.49	69.30	70.27	70.36	69.89	69.91	70.39	70.30	69.33	65.94	66.84	66.92	66.45	66.43	66.89	66.81	65.91	65.70	66.56	66.63	66.11	65.95	66.29	66.22	65.46
68.48	69.33	69.40	69.08	69.23	69.72	69.65	68.71	69.08	70.03	70.12	69.67	69.69	70.16	70.07	69.10	65.93	66.83	66.91	66.45	66.44	66.88	66.79	65.90	65.68	66.54	66.60	66.11	65.96	66.28	66.21	65.46
68.27	69.10	69.18	68.87	69.01	69.48	69.41	68.48	69.29	70.25	70.34	69.91	69.93	70.38	70.29	69.32	65.92	66.82	66.91	66.46	66.44	66.87	66.78	65.89	65.66	66.52	66.58	66.10	65.96	66.28	66.19	65.45
68.48	69.32	69.41	69.10	69.24	69.70	69.62	68.69	69.07	70.02	70.11	69.70	69.72	70.16	70.06	69.10	65.91	66.81	66.90	66.46	66.44	66.86	66.76	65.88	65.65	66.49	66.57	66.10	65.96	66.27	66.18	65.44
68.26	69.10	69.18	68.89	69.02	69.46	69.38	68.46	69.28	70.24	70.34	69.93	69.96	70.38	70.28	69.32	65.91	66.80	66.89	66.47	66.45	66.85	66.75	65.87	65.63	66.47	66.55	66.10	65.96	66.26	66.17	65.43
68.48	69.32	69.41	69.13	69.25	69.68	69.60	68.68	69.05	70.00	70.10	69.71	69.74	70.15	70.05	69.09	65.90	66.79	66.88	66.47	66.45	66.84	66.74	65.86	65.62	66.45	66.53	66.09	65.96	66.25	66.16	65.42
68.26	69.09	69.19	68.92	69.04	69.45	69.36	68.45	69.27	70.21	70.32	69.95	69.97	70.37	70.27	69.31	65.89	66.78	66.88	66.48	66.46	66.83	66.72	65.85	65.61	66.43	66.51	66.09	65.96	66.24	66.14	65.41
68.48	69.31	69.41	69.15	69.27	69.67	69.57	68.66	69.04	69.98	70.09	69.73	69.76	70.15	70.03	69.08	65.88	66.77	66.87	66.48	66.46	66.82	66.71	65.84	65.59	66.41	66.49	66.08	65.96	66.23	66.13	65.40
68.26	69.09	69.19	68.94	69.05	69.44	69.34	68.44	69.26	70.20	70.32	69.97	69.99	70.37	70.26	69.30	65.88	66.76	66.86	66.49	66.46	66.81	66.70	65.84	65.58	66.39	66.48	66.08	65.96	66.22	66.12	65.39
68.47	69.31	69.41	69.17	69.28	69.65	69.55	68.65	69.03	69.96	70.08	69.75	69.78	70.14	70.02	69.08	65.87	66.74	66.85	66.49	66.47	66.80	66.68	65.83	65.56	66.37	66.46	66.08	65.97	66.21	66.11	65.39
68.26	69.08	69.19	68.96	69.07	69.43	69.32	68.42	69.25	70.18	70.31	69.98	70.01	70.37	70.24	69.29	65.86	66.73	66.85	66.50	66.47	66.79	66.67	65.82	65.55	66.35	66.45	66.07	65.97	66.21	66.10	65.38
68.47	69.30	69.42	69.19	69.29	69.64	69.53	68.63	69.02	69.95	70.08	69.77	69.79	70.14	70.01	69.07	65.85	66.72	66.84	66.50	66.47	66.78	66.66	65.81	65.54	66.33	66.43	66.07	65.97	66.20	66.09	65.37
68.25	69.08	69.20	68.98	69.08	69.41	69.30	68.41	69.24	70.17	70.30	70.00	70.02	70.36	70.23	69.28	65.85	66.71	66.83	66.50	66.48	66.78	66.65	65.80	65.52	66.31	66.41	66.07	65.97	66.19	66.07	65.36
68.47	69.30	69.42	69.21	69.31	69.63	69.51	68.62	69.01	69.93	70.07	69.78	69.81	70.13	69.99	69.05	65.84	66.70	66.82	66.51	66.48	66.77	66.64	65.79	65.51	66.30	66.40	66.06	65.97	66.18	66.06	65.35
68.25	69.07	69.20	69.00	69.09	69.40	69.28	68.40	69.23	70.15	70.29	70.01	70.04	70.35	70.21	69.27	65.83	66.69	66.82	66.51	66.48	66.76	66.63	65.78	65.50	66.28	66.39	66.06	65.97	66.17	66.05	65.34
68.46	69.29	69.42	69.23	69.32	69.62	69.49	68.61	69.00	69.92	70.06	69.79	69.82	70.12	69.98	69.04	65.82	66.68	66.81	66.51	66.49	66.75	66.61	65.78	65.49	66.26	66.37	66.06	65.97	66.17	66.04	65.33
68.24	69.06	69.20	69.02	69.10	69.39	69.26	68.38	69.22	70.14	70.29	70.03	70.05	70.35	70.20	69.26	65.81	66.67	66.80	66.51	66.49	66.75	66.60	65.77	65.47	66.24	66.36	66.06	65.97	66.16	66.03	65.33
68.46	69.28	69.42	69.25	69.33	69.61	69.48	68.60	68.99	69.90	70.06	69.81	69.83	70.11	69.96	69.03	65.80	66.65	66.79	66.52	66.49	66.74	66.59	65.76	65.46	66.23	66.35	66.05	65.97	66.15	66.02	65.32
68.24	69.06	69.20	69.03	69.11	69.38	69.25	68.38	69.20	70.12	70.28	70.04	70.06	70.34	70.18	69.25	65.80	66.64	66.79	66.52	66.50	66.73	66.58	65.75	65.45	66.21	66.33	66.05	65.97	66.14	66.01	65.31
68.45	69.28	69.42	69.26	69.34	69.60	69.46	68.58	68.98	69.89	70.05	69.82	69.85	70.11	69.95	69.02	65.79	66.63	66.78	66.52	66.50	66.72	66.57	65.74	65.44	66.20	66.32	66.05	65.97	66.14	66.00	65.30
68.23	69.05	69.20	69.05	69.12	69.37	69.23	68.36	69.20	70.11	70.27	70.05	70.08	70.33	70.17	69.24	65.78	66.62	66.77	66.52	66.50	66.72	66.56	65.74	65.43	66.18	66.31	66.04	65.97	66.13	65.99	65.29
68.45	69.27	69.43	69.28	69.35	69.59	69.44	68.57	68.97	69.87	70.04	69.83	69.86	70.10	69.93	69.01	65.77	66.61	66.77	66.52	66.50	66.71	66.55	65.73	65.41	66.17	66.30	66.04	65.97	66.12	65.98	65.28
68.23	69.05	69.21	69.07	69.13	69.37	69.21	68.35	69.18	70.09	70.27	70.06	70.09	70.32	70.15	69.22	65.76	66.60	66.76	66.53	66.50	66.71	66.54	65.72	65.40	66.15	66.28	66.04	65.97	66.11	65.97	65.28
68.44	69.27	69.43	69.29	69.36	69.58	69.43	68.56	68.96	69.86	70.04	69.84	69.87	70.09	69.92	69.00	65.75	66.59	66.75	66.53	66.51	66.70	66.53	65.71	65.39	66.14	66.27	66.04	65.96	66.11	65.96	65.27
68.22	69.04	69.20	69.08	69.14	69.35	69.20	68.34	69.17	70.08	70.26	70.07	70.10	70.31	70.13	69.21	65.75	66.58	66.74	66.53	66.51	66.69	66.52	65.70	65.38	66.12	66.26	66.03	65.96	66.10	65.95	65.26
68.43	69.25	69.42	69.30	69.36	69.57	69.40	68.54	68.95	69.85	70.04	69.86	69.88	70.09	69.91	68.99	65.74	66.57	66.74	66.53	66.51	66.69	66.51	65.70	65.37	66.11	66.25	66.03	65.96	66.09	65.94	65.25
68.22	69.04	69.21	69.09	69.15	69.35	69.18	68.33	69.16	70.06	70.26	70.08	70.11	70.31	70.12	69.20	65.73	66.56	66.73	66.53	66.51	66.68	66.50	65.69	65.36	66.09	66.24	66.03	65.96	66.09	65.93	65.25
68.43	69.25	69.43	69.32	69.38	69.57	69.40	68.54	68.93	69.83	70.02	69.86	69.88	70.07	69.88	68.97	65.72	66.55	66.72	66.53	66.51	66.68	66.49	65.68	65.35	66.08	66.23	66.03	65.96	66.08	65.92	65.24
68.21	69.03	69.21	69.10	69.16	69.34	69.17	68.31	69.15	70.05	70.25	70.09	70.12	70.30	70.10	69.19	65.71	66.54	66.72	66.53	66.51	66.67	66.49	65.67	65.34	66.07	66.22	66.02	65.96	66.07	65.91	65.23
68.42	69.24	69.43	69.33	69.38	69.56	69.38	68.52	68.93	69.82	70.02	69.87	69.90	70.07	69.87	68.96	65.70	66.53	66.71	66.53	66.52	66.66	66.48	65.67	65.33	66.05	66.21	66.02	65.96	66.07	65.90	65.22
68.20	69.02	69.21	69.11	69.17	69.33	69.15	68.30	69.14	70.04	70.24	70.10	70.12	70.29	70.09	69.17	65.70	66.52	66.70	66.54	66.52	66.66	66.47	65.66	65.32	66.04	66.20	66.02	65.96	66.06	65.89	65.21
68.42	69.24	69.43	69.34	69.39	69.55	69.37	68.51	68.91	69.81	70.02	69.88	69.90	70.06	69.86	68.95	65.69	66.51	66.70	66.54	66.52	66.65	66.46	65.65	65.31	66.03	66.19	66.02	65.96	66.06	65.88	65.21
68.20	69.01	69.21	69.12	69.17	69.32	69.14	68.29	69.13	70.03	70.24	70.11	70.13	70.28	70.07	69.16	65.68	66.50	66.69	66.54	66.52	66.65	66.45	65.64	65.30	66.01	66.18	66.01	65.96	66.05	65.87	65.20
68.41	69.23	69.43	69.35	69.40	69.54	69.35	68.50	68.90	69.80	70.01	69.89	69.91	70.05	69.84	68.94	65.67	66.49	66.68	66.54	66.52	66.64	66.44	65.64	65.29	66.00	66.17	66.01	65.96	66.04	65.87	65.19
68.19	69.01	69.21	69.14	69.18	69.32	69.13	68.28	69.11	70.01	70.23	70.12	70.13	70.27	70.06	69.15	65.66	66.48	66.68	66.54	66.52	66.64	66.43	65.63	65.28	65.99	66.16	66.01	65.96	66.04	65.86	65.18
68.40	69.22	69.43	69.36	69.40	69.53	69.34	68.49	68.89	69.78	70.01	69.90	69.92	70.05	69.83	68.92	65.66	66.47	66.67	66.54	66.52	66.63	66.42	65.62	65.27	65.98	66.15	66.00	65.95	66.03	65.85	65.18
68.18	69.00	69.20	69.14	69.19	69.31	69.11	68.26	69.11	70.00	70.23	70.13	70.14	70.27	70.05	69.14	65.65	66.46	66.67	66.54	66.52	66.63	66.42	65.62	65.26	65.97	66.14	66.00	65.95	66.03	65.84	65.17
68.39	69.22	69.42	69.37	69.41	69.53	69.32	68.47	68.88	69.77	70.00	69.90	69.92	70.04	69.81	68.91	65.64	66.45	66.66	66.54	66.52	66.62	66.41	65.61	65.25	65.96	66.13	66.00	65.95	66.02	65.83	65.16
68.17	68.99	69.20	69.15	69.19	69.30	69.09	68.25	69.10	69.99	70.23	70.13	70.15	70.26	70.03	69.13	65.63	66.44	66.65	66.54	66.52	66.62	66.40	65.60	65.24	65.94	66.12	66.00	65.95	66.01	65.82	65.16
68.38	69.21	69.42	69.38	69.42	69.52	69.31	68.46	68.87	69.76	70.00	69.91	69.93	70.03	69.80	68.90	65.62	66.43	66.65	66.54	66.52	66.61	66.39	65.59	65.23	65.93	66.12	65.99	65.95	66.01	65.81	65.15
68.17	68.99	69.20	69.16	69.20	69.30	69.09	68.24	69.08	69.97	70.22	70.14	70.15	70.25	70.01	69.11	65.62	66.42	66.64	66.54	66.53	66.61	66.38	65.59	65.22	65.92	66.11	65.99	65.95	66.00	65.81	65.14
68.38	69.20	69.42	69.38	69.42	69.51	69.29	68.45	68.86	69.75	69.99	69.92	69.93	70.03	69.79	68.89	65.61	66.41	66.64	66.54	66.52	66.60	66.37	65.58	65.21	65.91	66.10	65.99	65.95	66.00	65.80	65.13
68.16	68.98	69.20	69.17	69.20	69.29	69.07	68.23	69.07	69.97	70.21	70.15	70.16	70.25	70.00	69.10	65.60	66.41	66.63	66.54	66.53	66.60	66.37	65.57	65.20	65.90	66.09	65.99	65.95	65.99	65.79	65.13
68.37	69.19	69.42	69.39	69.43	69.51	69.28	68.44	68.85	69.74	69.99	69.92	69.94	70.02	69.77	68.88	65.59	66.40	66.62	66.54	66.53	66.59	66.36	65.56	65.20	65.89	66.08	65.98	65.94	65.99	65.78	65.12
68.15	68.97	69.20	69.18	69.21	69.28	69.06	68.22	69.06	69.95	70.21	70.15	70.16	70.24	69.99	69.08	65.59	66.39	66.62	66.54	66.53	66.59	66.35	65.56	65.19	65.88	66.08	65.98	65.94	65.98	65.77	65.11
68.20	69.05	69.29	69.25	69.39	69.40	69.13	68.27	67.30	68.20	68.45	68.40	68.41	68.48	68.23	67.33	65.57	66.37	66.61	66.53	66.52	66.57	66.33	65.54	65.18	65.87	66.07	65.98	65.94	65.98	65.77	65.11
67.96	68.80	69.04	69.01	69.16	69.16	68.88	68.03	67.08	67.97	68.23	68.18	68.19	68.26	68.00	67.10	65.55	66.35	66.59	66.52	66.51	66.56	66.32	65.53	65.17	65.86	66.06	65.98	65.94	65.97	65.76	65.10
68.31	69.02	69.35	69.26	69.30	69.43	69.29	68.42	66.97	67.85	68.12	68.07	68.08	68.15	67.88	66.99	65.53	66.33	66.57	66.51	66.50	66.54	66.30	65.51	65.16	65.85	66.05	65.97	65.94	65.96	65.75	65.09
68.09	68.78	69.12	69.03	69.05	69.19	69.07	68.20	66.89	67.77	68.04	68.00	68.01	68.07	67.80	66.91	65.52	66.31	66.55	66.50	66.48	66.53	66.28	65.49	65.15	65.84	66.04	65.97	65.94	65.96	65.74	65.08
68.17	68.98	69.25	69.20	69.28	69.36	69.33	67.46	66.84	67.71	67.98	67.95	67.96	68.01	67.75	66.86	65.50	66.29	66.54	66.48	66.47	66.51	66.26	65.47	65.14	65.83	66.04	65.97	65.93	65.95	65.73	65.08
67.93	68.75	69.01	68.96	69.05	69.13	69.11	67.12	66.80	67.67	67.94	67.91	67.92	67.97	67.70	66.81	65.48	66.27	66.52	66.47	66.46	66.50	66.24	65.46	65.13	65.82	66.03	65.96	65.93	65.95	65.73	65.07
68.15	69.02	69.22	69.32	69.21	69.30	69.05	68.06	66.77	67.64	67.91	67.89	67.90	67.94	67.67	66.78	65.47	66.26	66.51	66.47	66.45	66.48	66.23	65.44	65.12	65.81	66.02	65.96	65.93	65.94	65.72	65.06
67.92	68.80	68.98	69.11	68.97	69.06	68.79	67.89	66.74	67.61	67.89	67.87	67.88	67.91	67.64	66.75	65.45	66.24	66.50	66.46	66.45	66.47	66.21	65.43	65.11	65.80	66.01	65.96	65.92	65.93	65.71	65.05
68.11	68.95	69.17	69.20	69.19	69.24	68.55	68.25	66.72	67.59	67.87	67.85	67.86	67.89	67.61	66.73	65.44	66.23	66.49	66.45	66.44	66.46	66.20	65.42	65.11	65.78	66.00	65.95	65.92	65.93	65.70	65.05
67.88	68.71	68.93	68.96	68.96	69.00	68.25	68.06	66.70	67.57	67.85	67.84	67.85	67.88	67.59	66.72	65.43	66.22	66.48	66.45	66.44	66.45	66.19	65.41	65.10	65.77	66.00	65.95	65.92	65.92	65.69	65.04
68.00	68.85	69.11	69.14	68.81	68.34	68.84	68.10	66.69	67.55	67.84	67.83	67.83	67.86	67.57	66.70	65.42	66.20	66.47	66.44	66.43	66.44	66.18	65.40	65.09	65.76	65.99	65.95	65.92	65.92	65.68	65.03
67.76	68.62	68.87	68.91	68.54	68.00	68.63	67.87	66.67	67.53	67.82	67.82	67.82	67.84	67.55	66.69	65.41	66.19	66.46	66.43	66.43	66.44	66.17	65.39	65.08	65.75	65.98	65.94	65.91	65.91	65.68	65.02
68.18	68.86	69.27	69.15	69.25	69.03	69.01	68.18	66.66	67.52	67.81	67.81	67.81	67.82	67.54	66.67	65.40	66.18	66.45	66.43	66.42	66.43	66.15	65.38	65.07	65.75	65.97	65.94	65.91	65.90	65.67	65.02
67.98	68.63	69.06	68.93	69.08	68.87	68.81	67.97	66.64	67.50	67.80	67.80	67.80	67.81	67.52	66.66	65.39	66.17	66.44	66.43	66.42	66.42	66.14	65.37	65.06	65.74	65.97	65.94	65.91	65.90	65.66	65.01
68.07	68.83	69.21	69.12	69.51	68.45	68.93	68.16	66.63	67.49	67.79	67.79	67.80	67.79	67.51	66.65	65.38	66.16	66.43	66.42	66.41	66.41	66.13	65.36	65.05	65.73	65.96	65.93	65.90	65.89	65.65	65.00
67.84	68.61	68.98	68.89	69.32	68.16	68.70	67.94	66.62	67.48	67.78	67.79	67.79	67.78	67.50	66.64	65.37	66.15	66.42	66.42	66.41	66.40	66.12	65.35	65.05	65.72	65.95	65.93	65.90	65.89	65.64	64.99
68.07	68.98	69.14	69.29	69.22	69.16	68.94	68.15	66.61	67.47	67.77	67.78	67.79	67.77	67.49	66.63	65.36	66.14	66.42	66.41	66.40	66.39	66.11	65.34	65.04	65.71	65.94	65.92	65.90	65.88	65.64	64.99
67.84	68.77	68.91	69.09	68.97	69.01	68.71	67.93	66.60	67.46	67.76	67.78	67.78	67.76	67.47	66.61	65.35	66.13	66.41	66.41	66.40	66.39	66.10	65.33	65.03	65.70	65.94	65.92	65.90	65.88	65.63	64.98
68.03	68.92	69.15	69.01	69.15	69.11	69.32	67.02	66.59	67.44	67.75	67.77	67.78	67.76	67.46	66.60	65.34	66.12	66.40	66.40	66.39	66.38	66.09	65.32	65.02	65.69	65.93	65.92	65.89	65.87	65.62	64.97
67.80	68.68	68.92	68.75	68.92	68.88	69.13	66.66	66.58	67.43	67.74	67.76	67.77	67.75	67.45	66.58	65.33	66.11	66.39	66.40	66.39	66.37	66.08	65.31	65.01	65.68	65.92	65.91	65.89	65.86	65.61	64.97
67.46	69.00	69.11	69.12	68.85	68.87	69.07	67.66	66.56	67.42	67.73	67.76	67.76	67.74	67.44	66.57	65.32	66.10	66.38	66.39	66.39	66.36	66.07	65.30	65.00	65.67	65.92	65.91	65.89	65.86	65.61	64.96
67.17	68.79	68.88	68.91	68.59	68.61	68.82	67.51	66.55	67.41	67.72	67.75	67.75	67.73	67.43	66.55	65.31	66.08	66.37	66.39	66.38	66.36	66.06	65.29	65.00	65.66	65.91	65.91	65.88	65.85	65.60	64.95
67.92	68.83	69.16	69.12	69.20	69.06	68.88	67.88	66.54	67.40	67.71	67.74	67.75	67.72	67.42	66.54	65.30	66.07	66.37	66.38	66.38	66.35	66.05	65.28	64.99	65.65	65.90	65.90	65.88	65.85	65.59	64.94
67.75	68.58	68.94	68.90	69.02	68.85	68.63	67.69	66.53	67.39	67.71	67.74	67.74	67.71	67.40	66.53	65.29	66.06	66.36	66.38	66.37	66.34	66.04	65.27	64.98	65.64	65.89	65.90	65.88	65.84	65.58	64.94
67.94	68.86	69.14	69.10	69.05	69.07	68.88	68.01	66.52	67.38	67.70	67.73	67.74	67.70	67.39	66.52	65.28	66.05	66.35	66.37	66.37	66.33	66.03	65.27	64.97	65.63	65.89	65.89	65.87	65.84	65.58	64.93
67.72	68.64	68.91	68.88	68.81	68.85	68.65	67.81	66.51	67.37	67.69	67.73	67.73	67.69	67.38	66.52	65.27	66.04	66.34	66.37	66.36	66.33	66.02	65.26	64.96	65.63	65.88	65.89	65.87	65.83	65.57	64.92
68.00	68.81	69.05	69.22	69.15	69.25	68.22	68.26	66.50	67.36	67.68	67.72	67.72	67.69	67.37	66.51	65.26	66.03	66.33	66.36	66.36	66.32	66.02	65.25	64.96	65.62	65.87	65.89	65.87	65.82	65.56	64.92
67.79	68.58	68.81	69.01	68.93	69.04	67.91	68.07	66.49	67.34	67.67	67.72	67.72	67.68	67.35	66.50	65.25	66.02	66.33	66.36	66.35	66.31	66.01	65.24	64.95	65.61	65.87	65.88	65.86	65.82	65.55	64.91
67.91	68.80	69.02	69.09	69.10	69.08	68.67	68.04	66.48	67.33	67.66	67.71	67.71	67.67	67.34	66.49	65.25	66.01	66.32	66.35	66.35	66.30	66.00	65.23	64.94	65.60	65.86	65.88	65.86	65.81	65.55	64.90
67.68	68.57	68.79	68.86	68.87	68.84	68.49	67.80	66.47	67.32	67.65	67.70	67.71	67.66	67.33	66.48	65.24	66.00	66.31	66.35	66.34	66.30	65.99	65.22	64.93	65.59	65.85	65.87	65.86	65.81	65.54	64.89
67.86	68.69	68.97	69.12	69.10	69.11	68.69	67.93	66.46	67.31	67.65	67.70	67.70	67.65	67.32	66.47	65.23	65.99	66.30	66.34	66.34	66.29	65.98	65.21	64.92	65.58	65.85	65.87	65.85	65.80	65.53	64.89
67.64	68.45	68.74	68.90	68.87	68.88	68.47	67.70	66.45	67.30	67.64	67.69	67.70	67.64	67.31	66.46	65.22	65.99	66.30	66.34	66.33	66.28	65.97	65.21	64.92	65.57	65.84	65.87	65.85	65.79	65.52	64.88
67.90	68.66	69.02	69.13	69.19	69.06	68.84	67.88	66.45	67.29	67.63	67.69	67.69	67.64	67.30	66.45	65.21	65.98	66.29	66.33	66.33	66.27	65.96	65.20	64.91	65.56	65.83	65.86	65.84	65.79	65.52	64.87
67.68	68.43	68.79	68.90	68.97	68.83	68.63	67.65	66.44	67.28	67.62	67.68	67.69	67.63	67.29	66.44	65.20	65.97	66.28	66.33	66.32	66.27	65.95	65.19	64.90	65.56	65.83	65.86	65.84	65.78	65.51	64.87
67.92	68.75	69.01	69.05	69.07	68.97	68.70	67.97	66.43	67.27	67.61	67.68	67.68	67.62	67.28	66.43	65.19	65.96	66.27	66.32	66.32	66.26	65.94	65.18	64.89	65.55	65.82	65.85	65.84	65.78	65.50	64.86
67.71	68.54	68.78	68.82	68.83	68.73	68.46	67.77	66.42	67.26	67.60	67.67	67.67	67.61	67.27	66.42	65.18	65.95	66.26	66.32	66.31	66.25	65.93	65.17	64.89	65.54	65.81	65.85	65.83	65.77	65.49	64.85
67.93	68.71	68.99	69.18	69.12	69.17	68.74	67.88	66.41	67.25	67.60	67.67	67.67	67.60	67.26	66.42	65.18	65.94	66.26	66.31	66.31	66.24	65.92	65.16	64.88	65.53	65.80	65.84	65.83	65.76	65.49	64.85
67.71	68.47	68.76	68.97	68.90	68.97	68.52	67.65	66.40	67.24	67.59	67.66	67.66	67.59	67.25	66.41	65.17	65.93	66.25	66.31	66.30	66.24	65.91	65.15	64.87	65.52	65.80	65.84	65.82	65.76	65.48	64.84
67.87	68.72	69.00	69.04	68.89	69.06	68.70	67.90	66.39	67.23	67.58	67.66	67.66	67.59	67.24	66.40	65.16	65.92	66.24	66.30	66.30	66.23	65.90	65.15	64.86	65.51	65.79	65.84	65.82	65.75	65.47	64.83
67.64	68.50	68.78	68.80	68.64	68.82	68.48	67.68	66.38	67.22	67.57	67.65	67.65	67.58	67.23	66.39	65.15	65.91	66.23	66.30	66.29	66.22	65.90	65.14	64.85	65.51	65.78	65.83	65.82	65.75	65.46	64.83
67.81	68.65	68.89	69.11	69.02	69.04	68.80	67.51	66.38	67.22	67.57	67.64	67.64	67.57	67.22	66.38	65.14	65.90	66.23	66.29	66.29	66.22	65.89	65.13	64.85	65.50	65.78	65.83	65.81	65.74	65.46	64.82
67.58	68.42	68.65	68.89	68.80	68.81	68.58	67.25	66.37	67.21	67.56	67.64	67.64	67.56	67.21	66.37	65.13	65.89	66.22	66.29	66.28	66.21	65.88	65.12	64.84	65.49	65.77	65.82	65.81	65.74	65.45	64.81
67.83	68.61	69.02	69.07	69.60	67.86	68.75	67.79	66.36	67.20	67.55	67.63	67.64	67.55	67.20	66.36	65.13	65.88	66.21	66.28	66.28	66.20	65.87	65.11	64.83	65.48	65.76	65.82	65.80	65.73	65.44	64.80
67.61	68.38	68.81	68.84	69.44	67.50	68.52	67.60	66.35	67.19	67.54	67.63	67.63	67.53	67.19	66.35	65.12	65.87	66.20	66.28	66.27	66.19	65.86	65.11	64.83	65.47	65.76	65.81	65.80	65.72	65.43	64.80
67.86	68.69	68.63	69.14	69.14	68.76	68.62	67.78	66.34	67.18	67.53	67.62	67.63	67.53	67.18	66.34	65.11	65.86	66.20	66.27	66.27	66.19	65.85	65.10	64.82	65.47	65.75	65.81	65.79	65.72	65.43	64.79
67.64	68.47	68.36	68.92	68.87	68.63	68.37	67.56	66.33	67.17	67.52	67.62	67.62	67.52	67.17	66.33	65.10	65.86	66.19	66.27	66.26	66.18	65.84	65.09	64.81	65.46	65.74	65.80	65.79	65.71	65.42	64.78
67.83	68.60	68.94	69.13	69.04	68.84	68.67	67.88	66.33	67.16	67.52	67.61	67.62	67.51	67.16	66.33	65.09	65.85	66.18	66.26	66.26	66.17	65.83	65.08	64.80	65.45	65.74	65.80	65.79	65.71	65.41	64.78
67.60	68.37	68.75	68.90	68.80	68.64	68.45	67.67	66.32	67.15	67.51	67.61	67.61	67.50	67.15	66.32	65.08	65.84	66.18	66.26	66.25	66.16	65.83	65.07	64.80	65.44	65.73	65.79	65.78	65.70	65.41	64.77
67.78	68.62	68.90	69.03	68.11	69.40	68.05	68.05	66.31	67.14	67.50	67.60	67.60	67.50	67.14	66.31	65.08	65.83	66.17	66.25	66.25	66.16	65.82	65.07	64.79	65.43	65.72	65.79	65.78	65.69	65.40	64.76
67.56	68.40	68.68	68.79	67.78	69.24	67.76	67.85	66.30	67.13	67.50	67.60	67.59	67.50	67.13	66.30	65.07	65.82	66.16	66.25	66.24	66.15	65.81	65.06	64.78	65.43	65.72	65.78	65.77	65.69	65.39	64.76
67.95	68.13	68.87	69.02	68.82	68.98	68.47	67.82	66.29	67.12	67.49	67.59	67.58	67.49	67.12	66.30	65.06	65.81	66.15	66.24	66.24	66.14	65.80	65.05	64.77	65.42	65.71	65.78	65.77	65.68	65.38	64.75
67.75	67.84	68.65	68.79	68.67	68.71	68.30	67.58	66.29	67.11	67.48	67.58	67.57	67.48	67.11	66.29	65.05	65.80	66.15	66.24	66.23	66.14	65.79	65.04	64.77	65.41	65.70	65.77	65.76	65.68	65.38	64.74
67.15	68.76	69.15	68.62	68.95	68.95	68.52	67.77	66.28	67.10	67.48	67.58	67.57	67.48	67.10	66.28	65.05	65.79	66.14	66.23	66.23	66.13	65.78	65.04	64.76	65.40	65.70	65.77	65.76	65.67	65.37	64.74
66.84	68.60	68.96	68.35	68.75	68.72	68.31	67.54	66.26	67.10	67.47	67.57	67.56	67.47	67.09	66.27	65.04	65.79	66.13	66.22	66.22	66.12	65.78	65.03	64.75	65.39	65.69	65.76	65.75	65.66	65.36	64.73
67.69	68.55	68.86	68.88	69.01	68.94	68.57	67.75	66.26	67.09	67.46	67.56	67.56	67.46	67.09	66.26	65.03	65.78	66.12	66.22	66.22	66.12	65.77	65.02	64.75	65.39	65.68	65.76	65.75	65.66	65.36	64.72
67.53	68.31	68.60	68.69	68.81	68.72	68.36	67.53	66.25	67.08	67.45	67.55	67.55	67.45	67.08	66.25	65.02	65.77	66.12	66.21	66.21	66.11	65.76	65.01	64.74	65.38	65.68	65.76	65.74	65.65	65.35	64.72
67.64	68.58	69.22	68.24	69.12	68.38	68.52	67.76	66.24	67.07	67.45	67.55	67.55	67.44	67.07	66.25	65.01	65.76	66.11	66.21	66.20	66.10	65.75	65.01	64.73	65.37	65.67	65.75	65.74	65.65	65.34	64.71
67.42	68.36	69.04	67.94	68.91	68.09	68.29	67.54	66.23	67.06	67.44	67.54	67.55	67.43	67.06	66.24	65.01	65.75	66.10	66.20	66.20	66.10	65.74	65.00	64.72	65.36	65.67	65.75	65.73	65.64	65.33	64.70
67.76	67.99	68.93	68.89	69.09	68.91	68.55	67.70	66.23	67.05	67.44	67.53	67.54	67.43	67.05	66.23	65.00	65.74	66.10	66.20	66.19	66.09	65.74	64.99	64.72	65.36	65.66	65.74	65.73	65.63	65.33	64.70
67.56	67.70	68.68	68.74	68.86	68.74	68.33	67.48	66.22	67.04	67.43	67.53	67.54	67.42	67.05	66.22	64.99	65.74	66.09	66.19	66.19	66.08	65.73	64.98	64.71	65.35	65.65	65.74	65.73	65.63	65.32	64.69
67.73	68.43	68.78	68.89	68.97	68.74	68.54	67.72	66.21	67.03	67.42	67.52	67.53	67.41	67.04	66.22	64.98	65.73	66.08	66.19	66.18	66.07	65.72	64.98	64.70	65.34	65.65	65.73	65.72	65.62	65.31	64.68
67.51	68.26	68.54	68.67	68.74	68.51	68.31	67.50	66.21	67.02	67.41	67.52	67.53	67.41	67.03	66.21	64.98	65.72	66.08	66.18	66.18	66.07	65.71	64.97	64.70	65.33	65.64	65.73	65.72	65.62	65.31	64.68
67.69	68.51	68.49	69.17	68.99	68.87	68.50	67.72	66.20	67.02	67.40	67.52	67.52	67.40	67.02	66.20	64.97	65.71	66.07	66.18	66.17	66.06	65.70	64.96	64.69	65.33	65.63	65.72	65.71	65.61	65.30	64.67
67.47	68.30	68.23	68.98	68.77	68.66	68.28	67.50	66.19	67.01	67.39	67.51	67.51	67.39	67.01	66.19	64.96	65.70	66.06	66.17	66.17	66.05	65.70	64.96	64.68	65.32	65.63	65.72	65.71	65.60	65.29	64.67
67.39	68.64	67.61	69.52	68.03	69.35	67.78	68.01	66.18	67.00	67.38	67.51	67.50	67.39	67.00	66.19	64.96	65.70	66.05	66.16	66.16	66.05	65.69	64.95	64.68	65.31	65.62	65.71	65.70	65.60	65.29	64.66
67.13	68.43	67.27	69.33	67.69	69.17	67.47	67.82	66.17	67.00	67.37	67.51	67.49	67.38	66.99	66.18	64.95	65.69	66.05	66.16	66.16	66.04	65.68	64.94	64.67	65.30	65.61	65.71	65.70	65.59	65.28	64.65
66.44	68.17	67.42	69.10	67.62	69.48	67.18	66.76	66.16	66.99	67.35	67.50	67.48	67.38	66.98	66.17	64.94	65.68	66.04	66.15	66.15	66.03	65.67	64.93	64.66	65.30	65.61	65.70	65.69	65.59	65.27	64.65
66.11	67.89	67.16	68.82	67.33	69.27	66.88	66.39	66.14	66.98	67.34	67.50	67.47	67.38	66.96	66.16	64.93	65.67	66.03	66.15	66.15	66.03	65.66	64.93	64.66	65.29	65.60	65.70	65.69	65.58	65.27	64.64
