C_0	C_1	C_2	C_3	C_4	C_5	C_6	C_7	C_8	C_9	C_10	C_11	C_12	C_13	C_14	C_15	C_16	C_17	C_18	C_19	C_20	C_21	C_22	C_23	C_24	C_25	C_26	C_27	C_28	C_29	C_30	C_31	
3.31756	3.31095	3.32548	3.32314	3.30667	3.31002	3.31587	3.31702	4.43019	4.42888	4.4263	4.42727	4.42806	4.4292	4.42682	4.4289	3.98189	3.98096	3.98126	3.98191	3.98127	3.98196	3.98195	3.98121	9.91457	9.91336	9.91027	9.90705	9.91345	9.91456	9.91164	9.91033	
3.38056	3.38434	3.36916	3.38283	3.37344	3.35167	3.35795	3.37447	4.45027	4.44982	4.44882	4.44974	4.45195	4.452	4.45081	4.45135	3.89545	3.89546	3.89541	3.89545	3.89541	3.89545	3.89546	3.89537	7.7271	7.72848	7.72258	7.72614	7.72626	7.72486	7.72826	7.72899	
3.05898	3.11223	3.11233	3.08366	3.308	3.16304	3.07147	3.06876	0.72988	0.72988	0.72988	0.72988	0.72988	0.72988	0.72988	0.72988	0.72988	0.72988	0.72988	0.72988	0.72988	0.72988	0.72988	0.72988	0.72988	0.72988	0.72988	0.72988	0.72988	0.72988	0.72988	0.72988	
3.41821	3.1709	3.3386	3.20877	3.16179	3.30885	3.53878	3.49438	0.72988	0.72988	0.72988	0.72988	0.72988	0.72988	0.72988	0.72988	0.72988	0.72988	0.72988	0.72988	0.72988	0.72988	0.72988	0.72988	0.72988	0.72988	0.72988	0.72988	0.72988	0.72988	0.72988	0.72988	
3.14815	3.15838	3.16963	3.10252	3.19326	3.22826	3.64423	1.51001	0.72988	0.72988	0.72988	0.72988	0.72988	0.72988	0.72988	0.72988	0.72988	0.72988	0.72988	0.72988	0.72988	0.72988	0.72988	0.72988	0.72988	0.72988	0.72988	0.72988	0.72988	0.72988	0.72988	0.72988	
3.19551	3.31822	3.16593	3.41799	3.09364	3.15118	3.08385	3.18056	0.72988	0.72988	0.72988	0.72988	0.72988	0.72988	0.72988	0.72988	0.72988	0.72988	0.72988	0.72988	0.72988	0.72988	0.72988	0.72988	0.72988	0.72988	0.72988	0.72988	0.72988	0.72988	0.72988	0.72988	
3.15318	3.18051	3.11036	3.14524	3.10286	3.09747	2.17182	3.45836	0.72988	0.72988	0.72988	0.72988	0.72988	0.72988	0.72988	0.72988	0.72988	0.72988	0.72988	0.72988	0.72988	0.72988	0.72988	0.72988	0.72988	0.72988	0.72988	0.72988	0.72988	0.72988	0.72988	0.72988	
2.96595	3.03942	3.01957	3.0695	2.33254	1.27247	3.02554	3.081	0.72988	0.72988	0.72988	0.72988	0.72988	0.72988	0.72988	0.72988	0.72988	0.72988	0.72988	0.72988	0.72988	0.72988	0.72988	0.72988	0.72988	0.72988	0.72988	0.72988	0.72988	0.72988	0.72988	0.72988	
3.43284	3.11961	3.4134	3.12767	3.43774	3.11506	3.36207	3.31874	0.72988	0.72988	0.72988	0.72988	0.72988	0.72988	0.72988	0.72988	0.72988	0.72988	0.72988	0.72988	0.72988	0.72988	0.72988	0.72988	0.72988	0.72988	0.72988	0.72988	0.72988	0.72988	0.72988	0.72988	
3.16486	3.10172	3.2477	3.0735	3.85244	1.71359	3.15501	3.27725	0.72988	0.72988	0.72988	0.72988	0.72988	0.72988	0.72988	0.72988	0.72988	0.72988	0.72988	0.72988	0.72988	0.72988	0.72988	0.72988	0.72988	0.72988	0.72988	0.72988	0.72988	0.72988	0.72988	0.72988	
3.21314	3.44914	3.14879	3.44779	3.12969	3.42995	3.22132	3.28685	0.72988	0.72988	0.72988	0.72988	0.72988	0.72988	0.72988	0.72988	0.72988	0.72988	0.72988	0.72988	0.72988	0.72988	0.72988	0.72988	0.72988	0.72988	0.72988	0.72988	0.72988	0.72988	0.72988	0.72988	
3.16021	3.27771	3.20419	2.80773	3.08319	3.08367	4.04282	0.938002	0.72988	0.72988	0.72988	0.72988	0.72988	0.72988	0.72988	0.72988	0.72988	0.72988	0.72988	0.72988	0.72988	0.72988	0.72988	0.72988	0.72988	0.72988	0.72988	0.72988	0.72988	0.72988	0.72988	0.72988	
2.01473	3.51008	3.14673	3.15219	2.49644	2.59711	3.42191	2.78003	0.72988	0.72988	0.72988	0.72988	0.72988	0.72988	0.72988	0.72988	0.72988	0.72988	0.72988	0.72988	0.72988	0.72988	0.72988	0.72988	0.72988	0.72988	0.72988	0.72988	0.72988	0.72988	0.72988	0.72988	
3.23691	3.14231	3.27898	3.1428	3.38361	3.11326	3.11387	3.07356	0.72988	0.72988	0.72988	0.72988	0.72988	0.72988	0.72988	0.72988	0.72988	0.72988	0.72988	0.72988	0.72988	0.72988	0.72988	0.72988	0.72988	0.72988	0.72988	0.72988	0.72988	0.72988	0.72988	0.72988	
3.15757	3.29286	3.23988	3.11367	2.95692	3.1005	3.22204	3.29193	0.72988	0.72988	0.72988	0.72988	0.72988	0.72988	0.72988	0.72988	0.72988	0.72988	0.72988	0.72988	0.72988	0.72988	0.72988	0.72988	0.72988	0.72988	0.72988	0.72988	0.72988	0.72988	0.72988	0.72988	
3.28755	3.21876	3.0856	3.37929	3.21664	3.47839	1.87496	3.7639	0.72988	0.72988	0.72988	0.72988	0.72988	0.72988	0.72988	0.72988	0.72988	0.72988	0.72988	0.72988	0.72988	0.72988	0.72988	0.72988	0.72988	0.72988	0.72988	0.72988	0.72988	0.72988	0.72988	0.72988	
3.09364	3.22867	3.0655	3.07244	3.09987	3.08936	3.11963	3.21633	0.72988	0.72988	0.72988	0.72988	0.72988	0.72988	0.72988	0.72988	0.72988	0.72988	0.72988	0.72988	0.72988	0.72988	0.72988	0.72988	0.72988	0.72988	0.72988	0.72988	0.72988	0.72988	0.72988	0.72988	
3.04936	3.04426	3.0066	3.19567	3.11547	3.21669	3.05906	3.09209	0.72988	0.72988	0.72988	0.72988	0.72988	0.72988	0.72988	0.72988	0.72988	0.72988	0.72988	0.72988	0.72988	0.72988	0.72988	0.72988	0.72988	0.72988	0.72988	0.72988	0.72988	0.72988	0.72988	0.72988	
3.17162	3.03996	3.14629	3.20808	3.32882	3.13045	3.3687	3.04279	0.72988	0.72988	0.72988	0.72988	0.72988	0.72988	0.72988	0.72988	0.72988	0.72988	0.72988	0.72988	0.72988	0.72988	0.72988	0.72988	0.72988	0.72988	0.72988	0.72988	0.72988	0.72988	0.72988	0.72988	
3.23191	3.27819	3.13581	3.05911	3.05713	2.98161	3.04776	3.30573	0.72988	0.72988	0.72988	0.72988	0.72988	0.72988	0.72988	0.72988	0.72988	0.72988	0.72988	0.72988	0.72988	0.72988	0.72988	0.72988	0.72988	0.72988	0.72988	0.72988	0.72988	0.72988	0.72988	0.72988	
3.25865	3.18435	3.12874	3.37988	3.22103	3.47054	3.22267	3.10887	0.72988	0.72988	0.72988	0.72988	0.72988	0.72988	0.72988	0.72988	0.72988	0.72988	0.72988	0.72988	0.72988	0.72988	0.72988	0.72988	0.72988	0.72988	0.72988	0.72988	0.72988	0.72988	0.72988	0.72988	
3.1517	3.25679	3.1795	3.04353	2.74492	3.18054	3.14869	3.19961	0.72988	0.72988	0.72988	0.72988	0.72988	0.72988	0.72988	0.72988	0.72988	0.72988	0.72988	0.72988	0.72988	0.72988	0.72988	0.72988	0.72988	0.72988	0.72988	0.72988	0.72988	0.72988	0.72988	0.72988	
3.07844	3.12882	2.94673	3.25952	3.10047	3.19743	3.38558	2.41206	0.72988	0.72988	0.72988	0.72988	0.72988	0.72988	0.72988	0.72988	0.72988	0.72988	0.72988	0.72988	0.72988	0.72988	0.72988	0.72988	0.72988	0.72988	0.72988	0.72988	0.72988	0.72988	0.72988	0.72988	
3.17322	3.10302	3.28901	3.1633	4.31601	0.756742	3.30053	3.17414	0.72988	0.72988	0.72988	0.72988	0.72988	0.72988	0.72988	0.72988	0.72988	0.72988	0.72988	0.72988	0.72988	0.72988	0.72988	0.72988	0.72988	0.72988	0.72988	0.72988	0.72988	0.72988	0.72988	0.72988	
3.2501	3.30825	2.46338	3.34727	3.14849	3.13702	3.05849	3.08651	0.72988	0.72988	0.72988	0.72988	0.72988	0.72988	0.72988	0.72988	0.72988	0.72988	0.72988	0.72988	0.72988	0.72988	0.72988	0.72988	0.72988	0.72988	0.72988	0.72988	0.72988	0.72988	0.72988	0.72988	
3.19821	3.12191	3.27863	3.30272	3.08884	3.0572	3.25412	3.3245	0.72988	0.72988	0.72988	0.72988	0.72988	0.72988	0.72988	0.72988	0.72988	0.72988	0.72988	0.72988	0.72988	0.72988	0.72988	0.72988	0.72988	0.72988	0.72988	0.72988	0.72988	0.72988	0.72988	0.72988	
3.14115	3.21092	3.11374	3.1167	1.20836	4.19413	1.96243	3.65733	0.72988	0.72988	0.72988	0.72988	0.72988	0.72988	0.72988	0.72988	0.72988	0.72988	0.72988	0.72988	0.72988	0.72988	0.72988	0.72988	0.72988	0.72988	0.72988	0.72988	0.72988	0.72988	0.72988	0.72988	
3.54037	2.20151	3.08236	3.1673	3.09189	3.10043	3.11574	3.13369	0.72988	0.72988	0.72988	0.72988	0.72988	0.72988	0.72988	0.72988	0.72988	0.72988	0.72988	0.72988	0.72988	0.72988	0.72988	0.72988	0.72988	0.72988	0.72988	0.72988	0.72988	0.72988	0.72988	0.72988	
1.81457	3.75011	3.69362	2.35191	3.16831	3.18205	3.10746	3.12809	0.72988	0.72988	0.72988	0.72988	0.72988	0.72988	0.72988	0.72988	0.72988	0.72988	0.72988	0.72988	0.72988	0.72988	0.72988	0.72988	0.72988	0.72988	0.72988	0.72988	0.72988	0.72988	0.72988	0.72988	
3.29212	3.11613	2.9904	3.08068	3.24525	3.21028	3.2153	3.1332	0.72988	0.72988	0.72988	0.72988	0.72988	0.72988	0.72988	0.72988	0.72988	0.72988	0.72988	0.72988	0.72988	0.72988	0.72988	0.72988	0.72988	0.72988	0.72988	0.72988	0.72988	0.72988	0.72988	0.72988	
3.02641	3.2631	3.88953	1.65516	3.45084	2.06094	3.10495	3.18967	0.72988	0.72988	0.72988	0.72988	0.72988	0.72988	0.72988	0.72988	0.72988	0.72988	0.72988	0.72988	0.72988	0.72988	0.72988	0.72988	0.72988	0.72988	0.72988	0.72988	0.72988	0.72988	0.72988	0.72988	
3.31414	2.03236	3.16473	3.29549	3.34932	3.41166	3.20499	3.09675	0.72988	0.72988	0.72988	0.72988	0.72988	0.72988	0.72988	0.72988	0.72988	0.72988	0.72988	0.72988	0.72988	0.72988	0.72988	0.72988	0.72988	0.72988	0.72988	0.72988	0.72988	0.72988	0.72988	0.72988	
3.22057	3.2257	2.96917	3.08513	3.12953	2.91952	3.1981	3.17193	0.72988	0.72988	0.72988	0.72988	0.72988	0.72988	0.72988	0.72988	0.72988	0.72988	0.72988	0.72988	0.72988	0.72988	0.72988	0.72988	0.72988	0.72988	0.72988	0.72988	0.72988	0.72988	0.72988	0.72988	
3.16311	3.27246	2.43653	3.66393	3.21157	3.23939	3.15691	3.19873	0.72988	0.72988	0.72988	0.72988	0.72988	0.72988	0.72988	0.72988	0.72988	0.72988	0.72988	0.72988	0.72988	0.72988	0.72988	0.72988	0.72988	0.72988	0.72988	0.72988	0.72988	0.72988	0.72988	0.72988	
2.56107	3.53662	0.72988	4.30313	1.2079	4.23115	1.66555	3.82905	0.72988	0.72988	0.72988	0.72988	0.72988	0.72988	0.72988	0.72988	0.72988	0.72988	0.72988	0.72988	0.72988	0.72988	0.72988	0.72988	0.72988	0.72988	0.72988	0.72988	0.72988	0.72988	0.72988	0.72988	
0.72988	2.53608	0.72988	3.30538	0.72988	4.34846	0.72988	1.12928	0.72988	0.72988	0.72988	0.72988	0.72988	0.72988	0.72988	0.72988	0.72988	0.72988	0.72988	0.72988	0.72988	0.72988	0.72988	0.72988	0.72988	0.72988	0.72988	0.72988	0.72988	0.72988	0.72988	0.72988	
