pcb_C_0	322.4571
pcb_C_1	322.8802
pcb_C_2	323.0139
pcb_C_3	323.1984
pcb_C_4	323.1533
pcb_C_5	323.2070
pcb_C_6	322.8654
pcb_C_7	322.4769
pcb_C_8	322.2921
pcb_C_9	322.6207
pcb_C_10	322.7843
pcb_C_11	322.9205
pcb_C_12	322.9157
pcb_C_13	322.8900
pcb_C_14	322.6380
pcb_C_15	322.3135
pcb_C_16	322.0872
pcb_C_17	322.2305
pcb_C_18	322.3437
pcb_C_19	322.4225
pcb_C_20	322.4302
pcb_C_21	322.3840
pcb_C_22	322.2536
pcb_C_23	322.1078
pcb_C_24	321.9442
pcb_C_25	321.9609
pcb_C_26	322.0139
pcb_C_27	322.0552
pcb_C_28	322.0606
pcb_C_29	322.0306
pcb_C_30	321.9766
pcb_C_31	321.9607
solder_C_0	322.5671
solder_C_1	323.0843
solder_C_2	323.1191
solder_C_3	323.4718
solder_C_4	323.2815
solder_C_5	323.5587
solder_C_6	322.9661
solder_C_7	322.6035
solder_C_8	322.4079
solder_C_9	322.7328
solder_C_10	322.8819
solder_C_11	323.0518
solder_C_12	323.0222
solder_C_13	323.0349
solder_C_14	322.7322
solder_C_15	322.4321
solder_C_16	322.0876
solder_C_17	322.1958
solder_C_18	322.3125
solder_C_19	322.3972
solder_C_20	322.4034
solder_C_21	322.3560
solder_C_22	322.2178
solder_C_23	322.1092
solder_C_24	321.9123
solder_C_25	321.8927
solder_C_26	321.9514
solder_C_27	321.9972
solder_C_28	322.0026
solder_C_29	321.9685
solder_C_30	321.9086
solder_C_31	321.9296
sub_C_0	322.5755
sub_C_1	323.1786
sub_C_2	323.1320
sub_C_3	323.6066
sub_C_4	323.2964
sub_C_5	323.7422
sub_C_6	322.9763
sub_C_7	322.6305
sub_C_8	322.4397
sub_C_9	322.7715
sub_C_10	322.9212
sub_C_11	323.0945
sub_C_12	323.0619
sub_C_13	323.0772
sub_C_14	322.7688
sub_C_15	322.4644
sub_C_16	322.0458
sub_C_17	322.1681
sub_C_18	322.2894
sub_C_19	322.3753
sub_C_20	322.3815
sub_C_21	322.3324
sub_C_22	322.1901
sub_C_23	322.0672
sub_C_24	321.8615
sub_C_25	321.8601
sub_C_26	321.9243
sub_C_27	321.9719
sub_C_28	321.9773
sub_C_29	321.9413
sub_C_30	321.8759
sub_C_31	321.8787
layer_3_C_0	322.6163
layer_3_C_1	324.1249
layer_3_C_2	323.2240
layer_3_C_3	324.9535
layer_3_C_4	323.3959
layer_3_C_5	325.5836
layer_3_C_6	323.0483
layer_3_C_7	322.8668
layer_3_C_8	322.7443
layer_3_C_9	323.1497
layer_3_C_10	323.3189
layer_3_C_11	323.5041
layer_3_C_12	323.4617
layer_3_C_13	323.4742
layer_3_C_14	323.1396
layer_3_C_15	322.7707
layer_3_C_16	321.6243
layer_3_C_17	321.8850
layer_3_C_18	322.0513
layer_3_C_19	322.1481
layer_3_C_20	322.1546
layer_3_C_21	322.0885
layer_3_C_22	321.9064
layer_3_C_23	321.6438
layer_3_C_24	321.3755
layer_3_C_25	321.5386
layer_3_C_26	321.6556
layer_3_C_27	321.7199
layer_3_C_28	321.7254
layer_3_C_29	321.6722
layer_3_C_30	321.5547
layer_3_C_31	321.3912
layer_4_TB_0	322.5705
layer_4_TB_1	324.0037
layer_4_TB_2	323.1779
layer_4_TB_3	324.8000
layer_4_TB_4	323.3497
layer_4_TB_5	325.3864
layer_4_TB_6	323.0023
layer_4_TB_7	322.8044
layer_4_TB_8	322.6826
layer_4_TB_9	323.0877
layer_4_TB_10	323.2573
layer_4_TB_11	323.4419
layer_4_TB_12	323.4000
layer_4_TB_13	323.4118
layer_4_TB_14	323.0780
layer_4_TB_15	322.7089
layer_4_TB_16	321.6234
layer_4_TB_17	321.8844
layer_4_TB_18	322.0507
layer_4_TB_19	322.1475
layer_4_TB_20	322.1540
layer_4_TB_21	322.0879
layer_4_TB_22	321.9058
layer_4_TB_23	321.6430
layer_4_TB_24	321.3750
layer_4_TB_25	321.5383
layer_4_TB_26	321.6552
layer_4_TB_27	321.7196
layer_4_TB_28	321.7251
layer_4_TB_29	321.6719
layer_4_TB_30	321.5543
layer_4_TB_31	321.3906
hsp_TB_0	322.1123
hsp_TB_1	322.7920
hsp_TB_2	322.7176
hsp_TB_3	323.2657
hsp_TB_4	322.8870
hsp_TB_5	323.4151
hsp_TB_6	322.5425
hsp_TB_7	322.1805
hsp_TB_8	322.0653
hsp_TB_9	322.4678
hsp_TB_10	322.6414
hsp_TB_11	322.8202
hsp_TB_12	322.7839
hsp_TB_13	322.7876
hsp_TB_14	322.4621
hsp_TB_15	322.0908
hsp_TB_16	321.6149
hsp_TB_17	321.8779
hsp_TB_18	322.0447
hsp_TB_19	322.1416
hsp_TB_20	322.1481
hsp_TB_21	322.0818
hsp_TB_22	321.8993
hsp_TB_23	321.6344
hsp_TB_24	321.3692
hsp_TB_25	321.5344
hsp_TB_26	321.6518
hsp_TB_27	321.7163
hsp_TB_28	321.7218
hsp_TB_29	321.6684
hsp_TB_30	321.5505
hsp_TB_31	321.3848
hsink_TB_0	321.9033
hsink_TB_1	322.3333
hsink_TB_2	322.4772
hsink_TB_3	322.6955
hsink_TB_4	322.6306
hsink_TB_5	322.6981
hsink_TB_6	322.3059
hsink_TB_7	321.9282
hsink_TB_8	321.8332
hsink_TB_9	322.2025
hsink_TB_10	322.3953
hsink_TB_11	322.5422
hsink_TB_12	322.5347
hsink_TB_13	322.4944
hsink_TB_14	322.2172
hsink_TB_15	321.8550
hsink_TB_16	321.5853
hsink_TB_17	321.8464
hsink_TB_18	322.0136
hsink_TB_19	322.1096
hsink_TB_20	322.1168
hsink_TB_21	322.0493
hsink_TB_22	321.8683
hsink_TB_23	321.6047
hsink_TB_24	321.3637
hsink_TB_25	321.5294
hsink_TB_26	321.6469
hsink_TB_27	321.7113
hsink_TB_28	321.7169
hsink_TB_29	321.6635
hsink_TB_30	321.5455
hsink_TB_31	321.3792
inode_0	321.1139
inode_1	321.1323
inode_2	320.8907
inode_3	321.6278
inode_4	321.1075
inode_5	321.1259
inode_6	320.8874
inode_7	321.6219
inode_8	320.8413
inode_9	320.8579
inode_10	320.5725
inode_11	321.2225
inode_12	322.2114
inode_13	322.2360
inode_14	321.8196
inode_15	322.9473
inode_16	322.2108
inode_17	322.2353
inode_18	321.8195
inode_19	322.9469
inode_20	321.9691
inode_21	321.9888
inode_22	321.7943
inode_23	322.8939
inode_24	321.0774
inode_25	321.0925
inode_26	320.7590
inode_27	321.5462
