pcb_LC_0	351.2352
pcb_LC_1	352.4346
pcb_LC_2	352.9593
pcb_LC_3	353.1679
pcb_LC_4	353.1678
pcb_LC_5	352.9592
pcb_LC_6	352.4343
pcb_LC_7	351.2346
pcb_LC_8	351.2121
pcb_LC_9	352.6302
pcb_LC_10	353.3008
pcb_LC_11	353.5751
pcb_LC_12	353.5751
pcb_LC_13	353.3007
pcb_LC_14	352.6296
pcb_LC_15	351.2113
pcb_LC_16	351.1983
pcb_LC_17	352.6047
pcb_LC_18	353.2704
pcb_LC_19	353.5431
pcb_LC_20	353.5431
pcb_LC_21	353.2703
pcb_LC_22	352.6040
pcb_LC_23	351.1974
pcb_LC_24	351.1898
pcb_LC_25	352.3617
pcb_LC_26	352.8764
pcb_LC_27	353.0818
pcb_LC_28	353.0818
pcb_LC_29	352.8763
pcb_LC_30	352.3612
pcb_LC_31	351.1890
solder_LC_0	353.3103
solder_LC_1	353.7223
solder_LC_2	354.0245
solder_LC_3	354.1791
solder_LC_4	354.1790
solder_LC_5	354.0246
solder_LC_6	353.7220
solder_LC_7	353.3094
solder_LC_8	353.4579
solder_LC_9	354.0060
solder_LC_10	354.3981
solder_LC_11	354.5977
solder_LC_12	354.5979
solder_LC_13	354.3982
solder_LC_14	354.0052
solder_LC_15	353.4563
solder_LC_16	353.4368
solder_LC_17	353.9699
solder_LC_18	354.3558
solder_LC_19	354.5531
solder_LC_20	354.5537
solder_LC_21	354.3561
solder_LC_22	353.9685
solder_LC_23	353.4352
solder_LC_24	353.2181
solder_LC_25	353.5896
solder_LC_26	353.8791
solder_LC_27	354.0294
solder_LC_28	354.0300
solder_LC_29	353.8792
solder_LC_30	353.5883
solder_LC_31	353.2166
sub_LC_0	353.5270
sub_LC_1	353.9551
sub_LC_2	354.2815
sub_LC_3	354.4505
sub_LC_4	354.4502
sub_LC_5	354.2821
sub_LC_6	353.9548
sub_LC_7	353.5263
sub_LC_8	353.7180
sub_LC_9	354.2659
sub_LC_10	354.6746
sub_LC_11	354.8844
sub_LC_12	354.8847
sub_LC_13	354.6749
sub_LC_14	354.2651
sub_LC_15	353.7155
sub_LC_16	353.7074
sub_LC_17	354.2438
sub_LC_18	354.6462
sub_LC_19	354.8531
sub_LC_20	354.8544
sub_LC_21	354.6470
sub_LC_22	354.2416
sub_LC_23	353.7057
sub_LC_24	353.3777
sub_LC_25	353.7704
sub_LC_26	354.0849
sub_LC_27	354.2487
sub_LC_28	354.2499
sub_LC_29	354.0851
sub_LC_30	353.7685
sub_LC_31	353.3757
layer_3_LC_0	355.3750
layer_3_LC_1	356.0533
layer_3_LC_2	356.6177
layer_3_LC_3	356.9206
layer_3_LC_4	356.9170
layer_3_LC_5	356.6221
layer_3_LC_6	356.0537
layer_3_LC_7	355.3766
layer_3_LC_8	356.0087
layer_3_LC_9	356.7297
layer_3_LC_10	357.3387
layer_3_LC_11	357.6572
layer_3_LC_12	357.6582
layer_3_LC_13	357.3405
layer_3_LC_14	356.7300
layer_3_LC_15	355.9969
layer_3_LC_16	356.1692
layer_3_LC_17	356.9101
layer_3_LC_18	357.5076
layer_3_LC_19	357.8168
layer_3_LC_20	357.8261
layer_3_LC_21	357.5153
layer_3_LC_22	356.8989
layer_3_LC_23	356.1674
layer_3_LC_24	354.6362
layer_3_LC_25	355.3157
layer_3_LC_26	355.8774
layer_3_LC_27	356.1660
layer_3_LC_28	356.1744
layer_3_LC_29	355.8789
layer_3_LC_30	355.3076
layer_3_LC_31	354.6290
layer_4_TB_0	355.2796
layer_4_TB_1	355.9581
layer_4_TB_2	356.5221
layer_4_TB_3	356.8248
layer_4_TB_4	356.8212
layer_4_TB_5	356.5265
layer_4_TB_6	355.9585
layer_4_TB_7	355.2812
layer_4_TB_8	355.9141
layer_4_TB_9	356.6350
layer_4_TB_10	357.2437
layer_4_TB_11	357.5620
layer_4_TB_12	357.5630
layer_4_TB_13	357.2455
layer_4_TB_14	356.6354
layer_4_TB_15	355.9022
layer_4_TB_16	356.0765
layer_4_TB_17	356.8175
layer_4_TB_18	357.4146
layer_4_TB_19	357.7235
layer_4_TB_20	357.7329
layer_4_TB_21	357.4224
layer_4_TB_22	356.8063
layer_4_TB_23	356.0747
layer_4_TB_24	354.5398
layer_4_TB_25	355.2195
layer_4_TB_26	355.7809
layer_4_TB_27	356.0692
layer_4_TB_28	356.0777
layer_4_TB_29	355.7824
layer_4_TB_30	355.2114
layer_4_TB_31	354.5326
layer_5_B_0	354.3258
layer_5_B_1	355.0054
layer_5_B_2	355.5658
layer_5_B_3	355.8665
layer_5_B_4	355.8627
layer_5_B_5	355.5704
layer_5_B_6	355.0057
layer_5_B_7	354.3276
layer_5_B_8	354.9675
layer_5_B_9	355.6889
layer_5_B_10	356.2944
layer_5_B_11	356.6103
layer_5_B_12	356.6112
layer_5_B_13	356.2960
layer_5_B_14	355.6895
layer_5_B_15	354.9552
layer_5_B_16	355.1494
layer_5_B_17	355.8923
layer_5_B_18	356.4854
layer_5_B_19	356.7917
layer_5_B_20	356.8013
layer_5_B_21	356.4935
layer_5_B_22	355.8806
layer_5_B_23	355.1480
layer_5_B_24	353.5760
layer_5_B_25	354.2571
layer_5_B_26	354.8155
layer_5_B_27	355.1016
layer_5_B_28	355.1102
layer_5_B_29	354.8170
layer_5_B_30	354.2490
layer_5_B_31	353.5687
layer_6_TB_0	354.1811
layer_6_TB_1	354.8611
layer_6_TB_2	355.4214
layer_6_TB_3	355.7214
layer_6_TB_4	355.7177
layer_6_TB_5	355.4258
layer_6_TB_6	354.8614
layer_6_TB_7	354.1827
layer_6_TB_8	354.8193
layer_6_TB_9	355.5417
layer_6_TB_10	356.1468
layer_6_TB_11	356.4622
layer_6_TB_12	356.4631
layer_6_TB_13	356.1484
layer_6_TB_14	355.5423
layer_6_TB_15	354.8073
layer_6_TB_16	354.9980
layer_6_TB_17	355.7411
layer_6_TB_18	356.3342
layer_6_TB_19	356.6402
layer_6_TB_20	356.6496
layer_6_TB_21	356.3420
layer_6_TB_22	355.7297
layer_6_TB_23	354.9965
layer_6_TB_24	353.4375
layer_6_TB_25	354.1191
layer_6_TB_26	354.6772
layer_6_TB_27	354.9630
layer_6_TB_28	354.9714
layer_6_TB_29	354.6787
layer_6_TB_30	354.1112
layer_6_TB_31	353.4304
layer_7_B_32	352.7334
layer_7_B_33	353.4181
layer_7_B_34	353.9764
layer_7_B_35	354.2698
layer_7_B_36	354.2675
layer_7_B_37	353.9794
layer_7_B_38	353.4183
layer_7_B_39	352.7338
layer_7_B_40	353.3380
layer_7_B_41	354.0700
layer_7_B_42	354.6714
layer_7_B_43	354.9818
layer_7_B_44	354.9826
layer_7_B_45	354.6727
layer_7_B_46	354.0695
layer_7_B_47	353.3285
layer_7_B_48	353.4843
layer_7_B_49	354.2296
layer_7_B_50	354.8225
layer_7_B_51	355.1263
layer_7_B_52	355.1328
layer_7_B_53	354.8275
layer_7_B_54	354.2207
layer_7_B_55	353.4818
layer_7_B_56	352.0525
layer_7_B_57	352.7388
layer_7_B_58	353.2941
layer_7_B_59	353.5761
layer_7_B_60	353.5832
layer_7_B_61	353.2954
layer_7_B_62	352.7326
layer_7_B_63	352.0470
layer_8_TB_0	352.5501
layer_8_TB_1	353.2357
layer_8_TB_2	353.7936
layer_8_TB_3	354.0862
layer_8_TB_4	354.0840
layer_8_TB_5	353.7965
layer_8_TB_6	353.2359
layer_8_TB_7	352.5504
layer_8_TB_8	353.1521
layer_8_TB_9	353.8855
layer_8_TB_10	354.4864
layer_8_TB_11	354.7962
layer_8_TB_12	354.7970
layer_8_TB_13	354.4877
layer_8_TB_14	353.8848
layer_8_TB_15	353.1428
layer_8_TB_16	353.2968
layer_8_TB_17	354.0429
layer_8_TB_18	354.6356
layer_8_TB_19	354.9391
layer_8_TB_20	354.9453
layer_8_TB_21	354.6404
layer_8_TB_22	354.0342
layer_8_TB_23	353.2943
layer_8_TB_24	351.8747
layer_8_TB_25	352.5618
layer_8_TB_26	353.1167
layer_8_TB_27	353.3982
layer_8_TB_28	353.4051
layer_8_TB_29	353.1179
layer_8_TB_30	352.5558
layer_8_TB_31	351.8693
layer_9_B_64	350.7176
layer_9_B_65	351.4113
layer_9_B_66	351.9656
layer_9_B_67	352.2503
layer_9_B_68	352.2493
layer_9_B_69	351.9671
layer_9_B_70	351.4113
layer_9_B_71	350.7167
layer_9_B_72	351.2927
layer_9_B_73	352.0402
layer_9_B_74	352.6366
layer_9_B_75	352.9404
layer_9_B_76	352.9411
layer_9_B_77	352.6376
layer_9_B_78	352.0387
layer_9_B_79	351.2857
layer_9_B_80	351.4225
layer_9_B_81	352.1761
layer_9_B_82	352.7673
layer_9_B_83	353.0673
layer_9_B_84	353.0709
layer_9_B_85	352.7695
layer_9_B_86	352.1697
layer_9_B_87	351.4192
layer_9_B_88	350.0965
layer_9_B_89	350.7916
layer_9_B_90	351.3421
layer_9_B_91	351.6184
layer_9_B_92	351.6240
layer_9_B_93	351.3431
layer_9_B_94	350.7874
layer_9_B_95	350.0926
layer_10_TB_0	350.4968
layer_10_TB_1	351.1917
layer_10_TB_2	351.7454
layer_10_TB_3	352.0292
layer_10_TB_4	352.0283
layer_10_TB_5	351.7468
layer_10_TB_6	351.1917
layer_10_TB_7	350.4958
layer_10_TB_8	351.0698
layer_10_TB_9	351.8193
layer_10_TB_10	352.4151
layer_10_TB_11	352.7182
layer_10_TB_12	352.7188
layer_10_TB_13	352.4161
layer_10_TB_14	351.8176
layer_10_TB_15	351.0630
layer_10_TB_16	351.1997
layer_10_TB_17	351.9546
layer_10_TB_18	352.5456
layer_10_TB_19	352.8451
layer_10_TB_20	352.8484
layer_10_TB_21	352.5475
layer_10_TB_22	351.9483
layer_10_TB_23	351.1964
layer_10_TB_24	349.8804
layer_10_TB_25	350.5767
layer_10_TB_26	351.1265
layer_10_TB_27	351.4022
layer_10_TB_28	351.4077
layer_10_TB_29	351.1275
layer_10_TB_30	350.5726
layer_10_TB_31	349.8767
layer_11_B_96	348.2886
layer_11_B_97	348.9954
layer_11_B_98	349.5436
layer_11_B_99	349.8182
layer_11_B_100	349.8185
layer_11_B_101	349.5437
layer_11_B_102	348.9953
layer_11_B_103	348.2866
layer_11_B_104	348.8414
layer_11_B_105	349.6099
layer_11_B_106	350.2003
layer_11_B_107	350.4963
layer_11_B_108	350.4968
layer_11_B_109	350.2009
layer_11_B_110	349.6074
layer_11_B_111	348.8366
layer_11_B_112	348.9720
layer_11_B_113	349.7398
layer_11_B_114	350.3281
layer_11_B_115	350.6231
layer_11_B_116	350.6238
layer_11_B_117	350.3275
layer_11_B_118	349.7356
layer_11_B_119	348.9681
layer_11_B_120	347.7189
layer_11_B_121	348.4271
layer_11_B_122	348.9708
layer_11_B_123	349.2397
layer_11_B_124	349.2441
layer_11_B_125	348.9715
layer_11_B_126	348.4247
layer_11_B_127	347.7169
layer_12_TB_0	348.0313
layer_12_TB_1	348.7397
layer_12_TB_2	349.2872
layer_12_TB_3	349.5607
layer_12_TB_4	349.5611
layer_12_TB_5	349.2871
layer_12_TB_6	348.7395
layer_12_TB_7	348.0292
layer_12_TB_8	348.5827
layer_12_TB_9	349.3536
layer_12_TB_10	349.9434
layer_12_TB_11	350.2386
layer_12_TB_12	350.2390
layer_12_TB_13	349.9439
layer_12_TB_14	349.3510
layer_12_TB_15	348.5781
layer_12_TB_16	348.7149
layer_12_TB_17	349.4844
layer_12_TB_18	350.0723
layer_12_TB_19	350.3669
layer_12_TB_20	350.3673
layer_12_TB_21	350.0715
layer_12_TB_22	349.4805
layer_12_TB_23	348.7109
layer_12_TB_24	347.4656
layer_12_TB_25	348.1753
layer_12_TB_26	348.7182
layer_12_TB_27	348.9863
layer_12_TB_28	348.9906
layer_12_TB_29	348.7189
layer_12_TB_30	348.1731
layer_12_TB_31	347.4637
layer_13_B_128	345.4583
layer_13_B_129	346.1825
layer_13_B_130	346.7226
layer_13_B_131	346.9855
layer_13_B_132	346.9872
layer_13_B_133	346.7212
layer_13_B_134	346.1822
layer_13_B_135	345.4552
layer_13_B_136	345.9955
layer_13_B_137	346.7910
layer_13_B_138	347.3742
layer_13_B_139	347.6613
layer_13_B_140	347.6617
layer_13_B_141	347.3745
layer_13_B_142	346.7876
layer_13_B_143	345.9930
layer_13_B_144	346.1436
layer_13_B_145	346.9315
layer_13_B_146	347.5156
layer_13_B_147	347.8046
layer_13_B_148	347.8023
layer_13_B_149	347.5123
layer_13_B_150	346.9295
layer_13_B_151	346.1391
layer_13_B_152	344.9322
layer_13_B_153	345.6576
layer_13_B_154	346.1925
layer_13_B_155	346.4524
layer_13_B_156	346.4556
layer_13_B_157	346.1930
layer_13_B_158	345.6571
layer_13_B_159	344.9319
layer_14_TB_0	345.1557
layer_14_TB_1	345.8820
layer_14_TB_2	346.4208
layer_14_TB_3	346.6828
layer_14_TB_4	346.6845
layer_14_TB_5	346.4194
layer_14_TB_6	345.8816
layer_14_TB_7	345.1526
layer_14_TB_8	345.6875
layer_14_TB_9	346.4858
layer_14_TB_10	347.0682
layer_14_TB_11	347.3545
layer_14_TB_12	347.3548
layer_14_TB_13	347.0684
layer_14_TB_14	346.4824
layer_14_TB_15	345.6851
layer_14_TB_16	345.8309
layer_14_TB_17	346.6216
layer_14_TB_18	347.2048
layer_14_TB_19	347.4930
layer_14_TB_20	347.4908
layer_14_TB_21	347.2016
layer_14_TB_22	346.6197
layer_14_TB_23	345.8264
layer_14_TB_24	344.6412
layer_14_TB_25	345.3685
layer_14_TB_26	345.9023
layer_14_TB_27	346.1613
layer_14_TB_28	346.1645
layer_14_TB_29	345.9028
layer_14_TB_30	345.3681
layer_14_TB_31	344.6409
layer_15_B_160	342.1289
layer_15_B_161	342.8767
layer_15_B_162	343.4029
layer_15_B_163	343.6561
layer_15_B_164	343.6573
layer_15_B_165	343.4018
layer_15_B_166	342.8763
layer_15_B_167	342.1264
layer_15_B_168	342.6076
layer_15_B_169	343.4332
layer_15_B_170	344.0076
layer_15_B_171	344.2864
layer_15_B_172	344.2867
layer_15_B_173	344.0076
layer_15_B_174	343.4306
layer_15_B_175	342.6055
layer_15_B_176	342.7033
layer_15_B_177	343.5232
layer_15_B_178	344.0979
layer_15_B_179	344.3780
layer_15_B_180	344.3764
layer_15_B_181	344.0955
layer_15_B_182	343.5216
layer_15_B_183	342.6998
layer_15_B_184	341.7306
layer_15_B_185	342.4780
layer_15_B_186	343.0000
layer_15_B_187	343.2509
layer_15_B_188	343.2532
layer_15_B_189	343.0003
layer_15_B_190	342.4776
layer_15_B_191	341.7303
layer_16_TB_0	341.7924
layer_16_TB_1	342.5428
layer_16_TB_2	343.0675
layer_16_TB_3	343.3198
layer_16_TB_4	343.3209
layer_16_TB_5	343.0665
layer_16_TB_6	342.5424
layer_16_TB_7	341.7901
layer_16_TB_8	342.2663
layer_16_TB_9	343.0954
layer_16_TB_10	343.6688
layer_16_TB_11	343.9468
layer_16_TB_12	343.9470
layer_16_TB_13	343.6688
layer_16_TB_14	343.0929
layer_16_TB_15	342.2643
layer_16_TB_16	342.3583
layer_16_TB_17	343.1818
layer_16_TB_18	343.7555
layer_16_TB_19	344.0347
layer_16_TB_20	344.0331
layer_16_TB_21	343.7532
layer_16_TB_22	343.1802
layer_16_TB_23	342.3550
layer_16_TB_24	341.4053
layer_16_TB_25	342.1551
layer_16_TB_26	342.6757
layer_16_TB_27	342.9257
layer_16_TB_28	342.9279
layer_16_TB_29	342.6760
layer_16_TB_30	342.1547
layer_16_TB_31	341.4049
layer_17_B_192	338.4277
layer_17_B_193	339.2042
layer_17_B_194	339.7140
layer_17_B_195	339.9560
layer_17_B_196	339.9568
layer_17_B_197	339.7132
layer_17_B_198	339.2038
layer_17_B_199	338.4259
layer_17_B_200	338.8536
layer_17_B_201	339.7169
layer_17_B_202	340.2808
layer_17_B_203	340.5501
layer_17_B_204	340.5502
layer_17_B_205	340.2807
layer_17_B_206	339.7151
layer_17_B_207	338.8521
layer_17_B_208	338.9089
layer_17_B_209	339.7680
layer_17_B_210	340.3318
layer_17_B_211	340.6018
layer_17_B_212	340.6008
layer_17_B_213	340.3301
layer_17_B_214	339.7668
layer_17_B_215	338.9065
layer_17_B_216	338.1516
layer_17_B_217	338.9261
layer_17_B_218	339.4326
layer_17_B_219	339.6729
layer_17_B_220	339.6744
layer_17_B_221	339.4328
layer_17_B_222	338.9258
layer_17_B_223	338.1512
layer_18_TB_0	338.0590
layer_18_TB_1	338.8386
layer_18_TB_2	339.3467
layer_18_TB_3	339.5875
layer_18_TB_4	339.5883
layer_18_TB_5	339.3460
layer_18_TB_6	338.8382
layer_18_TB_7	338.0573
layer_18_TB_8	338.4806
layer_18_TB_9	339.3481
layer_18_TB_10	339.9108
layer_18_TB_11	340.1791
layer_18_TB_12	340.1792
layer_18_TB_13	339.9107
layer_18_TB_14	339.3463
layer_18_TB_15	338.4791
layer_18_TB_16	338.5329
layer_18_TB_17	339.3963
layer_18_TB_18	339.9589
layer_18_TB_19	340.2279
layer_18_TB_20	340.2269
layer_18_TB_21	339.9573
layer_18_TB_22	339.3951
layer_18_TB_23	338.5306
layer_18_TB_24	337.7937
layer_18_TB_25	338.5712
layer_18_TB_26	339.0760
layer_18_TB_27	339.3152
layer_18_TB_28	339.3167
layer_18_TB_29	339.0762
layer_18_TB_30	338.5708
layer_18_TB_31	337.7933
layer_19_B_224	334.3720
layer_19_B_225	335.1828
layer_19_B_226	335.6735
layer_19_B_227	335.9026
layer_19_B_228	335.9030
layer_19_B_229	335.6730
layer_19_B_230	335.1825
layer_19_B_231	334.3710
layer_19_B_232	334.7505
layer_19_B_233	335.6596
layer_19_B_234	336.2109
layer_19_B_235	336.4696
layer_19_B_236	336.4696
layer_19_B_237	336.2107
layer_19_B_238	335.6585
layer_19_B_239	334.7495
layer_19_B_240	334.7730
layer_19_B_241	335.6792
layer_19_B_242	336.2301
layer_19_B_243	336.4890
layer_19_B_244	336.4885
layer_19_B_245	336.2292
layer_19_B_246	335.6785
layer_19_B_247	334.7716
layer_19_B_248	334.2144
layer_19_B_249	335.0218
layer_19_B_250	335.5099
layer_19_B_251	335.7379
layer_19_B_252	335.7387
layer_19_B_253	335.5099
layer_19_B_254	335.0215
layer_19_B_255	334.2141
layer_20_TB_0	333.9728
layer_20_TB_1	334.7873
layer_20_TB_2	335.2759
layer_20_TB_3	335.5037
layer_20_TB_4	335.5041
layer_20_TB_5	335.2754
layer_20_TB_6	334.7870
layer_20_TB_7	333.9718
layer_20_TB_8	334.3473
layer_20_TB_9	335.2615
layer_20_TB_10	335.8114
layer_20_TB_11	336.0690
layer_20_TB_12	336.0690
layer_20_TB_13	335.8112
layer_20_TB_14	335.2604
layer_20_TB_15	334.3464
layer_20_TB_16	334.3673
layer_20_TB_17	335.2786
layer_20_TB_18	335.8281
layer_20_TB_19	336.0858
layer_20_TB_20	336.0853
layer_20_TB_21	335.8272
layer_20_TB_22	335.2778
layer_20_TB_23	334.3660
layer_20_TB_24	333.8257
layer_20_TB_25	334.6367
layer_20_TB_26	335.1229
layer_20_TB_27	335.3496
layer_20_TB_28	335.3503
layer_20_TB_29	335.1229
layer_20_TB_30	334.6364
layer_20_TB_31	333.8254
hsp_TB_0	329.9802
hsp_TB_1	330.8317
hsp_TB_2	331.2998
hsp_TB_3	331.5145
hsp_TB_4	331.5145
hsp_TB_5	331.2997
hsp_TB_6	330.8314
hsp_TB_7	329.9799
hsp_TB_8	330.3157
hsp_TB_9	331.2799
hsp_TB_10	331.8162
hsp_TB_11	332.0630
hsp_TB_12	332.0630
hsp_TB_13	331.8160
hsp_TB_14	331.2795
hsp_TB_15	330.3153
hsp_TB_16	330.3095
hsp_TB_17	331.2719
hsp_TB_18	331.8075
hsp_TB_19	332.0542
hsp_TB_20	332.0541
hsp_TB_21	331.8073
hsp_TB_22	331.2716
hsp_TB_23	330.3091
hsp_TB_24	329.9390
hsp_TB_25	330.7857
hsp_TB_26	331.2521
hsp_TB_27	331.4662
hsp_TB_28	331.4663
hsp_TB_29	331.2520
hsp_TB_30	330.7855
hsp_TB_31	329.9388
hsink_TB_0	328.5142
hsink_TB_1	329.2400
hsink_TB_2	329.6786
hsink_TB_3	329.8845
hsink_TB_4	329.8845
hsink_TB_5	329.6785
hsink_TB_6	329.2399
hsink_TB_7	328.5140
hsink_TB_8	328.7572
hsink_TB_9	329.5863
hsink_TB_10	330.0918
hsink_TB_11	330.3297
hsink_TB_12	330.3297
hsink_TB_13	330.0917
hsink_TB_14	329.5861
hsink_TB_15	328.7570
hsink_TB_16	328.7527
hsink_TB_17	329.5806
hsink_TB_18	330.0855
hsink_TB_19	330.3233
hsink_TB_20	330.3232
hsink_TB_21	330.0854
hsink_TB_22	329.5804
hsink_TB_23	328.7525
hsink_TB_24	328.5013
hsink_TB_25	329.2243
hsink_TB_26	329.6617
hsink_TB_27	329.8672
hsink_TB_28	329.8671
hsink_TB_29	329.6616
hsink_TB_30	329.2241
hsink_TB_31	328.5012
inode_0	326.4166
inode_1	326.4164
inode_2	326.9562
inode_3	326.9734
inode_4	326.3794
inode_5	326.3793
inode_6	326.9262
inode_7	326.9432
inode_8	325.2247
inode_9	325.2246
inode_10	325.5351
inode_11	325.5494
inode_12	353.1016
inode_13	353.1002
inode_14	352.6827
inode_15	352.8169
inode_16	353.0812
inode_17	353.0798
inode_18	352.6773
inode_19	352.8110
inode_20	349.3633
inode_21	349.3624
inode_22	351.6578
inode_23	351.7730
inode_24	338.9735
inode_25	338.9730
inode_26	339.1769
inode_27	339.2492
