Metric	Core0	Core1	Core2	Core3	Core4	Core5	Core6	Core7	Core8	Core9	Core10	Core11	Core12	Core13	Core14	Core15	Core16	Core17	Core18	Core19	Core20	Core21	Core22	Core23	Core24	Core25	Core26	Core27	Core28	Core29	Core30	Core31	Core32	Core33	Core34	Core35	Core36	Core37	Core38	Core39	Core40	Core41	Core42	Core43	Core44	Core45	Core46	Core47	Core48	Core49	Core50	Core51	Core52	Core53	Core54	Core55	Core56	Core57	Core58	Core59	Core60	Core61	Core62	Core63
total	1.235	1.237	1.266	1.267	1.251	1.251	1.251	1.250	1.249	1.248	1.247	1.249	1.249	1.249	1.249	1.248	1.247	1.247	1.247	1.247	1.251	1.251	1.249	1.250	1.249	1.249	1.249	1.249	1.247	1.247	1.247	1.247	0.652	0.652	0.651	0.650	0.652	0.653	0.652	0.654	0.652	0.650	0.651	0.652	0.654	0.653	0.652	0.653	1.595	1.595	1.594	1.594	1.595	1.594	1.594	1.594	1.594	1.594	1.594	1.594	1.594	1.594	1.594	1.594
base	0.250	0.250	0.250	0.250	0.250	0.250	0.250	0.250	0.250	0.250	0.250	0.250	0.250	0.250	0.250	0.250	0.250	0.250	0.250	0.250	0.250	0.250	0.250	0.250	0.250	0.250	0.250	0.250	0.250	0.250	0.250	0.250	0.250	0.250	0.250	0.250	0.250	0.250	0.250	0.250	0.250	0.250	0.250	0.250	0.250	0.250	0.250	0.250	0.250	0.250	0.250	0.250	0.250	0.250	0.250	0.250	0.250	0.250	0.250	0.250	0.250	0.250	0.250	0.250
dispatch_width	-
rs_full	-
depend	-
depend-int	0.067	0.067	0.068	0.068	0.066	0.066	0.066	0.066	0.066	0.066	0.066	0.066	0.066	0.066	0.066	0.066	0.066	0.066	0.066	0.066	0.066	0.066	0.066	0.066	0.066	0.066	0.066	0.066	0.066	0.066	0.066	0.066	0.054	0.054	0.054	0.054	0.054	0.054	0.054	0.054	0.054	0.054	0.054	0.054	0.054	0.054	0.054	0.054	0.188	0.188	0.188	0.188	0.188	0.188	0.188	0.188	0.188	0.188	0.188	0.188	0.188	0.188	0.188	0.188
depend-fp	0.548	0.548	0.543	0.543	0.544	0.544	0.544	0.544	0.544	0.544	0.544	0.544	0.544	0.544	0.544	0.544	0.544	0.544	0.544	0.544	0.544	0.544	0.544	0.544	0.544	0.544	0.544	0.544	0.544	0.544	0.544	0.544	0.000	0.000	0.000	0.000	0.000	0.000	0.000	0.000	0.000	0.000	0.000	0.000	0.000	0.000	0.000	0.000	0.000	0.000	0.000	0.000	0.000	0.000	0.000	0.000	0.000	0.000	0.000	0.000	0.000	0.000	0.000	0.000
depend-branch	0.018	0.018	0.019	0.019	0.018	0.018	0.018	0.018	0.018	0.018	0.018	0.018	0.018	0.018	0.018	0.018	0.018	0.018	0.018	0.018	0.018	0.018	0.018	0.018	0.018	0.018	0.018	0.018	0.018	0.018	0.018	0.018	0.000	0.000	0.000	0.000	0.000	0.000	0.000	0.000	0.000	0.000	0.000	0.000	0.000	0.000	0.000	0.000	0.036	0.036	0.036	0.036	0.036	0.036	0.036	0.036	0.036	0.036	0.036	0.036	0.036	0.036	0.036	0.036
issue	0.018	0.018	0.018	0.018	0.018	0.018	0.018	0.018	0.018	0.018	0.018	0.018	0.018	0.018	0.018	0.018	0.018	0.018	0.018	0.018	0.018	0.018	0.018	0.018	0.018	0.018	0.018	0.018	0.018	0.018	0.018	0.018	0.077	0.077	0.077	0.077	0.078	0.078	0.078	0.078	0.077	0.077	0.077	0.077	0.078	0.078	0.078	0.078	0.000	0.000	0.000	0.000	0.000	0.000	0.000	0.000	0.000	0.000	0.000	0.000	0.000	0.000	0.000	0.000
serial	-
smt	-
branch	0.000	0.000	0.000	0.000	0.000	0.000	0.000	0.000	0.000	0.000	0.000	0.000	0.000	0.000	0.000	0.000	0.000	0.000	0.000	0.000	0.000	0.000	0.000	0.000	0.000	0.000	0.000	0.000	0.000	0.000	0.000	0.000	0.062	0.062	0.061	0.061	0.062	0.062	0.062	0.062	0.061	0.061	0.061	0.062	0.062	0.062	0.062	0.062	0.176	0.176	0.176	0.176	0.176	0.176	0.176	0.176	0.176	0.176	0.176	0.176	0.176	0.176	0.175	0.175
itlb	-
dtlb	-
ifetch	0.000	0.000	0.000	0.000	0.000	0.000	0.000	0.000	0.000	0.000	0.000	0.000	0.000	0.000	0.000	0.000	0.000	0.000	0.000	0.000	0.000	0.000	0.000	0.000	0.000	0.000	0.000	0.000	0.000	0.000	0.000	0.000	0.083	0.083	0.082	0.082	0.083	0.084	0.082	0.085	0.083	0.082	0.082	0.083	0.084	0.083	0.082	0.084	0.434	0.434	0.434	0.434	0.434	0.434	0.434	0.434	0.434	0.434	0.434	0.434	0.434	0.434	0.434	0.434
mem	-
mem-l1d	0.079	0.079	0.079	0.079	0.078	0.078	0.078	0.078	0.078	0.078	0.079	0.079	0.079	0.078	0.079	0.079	0.079	0.079	0.079	0.078	0.078	0.078	0.078	0.078	0.078	0.079	0.078	0.078	0.079	0.079	0.079	0.079	0.097	0.097	0.097	0.097	0.097	0.097	0.097	0.097	0.097	0.097	0.097	0.097	0.097	0.097	0.097	0.097	0.501	0.501	0.501	0.501	0.501	0.501	0.501	0.501	0.501	0.501	0.501	0.501	0.501	0.501	0.501	0.501
mem-l2	-
mem-l3	-
mem-l4	-
mem-remote	-
mem-nuca	-
mem-dram-cache	-
mem-dram	0.242	0.243	0.270	0.271	0.262	0.261	0.261	0.261	0.260	0.260	0.259	0.260	0.261	0.260	0.260	0.260	0.258	0.259	0.258	0.259	0.262	0.262	0.261	0.260	0.261	0.260	0.260	0.260	0.259	0.258	0.259	0.258	0.024	0.025	0.025	0.024	0.025	0.024	0.025	0.024	0.024	0.024	0.025	0.024	0.024	0.025	0.025	0.024	0.000	0.000	0.000	0.000	0.000	0.000	0.000	0.000	0.000	0.000	0.000	0.000	0.000	0.000	0.000	0.000
sync	-
dvfs-transition	-
imbalance	-
other	0.013	0.014	0.021	0.020	0.014	0.014	0.014	0.014	0.014	0.013	0.013	0.014	0.013	0.013	0.014	0.013	0.014	0.013	0.014	0.013	0.014	0.014	0.013	0.014	0.013	0.014	0.013	0.014	0.013	0.014	0.014	0.013	0.005	0.005	0.005	0.005	0.005	0.005	0.005	0.005	0.005	0.005	0.005	0.005	0.005	0.005	0.005	0.005	0.010	0.010	0.010	0.010	0.010	0.010	0.010	0.010	0.010	0.010	0.010	0.010	0.010	0.010	0.010	0.010
