Metric	Core0	Core1	Core2	Core3	Core4	Core5	Core6	Core7	Core8	Core9	Core10	Core11	Core12	Core13	Core14	Core15	Core16	Core17	Core18	Core19	Core20	Core21	Core22	Core23	Core24	Core25	Core26	Core27	Core28	Core29	Core30	Core31	Core32	Core33	Core34	Core35	Core36	Core37	Core38	Core39	Core40	Core41	Core42	Core43	Core44	Core45	Core46	Core47	Core48	Core49	Core50	Core51	Core52	Core53	Core54	Core55	Core56	Core57	Core58	Core59	Core60	Core61	Core62	Core63
total	1.388	1.389	1.454	1.454	1.446	1.448	1.446	1.445	1.445	1.447	1.447	1.446	1.447	1.446	1.445	1.447	1.443	1.444	1.443	1.443	1.444	1.446	1.443	1.444	1.445	1.446	1.443	1.446	1.447	1.444	1.444	1.446	0.452	0.452	0.452	0.452	0.452	0.452	0.452	0.452	0.452	0.452	0.452	0.452	0.452	0.452	0.452	0.452	1.573	1.573	1.571	1.572	1.571	1.572	1.572	1.572	1.571	1.572	1.572	1.572	1.571	1.572	1.569	1.569
base	0.250	0.250	0.250	0.250	0.250	0.250	0.250	0.250	0.250	0.250	0.250	0.250	0.250	0.250	0.250	0.250	0.250	0.250	0.250	0.250	0.250	0.250	0.250	0.250	0.250	0.250	0.250	0.250	0.250	0.250	0.250	0.250	0.250	0.250	0.250	0.250	0.250	0.250	0.250	0.250	0.250	0.250	0.250	0.250	0.250	0.250	0.250	0.250	0.250	0.250	0.250	0.250	0.250	0.250	0.250	0.250	0.250	0.250	0.250	0.250	0.250	0.250	0.250	0.250
dispatch_width	-
rs_full	-
depend	-
depend-int	0.077	0.077	0.077	0.077	0.077	0.077	0.077	0.077	0.077	0.077	0.077	0.077	0.077	0.077	0.077	0.077	0.077	0.077	0.077	0.077	0.077	0.077	0.077	0.077	0.077	0.077	0.077	0.077	0.077	0.077	0.077	0.077	0.034	0.034	0.034	0.034	0.034	0.034	0.034	0.034	0.034	0.034	0.034	0.034	0.034	0.034	0.034	0.034	0.186	0.186	0.186	0.186	0.186	0.186	0.186	0.186	0.186	0.186	0.186	0.186	0.186	0.186	0.186	0.186
depend-fp	0.566	0.566	0.566	0.566	0.565	0.565	0.565	0.565	0.565	0.565	0.565	0.565	0.565	0.565	0.565	0.565	0.565	0.565	0.565	0.565	0.565	0.565	0.565	0.565	0.565	0.565	0.565	0.565	0.565	0.565	0.565	0.565	0.000	0.000	0.000	0.000	0.000	0.000	0.000	0.000	0.000	0.000	0.000	0.000	0.000	0.000	0.000	0.000	0.000	0.000	0.000	0.000	0.000	0.000	0.000	0.000	0.000	0.000	0.000	0.000	0.000	0.000	0.000	0.000
depend-branch	0.019	0.019	0.019	0.019	0.019	0.019	0.019	0.019	0.019	0.019	0.019	0.019	0.019	0.019	0.019	0.019	0.019	0.019	0.019	0.019	0.019	0.019	0.019	0.019	0.019	0.019	0.019	0.019	0.019	0.019	0.019	0.019	0.000	0.000	0.000	0.000	0.000	0.000	0.000	0.000	0.000	0.000	0.000	0.000	0.000	0.000	0.000	0.000	0.034	0.034	0.034	0.034	0.034	0.034	0.034	0.034	0.034	0.034	0.034	0.034	0.034	0.034	0.034	0.034
issue	0.016	0.016	0.016	0.016	0.016	0.016	0.016	0.016	0.016	0.016	0.016	0.016	0.016	0.016	0.016	0.016	0.016	0.016	0.016	0.016	0.016	0.016	0.016	0.016	0.016	0.016	0.016	0.016	0.016	0.016	0.016	0.016	0.066	0.066	0.066	0.066	0.066	0.066	0.066	0.066	0.066	0.066	0.066	0.066	0.066	0.066	0.066	0.066	0.000	0.000	0.000	0.000	0.000	0.000	0.000	0.000	0.000	0.000	0.000	0.000	0.000	0.000	0.000	0.000
serial	-
smt	-
branch	0.000	0.000	0.000	0.000	0.000	0.000	0.000	0.000	0.000	0.000	0.000	0.000	0.000	0.000	0.000	0.000	0.000	0.000	0.000	0.000	0.000	0.000	0.000	0.000	0.000	0.000	0.000	0.000	0.000	0.000	0.000	0.000	0.005	0.005	0.005	0.005	0.005	0.005	0.005	0.005	0.005	0.005	0.005	0.005	0.005	0.005	0.005	0.005	0.175	0.176	0.175	0.175	0.175	0.175	0.175	0.175	0.175	0.175	0.175	0.175	0.175	0.176	0.175	0.175
itlb	-
dtlb	-
ifetch	0.000	0.000	0.000	0.000	0.000	0.000	0.000	0.000	0.000	0.000	0.000	0.000	0.000	0.000	0.000	0.000	0.000	0.000	0.000	0.000	0.000	0.000	0.000	0.000	0.000	0.000	0.000	0.000	0.000	0.000	0.000	0.000	0.024	0.024	0.024	0.024	0.024	0.024	0.024	0.024	0.024	0.024	0.024	0.024	0.025	0.024	0.024	0.024	0.428	0.428	0.427	0.427	0.427	0.427	0.428	0.427	0.427	0.427	0.427	0.427	0.427	0.427	0.425	0.425
mem	-
mem-l1d	0.080	0.080	0.080	0.080	0.080	0.080	0.080	0.080	0.080	0.080	0.080	0.080	0.080	0.080	0.080	0.080	0.080	0.080	0.080	0.080	0.080	0.080	0.080	0.080	0.080	0.080	0.080	0.080	0.080	0.080	0.080	0.080	0.050	0.050	0.050	0.050	0.050	0.050	0.050	0.050	0.050	0.050	0.050	0.050	0.050	0.050	0.050	0.050	0.486	0.486	0.486	0.486	0.486	0.486	0.486	0.486	0.486	0.486	0.486	0.486	0.486	0.486	0.486	0.486
mem-l2	-
mem-l3	-
mem-l4	-
mem-remote	-
mem-nuca	-
mem-dram-cache	-
mem-dram	0.362	0.362	0.423	0.423	0.417	0.419	0.418	0.417	0.416	0.419	0.418	0.417	0.418	0.417	0.416	0.418	0.416	0.416	0.415	0.415	0.416	0.417	0.416	0.416	0.417	0.418	0.415	0.417	0.418	0.416	0.416	0.417	0.022	0.022	0.022	0.022	0.022	0.022	0.022	0.022	0.022	0.022	0.022	0.022	0.022	0.022	0.022	0.022	0.000	0.000	0.000	0.000	0.000	0.000	0.000	0.000	0.000	0.000	0.000	0.000	0.000	0.000	0.000	0.000
sync	-
dvfs-transition	-
imbalance	-
other	0.019	0.020	0.023	0.023	0.021	0.021	0.022	0.021	0.022	0.022	0.022	0.022	0.022	0.022	0.022	0.022	0.021	0.021	0.021	0.021	0.021	0.021	0.020	0.022	0.021	0.021	0.021	0.022	0.022	0.021	0.021	0.022	0.001	0.001	0.001	0.001	0.001	0.001	0.001	0.001	0.001	0.001	0.001	0.001	0.001	0.001	0.001	0.001	0.013	0.014	0.013	0.013	0.013	0.013	0.013	0.013	0.013	0.013	0.013	0.013	0.013	0.013	0.013	0.012
total	1.320	1.320	1.364	1.364	1.369	1.369	1.369	1.368	1.369	1.369	1.371	1.370	1.370	1.369	1.369	1.369	1.368	1.369	1.371	1.368	1.369	1.369	1.369	1.370	1.369	1.371	1.369	1.370	1.370	1.369	1.370	1.370	0.694	0.694	0.694	0.693	0.693	0.694	0.693	0.695	0.694	0.694	0.694	0.694	0.693	0.693	0.694	0.694	1.596	1.596	1.596	1.596	1.596	1.596	1.596	1.596	1.596	1.596	1.596	1.596	1.596	1.596	1.596	1.596
base	0.250	0.250	0.250	0.250	0.250	0.250	0.250	0.250	0.250	0.250	0.250	0.250	0.250	0.250	0.250	0.250	0.250	0.250	0.250	0.250	0.250	0.250	0.250	0.250	0.250	0.250	0.250	0.250	0.250	0.250	0.250	0.250	0.250	0.250	0.250	0.250	0.250	0.250	0.250	0.250	0.250	0.250	0.250	0.250	0.250	0.250	0.250	0.250	0.250	0.250	0.250	0.250	0.250	0.250	0.250	0.250	0.250	0.250	0.250	0.250	0.250	0.250	0.250	0.250
dispatch_width	-
rs_full	-
depend	-
depend-int	0.072	0.072	0.072	0.072	0.072	0.072	0.072	0.072	0.072	0.072	0.072	0.072	0.072	0.072	0.072	0.072	0.072	0.072	0.072	0.072	0.072	0.072	0.072	0.072	0.072	0.072	0.072	0.072	0.072	0.072	0.072	0.072	0.053	0.053	0.053	0.053	0.053	0.053	0.053	0.053	0.053	0.053	0.053	0.053	0.053	0.053	0.053	0.053	0.191	0.191	0.191	0.191	0.191	0.191	0.191	0.191	0.191	0.191	0.191	0.191	0.191	0.191	0.191	0.191
depend-fp	0.556	0.556	0.556	0.556	0.557	0.557	0.557	0.557	0.557	0.557	0.557	0.557	0.557	0.557	0.557	0.557	0.557	0.557	0.557	0.557	0.557	0.557	0.557	0.557	0.557	0.557	0.557	0.557	0.557	0.557	0.557	0.556	0.000	0.000	0.000	0.000	0.000	0.000	0.000	0.000	0.000	0.000	0.000	0.000	0.000	0.000	0.000	0.000	0.000	0.000	0.000	0.000	0.000	0.000	0.000	0.000	0.000	0.000	0.000	0.000	0.000	0.000	0.000	0.000
depend-branch	0.018	0.018	0.018	0.018	0.018	0.018	0.018	0.018	0.018	0.018	0.018	0.018	0.018	0.018	0.018	0.018	0.018	0.018	0.018	0.018	0.018	0.018	0.018	0.018	0.018	0.018	0.018	0.018	0.018	0.018	0.018	0.018	0.000	0.000	0.000	0.000	0.000	0.000	0.000	0.000	0.000	0.000	0.000	0.000	0.000	0.000	0.000	0.000	0.035	0.035	0.035	0.035	0.035	0.035	0.035	0.035	0.035	0.035	0.035	0.035	0.035	0.035	0.035	0.035
issue	0.017	0.017	0.017	0.017	0.017	0.017	0.017	0.017	0.017	0.017	0.017	0.017	0.017	0.017	0.017	0.017	0.017	0.017	0.017	0.017	0.017	0.017	0.017	0.017	0.017	0.017	0.017	0.017	0.017	0.017	0.017	0.017	0.075	0.075	0.075	0.075	0.075	0.075	0.075	0.075	0.075	0.075	0.075	0.075	0.075	0.075	0.075	0.075	0.000	0.000	0.000	0.000	0.000	0.000	0.000	0.000	0.000	0.000	0.000	0.000	0.000	0.000	0.000	0.000
serial	-
smt	-
branch	0.000	0.000	0.000	0.000	0.000	0.000	0.000	0.000	0.000	0.000	0.000	0.000	0.000	0.000	0.000	0.000	0.000	0.000	0.000	0.000	0.000	0.000	0.000	0.000	0.000	0.000	0.000	0.000	0.000	0.000	0.000	0.000	0.053	0.053	0.053	0.053	0.053	0.053	0.053	0.053	0.053	0.053	0.053	0.053	0.053	0.053	0.053	0.053	0.169	0.169	0.169	0.169	0.169	0.169	0.169	0.169	0.169	0.169	0.169	0.169	0.169	0.169	0.169	0.169
itlb	-
dtlb	-
ifetch	0.000	0.000	0.000	0.000	0.000	0.000	0.000	0.000	0.000	0.000	0.000	0.000	0.000	0.000	0.000	0.000	0.000	0.000	0.000	0.000	0.000	0.000	0.000	0.000	0.000	0.000	0.000	0.000	0.000	0.000	0.000	0.000	0.118	0.118	0.118	0.118	0.117	0.118	0.118	0.119	0.118	0.118	0.118	0.119	0.117	0.118	0.119	0.119	0.448	0.448	0.448	0.448	0.448	0.448	0.448	0.448	0.448	0.448	0.448	0.448	0.448	0.448	0.448	0.448
mem	-
mem-l1d	0.080	0.080	0.080	0.080	0.080	0.080	0.080	0.080	0.080	0.080	0.080	0.080	0.080	0.080	0.080	0.080	0.080	0.080	0.080	0.080	0.080	0.080	0.080	0.080	0.080	0.080	0.080	0.080	0.080	0.080	0.080	0.080	0.106	0.106	0.106	0.106	0.106	0.106	0.106	0.106	0.106	0.106	0.106	0.106	0.106	0.106	0.106	0.106	0.494	0.494	0.494	0.494	0.494	0.494	0.494	0.494	0.494	0.494	0.494	0.494	0.494	0.494	0.494	0.494
mem-l2	-
mem-l3	-
mem-l4	-
mem-remote	-
mem-nuca	-
mem-dram-cache	-
mem-dram	0.311	0.311	0.354	0.353	0.358	0.358	0.357	0.356	0.357	0.358	0.359	0.358	0.358	0.357	0.357	0.357	0.357	0.357	0.358	0.356	0.357	0.357	0.357	0.357	0.357	0.358	0.357	0.357	0.358	0.357	0.357	0.358	0.034	0.035	0.034	0.034	0.035	0.035	0.034	0.035	0.034	0.034	0.035	0.034	0.034	0.034	0.034	0.035	0.000	0.000	0.000	0.000	0.000	0.000	0.000	0.000	0.000	0.000	0.000	0.000	0.000	0.000	0.000	0.000
sync	-
dvfs-transition	-
imbalance	-
other	0.016	0.017	0.018	0.018	0.017	0.017	0.018	0.018	0.018	0.017	0.018	0.017	0.018	0.018	0.017	0.018	0.017	0.018	0.018	0.018	0.017	0.018	0.017	0.018	0.018	0.018	0.017	0.018	0.018	0.018	0.018	0.018	0.005	0.005	0.005	0.005	0.005	0.005	0.005	0.005	0.005	0.005	0.005	0.005	0.005	0.005	0.005	0.005	0.009	0.009	0.009	0.009	0.009	0.009	0.009	0.009	0.009	0.009	0.009	0.009	0.009	0.009	0.009	0.009
total	1.342	1.343	1.399	1.399	1.392	1.393	1.393	1.392	1.391	1.392	1.391	1.390	1.393	1.392	1.392	1.393	1.390	1.392	1.391	1.389	1.390	1.390	1.390	1.392	1.392	1.392	1.391	1.391	1.392	1.390	1.390	1.393	0.649	0.649	0.648	0.649	0.649	0.649	0.649	0.649	0.648	0.648	0.649	0.648	0.648	0.648	0.649	0.649	1.610	1.610	1.610	1.610	1.610	1.610	1.610	1.610	1.610	1.610	1.610	1.610	1.610	1.610	1.610	1.610
base	0.250	0.250	0.250	0.250	0.250	0.250	0.250	0.250	0.250	0.250	0.250	0.250	0.250	0.250	0.250	0.250	0.250	0.250	0.250	0.250	0.250	0.250	0.250	0.250	0.250	0.250	0.250	0.250	0.250	0.250	0.250	0.250	0.250	0.250	0.250	0.250	0.250	0.250	0.250	0.250	0.250	0.250	0.250	0.250	0.250	0.250	0.250	0.250	0.250	0.250	0.250	0.250	0.250	0.250	0.250	0.250	0.250	0.250	0.250	0.250	0.250	0.250	0.250	0.250
dispatch_width	-
rs_full	-
depend	-
depend-int	0.074	0.074	0.073	0.073	0.073	0.073	0.073	0.073	0.073	0.073	0.073	0.073	0.073	0.073	0.073	0.073	0.073	0.073	0.073	0.073	0.073	0.073	0.073	0.073	0.073	0.073	0.073	0.073	0.073	0.073	0.073	0.073	0.049	0.049	0.049	0.049	0.049	0.049	0.049	0.049	0.049	0.049	0.049	0.049	0.049	0.049	0.049	0.049	0.192	0.192	0.192	0.192	0.192	0.192	0.192	0.192	0.192	0.192	0.192	0.192	0.192	0.192	0.192	0.192
depend-fp	0.560	0.560	0.560	0.560	0.560	0.560	0.560	0.560	0.560	0.560	0.559	0.560	0.560	0.560	0.560	0.560	0.560	0.560	0.559	0.560	0.560	0.559	0.560	0.560	0.560	0.559	0.560	0.560	0.560	0.560	0.560	0.560	0.000	0.000	0.000	0.000	0.000	0.000	0.000	0.000	0.000	0.000	0.000	0.000	0.000	0.000	0.000	0.000	0.000	0.000	0.000	0.000	0.000	0.000	0.000	0.000	0.000	0.000	0.000	0.000	0.000	0.000	0.000	0.000
depend-branch	0.018	0.018	0.018	0.018	0.018	0.018	0.018	0.018	0.018	0.018	0.018	0.018	0.018	0.018	0.018	0.018	0.018	0.018	0.018	0.018	0.018	0.018	0.018	0.018	0.018	0.018	0.018	0.018	0.018	0.018	0.018	0.018	0.000	0.000	0.000	0.000	0.000	0.000	0.000	0.000	0.000	0.000	0.000	0.000	0.000	0.000	0.000	0.000	0.037	0.037	0.037	0.037	0.037	0.037	0.037	0.037	0.037	0.037	0.037	0.037	0.037	0.037	0.037	0.037
issue	0.017	0.017	0.017	0.017	0.017	0.017	0.017	0.017	0.017	0.017	0.017	0.017	0.017	0.017	0.017	0.017	0.017	0.017	0.017	0.017	0.017	0.017	0.017	0.017	0.017	0.017	0.017	0.017	0.017	0.017	0.017	0.017	0.076	0.076	0.076	0.076	0.076	0.076	0.076	0.076	0.076	0.076	0.076	0.076	0.076	0.076	0.076	0.076	0.000	0.000	0.000	0.000	0.000	0.000	0.000	0.000	0.000	0.000	0.000	0.000	0.000	0.000	0.000	0.000
serial	-
smt	-
branch	0.000	0.000	0.000	0.000	0.000	0.000	0.000	0.000	0.000	0.000	0.000	0.000	0.000	0.000	0.000	0.000	0.000	0.000	0.000	0.000	0.000	0.000	0.000	0.000	0.000	0.000	0.000	0.000	0.000	0.000	0.000	0.000	0.039	0.039	0.039	0.039	0.039	0.039	0.039	0.039	0.039	0.039	0.039	0.039	0.039	0.039	0.039	0.039	0.175	0.175	0.175	0.175	0.174	0.175	0.175	0.175	0.174	0.175	0.175	0.175	0.174	0.175	0.174	0.174
itlb	-
dtlb	-
ifetch	0.000	0.000	0.000	0.000	0.000	0.000	0.000	0.000	0.000	0.000	0.000	0.000	0.000	0.000	0.000	0.000	0.000	0.000	0.000	0.000	0.000	0.000	0.000	0.000	0.000	0.000	0.000	0.000	0.000	0.000	0.000	0.000	0.099	0.100	0.099	0.100	0.100	0.100	0.100	0.099	0.099	0.099	0.099	0.099	0.099	0.099	0.100	0.099	0.459	0.459	0.459	0.460	0.459	0.460	0.460	0.459	0.459	0.460	0.459	0.459	0.459	0.459	0.459	0.459
mem	-
mem-l1d	0.079	0.079	0.080	0.080	0.080	0.080	0.080	0.080	0.080	0.080	0.080	0.080	0.080	0.080	0.080	0.080	0.080	0.080	0.080	0.080	0.080	0.080	0.080	0.080	0.080	0.080	0.080	0.080	0.080	0.080	0.080	0.080	0.097	0.097	0.097	0.097	0.097	0.097	0.097	0.097	0.097	0.097	0.097	0.097	0.097	0.097	0.097	0.097	0.489	0.489	0.489	0.489	0.489	0.489	0.489	0.489	0.489	0.489	0.489	0.489	0.489	0.489	0.489	0.489
mem-l2	-
mem-l3	-
mem-l4	-
mem-remote	-
mem-nuca	-
mem-dram-cache	-
mem-dram	0.331	0.332	0.386	0.387	0.380	0.382	0.382	0.380	0.380	0.381	0.380	0.379	0.381	0.380	0.380	0.381	0.379	0.380	0.380	0.377	0.379	0.379	0.378	0.380	0.380	0.380	0.379	0.380	0.380	0.379	0.380	0.381	0.035	0.035	0.035	0.035	0.035	0.035	0.035	0.035	0.035	0.035	0.035	0.035	0.035	0.035	0.035	0.035	0.000	0.000	0.000	0.000	0.000	0.000	0.000	0.000	0.000	0.000	0.000	0.000	0.000	0.000	0.000	0.000
sync	-
dvfs-transition	-
imbalance	-
other	0.013	0.013	0.014	0.014	0.014	0.014	0.014	0.014	0.014	0.014	0.014	0.014	0.014	0.014	0.014	0.014	0.014	0.014	0.014	0.014	0.014	0.014	0.014	0.014	0.014	0.014	0.014	0.014	0.014	0.014	0.013	0.014	0.004	0.004	0.004	0.004	0.004	0.004	0.004	0.004	0.004	0.004	0.004	0.004	0.004	0.004	0.004	0.004	0.009	0.009	0.009	0.009	0.009	0.009	0.009	0.009	0.009	0.009	0.009	0.009	0.009	0.009	0.009	0.009
total	1.363	1.365	1.427	1.423	1.415	1.418	1.416	1.415	1.415	1.418	1.419	1.416	1.418	1.414	1.415	1.417	1.415	1.418	1.418	1.416	1.416	1.418	1.415	1.417	1.416	1.418	1.414	1.418	1.418	1.415	1.415	1.418	0.616	0.616	0.617	0.616	0.617	0.617	0.617	0.616	0.617	0.616	0.616	0.616	0.617	0.616	0.617	0.616	1.593	1.593	1.593	1.593	1.593	1.593	1.593	1.593	1.593	1.593	1.593	1.593	1.593	1.593	1.593	1.593
base	0.250	0.250	0.250	0.250	0.250	0.250	0.250	0.250	0.250	0.250	0.250	0.250	0.250	0.250	0.250	0.250	0.250	0.250	0.250	0.250	0.250	0.250	0.250	0.250	0.250	0.250	0.250	0.250	0.250	0.250	0.250	0.250	0.250	0.250	0.250	0.250	0.250	0.250	0.250	0.250	0.250	0.250	0.250	0.250	0.250	0.250	0.250	0.250	0.250	0.250	0.250	0.250	0.250	0.250	0.250	0.250	0.250	0.250	0.250	0.250	0.250	0.250	0.250	0.250
dispatch_width	-
rs_full	-
depend	-
depend-int	0.074	0.074	0.074	0.074	0.074	0.074	0.074	0.074	0.074	0.074	0.074	0.074	0.074	0.074	0.074	0.074	0.074	0.074	0.074	0.074	0.074	0.074	0.074	0.074	0.074	0.074	0.074	0.074	0.074	0.074	0.074	0.074	0.050	0.050	0.050	0.050	0.050	0.050	0.050	0.050	0.050	0.050	0.050	0.050	0.050	0.050	0.050	0.050	0.189	0.189	0.189	0.189	0.189	0.189	0.189	0.189	0.189	0.189	0.189	0.189	0.189	0.189	0.189	0.189
depend-fp	0.561	0.561	0.562	0.562	0.561	0.561	0.561	0.561	0.561	0.561	0.561	0.561	0.561	0.561	0.561	0.561	0.561	0.561	0.561	0.562	0.561	0.561	0.561	0.561	0.561	0.561	0.561	0.561	0.561	0.561	0.561	0.561	0.000	0.000	0.000	0.000	0.000	0.000	0.000	0.000	0.000	0.000	0.000	0.000	0.000	0.000	0.000	0.000	0.000	0.000	0.000	0.000	0.000	0.000	0.000	0.000	0.000	0.000	0.000	0.000	0.000	0.000	0.000	0.000
depend-branch	0.018	0.018	0.018	0.018	0.018	0.018	0.018	0.018	0.018	0.018	0.018	0.018	0.018	0.018	0.018	0.018	0.018	0.018	0.018	0.018	0.018	0.018	0.018	0.018	0.018	0.018	0.018	0.018	0.018	0.018	0.018	0.018	0.000	0.000	0.000	0.000	0.000	0.000	0.000	0.000	0.000	0.000	0.000	0.000	0.000	0.000	0.000	0.000	0.036	0.036	0.036	0.036	0.036	0.036	0.036	0.036	0.036	0.036	0.036	0.036	0.036	0.036	0.036	0.036
issue	0.017	0.017	0.017	0.017	0.017	0.017	0.017	0.017	0.017	0.017	0.017	0.017	0.017	0.017	0.017	0.017	0.017	0.017	0.017	0.017	0.017	0.017	0.017	0.017	0.017	0.017	0.017	0.017	0.017	0.017	0.017	0.017	0.078	0.078	0.078	0.078	0.078	0.078	0.078	0.078	0.078	0.078	0.078	0.078	0.078	0.078	0.078	0.078	0.000	0.000	0.000	0.000	0.000	0.000	0.000	0.000	0.000	0.000	0.000	0.000	0.000	0.000	0.000	0.000
serial	-
smt	-
branch	0.000	0.000	0.000	0.000	0.000	0.000	0.000	0.000	0.000	0.000	0.000	0.000	0.000	0.000	0.000	0.000	0.000	0.000	0.000	0.000	0.000	0.000	0.000	0.000	0.000	0.000	0.000	0.000	0.000	0.000	0.000	0.000	0.040	0.040	0.040	0.040	0.040	0.040	0.040	0.040	0.040	0.040	0.040	0.040	0.040	0.040	0.040	0.040	0.176	0.176	0.176	0.176	0.176	0.176	0.176	0.176	0.176	0.176	0.176	0.176	0.176	0.176	0.176	0.176
itlb	-
dtlb	-
ifetch	0.000	0.000	0.000	0.000	0.000	0.000	0.000	0.000	0.000	0.000	0.000	0.000	0.000	0.000	0.000	0.000	0.000	0.000	0.000	0.000	0.000	0.000	0.000	0.000	0.000	0.000	0.000	0.000	0.000	0.000	0.000	0.000	0.078	0.078	0.079	0.078	0.079	0.079	0.079	0.079	0.079	0.078	0.078	0.078	0.079	0.079	0.079	0.079	0.449	0.449	0.449	0.449	0.449	0.449	0.449	0.449	0.449	0.449	0.449	0.449	0.449	0.449	0.449	0.449
mem	-
mem-l1d	0.080	0.080	0.080	0.080	0.080	0.080	0.080	0.080	0.080	0.081	0.081	0.080	0.080	0.080	0.080	0.080	0.080	0.081	0.080	0.080	0.080	0.080	0.080	0.080	0.081	0.080	0.080	0.080	0.080	0.080	0.080	0.080	0.092	0.092	0.091	0.091	0.092	0.091	0.091	0.092	0.091	0.091	0.092	0.091	0.091	0.091	0.092	0.092	0.484	0.484	0.484	0.484	0.484	0.484	0.484	0.484	0.484	0.484	0.484	0.484	0.484	0.484	0.484	0.484
mem-l2	-
mem-l3	-
mem-l4	-
mem-remote	-
mem-nuca	-
mem-dram-cache	-
mem-dram	0.348	0.350	0.408	0.406	0.400	0.402	0.400	0.399	0.400	0.401	0.402	0.401	0.402	0.399	0.400	0.401	0.400	0.401	0.402	0.399	0.399	0.401	0.398	0.401	0.399	0.401	0.399	0.402	0.401	0.399	0.399	0.401	0.024	0.024	0.024	0.024	0.024	0.024	0.024	0.024	0.024	0.024	0.024	0.024	0.024	0.024	0.024	0.024	0.000	0.000	0.000	0.000	0.000	0.000	0.000	0.000	0.000	0.000	0.000	0.000	0.000	0.000	0.000	0.000
sync	-
dvfs-transition	-
imbalance	-
other	0.014	0.014	0.017	0.016	0.015	0.015	0.015	0.015	0.015	0.016	0.017	0.015	0.015	0.015	0.015	0.016	0.015	0.016	0.016	0.016	0.016	0.016	0.016	0.016	0.016	0.016	0.015	0.016	0.017	0.016	0.015	0.016	0.004	0.004	0.004	0.004	0.004	0.004	0.004	0.004	0.004	0.004	0.004	0.004	0.004	0.004	0.004	0.004	0.009	0.009	0.009	0.009	0.009	0.009	0.009	0.009	0.009	0.009	0.009	0.009	0.009	0.009	0.009	0.009
total	1.390	1.388	1.453	1.451	1.444	1.444	1.445	1.444	1.444	1.444	1.443	1.445	1.444	1.444	1.444	1.444	1.441	1.443	1.443	1.443	1.442	1.441	1.441	1.443	1.444	1.444	1.444	1.444	1.444	1.443	1.444	1.443	0.610	0.611	0.610	0.611	0.610	0.611	0.610	0.611	0.610	0.611	0.609	0.610	0.610	0.611	0.611	0.610	1.570	1.570	1.570	1.570	1.570	1.570	1.570	1.570	1.570	1.570	1.570	1.570	1.570	1.570	1.570	1.570
base	0.250	0.250	0.250	0.250	0.250	0.250	0.250	0.250	0.250	0.250	0.250	0.250	0.250	0.250	0.250	0.250	0.250	0.250	0.250	0.250	0.250	0.250	0.250	0.250	0.250	0.250	0.250	0.250	0.250	0.250	0.250	0.250	0.250	0.250	0.250	0.250	0.250	0.250	0.250	0.250	0.250	0.250	0.250	0.250	0.250	0.250	0.250	0.250	0.250	0.250	0.250	0.250	0.250	0.250	0.250	0.250	0.250	0.250	0.250	0.250	0.250	0.250	0.250	0.250
dispatch_width	-
rs_full	-
depend	-
depend-int	0.076	0.076	0.076	0.076	0.076	0.076	0.076	0.076	0.076	0.076	0.076	0.076	0.076	0.076	0.076	0.076	0.076	0.076	0.076	0.076	0.076	0.076	0.076	0.076	0.076	0.076	0.076	0.076	0.076	0.076	0.076	0.076	0.050	0.050	0.050	0.050	0.050	0.050	0.050	0.050	0.050	0.050	0.050	0.050	0.050	0.050	0.050	0.050	0.186	0.186	0.186	0.186	0.186	0.186	0.186	0.186	0.186	0.186	0.186	0.186	0.186	0.186	0.186	0.186
depend-fp	0.566	0.566	0.567	0.566	0.566	0.566	0.566	0.566	0.566	0.566	0.566	0.566	0.566	0.566	0.566	0.566	0.566	0.566	0.566	0.566	0.566	0.566	0.566	0.566	0.566	0.566	0.566	0.566	0.566	0.566	0.566	0.566	0.000	0.000	0.000	0.000	0.000	0.000	0.000	0.000	0.000	0.000	0.000	0.000	0.000	0.000	0.000	0.000	0.000	0.000	0.000	0.000	0.000	0.000	0.000	0.000	0.000	0.000	0.000	0.000	0.000	0.000	0.000	0.000
depend-branch	0.018	0.018	0.018	0.018	0.018	0.018	0.018	0.018	0.018	0.018	0.018	0.018	0.018	0.018	0.018	0.018	0.018	0.018	0.018	0.018	0.018	0.018	0.018	0.018	0.018	0.018	0.018	0.018	0.018	0.018	0.018	0.018	0.000	0.000	0.000	0.000	0.000	0.000	0.000	0.000	0.000	0.000	0.000	0.000	0.000	0.000	0.000	0.000	0.035	0.035	0.035	0.035	0.035	0.035	0.035	0.035	0.035	0.035	0.035	0.035	0.035	0.035	0.035	0.035
issue	0.016	0.016	0.016	0.016	0.016	0.016	0.016	0.016	0.016	0.016	0.016	0.016	0.016	0.016	0.016	0.016	0.016	0.016	0.016	0.016	0.016	0.016	0.016	0.016	0.016	0.016	0.016	0.016	0.016	0.016	0.016	0.016	0.078	0.078	0.078	0.078	0.078	0.078	0.078	0.078	0.078	0.078	0.078	0.078	0.078	0.078	0.078	0.078	0.000	0.000	0.000	0.000	0.000	0.000	0.000	0.000	0.000	0.000	0.000	0.000	0.000	0.000	0.000	0.000
serial	-
smt	-
branch	0.000	0.000	0.000	0.000	0.000	0.000	0.000	0.000	0.000	0.000	0.000	0.000	0.000	0.000	0.000	0.000	0.000	0.000	0.000	0.000	0.000	0.000	0.000	0.000	0.000	0.000	0.000	0.000	0.000	0.000	0.000	0.000	0.035	0.035	0.035	0.035	0.035	0.035	0.035	0.035	0.035	0.035	0.035	0.035	0.035	0.035	0.035	0.035	0.175	0.175	0.175	0.175	0.175	0.175	0.175	0.175	0.175	0.175	0.175	0.175	0.175	0.175	0.175	0.175
itlb	-
dtlb	-
ifetch	0.000	0.000	0.000	0.000	0.000	0.000	0.000	0.000	0.000	0.000	0.000	0.000	0.000	0.000	0.000	0.000	0.000	0.000	0.000	0.000	0.000	0.000	0.000	0.000	0.000	0.000	0.000	0.000	0.000	0.000	0.000	0.000	0.078	0.078	0.078	0.078	0.077	0.078	0.077	0.078	0.078	0.078	0.077	0.078	0.078	0.078	0.078	0.078	0.428	0.428	0.428	0.428	0.428	0.428	0.428	0.428	0.428	0.428	0.428	0.428	0.428	0.428	0.428	0.428
mem	-
mem-l1d	0.081	0.081	0.080	0.080	0.081	0.081	0.081	0.081	0.081	0.081	0.081	0.081	0.081	0.081	0.081	0.081	0.081	0.081	0.081	0.081	0.081	0.081	0.081	0.081	0.081	0.081	0.081	0.081	0.081	0.081	0.080	0.081	0.091	0.091	0.091	0.091	0.091	0.091	0.091	0.091	0.091	0.091	0.090	0.091	0.091	0.091	0.091	0.091	0.486	0.486	0.486	0.486	0.486	0.486	0.486	0.486	0.486	0.486	0.486	0.486	0.486	0.486	0.486	0.486
mem-l2	-
mem-l3	-
mem-l4	-
mem-remote	-
mem-nuca	-
mem-dram-cache	-
mem-dram	0.368	0.367	0.431	0.430	0.423	0.422	0.423	0.422	0.422	0.422	0.422	0.422	0.422	0.422	0.423	0.422	0.420	0.421	0.421	0.421	0.421	0.420	0.420	0.421	0.422	0.422	0.422	0.422	0.422	0.421	0.422	0.421	0.025	0.025	0.025	0.025	0.025	0.025	0.025	0.025	0.025	0.025	0.025	0.025	0.025	0.025	0.025	0.025	0.000	0.000	0.000	0.000	0.000	0.000	0.000	0.000	0.000	0.000	0.000	0.000	0.000	0.000	0.000	0.000
sync	-
dvfs-transition	-
imbalance	-
other	0.015	0.014	0.015	0.014	0.015	0.015	0.015	0.015	0.015	0.015	0.015	0.015	0.015	0.015	0.015	0.015	0.014	0.015	0.015	0.015	0.014	0.014	0.014	0.014	0.015	0.015	0.015	0.015	0.015	0.015	0.014	0.016	0.003	0.003	0.003	0.003	0.003	0.003	0.003	0.003	0.003	0.003	0.003	0.003	0.003	0.003	0.003	0.003	0.009	0.009	0.009	0.009	0.009	0.009	0.009	0.009	0.009	0.009	0.009	0.009	0.009	0.009	0.009	0.009
total	1.271	1.271	1.334	1.332	1.340	1.339	1.339	1.341	1.340	1.339	1.338	1.340	1.338	1.339	1.341	1.339	1.338	1.338	1.337	1.339	1.339	1.339	1.337	1.338	1.340	1.339	1.339	1.339	1.338	1.338	1.340	1.338	0.612	0.611	0.612	0.612	0.613	0.611	0.613	0.612	0.612	0.612	0.613	0.612	0.612	0.613	0.612	0.612	1.529	1.529	1.528	1.528	1.528	1.528	1.528	1.528	1.528	1.528	1.528	1.528	1.528	1.528	1.528	1.528
base	0.250	0.250	0.250	0.250	0.250	0.250	0.250	0.250	0.250	0.250	0.250	0.250	0.250	0.250	0.250	0.250	0.250	0.250	0.250	0.250	0.250	0.250	0.250	0.250	0.250	0.250	0.250	0.250	0.250	0.250	0.250	0.250	0.250	0.250	0.250	0.250	0.250	0.250	0.250	0.250	0.250	0.250	0.250	0.250	0.250	0.250	0.250	0.250	0.250	0.250	0.250	0.250	0.250	0.250	0.250	0.250	0.250	0.250	0.250	0.250	0.250	0.250	0.250	0.250
dispatch_width	-
rs_full	-
depend	-
depend-int	0.070	0.070	0.070	0.070	0.072	0.072	0.071	0.071	0.072	0.072	0.071	0.072	0.071	0.072	0.072	0.072	0.071	0.071	0.071	0.071	0.071	0.071	0.071	0.071	0.072	0.072	0.071	0.072	0.071	0.071	0.072	0.071	0.052	0.052	0.052	0.052	0.052	0.052	0.052	0.052	0.052	0.052	0.052	0.052	0.052	0.052	0.052	0.052	0.184	0.184	0.184	0.184	0.184	0.184	0.184	0.184	0.184	0.184	0.184	0.184	0.184	0.184	0.184	0.184
depend-fp	0.547	0.547	0.550	0.550	0.551	0.550	0.550	0.551	0.551	0.550	0.550	0.550	0.550	0.551	0.551	0.550	0.551	0.550	0.550	0.551	0.550	0.550	0.550	0.550	0.551	0.550	0.551	0.550	0.550	0.551	0.551	0.551	0.000	0.000	0.000	0.000	0.000	0.000	0.000	0.000	0.000	0.000	0.000	0.000	0.000	0.000	0.000	0.000	0.000	0.000	0.000	0.000	0.000	0.000	0.000	0.000	0.000	0.000	0.000	0.000	0.000	0.000	0.000	0.000
depend-branch	0.018	0.018	0.018	0.018	0.018	0.018	0.018	0.018	0.018	0.018	0.018	0.018	0.018	0.018	0.018	0.018	0.018	0.018	0.018	0.018	0.018	0.018	0.018	0.018	0.018	0.018	0.018	0.018	0.018	0.018	0.018	0.018	0.000	0.000	0.000	0.000	0.000	0.000	0.000	0.000	0.000	0.000	0.000	0.000	0.000	0.000	0.000	0.000	0.033	0.033	0.033	0.033	0.033	0.033	0.033	0.033	0.033	0.033	0.033	0.033	0.033	0.033	0.033	0.033
issue	0.018	0.018	0.018	0.018	0.018	0.018	0.018	0.018	0.018	0.018	0.018	0.018	0.018	0.018	0.018	0.018	0.018	0.018	0.018	0.018	0.018	0.018	0.018	0.018	0.018	0.018	0.018	0.018	0.018	0.018	0.018	0.018	0.081	0.081	0.081	0.081	0.081	0.081	0.081	0.081	0.081	0.081	0.081	0.081	0.081	0.081	0.081	0.081	0.000	0.000	0.000	0.000	0.000	0.000	0.000	0.000	0.000	0.000	0.000	0.000	0.000	0.000	0.000	0.000
serial	-
smt	-
branch	0.000	0.000	0.000	0.000	0.000	0.000	0.000	0.000	0.000	0.000	0.000	0.000	0.000	0.000	0.000	0.000	0.000	0.000	0.000	0.000	0.000	0.000	0.000	0.000	0.000	0.000	0.000	0.000	0.000	0.000	0.000	0.000	0.037	0.037	0.037	0.037	0.037	0.037	0.037	0.037	0.037	0.037	0.037	0.037	0.037	0.037	0.037	0.037	0.157	0.157	0.157	0.157	0.157	0.157	0.157	0.157	0.157	0.157	0.157	0.157	0.157	0.157	0.156	0.156
itlb	-
dtlb	-
ifetch	0.000	0.000	0.000	0.000	0.000	0.000	0.000	0.000	0.000	0.000	0.000	0.000	0.000	0.000	0.000	0.000	0.000	0.000	0.000	0.000	0.000	0.000	0.000	0.000	0.000	0.000	0.000	0.000	0.000	0.000	0.000	0.000	0.077	0.077	0.077	0.077	0.078	0.077	0.078	0.077	0.077	0.077	0.077	0.077	0.078	0.078	0.077	0.078	0.413	0.413	0.413	0.413	0.413	0.413	0.413	0.413	0.413	0.413	0.413	0.413	0.413	0.413	0.413	0.413
mem	-
mem-l1d	0.079	0.079	0.079	0.079	0.079	0.079	0.079	0.079	0.079	0.079	0.079	0.079	0.079	0.079	0.079	0.079	0.079	0.079	0.079	0.079	0.079	0.079	0.079	0.079	0.079	0.079	0.079	0.079	0.079	0.079	0.079	0.079	0.087	0.087	0.087	0.087	0.087	0.087	0.087	0.087	0.087	0.087	0.087	0.087	0.087	0.087	0.087	0.087	0.483	0.483	0.483	0.483	0.483	0.483	0.483	0.483	0.483	0.483	0.483	0.483	0.483	0.483	0.483	0.483
mem-l2	-
mem-l3	-
mem-l4	-
mem-remote	-
mem-nuca	-
mem-dram-cache	-
mem-dram	0.275	0.275	0.335	0.333	0.338	0.337	0.339	0.339	0.338	0.337	0.337	0.339	0.337	0.338	0.339	0.337	0.337	0.337	0.336	0.337	0.337	0.338	0.336	0.337	0.339	0.338	0.338	0.337	0.337	0.337	0.339	0.337	0.025	0.026	0.026	0.026	0.026	0.026	0.026	0.026	0.025	0.026	0.026	0.026	0.025	0.026	0.026	0.026	0.000	0.000	0.000	0.000	0.000	0.000	0.000	0.000	0.000	0.000	0.000	0.000	0.000	0.000	0.000	0.000
sync	-
dvfs-transition	-
imbalance	-
other	0.014	0.014	0.014	0.014	0.014	0.015	0.014	0.015	0.015	0.015	0.015	0.015	0.014	0.014	0.014	0.015	0.014	0.015	0.014	0.014	0.015	0.014	0.014	0.014	0.014	0.015	0.015	0.014	0.015	0.014	0.014	0.014	0.003	0.003	0.003	0.003	0.003	0.003	0.003	0.003	0.003	0.003	0.003	0.003	0.003	0.003	0.003	0.003	0.009	0.009	0.009	0.009	0.009	0.009	0.009	0.009	0.009	0.009	0.009	0.009	0.009	0.009	0.009	0.009
total	1.108	1.108	1.128	1.129	1.120	1.122	1.121	1.121	1.121	1.121	1.122	1.121	1.121	1.121	1.120	1.120	1.120	1.120	1.120	1.120	1.120	1.120	1.119	1.121	1.121	1.122	1.120	1.121	1.121	1.121	1.121	1.121	0.652	0.652	0.653	0.652	0.652	0.652	0.653	0.653	0.653	0.652	0.652	0.653	0.653	0.652	0.653	0.652	1.582	1.581	1.582	1.582	1.582	1.582	1.582	1.582	1.582	1.582	1.582	1.582	1.582	1.582	1.583	1.583
base	0.250	0.250	0.250	0.250	0.250	0.250	0.250	0.250	0.250	0.250	0.250	0.250	0.250	0.250	0.250	0.250	0.250	0.250	0.250	0.250	0.250	0.250	0.250	0.250	0.250	0.250	0.250	0.250	0.250	0.250	0.250	0.250	0.250	0.250	0.250	0.250	0.250	0.250	0.250	0.250	0.250	0.250	0.250	0.250	0.250	0.250	0.250	0.250	0.250	0.250	0.250	0.250	0.250	0.250	0.250	0.250	0.250	0.250	0.250	0.250	0.250	0.250	0.250	0.250
dispatch_width	-
rs_full	-
depend	-
depend-int	0.059	0.059	0.059	0.059	0.058	0.058	0.058	0.058	0.059	0.059	0.059	0.058	0.058	0.058	0.058	0.058	0.058	0.058	0.058	0.058	0.058	0.058	0.058	0.058	0.058	0.058	0.058	0.058	0.058	0.058	0.059	0.058	0.053	0.053	0.053	0.053	0.053	0.053	0.053	0.053	0.053	0.053	0.053	0.053	0.053	0.053	0.053	0.053	0.190	0.190	0.190	0.190	0.190	0.190	0.190	0.190	0.190	0.190	0.190	0.190	0.190	0.190	0.190	0.190
depend-fp	0.529	0.529	0.528	0.529	0.528	0.528	0.527	0.528	0.528	0.528	0.528	0.528	0.528	0.527	0.527	0.527	0.528	0.527	0.527	0.528	0.527	0.528	0.527	0.527	0.528	0.528	0.528	0.528	0.527	0.528	0.528	0.528	0.000	0.000	0.000	0.000	0.000	0.000	0.000	0.000	0.000	0.000	0.000	0.000	0.000	0.000	0.000	0.000	0.000	0.000	0.000	0.000	0.000	0.000	0.000	0.000	0.000	0.000	0.000	0.000	0.000	0.000	0.000	0.000
depend-branch	0.018	0.018	0.018	0.018	0.018	0.018	0.018	0.018	0.018	0.018	0.018	0.018	0.018	0.018	0.018	0.018	0.018	0.018	0.018	0.018	0.018	0.018	0.018	0.018	0.018	0.018	0.018	0.018	0.018	0.018	0.018	0.018	0.000	0.000	0.000	0.000	0.000	0.000	0.000	0.000	0.000	0.000	0.000	0.000	0.000	0.000	0.000	0.000	0.034	0.034	0.034	0.034	0.034	0.034	0.034	0.034	0.034	0.034	0.034	0.034	0.034	0.034	0.034	0.034
issue	0.020	0.020	0.020	0.020	0.020	0.020	0.020	0.020	0.020	0.020	0.020	0.020	0.020	0.020	0.020	0.020	0.020	0.020	0.020	0.020	0.020	0.020	0.020	0.020	0.020	0.020	0.020	0.020	0.020	0.020	0.020	0.020	0.078	0.078	0.078	0.078	0.078	0.078	0.078	0.078	0.078	0.078	0.078	0.078	0.078	0.078	0.078	0.078	0.000	0.000	0.000	0.000	0.000	0.000	0.000	0.000	0.000	0.000	0.000	0.000	0.000	0.000	0.000	0.000
serial	-
smt	-
branch	0.000	0.000	0.000	0.000	0.000	0.000	0.000	0.000	0.000	0.000	0.000	0.000	0.000	0.000	0.000	0.000	0.000	0.000	0.000	0.000	0.000	0.000	0.000	0.000	0.000	0.000	0.000	0.000	0.000	0.000	0.000	0.000	0.046	0.046	0.046	0.046	0.046	0.046	0.046	0.046	0.046	0.046	0.046	0.046	0.046	0.046	0.046	0.046	0.162	0.163	0.162	0.162	0.162	0.162	0.162	0.162	0.162	0.162	0.162	0.162	0.163	0.162	0.163	0.163
itlb	-
dtlb	-
ifetch	0.000	0.000	0.000	0.000	0.000	0.000	0.000	0.000	0.000	0.000	0.000	0.000	0.000	0.000	0.000	0.000	0.000	0.000	0.000	0.000	0.000	0.000	0.000	0.000	0.000	0.000	0.000	0.000	0.000	0.000	0.000	0.000	0.098	0.098	0.099	0.098	0.098	0.098	0.098	0.099	0.099	0.099	0.099	0.098	0.099	0.098	0.099	0.098	0.446	0.446	0.447	0.447	0.447	0.446	0.446	0.446	0.447	0.447	0.447	0.446	0.447	0.446	0.447	0.447
mem	-
mem-l1d	0.078	0.078	0.078	0.078	0.078	0.078	0.078	0.078	0.078	0.078	0.078	0.078	0.078	0.078	0.078	0.078	0.078	0.078	0.078	0.078	0.078	0.078	0.078	0.078	0.078	0.078	0.078	0.078	0.078	0.078	0.078	0.078	0.094	0.095	0.095	0.095	0.095	0.095	0.095	0.095	0.095	0.095	0.095	0.095	0.095	0.095	0.095	0.095	0.490	0.489	0.490	0.490	0.490	0.490	0.490	0.490	0.490	0.490	0.490	0.490	0.490	0.490	0.490	0.490
mem-l2	-
mem-l3	-
mem-l4	-
mem-remote	-
mem-nuca	-
mem-dram-cache	-
mem-dram	0.142	0.142	0.162	0.162	0.155	0.157	0.156	0.156	0.156	0.156	0.157	0.156	0.156	0.156	0.155	0.155	0.155	0.155	0.156	0.155	0.155	0.155	0.155	0.155	0.156	0.157	0.156	0.156	0.157	0.156	0.156	0.157	0.029	0.029	0.029	0.028	0.029	0.028	0.029	0.028	0.028	0.028	0.028	0.029	0.028	0.028	0.029	0.029	0.000	0.000	0.000	0.000	0.000	0.000	0.000	0.000	0.000	0.000	0.000	0.000	0.000	0.000	0.000	0.000
sync	-
dvfs-transition	-
imbalance	-
other	0.013	0.013	0.014	0.014	0.013	0.013	0.013	0.013	0.013	0.013	0.013	0.013	0.013	0.013	0.013	0.013	0.013	0.013	0.013	0.013	0.013	0.013	0.013	0.014	0.013	0.013	0.013	0.014	0.013	0.013	0.013	0.013	0.004	0.004	0.004	0.004	0.004	0.004	0.004	0.004	0.004	0.004	0.004	0.004	0.004	0.004	0.004	0.004	0.009	0.009	0.009	0.009	0.009	0.009	0.009	0.009	0.009	0.009	0.009	0.009	0.009	0.009	0.009	0.009
total	1.175	1.176	1.217	1.218	1.215	1.217	1.217	1.216	1.217	1.218	1.218	1.217	1.215	1.215	1.216	1.217	1.214	1.216	1.215	1.215	1.215	1.214	1.216	1.217	1.215	1.218	1.215	1.216	1.215	1.214	1.213	1.214	0.642	0.641	0.641	0.641	0.641	0.641	0.640	0.640	0.641	0.642	0.642	0.641	0.640	0.640	0.640	0.640	1.604	1.603	1.604	1.604	1.604	1.604	1.604	1.604	1.604	1.604	1.604	1.604	1.604	1.604	1.604	1.604
base	0.250	0.250	0.250	0.250	0.250	0.250	0.250	0.250	0.250	0.250	0.250	0.250	0.250	0.250	0.250	0.250	0.250	0.250	0.250	0.250	0.250	0.250	0.250	0.250	0.250	0.250	0.250	0.250	0.250	0.250	0.250	0.250	0.250	0.250	0.250	0.250	0.250	0.250	0.250	0.250	0.250	0.250	0.250	0.250	0.250	0.250	0.250	0.250	0.250	0.250	0.250	0.250	0.250	0.250	0.250	0.250	0.250	0.250	0.250	0.250	0.250	0.250	0.250	0.250
dispatch_width	-
rs_full	-
depend	-
depend-int	0.063	0.063	0.064	0.064	0.064	0.064	0.064	0.064	0.064	0.064	0.064	0.064	0.064	0.064	0.064	0.064	0.064	0.064	0.064	0.064	0.064	0.064	0.064	0.064	0.064	0.064	0.064	0.064	0.064	0.064	0.064	0.064	0.051	0.051	0.051	0.051	0.051	0.051	0.051	0.051	0.051	0.051	0.051	0.051	0.051	0.051	0.051	0.051	0.191	0.191	0.191	0.191	0.191	0.191	0.191	0.191	0.191	0.191	0.191	0.191	0.191	0.191	0.191	0.191
depend-fp	0.537	0.537	0.538	0.538	0.537	0.537	0.537	0.537	0.537	0.537	0.537	0.537	0.537	0.537	0.537	0.537	0.537	0.537	0.537	0.537	0.537	0.537	0.538	0.537	0.537	0.537	0.537	0.537	0.537	0.537	0.537	0.537	0.000	0.000	0.000	0.000	0.000	0.000	0.000	0.000	0.000	0.000	0.000	0.000	0.000	0.000	0.000	0.000	0.000	0.000	0.000	0.000	0.000	0.000	0.000	0.000	0.000	0.000	0.000	0.000	0.000	0.000	0.000	0.000
depend-branch	0.018	0.018	0.018	0.018	0.018	0.018	0.018	0.018	0.018	0.018	0.018	0.018	0.018	0.018	0.018	0.018	0.018	0.018	0.018	0.018	0.018	0.018	0.018	0.018	0.018	0.018	0.018	0.018	0.018	0.018	0.018	0.018	0.000	0.000	0.000	0.000	0.000	0.000	0.000	0.000	0.000	0.000	0.000	0.000	0.000	0.000	0.000	0.000	0.036	0.036	0.036	0.036	0.036	0.036	0.036	0.036	0.036	0.036	0.036	0.036	0.036	0.036	0.036	0.036
issue	0.019	0.019	0.019	0.019	0.019	0.019	0.019	0.019	0.019	0.019	0.019	0.019	0.019	0.019	0.019	0.019	0.019	0.019	0.019	0.019	0.019	0.019	0.019	0.019	0.019	0.019	0.019	0.019	0.019	0.019	0.019	0.019	0.080	0.080	0.080	0.080	0.080	0.080	0.080	0.080	0.080	0.080	0.080	0.080	0.080	0.080	0.080	0.080	0.000	0.000	0.000	0.000	0.000	0.000	0.000	0.000	0.000	0.000	0.000	0.000	0.000	0.000	0.000	0.000
serial	-
smt	-
branch	0.000	0.000	0.000	0.000	0.000	0.000	0.000	0.000	0.000	0.000	0.000	0.000	0.000	0.000	0.000	0.000	0.000	0.000	0.000	0.000	0.000	0.000	0.000	0.000	0.000	0.000	0.000	0.000	0.000	0.000	0.000	0.000	0.037	0.037	0.037	0.037	0.037	0.037	0.037	0.037	0.037	0.037	0.037	0.037	0.037	0.037	0.036	0.037	0.170	0.170	0.171	0.171	0.171	0.171	0.171	0.171	0.171	0.171	0.171	0.171	0.171	0.171	0.171	0.171
itlb	-
dtlb	-
ifetch	0.000	0.000	0.000	0.000	0.000	0.000	0.000	0.000	0.000	0.000	0.000	0.000	0.000	0.000	0.000	0.000	0.000	0.000	0.000	0.000	0.000	0.000	0.000	0.000	0.000	0.000	0.000	0.000	0.000	0.000	0.000	0.000	0.100	0.099	0.099	0.099	0.099	0.099	0.099	0.099	0.100	0.100	0.100	0.100	0.099	0.098	0.099	0.099	0.460	0.460	0.460	0.460	0.460	0.460	0.460	0.460	0.460	0.460	0.460	0.460	0.460	0.460	0.460	0.460
mem	-
mem-l1d	0.078	0.078	0.078	0.078	0.078	0.078	0.078	0.078	0.078	0.078	0.078	0.078	0.078	0.078	0.078	0.078	0.078	0.078	0.078	0.078	0.078	0.078	0.078	0.078	0.078	0.078	0.078	0.078	0.078	0.078	0.078	0.078	0.089	0.089	0.089	0.089	0.089	0.089	0.089	0.089	0.089	0.089	0.089	0.089	0.089	0.089	0.089	0.089	0.487	0.486	0.486	0.487	0.486	0.487	0.487	0.487	0.486	0.487	0.487	0.487	0.486	0.487	0.487	0.487
mem-l2	-
mem-l3	-
mem-l4	-
mem-remote	-
mem-nuca	-
mem-dram-cache	-
mem-dram	0.194	0.195	0.234	0.236	0.233	0.234	0.234	0.233	0.234	0.235	0.235	0.233	0.233	0.232	0.233	0.234	0.232	0.233	0.233	0.232	0.232	0.232	0.233	0.234	0.232	0.234	0.231	0.233	0.232	0.231	0.230	0.232	0.032	0.032	0.032	0.031	0.031	0.032	0.031	0.031	0.031	0.032	0.032	0.031	0.031	0.031	0.031	0.032	0.000	0.000	0.000	0.000	0.000	0.000	0.000	0.000	0.000	0.000	0.000	0.000	0.000	0.000	0.000	0.000
sync	-
dvfs-transition	-
imbalance	-
other	0.016	0.016	0.016	0.016	0.016	0.017	0.017	0.016	0.017	0.017	0.017	0.017	0.016	0.017	0.017	0.017	0.016	0.017	0.017	0.016	0.016	0.016	0.015	0.017	0.016	0.017	0.017	0.017	0.016	0.016	0.016	0.016	0.003	0.003	0.003	0.003	0.003	0.003	0.003	0.003	0.003	0.003	0.003	0.003	0.003	0.003	0.003	0.003	0.009	0.009	0.009	0.009	0.009	0.009	0.009	0.009	0.009	0.009	0.009	0.009	0.009	0.009	0.009	0.009
total	1.125	1.126	1.151	1.150	1.137	1.137	1.138	1.138	1.138	1.136	1.137	1.137	1.134	1.136	1.135	1.135	1.137	1.135	1.136	1.136	1.138	1.137	1.137	1.136	1.137	1.137	1.138	1.138	1.137	1.139	1.137	1.136	0.652	0.653	0.653	0.653	0.656	0.656	0.655	0.655	0.653	0.654	0.654	0.654	0.655	0.655	0.655	0.655	1.586	1.587	1.586	1.586	1.586	1.586	1.586	1.586	1.586	1.586	1.586	1.586	1.586	1.586	1.585	1.586
base	0.250	0.250	0.250	0.250	0.250	0.250	0.250	0.250	0.250	0.250	0.250	0.250	0.250	0.250	0.250	0.250	0.250	0.250	0.250	0.250	0.250	0.250	0.250	0.250	0.250	0.250	0.250	0.250	0.250	0.250	0.250	0.250	0.250	0.250	0.250	0.250	0.250	0.250	0.250	0.250	0.250	0.250	0.250	0.250	0.250	0.250	0.250	0.250	0.250	0.250	0.250	0.250	0.250	0.250	0.250	0.250	0.250	0.250	0.250	0.250	0.250	0.250	0.250	0.250
dispatch_width	-
rs_full	-
depend	-
depend-int	0.060	0.060	0.060	0.060	0.060	0.060	0.060	0.060	0.060	0.060	0.060	0.060	0.060	0.060	0.060	0.060	0.060	0.060	0.060	0.060	0.060	0.060	0.060	0.060	0.060	0.060	0.060	0.060	0.060	0.060	0.060	0.060	0.053	0.053	0.053	0.053	0.053	0.053	0.053	0.053	0.053	0.053	0.053	0.053	0.053	0.053	0.053	0.053	0.190	0.190	0.190	0.190	0.190	0.190	0.190	0.190	0.190	0.190	0.190	0.190	0.190	0.190	0.190	0.190
depend-fp	0.533	0.533	0.533	0.532	0.531	0.531	0.531	0.531	0.531	0.531	0.531	0.530	0.530	0.531	0.530	0.530	0.531	0.531	0.531	0.530	0.531	0.531	0.531	0.530	0.531	0.531	0.531	0.531	0.531	0.531	0.531	0.531	0.000	0.000	0.000	0.000	0.000	0.000	0.000	0.000	0.000	0.000	0.000	0.000	0.000	0.000	0.000	0.000	0.000	0.000	0.000	0.000	0.000	0.000	0.000	0.000	0.000	0.000	0.000	0.000	0.000	0.000	0.000	0.000
depend-branch	0.018	0.018	0.018	0.018	0.018	0.018	0.018	0.018	0.018	0.018	0.018	0.018	0.018	0.018	0.018	0.018	0.018	0.018	0.018	0.018	0.018	0.018	0.018	0.018	0.018	0.018	0.018	0.018	0.018	0.018	0.018	0.018	0.000	0.000	0.000	0.000	0.000	0.000	0.000	0.000	0.000	0.000	0.000	0.000	0.000	0.000	0.000	0.000	0.034	0.034	0.034	0.034	0.034	0.034	0.034	0.034	0.034	0.034	0.034	0.034	0.034	0.034	0.034	0.034
issue	0.019	0.019	0.019	0.019	0.019	0.019	0.019	0.019	0.019	0.019	0.019	0.019	0.019	0.019	0.019	0.019	0.019	0.019	0.019	0.019	0.019	0.019	0.019	0.019	0.019	0.019	0.019	0.020	0.019	0.019	0.019	0.019	0.079	0.079	0.079	0.079	0.078	0.078	0.078	0.078	0.079	0.079	0.079	0.079	0.078	0.078	0.078	0.079	0.000	0.000	0.000	0.000	0.000	0.000	0.000	0.000	0.000	0.000	0.000	0.000	0.000	0.000	0.000	0.000
serial	-
smt	-
branch	0.000	0.000	0.000	0.000	0.000	0.000	0.000	0.000	0.000	0.000	0.000	0.000	0.000	0.000	0.000	0.000	0.000	0.000	0.000	0.000	0.000	0.000	0.000	0.000	0.000	0.000	0.000	0.000	0.000	0.000	0.000	0.000	0.049	0.049	0.049	0.049	0.049	0.049	0.049	0.049	0.049	0.049	0.049	0.049	0.049	0.049	0.049	0.049	0.170	0.170	0.170	0.170	0.170	0.170	0.170	0.170	0.170	0.170	0.170	0.170	0.170	0.170	0.170	0.170
itlb	-
dtlb	-
ifetch	0.000	0.000	0.000	0.000	0.000	0.000	0.000	0.000	0.000	0.000	0.000	0.000	0.000	0.000	0.000	0.000	0.000	0.000	0.000	0.000	0.000	0.000	0.000	0.000	0.000	0.000	0.000	0.000	0.000	0.000	0.000	0.000	0.095	0.095	0.096	0.095	0.097	0.098	0.097	0.097	0.095	0.096	0.096	0.095	0.097	0.096	0.096	0.097	0.433	0.433	0.433	0.433	0.433	0.433	0.433	0.433	0.433	0.433	0.433	0.433	0.433	0.433	0.433	0.433
mem	-
mem-l1d	0.078	0.078	0.078	0.078	0.078	0.078	0.078	0.078	0.078	0.078	0.078	0.078	0.078	0.078	0.078	0.078	0.078	0.078	0.078	0.078	0.078	0.078	0.078	0.078	0.078	0.078	0.078	0.078	0.078	0.078	0.078	0.078	0.093	0.093	0.093	0.093	0.094	0.094	0.094	0.094	0.093	0.093	0.093	0.093	0.094	0.094	0.094	0.094	0.498	0.498	0.498	0.498	0.498	0.498	0.498	0.498	0.498	0.498	0.498	0.498	0.498	0.498	0.498	0.498
mem-l2	-
mem-l3	-
mem-l4	-
mem-remote	-
mem-nuca	-
mem-dram-cache	-
mem-dram	0.152	0.151	0.176	0.176	0.165	0.164	0.165	0.165	0.164	0.164	0.163	0.164	0.163	0.164	0.162	0.163	0.165	0.163	0.164	0.164	0.165	0.165	0.165	0.164	0.165	0.165	0.166	0.165	0.164	0.166	0.165	0.163	0.030	0.030	0.030	0.030	0.030	0.030	0.030	0.030	0.030	0.030	0.030	0.030	0.030	0.030	0.030	0.030	0.000	0.000	0.000	0.000	0.000	0.000	0.000	0.000	0.000	0.000	0.000	0.000	0.000	0.000	0.000	0.000
sync	-
dvfs-transition	-
imbalance	-
other	0.015	0.016	0.017	0.016	0.016	0.017	0.017	0.016	0.017	0.016	0.017	0.017	0.016	0.016	0.017	0.016	0.016	0.016	0.016	0.016	0.016	0.016	0.015	0.016	0.016	0.016	0.016	0.017	0.017	0.016	0.016	0.016	0.004	0.004	0.004	0.004	0.004	0.004	0.004	0.004	0.004	0.004	0.004	0.004	0.004	0.004	0.004	0.004	0.010	0.010	0.010	0.010	0.010	0.010	0.010	0.010	0.010	0.010	0.010	0.010	0.010	0.010	0.010	0.010
total	1.195	1.195	1.229	1.229	1.209	1.210	1.210	1.210	1.209	1.209	1.209	1.209	1.207	1.207	1.207	1.207	1.207	1.206	1.207	1.206	1.208	1.209	1.211	1.210	1.210	1.210	1.212	1.209	1.209	1.210	1.210	1.210	0.584	0.584	0.583	0.583	0.582	0.582	0.583	0.582	0.583	0.583	0.583	0.584	0.583	0.583	0.583	0.583	1.621	1.621	1.622	1.622	1.622	1.622	1.622	1.621	1.622	1.622	1.622	1.622	1.622	1.621	1.622	1.622
base	0.250	0.250	0.250	0.250	0.250	0.250	0.250	0.250	0.250	0.250	0.250	0.250	0.250	0.250	0.250	0.250	0.250	0.250	0.250	0.250	0.250	0.250	0.250	0.250	0.250	0.250	0.250	0.250	0.250	0.250	0.250	0.250	0.250	0.250	0.250	0.250	0.250	0.250	0.250	0.250	0.250	0.250	0.250	0.250	0.250	0.250	0.250	0.250	0.250	0.250	0.250	0.250	0.250	0.250	0.250	0.250	0.250	0.250	0.250	0.250	0.250	0.250	0.250	0.250
dispatch_width	-
rs_full	-
depend	-
depend-int	0.064	0.064	0.064	0.064	0.063	0.063	0.063	0.063	0.063	0.063	0.063	0.063	0.063	0.063	0.063	0.063	0.063	0.063	0.063	0.063	0.063	0.063	0.063	0.063	0.063	0.063	0.063	0.063	0.063	0.063	0.063	0.063	0.048	0.048	0.048	0.048	0.048	0.048	0.048	0.048	0.048	0.048	0.048	0.048	0.048	0.048	0.048	0.048	0.193	0.193	0.193	0.193	0.193	0.193	0.193	0.193	0.193	0.193	0.193	0.193	0.193	0.193	0.193	0.193
depend-fp	0.539	0.539	0.538	0.538	0.536	0.535	0.535	0.536	0.536	0.535	0.535	0.535	0.535	0.535	0.535	0.535	0.536	0.535	0.535	0.535	0.535	0.535	0.536	0.535	0.536	0.536	0.536	0.536	0.535	0.536	0.536	0.535	0.000	0.000	0.000	0.000	0.000	0.000	0.000	0.000	0.000	0.000	0.000	0.000	0.000	0.000	0.000	0.000	0.000	0.000	0.000	0.000	0.000	0.000	0.000	0.000	0.000	0.000	0.000	0.000	0.000	0.000	0.000	0.000
depend-branch	0.019	0.019	0.019	0.018	0.019	0.018	0.018	0.018	0.018	0.018	0.019	0.018	0.018	0.018	0.018	0.018	0.018	0.018	0.018	0.018	0.018	0.018	0.018	0.018	0.019	0.018	0.019	0.018	0.018	0.018	0.018	0.018	0.000	0.000	0.000	0.000	0.000	0.000	0.000	0.000	0.000	0.000	0.000	0.000	0.000	0.000	0.000	0.000	0.035	0.035	0.035	0.035	0.035	0.035	0.035	0.035	0.035	0.035	0.035	0.035	0.035	0.035	0.035	0.035
issue	0.018	0.018	0.018	0.018	0.019	0.019	0.019	0.019	0.019	0.019	0.019	0.019	0.019	0.019	0.019	0.019	0.019	0.019	0.019	0.019	0.019	0.019	0.019	0.019	0.019	0.019	0.019	0.019	0.019	0.019	0.019	0.019	0.080	0.080	0.080	0.080	0.080	0.080	0.080	0.080	0.080	0.080	0.080	0.080	0.080	0.080	0.080	0.080	0.000	0.000	0.000	0.000	0.000	0.000	0.000	0.000	0.000	0.000	0.000	0.000	0.000	0.000	0.000	0.000
serial	-
smt	-
branch	0.000	0.000	0.000	0.000	0.000	0.000	0.000	0.000	0.000	0.000	0.000	0.000	0.000	0.000	0.000	0.000	0.000	0.000	0.000	0.000	0.000	0.000	0.000	0.000	0.000	0.000	0.000	0.000	0.000	0.000	0.000	0.000	0.030	0.030	0.029	0.029	0.029	0.029	0.029	0.029	0.029	0.029	0.029	0.029	0.029	0.029	0.029	0.029	0.174	0.173	0.174	0.174	0.174	0.174	0.174	0.174	0.174	0.174	0.174	0.174	0.174	0.174	0.174	0.174
itlb	-
dtlb	-
ifetch	0.000	0.000	0.000	0.000	0.000	0.000	0.000	0.000	0.000	0.000	0.000	0.000	0.000	0.000	0.000	0.000	0.000	0.000	0.000	0.000	0.000	0.000	0.000	0.000	0.000	0.000	0.000	0.000	0.000	0.000	0.000	0.000	0.069	0.069	0.069	0.069	0.069	0.069	0.069	0.069	0.069	0.069	0.069	0.069	0.069	0.069	0.069	0.069	0.441	0.441	0.441	0.441	0.441	0.441	0.441	0.441	0.441	0.441	0.441	0.441	0.441	0.441	0.441	0.441
mem	-
mem-l1d	0.079	0.079	0.079	0.079	0.079	0.079	0.079	0.079	0.079	0.079	0.079	0.079	0.079	0.079	0.079	0.079	0.079	0.079	0.079	0.079	0.079	0.079	0.079	0.079	0.079	0.079	0.079	0.079	0.079	0.079	0.079	0.079	0.083	0.083	0.083	0.083	0.083	0.083	0.083	0.083	0.083	0.083	0.083	0.083	0.083	0.083	0.083	0.083	0.519	0.519	0.520	0.520	0.520	0.520	0.520	0.519	0.520	0.520	0.520	0.520	0.520	0.519	0.520	0.520
mem-l2	-
mem-l3	-
mem-l4	-
mem-remote	-
mem-nuca	-
mem-dram-cache	-
mem-dram	0.206	0.206	0.238	0.240	0.223	0.225	0.225	0.225	0.224	0.225	0.224	0.224	0.223	0.222	0.222	0.222	0.222	0.222	0.222	0.221	0.224	0.224	0.225	0.225	0.224	0.224	0.225	0.224	0.224	0.224	0.224	0.224	0.021	0.021	0.021	0.021	0.021	0.021	0.022	0.021	0.021	0.021	0.021	0.022	0.021	0.021	0.021	0.021	0.000	0.000	0.000	0.000	0.000	0.000	0.000	0.000	0.000	0.000	0.000	0.000	0.000	0.000	0.000	0.000
sync	-
dvfs-transition	-
imbalance	-
other	0.020	0.020	0.023	0.021	0.021	0.021	0.021	0.020	0.020	0.020	0.021	0.021	0.020	0.021	0.020	0.021	0.020	0.021	0.021	0.020	0.020	0.021	0.020	0.020	0.021	0.021	0.021	0.021	0.021	0.021	0.021	0.021	0.003	0.003	0.003	0.003	0.003	0.003	0.003	0.003	0.003	0.003	0.003	0.003	0.003	0.003	0.003	0.003	0.010	0.010	0.010	0.010	0.010	0.010	0.010	0.010	0.010	0.010	0.010	0.010	0.010	0.010	0.010	0.010
total	1.155	1.154	1.188	1.187	1.192	1.192	1.190	1.192	1.192	1.191	1.192	1.192	1.191	1.189	1.191	1.191	1.189	1.190	1.189	1.188	1.190	1.191	1.190	1.191	1.192	1.191	1.191	1.192	1.190	1.189	1.190	1.190	0.668	0.668	0.668	0.668	0.668	0.668	0.668	0.668	0.668	0.668	0.668	0.668	0.669	0.668	0.668	0.668	1.616	1.616	1.616	1.616	1.616	1.616	1.616	1.616	1.616	1.616	1.616	1.616	1.616	1.616	1.616	1.616
base	0.250	0.250	0.250	0.250	0.250	0.250	0.250	0.250	0.250	0.250	0.250	0.250	0.250	0.250	0.250	0.250	0.250	0.250	0.250	0.250	0.250	0.250	0.250	0.250	0.250	0.250	0.250	0.250	0.250	0.250	0.250	0.250	0.250	0.250	0.250	0.250	0.250	0.250	0.250	0.250	0.250	0.250	0.250	0.250	0.250	0.250	0.250	0.250	0.250	0.250	0.250	0.250	0.250	0.250	0.250	0.250	0.250	0.250	0.250	0.250	0.250	0.250	0.250	0.250
dispatch_width	-
rs_full	-
depend	-
depend-int	0.063	0.063	0.063	0.063	0.063	0.063	0.063	0.063	0.063	0.063	0.063	0.063	0.063	0.063	0.063	0.063	0.063	0.063	0.063	0.063	0.063	0.063	0.063	0.063	0.063	0.063	0.063	0.063	0.063	0.063	0.063	0.063	0.054	0.054	0.054	0.054	0.054	0.054	0.054	0.054	0.054	0.054	0.054	0.054	0.054	0.054	0.054	0.054	0.191	0.191	0.191	0.191	0.191	0.191	0.191	0.191	0.191	0.191	0.191	0.191	0.191	0.191	0.191	0.191
depend-fp	0.535	0.535	0.537	0.537	0.537	0.537	0.537	0.537	0.537	0.537	0.537	0.537	0.537	0.537	0.537	0.537	0.537	0.537	0.537	0.537	0.537	0.537	0.537	0.537	0.537	0.537	0.537	0.537	0.537	0.537	0.537	0.537	0.000	0.000	0.000	0.000	0.000	0.000	0.000	0.000	0.000	0.000	0.000	0.000	0.000	0.000	0.000	0.000	0.000	0.000	0.000	0.000	0.000	0.000	0.000	0.000	0.000	0.000	0.000	0.000	0.000	0.000	0.000	0.000
depend-branch	0.018	0.018	0.018	0.018	0.018	0.018	0.018	0.018	0.018	0.018	0.018	0.018	0.018	0.018	0.018	0.018	0.018	0.018	0.018	0.018	0.018	0.018	0.018	0.018	0.018	0.018	0.018	0.018	0.018	0.018	0.018	0.018	0.000	0.000	0.000	0.000	0.000	0.000	0.000	0.000	0.000	0.000	0.000	0.000	0.000	0.000	0.000	0.000	0.035	0.035	0.035	0.035	0.035	0.035	0.035	0.035	0.035	0.035	0.035	0.035	0.035	0.035	0.035	0.035
issue	0.019	0.019	0.019	0.019	0.019	0.019	0.019	0.019	0.019	0.019	0.019	0.019	0.019	0.019	0.019	0.019	0.019	0.019	0.019	0.019	0.019	0.019	0.019	0.019	0.019	0.019	0.019	0.019	0.019	0.019	0.019	0.019	0.078	0.078	0.078	0.078	0.077	0.078	0.078	0.078	0.078	0.078	0.078	0.078	0.078	0.078	0.078	0.078	0.000	0.000	0.000	0.000	0.000	0.000	0.000	0.000	0.000	0.000	0.000	0.000	0.000	0.000	0.000	0.000
serial	-
smt	-
branch	0.000	0.000	0.000	0.000	0.000	0.000	0.000	0.000	0.000	0.000	0.000	0.000	0.000	0.000	0.000	0.000	0.000	0.000	0.000	0.000	0.000	0.000	0.000	0.000	0.000	0.000	0.000	0.000	0.000	0.000	0.000	0.000	0.058	0.058	0.058	0.058	0.058	0.058	0.058	0.058	0.058	0.058	0.058	0.058	0.058	0.058	0.058	0.058	0.173	0.173	0.173	0.173	0.173	0.173	0.173	0.173	0.173	0.173	0.173	0.173	0.173	0.173	0.173	0.173
itlb	-
dtlb	-
ifetch	0.000	0.000	0.000	0.000	0.000	0.000	0.000	0.000	0.000	0.000	0.000	0.000	0.000	0.000	0.000	0.000	0.000	0.000	0.000	0.000	0.000	0.000	0.000	0.000	0.000	0.000	0.000	0.000	0.000	0.000	0.000	0.000	0.095	0.095	0.096	0.095	0.095	0.095	0.095	0.096	0.096	0.095	0.095	0.096	0.096	0.096	0.096	0.096	0.441	0.441	0.441	0.441	0.441	0.441	0.441	0.441	0.441	0.441	0.441	0.441	0.441	0.441	0.441	0.441
mem	-
mem-l1d	0.078	0.078	0.078	0.078	0.078	0.078	0.078	0.078	0.078	0.078	0.078	0.078	0.078	0.078	0.078	0.078	0.078	0.078	0.078	0.078	0.078	0.078	0.078	0.078	0.078	0.078	0.078	0.078	0.078	0.078	0.078	0.078	0.098	0.098	0.099	0.099	0.099	0.099	0.099	0.099	0.099	0.099	0.098	0.099	0.099	0.099	0.099	0.099	0.516	0.516	0.516	0.516	0.516	0.516	0.516	0.516	0.516	0.516	0.516	0.516	0.516	0.516	0.516	0.516
mem-l2	-
mem-l3	-
mem-l4	-
mem-remote	-
mem-nuca	-
mem-dram-cache	-
mem-dram	0.177	0.177	0.209	0.208	0.211	0.210	0.209	0.211	0.210	0.210	0.210	0.211	0.210	0.208	0.210	0.210	0.208	0.208	0.208	0.208	0.209	0.210	0.209	0.210	0.210	0.210	0.210	0.210	0.209	0.208	0.209	0.209	0.030	0.030	0.030	0.030	0.030	0.030	0.030	0.030	0.030	0.030	0.030	0.030	0.030	0.029	0.030	0.030	0.000	0.000	0.000	0.000	0.000	0.000	0.000	0.000	0.000	0.000	0.000	0.000	0.000	0.000	0.000	0.000
sync	-
dvfs-transition	-
imbalance	-
other	0.014	0.014	0.015	0.015	0.015	0.016	0.015	0.016	0.015	0.016	0.016	0.015	0.016	0.015	0.016	0.015	0.016	0.016	0.016	0.016	0.015	0.015	0.015	0.015	0.016	0.015	0.015	0.016	0.016	0.015	0.016	0.016	0.005	0.005	0.005	0.005	0.005	0.005	0.005	0.005	0.005	0.005	0.005	0.005	0.005	0.005	0.005	0.005	0.010	0.010	0.010	0.010	0.010	0.010	0.010	0.010	0.010	0.010	0.010	0.010	0.010	0.010	0.010	0.010
total	1.157	1.158	1.182	1.181	1.167	1.170	1.168	1.168	1.166	1.166	1.166	1.167	1.166	1.165	1.164	1.165	1.165	1.164	1.164	1.166	1.168	1.167	1.167	1.168	1.166	1.167	1.167	1.167	1.166	1.165	1.166	1.164	0.633	0.633	0.632	0.633	0.633	0.634	0.633	0.634	0.632	0.632	0.631	0.632	0.633	0.632	0.633	0.633	1.600	1.600	1.600	1.600	1.600	1.600	1.600	1.600	1.600	1.600	1.600	1.600	1.600	1.600	1.601	1.601
base	0.250	0.250	0.250	0.250	0.250	0.250	0.250	0.250	0.250	0.250	0.250	0.250	0.250	0.250	0.250	0.250	0.250	0.250	0.250	0.250	0.250	0.250	0.250	0.250	0.250	0.250	0.250	0.250	0.250	0.250	0.250	0.250	0.250	0.250	0.250	0.250	0.250	0.250	0.250	0.250	0.250	0.250	0.250	0.250	0.250	0.250	0.250	0.250	0.250	0.250	0.250	0.250	0.250	0.250	0.250	0.250	0.250	0.250	0.250	0.250	0.250	0.250	0.250	0.250
dispatch_width	-
rs_full	-
depend	-
depend-int	0.062	0.062	0.062	0.062	0.062	0.062	0.062	0.062	0.062	0.062	0.062	0.062	0.062	0.062	0.062	0.062	0.062	0.062	0.062	0.062	0.062	0.062	0.062	0.062	0.062	0.062	0.062	0.062	0.062	0.062	0.062	0.062	0.053	0.053	0.053	0.053	0.053	0.053	0.053	0.053	0.053	0.053	0.053	0.053	0.053	0.053	0.053	0.053	0.190	0.190	0.190	0.190	0.190	0.190	0.190	0.190	0.190	0.190	0.190	0.190	0.190	0.190	0.190	0.190
depend-fp	0.536	0.535	0.535	0.535	0.534	0.534	0.534	0.534	0.534	0.534	0.533	0.534	0.534	0.533	0.533	0.533	0.534	0.533	0.533	0.534	0.534	0.534	0.534	0.534	0.534	0.534	0.534	0.534	0.534	0.533	0.534	0.533	0.000	0.000	0.000	0.000	0.000	0.000	0.000	0.000	0.000	0.000	0.000	0.000	0.000	0.000	0.000	0.000	0.000	0.000	0.000	0.000	0.000	0.000	0.000	0.000	0.000	0.000	0.000	0.000	0.000	0.000	0.000	0.000
depend-branch	0.018	0.018	0.018	0.018	0.018	0.018	0.018	0.018	0.018	0.018	0.018	0.018	0.018	0.018	0.018	0.018	0.018	0.018	0.018	0.018	0.018	0.018	0.018	0.018	0.018	0.018	0.018	0.018	0.018	0.018	0.018	0.018	0.000	0.000	0.000	0.000	0.000	0.000	0.000	0.000	0.000	0.000	0.000	0.000	0.000	0.000	0.000	0.000	0.036	0.036	0.036	0.036	0.036	0.036	0.036	0.036	0.036	0.036	0.036	0.036	0.036	0.036	0.036	0.036
issue	0.019	0.019	0.019	0.019	0.019	0.019	0.019	0.019	0.019	0.019	0.019	0.019	0.019	0.019	0.019	0.019	0.019	0.019	0.019	0.019	0.019	0.019	0.019	0.019	0.019	0.019	0.019	0.019	0.019	0.019	0.019	0.019	0.080	0.080	0.080	0.080	0.080	0.080	0.080	0.080	0.080	0.080	0.080	0.080	0.080	0.080	0.080	0.080	0.000	0.000	0.000	0.000	0.000	0.000	0.000	0.000	0.000	0.000	0.000	0.000	0.000	0.000	0.000	0.000
serial	-
smt	-
branch	0.000	0.000	0.000	0.000	0.000	0.000	0.000	0.000	0.000	0.000	0.000	0.000	0.000	0.000	0.000	0.000	0.000	0.000	0.000	0.000	0.000	0.000	0.000	0.000	0.000	0.000	0.000	0.000	0.000	0.000	0.000	0.000	0.044	0.044	0.044	0.044	0.044	0.045	0.045	0.045	0.044	0.044	0.044	0.044	0.045	0.044	0.045	0.045	0.174	0.174	0.174	0.174	0.174	0.174	0.174	0.174	0.174	0.174	0.174	0.174	0.174	0.174	0.174	0.174
itlb	-
dtlb	-
ifetch	0.000	0.000	0.000	0.000	0.000	0.000	0.000	0.000	0.000	0.000	0.000	0.000	0.000	0.000	0.000	0.000	0.000	0.000	0.000	0.000	0.000	0.000	0.000	0.000	0.000	0.000	0.000	0.000	0.000	0.000	0.000	0.000	0.087	0.087	0.086	0.088	0.087	0.088	0.087	0.088	0.086	0.087	0.086	0.087	0.088	0.087	0.087	0.087	0.443	0.443	0.443	0.443	0.443	0.443	0.443	0.443	0.443	0.443	0.443	0.443	0.443	0.443	0.443	0.443
mem	-
mem-l1d	0.078	0.078	0.078	0.078	0.078	0.078	0.078	0.078	0.078	0.078	0.078	0.078	0.078	0.078	0.078	0.078	0.078	0.078	0.078	0.078	0.078	0.078	0.078	0.078	0.078	0.078	0.078	0.078	0.078	0.078	0.078	0.078	0.088	0.088	0.088	0.088	0.088	0.088	0.088	0.088	0.088	0.088	0.088	0.088	0.088	0.088	0.088	0.088	0.498	0.498	0.498	0.498	0.498	0.498	0.498	0.498	0.498	0.498	0.498	0.498	0.498	0.498	0.498	0.498
mem-l2	-
mem-l3	-
mem-l4	-
mem-remote	-
mem-nuca	-
mem-dram-cache	-
mem-dram	0.183	0.183	0.205	0.205	0.193	0.195	0.194	0.194	0.191	0.192	0.192	0.193	0.191	0.191	0.190	0.191	0.191	0.190	0.191	0.191	0.194	0.192	0.192	0.193	0.192	0.193	0.193	0.193	0.191	0.191	0.191	0.191	0.026	0.026	0.026	0.026	0.026	0.026	0.026	0.026	0.026	0.026	0.026	0.026	0.026	0.026	0.026	0.026	0.000	0.000	0.000	0.000	0.000	0.000	0.000	0.000	0.000	0.000	0.000	0.000	0.000	0.000	0.000	0.000
sync	-
dvfs-transition	-
imbalance	-
other	0.012	0.013	0.014	0.014	0.014	0.014	0.014	0.013	0.013	0.013	0.014	0.013	0.014	0.013	0.014	0.014	0.013	0.013	0.013	0.014	0.013	0.014	0.014	0.014	0.013	0.013	0.013	0.013	0.014	0.014	0.014	0.013	0.004	0.004	0.004	0.004	0.004	0.004	0.004	0.004	0.004	0.004	0.004	0.004	0.004	0.004	0.004	0.004	0.010	0.010	0.010	0.010	0.010	0.010	0.010	0.010	0.010	0.010	0.010	0.010	0.010	0.010	0.010	0.010
total	1.245	1.246	1.289	1.287	1.273	1.269	1.271	1.271	1.270	1.270	1.270	1.270	1.272	1.274	1.272	1.272	1.274	1.274	1.275	1.275	1.274	1.272	1.275	1.272	1.269	1.268	1.270	1.269	1.271	1.273	1.271	1.272	0.584	0.584	0.584	0.585	0.584	0.584	0.583	0.584	0.584	0.584	0.584	0.584	0.584	0.583	0.584	0.584	1.613	1.613	1.612	1.612	1.612	1.612	1.612	1.612	1.612	1.612	1.612	1.612	1.612	1.612	1.611	1.611
base	0.250	0.250	0.250	0.250	0.250	0.250	0.250	0.250	0.250	0.250	0.250	0.250	0.250	0.250	0.250	0.250	0.250	0.250	0.250	0.250	0.250	0.250	0.250	0.250	0.250	0.250	0.250	0.250	0.250	0.250	0.250	0.250	0.250	0.250	0.250	0.250	0.250	0.250	0.250	0.250	0.250	0.250	0.250	0.250	0.250	0.250	0.250	0.250	0.250	0.250	0.250	0.250	0.250	0.250	0.250	0.250	0.250	0.250	0.250	0.250	0.250	0.250	0.250	0.250
dispatch_width	-
rs_full	-
depend	-
depend-int	0.068	0.068	0.067	0.067	0.067	0.067	0.067	0.067	0.067	0.067	0.067	0.067	0.067	0.067	0.067	0.067	0.067	0.067	0.067	0.067	0.067	0.067	0.067	0.067	0.067	0.067	0.067	0.067	0.067	0.067	0.067	0.067	0.050	0.050	0.050	0.050	0.050	0.050	0.050	0.050	0.050	0.050	0.050	0.050	0.050	0.050	0.050	0.050	0.192	0.192	0.192	0.192	0.192	0.192	0.192	0.192	0.192	0.192	0.192	0.192	0.192	0.192	0.192	0.192
depend-fp	0.547	0.547	0.547	0.547	0.545	0.544	0.545	0.545	0.545	0.544	0.545	0.545	0.545	0.545	0.545	0.545	0.545	0.545	0.545	0.546	0.545	0.545	0.545	0.545	0.545	0.544	0.545	0.545	0.545	0.545	0.545	0.545	0.000	0.000	0.000	0.000	0.000	0.000	0.000	0.000	0.000	0.000	0.000	0.000	0.000	0.000	0.000	0.000	0.000	0.000	0.000	0.000	0.000	0.000	0.000	0.000	0.000	0.000	0.000	0.000	0.000	0.000	0.000	0.000
depend-branch	0.018	0.018	0.018	0.018	0.018	0.018	0.018	0.018	0.018	0.018	0.018	0.018	0.018	0.018	0.018	0.018	0.018	0.018	0.018	0.018	0.018	0.018	0.018	0.018	0.018	0.018	0.018	0.018	0.018	0.018	0.018	0.018	0.000	0.000	0.000	0.000	0.000	0.000	0.000	0.000	0.000	0.000	0.000	0.000	0.000	0.000	0.000	0.000	0.035	0.035	0.035	0.035	0.035	0.035	0.035	0.035	0.035	0.035	0.035	0.035	0.035	0.035	0.035	0.035
issue	0.018	0.018	0.018	0.018	0.018	0.018	0.018	0.018	0.018	0.018	0.018	0.018	0.018	0.018	0.018	0.018	0.018	0.018	0.018	0.018	0.018	0.018	0.018	0.018	0.018	0.018	0.018	0.018	0.018	0.018	0.018	0.018	0.082	0.082	0.082	0.082	0.082	0.082	0.082	0.082	0.082	0.082	0.082	0.082	0.082	0.082	0.082	0.082	0.000	0.000	0.000	0.000	0.000	0.000	0.000	0.000	0.000	0.000	0.000	0.000	0.000	0.000	0.000	0.000
serial	-
smt	-
branch	0.000	0.000	0.000	0.000	0.000	0.000	0.000	0.000	0.000	0.000	0.000	0.000	0.000	0.000	0.000	0.000	0.000	0.000	0.000	0.000	0.000	0.000	0.000	0.000	0.000	0.000	0.000	0.000	0.000	0.000	0.000	0.000	0.028	0.028	0.028	0.028	0.028	0.028	0.028	0.028	0.028	0.028	0.028	0.028	0.028	0.028	0.028	0.028	0.171	0.171	0.171	0.171	0.171	0.171	0.171	0.171	0.171	0.171	0.171	0.171	0.171	0.171	0.171	0.171
itlb	-
dtlb	-
ifetch	0.000	0.000	0.000	0.000	0.000	0.000	0.000	0.000	0.000	0.000	0.000	0.000	0.000	0.000	0.000	0.000	0.000	0.000	0.000	0.000	0.000	0.000	0.000	0.000	0.000	0.000	0.000	0.000	0.000	0.000	0.000	0.000	0.067	0.067	0.067	0.068	0.067	0.068	0.067	0.068	0.067	0.067	0.067	0.068	0.068	0.067	0.067	0.067	0.451	0.451	0.451	0.451	0.451	0.451	0.451	0.451	0.451	0.451	0.451	0.451	0.451	0.451	0.450	0.450
mem	-
mem-l1d	0.079	0.079	0.079	0.079	0.079	0.078	0.078	0.078	0.079	0.079	0.079	0.079	0.079	0.079	0.079	0.079	0.079	0.079	0.079	0.079	0.079	0.079	0.079	0.079	0.079	0.079	0.079	0.079	0.079	0.079	0.079	0.079	0.081	0.081	0.081	0.081	0.081	0.081	0.081	0.081	0.081	0.081	0.081	0.081	0.081	0.081	0.081	0.081	0.504	0.504	0.504	0.504	0.504	0.504	0.504	0.504	0.504	0.504	0.504	0.504	0.504	0.504	0.504	0.504
mem-l2	-
mem-l3	-
mem-l4	-
mem-remote	-
mem-nuca	-
mem-dram-cache	-
mem-dram	0.251	0.251	0.294	0.293	0.280	0.277	0.279	0.279	0.278	0.278	0.277	0.277	0.280	0.281	0.280	0.279	0.281	0.281	0.282	0.281	0.282	0.280	0.282	0.280	0.277	0.276	0.278	0.277	0.279	0.280	0.279	0.280	0.023	0.023	0.023	0.023	0.023	0.022	0.023	0.022	0.023	0.023	0.023	0.023	0.023	0.023	0.023	0.023	0.000	0.000	0.000	0.000	0.000	0.000	0.000	0.000	0.000	0.000	0.000	0.000	0.000	0.000	0.000	0.000
sync	-
dvfs-transition	-
imbalance	-
other	0.015	0.016	0.017	0.016	0.016	0.016	0.016	0.015	0.016	0.016	0.016	0.016	0.015	0.015	0.015	0.016	0.016	0.016	0.016	0.016	0.015	0.015	0.015	0.015	0.015	0.016	0.015	0.016	0.016	0.015	0.015	0.015	0.003	0.003	0.003	0.003	0.003	0.003	0.003	0.003	0.003	0.003	0.003	0.003	0.003	0.003	0.003	0.003	0.009	0.009	0.009	0.009	0.009	0.009	0.009	0.009	0.009	0.009	0.009	0.009	0.009	0.009	0.009	0.009
total	1.218	1.218	1.263	1.265	1.261	1.262	1.261	1.262	1.259	1.259	1.258	1.258	1.253	1.255	1.253	1.254	1.253	1.253	1.251	1.253	1.258	1.259	1.260	1.260	1.256	1.257	1.258	1.256	1.256	1.257	1.257	1.255	0.595	0.595	0.595	0.594	0.595	0.594	0.595	0.594	0.595	0.595	0.595	0.595	0.594	0.595	0.596	0.595	1.599	1.599	1.600	1.599	1.600	1.599	1.599	1.599	1.600	1.599	1.599	1.599	1.600	1.599	1.600	1.600
base	0.250	0.250	0.250	0.250	0.250	0.250	0.250	0.250	0.250	0.250	0.250	0.250	0.250	0.250	0.250	0.250	0.250	0.250	0.250	0.250	0.250	0.250	0.250	0.250	0.250	0.250	0.250	0.250	0.250	0.250	0.250	0.250	0.250	0.250	0.250	0.250	0.250	0.250	0.250	0.250	0.250	0.250	0.250	0.250	0.250	0.250	0.250	0.250	0.250	0.250	0.250	0.250	0.250	0.250	0.250	0.250	0.250	0.250	0.250	0.250	0.250	0.250	0.250	0.250
dispatch_width	-
rs_full	-
depend	-
depend-int	0.067	0.067	0.067	0.067	0.067	0.067	0.067	0.067	0.067	0.067	0.067	0.067	0.067	0.067	0.067	0.067	0.067	0.067	0.067	0.067	0.067	0.067	0.067	0.067	0.067	0.067	0.067	0.067	0.067	0.067	0.067	0.067	0.050	0.050	0.050	0.050	0.050	0.050	0.050	0.050	0.050	0.050	0.050	0.050	0.050	0.050	0.050	0.050	0.191	0.191	0.191	0.191	0.191	0.191	0.191	0.191	0.191	0.191	0.191	0.191	0.191	0.191	0.191	0.191
depend-fp	0.544	0.544	0.545	0.545	0.544	0.544	0.544	0.544	0.544	0.543	0.543	0.544	0.543	0.543	0.543	0.543	0.543	0.543	0.543	0.543	0.544	0.544	0.544	0.544	0.543	0.543	0.544	0.543	0.543	0.543	0.543	0.543	0.000	0.000	0.000	0.000	0.000	0.000	0.000	0.000	0.000	0.000	0.000	0.000	0.000	0.000	0.000	0.000	0.000	0.000	0.000	0.000	0.000	0.000	0.000	0.000	0.000	0.000	0.000	0.000	0.000	0.000	0.000	0.000
depend-branch	0.018	0.018	0.018	0.018	0.018	0.018	0.018	0.018	0.018	0.018	0.018	0.018	0.018	0.018	0.018	0.018	0.018	0.018	0.018	0.018	0.018	0.018	0.018	0.018	0.018	0.018	0.018	0.018	0.018	0.018	0.018	0.018	0.000	0.000	0.000	0.000	0.000	0.000	0.000	0.000	0.000	0.000	0.000	0.000	0.000	0.000	0.000	0.000	0.035	0.035	0.035	0.035	0.035	0.035	0.035	0.035	0.035	0.035	0.035	0.035	0.035	0.035	0.035	0.035
issue	0.018	0.018	0.018	0.018	0.018	0.018	0.018	0.018	0.018	0.018	0.018	0.018	0.018	0.018	0.018	0.018	0.018	0.018	0.018	0.018	0.018	0.018	0.018	0.018	0.018	0.018	0.018	0.018	0.018	0.018	0.018	0.018	0.082	0.082	0.082	0.082	0.082	0.082	0.082	0.082	0.082	0.082	0.082	0.082	0.082	0.082	0.082	0.082	0.000	0.000	0.000	0.000	0.000	0.000	0.000	0.000	0.000	0.000	0.000	0.000	0.000	0.000	0.000	0.000
serial	-
smt	-
branch	0.000	0.000	0.000	0.000	0.000	0.000	0.000	0.000	0.000	0.000	0.000	0.000	0.000	0.000	0.000	0.000	0.000	0.000	0.000	0.000	0.000	0.000	0.000	0.000	0.000	0.000	0.000	0.000	0.000	0.000	0.000	0.000	0.033	0.033	0.033	0.033	0.033	0.033	0.033	0.033	0.033	0.033	0.033	0.033	0.033	0.033	0.033	0.033	0.169	0.169	0.169	0.169	0.169	0.169	0.169	0.169	0.169	0.169	0.169	0.169	0.169	0.169	0.170	0.169
itlb	-
dtlb	-
ifetch	0.000	0.000	0.000	0.000	0.000	0.000	0.000	0.000	0.000	0.000	0.000	0.000	0.000	0.000	0.000	0.000	0.000	0.000	0.000	0.000	0.000	0.000	0.000	0.000	0.000	0.000	0.000	0.000	0.000	0.000	0.000	0.000	0.073	0.072	0.073	0.072	0.073	0.072	0.073	0.072	0.072	0.073	0.073	0.072	0.072	0.073	0.073	0.073	0.439	0.439	0.439	0.439	0.439	0.439	0.439	0.439	0.439	0.439	0.439	0.439	0.439	0.439	0.439	0.439
mem	-
mem-l1d	0.078	0.078	0.078	0.078	0.078	0.078	0.078	0.078	0.078	0.078	0.078	0.078	0.078	0.078	0.078	0.078	0.078	0.078	0.078	0.078	0.078	0.078	0.078	0.078	0.078	0.078	0.078	0.078	0.078	0.078	0.078	0.078	0.082	0.082	0.082	0.082	0.081	0.081	0.081	0.081	0.082	0.082	0.082	0.081	0.081	0.081	0.081	0.081	0.506	0.506	0.506	0.506	0.506	0.506	0.506	0.506	0.506	0.506	0.506	0.506	0.506	0.506	0.506	0.506
mem-l2	-
mem-l3	-
mem-l4	-
mem-remote	-
mem-nuca	-
mem-dram-cache	-
mem-dram	0.228	0.229	0.271	0.272	0.271	0.272	0.271	0.272	0.269	0.269	0.268	0.268	0.264	0.266	0.264	0.265	0.264	0.263	0.262	0.264	0.268	0.269	0.270	0.270	0.267	0.267	0.268	0.266	0.266	0.267	0.268	0.265	0.023	0.023	0.023	0.023	0.023	0.023	0.023	0.023	0.023	0.023	0.023	0.023	0.023	0.023	0.023	0.023	0.000	0.000	0.000	0.000	0.000	0.000	0.000	0.000	0.000	0.000	0.000	0.000	0.000	0.000	0.000	0.000
sync	-
dvfs-transition	-
imbalance	-
other	0.014	0.014	0.015	0.015	0.014	0.015	0.015	0.014	0.015	0.015	0.014	0.015	0.015	0.014	0.014	0.014	0.014	0.015	0.014	0.014	0.014	0.014	0.014	0.015	0.014	0.014	0.014	0.014	0.015	0.015	0.015	0.014	0.003	0.003	0.003	0.003	0.003	0.003	0.003	0.003	0.003	0.003	0.003	0.003	0.003	0.003	0.003	0.003	0.010	0.010	0.010	0.010	0.010	0.010	0.010	0.010	0.010	0.010	0.010	0.010	0.010	0.010	0.010	0.010
total	1.188	1.187	1.223	1.222	1.219	1.219	1.221	1.219	1.218	1.218	1.218	1.219	1.217	1.219	1.218	1.218	1.218	1.217	1.218	1.217	1.221	1.222	1.219	1.220	1.221	1.220	1.219	1.221	1.219	1.221	1.220	1.222	0.618	0.618	0.618	0.618	0.618	0.617	0.617	0.616	0.618	0.618	0.618	0.617	0.617	0.618	0.617	0.617	1.602	1.602	1.602	1.602	1.602	1.602	1.602	1.602	1.602	1.602	1.602	1.602	1.602	1.602	1.602	1.602
base	0.250	0.250	0.250	0.250	0.250	0.250	0.250	0.250	0.250	0.250	0.250	0.250	0.250	0.250	0.250	0.250	0.250	0.250	0.250	0.250	0.250	0.250	0.250	0.250	0.250	0.250	0.250	0.250	0.250	0.250	0.250	0.250	0.250	0.250	0.250	0.250	0.250	0.250	0.250	0.250	0.250	0.250	0.250	0.250	0.250	0.250	0.250	0.250	0.250	0.250	0.250	0.250	0.250	0.250	0.250	0.250	0.250	0.250	0.250	0.250	0.250	0.250	0.250	0.250
dispatch_width	-
rs_full	-
depend	-
depend-int	0.064	0.064	0.064	0.064	0.065	0.065	0.065	0.065	0.065	0.065	0.065	0.065	0.065	0.065	0.065	0.065	0.065	0.065	0.065	0.065	0.065	0.065	0.065	0.065	0.065	0.065	0.065	0.065	0.065	0.065	0.065	0.065	0.051	0.051	0.051	0.051	0.051	0.051	0.051	0.051	0.051	0.051	0.051	0.051	0.051	0.051	0.051	0.051	0.190	0.190	0.190	0.190	0.190	0.190	0.190	0.190	0.190	0.190	0.190	0.190	0.190	0.190	0.190	0.190
depend-fp	0.540	0.540	0.541	0.540	0.540	0.540	0.540	0.540	0.540	0.540	0.540	0.540	0.540	0.540	0.540	0.540	0.540	0.540	0.540	0.540	0.540	0.540	0.540	0.540	0.540	0.540	0.540	0.540	0.540	0.540	0.540	0.540	0.000	0.000	0.000	0.000	0.000	0.000	0.000	0.000	0.000	0.000	0.000	0.000	0.000	0.000	0.000	0.000	0.000	0.000	0.000	0.000	0.000	0.000	0.000	0.000	0.000	0.000	0.000	0.000	0.000	0.000	0.000	0.000
depend-branch	0.018	0.018	0.018	0.018	0.018	0.018	0.018	0.018	0.018	0.018	0.018	0.018	0.018	0.018	0.018	0.018	0.018	0.018	0.018	0.018	0.018	0.018	0.018	0.018	0.018	0.018	0.018	0.018	0.018	0.018	0.018	0.018	0.000	0.000	0.000	0.000	0.000	0.000	0.000	0.000	0.000	0.000	0.000	0.000	0.000	0.000	0.000	0.000	0.035	0.035	0.035	0.035	0.035	0.035	0.035	0.035	0.035	0.035	0.035	0.035	0.035	0.035	0.035	0.035
issue	0.019	0.019	0.019	0.019	0.019	0.019	0.019	0.019	0.019	0.019	0.019	0.019	0.019	0.019	0.019	0.019	0.019	0.019	0.019	0.019	0.019	0.019	0.019	0.019	0.019	0.019	0.019	0.019	0.019	0.019	0.019	0.019	0.080	0.080	0.080	0.080	0.080	0.080	0.080	0.080	0.080	0.080	0.080	0.080	0.080	0.080	0.080	0.080	0.000	0.000	0.000	0.000	0.000	0.000	0.000	0.000	0.000	0.000	0.000	0.000	0.000	0.000	0.000	0.000
serial	-
smt	-
branch	0.000	0.000	0.000	0.000	0.000	0.000	0.000	0.000	0.000	0.000	0.000	0.000	0.000	0.000	0.000	0.000	0.000	0.000	0.000	0.000	0.000	0.000	0.000	0.000	0.000	0.000	0.000	0.000	0.000	0.000	0.000	0.000	0.041	0.041	0.041	0.041	0.040	0.040	0.040	0.040	0.041	0.041	0.040	0.041	0.040	0.040	0.040	0.040	0.173	0.173	0.173	0.173	0.173	0.173	0.173	0.173	0.173	0.173	0.173	0.173	0.173	0.173	0.173	0.173
itlb	-
dtlb	-
ifetch	0.000	0.000	0.000	0.000	0.000	0.000	0.000	0.000	0.000	0.000	0.000	0.000	0.000	0.000	0.000	0.000	0.000	0.000	0.000	0.000	0.000	0.000	0.000	0.000	0.000	0.000	0.000	0.000	0.000	0.000	0.000	0.000	0.078	0.078	0.078	0.077	0.078	0.077	0.077	0.076	0.077	0.077	0.078	0.077	0.077	0.078	0.077	0.077	0.433	0.433	0.433	0.433	0.433	0.433	0.433	0.433	0.433	0.433	0.433	0.433	0.433	0.433	0.433	0.433
mem	-
mem-l1d	0.078	0.078	0.078	0.078	0.078	0.078	0.078	0.078	0.078	0.078	0.078	0.078	0.078	0.078	0.078	0.078	0.078	0.078	0.078	0.078	0.078	0.078	0.078	0.078	0.078	0.078	0.078	0.078	0.078	0.078	0.078	0.078	0.089	0.089	0.089	0.089	0.089	0.089	0.089	0.089	0.089	0.089	0.089	0.089	0.089	0.089	0.089	0.089	0.511	0.511	0.511	0.511	0.511	0.511	0.511	0.511	0.511	0.511	0.511	0.511	0.511	0.511	0.511	0.511
mem-l2	-
mem-l3	-
mem-l4	-
mem-remote	-
mem-nuca	-
mem-dram-cache	-
mem-dram	0.204	0.204	0.238	0.237	0.234	0.234	0.235	0.235	0.233	0.233	0.232	0.234	0.232	0.234	0.233	0.233	0.233	0.232	0.233	0.233	0.236	0.235	0.234	0.234	0.235	0.235	0.233	0.236	0.234	0.235	0.235	0.235	0.026	0.026	0.026	0.027	0.026	0.026	0.026	0.026	0.027	0.027	0.026	0.027	0.026	0.026	0.026	0.026	0.000	0.000	0.000	0.000	0.000	0.000	0.000	0.000	0.000	0.000	0.000	0.000	0.000	0.000	0.000	0.000
sync	-
dvfs-transition	-
imbalance	-
other	0.015	0.015	0.016	0.016	0.015	0.015	0.016	0.015	0.015	0.015	0.016	0.015	0.016	0.016	0.015	0.016	0.016	0.016	0.016	0.015	0.015	0.016	0.015	0.015	0.015	0.016	0.016	0.015	0.015	0.016	0.015	0.016	0.003	0.003	0.003	0.003	0.003	0.003	0.003	0.003	0.004	0.004	0.003	0.003	0.003	0.003	0.003	0.003	0.010	0.010	0.010	0.010	0.010	0.010	0.010	0.010	0.010	0.010	0.010	0.010	0.010	0.010	0.010	0.010
total	1.191	1.190	1.226	1.228	1.213	1.216	1.214	1.214	1.212	1.211	1.211	1.212	1.212	1.210	1.211	1.211	1.211	1.211	1.210	1.211	1.212	1.212	1.214	1.213	1.212	1.212	1.211	1.211	1.209	1.210	1.210	1.209	0.643	0.642	0.643	0.643	0.643	0.643	0.643	0.643	0.642	0.642	0.642	0.643	0.643	0.643	0.643	0.643	1.611	1.611	1.611	1.611	1.611	1.611	1.611	1.611	1.611	1.611	1.611	1.611	1.611	1.611	1.611	1.611
base	0.250	0.250	0.250	0.250	0.250	0.250	0.250	0.250	0.250	0.250	0.250	0.250	0.250	0.250	0.250	0.250	0.250	0.250	0.250	0.250	0.250	0.250	0.250	0.250	0.250	0.250	0.250	0.250	0.250	0.250	0.250	0.250	0.250	0.250	0.250	0.250	0.250	0.250	0.250	0.250	0.250	0.250	0.250	0.250	0.250	0.250	0.250	0.250	0.250	0.250	0.250	0.250	0.250	0.250	0.250	0.250	0.250	0.250	0.250	0.250	0.250	0.250	0.250	0.250
dispatch_width	-
rs_full	-
depend	-
depend-int	0.065	0.065	0.065	0.065	0.065	0.065	0.065	0.065	0.064	0.065	0.065	0.065	0.065	0.065	0.065	0.065	0.065	0.065	0.065	0.065	0.065	0.065	0.065	0.065	0.064	0.064	0.064	0.064	0.065	0.065	0.065	0.065	0.053	0.053	0.053	0.053	0.053	0.053	0.053	0.053	0.053	0.053	0.053	0.053	0.053	0.053	0.053	0.053	0.190	0.190	0.190	0.190	0.190	0.190	0.190	0.190	0.190	0.190	0.190	0.190	0.190	0.190	0.190	0.190
depend-fp	0.539	0.539	0.542	0.542	0.537	0.536	0.537	0.537	0.536	0.536	0.536	0.536	0.536	0.536	0.536	0.536	0.537	0.537	0.536	0.537	0.536	0.536	0.537	0.537	0.536	0.536	0.537	0.536	0.536	0.536	0.536	0.536	0.000	0.000	0.000	0.000	0.000	0.000	0.000	0.000	0.000	0.000	0.000	0.000	0.000	0.000	0.000	0.000	0.000	0.000	0.000	0.000	0.000	0.000	0.000	0.000	0.000	0.000	0.000	0.000	0.000	0.000	0.000	0.000
depend-branch	0.019	0.019	0.018	0.018	0.019	0.019	0.019	0.019	0.019	0.019	0.019	0.019	0.019	0.019	0.019	0.019	0.019	0.019	0.019	0.019	0.019	0.019	0.019	0.019	0.019	0.019	0.019	0.019	0.019	0.019	0.019	0.019	0.000	0.000	0.000	0.000	0.000	0.000	0.000	0.000	0.000	0.000	0.000	0.000	0.000	0.000	0.000	0.000	0.036	0.036	0.036	0.036	0.036	0.036	0.036	0.036	0.036	0.036	0.036	0.036	0.036	0.036	0.036	0.036
issue	0.018	0.018	0.018	0.019	0.019	0.019	0.019	0.019	0.019	0.019	0.019	0.019	0.019	0.019	0.019	0.019	0.019	0.019	0.019	0.019	0.019	0.019	0.019	0.019	0.019	0.019	0.019	0.019	0.019	0.019	0.019	0.019	0.078	0.078	0.078	0.078	0.078	0.078	0.078	0.078	0.078	0.078	0.078	0.078	0.078	0.078	0.078	0.078	0.000	0.000	0.000	0.000	0.000	0.000	0.000	0.000	0.000	0.000	0.000	0.000	0.000	0.000	0.000	0.000
serial	-
smt	-
branch	0.000	0.000	0.000	0.000	0.000	0.000	0.000	0.000	0.000	0.000	0.000	0.000	0.000	0.000	0.000	0.000	0.000	0.000	0.000	0.000	0.000	0.000	0.000	0.000	0.000	0.000	0.000	0.000	0.000	0.000	0.000	0.000	0.050	0.050	0.050	0.050	0.051	0.051	0.051	0.051	0.050	0.050	0.050	0.050	0.051	0.051	0.051	0.051	0.174	0.174	0.174	0.174	0.174	0.174	0.174	0.174	0.174	0.174	0.174	0.174	0.174	0.174	0.174	0.174
itlb	-
dtlb	-
ifetch	0.000	0.000	0.000	0.000	0.000	0.000	0.000	0.000	0.000	0.000	0.000	0.000	0.000	0.000	0.000	0.000	0.000	0.000	0.000	0.000	0.000	0.000	0.000	0.000	0.000	0.000	0.000	0.000	0.000	0.000	0.000	0.000	0.084	0.084	0.084	0.084	0.084	0.084	0.084	0.084	0.084	0.083	0.084	0.084	0.084	0.084	0.083	0.084	0.439	0.439	0.439	0.439	0.439	0.439	0.439	0.439	0.439	0.439	0.439	0.439	0.439	0.439	0.439	0.439
mem	-
mem-l1d	0.078	0.078	0.078	0.078	0.078	0.078	0.078	0.078	0.078	0.078	0.078	0.078	0.079	0.078	0.078	0.079	0.079	0.079	0.078	0.078	0.078	0.078	0.078	0.078	0.078	0.078	0.078	0.078	0.078	0.078	0.079	0.078	0.098	0.098	0.098	0.098	0.098	0.099	0.098	0.099	0.098	0.098	0.098	0.098	0.098	0.098	0.099	0.098	0.512	0.512	0.512	0.512	0.512	0.512	0.512	0.512	0.512	0.512	0.512	0.512	0.512	0.512	0.512	0.512
mem-l2	-
mem-l3	-
mem-l4	-
mem-remote	-
mem-nuca	-
mem-dram-cache	-
mem-dram	0.202	0.201	0.239	0.241	0.226	0.228	0.226	0.226	0.225	0.224	0.224	0.224	0.224	0.223	0.224	0.224	0.223	0.223	0.223	0.223	0.224	0.224	0.227	0.225	0.225	0.225	0.225	0.224	0.222	0.223	0.222	0.222	0.025	0.025	0.024	0.024	0.025	0.025	0.025	0.025	0.024	0.025	0.025	0.025	0.025	0.025	0.025	0.025	0.000	0.000	0.000	0.000	0.000	0.000	0.000	0.000	0.000	0.000	0.000	0.000	0.000	0.000	0.000	0.000
sync	-
dvfs-transition	-
imbalance	-
other	0.020	0.020	0.016	0.015	0.020	0.021	0.021	0.021	0.021	0.020	0.020	0.021	0.021	0.021	0.021	0.021	0.021	0.021	0.021	0.021	0.021	0.021	0.021	0.021	0.021	0.021	0.020	0.020	0.020	0.021	0.021	0.021	0.004	0.004	0.004	0.004	0.004	0.004	0.004	0.004	0.004	0.004	0.004	0.004	0.004	0.004	0.004	0.004	0.010	0.010	0.010	0.010	0.010	0.010	0.010	0.010	0.010	0.010	0.010	0.010	0.010	0.010	0.010	0.010
total	1.235	1.237	1.266	1.267	1.251	1.251	1.251	1.250	1.249	1.248	1.247	1.249	1.249	1.249	1.249	1.248	1.247	1.247	1.247	1.247	1.251	1.251	1.249	1.250	1.249	1.249	1.249	1.249	1.247	1.247	1.247	1.247	0.652	0.652	0.651	0.650	0.652	0.653	0.652	0.654	0.652	0.650	0.651	0.652	0.654	0.653	0.652	0.653	1.595	1.595	1.594	1.594	1.595	1.594	1.594	1.594	1.594	1.594	1.594	1.594	1.594	1.594	1.594	1.594
base	0.250	0.250	0.250	0.250	0.250	0.250	0.250	0.250	0.250	0.250	0.250	0.250	0.250	0.250	0.250	0.250	0.250	0.250	0.250	0.250	0.250	0.250	0.250	0.250	0.250	0.250	0.250	0.250	0.250	0.250	0.250	0.250	0.250	0.250	0.250	0.250	0.250	0.250	0.250	0.250	0.250	0.250	0.250	0.250	0.250	0.250	0.250	0.250	0.250	0.250	0.250	0.250	0.250	0.250	0.250	0.250	0.250	0.250	0.250	0.250	0.250	0.250	0.250	0.250
dispatch_width	-
rs_full	-
depend	-
depend-int	0.067	0.067	0.068	0.068	0.066	0.066	0.066	0.066	0.066	0.066	0.066	0.066	0.066	0.066	0.066	0.066	0.066	0.066	0.066	0.066	0.066	0.066	0.066	0.066	0.066	0.066	0.066	0.066	0.066	0.066	0.066	0.066	0.054	0.054	0.054	0.054	0.054	0.054	0.054	0.054	0.054	0.054	0.054	0.054	0.054	0.054	0.054	0.054	0.188	0.188	0.188	0.188	0.188	0.188	0.188	0.188	0.188	0.188	0.188	0.188	0.188	0.188	0.188	0.188
depend-fp	0.548	0.548	0.543	0.543	0.544	0.544	0.544	0.544	0.544	0.544	0.544	0.544	0.544	0.544	0.544	0.544	0.544	0.544	0.544	0.544	0.544	0.544	0.544	0.544	0.544	0.544	0.544	0.544	0.544	0.544	0.544	0.544	0.000	0.000	0.000	0.000	0.000	0.000	0.000	0.000	0.000	0.000	0.000	0.000	0.000	0.000	0.000	0.000	0.000	0.000	0.000	0.000	0.000	0.000	0.000	0.000	0.000	0.000	0.000	0.000	0.000	0.000	0.000	0.000
depend-branch	0.018	0.018	0.019	0.019	0.018	0.018	0.018	0.018	0.018	0.018	0.018	0.018	0.018	0.018	0.018	0.018	0.018	0.018	0.018	0.018	0.018	0.018	0.018	0.018	0.018	0.018	0.018	0.018	0.018	0.018	0.018	0.018	0.000	0.000	0.000	0.000	0.000	0.000	0.000	0.000	0.000	0.000	0.000	0.000	0.000	0.000	0.000	0.000	0.036	0.036	0.036	0.036	0.036	0.036	0.036	0.036	0.036	0.036	0.036	0.036	0.036	0.036	0.036	0.036
issue	0.018	0.018	0.018	0.018	0.018	0.018	0.018	0.018	0.018	0.018	0.018	0.018	0.018	0.018	0.018	0.018	0.018	0.018	0.018	0.018	0.018	0.018	0.018	0.018	0.018	0.018	0.018	0.018	0.018	0.018	0.018	0.018	0.077	0.077	0.077	0.077	0.078	0.078	0.078	0.078	0.077	0.077	0.077	0.077	0.078	0.078	0.078	0.078	0.000	0.000	0.000	0.000	0.000	0.000	0.000	0.000	0.000	0.000	0.000	0.000	0.000	0.000	0.000	0.000
serial	-
smt	-
branch	0.000	0.000	0.000	0.000	0.000	0.000	0.000	0.000	0.000	0.000	0.000	0.000	0.000	0.000	0.000	0.000	0.000	0.000	0.000	0.000	0.000	0.000	0.000	0.000	0.000	0.000	0.000	0.000	0.000	0.000	0.000	0.000	0.062	0.062	0.061	0.061	0.062	0.062	0.062	0.062	0.061	0.061	0.061	0.062	0.062	0.062	0.062	0.062	0.176	0.176	0.176	0.176	0.176	0.176	0.176	0.176	0.176	0.176	0.176	0.176	0.176	0.176	0.175	0.175
itlb	-
dtlb	-
ifetch	0.000	0.000	0.000	0.000	0.000	0.000	0.000	0.000	0.000	0.000	0.000	0.000	0.000	0.000	0.000	0.000	0.000	0.000	0.000	0.000	0.000	0.000	0.000	0.000	0.000	0.000	0.000	0.000	0.000	0.000	0.000	0.000	0.083	0.083	0.082	0.082	0.083	0.084	0.082	0.085	0.083	0.082	0.082	0.083	0.084	0.083	0.082	0.084	0.434	0.434	0.434	0.434	0.434	0.434	0.434	0.434	0.434	0.434	0.434	0.434	0.434	0.434	0.434	0.434
mem	-
mem-l1d	0.079	0.079	0.079	0.079	0.078	0.078	0.078	0.078	0.078	0.078	0.079	0.079	0.079	0.078	0.079	0.079	0.079	0.079	0.079	0.078	0.078	0.078	0.078	0.078	0.078	0.079	0.078	0.078	0.079	0.079	0.079	0.079	0.097	0.097	0.097	0.097	0.097	0.097	0.097	0.097	0.097	0.097	0.097	0.097	0.097	0.097	0.097	0.097	0.501	0.501	0.501	0.501	0.501	0.501	0.501	0.501	0.501	0.501	0.501	0.501	0.501	0.501	0.501	0.501
mem-l2	-
mem-l3	-
mem-l4	-
mem-remote	-
mem-nuca	-
mem-dram-cache	-
mem-dram	0.242	0.243	0.270	0.271	0.262	0.261	0.261	0.261	0.260	0.260	0.259	0.260	0.261	0.260	0.260	0.260	0.258	0.259	0.258	0.259	0.262	0.262	0.261	0.260	0.261	0.260	0.260	0.260	0.259	0.258	0.259	0.258	0.024	0.025	0.025	0.024	0.025	0.024	0.025	0.024	0.024	0.024	0.025	0.024	0.024	0.025	0.025	0.024	0.000	0.000	0.000	0.000	0.000	0.000	0.000	0.000	0.000	0.000	0.000	0.000	0.000	0.000	0.000	0.000
sync	-
dvfs-transition	-
imbalance	-
other	0.013	0.014	0.021	0.020	0.014	0.014	0.014	0.014	0.014	0.013	0.013	0.014	0.013	0.013	0.014	0.013	0.014	0.013	0.014	0.013	0.014	0.014	0.013	0.014	0.013	0.014	0.013	0.014	0.013	0.014	0.014	0.013	0.005	0.005	0.005	0.005	0.005	0.005	0.005	0.005	0.005	0.005	0.005	0.005	0.005	0.005	0.005	0.005	0.010	0.010	0.010	0.010	0.010	0.010	0.010	0.010	0.010	0.010	0.010	0.010	0.010	0.010	0.010	0.010
