pcb_C_0	330.8881
pcb_C_1	332.0798
pcb_C_2	332.4886
pcb_C_3	332.6303
pcb_C_4	332.6331
pcb_C_5	332.4912
pcb_C_6	332.0767
pcb_C_7	330.8839
pcb_C_8	330.2621
pcb_C_9	331.5842
pcb_C_10	332.1785
pcb_C_11	332.4132
pcb_C_12	332.4140
pcb_C_13	332.1787
pcb_C_14	331.5815
pcb_C_15	330.2587
pcb_C_16	329.4062
pcb_C_17	330.1865
pcb_C_18	330.6307
pcb_C_19	330.8322
pcb_C_20	330.8322
pcb_C_21	330.6300
pcb_C_22	330.1844
pcb_C_23	329.4035
pcb_C_24	328.8639
pcb_C_25	329.1347
pcb_C_26	329.3574
pcb_C_27	329.4794
pcb_C_28	329.4792
pcb_C_29	329.3565
pcb_C_30	329.1330
pcb_C_31	328.8615
pcb_C_32	328.5139
pcb_C_33	328.4024
pcb_C_34	328.4276
pcb_C_35	328.4687
pcb_C_36	328.4684
pcb_C_37	328.4268
pcb_C_38	328.4009
pcb_C_39	328.5117
pcb_C_40	328.2579
pcb_C_41	327.8672
pcb_C_42	327.7437
pcb_C_43	327.7213
pcb_C_44	327.7211
pcb_C_45	327.7430
pcb_C_46	327.8659
pcb_C_47	328.2558
pcb_C_48	328.0216
pcb_C_49	327.4495
pcb_C_50	327.2462
pcb_C_51	327.1907
pcb_C_52	327.1905
pcb_C_53	327.2456
pcb_C_54	327.4483
pcb_C_55	328.0196
pcb_C_56	327.6306
pcb_C_57	327.0879
pcb_C_58	326.9313
pcb_C_59	326.8908
pcb_C_60	326.8908
pcb_C_61	326.9310
pcb_C_62	327.0873
pcb_C_63	327.6292
solder_C_0	331.5785
solder_C_1	332.7735
solder_C_2	333.1873
solder_C_3	333.3382
solder_C_4	333.3453
solder_C_5	333.1941
solder_C_6	332.7669
solder_C_7	331.5703
solder_C_8	330.8736
solder_C_9	332.1615
solder_C_10	332.7454
solder_C_11	332.9804
solder_C_12	332.9818
solder_C_13	332.7458
solder_C_14	332.1579
solder_C_15	330.8696
solder_C_16	329.5032
solder_C_17	330.1991
solder_C_18	330.6364
solder_C_19	330.8399
solder_C_20	330.8399
solder_C_21	330.6358
solder_C_22	330.1969
solder_C_23	329.5003
solder_C_24	328.8514
solder_C_25	329.0563
solder_C_26	329.2889
solder_C_27	329.4191
solder_C_28	329.4189
solder_C_29	329.2881
solder_C_30	329.0546
solder_C_31	328.8489
solder_C_32	328.4563
solder_C_33	328.3015
solder_C_34	328.3515
solder_C_35	328.4063
solder_C_36	328.4060
solder_C_37	328.3507
solder_C_38	328.3000
solder_C_39	328.4539
solder_C_40	328.1677
solder_C_41	327.7481
solder_C_42	327.6579
solder_C_43	327.6520
solder_C_44	327.6518
solder_C_45	327.6571
solder_C_46	327.7468
solder_C_47	328.1656
solder_C_48	327.9116
solder_C_49	327.3160
solder_C_50	327.1448
solder_C_51	327.1045
solder_C_52	327.1043
solder_C_53	327.1443
solder_C_54	327.3149
solder_C_55	327.9096
solder_C_56	327.5727
solder_C_57	327.0026
solder_C_58	326.8605
solder_C_59	326.8269
solder_C_60	326.8268
solder_C_61	326.8602
solder_C_62	327.0019
solder_C_63	327.5713
sub_C_0	331.7909
sub_C_1	332.9557
sub_C_2	333.3724
sub_C_3	333.5287
sub_C_4	333.5386
sub_C_5	333.3820
sub_C_6	332.9467
sub_C_7	331.7801
sub_C_8	331.1165
sub_C_9	332.3662
sub_C_10	332.9462
sub_C_11	333.1813
sub_C_12	333.1827
sub_C_13	332.9464
sub_C_14	332.3623
sub_C_15	331.1124
sub_C_16	329.4610
sub_C_17	330.1576
sub_C_18	330.5969
sub_C_19	330.8014
sub_C_20	330.8014
sub_C_21	330.5963
sub_C_22	330.1554
sub_C_23	329.4581
sub_C_24	328.7858
sub_C_25	329.0182
sub_C_26	329.2598
sub_C_27	329.3929
sub_C_28	329.3927
sub_C_29	329.2590
sub_C_30	329.0164
sub_C_31	328.7833
sub_C_32	328.3732
sub_C_33	328.2621
sub_C_34	328.3262
sub_C_35	328.3855
sub_C_36	328.3853
sub_C_37	328.3254
sub_C_38	328.2606
sub_C_39	328.3709
sub_C_40	328.0694
sub_C_41	327.7039
sub_C_42	327.6305
sub_C_43	327.6301
sub_C_44	327.6298
sub_C_45	327.6298
sub_C_46	327.7026
sub_C_47	328.0673
sub_C_48	327.7997
sub_C_49	327.2635
sub_C_50	327.1090
sub_C_51	327.0737
sub_C_52	327.0735
sub_C_53	327.1084
sub_C_54	327.2624
sub_C_55	327.7977
sub_C_56	327.4568
sub_C_57	326.9339
sub_C_58	326.8007
sub_C_59	326.7694
sub_C_60	326.7693
sub_C_61	326.8003
sub_C_62	326.9332
sub_C_63	327.4554
layer_3_C_0	333.7236
layer_3_C_1	334.7003
layer_3_C_2	335.1083
layer_3_C_3	335.3035
layer_3_C_4	335.3414
layer_3_C_5	335.1451
layer_3_C_6	334.6686
layer_3_C_7	333.6885
layer_3_C_8	333.3467
layer_3_C_9	334.3768
layer_3_C_10	334.9213
layer_3_C_11	335.1569
layer_3_C_12	335.1579
layer_3_C_13	334.9195
layer_3_C_14	334.3709
layer_3_C_15	333.3432
layer_3_C_16	328.9616
layer_3_C_17	329.7201
layer_3_C_18	330.1801
layer_3_C_19	330.3942
layer_3_C_20	330.3942
layer_3_C_21	330.1794
layer_3_C_22	329.7180
layer_3_C_23	328.9588
layer_3_C_24	328.1475
layer_3_C_25	328.6462
layer_3_C_26	328.9764
layer_3_C_27	329.1380
layer_3_C_28	329.1378
layer_3_C_29	328.9756
layer_3_C_30	328.6446
layer_3_C_31	328.1453
layer_3_C_32	327.6020
layer_3_C_33	327.8812
layer_3_C_34	328.0820
layer_3_C_35	328.1853
layer_3_C_36	328.1851
layer_3_C_37	328.0813
layer_3_C_38	327.8799
layer_3_C_39	327.6001
layer_3_C_40	327.1763
layer_3_C_41	327.2766
layer_3_C_42	327.3667
layer_3_C_43	327.4182
layer_3_C_44	327.4180
layer_3_C_45	327.3660
layer_3_C_46	327.2755
layer_3_C_47	327.1747
layer_3_C_48	326.7971
layer_3_C_49	326.7559
layer_3_C_50	326.7628
layer_3_C_51	326.7760
layer_3_C_52	326.7759
layer_3_C_53	326.7623
layer_3_C_54	326.7549
layer_3_C_55	326.7956
layer_3_C_56	326.3848
layer_3_C_57	326.2578
layer_3_C_58	326.2231
layer_3_C_59	326.2172
layer_3_C_60	326.2171
layer_3_C_61	326.2227
layer_3_C_62	326.2571
layer_3_C_63	326.3837
layer_4_TB_0	333.4922
layer_4_TB_1	334.4687
layer_4_TB_2	334.8807
layer_4_TB_3	335.0759
layer_4_TB_4	335.1115
layer_4_TB_5	334.9152
layer_4_TB_6	334.4389
layer_4_TB_7	333.4589
layer_4_TB_8	333.1184
layer_4_TB_9	334.1480
layer_4_TB_10	334.6922
layer_4_TB_11	334.9279
layer_4_TB_12	334.9289
layer_4_TB_13	334.6906
layer_4_TB_14	334.1423
layer_4_TB_15	333.1148
layer_4_TB_16	328.9602
layer_4_TB_17	329.7190
layer_4_TB_18	330.1789
layer_4_TB_19	330.3931
layer_4_TB_20	330.3931
layer_4_TB_21	330.1782
layer_4_TB_22	329.7169
layer_4_TB_23	328.9574
layer_4_TB_24	328.1467
layer_4_TB_25	328.6458
layer_4_TB_26	328.9761
layer_4_TB_27	329.1377
layer_4_TB_28	329.1375
layer_4_TB_29	328.9753
layer_4_TB_30	328.6442
layer_4_TB_31	328.1445
layer_4_TB_32	327.6011
layer_4_TB_33	327.8808
layer_4_TB_34	328.0818
layer_4_TB_35	328.1851
layer_4_TB_36	328.1849
layer_4_TB_37	328.0810
layer_4_TB_38	327.8795
layer_4_TB_39	327.5993
layer_4_TB_40	327.1754
layer_4_TB_41	327.2762
layer_4_TB_42	327.3664
layer_4_TB_43	327.4180
layer_4_TB_44	327.4178
layer_4_TB_45	327.3657
layer_4_TB_46	327.2750
layer_4_TB_47	327.1737
layer_4_TB_48	326.7961
layer_4_TB_49	326.7553
layer_4_TB_50	326.7625
layer_4_TB_51	326.7757
layer_4_TB_52	326.7755
layer_4_TB_53	326.7619
layer_4_TB_54	326.7544
layer_4_TB_55	326.7946
layer_4_TB_56	326.3837
layer_4_TB_57	326.2570
layer_4_TB_58	326.2224
layer_4_TB_59	326.2166
layer_4_TB_60	326.2164
layer_4_TB_61	326.2220
layer_4_TB_62	326.2563
layer_4_TB_63	326.3825
hsp_TB_0	331.1780
hsp_TB_1	332.1533
hsp_TB_2	332.6044
hsp_TB_3	332.8001
hsp_TB_4	332.8122
hsp_TB_5	332.6159
hsp_TB_6	332.1420
hsp_TB_7	331.1638
hsp_TB_8	330.8346
hsp_TB_9	331.8607
hsp_TB_10	332.4012
hsp_TB_11	332.6378
hsp_TB_12	332.6391
hsp_TB_13	332.4012
hsp_TB_14	331.8566
hsp_TB_15	330.8302
hsp_TB_16	328.9457
hsp_TB_17	329.7075
hsp_TB_18	330.1676
hsp_TB_19	330.3818
hsp_TB_20	330.3819
hsp_TB_21	330.1669
hsp_TB_22	329.7053
hsp_TB_23	328.9430
hsp_TB_24	328.1386
hsp_TB_25	328.6418
hsp_TB_26	328.9729
hsp_TB_27	329.1348
hsp_TB_28	329.1346
hsp_TB_29	328.9721
hsp_TB_30	328.6402
hsp_TB_31	328.1365
hsp_TB_32	327.5925
hsp_TB_33	327.8768
hsp_TB_34	328.0791
hsp_TB_35	328.1829
hsp_TB_36	328.1827
hsp_TB_37	328.0784
hsp_TB_38	327.8755
hsp_TB_39	327.5907
hsp_TB_40	327.1662
hsp_TB_41	327.2717
hsp_TB_42	327.3636
hsp_TB_43	327.4157
hsp_TB_44	327.4155
hsp_TB_45	327.3629
hsp_TB_46	327.2706
hsp_TB_47	327.1645
hsp_TB_48	326.7862
hsp_TB_49	326.7501
hsp_TB_50	326.7589
hsp_TB_51	326.7726
hsp_TB_52	326.7724
hsp_TB_53	326.7583
hsp_TB_54	326.7491
hsp_TB_55	326.7847
hsp_TB_56	326.3723
hsp_TB_57	326.2490
hsp_TB_58	326.2154
hsp_TB_59	326.2098
hsp_TB_60	326.2097
hsp_TB_61	326.2150
hsp_TB_62	326.2483
hsp_TB_63	326.3712
hsink_TB_0	330.2381
hsink_TB_1	331.1798
hsink_TB_2	331.6419
hsink_TB_3	331.8379
hsink_TB_4	331.8419
hsink_TB_5	331.6455
hsink_TB_6	331.1749
hsink_TB_7	330.2310
hsink_TB_8	329.9258
hsink_TB_9	330.9183
hsink_TB_10	331.4560
hsink_TB_11	331.6926
hsink_TB_12	331.6935
hsink_TB_13	331.4561
hsink_TB_14	330.9151
hsink_TB_15	329.9217
hsink_TB_16	328.8756
hsink_TB_17	329.6343
hsink_TB_18	330.0939
hsink_TB_19	330.3080
hsink_TB_20	330.3080
hsink_TB_21	330.0932
hsink_TB_22	329.6322
hsink_TB_23	328.8729
hsink_TB_24	328.1244
hsink_TB_25	328.6287
hsink_TB_26	328.9601
hsink_TB_27	329.1220
hsink_TB_28	329.1218
hsink_TB_29	328.9593
hsink_TB_30	328.6271
hsink_TB_31	328.1223
hsink_TB_32	327.5820
hsink_TB_33	327.8682
hsink_TB_34	328.0710
hsink_TB_35	328.1749
hsink_TB_36	328.1747
hsink_TB_37	328.0702
hsink_TB_38	327.8668
hsink_TB_39	327.5802
hsink_TB_40	327.1559
hsink_TB_41	327.2635
hsink_TB_42	327.3561
hsink_TB_43	327.4084
hsink_TB_44	327.4082
hsink_TB_45	327.3554
hsink_TB_46	327.2624
hsink_TB_47	327.1542
hsink_TB_48	326.7759
hsink_TB_49	326.7419
hsink_TB_50	326.7514
hsink_TB_51	326.7653
hsink_TB_52	326.7651
hsink_TB_53	326.7508
hsink_TB_54	326.7409
hsink_TB_55	326.7745
hsink_TB_56	326.3617
hsink_TB_57	326.2399
hsink_TB_58	326.2068
hsink_TB_59	326.2014
hsink_TB_60	326.2012
hsink_TB_61	326.2064
hsink_TB_62	326.2392
hsink_TB_63	326.3605
inode_0	327.0159
inode_1	327.0133
inode_2	325.3245
inode_3	329.8418
inode_4	326.9991
inode_5	326.9965
inode_6	325.3129
inode_7	329.8129
inode_8	326.2360
inode_9	326.2337
inode_10	324.6952
inode_11	328.8072
inode_12	329.0757
inode_13	329.0725
inode_14	327.0404
inode_15	332.6491
inode_16	329.0746
inode_17	329.0714
inode_18	327.0423
inode_19	332.6393
inode_20	328.6432
inode_21	328.6406
inode_22	326.8222
inode_23	331.6853
inode_24	326.1990
inode_25	326.1971
inode_26	324.8022
inode_27	328.5325
