pcb_LC_0	352.4861
pcb_LC_1	353.5930
pcb_LC_2	353.9845
pcb_LC_3	354.0528
pcb_LC_4	353.9451
pcb_LC_5	353.6739
pcb_LC_6	353.1219
pcb_LC_7	351.9021
pcb_LC_8	352.5419
pcb_LC_9	353.8718
pcb_LC_10	354.3744
pcb_LC_11	354.4658
pcb_LC_12	354.3240
pcb_LC_13	353.9666
pcb_LC_14	353.2614
pcb_LC_15	351.8340
pcb_LC_16	352.5409
pcb_LC_17	353.8696
pcb_LC_18	354.3713
pcb_LC_19	354.4628
pcb_LC_20	354.3219
pcb_LC_21	353.9651
pcb_LC_22	353.2605
pcb_LC_23	351.8334
pcb_LC_24	352.4833
pcb_LC_25	353.5876
pcb_LC_26	353.9773
pcb_LC_27	354.0458
pcb_LC_28	353.9398
pcb_LC_29	353.6700
pcb_LC_30	353.1190
pcb_LC_31	351.9001
solder_LC_0	354.8847
solder_LC_1	355.0767
solder_LC_2	355.1280
solder_LC_3	355.0222
solder_LC_4	354.8495
solder_LC_5	354.6188
solder_LC_6	354.3120
solder_LC_7	353.9453
solder_LC_8	355.1240
solder_LC_9	355.4370
solder_LC_10	355.5195
solder_LC_11	355.3981
solder_LC_12	355.1845
solder_LC_13	354.8889
solder_LC_14	354.4921
solder_LC_15	354.0176
solder_LC_16	355.1220
solder_LC_17	355.4325
solder_LC_18	355.5121
solder_LC_19	355.3916
solder_LC_20	355.1808
solder_LC_21	354.8869
solder_LC_22	354.4913
solder_LC_23	354.0162
solder_LC_24	354.8799
solder_LC_25	355.0670
solder_LC_26	355.1111
solder_LC_27	355.0069
solder_LC_28	354.8409
solder_LC_29	354.6145
solder_LC_30	354.3099
solder_LC_31	353.9430
sub_LC_0	355.2847
sub_LC_1	355.4071
sub_LC_2	355.4334
sub_LC_3	355.2679
sub_LC_4	355.0647
sub_LC_5	354.8170
sub_LC_6	354.4930
sub_LC_7	354.1490
sub_LC_8	355.5219
sub_LC_9	355.7475
sub_LC_10	355.7974
sub_LC_11	355.6200
sub_LC_12	355.3844
sub_LC_13	355.0799
sub_LC_14	354.6747
sub_LC_15	354.2361
sub_LC_16	355.5193
sub_LC_17	355.7416
sub_LC_18	355.7869
sub_LC_19	355.6113
sub_LC_20	355.3802
sub_LC_21	355.0775
sub_LC_22	354.6741
sub_LC_23	354.2330
sub_LC_24	355.2786
sub_LC_25	355.3955
sub_LC_26	355.4078
sub_LC_27	355.2456
sub_LC_28	355.0546
sub_LC_29	354.8132
sub_LC_30	354.4926
sub_LC_31	354.1463
layer_3_LC_0	358.9657
layer_3_LC_1	358.4221
layer_3_LC_2	358.2540
layer_3_LC_3	357.4923
layer_3_LC_4	357.0100
layer_3_LC_5	356.6171
layer_3_LC_6	356.1178
layer_3_LC_7	355.9224
layer_3_LC_8	359.1889
layer_3_LC_9	358.6805
layer_3_LC_10	358.4687
layer_3_LC_11	357.7324
layer_3_LC_12	357.2943
layer_3_LC_13	356.9024
layer_3_LC_14	356.3702
layer_3_LC_15	356.1454
layer_3_LC_16	359.1811
layer_3_LC_17	358.6597
layer_3_LC_18	358.4269
layer_3_LC_19	357.7033
layer_3_LC_20	357.2852
layer_3_LC_21	356.8940
layer_3_LC_22	356.3725
layer_3_LC_23	356.1208
layer_3_LC_24	358.9476
layer_3_LC_25	358.3944
layer_3_LC_26	358.1367
layer_3_LC_27	357.3976
layer_3_LC_28	356.9864
layer_3_LC_29	356.6195
layer_3_LC_30	356.1358
layer_3_LC_31	355.9169
layer_4_TB_0	358.8693
layer_4_TB_1	358.3249
layer_4_TB_2	358.1577
layer_4_TB_3	357.3956
layer_4_TB_4	356.9137
layer_4_TB_5	356.5213
layer_4_TB_6	356.0221
layer_4_TB_7	355.8272
layer_4_TB_8	359.0926
layer_4_TB_9	358.5835
layer_4_TB_10	358.3723
layer_4_TB_11	357.6357
layer_4_TB_12	357.1982
layer_4_TB_13	356.8069
layer_4_TB_14	356.2748
layer_4_TB_15	356.0506
layer_4_TB_16	359.0848
layer_4_TB_17	358.5627
layer_4_TB_18	358.3306
layer_4_TB_19	357.6067
layer_4_TB_20	357.1892
layer_4_TB_21	356.7985
layer_4_TB_22	356.2771
layer_4_TB_23	356.0259
layer_4_TB_24	358.8512
layer_4_TB_25	358.2973
layer_4_TB_26	358.0403
layer_4_TB_27	357.3008
layer_4_TB_28	356.8901
layer_4_TB_29	356.5238
layer_4_TB_30	356.0402
layer_4_TB_31	355.8217
layer_5_B_0	357.9050
layer_5_B_1	357.3527
layer_5_B_2	357.1948
layer_5_B_3	356.4284
layer_5_B_4	355.9509
layer_5_B_5	355.5633
layer_5_B_6	355.0651
layer_5_B_7	354.8751
layer_5_B_8	358.1297
layer_5_B_9	357.6134
layer_5_B_10	357.4092
layer_5_B_11	356.6693
layer_5_B_12	356.2378
layer_5_B_13	355.8522
layer_5_B_14	355.3208
layer_5_B_15	355.1023
layer_5_B_16	358.1220
layer_5_B_17	357.5923
layer_5_B_18	357.3673
layer_5_B_19	356.6406
layer_5_B_20	356.2290
layer_5_B_21	355.8433
layer_5_B_22	355.3233
layer_5_B_23	355.0764
layer_5_B_24	357.8870
layer_5_B_25	357.3260
layer_5_B_26	357.0761
layer_5_B_27	356.3330
layer_5_B_28	355.9276
layer_5_B_29	355.5662
layer_5_B_30	355.0837
layer_5_B_31	354.8699
layer_6_TB_0	357.7540
layer_6_TB_1	357.2066
layer_6_TB_2	357.0508
layer_6_TB_3	356.2879
layer_6_TB_4	355.8124
layer_6_TB_5	355.4258
layer_6_TB_6	354.9279
layer_6_TB_7	354.7353
layer_6_TB_8	357.9791
layer_6_TB_9	357.4681
layer_6_TB_10	357.2665
layer_6_TB_11	356.5301
layer_6_TB_12	356.1005
layer_6_TB_13	355.7155
layer_6_TB_14	355.1841
layer_6_TB_15	354.9626
layer_6_TB_16	357.9715
layer_6_TB_17	357.4469
layer_6_TB_18	357.2250
layer_6_TB_19	356.5015
layer_6_TB_20	356.0915
layer_6_TB_21	355.7065
layer_6_TB_22	355.1866
layer_6_TB_23	354.9369
layer_6_TB_24	357.7365
layer_6_TB_25	357.1799
layer_6_TB_26	356.9329
layer_6_TB_27	356.1931
layer_6_TB_28	355.7895
layer_6_TB_29	355.4286
layer_6_TB_30	354.9462
layer_6_TB_31	354.7301
layer_7_B_32	356.2437
layer_7_B_33	355.7458
layer_7_B_34	355.6112
layer_7_B_35	354.8823
layer_7_B_36	354.4282
layer_7_B_37	354.0498
layer_7_B_38	353.5553
layer_7_B_39	353.3372
layer_7_B_40	356.4736
layer_7_B_41	356.0147
layer_7_B_42	355.8397
layer_7_B_43	355.1375
layer_7_B_44	354.7271
layer_7_B_45	354.3480
layer_7_B_46	353.8169
layer_7_B_47	353.5654
layer_7_B_48	356.4661
layer_7_B_49	355.9928
layer_7_B_50	355.8015
layer_7_B_51	355.1095
layer_7_B_52	354.7169
layer_7_B_53	354.3379
layer_7_B_54	353.8198
layer_7_B_55	353.5424
layer_7_B_56	356.2315
layer_7_B_57	355.7191
layer_7_B_58	355.5010
layer_7_B_59	354.7946
layer_7_B_60	354.4077
layer_7_B_61	354.0533
layer_7_B_62	353.5712
layer_7_B_63	353.3323
layer_8_TB_0	356.0389
layer_8_TB_1	355.5514
layer_8_TB_2	355.4213
layer_8_TB_3	354.6995
layer_8_TB_4	354.2486
layer_8_TB_5	353.8713
layer_8_TB_6	353.3771
layer_8_TB_7	353.1534
layer_8_TB_8	356.2695
layer_8_TB_9	355.8213
layer_8_TB_10	355.6514
layer_8_TB_11	354.9563
layer_8_TB_12	354.5491
layer_8_TB_13	354.1705
layer_8_TB_14	353.6396
layer_8_TB_15	353.3818
layer_8_TB_16	356.2621
layer_8_TB_17	355.7996
layer_8_TB_18	355.6139
layer_8_TB_19	354.9286
layer_8_TB_20	354.5388
layer_8_TB_21	354.1606
layer_8_TB_22	353.6423
layer_8_TB_23	353.3592
layer_8_TB_24	356.0271
layer_8_TB_25	355.5248
layer_8_TB_26	355.3119
layer_8_TB_27	354.6122
layer_8_TB_28	354.2282
layer_8_TB_29	353.8747
layer_8_TB_30	353.3928
layer_8_TB_31	353.1484
layer_9_B_64	353.9914
layer_9_B_65	353.6078
layer_9_B_66	353.5222
layer_9_B_67	352.8711
layer_9_B_68	352.4533
layer_9_B_69	352.0860
layer_9_B_70	351.5943
layer_9_B_71	351.3159
layer_9_B_72	354.2285
layer_9_B_73	353.8870
layer_9_B_74	353.7683
layer_9_B_75	353.1448
layer_9_B_76	352.7682
layer_9_B_77	352.3954
layer_9_B_78	351.8665
layer_9_B_79	351.5458
layer_9_B_80	354.2213
layer_9_B_81	353.8676
layer_9_B_82	353.7375
layer_9_B_83	353.1197
layer_9_B_84	352.7585
layer_9_B_85	352.3874
layer_9_B_86	351.8680
layer_9_B_87	351.5264
layer_9_B_88	353.9833
layer_9_B_89	353.5820
layer_9_B_90	353.4209
layer_9_B_91	352.7885
layer_9_B_92	352.4341
layer_9_B_93	352.0885
layer_9_B_94	351.6080
layer_9_B_95	351.3097
layer_10_TB_0	353.7435
layer_10_TB_1	353.3708
layer_10_TB_2	353.2901
layer_10_TB_3	352.6467
layer_10_TB_4	352.2324
layer_10_TB_5	351.8664
layer_10_TB_6	351.3746
layer_10_TB_7	351.0915
layer_10_TB_8	353.9818
layer_10_TB_9	353.6513
layer_10_TB_10	353.5384
layer_10_TB_11	352.9225
layer_10_TB_12	352.5491
layer_10_TB_13	352.1772
layer_10_TB_14	351.6481
layer_10_TB_15	351.3221
layer_10_TB_16	353.9746
layer_10_TB_17	353.6323
layer_10_TB_18	353.5081
layer_10_TB_19	352.8977
layer_10_TB_20	352.5394
layer_10_TB_21	352.1693
layer_10_TB_22	351.6495
layer_10_TB_23	351.3027
layer_10_TB_24	353.7356
layer_10_TB_25	353.3452
layer_10_TB_26	353.1897
layer_10_TB_27	352.5647
layer_10_TB_28	352.2133
layer_10_TB_29	351.8688
layer_10_TB_30	351.3881
layer_10_TB_31	351.0852
layer_11_B_96	351.2641
layer_11_B_97	351.0009
layer_11_B_98	350.9698
layer_11_B_99	350.4030
layer_11_B_100	350.0230
layer_11_B_101	349.6701
layer_11_B_102	349.1771
layer_11_B_103	348.8471
layer_11_B_104	351.5141
layer_11_B_105	351.2945
layer_11_B_106	351.2391
layer_11_B_107	350.6999
layer_11_B_108	350.3580
layer_11_B_109	349.9949
layer_11_B_110	349.4646
layer_11_B_111	349.0847
layer_11_B_112	351.5072
layer_11_B_113	351.2791
layer_11_B_114	351.2140
layer_11_B_115	350.6779
layer_11_B_116	350.3488
layer_11_B_117	349.9884
layer_11_B_118	349.4650
layer_11_B_119	349.0660
layer_11_B_120	351.2583
layer_11_B_121	350.9767
layer_11_B_122	350.8781
layer_11_B_123	350.3267
layer_11_B_124	350.0054
layer_11_B_125	349.6720
layer_11_B_126	349.1889
layer_11_B_127	348.8397
layer_12_TB_0	350.9795
layer_12_TB_1	350.7270
layer_12_TB_2	350.7015
layer_12_TB_3	350.1420
layer_12_TB_4	349.7657
layer_12_TB_5	349.4144
layer_12_TB_6	348.9213
layer_12_TB_7	348.5867
layer_12_TB_8	351.2312
layer_12_TB_9	351.0224
layer_12_TB_10	350.9733
layer_12_TB_11	350.4415
layer_12_TB_12	350.1030
layer_12_TB_13	349.7412
layer_12_TB_14	349.2107
layer_12_TB_15	348.8253
layer_12_TB_16	351.2242
layer_12_TB_17	351.0073
layer_12_TB_18	350.9488
layer_12_TB_19	350.4198
layer_12_TB_20	350.0939
layer_12_TB_21	349.7348
layer_12_TB_22	349.2109
layer_12_TB_23	348.8066
layer_12_TB_24	350.9741
layer_12_TB_25	350.7030
layer_12_TB_26	350.6106
layer_12_TB_27	350.0662
layer_12_TB_28	349.7483
layer_12_TB_29	349.4163
layer_12_TB_30	348.9329
layer_12_TB_31	348.5791
layer_13_B_128	348.1342
layer_13_B_129	347.9876
layer_13_B_130	348.0190
layer_13_B_131	347.5319
layer_13_B_132	347.1925
layer_13_B_133	346.8575
layer_13_B_134	346.3630
layer_13_B_135	345.9819
layer_13_B_136	348.4013
layer_13_B_137	348.3015
layer_13_B_138	348.3154
layer_13_B_139	347.8570
layer_13_B_140	347.5539
layer_13_B_141	347.2037
layer_13_B_142	346.6711
layer_13_B_143	346.2313
layer_13_B_144	348.3943
layer_13_B_145	348.2897
layer_13_B_146	348.2965
layer_13_B_147	347.8384
layer_13_B_148	347.5452
layer_13_B_149	347.1983
layer_13_B_150	346.6703
layer_13_B_151	346.2124
layer_13_B_152	348.1312
layer_13_B_153	347.9656
layer_13_B_154	347.9355
layer_13_B_155	347.4611
layer_13_B_156	347.1769
layer_13_B_157	346.8590
layer_13_B_158	346.3733
layer_13_B_159	345.9734
layer_14_TB_0	347.7994
layer_14_TB_1	347.6690
layer_14_TB_2	347.7072
layer_14_TB_3	347.2311
layer_14_TB_4	346.8971
layer_14_TB_5	346.5641
layer_14_TB_6	346.0696
layer_14_TB_7	345.6801
layer_14_TB_8	348.0679
layer_14_TB_9	347.9852
layer_14_TB_10	348.0076
layer_14_TB_11	347.5601
layer_14_TB_12	347.2615
layer_14_TB_13	346.9125
layer_14_TB_14	346.3797
layer_14_TB_15	345.9309
layer_14_TB_16	348.0611
layer_14_TB_17	347.9738
layer_14_TB_18	347.9894
layer_14_TB_19	347.5418
layer_14_TB_20	347.2531
layer_14_TB_21	346.9074
layer_14_TB_22	346.3788
layer_14_TB_23	345.9123
layer_14_TB_24	347.7963
layer_14_TB_25	347.6473
layer_14_TB_26	347.6256
layer_14_TB_27	347.1616
layer_14_TB_28	346.8818
layer_14_TB_29	346.5654
layer_14_TB_30	346.0797
layer_14_TB_31	345.6720
layer_15_B_160	344.4514
layer_15_B_161	344.4827
layer_15_B_162	344.5892
layer_15_B_163	344.2228
layer_15_B_164	343.9434
layer_15_B_165	343.6295
layer_15_B_166	343.1355
layer_15_B_167	342.6617
layer_15_B_168	344.7341
layer_15_B_169	344.8229
layer_15_B_170	344.9302
layer_15_B_171	344.5907
layer_15_B_172	344.3378
layer_15_B_173	344.0013
layer_15_B_174	343.4659
layer_15_B_175	342.9270
layer_15_B_176	344.7289
layer_15_B_177	344.8147
layer_15_B_178	344.9181
layer_15_B_179	344.5759
layer_15_B_180	344.3315
layer_15_B_181	343.9986
layer_15_B_182	343.4639
layer_15_B_183	342.9107
layer_15_B_184	344.4476
layer_15_B_185	344.4651
layer_15_B_186	344.5261
layer_15_B_187	344.1661
layer_15_B_188	343.9302
layer_15_B_189	343.6289
layer_15_B_190	343.1429
layer_15_B_191	342.6577
layer_16_TB_0	344.0674
layer_16_TB_1	344.1212
layer_16_TB_2	344.2363
layer_16_TB_3	343.8843
layer_16_TB_4	343.6113
layer_16_TB_5	343.2994
layer_16_TB_6	342.8057
layer_16_TB_7	342.3203
layer_16_TB_8	344.3520
layer_16_TB_9	344.4643
layer_16_TB_10	344.5821
layer_16_TB_11	344.2567
layer_16_TB_12	344.0095
layer_16_TB_13	343.6744
layer_16_TB_14	343.1386
layer_16_TB_15	342.5869
layer_16_TB_16	344.3469
layer_16_TB_17	344.4564
layer_16_TB_18	344.5702
layer_16_TB_19	344.2423
layer_16_TB_20	344.0034
layer_16_TB_21	343.6718
layer_16_TB_22	343.1366
layer_16_TB_23	342.5712
layer_16_TB_24	344.0636
layer_16_TB_25	344.1040
layer_16_TB_26	344.1749
layer_16_TB_27	343.8292
layer_16_TB_28	343.5986
layer_16_TB_29	343.2987
layer_16_TB_30	342.8128
layer_16_TB_31	342.3165
layer_17_B_192	340.2276
layer_17_B_193	340.5056
layer_17_B_194	340.7071
layer_17_B_195	340.4989
layer_17_B_196	340.2909
layer_17_B_197	339.9976
layer_17_B_198	339.5068
layer_17_B_199	338.9065
layer_17_B_200	340.5302
layer_17_B_201	340.8782
layer_17_B_202	341.1015
layer_17_B_203	340.9173
layer_17_B_204	340.7273
layer_17_B_205	340.4051
layer_17_B_206	339.8652
layer_17_B_207	339.1862
layer_17_B_208	340.5265
layer_17_B_209	340.8735
layer_17_B_210	341.0911
layer_17_B_211	340.9066
layer_17_B_212	340.7216
layer_17_B_213	340.4032
layer_17_B_214	339.8638
layer_17_B_215	339.1756
layer_17_B_216	340.2232
layer_17_B_217	340.4926
layer_17_B_218	340.6634
layer_17_B_219	340.4595
layer_17_B_220	340.2824
layer_17_B_221	339.9969
layer_17_B_222	339.5115
layer_17_B_223	338.9035
layer_18_TB_0	339.8057
layer_18_TB_1	340.1073
layer_18_TB_2	340.3175
layer_18_TB_3	340.1242
layer_18_TB_4	339.9228
layer_18_TB_5	339.6314
layer_18_TB_6	339.1408
layer_18_TB_7	338.5294
layer_18_TB_8	340.1104
layer_18_TB_9	340.4837
layer_18_TB_10	340.7173
layer_18_TB_11	340.5480
layer_18_TB_12	340.3634
layer_18_TB_13	340.0428
layer_18_TB_14	339.5023
layer_18_TB_15	338.8108
layer_18_TB_16	340.1069
layer_18_TB_17	340.4791
layer_18_TB_18	340.7073
layer_18_TB_19	340.5377
layer_18_TB_20	340.3579
layer_18_TB_21	340.0410
layer_18_TB_22	339.5010
layer_18_TB_23	338.8006
layer_18_TB_24	339.8015
layer_18_TB_25	340.0948
layer_18_TB_26	340.2755
layer_18_TB_27	340.0864
layer_18_TB_28	339.9145
layer_18_TB_29	339.6306
layer_18_TB_30	339.1453
layer_18_TB_31	338.5265
layer_19_B_224	335.5872
layer_19_B_225	336.1246
layer_19_B_226	336.4216
layer_19_B_227	336.3777
layer_19_B_228	336.2408
layer_19_B_229	335.9688
layer_19_B_230	335.4811
layer_19_B_231	334.7586
layer_19_B_232	335.9121
layer_19_B_233	336.5381
layer_19_B_234	336.8754
layer_19_B_235	336.8552
layer_19_B_236	336.7247
layer_19_B_237	336.4205
layer_19_B_238	335.8736
layer_19_B_239	335.0568
layer_19_B_240	335.9099
layer_19_B_241	336.5351
layer_19_B_242	336.8690
layer_19_B_243	336.8487
layer_19_B_244	336.7212
layer_19_B_245	336.4193
layer_19_B_246	335.8728
layer_19_B_247	335.0511
layer_19_B_248	335.5843
layer_19_B_249	336.1165
layer_19_B_250	336.3966
layer_19_B_251	336.3551
layer_19_B_252	336.2352
layer_19_B_253	335.9680
layer_19_B_254	335.4833
layer_19_B_255	334.7567
layer_20_TB_0	335.1346
layer_20_TB_1	335.6960
layer_20_TB_2	336.0016
layer_20_TB_3	335.9724
layer_20_TB_4	335.8421
layer_20_TB_5	335.5722
layer_20_TB_6	335.0850
layer_20_TB_7	334.3509
layer_20_TB_8	335.4619
layer_20_TB_9	336.1138
layer_20_TB_10	336.4614
layer_20_TB_11	336.4560
layer_20_TB_12	336.3309
layer_20_TB_13	336.0286
layer_20_TB_14	335.4812
layer_20_TB_15	334.6512
layer_20_TB_16	335.4599
layer_20_TB_17	336.1109
layer_20_TB_18	336.4554
layer_20_TB_19	336.4498
layer_20_TB_20	336.3277
layer_20_TB_21	336.0274
layer_20_TB_22	335.4804
layer_20_TB_23	334.6459
layer_20_TB_24	335.1318
layer_20_TB_25	335.6884
layer_20_TB_26	335.9783
layer_20_TB_27	335.9513
layer_20_TB_28	335.8368
layer_20_TB_29	335.5714
layer_20_TB_30	335.0871
layer_20_TB_31	334.3491
hsp_TB_0	330.6088
hsp_TB_1	331.4099
hsp_TB_2	331.8016
hsp_TB_3	331.9196
hsp_TB_4	331.8547
hsp_TB_5	331.6063
hsp_TB_6	331.1245
hsp_TB_7	330.2746
hsp_TB_8	330.9600
hsp_TB_9	331.8708
hsp_TB_10	332.3217
hsp_TB_11	332.4635
hsp_TB_12	332.3938
hsp_TB_13	332.1093
hsp_TB_14	331.5574
hsp_TB_15	330.5950
hsp_TB_16	330.9593
hsp_TB_17	331.8695
hsp_TB_18	332.3194
hsp_TB_19	332.4613
hsp_TB_20	332.3926
hsp_TB_21	332.1088
hsp_TB_22	331.5572
hsp_TB_23	330.5941
hsp_TB_24	330.6073
hsp_TB_25	331.4068
hsp_TB_26	331.7951
hsp_TB_27	331.9135
hsp_TB_28	331.8521
hsp_TB_29	331.6054
hsp_TB_30	331.1244
hsp_TB_31	330.2738
hsink_TB_0	328.9687
hsink_TB_1	329.6901
hsink_TB_2	330.0986
hsink_TB_3	330.2627
hsink_TB_4	330.2251
hsink_TB_5	329.9913
hsink_TB_6	329.5323
hsink_TB_7	328.7879
hsink_TB_8	329.2336
hsink_TB_9	330.0595
hsink_TB_10	330.5309
hsink_TB_11	330.7213
hsink_TB_12	330.6785
hsink_TB_13	330.4084
hsink_TB_14	329.8795
hsink_TB_15	329.0296
hsink_TB_16	329.2333
hsink_TB_17	330.0590
hsink_TB_18	330.5301
hsink_TB_19	330.7206
hsink_TB_20	330.6780
hsink_TB_21	330.4081
hsink_TB_22	329.8793
hsink_TB_23	329.0294
hsink_TB_24	328.9680
hsink_TB_25	329.6889
hsink_TB_26	330.0968
hsink_TB_27	330.2610
hsink_TB_28	330.2240
hsink_TB_29	329.9906
hsink_TB_30	329.5319
hsink_TB_31	328.7875
inode_0	326.7986
inode_1	326.6332
inode_2	327.2614
inode_3	327.2625
inode_4	326.7588
inode_5	326.5953
inode_6	327.2302
inode_7	327.2312
inode_8	325.5508
inode_9	325.4103
inode_10	325.7909
inode_11	325.7918
inode_12	354.7356
inode_13	353.7241
inode_14	353.7132
inode_15	353.7210
inode_16	354.7073
inode_17	353.7043
inode_18	353.7071
inode_19	353.7149
inode_20	350.6343
inode_21	349.9734
inode_22	352.6437
inode_23	352.6505
inode_24	339.8215
inode_25	339.3806
inode_26	339.7956
inode_27	339.7999
