C_0	C_1	C_2	C_3	C_4	C_5	C_6	C_7	C_8	C_9	C_10	C_11	C_12	C_13	C_14	C_15	C_16	C_17	C_18	C_19	C_20	C_21	C_22	C_23	C_24	C_25	C_26	C_27	C_28	C_29	C_30	C_31	
68.32	69.22	69.22	68.37	69.16	70.50	70.50	69.13	69.13	70.48	70.48	69.15	68.42	69.29	69.30	68.37	66.38	67.26	67.24	66.42	67.16	68.43	68.38	67.09	67.13	68.43	68.39	67.09	66.36	67.17	67.14	66.29
68.37	69.27	69.26	68.46	69.16	70.42	70.41	69.08	69.08	70.38	70.38	69.15	68.55	69.40	69.39	68.45	66.19	67.11	67.10	66.28	66.87	68.07	68.05	66.79	66.80	68.07	68.05	66.82	66.16	66.94	66.92	66.05
68.39	69.29	69.04	68.28	68.90	70.09	70.33	69.04	69.02	70.29	70.29	69.13	68.63	69.46	69.46	68.50	66.10	67.04	67.04	66.23	66.70	67.84	67.83	66.61	66.60	67.83	67.82	66.66	66.06	66.80	66.79	65.92
68.17	69.06	69.27	68.54	69.11	70.24	70.01	68.76	68.98	70.21	70.21	69.11	68.70	69.51	69.50	68.53	66.05	66.99	66.99	66.20	66.60	67.68	67.67	66.48	66.45	67.66	67.65	66.54	65.99	66.71	66.69	65.83
68.39	69.29	69.29	68.59	68.88	69.95	70.17	68.95	68.94	70.15	70.15	69.10	68.74	69.54	69.53	68.55	66.01	66.96	66.97	66.19	66.52	67.56	67.54	66.38	66.35	67.52	67.52	66.45	65.95	66.64	66.62	65.76
68.18	69.07	69.31	68.63	68.85	69.88	70.14	68.94	68.91	70.09	70.10	69.10	68.79	69.57	69.55	68.57	65.99	66.94	66.95	66.18	66.47	67.46	67.45	66.31	66.26	67.41	67.42	66.39	65.92	66.58	66.57	65.72
68.40	69.29	69.32	68.67	68.84	69.83	70.10	68.92	68.88	70.04	70.05	69.09	68.82	69.59	69.57	68.59	65.98	66.93	66.94	66.19	66.44	67.38	67.37	66.26	66.20	67.32	67.33	66.34	65.90	66.55	66.53	65.68
68.42	69.31	69.33	68.70	69.07	70.03	70.07	68.91	68.86	70.00	70.01	69.09	68.86	69.61	69.59	68.60	65.97	66.93	66.94	66.20	66.41	67.32	67.31	66.21	66.15	67.25	67.26	66.31	65.90	66.52	66.50	65.66
68.20	69.09	69.34	68.73	68.86	69.78	70.04	68.89	68.84	69.96	69.98	69.09	68.89	69.63	69.61	68.62	65.97	66.92	66.94	66.21	66.40	67.27	67.25	66.18	66.10	67.19	67.20	66.28	65.89	66.49	66.47	65.64
68.42	69.30	69.10	68.51	69.08	69.98	69.76	68.63	68.58	69.68	69.70	68.85	68.68	69.40	69.37	68.39	65.96	66.92	66.94	66.23	66.38	67.22	67.20	66.14	66.07	67.13	67.14	66.25	65.89	66.47	66.45	65.62
68.44	69.32	69.33	68.75	69.10	69.98	69.95	68.84	68.78	69.87	69.90	69.08	68.92	69.63	69.60	68.61	65.96	66.92	66.94	66.24	66.37	67.18	67.16	66.12	66.03	67.08	67.10	66.24	65.89	66.46	66.43	65.61
68.45	69.33	69.35	68.79	69.12	69.96	69.93	68.83	68.77	69.86	69.88	69.09	68.96	69.65	69.38	68.39	65.96	66.91	66.94	66.26	66.37	67.15	67.12	66.09	66.00	67.03	67.05	66.22	65.90	66.44	66.42	65.60
68.46	69.34	69.36	68.82	69.13	69.94	69.91	68.82	68.77	69.84	69.87	69.11	68.75	69.42	69.36	68.38	65.96	66.91	66.94	66.27	66.36	67.11	67.08	66.07	65.97	66.99	67.01	66.21	65.90	66.43	66.40	65.59
68.23	69.10	69.12	68.60	68.89	69.68	69.64	68.57	68.52	69.57	69.60	68.87	68.75	69.41	69.60	68.61	65.96	66.91	66.94	66.28	66.36	67.08	67.05	66.05	65.95	66.95	66.97	66.19	65.91	66.42	66.39	65.58
68.44	69.32	69.34	68.83	69.11	69.88	69.84	68.77	68.72	69.77	69.80	69.10	69.00	69.65	69.62	68.64	65.96	66.90	66.94	66.30	66.36	67.06	67.02	66.03	65.92	66.91	66.94	66.18	65.91	66.41	66.37	65.57
68.42	69.24	69.26	68.75	69.04	69.80	69.74	68.69	68.62	69.65	69.66	69.01	68.92	69.55	69.49	68.59	65.95	66.90	66.94	66.31	66.36	67.03	67.00	66.02	65.90	66.88	66.90	66.17	65.91	66.40	66.36	65.56
68.43	69.23	69.25	68.76	69.04	69.78	69.71	68.68	68.60	69.62	69.39	68.77	68.69	69.30	69.48	68.60	65.95	66.89	66.93	66.32	66.36	67.01	66.97	66.00	65.88	66.84	66.87	66.17	65.92	66.39	66.34	65.55
68.43	69.23	69.25	68.78	69.05	69.76	69.69	68.66	68.59	69.60	69.34	68.74	68.68	69.28	69.48	68.60	65.95	66.89	66.93	66.33	66.36	66.99	66.94	65.99	65.86	66.81	66.84	66.16	65.92	66.38	66.33	65.54
68.19	68.98	69.01	68.55	68.81	69.49	69.42	68.41	68.34	69.33	69.54	68.97	68.91	69.50	69.23	68.36	65.94	66.88	66.92	66.34	66.36	66.97	66.92	65.97	65.84	66.78	66.81	66.15	65.93	66.37	66.32	65.53
68.40	69.19	69.22	68.77	69.02	69.69	69.61	68.61	68.54	69.53	69.55	69.00	68.95	69.53	69.44	68.57	65.94	66.87	66.92	66.35	66.36	66.95	66.90	65.96	65.82	66.75	66.79	66.14	65.93	66.36	66.30	65.52
68.34	69.14	69.33	68.83	69.03	69.64	69.71	68.63	68.51	69.49	69.68	69.04	69.01	69.57	69.58	68.54	65.93	66.86	66.91	66.36	66.37	66.93	66.88	65.94	65.80	66.72	66.76	66.14	65.93	66.35	66.29	65.51
68.34	69.14	69.11	68.61	68.80	69.38	69.70	68.63	68.50	69.48	69.69	69.05	69.04	69.58	69.59	68.54	65.93	66.85	66.91	66.37	66.37	66.91	66.86	65.93	65.78	66.69	66.73	66.13	65.94	66.34	66.28	65.50
68.10	68.90	69.33	68.84	69.01	69.58	69.70	68.62	68.50	69.46	69.69	69.07	69.06	69.59	69.60	68.54	65.92	66.84	66.90	66.37	66.37	66.90	66.84	65.92	65.76	66.66	66.71	66.13	65.94	66.33	66.26	65.49
68.31	69.21	69.27	68.86	68.97	69.58	69.57	68.58	68.57	69.54	69.57	69.04	69.06	69.59	69.48	68.51	65.92	66.83	66.90	66.38	66.38	66.88	66.82	65.91	65.74	66.63	66.68	66.12	65.94	66.32	66.25	65.48
68.09	68.99	69.27	68.88	68.73	69.33	69.54	68.57	68.57	69.54	69.55	69.05	69.08	69.59	69.46	68.51	65.91	66.82	66.89	66.39	66.38	66.87	66.80	65.89	65.72	66.61	66.66	66.11	65.94	66.31	66.24	65.48
68.07	68.97	69.27	68.90	68.71	69.29	69.52	68.56	68.57	69.53	69.54	69.05	69.09	69.59	69.45	68.50	65.90	66.81	66.88	66.40	66.38	66.86	66.78	65.88	65.71	66.58	66.64	66.11	65.94	66.30	66.22	65.47
68.29	69.20	69.02	68.67	68.94	69.51	69.25	68.31	68.33	69.28	69.28	68.82	68.85	69.34	69.20	68.26	65.90	66.80	66.87	66.40	66.39	66.84	66.76	65.87	65.69	66.56	66.62	66.10	65.95	66.29	66.21	65.46
68.31	69.22	69.24	68.90	68.96	69.52	69.45	68.51	68.53	69.48	69.48	69.04	69.08	69.55	69.40	68.46	65.89	66.79	66.87	66.41	66.39	66.83	66.75	65.86	65.67	66.53	66.60	66.10	65.95	66.28	66.20	65.45
68.34	69.15	69.23	68.97	69.01	69.52	69.47	68.51	68.41	69.36	69.47	69.05	69.06	69.52	69.45	68.49	65.88	66.78	66.86	66.41	66.39	66.82	66.73	65.85	65.66	66.51	66.58	66.09	65.95	66.27	66.18	65.44
68.35	69.14	69.23	69.00	69.02	69.51	69.46	68.50	68.16	69.09	69.23	68.83	69.07	69.52	69.46	68.49	65.87	66.76	66.85	66.41	66.39	66.81	66.72	65.84	65.64	66.48	66.56	66.09	65.95	66.26	66.17	65.43
68.35	69.14	69.23	69.01	69.03	69.51	69.45	68.50	68.35	69.29	69.43	69.04	68.84	69.27	69.45	68.49	65.86	66.75	66.84	66.42	66.40	66.79	66.70	65.83	65.63	66.46	66.54	66.09	65.95	66.25	66.16	65.42
68.11	68.89	68.99	68.79	68.80	69.25	69.19	68.25	68.12	69.05	69.20	68.83	68.82	69.24	69.20	68.25	65.85	66.74	66.83	66.42	66.40	66.78	66.69	65.82	65.61	66.44	66.52	66.08	65.95	66.24	66.15	65.41
68.32	69.10	69.20	69.01	69.01	69.46	69.40	68.45	68.32	69.25	69.41	69.05	69.05	69.46	69.41	68.45	65.84	66.72	66.82	66.42	66.40	66.77	66.67	65.81	65.60	66.42	66.50	66.08	65.95	66.23	66.13	65.40
68.27	69.11	69.39	69.04	69.17	69.50	69.39	68.62	68.43	69.32	69.49	69.13	69.17	69.57	69.43	68.58	65.84	66.71	66.81	66.43	66.40	66.76	66.66	65.80	65.58	66.40	66.48	66.07	65.95	66.22	66.12	65.39
68.27	69.11	69.17	68.82	68.96	69.26	69.38	68.64	68.45	69.32	69.50	69.15	69.19	69.58	69.44	68.60	65.83	66.70	66.81	66.43	66.41	66.75	66.64	65.79	65.57	66.38	66.46	66.07	65.95	66.21	66.11	65.38
68.03	68.87	69.39	69.04	69.18	69.47	69.38	68.65	68.45	69.32	69.50	69.17	69.21	69.59	69.43	68.61	65.82	66.69	66.80	66.44	66.41	66.74	66.63	65.78	65.55	66.36	66.45	66.07	65.95	66.20	66.10	65.37
67.99	68.83	69.42	69.07	69.21	69.48	69.37	68.65	68.45	69.31	69.50	69.18	69.23	69.59	69.43	68.61	65.81	66.68	66.79	66.44	66.41	66.73	66.62	65.77	65.54	66.34	66.43	66.06	65.95	66.19	66.08	65.37
67.98	68.81	69.19	68.85	69.23	69.49	69.36	68.65	68.44	69.31	69.50	69.19	69.24	69.59	69.42	68.61	65.80	66.66	66.78	66.44	66.42	66.73	66.61	65.76	65.53	66.32	66.42	66.06	65.95	66.18	66.07	65.36
68.20	69.04	69.41	69.07	69.00	69.24	69.11	68.41	68.20	69.06	69.26	68.96	69.01	69.35	69.17	68.37	65.79	66.65	66.77	66.44	66.42	66.72	66.59	65.75	65.51	66.30	66.40	66.05	65.95	66.17	66.06	65.35
68.22	69.06	69.43	69.10	69.22	69.45	69.31	68.61	68.41	69.26	69.47	69.18	69.23	69.56	69.38	68.57	65.79	66.64	66.77	66.45	66.42	66.71	66.58	65.74	65.50	66.28	66.39	66.05	65.95	66.17	66.05	65.34
68.28	69.08	69.45	69.06	69.26	69.44	69.34	68.47	68.40	69.31	69.61	69.28	69.33	69.63	69.40	68.50	65.78	66.63	66.76	66.45	66.42	66.70	66.57	65.74	65.49	66.26	66.37	66.05	65.95	66.16	66.04	65.33
68.29	69.08	69.45	69.06	69.28	69.44	69.34	68.44	68.17	69.07	69.63	69.31	69.11	69.40	69.40	68.48	65.77	66.61	66.75	66.45	66.43	66.69	66.56	65.73	65.47	66.25	66.36	66.04	65.95	66.15	66.03	65.32
68.30	69.09	69.46	69.07	69.29	69.43	69.34	68.43	68.37	69.28	69.39	69.08	69.34	69.62	69.15	68.24	65.76	66.60	66.74	66.45	66.43	66.68	66.54	65.72	65.46	66.23	66.34	66.04	65.95	66.14	66.01	65.31
68.30	69.09	69.46	69.07	69.30	69.43	69.33	68.42	68.15	69.05	69.61	69.30	69.36	69.64	69.36	68.44	65.75	66.59	66.73	66.45	66.43	66.68	66.53	65.71	65.45	66.21	66.33	66.04	65.95	66.13	66.00	65.30
68.30	69.09	69.46	69.08	69.31	69.43	69.33	68.41	68.35	69.26	69.63	69.33	69.38	69.64	69.37	68.44	65.74	66.58	66.73	66.46	66.43	66.67	66.52	65.70	65.43	66.19	66.31	66.03	65.95	66.13	65.99	65.30
68.29	69.08	69.47	69.09	69.31	69.42	69.32	68.40	68.13	69.04	69.64	69.34	69.15	69.40	69.37	68.44	65.73	66.57	66.72	66.46	66.43	66.66	66.51	65.69	65.42	66.18	66.30	66.03	65.95	66.12	65.98	65.29
68.29	69.08	69.47	69.10	69.32	69.42	69.31	68.39	68.34	69.25	69.39	69.11	69.37	69.61	69.12	68.20	65.72	66.55	66.71	66.46	66.44	66.66	66.50	65.68	65.41	66.16	66.29	66.03	65.95	66.11	65.97	65.28
68.05	68.83	69.22	68.86	69.08	69.17	69.05	68.14	68.11	69.01	69.61	69.33	69.15	69.38	69.08	68.17	65.71	66.54	66.70	66.46	66.44	66.65	66.49	65.67	65.40	66.15	66.28	66.02	65.95	66.10	65.96	65.27
68.25	69.04	69.43	69.08	69.30	69.37	69.26	68.34	68.32	69.22	69.62	69.35	69.37	69.59	69.30	68.38	65.70	66.53	66.70	66.46	66.44	66.64	66.47	65.66	65.39	66.13	66.26	66.02	65.94	66.09	65.95	65.26
68.37	69.07	69.30	69.12	69.20	69.40	69.39	68.35	68.36	69.25	69.46	69.24	69.28	69.51	69.23	68.31	65.69	66.52	66.69	66.46	66.44	66.63	66.46	65.65	65.38	66.12	66.25	66.02	65.94	66.09	65.94	65.25
68.38	69.07	69.04	68.89	68.95	69.16	69.40	68.34	68.36	69.25	69.44	69.23	69.28	69.50	69.22	68.30	65.68	66.51	66.68	66.46	66.44	66.63	66.45	65.64	65.36	66.10	66.24	66.01	65.94	66.08	65.93	65.24
68.15	68.83	69.25	69.11	69.16	69.37	69.40	68.34	68.36	69.25	69.43	69.23	69.28	69.49	69.21	68.29	65.68	66.50	66.67	66.46	66.44	66.62	66.44	65.64	65.35	66.09	66.23	66.01	65.94	66.07	65.92	65.24
68.27	69.02	69.40	69.13	69.36	69.47	69.25	68.40	68.27	69.19	69.50	69.37	69.25	69.44	69.33	68.52	65.67	66.49	66.66	66.46	66.44	66.61	66.43	65.63	65.34	66.07	66.22	66.01	65.94	66.06	65.91	65.23
68.27	69.03	69.17	68.90	69.15	69.24	69.23	68.41	68.26	69.18	69.51	69.39	69.25	69.43	69.34	68.55	65.66	66.48	66.66	66.46	66.44	66.60	66.42	65.62	65.33	66.06	66.21	66.00	65.94	66.06	65.90	65.22
68.27	69.03	69.40	69.12	69.38	69.46	69.22	68.40	68.25	69.17	69.26	69.16	69.00	69.18	69.09	68.31	65.65	66.46	66.65	66.46	66.44	66.60	66.41	65.61	65.32	66.04	66.19	66.00	65.94	66.05	65.89	65.21
68.35	69.03	69.31	69.28	69.21	69.35	69.22	68.52	68.25	69.13	69.91	68.10	69.28	69.46	69.18	68.32	65.64	66.45	66.64	66.46	66.44	66.59	66.40	65.61	65.31	66.03	66.18	66.00	65.94	66.04	65.88	65.20
68.36	69.03	69.31	69.30	69.20	69.34	69.21	68.53	68.25	69.12	69.97	67.96	69.05	69.24	68.93	68.07	65.63	66.44	66.64	66.45	66.44	66.58	66.39	65.60	65.30	66.02	66.17	65.99	65.93	66.04	65.87	65.19
68.36	69.03	69.31	69.31	69.20	69.34	69.20	68.53	68.01	68.87	69.75	67.67	69.27	69.45	69.13	68.26	65.62	66.43	66.63	66.44	66.44	66.58	66.38	65.59	65.29	66.00	66.16	65.99	65.93	66.03	65.86	65.19
68.36	69.02	69.31	69.32	69.20	69.33	69.19	68.53	68.21	69.07	69.98	67.83	69.05	69.23	68.89	68.04	65.61	66.42	66.63	66.43	66.44	66.57	66.37	65.58	65.28	65.99	66.15	65.99	65.93	66.02	65.85	65.18
68.35	69.02	69.31	69.32	69.20	69.32	69.18	68.52	68.22	69.08	70.00	67.82	69.27	69.44	69.10	68.24	65.60	66.41	66.62	66.43	66.44	66.56	66.36	65.57	65.27	65.98	66.14	65.98	65.93	66.02	65.84	65.17
68.35	69.02	69.31	69.33	69.20	69.32	69.17	68.52	68.21	69.08	70.01	67.81	69.29	69.46	68.87	68.01	65.59	66.40	66.61	66.42	66.44	66.56	66.35	65.56	65.26	65.96	66.13	65.98	65.93	66.01	65.83	65.16
68.35	69.01	69.31	69.33	69.20	69.31	69.16	68.51	68.21	69.08	69.76	67.57	69.05	69.22	69.08	68.22	65.59	66.39	66.61	66.42	66.44	66.55	66.34	65.55	65.25	65.95	66.12	65.97	65.92	66.00	65.82	65.15
68.35	69.01	69.31	69.33	69.20	69.31	69.15	68.51	68.21	69.07	69.98	67.77	69.27	69.43	68.85	68.00	65.58	66.38	66.60	66.41	66.44	66.54	66.33	65.54	65.24	65.94	66.11	65.97	65.92	66.00	65.81	65.15
68.34	69.01	69.31	69.33	69.20	69.30	69.15	68.50	68.20	69.07	70.00	67.78	69.29	69.45	69.06	68.21	65.57	66.37	66.60	66.41	66.44	66.54	66.32	65.54	65.23	65.93	66.10	65.97	65.92	65.99	65.80	65.14
68.34	69.00	69.31	69.33	68.96	69.06	69.14	68.50	68.20	69.06	70.00	67.78	69.30	69.45	68.83	67.98	65.56	66.36	66.59	66.41	66.43	66.53	66.31	65.53	65.22	65.91	66.10	65.96	65.92	65.98	65.79	65.13
68.33	69.00	69.31	69.34	69.17	69.26	68.89	68.25	67.96	68.81	70.01	67.78	69.06	69.21	69.04	68.19	65.55	66.35	66.58	66.40	66.43	66.53	66.30	65.52	65.21	65.90	66.09	65.96	65.92	65.98	65.78	65.12
68.10	68.76	69.31	69.34	69.19	69.27	69.09	68.45	68.15	69.01	70.01	67.79	69.27	69.41	69.05	68.20	65.54	66.34	66.58	66.40	66.43	66.52	66.29	65.51	65.20	65.89	66.08	65.96	65.91	65.97	65.77	65.12
68.29	68.96	69.31	69.34	69.20	69.27	69.10	68.46	68.16	69.03	70.00	67.78	69.05	69.18	68.81	67.96	65.53	66.33	66.57	66.40	66.43	66.51	66.28	65.50	65.19	65.88	66.07	65.95	65.91	65.96	65.77	65.11
68.30	68.97	69.31	69.34	69.20	69.27	69.10	68.46	68.16	69.02	70.00	67.78	69.27	69.40	69.03	68.17	65.53	66.32	66.56	66.40	66.43	66.51	66.27	65.50	65.18	65.87	66.06	65.95	65.91	65.96	65.76	65.10
68.30	68.97	69.06	69.10	69.20	69.27	69.09	68.46	67.92	68.78	70.00	67.78	69.29	69.41	69.03	68.18	65.52	66.31	66.56	66.40	66.43	66.50	66.27	65.49	65.17	65.86	66.05	65.94	65.91	65.95	65.75	65.09
68.07	68.73	69.27	69.31	69.21	69.27	69.09	68.45	68.12	68.98	69.99	67.78	69.06	69.18	68.79	67.95	65.51	66.30	66.55	66.39	66.43	66.49	66.26	65.48	65.16	65.85	66.04	65.94	65.91	65.94	65.74	65.09
68.27	68.93	69.29	69.33	68.97	69.02	68.84	68.21	68.13	68.99	69.99	67.78	69.27	69.39	69.00	68.15	65.50	66.29	66.55	66.39	66.43	66.49	66.25	65.47	65.15	65.83	66.03	65.94	65.90	65.94	65.73	65.08
68.28	68.94	69.29	69.34	69.18	69.23	69.05	68.41	68.13	68.99	69.99	67.78	69.29	69.40	69.01	68.16	65.49	66.28	66.54	66.39	66.43	66.48	66.24	65.47	65.14	65.82	66.03	65.93	65.90	65.93	65.72	65.07
68.28	68.95	69.05	69.10	69.19	69.24	69.05	68.42	67.90	68.75	69.98	67.78	69.30	69.40	69.01	68.16	65.48	66.27	66.53	66.39	66.42	66.48	66.23	65.46	65.13	65.81	66.02	65.93	65.90	65.93	65.71	65.06
68.04	68.70	69.26	69.31	69.20	69.24	69.05	68.42	68.10	68.96	69.98	67.78	69.30	69.40	69.00	68.16	65.48	66.26	66.53	66.38	66.42	66.47	66.22	65.45	65.12	65.80	66.01	65.93	65.90	65.92	65.71	65.06
68.25	68.91	69.28	69.33	69.21	69.24	69.05	68.42	68.11	68.97	69.98	67.78	69.31	69.40	69.00	68.15	65.47	66.25	66.52	66.38	66.42	66.47	66.22	65.44	65.11	65.79	66.00	65.92	65.89	65.91	65.70	65.05
68.26	68.92	69.28	69.34	69.21	69.24	68.81	68.18	68.11	68.97	69.97	67.77	69.07	69.16	68.99	68.15	65.46	66.24	66.51	66.38	66.42	66.46	66.21	65.44	65.11	65.78	65.99	65.92	65.89	65.91	65.69	65.04
68.26	68.93	69.28	69.34	68.96	68.99	69.02	68.39	68.11	68.96	69.72	67.54	69.28	69.37	68.99	68.14	65.45	66.23	66.51	66.38	66.42	66.46	66.20	65.43	65.10	65.77	65.99	65.92	65.89	65.90	65.68	65.03
68.26	68.93	69.04	69.10	69.18	69.21	69.02	68.39	68.10	68.96	69.94	67.74	69.29	69.38	68.98	68.14	65.44	66.23	66.50	66.37	66.42	66.45	66.19	65.42	65.09	65.76	65.98	65.91	65.89	65.90	65.67	65.03
68.26	68.92	69.25	69.31	69.19	69.22	68.78	68.16	67.86	68.71	69.95	67.76	69.30	69.38	68.97	68.13	65.44	66.22	66.49	66.37	66.42	66.45	66.18	65.42	65.08	65.75	65.97	65.91	65.88	65.89	65.67	65.02
68.26	68.92	69.27	69.33	69.20	69.22	68.75	68.13	68.06	68.92	69.95	67.76	69.30	69.38	68.96	68.12	65.43	66.21	66.49	66.37	66.41	66.44	66.18	65.41	65.07	65.74	65.96	65.90	65.88	65.89	65.66	65.01
68.26	68.92	69.27	69.34	68.96	68.97	68.73	68.11	68.07	68.93	69.95	67.76	69.30	69.38	68.96	68.11	65.42	66.20	66.48	66.36	66.41	66.44	66.17	65.40	65.06	65.73	65.96	65.90	65.88	65.88	65.65	65.01
68.25	68.92	69.03	69.10	68.93	68.94	68.71	68.09	68.07	68.93	69.95	67.76	69.30	69.37	68.95	68.11	65.41	66.19	66.48	66.36	66.41	66.43	66.16	65.39	65.05	65.72	65.95	65.90	65.88	65.88	65.64	65.00
68.25	68.91	69.00	69.07	68.92	68.92	68.70	68.08	68.07	68.93	69.70	67.53	69.30	69.37	68.94	68.10	65.41	66.18	66.47	66.36	66.41	66.43	66.15	65.39	65.05	65.71	65.94	65.89	65.87	65.87	65.64	64.99
68.24	68.91	69.22	69.29	68.91	68.91	68.68	68.07	67.84	68.69	69.66	67.50	69.30	69.36	68.93	68.09	65.40	66.17	66.46	66.35	66.41	66.42	66.15	65.38	65.04	65.70	65.93	65.89	65.87	65.86	65.63	64.99
68.00	68.66	69.24	69.31	69.14	69.14	68.67	68.06	67.80	68.65	69.64	67.49	69.30	69.36	68.92	68.08	65.39	66.16	66.46	66.35	66.41	66.42	66.14	65.37	65.03	65.70	65.93	65.89	65.87	65.86	65.62	64.98
67.97	68.63	69.24	69.32	69.17	69.16	68.67	68.05	67.78	68.63	69.63	67.48	69.30	69.35	68.92	68.08	65.38	66.15	66.45	66.35	66.40	66.41	66.13	65.37	65.02	65.69	65.92	65.88	65.86	65.85	65.61	64.97
67.94	68.60	69.01	69.08	69.18	69.17	68.66	68.04	67.76	68.61	69.62	67.47	69.29	69.35	68.67	67.84	65.37	66.14	66.44	66.34	66.40	66.40	66.12	65.36	65.01	65.68	65.91	65.88	65.86	65.85	65.61	64.97
67.93	68.59	68.97	69.06	69.19	69.17	68.65	68.03	67.75	68.59	69.61	67.46	69.05	69.10	68.63	67.80	65.36	66.14	66.43	66.34	66.40	66.40	66.11	65.35	65.01	65.67	65.91	65.88	65.86	65.84	65.60	64.96
67.91	68.57	68.96	69.04	69.19	69.17	68.64	68.02	67.74	68.58	69.60	67.45	69.02	69.07	68.61	67.78	65.35	66.13	66.43	66.33	66.39	66.39	66.10	65.34	65.00	65.66	65.90	65.87	65.86	65.84	65.59	64.95
