pcb_C_0	326.6975
pcb_C_1	327.3182
pcb_C_2	327.5952
pcb_C_3	327.6516
pcb_C_4	327.7086
pcb_C_5	327.6254
pcb_C_6	327.3377
pcb_C_7	326.7181
pcb_C_8	326.4113
pcb_C_9	326.9504
pcb_C_10	327.2349
pcb_C_11	327.2177
pcb_C_12	327.3196
pcb_C_13	327.2453
pcb_C_14	326.9628
pcb_C_15	326.4292
pcb_C_16	325.9874
pcb_C_17	326.2146
pcb_C_18	326.3805
pcb_C_19	326.4023
pcb_C_20	326.4498
pcb_C_21	326.3915
pcb_C_22	326.2243
pcb_C_23	326.0019
pcb_C_24	325.6798
pcb_C_25	325.6700
pcb_C_26	325.7331
pcb_C_27	325.7651
pcb_C_28	325.7783
pcb_C_29	325.7418
pcb_C_30	325.6779
pcb_C_31	325.6914
solder_C_0	327.0346
solder_C_1	327.5955
solder_C_2	327.8946
solder_C_3	327.9311
solder_C_4	328.0253
solder_C_5	327.9377
solder_C_6	327.6198
solder_C_7	327.0653
solder_C_8	326.7074
solder_C_9	327.2007
solder_C_10	327.5499
solder_C_11	327.3252
solder_C_12	327.5777
solder_C_13	327.5154
solder_C_14	327.2085
solder_C_15	326.7280
solder_C_16	326.0054
solder_C_17	326.1585
solder_C_18	326.3434
solder_C_19	326.3291
solder_C_20	326.4064
solder_C_21	326.3459
solder_C_22	326.1663
solder_C_23	326.0203
solder_C_24	325.6230
solder_C_25	325.5361
solder_C_26	325.6109
solder_C_27	325.6482
solder_C_28	325.6636
solder_C_29	325.6191
solder_C_30	325.5439
solder_C_31	325.6349
sub_C_0	327.1311
sub_C_1	327.6815
sub_C_2	327.9918
sub_C_3	328.0395
sub_C_4	328.1389
sub_C_5	328.0463
sub_C_6	327.7076
sub_C_7	327.1677
sub_C_8	326.7963
sub_C_9	327.2989
sub_C_10	327.7088
sub_C_11	327.3261
sub_C_12	327.6928
sub_C_13	327.6302
sub_C_14	327.3065
sub_C_15	326.8174
sub_C_16	325.9209
sub_C_17	326.1033
sub_C_18	326.2993
sub_C_19	326.2851
sub_C_20	326.3646
sub_C_21	326.3006
sub_C_22	326.1111
sub_C_23	325.9356
sub_C_24	325.5201
sub_C_25	325.4707
sub_C_26	325.5566
sub_C_27	325.5979
sub_C_28	325.6131
sub_C_29	325.5648
sub_C_30	325.4786
sub_C_31	325.5318
layer_3_C_0	328.0124
layer_3_C_1	328.5079
layer_3_C_2	328.9150
layer_3_C_3	329.1032
layer_3_C_4	329.2304
layer_3_C_5	329.0907
layer_3_C_6	328.5501
layer_3_C_7	328.1066
layer_3_C_8	327.6463
layer_3_C_9	328.2796
layer_3_C_10	329.3295
layer_3_C_11	327.2903
layer_3_C_12	328.8544
layer_3_C_13	328.7803
layer_3_C_14	328.2881
layer_3_C_15	327.6717
layer_3_C_16	325.0654
layer_3_C_17	325.5335
layer_3_C_18	325.8292
layer_3_C_19	325.8442
layer_3_C_20	325.9255
layer_3_C_21	325.8252
layer_3_C_22	325.5419
layer_3_C_23	325.0783
layer_3_C_24	324.5373
layer_3_C_25	324.8267
layer_3_C_26	325.0197
layer_3_C_27	325.0994
layer_3_C_28	325.1120
layer_3_C_29	325.0281
layer_3_C_30	324.8349
layer_3_C_31	324.5472
layer_4_TB_0	327.8548
layer_4_TB_1	328.3603
layer_4_TB_2	328.7628
layer_4_TB_3	328.9412
layer_4_TB_4	329.0657
layer_4_TB_5	328.9279
layer_4_TB_6	328.4012
layer_4_TB_7	327.9442
layer_4_TB_8	327.5020
layer_4_TB_9	328.1367
layer_4_TB_10	329.1363
layer_4_TB_11	327.2434
layer_4_TB_12	328.7031
layer_4_TB_13	328.6276
layer_4_TB_14	328.1451
layer_4_TB_15	327.5271
layer_4_TB_16	325.0636
layer_4_TB_17	325.5321
layer_4_TB_18	325.8276
layer_4_TB_19	325.8434
layer_4_TB_20	325.9242
layer_4_TB_21	325.8238
layer_4_TB_22	325.5405
layer_4_TB_23	325.0765
layer_4_TB_24	324.5362
layer_4_TB_25	324.8259
layer_4_TB_26	325.0190
layer_4_TB_27	325.0988
layer_4_TB_28	325.1114
layer_4_TB_29	325.0274
layer_4_TB_30	324.8341
layer_4_TB_31	324.5461
hsp_TB_0	326.2786
hsp_TB_1	326.8844
hsp_TB_2	327.2411
hsp_TB_3	327.3217
hsp_TB_4	327.4186
hsp_TB_5	327.2994
hsp_TB_6	326.9124
hsp_TB_7	326.3196
hsp_TB_8	326.0597
hsp_TB_9	326.7076
hsp_TB_10	327.2041
hsp_TB_11	326.7750
hsp_TB_12	327.1905
hsp_TB_13	327.0999
hsp_TB_14	326.7151
hsp_TB_15	326.0803
hsp_TB_16	325.0453
hsp_TB_17	325.5180
hsp_TB_18	325.8119
hsp_TB_19	325.8359
hsp_TB_20	325.9111
hsp_TB_21	325.8102
hsp_TB_22	325.5264
hsp_TB_23	325.0581
hsp_TB_24	324.5246
hsp_TB_25	324.8182
hsp_TB_26	325.0122
hsp_TB_27	325.0923
hsp_TB_28	325.1049
hsp_TB_29	325.0206
hsp_TB_30	324.8264
hsp_TB_31	324.5345
hsink_TB_0	325.6449
hsink_TB_1	326.2544
hsink_TB_2	326.5817
hsink_TB_3	326.6715
hsink_TB_4	326.7275
hsink_TB_5	326.6132
hsink_TB_6	326.2760
hsink_TB_7	325.6689
hsink_TB_8	325.5057
hsink_TB_9	326.1297
hsink_TB_10	326.4893
hsink_TB_11	326.4907
hsink_TB_12	326.6010
hsink_TB_13	326.4916
hsink_TB_14	326.1418
hsink_TB_15	325.5235
hsink_TB_16	324.9772
hsink_TB_17	325.4460
hsink_TB_18	325.7274
hsink_TB_19	325.7966
hsink_TB_20	325.8406
hsink_TB_21	325.7361
hsink_TB_22	325.4555
hsink_TB_23	324.9899
hsink_TB_24	324.5131
hsink_TB_25	324.8079
hsink_TB_26	325.0018
hsink_TB_27	325.0834
hsink_TB_28	325.0950
hsink_TB_29	325.0104
hsink_TB_30	324.8161
hsink_TB_31	324.5230
inode_0	324.0594
inode_1	324.0735
inode_2	323.5257
inode_3	324.8488
inode_4	324.0462
inode_5	324.0602
inode_6	323.5192
inode_7	324.8377
inode_8	323.5153
inode_9	323.5280
inode_10	322.9015
inode_11	324.0683
inode_12	326.2755
inode_13	326.2948
inode_14	325.3639
inode_15	327.3634
inode_16	326.2735
inode_17	326.2927
inode_18	325.3638
inode_19	327.3627
inode_20	325.7567
inode_21	325.7727
inode_22	325.3141
inode_23	327.2639
inode_24	323.9807
inode_25	323.9929
inode_26	323.2789
inode_27	324.6747
