pcb_LC_0	352.7796
pcb_LC_1	353.9440
pcb_LC_2	354.4626
pcb_LC_3	354.6720
pcb_LC_4	354.6719
pcb_LC_5	354.4624
pcb_LC_6	353.9437
pcb_LC_7	352.7791
pcb_LC_8	352.8726
pcb_LC_9	354.3292
pcb_LC_10	355.0223
pcb_LC_11	355.3074
pcb_LC_12	355.3073
pcb_LC_13	355.0220
pcb_LC_14	354.3287
pcb_LC_15	352.8720
pcb_LC_16	352.9691
pcb_LC_17	354.5021
pcb_LC_18	355.2254
pcb_LC_19	355.5204
pcb_LC_20	355.5204
pcb_LC_21	355.2251
pcb_LC_22	354.5016
pcb_LC_23	352.9685
pcb_LC_24	353.0254
pcb_LC_25	354.3474
pcb_LC_26	354.9245
pcb_LC_27	355.1528
pcb_LC_28	355.1528
pcb_LC_29	354.9243
pcb_LC_30	354.3470
pcb_LC_31	353.0248
solder_LC_0	354.7866
solder_LC_1	355.0681
solder_LC_2	355.3433
solder_LC_3	355.4939
solder_LC_4	355.4939
solder_LC_5	355.3430
solder_LC_6	355.0676
solder_LC_7	354.7859
solder_LC_8	355.1807
solder_LC_9	355.7071
solder_LC_10	356.1064
solder_LC_11	356.3128
solder_LC_12	356.3129
solder_LC_13	356.1059
solder_LC_14	355.7064
solder_LC_15	355.1797
solder_LC_16	355.4804
solder_LC_17	356.1409
solder_LC_18	356.5817
solder_LC_19	356.7997
solder_LC_20	356.8001
solder_LC_21	356.5809
solder_LC_22	356.1402
solder_LC_23	355.4791
solder_LC_24	355.2686
solder_LC_25	355.7895
solder_LC_26	356.1413
solder_LC_27	356.3144
solder_LC_28	356.3145
solder_LC_29	356.1407
solder_LC_30	355.7889
solder_LC_31	355.2676
sub_LC_0	354.8251
sub_LC_1	355.1414
sub_LC_2	355.4458
sub_LC_3	355.6115
sub_LC_4	355.6114
sub_LC_5	355.4454
sub_LC_6	355.1409
sub_LC_7	354.8244
sub_LC_8	355.3687
sub_LC_9	355.9024
sub_LC_10	356.3216
sub_LC_11	356.5385
sub_LC_12	356.5388
sub_LC_13	356.3209
sub_LC_14	355.9018
sub_LC_15	355.3676
sub_LC_16	355.9815
sub_LC_17	356.6356
sub_LC_18	357.0945
sub_LC_19	357.3216
sub_LC_20	357.3231
sub_LC_21	357.0930
sub_LC_22	356.6350
sub_LC_23	355.9795
sub_LC_24	355.4921
sub_LC_25	356.0217
sub_LC_26	356.3989
sub_LC_27	356.5860
sub_LC_28	356.5864
sub_LC_29	356.3982
sub_LC_30	356.0211
sub_LC_31	355.4910
layer_3_LC_0	354.9222
layer_3_LC_1	355.6250
layer_3_LC_2	356.2206
layer_3_LC_3	356.5273
layer_3_LC_4	356.5273
layer_3_LC_5	356.2201
layer_3_LC_6	355.6246
layer_3_LC_7	354.9216
layer_3_LC_8	356.8239
layer_3_LC_9	357.5973
layer_3_LC_10	358.2481
layer_3_LC_11	358.5790
layer_3_LC_12	358.5807
layer_3_LC_13	358.2461
layer_3_LC_14	357.5968
layer_3_LC_15	356.8218
layer_3_LC_16	360.9323
layer_3_LC_17	361.7312
layer_3_LC_18	362.4083
layer_3_LC_19	362.7316
layer_3_LC_20	362.7453
layer_3_LC_21	362.3986
layer_3_LC_22	361.7327
layer_3_LC_23	360.9228
layer_3_LC_24	357.2016
layer_3_LC_25	357.9449
layer_3_LC_26	358.5684
layer_3_LC_27	358.8842
layer_3_LC_28	358.8860
layer_3_LC_29	358.5661
layer_3_LC_30	357.9441
layer_3_LC_31	357.1991
layer_4_TB_0	354.8247
layer_4_TB_1	355.5277
layer_4_TB_2	356.1230
layer_4_TB_3	356.4294
layer_4_TB_4	356.4295
layer_4_TB_5	356.1226
layer_4_TB_6	355.5273
layer_4_TB_7	354.8241
layer_4_TB_8	356.7230
layer_4_TB_9	357.4965
layer_4_TB_10	358.1469
layer_4_TB_11	358.4775
layer_4_TB_12	358.4792
layer_4_TB_13	358.1449
layer_4_TB_14	357.4960
layer_4_TB_15	356.7209
layer_4_TB_16	360.8446
layer_4_TB_17	361.6433
layer_4_TB_18	362.3200
layer_4_TB_19	362.6427
layer_4_TB_20	362.6566
layer_4_TB_21	362.3102
layer_4_TB_22	361.6448
layer_4_TB_23	360.8350
layer_4_TB_24	357.0992
layer_4_TB_25	357.8424
layer_4_TB_26	358.4655
layer_4_TB_27	358.7810
layer_4_TB_28	358.7828
layer_4_TB_29	358.4632
layer_4_TB_30	357.8417
layer_4_TB_31	357.0967
layer_5_B_0	353.8495
layer_5_B_1	354.5547
layer_5_B_2	355.1469
layer_5_B_3	355.4510
layer_5_B_4	355.4511
layer_5_B_5	355.1465
layer_5_B_6	354.5543
layer_5_B_7	353.8489
layer_5_B_8	355.7129
layer_5_B_9	356.4876
layer_5_B_10	357.1340
layer_5_B_11	357.4620
layer_5_B_12	357.4635
layer_5_B_13	357.1320
layer_5_B_14	356.4870
layer_5_B_15	355.7109
layer_5_B_16	359.9687
layer_5_B_17	360.7663
layer_5_B_18	361.4380
layer_5_B_19	361.7563
layer_5_B_20	361.7708
layer_5_B_21	361.4277
layer_5_B_22	360.7680
layer_5_B_23	359.9590
layer_5_B_24	356.0741
layer_5_B_25	356.8171
layer_5_B_26	357.4356
layer_5_B_27	357.7483
layer_5_B_28	357.7499
layer_5_B_29	357.4334
layer_5_B_30	356.8164
layer_5_B_31	356.0718
layer_6_TB_0	353.7121
layer_6_TB_1	354.4178
layer_6_TB_2	355.0096
layer_6_TB_3	355.3133
layer_6_TB_4	355.3134
layer_6_TB_5	355.0092
layer_6_TB_6	354.4174
layer_6_TB_7	353.7115
layer_6_TB_8	355.5683
layer_6_TB_9	356.3435
layer_6_TB_10	356.9894
layer_6_TB_11	357.3170
layer_6_TB_12	357.3185
layer_6_TB_13	356.9875
layer_6_TB_14	356.3430
layer_6_TB_15	355.5663
layer_6_TB_16	359.7788
layer_6_TB_17	360.5767
layer_6_TB_18	361.2474
layer_6_TB_19	361.5659
layer_6_TB_20	361.5799
layer_6_TB_21	361.2374
layer_6_TB_22	360.5783
layer_6_TB_23	359.7693
layer_6_TB_24	355.9265
layer_6_TB_25	356.6699
layer_6_TB_26	357.2877
layer_6_TB_27	357.6000
layer_6_TB_28	357.6016
layer_6_TB_29	357.2855
layer_6_TB_30	356.6691
layer_6_TB_31	355.9242
layer_7_B_32	352.3379
layer_7_B_33	353.0491
layer_7_B_34	353.6361
layer_7_B_35	353.9360
layer_7_B_36	353.9361
layer_7_B_37	353.6357
layer_7_B_38	353.0487
layer_7_B_39	352.3374
layer_7_B_40	354.1211
layer_7_B_41	354.9022
layer_7_B_42	355.5430
layer_7_B_43	355.8669
layer_7_B_44	355.8681
layer_7_B_45	355.5412
layer_7_B_46	354.9016
layer_7_B_47	354.1193
layer_7_B_48	357.8810
layer_7_B_49	358.6829
layer_7_B_50	359.3433
layer_7_B_51	359.6637
layer_7_B_52	359.6725
layer_7_B_53	359.3357
layer_7_B_54	358.6834
layer_7_B_55	357.8744
layer_7_B_56	354.4499
layer_7_B_57	355.1965
layer_7_B_58	355.8079
layer_7_B_59	356.1160
layer_7_B_60	356.1173
layer_7_B_61	355.8059
layer_7_B_62	355.1958
layer_7_B_63	354.4478
layer_8_TB_0	352.1614
layer_8_TB_1	352.8734
layer_8_TB_2	353.4598
layer_8_TB_3	353.7592
layer_8_TB_4	353.7592
layer_8_TB_5	353.4594
layer_8_TB_6	352.8731
layer_8_TB_7	352.1609
layer_8_TB_8	353.9341
layer_8_TB_9	354.7163
layer_8_TB_10	355.3565
layer_8_TB_11	355.6800
layer_8_TB_12	355.6812
layer_8_TB_13	355.3547
layer_8_TB_14	354.7157
layer_8_TB_15	353.9324
layer_8_TB_16	357.6611
layer_8_TB_17	358.4639
layer_8_TB_18	359.1232
layer_8_TB_19	359.4436
layer_8_TB_20	359.4519
layer_8_TB_21	359.1158
layer_8_TB_22	358.4642
layer_8_TB_23	357.6547
layer_8_TB_24	354.2587
layer_8_TB_25	355.0060
layer_8_TB_26	355.6165
layer_8_TB_27	355.9241
layer_8_TB_28	355.9254
layer_8_TB_29	355.6145
layer_8_TB_30	355.0053
layer_8_TB_31	354.2567
layer_9_B_64	350.3957
layer_9_B_65	351.1166
layer_9_B_66	351.6965
layer_9_B_67	351.9905
layer_9_B_68	351.9906
layer_9_B_69	351.6961
layer_9_B_70	351.1163
layer_9_B_71	350.3953
layer_9_B_72	352.0641
layer_9_B_73	352.8572
layer_9_B_74	353.4912
layer_9_B_75	353.8099
layer_9_B_76	353.8107
layer_9_B_77	353.4896
layer_9_B_78	352.8566
layer_9_B_79	352.0626
layer_9_B_80	355.4630
layer_9_B_81	356.2751
layer_9_B_82	356.9236
layer_9_B_83	357.2442
layer_9_B_84	357.2476
layer_9_B_85	356.9183
layer_9_B_86	356.2744
layer_9_B_87	355.4593
layer_9_B_88	352.3456
layer_9_B_89	353.0999
layer_9_B_90	353.7021
layer_9_B_91	354.0040
layer_9_B_92	354.0049
layer_9_B_93	353.7003
layer_9_B_94	353.0992
layer_9_B_95	352.3438
layer_10_TB_0	350.1810
layer_10_TB_1	350.9031
layer_10_TB_2	351.4822
layer_10_TB_3	351.7755
layer_10_TB_4	351.7755
layer_10_TB_5	351.4818
layer_10_TB_6	350.9028
layer_10_TB_7	350.1805
layer_10_TB_8	351.8362
layer_10_TB_9	352.6309
layer_10_TB_10	353.2642
layer_10_TB_11	353.5823
layer_10_TB_12	353.5831
layer_10_TB_13	353.2626
layer_10_TB_14	352.6303
layer_10_TB_15	351.8348
layer_10_TB_16	355.2131
layer_10_TB_17	356.0266
layer_10_TB_18	356.6740
layer_10_TB_19	356.9945
layer_10_TB_20	356.9975
layer_10_TB_21	356.6689
layer_10_TB_22	356.0259
layer_10_TB_23	355.2097
layer_10_TB_24	352.1121
layer_10_TB_25	352.8675
layer_10_TB_26	353.4687
layer_10_TB_27	353.7699
layer_10_TB_28	353.7708
layer_10_TB_29	353.4669
layer_10_TB_30	352.8668
layer_10_TB_31	352.1104
layer_11_B_96	348.0334
layer_11_B_97	348.7679
layer_11_B_98	349.3386
layer_11_B_99	349.6251
layer_11_B_100	349.6251
layer_11_B_101	349.3383
layer_11_B_102	348.7676
layer_11_B_103	348.0329
layer_11_B_104	349.5569
layer_11_B_105	350.3677
layer_11_B_106	350.9937
layer_11_B_107	351.3060
layer_11_B_108	351.3064
layer_11_B_109	350.9924
layer_11_B_110	350.3671
layer_11_B_111	349.5558
layer_11_B_112	352.7155
layer_11_B_113	353.5439
layer_11_B_114	354.1796
layer_11_B_115	354.4989
layer_11_B_116	354.4973
layer_11_B_117	354.1764
layer_11_B_118	353.5423
layer_11_B_119	352.7147
layer_11_B_120	349.7768
layer_11_B_121	350.5431
layer_11_B_122	351.1340
layer_11_B_123	351.4280
layer_11_B_124	351.4285
layer_11_B_125	351.1325
layer_11_B_126	350.5424
layer_11_B_127	349.7755
layer_12_TB_0	347.7816
layer_12_TB_1	348.5178
layer_12_TB_2	349.0874
layer_12_TB_3	349.3731
layer_12_TB_4	349.3731
layer_12_TB_5	349.0871
layer_12_TB_6	348.5175
layer_12_TB_7	347.7812
layer_12_TB_8	349.2894
layer_12_TB_9	350.1023
layer_12_TB_10	350.7275
layer_12_TB_11	351.0390
layer_12_TB_12	351.0394
layer_12_TB_13	350.7262
layer_12_TB_14	350.1017
layer_12_TB_15	349.2883
layer_12_TB_16	352.4364
layer_12_TB_17	353.2669
layer_12_TB_18	353.9012
layer_12_TB_19	354.2203
layer_12_TB_20	354.2182
layer_12_TB_21	353.8982
layer_12_TB_22	353.2651
layer_12_TB_23	352.4359
layer_12_TB_24	349.5025
layer_12_TB_25	350.2703
layer_12_TB_26	350.8600
layer_12_TB_27	351.1531
layer_12_TB_28	351.1536
layer_12_TB_29	350.8585
layer_12_TB_30	350.2696
layer_12_TB_31	349.5012
layer_13_B_128	345.2634
layer_13_B_129	346.0159
layer_13_B_130	346.5752
layer_13_B_131	346.8525
layer_13_B_132	346.8525
layer_13_B_133	346.5749
layer_13_B_134	346.0156
layer_13_B_135	345.2630
layer_13_B_136	346.6135
layer_13_B_137	347.4482
layer_13_B_138	348.0649
layer_13_B_139	348.3693
layer_13_B_140	348.3694
layer_13_B_141	348.0638
layer_13_B_142	347.4476
layer_13_B_143	346.6126
layer_13_B_144	349.6462
layer_13_B_145	350.4976
layer_13_B_146	351.1190
layer_13_B_147	351.4359
layer_13_B_148	351.4291
layer_13_B_149	351.1178
layer_13_B_150	350.4949
layer_13_B_151	349.6484
layer_13_B_152	346.7588
layer_13_B_153	347.5416
layer_13_B_154	348.1190
layer_13_B_155	348.4033
layer_13_B_156	348.4035
layer_13_B_157	348.1178
layer_13_B_158	347.5409
layer_13_B_159	346.7577
layer_14_TB_0	344.9759
layer_14_TB_1	345.7304
layer_14_TB_2	346.2884
layer_14_TB_3	346.5648
layer_14_TB_4	346.5648
layer_14_TB_5	346.2881
layer_14_TB_6	345.7301
layer_14_TB_7	344.9755
layer_14_TB_8	346.3074
layer_14_TB_9	347.1450
layer_14_TB_10	347.7607
layer_14_TB_11	348.0642
layer_14_TB_12	348.0643
layer_14_TB_13	347.7596
layer_14_TB_14	347.1444
layer_14_TB_15	346.3066
layer_14_TB_16	349.2661
layer_14_TB_17	350.1203
layer_14_TB_18	350.7407
layer_14_TB_19	351.0565
layer_14_TB_20	351.0499
layer_14_TB_21	350.7395
layer_14_TB_22	350.1176
layer_14_TB_23	349.2682
layer_14_TB_24	346.4449
layer_14_TB_25	347.2297
layer_14_TB_26	347.8057
layer_14_TB_27	348.0889
layer_14_TB_28	348.0891
layer_14_TB_29	347.8045
layer_14_TB_30	347.2291
layer_14_TB_31	346.4439
layer_15_B_160	342.1003
layer_15_B_161	342.8754
layer_15_B_162	343.4209
layer_15_B_163	343.6874
layer_15_B_164	343.6874
layer_15_B_165	343.4206
layer_15_B_166	342.8752
layer_15_B_167	342.1000
layer_15_B_168	343.2466
layer_15_B_169	344.1122
layer_15_B_170	344.7181
layer_15_B_171	345.0132
layer_15_B_172	345.0132
layer_15_B_173	344.7173
layer_15_B_174	344.1117
layer_15_B_175	343.2460
layer_15_B_176	345.4668
layer_15_B_177	346.3484
layer_15_B_178	346.9594
layer_15_B_179	347.2637
layer_15_B_180	347.2589
layer_15_B_181	346.9584
layer_15_B_182	346.3464
layer_15_B_183	345.4683
layer_15_B_184	343.3057
layer_15_B_185	344.1102
layer_15_B_186	344.6716
layer_15_B_187	344.9444
layer_15_B_188	344.9444
layer_15_B_189	344.6707
layer_15_B_190	344.1096
layer_15_B_191	343.3049
layer_16_TB_0	341.7785
layer_16_TB_1	342.5561
layer_16_TB_2	343.1001
layer_16_TB_3	343.3655
layer_16_TB_4	343.3655
layer_16_TB_5	343.0999
layer_16_TB_6	342.5559
layer_16_TB_7	341.7782
layer_16_TB_8	342.9046
layer_16_TB_9	343.7736
layer_16_TB_10	344.3784
layer_16_TB_11	344.6725
layer_16_TB_12	344.6725
layer_16_TB_13	344.3776
layer_16_TB_14	343.7731
layer_16_TB_15	342.9040
layer_16_TB_16	345.0582
layer_16_TB_17	345.9432
layer_16_TB_18	346.5531
layer_16_TB_19	346.8562
layer_16_TB_20	346.8515
layer_16_TB_21	346.5521
layer_16_TB_22	345.9413
layer_16_TB_23	345.0596
layer_16_TB_24	342.9549
layer_16_TB_25	343.7618
layer_16_TB_26	344.3216
layer_16_TB_27	344.5931
layer_16_TB_28	344.5931
layer_16_TB_29	344.3207
layer_16_TB_30	343.7612
layer_16_TB_31	342.9541
layer_17_B_192	338.5604
layer_17_B_193	339.3632
layer_17_B_194	339.8922
layer_17_B_195	340.1462
layer_17_B_196	340.1462
layer_17_B_197	339.8920
layer_17_B_198	339.3630
layer_17_B_199	338.5602
layer_17_B_200	339.4836
layer_17_B_201	340.3875
layer_17_B_202	340.9810
layer_17_B_203	341.2654
layer_17_B_204	341.2653
layer_17_B_205	340.9804
layer_17_B_206	340.3871
layer_17_B_207	339.4832
layer_17_B_208	340.9729
layer_17_B_209	341.8926
layer_17_B_210	342.4912
layer_17_B_211	342.7821
layer_17_B_212	342.7789
layer_17_B_213	342.4904
layer_17_B_214	341.8912
layer_17_B_215	340.9738
layer_17_B_216	339.4463
layer_17_B_217	340.2779
layer_17_B_218	340.8208
layer_17_B_219	341.0802
layer_17_B_220	341.0801
layer_17_B_221	340.8201
layer_17_B_222	340.2774
layer_17_B_223	339.4458
layer_18_TB_0	338.2060
layer_18_TB_1	339.0118
layer_18_TB_2	339.5390
layer_18_TB_3	339.7917
layer_18_TB_4	339.7917
layer_18_TB_5	339.5388
layer_18_TB_6	339.0116
layer_18_TB_7	338.2058
layer_18_TB_8	339.1079
layer_18_TB_9	340.0161
layer_18_TB_10	340.6082
layer_18_TB_11	340.8915
layer_18_TB_12	340.8914
layer_18_TB_13	340.6076
layer_18_TB_14	340.0157
layer_18_TB_15	339.1075
layer_18_TB_16	340.5355
layer_18_TB_17	341.4595
layer_18_TB_18	342.0567
layer_18_TB_19	342.3463
layer_18_TB_20	342.3433
layer_18_TB_21	342.0560
layer_18_TB_22	341.4582
layer_18_TB_23	340.5364
layer_18_TB_24	339.0612
layer_18_TB_25	339.8957
layer_18_TB_26	340.4366
layer_18_TB_27	340.6947
layer_18_TB_28	340.6946
layer_18_TB_29	340.4360
layer_18_TB_30	339.8953
layer_18_TB_31	339.0607
layer_19_B_224	334.6614
layer_19_B_225	335.4976
layer_19_B_226	336.0070
layer_19_B_227	336.2469
layer_19_B_228	336.2469
layer_19_B_229	336.0069
layer_19_B_230	335.4975
layer_19_B_231	334.6612
layer_19_B_232	335.3509
layer_19_B_233	336.3015
layer_19_B_234	336.8805
layer_19_B_235	337.1529
layer_19_B_236	337.1528
layer_19_B_237	336.8801
layer_19_B_238	336.3013
layer_19_B_239	335.3506
layer_19_B_240	336.1622
layer_19_B_241	337.1288
layer_19_B_242	337.7128
layer_19_B_243	337.9892
layer_19_B_244	337.9875
layer_19_B_245	337.7123
layer_19_B_246	337.1281
layer_19_B_247	336.1626
layer_19_B_248	335.2090
layer_19_B_249	336.0737
layer_19_B_250	336.5949
layer_19_B_251	336.8392
layer_19_B_252	336.8391
layer_19_B_253	336.5945
layer_19_B_254	336.0733
layer_19_B_255	335.2087
layer_20_TB_0	334.2760
layer_20_TB_1	335.1158
layer_20_TB_2	335.6232
layer_20_TB_3	335.8616
layer_20_TB_4	335.8616
layer_20_TB_5	335.6230
layer_20_TB_6	335.1157
layer_20_TB_7	334.2759
layer_20_TB_8	334.9440
layer_20_TB_9	335.8997
layer_20_TB_10	336.4771
layer_20_TB_11	336.7483
layer_20_TB_12	336.7482
layer_20_TB_13	336.4768
layer_20_TB_14	335.8995
layer_20_TB_15	334.9438
layer_20_TB_16	335.6961
layer_20_TB_17	336.6679
layer_20_TB_18	337.2502
layer_20_TB_19	337.5253
layer_20_TB_20	337.5237
layer_20_TB_21	337.2498
layer_20_TB_22	336.6672
layer_20_TB_23	335.6965
layer_20_TB_24	334.7920
layer_20_TB_25	335.6603
layer_20_TB_26	336.1792
layer_20_TB_27	336.4220
layer_20_TB_28	336.4219
layer_20_TB_29	336.1789
layer_20_TB_30	335.6600
layer_20_TB_31	334.7917
hsp_TB_0	330.4222
hsp_TB_1	331.2982
hsp_TB_2	331.7846
hsp_TB_3	332.0087
hsp_TB_4	332.0086
hsp_TB_5	331.7845
hsp_TB_6	331.2981
hsp_TB_7	330.4221
hsp_TB_8	330.8747
hsp_TB_9	331.8816
hsp_TB_10	332.4435
hsp_TB_11	332.7027
hsp_TB_12	332.7026
hsp_TB_13	332.4434
hsp_TB_14	331.8815
hsp_TB_15	330.8747
hsp_TB_16	331.0355
hsp_TB_17	332.0589
hsp_TB_18	332.6255
hsp_TB_19	332.8864
hsp_TB_20	332.8862
hsp_TB_21	332.6253
hsp_TB_22	332.0587
hsp_TB_23	331.0355
hsp_TB_24	330.6217
hsp_TB_25	331.5263
hsp_TB_26	332.0224
hsp_TB_27	332.2498
hsp_TB_28	332.2497
hsp_TB_29	332.0222
hsp_TB_30	331.5262
hsp_TB_31	330.6216
hsink_TB_0	328.9873
hsink_TB_1	329.7393
hsink_TB_2	330.1959
hsink_TB_3	330.4109
hsink_TB_4	330.4109
hsink_TB_5	330.1959
hsink_TB_6	329.7392
hsink_TB_7	328.9873
hsink_TB_8	329.2745
hsink_TB_9	330.1416
hsink_TB_10	330.6711
hsink_TB_11	330.9207
hsink_TB_12	330.9206
hsink_TB_13	330.6710
hsink_TB_14	330.1415
hsink_TB_15	329.2744
hsink_TB_16	329.3101
hsink_TB_17	330.1854
hsink_TB_18	330.7183
hsink_TB_19	330.9691
hsink_TB_20	330.9690
hsink_TB_21	330.7182
hsink_TB_22	330.1853
hsink_TB_23	329.3100
hsink_TB_24	329.0607
hsink_TB_25	329.8297
hsink_TB_26	330.2936
hsink_TB_27	330.5111
hsink_TB_28	330.5110
hsink_TB_29	330.2935
hsink_TB_30	329.8296
hsink_TB_31	329.0606
inode_0	326.8321
inode_1	326.8320
inode_2	327.4424
inode_3	327.3553
inode_4	326.7930
inode_5	326.7930
inode_6	327.4106
inode_7	327.3245
inode_8	325.5803
inode_9	325.5802
inode_10	325.9427
inode_11	325.8702
inode_12	354.9112
inode_13	354.9102
inode_14	354.7863
inode_15	354.1365
inode_16	354.8897
inode_17	354.8887
inode_18	354.7803
inode_19	354.1314
inode_20	350.9725
inode_21	350.9719
inode_22	353.6742
inode_23	353.1043
inode_24	340.0471
inode_25	340.0467
inode_26	340.4422
inode_27	340.0846
