pcb_C_0	327.7090
pcb_C_1	328.4192
pcb_C_2	328.7361
pcb_C_3	328.8645
pcb_C_4	328.8626
pcb_C_5	328.7339
pcb_C_6	328.4202
pcb_C_7	327.7116
pcb_C_8	327.3794
pcb_C_9	327.9851
pcb_C_10	328.3071
pcb_C_11	328.4510
pcb_C_12	328.4490
pcb_C_13	328.3053
pcb_C_14	327.9872
pcb_C_15	327.3835
pcb_C_16	326.9081
pcb_C_17	327.1654
pcb_C_18	327.3670
pcb_C_19	327.4753
pcb_C_20	327.4744
pcb_C_21	327.3665
pcb_C_22	327.1672
pcb_C_23	326.9115
pcb_C_24	326.5697
pcb_C_25	326.5647
pcb_C_26	326.6482
pcb_C_27	326.7092
pcb_C_28	326.7090
pcb_C_29	326.6484
pcb_C_30	326.5658
pcb_C_31	326.5720
solder_C_0	328.0850
solder_C_1	328.7448
solder_C_2	329.0682
solder_C_3	329.2022
solder_C_4	329.1988
solder_C_5	329.0642
solder_C_6	328.7461
solder_C_7	328.0876
solder_C_8	327.7011
solder_C_9	328.2515
solder_C_10	328.5819
solder_C_11	328.7330
solder_C_12	328.7288
solder_C_13	328.5783
solder_C_14	328.2550
solder_C_15	327.7077
solder_C_16	326.9256
solder_C_17	327.0978
solder_C_18	327.3102
solder_C_19	327.4275
solder_C_20	327.4263
solder_C_21	327.3094
solder_C_22	327.1000
solder_C_23	326.9296
solder_C_24	326.5057
solder_C_25	326.4145
solder_C_26	326.5105
solder_C_27	326.5811
solder_C_28	326.5809
solder_C_29	326.5106
solder_C_30	326.4157
solder_C_31	326.5081
sub_C_0	328.1925
sub_C_1	328.8529
sub_C_2	329.1829
sub_C_3	329.3191
sub_C_4	329.3151
sub_C_5	329.1780
sub_C_6	328.8545
sub_C_7	328.1948
sub_C_8	327.7950
sub_C_9	328.3570
sub_C_10	328.6949
sub_C_11	328.8488
sub_C_12	328.8434
sub_C_13	328.6905
sub_C_14	328.3613
sub_C_15	327.8032
sub_C_16	326.8312
sub_C_17	327.0364
sub_C_18	327.2593
sub_C_19	327.3799
sub_C_20	327.3786
sub_C_21	327.2584
sub_C_22	327.0385
sub_C_23	326.8352
sub_C_24	326.3909
sub_C_25	326.3415
sub_C_26	326.4499
sub_C_27	326.5245
sub_C_28	326.5243
sub_C_29	326.4500
sub_C_30	326.3427
sub_C_31	326.3933
layer_3_C_0	329.1743
layer_3_C_1	329.8990
layer_3_C_2	330.2857
layer_3_C_3	330.4405
layer_3_C_4	330.4302
layer_3_C_5	330.2721
layer_3_C_6	329.9020
layer_3_C_7	329.1721
layer_3_C_8	328.6909
layer_3_C_9	329.4128
layer_3_C_10	329.8250
layer_3_C_11	330.0066
layer_3_C_12	329.9879
layer_3_C_13	329.8119
layer_3_C_14	329.4256
layer_3_C_15	328.7153
layer_3_C_16	325.8773
layer_3_C_17	326.4030
layer_3_C_18	326.7286
layer_3_C_19	326.8817
layer_3_C_20	326.8805
layer_3_C_21	326.7279
layer_3_C_22	326.4050
layer_3_C_23	325.8808
layer_3_C_24	325.2943
layer_3_C_25	325.6231
layer_3_C_26	325.8503
layer_3_C_27	325.9626
layer_3_C_28	325.9625
layer_3_C_29	325.8504
layer_3_C_30	325.6241
layer_3_C_31	325.2962
layer_4_TB_0	328.9986
layer_4_TB_1	329.7237
layer_4_TB_2	330.1093
layer_4_TB_3	330.2645
layer_4_TB_4	330.2547
layer_4_TB_5	330.0965
layer_4_TB_6	329.7266
layer_4_TB_7	328.9967
layer_4_TB_8	328.5345
layer_4_TB_9	329.2568
layer_4_TB_10	329.6679
layer_4_TB_11	329.8490
layer_4_TB_12	329.8316
layer_4_TB_13	329.6555
layer_4_TB_14	329.2689
layer_4_TB_15	328.5575
layer_4_TB_16	325.8753
layer_4_TB_17	326.4015
layer_4_TB_18	326.7272
layer_4_TB_19	326.8803
layer_4_TB_20	326.8791
layer_4_TB_21	326.7265
layer_4_TB_22	326.4035
layer_4_TB_23	325.8788
layer_4_TB_24	325.2930
layer_4_TB_25	325.6222
layer_4_TB_26	325.8495
layer_4_TB_27	325.9619
layer_4_TB_28	325.9617
layer_4_TB_29	325.8497
layer_4_TB_30	325.6233
layer_4_TB_31	325.2949
hsp_TB_0	327.2411
hsp_TB_1	327.9705
hsp_TB_2	328.3457
hsp_TB_3	328.5040
hsp_TB_4	328.4999
hsp_TB_5	328.3406
hsp_TB_6	327.9720
hsp_TB_7	327.2426
hsp_TB_8	326.9709
hsp_TB_9	327.6971
hsp_TB_10	328.0968
hsp_TB_11	328.2741
hsp_TB_12	328.2682
hsp_TB_13	328.0923
hsp_TB_14	327.7017
hsp_TB_15	326.9795
hsp_TB_16	325.8551
hsp_TB_17	326.3861
hsp_TB_18	326.7127
hsp_TB_19	326.8662
hsp_TB_20	326.8650
hsp_TB_21	326.7120
hsp_TB_22	326.3880
hsp_TB_23	325.8585
hsp_TB_24	325.2802
hsp_TB_25	325.6136
hsp_TB_26	325.8419
hsp_TB_27	325.9546
hsp_TB_28	325.9544
hsp_TB_29	325.8421
hsp_TB_30	325.6147
hsp_TB_31	325.2820
hsink_TB_0	326.5341
hsink_TB_1	327.2335
hsink_TB_2	327.6027
hsink_TB_3	327.7616
hsink_TB_4	327.7598
hsink_TB_5	327.6005
hsink_TB_6	327.2344
hsink_TB_7	326.5363
hsink_TB_8	326.3680
hsink_TB_9	327.0695
hsink_TB_10	327.4635
hsink_TB_11	327.6394
hsink_TB_12	327.6374
hsink_TB_13	327.4618
hsink_TB_14	327.0716
hsink_TB_15	326.3721
hsink_TB_16	325.7810
hsink_TB_17	326.3089
hsink_TB_18	326.6349
hsink_TB_19	326.7883
hsink_TB_20	326.7876
hsink_TB_21	326.6346
hsink_TB_22	326.3105
hsink_TB_23	325.7839
hsink_TB_24	325.2674
hsink_TB_25	325.6021
hsink_TB_26	325.8307
hsink_TB_27	325.9434
hsink_TB_28	325.9433
hsink_TB_29	325.8309
hsink_TB_30	325.6032
hsink_TB_31	325.2692
inode_0	324.7563
inode_1	324.7588
inode_2	324.1709
inode_3	325.6519
inode_4	324.7416
inode_5	324.7440
inode_6	324.1635
inode_7	325.6393
inode_8	324.1481
inode_9	324.1503
inode_10	323.4718
inode_11	324.7778
inode_12	327.2296
inode_13	327.2334
inode_14	326.2275
inode_15	328.4666
inode_16	327.2273
inode_17	327.2312
inode_18	326.2273
inode_19	328.4658
inode_20	326.6520
inode_21	326.6551
inode_22	326.1718
inode_23	328.3552
inode_24	324.6669
inode_25	324.6693
inode_26	323.8928
inode_27	325.4560
