pcb_LC_0	353.2006
pcb_LC_1	354.3415
pcb_LC_2	354.8514
pcb_LC_3	355.0584
pcb_LC_4	355.0586
pcb_LC_5	354.8519
pcb_LC_6	354.3422
pcb_LC_7	353.2015
pcb_LC_8	353.3145
pcb_LC_9	354.7616
pcb_LC_10	355.4525
pcb_LC_11	355.7378
pcb_LC_12	355.7381
pcb_LC_13	355.4532
pcb_LC_14	354.7626
pcb_LC_15	353.3157
pcb_LC_16	353.4580
pcb_LC_17	355.0221
pcb_LC_18	355.7598
pcb_LC_19	356.0607
pcb_LC_20	356.0611
pcb_LC_21	355.7607
pcb_LC_22	355.0233
pcb_LC_23	353.4593
pcb_LC_24	353.6041
pcb_LC_25	354.9983
pcb_LC_26	355.6012
pcb_LC_27	355.8382
pcb_LC_28	355.8384
pcb_LC_29	355.6019
pcb_LC_30	354.9994
pcb_LC_31	353.6052
solder_LC_0	355.1945
solder_LC_1	355.4288
solder_LC_2	355.6895
solder_LC_3	355.8369
solder_LC_4	355.8371
solder_LC_5	355.6901
solder_LC_6	355.4297
solder_LC_7	355.1957
solder_LC_8	355.5752
solder_LC_9	356.0563
solder_LC_10	356.4448
solder_LC_11	356.6501
solder_LC_12	356.6506
solder_LC_13	356.4458
solder_LC_14	356.0578
solder_LC_15	355.5769
solder_LC_16	355.9392
solder_LC_17	356.6076
solder_LC_18	357.0572
solder_LC_19	357.2808
solder_LC_20	357.2816
solder_LC_21	357.0585
solder_LC_22	356.6096
solder_LC_23	355.9413
solder_LC_24	355.9957
solder_LC_25	356.6129
solder_LC_26	356.9944
solder_LC_27	357.1769
solder_LC_28	357.1774
solder_LC_29	356.9956
solder_LC_30	356.6150
solder_LC_31	355.9978
sub_LC_0	355.2184
sub_LC_1	355.4943
sub_LC_2	355.7861
sub_LC_3	355.9493
sub_LC_4	355.9496
sub_LC_5	355.7867
sub_LC_6	355.4951
sub_LC_7	355.2196
sub_LC_8	355.7075
sub_LC_9	356.2028
sub_LC_10	356.6127
sub_LC_11	356.8296
sub_LC_12	356.8303
sub_LC_13	356.6138
sub_LC_14	356.2043
sub_LC_15	355.7093
sub_LC_16	356.3289
sub_LC_17	356.9914
sub_LC_18	357.4582
sub_LC_19	357.6926
sub_LC_20	357.6941
sub_LC_21	357.4598
sub_LC_22	356.9938
sub_LC_23	356.3316
sub_LC_24	356.4057
sub_LC_25	357.0239
sub_LC_26	357.4316
sub_LC_27	357.6281
sub_LC_28	357.6286
sub_LC_29	357.4330
sub_LC_30	357.0269
sub_LC_31	356.4083
layer_3_LC_0	355.2061
layer_3_LC_1	355.9169
layer_3_LC_2	356.5215
layer_3_LC_3	356.8340
layer_3_LC_4	356.8343
layer_3_LC_5	356.5219
layer_3_LC_6	355.9177
layer_3_LC_7	355.2070
layer_3_LC_8	356.6723
layer_3_LC_9	357.4565
layer_3_LC_10	358.1154
layer_3_LC_11	358.4553
layer_3_LC_12	358.4573
layer_3_LC_13	358.1166
layer_3_LC_14	357.4586
layer_3_LC_15	356.6748
layer_3_LC_16	359.9648
layer_3_LC_17	360.7850
layer_3_LC_18	361.4590
layer_3_LC_19	361.8087
layer_3_LC_20	361.8179
layer_3_LC_21	361.4621
layer_3_LC_22	360.7909
layer_3_LC_23	359.9725
layer_3_LC_24	360.0932
layer_3_LC_25	360.8795
layer_3_LC_26	361.5410
layer_3_LC_27	361.8631
layer_3_LC_28	361.8635
layer_3_LC_29	361.5435
layer_3_LC_30	360.8917
layer_3_LC_31	360.1013
layer_4_TB_0	355.1085
layer_4_TB_1	355.8196
layer_4_TB_2	356.4238
layer_4_TB_3	356.7361
layer_4_TB_4	356.7364
layer_4_TB_5	356.4243
layer_4_TB_6	355.8204
layer_4_TB_7	355.1094
layer_4_TB_8	356.5725
layer_4_TB_9	357.3568
layer_4_TB_10	358.0153
layer_4_TB_11	358.3549
layer_4_TB_12	358.3569
layer_4_TB_13	358.0165
layer_4_TB_14	357.3589
layer_4_TB_15	356.5749
layer_4_TB_16	359.8703
layer_4_TB_17	360.6904
layer_4_TB_18	361.3638
layer_4_TB_19	361.7132
layer_4_TB_20	361.7224
layer_4_TB_21	361.3669
layer_4_TB_22	360.6963
layer_4_TB_23	359.8780
layer_4_TB_24	359.9940
layer_4_TB_25	360.7802
layer_4_TB_26	361.4411
layer_4_TB_27	361.7628
layer_4_TB_28	361.7632
layer_4_TB_29	361.4436
layer_4_TB_30	360.7923
layer_4_TB_31	360.0021
layer_5_B_0	354.1326
layer_5_B_1	354.8462
layer_5_B_2	355.4474
layer_5_B_3	355.7573
layer_5_B_4	355.7576
layer_5_B_5	355.4479
layer_5_B_6	354.8469
layer_5_B_7	354.1334
layer_5_B_8	355.5732
layer_5_B_9	356.3591
layer_5_B_10	357.0140
layer_5_B_11	357.3508
layer_5_B_12	357.3526
layer_5_B_13	357.0152
layer_5_B_14	356.3612
layer_5_B_15	355.5756
layer_5_B_16	358.9259
layer_5_B_17	359.7452
layer_5_B_18	360.4128
layer_5_B_19	360.7587
layer_5_B_20	360.7683
layer_5_B_21	360.4157
layer_5_B_22	359.7511
layer_5_B_23	358.9336
layer_5_B_24	359.0019
layer_5_B_25	359.7862
layer_5_B_26	360.4419
layer_5_B_27	360.7596
layer_5_B_28	360.7598
layer_5_B_29	360.4443
layer_5_B_30	359.7984
layer_5_B_31	359.0098
layer_6_TB_0	353.9953
layer_6_TB_1	354.7095
layer_6_TB_2	355.3103
layer_6_TB_3	355.6198
layer_6_TB_4	355.6201
layer_6_TB_5	355.3108
layer_6_TB_6	354.7102
layer_6_TB_7	353.9962
layer_6_TB_8	355.4312
layer_6_TB_9	356.2178
layer_6_TB_10	356.8722
layer_6_TB_11	357.2086
layer_6_TB_12	357.2104
layer_6_TB_13	356.8733
layer_6_TB_14	356.2198
layer_6_TB_15	355.4336
layer_6_TB_16	358.7950
layer_6_TB_17	359.6148
layer_6_TB_18	360.2816
layer_6_TB_19	360.6271
layer_6_TB_20	360.6368
layer_6_TB_21	360.2847
layer_6_TB_22	359.6207
layer_6_TB_23	358.8027
layer_6_TB_24	358.8615
layer_6_TB_25	359.6460
layer_6_TB_26	360.3010
layer_6_TB_27	360.6182
layer_6_TB_28	360.6183
layer_6_TB_29	360.3034
layer_6_TB_30	359.6582
layer_6_TB_31	358.8694
layer_7_B_32	352.6226
layer_7_B_33	353.3426
layer_7_B_34	353.9387
layer_7_B_35	354.2443
layer_7_B_36	354.2446
layer_7_B_37	353.9391
layer_7_B_38	353.3433
layer_7_B_39	352.6234
layer_7_B_40	354.0109
layer_7_B_41	354.8038
layer_7_B_42	355.4537
layer_7_B_43	355.7860
layer_7_B_44	355.7877
layer_7_B_45	355.4547
layer_7_B_46	354.8058
layer_7_B_47	354.0132
layer_7_B_48	357.4866
layer_7_B_49	358.3110
layer_7_B_50	358.9704
layer_7_B_51	359.3115
layer_7_B_52	359.3220
layer_7_B_53	358.9751
layer_7_B_54	358.3168
layer_7_B_55	357.4944
layer_7_B_56	357.4573
layer_7_B_57	358.2440
layer_7_B_58	358.8925
layer_7_B_59	359.2037
layer_7_B_60	359.2035
layer_7_B_61	358.8947
layer_7_B_62	358.2565
layer_7_B_63	357.4651
layer_8_TB_0	352.4456
layer_8_TB_1	353.1665
layer_8_TB_2	353.7619
layer_8_TB_3	354.0669
layer_8_TB_4	354.0672
layer_8_TB_5	353.7623
layer_8_TB_6	353.1671
layer_8_TB_7	352.4464
layer_8_TB_8	353.8272
layer_8_TB_9	354.6213
layer_8_TB_10	355.2705
layer_8_TB_11	355.6023
layer_8_TB_12	355.6040
layer_8_TB_13	355.2716
layer_8_TB_14	354.6232
layer_8_TB_15	353.8294
layer_8_TB_16	357.2684
layer_8_TB_17	358.0937
layer_8_TB_18	358.7528
layer_8_TB_19	359.0931
layer_8_TB_20	359.1033
layer_8_TB_21	358.7573
layer_8_TB_22	358.0994
layer_8_TB_23	357.2760
layer_8_TB_24	357.2411
layer_8_TB_25	358.0284
layer_8_TB_26	358.6756
layer_8_TB_27	358.9865
layer_8_TB_28	358.9863
layer_8_TB_29	358.6778
layer_8_TB_30	358.0406
layer_8_TB_31	357.2489
layer_9_B_64	350.6748
layer_9_B_65	351.4049
layer_9_B_66	351.9939
layer_9_B_67	352.2935
layer_9_B_68	352.2937
layer_9_B_69	351.9943
layer_9_B_70	351.4056
layer_9_B_71	350.6756
layer_9_B_72	351.9896
layer_9_B_73	352.7950
layer_9_B_74	353.4388
layer_9_B_75	353.7653
layer_9_B_76	353.7666
layer_9_B_77	353.4397
layer_9_B_78	352.7968
layer_9_B_79	351.9916
layer_9_B_80	355.0869
layer_9_B_81	355.9207
layer_9_B_82	356.5775
layer_9_B_83	356.9107
layer_9_B_84	356.9171
layer_9_B_85	356.5802
layer_9_B_86	355.9261
layer_9_B_87	355.0930
layer_9_B_88	355.0789
layer_9_B_89	355.8723
layer_9_B_90	356.5066
layer_9_B_91	356.8145
layer_9_B_92	356.8138
layer_9_B_93	356.5084
layer_9_B_94	355.8815
layer_9_B_95	355.0864
layer_10_TB_0	350.4598
layer_10_TB_1	351.1911
layer_10_TB_2	351.7792
layer_10_TB_3	352.0781
layer_10_TB_4	352.0784
layer_10_TB_5	351.7796
layer_10_TB_6	351.1917
layer_10_TB_7	350.4605
layer_10_TB_8	351.7656
layer_10_TB_9	352.5726
layer_10_TB_10	353.2157
layer_10_TB_11	353.5415
layer_10_TB_12	353.5429
layer_10_TB_13	353.2166
layer_10_TB_14	352.5744
layer_10_TB_15	351.7675
layer_10_TB_16	354.8340
layer_10_TB_17	355.6692
layer_10_TB_18	356.3256
layer_10_TB_19	356.6580
layer_10_TB_20	356.6641
layer_10_TB_21	356.3282
layer_10_TB_22	355.6746
layer_10_TB_23	354.8399
layer_10_TB_24	354.8233
layer_10_TB_25	355.6177
layer_10_TB_26	356.2505
layer_10_TB_27	356.5580
layer_10_TB_28	356.5572
layer_10_TB_29	356.2523
layer_10_TB_30	355.6266
layer_10_TB_31	354.8307
layer_11_B_96	348.3088
layer_11_B_97	349.0529
layer_11_B_98	349.6327
layer_11_B_99	349.9246
layer_11_B_100	349.9248
layer_11_B_101	349.6330
layer_11_B_102	349.0535
layer_11_B_103	348.3094
layer_11_B_104	349.5245
layer_11_B_105	350.3481
layer_11_B_106	350.9847
layer_11_B_107	351.3040
layer_11_B_108	351.3050
layer_11_B_109	350.9854
layer_11_B_110	350.3498
layer_11_B_111	349.5262
layer_11_B_112	352.3056
layer_11_B_113	353.1550
layer_11_B_114	353.8077
layer_11_B_115	354.1318
layer_11_B_116	354.1344
layer_11_B_117	353.8084
layer_11_B_118	353.1602
layer_11_B_119	352.3100
layer_11_B_120	352.2665
layer_11_B_121	353.0713
layer_11_B_122	353.6895
layer_11_B_123	353.9923
layer_11_B_124	353.9909
layer_11_B_125	353.6910
layer_11_B_126	353.0773
layer_11_B_127	352.2736
layer_12_TB_0	348.0568
layer_12_TB_1	348.8026
layer_12_TB_2	349.3813
layer_12_TB_3	349.6724
layer_12_TB_4	349.6726
layer_12_TB_5	349.3816
layer_12_TB_6	348.8031
layer_12_TB_7	348.0575
layer_12_TB_8	349.2615
layer_12_TB_9	350.0873
layer_12_TB_10	350.7231
layer_12_TB_11	351.0417
layer_12_TB_12	351.0427
layer_12_TB_13	350.7238
layer_12_TB_14	350.0890
layer_12_TB_15	349.2632
layer_12_TB_16	352.0188
layer_12_TB_17	352.8702
layer_12_TB_18	353.5225
layer_12_TB_19	353.8456
layer_12_TB_20	353.8478
layer_12_TB_21	353.5229
layer_12_TB_22	352.8754
layer_12_TB_23	352.0231
layer_12_TB_24	351.9727
layer_12_TB_25	352.7789
layer_12_TB_26	353.3955
layer_12_TB_27	353.6976
layer_12_TB_28	353.6962
layer_12_TB_29	353.3969
layer_12_TB_30	352.7847
layer_12_TB_31	351.9798
layer_13_B_128	345.5366
layer_13_B_129	346.2991
layer_13_B_130	346.8674
layer_13_B_131	347.1500
layer_13_B_132	347.1502
layer_13_B_133	346.8677
layer_13_B_134	346.2996
layer_13_B_135	345.5372
layer_13_B_136	346.6308
layer_13_B_137	347.4790
layer_13_B_138	348.1070
layer_13_B_139	348.4179
layer_13_B_140	348.4185
layer_13_B_141	348.1075
layer_13_B_142	347.4805
layer_13_B_143	346.6322
layer_13_B_144	349.1517
layer_13_B_145	350.0233
layer_13_B_146	350.6705
layer_13_B_147	350.9842
layer_13_B_148	350.9830
layer_13_B_149	350.6691
layer_13_B_150	350.0283
layer_13_B_151	349.1544
layer_13_B_152	349.0341
layer_13_B_153	349.8554
layer_13_B_154	350.4554
layer_13_B_155	350.7510
layer_13_B_156	350.7488
layer_13_B_157	350.4564
layer_13_B_158	349.8582
layer_13_B_159	349.0409
layer_14_TB_0	345.2490
layer_14_TB_1	346.0135
layer_14_TB_2	346.5806
layer_14_TB_3	346.8622
layer_14_TB_4	346.8624
layer_14_TB_5	346.5809
layer_14_TB_6	346.0140
layer_14_TB_7	345.2496
layer_14_TB_8	346.3302
layer_14_TB_9	347.1813
layer_14_TB_10	347.8083
layer_14_TB_11	348.1183
layer_14_TB_12	348.1190
layer_14_TB_13	347.8088
layer_14_TB_14	347.1827
layer_14_TB_15	346.3316
layer_14_TB_16	348.8321
layer_14_TB_17	349.7063
layer_14_TB_18	350.3529
layer_14_TB_19	350.6655
layer_14_TB_20	350.6639
layer_14_TB_21	350.3513
layer_14_TB_22	349.7113
layer_14_TB_23	348.8346
layer_14_TB_24	348.7035
layer_14_TB_25	349.5267
layer_14_TB_26	350.1248
layer_14_TB_27	350.4197
layer_14_TB_28	350.4174
layer_14_TB_29	350.1258
layer_14_TB_30	349.5293
layer_14_TB_31	348.7103
layer_15_B_160	342.3724
layer_15_B_161	343.1579
layer_15_B_162	343.7123
layer_15_B_163	343.9840
layer_15_B_164	343.9841
layer_15_B_165	343.7126
layer_15_B_166	343.1583
layer_15_B_167	342.3729
layer_15_B_168	343.3241
layer_15_B_169	344.2038
layer_15_B_170	344.8214
layer_15_B_171	345.1226
layer_15_B_172	345.1230
layer_15_B_173	344.8217
layer_15_B_174	344.2050
layer_15_B_175	343.3252
layer_15_B_176	345.6360
layer_15_B_177	346.5369
layer_15_B_178	347.1773
layer_15_B_179	347.4790
layer_15_B_180	347.4740
layer_15_B_181	347.1736
layer_15_B_182	346.5418
layer_15_B_183	345.6369
layer_15_B_184	345.3969
layer_15_B_185	346.2401
layer_15_B_186	346.8192
layer_15_B_187	347.1061
layer_15_B_188	347.1030
layer_15_B_189	346.8198
layer_15_B_190	346.2397
layer_15_B_191	345.4034
layer_16_TB_0	342.0497
layer_16_TB_1	342.8377
layer_16_TB_2	343.3907
layer_16_TB_3	343.6611
layer_16_TB_4	343.6613
layer_16_TB_5	343.3909
layer_16_TB_6	342.8382
layer_16_TB_7	342.0502
layer_16_TB_8	342.9873
layer_16_TB_9	343.8706
layer_16_TB_10	344.4871
layer_16_TB_11	344.7873
layer_16_TB_12	344.7877
layer_16_TB_13	344.4874
layer_16_TB_14	343.8718
layer_16_TB_15	342.9884
layer_16_TB_16	345.2331
layer_16_TB_17	346.1377
layer_16_TB_18	346.7765
layer_16_TB_19	347.0772
layer_16_TB_20	347.0724
layer_16_TB_21	346.7729
layer_16_TB_22	346.1425
layer_16_TB_23	345.2340
layer_16_TB_24	344.9953
layer_16_TB_25	345.8410
layer_16_TB_26	346.4184
layer_16_TB_27	346.7038
layer_16_TB_28	346.7008
layer_16_TB_29	346.4189
layer_16_TB_30	345.8406
layer_16_TB_31	345.0017
layer_17_B_192	338.8226
layer_17_B_193	339.6362
layer_17_B_194	340.1740
layer_17_B_195	340.4329
layer_17_B_196	340.4331
layer_17_B_197	340.1742
layer_17_B_198	339.6365
layer_17_B_199	338.8230
layer_17_B_200	339.6197
layer_17_B_201	340.5385
layer_17_B_202	341.1439
layer_17_B_203	341.4341
layer_17_B_204	341.4343
layer_17_B_205	341.1441
layer_17_B_206	340.5394
layer_17_B_207	339.6205
layer_17_B_208	341.2045
layer_17_B_209	342.1460
layer_17_B_210	342.7691
layer_17_B_211	343.0607
layer_17_B_212	343.0575
layer_17_B_213	342.7667
layer_17_B_214	342.1493
layer_17_B_215	341.2053
layer_17_B_216	340.9799
layer_17_B_217	341.8494
layer_17_B_218	342.4099
layer_17_B_219	342.6810
layer_17_B_220	342.6789
layer_17_B_221	342.4103
layer_17_B_222	341.8493
layer_17_B_223	340.9844
layer_18_TB_0	338.4672
layer_18_TB_1	339.2839
layer_18_TB_2	339.8200
layer_18_TB_3	340.0776
layer_18_TB_4	340.0777
layer_18_TB_5	339.8202
layer_18_TB_6	339.2843
layer_18_TB_7	338.4676
layer_18_TB_8	339.2492
layer_18_TB_9	340.1723
layer_18_TB_10	340.7764
layer_18_TB_11	341.0655
layer_18_TB_12	341.0657
layer_18_TB_13	340.7765
layer_18_TB_14	340.1732
layer_18_TB_15	339.2500
layer_18_TB_16	340.7710
layer_18_TB_17	341.7170
layer_18_TB_18	342.3383
layer_18_TB_19	342.6289
layer_18_TB_20	342.6258
layer_18_TB_21	342.3360
layer_18_TB_22	341.7202
layer_18_TB_23	340.7718
layer_18_TB_24	340.5450
layer_18_TB_25	341.4175
layer_18_TB_26	341.9760
layer_18_TB_27	342.2455
layer_18_TB_28	342.2435
layer_18_TB_29	341.9764
layer_18_TB_30	341.4174
layer_18_TB_31	340.5493
layer_19_B_224	334.9136
layer_19_B_225	335.7611
layer_19_B_226	336.2793
layer_19_B_227	336.5238
layer_19_B_228	336.5238
layer_19_B_229	336.2794
layer_19_B_230	335.7614
layer_19_B_231	334.9139
layer_19_B_232	335.5439
layer_19_B_233	336.5104
layer_19_B_234	337.1012
layer_19_B_235	337.3793
layer_19_B_236	337.3794
layer_19_B_237	337.1013
layer_19_B_238	336.5110
layer_19_B_239	335.5444
layer_19_B_240	336.4364
layer_19_B_241	337.4273
layer_19_B_242	338.0312
layer_19_B_243	338.3114
layer_19_B_244	338.3097
layer_19_B_245	338.0300
layer_19_B_246	337.4291
layer_19_B_247	336.4370
layer_19_B_248	336.1959
layer_19_B_249	337.0982
layer_19_B_250	337.6367
layer_19_B_251	337.8903
layer_19_B_252	337.8892
layer_19_B_253	337.6369
layer_19_B_254	337.0983
layer_19_B_255	336.1984
layer_20_TB_0	334.5273
layer_20_TB_1	335.3785
layer_20_TB_2	335.8945
layer_20_TB_3	336.1375
layer_20_TB_4	336.1376
layer_20_TB_5	335.8946
layer_20_TB_6	335.3787
layer_20_TB_7	334.5276
layer_20_TB_8	335.1420
layer_20_TB_9	336.1137
layer_20_TB_10	336.7029
layer_20_TB_11	336.9798
layer_20_TB_12	336.9799
layer_20_TB_13	336.7030
layer_20_TB_14	336.1143
layer_20_TB_15	335.1425
layer_20_TB_16	335.9732
layer_20_TB_17	336.9695
layer_20_TB_18	337.5714
layer_20_TB_19	337.8504
layer_20_TB_20	337.8488
layer_20_TB_21	337.5703
layer_20_TB_22	336.9711
layer_20_TB_23	335.9738
layer_20_TB_24	335.7296
layer_20_TB_25	336.6356
layer_20_TB_26	337.1718
layer_20_TB_27	337.4237
layer_20_TB_28	337.4226
layer_20_TB_29	337.1719
layer_20_TB_30	336.6357
layer_20_TB_31	335.7320
hsp_TB_0	330.6639
hsp_TB_1	331.5517
hsp_TB_2	332.0466
hsp_TB_3	332.2751
hsp_TB_4	332.2751
hsp_TB_5	332.0467
hsp_TB_6	331.5519
hsp_TB_7	330.6641
hsp_TB_8	331.1229
hsp_TB_9	332.1467
hsp_TB_10	332.7202
hsp_TB_11	332.9850
hsp_TB_12	332.9849
hsp_TB_13	332.7203
hsp_TB_14	332.1469
hsp_TB_15	331.1232
hsp_TB_16	331.3412
hsp_TB_17	332.3914
hsp_TB_18	332.9737
hsp_TB_19	333.2410
hsp_TB_20	333.2408
hsp_TB_21	332.9736
hsp_TB_22	332.3918
hsp_TB_23	331.3416
hsp_TB_24	331.0671
hsp_TB_25	332.0095
hsp_TB_26	332.5223
hsp_TB_27	332.7567
hsp_TB_28	332.7565
hsp_TB_29	332.5223
hsp_TB_30	332.0097
hsp_TB_31	331.0677
hsink_TB_0	329.2286
hsink_TB_1	329.9926
hsink_TB_2	330.4577
hsink_TB_3	330.6769
hsink_TB_4	330.6769
hsink_TB_5	330.4577
hsink_TB_6	329.9927
hsink_TB_7	329.2287
hsink_TB_8	329.5320
hsink_TB_9	330.4165
hsink_TB_10	330.9574
hsink_TB_11	331.2126
hsink_TB_12	331.2126
hsink_TB_13	330.9575
hsink_TB_14	330.4166
hsink_TB_15	329.5321
hsink_TB_16	329.5928
hsink_TB_17	330.4919
hsink_TB_18	331.0390
hsink_TB_19	331.2964
hsink_TB_20	331.2963
hsink_TB_21	331.0390
hsink_TB_22	330.4920
hsink_TB_23	329.5929
hsink_TB_24	329.3678
hsink_TB_25	330.1639
hsink_TB_26	330.6424
hsink_TB_27	330.8663
hsink_TB_28	330.8663
hsink_TB_29	330.6424
hsink_TB_30	330.1640
hsink_TB_31	329.3681
inode_0	327.0466
inode_1	327.0467
inode_2	327.7259
inode_3	327.5524
inode_4	327.0066
inode_5	327.0068
inode_6	327.6923
inode_7	327.5211
inode_8	325.7639
inode_9	325.7640
inode_10	326.1797
inode_11	326.0357
inode_12	355.4053
inode_13	355.4071
inode_14	355.6219
inode_15	354.5026
inode_16	355.3837
inode_17	355.3854
inode_18	355.6145
inode_19	354.4976
inode_20	351.4256
inode_21	351.4268
inode_22	354.4409
inode_23	353.4686
inode_24	340.3494
inode_25	340.3502
inode_26	340.9234
inode_27	340.3132
