Metric	Core0	Core1	Core2	Core3	Core4	Core5	Core6	Core7	Core8	Core9	Core10	Core11	Core12	Core13	Core14	Core15	Core16	Core17	Core18	Core19	Core20	Core21	Core22	Core23	Core24	Core25	Core26	Core27	Core28	Core29	Core30	Core31
total	1.567	1.567	1.567	1.567	1.567	1.567	1.567	1.567	1.567	1.567	1.567	1.567	1.567	1.567	1.567	1.567	0.442	0.442	0.442	0.442	0.442	0.442	0.442	0.442	0.442	0.442	0.442	0.442	0.442	0.442	0.442	0.442
base	0.250	0.250	0.250	0.250	0.250	0.250	0.250	0.250	0.250	0.250	0.250	0.250	0.250	0.250	0.250	0.250	0.250	0.250	0.250	0.250	0.250	0.250	0.250	0.250	0.250	0.250	0.250	0.250	0.250	0.250	0.250	0.250
dispatch_width	-
rs_full	-
depend	-
depend-int	0.186	0.186	0.186	0.186	0.186	0.186	0.186	0.186	0.186	0.186	0.186	0.186	0.186	0.186	0.186	0.186	0.034	0.034	0.034	0.034	0.034	0.034	0.034	0.034	0.034	0.034	0.034	0.034	0.034	0.034	0.034	0.034
depend-fp	-
depend-branch	0.034	0.034	0.034	0.034	0.034	0.034	0.034	0.034	0.034	0.034	0.034	0.034	0.034	0.034	0.034	0.034	0.000	0.000	0.000	0.000	0.000	0.000	0.000	0.000	0.000	0.000	0.000	0.000	0.000	0.000	0.000	0.000
issue	0.000	0.000	0.000	0.000	0.000	0.000	0.000	0.000	0.000	0.000	0.000	0.000	0.000	0.000	0.000	0.000	0.067	0.067	0.067	0.067	0.067	0.067	0.067	0.067	0.067	0.067	0.067	0.067	0.067	0.067	0.067	0.067
serial	-
smt	-
branch	0.175	0.175	0.175	0.175	0.175	0.175	0.175	0.175	0.175	0.175	0.175	0.175	0.175	0.175	0.175	0.175	0.005	0.005	0.005	0.005	0.005	0.005	0.005	0.005	0.005	0.005	0.005	0.005	0.005	0.005	0.005	0.005
itlb	-
dtlb	-
ifetch	0.424	0.424	0.425	0.424	0.424	0.425	0.425	0.424	0.425	0.424	0.424	0.424	0.424	0.425	0.424	0.424	0.020	0.020	0.020	0.020	0.020	0.020	0.020	0.020	0.020	0.020	0.020	0.020	0.020	0.020	0.020	0.020
mem	-
mem-l1d	0.486	0.486	0.486	0.486	0.486	0.486	0.486	0.486	0.486	0.486	0.486	0.486	0.486	0.486	0.486	0.486	0.051	0.051	0.051	0.051	0.051	0.051	0.051	0.051	0.051	0.051	0.051	0.051	0.051	0.051	0.051	0.051
mem-l2	-
mem-l3	-
mem-l4	-
mem-remote	-
mem-nuca	-
mem-dram-cache	-
mem-dram	0.000	0.000	0.000	0.000	0.000	0.000	0.000	0.000	0.000	0.000	0.000	0.000	0.000	0.000	0.000	0.000	0.015	0.015	0.015	0.015	0.015	0.015	0.015	0.015	0.015	0.015	0.015	0.015	0.015	0.015	0.015	0.015
sync	-
dvfs-transition	-
imbalance	-
other	0.012	0.012	0.012	0.012	0.012	0.012	0.012	0.012	0.012	0.012	0.012	0.012	0.012	0.012	0.012	0.012	0.001	0.001	0.001	0.001	0.001	0.001	0.001	0.001	0.001	0.001	0.001	0.001	0.001	0.001	0.001	0.001
total	1.596	1.596	1.596	1.596	1.596	1.596	1.596	1.596	1.596	1.596	1.596	1.596	1.596	1.596	1.596	1.596	0.618	0.618	0.618	0.618	0.618	0.618	0.618	0.618	0.618	0.618	0.618	0.618	0.618	0.619	0.618	0.618
base	0.250	0.250	0.250	0.250	0.250	0.250	0.250	0.250	0.250	0.250	0.250	0.250	0.250	0.250	0.250	0.250	0.250	0.250	0.250	0.250	0.250	0.250	0.250	0.250	0.250	0.250	0.250	0.250	0.250	0.250	0.250	0.250
dispatch_width	-
rs_full	-
depend	-
depend-int	0.191	0.191	0.191	0.191	0.191	0.191	0.191	0.191	0.191	0.191	0.191	0.191	0.191	0.191	0.191	0.191	0.054	0.054	0.054	0.054	0.054	0.054	0.054	0.054	0.054	0.054	0.054	0.054	0.054	0.054	0.054	0.054
depend-fp	-
depend-branch	0.035	0.035	0.035	0.035	0.035	0.035	0.035	0.035	0.035	0.035	0.035	0.035	0.035	0.035	0.035	0.035	0.000	0.000	0.000	0.000	0.000	0.000	0.000	0.000	0.000	0.000	0.000	0.000	0.000	0.000	0.000	0.000
issue	0.000	0.000	0.000	0.000	0.000	0.000	0.000	0.000	0.000	0.000	0.000	0.000	0.000	0.000	0.000	0.000	0.075	0.075	0.075	0.075	0.075	0.075	0.075	0.075	0.075	0.075	0.075	0.075	0.075	0.075	0.075	0.075
serial	-
smt	-
branch	0.169	0.169	0.169	0.169	0.169	0.169	0.169	0.169	0.169	0.169	0.169	0.169	0.169	0.169	0.169	0.169	0.053	0.053	0.053	0.053	0.053	0.053	0.053	0.053	0.053	0.053	0.053	0.053	0.053	0.053	0.053	0.053
itlb	-
dtlb	-
ifetch	0.448	0.448	0.448	0.448	0.448	0.448	0.448	0.448	0.448	0.448	0.448	0.448	0.448	0.448	0.448	0.448	0.068	0.068	0.068	0.068	0.068	0.068	0.068	0.068	0.068	0.068	0.068	0.068	0.068	0.068	0.068	0.068
mem	-
mem-l1d	0.494	0.494	0.494	0.494	0.494	0.494	0.494	0.494	0.494	0.494	0.494	0.494	0.494	0.494	0.494	0.494	0.109	0.109	0.109	0.109	0.109	0.109	0.109	0.109	0.109	0.109	0.109	0.109	0.109	0.109	0.109	0.109
mem-l2	-
mem-l3	-
mem-l4	-
mem-remote	-
mem-nuca	-
mem-dram-cache	-
mem-dram	-
sync	-
dvfs-transition	-
imbalance	-
other	0.009	0.009	0.009	0.009	0.009	0.009	0.009	0.009	0.009	0.009	0.009	0.009	0.009	0.009	0.009	0.009	0.011	0.011	0.011	0.011	0.011	0.011	0.010	0.011	0.011	0.011	0.011	0.011	0.011	0.011	0.011	0.010
total	1.624	1.624	2.133	1.918	2.391	1.828	1.624	1.624	1.624	1.624	1.835	2.347	1.922	1.900	1.624	1.624	0.546	0.546	0.546	0.546	0.546	0.546	0.546	0.546	0.546	0.546	0.546	0.546	0.546	0.546	0.546	0.546
base	0.250	0.250	0.156	0.111	0.069	0.127	0.250	0.250	0.250	0.250	0.127	0.076	0.114	0.135	0.250	0.250	0.250	0.250	0.250	0.250	0.250	0.250	0.250	0.250	0.250	0.250	0.250	0.250	0.250	0.250	0.250	0.250
dispatch_width	-
rs_full	-
depend	-
depend-int	0.192	0.192	0.188	0.181	0.200	0.190	0.192	0.192	0.192	0.192	0.193	0.185	0.191	0.183	0.192	0.192	0.047	0.047	0.047	0.047	0.047	0.047	0.047	0.047	0.047	0.047	0.047	0.047	0.047	0.047	0.047	0.047
depend-fp	-
depend-branch	0.037	0.037	0.024	0.036	0.031	0.030	0.037	0.037	0.037	0.037	0.032	0.048	0.036	0.033	0.037	0.037	0.000	0.000	0.000	0.000	0.000	0.000	0.000	0.000	0.000	0.000	0.000	0.000	0.000	0.000	0.000	0.000
issue	0.000	0.000	0.000	0.000	0.000	0.000	0.000	0.000	0.000	0.000	0.000	0.000	0.000	0.000	0.000	0.000	0.077	0.077	0.077	0.077	0.077	0.077	0.077	0.077	0.077	0.077	0.077	0.077	0.077	0.077	0.077	0.077
serial	-
smt	-
branch	0.174	0.174	0.195	0.188	0.109	0.246	0.174	0.174	0.174	0.174	0.247	0.107	0.189	0.232	0.174	0.174	0.031	0.031	0.031	0.031	0.031	0.031	0.031	0.031	0.031	0.031	0.031	0.031	0.031	0.031	0.031	0.031
itlb	-
dtlb	-
ifetch	0.459	0.459	0.780	0.359	0.789	0.391	0.459	0.459	0.459	0.459	0.393	0.774	0.343	0.492	0.459	0.459	0.031	0.031	0.031	0.031	0.031	0.031	0.031	0.031	0.031	0.031	0.031	0.031	0.031	0.031	0.031	0.031
mem	-
mem-l1d	0.489	0.489	0.635	0.570	0.710	0.555	0.489	0.489	0.489	0.489	0.558	0.668	0.582	0.590	0.489	0.489	0.097	0.097	0.097	0.097	0.097	0.097	0.097	0.097	0.097	0.097	0.097	0.097	0.097	0.097	0.097	0.097
mem-l2	-
mem-l3	-
mem-l4	-
mem-remote	-
mem-nuca	-
mem-dram-cache	-
mem-dram	-
sync	-
dvfs-transition	-
imbalance	0.000	0.000	0.144	0.468	0.469	0.284	0.000	0.000	0.000	0.000	0.280	0.472	0.463	0.232	0.000	0.000	0.000	0.000	0.000	0.000	0.000	0.000	0.000	0.000	0.000	0.000	0.000	0.000	0.000	0.000	0.000	0.000
other	0.023	0.023	0.012	0.005	0.014	0.004	0.023	0.023	0.023	0.023	0.004	0.015	0.005	0.004	0.023	0.023	0.014	0.014	0.014	0.014	0.014	0.014	0.014	0.014	0.014	0.014	0.014	0.014	0.014	0.014	0.014	0.014
total	1.593	1.593	1.612	1.613	1.616	1.613	1.593	1.593	1.593	1.593	1.616	1.621	1.613	1.627	1.593	1.593	0.553	0.553	0.553	0.553	0.553	0.553	0.553	0.553	0.553	0.553	0.553	0.553	0.553	0.553	0.553	0.553
base	0.250	0.250	0.369	0.378	0.367	0.380	0.250	0.250	0.250	0.250	0.381	0.346	0.374	0.361	0.250	0.250	0.250	0.250	0.250	0.250	0.250	0.250	0.250	0.250	0.250	0.250	0.250	0.250	0.250	0.250	0.250	0.250
dispatch_width	-
rs_full	-
depend	-
depend-int	0.189	0.189	0.201	0.201	0.201	0.201	0.189	0.189	0.189	0.189	0.202	0.199	0.201	0.200	0.189	0.189	0.051	0.051	0.051	0.051	0.051	0.051	0.051	0.051	0.051	0.051	0.051	0.051	0.051	0.051	0.051	0.051
depend-fp	-
depend-branch	0.036	0.036	0.038	0.038	0.038	0.038	0.036	0.036	0.036	0.036	0.038	0.038	0.038	0.038	0.036	0.036	0.000	0.000	0.000	0.000	0.000	0.000	0.000	0.000	0.000	0.000	0.000	0.000	0.000	0.000	0.000	0.000
issue	0.000	0.000	0.000	0.000	0.000	0.000	0.000	0.000	0.000	0.000	0.000	0.000	0.000	0.000	0.000	0.000	0.079	0.079	0.079	0.079	0.079	0.079	0.079	0.079	0.079	0.079	0.079	0.079	0.079	0.079	0.079	0.079
serial	-
smt	-
branch	0.176	0.176	0.174	0.174	0.175	0.174	0.176	0.176	0.176	0.176	0.175	0.241	0.174	0.174	0.176	0.176	0.040	0.040	0.040	0.040	0.040	0.040	0.040	0.040	0.040	0.040	0.040	0.040	0.040	0.040	0.040	0.040
itlb	-
dtlb	-
ifetch	0.449	0.449	0.633	0.604	0.619	0.604	0.449	0.449	0.449	0.449	0.619	0.488	0.633	0.664	0.449	0.449	0.031	0.031	0.031	0.031	0.031	0.031	0.031	0.031	0.031	0.031	0.031	0.031	0.031	0.031	0.031	0.031
mem	-
mem-l1d	0.484	0.484	0.511	0.513	0.511	0.513	0.484	0.484	0.484	0.484	0.513	0.508	0.512	0.510	0.484	0.484	0.094	0.094	0.094	0.094	0.094	0.094	0.094	0.094	0.094	0.094	0.094	0.094	0.094	0.094	0.094	0.094
mem-l2	-
mem-l3	-
mem-l4	-
mem-remote	-
mem-nuca	-
mem-dram-cache	-
mem-dram	-
sync	-
dvfs-transition	-
imbalance	-
other	0.009	0.009	-0.315	-0.297	-0.295	-0.299	0.009	0.009	0.009	0.009	-0.312	-0.200	-0.321	-0.321	0.009	0.009	0.008	0.008	0.008	0.008	0.008	0.008	0.008	0.008	0.008	0.008	0.008	0.008	0.008	0.008	0.008	0.008
total	1.570	1.570	1.593	1.593	1.593	1.593	1.570	1.570	1.570	1.570	1.593	1.594	1.593	1.594	1.570	1.570	0.540	0.541	0.540	0.540	0.540	0.540	0.541	0.540	0.541	0.540	0.541	0.540	0.540	0.540	0.541	0.540
base	0.250	0.250	0.250	0.250	0.250	0.250	0.250	0.250	0.250	0.250	0.250	0.250	0.250	0.250	0.250	0.250	0.250	0.250	0.250	0.250	0.250	0.250	0.250	0.250	0.250	0.250	0.250	0.250	0.250	0.250	0.250	0.250
dispatch_width	-
rs_full	-
depend	-
depend-int	0.186	0.186	0.189	0.189	0.189	0.189	0.186	0.186	0.186	0.186	0.189	0.189	0.189	0.189	0.186	0.186	0.050	0.050	0.050	0.050	0.050	0.050	0.050	0.050	0.050	0.050	0.050	0.050	0.050	0.050	0.050	0.050
depend-fp	-
depend-branch	0.035	0.035	0.036	0.036	0.036	0.036	0.035	0.035	0.035	0.035	0.036	0.036	0.036	0.036	0.035	0.035	0.000	0.000	0.000	0.000	0.000	0.000	0.000	0.000	0.000	0.000	0.000	0.000	0.000	0.000	0.000	0.000
issue	0.000	0.000	0.000	0.000	0.000	0.000	0.000	0.000	0.000	0.000	0.000	0.000	0.000	0.000	0.000	0.000	0.080	0.080	0.080	0.080	0.080	0.080	0.080	0.080	0.080	0.080	0.080	0.080	0.080	0.080	0.080	0.080
serial	-
smt	-
branch	0.175	0.175	0.176	0.176	0.176	0.176	0.175	0.175	0.175	0.175	0.176	0.176	0.176	0.176	0.175	0.175	0.035	0.036	0.035	0.036	0.035	0.035	0.036	0.035	0.036	0.035	0.036	0.035	0.036	0.035	0.036	0.035
itlb	-
dtlb	-
ifetch	0.428	0.428	0.449	0.449	0.449	0.449	0.428	0.428	0.428	0.428	0.449	0.450	0.449	0.450	0.428	0.428	0.028	0.028	0.028	0.028	0.028	0.028	0.028	0.028	0.028	0.028	0.028	0.028	0.028	0.028	0.028	0.028
mem	-
mem-l1d	0.486	0.486	0.484	0.484	0.484	0.484	0.486	0.486	0.486	0.486	0.484	0.484	0.484	0.484	0.486	0.486	0.089	0.089	0.089	0.089	0.089	0.089	0.089	0.089	0.089	0.089	0.089	0.089	0.089	0.089	0.089	0.089
mem-l2	-
mem-l3	-
mem-l4	-
mem-remote	-
mem-nuca	-
mem-dram-cache	-
mem-dram	-
sync	-
dvfs-transition	-
imbalance	-
other	0.009	0.009	0.009	0.009	0.009	0.009	0.009	0.009	0.009	0.009	0.009	0.009	0.009	0.009	0.009	0.009	0.007	0.007	0.007	0.007	0.007	0.007	0.007	0.007	0.007	0.007	0.007	0.007	0.007	0.007	0.007	0.007
total	1.528	1.528	1.570	1.570	1.570	1.570	1.528	1.528	1.528	1.528	1.570	1.570	1.570	1.570	1.528	1.528	0.551	0.551	0.551	0.551	0.551	0.551	0.551	0.551	0.551	0.551	0.551	0.551	0.551	0.551	0.551	0.551
base	0.250	0.250	0.250	0.250	0.250	0.250	0.250	0.250	0.250	0.250	0.250	0.250	0.250	0.250	0.250	0.250	0.250	0.250	0.250	0.250	0.250	0.250	0.250	0.250	0.250	0.250	0.250	0.250	0.250	0.250	0.250	0.250
dispatch_width	-
rs_full	-
depend	-
depend-int	0.184	0.184	0.186	0.186	0.186	0.186	0.184	0.184	0.184	0.184	0.186	0.186	0.186	0.186	0.184	0.184	0.052	0.052	0.052	0.052	0.052	0.052	0.052	0.052	0.052	0.052	0.052	0.052	0.052	0.052	0.052	0.052
depend-fp	-
depend-branch	0.033	0.033	0.035	0.035	0.035	0.035	0.033	0.033	0.033	0.033	0.035	0.035	0.035	0.035	0.033	0.033	0.000	0.000	0.000	0.000	0.000	0.000	0.000	0.000	0.000	0.000	0.000	0.000	0.000	0.000	0.000	0.000
issue	0.000	0.000	0.000	0.000	0.000	0.000	0.000	0.000	0.000	0.000	0.000	0.000	0.000	0.000	0.000	0.000	0.080	0.080	0.080	0.080	0.080	0.080	0.080	0.080	0.080	0.080	0.080	0.080	0.080	0.080	0.080	0.080
serial	-
smt	-
branch	0.156	0.156	0.175	0.175	0.175	0.175	0.156	0.156	0.156	0.156	0.175	0.175	0.175	0.175	0.156	0.156	0.036	0.036	0.036	0.036	0.036	0.036	0.036	0.036	0.036	0.036	0.036	0.036	0.036	0.036	0.036	0.036
itlb	-
dtlb	-
ifetch	0.413	0.413	0.428	0.428	0.428	0.428	0.413	0.413	0.413	0.413	0.428	0.428	0.428	0.428	0.413	0.413	0.033	0.033	0.033	0.033	0.033	0.033	0.033	0.033	0.033	0.033	0.033	0.033	0.033	0.033	0.033	0.033
mem	-
mem-l1d	0.483	0.483	0.486	0.486	0.486	0.486	0.483	0.483	0.483	0.483	0.486	0.486	0.486	0.486	0.483	0.483	0.093	0.093	0.093	0.093	0.093	0.093	0.093	0.093	0.093	0.093	0.093	0.093	0.093	0.093	0.093	0.093
mem-l2	-
mem-l3	-
mem-l4	-
mem-remote	-
mem-nuca	-
mem-dram-cache	-
mem-dram	-
sync	-
dvfs-transition	-
imbalance	-
other	0.009	0.009	0.009	0.009	0.009	0.009	0.009	0.009	0.009	0.009	0.009	0.009	0.009	0.009	0.009	0.009	0.007	0.007	0.007	0.007	0.007	0.007	0.007	0.007	0.007	0.007	0.007	0.007	0.007	0.007	0.007	0.007
total	1.583	1.583	1.528	1.528	1.528	1.528	1.583	1.583	1.583	1.583	1.528	1.529	1.528	1.528	1.583	1.583	0.578	0.578	0.578	0.578	0.578	0.578	0.578	0.578	0.578	0.578	0.578	0.578	0.578	0.579	0.578	0.578
base	0.250	0.250	0.250	0.250	0.250	0.250	0.250	0.250	0.250	0.250	0.250	0.250	0.250	0.250	0.250	0.250	0.250	0.250	0.250	0.250	0.250	0.250	0.250	0.250	0.250	0.250	0.250	0.250	0.250	0.250	0.250	0.250
dispatch_width	-
rs_full	-
depend	-
depend-int	0.190	0.190	0.184	0.184	0.184	0.184	0.190	0.190	0.190	0.190	0.184	0.184	0.184	0.184	0.190	0.190	0.055	0.055	0.055	0.055	0.055	0.055	0.055	0.055	0.055	0.055	0.055	0.055	0.055	0.055	0.055	0.055
depend-fp	-
depend-branch	0.034	0.034	0.033	0.033	0.033	0.033	0.034	0.034	0.034	0.034	0.033	0.033	0.033	0.033	0.034	0.034	0.000	0.000	0.000	0.000	0.000	0.000	0.000	0.000	0.000	0.000	0.000	0.000	0.000	0.000	0.000	0.000
issue	0.000	0.000	0.000	0.000	0.000	0.000	0.000	0.000	0.000	0.000	0.000	0.000	0.000	0.000	0.000	0.000	0.080	0.080	0.080	0.080	0.080	0.080	0.080	0.080	0.080	0.080	0.080	0.080	0.080	0.080	0.080	0.080
serial	-
smt	-
branch	0.163	0.163	0.156	0.156	0.157	0.156	0.163	0.163	0.163	0.163	0.157	0.157	0.156	0.156	0.163	0.163	0.052	0.052	0.052	0.052	0.052	0.052	0.052	0.052	0.052	0.052	0.052	0.052	0.052	0.052	0.052	0.052
itlb	-
dtlb	-
ifetch	0.447	0.447	0.413	0.413	0.413	0.413	0.447	0.447	0.447	0.447	0.413	0.413	0.413	0.413	0.447	0.447	0.034	0.034	0.034	0.034	0.034	0.034	0.034	0.034	0.034	0.034	0.034	0.034	0.034	0.034	0.034	0.034
mem	-
mem-l1d	0.490	0.490	0.483	0.483	0.483	0.483	0.490	0.490	0.490	0.490	0.483	0.483	0.483	0.483	0.490	0.490	0.096	0.096	0.096	0.096	0.096	0.096	0.096	0.096	0.096	0.096	0.096	0.096	0.096	0.096	0.096	0.096
mem-l2	-
mem-l3	-
mem-l4	-
mem-remote	-
mem-nuca	-
mem-dram-cache	-
mem-dram	0.000	0.000	0.000	0.000	0.000	0.000	0.000	0.000	0.000	0.000	0.000	0.000	0.000	0.000	0.000	0.000	0.006	0.006	0.006	0.006	0.006	0.006	0.006	0.006	0.006	0.006	0.006	0.006	0.006	0.006	0.006	0.006
sync	-
dvfs-transition	-
imbalance	-
other	0.009	0.009	0.009	0.009	0.009	0.009	0.009	0.009	0.009	0.009	0.009	0.009	0.009	0.009	0.009	0.009	0.006	0.006	0.006	0.006	0.006	0.006	0.006	0.006	0.006	0.006	0.006	0.006	0.006	0.006	0.006	0.006
total	1.604	1.604	1.582	1.582	1.582	1.582	1.604	1.604	1.604	1.604	1.582	1.581	1.582	1.581	1.604	1.604	0.555	0.555	0.554	0.555	0.555	0.554	0.555	0.554	0.555	0.554	0.555	0.554	0.555	0.554	0.555	0.555
base	0.250	0.250	0.250	0.250	0.250	0.250	0.250	0.250	0.250	0.250	0.250	0.250	0.250	0.250	0.250	0.250	0.250	0.250	0.250	0.250	0.250	0.250	0.250	0.250	0.250	0.250	0.250	0.250	0.250	0.250	0.250	0.250
dispatch_width	-
rs_full	-
depend	-
depend-int	0.191	0.191	0.190	0.190	0.190	0.190	0.191	0.191	0.191	0.191	0.190	0.190	0.190	0.190	0.191	0.191	0.051	0.051	0.051	0.051	0.051	0.051	0.051	0.051	0.051	0.051	0.051	0.051	0.051	0.051	0.051	0.051
depend-fp	-
depend-branch	0.036	0.036	0.034	0.034	0.034	0.034	0.036	0.036	0.036	0.036	0.034	0.034	0.034	0.034	0.036	0.036	0.000	0.000	0.000	0.000	0.000	0.000	0.000	0.000	0.000	0.000	0.000	0.000	0.000	0.000	0.000	0.000
issue	0.000	0.000	0.000	0.000	0.000	0.000	0.000	0.000	0.000	0.000	0.000	0.000	0.000	0.000	0.000	0.000	0.079	0.079	0.079	0.079	0.079	0.079	0.079	0.079	0.079	0.079	0.079	0.079	0.079	0.079	0.079	0.079
serial	-
smt	-
branch	0.171	0.171	0.163	0.163	0.163	0.163	0.171	0.171	0.171	0.171	0.162	0.163	0.163	0.163	0.171	0.171	0.043	0.043	0.043	0.043	0.043	0.043	0.043	0.043	0.043	0.043	0.043	0.043	0.043	0.043	0.043	0.043
itlb	-
dtlb	-
ifetch	0.460	0.460	0.447	0.447	0.446	0.447	0.460	0.460	0.460	0.460	0.446	0.446	0.447	0.446	0.460	0.460	0.029	0.029	0.029	0.029	0.029	0.029	0.029	0.029	0.029	0.029	0.029	0.029	0.029	0.029	0.029	0.029
mem	-
mem-l1d	0.486	0.486	0.490	0.490	0.490	0.490	0.486	0.486	0.486	0.486	0.490	0.489	0.490	0.489	0.486	0.486	0.094	0.094	0.093	0.094	0.094	0.093	0.094	0.093	0.094	0.093	0.094	0.093	0.094	0.093	0.094	0.094
mem-l2	-
mem-l3	-
mem-l4	-
mem-remote	-
mem-nuca	-
mem-dram-cache	-
mem-dram	-
sync	-
dvfs-transition	-
imbalance	-
other	0.009	0.009	0.009	0.009	0.009	0.009	0.009	0.009	0.009	0.009	0.009	0.009	0.009	0.009	0.009	0.009	0.008	0.008	0.008	0.008	0.008	0.008	0.008	0.008	0.008	0.008	0.008	0.008	0.008	0.008	0.008	0.008
total	1.586	1.586	1.604	1.604	1.604	1.604	1.586	1.586	1.586	1.586	1.604	1.603	1.604	1.602	1.586	1.586	0.540	0.540	0.540	0.540	0.540	0.540	0.540	0.540	0.540	0.540	0.540	0.540	0.540	0.540	0.540	0.540
base	0.250	0.250	0.250	0.250	0.250	0.250	0.250	0.250	0.250	0.250	0.250	0.250	0.250	0.250	0.250	0.250	0.250	0.250	0.250	0.250	0.250	0.250	0.250	0.250	0.250	0.250	0.250	0.250	0.250	0.250	0.250	0.250
dispatch_width	-
rs_full	-
depend	-
depend-int	0.190	0.190	0.191	0.191	0.191	0.191	0.190	0.190	0.190	0.190	0.191	0.191	0.191	0.191	0.190	0.190	0.050	0.050	0.050	0.050	0.050	0.050	0.050	0.050	0.050	0.050	0.050	0.050	0.050	0.050	0.050	0.050
depend-fp	-
depend-branch	0.034	0.034	0.036	0.036	0.036	0.036	0.034	0.034	0.034	0.034	0.036	0.036	0.036	0.036	0.034	0.034	0.000	0.000	0.000	0.000	0.000	0.000	0.000	0.000	0.000	0.000	0.000	0.000	0.000	0.000	0.000	0.000
issue	0.000	0.000	0.000	0.000	0.000	0.000	0.000	0.000	0.000	0.000	0.000	0.000	0.000	0.000	0.000	0.000	0.080	0.080	0.080	0.080	0.080	0.080	0.080	0.080	0.080	0.080	0.080	0.080	0.080	0.080	0.080	0.080
serial	-
smt	-
branch	0.170	0.170	0.171	0.171	0.171	0.171	0.170	0.170	0.170	0.170	0.170	0.170	0.171	0.170	0.170	0.170	0.037	0.037	0.037	0.037	0.037	0.037	0.037	0.037	0.037	0.037	0.037	0.037	0.037	0.037	0.037	0.037
itlb	-
dtlb	-
ifetch	0.433	0.433	0.460	0.460	0.460	0.460	0.433	0.433	0.433	0.433	0.460	0.460	0.460	0.460	0.433	0.433	0.027	0.027	0.027	0.027	0.027	0.027	0.027	0.027	0.027	0.027	0.027	0.027	0.027	0.027	0.027	0.027
mem	-
mem-l1d	0.498	0.498	0.486	0.486	0.487	0.486	0.498	0.498	0.498	0.498	0.486	0.486	0.486	0.486	0.498	0.498	0.088	0.088	0.088	0.088	0.088	0.088	0.088	0.088	0.088	0.088	0.088	0.088	0.088	0.088	0.088	0.088
mem-l2	-
mem-l3	-
mem-l4	-
mem-remote	-
mem-nuca	-
mem-dram-cache	-
mem-dram	-
sync	-
dvfs-transition	-
imbalance	-
other	0.010	0.010	0.009	0.009	0.009	0.009	0.010	0.010	0.010	0.010	0.009	0.009	0.009	0.009	0.010	0.010	0.008	0.008	0.008	0.008	0.008	0.008	0.008	0.008	0.008	0.008	0.008	0.008	0.008	0.008	0.008	0.008
total	1.622	1.622	1.586	1.586	1.586	1.586	1.622	1.622	1.622	1.622	1.586	1.587	1.586	1.588	1.622	1.622	0.561	0.561	0.561	0.561	0.561	0.561	0.561	0.561	0.561	0.561	0.561	0.561	0.561	0.562	0.561	0.561
base	0.250	0.250	0.250	0.250	0.250	0.250	0.250	0.250	0.250	0.250	0.250	0.250	0.250	0.250	0.250	0.250	0.250	0.250	0.250	0.250	0.250	0.250	0.250	0.250	0.250	0.250	0.250	0.250	0.250	0.250	0.250	0.250
dispatch_width	-
rs_full	-
depend	-
depend-int	0.193	0.193	0.190	0.190	0.190	0.190	0.193	0.193	0.193	0.193	0.190	0.190	0.190	0.190	0.193	0.193	0.052	0.052	0.052	0.052	0.052	0.052	0.052	0.052	0.052	0.052	0.052	0.052	0.052	0.052	0.052	0.052
depend-fp	-
depend-branch	0.035	0.035	0.034	0.034	0.034	0.034	0.035	0.035	0.035	0.035	0.034	0.034	0.034	0.034	0.035	0.035	0.000	0.000	0.000	0.000	0.000	0.000	0.000	0.000	0.000	0.000	0.000	0.000	0.000	0.000	0.000	0.000
issue	0.000	0.000	0.000	0.000	0.000	0.000	0.000	0.000	0.000	0.000	0.000	0.000	0.000	0.000	0.000	0.000	0.078	0.079	0.078	0.079	0.078	0.078	0.079	0.078	0.079	0.078	0.079	0.078	0.079	0.078	0.079	0.078
serial	-
smt	-
branch	0.174	0.174	0.170	0.170	0.170	0.170	0.174	0.174	0.174	0.174	0.170	0.171	0.170	0.171	0.174	0.174	0.046	0.046	0.046	0.046	0.046	0.046	0.046	0.046	0.046	0.046	0.046	0.046	0.046	0.046	0.046	0.046
itlb	-
dtlb	-
ifetch	0.441	0.441	0.433	0.433	0.433	0.433	0.441	0.441	0.441	0.441	0.433	0.434	0.433	0.434	0.441	0.441	0.030	0.030	0.030	0.030	0.030	0.030	0.030	0.030	0.030	0.030	0.030	0.030	0.030	0.030	0.030	0.030
mem	-
mem-l1d	0.520	0.520	0.498	0.498	0.498	0.498	0.520	0.520	0.520	0.520	0.498	0.499	0.498	0.499	0.520	0.520	0.095	0.095	0.095	0.095	0.095	0.095	0.095	0.095	0.095	0.095	0.095	0.095	0.095	0.095	0.095	0.095
mem-l2	-
mem-l3	-
mem-l4	-
mem-remote	-
mem-nuca	-
mem-dram-cache	-
mem-dram	-
sync	-
dvfs-transition	-
imbalance	-
other	0.010	0.010	0.010	0.010	0.010	0.010	0.010	0.010	0.010	0.010	0.010	0.010	0.010	0.010	0.010	0.010	0.010	0.010	0.010	0.010	0.010	0.010	0.010	0.010	0.010	0.010	0.010	0.010	0.010	0.010	0.010	0.010
total	1.616	1.616	1.622	1.622	1.621	1.622	1.616	1.616	1.616	1.616	1.621	1.620	1.622	1.620	1.616	1.616	0.546	0.546	0.546	0.546	0.546	0.546	0.546	0.546	0.546	0.546	0.546	0.546	0.546	0.546	0.546	0.546
base	0.250	0.250	0.250	0.250	0.250	0.250	0.250	0.250	0.250	0.250	0.250	0.250	0.250	0.250	0.250	0.250	0.250	0.250	0.250	0.250	0.250	0.250	0.250	0.250	0.250	0.250	0.250	0.250	0.250	0.250	0.250	0.250
dispatch_width	-
rs_full	-
depend	-
depend-int	0.191	0.191	0.193	0.193	0.193	0.193	0.191	0.191	0.191	0.191	0.193	0.193	0.193	0.193	0.191	0.191	0.053	0.053	0.053	0.053	0.053	0.053	0.053	0.053	0.053	0.053	0.053	0.053	0.053	0.053	0.053	0.053
depend-fp	-
depend-branch	0.035	0.035	0.035	0.035	0.035	0.035	0.035	0.035	0.035	0.035	0.035	0.035	0.035	0.035	0.035	0.035	0.000	0.000	0.000	0.000	0.000	0.000	0.000	0.000	0.000	0.000	0.000	0.000	0.000	0.000	0.000	0.000
issue	0.000	0.000	0.000	0.000	0.000	0.000	0.000	0.000	0.000	0.000	0.000	0.000	0.000	0.000	0.000	0.000	0.081	0.081	0.081	0.081	0.081	0.081	0.081	0.081	0.081	0.081	0.081	0.081	0.081	0.081	0.081	0.081
serial	-
smt	-
branch	0.173	0.173	0.174	0.174	0.174	0.174	0.173	0.173	0.173	0.173	0.174	0.173	0.174	0.174	0.173	0.173	0.037	0.037	0.037	0.037	0.037	0.037	0.037	0.037	0.037	0.037	0.037	0.037	0.037	0.037	0.037	0.037
itlb	-
dtlb	-
ifetch	0.441	0.441	0.441	0.441	0.441	0.441	0.441	0.441	0.441	0.441	0.441	0.440	0.441	0.440	0.441	0.441	0.031	0.031	0.031	0.031	0.031	0.031	0.031	0.031	0.031	0.031	0.031	0.031	0.031	0.031	0.031	0.031
mem	-
mem-l1d	0.516	0.516	0.520	0.520	0.519	0.520	0.516	0.516	0.516	0.516	0.519	0.519	0.520	0.519	0.516	0.516	0.087	0.087	0.087	0.087	0.087	0.087	0.087	0.087	0.087	0.087	0.087	0.087	0.087	0.087	0.087	0.087
mem-l2	-
mem-l3	-
mem-l4	-
mem-remote	-
mem-nuca	-
mem-dram-cache	-
mem-dram	-
sync	-
dvfs-transition	-
imbalance	-
other	0.010	0.010	0.010	0.010	0.010	0.010	0.010	0.010	0.010	0.010	0.010	0.010	0.010	0.010	0.010	0.010	0.007	0.007	0.007	0.007	0.007	0.007	0.007	0.007	0.007	0.007	0.007	0.007	0.007	0.007	0.007	0.007
total	1.601	1.601	1.616	1.616	1.616	1.616	1.601	1.601	1.601	1.601	1.616	1.616	1.616	1.615	1.601	1.601	0.543	0.544	0.543	0.543	0.543	0.543	0.544	0.543	0.543	0.543	0.543	0.543	0.543	0.543	0.544	0.543
base	0.250	0.250	0.250	0.250	0.250	0.250	0.250	0.250	0.250	0.250	0.250	0.250	0.250	0.250	0.250	0.250	0.250	0.250	0.250	0.250	0.250	0.250	0.250	0.250	0.250	0.250	0.250	0.250	0.250	0.250	0.250	0.250
dispatch_width	-
rs_full	-
depend	-
depend-int	0.190	0.190	0.191	0.191	0.191	0.191	0.190	0.190	0.190	0.190	0.191	0.191	0.191	0.191	0.190	0.190	0.053	0.053	0.053	0.053	0.053	0.053	0.053	0.053	0.053	0.053	0.053	0.053	0.053	0.053	0.053	0.053
depend-fp	-
depend-branch	0.036	0.036	0.035	0.035	0.035	0.035	0.036	0.036	0.036	0.036	0.035	0.035	0.035	0.035	0.036	0.036	0.000	0.000	0.000	0.000	0.000	0.000	0.000	0.000	0.000	0.000	0.000	0.000	0.000	0.000	0.000	0.000
issue	0.000	0.000	0.000	0.000	0.000	0.000	0.000	0.000	0.000	0.000	0.000	0.000	0.000	0.000	0.000	0.000	0.082	0.082	0.082	0.082	0.082	0.082	0.082	0.082	0.082	0.082	0.082	0.082	0.082	0.082	0.082	0.082
serial	-
smt	-
branch	0.174	0.174	0.173	0.173	0.173	0.173	0.174	0.174	0.174	0.174	0.173	0.173	0.173	0.172	0.174	0.174	0.036	0.036	0.036	0.036	0.036	0.036	0.036	0.036	0.036	0.036	0.036	0.036	0.036	0.036	0.036	0.036
itlb	-
dtlb	-
ifetch	0.443	0.443	0.441	0.441	0.441	0.441	0.443	0.443	0.443	0.443	0.441	0.441	0.441	0.441	0.443	0.443	0.029	0.029	0.029	0.029	0.029	0.029	0.029	0.029	0.029	0.029	0.029	0.029	0.029	0.029	0.029	0.029
mem	-
mem-l1d	0.498	0.498	0.516	0.516	0.516	0.516	0.498	0.498	0.498	0.498	0.516	0.516	0.516	0.516	0.498	0.498	0.086	0.086	0.086	0.086	0.086	0.086	0.086	0.086	0.086	0.086	0.086	0.086	0.086	0.086	0.086	0.086
mem-l2	-
mem-l3	-
mem-l4	-
mem-remote	-
mem-nuca	-
mem-dram-cache	-
mem-dram	-
sync	-
dvfs-transition	-
imbalance	-
other	0.010	0.010	0.010	0.010	0.010	0.010	0.010	0.010	0.010	0.010	0.010	0.010	0.010	0.010	0.010	0.010	0.007	0.007	0.007	0.007	0.007	0.007	0.007	0.007	0.007	0.007	0.007	0.007	0.007	0.007	0.007	0.007
total	1.611	1.611	1.601	1.601	1.600	1.600	1.611	1.611	1.611	1.611	1.600	1.600	1.601	1.601	1.611	1.611	0.525	0.525	0.525	0.525	0.525	0.525	0.525	0.526	0.525	0.525	0.525	0.526	0.525	0.526	0.525	0.525
base	0.250	0.250	0.250	0.250	0.250	0.250	0.250	0.250	0.250	0.250	0.250	0.250	0.250	0.250	0.250	0.250	0.250	0.250	0.250	0.250	0.250	0.250	0.250	0.250	0.250	0.250	0.250	0.250	0.250	0.250	0.250	0.250
dispatch_width	-
rs_full	-
depend	-
depend-int	0.192	0.192	0.190	0.190	0.190	0.190	0.192	0.192	0.192	0.192	0.190	0.190	0.190	0.190	0.192	0.192	0.049	0.049	0.049	0.049	0.049	0.049	0.049	0.049	0.049	0.049	0.049	0.049	0.049	0.049	0.049	0.049
depend-fp	-
depend-branch	0.035	0.035	0.036	0.036	0.036	0.036	0.035	0.035	0.035	0.035	0.036	0.036	0.036	0.036	0.035	0.035	0.000	0.000	0.000	0.000	0.000	0.000	0.000	0.000	0.000	0.000	0.000	0.000	0.000	0.000	0.000	0.000
issue	0.000	0.000	0.000	0.000	0.000	0.000	0.000	0.000	0.000	0.000	0.000	0.000	0.000	0.000	0.000	0.000	0.081	0.081	0.081	0.081	0.081	0.081	0.081	0.081	0.081	0.081	0.081	0.081	0.081	0.081	0.081	0.081
serial	-
smt	-
branch	0.171	0.171	0.174	0.174	0.174	0.174	0.171	0.171	0.171	0.171	0.174	0.174	0.174	0.174	0.171	0.171	0.029	0.029	0.029	0.029	0.029	0.029	0.029	0.029	0.029	0.029	0.029	0.029	0.029	0.029	0.029	0.029
itlb	-
dtlb	-
ifetch	0.450	0.451	0.443	0.443	0.443	0.443	0.451	0.451	0.451	0.451	0.443	0.443	0.443	0.443	0.451	0.451	0.024	0.024	0.024	0.024	0.024	0.024	0.024	0.024	0.024	0.024	0.024	0.024	0.024	0.024	0.024	0.024
mem	-
mem-l1d	0.504	0.504	0.498	0.498	0.498	0.498	0.504	0.504	0.504	0.504	0.498	0.497	0.498	0.498	0.504	0.504	0.084	0.084	0.084	0.084	0.084	0.084	0.084	0.084	0.084	0.084	0.084	0.084	0.084	0.084	0.084	0.084
mem-l2	-
mem-l3	-
mem-l4	-
mem-remote	-
mem-nuca	-
mem-dram-cache	-
mem-dram	-
sync	-
dvfs-transition	-
imbalance	-
other	0.009	0.009	0.010	0.010	0.010	0.010	0.009	0.009	0.009	0.009	0.010	0.010	0.010	0.010	0.009	0.009	0.008	0.008	0.008	0.008	0.008	0.008	0.008	0.008	0.008	0.008	0.008	0.008	0.008	0.008	0.008	0.008
total	1.600	1.600	1.611	1.611	1.612	1.611	1.600	1.600	1.600	1.600	1.613	1.613	1.611	1.612	1.600	1.600	0.578	0.578	0.578	0.578	0.578	0.578	0.578	0.578	0.578	0.578	0.578	0.578	0.578	0.578	0.578	0.578
base	0.250	0.250	0.250	0.250	0.250	0.250	0.250	0.250	0.250	0.250	0.250	0.250	0.250	0.250	0.250	0.250	0.250	0.250	0.250	0.250	0.250	0.250	0.250	0.250	0.250	0.250	0.250	0.250	0.250	0.250	0.250	0.250
dispatch_width	-
rs_full	-
depend	-
depend-int	0.191	0.191	0.192	0.192	0.192	0.192	0.191	0.191	0.191	0.191	0.192	0.192	0.192	0.192	0.191	0.191	0.054	0.054	0.054	0.054	0.054	0.054	0.054	0.054	0.054	0.054	0.054	0.054	0.054	0.054	0.054	0.054
depend-fp	-
depend-branch	0.035	0.035	0.035	0.035	0.035	0.035	0.035	0.035	0.035	0.035	0.035	0.035	0.035	0.035	0.035	0.035	0.000	0.000	0.000	0.000	0.000	0.000	0.000	0.000	0.000	0.000	0.000	0.000	0.000	0.000	0.000	0.000
issue	0.000	0.000	0.000	0.000	0.000	0.000	0.000	0.000	0.000	0.000	0.000	0.000	0.000	0.000	0.000	0.000	0.078	0.078	0.078	0.078	0.078	0.078	0.078	0.078	0.078	0.078	0.078	0.078	0.078	0.078	0.078	0.078
serial	-
smt	-
branch	0.169	0.169	0.171	0.171	0.171	0.171	0.169	0.169	0.169	0.169	0.171	0.171	0.171	0.171	0.169	0.169	0.056	0.056	0.056	0.056	0.056	0.056	0.056	0.056	0.056	0.056	0.056	0.056	0.056	0.056	0.056	0.056
itlb	-
dtlb	-
ifetch	0.439	0.439	0.450	0.450	0.451	0.450	0.439	0.439	0.439	0.439	0.451	0.451	0.450	0.451	0.439	0.439	0.033	0.033	0.033	0.033	0.033	0.033	0.033	0.033	0.033	0.033	0.033	0.033	0.033	0.033	0.033	0.033
mem	-
mem-l1d	0.506	0.506	0.504	0.504	0.504	0.504	0.506	0.506	0.506	0.506	0.504	0.504	0.504	0.504	0.506	0.506	0.100	0.100	0.100	0.100	0.100	0.100	0.100	0.100	0.100	0.100	0.100	0.100	0.100	0.100	0.100	0.100
mem-l2	-
mem-l3	-
mem-l4	-
mem-remote	-
mem-nuca	-
mem-dram-cache	-
mem-dram	-
sync	-
dvfs-transition	-
imbalance	-
other	0.009	0.009	0.009	0.009	0.009	0.009	0.009	0.009	0.009	0.009	0.009	0.009	0.009	0.009	0.009	0.009	0.008	0.008	0.008	0.008	0.008	0.008	0.008	0.008	0.008	0.008	0.008	0.008	0.008	0.008	0.008	0.008
total	1.601	1.601	1.600	1.600	1.599	1.600	1.601	1.602	1.601	1.601	1.599	1.600	1.600	1.599	1.601	1.602	0.571	0.571	0.571	0.571	0.571	0.571	0.571	0.571	0.571	0.571	0.571	0.571	0.571	0.571	0.571	0.571
base	0.250	0.250	0.250	0.250	0.250	0.250	0.250	0.250	0.250	0.250	0.250	0.250	0.250	0.250	0.250	0.250	0.250	0.250	0.250	0.250	0.250	0.250	0.250	0.250	0.250	0.250	0.250	0.250	0.250	0.250	0.250	0.250
dispatch_width	-
rs_full	-
depend	-
depend-int	0.190	0.190	0.191	0.191	0.191	0.191	0.190	0.190	0.190	0.190	0.191	0.191	0.191	0.191	0.190	0.190	0.053	0.053	0.053	0.053	0.053	0.053	0.053	0.053	0.053	0.053	0.053	0.053	0.053	0.053	0.053	0.053
depend-fp	-
depend-branch	0.035	0.035	0.035	0.035	0.035	0.035	0.035	0.035	0.035	0.035	0.035	0.035	0.035	0.035	0.035	0.035	0.000	0.000	0.000	0.000	0.000	0.000	0.000	0.000	0.000	0.000	0.000	0.000	0.000	0.000	0.000	0.000
issue	0.000	0.000	0.000	0.000	0.000	0.000	0.000	0.000	0.000	0.000	0.000	0.000	0.000	0.000	0.000	0.000	0.079	0.079	0.079	0.079	0.079	0.079	0.079	0.079	0.079	0.079	0.079	0.079	0.079	0.079	0.079	0.079
serial	-
smt	-
branch	0.173	0.173	0.169	0.169	0.169	0.169	0.173	0.173	0.173	0.173	0.169	0.169	0.169	0.169	0.173	0.173	0.052	0.052	0.052	0.052	0.052	0.052	0.052	0.052	0.052	0.052	0.052	0.052	0.052	0.052	0.052	0.052
itlb	-
dtlb	-
ifetch	0.433	0.433	0.439	0.439	0.439	0.439	0.433	0.433	0.433	0.433	0.439	0.439	0.439	0.439	0.433	0.433	0.031	0.031	0.031	0.031	0.031	0.031	0.031	0.031	0.031	0.031	0.031	0.031	0.031	0.031	0.031	0.031
mem	-
mem-l1d	0.510	0.510	0.506	0.506	0.506	0.506	0.510	0.510	0.510	0.510	0.506	0.506	0.506	0.506	0.510	0.510	0.098	0.098	0.098	0.098	0.098	0.098	0.098	0.098	0.098	0.098	0.098	0.098	0.098	0.098	0.098	0.098
mem-l2	-
mem-l3	-
mem-l4	-
mem-remote	-
mem-nuca	-
mem-dram-cache	-
mem-dram	-
sync	-
dvfs-transition	-
imbalance	-
other	0.010	0.010	0.010	0.010	0.010	0.010	0.010	0.010	0.010	0.010	0.010	0.009	0.010	0.010	0.010	0.010	0.008	0.008	0.008	0.008	0.008	0.008	0.008	0.008	0.008	0.008	0.008	0.008	0.008	0.008	0.008	0.008
total	1.611	1.611	1.602	1.602	1.602	1.602	1.611	1.611	1.611	1.611	1.602	1.602	1.602	1.602	1.611	1.611	2.847	2.850	2.845	2.848	2.847	2.846	2.850	2.845	2.848	2.846	2.849	2.845	2.848	2.842	2.850	2.847
base	0.250	0.250	0.250	0.250	0.250	0.250	0.250	0.250	0.250	0.250	0.250	0.250	0.250	0.250	0.250	0.250	0.250	0.250	0.250	0.250	0.250	0.250	0.250	0.250	0.250	0.250	0.250	0.250	0.250	0.250	0.250	0.250
dispatch_width	-
rs_full	-
depend	-
depend-int	0.190	0.190	0.190	0.190	0.190	0.190	0.190	0.190	0.190	0.190	0.190	0.190	0.190	0.190	0.190	0.190	0.045	0.045	0.045	0.045	0.045	0.045	0.045	0.045	0.045	0.045	0.045	0.045	0.045	0.045	0.045	0.045
depend-fp	-
depend-branch	0.036	0.036	0.035	0.035	0.035	0.035	0.036	0.036	0.036	0.036	0.035	0.035	0.035	0.035	0.036	0.036	0.000	0.000	0.000	0.000	0.000	0.000	0.000	0.000	0.000	0.000	0.000	0.000	0.000	0.000	0.000	0.000
issue	0.000	0.000	0.000	0.000	0.000	0.000	0.000	0.000	0.000	0.000	0.000	0.000	0.000	0.000	0.000	0.000	0.078	0.078	0.078	0.078	0.078	0.078	0.078	0.078	0.078	0.078	0.078	0.078	0.078	0.078	0.078	0.078
serial	-
smt	-
branch	0.174	0.174	0.173	0.173	0.173	0.173	0.174	0.174	0.174	0.174	0.173	0.173	0.173	0.173	0.174	0.174	0.000	0.000	0.000	0.000	0.000	0.000	0.000	0.000	0.000	0.000	0.000	0.000	0.000	0.000	0.000	0.000
itlb	-
dtlb	-
ifetch	0.439	0.439	0.433	0.433	0.433	0.433	0.439	0.439	0.439	0.439	0.433	0.433	0.433	0.433	0.439	0.439	0.029	0.029	0.029	0.029	0.029	0.029	0.029	0.029	0.029	0.029	0.029	0.029	0.029	0.029	0.029	0.029
mem	-
mem-l1d	0.512	0.512	0.511	0.511	0.511	0.511	0.512	0.512	0.512	0.512	0.511	0.511	0.511	0.510	0.512	0.512	0.093	0.093	0.094	0.093	0.093	0.094	0.093	0.094	0.093	0.094	0.093	0.094	0.093	0.094	0.093	0.093
mem-l2	-
mem-l3	-
mem-l4	-
mem-remote	-
mem-nuca	-
mem-dram-cache	-
mem-dram	-
sync	-
dvfs-transition	-
imbalance	0.000	0.000	0.000	0.000	0.000	0.000	0.000	0.000	0.000	0.000	0.000	0.000	0.000	0.000	0.000	0.000	2.317	2.320	2.314	2.318	2.317	2.315	2.320	2.314	2.318	2.315	2.319	2.314	2.317	2.311	2.320	2.317
other	0.010	0.010	0.010	0.010	0.010	0.010	0.010	0.010	0.010	0.010	0.010	0.010	0.010	0.010	0.010	0.010	0.035	0.035	0.035	0.035	0.035	0.035	0.035	0.036	0.035	0.035	0.035	0.036	0.035	0.036	0.035	0.035
total	1.594	1.594	1.611	1.611	1.611	1.611	1.594	1.594	1.594	1.594	1.611	1.611	1.611	1.612	1.594	1.594	1000.006	1000.006	1000.006	1000.006	1000.006	1000.006	1000.006	1000.006	1000.006	1000.006	1000.006	1000.006	1000.006	1000.006	1000.006	1000.006
base	0.250	0.250	0.250	0.250	0.250	0.250	0.250	0.250	0.250	0.250	0.250	0.250	0.250	0.250	0.250	0.250	0.000	0.000	0.000	0.000	0.000	0.000	0.000	0.000	0.000	0.000	0.000	0.000	0.000	0.000	0.000	0.000
dispatch_width	-
rs_full	-
depend	-
depend-int	0.188	0.188	0.190	0.190	0.190	0.190	0.188	0.188	0.188	0.188	0.190	0.190	0.190	0.190	0.188	0.188	0.000	0.000	0.000	0.000	0.000	0.000	0.000	0.000	0.000	0.000	0.000	0.000	0.000	0.000	0.000	0.000
depend-fp	-
depend-branch	0.036	0.036	0.036	0.036	0.036	0.036	0.036	0.036	0.036	0.036	0.036	0.036	0.036	0.036	0.036	0.036	0.000	0.000	0.000	0.000	0.000	0.000	0.000	0.000	0.000	0.000	0.000	0.000	0.000	0.000	0.000	0.000
issue	-
serial	-
smt	-
branch	0.175	0.175	0.174	0.174	0.174	0.174	0.175	0.175	0.175	0.175	0.174	0.175	0.174	0.175	0.175	0.175	0.000	0.000	0.000	0.000	0.000	0.000	0.000	0.000	0.000	0.000	0.000	0.000	0.000	0.000	0.000	0.000
itlb	-
dtlb	-
ifetch	0.434	0.434	0.440	0.439	0.439	0.439	0.434	0.434	0.434	0.434	0.439	0.439	0.439	0.439	0.434	0.434	0.000	0.000	0.000	0.000	0.000	0.000	0.000	0.000	0.000	0.000	0.000	0.000	0.000	0.000	0.000	0.000
mem	-
mem-l1d	0.501	0.501	0.512	0.512	0.512	0.512	0.501	0.501	0.501	0.501	0.512	0.512	0.512	0.512	0.501	0.501	0.000	0.000	0.000	0.000	0.000	0.000	0.000	0.000	0.000	0.000	0.000	0.000	0.000	0.000	0.000	0.000
mem-l2	-
mem-l3	-
mem-l4	-
mem-remote	-
mem-nuca	-
mem-dram-cache	-
mem-dram	-
sync	-
dvfs-transition	-
imbalance	0.000	0.000	0.000	0.000	0.000	0.000	0.000	0.000	0.000	0.000	0.000	0.000	0.000	0.000	0.000	0.000	998.006	998.006	998.006	998.006	998.006	998.006	998.006	998.006	998.006	998.006	998.006	998.006	998.006	998.006	998.006	998.006
other	0.010	0.010	0.010	0.010	0.010	0.010	0.010	0.010	0.010	0.010	0.010	0.010	0.010	0.010	0.010	0.010	2.000	2.000	2.000	2.000	2.000	2.000	2.000	2.000	2.000	2.000	2.000	2.000	2.000	2.000	2.000	2.000
total	1.608	1.608	1.594	1.594	1.594	1.594	1.608	1.608	1.608	1.608	1.595	1.593	1.594	1.593	1.608	1.608	1000.004	1000.004	1000.004	1000.004	1000.004	1000.004	1000.004	1000.004	1000.004	1000.004	1000.004	1000.004	1000.004	1000.004	1000.004	1000.004
base	0.250	0.250	0.250	0.250	0.250	0.250	0.250	0.250	0.250	0.250	0.250	0.250	0.250	0.250	0.250	0.250	0.000	0.000	0.000	0.000	0.000	0.000	0.000	0.000	0.000	0.000	0.000	0.000	0.000	0.000	0.000	0.000
dispatch_width	-
rs_full	-
depend	-
depend-int	0.191	0.191	0.188	0.188	0.188	0.188	0.191	0.191	0.191	0.191	0.188	0.188	0.188	0.188	0.191	0.191	0.000	0.000	0.000	0.000	0.000	0.000	0.000	0.000	0.000	0.000	0.000	0.000	0.000	0.000	0.000	0.000
depend-fp	-
depend-branch	0.035	0.035	0.036	0.036	0.036	0.036	0.035	0.035	0.035	0.035	0.036	0.036	0.036	0.035	0.035	0.035	0.000	0.000	0.000	0.000	0.000	0.000	0.000	0.000	0.000	0.000	0.000	0.000	0.000	0.000	0.000	0.000
issue	-
serial	-
smt	-
branch	0.172	0.172	0.175	0.175	0.176	0.175	0.172	0.172	0.172	0.172	0.176	0.175	0.175	0.175	0.172	0.172	0.000	0.000	0.000	0.000	0.000	0.000	0.000	0.000	0.000	0.000	0.000	0.000	0.000	0.000	0.000	0.000
itlb	-
dtlb	-
ifetch	0.444	0.444	0.434	0.434	0.434	0.434	0.444	0.444	0.444	0.444	0.434	0.434	0.434	0.434	0.444	0.444	0.000	0.000	0.000	0.000	0.000	0.000	0.000	0.000	0.000	0.000	0.000	0.000	0.000	0.000	0.000	0.000
mem	-
mem-l1d	0.507	0.507	0.501	0.501	0.501	0.501	0.507	0.507	0.507	0.507	0.501	0.501	0.501	0.501	0.507	0.507	0.000	0.000	0.000	0.000	0.000	0.000	0.000	0.000	0.000	0.000	0.000	0.000	0.000	0.000	0.000	0.000
mem-l2	-
mem-l3	-
mem-l4	-
mem-remote	-
mem-nuca	-
mem-dram-cache	-
mem-dram	-
sync	-
dvfs-transition	-
imbalance	0.000	0.000	0.000	0.000	0.000	0.000	0.000	0.000	0.000	0.000	0.000	0.000	0.000	0.000	0.000	0.000	1000.004	1000.004	1000.004	1000.004	1000.004	1000.004	1000.004	1000.004	1000.004	1000.004	1000.004	1000.004	1000.004	1000.004	1000.004	1000.004
other	0.009	0.009	0.010	0.010	0.010	0.010	0.009	0.009	0.009	0.009	0.010	0.010	0.010	0.010	0.009	0.009	0.000	0.000	0.000	0.000	0.000	0.000	0.000	0.000	0.000	0.000	0.000	0.000	0.000	0.000	0.000	0.000
total	1.597	1.597	1.608	1.608	1.607	1.608	1.597	1.597	1.597	1.597	1.607	1.607	1.608	1.607	1.597	1.597	1000.011	1000.011	1000.011	1000.011	1000.011	1000.011	1000.011	1000.011	1000.011	1000.011	1000.011	1000.011	1000.011	1000.011	1000.011	1000.011
base	0.250	0.250	0.250	0.250	0.250	0.250	0.250	0.250	0.250	0.250	0.250	0.250	0.250	0.250	0.250	0.250	0.000	0.000	0.000	0.000	0.000	0.000	0.000	0.000	0.000	0.000	0.000	0.000	0.000	0.000	0.000	0.000
dispatch_width	-
rs_full	-
depend	-
depend-int	0.189	0.189	0.191	0.191	0.191	0.191	0.189	0.189	0.189	0.189	0.191	0.191	0.191	0.191	0.189	0.189	0.000	0.000	0.000	0.000	0.000	0.000	0.000	0.000	0.000	0.000	0.000	0.000	0.000	0.000	0.000	0.000
depend-fp	-
depend-branch	0.035	0.035	0.035	0.035	0.035	0.035	0.035	0.035	0.035	0.035	0.035	0.035	0.035	0.035	0.035	0.035	0.000	0.000	0.000	0.000	0.000	0.000	0.000	0.000	0.000	0.000	0.000	0.000	0.000	0.000	0.000	0.000
issue	-
serial	-
smt	-
branch	0.171	0.171	0.172	0.172	0.172	0.172	0.171	0.171	0.171	0.171	0.172	0.172	0.172	0.172	0.171	0.171	0.000	0.000	0.000	0.000	0.000	0.000	0.000	0.000	0.000	0.000	0.000	0.000	0.000	0.000	0.000	0.000
itlb	-
dtlb	-
ifetch	0.442	0.442	0.444	0.444	0.444	0.444	0.442	0.442	0.442	0.442	0.444	0.444	0.444	0.444	0.442	0.442	0.000	0.000	0.000	0.000	0.000	0.000	0.000	0.000	0.000	0.000	0.000	0.000	0.000	0.000	0.000	0.000
mem	-
mem-l1d	0.499	0.499	0.507	0.507	0.506	0.507	0.499	0.499	0.499	0.499	0.506	0.506	0.507	0.506	0.499	0.499	0.000	0.000	0.000	0.000	0.000	0.000	0.000	0.000	0.000	0.000	0.000	0.000	0.000	0.000	0.000	0.000
mem-l2	-
mem-l3	-
mem-l4	-
mem-remote	-
mem-nuca	-
mem-dram-cache	-
mem-dram	-
sync	-
dvfs-transition	-
imbalance	0.000	0.000	0.000	0.000	0.000	0.000	0.000	0.000	0.000	0.000	0.000	0.000	0.000	0.000	0.000	0.000	1000.011	1000.011	1000.011	1000.011	1000.011	1000.011	1000.011	1000.011	1000.011	1000.011	1000.011	1000.011	1000.011	1000.011	1000.011	1000.011
other	0.010	0.010	0.009	0.009	0.009	0.009	0.010	0.010	0.010	0.010	0.009	0.009	0.009	0.009	0.010	0.010	0.000	0.000	0.000	0.000	0.000	0.000	0.000	0.000	0.000	0.000	0.000	0.000	0.000	0.000	0.000	0.000
total	1.598	1.598	1.597	1.597	1.597	1.597	1.598	1.598	1.598	1.598	1.597	1.597	1.597	1.598	1.598	1.598	1000.013	1000.013	1000.013	1000.013	1000.013	1000.013	1000.013	1000.013	1000.013	1000.013	1000.013	1000.013	1000.013	1000.013	1000.013	1000.013
base	0.250	0.250	0.250	0.250	0.250	0.250	0.250	0.250	0.250	0.250	0.250	0.250	0.250	0.250	0.250	0.250	0.000	0.000	0.000	0.000	0.000	0.000	0.000	0.000	0.000	0.000	0.000	0.000	0.000	0.000	0.000	0.000
dispatch_width	-
rs_full	-
depend	-
depend-int	0.189	0.189	0.189	0.189	0.189	0.189	0.189	0.189	0.189	0.189	0.189	0.189	0.189	0.189	0.189	0.189	0.000	0.000	0.000	0.000	0.000	0.000	0.000	0.000	0.000	0.000	0.000	0.000	0.000	0.000	0.000	0.000
depend-fp	-
depend-branch	0.035	0.035	0.035	0.035	0.035	0.035	0.035	0.035	0.035	0.035	0.035	0.035	0.035	0.035	0.035	0.035	0.000	0.000	0.000	0.000	0.000	0.000	0.000	0.000	0.000	0.000	0.000	0.000	0.000	0.000	0.000	0.000
issue	-
serial	-
smt	-
branch	0.173	0.173	0.171	0.171	0.171	0.171	0.173	0.173	0.173	0.173	0.171	0.171	0.171	0.171	0.173	0.173	0.000	0.000	0.000	0.000	0.000	0.000	0.000	0.000	0.000	0.000	0.000	0.000	0.000	0.000	0.000	0.000
itlb	-
dtlb	-
ifetch	0.439	0.439	0.442	0.442	0.442	0.442	0.439	0.439	0.439	0.439	0.442	0.442	0.442	0.443	0.439	0.439	0.000	0.000	0.000	0.000	0.000	0.000	0.000	0.000	0.000	0.000	0.000	0.000	0.000	0.000	0.000	0.000
mem	-
mem-l1d	0.502	0.501	0.499	0.499	0.499	0.499	0.501	0.502	0.501	0.502	0.499	0.499	0.499	0.499	0.501	0.502	0.000	0.000	0.000	0.000	0.000	0.000	0.000	0.000	0.000	0.000	0.000	0.000	0.000	0.000	0.000	0.000
mem-l2	-
mem-l3	-
mem-l4	-
mem-remote	-
mem-nuca	-
mem-dram-cache	-
mem-dram	-
sync	-
dvfs-transition	-
imbalance	0.000	0.000	0.000	0.000	0.000	0.000	0.000	0.000	0.000	0.000	0.000	0.000	0.000	0.000	0.000	0.000	1000.013	1000.013	1000.013	1000.013	1000.013	1000.013	1000.013	1000.013	1000.013	1000.013	1000.013	1000.013	1000.013	1000.013	1000.013	1000.013
other	0.010	0.010	0.010	0.010	0.010	0.010	0.010	0.010	0.010	0.010	0.010	0.010	0.010	0.010	0.010	0.010	0.000	0.000	0.000	0.000	0.000	0.000	0.000	0.000	0.000	0.000	0.000	0.000	0.000	0.000	0.000	0.000
total	1.612	1.612	1.598	1.598	1.597	1.598	1.612	1.612	1.612	1.612	1.597	1.597	1.598	1.598	1.612	1.612	1000.002	1000.002	1000.002	1000.002	1000.002	1000.002	1000.002	1000.002	1000.002	1000.002	1000.002	1000.002	1000.002	1000.002	1000.002	1000.002
base	0.250	0.250	0.250	0.250	0.250	0.250	0.250	0.250	0.250	0.250	0.250	0.250	0.250	0.250	0.250	0.250	0.000	0.000	0.000	0.000	0.000	0.000	0.000	0.000	0.000	0.000	0.000	0.000	0.000	0.000	0.000	0.000
dispatch_width	-
rs_full	-
depend	-
depend-int	0.191	0.191	0.189	0.189	0.189	0.189	0.191	0.191	0.191	0.191	0.189	0.189	0.189	0.189	0.191	0.191	0.000	0.000	0.000	0.000	0.000	0.000	0.000	0.000	0.000	0.000	0.000	0.000	0.000	0.000	0.000	0.000
depend-fp	-
depend-branch	0.036	0.036	0.035	0.035	0.035	0.035	0.036	0.036	0.036	0.036	0.035	0.035	0.035	0.035	0.036	0.036	0.000	0.000	0.000	0.000	0.000	0.000	0.000	0.000	0.000	0.000	0.000	0.000	0.000	0.000	0.000	0.000
issue	-
serial	-
smt	-
branch	0.175	0.175	0.173	0.173	0.173	0.173	0.175	0.175	0.175	0.175	0.172	0.172	0.173	0.172	0.175	0.175	0.000	0.000	0.000	0.000	0.000	0.000	0.000	0.000	0.000	0.000	0.000	0.000	0.000	0.000	0.000	0.000
itlb	-
dtlb	-
ifetch	0.444	0.444	0.439	0.439	0.439	0.439	0.444	0.444	0.444	0.444	0.439	0.439	0.439	0.439	0.444	0.444	0.000	0.000	0.000	0.000	0.000	0.000	0.000	0.000	0.000	0.000	0.000	0.000	0.000	0.000	0.000	0.000
mem	-
mem-l1d	0.506	0.506	0.502	0.502	0.501	0.502	0.506	0.506	0.506	0.506	0.501	0.501	0.502	0.502	0.506	0.506	0.000	0.000	0.000	0.000	0.000	0.000	0.000	0.000	0.000	0.000	0.000	0.000	0.000	0.000	0.000	0.000
mem-l2	-
mem-l3	-
mem-l4	-
mem-remote	-
mem-nuca	-
mem-dram-cache	-
mem-dram	-
sync	-
dvfs-transition	-
imbalance	0.000	0.000	0.000	0.000	0.000	0.000	0.000	0.000	0.000	0.000	0.000	0.000	0.000	0.000	0.000	0.000	1000.002	1000.002	1000.002	1000.002	1000.002	1000.002	1000.002	1000.002	1000.002	1000.002	1000.002	1000.002	1000.002	1000.002	1000.002	1000.002
other	0.011	0.011	0.010	0.010	0.010	0.010	0.011	0.011	0.011	0.011	0.010	0.010	0.010	0.010	0.011	0.011	0.000	0.000	0.000	0.000	0.000	0.000	0.000	0.000	0.000	0.000	0.000	0.000	0.000	0.000	0.000	0.000
total	1.574	1.574	1.612	1.612	1.613	1.612	1.574	1.574	1.574	1.574	1.613	1.613	1.612	1.612	1.574	1.574	1000.003	1000.003	1000.003	1000.003	1000.003	1000.003	1000.003	1000.003	1000.003	1000.003	1000.003	1000.003	1000.003	1000.003	1000.003	1000.003
base	0.250	0.250	0.250	0.250	0.250	0.250	0.250	0.250	0.250	0.250	0.250	0.250	0.250	0.250	0.250	0.250	0.000	0.000	0.000	0.000	0.000	0.000	0.000	0.000	0.000	0.000	0.000	0.000	0.000	0.000	0.000	0.000
dispatch_width	-
rs_full	-
depend	-
depend-int	0.191	0.191	0.191	0.191	0.191	0.191	0.191	0.191	0.191	0.191	0.191	0.191	0.191	0.190	0.191	0.191	0.000	0.000	0.000	0.000	0.000	0.000	0.000	0.000	0.000	0.000	0.000	0.000	0.000	0.000	0.000	0.000
depend-fp	-
depend-branch	0.032	0.032	0.036	0.036	0.036	0.036	0.032	0.032	0.032	0.032	0.036	0.036	0.036	0.036	0.032	0.032	0.000	0.000	0.000	0.000	0.000	0.000	0.000	0.000	0.000	0.000	0.000	0.000	0.000	0.000	0.000	0.000
issue	-
serial	-
smt	-
branch	0.160	0.160	0.175	0.175	0.175	0.175	0.160	0.160	0.160	0.160	0.175	0.175	0.175	0.175	0.160	0.160	0.000	0.000	0.000	0.000	0.000	0.000	0.000	0.000	0.000	0.000	0.000	0.000	0.000	0.000	0.000	0.000
itlb	-
dtlb	-
ifetch	0.424	0.424	0.444	0.444	0.444	0.444	0.424	0.424	0.424	0.424	0.444	0.444	0.444	0.444	0.424	0.424	0.000	0.000	0.000	0.000	0.000	0.000	0.000	0.000	0.000	0.000	0.000	0.000	0.000	0.000	0.000	0.000
mem	-
mem-l1d	0.506	0.506	0.506	0.506	0.506	0.506	0.507	0.507	0.507	0.506	0.506	0.507	0.506	0.506	0.507	0.507	0.000	0.000	0.000	0.000	0.000	0.000	0.000	0.000	0.000	0.000	0.000	0.000	0.000	0.000	0.000	0.000
mem-l2	-
mem-l3	-
mem-l4	-
mem-remote	-
mem-nuca	-
mem-dram-cache	-
mem-dram	-
sync	-
dvfs-transition	-
imbalance	0.000	0.000	0.000	0.000	0.000	0.000	0.000	0.000	0.000	0.000	0.000	0.000	0.000	0.000	0.000	0.000	1000.003	1000.003	1000.003	1000.003	1000.003	1000.003	1000.003	1000.003	1000.003	1000.003	1000.003	1000.003	1000.003	1000.003	1000.003	1000.003
other	0.009	0.009	0.011	0.011	0.011	0.011	0.009	0.009	0.009	0.009	0.011	0.011	0.011	0.011	0.009	0.009	0.000	0.000	0.000	0.000	0.000	0.000	0.000	0.000	0.000	0.000	0.000	0.000	0.000	0.000	0.000	0.000
total	1.573	1.572	1.574	1.574	1.574	1.574	1.572	1.573	1.572	1.573	1.574	1.574	1.574	1.574	1.572	1.573	1000.005	1000.005	1000.005	1000.005	1000.005	1000.005	1000.005	1000.005	1000.005	1000.005	1000.005	1000.005	1000.005	1000.005	1000.005	1000.005
base	0.250	0.250	0.250	0.250	0.250	0.250	0.250	0.250	0.250	0.250	0.250	0.250	0.250	0.250	0.250	0.250	0.000	0.000	0.000	0.000	0.000	0.000	0.000	0.000	0.000	0.000	0.000	0.000	0.000	0.000	0.000	0.000
dispatch_width	-
rs_full	-
depend	-
depend-int	0.191	0.191	0.191	0.191	0.191	0.191	0.191	0.191	0.191	0.191	0.191	0.191	0.191	0.191	0.191	0.191	0.000	0.000	0.000	0.000	0.000	0.000	0.000	0.000	0.000	0.000	0.000	0.000	0.000	0.000	0.000	0.000
depend-fp	-
depend-branch	0.033	0.033	0.032	0.032	0.032	0.032	0.033	0.033	0.033	0.033	0.032	0.032	0.032	0.032	0.033	0.033	0.000	0.000	0.000	0.000	0.000	0.000	0.000	0.000	0.000	0.000	0.000	0.000	0.000	0.000	0.000	0.000
issue	-
serial	-
smt	-
branch	0.158	0.158	0.160	0.160	0.160	0.160	0.158	0.158	0.158	0.158	0.160	0.160	0.160	0.160	0.158	0.158	0.000	0.000	0.000	0.000	0.000	0.000	0.000	0.000	0.000	0.000	0.000	0.000	0.000	0.000	0.000	0.000
itlb	-
dtlb	-
ifetch	0.425	0.425	0.424	0.424	0.424	0.424	0.425	0.425	0.425	0.425	0.424	0.424	0.424	0.425	0.425	0.425	0.000	0.000	0.000	0.000	0.000	0.000	0.000	0.000	0.000	0.000	0.000	0.000	0.000	0.000	0.000	0.000
mem	-
mem-l1d	0.506	0.506	0.506	0.506	0.506	0.506	0.506	0.506	0.506	0.506	0.506	0.506	0.506	0.506	0.506	0.506	0.000	0.000	0.000	0.000	0.000	0.000	0.000	0.000	0.000	0.000	0.000	0.000	0.000	0.000	0.000	0.000
mem-l2	-
mem-l3	-
mem-l4	-
mem-remote	-
mem-nuca	-
mem-dram-cache	-
mem-dram	-
sync	-
dvfs-transition	-
imbalance	0.000	0.000	0.000	0.000	0.000	0.000	0.000	0.000	0.000	0.000	0.000	0.000	0.000	0.000	0.000	0.000	1000.005	1000.005	1000.005	1000.005	1000.005	1000.005	1000.005	1000.005	1000.005	1000.005	1000.005	1000.005	1000.005	1000.005	1000.005	1000.005
other	0.010	0.010	0.009	0.009	0.009	0.009	0.010	0.010	0.010	0.010	0.009	0.009	0.009	0.009	0.010	0.010	0.000	0.000	0.000	0.000	0.000	0.000	0.000	0.000	0.000	0.000	0.000	0.000	0.000	0.000	0.000	0.000
total	1.577	1.577	1.573	1.573	1.573	1.573	1.577	1.577	1.577	1.577	1.573	1.572	1.573	1.572	1.577	1.577	1000.002	1000.002	1000.002	1000.002	1000.002	1000.002	1000.002	1000.002	1000.002	1000.002	1000.002	1000.002	1000.002	1000.002	1000.002	1000.002
base	0.250	0.250	0.250	0.250	0.250	0.250	0.250	0.250	0.250	0.250	0.250	0.250	0.250	0.250	0.250	0.250	0.000	0.000	0.000	0.000	0.000	0.000	0.000	0.000	0.000	0.000	0.000	0.000	0.000	0.000	0.000	0.000
dispatch_width	-
rs_full	-
depend	-
depend-int	0.190	0.190	0.191	0.191	0.191	0.191	0.190	0.190	0.190	0.190	0.191	0.191	0.191	0.191	0.190	0.190	0.000	0.000	0.000	0.000	0.000	0.000	0.000	0.000	0.000	0.000	0.000	0.000	0.000	0.000	0.000	0.000
depend-fp	-
depend-branch	0.034	0.034	0.033	0.033	0.033	0.033	0.034	0.034	0.034	0.034	0.033	0.033	0.033	0.033	0.034	0.034	0.000	0.000	0.000	0.000	0.000	0.000	0.000	0.000	0.000	0.000	0.000	0.000	0.000	0.000	0.000	0.000
issue	-
serial	-
smt	-
branch	0.161	0.161	0.158	0.158	0.158	0.158	0.161	0.161	0.161	0.161	0.158	0.158	0.158	0.158	0.161	0.161	0.000	0.000	0.000	0.000	0.000	0.000	0.000	0.000	0.000	0.000	0.000	0.000	0.000	0.000	0.000	0.000
itlb	-
dtlb	-
ifetch	0.437	0.437	0.425	0.425	0.425	0.425	0.437	0.437	0.437	0.437	0.425	0.425	0.425	0.425	0.437	0.437	0.000	0.000	0.000	0.000	0.000	0.000	0.000	0.000	0.000	0.000	0.000	0.000	0.000	0.000	0.000	0.000
mem	-
mem-l1d	0.495	0.495	0.506	0.506	0.506	0.506	0.495	0.495	0.495	0.495	0.506	0.506	0.506	0.506	0.495	0.495	0.000	0.000	0.000	0.000	0.000	0.000	0.000	0.000	0.000	0.000	0.000	0.000	0.000	0.000	0.000	0.000
mem-l2	-
mem-l3	-
mem-l4	-
mem-remote	-
mem-nuca	-
mem-dram-cache	-
mem-dram	-
sync	-
dvfs-transition	-
imbalance	0.000	0.000	0.000	0.000	0.000	0.000	0.000	0.000	0.000	0.000	0.000	0.000	0.000	0.000	0.000	0.000	1000.002	1000.002	1000.002	1000.002	1000.002	1000.002	1000.002	1000.002	1000.002	1000.002	1000.002	1000.002	1000.002	1000.002	1000.002	1000.002
other	0.010	0.010	0.010	0.010	0.010	0.010	0.010	0.010	0.010	0.010	0.010	0.010	0.010	0.010	0.010	0.010	0.000	0.000	0.000	0.000	0.000	0.000	0.000	0.000	0.000	0.000	0.000	0.000	0.000	0.000	0.000	0.000
total	1.559	1.559	1.577	1.577	1.577	1.577	1.559	1.559	1.559	1.559	1.577	1.578	1.577	1.579	1.559	1.559	1000.009	1000.009	1000.009	1000.009	1000.009	1000.009	1000.009	1000.009	1000.009	1000.009	1000.009	1000.009	1000.009	1000.009	1000.009	1000.009
base	0.250	0.250	0.250	0.250	0.250	0.250	0.250	0.250	0.250	0.250	0.250	0.250	0.250	0.250	0.250	0.250	0.000	0.000	0.000	0.000	0.000	0.000	0.000	0.000	0.000	0.000	0.000	0.000	0.000	0.000	0.000	0.000
dispatch_width	-
rs_full	-
depend	-
depend-int	0.188	0.188	0.190	0.190	0.190	0.190	0.188	0.188	0.188	0.188	0.190	0.190	0.190	0.190	0.188	0.188	0.000	0.000	0.000	0.000	0.000	0.000	0.000	0.000	0.000	0.000	0.000	0.000	0.000	0.000	0.000	0.000
depend-fp	-
depend-branch	0.033	0.033	0.034	0.034	0.034	0.034	0.033	0.033	0.033	0.033	0.034	0.034	0.034	0.034	0.033	0.033	0.000	0.000	0.000	0.000	0.000	0.000	0.000	0.000	0.000	0.000	0.000	0.000	0.000	0.000	0.000	0.000
issue	-
serial	-
smt	-
branch	0.162	0.162	0.161	0.161	0.161	0.161	0.161	0.162	0.161	0.162	0.161	0.161	0.161	0.161	0.162	0.162	0.000	0.000	0.000	0.000	0.000	0.000	0.000	0.000	0.000	0.000	0.000	0.000	0.000	0.000	0.000	0.000
itlb	-
dtlb	-
ifetch	0.421	0.421	0.437	0.437	0.437	0.437	0.421	0.421	0.421	0.421	0.437	0.438	0.437	0.438	0.421	0.421	0.000	0.000	0.000	0.000	0.000	0.000	0.000	0.000	0.000	0.000	0.000	0.000	0.000	0.000	0.000	0.000
mem	-
mem-l1d	0.496	0.496	0.495	0.495	0.495	0.495	0.496	0.496	0.496	0.496	0.495	0.495	0.495	0.495	0.496	0.496	0.000	0.000	0.000	0.000	0.000	0.000	0.000	0.000	0.000	0.000	0.000	0.000	0.000	0.000	0.000	0.000
mem-l2	-
mem-l3	-
mem-l4	-
mem-remote	-
mem-nuca	-
mem-dram-cache	-
mem-dram	-
sync	-
dvfs-transition	-
imbalance	0.000	0.000	0.000	0.000	0.000	0.000	0.000	0.000	0.000	0.000	0.000	0.000	0.000	0.000	0.000	0.000	1000.009	1000.009	1000.009	1000.009	1000.009	1000.009	1000.009	1000.009	1000.009	1000.009	1000.009	1000.009	1000.009	1000.009	1000.009	1000.009
other	0.009	0.009	0.010	0.010	0.010	0.010	0.009	0.009	0.009	0.009	0.010	0.010	0.010	0.010	0.009	0.009	0.000	0.000	0.000	0.000	0.000	0.000	0.000	0.000	0.000	0.000	0.000	0.000	0.000	0.000	0.000	0.000
total	1.558	1.558	1.559	1.559	1.559	1.559	1.558	1.558	1.558	1.558	1.559	1.559	1.559	1.560	1.558	1.558	1000.007	1000.007	1000.007	1000.007	1000.007	1000.007	1000.007	1000.007	1000.007	1000.007	1000.007	1000.007	1000.007	1000.007	1000.007	1000.007
base	0.250	0.250	0.250	0.250	0.250	0.250	0.250	0.250	0.250	0.250	0.250	0.250	0.250	0.250	0.250	0.250	0.000	0.000	0.000	0.000	0.000	0.000	0.000	0.000	0.000	0.000	0.000	0.000	0.000	0.000	0.000	0.000
dispatch_width	-
rs_full	-
depend	-
depend-int	0.190	0.190	0.188	0.188	0.188	0.188	0.190	0.190	0.190	0.190	0.188	0.188	0.188	0.188	0.190	0.190	0.000	0.000	0.000	0.000	0.000	0.000	0.000	0.000	0.000	0.000	0.000	0.000	0.000	0.000	0.000	0.000
depend-fp	-
depend-branch	0.032	0.032	0.033	0.033	0.033	0.033	0.032	0.032	0.032	0.032	0.033	0.034	0.033	0.034	0.032	0.032	0.000	0.000	0.000	0.000	0.000	0.000	0.000	0.000	0.000	0.000	0.000	0.000	0.000	0.000	0.000	0.000
issue	-
serial	-
smt	-
branch	0.153	0.153	0.162	0.162	0.162	0.162	0.153	0.153	0.153	0.153	0.162	0.162	0.162	0.162	0.153	0.153	0.000	0.000	0.000	0.000	0.000	0.000	0.000	0.000	0.000	0.000	0.000	0.000	0.000	0.000	0.000	0.000
itlb	-
dtlb	-
ifetch	0.416	0.417	0.421	0.421	0.421	0.421	0.416	0.416	0.416	0.416	0.421	0.421	0.421	0.422	0.416	0.416	0.000	0.000	0.000	0.000	0.000	0.000	0.000	0.000	0.000	0.000	0.000	0.000	0.000	0.000	0.000	0.000
mem	-
mem-l1d	0.506	0.506	0.496	0.496	0.496	0.496	0.506	0.506	0.506	0.506	0.496	0.496	0.496	0.496	0.506	0.506	0.000	0.000	0.000	0.000	0.000	0.000	0.000	0.000	0.000	0.000	0.000	0.000	0.000	0.000	0.000	0.000
mem-l2	-
mem-l3	-
mem-l4	-
mem-remote	-
mem-nuca	-
mem-dram-cache	-
mem-dram	-
sync	-
dvfs-transition	-
imbalance	0.000	0.000	0.000	0.000	0.000	0.000	0.000	0.000	0.000	0.000	0.000	0.000	0.000	0.000	0.000	0.000	1000.007	1000.007	1000.007	1000.007	1000.007	1000.007	1000.007	1000.007	1000.007	1000.007	1000.007	1000.007	1000.007	1000.007	1000.007	1000.007
other	0.010	0.010	0.009	0.009	0.009	0.009	0.010	0.010	0.010	0.010	0.009	0.009	0.009	0.009	0.010	0.010	0.000	0.000	0.000	0.000	0.000	0.000	0.000	0.000	0.000	0.000	0.000	0.000	0.000	0.000	0.000	0.000
total	1.579	1.579	1.557	1.557	1.557	1.557	1.579	1.579	1.579	1.579	1.557	1.556	1.557	1.555	1.579	1.579	1000.004	1000.004	1000.004	1000.004	1000.004	1000.004	1000.004	1000.004	1000.004	1000.004	1000.004	1000.004	1000.004	1000.004	1000.004	1000.004
base	0.250	0.250	0.250	0.250	0.250	0.250	0.250	0.250	0.250	0.250	0.250	0.250	0.250	0.250	0.250	0.250	0.000	0.000	0.000	0.000	0.000	0.000	0.000	0.000	0.000	0.000	0.000	0.000	0.000	0.000	0.000	0.000
dispatch_width	-
rs_full	-
depend	-
depend-int	0.190	0.190	0.190	0.190	0.190	0.190	0.190	0.190	0.190	0.190	0.190	0.189	0.190	0.189	0.190	0.190	0.000	0.000	0.000	0.000	0.000	0.000	0.000	0.000	0.000	0.000	0.000	0.000	0.000	0.000	0.000	0.000
depend-fp	-
depend-branch	0.034	0.034	0.032	0.032	0.032	0.032	0.034	0.034	0.034	0.034	0.032	0.032	0.032	0.032	0.034	0.034	0.000	0.000	0.000	0.000	0.000	0.000	0.000	0.000	0.000	0.000	0.000	0.000	0.000	0.000	0.000	0.000
issue	-
serial	-
smt	-
branch	0.163	0.163	0.153	0.153	0.153	0.153	0.163	0.163	0.163	0.163	0.153	0.153	0.153	0.153	0.163	0.163	0.000	0.000	0.000	0.000	0.000	0.000	0.000	0.000	0.000	0.000	0.000	0.000	0.000	0.000	0.000	0.000
itlb	-
dtlb	-
ifetch	0.426	0.426	0.416	0.416	0.416	0.416	0.426	0.426	0.426	0.426	0.416	0.416	0.416	0.415	0.426	0.426	0.000	0.000	0.000	0.000	0.000	0.000	0.000	0.000	0.000	0.000	0.000	0.000	0.000	0.000	0.000	0.000
mem	-
mem-l1d	0.507	0.507	0.506	0.506	0.506	0.506	0.507	0.507	0.507	0.507	0.506	0.506	0.506	0.505	0.507	0.507	0.000	0.000	0.000	0.000	0.000	0.000	0.000	0.000	0.000	0.000	0.000	0.000	0.000	0.000	0.000	0.000
mem-l2	-
mem-l3	-
mem-l4	-
mem-remote	-
mem-nuca	-
mem-dram-cache	-
mem-dram	-
sync	-
dvfs-transition	-
imbalance	0.000	0.000	0.000	0.000	0.000	0.000	0.000	0.000	0.000	0.000	0.000	0.000	0.000	0.000	0.000	0.000	1000.004	1000.004	1000.004	1000.004	1000.004	1000.004	1000.004	1000.004	1000.004	1000.004	1000.004	1000.004	1000.004	1000.004	1000.004	1000.004
other	0.010	0.010	0.010	0.010	0.010	0.010	0.010	0.010	0.010	0.010	0.010	0.010	0.010	0.010	0.010	0.010	0.000	0.000	0.000	0.000	0.000	0.000	0.000	0.000	0.000	0.000	0.000	0.000	0.000	0.000	0.000	0.000
total	1.592	1.592	1.579	1.579	1.579	1.579	1.592	1.592	1.592	1.592	1.579	1.579	1.579	1.579	1.592	1.592	1000.003	1000.003	1000.003	1000.003	1000.003	1000.003	1000.003	1000.003	1000.003	1000.003	1000.003	1000.003	1000.003	1000.003	1000.003	1000.003
base	0.250	0.250	0.250	0.250	0.250	0.250	0.250	0.250	0.250	0.250	0.250	0.250	0.250	0.250	0.250	0.250	0.000	0.000	0.000	0.000	0.000	0.000	0.000	0.000	0.000	0.000	0.000	0.000	0.000	0.000	0.000	0.000
dispatch_width	-
rs_full	-
depend	-
depend-int	0.189	0.189	0.190	0.190	0.190	0.190	0.189	0.189	0.189	0.189	0.190	0.190	0.190	0.190	0.189	0.189	0.000	0.000	0.000	0.000	0.000	0.000	0.000	0.000	0.000	0.000	0.000	0.000	0.000	0.000	0.000	0.000
depend-fp	-
depend-branch	0.035	0.035	0.034	0.034	0.034	0.034	0.035	0.035	0.035	0.035	0.034	0.034	0.034	0.034	0.035	0.035	0.000	0.000	0.000	0.000	0.000	0.000	0.000	0.000	0.000	0.000	0.000	0.000	0.000	0.000	0.000	0.000
issue	-
serial	-
smt	-
branch	0.172	0.172	0.163	0.163	0.163	0.163	0.172	0.172	0.172	0.172	0.163	0.163	0.163	0.163	0.172	0.172	0.000	0.000	0.000	0.000	0.000	0.000	0.000	0.000	0.000	0.000	0.000	0.000	0.000	0.000	0.000	0.000
itlb	-
dtlb	-
ifetch	0.437	0.437	0.426	0.425	0.426	0.426	0.437	0.437	0.437	0.437	0.426	0.425	0.426	0.425	0.437	0.437	0.000	0.000	0.000	0.000	0.000	0.000	0.000	0.000	0.000	0.000	0.000	0.000	0.000	0.000	0.000	0.000
mem	-
mem-l1d	0.499	0.499	0.507	0.507	0.507	0.507	0.498	0.498	0.498	0.499	0.507	0.507	0.507	0.507	0.498	0.499	0.000	0.000	0.000	0.000	0.000	0.000	0.000	0.000	0.000	0.000	0.000	0.000	0.000	0.000	0.000	0.000
mem-l2	-
mem-l3	-
mem-l4	-
mem-remote	-
mem-nuca	-
mem-dram-cache	-
mem-dram	-
sync	-
dvfs-transition	-
imbalance	0.000	0.000	0.000	0.000	0.000	0.000	0.000	0.000	0.000	0.000	0.000	0.000	0.000	0.000	0.000	0.000	1000.003	1000.003	1000.003	1000.003	1000.003	1000.003	1000.003	1000.003	1000.003	1000.003	1000.003	1000.003	1000.003	1000.003	1000.003	1000.003
other	0.010	0.010	0.010	0.010	0.010	0.010	0.010	0.010	0.010	0.010	0.010	0.010	0.010	0.010	0.010	0.010	0.000	0.000	0.000	0.000	0.000	0.000	0.000	0.000	0.000	0.000	0.000	0.000	0.000	0.000	0.000	0.000
total	1.557	1.557	1.592	1.592	1.592	1.592	1.557	1.557	1.557	1.557	1.592	1.593	1.592	1.593	1.557	1.557	1000.011	1000.011	1000.011	1000.011	1000.011	1000.011	1000.011	1000.011	1000.011	1000.011	1000.011	1000.011	1000.011	1000.011	1000.011	1000.011
base	0.250	0.250	0.250	0.250	0.250	0.250	0.250	0.250	0.250	0.250	0.250	0.250	0.250	0.250	0.250	0.250	0.000	0.000	0.000	0.000	0.000	0.000	0.000	0.000	0.000	0.000	0.000	0.000	0.000	0.000	0.000	0.000
dispatch_width	-
rs_full	-
depend	-
depend-int	0.188	0.188	0.189	0.189	0.189	0.189	0.188	0.188	0.188	0.188	0.189	0.189	0.189	0.189	0.188	0.188	0.000	0.000	0.000	0.000	0.000	0.000	0.000	0.000	0.000	0.000	0.000	0.000	0.000	0.000	0.000	0.000
depend-fp	-
depend-branch	0.033	0.033	0.035	0.035	0.035	0.035	0.033	0.033	0.033	0.033	0.035	0.035	0.035	0.035	0.033	0.033	0.000	0.000	0.000	0.000	0.000	0.000	0.000	0.000	0.000	0.000	0.000	0.000	0.000	0.000	0.000	0.000
issue	-
serial	-
smt	-
branch	0.158	0.158	0.172	0.172	0.172	0.172	0.158	0.158	0.158	0.158	0.172	0.172	0.172	0.172	0.158	0.158	0.000	0.000	0.000	0.000	0.000	0.000	0.000	0.000	0.000	0.000	0.000	0.000	0.000	0.000	0.000	0.000
itlb	-
dtlb	-
ifetch	0.418	0.418	0.437	0.437	0.437	0.437	0.418	0.418	0.418	0.418	0.437	0.437	0.437	0.437	0.418	0.418	0.000	0.000	0.000	0.000	0.000	0.000	0.000	0.000	0.000	0.000	0.000	0.000	0.000	0.000	0.000	0.000
mem	-
mem-l1d	0.501	0.501	0.499	0.499	0.498	0.499	0.501	0.501	0.501	0.501	0.498	0.499	0.499	0.499	0.501	0.501	0.000	0.000	0.000	0.000	0.000	0.000	0.000	0.000	0.000	0.000	0.000	0.000	0.000	0.000	0.000	0.000
mem-l2	-
mem-l3	-
mem-l4	-
mem-remote	-
mem-nuca	-
mem-dram-cache	-
mem-dram	-
sync	-
dvfs-transition	-
imbalance	0.000	0.000	0.000	0.000	0.000	0.000	0.000	0.000	0.000	0.000	0.000	0.000	0.000	0.000	0.000	0.000	1000.011	1000.011	1000.011	1000.011	1000.011	1000.011	1000.011	1000.011	1000.011	1000.011	1000.011	1000.011	1000.011	1000.011	1000.011	1000.011
other	0.009	0.009	0.010	0.010	0.010	0.010	0.009	0.009	0.009	0.009	0.010	0.010	0.010	0.010	0.009	0.009	0.000	0.000	0.000	0.000	0.000	0.000	0.000	0.000	0.000	0.000	0.000	0.000	0.000	0.000	0.000	0.000
total	1.590	1.590	1.557	1.557	1.556	1.557	1.590	1.590	1.590	1.590	1.557	1.556	1.557	1.556	1.590	1.590	1000.002	1000.002	1000.002	1000.002	1000.002	1000.002	1000.002	1000.002	1000.002	1000.002	1000.002	1000.002	1000.002	1000.002	1000.002	1000.002
base	0.250	0.250	0.250	0.250	0.250	0.250	0.250	0.250	0.250	0.250	0.250	0.250	0.250	0.250	0.250	0.250	0.000	0.000	0.000	0.000	0.000	0.000	0.000	0.000	0.000	0.000	0.000	0.000	0.000	0.000	0.000	0.000
dispatch_width	-
rs_full	-
depend	-
depend-int	0.191	0.191	0.188	0.188	0.187	0.188	0.191	0.191	0.191	0.191	0.188	0.187	0.188	0.187	0.191	0.191	0.000	0.000	0.000	0.000	0.000	0.000	0.000	0.000	0.000	0.000	0.000	0.000	0.000	0.000	0.000	0.000
depend-fp	-
depend-branch	0.034	0.034	0.033	0.033	0.033	0.033	0.034	0.034	0.034	0.034	0.033	0.033	0.033	0.033	0.034	0.034	0.000	0.000	0.000	0.000	0.000	0.000	0.000	0.000	0.000	0.000	0.000	0.000	0.000	0.000	0.000	0.000
issue	-
serial	-
smt	-
branch	0.163	0.163	0.158	0.158	0.158	0.158	0.163	0.163	0.163	0.163	0.158	0.158	0.158	0.158	0.163	0.163	0.000	0.000	0.000	0.000	0.000	0.000	0.000	0.000	0.000	0.000	0.000	0.000	0.000	0.000	0.000	0.000
itlb	-
dtlb	-
ifetch	0.436	0.436	0.418	0.418	0.418	0.418	0.436	0.436	0.436	0.436	0.418	0.418	0.418	0.418	0.436	0.436	0.000	0.000	0.000	0.000	0.000	0.000	0.000	0.000	0.000	0.000	0.000	0.000	0.000	0.000	0.000	0.000
mem	-
mem-l1d	0.507	0.507	0.501	0.501	0.501	0.501	0.507	0.507	0.507	0.507	0.501	0.501	0.501	0.501	0.507	0.507	0.000	0.000	0.000	0.000	0.000	0.000	0.000	0.000	0.000	0.000	0.000	0.000	0.000	0.000	0.000	0.000
mem-l2	-
mem-l3	-
mem-l4	-
mem-remote	-
mem-nuca	-
mem-dram-cache	-
mem-dram	-
sync	-
dvfs-transition	-
imbalance	0.000	0.000	0.000	0.000	0.000	0.000	0.000	0.000	0.000	0.000	0.000	0.000	0.000	0.000	0.000	0.000	1000.002	1000.002	1000.002	1000.002	1000.002	1000.002	1000.002	1000.002	1000.002	1000.002	1000.002	1000.002	1000.002	1000.002	1000.002	1000.002
other	0.010	0.010	0.009	0.009	0.009	0.009	0.010	0.010	0.010	0.010	0.009	0.009	0.009	0.009	0.010	0.010	0.000	0.000	0.000	0.000	0.000	0.000	0.000	0.000	0.000	0.000	0.000	0.000	0.000	0.000	0.000	0.000
total	1.579	1.578	1.590	1.591	1.592	1.591	1.578	1.578	1.578	1.579	1.592	1.592	1.591	1.594	1.578	1.579	1000.010	1000.010	1000.010	1000.010	1000.010	1000.010	1000.010	1000.010	1000.010	1000.010	1000.010	1000.010	1000.010	1000.010	1000.010	1000.010
base	0.250	0.250	0.250	0.250	0.250	0.250	0.250	0.250	0.250	0.250	0.250	0.250	0.250	0.250	0.250	0.250	0.000	0.000	0.000	0.000	0.000	0.000	0.000	0.000	0.000	0.000	0.000	0.000	0.000	0.000	0.000	0.000
dispatch_width	-
rs_full	-
depend	-
depend-int	0.190	0.190	0.191	0.191	0.191	0.191	0.190	0.190	0.190	0.190	0.191	0.191	0.191	0.191	0.190	0.190	0.000	0.000	0.000	0.000	0.000	0.000	0.000	0.000	0.000	0.000	0.000	0.000	0.000	0.000	0.000	0.000
depend-fp	-
depend-branch	0.034	0.034	0.034	0.034	0.034	0.034	0.034	0.034	0.034	0.034	0.034	0.034	0.034	0.034	0.034	0.034	0.000	0.000	0.000	0.000	0.000	0.000	0.000	0.000	0.000	0.000	0.000	0.000	0.000	0.000	0.000	0.000
issue	-
serial	-
smt	-
branch	0.164	0.164	0.163	0.163	0.163	0.163	0.164	0.164	0.164	0.164	0.163	0.163	0.163	0.163	0.164	0.164	0.000	0.000	0.000	0.000	0.000	0.000	0.000	0.000	0.000	0.000	0.000	0.000	0.000	0.000	0.000	0.000
itlb	-
dtlb	-
ifetch	0.435	0.435	0.436	0.436	0.437	0.436	0.435	0.435	0.435	0.435	0.437	0.437	0.436	0.437	0.435	0.435	0.000	0.000	0.000	0.000	0.000	0.000	0.000	0.000	0.000	0.000	0.000	0.000	0.000	0.000	0.000	0.000
mem	-
mem-l1d	0.495	0.495	0.507	0.507	0.507	0.507	0.495	0.495	0.495	0.495	0.507	0.507	0.507	0.508	0.495	0.495	0.000	0.000	0.000	0.000	0.000	0.000	0.000	0.000	0.000	0.000	0.000	0.000	0.000	0.000	0.000	0.000
mem-l2	-
mem-l3	-
mem-l4	-
mem-remote	-
mem-nuca	-
mem-dram-cache	-
mem-dram	-
sync	-
dvfs-transition	-
imbalance	0.000	0.000	0.000	0.000	0.000	0.000	0.000	0.000	0.000	0.000	0.000	0.000	0.000	0.000	0.000	0.000	1000.010	1000.010	1000.010	1000.010	1000.010	1000.010	1000.010	1000.010	1000.010	1000.010	1000.010	1000.010	1000.010	1000.010	1000.010	1000.010
other	0.010	0.010	0.010	0.010	0.010	0.010	0.010	0.010	0.010	0.010	0.010	0.010	0.010	0.010	0.010	0.010	0.000	0.000	0.000	0.000	0.000	0.000	0.000	0.000	0.000	0.000	0.000	0.000	0.000	0.000	0.000	0.000
total	1.565	1.565	1.578	1.578	1.576	1.578	1.565	1.565	1.565	1.565	1.577	1.577	1.578	1.574	1.565	1.565	1000.003	1000.003	1000.003	1000.003	1000.003	1000.003	1000.003	1000.003	1000.003	1000.003	1000.003	1000.003	1000.003	1000.003	1000.003	1000.003
base	0.250	0.250	0.250	0.250	0.250	0.250	0.250	0.250	0.250	0.250	0.250	0.250	0.250	0.250	0.250	0.250	0.000	0.000	0.000	0.000	0.000	0.000	0.000	0.000	0.000	0.000	0.000	0.000	0.000	0.000	0.000	0.000
dispatch_width	-
rs_full	-
depend	-
depend-int	0.188	0.188	0.190	0.190	0.190	0.190	0.188	0.188	0.188	0.188	0.190	0.190	0.190	0.189	0.188	0.188	0.000	0.000	0.000	0.000	0.000	0.000	0.000	0.000	0.000	0.000	0.000	0.000	0.000	0.000	0.000	0.000
depend-fp	-
depend-branch	0.034	0.034	0.034	0.034	0.034	0.034	0.034	0.034	0.034	0.034	0.034	0.034	0.034	0.034	0.034	0.034	0.000	0.000	0.000	0.000	0.000	0.000	0.000	0.000	0.000	0.000	0.000	0.000	0.000	0.000	0.000	0.000
issue	-
serial	-
smt	-
branch	0.161	0.161	0.164	0.164	0.164	0.164	0.161	0.161	0.161	0.161	0.164	0.164	0.164	0.164	0.161	0.161	0.000	0.000	0.000	0.000	0.000	0.000	0.000	0.000	0.000	0.000	0.000	0.000	0.000	0.000	0.000	0.000
itlb	-
dtlb	-
ifetch	0.431	0.431	0.435	0.435	0.434	0.435	0.431	0.431	0.431	0.431	0.434	0.434	0.435	0.433	0.431	0.431	0.000	0.000	0.000	0.000	0.000	0.000	0.000	0.000	0.000	0.000	0.000	0.000	0.000	0.000	0.000	0.000
mem	-
mem-l1d	0.491	0.491	0.495	0.495	0.495	0.495	0.491	0.491	0.491	0.491	0.495	0.495	0.495	0.494	0.491	0.491	0.000	0.000	0.000	0.000	0.000	0.000	0.000	0.000	0.000	0.000	0.000	0.000	0.000	0.000	0.000	0.000
mem-l2	-
mem-l3	-
mem-l4	-
mem-remote	-
mem-nuca	-
mem-dram-cache	-
mem-dram	-
sync	-
dvfs-transition	-
imbalance	0.000	0.000	0.000	0.000	0.000	0.000	0.000	0.000	0.000	0.000	0.000	0.000	0.000	0.000	0.000	0.000	1000.003	1000.003	1000.003	1000.003	1000.003	1000.003	1000.003	1000.003	1000.003	1000.003	1000.003	1000.003	1000.003	1000.003	1000.003	1000.003
other	0.010	0.010	0.010	0.010	0.010	0.010	0.010	0.010	0.010	0.010	0.010	0.010	0.010	0.010	0.010	0.010	0.000	0.000	0.000	0.000	0.000	0.000	0.000	0.000	0.000	0.000	0.000	0.000	0.000	0.000	0.000	0.000
total	1.582	1.582	1.565	1.565	1.565	1.565	1.582	1.582	1.582	1.582	1.565	1.565	1.565	1.567	1.582	1.582	1000.008	1000.008	1000.008	1000.008	1000.008	1000.008	1000.008	1000.008	1000.008	1000.008	1000.008	1000.008	1000.008	1000.008	1000.008	1000.008
base	0.250	0.250	0.250	0.250	0.250	0.250	0.250	0.250	0.250	0.250	0.250	0.250	0.250	0.250	0.250	0.250	0.000	0.000	0.000	0.000	0.000	0.000	0.000	0.000	0.000	0.000	0.000	0.000	0.000	0.000	0.000	0.000
dispatch_width	-
rs_full	-
depend	-
depend-int	0.189	0.189	0.188	0.188	0.188	0.188	0.189	0.189	0.189	0.189	0.188	0.188	0.188	0.188	0.189	0.189	0.000	0.000	0.000	0.000	0.000	0.000	0.000	0.000	0.000	0.000	0.000	0.000	0.000	0.000	0.000	0.000
depend-fp	-
depend-branch	0.035	0.035	0.034	0.034	0.034	0.034	0.035	0.035	0.035	0.035	0.034	0.034	0.034	0.034	0.035	0.035	0.000	0.000	0.000	0.000	0.000	0.000	0.000	0.000	0.000	0.000	0.000	0.000	0.000	0.000	0.000	0.000
issue	-
serial	-
smt	-
branch	0.160	0.160	0.161	0.161	0.161	0.161	0.160	0.160	0.160	0.160	0.161	0.161	0.161	0.161	0.160	0.160	0.000	0.000	0.000	0.000	0.000	0.000	0.000	0.000	0.000	0.000	0.000	0.000	0.000	0.000	0.000	0.000
itlb	-
dtlb	-
ifetch	0.447	0.447	0.431	0.432	0.432	0.432	0.447	0.447	0.447	0.447	0.432	0.432	0.432	0.432	0.447	0.447	0.000	0.000	0.000	0.000	0.000	0.000	0.000	0.000	0.000	0.000	0.000	0.000	0.000	0.000	0.000	0.000
mem	-
mem-l1d	0.492	0.492	0.491	0.491	0.491	0.491	0.492	0.492	0.492	0.492	0.491	0.490	0.491	0.491	0.492	0.492	0.000	0.000	0.000	0.000	0.000	0.000	0.000	0.000	0.000	0.000	0.000	0.000	0.000	0.000	0.000	0.000
mem-l2	-
mem-l3	-
mem-l4	-
mem-remote	-
mem-nuca	-
mem-dram-cache	-
mem-dram	-
sync	-
dvfs-transition	-
imbalance	0.000	0.000	0.000	0.000	0.000	0.000	0.000	0.000	0.000	0.000	0.000	0.000	0.000	0.000	0.000	0.000	1000.008	1000.008	1000.008	1000.008	1000.008	1000.008	1000.008	1000.008	1000.008	1000.008	1000.008	1000.008	1000.008	1000.008	1000.008	1000.008
other	0.010	0.010	0.010	0.010	0.010	0.010	0.010	0.010	0.010	0.010	0.010	0.010	0.010	0.010	0.010	0.010	0.000	0.000	0.000	0.000	0.000	0.000	0.000	0.000	0.000	0.000	0.000	0.000	0.000	0.000	0.000	0.000
total	1.586	1.586	1.583	1.583	1.583	1.583	1.586	1.586	1.586	1.586	1.583	1.583	1.583	1.582	1.586	1.586	1000.003	1000.003	1000.003	1000.003	1000.003	1000.003	1000.003	1000.003	1000.003	1000.003	1000.003	1000.003	1000.003	1000.003	1000.003	1000.003
base	0.250	0.250	0.250	0.250	0.250	0.250	0.250	0.250	0.250	0.250	0.250	0.250	0.250	0.250	0.250	0.250	0.000	0.000	0.000	0.000	0.000	0.000	0.000	0.000	0.000	0.000	0.000	0.000	0.000	0.000	0.000	0.000
dispatch_width	-
rs_full	-
depend	-
depend-int	0.191	0.191	0.189	0.189	0.189	0.189	0.191	0.191	0.191	0.191	0.189	0.189	0.189	0.189	0.191	0.191	0.000	0.000	0.000	0.000	0.000	0.000	0.000	0.000	0.000	0.000	0.000	0.000	0.000	0.000	0.000	0.000
depend-fp	-
depend-branch	0.034	0.034	0.035	0.035	0.035	0.035	0.034	0.034	0.034	0.034	0.035	0.035	0.035	0.035	0.034	0.034	0.000	0.000	0.000	0.000	0.000	0.000	0.000	0.000	0.000	0.000	0.000	0.000	0.000	0.000	0.000	0.000
issue	-
serial	-
smt	-
branch	0.162	0.162	0.160	0.160	0.160	0.160	0.162	0.162	0.162	0.162	0.160	0.160	0.160	0.160	0.162	0.162	0.000	0.000	0.000	0.000	0.000	0.000	0.000	0.000	0.000	0.000	0.000	0.000	0.000	0.000	0.000	0.000
itlb	-
dtlb	-
ifetch	0.440	0.440	0.447	0.447	0.447	0.447	0.440	0.440	0.440	0.440	0.447	0.447	0.447	0.447	0.440	0.440	0.000	0.000	0.000	0.000	0.000	0.000	0.000	0.000	0.000	0.000	0.000	0.000	0.000	0.000	0.000	0.000
mem	-
mem-l1d	0.499	0.499	0.492	0.492	0.492	0.492	0.499	0.499	0.499	0.499	0.492	0.492	0.492	0.491	0.499	0.499	0.000	0.000	0.000	0.000	0.000	0.000	0.000	0.000	0.000	0.000	0.000	0.000	0.000	0.000	0.000	0.000
mem-l2	-
mem-l3	-
mem-l4	-
mem-remote	-
mem-nuca	-
mem-dram-cache	-
mem-dram	-
sync	-
dvfs-transition	-
imbalance	0.000	0.000	0.000	0.000	0.000	0.000	0.000	0.000	0.000	0.000	0.000	0.000	0.000	0.000	0.000	0.000	1000.003	1000.003	1000.003	1000.003	1000.003	1000.003	1000.003	1000.003	1000.003	1000.003	1000.003	1000.003	1000.003	1000.003	1000.003	1000.003
other	0.010	0.010	0.010	0.010	0.010	0.010	0.010	0.010	0.010	0.010	0.010	0.010	0.010	0.010	0.010	0.010	0.000	0.000	0.000	0.000	0.000	0.000	0.000	0.000	0.000	0.000	0.000	0.000	0.000	0.000	0.000	0.000
total	1.585	1.586	1.586	1.586	1.586	1.586	1.586	1.585	1.586	1.585	1.586	1.586	1.586	1.586	1.585	1.585	1000.008	1000.008	1000.008	1000.008	1000.008	1000.008	1000.008	1000.008	1000.008	1000.008	1000.008	1000.008	1000.008	1000.008	1000.008	1000.008
base	0.250	0.250	0.250	0.250	0.250	0.250	0.250	0.250	0.250	0.250	0.250	0.250	0.250	0.250	0.250	0.250	0.000	0.000	0.000	0.000	0.000	0.000	0.000	0.000	0.000	0.000	0.000	0.000	0.000	0.000	0.000	0.000
dispatch_width	-
rs_full	-
depend	-
depend-int	0.192	0.192	0.191	0.191	0.191	0.191	0.192	0.192	0.192	0.192	0.191	0.191	0.191	0.191	0.192	0.192	0.000	0.000	0.000	0.000	0.000	0.000	0.000	0.000	0.000	0.000	0.000	0.000	0.000	0.000	0.000	0.000
depend-fp	-
depend-branch	0.033	0.033	0.034	0.034	0.034	0.034	0.033	0.033	0.033	0.033	0.034	0.034	0.034	0.034	0.033	0.033	0.000	0.000	0.000	0.000	0.000	0.000	0.000	0.000	0.000	0.000	0.000	0.000	0.000	0.000	0.000	0.000
issue	-
serial	-
smt	-
branch	0.158	0.158	0.162	0.162	0.162	0.162	0.158	0.158	0.158	0.158	0.162	0.162	0.162	0.162	0.158	0.158	0.000	0.000	0.000	0.000	0.000	0.000	0.000	0.000	0.000	0.000	0.000	0.000	0.000	0.000	0.000	0.000
itlb	-
dtlb	-
ifetch	0.434	0.434	0.440	0.440	0.440	0.440	0.434	0.434	0.434	0.434	0.440	0.440	0.440	0.440	0.434	0.434	0.000	0.000	0.000	0.000	0.000	0.000	0.000	0.000	0.000	0.000	0.000	0.000	0.000	0.000	0.000	0.000
mem	-
mem-l1d	0.509	0.509	0.499	0.499	0.499	0.499	0.509	0.509	0.509	0.509	0.499	0.499	0.499	0.499	0.509	0.509	0.000	0.000	0.000	0.000	0.000	0.000	0.000	0.000	0.000	0.000	0.000	0.000	0.000	0.000	0.000	0.000
mem-l2	-
mem-l3	-
mem-l4	-
mem-remote	-
mem-nuca	-
mem-dram-cache	-
mem-dram	-
sync	-
dvfs-transition	-
imbalance	0.000	0.000	0.000	0.000	0.000	0.000	0.000	0.000	0.000	0.000	0.000	0.000	0.000	0.000	0.000	0.000	1000.008	1000.008	1000.008	1000.008	1000.008	1000.008	1000.008	1000.008	1000.008	1000.008	1000.008	1000.008	1000.008	1000.008	1000.008	1000.008
other	0.010	0.010	0.010	0.010	0.010	0.010	0.010	0.010	0.010	0.010	0.010	0.010	0.010	0.010	0.010	0.010	0.000	0.000	0.000	0.000	0.000	0.000	0.000	0.000	0.000	0.000	0.000	0.000	0.000	0.000	0.000	0.000
total	1.597	1.597	1.585	1.585	1.584	1.585	1.597	1.597	1.597	1.597	1.584	1.584	1.585	1.584	1.597	1.597	1000.004	1000.004	1000.004	1000.004	1000.004	1000.004	1000.004	1000.004	1000.004	1000.004	1000.004	1000.004	1000.004	1000.004	1000.004	1000.004
base	0.250	0.250	0.250	0.250	0.250	0.250	0.250	0.250	0.250	0.250	0.250	0.250	0.250	0.250	0.250	0.250	0.000	0.000	0.000	0.000	0.000	0.000	0.000	0.000	0.000	0.000	0.000	0.000	0.000	0.000	0.000	0.000
dispatch_width	-
rs_full	-
depend	-
depend-int	0.192	0.192	0.192	0.192	0.192	0.192	0.192	0.192	0.192	0.192	0.192	0.192	0.192	0.192	0.192	0.192	0.000	0.000	0.000	0.000	0.000	0.000	0.000	0.000	0.000	0.000	0.000	0.000	0.000	0.000	0.000	0.000
depend-fp	-
depend-branch	0.035	0.035	0.033	0.033	0.033	0.033	0.035	0.035	0.035	0.035	0.033	0.033	0.033	0.033	0.035	0.035	0.000	0.000	0.000	0.000	0.000	0.000	0.000	0.000	0.000	0.000	0.000	0.000	0.000	0.000	0.000	0.000
issue	-
serial	-
smt	-
branch	0.164	0.164	0.158	0.158	0.157	0.158	0.164	0.164	0.164	0.164	0.157	0.157	0.158	0.157	0.164	0.164	0.000	0.000	0.000	0.000	0.000	0.000	0.000	0.000	0.000	0.000	0.000	0.000	0.000	0.000	0.000	0.000
itlb	-
dtlb	-
ifetch	0.446	0.446	0.434	0.434	0.434	0.434	0.446	0.446	0.446	0.446	0.434	0.433	0.434	0.433	0.446	0.446	0.000	0.000	0.000	0.000	0.000	0.000	0.000	0.000	0.000	0.000	0.000	0.000	0.000	0.000	0.000	0.000
mem	-
mem-l1d	0.500	0.500	0.509	0.509	0.509	0.509	0.500	0.500	0.500	0.500	0.509	0.509	0.509	0.509	0.500	0.500	0.000	0.000	0.000	0.000	0.000	0.000	0.000	0.000	0.000	0.000	0.000	0.000	0.000	0.000	0.000	0.000
mem-l2	-
mem-l3	-
mem-l4	-
mem-remote	-
mem-nuca	-
mem-dram-cache	-
mem-dram	-
sync	-
dvfs-transition	-
imbalance	0.000	0.000	0.000	0.000	0.000	0.000	0.000	0.000	0.000	0.000	0.000	0.000	0.000	0.000	0.000	0.000	1000.004	1000.004	1000.004	1000.004	1000.004	1000.004	1000.004	1000.004	1000.004	1000.004	1000.004	1000.004	1000.004	1000.004	1000.004	1000.004
other	0.010	0.010	0.010	0.010	0.010	0.010	0.010	0.010	0.010	0.010	0.010	0.010	0.010	0.010	0.010	0.010	0.000	0.000	0.000	0.000	0.000	0.000	0.000	0.000	0.000	0.000	0.000	0.000	0.000	0.000	0.000	0.000
total	1.586	1.586	1.597	1.597	1.597	1.597	1.586	1.586	1.586	1.586	1.597	1.597	1.597	1.597	1.586	1.586	1000.003	1000.003	1000.003	1000.003	1000.003	1000.003	1000.003	1000.003	1000.003	1000.003	1000.003	1000.003	1000.003	1000.003	1000.003	1000.003
base	0.250	0.250	0.250	0.250	0.250	0.250	0.250	0.250	0.250	0.250	0.250	0.250	0.250	0.250	0.250	0.250	0.000	0.000	0.000	0.000	0.000	0.000	0.000	0.000	0.000	0.000	0.000	0.000	0.000	0.000	0.000	0.000
dispatch_width	-
rs_full	-
depend	-
depend-int	0.190	0.190	0.192	0.192	0.192	0.192	0.190	0.190	0.190	0.190	0.192	0.192	0.192	0.192	0.190	0.190	0.000	0.000	0.000	0.000	0.000	0.000	0.000	0.000	0.000	0.000	0.000	0.000	0.000	0.000	0.000	0.000
depend-fp	-
depend-branch	0.035	0.035	0.035	0.035	0.035	0.035	0.035	0.035	0.035	0.035	0.035	0.035	0.035	0.035	0.035	0.035	0.000	0.000	0.000	0.000	0.000	0.000	0.000	0.000	0.000	0.000	0.000	0.000	0.000	0.000	0.000	0.000
issue	-
serial	-
smt	-
branch	0.163	0.163	0.164	0.164	0.164	0.164	0.163	0.163	0.163	0.163	0.164	0.164	0.164	0.164	0.163	0.163	0.000	0.000	0.000	0.000	0.000	0.000	0.000	0.000	0.000	0.000	0.000	0.000	0.000	0.000	0.000	0.000
itlb	-
dtlb	-
ifetch	0.441	0.442	0.446	0.446	0.446	0.446	0.441	0.441	0.441	0.441	0.446	0.446	0.446	0.446	0.441	0.441	0.000	0.000	0.000	0.000	0.000	0.000	0.000	0.000	0.000	0.000	0.000	0.000	0.000	0.000	0.000	0.000
mem	-
mem-l1d	0.498	0.498	0.500	0.500	0.501	0.500	0.498	0.498	0.498	0.498	0.501	0.501	0.500	0.501	0.498	0.498	0.000	0.000	0.000	0.000	0.000	0.000	0.000	0.000	0.000	0.000	0.000	0.000	0.000	0.000	0.000	0.000
mem-l2	-
mem-l3	-
mem-l4	-
mem-remote	-
mem-nuca	-
mem-dram-cache	-
mem-dram	-
sync	-
dvfs-transition	-
imbalance	0.000	0.000	0.000	0.000	0.000	0.000	0.000	0.000	0.000	0.000	0.000	0.000	0.000	0.000	0.000	0.000	1000.003	1000.003	1000.003	1000.003	1000.003	1000.003	1000.003	1000.003	1000.003	1000.003	1000.003	1000.003	1000.003	1000.003	1000.003	1000.003
other	0.009	0.009	0.010	0.010	0.010	0.010	0.009	0.009	0.009	0.009	0.010	0.010	0.010	0.010	0.009	0.009	0.000	0.000	0.000	0.000	0.000	0.000	0.000	0.000	0.000	0.000	0.000	0.000	0.000	0.000	0.000	0.000
total	1.563	1.563	1.587	1.587	1.587	1.587	1.563	1.563	1.563	1.563	1.587	1.588	1.587	1.588	1.563	1.563	1000.009	1000.009	1000.009	1000.009	1000.009	1000.009	1000.009	1000.009	1000.009	1000.009	1000.009	1000.009	1000.009	1000.009	1000.009	1000.009
base	0.250	0.250	0.250	0.250	0.250	0.250	0.250	0.250	0.250	0.250	0.250	0.250	0.250	0.250	0.250	0.250	0.000	0.000	0.000	0.000	0.000	0.000	0.000	0.000	0.000	0.000	0.000	0.000	0.000	0.000	0.000	0.000
dispatch_width	-
rs_full	-
depend	-
depend-int	0.189	0.189	0.190	0.190	0.191	0.190	0.189	0.189	0.189	0.189	0.191	0.191	0.190	0.191	0.189	0.189	0.000	0.000	0.000	0.000	0.000	0.000	0.000	0.000	0.000	0.000	0.000	0.000	0.000	0.000	0.000	0.000
depend-fp	-
depend-branch	0.034	0.034	0.035	0.035	0.035	0.035	0.034	0.034	0.034	0.034	0.035	0.035	0.035	0.035	0.034	0.034	0.000	0.000	0.000	0.000	0.000	0.000	0.000	0.000	0.000	0.000	0.000	0.000	0.000	0.000	0.000	0.000
issue	-
serial	-
smt	-
branch	0.155	0.155	0.163	0.163	0.163	0.163	0.155	0.155	0.155	0.155	0.163	0.163	0.163	0.164	0.155	0.155	0.000	0.000	0.000	0.000	0.000	0.000	0.000	0.000	0.000	0.000	0.000	0.000	0.000	0.000	0.000	0.000
itlb	-
dtlb	-
ifetch	0.434	0.434	0.442	0.442	0.442	0.442	0.434	0.434	0.434	0.434	0.442	0.442	0.442	0.442	0.434	0.434	0.000	0.000	0.000	0.000	0.000	0.000	0.000	0.000	0.000	0.000	0.000	0.000	0.000	0.000	0.000	0.000
mem	-
mem-l1d	0.493	0.493	0.498	0.498	0.497	0.498	0.493	0.493	0.493	0.493	0.498	0.498	0.498	0.497	0.493	0.493	0.000	0.000	0.000	0.000	0.000	0.000	0.000	0.000	0.000	0.000	0.000	0.000	0.000	0.000	0.000	0.000
mem-l2	-
mem-l3	-
mem-l4	-
mem-remote	-
mem-nuca	-
mem-dram-cache	-
mem-dram	-
sync	-
dvfs-transition	-
imbalance	0.000	0.000	0.000	0.000	0.000	0.000	0.000	0.000	0.000	0.000	0.000	0.000	0.000	0.000	0.000	0.000	1000.009	1000.009	1000.009	1000.009	1000.009	1000.009	1000.009	1000.009	1000.009	1000.009	1000.009	1000.009	1000.009	1000.009	1000.009	1000.009
other	0.009	0.009	0.009	0.009	0.009	0.009	0.009	0.009	0.009	0.009	0.009	0.009	0.009	0.009	0.009	0.009	0.000	0.000	0.000	0.000	0.000	0.000	0.000	0.000	0.000	0.000	0.000	0.000	0.000	0.000	0.000	0.000
total	1.587	1.587	1.562	1.562	1.562	1.562	1.587	1.587	1.587	1.587	1.562	1.562	1.562	1.563	1.587	1.587	1000.003	1000.003	1000.003	1000.003	1000.003	1000.003	1000.003	1000.003	1000.003	1000.003	1000.003	1000.003	1000.003	1000.003	1000.003	1000.003
base	0.250	0.250	0.250	0.250	0.250	0.250	0.250	0.250	0.250	0.250	0.250	0.250	0.250	0.250	0.250	0.250	0.000	0.000	0.000	0.000	0.000	0.000	0.000	0.000	0.000	0.000	0.000	0.000	0.000	0.000	0.000	0.000
dispatch_width	-
rs_full	-
depend	-
depend-int	0.193	0.193	0.189	0.188	0.189	0.188	0.193	0.193	0.193	0.193	0.188	0.189	0.189	0.189	0.193	0.193	0.000	0.000	0.000	0.000	0.000	0.000	0.000	0.000	0.000	0.000	0.000	0.000	0.000	0.000	0.000	0.000
depend-fp	-
depend-branch	0.033	0.033	0.034	0.034	0.034	0.034	0.033	0.033	0.033	0.033	0.034	0.034	0.034	0.034	0.033	0.033	0.000	0.000	0.000	0.000	0.000	0.000	0.000	0.000	0.000	0.000	0.000	0.000	0.000	0.000	0.000	0.000
issue	-
serial	-
smt	-
branch	0.145	0.145	0.155	0.155	0.155	0.155	0.145	0.145	0.145	0.145	0.155	0.154	0.155	0.154	0.145	0.145	0.000	0.000	0.000	0.000	0.000	0.000	0.000	0.000	0.000	0.000	0.000	0.000	0.000	0.000	0.000	0.000
itlb	-
dtlb	-
ifetch	0.437	0.437	0.433	0.433	0.433	0.433	0.437	0.437	0.437	0.437	0.433	0.433	0.433	0.434	0.437	0.437	0.000	0.000	0.000	0.000	0.000	0.000	0.000	0.000	0.000	0.000	0.000	0.000	0.000	0.000	0.000	0.000
mem	-
mem-l1d	0.519	0.519	0.492	0.492	0.492	0.492	0.519	0.519	0.519	0.519	0.492	0.493	0.492	0.493	0.519	0.519	0.000	0.000	0.000	0.000	0.000	0.000	0.000	0.000	0.000	0.000	0.000	0.000	0.000	0.000	0.000	0.000
mem-l2	-
mem-l3	-
mem-l4	-
mem-remote	-
mem-nuca	-
mem-dram-cache	-
mem-dram	-
sync	-
dvfs-transition	-
imbalance	0.000	0.000	0.000	0.000	0.000	0.000	0.000	0.000	0.000	0.000	0.000	0.000	0.000	0.000	0.000	0.000	1000.003	1000.003	1000.003	1000.003	1000.003	1000.003	1000.003	1000.003	1000.003	1000.003	1000.003	1000.003	1000.003	1000.003	1000.003	1000.003
other	0.010	0.010	0.009	0.009	0.009	0.009	0.010	0.010	0.010	0.010	0.009	0.009	0.009	0.009	0.010	0.010	0.000	0.000	0.000	0.000	0.000	0.000	0.000	0.000	0.000	0.000	0.000	0.000	0.000	0.000	0.000	0.000
total	1.592	1.592	1.587	1.587	1.587	1.587	1.592	1.592	1.592	1.592	1.587	1.586	1.587	1.585	1.592	1.592	1000.010	1000.010	1000.010	1000.010	1000.010	1000.010	1000.010	1000.010	1000.010	1000.010	1000.010	1000.010	1000.010	1000.010	1000.010	1000.010
base	0.250	0.250	0.250	0.250	0.250	0.250	0.250	0.250	0.250	0.250	0.250	0.250	0.250	0.250	0.250	0.250	0.000	0.000	0.000	0.000	0.000	0.000	0.000	0.000	0.000	0.000	0.000	0.000	0.000	0.000	0.000	0.000
dispatch_width	-
rs_full	-
depend	-
depend-int	0.189	0.189	0.193	0.193	0.193	0.193	0.189	0.189	0.189	0.189	0.193	0.193	0.193	0.193	0.189	0.189	0.000	0.000	0.000	0.000	0.000	0.000	0.000	0.000	0.000	0.000	0.000	0.000	0.000	0.000	0.000	0.000
depend-fp	-
depend-branch	0.035	0.035	0.033	0.033	0.033	0.033	0.035	0.035	0.035	0.035	0.033	0.033	0.033	0.033	0.035	0.035	0.000	0.000	0.000	0.000	0.000	0.000	0.000	0.000	0.000	0.000	0.000	0.000	0.000	0.000	0.000	0.000
issue	-
serial	-
smt	-
branch	0.173	0.173	0.145	0.145	0.145	0.145	0.173	0.173	0.173	0.173	0.145	0.145	0.145	0.145	0.173	0.173	0.000	0.000	0.000	0.000	0.000	0.000	0.000	0.000	0.000	0.000	0.000	0.000	0.000	0.000	0.000	0.000
itlb	-
dtlb	-
ifetch	0.438	0.439	0.437	0.437	0.437	0.437	0.439	0.438	0.438	0.438	0.437	0.437	0.437	0.436	0.439	0.438	0.000	0.000	0.000	0.000	0.000	0.000	0.000	0.000	0.000	0.000	0.000	0.000	0.000	0.000	0.000	0.000
mem	-
mem-l1d	0.496	0.496	0.519	0.519	0.519	0.519	0.496	0.496	0.496	0.496	0.519	0.519	0.519	0.518	0.496	0.496	0.000	0.000	0.000	0.000	0.000	0.000	0.000	0.000	0.000	0.000	0.000	0.000	0.000	0.000	0.000	0.000
mem-l2	-
mem-l3	-
mem-l4	-
mem-remote	-
mem-nuca	-
mem-dram-cache	-
mem-dram	-
sync	-
dvfs-transition	-
imbalance	0.000	0.000	0.000	0.000	0.000	0.000	0.000	0.000	0.000	0.000	0.000	0.000	0.000	0.000	0.000	0.000	1000.010	1000.010	1000.010	1000.010	1000.010	1000.010	1000.010	1000.010	1000.010	1000.010	1000.010	1000.010	1000.010	1000.010	1000.010	1000.010
other	0.010	0.010	0.010	0.010	0.010	0.010	0.010	0.010	0.010	0.010	0.010	0.010	0.010	0.010	0.010	0.010	0.000	0.000	0.000	0.000	0.000	0.000	0.000	0.000	0.000	0.000	0.000	0.000	0.000	0.000	0.000	0.000
total	1.577	1.577	1.592	1.592	1.592	1.592	1.577	1.577	1.577	1.577	1.592	1.592	1.592	1.591	1.577	1.577	1000.004	1000.004	1000.004	1000.004	1000.004	1000.004	1000.004	1000.004	1000.004	1000.004	1000.004	1000.004	1000.004	1000.004	1000.004	1000.004
base	0.250	0.250	0.250	0.250	0.250	0.250	0.250	0.250	0.250	0.250	0.250	0.250	0.250	0.250	0.250	0.250	0.000	0.000	0.000	0.000	0.000	0.000	0.000	0.000	0.000	0.000	0.000	0.000	0.000	0.000	0.000	0.000
dispatch_width	-
rs_full	-
depend	-
depend-int	0.189	0.189	0.189	0.189	0.189	0.189	0.189	0.189	0.189	0.189	0.189	0.189	0.189	0.189	0.189	0.189	0.000	0.000	0.000	0.000	0.000	0.000	0.000	0.000	0.000	0.000	0.000	0.000	0.000	0.000	0.000	0.000
depend-fp	-
depend-branch	0.034	0.034	0.035	0.035	0.035	0.035	0.034	0.034	0.034	0.034	0.035	0.035	0.035	0.035	0.034	0.034	0.000	0.000	0.000	0.000	0.000	0.000	0.000	0.000	0.000	0.000	0.000	0.000	0.000	0.000	0.000	0.000
issue	-
serial	-
smt	-
branch	0.159	0.159	0.173	0.173	0.173	0.173	0.159	0.159	0.159	0.159	0.173	0.173	0.173	0.173	0.159	0.159	0.000	0.000	0.000	0.000	0.000	0.000	0.000	0.000	0.000	0.000	0.000	0.000	0.000	0.000	0.000	0.000
itlb	-
dtlb	-
ifetch	0.430	0.430	0.439	0.439	0.439	0.439	0.430	0.430	0.430	0.430	0.439	0.439	0.439	0.438	0.430	0.430	0.000	0.000	0.000	0.000	0.000	0.000	0.000	0.000	0.000	0.000	0.000	0.000	0.000	0.000	0.000	0.000
mem	-
mem-l1d	0.506	0.506	0.496	0.496	0.496	0.496	0.506	0.506	0.506	0.506	0.496	0.496	0.496	0.496	0.506	0.506	0.000	0.000	0.000	0.000	0.000	0.000	0.000	0.000	0.000	0.000	0.000	0.000	0.000	0.000	0.000	0.000
mem-l2	-
mem-l3	-
mem-l4	-
mem-remote	-
mem-nuca	-
mem-dram-cache	-
mem-dram	-
sync	-
dvfs-transition	-
imbalance	0.000	0.000	0.000	0.000	0.000	0.000	0.000	0.000	0.000	0.000	0.000	0.000	0.000	0.000	0.000	0.000	1000.004	1000.004	1000.004	1000.004	1000.004	1000.004	1000.004	1000.004	1000.004	1000.004	1000.004	1000.004	1000.004	1000.004	1000.004	1000.004
other	0.009	0.009	0.010	0.010	0.010	0.010	0.009	0.009	0.009	0.009	0.010	0.010	0.010	0.010	0.009	0.009	0.000	0.000	0.000	0.000	0.000	0.000	0.000	0.000	0.000	0.000	0.000	0.000	0.000	0.000	0.000	0.000
total	1.593	1.593	1.577	1.577	1.577	1.577	1.593	1.593	1.593	1.593	1.577	1.577	1.577	1.577	1.593	1.593	1000.008	1000.008	1000.008	1000.008	1000.008	1000.008	1000.008	1000.008	1000.008	1000.008	1000.008	1000.008	1000.008	1000.008	1000.008	1000.008
base	0.250	0.250	0.250	0.250	0.250	0.250	0.250	0.250	0.250	0.250	0.250	0.250	0.250	0.250	0.250	0.250	0.000	0.000	0.000	0.000	0.000	0.000	0.000	0.000	0.000	0.000	0.000	0.000	0.000	0.000	0.000	0.000
dispatch_width	-
rs_full	-
depend	-
depend-int	0.190	0.190	0.189	0.189	0.189	0.189	0.190	0.190	0.190	0.190	0.189	0.189	0.189	0.189	0.190	0.190	0.000	0.000	0.000	0.000	0.000	0.000	0.000	0.000	0.000	0.000	0.000	0.000	0.000	0.000	0.000	0.000
depend-fp	-
depend-branch	0.035	0.035	0.034	0.034	0.034	0.034	0.035	0.035	0.035	0.035	0.034	0.034	0.034	0.034	0.035	0.035	0.000	0.000	0.000	0.000	0.000	0.000	0.000	0.000	0.000	0.000	0.000	0.000	0.000	0.000	0.000	0.000
issue	-
serial	-
smt	-
branch	0.159	0.159	0.159	0.159	0.159	0.159	0.159	0.159	0.159	0.159	0.159	0.159	0.159	0.159	0.159	0.159	0.000	0.000	0.000	0.000	0.000	0.000	0.000	0.000	0.000	0.000	0.000	0.000	0.000	0.000	0.000	0.000
itlb	-
dtlb	-
ifetch	0.449	0.449	0.430	0.430	0.430	0.430	0.449	0.449	0.449	0.449	0.430	0.430	0.430	0.430	0.449	0.449	0.000	0.000	0.000	0.000	0.000	0.000	0.000	0.000	0.000	0.000	0.000	0.000	0.000	0.000	0.000	0.000
mem	-
mem-l1d	0.500	0.500	0.506	0.506	0.506	0.506	0.500	0.500	0.500	0.500	0.506	0.506	0.506	0.506	0.500	0.500	0.000	0.000	0.000	0.000	0.000	0.000	0.000	0.000	0.000	0.000	0.000	0.000	0.000	0.000	0.000	0.000
mem-l2	-
mem-l3	-
mem-l4	-
mem-remote	-
mem-nuca	-
mem-dram-cache	-
mem-dram	-
sync	-
dvfs-transition	-
imbalance	0.000	0.000	0.000	0.000	0.000	0.000	0.000	0.000	0.000	0.000	0.000	0.000	0.000	0.000	0.000	0.000	1000.008	1000.008	1000.008	1000.008	1000.008	1000.008	1000.008	1000.008	1000.008	1000.008	1000.008	1000.008	1000.008	1000.008	1000.008	1000.008
other	0.010	0.010	0.009	0.009	0.009	0.009	0.010	0.010	0.010	0.010	0.009	0.009	0.009	0.009	0.010	0.010	0.000	0.000	0.000	0.000	0.000	0.000	0.000	0.000	0.000	0.000	0.000	0.000	0.000	0.000	0.000	0.000
total	1.577	1.577	1.593	1.593	1.593	1.593	1.577	1.577	1.577	1.577	1.593	1.593	1.593	1.593	1.577	1.577	1000.007	1000.007	1000.007	1000.007	1000.007	1000.007	1000.007	1000.007	1000.007	1000.007	1000.007	1000.007	1000.007	1000.007	1000.007	1000.007
base	0.250	0.250	0.250	0.250	0.250	0.250	0.250	0.250	0.250	0.250	0.250	0.250	0.250	0.250	0.250	0.250	0.000	0.000	0.000	0.000	0.000	0.000	0.000	0.000	0.000	0.000	0.000	0.000	0.000	0.000	0.000	0.000
dispatch_width	-
rs_full	-
depend	-
depend-int	0.190	0.190	0.190	0.190	0.190	0.190	0.190	0.190	0.190	0.190	0.190	0.190	0.190	0.190	0.190	0.190	0.000	0.000	0.000	0.000	0.000	0.000	0.000	0.000	0.000	0.000	0.000	0.000	0.000	0.000	0.000	0.000
depend-fp	-
depend-branch	0.034	0.034	0.035	0.035	0.035	0.035	0.034	0.034	0.034	0.034	0.035	0.035	0.035	0.035	0.034	0.034	0.000	0.000	0.000	0.000	0.000	0.000	0.000	0.000	0.000	0.000	0.000	0.000	0.000	0.000	0.000	0.000
issue	-
serial	-
smt	-
branch	0.163	0.163	0.159	0.159	0.159	0.159	0.163	0.163	0.163	0.163	0.159	0.159	0.159	0.159	0.163	0.163	0.000	0.000	0.000	0.000	0.000	0.000	0.000	0.000	0.000	0.000	0.000	0.000	0.000	0.000	0.000	0.000
itlb	-
dtlb	-
ifetch	0.432	0.432	0.449	0.449	0.449	0.449	0.432	0.432	0.432	0.432	0.449	0.449	0.449	0.449	0.432	0.432	0.000	0.000	0.000	0.000	0.000	0.000	0.000	0.000	0.000	0.000	0.000	0.000	0.000	0.000	0.000	0.000
mem	-
mem-l1d	0.498	0.498	0.500	0.500	0.500	0.500	0.498	0.498	0.498	0.498	0.500	0.500	0.500	0.500	0.498	0.498	0.000	0.000	0.000	0.000	0.000	0.000	0.000	0.000	0.000	0.000	0.000	0.000	0.000	0.000	0.000	0.000
mem-l2	-
mem-l3	-
mem-l4	-
mem-remote	-
mem-nuca	-
mem-dram-cache	-
mem-dram	-
sync	-
dvfs-transition	-
imbalance	0.000	0.000	0.000	0.000	0.000	0.000	0.000	0.000	0.000	0.000	0.000	0.000	0.000	0.000	0.000	0.000	1000.007	1000.007	1000.007	1000.007	1000.007	1000.007	1000.007	1000.007	1000.007	1000.007	1000.007	1000.007	1000.007	1000.007	1000.007	1000.007
other	0.010	0.010	0.010	0.010	0.010	0.010	0.010	0.010	0.010	0.010	0.010	0.010	0.010	0.010	0.010	0.010	0.000	0.000	0.000	0.000	0.000	0.000	0.000	0.000	0.000	0.000	0.000	0.000	0.000	0.000	0.000	0.000
total	1.597	1.598	1.578	1.578	1.577	1.578	1.598	1.597	1.598	1.597	1.577	1.577	1.578	1.578	1.598	1.597	1000.004	1000.004	1000.004	1000.004	1000.004	1000.004	1000.004	1000.004	1000.004	1000.004	1000.004	1000.004	1000.004	1000.004	1000.004	1000.004
base	0.250	0.250	0.250	0.250	0.250	0.250	0.250	0.250	0.250	0.250	0.250	0.250	0.250	0.250	0.250	0.250	0.000	0.000	0.000	0.000	0.000	0.000	0.000	0.000	0.000	0.000	0.000	0.000	0.000	0.000	0.000	0.000
dispatch_width	-
rs_full	-
depend	-
depend-int	0.191	0.191	0.190	0.190	0.190	0.190	0.191	0.191	0.191	0.191	0.190	0.190	0.190	0.190	0.191	0.191	0.000	0.000	0.000	0.000	0.000	0.000	0.000	0.000	0.000	0.000	0.000	0.000	0.000	0.000	0.000	0.000
depend-fp	-
depend-branch	0.036	0.036	0.034	0.034	0.034	0.034	0.036	0.036	0.036	0.036	0.034	0.034	0.034	0.034	0.036	0.036	0.000	0.000	0.000	0.000	0.000	0.000	0.000	0.000	0.000	0.000	0.000	0.000	0.000	0.000	0.000	0.000
issue	-
serial	-
smt	-
branch	0.176	0.176	0.163	0.163	0.163	0.163	0.176	0.176	0.176	0.176	0.163	0.163	0.163	0.163	0.176	0.176	0.000	0.000	0.000	0.000	0.000	0.000	0.000	0.000	0.000	0.000	0.000	0.000	0.000	0.000	0.000	0.000
itlb	-
dtlb	-
ifetch	0.444	0.444	0.432	0.432	0.432	0.432	0.444	0.444	0.444	0.444	0.432	0.432	0.432	0.432	0.444	0.444	0.000	0.000	0.000	0.000	0.000	0.000	0.000	0.000	0.000	0.000	0.000	0.000	0.000	0.000	0.000	0.000
mem	-
mem-l1d	0.491	0.491	0.499	0.499	0.498	0.499	0.491	0.491	0.491	0.491	0.499	0.498	0.499	0.499	0.491	0.491	0.000	0.000	0.000	0.000	0.000	0.000	0.000	0.000	0.000	0.000	0.000	0.000	0.000	0.000	0.000	0.000
mem-l2	-
mem-l3	-
mem-l4	-
mem-remote	-
mem-nuca	-
mem-dram-cache	-
mem-dram	-
sync	-
dvfs-transition	-
imbalance	0.000	0.000	0.000	0.000	0.000	0.000	0.000	0.000	0.000	0.000	0.000	0.000	0.000	0.000	0.000	0.000	1000.004	1000.004	1000.004	1000.004	1000.004	1000.004	1000.004	1000.004	1000.004	1000.004	1000.004	1000.004	1000.004	1000.004	1000.004	1000.004
other	0.009	0.009	0.010	0.010	0.010	0.010	0.009	0.009	0.009	0.009	0.010	0.010	0.010	0.010	0.009	0.009	0.000	0.000	0.000	0.000	0.000	0.000	0.000	0.000	0.000	0.000	0.000	0.000	0.000	0.000	0.000	0.000
total	12.877	12.906	1.597	1.597	1.597	1.597	12.897	12.887	12.894	12.877	1.597	1.598	1.597	1.597	12.899	12.881	1000.002	1000.002	1000.002	1000.002	1000.002	1000.002	1000.002	1000.002	1000.002	1000.002	1000.002	1000.002	1000.002	1000.002	1000.002	1000.002
base	0.250	0.250	0.250	0.250	0.250	0.250	0.250	0.250	0.250	0.250	0.250	0.250	0.250	0.250	0.250	0.250	0.000	0.000	0.000	0.000	0.000	0.000	0.000	0.000	0.000	0.000	0.000	0.000	0.000	0.000	0.000	0.000
dispatch_width	-
rs_full	-
depend	-
depend-int	0.190	0.190	0.191	0.191	0.191	0.191	0.190	0.190	0.190	0.190	0.191	0.191	0.191	0.191	0.190	0.190	0.000	0.000	0.000	0.000	0.000	0.000	0.000	0.000	0.000	0.000	0.000	0.000	0.000	0.000	0.000	0.000
depend-fp	-
depend-branch	0.000	0.000	0.036	0.036	0.036	0.036	0.000	0.000	0.000	0.000	0.036	0.036	0.036	0.036	0.000	0.000	0.000	0.000	0.000	0.000	0.000	0.000	0.000	0.000	0.000	0.000	0.000	0.000	0.000	0.000	0.000	0.000
issue	-
serial	-
smt	-
branch	0.183	0.183	0.176	0.176	0.176	0.176	0.183	0.183	0.183	0.183	0.176	0.176	0.176	0.176	0.183	0.183	0.000	0.000	0.000	0.000	0.000	0.000	0.000	0.000	0.000	0.000	0.000	0.000	0.000	0.000	0.000	0.000
itlb	-
dtlb	-
ifetch	0.455	0.455	0.444	0.444	0.444	0.444	0.455	0.455	0.455	0.455	0.444	0.444	0.444	0.444	0.455	0.455	0.000	0.000	0.000	0.000	0.000	0.000	0.000	0.000	0.000	0.000	0.000	0.000	0.000	0.000	0.000	0.000
mem	-
mem-l1d	0.495	0.494	0.491	0.491	0.491	0.491	0.495	0.495	0.495	0.495	0.491	0.492	0.491	0.491	0.495	0.495	0.000	0.000	0.000	0.000	0.000	0.000	0.000	0.000	0.000	0.000	0.000	0.000	0.000	0.000	0.000	0.000
mem-l2	-
mem-l3	-
mem-l4	-
mem-remote	-
mem-nuca	-
mem-dram-cache	-
mem-dram	-
sync	-
dvfs-transition	-
imbalance	11.256	11.285	0.000	0.000	0.000	0.000	11.276	11.266	11.273	11.256	0.000	0.000	0.000	0.000	11.279	11.260	1000.002	1000.002	1000.002	1000.002	1000.002	1000.002	1000.002	1000.002	1000.002	1000.002	1000.002	1000.002	1000.002	1000.002	1000.002	1000.002
other	0.047	0.047	0.009	0.009	0.009	0.009	0.047	0.047	0.047	0.047	0.009	0.009	0.009	0.009	0.047	0.047	0.000	0.000	0.000	0.000	0.000	0.000	0.000	0.000	0.000	0.000	0.000	0.000	0.000	0.000	0.000	0.000
