pcb_C_0	329.7084
pcb_C_1	330.5569
pcb_C_2	330.9383
pcb_C_3	331.0949
pcb_C_4	331.0949
pcb_C_5	330.9383
pcb_C_6	330.5568
pcb_C_7	329.7084
pcb_C_8	329.3406
pcb_C_9	330.0773
pcb_C_10	330.4683
pcb_C_11	330.6441
pcb_C_12	330.6441
pcb_C_13	330.4683
pcb_C_14	330.0772
pcb_C_15	329.3406
pcb_C_16	328.7750
pcb_C_17	329.0956
pcb_C_18	329.3434
pcb_C_19	329.4762
pcb_C_20	329.4762
pcb_C_21	329.3434
pcb_C_22	329.0956
pcb_C_23	328.7749
pcb_C_24	328.3634
pcb_C_25	328.3648
pcb_C_26	328.4693
pcb_C_27	328.5444
pcb_C_28	328.5444
pcb_C_29	328.4693
pcb_C_30	328.3648
pcb_C_31	328.3634
solder_C_0	330.1457
solder_C_1	330.9318
solder_C_2	331.3210
solder_C_3	331.4853
solder_C_4	331.4852
solder_C_5	331.3210
solder_C_6	330.9317
solder_C_7	330.1456
solder_C_8	329.7455
solder_C_9	330.4177
solder_C_10	330.8186
solder_C_11	331.0028
solder_C_12	331.0028
solder_C_13	330.8185
solder_C_14	330.4177
solder_C_15	329.7455
solder_C_16	328.8010
solder_C_17	329.0193
solder_C_18	329.2798
solder_C_19	329.4234
solder_C_20	329.4234
solder_C_21	329.2797
solder_C_22	329.0192
solder_C_23	328.8010
solder_C_24	328.2868
solder_C_25	328.1834
solder_C_26	328.3027
solder_C_27	328.3895
solder_C_28	328.3895
solder_C_29	328.3027
solder_C_30	328.1834
solder_C_31	328.2868
sub_C_0	330.2627
sub_C_1	331.0509
sub_C_2	331.4480
sub_C_3	331.6156
sub_C_4	331.6155
sub_C_5	331.4480
sub_C_6	331.0509
sub_C_7	330.2627
sub_C_8	329.8714
sub_C_9	330.5577
sub_C_10	330.9672
sub_C_11	331.1544
sub_C_12	331.1544
sub_C_13	330.9671
sub_C_14	330.5576
sub_C_15	329.8714
sub_C_16	328.6873
sub_C_17	328.9449
sub_C_18	329.2180
sub_C_19	329.3657
sub_C_20	329.3657
sub_C_21	329.2180
sub_C_22	328.9449
sub_C_23	328.6873
sub_C_24	328.1479
sub_C_25	328.0949
sub_C_26	328.2291
sub_C_27	328.3207
sub_C_28	328.3207
sub_C_29	328.2290
sub_C_30	328.0949
sub_C_31	328.1479
layer_3_C_0	331.3197
layer_3_C_1	332.1974
layer_3_C_2	332.6630
layer_3_C_3	332.8584
layer_3_C_4	332.8582
layer_3_C_5	332.6630
layer_3_C_6	332.1973
layer_3_C_7	331.3197
layer_3_C_8	331.0817
layer_3_C_9	331.9626
layer_3_C_10	332.4579
layer_3_C_11	332.6737
layer_3_C_12	332.6737
layer_3_C_13	332.4578
layer_3_C_14	331.9625
layer_3_C_15	331.0818
layer_3_C_16	327.5339
layer_3_C_17	328.1759
layer_3_C_18	328.5723
layer_3_C_19	328.7589
layer_3_C_20	328.7589
layer_3_C_21	328.5722
layer_3_C_22	328.1759
layer_3_C_23	327.5339
layer_3_C_24	326.8203
layer_3_C_25	327.2228
layer_3_C_26	327.5002
layer_3_C_27	327.6374
layer_3_C_28	327.6374
layer_3_C_29	327.5002
layer_3_C_30	327.2228
layer_3_C_31	326.8203
layer_4_TB_0	331.1182
layer_4_TB_1	331.9959
layer_4_TB_2	332.4604
layer_4_TB_3	332.6557
layer_4_TB_4	332.6555
layer_4_TB_5	332.4604
layer_4_TB_6	331.9958
layer_4_TB_7	331.1182
layer_4_TB_8	330.8816
layer_4_TB_9	331.7628
layer_4_TB_10	332.2570
layer_4_TB_11	332.4727
layer_4_TB_12	332.4728
layer_4_TB_13	332.2569
layer_4_TB_14	331.7626
layer_4_TB_15	330.8817
layer_4_TB_16	327.5314
layer_4_TB_17	328.1740
layer_4_TB_18	328.5705
layer_4_TB_19	328.7571
layer_4_TB_20	328.7571
layer_4_TB_21	328.5704
layer_4_TB_22	328.1740
layer_4_TB_23	327.5314
layer_4_TB_24	326.8187
layer_4_TB_25	327.2218
layer_4_TB_26	327.4993
layer_4_TB_27	327.6365
layer_4_TB_28	327.6365
layer_4_TB_29	327.4993
layer_4_TB_30	327.2218
layer_4_TB_31	326.8187
hsp_TB_0	329.1024
hsp_TB_1	329.9810
hsp_TB_2	330.4341
hsp_TB_3	330.6288
hsp_TB_4	330.6287
hsp_TB_5	330.4341
hsp_TB_6	329.9810
hsp_TB_7	329.1024
hsp_TB_8	328.8809
hsp_TB_9	329.7645
hsp_TB_10	330.2482
hsp_TB_11	330.4631
hsp_TB_12	330.4632
hsp_TB_13	330.2482
hsp_TB_14	329.7644
hsp_TB_15	328.8809
hsp_TB_16	327.5064
hsp_TB_17	328.1547
hsp_TB_18	328.5523
hsp_TB_19	328.7393
hsp_TB_20	328.7393
hsp_TB_21	328.5523
hsp_TB_22	328.1546
hsp_TB_23	327.5064
hsp_TB_24	326.8031
hsp_TB_25	327.2113
hsp_TB_26	327.4901
hsp_TB_27	327.6276
hsp_TB_28	327.6276
hsp_TB_29	327.4901
hsp_TB_30	327.2113
hsp_TB_31	326.8031
hsink_TB_0	328.2830
hsink_TB_1	329.1252
hsink_TB_2	329.5715
hsink_TB_3	329.7653
hsink_TB_4	329.7653
hsink_TB_5	329.5714
hsink_TB_6	329.1251
hsink_TB_7	328.2830
hsink_TB_8	328.1189
hsink_TB_9	328.9705
hsink_TB_10	329.4484
hsink_TB_11	329.6626
hsink_TB_12	329.6626
hsink_TB_13	329.4483
hsink_TB_14	328.9705
hsink_TB_15	328.1189
hsink_TB_16	327.4125
hsink_TB_17	328.0566
hsink_TB_18	328.4537
hsink_TB_19	328.6407
hsink_TB_20	328.6407
hsink_TB_21	328.4537
hsink_TB_22	328.0566
hsink_TB_23	327.4125
hsink_TB_24	326.7875
hsink_TB_25	327.1973
hsink_TB_26	327.4764
hsink_TB_27	327.6139
hsink_TB_28	327.6139
hsink_TB_29	327.4763
hsink_TB_30	327.1973
hsink_TB_31	326.7875
inode_0	326.1579
inode_1	326.1579
inode_2	325.4592
inode_3	327.2047
inode_4	326.1400
inode_5	326.1400
inode_6	325.4503
inode_7	327.1898
inode_8	325.4206
inode_9	325.4206
inode_10	324.6105
inode_11	326.1499
inode_12	329.1541
inode_13	329.1541
inode_14	327.9550
inode_15	330.5910
inode_16	329.1514
inode_17	329.1514
inode_18	327.9548
inode_19	330.5900
inode_20	328.4537
inode_21	328.4537
inode_22	327.8873
inode_23	330.4585
inode_24	326.0479
inode_25	326.0479
inode_26	325.1210
inode_27	326.9617
