pcb_LC_0	347.9311
pcb_LC_1	349.0009
pcb_LC_2	349.4688
pcb_LC_3	349.6549
pcb_LC_4	349.6551
pcb_LC_5	349.4691
pcb_LC_6	349.0011
pcb_LC_7	347.9312
pcb_LC_8	347.9118
pcb_LC_9	349.1793
pcb_LC_10	349.7790
pcb_LC_11	350.0246
pcb_LC_12	350.0248
pcb_LC_13	349.7794
pcb_LC_14	349.1795
pcb_LC_15	347.9119
pcb_LC_16	347.9119
pcb_LC_17	349.1793
pcb_LC_18	349.7790
pcb_LC_19	350.0245
pcb_LC_20	350.0247
pcb_LC_21	349.7793
pcb_LC_22	349.1795
pcb_LC_23	347.9119
pcb_LC_24	347.9311
pcb_LC_25	349.0008
pcb_LC_26	349.4686
pcb_LC_27	349.6546
pcb_LC_28	349.6548
pcb_LC_29	349.4688
pcb_LC_30	349.0010
pcb_LC_31	347.9311
solder_LC_0	349.7936
solder_LC_1	350.1521
solder_LC_2	350.4187
solder_LC_3	350.5558
solder_LC_4	350.5567
solder_LC_5	350.4195
solder_LC_6	350.1524
solder_LC_7	349.7937
solder_LC_8	349.9052
solder_LC_9	350.3806
solder_LC_10	350.7275
solder_LC_11	350.9051
solder_LC_12	350.9059
solder_LC_13	350.7282
solder_LC_14	350.3810
solder_LC_15	349.9053
solder_LC_16	349.9054
solder_LC_17	350.3806
solder_LC_18	350.7273
solder_LC_19	350.9048
solder_LC_20	350.9055
solder_LC_21	350.7280
solder_LC_22	350.3809
solder_LC_23	349.9053
solder_LC_24	349.7939
solder_LC_25	350.1521
solder_LC_26	350.4184
solder_LC_27	350.5551
solder_LC_28	350.5557
solder_LC_29	350.4190
solder_LC_30	350.1522
solder_LC_31	349.7937
sub_LC_0	349.9946
sub_LC_1	350.3688
sub_LC_2	350.6578
sub_LC_3	350.8074
sub_LC_4	350.8090
sub_LC_5	350.6588
sub_LC_6	350.3693
sub_LC_7	349.9948
sub_LC_8	350.1121
sub_LC_9	350.5896
sub_LC_10	350.9516
sub_LC_11	351.1381
sub_LC_12	351.1395
sub_LC_13	350.9526
sub_LC_14	350.5900
sub_LC_15	350.1122
sub_LC_16	350.1124
sub_LC_17	350.5897
sub_LC_18	350.9515
sub_LC_19	351.1376
sub_LC_20	351.1389
sub_LC_21	350.9523
sub_LC_22	350.5899
sub_LC_23	350.1123
sub_LC_24	349.9955
sub_LC_25	350.3690
sub_LC_26	350.6575
sub_LC_27	350.8064
sub_LC_28	350.8075
sub_LC_29	350.6582
sub_LC_30	350.3691
sub_LC_31	349.9949
layer_3_LC_0	351.7393
layer_3_LC_1	352.3466
layer_3_LC_2	352.8552
layer_3_LC_3	353.1199
layer_3_LC_4	353.1306
layer_3_LC_5	352.8584
layer_3_LC_6	352.3475
layer_3_LC_7	351.7396
layer_3_LC_8	351.9085
layer_3_LC_9	352.5591
layer_3_LC_10	353.1022
layer_3_LC_11	353.3831
layer_3_LC_12	353.3903
layer_3_LC_13	353.1047
layer_3_LC_14	352.5598
layer_3_LC_15	351.9086
layer_3_LC_16	351.9101
layer_3_LC_17	352.5595
layer_3_LC_18	353.1018
layer_3_LC_19	353.3814
layer_3_LC_20	353.3882
layer_3_LC_21	353.1041
layer_3_LC_22	352.5598
layer_3_LC_23	351.9090
layer_3_LC_24	351.7453
layer_3_LC_25	352.3478
layer_3_LC_26	352.8543
layer_3_LC_27	353.1158
layer_3_LC_28	353.1229
layer_3_LC_29	352.8564
layer_3_LC_30	352.3474
layer_3_LC_31	351.7409
layer_4_TB_0	351.6483
layer_4_TB_1	352.2558
layer_4_TB_2	352.7641
layer_4_TB_3	353.0287
layer_4_TB_4	353.0394
layer_4_TB_5	352.7673
layer_4_TB_6	352.2567
layer_4_TB_7	351.6486
layer_4_TB_8	351.8177
layer_4_TB_9	352.4685
layer_4_TB_10	353.0114
layer_4_TB_11	353.2921
layer_4_TB_12	353.2994
layer_4_TB_13	353.0139
layer_4_TB_14	352.4692
layer_4_TB_15	351.8178
layer_4_TB_16	351.8193
layer_4_TB_17	352.4688
layer_4_TB_18	353.0110
layer_4_TB_19	353.2904
layer_4_TB_20	353.2972
layer_4_TB_21	353.0132
layer_4_TB_22	352.4691
layer_4_TB_23	351.8182
layer_4_TB_24	351.6543
layer_4_TB_25	352.2570
layer_4_TB_26	352.7633
layer_4_TB_27	353.0246
layer_4_TB_28	353.0317
layer_4_TB_29	352.7654
layer_4_TB_30	352.2566
layer_4_TB_31	351.6499
layer_5_B_0	350.7380
layer_5_B_1	351.3475
layer_5_B_2	351.8538
layer_5_B_3	352.1167
layer_5_B_4	352.1277
layer_5_B_5	351.8569
layer_5_B_6	351.3484
layer_5_B_7	350.7383
layer_5_B_8	350.9094
layer_5_B_9	351.5624
layer_5_B_10	352.1032
layer_5_B_11	352.3822
layer_5_B_12	352.3896
layer_5_B_13	352.1057
layer_5_B_14	351.5631
layer_5_B_15	350.9094
layer_5_B_16	350.9109
layer_5_B_17	351.5628
layer_5_B_18	352.1029
layer_5_B_19	352.3806
layer_5_B_20	352.3875
layer_5_B_21	352.1051
layer_5_B_22	351.5631
layer_5_B_23	350.9098
layer_5_B_24	350.7441
layer_5_B_25	351.3486
layer_5_B_26	351.8529
layer_5_B_27	352.1125
layer_5_B_28	352.1198
layer_5_B_29	351.8550
layer_5_B_30	351.3483
layer_5_B_31	350.7396
layer_6_TB_0	350.6099
layer_6_TB_1	351.2199
layer_6_TB_2	351.7259
layer_6_TB_3	351.9885
layer_6_TB_4	351.9995
layer_6_TB_5	351.7290
layer_6_TB_6	351.2208
layer_6_TB_7	350.6103
layer_6_TB_8	350.7817
layer_6_TB_9	351.4354
layer_6_TB_10	351.9760
layer_6_TB_11	352.2547
layer_6_TB_12	352.2621
layer_6_TB_13	351.9784
layer_6_TB_14	351.4361
layer_6_TB_15	350.7818
layer_6_TB_16	350.7833
layer_6_TB_17	351.4358
layer_6_TB_18	351.9756
layer_6_TB_19	352.2530
layer_6_TB_20	352.2600
layer_6_TB_21	351.9778
layer_6_TB_22	351.4361
layer_6_TB_23	350.7822
layer_6_TB_24	350.6161
layer_6_TB_25	351.2211
layer_6_TB_26	351.7250
layer_6_TB_27	351.9843
layer_6_TB_28	351.9917
layer_6_TB_29	351.7270
layer_6_TB_30	351.2207
layer_6_TB_31	350.6115
layer_7_B_32	349.3292
layer_7_B_33	349.9443
layer_7_B_34	350.4467
layer_7_B_35	350.7065
layer_7_B_36	350.7180
layer_7_B_37	350.4498
layer_7_B_38	349.9451
layer_7_B_39	349.3295
layer_7_B_40	349.5053
layer_7_B_41	350.1655
layer_7_B_42	350.7033
layer_7_B_43	350.9793
layer_7_B_44	350.9869
layer_7_B_45	350.7057
layer_7_B_46	350.1662
layer_7_B_47	349.5054
layer_7_B_48	349.5069
layer_7_B_49	350.1659
layer_7_B_50	350.7029
layer_7_B_51	350.9776
layer_7_B_52	350.9848
layer_7_B_53	350.7051
layer_7_B_54	350.1662
layer_7_B_55	349.5058
layer_7_B_56	349.3355
layer_7_B_57	349.9454
layer_7_B_58	350.4459
layer_7_B_59	350.7023
layer_7_B_60	350.7099
layer_7_B_61	350.4479
layer_7_B_62	349.9451
layer_7_B_63	349.3309
layer_8_TB_0	349.1647
layer_8_TB_1	349.7806
layer_8_TB_2	350.2826
layer_8_TB_3	350.5419
layer_8_TB_4	350.5535
layer_8_TB_5	350.2856
layer_8_TB_6	349.7815
layer_8_TB_7	349.1650
layer_8_TB_8	349.3415
layer_8_TB_9	350.0028
layer_8_TB_10	350.5402
layer_8_TB_11	350.8158
layer_8_TB_12	350.8235
layer_8_TB_13	350.5426
layer_8_TB_14	350.0035
layer_8_TB_15	349.3416
layer_8_TB_16	349.3430
layer_8_TB_17	350.0031
layer_8_TB_18	350.5398
layer_8_TB_19	350.8142
layer_8_TB_20	350.8214
layer_8_TB_21	350.5419
layer_8_TB_22	350.0034
layer_8_TB_23	349.3420
layer_8_TB_24	349.1710
layer_8_TB_25	349.7817
layer_8_TB_26	350.2818
layer_8_TB_27	350.5377
layer_8_TB_28	350.5454
layer_8_TB_29	350.2837
layer_8_TB_30	349.7814
layer_8_TB_31	349.1664
layer_9_B_64	347.5197
layer_9_B_65	348.1438
layer_9_B_66	348.6409
layer_9_B_67	348.8960
layer_9_B_68	348.9085
layer_9_B_69	348.6438
layer_9_B_70	348.1447
layer_9_B_71	347.5200
layer_9_B_72	347.7033
layer_9_B_73	348.3754
layer_9_B_74	348.9092
layer_9_B_75	349.1812
layer_9_B_76	349.1891
layer_9_B_77	348.9115
layer_9_B_78	348.3761
layer_9_B_79	347.7033
layer_9_B_80	347.7047
layer_9_B_81	348.3757
layer_9_B_82	348.9089
layer_9_B_83	349.1795
layer_9_B_84	349.1871
layer_9_B_85	348.9109
layer_9_B_86	348.3760
layer_9_B_87	347.7037
layer_9_B_88	347.5263
layer_9_B_89	348.1449
layer_9_B_90	348.6401
layer_9_B_91	348.8918
layer_9_B_92	348.9000
layer_9_B_93	348.6420
layer_9_B_94	348.1446
layer_9_B_95	347.5214
layer_10_TB_0	347.3196
layer_10_TB_1	347.9448
layer_10_TB_2	348.4413
layer_10_TB_3	348.6959
layer_10_TB_4	348.7083
layer_10_TB_5	348.4441
layer_10_TB_6	347.9457
layer_10_TB_7	347.3199
layer_10_TB_8	347.5040
layer_10_TB_9	348.1777
layer_10_TB_10	348.7111
layer_10_TB_11	348.9826
layer_10_TB_12	348.9906
layer_10_TB_13	348.7133
layer_10_TB_14	348.1784
layer_10_TB_15	347.5041
layer_10_TB_16	347.5054
layer_10_TB_17	348.1780
layer_10_TB_18	348.7107
layer_10_TB_19	348.9809
layer_10_TB_20	348.9886
layer_10_TB_21	348.7127
layer_10_TB_22	348.1783
layer_10_TB_23	347.5045
layer_10_TB_24	347.3261
layer_10_TB_25	347.9459
layer_10_TB_26	348.4405
layer_10_TB_27	348.6917
layer_10_TB_28	348.6997
layer_10_TB_29	348.4423
layer_10_TB_30	347.9456
layer_10_TB_31	347.3213
layer_11_B_96	345.3180
layer_11_B_97	345.9549
layer_11_B_98	346.4449
layer_11_B_99	346.6940
layer_11_B_100	346.7058
layer_11_B_101	346.4475
layer_11_B_102	345.9556
layer_11_B_103	345.3183
layer_11_B_104	345.5117
layer_11_B_105	346.2009
layer_11_B_106	346.7298
layer_11_B_107	346.9967
layer_11_B_108	347.0050
layer_11_B_109	346.7319
layer_11_B_110	346.2015
layer_11_B_111	345.5118
layer_11_B_112	345.5130
layer_11_B_113	346.2012
layer_11_B_114	346.7295
layer_11_B_115	346.9949
layer_11_B_116	347.0032
layer_11_B_117	346.7313
layer_11_B_118	346.2015
layer_11_B_119	345.5121
layer_11_B_120	345.3249
layer_11_B_121	345.9558
layer_11_B_122	346.4442
layer_11_B_123	346.6898
layer_11_B_124	346.6968
layer_11_B_125	346.4459
layer_11_B_126	345.9556
layer_11_B_127	345.3198
layer_12_TB_0	345.0831
layer_12_TB_1	345.7215
layer_12_TB_2	346.2107
layer_12_TB_3	346.4592
layer_12_TB_4	346.4708
layer_12_TB_5	346.2133
layer_12_TB_6	345.7223
layer_12_TB_7	345.0834
layer_12_TB_8	345.2780
layer_12_TB_9	345.9693
layer_12_TB_10	346.4976
layer_12_TB_11	346.7639
layer_12_TB_12	346.7721
layer_12_TB_13	346.4997
layer_12_TB_14	345.9698
layer_12_TB_15	345.2781
layer_12_TB_16	345.2793
layer_12_TB_17	345.9695
layer_12_TB_18	346.4973
layer_12_TB_19	346.7622
layer_12_TB_20	346.7703
layer_12_TB_21	346.4991
layer_12_TB_22	345.9698
layer_12_TB_23	345.2784
layer_12_TB_24	345.0899
layer_12_TB_25	345.7225
layer_12_TB_26	346.2100
layer_12_TB_27	346.4549
layer_12_TB_28	346.4618
layer_12_TB_29	346.2117
layer_12_TB_30	345.7222
layer_12_TB_31	345.0849
layer_13_B_128	342.7343
layer_13_B_129	343.3879
layer_13_B_130	343.8690
layer_13_B_131	344.1107
layer_13_B_132	344.1203
layer_13_B_133	343.8712
layer_13_B_134	343.3886
layer_13_B_135	342.7346
layer_13_B_136	342.9409
layer_13_B_137	343.6527
layer_13_B_138	344.1756
layer_13_B_139	344.4363
layer_13_B_140	344.4433
layer_13_B_141	344.1774
layer_13_B_142	343.6532
layer_13_B_143	342.9410
layer_13_B_144	342.9421
layer_13_B_145	343.6530
layer_13_B_146	344.1753
layer_13_B_147	344.4345
layer_13_B_148	344.4416
layer_13_B_149	344.1770
layer_13_B_150	343.6532
layer_13_B_151	342.9414
layer_13_B_152	342.7398
layer_13_B_153	343.3887
layer_13_B_154	343.8683
layer_13_B_155	344.1064
layer_13_B_156	344.1123
layer_13_B_157	343.8698
layer_13_B_158	343.3885
layer_13_B_159	342.7361
layer_14_TB_0	342.4658
layer_14_TB_1	343.1213
layer_14_TB_2	343.6014
layer_14_TB_3	343.8423
layer_14_TB_4	343.8516
layer_14_TB_5	343.6036
layer_14_TB_6	343.1219
layer_14_TB_7	342.4660
layer_14_TB_8	342.6738
layer_14_TB_9	343.3882
layer_14_TB_10	343.9105
layer_14_TB_11	344.1704
layer_14_TB_12	344.1773
layer_14_TB_13	343.9122
layer_14_TB_14	343.3887
layer_14_TB_15	342.6739
layer_14_TB_16	342.6749
layer_14_TB_17	343.3884
layer_14_TB_18	343.9102
layer_14_TB_19	344.1686
layer_14_TB_20	344.1757
layer_14_TB_21	343.9118
layer_14_TB_22	343.3887
layer_14_TB_23	342.6743
layer_14_TB_24	342.4711
layer_14_TB_25	343.1221
layer_14_TB_26	343.6007
layer_14_TB_27	343.8380
layer_14_TB_28	343.8438
layer_14_TB_29	343.6022
layer_14_TB_30	343.1219
layer_14_TB_31	342.4676
layer_15_B_160	339.7803
layer_15_B_161	340.4549
layer_15_B_162	340.9251
layer_15_B_163	341.1579
layer_15_B_164	341.1655
layer_15_B_165	340.9269
layer_15_B_166	340.4555
layer_15_B_167	339.7806
layer_15_B_168	340.0028
layer_15_B_169	340.7432
layer_15_B_170	341.2588
layer_15_B_171	341.5121
layer_15_B_172	341.5179
layer_15_B_173	341.2603
layer_15_B_174	340.7436
layer_15_B_175	340.0029
layer_15_B_176	340.0037
layer_15_B_177	340.7433
layer_15_B_178	341.2585
layer_15_B_179	341.5103
layer_15_B_180	341.5165
layer_15_B_181	341.2599
layer_15_B_182	340.7436
layer_15_B_183	340.0032
layer_15_B_184	339.7844
layer_15_B_185	340.4556
layer_15_B_186	340.9245
layer_15_B_187	341.1537
layer_15_B_188	341.1586
layer_15_B_189	340.9257
layer_15_B_190	340.4555
layer_15_B_191	339.7823
layer_16_TB_0	339.4793
layer_16_TB_1	340.1563
layer_16_TB_2	340.6252
layer_16_TB_3	340.8571
layer_16_TB_4	340.8646
layer_16_TB_5	340.6270
layer_16_TB_6	340.1568
layer_16_TB_7	339.4796
layer_16_TB_8	339.7036
layer_16_TB_9	340.4471
layer_16_TB_10	340.9619
layer_16_TB_11	341.2145
layer_16_TB_12	341.2201
layer_16_TB_13	340.9634
layer_16_TB_14	340.4475
layer_16_TB_15	339.7037
layer_16_TB_16	339.7044
layer_16_TB_17	340.4472
layer_16_TB_18	340.9617
layer_16_TB_19	341.2126
layer_16_TB_20	341.2188
layer_16_TB_21	340.9630
layer_16_TB_22	340.4475
layer_16_TB_23	339.7040
layer_16_TB_24	339.4833
layer_16_TB_25	340.1569
layer_16_TB_26	340.6246
layer_16_TB_27	340.8529
layer_16_TB_28	340.8577
layer_16_TB_29	340.6258
layer_16_TB_30	340.1568
layer_16_TB_31	339.4813
layer_17_B_192	336.4692
layer_17_B_193	337.1695
layer_17_B_194	337.6264
layer_17_B_195	337.8491
layer_17_B_196	337.8549
layer_17_B_197	337.6278
layer_17_B_198	337.1700
layer_17_B_199	336.4695
layer_17_B_200	336.7106
layer_17_B_201	337.4861
layer_17_B_202	337.9930
layer_17_B_203	338.2380
layer_17_B_204	338.2426
layer_17_B_205	337.9941
layer_17_B_206	337.4865
layer_17_B_207	336.7108
layer_17_B_208	336.7113
layer_17_B_209	337.4862
layer_17_B_210	337.9928
layer_17_B_211	338.2360
layer_17_B_212	338.2415
layer_17_B_213	337.9938
layer_17_B_214	337.4865
layer_17_B_215	336.7110
layer_17_B_216	336.4721
layer_17_B_217	337.1700
layer_17_B_218	337.6259
layer_17_B_219	337.8448
layer_17_B_220	337.8488
layer_17_B_221	337.6269
layer_17_B_222	337.1700
layer_17_B_223	336.4713
layer_18_TB_0	336.1371
layer_18_TB_1	336.8402
layer_18_TB_2	337.2956
layer_18_TB_3	337.5170
layer_18_TB_4	337.5227
layer_18_TB_5	337.2969
layer_18_TB_6	336.8406
layer_18_TB_7	336.1373
layer_18_TB_8	336.3805
layer_18_TB_9	337.1598
layer_18_TB_10	337.6657
layer_18_TB_11	337.9098
layer_18_TB_12	337.9142
layer_18_TB_13	337.6668
layer_18_TB_14	337.1601
layer_18_TB_15	336.3806
layer_18_TB_16	336.3811
layer_18_TB_17	337.1599
layer_18_TB_18	337.6655
layer_18_TB_19	337.9079
layer_18_TB_20	337.9131
layer_18_TB_21	337.6665
layer_18_TB_22	337.1601
layer_18_TB_23	336.3808
layer_18_TB_24	336.1398
layer_18_TB_25	336.8406
layer_18_TB_26	337.2951
layer_18_TB_27	337.5129
layer_18_TB_28	337.5169
layer_18_TB_29	337.2961
layer_18_TB_30	336.8406
layer_18_TB_31	336.1392
layer_19_B_224	332.8154
layer_19_B_225	333.5465
layer_19_B_226	333.9875
layer_19_B_227	334.1967
layer_19_B_228	334.2009
layer_19_B_229	333.9884
layer_19_B_230	333.5469
layer_19_B_231	332.8155
layer_19_B_232	333.0788
layer_19_B_233	333.8967
layer_19_B_234	334.3931
layer_19_B_235	334.6287
layer_19_B_236	334.6303
layer_19_B_237	334.3938
layer_19_B_238	333.8970
layer_19_B_239	333.0789
layer_19_B_240	333.0791
layer_19_B_241	333.8968
layer_19_B_242	334.3929
layer_19_B_243	334.6266
layer_19_B_244	334.6296
layer_19_B_245	334.3936
layer_19_B_246	333.8970
layer_19_B_247	333.0791
layer_19_B_248	332.8169
layer_19_B_249	333.5468
layer_19_B_250	333.9872
layer_19_B_251	334.1942
layer_19_B_252	334.1975
layer_19_B_253	333.9878
layer_19_B_254	333.5469
layer_19_B_255	332.8176
layer_20_TB_0	332.4535
layer_20_TB_1	333.1879
layer_20_TB_2	333.6272
layer_20_TB_3	333.8351
layer_20_TB_4	333.8389
layer_20_TB_5	333.6281
layer_20_TB_6	333.1883
layer_20_TB_7	332.4536
layer_20_TB_8	332.7191
layer_20_TB_9	333.5417
layer_20_TB_10	334.0369
layer_20_TB_11	334.2713
layer_20_TB_12	334.2729
layer_20_TB_13	334.0376
layer_20_TB_14	333.5420
layer_20_TB_15	332.7192
layer_20_TB_16	332.7195
layer_20_TB_17	333.5418
layer_20_TB_18	334.0367
layer_20_TB_19	334.2694
layer_20_TB_20	334.2722
layer_20_TB_21	334.0374
layer_20_TB_22	333.5420
layer_20_TB_23	332.7194
layer_20_TB_24	332.4549
layer_20_TB_25	333.1882
layer_20_TB_26	333.6269
layer_20_TB_27	333.8327
layer_20_TB_28	333.8358
layer_20_TB_29	333.6275
layer_20_TB_30	333.1883
layer_20_TB_31	332.4555
hsp_TB_0	328.8341
hsp_TB_1	329.6020
hsp_TB_2	330.0241
hsp_TB_3	330.2184
hsp_TB_4	330.2192
hsp_TB_5	330.0245
hsp_TB_6	329.6022
hsp_TB_7	328.8343
hsp_TB_8	329.1227
hsp_TB_9	329.9914
hsp_TB_10	330.4751
hsp_TB_11	330.6984
hsp_TB_12	330.6989
hsp_TB_13	330.4754
hsp_TB_14	329.9916
hsp_TB_15	329.1228
hsp_TB_16	329.1228
hsp_TB_17	329.9914
hsp_TB_18	330.4750
hsp_TB_19	330.6980
hsp_TB_20	330.6986
hsp_TB_21	330.4753
hsp_TB_22	329.9916
hsp_TB_23	329.1229
hsp_TB_24	328.8345
hsp_TB_25	329.6020
hsp_TB_26	330.0239
hsp_TB_27	330.2177
hsp_TB_28	330.2184
hsp_TB_29	330.0242
hsp_TB_30	329.6022
hsp_TB_31	328.8347
hsink_TB_0	327.5097
hsink_TB_1	328.1643
hsink_TB_2	328.5601
hsink_TB_3	328.7460
hsink_TB_4	328.7462
hsink_TB_5	328.5603
hsink_TB_6	328.1645
hsink_TB_7	327.5098
hsink_TB_8	327.7288
hsink_TB_9	328.4768
hsink_TB_10	328.9331
hsink_TB_11	329.1480
hsink_TB_12	329.1481
hsink_TB_13	328.9332
hsink_TB_14	328.4770
hsink_TB_15	327.7289
hsink_TB_16	327.7288
hsink_TB_17	328.4768
hsink_TB_18	328.9330
hsink_TB_19	329.1479
hsink_TB_20	329.1480
hsink_TB_21	328.9332
hsink_TB_22	328.4770
hsink_TB_23	327.7289
hsink_TB_24	327.5097
hsink_TB_25	328.1643
hsink_TB_26	328.5600
hsink_TB_27	328.7459
hsink_TB_28	328.7460
hsink_TB_29	328.5602
hsink_TB_30	328.1645
hsink_TB_31	327.5098
inode_0	325.6183
inode_1	325.6184
inode_2	326.1181
inode_3	326.1182
inode_4	325.5848
inode_5	325.5848
inode_6	326.0908
inode_7	326.0909
inode_8	324.5415
inode_9	324.5416
inode_10	324.8321
inode_11	324.8322
inode_12	349.6209
inode_13	349.6209
inode_14	349.3439
inode_15	349.3442
inode_16	349.6025
inode_17	349.6025
inode_18	349.3385
inode_19	349.3388
inode_20	346.2586
inode_21	346.2586
inode_22	348.4048
inode_23	348.4051
inode_24	336.9023
inode_25	336.9023
inode_26	337.1356
inode_27	337.1358
