C_0	C_1	C_2	C_3	C_4	C_5	C_6	C_7	C_8	C_9	C_10	C_11	C_12	C_13	C_14	C_15	C_16	C_17	C_18	C_19	C_20	C_21	C_22	C_23	C_24	C_25	C_26	C_27	C_28	C_29	C_30	C_31	
68.33	69.22	69.22	68.38	69.17	70.50	70.50	69.14	69.12	70.48	70.47	69.15	68.42	69.29	69.29	68.37	66.38	67.26	67.24	66.42	67.16	68.43	68.38	67.09	67.13	68.43	68.39	67.09	66.36	67.17	67.14	66.29
68.35	69.26	69.25	68.44	69.16	70.42	70.38	69.08	69.07	70.38	70.37	69.12	68.54	69.40	69.39	68.44	66.19	67.11	67.10	66.28	66.86	68.07	68.05	66.79	66.80	68.07	68.05	66.82	66.16	66.94	66.93	66.05
68.13	69.04	69.02	68.26	68.90	70.08	70.04	68.79	68.77	70.03	70.03	68.85	68.38	69.21	69.21	68.24	66.10	67.04	67.04	66.22	66.70	67.84	67.83	66.60	66.60	67.83	67.83	66.66	66.06	66.80	66.79	65.92
68.35	69.26	69.25	68.51	69.10	70.24	70.20	68.97	68.94	70.17	70.17	69.05	68.65	69.47	69.47	68.48	66.05	66.99	66.99	66.20	66.60	67.68	67.66	66.47	66.45	67.66	67.65	66.54	65.99	66.71	66.69	65.83
68.14	69.04	69.03	68.33	68.87	69.95	69.91	68.71	68.67	69.87	69.87	68.81	68.48	69.27	69.27	68.28	66.01	66.96	66.96	66.18	66.52	67.55	67.54	66.38	66.35	67.52	67.52	66.45	65.95	66.64	66.62	65.76
68.36	69.27	69.26	68.57	69.08	70.13	70.08	68.90	68.85	70.03	70.04	69.02	68.73	69.52	69.51	68.51	65.99	66.94	66.95	66.18	66.47	67.46	67.44	66.31	66.26	67.41	67.42	66.39	65.92	66.58	66.57	65.72
68.14	69.05	69.04	68.38	68.86	69.86	69.80	68.65	68.60	69.76	69.77	68.79	68.55	69.31	69.30	68.31	65.97	66.93	66.94	66.18	66.43	67.38	67.36	66.25	66.20	67.32	67.33	66.34	65.90	66.55	66.53	65.68
68.37	69.27	69.27	68.63	69.07	70.05	69.99	68.85	68.80	69.94	69.95	69.01	68.80	69.56	69.54	68.54	65.97	66.92	66.94	66.19	66.41	67.32	67.30	66.21	66.15	67.25	67.26	66.30	65.90	66.52	66.50	65.66
68.15	69.05	69.05	68.43	68.85	69.78	69.73	68.61	68.56	69.67	69.69	68.79	68.61	69.35	69.33	68.33	65.96	66.92	66.93	66.21	66.39	67.26	67.24	66.17	66.10	67.19	67.20	66.28	65.89	66.49	66.47	65.64
68.38	69.28	69.28	68.68	69.08	69.98	69.92	68.82	68.76	69.87	69.89	69.01	68.86	69.59	69.57	68.56	65.96	66.91	66.93	66.22	66.38	67.22	67.20	66.14	66.06	67.13	67.14	66.25	65.89	66.47	66.45	65.62
68.16	69.06	69.06	68.48	68.86	69.73	69.66	68.58	68.52	69.61	69.63	68.80	68.67	69.38	69.35	68.35	65.96	66.91	66.93	66.23	66.37	67.18	67.15	66.11	66.03	67.08	67.09	66.23	65.89	66.46	66.43	65.61
68.38	69.28	69.28	68.72	69.08	69.93	69.86	68.78	68.73	69.81	69.83	69.02	68.91	69.61	69.58	68.58	65.96	66.91	66.93	66.25	66.36	67.14	67.12	66.09	66.00	67.03	67.05	66.22	65.90	66.44	66.42	65.60
68.17	69.06	69.07	68.53	68.86	69.68	69.61	68.55	68.50	69.56	69.58	68.81	68.72	69.40	69.37	68.37	65.95	66.90	66.93	66.26	66.36	67.11	67.08	66.07	65.97	66.99	67.01	66.21	65.90	66.43	66.40	65.59
68.39	69.28	69.29	68.76	69.09	69.88	69.81	68.76	68.70	69.76	69.79	69.03	68.96	69.63	69.59	68.59	65.95	66.90	66.93	66.28	66.36	67.08	67.05	66.05	65.95	66.95	66.97	66.19	65.90	66.42	66.39	65.58
68.18	69.06	69.08	68.56	68.87	69.63	69.56	68.53	68.47	69.51	69.55	68.82	68.76	69.41	69.38	68.38	65.95	66.90	66.93	66.29	66.36	67.05	67.02	66.03	65.92	66.91	66.94	66.18	65.91	66.41	66.37	65.57
68.39	69.28	69.30	68.80	69.09	69.84	69.76	68.73	68.68	69.71	69.75	69.05	69.00	69.64	69.60	68.60	65.95	66.89	66.93	66.30	66.36	67.03	66.99	66.01	65.90	66.87	66.90	66.17	65.91	66.40	66.36	65.56
68.18	69.06	69.08	68.60	68.88	69.60	69.52	68.50	68.45	69.47	69.51	68.84	68.80	69.42	69.38	68.39	65.95	66.89	66.93	66.31	66.36	67.01	66.97	66.00	65.88	66.84	66.87	66.17	65.92	66.39	66.34	65.55
68.40	69.28	69.31	68.84	69.11	69.81	69.72	68.72	68.66	69.68	69.73	69.07	69.04	69.65	69.61	68.61	65.94	66.88	66.92	66.33	66.36	66.99	66.94	65.98	65.86	66.81	66.84	66.16	65.92	66.38	66.33	65.54
68.19	69.06	69.09	68.64	68.89	69.56	69.48	68.49	68.44	69.44	69.49	68.86	68.84	69.43	69.38	68.40	65.94	66.87	66.92	66.34	66.36	66.97	66.92	65.97	65.83	66.78	66.81	66.15	65.93	66.37	66.32	65.53
68.40	69.28	69.31	68.87	69.11	69.77	69.68	68.69	68.64	69.64	69.69	69.08	69.07	69.65	69.60	68.61	65.94	66.87	66.92	66.35	66.36	66.95	66.90	65.95	65.81	66.74	66.78	66.14	65.93	66.36	66.30	65.52
68.19	69.05	69.09	68.66	68.90	69.53	69.44	68.46	68.42	69.41	69.46	68.87	68.87	69.43	69.37	68.39	65.93	66.86	66.91	66.35	66.37	66.93	66.87	65.94	65.80	66.71	66.76	66.14	65.93	66.34	66.29	65.51
68.40	69.27	69.31	68.90	69.13	69.74	69.64	68.67	68.63	69.61	69.67	69.10	69.10	69.66	69.59	68.61	65.93	66.85	66.91	66.36	66.37	66.91	66.85	65.93	65.78	66.69	66.73	66.13	65.94	66.33	66.28	65.50
68.18	69.04	69.09	68.69	68.91	69.50	69.40	68.44	68.39	69.37	69.43	68.89	68.89	69.43	69.36	68.39	65.92	66.84	66.90	66.37	66.37	66.90	66.83	65.91	65.76	66.66	66.71	66.12	65.94	66.32	66.26	65.49
68.40	69.27	69.31	68.93	69.14	69.71	69.61	68.65	68.61	69.58	69.65	69.12	69.13	69.65	69.58	68.61	65.91	66.83	66.89	66.38	66.38	66.88	66.82	65.90	65.74	66.63	66.68	66.12	65.94	66.31	66.25	65.48
68.18	69.04	69.09	68.71	68.92	69.47	69.36	68.42	68.38	69.34	69.41	68.90	68.92	69.42	69.35	68.38	65.91	66.82	66.89	66.39	66.38	66.87	66.80	65.89	65.72	66.60	66.66	66.11	65.94	66.30	66.24	65.48
68.40	69.26	69.31	68.95	69.15	69.69	69.58	68.63	68.59	69.56	69.63	69.14	69.15	69.65	69.57	68.60	65.90	66.81	66.88	66.39	66.38	66.86	66.78	65.88	65.71	66.58	66.64	66.11	65.94	66.29	66.22	65.47
68.18	69.03	69.09	68.74	68.93	69.45	69.33	68.40	68.37	69.32	69.40	68.92	68.94	69.42	69.34	68.38	65.89	66.80	66.87	66.40	66.38	66.84	66.76	65.87	65.69	66.55	66.62	66.10	65.95	66.29	66.21	65.46
68.40	69.26	69.32	68.98	69.16	69.67	69.55	68.62	68.58	69.54	69.62	69.16	69.18	69.65	69.56	68.60	65.89	66.79	66.86	66.40	66.39	66.83	66.75	65.86	65.67	66.53	66.60	66.10	65.95	66.28	66.20	65.45
68.18	69.03	69.09	68.77	68.94	69.43	69.31	68.39	68.35	69.30	69.39	68.94	68.96	69.42	69.33	68.37	65.88	66.77	66.86	66.41	66.39	66.82	66.73	65.85	65.66	66.51	66.57	66.09	65.95	66.27	66.18	65.44
68.40	69.25	69.32	69.00	69.17	69.65	69.52	68.60	68.57	69.52	69.61	69.17	69.20	69.64	69.55	68.59	65.87	66.76	66.85	66.41	66.39	66.81	66.72	65.84	65.64	66.48	66.56	66.09	65.95	66.26	66.17	65.43
68.18	69.02	69.10	68.79	68.95	69.41	69.28	68.37	68.34	69.28	69.37	68.96	68.98	69.41	69.32	68.37	65.86	66.75	66.84	66.42	66.40	66.79	66.70	65.83	65.63	66.46	66.54	66.08	65.95	66.25	66.16	65.42
68.39	69.24	69.32	69.02	69.18	69.63	69.49	68.58	68.55	69.49	69.59	69.19	69.21	69.63	69.53	68.58	65.85	66.74	66.83	66.42	66.40	66.78	66.69	65.82	65.61	66.44	66.52	66.08	65.95	66.24	66.15	65.41
68.17	69.02	69.10	68.81	68.97	69.39	69.26	68.36	68.33	69.26	69.36	68.97	69.00	69.41	69.30	68.36	65.85	66.73	66.82	66.42	66.40	66.77	66.67	65.81	65.60	66.42	66.50	66.08	65.95	66.23	66.13	65.40
68.39	69.23	69.32	69.04	69.19	69.61	69.47	68.57	68.54	69.47	69.58	69.20	69.23	69.63	69.52	68.57	65.84	66.71	66.82	66.43	66.41	66.76	66.66	65.80	65.58	66.40	66.48	66.07	65.95	66.22	66.12	65.39
68.16	69.00	69.09	68.82	68.97	69.37	69.23	68.34	68.31	69.23	69.35	68.98	69.01	69.39	69.28	68.34	65.83	66.70	66.81	66.43	66.41	66.75	66.64	65.79	65.57	66.38	66.46	66.07	65.95	66.21	66.11	65.38
68.39	69.23	69.32	69.07	69.21	69.60	69.45	68.56	68.53	69.46	69.58	69.22	69.25	69.62	69.51	68.56	65.82	66.69	66.80	66.43	66.41	66.74	66.63	65.78	65.55	66.36	66.45	66.06	65.95	66.20	66.10	65.37
68.16	69.00	69.10	68.85	68.99	69.36	69.21	68.33	68.30	69.22	69.34	69.00	69.03	69.39	69.27	68.33	65.81	66.68	66.79	66.44	66.41	66.73	66.62	65.77	65.54	66.34	66.43	66.06	65.95	66.19	66.08	65.37
68.38	69.22	69.32	69.08	69.21	69.58	69.42	68.54	68.51	69.43	69.56	69.23	69.26	69.61	69.48	68.55	65.80	66.67	66.78	66.44	66.42	66.72	66.60	65.76	65.52	66.32	66.42	66.06	65.95	66.18	66.07	65.36
68.16	68.99	69.09	68.86	68.99	69.34	69.19	68.31	68.29	69.20	69.33	69.01	69.04	69.38	69.25	68.32	65.79	66.65	66.77	66.44	66.42	66.72	66.59	65.75	65.51	66.30	66.40	66.05	65.95	66.17	66.06	65.35
68.37	69.21	69.31	69.09	69.22	69.56	69.40	68.52	68.50	69.41	69.55	69.24	69.27	69.59	69.46	68.53	65.79	66.64	66.76	66.44	66.42	66.71	66.58	65.74	65.50	66.28	66.38	66.05	65.95	66.17	66.05	65.34
68.15	68.98	69.09	68.88	69.00	69.33	69.16	68.30	68.28	69.18	69.32	69.02	69.05	69.37	69.23	68.31	65.78	66.63	66.75	66.45	66.42	66.70	66.57	65.73	65.48	66.26	66.37	66.05	65.95	66.16	66.04	65.33
68.36	69.20	69.31	69.11	69.23	69.55	69.38	68.51	68.49	69.40	69.54	69.25	69.28	69.59	69.45	68.52	65.77	66.62	66.75	66.45	66.42	66.69	66.55	65.72	65.47	66.24	66.36	66.04	65.95	66.15	66.03	65.32
68.14	68.98	69.09	68.89	69.01	69.32	69.14	68.28	68.26	69.17	69.31	69.04	69.07	69.36	69.22	68.30	65.76	66.60	66.74	66.45	66.42	66.68	66.54	65.71	65.46	66.23	66.34	66.04	65.95	66.14	66.01	65.31
68.36	69.19	69.31	69.12	69.24	69.53	69.36	68.49	68.47	69.38	69.53	69.26	69.29	69.58	69.43	68.51	65.75	66.59	66.73	66.45	66.43	66.67	66.53	65.70	65.45	66.21	66.33	66.03	65.95	66.13	66.00	65.30
68.14	68.96	69.09	68.90	69.02	69.30	69.12	68.27	68.25	69.15	69.30	69.04	69.07	69.35	69.20	68.28	65.74	66.58	66.72	66.45	66.43	66.67	66.52	65.69	65.43	66.19	66.31	66.03	65.95	66.12	65.99	65.29
68.35	69.18	69.31	69.13	69.25	69.52	69.34	68.48	68.46	69.36	69.52	69.27	69.30	69.57	69.41	68.49	65.73	66.57	66.71	66.45	66.43	66.66	66.51	65.69	65.42	66.18	66.30	66.03	65.95	66.12	65.98	65.29
68.13	68.96	69.09	68.92	69.03	69.29	69.10	68.25	68.24	69.13	69.29	69.05	69.08	69.34	69.18	68.27	65.72	66.56	66.70	66.45	66.43	66.65	66.50	65.68	65.41	66.16	66.29	66.02	65.95	66.11	65.97	65.28
68.34	69.18	69.31	69.15	69.25	69.51	69.32	68.46	68.45	69.35	69.51	69.28	69.31	69.56	69.39	68.48	65.71	66.54	66.70	66.45	66.43	66.64	66.49	65.67	65.40	66.15	66.27	66.02	65.94	66.10	65.96	65.27
68.12	68.95	69.09	68.93	69.03	69.28	69.08	68.24	68.22	69.11	69.28	69.06	69.09	69.33	69.16	68.26	65.70	66.53	66.69	66.45	66.43	66.64	66.47	65.66	65.39	66.13	66.26	66.02	65.94	66.09	65.95	65.26
68.33	69.16	69.30	69.15	69.26	69.49	69.29	68.45	68.43	69.32	69.50	69.28	69.31	69.54	69.37	68.46	65.70	66.52	66.68	66.46	66.44	66.63	66.46	65.65	65.37	66.11	66.25	66.01	65.94	66.09	65.94	65.25
68.11	68.94	69.08	68.94	69.04	69.27	69.07	68.22	68.21	69.10	69.27	69.07	69.10	69.32	69.14	68.24	65.69	66.51	66.67	66.46	66.44	66.62	66.45	65.64	65.36	66.10	66.24	66.01	65.94	66.08	65.93	65.24
68.33	69.16	69.31	69.17	69.27	69.49	69.28	68.44	68.43	69.32	69.50	69.30	69.33	69.54	69.36	68.45	65.68	66.50	66.66	66.46	66.44	66.61	66.44	65.64	65.35	66.09	66.23	66.01	65.94	66.07	65.92	65.23
68.11	68.93	69.08	68.95	69.05	69.26	69.05	68.21	68.20	69.08	69.27	69.08	69.11	69.31	69.13	68.23	65.67	66.49	66.66	66.46	66.44	66.61	66.43	65.63	65.34	66.07	66.22	66.00	65.94	66.06	65.91	65.23
68.32	69.15	69.30	69.18	69.27	69.48	69.26	68.42	68.41	69.30	69.49	69.30	69.33	69.53	69.34	68.44	65.66	66.48	66.65	66.46	66.44	66.60	66.42	65.62	65.33	66.06	66.20	66.00	65.94	66.06	65.90	65.22
68.10	68.92	69.08	68.96	69.05	69.25	69.03	68.20	68.19	69.07	69.26	69.09	69.11	69.30	69.11	68.21	65.65	66.46	66.64	66.46	66.44	66.59	66.41	65.61	65.32	66.04	66.19	66.00	65.94	66.05	65.89	65.21
68.18	68.98	69.15	69.12	69.16	69.40	68.90	68.46	68.24	69.12	69.37	69.20	69.25	69.54	69.75	67.37	65.64	66.45	66.63	66.46	66.44	66.59	66.40	65.60	65.31	66.03	66.18	65.99	65.93	66.04	65.88	65.20
67.94	68.74	68.91	68.89	68.93	69.16	68.63	68.24	68.00	68.87	69.12	68.97	69.02	69.31	69.56	67.03	65.63	66.44	66.62	66.45	66.44	66.58	66.40	65.58	65.30	66.01	66.17	65.99	65.93	66.04	65.87	65.19
68.19	69.01	69.21	69.08	69.15	69.33	69.10	68.28	68.25	69.11	69.30	69.16	69.20	69.38	69.20	68.12	65.62	66.43	66.62	66.45	66.44	66.57	66.39	65.57	65.29	66.00	66.16	65.99	65.93	66.03	65.86	65.19
67.97	68.78	68.99	68.85	68.92	69.09	68.89	68.03	68.02	68.88	69.06	68.92	68.97	69.13	68.91	67.97	65.61	66.42	66.61	66.45	66.44	66.57	66.37	65.56	65.28	65.99	66.15	65.98	65.93	66.02	65.85	65.18
68.15	68.94	69.15	69.03	69.15	69.22	69.12	68.25	68.06	69.12	69.30	69.18	69.16	69.35	69.14	68.19	65.60	66.41	66.60	66.45	66.43	66.56	66.36	65.56	65.27	65.98	66.14	65.98	65.93	66.01	65.84	65.17
67.92	68.70	68.92	68.80	68.92	68.98	68.89	68.02	67.81	68.89	69.07	68.95	68.93	69.11	68.90	67.98	65.59	66.39	66.59	66.45	66.43	66.55	66.35	65.55	65.26	65.96	66.13	65.98	65.93	66.01	65.83	65.16
68.14	68.98	69.20	69.26	69.27	69.30	69.10	68.36	68.16	69.08	69.29	69.18	69.19	69.35	68.43	68.49	65.58	66.38	66.58	66.45	66.43	66.55	66.34	65.54	65.25	65.95	66.12	65.97	65.92	66.00	65.82	65.15
67.91	68.76	68.98	69.07	69.06	69.08	68.86	68.16	67.95	68.85	69.06	68.96	68.97	69.12	68.12	68.30	65.57	66.37	66.58	66.45	66.43	66.54	66.32	65.54	65.24	65.94	66.11	65.97	65.92	65.99	65.81	65.14
68.33	69.10	69.37	68.94	69.16	69.30	69.12	68.28	68.49	68.98	69.43	69.35	69.35	69.35	69.03	68.42	65.57	66.36	66.57	66.45	66.43	66.53	66.31	65.53	65.23	65.92	66.10	65.97	65.92	65.99	65.80	65.14
68.14	68.89	69.17	68.69	68.93	69.08	68.89	68.06	68.30	68.75	69.22	69.15	69.15	69.13	68.86	68.20	65.56	66.35	66.56	66.45	66.43	66.52	66.30	65.52	65.22	65.91	66.09	65.96	65.92	65.98	65.79	65.13
68.16	68.94	69.18	69.09	69.14	69.29	69.26	67.94	68.20	69.00	69.33	69.23	69.25	69.46	69.11	68.23	65.55	66.34	66.56	66.45	66.43	66.52	66.29	65.52	65.21	65.90	66.08	65.96	65.92	65.97	65.78	65.12
67.93	68.70	68.94	68.89	68.92	69.07	69.06	67.68	67.95	68.78	69.09	68.99	69.02	69.25	68.91	67.99	65.54	66.33	66.55	66.44	66.43	66.51	66.29	65.51	65.20	65.89	66.07	65.96	65.91	65.97	65.77	65.11
68.39	68.27	69.15	69.10	68.88	69.44	68.45	68.42	68.07	68.57	69.24	69.15	68.92	69.46	69.20	67.93	65.53	66.32	66.54	66.44	66.43	66.51	66.28	65.50	65.19	65.88	66.06	65.95	65.91	65.96	65.76	65.11
68.19	67.96	68.92	68.87	68.63	69.23	68.13	68.25	67.83	68.29	69.00	68.91	68.66	69.23	68.98	67.68	65.52	66.30	66.53	66.44	66.43	66.50	66.27	65.49	65.18	65.87	66.06	65.95	65.91	65.96	65.76	65.10
68.17	68.76	69.12	69.10	68.99	69.31	68.92	68.08	68.10	68.87	69.27	69.17	69.16	69.31	69.08	68.15	65.51	66.29	66.53	66.44	66.42	66.50	66.26	65.48	65.17	65.85	66.05	65.95	65.91	65.95	65.75	65.09
67.93	68.59	68.90	68.89	68.78	69.08	68.74	67.83	67.88	68.68	69.05	68.95	68.96	69.07	68.84	67.96	65.50	66.28	66.52	66.44	66.42	66.49	66.25	65.47	65.16	65.84	66.04	65.94	65.90	65.94	65.74	65.08
67.60	69.05	69.16	69.19	68.71	69.47	69.01	68.30	68.12	68.97	69.26	69.17	69.14	69.27	69.02	68.11	65.50	66.28	66.51	66.44	66.42	66.48	66.25	65.47	65.15	65.83	66.03	65.94	65.90	65.94	65.73	65.08
67.31	68.87	68.94	68.99	68.46	69.26	68.80	68.11	67.91	68.76	69.04	68.95	68.91	69.04	68.79	67.89	65.49	66.27	66.50	66.43	66.42	66.48	66.24	65.46	65.14	65.82	66.02	65.94	65.90	65.93	65.72	65.07
68.15	68.90	69.29	69.15	69.11	69.26	68.99	68.16	68.23	68.91	69.77	68.33	69.29	69.35	69.04	68.14	65.48	66.26	66.50	66.43	66.42	66.47	66.23	65.45	65.13	65.81	66.01	65.93	65.90	65.93	65.71	65.06
67.99	68.66	69.08	68.92	68.93	69.01	68.76	67.92	68.02	68.67	69.61	68.01	69.09	69.13	68.82	67.92	65.47	66.25	66.50	66.42	66.42	66.47	66.22	65.44	65.12	65.80	66.00	65.93	65.89	65.92	65.70	65.05
68.10	69.03	69.02	69.21	69.19	69.41	68.95	68.14	68.20	69.07	69.39	69.17	69.21	69.38	69.08	68.12	65.46	66.24	66.49	66.42	66.42	66.46	66.21	65.44	65.11	65.79	66.00	65.93	65.89	65.91	65.70	65.05
67.88	68.83	68.77	69.00	68.99	69.20	68.72	67.91	67.97	68.87	69.13	69.04	68.98	69.16	68.86	67.90	65.46	66.23	66.48	66.42	66.42	66.45	66.20	65.43	65.10	65.78	65.99	65.92	65.89	65.91	65.69	65.04
67.64	68.64	69.14	69.10	69.64	68.11	69.07	68.15	68.15	69.00	69.25	69.18	69.25	69.32	69.03	68.14	65.45	66.22	66.48	66.42	66.41	66.45	66.19	65.42	65.10	65.77	65.98	65.92	65.89	65.90	65.68	65.03
67.36	68.37	68.92	68.87	69.47	67.72	68.86	67.93	67.93	68.76	69.01	68.97	69.03	69.08	68.79	67.92	65.44	66.21	66.47	66.42	66.41	66.44	66.19	65.41	65.09	65.76	65.97	65.92	65.88	65.90	65.67	65.02
67.95	68.79	69.08	69.08	69.18	68.93	68.96	68.08	68.02	68.92	69.17	69.12	68.76	69.38	69.00	68.09	65.43	66.21	66.46	66.42	66.41	66.44	66.18	65.41	65.08	65.75	65.97	65.91	65.88	65.89	65.66	65.02
67.77	68.58	68.85	68.85	68.90	68.79	68.72	67.85	67.79	68.69	68.93	68.90	68.48	69.16	68.77	67.87	65.42	66.20	66.45	66.41	66.40	66.43	66.17	65.40	65.07	65.74	65.96	65.91	65.88	65.88	65.66	65.01
67.98	68.82	68.20	69.62	69.32	69.18	68.99	68.11	68.04	68.91	69.33	69.18	69.05	69.24	68.92	68.02	65.42	66.19	66.45	66.41	66.40	66.43	66.16	65.39	65.06	65.73	65.95	65.91	65.88	65.88	65.65	65.00
67.77	68.59	67.88	69.46	69.11	68.99	68.77	67.89	67.82	68.68	69.12	68.97	68.86	69.00	68.69	67.79	65.41	66.18	66.44	66.41	66.40	66.42	66.15	65.38	65.05	65.72	65.94	65.90	65.87	65.87	65.64	65.00
67.94	68.74	68.89	69.19	69.17	69.11	68.91	68.10	68.12	68.87	69.22	69.14	69.17	69.30	68.94	68.20	65.40	66.17	66.44	66.41	66.40	66.41	66.14	65.38	65.04	65.71	65.94	65.90	65.87	65.87	65.63	64.99
67.72	68.51	68.74	68.93	68.93	68.89	68.68	67.87	67.91	68.64	68.98	68.91	68.96	69.08	68.72	68.00	65.39	66.16	66.43	66.41	66.40	66.41	66.14	65.37	65.04	65.70	65.93	65.90	65.87	65.86	65.63	64.98
68.19	68.97	69.16	69.21	69.18	69.13	68.85	68.10	68.11	69.05	69.20	69.36	69.29	69.28	68.26	68.33	65.38	66.15	66.42	66.41	66.40	66.40	66.12	65.36	65.03	65.69	65.92	65.89	65.87	65.86	65.62	64.98
68.00	68.78	68.97	68.99	68.96	68.91	68.62	67.88	67.89	68.85	68.98	69.16	69.09	69.05	67.95	68.12	65.38	66.14	66.42	66.41	66.40	66.40	66.11	65.36	65.02	65.68	65.91	65.89	65.86	65.85	65.61	64.97
68.10	68.81	69.10	69.11	69.14	69.28	69.02	68.07	68.08	68.94	69.16	69.26	69.29	69.29	68.94	68.14	65.37	66.14	66.41	66.40	66.40	66.39	66.11	65.35	65.01	65.67	65.91	65.89	65.86	65.84	65.60	64.96
67.88	68.57	68.87	68.88	68.92	69.07	68.81	67.85	67.86	68.70	68.93	69.03	69.07	69.07	68.80	67.90	65.36	66.13	66.40	66.40	66.39	66.39	66.10	65.34	65.00	65.66	65.90	65.88	65.86	65.84	65.60	64.96
67.18	69.18	69.12	69.12	68.78	69.28	68.88	68.03	68.00	68.88	69.15	69.15	69.37	68.69	68.89	68.02	65.35	66.12	66.40	66.40	66.39	66.38	66.09	65.34	65.00	65.66	65.89	65.88	65.86	65.83	65.59	64.95
66.85	69.00	68.90	68.89	68.52	69.06	68.64	67.80	67.77	68.64	68.93	68.91	69.15	68.40	68.66	67.78	65.35	66.11	66.39	66.40	66.39	66.37	66.08	65.33	64.99	65.65	65.89	65.88	65.85	65.83	65.58	64.94
67.83	68.74	69.07	69.23	69.16	69.23	68.91	68.18	67.98	68.83	68.96	69.23	69.20	69.06	68.88	68.01	65.34	66.10	66.39	66.39	66.39	66.36	66.08	65.32	64.98	65.64	65.88	65.87	65.85	65.82	65.57	64.93
67.68	68.47	68.85	69.03	68.98	69.00	68.69	67.98	67.76	68.60	68.71	69.02	68.96	68.87	68.66	67.79	65.33	66.09	66.38	66.39	66.39	66.36	66.07	65.31	64.97	65.63	65.87	65.87	65.85	65.82	65.57	64.93
67.95	68.65	69.06	69.10	69.13	69.11	68.84	68.04	68.02	68.84	69.17	69.17	68.05	69.68	68.85	68.14	65.32	66.09	66.37	66.39	66.38	66.36	66.06	65.31	64.97	65.62	65.87	65.87	65.84	65.81	65.56	64.92
67.75	68.41	68.83	68.86	68.90	68.87	68.60	67.81	67.81	68.61	68.96	68.93	67.70	69.52	68.62	67.93	65.31	66.08	66.37	66.39	66.37	66.35	66.06	65.30	64.96	65.61	65.86	65.86	65.84	65.81	65.55	64.91
68.06	68.89	69.21	69.17	69.25	68.88	68.82	68.04	68.02	68.96	69.24	69.30	68.17	69.63	68.78	68.00	65.31	66.07	66.36	66.38	66.36	66.35	66.05	65.29	64.95	65.60	65.85	65.86	65.84	65.80	65.55	64.91
67.86	68.70	69.01	68.96	69.04	68.62	68.59	67.82	67.80	68.75	69.03	69.09	67.95	69.40	68.55	67.76	65.30	66.06	66.36	66.38	66.35	66.35	66.04	65.29	64.94	65.60	65.85	65.86	65.83	65.80	65.54	64.90
67.97	68.77	69.05	69.10	69.10	69.13	69.19	67.35	68.03	68.85	68.78	69.40	69.12	69.33	68.94	68.07	65.29	66.06	66.35	66.38	66.35	66.34	66.04	65.28	64.94	65.59	65.84	65.85	65.83	65.79	65.53	64.90
67.74	68.53	68.81	68.87	68.86	68.93	69.01	67.04	67.81	68.62	68.50	69.19	69.01	69.07	68.74	67.85	65.29	66.05	66.34	66.38	66.35	66.34	66.03	65.27	64.93	65.58	65.83	65.85	65.83	65.79	65.52	64.89
68.00	68.80	69.10	69.08	68.51	69.40	68.43	68.03	67.95	68.81	69.06	69.19	69.10	69.15	68.81	67.96	65.28	66.04	66.34	66.37	66.35	66.33	66.02	65.27	64.92	65.57	65.83	65.84	65.82	65.78	65.52	64.88
67.79	68.58	68.88	68.85	68.21	69.20	68.12	67.88	67.72	68.58	68.86	68.94	68.88	68.90	68.57	67.73	65.27	66.03	66.33	66.37	66.35	66.32	66.02	65.26	64.91	65.56	65.82	65.84	65.82	65.78	65.51	64.88
67.93	68.74	69.07	69.25	68.98	69.21	68.79	68.05	67.89	68.77	69.08	69.13	68.85	69.21	68.84	67.91	65.27	66.03	66.32	66.37	66.35	66.32	66.01	65.25	64.91	65.56	65.81	65.84	65.82	65.77	65.50	64.87
67.70	68.51	68.84	69.04	68.80	68.96	68.60	67.84	67.66	68.54	68.85	68.90	68.61	68.99	68.62	67.68	65.26	66.02	66.32	66.36	66.35	66.31	66.00	65.24	64.90	65.55	65.81	65.83	65.81	65.77	65.50	64.86
67.86	68.67	68.99	69.06	69.18	69.11	68.75	67.95	67.99	68.76	69.21	69.18	69.09	69.28	68.79	68.05	65.25	66.01	66.32	66.36	66.35	66.31	65.99	65.24	64.89	65.54	65.80	65.83	65.81	65.76	65.49	64.86
67.63	68.44	68.75	68.81	68.98	68.88	68.53	67.72	67.79	68.53	69.00	68.96	68.90	69.06	68.56	67.84	65.24	66.00	66.31	66.36	66.34	66.30	65.99	65.23	64.89	65.53	65.80	65.83	65.81	65.76	65.48	64.85
67.99	68.86	69.15	69.16	69.06	69.03	68.71	67.97	67.93	68.86	69.09	69.20	69.06	69.07	68.70	67.87	65.24	66.00	66.31	66.36	66.34	66.30	65.98	65.23	64.88	65.52	65.79	65.82	65.81	65.75	65.48	64.84
67.79	68.67	68.95	68.96	68.83	68.80	68.48	67.76	67.71	68.66	68.86	68.99	68.84	68.83	68.47	67.64	65.23	65.99	66.30	66.35	66.34	66.29	65.97	65.22	64.87	65.52	65.78	65.82	65.80	65.75	65.47	64.84
67.90	68.68	69.18	68.66	69.14	69.21	68.89	67.97	67.48	68.94	69.12	69.23	69.21	69.15	68.89	67.96	65.22	65.98	66.30	66.35	66.34	66.29	65.97	65.21	64.86	65.51	65.78	65.82	65.80	65.74	65.46	64.83
67.67	68.44	68.96	68.38	68.93	69.00	68.69	67.75	67.21	68.73	68.90	69.01	69.00	68.94	68.70	67.76	65.21	65.98	66.29	66.35	66.34	66.28	65.96	65.21	64.86	65.50	65.77	65.81	65.80	65.74	65.46	64.83
67.93	68.75	69.07	69.00	69.10	69.02	68.69	67.88	67.82	68.76	69.11	69.14	69.14	69.11	68.73	67.84	65.21	65.97	66.29	66.34	66.34	66.28	65.95	65.20	64.85	65.49	65.77	65.81	65.79	65.73	65.45	64.82
67.72	68.53	68.84	68.82	68.88	68.77	68.44	67.65	67.63	68.52	68.89	68.91	68.91	68.88	68.49	67.61	65.20	65.96	66.28	66.34	66.33	66.27	65.95	65.19	64.84	65.49	65.76	65.81	65.79	65.73	65.45	64.81
67.90	68.70	69.04	69.06	69.11	69.09	68.52	68.12	68.08	68.23	69.07	69.15	69.18	69.07	68.77	67.86	65.19	65.95	66.27	66.34	66.33	66.27	65.94	65.19	64.84	65.48	65.76	65.80	65.79	65.72	65.44	64.81
67.68	68.47	68.81	68.85	68.88	68.87	68.28	67.93	67.89	67.95	68.84	68.92	68.96	68.84	68.55	67.64	65.19	65.94	66.27	66.33	66.33	66.26	65.93	65.18	64.83	65.47	65.75	65.80	65.78	65.72	65.43	64.80
67.82	68.62	69.00	69.11	69.19	69.08	68.70	67.91	67.87	68.62	69.32	68.71	69.17	69.21	68.77	67.99	65.18	65.93	66.26	66.33	66.33	66.26	65.93	65.17	64.82	65.47	65.74	65.80	65.78	65.71	65.43	64.80
67.60	68.39	68.77	68.89	68.98	68.85	68.49	67.67	67.64	68.44	69.13	68.44	68.95	69.01	68.55	67.79	65.18	65.93	66.26	66.32	66.32	66.25	65.92	65.17	64.82	65.46	65.74	65.79	65.78	65.71	65.42	64.79
67.93	68.79	69.14	69.14	69.06	69.00	68.66	67.89	67.94	68.81	69.09	69.14	69.44	68.29	68.69	67.80	65.17	65.92	66.26	66.32	66.32	66.24	65.91	65.16	64.81	65.45	65.73	65.79	65.77	65.70	65.41	64.78
67.73	68.58	68.93	68.92	68.82	68.76	68.43	67.66	67.73	68.61	68.84	68.96	69.25	67.96	68.46	67.56	65.16	65.91	66.25	66.32	66.32	66.23	65.91	65.16	64.80	65.44	65.73	65.78	65.77	65.70	65.41	64.78
67.86	68.60	68.96	69.07	69.16	69.15	68.80	67.93	67.82	68.61	69.05	69.09	69.29	68.92	68.82	67.92	65.16	65.91	66.24	66.32	66.32	66.23	65.90	65.15	64.80	65.44	65.72	65.78	65.77	65.69	65.40	64.77
67.63	68.36	68.71	68.84	68.94	68.94	68.60	67.72	67.59	68.36	68.82	68.86	69.06	68.76	68.61	67.71	65.15	65.90	66.24	66.31	66.31	66.22	65.89	65.14	64.79	65.43	65.72	65.78	65.76	65.69	65.40	64.77
67.90	68.66	69.02	69.09	69.09	68.97	68.69	67.85	67.83	68.70	69.08	69.17	69.08	68.99	68.64	67.84	65.15	65.90	66.23	66.31	66.31	66.22	65.89	65.14	64.79	65.42	65.71	65.77	65.76	65.68	65.39	64.76
67.68	68.44	68.80	68.86	68.86	68.73	68.46	67.62	67.61	68.49	68.86	68.95	68.83	68.78	68.40	67.61	65.14	65.89	66.23	66.31	66.31	66.21	65.88	65.13	64.78	65.42	65.71	65.77	65.76	65.68	65.38	64.76
67.88	68.67	68.99	69.05	69.05	69.05	68.71	67.92	67.84	68.69	69.05	69.16	69.17	69.05	68.69	67.79	65.13	65.88	66.22	66.31	66.30	66.21	65.88	65.13	64.77	65.41	65.70	65.77	65.75	65.67	65.38	64.75
67.66	68.45	68.76	68.83	68.82	68.84	68.49	67.71	67.63	68.47	68.82	68.94	68.96	68.84	68.48	67.58	65.13	65.88	66.22	66.30	66.30	66.21	65.87	65.12	64.77	65.40	65.69	65.76	65.75	65.67	65.37	64.74
67.81	68.61	68.98	69.13	69.19	69.04	68.69	67.83	67.79	68.67	69.10	69.13	69.13	69.02	68.69	67.92	65.12	65.87	66.21	66.30	66.30	66.20	65.86	65.11	64.76	65.40	65.69	65.76	65.75	65.66	65.37	64.74
67.59	68.38	68.76	68.92	68.98	68.81	68.46	67.60	67.57	68.45	68.88	68.90	68.91	68.79	68.47	67.71	65.11	65.86	66.21	66.30	66.29	66.20	65.86	65.11	64.75	65.39	65.68	65.76	65.74	65.66	65.36	64.73
67.88	68.70	69.15	68.91	69.01	68.97	68.78	67.47	67.88	68.77	68.99	69.17	69.12	69.07	68.63	67.71	65.11	65.86	66.20	66.29	66.29	66.19	65.85	65.10	64.75	65.38	65.68	65.75	65.74	65.65	65.35	64.73
67.67	68.49	68.95	68.66	68.77	68.74	68.56	67.20	67.68	68.56	68.75	68.96	68.90	68.85	68.40	67.47	65.10	65.85	66.20	66.29	66.29	66.19	65.84	65.09	64.74	65.38	65.67	65.75	65.74	65.65	65.35	64.72
67.82	68.53	68.91	69.06	69.13	69.09	68.77	67.82	67.50	68.63	69.02	69.08	69.19	68.98	68.90	67.39	65.09	65.85	66.19	66.29	66.28	66.19	65.84	65.09	64.74	65.37	65.67	65.74	65.73	65.64	65.34	64.72
67.59	68.29	68.66	68.85	68.92	68.89	68.55	67.64	67.24	68.39	68.80	68.85	68.98	68.75	68.71	67.13	65.09	65.84	66.19	66.28	66.28	66.18	65.83	65.08	64.73	65.37	65.66	65.74	65.73	65.64	65.34	64.71
67.81	68.55	68.96	69.11	69.13	68.93	68.58	67.83	67.76	68.65	69.06	69.14	69.04	69.02	68.63	67.62	65.08	65.83	66.18	66.28	66.28	66.18	65.83	65.07	64.72	65.36	65.66	65.74	65.73	65.63	65.33	64.70
67.60	68.33	68.74	68.90	68.91	68.68	68.34	67.62	67.57	68.43	68.85	68.92	68.80	68.80	68.38	67.43	65.07	65.83	66.18	66.28	66.27	66.17	65.82	65.06	64.72	65.35	65.65	65.73	65.72	65.63	65.33	64.70
67.86	68.65	69.01	69.08	69.60	67.82	68.57	67.83	67.83	68.67	68.60	69.34	69.09	69.03	68.66	67.76	65.07	65.82	66.17	66.28	66.27	66.17	65.82	65.06	64.71	65.35	65.65	65.73	65.72	65.62	65.32	64.69
67.65	68.44	68.79	68.86	69.43	67.46	68.34	67.62	67.62	68.45	68.32	69.14	68.88	68.80	68.44	67.56	65.06	65.82	66.16	66.27	66.27	66.16	65.81	65.05	64.71	65.34	65.64	65.73	65.72	65.62	65.31	64.69
67.82	68.63	69.22	68.62	68.58	69.08	68.96	67.30	67.75	68.64	68.89	69.24	69.16	69.00	68.67	67.76	65.06	65.81	66.16	66.27	66.27	66.16	65.80	65.05	64.70	65.33	65.64	65.72	65.71	65.61	65.31	64.68
67.60	68.41	69.03	68.35	68.25	69.00	68.79	67.02	67.53	68.42	68.70	69.01	68.94	68.78	68.46	67.54	65.05	65.80	66.15	66.27	66.26	66.15	65.80	65.04	64.69	65.33	65.63	65.72	65.71	65.61	65.30	64.68
67.86	68.73	68.83	67.82	67.83	69.50	69.19	66.54	67.54	68.64	67.81	68.64	69.30	68.68	68.94	67.16	65.05	65.80	66.14	66.26	66.26	66.15	65.79	65.04	64.69	65.32	65.63	65.72	65.71	65.61	65.30	64.67
67.65	68.52	68.56	67.49	67.51	69.34	69.01	66.22	67.30	68.41	67.46	68.34	69.09	68.43	68.75	66.88	65.04	65.79	66.13	66.25	66.26	66.14	65.79	65.03	64.68	65.32	65.62	65.71	65.70	65.60	65.29	64.67
