C_0	C_1	C_2	C_3	C_4	C_5	C_6	C_7	C_8	C_9	C_10	C_11	C_12	C_13	C_14	C_15	C_16	C_17	C_18	C_19	C_20	C_21	C_22	C_23	C_24	C_25	C_26	C_27	C_28	C_29	C_30	C_31	
3.33215	3.30614	3.31116	3.33893	3.32149	3.31903	3.31029	3.3233	3.31798	3.32061	3.31029	3.33214	3.32291	3.31956	3.31982	3.32392	5.35833	5.36102	5.35825	5.36146	5.36149	5.35846	5.35866	5.36147	3.98116	3.98151	3.981	3.98171	3.98195	3.98121	3.98162	3.98133	
3.32547	3.36048	3.32113	3.31186	3.35533	3.35666	3.28994	3.31678	3.36782	3.37625	3.37389	3.34732	3.35276	3.35928	3.36482	3.35429	5.71645	5.7165	5.7165	5.71647	5.7165	5.7164	5.71648	5.7165	3.8954	3.8953	3.89544	3.89536	3.89546	3.89537	3.89529	3.89538	
3.0438	3.03375	3.00917	3.16173	3.1135	3.21494	2.56707	3.43802	3.03802	3.03779	3.13952	3.12392	3.1726	3.4059	4.27273	1.14141	0.72988	0.72988	0.72988	0.72988	0.72988	0.72988	0.72988	0.72988	0.72988	0.72988	0.72988	0.72988	0.72988	0.72988	0.72988	0.72988	
3.15643	3.1761	3.20053	3.11018	3.12558	3.12944	3.15381	3.07864	3.1445	3.11956	3.05632	3.05629	3.10301	3.08229	2.99972	3.1409	0.72988	0.72988	0.72988	0.72988	0.72988	0.72988	0.72988	0.72988	0.72988	0.72988	0.72988	0.72988	0.72988	0.72988	0.72988	0.72988	
3.10192	3.04953	3.08088	3.00904	3.13043	2.94975	3.17598	3.11931	2.77781	3.18077	3.11976	3.12362	3.04129	3.09927	3.0939	3.11321	0.72988	0.72988	0.72988	0.72988	0.72988	0.72988	0.72988	0.72988	0.72988	0.72988	0.72988	0.72988	0.72988	0.72988	0.72988	0.72988	
3.09953	3.18386	3.21783	3.51409	3.39772	3.18154	3.15604	3.39069	3.10028	3.12496	3.12428	3.11891	3.11694	3.15712	1.66326	3.71726	0.72988	0.72988	0.72988	0.72988	0.72988	0.72988	0.72988	0.72988	0.72988	0.72988	0.72988	0.72988	0.72988	0.72988	0.72988	0.72988	
3.52836	3.44816	3.54853	2.74589	3.10424	3.18095	3.24126	3.19581	3.77515	2.95817	3.42423	3.48074	3.44014	3.18712	3.22736	3.47412	0.72988	0.72988	0.72988	0.72988	0.72988	0.72988	0.72988	0.72988	0.72988	0.72988	0.72988	0.72988	0.72988	0.72988	0.72988	0.72988	
3.11552	3.08223	3.09184	3.1673	3.11154	3.18388	3.57772	2.5197	3.05939	3.06325	3.17279	3.1419	3.17418	3.4416	3.26219	3.10914	0.72988	0.72988	0.72988	0.72988	0.72988	0.72988	0.72988	0.72988	0.72988	0.72988	0.72988	0.72988	0.72988	0.72988	0.72988	0.72988	
3.66754	1.73593	3.11197	3.12138	2.5717	3.49805	1.81771	3.70084	2.91468	2.19015	3.04799	3.01099	2.5064	3.39424	3.41721	2.57094	0.72988	0.72988	0.72988	0.72988	0.72988	0.72988	0.72988	0.72988	0.72988	0.72988	0.72988	0.72988	0.72988	0.72988	0.72988	0.72988	
3.14293	3.09084	3.09054	3.13932	2.90753	3.2059	3.147	2.85501	3.05985	3.04188	3.15915	3.09568	3.13756	3.10027	3.15275	3.18835	0.72988	0.72988	0.72988	0.72988	0.72988	0.72988	0.72988	0.72988	0.72988	0.72988	0.72988	0.72988	0.72988	0.72988	0.72988	0.72988	
2.03513	3.56726	3.17635	3.32131	2.29099	3.58259	3.21467	3.44858	3.13798	3.1689	3.1632	3.09941	3.02745	3.07809	3.10463	3.05078	0.72988	0.72988	0.72988	0.72988	0.72988	0.72988	0.72988	0.72988	0.72988	0.72988	0.72988	0.72988	0.72988	0.72988	0.72988	0.72988	
3.44975	3.13195	3.43905	3.20115	3.24185	3.11305	3.14915	3.09433	3.37306	2.99896	4.25774	1.31254	3.37101	3.28448	3.19803	3.14768	0.72988	0.72988	0.72988	0.72988	0.72988	0.72988	0.72988	0.72988	0.72988	0.72988	0.72988	0.72988	0.72988	0.72988	0.72988	0.72988	
3.1709	3.4576	2.82922	3.34084	3.27672	3.51382	3.08577	3.11727	3.28461	3.38879	3.26583	3.39911	3.13133	3.34354	3.30401	3.13079	0.72988	0.72988	0.72988	0.72988	0.72988	0.72988	0.72988	0.72988	0.72988	0.72988	0.72988	0.72988	0.72988	0.72988	0.72988	0.72988	
2.22448	2.59004	3.18358	3.0662	4.16982	0.72988	3.3944	3.18498	3.22395	3.18622	3.10131	3.16733	3.22118	3.23227	3.19033	3.18802	0.72988	0.72988	0.72988	0.72988	0.72988	0.72988	0.72988	0.72988	0.72988	0.72988	0.72988	0.72988	0.72988	0.72988	0.72988	0.72988	
3.086	3.07969	3.04865	3.04713	3.01274	2.97679	3.13523	3.04721	2.98806	3.07685	3.00005	3.00792	2.16193	3.41037	3.17051	3.1106	0.72988	0.72988	0.72988	0.72988	0.72988	0.72988	0.72988	0.72988	0.72988	0.72988	0.72988	0.72988	0.72988	0.72988	0.72988	0.72988	
3.07883	3.11577	1.23638	4.19918	3.47336	3.28161	3.26684	3.16602	3.10933	3.10316	3.42165	3.15004	2.98125	3.11785	3.0564	3.00253	0.72988	0.72988	0.72988	0.72988	0.72988	0.72988	0.72988	0.72988	0.72988	0.72988	0.72988	0.72988	0.72988	0.72988	0.72988	0.72988	
2.98458	2.96851	3.04677	3.10351	3.10484	3.03972	3.10993	3.1491	3.2857	3.06766	3.14481	3.02862	3.14437	3.30168	3.15902	3.43916	0.72988	0.72988	0.72988	0.72988	0.72988	0.72988	0.72988	0.72988	0.72988	0.72988	0.72988	0.72988	0.72988	0.72988	0.72988	0.72988	
3.52888	3.49225	3.39605	3.27673	3.18136	3.10242	3.04832	3.18138	3.25676	3.49303	3.1629	3.50702	3.35517	3.25001	1.73	3.66272	0.72988	0.72988	0.72988	0.72988	0.72988	0.72988	0.72988	0.72988	0.72988	0.72988	0.72988	0.72988	0.72988	0.72988	0.72988	0.72988	
3.26646	3.07402	3.15149	3.06826	3.1079	3.40366	3.43906	3.13149	3.22222	3.19418	3.08383	3.22053	3.30228	3.30056	3.46903	3.23113	0.72988	0.72988	0.72988	0.72988	0.72988	0.72988	0.72988	0.72988	0.72988	0.72988	0.72988	0.72988	0.72988	0.72988	0.72988	0.72988	
1.37347	3.92058	3.198	3.12264	2.36671	3.37771	3.10234	3.07228	3.08247	3.11371	3.10205	3.01781	3.46272	2.03759	3.14669	3.05525	0.72988	0.72988	0.72988	0.72988	0.72988	0.72988	0.72988	0.72988	0.72988	0.72988	0.72988	0.72988	0.72988	0.72988	0.72988	0.72988	
3.12074	2.87832	3.11005	3.37566	3.30691	3.27681	3.23863	3.43361	3.11306	3.07229	2.70609	3.24506	3.10065	3.05831	3.16238	3.11852	0.72988	0.72988	0.72988	0.72988	0.72988	0.72988	0.72988	0.72988	0.72988	0.72988	0.72988	0.72988	0.72988	0.72988	0.72988	0.72988	
3.18658	2.84905	3.10663	3.04059	3.12981	3.04732	3.09439	3.11082	3.22272	3.13155	3.23369	3.08987	0.72988	4.27821	3.11132	3.41833	0.72988	0.72988	0.72988	0.72988	0.72988	0.72988	0.72988	0.72988	0.72988	0.72988	0.72988	0.72988	0.72988	0.72988	0.72988	0.72988	
3.37269	3.43862	3.44084	3.24663	3.41084	2.60515	3.1004	3.17798	3.22531	3.40865	3.35047	3.4032	1.41158	3.96118	2.9892	3.09738	0.72988	0.72988	0.72988	0.72988	0.72988	0.72988	0.72988	0.72988	0.72988	0.72988	0.72988	0.72988	0.72988	0.72988	0.72988	0.72988	
3.1266	3.10285	3.06207	3.0763	3.05922	3.25534	3.92326	1.74785	3.25022	3.16659	2.34885	3.57568	3.45387	3.32746	3.38619	3.32208	0.72988	0.72988	0.72988	0.72988	0.72988	0.72988	0.72988	0.72988	0.72988	0.72988	0.72988	0.72988	0.72988	0.72988	0.72988	0.72988	
3.24957	3.21398	3.21734	3.05308	1.8559	3.74459	2.19621	3.46562	3.10517	3.13193	3.11957	3.08239	3.07629	3.05941	3.0814	3.09914	0.72988	0.72988	0.72988	0.72988	0.72988	0.72988	0.72988	0.72988	0.72988	0.72988	0.72988	0.72988	0.72988	0.72988	0.72988	0.72988	
3.09261	3.09855	3.16178	3.43246	3.07609	3.25758	3.25045	3.32435	3.02208	3.09377	3.08476	3.03706	2.54243	3.27612	3.216	3.05131	0.72988	0.72988	0.72988	0.72988	0.72988	0.72988	0.72988	0.72988	0.72988	0.72988	0.72988	0.72988	0.72988	0.72988	0.72988	0.72988	
2.99913	3.00993	3.00404	2.98002	3.36289	3.132	3.09228	3.09797	3.30099	3.09691	3.37099	3.18255	3.12841	3.43096	3.11069	3.38583	0.72988	0.72988	0.72988	0.72988	0.72988	0.72988	0.72988	0.72988	0.72988	0.72988	0.72988	0.72988	0.72988	0.72988	0.72988	0.72988	
3.30754	3.45416	3.38351	3.26695	3.02742	3.00919	3.01816	3.18633	3.14274	3.34751	3.08531	3.21217	2.97781	2.98213	2.9805	2.98791	0.72988	0.72988	0.72988	0.72988	0.72988	0.72988	0.72988	0.72988	0.72988	0.72988	0.72988	0.72988	0.72988	0.72988	0.72988	0.72988	
3.09614	3.01176	3.39964	2.16364	3.22789	3.43298	3.44098	3.19363	2.23693	3.50738	3.181	3.26714	3.29551	3.23573	3.44057	3.25832	0.72988	0.72988	0.72988	0.72988	0.72988	0.72988	0.72988	0.72988	0.72988	0.72988	0.72988	0.72988	0.72988	0.72988	0.72988	0.72988	
3.21752	3.2214	3.16998	3.10138	3.11971	2.98633	2.96334	3.03084	3.14497	3.1023	3.18274	3.08981	3.09941	3.13729	3.04465	2.99566	0.72988	0.72988	0.72988	0.72988	0.72988	0.72988	0.72988	0.72988	0.72988	0.72988	0.72988	0.72988	0.72988	0.72988	0.72988	0.72988	
3.15593	3.13011	3.14665	3.12699	3.14481	3.21827	2.70974	3.58682	3.61304	2.07725	3.11017	3.13249	3.20746	3.08782	3.20206	3.0994	0.72988	0.72988	0.72988	0.72988	0.72988	0.72988	0.72988	0.72988	0.72988	0.72988	0.72988	0.72988	0.72988	0.72988	0.72988	0.72988	
3.01407	3.01392	3.09009	3.19538	3.32087	3.18477	3.16207	3.0721	3.0967	3.11642	3.68382	2.21365	3.18699	3.42181	3.21582	3.39461	0.72988	0.72988	0.72988	0.72988	0.72988	0.72988	0.72988	0.72988	0.72988	0.72988	0.72988	0.72988	0.72988	0.72988	0.72988	0.72988	
3.29401	3.39883	3.41799	3.25659	3.01429	3.04366	3.05113	3.11379	3.31545	3.41745	3.10594	3.29695	3.76786	1.44124	3.083	2.95705	0.72988	0.72988	0.72988	0.72988	0.72988	0.72988	0.72988	0.72988	0.72988	0.72988	0.72988	0.72988	0.72988	0.72988	0.72988	0.72988	
3.11984	2.96609	2.98924	3.08588	3.26628	3.41227	3.38076	3.2385	3.06393	2.92657	3.11416	3.05106	3.36248	3.12343	3.40442	3.29215	0.72988	0.72988	0.72988	0.72988	0.72988	0.72988	0.72988	0.72988	0.72988	0.72988	0.72988	0.72988	0.72988	0.72988	0.72988	0.72988	
3.24305	3.16236	3.19634	3.15179	3.11268	3.0009	3.11211	3.06816	3.14879	3.2144	3.21793	3.2439	2.95749	3.1146	2.99989	3.1093	0.72988	0.72988	0.72988	0.72988	0.72988	0.72988	0.72988	0.72988	0.72988	0.72988	0.72988	0.72988	0.72988	0.72988	0.72988	0.72988	
3.20396	3.19699	3.13461	3.08696	3.04982	3.2373	3.20563	3.27445	3.18599	3.17906	3.15328	3.20633	3.25531	3.21131	3.19447	3.07591	0.72988	0.72988	0.72988	0.72988	0.72988	0.72988	0.72988	0.72988	0.72988	0.72988	0.72988	0.72988	0.72988	0.72988	0.72988	0.72988	
3.08989	3.07828	3.1387	3.25938	3.3701	3.18924	3.1675	3.06723	3.08953	3.165	3.28341	3.12931	3.14159	3.11919	3.1824	3.35953	0.72988	0.72988	0.72988	0.72988	0.72988	0.72988	0.72988	0.72988	0.72988	0.72988	0.72988	0.72988	0.72988	0.72988	0.72988	0.72988	
3.27051	3.30168	3.50784	2.76925	2.96018	3.06763	3.38072	2.35909	3.33093	3.39035	3.04101	3.25523	3.13835	3.24098	3.08018	2.91025	0.72988	0.72988	0.72988	0.72988	0.72988	0.72988	0.72988	0.72988	0.72988	0.72988	0.72988	0.72988	0.72988	0.72988	0.72988	0.72988	
3.12777	2.91868	2.95658	3.18117	3.26355	3.36329	3.34235	3.26656	2.50017	3.07281	3.1644	3.04697	3.30692	3.06305	3.6967	2.32561	0.72988	0.72988	0.72988	0.72988	0.72988	0.72988	0.72988	0.72988	0.72988	0.72988	0.72988	0.72988	0.72988	0.72988	0.72988	0.72988	
3.16937	3.05886	3.1546	3.25705	3.24599	2.97495	2.97055	3.2161	3.21878	3.19925	3.27192	3.21471	2.96352	3.188	3.04159	2.97296	0.72988	0.72988	0.72988	0.72988	0.72988	0.72988	0.72988	0.72988	0.72988	0.72988	0.72988	0.72988	0.72988	0.72988	0.72988	0.72988	
3.27909	3.27978	3.26872	3.16585	4.23083	0.72988	3.03983	3.20487	3.30065	3.25963	2.2771	3.63628	3.13319	3.21651	3.21014	3.20854	0.72988	0.72988	0.72988	0.72988	0.72988	0.72988	0.72988	0.72988	0.72988	0.72988	0.72988	0.72988	0.72988	0.72988	0.72988	0.72988	
3.18604	3.19674	3.70107	2.20974	1.92828	3.83317	3.90298	2.08979	3.1252	3.20653	3.07503	3.3627	3.25748	3.16916	3.25848	3.1722	0.72988	0.72988	0.72988	0.72988	0.72988	0.72988	0.72988	0.72988	0.72988	0.72988	0.72988	0.72988	0.72988	0.72988	0.72988	0.72988	
3.30436	3.43408	2.8342	0.72988	0.72988	4.32242	4.25637	0.72988	2.71479	3.22458	0.72988	2.13953	3.57999	2.50919	3.82744	1.9499	0.72988	0.72988	0.72988	0.72988	0.72988	0.72988	0.72988	0.72988	0.72988	0.72988	0.72988	0.72988	0.72988	0.72988	0.72988	0.72988	
