Metric	Core0	Core1	Core2	Core3	Core4	Core5	Core6	Core7	Core8	Core9	Core10	Core11	Core12	Core13	Core14	Core15	Core16	Core17	Core18	Core19	Core20	Core21	Core22	Core23	Core24	Core25	Core26	Core27	Core28	Core29	Core30	Core31
total	0.441	0.546	1000.195	1000.195	1000.195	0.611	4.485	1000.195	1000.195	1000.195	1000.195	1000.195	0.538	1000.195	0.472	1000.195	3600702.878	3600702.878	3600702.878	3600702.878	3600702.878	3600702.878	3600702.878	3600702.878	3600702.878	3600702.878	3600702.878	3600702.878	3600702.878	3600702.878	3600702.878	3600702.878
base	0.239	0.236	0.000	0.000	0.000	0.222	0.236	0.000	0.000	0.000	0.000	0.000	0.234	0.000	0.238	0.000	0.000	0.000	0.000	0.000	0.000	0.000	0.000	0.000	0.000	0.000	0.000	0.000	0.000	0.000	0.000	0.000
dispatch_width	-
rs_full	-
depend	-
depend-int	0.000	0.007	0.000	0.000	0.000	0.000	0.000	0.000	0.000	0.000	0.000	0.000	0.000	0.000	0.000	0.000	0.000	0.000	0.000	0.000	0.000	0.000	0.000	0.000	0.000	0.000	0.000	0.000	0.000	0.000	0.000	0.000
depend-fp	0.116	0.061	0.000	0.000	0.000	0.177	0.000	0.000	0.000	0.000	0.000	0.000	0.116	0.000	0.116	0.000	0.000	0.000	0.000	0.000	0.000	0.000	0.000	0.000	0.000	0.000	0.000	0.000	0.000	0.000	0.000	0.000
depend-branch	0.000	0.010	0.000	0.000	0.000	0.000	0.000	0.000	0.000	0.000	0.000	0.000	0.000	0.000	0.000	0.000	0.000	0.000	0.000	0.000	0.000	0.000	0.000	0.000	0.000	0.000	0.000	0.000	0.000	0.000	0.000	0.000
issue	0.041	0.081	0.000	0.000	0.000	0.037	0.000	0.000	0.000	0.000	0.000	0.000	0.058	0.000	0.046	0.000	0.000	0.000	0.000	0.000	0.000	0.000	0.000	0.000	0.000	0.000	0.000	0.000	0.000	0.000	0.000	0.000
serial	-
smt	-
branch	0.000	0.032	0.000	0.000	0.000	0.035	0.000	0.000	0.000	0.000	0.000	0.000	0.038	0.000	0.014	0.000	0.000	0.000	0.000	0.000	0.000	0.000	0.000	0.000	0.000	0.000	0.000	0.000	0.000	0.000	0.000	0.000
itlb	-
dtlb	-
ifetch	-
mem	-
mem-l1d	0.015	0.051	0.000	0.000	0.000	0.031	0.000	0.000	0.000	0.000	0.000	0.000	0.028	0.000	0.024	0.000	0.000	0.000	0.000	0.000	0.000	0.000	0.000	0.000	0.000	0.000	0.000	0.000	0.000	0.000	0.000	0.000
mem-l2	-
mem-l3	-
mem-l4	-
mem-remote	-
mem-nuca	-
mem-dram-cache	-
mem-dram	0.000	0.026	0.000	0.000	0.000	0.021	0.000	0.000	0.000	0.000	0.000	0.000	0.018	0.000	0.000	0.000	0.000	0.000	0.000	0.000	0.000	0.000	0.000	0.000	0.000	0.000	0.000	0.000	0.000	0.000	0.000	0.000
sync	-
dvfs-transition	-
imbalance	0.027	0.032	998.195	998.195	998.195	0.081	4.210	998.195	998.195	998.195	998.195	998.195	0.037	998.195	0.029	998.195	3600702.878	3600702.878	3600702.878	3600702.878	3600702.878	3600702.878	3600702.878	3600702.878	3600702.878	3600702.878	3600702.878	3600702.878	3600702.878	3600702.878	3600702.878	3600702.878
other	0.002	0.010	2.000	2.000	2.000	0.008	0.039	2.000	2.000	2.000	2.000	2.000	0.009	2.000	0.005	2.000	0.000	0.000	0.000	0.000	0.000	0.000	0.000	0.000	0.000	0.000	0.000	0.000	0.000	0.000	0.000	0.000
