pcb_C_0	325.3372
pcb_C_1	325.8090
pcb_C_2	325.8488
pcb_C_3	325.8154
pcb_C_4	325.9353
pcb_C_5	326.1195
pcb_C_6	325.9197
pcb_C_7	325.1496
pcb_C_8	325.0966
pcb_C_9	325.4839
pcb_C_10	325.5058
pcb_C_11	325.5918
pcb_C_12	325.7486
pcb_C_13	325.7984
pcb_C_14	325.6072
pcb_C_15	324.9530
pcb_C_16	324.7200
pcb_C_17	324.8525
pcb_C_18	324.8912
pcb_C_19	324.9765
pcb_C_20	325.0640
pcb_C_21	325.0500
pcb_C_22	324.9162
pcb_C_23	324.6238
pcb_C_24	324.4485
pcb_C_25	324.4004
pcb_C_26	324.4183
pcb_C_27	324.4634
pcb_C_28	324.4969
pcb_C_29	324.4791
pcb_C_30	324.4168
pcb_C_31	324.3729
solder_C_0	325.6794
solder_C_1	326.1234
solder_C_2	326.0624
solder_C_3	325.8820
solder_C_4	326.0420
solder_C_5	326.4943
solder_C_6	326.3023
solder_C_7	325.2878
solder_C_8	325.3777
solder_C_9	325.7422
solder_C_10	325.5928
solder_C_11	325.7386
solder_C_12	326.0046
solder_C_13	326.0550
solder_C_14	325.9287
solder_C_15	325.1435
solder_C_16	324.7429
solder_C_17	324.8121
solder_C_18	324.8245
solder_C_19	324.9328
solder_C_20	325.0438
solder_C_21	325.0186
solder_C_22	324.8902
solder_C_23	324.6285
solder_C_24	324.4036
solder_C_25	324.2890
solder_C_26	324.3138
solder_C_27	324.3676
solder_C_28	324.4031
solder_C_29	324.3782
solder_C_30	324.3079
solder_C_31	324.3214
sub_C_0	325.7890
sub_C_1	326.2399
sub_C_2	326.1508
sub_C_3	325.8728
sub_C_4	326.0344
sub_C_5	326.6549
sub_C_6	326.4571
sub_C_7	325.2699
sub_C_8	325.4623
sub_C_9	325.8585
sub_C_10	325.6005
sub_C_11	325.8113
sub_C_12	326.1424
sub_C_13	326.1444
sub_C_14	326.0731
sub_C_15	325.1916
sub_C_16	324.6710
sub_C_17	324.7669
sub_C_18	324.7860
sub_C_19	324.8983
sub_C_20	325.0097
sub_C_21	324.9797
sub_C_22	324.8454
sub_C_23	324.5607
sub_C_24	324.3162
sub_C_25	324.2343
sub_C_26	324.2689
sub_C_27	324.3257
sub_C_28	324.3609
sub_C_29	324.3331
sub_C_30	324.2541
sub_C_31	324.2391
layer_3_C_0	326.8039
layer_3_C_1	327.3703
layer_3_C_2	327.0287
layer_3_C_3	325.7500
layer_3_C_4	325.9037
layer_3_C_5	328.2372
layer_3_C_6	327.9748
layer_3_C_7	325.0169
layer_3_C_8	326.2688
layer_3_C_9	327.0351
layer_3_C_10	325.6486
layer_3_C_11	326.5539
layer_3_C_12	327.5572
layer_3_C_13	327.0146
layer_3_C_14	327.5280
layer_3_C_15	325.6451
layer_3_C_16	323.9429
layer_3_C_17	324.2940
layer_3_C_18	324.3995
layer_3_C_19	324.5406
layer_3_C_20	324.6419
layer_3_C_21	324.5727
layer_3_C_22	324.3705
layer_3_C_23	323.8742
layer_3_C_24	323.4825
layer_3_C_25	323.6956
layer_3_C_26	323.8262
layer_3_C_27	323.9104
layer_3_C_28	323.9418
layer_3_C_29	323.8855
layer_3_C_30	323.7229
layer_3_C_31	323.4494
layer_4_TB_0	326.6488
layer_4_TB_1	327.2100
layer_4_TB_2	326.8944
layer_4_TB_3	325.7036
layer_4_TB_4	325.8567
layer_4_TB_5	328.0398
layer_4_TB_6	327.7799
layer_4_TB_7	324.9701
layer_4_TB_8	326.1393
layer_4_TB_9	326.8849
layer_4_TB_10	325.6024
layer_4_TB_11	326.4496
layer_4_TB_12	327.3927
layer_4_TB_13	326.8936
layer_4_TB_14	327.3523
layer_4_TB_15	325.5482
layer_4_TB_16	323.9413
layer_4_TB_17	324.2927
layer_4_TB_18	324.3988
layer_4_TB_19	324.5397
layer_4_TB_20	324.6406
layer_4_TB_21	324.5716
layer_4_TB_22	324.3691
layer_4_TB_23	323.8728
layer_4_TB_24	323.4815
layer_4_TB_25	323.6950
layer_4_TB_26	323.8256
layer_4_TB_27	323.9098
layer_4_TB_28	323.9413
layer_4_TB_29	323.8850
layer_4_TB_30	323.7223
layer_4_TB_31	323.4484
hsp_TB_0	325.0980
hsp_TB_1	325.6066
hsp_TB_2	325.5507
hsp_TB_3	325.2394
hsp_TB_4	325.3871
hsp_TB_5	326.0666
hsp_TB_6	325.8315
hsp_TB_7	324.5024
hsp_TB_8	324.8444
hsp_TB_9	325.3833
hsp_TB_10	325.1402
hsp_TB_11	325.4062
hsp_TB_12	325.7482
hsp_TB_13	325.6835
hsp_TB_14	325.5962
hsp_TB_15	324.5786
hsp_TB_16	323.9254
hsp_TB_17	324.2794
hsp_TB_18	324.3920
hsp_TB_19	324.5300
hsp_TB_20	324.6275
hsp_TB_21	324.5603
hsp_TB_22	324.3543
hsp_TB_23	323.8590
hsp_TB_24	323.4718
hsp_TB_25	323.6885
hsp_TB_26	323.8200
hsp_TB_27	323.9045
hsp_TB_28	323.9358
hsp_TB_29	323.8793
hsp_TB_30	323.7159
hsp_TB_31	323.4391
hsink_TB_0	324.4770
hsink_TB_1	324.9432
hsink_TB_2	325.0217
hsink_TB_3	324.9931
hsink_TB_4	325.1062
hsink_TB_5	325.2908
hsink_TB_6	325.0504
hsink_TB_7	324.2552
hsink_TB_8	324.3390
hsink_TB_9	324.8081
hsink_TB_10	324.8886
hsink_TB_11	325.0092
hsink_TB_12	325.1573
hsink_TB_13	325.1598
hsink_TB_14	324.9229
hsink_TB_15	324.2077
hsink_TB_16	323.8641
hsink_TB_17	324.2119
hsink_TB_18	324.3580
hsink_TB_19	324.4783
hsink_TB_20	324.5543
hsink_TB_21	324.4966
hsink_TB_22	324.2759
hsink_TB_23	323.8093
hsink_TB_24	323.4620
hsink_TB_25	323.6797
hsink_TB_26	323.8126
hsink_TB_27	323.8965
hsink_TB_28	323.9271
hsink_TB_29	323.8706
hsink_TB_30	323.7067
hsink_TB_31	323.4298
inode_0	323.1151
inode_1	323.0082
inode_2	322.6172
inode_3	323.6811
inode_4	323.1037
inode_5	322.9981
inode_6	322.6118
inode_7	323.6720
inode_8	322.6577
inode_9	322.5615
inode_10	322.0985
inode_11	323.0367
inode_12	324.9930
inode_13	324.7926
inode_14	324.1432
inode_15	325.7515
inode_16	324.9910
inode_17	324.7919
inode_18	324.1431
inode_19	325.7509
inode_20	324.5396
inode_21	324.4025
inode_22	324.1019
inode_23	325.6705
inode_24	323.0477
inode_25	322.9426
inode_26	322.4110
inode_27	323.5340
