pcb_LC_0	347.9315
pcb_LC_1	349.0013
pcb_LC_2	349.4687
pcb_LC_3	349.6544
pcb_LC_4	349.6542
pcb_LC_5	349.4682
pcb_LC_6	349.0006
pcb_LC_7	347.9305
pcb_LC_8	347.9121
pcb_LC_9	349.1793
pcb_LC_10	349.7786
pcb_LC_11	350.0235
pcb_LC_12	350.0233
pcb_LC_13	349.7781
pcb_LC_14	349.1785
pcb_LC_15	347.9110
pcb_LC_16	347.9118
pcb_LC_17	349.1788
pcb_LC_18	349.7780
pcb_LC_19	350.0229
pcb_LC_20	350.0228
pcb_LC_21	349.7776
pcb_LC_22	349.1781
pcb_LC_23	347.9108
pcb_LC_24	347.9306
pcb_LC_25	348.9999
pcb_LC_26	349.4672
pcb_LC_27	349.6529
pcb_LC_28	349.6528
pcb_LC_29	349.4670
pcb_LC_30	348.9994
pcb_LC_31	347.9299
solder_LC_0	349.7954
solder_LC_1	350.1538
solder_LC_2	350.4193
solder_LC_3	350.5555
solder_LC_4	350.5549
solder_LC_5	350.4184
solder_LC_6	350.1525
solder_LC_7	349.7933
solder_LC_8	349.9062
solder_LC_9	350.3814
solder_LC_10	350.7272
solder_LC_11	350.9038
solder_LC_12	350.9033
solder_LC_13	350.7264
solder_LC_14	350.3801
solder_LC_15	349.9045
solder_LC_16	349.9054
solder_LC_17	350.3802
solder_LC_18	350.7262
solder_LC_19	350.9027
solder_LC_20	350.9024
solder_LC_21	350.7257
solder_LC_22	350.3793
solder_LC_23	349.9041
solder_LC_24	349.7932
solder_LC_25	350.1510
solder_LC_26	350.4168
solder_LC_27	350.5528
solder_LC_28	350.5527
solder_LC_29	350.4165
solder_LC_30	350.1504
solder_LC_31	349.7923
sub_LC_0	349.9979
sub_LC_1	350.3719
sub_LC_2	350.6587
sub_LC_3	350.8076
sub_LC_4	350.8064
sub_LC_5	350.6577
sub_LC_6	350.3702
sub_LC_7	349.9946
sub_LC_8	350.1136
sub_LC_9	350.5907
sub_LC_10	350.9515
sub_LC_11	351.1367
sub_LC_12	351.1361
sub_LC_13	350.9506
sub_LC_14	350.5894
sub_LC_15	350.1115
sub_LC_16	350.1123
sub_LC_17	350.5892
sub_LC_18	350.9503
sub_LC_19	351.1353
sub_LC_20	351.1351
sub_LC_21	350.9498
sub_LC_22	350.5883
sub_LC_23	350.1110
sub_LC_24	349.9942
sub_LC_25	350.3677
sub_LC_26	350.6558
sub_LC_27	350.8038
sub_LC_28	350.8037
sub_LC_29	350.6555
sub_LC_30	350.3672
sub_LC_31	349.9933
layer_3_LC_0	351.7574
layer_3_LC_1	352.3622
layer_3_LC_2	352.8587
layer_3_LC_3	353.1261
layer_3_LC_4	353.1187
layer_3_LC_5	352.8563
layer_3_LC_6	352.3582
layer_3_LC_7	351.7414
layer_3_LC_8	351.9134
layer_3_LC_9	352.5629
layer_3_LC_10	353.1023
layer_3_LC_11	353.3806
layer_3_LC_12	353.3790
layer_3_LC_13	353.1012
layer_3_LC_14	352.5609
layer_3_LC_15	351.9084
layer_3_LC_16	351.9085
layer_3_LC_17	352.5586
layer_3_LC_18	353.1001
layer_3_LC_19	353.3770
layer_3_LC_20	353.3767
layer_3_LC_21	353.0996
layer_3_LC_22	352.5578
layer_3_LC_23	351.9072
layer_3_LC_24	351.7385
layer_3_LC_25	352.3452
layer_3_LC_26	352.8519
layer_3_LC_27	353.1111
layer_3_LC_28	353.1110
layer_3_LC_29	352.8517
layer_3_LC_30	352.3448
layer_3_LC_31	351.7379
layer_4_TB_0	351.6664
layer_4_TB_1	352.2714
layer_4_TB_2	352.7676
layer_4_TB_3	353.0349
layer_4_TB_4	353.0275
layer_4_TB_5	352.7653
layer_4_TB_6	352.2674
layer_4_TB_7	351.6504
layer_4_TB_8	351.8225
layer_4_TB_9	352.4723
layer_4_TB_10	353.0115
layer_4_TB_11	353.2896
layer_4_TB_12	353.2880
layer_4_TB_13	353.0103
layer_4_TB_14	352.4703
layer_4_TB_15	351.8176
layer_4_TB_16	351.8177
layer_4_TB_17	352.4680
layer_4_TB_18	353.0093
layer_4_TB_19	353.2860
layer_4_TB_20	353.2857
layer_4_TB_21	353.0088
layer_4_TB_22	352.4672
layer_4_TB_23	351.8164
layer_4_TB_24	351.6474
layer_4_TB_25	352.2544
layer_4_TB_26	352.7609
layer_4_TB_27	353.0199
layer_4_TB_28	353.0198
layer_4_TB_29	352.7606
layer_4_TB_30	352.2539
layer_4_TB_31	351.6469
layer_5_B_0	350.7562
layer_5_B_1	351.3633
layer_5_B_2	351.8572
layer_5_B_3	352.1232
layer_5_B_4	352.1156
layer_5_B_5	351.8549
layer_5_B_6	351.3593
layer_5_B_7	350.7401
layer_5_B_8	350.9141
layer_5_B_9	351.5661
layer_5_B_10	352.1034
layer_5_B_11	352.3797
layer_5_B_12	352.3782
layer_5_B_13	352.1022
layer_5_B_14	351.5642
layer_5_B_15	350.9092
layer_5_B_16	350.9094
layer_5_B_17	351.5620
layer_5_B_18	352.1011
layer_5_B_19	352.3762
layer_5_B_20	352.3759
layer_5_B_21	352.1007
layer_5_B_22	351.5612
layer_5_B_23	350.9080
layer_5_B_24	350.7371
layer_5_B_25	351.3461
layer_5_B_26	351.8506
layer_5_B_27	352.1080
layer_5_B_28	352.1079
layer_5_B_29	351.8503
layer_5_B_30	351.3457
layer_5_B_31	350.7366
layer_6_TB_0	350.6280
layer_6_TB_1	351.2356
layer_6_TB_2	351.7292
layer_6_TB_3	351.9948
layer_6_TB_4	351.9874
layer_6_TB_5	351.7270
layer_6_TB_6	351.2317
layer_6_TB_7	350.6120
layer_6_TB_8	350.7864
layer_6_TB_9	351.4391
layer_6_TB_10	351.9761
layer_6_TB_11	352.2522
layer_6_TB_12	352.2507
layer_6_TB_13	351.9749
layer_6_TB_14	351.4371
layer_6_TB_15	350.7816
layer_6_TB_16	350.7817
layer_6_TB_17	351.4350
layer_6_TB_18	351.9739
layer_6_TB_19	352.2487
layer_6_TB_20	352.2484
layer_6_TB_21	351.9734
layer_6_TB_22	351.4342
layer_6_TB_23	350.7804
layer_6_TB_24	350.6091
layer_6_TB_25	351.2185
layer_6_TB_26	351.7227
layer_6_TB_27	351.9798
layer_6_TB_28	351.9797
layer_6_TB_29	351.7224
layer_6_TB_30	351.2181
layer_6_TB_31	350.6085
layer_7_B_32	349.3459
layer_7_B_33	349.9586
layer_7_B_34	350.4499
layer_7_B_35	350.7117
layer_7_B_36	350.7054
layer_7_B_37	350.4478
layer_7_B_38	349.9548
layer_7_B_39	349.3311
layer_7_B_40	349.5098
layer_7_B_41	350.1690
layer_7_B_42	350.7033
layer_7_B_43	350.9767
layer_7_B_44	350.9753
layer_7_B_45	350.7022
layer_7_B_46	350.1671
layer_7_B_47	349.5051
layer_7_B_48	349.5053
layer_7_B_49	350.1651
layer_7_B_50	350.7012
layer_7_B_51	350.9734
layer_7_B_52	350.9731
layer_7_B_53	350.7008
layer_7_B_54	350.1643
layer_7_B_55	349.5040
layer_7_B_56	349.3284
layer_7_B_57	349.9429
layer_7_B_58	350.4436
layer_7_B_59	350.6979
layer_7_B_60	350.6978
layer_7_B_61	350.4434
layer_7_B_62	349.9425
layer_7_B_63	349.3278
layer_8_TB_0	349.1812
layer_8_TB_1	349.7948
layer_8_TB_2	350.2857
layer_8_TB_3	350.5470
layer_8_TB_4	350.5409
layer_8_TB_5	350.2836
layer_8_TB_6	349.7911
layer_8_TB_7	349.1666
layer_8_TB_8	349.3459
layer_8_TB_9	350.0062
layer_8_TB_10	350.5402
layer_8_TB_11	350.8133
layer_8_TB_12	350.8119
layer_8_TB_13	350.5391
layer_8_TB_14	350.0044
layer_8_TB_15	349.3413
layer_8_TB_16	349.3415
layer_8_TB_17	350.0023
layer_8_TB_18	350.5381
layer_8_TB_19	350.8099
layer_8_TB_20	350.8097
layer_8_TB_21	350.5377
layer_8_TB_22	350.0016
layer_8_TB_23	349.3402
layer_8_TB_24	349.1639
layer_8_TB_25	349.7792
layer_8_TB_26	350.2795
layer_8_TB_27	350.5333
layer_8_TB_28	350.5332
layer_8_TB_29	350.2792
layer_8_TB_30	349.7788
layer_8_TB_31	349.1634
layer_9_B_64	347.5349
layer_9_B_65	348.1568
layer_9_B_66	348.6438
layer_9_B_67	348.9003
layer_9_B_68	348.8952
layer_9_B_69	348.6418
layer_9_B_70	348.1534
layer_9_B_71	347.5214
layer_9_B_72	347.7073
layer_9_B_73	348.3786
layer_9_B_74	348.9092
layer_9_B_75	349.1785
layer_9_B_76	349.1773
layer_9_B_77	348.9082
layer_9_B_78	348.3768
layer_9_B_79	347.7030
layer_9_B_80	347.7032
layer_9_B_81	348.3749
layer_9_B_82	348.9072
layer_9_B_83	349.1754
layer_9_B_84	349.1752
layer_9_B_85	348.9068
layer_9_B_86	348.3742
layer_9_B_87	347.7020
layer_9_B_88	347.5189
layer_9_B_89	348.1425
layer_9_B_90	348.6380
layer_9_B_91	348.8877
layer_9_B_92	348.8876
layer_9_B_93	348.6377
layer_9_B_94	348.1421
layer_9_B_95	347.5184
layer_10_TB_0	347.3346
layer_10_TB_1	347.9577
layer_10_TB_2	348.4441
layer_10_TB_3	348.7000
layer_10_TB_4	348.6950
layer_10_TB_5	348.4421
layer_10_TB_6	347.9543
layer_10_TB_7	347.3213
layer_10_TB_8	347.5080
layer_10_TB_9	348.1808
layer_10_TB_10	348.7110
layer_10_TB_11	348.9799
layer_10_TB_12	348.9787
layer_10_TB_13	348.7100
layer_10_TB_14	348.1791
layer_10_TB_15	347.5038
layer_10_TB_16	347.5039
layer_10_TB_17	348.1772
layer_10_TB_18	348.7091
layer_10_TB_19	348.9769
layer_10_TB_20	348.9766
layer_10_TB_21	348.7087
layer_10_TB_22	348.1765
layer_10_TB_23	347.5028
layer_10_TB_24	347.3187
layer_10_TB_25	347.9435
layer_10_TB_26	348.4383
layer_10_TB_27	348.6875
layer_10_TB_28	348.6874
layer_10_TB_29	348.4381
layer_10_TB_30	347.9431
layer_10_TB_31	347.3182
layer_11_B_96	345.3318
layer_11_B_97	345.9667
layer_11_B_98	346.4473
layer_11_B_99	346.6975
layer_11_B_100	346.6935
layer_11_B_101	346.4456
layer_11_B_102	345.9636
layer_11_B_103	345.3195
layer_11_B_104	345.5152
layer_11_B_105	346.2037
layer_11_B_106	346.7297
layer_11_B_107	346.9939
layer_11_B_108	346.9928
layer_11_B_109	346.7287
layer_11_B_110	346.2021
layer_11_B_111	345.5114
layer_11_B_112	345.5115
layer_11_B_113	346.2004
layer_11_B_114	346.7279
layer_11_B_115	346.9911
layer_11_B_116	346.9909
layer_11_B_117	346.7275
layer_11_B_118	346.1997
layer_11_B_119	345.5105
layer_11_B_120	345.3172
layer_11_B_121	345.9536
layer_11_B_122	346.4421
layer_11_B_123	346.6859
layer_11_B_124	346.6858
layer_11_B_125	346.4419
layer_11_B_126	345.9532
layer_11_B_127	345.3167
layer_12_TB_0	345.0968
layer_12_TB_1	345.7332
layer_12_TB_2	346.2131
layer_12_TB_3	346.4626
layer_12_TB_4	346.4586
layer_12_TB_5	346.2114
layer_12_TB_6	345.7302
layer_12_TB_7	345.0846
layer_12_TB_8	345.2815
layer_12_TB_9	345.9720
layer_12_TB_10	346.4974
layer_12_TB_11	346.7611
layer_12_TB_12	346.7600
layer_12_TB_13	346.4965
layer_12_TB_14	345.9704
layer_12_TB_15	345.2777
layer_12_TB_16	345.2778
layer_12_TB_17	345.9687
layer_12_TB_18	346.4957
layer_12_TB_19	346.7584
layer_12_TB_20	346.7581
layer_12_TB_21	346.4953
layer_12_TB_22	345.9681
layer_12_TB_23	345.2768
layer_12_TB_24	345.0823
layer_12_TB_25	345.7202
layer_12_TB_26	346.2080
layer_12_TB_27	346.4511
layer_12_TB_28	346.4510
layer_12_TB_29	346.2077
layer_12_TB_30	345.7199
layer_12_TB_31	345.0819
layer_13_B_128	342.7468
layer_13_B_129	343.3987
layer_13_B_130	343.8709
layer_13_B_131	344.1137
layer_13_B_132	344.1105
layer_13_B_133	343.8694
layer_13_B_134	343.3960
layer_13_B_135	342.7354
layer_13_B_136	342.9439
layer_13_B_137	343.6550
layer_13_B_138	344.1753
layer_13_B_139	344.4334
layer_13_B_140	344.4324
layer_13_B_141	344.1745
layer_13_B_142	343.6536
layer_13_B_143	342.9405
layer_13_B_144	342.9407
layer_13_B_145	343.6521
layer_13_B_146	344.1738
layer_13_B_147	344.4310
layer_13_B_148	344.4308
layer_13_B_149	344.1735
layer_13_B_150	343.6515
layer_13_B_151	342.9398
layer_13_B_152	342.7335
layer_13_B_153	343.3867
layer_13_B_154	343.8664
layer_13_B_155	344.1029
layer_13_B_156	344.1028
layer_13_B_157	343.8662
layer_13_B_158	343.3863
layer_13_B_159	342.7331
layer_14_TB_0	342.4779
layer_14_TB_1	343.1318
layer_14_TB_2	343.6032
layer_14_TB_3	343.8450
layer_14_TB_4	343.8420
layer_14_TB_5	343.6017
layer_14_TB_6	343.1291
layer_14_TB_7	342.4669
layer_14_TB_8	342.6767
layer_14_TB_9	343.3904
layer_14_TB_10	343.9101
layer_14_TB_11	344.1675
layer_14_TB_12	344.1666
layer_14_TB_13	343.9094
layer_14_TB_14	343.3890
layer_14_TB_15	342.6734
layer_14_TB_16	342.6736
layer_14_TB_17	343.3876
layer_14_TB_18	343.9087
layer_14_TB_19	344.1652
layer_14_TB_20	344.1650
layer_14_TB_21	343.9083
layer_14_TB_22	343.3870
layer_14_TB_23	342.6727
layer_14_TB_24	342.4650
layer_14_TB_25	343.1200
layer_14_TB_26	343.5988
layer_14_TB_27	343.8345
layer_14_TB_28	343.8344
layer_14_TB_29	343.5986
layer_14_TB_30	343.1197
layer_14_TB_31	342.4645
layer_15_B_160	339.7897
layer_15_B_161	340.4629
layer_15_B_162	340.9264
layer_15_B_163	341.1587
layer_15_B_164	341.1564
layer_15_B_165	340.9252
layer_15_B_166	340.4607
layer_15_B_167	339.7811
layer_15_B_168	340.0051
layer_15_B_169	340.7448
layer_15_B_170	341.2584
layer_15_B_171	341.5091
layer_15_B_172	341.5084
layer_15_B_173	341.2577
layer_15_B_174	340.7436
layer_15_B_175	340.0024
layer_15_B_176	340.0025
layer_15_B_177	340.7425
layer_15_B_178	341.2571
layer_15_B_179	341.5072
layer_15_B_180	341.5070
layer_15_B_181	341.2568
layer_15_B_182	340.7420
layer_15_B_183	340.0017
layer_15_B_184	339.7795
layer_15_B_185	340.4537
layer_15_B_186	340.9227
layer_15_B_187	341.1506
layer_15_B_188	341.1505
layer_15_B_189	340.9225
layer_15_B_190	340.4535
layer_15_B_191	339.7792
layer_16_TB_0	339.4884
layer_16_TB_1	340.1640
layer_16_TB_2	340.6264
layer_16_TB_3	340.8577
layer_16_TB_4	340.8555
layer_16_TB_5	340.6253
layer_16_TB_6	340.1619
layer_16_TB_7	339.4801
layer_16_TB_8	339.7057
layer_16_TB_9	340.4486
layer_16_TB_10	340.9614
layer_16_TB_11	341.2114
layer_16_TB_12	341.2107
layer_16_TB_13	340.9608
layer_16_TB_14	340.4475
layer_16_TB_15	339.7031
layer_16_TB_16	339.7032
layer_16_TB_17	340.4464
layer_16_TB_18	340.9602
layer_16_TB_19	341.2095
layer_16_TB_20	341.2094
layer_16_TB_21	340.9599
layer_16_TB_22	340.4459
layer_16_TB_23	339.7024
layer_16_TB_24	339.4785
layer_16_TB_25	340.1551
layer_16_TB_26	340.6229
layer_16_TB_27	340.8498
layer_16_TB_28	340.8497
layer_16_TB_29	340.6227
layer_16_TB_30	340.1548
layer_16_TB_31	339.4782
layer_17_B_192	336.4756
layer_17_B_193	337.1748
layer_17_B_194	337.6271
layer_17_B_195	337.8478
layer_17_B_196	337.8462
layer_17_B_197	337.6262
layer_17_B_198	337.1732
layer_17_B_199	336.4696
layer_17_B_200	336.7121
layer_17_B_201	337.4871
layer_17_B_202	337.9924
layer_17_B_203	338.2348
layer_17_B_204	338.2342
layer_17_B_205	337.9919
layer_17_B_206	337.4862
layer_17_B_207	336.7101
layer_17_B_208	336.7102
layer_17_B_209	337.4854
layer_17_B_210	337.9914
layer_17_B_211	338.2333
layer_17_B_212	338.2332
layer_17_B_213	337.9912
layer_17_B_214	337.4850
layer_17_B_215	336.7096
layer_17_B_216	336.4685
layer_17_B_217	337.1684
layer_17_B_218	337.6243
layer_17_B_219	337.8421
layer_17_B_220	337.8421
layer_17_B_221	337.6242
layer_17_B_222	337.1682
layer_17_B_223	336.4681
layer_18_TB_0	336.1431
layer_18_TB_1	336.8452
layer_18_TB_2	337.2962
layer_18_TB_3	337.5158
layer_18_TB_4	337.5143
layer_18_TB_5	337.2953
layer_18_TB_6	336.8436
layer_18_TB_7	336.1374
layer_18_TB_8	336.3819
layer_18_TB_9	337.1607
layer_18_TB_10	337.6651
layer_18_TB_11	337.9066
layer_18_TB_12	337.9061
layer_18_TB_13	337.6646
layer_18_TB_14	337.1598
layer_18_TB_15	336.3799
layer_18_TB_16	336.3800
layer_18_TB_17	337.1591
layer_18_TB_18	337.6642
layer_18_TB_19	337.9052
layer_18_TB_20	337.9051
layer_18_TB_21	337.6639
layer_18_TB_22	337.1587
layer_18_TB_23	336.3794
layer_18_TB_24	336.1363
layer_18_TB_25	336.8390
layer_18_TB_26	337.2936
layer_18_TB_27	337.5103
layer_18_TB_28	337.5103
layer_18_TB_29	337.2934
layer_18_TB_30	336.8388
layer_18_TB_31	336.1360
layer_19_B_224	332.8187
layer_19_B_225	333.5492
layer_19_B_226	333.9876
layer_19_B_227	334.1954
layer_19_B_228	334.1945
layer_19_B_229	333.9870
layer_19_B_230	333.5481
layer_19_B_231	332.8153
layer_19_B_232	333.0794
layer_19_B_233	333.8970
layer_19_B_234	334.3923
layer_19_B_235	334.6253
layer_19_B_236	334.6250
layer_19_B_237	334.3919
layer_19_B_238	333.8964
layer_19_B_239	333.0781
layer_19_B_240	333.0783
layer_19_B_241	333.8960
layer_19_B_242	334.3917
layer_19_B_243	334.6244
layer_19_B_244	334.6243
layer_19_B_245	334.3915
layer_19_B_246	333.8956
layer_19_B_247	333.0778
layer_19_B_248	332.8146
layer_19_B_249	333.5455
layer_19_B_250	333.9858
layer_19_B_251	334.1921
layer_19_B_252	334.1921
layer_19_B_253	333.9857
layer_19_B_254	333.5453
layer_19_B_255	332.8143
layer_20_TB_0	332.4565
layer_20_TB_1	333.1904
layer_20_TB_2	333.6272
layer_20_TB_3	333.8338
layer_20_TB_4	333.8329
layer_20_TB_5	333.6266
layer_20_TB_6	333.1894
layer_20_TB_7	332.4533
layer_20_TB_8	332.7197
layer_20_TB_9	333.5419
layer_20_TB_10	334.0361
layer_20_TB_11	334.2681
layer_20_TB_12	334.2678
layer_20_TB_13	334.0357
layer_20_TB_14	333.5413
layer_20_TB_15	332.7184
layer_20_TB_16	332.7186
layer_20_TB_17	333.5409
layer_20_TB_18	334.0355
layer_20_TB_19	334.2673
layer_20_TB_20	334.2672
layer_20_TB_21	334.0353
layer_20_TB_22	333.5406
layer_20_TB_23	332.7181
layer_20_TB_24	332.4527
layer_20_TB_25	333.1869
layer_20_TB_26	333.6255
layer_20_TB_27	333.8307
layer_20_TB_28	333.8306
layer_20_TB_29	333.6254
layer_20_TB_30	333.1867
layer_20_TB_31	332.4524
hsp_TB_0	328.8345
hsp_TB_1	329.6021
hsp_TB_2	330.0235
hsp_TB_3	330.2171
hsp_TB_4	330.2169
hsp_TB_5	330.0232
hsp_TB_6	329.6016
hsp_TB_7	328.8336
hsp_TB_8	329.1225
hsp_TB_9	329.9910
hsp_TB_10	330.4742
hsp_TB_11	330.6967
hsp_TB_12	330.6966
hsp_TB_13	330.4739
hsp_TB_14	329.9906
hsp_TB_15	329.1219
hsp_TB_16	329.1221
hsp_TB_17	329.9906
hsp_TB_18	330.4739
hsp_TB_19	330.6963
hsp_TB_20	330.6963
hsp_TB_21	330.4737
hsp_TB_22	329.9904
hsp_TB_23	329.1217
hsp_TB_24	328.8334
hsp_TB_25	329.6010
hsp_TB_26	330.0227
hsp_TB_27	330.2162
hsp_TB_28	330.2161
hsp_TB_29	330.0226
hsp_TB_30	329.6009
hsp_TB_31	328.8332
hsink_TB_0	327.5093
hsink_TB_1	328.1638
hsink_TB_2	328.5593
hsink_TB_3	328.7449
hsink_TB_4	328.7449
hsink_TB_5	328.5591
hsink_TB_6	328.1635
hsink_TB_7	327.5089
hsink_TB_8	327.7283
hsink_TB_9	328.4762
hsink_TB_10	328.9321
hsink_TB_11	329.1468
hsink_TB_12	329.1467
hsink_TB_13	328.9320
hsink_TB_14	328.4759
hsink_TB_15	327.7280
hsink_TB_16	327.7281
hsink_TB_17	328.4760
hsink_TB_18	328.9320
hsink_TB_19	329.1467
hsink_TB_20	329.1466
hsink_TB_21	328.9319
hsink_TB_22	328.4758
hsink_TB_23	327.7279
hsink_TB_24	327.5090
hsink_TB_25	328.1634
hsink_TB_26	328.5590
hsink_TB_27	328.7446
hsink_TB_28	328.7446
hsink_TB_29	328.5589
hsink_TB_30	328.1633
hsink_TB_31	327.5088
inode_0	325.6179
inode_1	325.6177
inode_2	326.1172
inode_3	326.1175
inode_4	325.5843
inode_5	325.5841
inode_6	326.0899
inode_7	326.0902
inode_8	324.5411
inode_9	324.5410
inode_10	324.8314
inode_11	324.8316
inode_12	349.6214
inode_13	349.6199
inode_14	349.3421
inode_15	349.3443
inode_16	349.6030
inode_17	349.6016
inode_18	349.3368
inode_19	349.3390
inode_20	346.2587
inode_21	346.2577
inode_22	348.4032
inode_23	348.4051
inode_24	336.9024
inode_25	336.9017
inode_26	337.1346
inode_27	337.1358
