C_0	C_1	C_2	C_3	C_4	C_5	C_6	C_7	C_8	C_9	C_10	C_11	C_12	C_13	C_14	C_15	C_16	C_17	C_18	C_19	C_20	C_21	C_22	C_23	C_24	C_25	C_26	C_27	C_28	C_29	C_30	C_31	
68.33	69.22	69.23	68.38	69.17	70.50	70.49	69.14	69.11	70.47	70.48	69.15	68.41	69.29	69.29	68.36	66.38	67.26	67.24	66.42	67.16	68.43	68.38	67.09	67.13	68.43	68.39	67.09	66.36	67.17	67.14	66.29
68.37	69.27	69.27	68.46	69.15	70.42	70.41	69.09	69.06	70.36	70.36	69.12	68.54	69.39	69.38	68.44	66.19	67.11	67.10	66.28	66.87	68.07	68.04	66.79	66.80	68.07	68.05	66.82	66.16	66.94	66.92	66.05
68.16	69.04	69.04	68.28	68.90	70.09	70.33	69.05	68.76	70.02	70.02	68.86	68.38	69.21	69.44	68.48	66.10	67.04	67.03	66.23	66.71	67.84	67.83	66.60	66.60	67.83	67.82	66.66	66.06	66.80	66.79	65.92
68.38	69.27	69.03	68.30	68.85	69.99	70.01	68.77	68.93	70.16	70.15	69.05	68.65	69.47	69.24	68.27	66.05	66.99	66.99	66.19	66.59	67.68	67.67	66.47	66.45	67.66	67.65	66.54	65.99	66.71	66.69	65.83
68.17	69.05	69.27	68.56	69.08	70.18	69.93	68.71	68.90	70.10	70.10	69.05	68.71	69.51	69.24	68.27	66.01	66.96	66.97	66.18	66.52	67.55	67.54	66.38	66.35	67.52	67.52	66.45	65.95	66.64	66.62	65.76
68.15	69.03	69.06	68.38	68.85	69.90	69.86	68.67	68.87	70.05	70.06	69.05	68.76	69.54	69.25	68.27	65.99	66.94	66.95	66.18	66.47	67.46	67.44	66.31	66.26	67.41	67.42	66.39	65.92	66.58	66.57	65.72
68.15	69.03	69.04	68.39	69.07	70.09	69.81	68.63	68.85	70.01	70.01	69.05	68.80	69.57	69.26	68.27	65.98	66.93	66.94	66.19	66.44	67.38	67.36	66.25	66.20	67.32	67.33	66.34	65.90	66.55	66.53	65.68
68.15	69.02	69.28	68.64	68.85	69.83	69.76	68.61	68.82	69.97	69.98	69.05	68.84	69.59	69.27	68.28	65.97	66.92	66.94	66.20	66.41	67.32	67.30	66.20	66.15	67.25	67.26	66.31	65.90	66.52	66.50	65.66
68.15	69.02	69.06	68.45	68.82	69.77	69.72	68.58	68.80	69.93	69.94	69.05	68.87	69.60	69.27	68.28	65.96	66.92	66.94	66.21	66.39	67.27	67.24	66.17	66.10	67.19	67.20	66.28	65.89	66.49	66.47	65.64
68.39	69.26	69.06	68.47	68.82	69.73	69.68	68.56	68.79	69.90	69.91	69.05	68.90	69.62	69.28	68.29	65.96	66.92	66.94	66.23	66.38	67.22	67.19	66.14	66.06	67.13	67.14	66.25	65.89	66.47	66.45	65.62
68.18	69.05	69.05	68.48	68.82	69.70	69.65	68.54	68.77	69.87	69.88	69.06	68.93	69.63	69.29	68.30	65.96	66.92	66.94	66.24	66.37	67.18	67.15	66.11	66.03	67.08	67.09	66.23	65.89	66.46	66.43	65.61
68.17	69.03	69.29	68.73	68.81	69.66	69.62	68.53	68.76	69.84	69.86	69.07	68.95	69.64	69.30	68.31	65.96	66.91	66.94	66.26	66.37	67.15	67.11	66.08	66.00	67.03	67.05	66.22	65.90	66.44	66.42	65.60
68.17	69.03	69.08	68.54	68.81	69.64	69.59	68.51	68.74	69.82	69.84	69.07	68.98	69.65	69.30	68.31	65.96	66.91	66.94	66.27	66.36	67.12	67.08	66.06	65.97	66.99	67.01	66.21	65.90	66.43	66.40	65.59
68.17	69.03	69.07	68.55	69.05	69.86	69.56	68.50	68.73	69.79	69.82	69.08	69.00	69.66	69.31	68.32	65.96	66.91	66.94	66.28	66.36	67.09	67.04	66.04	65.95	66.95	66.97	66.19	65.91	66.42	66.38	65.58
68.17	69.02	69.07	68.56	68.85	69.62	69.54	68.48	68.72	69.77	69.80	69.09	69.03	69.67	69.31	68.32	65.96	66.90	66.94	66.30	66.36	67.06	67.01	66.02	65.92	66.91	66.94	66.18	65.91	66.41	66.37	65.57
68.17	69.02	69.06	68.57	68.84	69.59	69.76	68.71	68.71	69.75	69.78	69.10	69.05	69.68	69.31	68.33	65.95	66.90	66.94	66.31	66.36	67.04	66.99	66.01	65.90	66.88	66.90	66.17	65.91	66.40	66.36	65.56
68.17	69.02	69.06	68.59	68.84	69.56	69.52	68.49	68.70	69.73	69.52	68.86	68.82	69.44	69.31	68.33	65.95	66.89	66.93	66.32	66.36	67.01	66.96	65.99	65.88	66.84	66.87	66.17	65.92	66.39	66.34	65.55
68.17	69.02	69.06	68.60	68.84	69.54	69.49	68.46	68.69	69.71	69.48	68.84	68.81	69.41	69.31	68.33	65.95	66.89	66.93	66.33	66.36	66.99	66.93	65.97	65.86	66.81	66.84	66.16	65.92	66.38	66.33	65.54
68.17	69.01	69.06	68.61	68.84	69.52	69.46	68.45	68.44	69.45	69.45	68.84	68.82	69.40	69.31	68.33	65.94	66.88	66.92	66.34	66.36	66.97	66.91	65.96	65.84	66.78	66.81	66.15	65.93	66.37	66.32	65.53
68.17	69.01	69.06	68.63	68.84	69.50	69.44	68.43	68.64	69.65	69.43	68.83	68.82	69.39	69.31	68.33	65.94	66.87	66.92	66.35	66.36	66.95	66.89	65.94	65.82	66.75	66.79	66.14	65.93	66.36	66.30	65.52
68.17	69.01	69.06	68.64	68.84	69.48	69.42	68.42	68.41	69.40	69.41	68.84	68.83	69.38	69.30	68.33	65.93	66.86	66.91	66.36	66.37	66.93	66.87	65.93	65.80	66.72	66.76	66.14	65.93	66.35	66.29	65.51
68.17	69.00	69.06	68.65	68.84	69.46	69.40	68.41	68.38	69.36	69.39	68.84	69.08	69.62	69.30	68.33	65.93	66.85	66.90	66.36	66.37	66.91	66.85	65.92	65.78	66.69	66.73	66.13	65.94	66.34	66.28	65.50
68.17	69.00	69.06	68.66	68.85	69.45	69.38	68.40	68.36	69.33	69.38	68.85	68.88	69.41	69.29	68.33	65.92	66.84	66.90	66.37	66.37	66.90	66.83	65.91	65.76	66.66	66.71	66.12	65.94	66.32	66.26	65.49
68.17	68.99	69.06	68.68	68.85	69.43	69.36	68.39	68.58	69.55	69.37	68.85	68.87	69.39	69.29	68.33	65.91	66.83	66.89	66.38	66.37	66.88	66.81	65.89	65.74	66.63	66.68	66.12	65.94	66.31	66.25	65.48
68.16	68.99	69.06	68.69	68.86	69.42	69.34	68.38	68.36	69.32	69.35	68.86	68.88	69.38	69.28	68.32	65.91	66.82	66.88	66.38	66.38	66.86	66.79	65.88	65.72	66.61	66.66	66.11	65.94	66.30	66.24	65.47
68.16	68.99	69.06	68.70	69.10	69.65	69.33	68.37	68.34	69.29	69.34	68.87	68.89	69.37	69.28	68.32	65.90	66.81	66.87	66.39	66.38	66.85	66.77	65.87	65.71	66.58	66.64	66.11	65.94	66.29	66.22	65.46
68.16	68.98	69.06	68.71	68.89	69.42	69.31	68.36	68.32	69.27	69.33	68.87	68.89	69.37	69.27	68.32	65.89	66.79	66.87	66.39	66.38	66.84	66.75	65.86	65.69	66.56	66.62	66.10	65.95	66.28	66.21	65.46
68.16	68.98	69.06	68.72	69.13	69.64	69.30	68.35	68.31	69.26	69.33	68.88	68.90	69.37	69.26	68.31	65.88	66.78	66.86	66.40	66.38	66.82	66.74	65.85	65.67	66.53	66.60	66.10	65.95	66.27	66.20	65.45
68.16	68.97	69.06	68.74	69.16	69.66	69.28	68.34	68.30	69.24	69.56	69.13	68.91	69.36	69.25	68.31	65.88	66.77	66.85	66.40	66.39	66.81	66.72	65.84	65.66	66.51	66.57	66.09	65.95	66.27	66.18	65.44
68.15	68.97	69.06	68.75	68.93	69.41	69.27	68.33	68.29	69.23	69.34	68.92	68.92	69.36	69.25	68.30	65.87	66.76	66.84	66.41	66.39	66.80	66.70	65.83	65.64	66.48	66.56	66.09	65.95	66.26	66.17	65.43
68.15	68.96	69.06	68.76	69.16	69.63	69.26	68.32	68.28	69.21	69.32	68.91	68.93	69.35	69.24	68.30	65.86	66.75	66.83	66.41	66.39	66.79	66.69	65.81	65.63	66.46	66.54	66.08	65.95	66.25	66.16	65.42
68.15	68.96	69.05	68.77	68.94	69.39	69.24	68.31	68.27	69.20	69.30	68.92	68.94	69.35	69.23	68.29	65.85	66.73	66.83	66.42	66.39	66.78	66.67	65.80	65.61	66.44	66.52	66.08	65.95	66.24	66.14	65.41
68.14	68.95	69.05	68.77	68.92	69.36	69.23	68.31	68.26	69.19	69.29	68.92	68.95	69.34	69.46	68.52	65.84	66.72	66.82	66.42	66.40	66.76	66.66	65.80	65.60	66.42	66.50	66.08	65.95	66.23	66.13	65.40
68.14	68.95	69.05	68.78	68.92	69.34	69.22	68.30	68.26	69.18	69.28	68.92	68.95	69.34	69.24	68.31	65.83	66.71	66.81	66.42	66.40	66.75	66.65	65.79	65.58	66.40	66.48	66.07	65.95	66.22	66.12	65.39
68.14	68.95	69.05	68.79	68.92	69.33	69.20	68.29	68.49	69.41	69.28	68.93	68.96	69.33	69.22	68.29	65.82	66.70	66.80	66.43	66.40	66.74	66.63	65.78	65.57	66.38	66.46	66.07	65.95	66.21	66.11	65.38
68.14	68.94	69.05	68.80	68.92	69.31	69.19	68.28	68.27	69.19	69.27	68.93	68.96	69.33	69.21	68.28	65.82	66.68	66.79	66.43	66.40	66.73	66.62	65.77	65.55	66.36	66.45	66.06	65.95	66.20	66.09	65.37
68.13	68.94	69.05	68.81	68.92	69.30	69.43	68.52	68.49	69.41	69.26	68.94	68.97	69.32	69.19	68.27	65.81	66.67	66.78	66.43	66.40	66.72	66.60	65.76	65.54	66.34	66.43	66.06	65.95	66.19	66.08	65.36
68.13	68.93	69.05	68.81	68.92	69.29	69.19	68.29	68.26	69.17	69.26	68.94	68.97	69.32	69.18	68.26	65.80	66.66	66.77	66.43	66.41	66.71	66.59	65.75	65.52	66.32	66.41	66.06	65.95	66.18	66.07	65.35
68.13	68.93	69.05	68.82	68.92	69.28	69.41	68.51	68.24	69.15	69.25	68.95	68.98	69.31	69.41	68.49	65.79	66.65	66.76	66.43	66.41	66.71	66.58	65.74	65.51	66.30	66.40	66.05	65.95	66.17	66.06	65.34
68.12	68.92	69.05	68.83	68.93	69.28	69.19	68.29	68.22	69.13	69.25	68.96	68.98	69.30	69.20	68.28	65.78	66.63	66.75	66.44	66.41	66.70	66.57	65.73	65.50	66.28	66.38	66.05	65.95	66.16	66.05	65.34
68.12	68.92	69.05	68.84	68.93	69.27	69.40	68.50	68.21	69.12	69.24	68.96	68.99	69.30	69.17	68.26	65.77	66.62	66.75	66.44	66.41	66.69	66.55	65.72	65.48	66.26	66.37	66.04	65.95	66.16	66.03	65.33
68.12	68.91	69.04	68.84	68.93	69.26	69.16	68.28	68.44	69.35	69.23	68.96	68.99	69.29	69.40	68.49	65.76	66.61	66.74	66.44	66.41	66.68	66.54	65.71	65.47	66.24	66.35	66.04	65.95	66.15	66.02	65.32
68.11	68.91	69.28	69.09	68.94	69.25	69.14	68.26	68.46	69.37	69.23	68.97	69.00	69.29	69.42	68.50	65.75	66.60	66.73	66.44	66.41	66.67	66.53	65.70	65.46	66.23	66.34	66.04	65.95	66.14	66.01	65.31
68.11	68.91	69.07	68.88	68.94	69.25	69.12	68.24	68.47	69.37	69.23	68.98	69.00	69.28	69.42	68.51	65.75	66.59	66.72	66.44	66.42	66.66	66.52	65.70	65.45	66.21	66.33	66.03	65.95	66.13	66.00	65.30
68.11	68.91	69.29	69.11	68.94	69.24	69.11	68.23	68.47	69.37	69.22	68.98	69.01	69.28	69.42	68.51	65.74	66.58	66.71	66.44	66.42	66.65	66.51	65.69	65.43	66.19	66.31	66.03	65.95	66.12	65.99	65.29
68.11	68.90	69.08	68.91	68.95	69.23	69.10	68.22	68.47	69.37	69.22	68.99	69.01	69.27	69.41	68.51	65.73	66.57	66.70	66.44	66.42	66.65	66.50	65.68	65.42	66.18	66.30	66.03	65.95	66.11	65.98	65.28
68.10	68.90	69.30	69.13	68.95	69.22	69.08	68.21	68.47	69.36	69.22	68.99	69.01	69.27	69.41	68.50	65.72	66.55	66.69	66.44	66.42	66.64	66.49	65.67	65.41	66.16	66.29	66.02	65.94	66.11	65.97	65.27
68.10	68.89	69.09	68.93	68.95	69.22	69.07	68.21	68.46	69.36	69.21	68.99	69.02	69.26	69.40	68.50	65.71	66.54	66.69	66.44	66.42	66.63	66.48	65.66	65.40	66.15	66.27	66.02	65.94	66.10	65.96	65.27
68.10	68.89	69.06	68.91	69.20	69.45	69.06	68.20	68.46	69.35	69.21	69.00	69.02	69.26	69.39	68.49	65.70	66.53	66.68	66.44	66.42	66.62	66.47	65.66	65.39	66.13	66.26	66.02	65.94	66.09	65.94	65.26
68.09	68.89	69.05	68.91	68.98	69.23	69.05	68.19	68.45	69.34	69.20	69.00	69.03	69.25	69.38	68.49	65.70	66.52	66.67	66.44	66.42	66.62	66.46	65.65	65.37	66.11	66.25	66.01	65.94	66.08	65.93	65.25
68.09	68.88	69.05	68.91	69.22	69.46	69.05	68.18	68.45	69.34	69.20	69.00	69.03	69.25	69.38	68.48	65.69	66.51	66.66	66.44	66.42	66.61	66.45	65.64	65.36	66.10	66.24	66.01	65.94	66.08	65.92	65.24
68.09	68.88	69.04	68.91	69.24	69.48	69.04	68.18	68.20	69.08	69.19	69.01	69.03	69.25	69.37	68.48	65.68	66.50	66.65	66.44	66.42	66.60	66.44	65.63	65.35	66.08	66.22	66.01	65.94	66.07	65.91	65.23
68.08	68.87	69.04	68.91	69.02	69.24	69.03	68.17	68.17	69.05	69.19	69.01	69.04	69.24	69.36	68.47	65.67	66.48	66.64	66.44	66.42	66.59	66.43	65.62	65.34	66.07	66.21	66.00	65.94	66.06	65.90	65.22
68.07	68.86	69.03	68.91	69.23	69.45	69.02	68.16	68.15	69.03	69.18	69.01	69.04	69.24	69.35	68.46	65.66	66.47	66.64	66.44	66.42	66.59	66.42	65.62	65.33	66.06	66.20	66.00	65.93	66.05	65.89	65.22
68.07	68.86	69.03	68.92	69.02	69.23	69.01	68.15	68.14	69.01	69.17	69.01	69.04	69.23	69.34	68.46	65.65	66.46	66.63	66.44	66.42	66.58	66.41	65.61	65.32	66.04	66.19	65.99	65.93	66.05	65.88	65.21
68.06	68.85	69.03	68.92	69.24	69.44	69.00	68.15	68.12	69.00	69.17	69.02	69.04	69.23	69.34	68.45	65.64	66.45	66.62	66.44	66.42	66.57	66.40	65.60	65.31	66.03	66.18	65.99	65.93	66.04	65.87	65.20
68.06	68.85	69.03	68.92	69.02	69.21	68.99	68.14	68.35	69.23	69.16	69.02	69.05	69.22	69.33	68.44	65.63	66.43	66.61	66.44	66.42	66.57	66.39	65.59	65.30	66.01	66.17	65.99	65.93	66.03	65.86	65.19
68.05	68.84	69.02	68.93	69.00	69.19	68.98	68.13	68.13	69.00	69.16	69.02	69.05	69.21	69.32	68.44	65.62	66.42	66.60	66.44	66.42	66.56	66.38	65.58	65.29	66.00	66.16	65.98	65.93	66.02	65.85	65.18
68.05	68.84	69.26	69.17	69.00	69.18	68.97	68.13	68.34	69.22	69.16	69.02	69.05	69.21	69.07	68.19	65.61	66.41	66.60	66.44	66.42	66.55	66.37	65.57	65.28	65.99	66.15	65.98	65.93	66.02	65.84	65.17
68.04	68.83	69.05	68.96	68.99	69.16	68.97	68.12	68.12	68.99	69.15	69.03	69.05	69.20	69.27	68.39	65.60	66.40	66.59	66.44	66.42	66.55	66.36	65.57	65.26	65.97	66.14	65.98	65.92	66.01	65.83	65.17
68.04	68.83	69.27	69.19	68.99	69.16	68.96	68.11	68.33	69.21	69.15	69.03	69.05	69.19	69.04	68.16	65.59	66.39	66.58	66.44	66.42	66.54	66.35	65.56	65.25	65.96	66.13	65.97	65.92	66.00	65.82	65.16
68.04	68.82	69.05	68.97	68.99	69.15	68.95	68.10	68.35	69.22	69.15	69.03	69.05	69.19	69.00	68.13	65.58	66.38	66.57	66.44	66.42	66.53	66.34	65.55	65.24	65.95	66.12	65.97	65.92	66.00	65.82	65.15
68.03	68.82	69.28	69.21	68.99	69.14	68.94	68.10	68.11	68.98	69.14	69.03	69.05	69.18	69.22	68.35	65.58	66.37	66.57	66.44	66.42	66.53	66.33	65.54	65.23	65.94	66.11	65.97	65.92	65.99	65.81	65.14
68.03	68.81	69.05	68.98	68.99	69.13	68.93	68.09	68.09	68.95	69.14	69.04	69.05	69.18	69.24	68.36	65.57	66.36	66.56	66.44	66.42	66.52	66.32	65.53	65.22	65.92	66.10	65.96	65.92	65.98	65.80	65.13
68.02	68.81	69.27	69.21	68.99	69.13	68.92	68.08	68.30	69.17	69.14	69.04	69.05	69.17	69.00	68.13	65.56	66.35	66.55	66.43	66.42	66.51	66.31	65.52	65.21	65.91	66.09	65.96	65.91	65.98	65.79	65.13
68.02	68.80	69.06	69.00	68.99	69.12	68.91	68.07	68.32	69.19	69.13	69.04	69.05	69.17	68.97	68.10	65.55	66.34	66.54	66.43	66.42	66.51	66.30	65.52	65.20	65.90	66.08	65.96	65.91	65.97	65.78	65.12
68.01	68.80	69.28	69.22	68.99	69.12	68.90	68.07	68.32	69.19	69.13	69.04	69.05	69.16	68.95	68.08	65.54	66.33	66.54	66.43	66.42	66.50	66.29	65.51	65.19	65.89	66.07	65.95	65.91	65.96	65.77	65.11
68.01	68.80	69.05	69.00	68.99	69.11	68.89	68.06	68.32	69.19	69.12	69.04	69.05	69.15	68.93	68.07	65.53	66.32	66.53	66.43	66.42	66.49	66.28	65.50	65.19	65.88	66.06	65.95	65.91	65.96	65.76	65.10
68.00	68.79	69.03	68.98	68.99	69.11	68.89	68.05	68.09	68.95	69.12	69.04	69.29	69.39	68.92	68.06	65.53	66.31	66.52	66.43	66.42	66.49	66.27	65.49	65.18	65.86	66.05	65.95	65.90	65.95	65.75	65.10
68.00	68.79	69.02	68.98	69.24	69.34	68.88	68.04	68.05	68.91	69.11	69.04	69.09	69.17	69.15	68.28	65.52	66.30	66.52	66.43	66.42	66.48	66.26	65.48	65.17	65.85	66.04	65.94	65.90	65.94	65.74	65.09
67.99	68.78	69.01	68.97	69.03	69.13	68.87	68.04	68.03	68.89	69.11	69.04	69.31	69.40	68.93	68.07	65.51	66.29	66.51	66.43	66.42	66.48	66.25	65.47	65.16	65.84	66.03	65.94	65.90	65.94	65.73	65.08
67.99	68.77	69.00	68.97	69.26	69.35	68.86	68.03	68.02	68.88	69.10	69.04	69.34	69.42	68.91	68.04	65.50	66.28	66.50	66.42	66.42	66.47	66.24	65.47	65.15	65.83	66.03	65.94	65.90	65.93	65.73	65.07
67.98	68.77	69.00	68.97	69.03	69.13	68.86	68.02	68.01	68.87	69.10	69.05	69.35	69.42	68.89	68.03	65.49	66.27	66.50	66.42	66.42	66.47	66.23	65.46	65.14	65.82	66.02	65.93	65.89	65.93	65.72	65.07
67.98	68.76	69.00	68.97	69.27	69.35	68.85	68.02	68.23	69.09	69.09	69.05	69.36	69.43	68.88	68.02	65.48	66.26	66.49	66.42	66.42	66.47	66.22	65.45	65.13	65.81	66.01	65.93	65.89	65.92	65.71	65.06
67.97	68.76	68.99	68.97	69.05	69.13	68.84	68.01	68.25	69.12	69.09	69.05	69.37	69.43	69.11	68.24	65.47	66.25	66.48	66.42	66.42	66.46	66.21	65.44	65.12	65.80	66.00	65.93	65.89	65.91	65.70	65.05
67.97	68.75	68.99	68.97	69.27	69.35	68.84	68.00	68.26	69.12	69.08	69.05	69.37	69.43	69.13	68.26	65.47	66.24	66.48	66.42	66.42	66.46	66.21	65.44	65.11	65.79	65.99	65.92	65.89	65.91	65.69	65.04
67.96	68.75	68.99	68.97	69.30	69.37	68.83	68.00	68.26	69.12	69.08	69.05	69.37	69.43	69.14	68.27	65.46	66.24	66.47	66.42	66.42	66.45	66.20	65.43	65.10	65.78	65.98	65.92	65.89	65.90	65.68	65.04
67.96	68.74	68.98	68.97	69.31	69.38	68.83	67.99	68.26	69.12	69.08	69.05	69.38	69.43	69.14	68.27	65.45	66.23	66.46	66.41	66.41	66.45	66.19	65.42	65.09	65.77	65.98	65.92	65.88	65.90	65.68	65.03
67.96	68.74	68.98	68.98	69.32	69.38	68.82	67.99	68.02	68.87	69.32	69.29	69.38	69.43	69.14	68.27	65.44	66.22	66.46	66.41	66.41	66.44	66.19	65.42	65.09	65.76	65.97	65.91	65.88	65.89	65.67	65.02
67.95	68.73	69.22	69.22	69.32	69.38	68.82	67.98	67.99	68.85	69.34	69.32	69.38	69.42	69.13	68.27	65.44	66.21	66.45	66.41	66.41	66.44	66.18	65.41	65.08	65.75	65.96	65.91	65.88	65.88	65.66	65.02
67.94	68.73	69.25	69.26	69.33	69.38	68.81	67.98	67.97	68.83	69.35	69.34	69.39	69.42	68.89	68.03	65.43	66.20	66.45	66.41	66.41	66.43	66.17	65.40	65.07	65.74	65.95	65.91	65.88	65.88	65.65	65.01
67.94	68.73	69.27	69.27	69.33	69.38	68.80	67.97	68.19	69.05	69.36	69.35	69.39	69.42	68.85	67.99	65.42	66.19	66.44	66.41	66.41	66.43	66.16	65.40	65.06	65.73	65.95	65.90	65.87	65.87	65.65	65.00
67.93	68.72	69.04	69.05	69.09	69.14	68.79	67.96	68.21	69.07	69.36	69.36	69.39	69.41	69.07	68.21	65.41	66.18	66.44	66.41	66.41	66.42	66.15	65.39	65.05	65.72	65.94	65.90	65.87	65.87	65.64	64.99
67.93	68.72	69.25	69.26	69.07	69.11	68.79	67.96	68.21	69.07	69.37	69.36	69.39	69.41	69.08	68.22	65.40	66.17	66.43	66.41	66.41	66.42	66.15	65.38	65.04	65.71	65.93	65.90	65.87	65.86	65.63	64.99
67.93	68.71	69.03	69.04	69.05	69.09	68.78	67.95	68.21	69.08	69.36	69.36	69.39	69.40	69.09	68.22	65.40	66.17	66.43	66.41	66.41	66.41	66.14	65.37	65.04	65.70	65.92	65.89	65.86	65.86	65.62	64.98
67.92	68.71	69.25	69.26	69.04	69.07	68.77	67.95	68.21	69.07	69.36	69.37	69.39	69.40	69.09	68.22	65.39	66.16	66.42	66.41	66.41	66.41	66.13	65.37	65.03	65.69	65.92	65.89	65.86	65.85	65.61	64.97
67.92	68.71	69.02	69.04	69.03	69.06	68.77	67.94	68.21	69.07	69.36	69.37	69.39	69.39	69.08	68.22	65.38	66.15	66.42	66.41	66.40	66.40	66.13	65.36	65.02	65.68	65.91	65.89	65.86	65.85	65.61	64.97
68.15	68.94	69.00	69.02	69.03	69.05	68.76	67.93	68.20	69.07	69.36	69.37	69.39	69.39	69.08	68.22	65.38	66.14	66.41	66.41	66.40	66.40	66.12	65.36	65.01	65.67	65.90	65.88	65.86	65.84	65.60	64.96
67.94	68.73	68.99	69.01	69.03	69.05	68.76	67.93	68.20	69.06	69.36	69.37	69.39	69.38	69.07	68.21	65.37	66.14	66.41	66.41	66.40	66.39	66.11	65.35	65.00	65.66	65.90	65.88	65.85	65.84	65.59	64.95
68.15	68.95	68.98	69.01	69.02	69.04	68.75	67.92	68.20	69.06	69.35	69.37	69.38	69.38	69.07	68.21	65.36	66.13	66.40	66.40	66.40	66.39	66.10	65.34	65.00	65.65	65.89	65.88	65.85	65.83	65.59	64.95
67.94	68.73	68.98	69.00	69.02	69.04	68.74	67.92	68.19	69.06	69.35	69.37	69.38	69.38	69.06	68.20	65.36	66.12	66.40	66.40	66.40	66.38	66.10	65.34	64.99	65.65	65.88	65.87	65.85	65.82	65.58	64.94
68.16	68.95	68.97	69.00	69.02	69.03	68.74	67.91	68.19	69.05	69.35	69.37	69.38	69.37	69.06	68.20	65.35	66.11	66.39	66.40	66.39	66.38	66.09	65.33	64.98	65.64	65.88	65.87	65.85	65.82	65.57	64.93
68.17	68.97	68.97	69.00	69.02	69.03	68.73	67.91	68.18	69.05	69.34	69.37	69.38	69.37	69.05	68.19	65.34	66.11	66.39	66.40	66.39	66.37	66.08	65.32	64.97	65.63	65.87	65.87	65.84	65.81	65.56	64.93
67.94	68.73	68.96	69.00	69.02	69.02	68.73	67.90	68.18	69.04	69.34	69.37	69.38	69.36	69.04	68.18	65.33	66.10	66.38	66.40	66.39	66.37	66.08	65.32	64.97	65.62	65.86	65.86	65.84	65.81	65.56	64.92
67.92	68.71	68.96	69.00	69.02	69.02	68.72	67.90	68.17	69.03	69.33	69.37	69.38	69.36	69.04	68.18	65.33	66.09	66.38	66.39	66.39	66.36	66.07	65.31	64.96	65.61	65.86	65.86	65.84	65.80	65.55	64.91
68.14	68.93	69.20	69.24	69.01	69.01	68.71	67.89	68.17	69.03	69.33	69.37	69.14	69.11	69.03	68.17	65.32	66.08	66.37	66.39	66.39	66.36	66.06	65.30	64.95	65.60	65.85	65.86	65.83	65.80	65.54	64.91
67.92	68.71	69.23	69.27	69.01	69.01	68.71	67.88	68.16	69.02	69.33	69.37	69.11	69.08	69.02	68.17	65.31	66.08	66.37	66.39	66.38	66.35	66.05	65.30	64.94	65.60	65.84	65.85	65.83	65.79	65.54	64.90
68.13	68.93	69.24	69.29	69.01	69.00	68.70	67.88	68.16	69.02	69.33	69.37	69.09	69.06	69.02	68.16	65.31	66.07	66.36	66.39	66.38	66.34	66.05	65.29	64.94	65.59	65.84	65.85	65.83	65.79	65.53	64.89
68.15	68.94	69.01	69.06	69.01	69.00	68.69	67.87	68.15	69.01	69.33	69.37	69.32	69.28	68.77	67.92	65.30	66.06	66.35	66.38	66.38	66.34	66.04	65.28	64.93	65.58	65.83	65.85	65.83	65.78	65.52	64.89
68.15	68.95	68.98	69.03	69.01	68.99	68.69	67.86	68.15	69.01	69.32	69.37	69.34	69.30	68.74	67.88	65.29	66.05	66.35	66.38	66.37	66.33	66.03	65.27	64.92	65.57	65.83	65.84	65.82	65.78	65.52	64.88
67.92	68.71	68.97	69.02	69.01	68.99	68.68	67.86	68.14	69.00	69.32	69.36	69.35	69.31	68.95	68.10	65.29	66.05	66.34	66.38	66.37	66.33	66.02	65.27	64.91	65.56	65.82	65.84	65.82	65.77	65.51	64.88
68.13	68.92	68.96	69.01	69.01	68.99	68.67	67.85	68.14	69.00	69.31	69.36	69.36	69.31	68.97	68.11	65.28	66.04	66.34	66.38	66.37	66.32	66.02	65.26	64.91	65.56	65.81	65.84	65.82	65.77	65.50	64.87
67.90	68.69	68.95	69.01	69.01	68.98	68.67	67.85	68.13	68.99	69.31	69.36	69.36	69.31	68.97	68.11	65.27	66.03	66.33	66.38	66.37	66.32	66.01	65.25	64.90	65.55	65.81	65.83	65.81	65.76	65.50	64.86
67.88	68.67	68.95	69.00	69.00	68.98	68.66	67.84	68.12	68.99	69.31	69.36	69.36	69.31	68.97	68.11	65.27	66.03	66.33	66.37	66.37	66.32	66.00	65.25	64.89	65.54	65.80	65.83	65.81	65.76	65.49	64.86
67.86	68.65	68.94	69.00	69.00	68.98	68.66	67.84	68.12	68.98	69.30	69.36	69.36	69.31	68.97	68.11	65.26	66.02	66.32	66.37	66.37	66.31	66.00	65.24	64.89	65.53	65.80	65.83	65.81	65.75	65.48	64.85
68.08	68.88	68.94	69.00	69.00	68.97	68.65	67.83	67.88	68.74	69.30	69.36	69.36	69.31	68.96	68.11	65.25	66.01	66.32	66.37	66.36	66.31	65.99	65.24	64.88	65.53	65.79	65.82	65.81	65.75	65.48	64.85
68.10	68.90	68.93	69.00	69.00	68.97	68.65	67.83	67.85	68.71	69.29	69.36	69.36	69.30	68.96	68.10	65.24	66.00	66.31	66.37	66.36	66.30	65.99	65.23	64.87	65.52	65.78	65.82	65.80	65.74	65.47	64.84
68.11	68.91	68.93	68.99	69.00	68.97	68.64	67.82	67.83	68.68	69.29	69.36	69.36	69.30	68.95	68.10	65.24	65.99	66.31	66.36	66.36	66.30	65.98	65.23	64.87	65.51	65.78	65.82	65.80	65.74	65.46	64.83
68.11	68.91	68.93	68.99	69.00	68.96	68.64	67.82	67.81	68.67	69.28	69.35	69.36	69.30	68.95	68.09	65.23	65.99	66.30	66.36	66.36	66.29	65.97	65.22	64.86	65.50	65.77	65.81	65.80	65.73	65.46	64.83
68.11	68.91	68.92	68.99	69.00	68.96	68.63	67.81	67.80	68.66	69.04	69.11	69.12	69.06	68.94	68.09	65.22	65.98	66.30	66.36	66.35	66.29	65.97	65.21	64.85	65.50	65.77	65.81	65.79	65.73	65.45	64.82
68.11	68.91	68.92	68.99	68.99	68.95	68.63	67.80	67.79	68.65	69.01	69.08	69.09	69.02	68.70	67.85	65.21	65.97	66.29	66.35	66.35	66.28	65.96	65.21	64.85	65.49	65.76	65.81	65.79	65.72	65.45	64.82
68.11	68.91	68.92	68.98	68.99	68.95	68.62	67.80	67.78	68.64	68.98	69.06	69.07	69.00	68.66	67.81	65.21	65.96	66.29	66.35	66.35	66.28	65.95	65.20	64.84	65.48	65.76	65.80	65.79	65.72	65.44	64.81
68.11	68.90	68.91	68.98	68.99	68.94	68.61	67.79	67.77	68.63	69.21	69.29	69.06	68.98	68.64	67.79	65.20	65.96	66.28	66.35	66.34	66.27	65.94	65.19	64.83	65.47	65.75	65.80	65.78	65.71	65.43	64.80
68.10	68.90	68.91	68.98	68.99	68.94	68.61	67.78	67.77	68.62	69.23	69.31	69.29	69.21	68.86	68.01	65.19	65.95	66.28	66.34	66.34	66.27	65.94	65.18	64.83	65.47	65.74	65.80	65.78	65.71	65.43	64.80
68.10	68.90	68.91	68.98	68.98	68.93	68.60	67.78	67.76	68.62	69.24	69.32	69.31	69.23	68.88	68.02	65.19	65.94	66.27	66.34	66.34	66.26	65.93	65.18	64.82	65.46	65.74	65.79	65.78	65.71	65.42	64.79
68.09	68.89	68.90	68.98	68.98	68.93	68.83	68.01	67.75	68.61	69.24	69.33	69.32	69.24	68.89	68.03	65.18	65.93	66.27	66.34	66.34	66.26	65.93	65.17	64.81	65.45	65.73	65.79	65.78	65.70	65.42	64.79
68.09	68.89	68.90	68.98	69.22	69.17	68.86	68.03	67.75	68.61	69.24	69.33	69.33	69.25	68.89	68.03	65.17	65.93	66.26	66.34	66.33	66.25	65.92	65.17	64.81	65.45	65.73	65.79	65.77	65.70	65.41	64.78
68.09	68.89	68.90	68.98	69.26	69.20	68.87	68.05	67.74	68.60	69.24	69.33	69.34	69.25	68.89	68.03	65.17	65.92	66.26	66.34	66.33	66.25	65.92	65.16	64.80	65.44	65.72	65.78	65.77	65.69	65.40	64.77
68.08	68.88	68.90	68.98	69.27	69.21	68.64	67.82	67.74	68.60	69.24	69.33	69.34	69.25	68.89	68.03	65.16	65.91	66.25	66.33	66.33	66.25	65.91	65.16	64.79	65.43	65.72	65.78	65.77	65.69	65.40	64.77
68.08	68.88	69.14	69.22	69.28	69.22	68.62	67.79	67.73	68.59	69.24	69.33	69.34	69.25	68.88	68.03	65.15	65.91	66.25	66.33	66.33	66.24	65.90	65.15	64.79	65.43	65.71	65.78	65.76	65.68	65.39	64.76
68.07	68.88	69.16	69.25	69.04	68.98	68.60	67.77	67.73	68.58	69.24	69.33	69.34	69.25	68.88	68.02	65.15	65.90	66.25	66.33	66.33	66.24	65.90	65.15	64.78	65.42	65.71	65.77	65.76	65.68	65.39	64.76
68.07	68.87	69.18	69.27	69.02	68.95	68.59	67.76	67.72	68.58	69.23	69.33	69.34	69.25	68.87	68.02	65.14	65.90	66.24	66.33	66.32	66.23	65.89	65.14	64.78	65.41	65.70	65.77	65.76	65.67	65.38	64.75
68.07	68.87	69.19	69.28	69.01	68.94	68.82	67.99	67.71	68.57	69.23	69.33	69.34	69.24	68.87	68.01	65.14	65.89	66.24	66.32	66.32	66.23	65.89	65.14	64.77	65.41	65.70	65.77	65.75	65.67	65.37	64.75
68.06	68.87	69.19	69.28	69.00	68.93	68.84	68.01	67.71	68.57	69.23	69.33	69.34	69.24	68.62	67.77	65.13	65.88	66.23	66.32	66.32	66.23	65.88	65.13	64.76	65.40	65.69	65.76	65.75	65.66	65.37	64.74
68.06	68.86	68.95	69.04	68.99	68.92	68.85	68.02	67.70	68.56	69.23	69.33	69.33	69.23	68.59	67.74	65.12	65.88	66.23	66.32	66.32	66.22	65.87	65.12	64.76	65.39	65.69	65.76	65.75	65.66	65.36	64.74
68.05	68.86	68.92	69.02	69.23	69.15	68.85	68.02	67.70	68.56	69.22	69.33	69.33	69.23	68.58	67.72	65.12	65.87	66.22	66.32	66.31	66.22	65.87	65.11	64.75	65.39	65.68	65.76	65.74	65.66	65.36	64.73
68.05	68.85	68.91	69.00	69.25	69.18	68.85	68.02	67.69	68.55	69.22	69.33	69.33	69.23	68.56	67.71	65.11	65.86	66.22	66.31	66.31	66.21	65.86	65.11	64.75	65.38	65.68	65.75	65.74	65.65	65.35	64.72
68.04	68.85	69.14	69.24	69.27	69.19	68.85	68.02	67.69	68.55	69.22	69.33	69.33	69.22	68.55	67.70	65.11	65.86	66.21	66.31	66.31	66.21	65.85	65.10	64.74	65.38	65.67	65.75	65.74	65.65	65.35	64.72
68.04	68.85	69.16	69.26	69.27	69.20	68.85	68.02	67.68	68.54	69.21	69.32	69.09	68.98	68.54	67.69	65.10	65.85	66.21	66.31	66.30	66.20	65.85	65.09	64.73	65.37	65.67	65.75	65.74	65.64	65.34	64.71
68.04	68.84	69.17	69.27	69.28	69.20	68.85	68.01	67.68	68.54	69.21	69.32	69.06	68.95	68.53	67.68	65.09	65.85	66.21	66.31	66.30	66.20	65.84	65.09	64.73	65.36	65.66	65.74	65.73	65.64	65.34	64.71
68.03	68.84	69.17	69.28	69.28	69.20	68.84	68.01	67.67	68.53	69.21	69.32	69.04	68.93	68.53	67.68	65.09	65.84	66.20	66.30	66.30	66.19	65.83	65.08	64.72	65.36	65.66	65.74	65.73	65.63	65.33	64.70
68.03	68.83	69.18	69.28	69.28	69.20	68.84	68.00	67.66	68.53	69.20	69.32	69.03	68.92	68.52	67.67	65.08	65.83	66.20	66.30	66.29	66.19	65.83	65.08	64.72	65.35	65.65	65.74	65.73	65.63	65.32	64.70
68.02	68.83	69.18	69.28	69.28	69.20	68.83	68.00	67.66	68.52	69.20	69.32	69.02	68.91	68.51	67.66	65.08	65.83	66.19	66.30	66.29	66.18	65.82	65.07	64.71	65.35	65.65	65.73	65.72	65.62	65.32	64.69
68.02	68.83	68.93	69.04	69.28	69.19	68.83	68.00	67.65	68.51	68.95	69.07	69.02	68.90	68.51	67.66	65.07	65.82	66.19	66.29	66.28	66.17	65.82	65.06	64.70	65.34	65.64	65.73	65.72	65.62	65.31	64.69
68.01	68.82	68.90	69.01	69.28	69.19	68.83	67.99	67.65	68.51	68.92	69.04	69.01	68.89	68.50	67.65	65.06	65.82	66.18	66.29	66.28	66.17	65.81	65.06	64.70	65.33	65.64	65.73	65.72	65.62	65.31	64.68
68.01	68.82	69.12	69.23	69.28	69.19	68.82	67.99	67.64	68.50	68.90	69.02	69.01	68.89	68.49	67.65	65.06	65.81	66.17	66.28	66.28	66.16	65.80	65.05	64.69	65.33	65.63	65.72	65.71	65.61	65.30	64.68
68.00	68.81	69.14	69.25	69.28	69.19	68.82	67.98	67.64	68.50	68.89	69.01	69.00	68.88	68.49	67.64	65.05	65.80	66.17	66.28	66.27	66.16	65.80	65.05	64.69	65.32	65.63	65.72	65.71	65.61	65.30	64.67
68.00	68.81	69.15	69.26	69.27	69.18	68.81	67.98	67.63	68.49	68.88	69.00	69.00	68.88	68.48	67.63	65.05	65.80	66.16	66.27	66.27	66.15	65.79	65.04	64.68	65.32	65.62	65.72	65.71	65.60	65.29	64.67
68.00	68.81	69.15	69.27	69.27	69.18	68.81	67.98	67.63	68.49	68.87	69.00	68.99	68.87	68.48	67.63	65.04	65.79	66.16	66.27	66.27	66.15	65.79	65.04	64.68	65.31	65.62	65.71	65.70	65.60	65.29	64.66
67.99	68.80	69.15	69.26	69.27	69.18	68.81	67.97	67.62	68.48	68.87	68.99	68.99	68.87	68.47	67.62	65.04	65.79	66.15	66.27	66.26	66.14	65.78	65.03	64.67	65.30	65.61	65.71	65.70	65.59	65.28	64.65
67.99	68.80	69.15	69.26	69.27	69.17	68.80	67.97	67.62	68.48	68.86	68.99	68.99	68.86	68.47	67.62	65.03	65.78	66.15	66.26	66.26	66.14	65.77	65.02	64.67	65.30	65.61	65.70	65.70	65.59	65.28	64.65
67.98	68.80	69.15	69.27	69.27	69.17	68.80	67.96	67.61	68.47	68.86	68.98	68.98	68.86	68.46	67.61	65.02	65.78	66.14	66.26	66.26	66.14	65.77	65.02	64.66	65.29	65.60	65.70	65.69	65.58	65.27	64.64
67.98	68.79	69.15	69.26	69.27	69.17	68.79	67.96	67.61	68.47	68.85	68.98	68.98	68.85	68.46	67.61	65.02	65.77	66.14	66.26	66.25	66.13	65.76	65.01	64.65	65.29	65.60	65.70	65.69	65.58	65.27	64.64
67.97	68.79	69.15	69.26	69.27	69.17	68.79	67.95	67.60	68.46	68.85	68.98	68.98	68.85	68.45	67.60	65.01	65.76	66.13	66.25	66.25	66.13	65.76	65.01	64.65	65.28	65.60	65.69	65.69	65.58	65.26	64.63
67.97	68.78	69.14	69.26	69.26	69.16	68.79	67.95	67.60	68.45	68.84	68.97	68.97	68.85	68.45	67.60	65.01	65.76	66.13	66.25	66.25	66.12	65.75	65.00	64.64	65.28	65.59	65.69	65.68	65.57	65.25	64.63
67.96	68.78	69.14	69.26	69.26	69.16	68.78	67.94	67.59	68.45	68.84	68.97	68.97	68.84	68.44	67.59	65.00	65.75	66.12	66.24	66.24	66.12	65.75	65.00	64.64	65.27	65.59	65.69	65.68	65.57	65.25	64.63
67.96	68.77	69.14	69.26	69.26	69.16	68.78	67.94	67.59	68.44	68.83	68.97	68.97	68.84	68.43	67.59	65.00	65.75	66.12	66.24	66.24	66.12	65.74	64.99	64.63	65.27	65.58	65.68	65.68	65.57	65.25	64.62
67.96	68.77	69.13	69.26	69.26	69.15	68.77	67.94	67.58	68.44	68.83	68.97	68.97	68.83	68.43	67.58	64.99	65.74	66.11	66.24	66.24	66.11	65.74	64.99	64.63	65.26	65.58	65.68	65.67	65.56	65.24	64.61
67.95	68.77	69.13	69.26	69.26	69.15	68.77	67.93	67.58	68.44	68.83	68.96	68.96	68.83	68.42	67.58	64.99	65.74	66.11	66.24	66.23	66.10	65.73	64.98	64.62	65.25	65.57	65.68	65.67	65.56	65.23	64.61
67.95	68.76	69.13	69.26	69.25	69.15	68.77	67.93	67.57	68.43	68.82	68.96	68.96	68.82	68.42	67.57	64.98	65.73	66.11	66.23	66.23	66.10	65.73	64.98	64.62	65.25	65.57	65.67	65.67	65.55	65.23	64.60
67.94	68.76	69.13	69.25	69.25	69.14	68.76	67.92	67.57	68.43	68.82	68.96	68.96	68.82	68.42	67.57	64.98	65.73	66.10	66.23	66.23	66.10	65.72	64.97	64.61	65.24	65.56	65.67	65.66	65.55	65.22	64.60
67.94	68.76	69.12	69.25	69.25	69.14	68.76	67.92	67.56	68.42	68.82	68.95	68.95	68.82	68.41	67.56	64.97	65.72	66.10	66.23	66.22	66.09	65.72	64.97	64.61	65.24	65.56	65.67	65.66	65.54	65.22	64.59
67.94	68.75	69.12	69.25	69.25	69.14	68.75	67.92	67.56	68.42	68.81	68.95	68.95	68.81	68.40	67.56	64.97	65.72	66.09	66.22	66.22	66.09	65.71	64.96	64.60	65.23	65.55	65.66	65.66	65.54	65.21	64.59
68.19	68.94	68.59	68.95	69.43	68.92	68.54	67.76	67.10	68.78	69.38	69.28	68.85	69.24	68.75	67.78	64.87	65.51	65.97	66.47	66.00	65.43	65.77	65.15	64.78	65.09	65.46	65.65	65.80	65.48	65.35	64.04
67.93	68.75	69.11	69.24	69.25	69.13	68.74	67.91	67.55	68.41	68.80	68.94	68.95	68.80	68.39	67.55	64.96	65.71	66.08	66.21	66.21	66.08	65.70	64.95	64.59	65.22	65.55	65.66	65.65	65.53	65.20	64.58
67.92	68.74	69.11	69.24	69.24	69.13	68.74	67.90	67.54	68.40	68.80	68.94	68.94	68.80	68.39	67.54	64.95	65.70	66.08	66.21	66.21	66.07	65.69	64.95	64.59	65.22	65.54	65.65	65.65	65.53	65.20	64.57
67.92	68.74	69.11	69.24	69.24	69.12	68.74	67.90	67.54	68.40	68.80	68.94	68.94	68.80	68.39	67.54	64.95	65.70	66.07	66.21	66.21	66.07	65.69	64.94	64.58	65.21	65.54	65.65	65.64	65.52	65.19	64.57
67.92	68.73	69.11	69.24	69.24	69.12	68.73	67.89	67.53	68.39	68.79	68.93	68.94	68.79	68.38	67.53	64.94	65.69	66.07	66.20	66.20	66.07	65.68	64.94	64.58	65.21	65.53	65.65	65.64	65.52	65.19	64.57
67.91	68.73	69.10	69.24	69.24	69.12	68.73	67.89	67.53	68.39	68.79	68.93	68.93	68.79	68.38	67.53	64.94	65.69	66.07	66.20	66.20	66.06	65.68	64.93	64.57	65.20	65.53	65.64	65.64	65.51	65.18	64.56
67.91	68.72	69.10	69.24	69.23	69.12	68.72	67.89	67.53	68.38	68.78	68.93	68.93	68.78	68.37	67.52	64.93	65.68	66.06	66.20	66.20	66.06	65.67	64.92	64.57	65.20	65.52	65.64	65.63	65.51	65.18	64.56
67.67	68.48	69.10	69.23	69.23	69.11	68.72	67.88	67.52	68.38	68.78	68.93	68.93	68.78	68.37	67.52	64.93	65.67	66.06	66.19	66.19	66.05	65.67	64.92	64.56	65.19	65.52	65.64	65.63	65.50	65.18	64.55
67.64	68.45	69.09	69.23	69.23	69.11	68.72	67.88	67.51	68.37	68.78	68.92	68.93	68.78	68.36	67.51	64.92	65.67	66.05	66.19	66.19	66.05	65.66	64.92	64.56	65.19	65.52	65.63	65.63	65.50	65.17	64.55
67.61	68.42	69.09	69.23	69.23	69.10	68.71	67.87	67.51	68.37	68.77	68.92	68.92	68.77	68.36	67.51	64.92	65.66	66.05	66.19	66.19	66.04	65.66	64.91	64.55	65.18	65.51	65.63	65.62	65.50	65.17	64.54
67.60	68.41	69.09	69.23	69.22	69.10	68.71	67.87	67.50	68.36	68.77	68.92	68.92	68.77	68.35	67.50	64.91	65.66	66.04	66.18	66.18	66.04	65.65	64.91	64.55	65.18	65.51	65.62	65.62	65.49	65.16	64.54
67.59	68.40	69.08	69.22	69.22	69.10	68.70	67.86	67.49	68.35	68.76	68.91	68.92	68.77	68.35	67.50	64.91	65.65	66.04	66.18	66.18	66.04	65.65	64.90	64.54	65.17	65.50	65.62	65.62	65.49	65.16	64.53
67.58	68.39	69.08	69.22	68.98	68.85	68.70	67.86	67.49	68.35	68.76	68.91	68.91	68.76	68.34	67.49	64.90	65.65	66.04	66.18	66.18	66.03	65.64	64.90	64.54	65.17	65.50	65.62	65.61	65.48	65.15	64.53
67.57	68.38	69.08	69.22	68.94	68.82	68.69	67.86	67.48	68.34	68.76	68.91	68.91	68.76	68.34	67.49	64.90	65.64	66.03	66.17	66.17	66.03	65.64	64.89	64.53	65.16	65.49	65.61	65.61	65.48	65.15	64.52
67.56	68.38	69.07	69.21	68.92	68.80	68.69	67.85	67.48	68.34	68.75	68.90	68.90	68.75	68.33	67.49	64.89	65.64	66.03	66.17	66.17	66.02	65.63	64.89	64.53	65.16	65.49	65.61	65.61	65.48	65.14	64.52
67.56	68.37	69.07	69.21	68.91	68.79	68.68	67.85	67.47	68.33	68.75	68.90	68.90	68.74	68.33	67.48	64.89	65.63	66.02	66.17	66.17	66.02	65.63	64.88	64.52	65.15	65.49	65.61	65.60	65.47	65.14	64.51
67.55	68.37	69.06	69.21	68.90	68.78	68.68	67.84	67.47	68.32	68.74	68.90	68.89	68.74	68.32	67.48	64.88	65.63	66.02	66.16	66.16	66.02	65.63	64.88	64.52	65.15	65.48	65.60	65.60	65.47	65.13	64.51
67.55	68.36	69.06	69.21	68.89	68.76	68.67	67.84	67.46	68.32	68.74	68.90	68.89	68.74	68.32	67.47	64.88	65.62	66.02	66.16	66.16	66.01	65.62	64.87	64.52	65.14	65.47	65.60	65.59	65.46	65.13	64.50
67.54	68.35	68.81	68.96	68.89	68.76	68.67	67.83	67.46	68.32	68.74	68.89	68.89	68.73	68.32	67.47	64.87	65.62	66.01	66.16	66.16	66.01	65.62	64.87	64.51	65.14	65.47	65.60	65.59	65.46	65.12	64.50
67.53	68.35	68.78	68.93	68.88	68.75	68.67	67.83	67.45	68.31	68.73	68.89	68.88	68.73	68.31	67.46	64.87	65.61	66.01	66.15	66.15	66.00	65.61	64.86	64.51	65.13	65.47	65.59	65.59	65.46	65.12	64.50
67.53	68.34	68.76	68.91	68.87	68.75	68.66	67.83	67.45	68.30	68.73	68.88	68.88	68.72	68.31	67.46	64.86	65.61	66.00	66.15	66.15	66.00	65.61	64.86	64.50	65.13	65.47	65.59	65.59	65.45	65.11	64.49
67.52	68.34	68.75	68.89	68.87	68.74	68.66	67.82	67.44	68.30	68.72	68.88	68.87	68.71	68.30	67.45	64.86	65.61	66.00	66.15	66.14	65.99	65.60	64.85	64.49	65.12	65.46	65.58	65.58	65.45	65.11	64.49
67.52	68.33	68.74	68.88	68.86	68.74	68.65	67.82	67.44	68.29	68.71	68.87	68.87	68.71	68.30	67.45	64.85	65.60	65.99	66.14	66.14	65.99	65.60	64.85	64.49	65.12	65.46	65.58	65.58	65.44	65.10	64.48
67.51	68.33	68.73	68.87	68.86	68.73	68.65	67.81	67.43	68.29	68.71	68.87	68.87	68.71	68.29	67.44	64.85	65.60	65.99	66.14	66.14	65.99	65.59	64.84	64.49	65.11	65.45	65.58	65.58	65.44	65.10	64.48
67.51	68.32	68.72	68.86	68.86	68.73	68.64	67.81	67.43	68.28	68.71	68.86	68.86	68.70	68.29	67.44	64.84	65.59	65.98	66.14	66.13	65.98	65.59	64.84	64.48	65.11	65.45	65.57	65.57	65.44	65.10	64.47
67.50	68.31	68.72	68.86	68.85	68.72	68.64	67.81	67.42	68.28	68.70	68.86	68.86	68.70	68.28	67.43	64.84	65.58	65.98	66.13	66.13	65.98	65.58	64.84	64.48	65.10	65.44	65.57	65.57	65.43	65.09	64.47
