pcb_LC_0	352.7355
pcb_LC_1	353.7974
pcb_LC_2	354.2741
pcb_LC_3	354.4687
pcb_LC_4	354.4685
pcb_LC_5	354.2734
pcb_LC_6	353.7963
pcb_LC_7	352.7338
pcb_LC_8	352.8855
pcb_LC_9	354.2686
pcb_LC_10	354.9309
pcb_LC_11	355.2049
pcb_LC_12	355.2046
pcb_LC_13	354.9299
pcb_LC_14	354.2669
pcb_LC_15	352.8833
pcb_LC_16	353.1023
pcb_LC_17	354.6656
pcb_LC_18	355.4003
pcb_LC_19	355.6984
pcb_LC_20	355.6980
pcb_LC_21	355.3991
pcb_LC_22	354.6636
pcb_LC_23	353.0999
pcb_LC_24	353.3820
pcb_LC_25	354.8446
pcb_LC_26	355.4669
pcb_LC_27	355.7082
pcb_LC_28	355.7078
pcb_LC_29	355.4658
pcb_LC_30	354.8429
pcb_LC_31	353.3797
solder_LC_0	354.6404
solder_LC_1	354.7832
solder_LC_2	355.0068
solder_LC_3	355.1405
solder_LC_4	355.1403
solder_LC_5	355.0061
solder_LC_6	354.7818
solder_LC_7	354.6382
solder_LC_8	355.0038
solder_LC_9	355.3935
solder_LC_10	355.7475
solder_LC_11	355.9400
solder_LC_12	355.9395
solder_LC_13	355.7462
solder_LC_14	355.3915
solder_LC_15	355.0008
solder_LC_16	355.4771
solder_LC_17	356.1381
solder_LC_18	356.5838
solder_LC_19	356.8042
solder_LC_20	356.8035
solder_LC_21	356.5820
solder_LC_22	356.1351
solder_LC_23	355.4730
solder_LC_24	355.9346
solder_LC_25	356.6803
solder_LC_26	357.0907
solder_LC_27	357.2792
solder_LC_28	357.2784
solder_LC_29	357.0887
solder_LC_30	356.6769
solder_LC_31	355.9294
sub_LC_0	354.6329
sub_LC_1	354.8256
sub_LC_2	355.0814
sub_LC_3	355.2310
sub_LC_4	355.2307
sub_LC_5	355.0807
sub_LC_6	354.8243
sub_LC_7	354.6309
sub_LC_8	355.0412
sub_LC_9	355.4536
sub_LC_10	355.8302
sub_LC_11	356.0342
sub_LC_12	356.0338
sub_LC_13	355.8290
sub_LC_14	355.4516
sub_LC_15	355.0383
sub_LC_16	355.7077
sub_LC_17	356.3603
sub_LC_18	356.8226
sub_LC_19	357.0531
sub_LC_20	357.0523
sub_LC_21	356.8207
sub_LC_22	356.3572
sub_LC_23	355.7030
sub_LC_24	356.6194
sub_LC_25	357.3510
sub_LC_26	357.7835
sub_LC_27	357.9862
sub_LC_28	357.9852
sub_LC_29	357.7811
sub_LC_30	357.3466
sub_LC_31	356.6109
layer_3_LC_0	354.3717
layer_3_LC_1	355.0528
layer_3_LC_2	355.6338
layer_3_LC_3	355.9344
layer_3_LC_4	355.9343
layer_3_LC_5	355.6334
layer_3_LC_6	355.0522
layer_3_LC_7	354.3709
layer_3_LC_8	355.1516
layer_3_LC_9	355.9040
layer_3_LC_10	356.5397
layer_3_LC_11	356.8669
layer_3_LC_12	356.8665
layer_3_LC_13	356.5387
layer_3_LC_14	355.9026
layer_3_LC_15	355.1494
layer_3_LC_16	357.4793
layer_3_LC_17	358.2748
layer_3_LC_18	358.9374
layer_3_LC_19	359.2765
layer_3_LC_20	359.2750
layer_3_LC_21	358.9345
layer_3_LC_22	358.2703
layer_3_LC_23	357.4699
layer_3_LC_24	363.2268
layer_3_LC_25	364.0183
layer_3_LC_26	364.6600
layer_3_LC_27	364.9907
layer_3_LC_28	364.9864
layer_3_LC_29	364.6527
layer_3_LC_30	364.0053
layer_3_LC_31	363.1843
layer_4_TB_0	354.2754
layer_4_TB_1	354.9568
layer_4_TB_2	355.5376
layer_4_TB_3	355.8380
layer_4_TB_4	355.8378
layer_4_TB_5	355.5372
layer_4_TB_6	354.9562
layer_4_TB_7	354.2746
layer_4_TB_8	355.0542
layer_4_TB_9	355.8069
layer_4_TB_10	356.4422
layer_4_TB_11	356.7692
layer_4_TB_12	356.7688
layer_4_TB_13	356.4413
layer_4_TB_14	355.8054
layer_4_TB_15	355.0520
layer_4_TB_16	357.3768
layer_4_TB_17	358.1723
layer_4_TB_18	358.8345
layer_4_TB_19	359.1733
layer_4_TB_20	359.1718
layer_4_TB_21	358.8316
layer_4_TB_22	358.1678
layer_4_TB_23	357.3674
layer_4_TB_24	363.1332
layer_4_TB_25	363.9243
layer_4_TB_26	364.5653
layer_4_TB_27	364.8956
layer_4_TB_28	364.8913
layer_4_TB_29	364.5581
layer_4_TB_30	363.9113
layer_4_TB_31	363.0907
layer_5_B_0	353.3120
layer_5_B_1	353.9968
layer_5_B_2	354.5752
layer_5_B_3	354.8735
layer_5_B_4	354.8734
layer_5_B_5	354.5748
layer_5_B_6	353.9962
layer_5_B_7	353.3112
layer_5_B_8	354.0798
layer_5_B_9	354.8351
layer_5_B_10	355.4675
layer_5_B_11	355.7920
layer_5_B_12	355.7917
layer_5_B_13	355.4666
layer_5_B_14	354.8337
layer_5_B_15	354.0777
layer_5_B_16	356.3513
layer_5_B_17	357.1466
layer_5_B_18	357.8044
layer_5_B_19	358.1401
layer_5_B_20	358.1386
layer_5_B_21	357.8015
layer_5_B_22	357.1423
layer_5_B_23	356.3423
layer_5_B_24	362.1984
layer_5_B_25	362.9858
layer_5_B_26	363.6195
layer_5_B_27	363.9457
layer_5_B_28	363.9413
layer_5_B_29	363.6123
layer_5_B_30	362.9730
layer_5_B_31	362.1555
layer_6_TB_0	353.1769
layer_6_TB_1	353.8624
layer_6_TB_2	354.4404
layer_6_TB_3	354.7383
layer_6_TB_4	354.7382
layer_6_TB_5	354.4400
layer_6_TB_6	353.8618
layer_6_TB_7	353.1761
layer_6_TB_8	353.9427
layer_6_TB_9	354.6987
layer_6_TB_10	355.3307
layer_6_TB_11	355.6549
layer_6_TB_12	355.6546
layer_6_TB_13	355.3298
layer_6_TB_14	354.6974
layer_6_TB_15	353.9407
layer_6_TB_16	356.2038
layer_6_TB_17	356.9996
layer_6_TB_18	357.6568
layer_6_TB_19	357.9921
layer_6_TB_20	357.9906
layer_6_TB_21	357.6539
layer_6_TB_22	356.9953
layer_6_TB_23	356.1949
layer_6_TB_24	361.9958
layer_6_TB_25	362.7830
layer_6_TB_26	363.4163
layer_6_TB_27	363.7420
layer_6_TB_28	363.7376
layer_6_TB_29	363.4091
layer_6_TB_30	362.7704
layer_6_TB_31	361.9539
layer_7_B_32	351.8259
layer_7_B_33	352.5179
layer_7_B_34	353.0919
layer_7_B_35	353.3863
layer_7_B_36	353.3862
layer_7_B_37	353.0916
layer_7_B_38	352.5174
layer_7_B_39	351.8252
layer_7_B_40	352.5717
layer_7_B_41	353.3349
layer_7_B_42	353.9629
layer_7_B_43	354.2836
layer_7_B_44	354.2832
layer_7_B_45	353.9621
layer_7_B_46	353.3336
layer_7_B_47	352.5698
layer_7_B_48	354.7278
layer_7_B_49	355.5285
layer_7_B_50	356.1803
layer_7_B_51	356.5113
layer_7_B_52	356.5099
layer_7_B_53	356.1776
layer_7_B_54	355.5245
layer_7_B_55	354.7199
layer_7_B_56	359.9702
layer_7_B_57	360.7564
layer_7_B_58	361.3857
layer_7_B_59	361.7058
layer_7_B_60	361.7013
layer_7_B_61	361.3785
layer_7_B_62	360.7459
layer_7_B_63	359.9395
layer_8_TB_0	351.6528
layer_8_TB_1	352.3458
layer_8_TB_2	352.9192
layer_8_TB_3	353.2131
layer_8_TB_4	353.2130
layer_8_TB_5	352.9188
layer_8_TB_6	352.3452
layer_8_TB_7	351.6520
layer_8_TB_8	352.3957
layer_8_TB_9	353.1601
layer_8_TB_10	353.7876
layer_8_TB_11	354.1078
layer_8_TB_12	354.1074
layer_8_TB_13	353.7868
layer_8_TB_14	353.1588
layer_8_TB_15	352.3938
layer_8_TB_16	354.5368
layer_8_TB_17	355.3384
layer_8_TB_18	355.9896
layer_8_TB_19	356.3201
layer_8_TB_20	356.3186
layer_8_TB_21	355.9869
layer_8_TB_22	355.3345
layer_8_TB_23	354.5290
layer_8_TB_24	359.7328
layer_8_TB_25	360.5193
layer_8_TB_26	361.1479
layer_8_TB_27	361.4673
layer_8_TB_28	361.4628
layer_8_TB_29	361.1408
layer_8_TB_30	360.5090
layer_8_TB_31	359.7031
layer_9_B_64	349.9211
layer_9_B_65	350.6239
layer_9_B_66	351.1916
layer_9_B_67	351.4805
layer_9_B_68	351.4804
layer_9_B_69	351.1912
layer_9_B_70	350.6233
layer_9_B_71	349.9204
layer_9_B_72	350.6356
layer_9_B_73	351.4119
layer_9_B_74	352.0344
layer_9_B_75	352.3499
layer_9_B_76	352.3495
layer_9_B_77	352.0336
layer_9_B_78	351.4107
layer_9_B_79	350.6338
layer_9_B_80	352.6259
layer_9_B_81	353.4374
layer_9_B_82	354.0822
layer_9_B_83	354.4072
layer_9_B_84	354.4058
layer_9_B_85	354.0797
layer_9_B_86	353.4339
layer_9_B_87	352.6192
layer_9_B_88	357.3593
layer_9_B_89	358.1491
layer_9_B_90	358.7718
layer_9_B_91	359.0842
layer_9_B_92	359.0795
layer_9_B_93	358.7648
layer_9_B_94	358.1411
layer_9_B_95	357.3404
layer_10_TB_0	349.7108
layer_10_TB_1	350.4148
layer_10_TB_2	350.9818
layer_10_TB_3	351.2701
layer_10_TB_4	351.2699
layer_10_TB_5	350.9814
layer_10_TB_6	350.4143
layer_10_TB_7	349.7101
layer_10_TB_8	350.4216
layer_10_TB_9	351.1996
layer_10_TB_10	351.8216
layer_10_TB_11	352.1364
layer_10_TB_12	352.1361
layer_10_TB_13	351.8208
layer_10_TB_14	351.1984
layer_10_TB_15	350.4199
layer_10_TB_16	352.3928
layer_10_TB_17	353.2059
layer_10_TB_18	353.8499
layer_10_TB_19	354.1742
layer_10_TB_20	354.1728
layer_10_TB_21	353.8474
layer_10_TB_22	353.2024
layer_10_TB_23	352.3862
layer_10_TB_24	357.0877
layer_10_TB_25	357.8782
layer_10_TB_26	358.5002
layer_10_TB_27	358.8117
layer_10_TB_28	358.8070
layer_10_TB_29	358.4931
layer_10_TB_30	357.8704
layer_10_TB_31	357.0698
layer_11_B_96	347.6070
layer_11_B_97	348.3243
layer_11_B_98	348.8838
layer_11_B_99	349.1656
layer_11_B_100	349.1655
layer_11_B_101	348.8834
layer_11_B_102	348.3238
layer_11_B_103	347.6063
layer_11_B_104	348.2820
layer_11_B_105	349.0770
layer_11_B_106	349.6928
layer_11_B_107	350.0018
layer_11_B_108	350.0015
layer_11_B_109	349.6921
layer_11_B_110	349.0759
layer_11_B_111	348.2804
layer_11_B_112	350.0615
layer_11_B_113	350.8898
layer_11_B_114	351.5264
layer_11_B_115	351.8440
layer_11_B_116	351.8427
layer_11_B_117	351.5241
layer_11_B_118	350.8868
layer_11_B_119	350.0561
layer_11_B_120	354.3718
layer_11_B_121	355.1701
layer_11_B_122	355.7843
layer_11_B_123	356.0872
layer_11_B_124	356.0822
layer_11_B_125	355.7772
layer_11_B_126	355.1646
layer_11_B_127	354.3645
layer_12_TB_0	347.3604
layer_12_TB_1	348.0795
layer_12_TB_2	348.6380
layer_12_TB_3	348.9190
layer_12_TB_4	348.9189
layer_12_TB_5	348.6376
layer_12_TB_6	348.0790
layer_12_TB_7	347.3598
layer_12_TB_8	348.0313
layer_12_TB_9	348.8285
layer_12_TB_10	349.4436
layer_12_TB_11	349.7519
layer_12_TB_12	349.7516
layer_12_TB_13	349.4429
layer_12_TB_14	348.8274
layer_12_TB_15	348.0297
layer_12_TB_16	349.7878
layer_12_TB_17	350.6182
layer_12_TB_18	351.2539
layer_12_TB_19	351.5707
layer_12_TB_20	351.5694
layer_12_TB_21	351.2516
layer_12_TB_22	350.6152
layer_12_TB_23	349.7825
layer_12_TB_24	354.0668
layer_12_TB_25	354.8663
layer_12_TB_26	355.4795
layer_12_TB_27	355.7815
layer_12_TB_28	355.7765
layer_12_TB_29	355.4724
layer_12_TB_30	354.8610
layer_12_TB_31	354.0605
layer_13_B_128	344.8948
layer_13_B_129	345.6309
layer_13_B_130	346.1799
layer_13_B_131	346.4530
layer_13_B_132	346.4529
layer_13_B_133	346.1796
layer_13_B_134	345.6305
layer_13_B_135	344.8943
layer_13_B_136	345.5237
layer_13_B_137	346.3433
layer_13_B_138	346.9512
layer_13_B_139	347.2524
layer_13_B_140	347.2521
layer_13_B_141	346.9505
layer_13_B_142	346.3424
layer_13_B_143	345.5223
layer_13_B_144	347.0499
layer_13_B_145	347.9016
layer_13_B_146	348.5285
layer_13_B_147	348.8373
layer_13_B_148	348.8362
layer_13_B_149	348.5264
layer_13_B_150	347.8991
layer_13_B_151	347.0459
layer_13_B_152	351.0175
layer_13_B_153	351.8295
layer_13_B_154	352.4330
layer_13_B_155	352.7249
layer_13_B_156	352.7195
layer_13_B_157	352.4259
layer_13_B_158	351.8265
layer_13_B_159	351.0219
layer_14_TB_0	344.6133
layer_14_TB_1	345.3515
layer_14_TB_2	345.8993
layer_14_TB_3	346.1715
layer_14_TB_4	346.1714
layer_14_TB_5	345.8990
layer_14_TB_6	345.3510
layer_14_TB_7	344.6127
layer_14_TB_8	345.2375
layer_14_TB_9	346.0599
layer_14_TB_10	346.6669
layer_14_TB_11	346.9673
layer_14_TB_12	346.9671
layer_14_TB_13	346.6663
layer_14_TB_14	346.0590
layer_14_TB_15	345.2361
layer_14_TB_16	346.7369
layer_14_TB_17	347.5913
layer_14_TB_18	348.2171
layer_14_TB_19	348.5251
layer_14_TB_20	348.5240
layer_14_TB_21	348.2151
layer_14_TB_22	347.5888
layer_14_TB_23	346.7330
layer_14_TB_24	350.6070
layer_14_TB_25	351.4209
layer_14_TB_26	352.0225
layer_14_TB_27	352.3132
layer_14_TB_28	352.3080
layer_14_TB_29	352.0155
layer_14_TB_30	351.4179
layer_14_TB_31	350.6112
layer_15_B_160	341.7977
layer_15_B_161	342.5570
layer_15_B_162	343.0933
layer_15_B_163	343.3561
layer_15_B_164	343.3560
layer_15_B_165	343.0931
layer_15_B_166	342.5567
layer_15_B_167	341.7973
layer_15_B_168	342.3753
layer_15_B_169	343.2262
layer_15_B_170	343.8245
layer_15_B_171	344.1167
layer_15_B_172	344.1165
layer_15_B_173	343.8240
layer_15_B_174	343.2254
layer_15_B_175	342.3742
layer_15_B_176	343.6060
layer_15_B_177	344.4879
layer_15_B_178	345.1034
layer_15_B_179	345.4023
layer_15_B_180	345.4013
layer_15_B_181	345.1017
layer_15_B_182	344.4860
layer_15_B_183	343.6030
layer_15_B_184	346.5024
layer_15_B_185	347.3353
layer_15_B_186	347.9185
layer_15_B_187	348.1975
layer_15_B_188	348.1935
layer_15_B_189	347.9131
layer_15_B_190	347.3330
layer_15_B_191	346.5055
layer_16_TB_0	341.4825
layer_16_TB_1	342.2444
layer_16_TB_2	342.7793
layer_16_TB_3	343.0410
layer_16_TB_4	343.0409
layer_16_TB_5	342.7790
layer_16_TB_6	342.2440
layer_16_TB_7	341.4821
layer_16_TB_8	342.0551
layer_16_TB_9	342.9095
layer_16_TB_10	343.5068
layer_16_TB_11	343.7980
layer_16_TB_12	343.7978
layer_16_TB_13	343.5063
layer_16_TB_14	342.9088
layer_16_TB_15	342.0540
layer_16_TB_16	343.2563
layer_16_TB_17	344.1417
layer_16_TB_18	344.7559
layer_16_TB_19	345.0538
layer_16_TB_20	345.0529
layer_16_TB_21	344.7543
layer_16_TB_22	344.1398
layer_16_TB_23	343.2534
layer_16_TB_24	346.0603
layer_16_TB_25	346.8957
layer_16_TB_26	347.4768
layer_16_TB_27	347.7544
layer_16_TB_28	347.7505
layer_16_TB_29	347.4715
layer_16_TB_30	346.8934
layer_16_TB_31	346.0633
layer_17_B_192	338.3303
layer_17_B_193	339.1178
layer_17_B_194	339.6387
layer_17_B_195	339.8895
layer_17_B_196	339.8895
layer_17_B_197	339.6385
layer_17_B_198	339.1176
layer_17_B_199	338.3300
layer_17_B_200	338.8532
layer_17_B_201	339.7427
layer_17_B_202	340.3297
layer_17_B_203	340.6116
layer_17_B_204	340.6115
layer_17_B_205	340.3293
layer_17_B_206	339.7421
layer_17_B_207	338.8524
layer_17_B_208	339.7587
layer_17_B_209	340.6786
layer_17_B_210	341.2807
layer_17_B_211	341.5684
layer_17_B_212	341.5677
layer_17_B_213	341.2795
layer_17_B_214	340.6772
layer_17_B_215	339.7567
layer_17_B_216	341.6399
layer_17_B_217	342.4997
layer_17_B_218	343.0600
layer_17_B_219	343.3244
layer_17_B_220	343.3216
layer_17_B_221	343.0563
layer_17_B_222	342.4981
layer_17_B_223	341.6419
layer_18_TB_0	337.9829
layer_18_TB_1	338.7735
layer_18_TB_2	339.2927
layer_18_TB_3	339.5423
layer_18_TB_4	339.5422
layer_18_TB_5	339.2925
layer_18_TB_6	338.7732
layer_18_TB_7	337.9825
layer_18_TB_8	338.5007
layer_18_TB_9	339.3945
layer_18_TB_10	339.9802
layer_18_TB_11	340.2611
layer_18_TB_12	340.2609
layer_18_TB_13	339.9798
layer_18_TB_14	339.3939
layer_18_TB_15	338.4999
layer_18_TB_16	339.3749
layer_18_TB_17	340.2991
layer_18_TB_18	340.8998
layer_18_TB_19	341.1862
layer_18_TB_20	341.1856
layer_18_TB_21	340.8985
layer_18_TB_22	340.2977
layer_18_TB_23	339.3729
layer_18_TB_24	341.1670
layer_18_TB_25	342.0299
layer_18_TB_26	342.5878
layer_18_TB_27	342.8507
layer_18_TB_28	342.8480
layer_18_TB_29	342.5842
layer_18_TB_30	342.0283
layer_18_TB_31	341.1689
layer_19_B_224	334.5085
layer_19_B_225	335.3298
layer_19_B_226	335.8322
layer_19_B_227	336.0695
layer_19_B_228	336.0694
layer_19_B_229	335.8321
layer_19_B_230	335.3296
layer_19_B_231	334.5082
layer_19_B_232	334.9754
layer_19_B_233	335.9117
layer_19_B_234	336.4852
layer_19_B_235	336.7557
layer_19_B_236	336.7555
layer_19_B_237	336.4849
layer_19_B_238	335.9113
layer_19_B_239	334.9749
layer_19_B_240	335.5365
layer_19_B_241	336.5032
layer_19_B_242	337.0897
layer_19_B_243	337.3648
layer_19_B_244	337.3644
layer_19_B_245	337.0889
layer_19_B_246	336.5023
layer_19_B_247	335.5354
layer_19_B_248	336.4383
layer_19_B_249	337.3316
layer_19_B_250	337.8659
layer_19_B_251	338.1139
layer_19_B_252	338.1124
layer_19_B_253	337.8638
layer_19_B_254	337.3306
layer_19_B_255	336.4393
layer_20_TB_0	334.1304
layer_20_TB_1	334.9553
layer_20_TB_2	335.4558
layer_20_TB_3	335.6916
layer_20_TB_4	335.6916
layer_20_TB_5	335.4556
layer_20_TB_6	334.9551
layer_20_TB_7	334.1301
layer_20_TB_8	334.5923
layer_20_TB_9	335.5336
layer_20_TB_10	336.1057
layer_20_TB_11	336.3750
layer_20_TB_12	336.3749
layer_20_TB_13	336.1054
layer_20_TB_14	335.5332
layer_20_TB_15	334.5918
layer_20_TB_16	335.1212
layer_20_TB_17	336.0930
layer_20_TB_18	336.6779
layer_20_TB_19	336.9517
layer_20_TB_20	336.9513
layer_20_TB_21	336.6771
layer_20_TB_22	336.0921
layer_20_TB_23	335.1202
layer_20_TB_24	335.9355
layer_20_TB_25	336.8325
layer_20_TB_26	337.3641
layer_20_TB_27	337.6105
layer_20_TB_28	337.6091
layer_20_TB_29	337.3621
layer_20_TB_30	336.8315
layer_20_TB_31	335.9363
hsp_TB_0	330.3492
hsp_TB_1	331.2106
hsp_TB_2	331.6912
hsp_TB_3	331.9132
hsp_TB_4	331.9131
hsp_TB_5	331.6911
hsp_TB_6	331.2104
hsp_TB_7	330.3491
hsp_TB_8	330.7609
hsp_TB_9	331.7531
hsp_TB_10	332.3107
hsp_TB_11	332.5685
hsp_TB_12	332.5684
hsp_TB_13	332.3106
hsp_TB_14	331.7529
hsp_TB_15	330.7607
hsp_TB_16	330.9680
hsp_TB_17	331.9910
hsp_TB_18	332.5593
hsp_TB_19	332.8207
hsp_TB_20	332.8205
hsp_TB_21	332.5590
hsp_TB_22	331.9906
hsp_TB_23	330.9676
hsp_TB_24	330.9073
hsp_TB_25	331.8414
hsp_TB_26	332.3463
hsp_TB_27	332.5762
hsp_TB_28	332.5759
hsp_TB_29	332.3457
hsp_TB_30	331.8411
hsp_TB_31	330.9073
hsink_TB_0	328.9539
hsink_TB_1	329.6956
hsink_TB_2	330.1477
hsink_TB_3	330.3609
hsink_TB_4	330.3609
hsink_TB_5	330.1476
hsink_TB_6	329.6955
hsink_TB_7	328.9538
hsink_TB_8	329.2503
hsink_TB_9	330.1104
hsink_TB_10	330.6371
hsink_TB_11	330.8856
hsink_TB_12	330.8856
hsink_TB_13	330.6370
hsink_TB_14	330.1102
hsink_TB_15	329.2501
hsink_TB_16	329.3246
hsink_TB_17	330.2032
hsink_TB_18	330.7379
hsink_TB_19	330.9894
hsink_TB_20	330.9893
hsink_TB_21	330.7378
hsink_TB_22	330.2031
hsink_TB_23	329.3244
hsink_TB_24	329.1388
hsink_TB_25	329.9227
hsink_TB_26	330.3924
hsink_TB_27	330.6119
hsink_TB_28	330.6118
hsink_TB_29	330.3923
hsink_TB_30	329.9226
hsink_TB_31	329.1387
inode_0	326.8387
inode_1	326.8386
inode_2	327.5545
inode_3	327.3165
inode_4	326.7997
inode_5	326.7996
inode_6	327.5204
inode_7	327.2860
inode_8	325.5860
inode_9	325.5859
inode_10	326.0351
inode_11	325.8379
inode_12	354.9972
inode_13	354.9936
inode_14	355.7287
inode_15	353.8917
inode_16	354.9758
inode_17	354.9722
inode_18	355.7194
inode_19	353.8869
inode_20	351.0751
inode_21	351.0729
inode_22	354.4791
inode_23	352.8911
inode_24	340.1156
inode_25	340.1141
inode_26	340.9473
inode_27	339.9508
