pcb_C_0	327.2633
pcb_C_1	327.9308
pcb_C_2	328.2289
pcb_C_3	328.3548
pcb_C_4	328.3652
pcb_C_5	328.2661
pcb_C_6	328.0063
pcb_C_7	327.3424
pcb_C_8	326.9672
pcb_C_9	327.5453
pcb_C_10	327.8513
pcb_C_11	327.9934
pcb_C_12	328.0049
pcb_C_13	327.8881
pcb_C_14	327.6099
pcb_C_15	327.0399
pcb_C_16	326.5226
pcb_C_17	326.7744
pcb_C_18	326.9697
pcb_C_19	327.0782
pcb_C_20	327.0872
pcb_C_21	326.9969
pcb_C_22	326.8196
pcb_C_23	326.5815
pcb_C_24	326.2023
pcb_C_25	326.2046
pcb_C_26	326.2880
pcb_C_27	326.3502
pcb_C_28	326.3558
pcb_C_29	326.3051
pcb_C_30	326.2339
pcb_C_31	326.2476
solder_C_0	327.6059
solder_C_1	328.2225
solder_C_2	328.5238
solder_C_3	328.6550
solder_C_4	328.6655
solder_C_5	328.5668
solder_C_6	328.3350
solder_C_7	327.7202
solder_C_8	327.2828
solder_C_9	327.8098
solder_C_10	328.1208
solder_C_11	328.2691
solder_C_12	328.2811
solder_C_13	328.1595
solder_C_14	327.8816
solder_C_15	327.3646
solder_C_16	326.5419
solder_C_17	326.7131
solder_C_18	326.9179
solder_C_19	327.0349
solder_C_20	327.0439
solder_C_21	326.9451
solder_C_22	326.7584
solder_C_23	326.6025
solder_C_24	326.1412
solder_C_25	326.0610
solder_C_26	326.1561
solder_C_27	326.2275
solder_C_28	326.2332
solder_C_29	326.1733
solder_C_30	326.0903
solder_C_31	326.1876
sub_C_0	327.6976
sub_C_1	328.3151
sub_C_2	328.6212
sub_C_3	328.7549
sub_C_4	328.7649
sub_C_5	328.6649
sub_C_6	328.4472
sub_C_7	327.8309
sub_C_8	327.3801
sub_C_9	327.9187
sub_C_10	328.2352
sub_C_11	328.3858
sub_C_12	328.3980
sub_C_13	328.2739
sub_C_14	327.9898
sub_C_15	327.4620
sub_C_16	326.4522
sub_C_17	326.6544
sub_C_18	326.8692
sub_C_19	326.9894
sub_C_20	326.9983
sub_C_21	326.8963
sub_C_22	326.6993
sub_C_23	326.5117
sub_C_24	326.0316
sub_C_25	325.9910
sub_C_26	326.0979
sub_C_27	326.1731
sub_C_28	326.1789
sub_C_29	326.1151
sub_C_30	326.0202
sub_C_31	326.0770
layer_3_C_0	328.5265
layer_3_C_1	329.2072
layer_3_C_2	329.5542
layer_3_C_3	329.7080
layer_3_C_4	329.7125
layer_3_C_5	329.6011
layer_3_C_6	329.5334
layer_3_C_7	328.8445
layer_3_C_8	328.3156
layer_3_C_9	329.0128
layer_3_C_10	329.3826
layer_3_C_11	329.5555
layer_3_C_12	329.5700
layer_3_C_13	329.4211
layer_3_C_14	329.0729
layer_3_C_15	328.3930
layer_3_C_16	325.5422
layer_3_C_17	326.0481
layer_3_C_18	326.3605
layer_3_C_19	326.5116
layer_3_C_20	326.5203
layer_3_C_21	326.3861
layer_3_C_22	326.0889
layer_3_C_23	325.5920
layer_3_C_24	324.9838
layer_3_C_25	325.3018
layer_3_C_26	325.5219
layer_3_C_27	325.6333
layer_3_C_28	325.6392
layer_3_C_29	325.5393
layer_3_C_30	325.3297
layer_3_C_31	325.0206
layer_4_TB_0	328.3677
layer_4_TB_1	329.0491
layer_4_TB_2	329.3965
layer_4_TB_3	329.5504
layer_4_TB_4	329.5554
layer_4_TB_5	329.4430
layer_4_TB_6	329.3585
layer_4_TB_7	328.6700
layer_4_TB_8	328.1593
layer_4_TB_9	328.8564
layer_4_TB_10	329.2267
layer_4_TB_11	329.3996
layer_4_TB_12	329.4138
layer_4_TB_13	329.2650
layer_4_TB_14	328.9170
layer_4_TB_15	328.2365
layer_4_TB_16	325.5403
layer_4_TB_17	326.0466
layer_4_TB_18	326.3591
layer_4_TB_19	326.5102
layer_4_TB_20	326.5189
layer_4_TB_21	326.3847
layer_4_TB_22	326.0874
layer_4_TB_23	325.5900
layer_4_TB_24	324.9826
layer_4_TB_25	325.3010
layer_4_TB_26	325.5211
layer_4_TB_27	325.6326
layer_4_TB_28	325.6385
layer_4_TB_29	325.5386
layer_4_TB_30	325.3289
layer_4_TB_31	325.0193
hsp_TB_0	326.7801
hsp_TB_1	327.4684
hsp_TB_2	327.8185
hsp_TB_3	327.9740
hsp_TB_4	327.9837
hsp_TB_5	327.8620
hsp_TB_6	327.6098
hsp_TB_7	326.9252
hsp_TB_8	326.5973
hsp_TB_9	327.2928
hsp_TB_10	327.6680
hsp_TB_11	327.8408
hsp_TB_12	327.8526
hsp_TB_13	327.7042
hsp_TB_14	327.3582
hsp_TB_15	326.6725
hsp_TB_16	325.5206
hsp_TB_17	326.0314
hsp_TB_18	326.3450
hsp_TB_19	326.4964
hsp_TB_20	326.5050
hsp_TB_21	326.3705
hsp_TB_22	326.0722
hsp_TB_23	325.5703
hsp_TB_24	324.9702
hsp_TB_25	325.2928
hsp_TB_26	325.5138
hsp_TB_27	325.6256
hsp_TB_28	325.6315
hsp_TB_29	325.5313
hsp_TB_30	325.3207
hsp_TB_31	325.0069
hsink_TB_0	326.1354
hsink_TB_1	326.7972
hsink_TB_2	327.1466
hsink_TB_3	327.3025
hsink_TB_4	327.3134
hsink_TB_5	327.1855
hsink_TB_6	326.8787
hsink_TB_7	326.2231
hsink_TB_8	326.0018
hsink_TB_9	326.6717
hsink_TB_10	327.0467
hsink_TB_11	327.2195
hsink_TB_12	327.2305
hsink_TB_13	327.0816
hsink_TB_14	326.7322
hsink_TB_15	326.0703
hsink_TB_16	325.4472
hsink_TB_17	325.9547
hsink_TB_18	326.2683
hsink_TB_19	326.4197
hsink_TB_20	326.4282
hsink_TB_21	326.2937
hsink_TB_22	325.9954
hsink_TB_23	325.4966
hsink_TB_24	324.9580
hsink_TB_25	325.2817
hsink_TB_26	325.5031
hsink_TB_27	325.6148
hsink_TB_28	325.6207
hsink_TB_29	325.5205
hsink_TB_30	325.3095
hsink_TB_31	324.9946
inode_0	324.4594
inode_1	324.5119
inode_2	323.9216
inode_3	325.3089
inode_4	324.4453
inode_5	324.4976
inode_6	323.9146
inode_7	325.2971
inode_8	323.8785
inode_9	323.9261
inode_10	323.2515
inode_11	324.4749
inode_12	326.8216
inode_13	326.8962
inode_14	325.8941
inode_15	327.9881
inode_16	326.8195
inode_17	326.8939
inode_18	325.8939
inode_19	327.9873
inode_20	326.2709
inode_21	326.3339
inode_22	325.8406
inode_23	327.8829
inode_24	324.3748
inode_25	324.4231
inode_26	323.6558
inode_27	325.1179
