pcb_C_0	322.1606
pcb_C_1	322.6023
pcb_C_2	322.8788
pcb_C_3	322.7680
pcb_C_4	322.6918
pcb_C_5	322.6169
pcb_C_6	322.4766
pcb_C_7	322.0994
pcb_C_8	321.9413
pcb_C_9	322.3936
pcb_C_10	322.6345
pcb_C_11	322.6357
pcb_C_12	322.5736
pcb_C_13	322.4652
pcb_C_14	322.2661
pcb_C_15	321.8621
pcb_C_16	321.6756
pcb_C_17	321.9357
pcb_C_18	322.0871
pcb_C_19	322.1196
pcb_C_20	322.0835
pcb_C_21	321.9948
pcb_C_22	321.8440
pcb_C_23	321.6044
pcb_C_24	321.5048
pcb_C_25	321.5947
pcb_C_26	321.6642
pcb_C_27	321.6868
pcb_C_28	321.6662
pcb_C_29	321.6106
pcb_C_30	321.5305
pcb_C_31	321.4438
pcb_C_32	321.3931
pcb_C_33	321.3581
pcb_C_34	321.3626
pcb_C_35	321.3658
pcb_C_36	321.3531
pcb_C_37	321.3281
pcb_C_38	321.3108
pcb_C_39	321.3396
pcb_C_40	321.3108
pcb_C_41	321.1858
pcb_C_42	321.1430
pcb_C_43	321.1293
pcb_C_44	321.1209
pcb_C_45	321.1191
pcb_C_46	321.1492
pcb_C_47	321.2629
pcb_C_48	321.2343
pcb_C_49	321.0507
pcb_C_50	320.9834
pcb_C_51	320.9615
pcb_C_52	320.9561
pcb_C_53	320.9674
pcb_C_54	321.0237
pcb_C_55	321.1926
pcb_C_56	321.1063
pcb_C_57	320.9316
pcb_C_58	320.8803
pcb_C_59	320.8656
pcb_C_60	320.8633
pcb_C_61	320.8732
pcb_C_62	320.9180
pcb_C_63	321.0785
solder_C_0	322.3610
solder_C_1	322.8372
solder_C_2	323.3683
solder_C_3	323.0078
solder_C_4	322.8923
solder_C_5	322.8070
solder_C_6	322.6612
solder_C_7	322.2872
solder_C_8	322.1111
solder_C_9	322.5573
solder_C_10	322.8268
solder_C_11	322.7950
solder_C_12	322.7230
solder_C_13	322.6114
solder_C_14	322.4145
solder_C_15	322.0243
solder_C_16	321.7031
solder_C_17	321.9379
solder_C_18	322.0905
solder_C_19	322.1198
solder_C_20	322.0819
solder_C_21	321.9916
solder_C_22	321.8422
solder_C_23	321.6279
solder_C_24	321.5005
solder_C_25	321.5704
solder_C_26	321.6434
solder_C_27	321.6681
solder_C_28	321.6471
solder_C_29	321.5887
solder_C_30	321.5050
solder_C_31	321.4372
solder_C_32	321.3746
solder_C_33	321.3268
solder_C_34	321.3391
solder_C_35	321.3466
solder_C_36	321.3338
solder_C_37	321.3044
solder_C_38	321.2792
solder_C_39	321.3200
solder_C_40	321.2819
solder_C_41	321.1487
solder_C_42	321.1165
solder_C_43	321.1079
solder_C_44	321.0995
solder_C_45	321.0925
solder_C_46	321.1122
solder_C_47	321.2336
solder_C_48	321.1991
solder_C_49	321.0093
solder_C_50	320.9521
solder_C_51	320.9349
solder_C_52	320.9294
solder_C_53	320.9359
solder_C_54	320.9821
solder_C_55	321.1572
solder_C_56	321.0878
solder_C_57	320.9055
solder_C_58	320.8587
solder_C_59	320.8460
solder_C_60	320.8434
solder_C_61	320.8509
solder_C_62	320.8909
solder_C_63	321.0592
sub_C_0	322.4145
sub_C_1	322.8856
sub_C_2	323.6000
sub_C_3	323.0596
sub_C_4	322.9385
sub_C_5	322.8498
sub_C_6	322.7010
sub_C_7	322.3366
sub_C_8	322.1759
sub_C_9	322.6102
sub_C_10	322.8807
sub_C_11	322.8467
sub_C_12	322.7744
sub_C_13	322.6624
sub_C_14	322.4664
sub_C_15	322.0872
sub_C_16	321.6904
sub_C_17	321.9252
sub_C_18	322.0783
sub_C_19	322.1079
sub_C_20	322.0701
sub_C_21	321.9794
sub_C_22	321.8292
sub_C_23	321.6141
sub_C_24	321.4804
sub_C_25	321.5587
sub_C_26	321.6344
sub_C_27	321.6601
sub_C_28	321.6391
sub_C_29	321.5798
sub_C_30	321.4932
sub_C_31	321.4168
sub_C_32	321.3489
sub_C_33	321.3147
sub_C_34	321.3313
sub_C_35	321.3402
sub_C_36	321.3274
sub_C_37	321.2966
sub_C_38	321.2670
sub_C_39	321.2944
sub_C_40	321.2513
sub_C_41	321.1350
sub_C_42	321.1080
sub_C_43	321.1012
sub_C_44	321.0927
sub_C_45	321.0841
sub_C_46	321.0985
sub_C_47	321.2034
sub_C_48	321.1643
sub_C_49	320.9930
sub_C_50	320.9410
sub_C_51	320.9254
sub_C_52	320.9199
sub_C_53	320.9247
sub_C_54	320.9659
sub_C_55	321.1229
sub_C_56	321.0519
sub_C_57	320.8844
sub_C_58	320.8404
sub_C_59	320.8283
sub_C_60	320.8256
sub_C_61	320.8322
sub_C_62	320.8694
sub_C_63	321.0233
layer_3_C_0	322.8939
layer_3_C_1	323.3233
layer_3_C_2	325.8657
layer_3_C_3	323.5163
layer_3_C_4	323.3682
layer_3_C_5	323.2556
layer_3_C_6	323.0889
layer_3_C_7	322.7850
layer_3_C_8	322.7645
layer_3_C_9	323.1292
layer_3_C_10	323.3916
layer_3_C_11	323.3526
layer_3_C_12	323.2801
layer_3_C_13	323.1645
layer_3_C_14	322.9766
layer_3_C_15	322.6598
layer_3_C_16	321.5396
layer_3_C_17	321.7923
layer_3_C_18	321.9493
layer_3_C_19	321.9838
layer_3_C_20	321.9464
layer_3_C_21	321.8517
layer_3_C_22	321.6933
layer_3_C_23	321.4550
layer_3_C_24	321.2849
layer_3_C_25	321.4449
layer_3_C_26	321.5473
layer_3_C_27	321.5822
layer_3_C_28	321.5614
layer_3_C_29	321.4929
layer_3_C_30	321.3782
layer_3_C_31	321.2184
layer_3_C_32	321.1103
layer_3_C_33	321.1970
layer_3_C_34	321.2560
layer_3_C_35	321.2785
layer_3_C_36	321.2658
layer_3_C_37	321.2214
layer_3_C_38	321.1495
layer_3_C_39	321.0566
layer_3_C_40	320.9737
layer_3_C_41	321.0025
layer_3_C_42	321.0264
layer_3_C_43	321.0357
layer_3_C_44	321.0272
layer_3_C_45	321.0025
layer_3_C_46	320.9668
layer_3_C_47	320.9290
layer_3_C_48	320.8520
layer_3_C_49	320.8358
layer_3_C_50	320.8341
layer_3_C_51	320.8333
layer_3_C_52	320.8276
layer_3_C_53	320.8173
layer_3_C_54	320.8088
layer_3_C_55	320.8148
layer_3_C_56	320.7197
layer_3_C_57	320.6766
layer_3_C_58	320.6628
layer_3_C_59	320.6578
layer_3_C_60	320.6542
layer_3_C_61	320.6520
layer_3_C_62	320.6582
layer_3_C_63	320.6914
layer_4_TB_0	322.8318
layer_4_TB_1	323.2608
layer_4_TB_2	325.6504
layer_4_TB_3	323.4538
layer_4_TB_4	323.3061
layer_4_TB_5	323.1936
layer_4_TB_6	323.0269
layer_4_TB_7	322.7229
layer_4_TB_8	322.7028
layer_4_TB_9	323.0675
layer_4_TB_10	323.3294
layer_4_TB_11	323.2909
layer_4_TB_12	323.2184
layer_4_TB_13	323.1028
layer_4_TB_14	322.9149
layer_4_TB_15	322.5981
layer_4_TB_16	321.5392
layer_4_TB_17	321.7920
layer_4_TB_18	321.9489
layer_4_TB_19	321.9834
layer_4_TB_20	321.9461
layer_4_TB_21	321.8514
layer_4_TB_22	321.6929
layer_4_TB_23	321.4546
layer_4_TB_24	321.2846
layer_4_TB_25	321.4448
layer_4_TB_26	321.5472
layer_4_TB_27	321.5821
layer_4_TB_28	321.5613
layer_4_TB_29	321.4928
layer_4_TB_30	321.3781
layer_4_TB_31	321.2181
layer_4_TB_32	321.1100
layer_4_TB_33	321.1969
layer_4_TB_34	321.2559
layer_4_TB_35	321.2785
layer_4_TB_36	321.2657
layer_4_TB_37	321.2213
layer_4_TB_38	321.1494
layer_4_TB_39	321.0564
layer_4_TB_40	320.9734
layer_4_TB_41	321.0023
layer_4_TB_42	321.0263
layer_4_TB_43	321.0356
layer_4_TB_44	321.0272
layer_4_TB_45	321.0024
layer_4_TB_46	320.9666
layer_4_TB_47	320.9287
layer_4_TB_48	320.8517
layer_4_TB_49	320.8356
layer_4_TB_50	320.8340
layer_4_TB_51	320.8333
layer_4_TB_52	320.8275
layer_4_TB_53	320.8172
layer_4_TB_54	320.8086
layer_4_TB_55	320.8145
layer_4_TB_56	320.7193
layer_4_TB_57	320.6763
layer_4_TB_58	320.6626
layer_4_TB_59	320.6576
layer_4_TB_60	320.6540
layer_4_TB_61	320.6518
layer_4_TB_62	320.6579
layer_4_TB_63	320.6911
hsp_TB_0	322.2114
hsp_TB_1	322.6359
hsp_TB_2	323.4970
hsp_TB_3	322.8286
hsp_TB_4	322.6854
hsp_TB_5	322.5730
hsp_TB_6	322.4065
hsp_TB_7	322.1025
hsp_TB_8	322.0858
hsp_TB_9	322.4505
hsp_TB_10	322.7078
hsp_TB_11	322.6735
hsp_TB_12	322.6012
hsp_TB_13	322.4857
hsp_TB_14	322.2981
hsp_TB_15	321.9811
hsp_TB_16	321.5350
hsp_TB_17	321.7887
hsp_TB_18	321.9457
hsp_TB_19	321.9802
hsp_TB_20	321.9429
hsp_TB_21	321.8482
hsp_TB_22	321.6896
hsp_TB_23	321.4504
hsp_TB_24	321.2821
hsp_TB_25	321.4435
hsp_TB_26	321.5462
hsp_TB_27	321.5812
hsp_TB_28	321.5604
hsp_TB_29	321.4918
hsp_TB_30	321.3768
hsp_TB_31	321.2156
hsp_TB_32	321.1074
hsp_TB_33	321.1957
hsp_TB_34	321.2550
hsp_TB_35	321.2778
hsp_TB_36	321.2651
hsp_TB_37	321.2205
hsp_TB_38	321.1481
hsp_TB_39	321.0537
hsp_TB_40	320.9705
hsp_TB_41	321.0009
hsp_TB_42	321.0254
hsp_TB_43	321.0349
hsp_TB_44	321.0264
hsp_TB_45	321.0016
hsp_TB_46	320.9652
hsp_TB_47	320.9258
hsp_TB_48	320.8487
hsp_TB_49	320.8340
hsp_TB_50	320.8329
hsp_TB_51	320.8323
hsp_TB_52	320.8265
hsp_TB_53	320.8160
hsp_TB_54	320.8070
hsp_TB_55	320.8114
hsp_TB_56	320.7158
hsp_TB_57	320.6738
hsp_TB_58	320.6604
hsp_TB_59	320.6555
hsp_TB_60	320.6519
hsp_TB_61	320.6496
hsp_TB_62	320.6554
hsp_TB_63	320.6876
hsink_TB_0	321.9568
hsink_TB_1	322.3407
hsink_TB_2	322.7007
hsink_TB_3	322.5326
hsink_TB_4	322.4209
hsink_TB_5	322.3105
hsink_TB_6	322.1449
hsink_TB_7	321.8501
hsink_TB_8	321.8397
hsink_TB_9	322.1921
hsink_TB_10	322.4197
hsink_TB_11	322.4143
hsink_TB_12	322.3456
hsink_TB_13	322.2305
hsink_TB_14	322.0438
hsink_TB_15	321.7354
hsink_TB_16	321.5156
hsink_TB_17	321.7682
hsink_TB_18	321.9234
hsink_TB_19	321.9596
hsink_TB_20	321.9225
hsink_TB_21	321.8279
hsink_TB_22	321.6695
hsink_TB_23	321.4310
hsink_TB_24	321.2779
hsink_TB_25	321.4396
hsink_TB_26	321.5423
hsink_TB_27	321.5774
hsink_TB_28	321.5566
hsink_TB_29	321.4880
hsink_TB_30	321.3730
hsink_TB_31	321.2114
hsink_TB_32	321.1041
hsink_TB_33	321.1929
hsink_TB_34	321.2525
hsink_TB_35	321.2753
hsink_TB_36	321.2626
hsink_TB_37	321.2180
hsink_TB_38	321.1454
hsink_TB_39	321.0505
hsink_TB_40	320.9673
hsink_TB_41	320.9984
hsink_TB_42	321.0230
hsink_TB_43	321.0326
hsink_TB_44	321.0242
hsink_TB_45	320.9992
hsink_TB_46	320.9627
hsink_TB_47	320.9227
hsink_TB_48	320.8455
hsink_TB_49	320.8314
hsink_TB_50	320.8305
hsink_TB_51	320.8300
hsink_TB_52	320.8242
hsink_TB_53	320.8137
hsink_TB_54	320.8044
hsink_TB_55	320.8083
hsink_TB_56	320.7125
hsink_TB_57	320.6710
hsink_TB_58	320.6578
hsink_TB_59	320.6529
hsink_TB_60	320.6493
hsink_TB_61	320.6469
hsink_TB_62	320.6526
hsink_TB_63	320.6843
inode_0	320.9271
inode_1	320.8688
inode_2	320.3778
inode_3	321.8492
inode_4	320.9219
inode_5	320.8638
inode_6	320.3743
inode_7	321.8397
inode_8	320.6829
inode_9	320.6298
inode_10	320.1825
inode_11	321.5216
inode_12	321.5654
inode_13	321.5067
inode_14	320.9101
inode_15	322.7549
inode_16	321.5652
inode_17	321.5065
inode_18	320.9106
inode_19	322.7514
inode_20	321.4343
inode_21	321.3800
inode_22	320.8425
inode_23	322.4342
inode_24	320.6693
inode_25	320.6276
inode_26	320.2153
inode_27	321.4363
