C_0	C_1	C_2	C_3	C_4	C_5	C_6	C_7	C_8	C_9	C_10	C_11	C_12	C_13	C_14	C_15	C_16	C_17	C_18	C_19	C_20	C_21	C_22	C_23	C_24	C_25	C_26	C_27	C_28	C_29	C_30	C_31	
68.32	69.23	69.22	68.37	69.17	70.50	70.49	69.14	69.13	70.48	70.47	69.14	68.42	69.29	69.29	68.36	66.38	67.26	67.24	66.42	67.16	68.43	68.38	67.09	67.13	68.43	68.39	67.09	66.36	67.17	67.14	66.29
68.37	69.26	69.27	68.46	69.16	70.43	70.41	69.09	69.07	70.37	70.36	69.12	68.55	69.40	69.39	68.45	66.19	67.11	67.10	66.28	66.87	68.07	68.05	66.79	66.80	68.07	68.05	66.82	66.16	66.94	66.92	66.05
68.15	69.04	69.05	68.28	68.91	70.10	70.33	69.05	69.01	70.27	70.26	69.10	68.63	69.47	69.45	68.50	66.10	67.04	67.04	66.23	66.71	67.84	67.83	66.61	66.60	67.83	67.82	66.66	66.06	66.80	66.79	65.92
68.38	69.26	69.27	68.54	69.11	70.25	70.02	68.77	68.97	70.19	69.93	68.84	68.45	69.27	69.49	68.52	66.05	66.99	66.99	66.20	66.60	67.68	67.67	66.48	66.45	67.66	67.65	66.54	65.99	66.71	66.69	65.83
68.40	69.28	69.30	68.59	69.12	70.22	69.93	68.71	68.69	69.88	70.09	69.04	68.71	69.52	69.27	68.31	66.01	66.96	66.97	66.18	66.52	67.55	67.54	66.38	66.35	67.52	67.52	66.45	65.95	66.64	66.62	65.76
68.41	69.30	69.32	68.63	69.12	70.18	69.87	68.67	68.63	69.79	69.80	68.81	68.77	69.56	69.27	68.30	65.99	66.94	66.95	66.18	66.47	67.46	67.44	66.31	66.26	67.41	67.42	66.39	65.92	66.58	66.57	65.72
68.19	69.06	69.08	68.43	68.88	69.89	70.06	68.88	68.83	69.98	69.98	69.02	68.57	69.34	69.51	68.54	65.97	66.93	66.94	66.19	66.43	67.38	67.37	66.25	66.20	67.32	67.33	66.34	65.90	66.55	66.53	65.68
68.41	69.28	69.31	68.67	69.10	70.07	69.80	68.64	68.58	69.70	69.96	69.03	68.58	69.33	69.55	68.57	65.97	66.92	66.94	66.20	66.41	67.32	67.30	66.21	66.15	67.25	67.26	66.31	65.90	66.52	66.50	65.66
68.19	69.05	69.08	68.47	68.87	69.80	70.00	68.84	68.78	69.90	69.68	68.80	68.84	69.58	69.33	68.35	65.96	66.92	66.93	66.21	66.39	67.26	67.25	66.17	66.10	67.19	67.20	66.28	65.89	66.49	66.47	65.64
68.41	69.28	69.31	68.71	69.09	70.00	69.74	68.61	68.54	69.64	69.87	69.02	68.65	69.37	69.56	68.58	65.96	66.91	66.93	66.22	66.38	67.22	67.20	66.14	66.06	67.13	67.14	66.25	65.89	66.47	66.45	65.62
68.19	69.06	69.09	68.51	68.87	69.74	69.93	68.81	68.74	69.83	69.62	68.80	68.89	69.61	69.34	68.37	65.96	66.91	66.93	66.24	66.37	67.18	67.16	66.11	66.03	67.08	67.09	66.23	65.89	66.46	66.43	65.61
68.41	69.28	69.32	68.76	69.09	69.94	69.68	68.58	68.51	69.58	69.82	69.02	68.70	69.40	69.57	68.59	65.96	66.91	66.93	66.25	66.36	67.14	67.12	66.09	66.00	67.03	67.05	66.22	65.90	66.44	66.42	65.60
68.20	69.06	69.10	68.56	68.87	69.69	69.88	68.78	68.71	69.77	69.57	68.81	68.94	69.63	69.36	68.38	65.95	66.91	66.93	66.26	66.36	67.11	67.08	66.07	65.97	66.99	67.01	66.21	65.90	66.43	66.40	65.59
68.42	69.27	69.32	68.79	69.09	69.89	69.63	68.55	68.49	69.53	69.77	69.03	68.75	69.42	69.58	68.60	65.95	66.90	66.93	66.28	66.36	67.08	67.05	66.05	65.95	66.95	66.97	66.19	65.90	66.42	66.39	65.58
68.21	69.06	69.10	68.60	68.88	69.65	69.83	68.76	68.69	69.73	69.53	68.82	68.99	69.65	69.37	68.39	65.95	66.90	66.93	66.29	66.36	67.06	67.02	66.03	65.92	66.91	66.94	66.18	65.91	66.41	66.37	65.57
68.42	69.28	69.33	68.83	69.11	69.85	69.58	68.53	68.46	69.48	69.73	69.05	68.79	69.43	69.59	68.61	65.95	66.89	66.93	66.30	66.36	67.03	66.99	66.01	65.90	66.87	66.90	66.17	65.91	66.40	66.36	65.56
68.21	69.05	69.11	68.63	68.89	69.61	69.78	68.74	68.67	69.69	69.49	68.84	69.03	69.66	69.37	68.40	65.95	66.89	66.93	66.32	66.36	67.01	66.97	66.00	65.88	66.84	66.87	66.17	65.92	66.39	66.34	65.55
68.43	69.28	69.33	68.87	69.12	69.82	69.54	68.51	68.44	69.44	69.70	69.07	68.83	69.44	69.59	68.62	65.94	66.88	66.92	66.33	66.36	66.99	66.94	65.98	65.86	66.81	66.84	66.16	65.92	66.38	66.33	65.54
68.21	69.05	69.11	68.66	68.90	69.58	69.74	68.71	68.65	69.65	69.47	68.86	69.07	69.66	69.37	68.41	65.94	66.87	66.92	66.34	66.36	66.97	66.92	65.97	65.83	66.78	66.81	66.15	65.93	66.37	66.32	65.53
68.43	69.27	69.34	68.90	69.13	69.78	69.50	68.49	68.42	69.41	69.68	69.08	68.86	69.44	69.59	68.62	65.94	66.87	66.92	66.35	66.36	66.95	66.90	65.95	65.81	66.74	66.78	66.14	65.93	66.36	66.30	65.52
68.21	69.05	69.12	68.69	68.91	69.54	69.70	68.70	68.63	69.62	69.44	68.87	69.10	69.67	69.37	68.41	65.93	66.86	66.91	66.36	66.37	66.93	66.87	65.94	65.80	66.71	66.76	66.14	65.93	66.35	66.29	65.51
68.43	69.27	69.34	68.93	69.14	69.75	69.46	68.47	68.41	69.38	69.65	69.10	68.89	69.45	69.58	68.62	65.93	66.85	66.91	66.36	66.37	66.91	66.86	65.93	65.78	66.69	66.73	66.13	65.94	66.33	66.28	65.50
68.22	69.04	69.12	68.72	68.92	69.52	69.67	68.68	68.62	69.59	69.42	68.89	69.13	69.67	69.36	68.41	65.92	66.84	66.90	66.37	66.37	66.90	66.83	65.91	65.76	66.66	66.71	66.12	65.94	66.32	66.26	65.49
68.43	69.26	69.34	68.96	69.15	69.73	69.43	68.45	68.39	69.36	69.64	69.12	68.92	69.44	69.58	68.62	65.91	66.83	66.89	66.38	66.38	66.88	66.82	65.90	65.74	66.63	66.68	66.12	65.94	66.31	66.25	65.48
68.21	69.04	69.12	68.75	68.93	69.49	69.64	68.66	68.60	69.57	69.40	68.91	69.15	69.67	69.35	68.40	65.91	66.82	66.89	66.39	66.38	66.87	66.80	65.89	65.72	66.61	66.66	66.11	65.94	66.30	66.24	65.48
68.43	69.26	69.35	68.98	69.16	69.70	69.40	68.43	68.38	69.33	69.62	69.14	68.94	69.44	69.57	68.62	65.90	66.81	66.88	66.39	66.38	66.86	66.78	65.88	65.71	66.58	66.64	66.11	65.94	66.29	66.22	65.47
68.21	69.03	69.12	68.77	68.94	69.47	69.61	68.64	68.59	69.54	69.38	68.92	69.18	69.66	69.34	68.40	65.89	66.80	66.87	66.40	66.39	66.84	66.76	65.87	65.69	66.55	66.62	66.10	65.95	66.29	66.21	65.46
68.43	69.25	69.35	69.01	69.17	69.68	69.37	68.41	68.36	69.30	69.60	69.16	68.97	69.44	69.55	68.61	65.89	66.78	66.86	66.40	66.39	66.83	66.75	65.86	65.67	66.53	66.60	66.10	65.95	66.28	66.20	65.45
68.21	69.03	69.12	68.80	68.96	69.45	69.58	68.63	68.58	69.52	69.37	68.94	69.20	69.66	69.32	68.39	65.88	66.77	66.86	66.41	66.39	66.82	66.73	65.85	65.66	66.51	66.58	66.09	65.95	66.27	66.18	65.44
68.42	69.24	69.35	69.03	69.18	69.66	69.34	68.40	68.35	69.28	69.59	69.17	68.99	69.43	69.54	68.60	65.87	66.76	66.85	66.41	66.39	66.81	66.72	65.84	65.64	66.48	66.56	66.09	65.95	66.26	66.17	65.43
68.21	69.02	69.12	68.82	68.97	69.43	69.55	68.61	68.56	69.50	69.36	68.96	69.22	69.65	69.31	68.38	65.86	66.75	66.84	66.42	66.40	66.80	66.70	65.83	65.63	66.46	66.54	66.09	65.95	66.25	66.16	65.42
68.42	69.23	69.35	69.05	69.19	69.64	69.32	68.39	68.34	69.27	69.57	69.18	69.01	69.43	69.52	68.59	65.85	66.74	66.83	66.42	66.40	66.78	66.69	65.82	65.61	66.44	66.52	66.08	65.95	66.24	66.15	65.41
68.20	69.01	69.12	68.84	68.98	69.41	69.53	68.59	68.55	69.48	69.34	68.97	69.23	69.64	69.29	68.37	65.85	66.73	66.82	66.43	66.40	66.77	66.67	65.81	65.60	66.42	66.50	66.08	65.95	66.23	66.13	65.40
68.42	69.23	69.35	69.07	69.20	69.63	69.29	68.37	68.33	69.24	69.56	69.20	69.02	69.42	69.51	68.58	65.84	66.71	66.81	66.43	66.41	66.76	66.66	65.80	65.58	66.40	66.48	66.07	65.95	66.22	66.12	65.39
68.20	69.01	69.13	68.86	68.99	69.39	69.50	68.58	68.53	69.45	69.33	68.99	69.25	69.63	69.28	68.36	65.83	66.70	66.81	66.43	66.41	66.75	66.64	65.79	65.57	66.38	66.46	66.07	65.95	66.21	66.11	65.38
68.41	69.22	69.35	69.09	69.21	69.61	69.27	68.35	68.31	69.23	69.55	69.22	69.04	69.41	69.49	68.57	65.82	66.69	66.80	66.44	66.41	66.74	66.63	65.78	65.55	66.36	66.45	66.06	65.95	66.20	66.10	65.37
68.19	69.00	69.13	68.88	69.00	69.38	69.48	68.56	68.52	69.43	69.32	69.00	69.26	69.63	69.26	68.35	65.81	66.68	66.79	66.44	66.41	66.74	66.62	65.77	65.54	66.34	66.43	66.06	65.95	66.19	66.08	65.37
68.41	69.21	69.35	69.11	69.22	69.59	69.25	68.34	68.30	69.21	69.54	69.23	69.05	69.40	69.47	68.56	65.80	66.66	66.78	66.44	66.42	66.73	66.60	65.76	65.52	66.32	66.42	66.06	65.95	66.18	66.07	65.36
68.19	68.99	69.12	68.90	69.01	69.36	69.46	68.55	68.51	69.42	69.31	69.01	69.28	69.62	69.25	68.34	65.80	66.65	66.77	66.44	66.42	66.72	66.59	65.75	65.51	66.30	66.40	66.05	65.95	66.17	66.06	65.35
68.40	69.21	69.35	69.13	69.23	69.58	69.22	68.32	68.29	69.19	69.53	69.24	69.06	69.39	69.46	68.55	65.79	66.64	66.76	66.45	66.42	66.71	66.58	65.74	65.50	66.28	66.38	66.05	65.95	66.17	66.05	65.34
68.18	68.98	69.12	68.91	69.01	69.35	69.44	68.53	68.50	69.40	69.30	69.02	69.29	69.61	69.22	68.32	65.78	66.63	66.75	66.45	66.42	66.70	66.57	65.73	65.48	66.26	66.37	66.05	65.95	66.16	66.04	65.33
68.40	69.20	69.35	69.14	69.24	69.57	69.20	68.31	68.27	69.17	69.52	69.25	69.07	69.38	69.44	68.54	65.77	66.62	66.75	66.45	66.42	66.69	66.55	65.72	65.47	66.25	66.36	66.04	65.95	66.15	66.03	65.32
68.17	68.97	69.12	68.92	69.02	69.33	69.42	68.52	68.48	69.38	69.29	69.04	69.30	69.60	69.21	68.31	65.76	66.60	66.74	66.45	66.43	66.68	66.54	65.71	65.46	66.23	66.34	66.04	65.95	66.14	66.01	65.31
68.39	69.19	69.35	69.16	69.25	69.55	69.18	68.29	68.26	69.15	69.51	69.26	69.08	69.37	69.42	68.52	65.75	66.59	66.73	66.45	66.43	66.68	66.53	65.71	65.45	66.21	66.33	66.04	65.95	66.13	66.00	65.30
68.17	68.96	69.12	68.94	69.03	69.32	69.39	68.50	68.47	69.36	69.28	69.05	69.31	69.59	69.19	68.30	65.74	66.58	66.72	66.45	66.43	66.67	66.52	65.70	65.43	66.19	66.31	66.03	65.95	66.13	65.99	65.29
68.38	69.18	69.34	69.17	69.26	69.54	69.16	68.28	68.25	69.14	69.50	69.27	69.10	69.36	69.40	68.51	65.73	66.57	66.71	66.45	66.43	66.66	66.51	65.69	65.42	66.18	66.30	66.03	65.95	66.12	65.98	65.29
68.16	68.96	69.12	68.95	69.04	69.31	69.37	68.49	68.46	69.35	69.28	69.06	69.32	69.58	69.17	68.29	65.72	66.56	66.70	66.45	66.43	66.65	66.50	65.68	65.41	66.16	66.29	66.02	65.95	66.11	65.97	65.28
68.37	69.17	69.34	69.18	69.27	69.53	69.15	68.26	68.24	69.12	69.49	69.28	69.10	69.35	69.38	68.49	65.71	66.54	66.70	66.46	66.43	66.64	66.49	65.67	65.40	66.15	66.27	66.02	65.95	66.10	65.96	65.27
68.30	69.19	69.27	69.22	69.33	69.46	69.00	68.47	68.30	69.17	69.48	69.19	69.19	69.45	69.28	68.37	65.70	66.53	66.69	66.46	66.43	66.64	66.48	65.66	65.39	66.13	66.26	66.02	65.94	66.09	65.95	65.26
68.30	69.19	69.26	69.23	69.35	69.45	68.72	68.24	68.29	69.16	69.48	69.19	68.96	69.21	69.26	68.36	65.69	66.52	66.68	66.46	66.43	66.63	66.46	65.65	65.37	66.11	66.25	66.01	65.94	66.09	65.94	65.25
68.05	68.95	69.02	69.00	69.11	69.20	68.91	68.45	68.05	68.91	69.24	68.95	69.18	69.42	69.00	68.11	65.68	66.51	66.67	66.46	66.43	66.62	66.45	65.64	65.36	66.10	66.24	66.01	65.94	66.08	65.93	65.24
68.26	69.16	69.23	69.22	69.33	69.41	68.66	68.22	68.25	69.12	69.45	69.17	68.95	69.18	69.20	68.31	65.68	66.50	66.67	66.46	66.43	66.61	66.44	65.63	65.35	66.09	66.23	66.01	65.94	66.07	65.92	65.24
68.03	68.93	69.00	69.00	69.11	69.17	68.86	68.43	68.02	68.88	69.21	68.94	69.17	69.40	68.96	68.08	65.66	66.48	66.66	66.46	66.43	66.61	66.43	65.63	65.34	66.07	66.22	66.00	65.94	66.06	65.91	65.23
68.24	69.14	69.22	69.23	69.33	69.39	68.62	68.21	68.23	69.09	69.43	69.16	68.95	69.16	69.17	68.28	65.66	66.47	66.65	66.46	66.43	66.60	66.42	65.62	65.33	66.06	66.20	66.00	65.94	66.06	65.90	65.22
68.01	68.91	68.99	69.01	69.11	69.16	68.83	68.41	68.00	68.86	69.20	68.94	69.17	69.38	68.94	68.06	65.65	66.46	66.64	66.45	66.43	66.59	66.41	65.61	65.32	66.04	66.19	66.00	65.94	66.05	65.89	65.21
68.23	69.13	69.21	69.23	69.34	69.37	68.59	68.19	68.21	69.07	69.42	69.17	68.95	69.15	69.15	68.27	65.64	66.45	66.63	66.45	66.43	66.58	66.40	65.60	65.31	66.03	66.18	65.99	65.93	66.04	65.88	65.20
68.00	68.90	68.98	69.01	69.12	69.14	68.80	68.40	67.98	68.84	69.19	68.94	69.17	69.36	68.91	68.04	65.63	66.44	66.62	66.45	66.43	66.58	66.39	65.59	65.30	66.01	66.17	65.99	65.93	66.04	65.87	65.19
68.21	69.12	69.20	69.24	69.34	69.35	68.57	68.18	68.19	69.05	69.40	69.16	68.96	69.14	69.12	68.24	65.62	66.42	66.62	66.45	66.43	66.57	66.38	65.58	65.29	66.00	66.16	65.99	65.93	66.03	65.86	65.19
67.99	68.89	68.98	69.02	69.12	69.13	68.78	68.38	67.97	68.82	69.18	68.95	69.18	69.35	68.89	68.02	65.61	66.41	66.61	66.45	66.43	66.56	66.36	65.57	65.28	65.99	66.15	65.98	65.93	66.02	65.85	65.18
68.20	69.11	69.20	69.25	69.34	69.34	68.55	68.16	68.18	69.03	69.40	69.17	68.96	69.12	69.10	68.23	65.60	66.40	66.60	66.45	66.43	66.56	66.35	65.56	65.27	65.97	66.14	65.98	65.93	66.01	65.84	65.17
68.15	69.00	69.19	69.18	69.24	69.30	69.01	68.27	68.39	69.12	69.40	69.37	68.69	69.72	69.16	68.43	65.59	66.39	66.59	66.45	66.43	66.55	66.35	65.56	65.26	65.96	66.13	65.98	65.93	66.01	65.83	65.16
68.15	69.00	69.20	69.18	69.24	69.30	68.80	68.04	68.42	69.13	69.41	69.40	68.41	69.53	69.17	68.45	65.58	66.38	66.59	66.45	66.43	66.55	66.34	65.55	65.25	65.95	66.12	65.97	65.92	66.00	65.82	65.15
67.92	68.75	68.96	68.94	68.99	69.06	69.03	68.24	68.20	68.89	69.17	69.18	68.60	69.77	68.94	68.22	65.58	66.37	66.58	66.45	66.42	66.54	66.33	65.54	65.24	65.94	66.11	65.97	65.92	65.99	65.81	65.15
68.12	68.95	69.17	69.16	69.20	69.27	68.81	68.02	68.41	69.10	69.38	69.40	68.37	69.55	69.14	68.43	65.57	66.36	66.57	66.45	66.42	66.54	66.32	65.54	65.23	65.92	66.10	65.97	65.92	65.99	65.80	65.14
67.89	68.72	68.94	68.93	68.97	69.04	69.03	68.22	68.19	68.87	69.15	69.18	68.57	69.78	68.92	68.21	65.56	66.35	66.57	66.45	66.42	66.53	66.31	65.53	65.22	65.91	66.09	65.96	65.92	65.98	65.79	65.13
68.10	68.93	69.16	69.15	69.19	69.25	68.80	68.00	68.40	69.08	69.36	69.40	68.35	69.55	69.13	68.42	65.55	66.34	66.56	66.45	66.41	66.53	66.30	65.52	65.21	65.90	66.08	65.96	65.91	65.98	65.78	65.12
67.88	68.70	68.93	68.93	68.96	69.03	69.02	68.21	68.17	68.85	69.13	69.18	68.56	69.78	68.90	68.19	65.55	66.33	66.55	66.45	66.41	66.52	66.29	65.51	65.20	65.89	66.07	65.96	65.91	65.97	65.77	65.12
68.09	68.92	69.15	69.15	69.18	69.24	68.79	67.98	68.39	69.07	69.35	69.40	68.34	69.54	69.11	68.41	65.54	66.32	66.54	66.45	66.41	66.52	66.28	65.51	65.19	65.88	66.06	65.95	65.91	65.96	65.76	65.11
67.86	68.69	68.92	68.93	68.95	69.02	69.00	68.19	68.16	68.84	69.12	69.18	68.55	69.77	68.88	68.18	65.53	66.31	66.54	66.45	66.41	66.51	66.27	65.50	65.18	65.87	66.06	65.95	65.91	65.96	65.76	65.10
68.07	68.90	69.14	69.15	69.17	69.23	68.78	67.97	68.37	69.05	69.34	69.40	68.34	69.54	69.09	68.39	65.52	66.30	66.53	66.45	66.41	66.51	66.27	65.49	65.17	65.85	66.05	65.95	65.91	65.95	65.75	65.09
67.86	68.68	68.92	68.94	68.96	69.01	68.99	68.17	68.15	68.82	69.12	69.18	68.55	69.76	68.87	68.17	65.51	66.29	66.52	66.44	66.41	66.50	66.26	65.48	65.16	65.84	66.04	65.94	65.90	65.94	65.74	65.08
68.06	68.89	69.13	69.16	69.17	69.22	68.76	67.96	68.36	69.03	69.33	69.40	68.33	69.53	69.08	68.38	65.50	66.28	66.52	66.44	66.40	66.50	66.25	65.48	65.15	65.83	66.03	65.94	65.90	65.94	65.73	65.08
67.84	68.67	68.91	68.93	68.95	69.00	68.98	68.16	68.13	68.81	69.10	69.18	68.55	69.75	68.85	68.15	65.50	66.27	66.51	66.44	66.40	66.49	66.24	65.47	65.14	65.82	66.02	65.94	65.90	65.93	65.72	65.07
68.05	68.88	69.13	69.16	69.17	69.21	68.99	68.18	68.35	69.02	69.32	69.40	68.33	69.52	69.06	68.36	65.49	66.26	66.50	66.44	66.40	66.48	66.23	65.46	65.13	65.81	66.01	65.94	65.90	65.93	65.71	65.06
68.07	68.90	69.15	69.18	69.19	69.23	68.75	67.95	68.12	68.79	69.10	69.18	68.55	69.74	68.84	68.14	65.48	66.25	66.50	66.44	66.40	66.48	66.22	65.45	65.12	65.80	66.01	65.93	65.89	65.92	65.71	65.06
67.84	68.66	68.91	68.95	69.20	69.24	68.96	68.15	68.33	69.00	69.31	69.40	68.57	69.76	69.05	68.35	65.47	66.25	66.49	66.44	66.40	66.48	66.21	65.45	65.11	65.79	66.00	65.93	65.89	65.91	65.70	65.05
68.04	68.87	69.13	69.17	69.21	69.24	68.97	68.16	68.35	69.02	69.33	69.43	68.34	69.52	68.82	68.13	65.47	66.24	66.48	66.44	66.39	66.47	66.21	65.44	65.11	65.78	65.99	65.93	65.89	65.91	65.69	65.04
68.05	68.88	69.14	69.19	68.97	68.99	68.98	68.17	68.11	68.78	69.09	69.19	68.55	69.74	69.04	68.34	65.46	66.23	66.48	66.43	66.39	66.46	66.20	65.43	65.10	65.77	65.98	65.92	65.89	65.90	65.68	65.03
67.82	68.65	68.91	68.96	69.18	69.21	68.98	68.17	68.32	68.99	69.31	69.41	68.57	69.75	69.05	68.35	65.45	66.22	66.47	66.43	66.39	66.46	66.19	65.43	65.09	65.76	65.97	65.92	65.88	65.90	65.67	65.03
68.03	68.86	69.12	69.17	69.20	69.22	68.97	68.16	68.10	68.76	69.32	69.43	68.58	69.76	68.81	68.12	65.44	66.21	66.47	66.43	66.39	66.45	66.18	65.42	65.08	65.75	65.97	65.92	65.88	65.89	65.67	65.02
67.81	68.63	69.14	69.19	68.97	68.98	68.73	67.92	68.30	68.97	69.09	69.20	68.58	69.76	69.02	68.32	65.43	66.20	66.46	66.43	66.39	66.45	66.17	65.41	65.07	65.74	65.96	65.91	65.88	65.89	65.66	65.01
68.01	68.84	68.90	68.96	68.94	68.95	68.93	68.12	68.08	68.75	69.30	69.41	68.58	69.76	69.03	68.33	65.43	66.19	66.45	66.43	66.39	66.45	66.17	65.41	65.06	65.73	65.95	65.91	65.87	65.88	65.65	65.01
67.79	68.62	68.87	68.93	68.92	68.93	68.94	68.13	68.29	68.96	69.31	69.43	68.34	69.51	68.79	68.10	65.42	66.18	66.45	66.43	66.38	66.44	66.16	65.40	65.05	65.72	65.94	65.91	65.87	65.87	65.64	65.00
68.01	68.83	68.86	68.92	68.92	68.92	68.69	67.89	68.06	68.73	69.31	69.44	68.56	69.72	69.01	68.31	65.41	66.17	66.44	66.42	66.38	66.43	66.15	65.39	65.05	65.71	65.94	65.90	65.87	65.87	65.63	64.99
67.78	68.61	68.85	68.91	68.91	68.91	68.91	68.10	68.27	68.94	69.31	69.44	68.57	69.73	69.01	68.32	65.40	66.17	66.44	66.42	66.38	66.43	66.14	65.38	65.04	65.70	65.93	65.90	65.87	65.86	65.63	64.99
67.76	68.58	68.84	68.91	68.90	68.90	68.68	67.88	68.29	68.96	69.07	69.20	68.57	69.73	69.01	68.31	65.40	66.16	66.43	66.42	66.38	66.42	66.14	65.38	65.03	65.69	65.92	65.90	65.86	65.86	65.62	64.98
67.74	68.56	68.83	68.90	68.90	68.90	68.65	67.85	68.29	68.96	69.28	69.41	68.57	69.73	69.01	68.31	65.39	66.15	66.43	66.42	66.38	66.42	66.13	65.37	65.02	65.68	65.92	65.89	65.86	65.85	65.61	64.97
67.73	68.55	68.83	68.90	69.14	69.14	68.63	67.83	68.29	68.96	69.29	69.43	68.57	69.73	68.76	68.07	65.38	66.14	66.42	66.42	66.37	66.41	66.12	65.36	65.01	65.67	65.91	65.89	65.86	65.85	65.60	64.96
67.72	68.54	68.82	68.90	69.16	69.15	68.62	67.82	68.29	68.95	69.29	69.43	68.57	69.72	68.97	68.28	65.38	66.14	66.41	66.41	66.37	66.41	66.11	65.36	65.01	65.67	65.90	65.88	65.86	65.84	65.60	64.96
67.71	68.53	68.82	68.90	68.93	68.92	68.61	67.81	68.28	68.95	69.29	69.44	68.33	69.47	68.97	68.28	65.37	66.13	66.41	66.41	66.37	66.40	66.11	65.35	65.00	65.66	65.90	65.88	65.85	65.84	65.59	64.95
67.71	68.53	68.81	68.90	68.91	68.90	68.60	67.80	68.28	68.94	69.29	69.44	68.54	69.69	68.97	68.28	65.36	66.12	66.40	66.41	66.37	66.40	66.10	65.34	64.99	65.65	65.89	65.88	65.85	65.83	65.58	64.94
67.70	68.52	68.81	68.90	68.90	68.88	68.83	68.02	68.27	68.94	69.29	69.44	68.55	69.70	68.97	68.28	65.35	66.11	66.40	66.41	66.37	66.39	66.09	65.34	64.98	65.64	65.88	65.88	65.85	65.83	65.58	64.94
67.69	68.51	68.80	68.89	68.90	68.87	68.85	68.05	68.03	68.69	69.04	69.20	68.56	69.70	68.97	68.27	65.35	66.10	66.39	66.40	66.36	66.39	66.09	65.33	64.98	65.63	65.88	65.87	65.84	65.82	65.57	64.93
67.69	68.51	68.80	68.89	68.89	68.87	68.62	67.82	68.23	68.90	69.25	69.41	68.56	69.70	68.96	68.27	65.34	66.10	66.39	66.40	66.36	66.38	66.08	65.32	64.97	65.62	65.87	65.87	65.84	65.82	65.56	64.93
67.68	68.50	68.80	68.89	68.89	68.86	68.59	67.79	68.24	68.90	69.26	69.42	68.56	69.69	68.72	68.03	65.33	66.09	66.38	66.40	66.36	66.38	66.07	65.32	64.96	65.61	65.86	65.86	65.84	65.81	65.56	64.92
67.67	68.50	68.79	68.89	68.88	68.85	68.58	67.78	68.24	68.90	69.26	69.43	68.56	69.69	68.92	68.23	65.33	66.08	66.37	66.40	66.36	66.37	66.06	65.31	64.95	65.61	65.86	65.86	65.83	65.81	65.55	64.91
67.67	68.49	68.79	68.89	68.88	68.85	68.56	67.76	68.24	68.90	69.26	69.43	68.56	69.69	68.69	68.00	65.32	66.07	66.37	66.40	66.35	66.37	66.06	65.30	64.95	65.60	65.85	65.86	65.83	65.80	65.54	64.91
67.66	68.48	68.79	68.89	68.88	68.84	68.55	67.75	68.23	68.90	69.26	69.43	68.56	69.68	68.90	68.20	65.31	66.07	66.36	66.39	66.35	66.37	66.05	65.30	64.94	65.59	65.84	65.85	65.83	65.80	65.53	64.90
67.66	68.48	68.78	68.89	68.87	68.84	68.54	67.75	68.23	68.89	69.26	69.43	68.55	69.68	68.91	68.22	65.31	66.06	66.36	66.39	66.35	66.36	66.04	65.29	64.93	65.58	65.84	65.85	65.83	65.79	65.53	64.89
67.65	68.47	68.78	68.88	68.87	68.83	68.77	67.97	68.22	68.88	69.01	69.19	68.55	69.67	68.91	68.22	65.30	66.05	66.35	66.39	66.35	66.36	66.04	65.28	64.92	65.57	65.83	65.85	65.82	65.79	65.52	64.89
67.65	68.47	68.78	68.88	68.87	68.83	68.80	67.99	68.22	68.88	69.22	69.40	68.55	69.67	68.67	67.98	65.29	66.04	66.35	66.38	66.34	66.35	66.03	65.28	64.92	65.57	65.82	65.84	65.82	65.78	65.51	64.88
67.64	68.46	68.77	68.88	68.87	68.82	68.57	67.77	68.21	68.87	69.23	69.41	68.55	69.67	68.87	68.18	65.29	66.04	66.34	66.38	66.34	66.35	66.02	65.27	64.91	65.56	65.82	65.84	65.82	65.78	65.51	64.87
67.64	68.46	68.77	68.88	68.87	68.82	68.78	67.98	68.20	68.87	69.23	69.42	68.55	69.66	68.65	67.96	65.28	66.03	66.34	66.38	66.34	66.34	66.01	65.26	64.90	65.55	65.81	65.84	65.81	65.77	65.50	64.87
67.63	68.45	68.77	68.88	68.86	68.82	68.55	67.76	68.20	68.86	69.23	69.42	68.54	69.66	68.86	68.17	65.27	66.02	66.33	66.38	66.34	66.34	66.01	65.26	64.90	65.54	65.81	65.83	65.81	65.77	65.50	64.86
67.63	68.45	68.76	68.88	68.86	68.81	68.77	67.97	68.19	68.86	69.23	69.42	68.54	69.65	68.87	68.18	65.27	66.02	66.33	66.38	66.33	66.33	66.00	65.25	64.89	65.54	65.80	65.83	65.81	65.76	65.49	64.86
67.62	68.44	68.76	68.87	68.86	68.81	68.78	67.98	68.19	68.85	68.99	69.18	68.54	69.65	68.88	68.18	65.26	66.01	66.32	66.37	66.33	66.33	66.00	65.24	64.88	65.53	65.79	65.83	65.80	65.76	65.48	64.85
67.62	68.44	68.75	68.87	68.86	68.80	68.54	67.75	68.18	68.84	69.20	69.39	68.54	69.64	68.87	68.18	65.25	66.00	66.32	66.37	66.33	66.32	65.99	65.24	64.88	65.52	65.79	65.82	65.80	65.75	65.48	64.84
67.61	68.43	68.75	68.87	68.85	68.80	68.52	67.72	68.18	68.84	69.21	69.40	68.54	69.64	68.87	68.18	65.25	66.00	66.31	66.37	66.33	66.32	65.98	65.23	64.87	65.51	65.78	65.82	65.80	65.75	65.47	64.84
67.60	68.43	68.75	68.87	68.85	68.79	68.50	67.71	68.17	68.83	69.21	69.40	68.30	69.39	68.63	67.94	65.24	65.99	66.31	66.36	66.32	66.31	65.98	65.23	64.86	65.51	65.78	65.82	65.79	65.74	65.46	64.83
67.60	68.42	68.74	68.87	69.09	69.02	68.49	67.69	67.93	68.59	68.97	69.16	68.27	69.36	68.83	68.14	65.23	65.98	66.30	66.36	66.32	66.30	65.97	65.22	64.86	65.50	65.77	65.81	65.79	65.74	65.46	64.83
67.82	68.65	68.98	69.11	69.12	69.05	68.48	67.68	67.90	68.55	68.94	69.13	68.25	69.34	68.84	68.15	65.22	65.97	66.29	66.36	66.31	66.30	65.96	65.21	64.85	65.49	65.77	65.81	65.79	65.73	65.45	64.82
67.85	68.68	69.01	69.13	69.13	69.06	68.47	67.67	67.88	68.53	68.92	69.12	68.24	69.33	68.84	68.15	65.22	65.96	66.29	66.35	66.31	66.29	65.96	65.21	64.84	65.48	65.76	65.81	65.78	65.73	65.44	64.81
67.86	68.69	69.02	69.15	69.14	69.07	68.46	67.66	67.86	68.52	68.91	69.11	68.23	69.32	68.59	67.91	65.21	65.96	66.28	66.35	66.30	66.29	65.95	65.20	64.84	65.48	65.75	65.80	65.78	65.72	65.44	64.81
67.86	68.69	69.02	69.16	69.14	69.07	68.45	67.66	67.85	68.51	68.90	69.10	68.23	69.31	68.56	67.88	65.20	65.95	66.27	66.34	66.30	66.28	65.94	65.19	64.83	65.47	65.75	65.80	65.78	65.72	65.43	64.80
67.86	68.69	69.03	69.16	69.14	69.07	68.68	67.88	67.84	68.50	68.89	69.10	68.22	69.30	68.54	67.86	65.19	65.94	66.27	66.34	66.30	66.27	65.93	65.19	64.82	65.46	65.74	65.80	65.77	65.71	65.43	64.80
67.86	68.69	69.03	69.17	69.15	69.07	68.70	67.90	67.84	68.49	68.88	69.09	68.22	69.29	68.53	67.85	65.19	65.93	66.26	66.33	66.29	66.27	65.93	65.18	64.82	65.46	65.74	65.79	65.77	65.71	65.42	64.79
67.86	68.69	69.03	69.17	68.90	68.83	68.72	67.91	67.83	68.48	68.88	69.09	68.21	69.29	68.52	67.84	65.18	65.92	66.26	66.33	66.29	66.26	65.92	65.17	64.81	65.45	65.73	65.79	65.77	65.70	65.41	64.78
67.86	68.69	69.03	69.17	68.87	68.79	68.72	67.92	67.82	68.47	68.87	69.08	68.21	69.28	68.51	67.83	65.17	65.92	66.25	66.33	66.29	66.26	65.91	65.17	64.80	65.44	65.73	65.78	65.76	65.70	65.41	64.78
67.85	68.69	69.03	69.17	69.10	69.02	68.72	67.92	67.81	68.47	68.87	69.08	68.20	69.27	68.50	67.82	65.17	65.91	66.24	66.32	66.28	66.25	65.91	65.16	64.80	65.44	65.72	65.78	65.76	65.69	65.40	64.77
67.85	68.68	69.02	69.16	69.12	69.03	68.72	67.91	67.81	68.46	68.86	69.08	68.20	69.27	68.49	67.81	65.16	65.90	66.24	66.32	66.28	66.25	65.90	65.15	64.79	65.43	65.72	65.78	65.76	65.69	65.40	64.77
67.85	68.68	69.02	69.16	69.12	69.04	68.72	67.91	67.80	68.46	68.86	69.08	68.20	69.26	68.49	67.81	65.15	65.90	66.23	66.32	66.27	66.24	65.89	65.15	64.78	65.42	65.71	65.77	65.75	65.68	65.39	64.76
67.84	68.68	69.02	69.16	69.13	69.04	68.71	67.91	67.80	68.45	68.85	69.07	68.19	69.26	68.48	67.80	65.15	65.89	66.23	66.31	66.27	66.24	65.89	65.14	64.78	65.42	65.70	65.77	65.75	65.68	65.38	64.76
67.84	68.67	69.02	69.16	69.13	69.04	68.71	67.91	67.79	68.44	68.85	69.07	68.19	69.26	68.47	67.79	65.14	65.88	66.22	66.31	66.27	66.23	65.88	65.13	64.77	65.41	65.70	65.77	65.75	65.67	65.38	64.75
67.83	68.67	69.02	69.16	69.13	69.04	68.71	67.90	67.78	68.44	68.84	69.07	68.19	69.25	68.47	67.79	65.13	65.88	66.22	66.31	66.26	66.23	65.87	65.13	64.77	65.40	65.69	65.76	65.74	65.67	65.37	64.74
67.83	68.66	69.01	69.16	69.13	69.04	68.70	67.90	67.78	68.43	68.84	69.06	68.18	69.25	68.46	67.78	65.13	65.87	66.21	66.30	66.26	66.22	65.87	65.12	64.76	65.40	65.69	65.76	65.74	65.66	65.37	64.74
67.83	68.66	69.01	69.16	69.13	69.04	68.70	67.89	67.77	68.42	68.84	69.06	68.18	69.24	68.45	67.78	65.12	65.86	66.21	66.30	66.26	66.22	65.86	65.11	64.75	65.39	65.68	65.76	65.74	65.66	65.36	64.73
67.82	68.65	69.01	69.16	69.13	69.03	68.69	67.89	67.77	68.42	68.83	69.06	68.18	69.24	68.45	67.77	65.11	65.86	66.20	66.30	66.25	66.21	65.85	65.11	64.75	65.38	65.68	65.75	65.73	65.65	65.36	64.73
67.82	68.64	69.00	69.16	69.12	69.02	68.69	67.88	67.74	68.41	68.82	69.05	68.18	69.23	68.44	67.77	65.12	65.86	66.19	66.29	66.25	66.20	65.85	65.11	64.75	65.38	65.69	65.76	65.74	65.66	65.36	64.73
67.81	68.65	69.00	69.15	69.13	69.03	68.68	67.88	67.75	68.41	68.82	69.05	68.17	69.23	68.44	67.76	65.10	65.84	66.19	66.29	66.25	66.20	65.84	65.10	64.74	65.37	65.67	65.74	65.73	65.65	65.34	64.72
67.81	68.64	69.00	69.15	69.12	69.02	68.44	67.64	67.75	68.40	68.82	69.05	68.17	69.22	68.43	67.75	65.10	65.84	66.19	66.29	66.24	66.20	65.84	65.09	64.73	65.36	65.66	65.74	65.72	65.64	65.34	64.71
67.80	68.64	68.99	69.15	69.12	69.02	68.40	67.60	67.74	68.40	68.81	69.05	68.17	69.22	68.42	67.74	65.09	65.83	66.18	66.28	66.24	66.19	65.83	65.09	64.72	65.36	65.66	65.74	65.72	65.64	65.33	64.71
67.80	68.63	68.99	69.15	68.87	68.77	68.39	67.59	67.74	68.39	68.81	69.04	68.16	69.21	68.41	67.74	65.08	65.83	66.18	66.28	66.24	66.19	65.82	65.08	64.72	65.35	65.65	65.73	65.72	65.63	65.33	64.70
