pcb_C_0	327.0599
pcb_C_1	327.7035
pcb_C_2	327.9785
pcb_C_3	328.0658
pcb_C_4	327.9978
pcb_C_5	327.8951
pcb_C_6	327.6084
pcb_C_7	326.9734
pcb_C_8	326.7802
pcb_C_9	327.3247
pcb_C_10	327.6016
pcb_C_11	327.6987
pcb_C_12	327.6171
pcb_C_13	327.5465
pcb_C_14	327.2483
pcb_C_15	326.6998
pcb_C_16	326.3331
pcb_C_17	326.5579
pcb_C_18	326.7262
pcb_C_19	326.7994
pcb_C_20	326.7602
pcb_C_21	326.6895
pcb_C_22	326.5058
pcb_C_23	326.2678
pcb_C_24	326.0041
pcb_C_25	325.9867
pcb_C_26	326.0514
pcb_C_27	326.0929
pcb_C_28	326.0788
pcb_C_29	326.0283
pcb_C_30	325.9526
pcb_C_31	325.9538
solder_C_0	327.4167
solder_C_1	328.0137
solder_C_2	328.2941
solder_C_3	328.3881
solder_C_4	328.2701
solder_C_5	328.1735
solder_C_6	327.8778
solder_C_7	327.2967
solder_C_8	327.1095
solder_C_9	327.5854
solder_C_10	327.8718
solder_C_11	327.9803
solder_C_12	327.8076
solder_C_13	327.8428
solder_C_14	327.5050
solder_C_15	327.0198
solder_C_16	326.3573
solder_C_17	326.4986
solder_C_18	326.6771
solder_C_19	326.7587
solder_C_20	326.7023
solder_C_21	326.6465
solder_C_22	326.4477
solder_C_23	326.2902
solder_C_24	325.9466
solder_C_25	325.8477
solder_C_26	325.9238
solder_C_27	325.9740
solder_C_28	325.9587
solder_C_29	325.9010
solder_C_30	325.8136
solder_C_31	325.8951
sub_C_0	327.5159
sub_C_1	328.1164
sub_C_2	328.4019
sub_C_3	328.5022
sub_C_4	328.3636
sub_C_5	328.2609
sub_C_6	327.9602
sub_C_7	327.3783
sub_C_8	327.2159
sub_C_9	327.6879
sub_C_10	327.9835
sub_C_11	328.1046
sub_C_12	327.8665
sub_C_13	327.9848
sub_C_14	327.6087
sub_C_15	327.1256
sub_C_16	326.2696
sub_C_17	326.4412
sub_C_18	326.6296
sub_C_19	326.7150
sub_C_20	326.6574
sub_C_21	326.6001
sub_C_22	326.3907
sub_C_23	326.2035
sub_C_24	325.8394
sub_C_25	325.7798
sub_C_26	325.8675
sub_C_27	325.9215
sub_C_28	325.9062
sub_C_29	325.8445
sub_C_30	325.7457
sub_C_31	325.7888
layer_3_C_0	328.4153
layer_3_C_1	329.1070
layer_3_C_2	329.4365
layer_3_C_3	329.5971
layer_3_C_4	329.2637
layer_3_C_5	329.0887
layer_3_C_6	328.7528
layer_3_C_7	328.1085
layer_3_C_8	328.2426
layer_3_C_9	328.7122
layer_3_C_10	329.1006
layer_3_C_11	329.3564
layer_3_C_12	328.4355
layer_3_C_13	329.4264
layer_3_C_14	328.6463
layer_3_C_15	328.1508
layer_3_C_16	325.3784
layer_3_C_17	325.8488
layer_3_C_18	326.1346
layer_3_C_19	326.2544
layer_3_C_20	326.1966
layer_3_C_21	326.1100
layer_3_C_22	325.8015
layer_3_C_23	325.3214
layer_3_C_24	324.8145
layer_3_C_25	325.1106
layer_3_C_26	325.3096
layer_3_C_27	325.3991
layer_3_C_28	325.3851
layer_3_C_29	325.2860
layer_3_C_30	325.0772
layer_3_C_31	324.7722
layer_4_TB_0	328.2531
layer_4_TB_1	328.9428
layer_4_TB_2	329.2722
layer_4_TB_3	329.4296
layer_4_TB_4	329.1133
layer_4_TB_5	328.9425
layer_4_TB_6	328.6057
layer_4_TB_7	327.9606
layer_4_TB_8	328.0802
layer_4_TB_9	328.5632
layer_4_TB_10	328.9486
layer_4_TB_11	329.1951
layer_4_TB_12	328.3340
layer_4_TB_13	329.2469
layer_4_TB_14	328.4966
layer_4_TB_15	327.9892
layer_4_TB_16	325.3764
layer_4_TB_17	325.8474
layer_4_TB_18	326.1332
layer_4_TB_19	326.2530
layer_4_TB_20	326.1955
layer_4_TB_21	326.1085
layer_4_TB_22	325.8001
layer_4_TB_23	325.3195
layer_4_TB_24	324.8133
layer_4_TB_25	325.1099
layer_4_TB_26	325.3089
layer_4_TB_27	325.3984
layer_4_TB_28	325.3844
layer_4_TB_29	325.2853
layer_4_TB_30	325.0764
layer_4_TB_31	324.7710
hsp_TB_0	326.6311
hsp_TB_1	327.3010
hsp_TB_2	327.6292
hsp_TB_3	327.7552
hsp_TB_4	327.6094
hsp_TB_5	327.4802
hsp_TB_6	327.1349
hsp_TB_7	326.4818
hsp_TB_8	326.4572
hsp_TB_9	327.0736
hsp_TB_10	327.4296
hsp_TB_11	327.5825
hsp_TB_12	327.3185
hsp_TB_13	327.4524
hsp_TB_14	327.0006
hsp_TB_15	326.3725
hsp_TB_16	325.3567
hsp_TB_17	325.8327
hsp_TB_18	326.1194
hsp_TB_19	326.2391
hsp_TB_20	326.1848
hsp_TB_21	326.0932
hsp_TB_22	325.7854
hsp_TB_23	325.2998
hsp_TB_24	324.8012
hsp_TB_25	325.1018
hsp_TB_26	325.3018
hsp_TB_27	325.3917
hsp_TB_28	325.3776
hsp_TB_29	325.2782
hsp_TB_30	325.0684
hsp_TB_31	324.7591
hsink_TB_0	325.9716
hsink_TB_1	326.6096
hsink_TB_2	326.9338
hsink_TB_3	327.0512
hsink_TB_4	326.9803
hsink_TB_5	326.8456
hsink_TB_6	326.5071
hsink_TB_7	325.8753
hsink_TB_8	325.8422
hsink_TB_9	326.4731
hsink_TB_10	326.8190
hsink_TB_11	326.9512
hsink_TB_12	326.8661
hsink_TB_13	326.7722
hsink_TB_14	326.4009
hsink_TB_15	325.7650
hsink_TB_16	325.2816
hsink_TB_17	325.7586
hsink_TB_18	326.0444
hsink_TB_19	326.1628
hsink_TB_20	326.1263
hsink_TB_21	326.0110
hsink_TB_22	325.7106
hsink_TB_23	325.2251
hsink_TB_24	324.7891
hsink_TB_25	325.0911
hsink_TB_26	325.2913
hsink_TB_27	325.3812
hsink_TB_28	325.3677
hsink_TB_29	325.2675
hsink_TB_30	325.0576
hsink_TB_31	324.7470
inode_0	324.3226
inode_1	324.2639
inode_2	323.7403
inode_3	325.0819
inode_4	324.3087
inode_5	324.2502
inode_6	323.7335
inode_7	325.0704
inode_8	323.7542
inode_9	323.7010
inode_10	323.0911
inode_11	324.2743
inode_12	326.6371
inode_13	326.5562
inode_14	325.6513
inode_15	327.6770
inode_16	326.6349
inode_17	326.5541
inode_18	325.6512
inode_19	327.6763
inode_20	326.0899
inode_21	326.0207
inode_22	325.5995
inode_23	327.5753
inode_24	324.2361
inode_25	324.1830
inode_26	323.4832
inode_27	324.8976
