pcb_LC_0	360.7790
pcb_LC_1	362.4783
pcb_LC_2	363.2161
pcb_LC_3	363.5069
pcb_LC_4	363.5064
pcb_LC_5	363.2150
pcb_LC_6	362.4772
pcb_LC_7	360.7778
pcb_LC_8	360.6016
pcb_LC_9	362.5054
pcb_LC_10	363.4060
pcb_LC_11	363.7739
pcb_LC_12	363.7733
pcb_LC_13	363.4046
pcb_LC_14	362.5040
pcb_LC_15	360.6001
pcb_LC_16	360.4049
pcb_LC_17	362.1464
pcb_LC_18	362.9816
pcb_LC_19	363.3274
pcb_LC_20	363.3269
pcb_LC_21	362.9802
pcb_LC_22	362.1450
pcb_LC_23	360.4033
pcb_LC_24	360.2074
pcb_LC_25	361.5501
pcb_LC_26	362.1573
pcb_LC_27	362.4056
pcb_LC_28	362.4053
pcb_LC_29	362.1563
pcb_LC_30	361.5490
pcb_LC_31	360.2062
solder_LC_0	363.6579
solder_LC_1	364.4298
solder_LC_2	364.9083
solder_LC_3	365.1382
solder_LC_4	365.1367
solder_LC_5	364.9057
solder_LC_6	364.4284
solder_LC_7	363.6564
solder_LC_8	363.6388
solder_LC_9	364.4886
solder_LC_10	365.0540
solder_LC_11	365.3336
solder_LC_12	365.3323
solder_LC_13	365.0508
solder_LC_14	364.4866
solder_LC_15	363.6366
solder_LC_16	363.1780
solder_LC_17	363.7764
solder_LC_18	364.2567
solder_LC_19	364.5095
solder_LC_20	364.5085
solder_LC_21	364.2538
solder_LC_22	363.7743
solder_LC_23	363.1754
solder_LC_24	362.5191
solder_LC_25	362.7533
solder_LC_26	363.0615
solder_LC_27	363.2396
solder_LC_28	363.2390
solder_LC_29	363.0599
solder_LC_30	362.7517
solder_LC_31	362.5172
sub_LC_0	364.1311
sub_LC_1	364.9038
sub_LC_2	365.4163
sub_LC_3	365.6665
sub_LC_4	365.6639
sub_LC_5	365.4125
sub_LC_6	364.9027
sub_LC_7	364.1298
sub_LC_8	364.1534
sub_LC_9	364.9945
sub_LC_10	365.5850
sub_LC_11	365.8792
sub_LC_12	365.8776
sub_LC_13	365.5805
sub_LC_14	364.9928
sub_LC_15	364.1510
sub_LC_16	363.4362
sub_LC_17	364.0536
sub_LC_18	364.5635
sub_LC_19	364.8305
sub_LC_20	364.8295
sub_LC_21	364.5592
sub_LC_22	364.0517
sub_LC_23	363.4326
sub_LC_24	362.4107
sub_LC_25	362.7023
sub_LC_26	363.0508
sub_LC_27	363.2489
sub_LC_28	363.2484
sub_LC_29	363.0489
sub_LC_30	362.7007
sub_LC_31	362.4086
layer_3_LC_0	368.3300
layer_3_LC_1	369.3094
layer_3_LC_2	370.1475
layer_3_LC_3	370.5844
layer_3_LC_4	370.5704
layer_3_LC_5	370.1321
layer_3_LC_6	369.3117
layer_3_LC_7	368.3306
layer_3_LC_8	368.9473
layer_3_LC_9	369.9783
layer_3_LC_10	370.8650
layer_3_LC_11	371.3140
layer_3_LC_12	371.3100
layer_3_LC_13	370.8464
layer_3_LC_14	369.9800
layer_3_LC_15	368.9424
layer_3_LC_16	365.7360
layer_3_LC_17	366.7216
layer_3_LC_18	367.5688
layer_3_LC_19	367.9843
layer_3_LC_20	367.9839
layer_3_LC_21	367.5492
layer_3_LC_22	366.7220
layer_3_LC_23	365.7215
layer_3_LC_24	360.9204
layer_3_LC_25	361.7930
layer_3_LC_26	362.5457
layer_3_LC_27	362.9330
layer_3_LC_28	362.9327
layer_3_LC_29	362.5418
layer_3_LC_30	361.7916
layer_3_LC_31	360.9166
layer_4_TB_0	368.2168
layer_4_TB_1	369.1954
layer_4_TB_2	370.0323
layer_4_TB_3	370.4686
layer_4_TB_4	370.4545
layer_4_TB_5	370.0169
layer_4_TB_6	369.1977
layer_4_TB_7	368.2175
layer_4_TB_8	368.8393
layer_4_TB_9	369.8695
layer_4_TB_10	370.7550
layer_4_TB_11	371.2033
layer_4_TB_12	371.1993
layer_4_TB_13	370.7364
layer_4_TB_14	369.8712
layer_4_TB_15	368.8344
layer_4_TB_16	365.6289
layer_4_TB_17	366.6142
layer_4_TB_18	367.4605
layer_4_TB_19	367.8753
layer_4_TB_20	367.8750
layer_4_TB_21	367.4408
layer_4_TB_22	366.6146
layer_4_TB_23	365.6144
layer_4_TB_24	360.8096
layer_4_TB_25	361.6823
layer_4_TB_26	362.4344
layer_4_TB_27	362.8212
layer_4_TB_28	362.8210
layer_4_TB_29	362.4304
layer_4_TB_30	361.6808
layer_4_TB_31	360.8059
layer_5_B_0	367.0848
layer_5_B_1	368.0556
layer_5_B_2	368.8806
layer_5_B_3	369.3100
layer_5_B_4	369.2958
layer_5_B_5	368.8653
layer_5_B_6	368.0581
layer_5_B_7	367.0855
layer_5_B_8	367.7599
layer_5_B_9	368.7827
layer_5_B_10	369.6564
layer_5_B_11	370.0974
layer_5_B_12	370.0937
layer_5_B_13	369.6378
layer_5_B_14	368.7847
layer_5_B_15	367.7550
layer_5_B_16	364.5581
layer_5_B_17	365.5402
layer_5_B_18	366.3776
layer_5_B_19	366.7858
layer_5_B_20	366.7857
layer_5_B_21	366.3575
layer_5_B_22	365.5410
layer_5_B_23	364.5433
layer_5_B_24	359.7007
layer_5_B_25	360.5739
layer_5_B_26	361.3198
layer_5_B_27	361.7025
layer_5_B_28	361.7023
layer_5_B_29	361.3160
layer_5_B_30	360.5725
layer_5_B_31	359.6971
layer_6_TB_0	366.8729
layer_6_TB_1	367.8433
layer_6_TB_2	368.6667
layer_6_TB_3	369.0950
layer_6_TB_4	369.0810
layer_6_TB_5	368.6518
layer_6_TB_6	367.8457
layer_6_TB_7	366.8735
layer_6_TB_8	367.5394
layer_6_TB_9	368.5621
layer_6_TB_10	369.4341
layer_6_TB_11	369.8742
layer_6_TB_12	369.8705
layer_6_TB_13	369.4159
layer_6_TB_14	368.5640
layer_6_TB_15	367.5348
layer_6_TB_16	364.3619
layer_6_TB_17	365.3441
layer_6_TB_18	366.1802
layer_6_TB_19	366.5882
layer_6_TB_20	366.5881
layer_6_TB_21	366.1607
layer_6_TB_22	365.3448
layer_6_TB_23	364.3475
layer_6_TB_24	359.5430
layer_6_TB_25	360.4166
layer_6_TB_26	361.1616
layer_6_TB_27	361.5438
layer_6_TB_28	361.5436
layer_6_TB_29	361.1579
layer_6_TB_30	360.4152
layer_6_TB_31	359.5395
layer_7_B_32	364.7534
layer_7_B_33	365.7204
layer_7_B_34	366.5278
layer_7_B_35	366.9439
layer_7_B_36	366.9329
layer_7_B_37	366.5163
layer_7_B_38	365.7214
layer_7_B_39	364.7523
layer_7_B_40	365.3358
layer_7_B_41	366.3573
layer_7_B_42	367.2115
layer_7_B_43	367.6428
layer_7_B_44	367.6395
layer_7_B_45	367.1982
layer_7_B_46	366.3579
layer_7_B_47	365.3330
layer_7_B_48	362.4003
layer_7_B_49	363.3836
layer_7_B_50	364.2064
layer_7_B_51	364.6122
layer_7_B_52	364.6125
layer_7_B_53	364.1928
layer_7_B_54	363.3832
layer_7_B_55	362.3905
layer_7_B_56	357.9651
layer_7_B_57	358.8427
layer_7_B_58	359.5791
layer_7_B_59	359.9553
layer_7_B_60	359.9552
layer_7_B_61	359.5758
layer_7_B_62	358.8413
layer_7_B_63	357.9619
layer_8_TB_0	364.4967
layer_8_TB_1	365.4639
layer_8_TB_2	366.2693
layer_8_TB_3	366.6841
layer_8_TB_4	366.6733
layer_8_TB_5	366.2582
layer_8_TB_6	365.4647
layer_8_TB_7	364.4955
layer_8_TB_8	365.0756
layer_8_TB_9	366.0977
layer_8_TB_10	366.9500
layer_8_TB_11	367.3803
layer_8_TB_12	367.3771
layer_8_TB_13	366.9371
layer_8_TB_14	366.0982
layer_8_TB_15	365.0730
layer_8_TB_16	362.1636
layer_8_TB_17	363.1475
layer_8_TB_18	363.9689
layer_8_TB_19	364.3743
layer_8_TB_20	364.3746
layer_8_TB_21	363.9558
layer_8_TB_22	363.1471
layer_8_TB_23	362.1541
layer_8_TB_24	357.7619
layer_8_TB_25	358.6403
layer_8_TB_26	359.3756
layer_8_TB_27	359.7510
layer_8_TB_28	359.7509
layer_8_TB_29	359.3723
layer_8_TB_30	358.6389
layer_8_TB_31	357.7588
layer_9_B_64	361.9296
layer_9_B_65	362.8979
layer_9_B_66	363.6849
layer_9_B_67	364.0857
layer_9_B_68	364.0777
layer_9_B_69	363.6772
layer_9_B_70	362.8975
layer_9_B_71	361.9268
layer_9_B_72	362.4748
layer_9_B_73	363.5021
layer_9_B_74	364.3356
layer_9_B_75	364.7556
layer_9_B_76	364.7529
layer_9_B_77	364.3274
layer_9_B_78	363.5015
layer_9_B_79	362.4741
layer_9_B_80	359.7961
layer_9_B_81	360.7871
layer_9_B_82	361.5940
layer_9_B_83	361.9952
layer_9_B_84	361.9961
layer_9_B_85	361.5866
layer_9_B_86	360.7858
layer_9_B_87	359.7909
layer_9_B_88	355.7293
layer_9_B_89	356.6153
layer_9_B_90	357.3395
layer_9_B_91	357.7072
layer_9_B_92	357.7071
layer_9_B_93	357.3368
layer_9_B_94	356.6140
layer_9_B_95	355.7266
layer_10_TB_0	361.6296
layer_10_TB_1	362.5985
layer_10_TB_2	363.3834
layer_10_TB_3	363.7826
layer_10_TB_4	363.7748
layer_10_TB_5	363.3760
layer_10_TB_6	362.5979
layer_10_TB_7	361.6266
layer_10_TB_8	362.1759
layer_10_TB_9	363.2044
layer_10_TB_10	364.0359
layer_10_TB_11	364.4547
layer_10_TB_12	364.4520
layer_10_TB_13	364.0282
layer_10_TB_14	363.2037
layer_10_TB_15	362.1754
layer_10_TB_16	359.5198
layer_10_TB_17	360.5121
layer_10_TB_18	361.3175
layer_10_TB_19	361.7180
layer_10_TB_20	361.7190
layer_10_TB_21	361.3106
layer_10_TB_22	360.5107
layer_10_TB_23	359.5150
layer_10_TB_24	355.4821
layer_10_TB_25	356.3693
layer_10_TB_26	357.0921
layer_10_TB_27	357.4588
layer_10_TB_28	357.4587
layer_10_TB_29	357.0895
layer_10_TB_30	356.3680
layer_10_TB_31	355.4795
layer_11_B_96	358.6292
layer_11_B_97	359.6041
layer_11_B_98	360.3680
layer_11_B_99	360.7514
layer_11_B_100	360.7461
layer_11_B_101	360.3641
layer_11_B_102	359.6024
layer_11_B_103	358.6246
layer_11_B_104	359.1877
layer_11_B_105	360.2281
layer_11_B_106	361.0395
layer_11_B_107	361.4465
layer_11_B_108	361.4444
layer_11_B_109	361.0364
layer_11_B_110	360.2265
layer_11_B_111	359.1892
layer_11_B_112	356.7570
layer_11_B_113	357.7626
layer_11_B_114	358.5523
layer_11_B_115	358.9467
layer_11_B_116	358.9485
layer_11_B_117	358.5509
layer_11_B_118	357.7605
layer_11_B_119	356.7562
layer_11_B_120	353.0095
layer_11_B_121	353.9084
layer_11_B_122	354.6177
layer_11_B_123	354.9746
layer_11_B_124	354.9746
layer_11_B_125	354.6156
layer_11_B_126	353.9072
layer_11_B_127	353.0074
layer_12_TB_0	358.2874
layer_12_TB_1	359.2634
layer_12_TB_2	360.0250
layer_12_TB_3	360.4066
layer_12_TB_4	360.4016
layer_12_TB_5	360.0214
layer_12_TB_6	359.2616
layer_12_TB_7	358.2827
layer_12_TB_8	358.8513
layer_12_TB_9	359.8937
layer_12_TB_10	360.7029
layer_12_TB_11	361.1085
layer_12_TB_12	361.1065
layer_12_TB_13	360.7002
layer_12_TB_14	359.8920
layer_12_TB_15	358.8531
layer_12_TB_16	356.4425
layer_12_TB_17	357.4501
layer_12_TB_18	358.2380
layer_12_TB_19	358.6317
layer_12_TB_20	358.6336
layer_12_TB_21	358.2371
layer_12_TB_22	357.4479
layer_12_TB_23	356.4421
layer_12_TB_24	352.7199
layer_12_TB_25	353.6204
layer_12_TB_26	354.3280
layer_12_TB_27	354.6838
layer_12_TB_28	354.6838
layer_12_TB_29	354.3260
layer_12_TB_30	353.6192
layer_12_TB_31	352.7178
layer_13_B_128	354.8694
layer_13_B_129	355.8565
layer_13_B_130	356.5946
layer_13_B_131	356.9583
layer_13_B_132	356.9557
layer_13_B_133	356.5944
layer_13_B_134	355.8536
layer_13_B_135	354.8629
layer_13_B_136	355.4884
layer_13_B_137	356.5500
layer_13_B_138	357.3374
layer_13_B_139	357.7298
layer_13_B_140	357.7282
layer_13_B_141	357.3394
layer_13_B_142	356.5473
layer_13_B_143	355.4923
layer_13_B_144	353.2973
layer_13_B_145	354.3250
layer_13_B_146	355.0958
layer_13_B_147	355.4818
layer_13_B_148	355.4846
layer_13_B_149	355.1004
layer_13_B_150	354.3220
layer_13_B_151	353.3011
layer_13_B_152	349.8228
layer_13_B_153	350.7395
layer_13_B_154	351.4309
layer_13_B_155	351.7750
layer_13_B_156	351.7750
layer_13_B_157	351.4294
layer_13_B_158	350.7384
layer_13_B_159	349.8213
layer_14_TB_0	354.4346
layer_14_TB_1	355.4235
layer_14_TB_2	356.1590
layer_14_TB_3	356.5212
layer_14_TB_4	356.5186
layer_14_TB_5	356.1589
layer_14_TB_6	355.4205
layer_14_TB_7	354.4282
layer_14_TB_8	355.0437
layer_14_TB_9	356.1080
layer_14_TB_10	356.8936
layer_14_TB_11	357.2844
layer_14_TB_12	357.2830
layer_14_TB_13	356.8955
layer_14_TB_14	356.1054
layer_14_TB_15	355.0475
layer_14_TB_16	352.8984
layer_14_TB_17	353.9290
layer_14_TB_18	354.6981
layer_14_TB_19	355.0826
layer_14_TB_20	355.0853
layer_14_TB_21	354.7025
layer_14_TB_22	353.9261
layer_14_TB_23	352.9021
layer_14_TB_24	349.4924
layer_14_TB_25	350.4111
layer_14_TB_26	351.1006
layer_14_TB_27	351.4433
layer_14_TB_28	351.4434
layer_14_TB_29	351.0992
layer_14_TB_30	350.4101
layer_14_TB_31	349.4909
layer_15_B_160	350.0853
layer_15_B_161	351.0925
layer_15_B_162	351.8035
layer_15_B_163	352.1492
layer_15_B_164	352.1472
layer_15_B_165	351.8034
layer_15_B_166	351.0902
layer_15_B_167	350.0805
layer_15_B_168	350.5975
layer_15_B_169	351.6890
layer_15_B_170	352.4560
layer_15_B_171	352.8320
layer_15_B_172	352.8310
layer_15_B_173	352.4574
layer_15_B_174	351.6869
layer_15_B_175	350.6003
layer_15_B_176	348.9093
layer_15_B_177	349.9690
layer_15_B_178	350.7208
layer_15_B_179	351.0912
layer_15_B_180	351.0932
layer_15_B_181	350.7241
layer_15_B_182	349.9668
layer_15_B_183	348.9120
layer_15_B_184	346.1870
layer_15_B_185	347.1267
layer_15_B_186	347.7972
layer_15_B_187	348.1262
layer_15_B_188	348.1263
layer_15_B_189	347.7962
layer_15_B_190	347.1258
layer_15_B_191	346.1859
layer_16_TB_0	349.6127
layer_16_TB_1	350.6223
layer_16_TB_2	351.3305
layer_16_TB_3	351.6744
layer_16_TB_4	351.6724
layer_16_TB_5	351.3304
layer_16_TB_6	350.6201
layer_16_TB_7	349.6080
layer_16_TB_8	350.1183
layer_16_TB_9	351.2133
layer_16_TB_10	351.9782
layer_16_TB_11	352.3526
layer_16_TB_12	352.3516
layer_16_TB_13	351.9796
layer_16_TB_14	351.2113
layer_16_TB_15	350.1209
layer_16_TB_16	348.4752
layer_16_TB_17	349.5386
layer_16_TB_18	350.2885
layer_16_TB_19	350.6574
layer_16_TB_20	350.6593
layer_16_TB_21	350.2917
layer_16_TB_22	349.5365
layer_16_TB_23	348.4778
layer_16_TB_24	345.8182
layer_16_TB_25	346.7605
layer_16_TB_26	347.4288
layer_16_TB_27	347.7563
layer_16_TB_28	347.7564
layer_16_TB_29	347.4279
layer_16_TB_30	346.7597
layer_16_TB_31	345.8172
layer_17_B_192	344.8861
layer_17_B_193	345.9201
layer_17_B_194	346.6006
layer_17_B_195	346.9260
layer_17_B_196	346.9247
layer_17_B_197	346.6005
layer_17_B_198	345.9185
layer_17_B_199	344.8828
layer_17_B_200	345.3261
layer_17_B_201	346.4569
layer_17_B_202	347.2011
layer_17_B_203	347.5593
layer_17_B_204	347.5587
layer_17_B_205	347.2021
layer_17_B_206	346.4555
layer_17_B_207	345.3279
layer_17_B_208	344.1345
layer_17_B_209	345.2350
layer_17_B_210	345.9658
layer_17_B_211	346.3191
layer_17_B_212	346.3204
layer_17_B_213	345.9680
layer_17_B_214	345.2336
layer_17_B_215	344.1363
layer_17_B_216	342.1300
layer_17_B_217	343.0985
layer_17_B_218	343.7448
layer_17_B_219	344.0566
layer_17_B_220	344.0567
layer_17_B_221	343.7442
layer_17_B_222	343.0979
layer_17_B_223	342.1293
layer_18_TB_0	344.3781
layer_18_TB_1	345.4153
layer_18_TB_2	346.0927
layer_18_TB_3	346.4160
layer_18_TB_4	346.4147
layer_18_TB_5	346.0925
layer_18_TB_6	345.4137
layer_18_TB_7	344.3750
layer_18_TB_8	344.8138
layer_18_TB_9	345.9491
layer_18_TB_10	346.6910
layer_18_TB_11	347.0474
layer_18_TB_12	347.0468
layer_18_TB_13	346.6919
layer_18_TB_14	345.9478
layer_18_TB_15	344.8155
layer_18_TB_16	343.6669
layer_18_TB_17	344.7721
layer_18_TB_18	345.5007
layer_18_TB_19	345.8523
layer_18_TB_20	345.8535
layer_18_TB_21	345.5028
layer_18_TB_22	344.7707
layer_18_TB_23	343.6686
layer_18_TB_24	341.7255
layer_18_TB_25	342.6973
layer_18_TB_26	343.3410
layer_18_TB_27	343.6510
layer_18_TB_28	343.6511
layer_18_TB_29	343.3404
layer_18_TB_30	342.6967
layer_18_TB_31	341.7248
layer_19_B_224	339.2984
layer_19_B_225	340.3667
layer_19_B_226	341.0129
layer_19_B_227	341.3157
layer_19_B_228	341.3150
layer_19_B_229	341.0128
layer_19_B_230	340.3657
layer_19_B_231	339.2966
layer_19_B_232	339.6908
layer_19_B_233	340.8715
layer_19_B_234	341.5902
layer_19_B_235	341.9289
layer_19_B_236	341.9286
layer_19_B_237	341.5906
layer_19_B_238	340.8707
layer_19_B_239	339.6917
layer_19_B_240	338.9914
layer_19_B_241	340.1429
layer_19_B_242	340.8499
layer_19_B_243	341.1846
layer_19_B_244	341.1852
layer_19_B_245	340.8510
layer_19_B_246	340.1421
layer_19_B_247	338.9923
layer_19_B_248	337.6802
layer_19_B_249	338.6842
layer_19_B_250	339.3025
layer_19_B_251	339.5949
layer_19_B_252	339.5950
layer_19_B_253	339.3022
layer_19_B_254	338.6838
layer_19_B_255	337.6798
layer_20_TB_0	338.7576
layer_20_TB_1	339.8297
layer_20_TB_2	340.4724
layer_20_TB_3	340.7730
layer_20_TB_4	340.7723
layer_20_TB_5	340.4723
layer_20_TB_6	339.8288
layer_20_TB_7	338.7559
layer_20_TB_8	339.1470
layer_20_TB_9	340.3333
layer_20_TB_10	341.0493
layer_20_TB_11	341.3862
layer_20_TB_12	341.3859
layer_20_TB_13	341.0498
layer_20_TB_14	340.3326
layer_20_TB_15	339.1478
layer_20_TB_16	338.4921
layer_20_TB_17	339.6493
layer_20_TB_18	340.3538
layer_20_TB_19	340.6867
layer_20_TB_20	340.6873
layer_20_TB_21	340.3549
layer_20_TB_22	339.6485
layer_20_TB_23	338.4930
layer_20_TB_24	337.2427
layer_20_TB_25	338.2505
layer_20_TB_26	338.8659
layer_20_TB_27	339.1564
layer_20_TB_28	339.1564
layer_20_TB_29	338.8656
layer_20_TB_30	338.2502
layer_20_TB_31	337.2423
hsp_TB_0	333.3492
hsp_TB_1	334.4601
hsp_TB_2	335.0676
hsp_TB_3	335.3458
hsp_TB_4	335.3457
hsp_TB_5	335.0675
hsp_TB_6	334.4599
hsp_TB_7	333.3488
hsp_TB_8	333.7092
hsp_TB_9	334.9516
hsp_TB_10	335.6415
hsp_TB_11	335.9593
hsp_TB_12	335.9592
hsp_TB_13	335.6416
hsp_TB_14	334.9514
hsp_TB_15	333.7092
hsp_TB_16	333.4997
hsp_TB_17	334.7134
hsp_TB_18	335.3936
hsp_TB_19	335.7081
hsp_TB_20	335.7082
hsp_TB_21	335.3937
hsp_TB_22	334.7132
hsp_TB_23	333.4998
hsp_TB_24	332.8667
hsp_TB_25	333.9135
hsp_TB_26	334.4995
hsp_TB_27	334.7706
hsp_TB_28	334.7706
hsp_TB_29	334.4995
hsp_TB_30	333.9134
hsp_TB_31	332.8666
hsink_TB_0	331.3706
hsink_TB_1	332.3091
hsink_TB_2	332.8741
hsink_TB_3	333.1389
hsink_TB_4	333.1389
hsink_TB_5	332.8741
hsink_TB_6	332.3090
hsink_TB_7	331.3705
hsink_TB_8	331.6434
hsink_TB_9	332.7049
hsink_TB_10	333.3514
hsink_TB_11	333.6558
hsink_TB_12	333.6558
hsink_TB_13	333.3514
hsink_TB_14	332.7048
hsink_TB_15	331.6433
hsink_TB_16	331.5759
hsink_TB_17	332.6208
hsink_TB_18	333.2603
hsink_TB_19	333.5621
hsink_TB_20	333.5621
hsink_TB_21	333.2602
hsink_TB_22	332.6208
hsink_TB_23	331.5759
hsink_TB_24	331.2081
hsink_TB_25	332.1093
hsink_TB_26	332.6588
hsink_TB_27	332.9181
hsink_TB_28	332.9181
hsink_TB_29	332.6588
hsink_TB_30	332.1093
hsink_TB_31	331.2080
inode_0	328.6389
inode_1	328.6389
inode_2	329.2258
inode_3	329.4324
inode_4	328.5918
inode_5	328.5918
inode_6	329.1893
inode_7	329.3929
inode_8	327.1266
inode_9	327.1266
inode_10	327.4395
inode_11	327.6108
inode_12	362.9224
inode_13	362.9203
inode_14	361.6198
inode_15	363.2280
inode_16	362.8964
inode_17	362.8944
inode_18	361.6147
inode_19	363.2193
inode_20	358.1340
inode_21	358.1326
inode_22	360.4143
inode_23	361.8075
inode_24	344.8248
inode_25	344.8239
inode_26	344.6718
inode_27	345.5461
