C_0	C_1	C_2	C_3	C_4	C_5	C_6	C_7	C_8	C_9	C_10	C_11	C_12	C_13	C_14	C_15	C_16	C_17	C_18	C_19	C_20	C_21	C_22	C_23	C_24	C_25	C_26	C_27	C_28	C_29	C_30	C_31	
68.32	69.22	69.23	68.38	69.17	70.51	70.50	69.15	69.65	71.00	71.00	69.67	68.94	69.82	69.82	68.90	66.38	67.27	67.24	66.42	67.16	68.43	68.39	67.09	67.13	68.43	68.39	67.09	66.36	67.17	67.15	66.29
68.36	69.26	69.26	68.47	69.17	70.42	70.41	69.09	69.65	70.96	70.96	69.72	69.13	69.99	69.98	69.03	66.20	67.12	67.11	66.29	66.87	68.07	68.05	66.79	66.80	68.07	68.05	66.82	66.16	66.94	66.92	66.05
68.38	69.28	69.29	68.53	69.16	70.35	70.34	69.05	69.63	70.90	70.90	69.73	69.25	70.08	70.08	69.11	66.11	67.05	67.05	66.24	66.72	67.85	67.84	66.61	66.60	67.83	67.82	66.66	66.06	66.80	66.79	65.92
68.40	69.30	69.31	68.58	69.15	70.29	70.28	69.02	69.61	70.84	70.84	69.74	69.33	70.15	70.14	69.16	66.06	67.01	67.01	66.21	66.61	67.69	67.68	66.49	66.45	67.66	67.65	66.54	65.99	66.71	66.69	65.83
68.41	69.31	69.32	68.63	69.15	70.24	70.23	68.99	69.58	70.79	70.80	69.74	69.40	70.20	70.19	69.20	66.03	66.98	66.98	66.20	66.54	67.57	67.56	66.40	66.35	67.52	67.52	66.45	65.95	66.64	66.62	65.77
68.42	69.32	69.34	68.67	69.16	70.20	70.18	68.97	69.56	70.75	70.76	69.75	69.45	70.24	70.23	69.23	66.01	66.96	66.97	66.20	66.49	67.48	67.47	66.33	66.27	67.41	67.42	66.39	65.92	66.59	66.57	65.72
68.44	69.33	69.35	68.70	69.16	70.16	70.14	68.95	69.54	70.71	70.72	69.75	69.50	70.27	70.26	69.25	66.00	66.95	66.97	66.21	66.46	67.41	67.39	66.28	66.20	67.33	67.33	66.34	65.91	66.55	66.53	65.68
68.45	69.34	69.36	68.74	69.16	70.13	70.11	68.94	69.52	70.67	70.69	69.76	69.54	70.30	70.28	69.27	65.99	66.95	66.96	66.22	66.44	67.35	67.33	66.24	66.15	67.25	67.26	66.31	65.90	66.52	66.50	65.66
68.46	69.35	69.37	68.77	69.16	70.10	70.08	68.92	69.51	70.64	70.66	69.76	69.58	70.32	70.30	69.29	65.99	66.95	66.97	66.24	66.42	67.29	67.28	66.20	66.10	67.19	67.20	66.28	65.89	66.50	66.47	65.64
68.46	69.35	69.38	68.79	69.17	70.07	70.05	68.91	69.50	70.61	70.63	69.77	69.61	70.34	70.32	69.31	65.99	66.95	66.97	66.25	66.41	67.25	67.23	66.17	66.07	67.13	67.15	66.26	65.89	66.48	66.46	65.62
68.23	69.11	69.14	68.58	68.93	69.80	69.77	68.65	69.24	70.33	70.36	69.53	69.40	70.11	70.08	69.08	65.99	66.94	66.97	66.27	66.40	67.21	67.19	66.14	66.03	67.08	67.10	66.24	65.90	66.46	66.44	65.61
68.44	69.33	69.36	68.81	69.15	69.99	69.96	68.85	69.44	70.53	70.55	69.76	69.64	70.34	70.31	69.30	65.99	66.94	66.97	66.29	66.40	67.18	67.15	66.12	66.00	67.04	67.05	66.22	65.90	66.45	66.42	65.60
68.43	69.30	69.38	68.80	69.16	69.98	69.94	68.86	69.44	70.52	70.55	69.78	69.68	70.37	70.33	69.32	65.99	66.94	66.97	66.30	66.40	67.15	67.12	66.10	65.98	66.99	67.01	66.21	65.90	66.44	66.40	65.59
68.40	69.27	69.27	68.84	69.03	69.83	69.81	68.72	69.43	70.50	70.53	69.79	69.71	70.38	70.34	69.33	65.99	66.94	66.97	66.32	66.40	67.12	67.09	66.08	65.95	66.95	66.98	66.20	65.91	66.42	66.39	65.58
68.40	69.26	69.27	68.86	69.03	69.80	69.78	68.71	69.43	70.48	70.52	69.80	69.74	70.39	70.35	69.34	65.99	66.94	66.97	66.33	66.40	67.10	67.06	66.07	65.93	66.92	66.94	66.19	65.91	66.41	66.38	65.57
68.40	69.26	69.27	68.88	69.03	69.78	69.75	68.69	69.42	70.46	70.50	69.82	69.76	70.40	70.36	69.35	65.99	66.93	66.97	66.35	66.40	67.07	67.03	66.05	65.90	66.88	66.91	66.18	65.92	66.40	66.36	65.56
68.40	69.26	69.27	68.90	69.03	69.76	69.73	68.67	69.41	70.45	70.49	69.83	69.79	70.41	70.36	69.36	65.99	66.93	66.97	66.36	66.40	67.05	67.01	66.04	65.88	66.85	66.88	66.17	65.92	66.39	66.35	65.55
68.17	69.02	69.03	68.68	68.79	69.49	69.46	68.42	69.16	70.18	70.23	69.60	69.56	70.16	70.12	69.12	65.98	66.92	66.97	66.37	66.40	67.03	66.99	66.02	65.86	66.81	66.85	66.16	65.93	66.38	66.34	65.54
68.38	69.23	69.24	68.91	69.01	69.69	69.65	68.62	69.37	70.38	70.44	69.82	69.79	70.39	70.33	69.33	65.98	66.92	66.97	66.38	66.41	67.01	66.96	66.01	65.84	66.78	66.82	66.16	65.93	66.37	66.32	65.54
68.36	69.22	69.28	68.95	69.07	69.80	69.62	68.61	69.38	70.39	70.45	69.85	69.83	70.41	70.35	69.35	65.98	66.91	66.96	66.39	66.41	66.99	66.94	65.99	65.82	66.75	66.79	66.15	65.94	66.36	66.31	65.53
68.38	69.24	69.27	68.88	69.06	69.70	69.67	68.66	69.38	70.38	70.44	69.87	69.86	70.42	70.36	69.36	65.97	66.90	66.96	66.40	66.41	66.98	66.92	65.98	65.80	66.72	66.77	66.14	65.94	66.35	66.30	65.52
68.39	69.25	69.27	68.89	69.07	69.69	69.67	68.67	69.38	70.37	70.44	69.89	69.88	70.43	70.36	69.37	65.97	66.90	66.95	66.41	66.42	66.96	66.90	65.97	65.78	66.69	66.74	66.14	65.94	66.34	66.28	65.51
68.39	69.25	69.28	68.91	69.08	69.67	69.66	68.66	69.37	70.37	70.43	69.90	69.90	70.44	70.37	69.37	65.96	66.89	66.95	66.42	66.42	66.95	66.89	65.96	65.77	66.67	66.72	66.13	65.95	66.33	66.27	65.50
68.40	69.25	69.28	68.92	69.09	69.66	69.65	68.66	69.37	70.36	70.43	69.91	69.92	70.44	70.37	69.37	65.96	66.88	66.94	66.43	66.43	66.94	66.87	65.95	65.75	66.64	66.69	66.13	65.95	66.32	66.26	65.49
68.16	69.01	69.04	68.69	68.85	69.41	69.39	68.41	69.12	70.10	70.17	69.68	69.68	70.19	70.11	69.13	65.95	66.87	66.94	66.44	66.43	66.92	66.85	65.94	65.73	66.61	66.67	66.12	65.95	66.31	66.25	65.48
68.37	69.22	69.26	68.91	69.07	69.61	69.59	68.62	69.33	70.30	70.38	69.90	69.91	70.41	70.33	69.34	65.95	66.86	66.93	66.45	66.44	66.91	66.83	65.93	65.71	66.59	66.65	66.12	65.95	66.30	66.23	65.47
68.38	69.23	69.27	68.94	69.09	69.61	69.59	68.62	69.34	70.31	70.14	69.68	69.69	70.17	70.34	69.36	65.94	66.85	66.92	66.45	66.44	66.90	66.82	65.92	65.70	66.56	66.63	66.11	65.96	66.30	66.22	65.47
68.39	69.23	69.28	68.96	69.10	69.61	69.58	68.62	69.34	70.30	70.11	69.67	69.93	70.40	70.34	69.36	65.94	66.84	66.92	66.46	66.44	66.88	66.80	65.91	65.68	66.54	66.61	66.11	65.96	66.29	66.21	65.46
68.39	69.24	69.28	68.97	69.11	69.60	69.58	68.62	69.34	70.30	70.10	69.67	69.96	70.41	70.34	69.36	65.93	66.83	66.91	66.46	66.45	66.87	66.79	65.90	65.67	66.52	66.59	66.11	65.96	66.28	66.20	65.45
68.39	69.24	69.28	68.99	69.12	69.60	69.57	68.62	69.33	70.29	70.08	69.67	69.98	70.42	70.34	69.36	65.92	66.82	66.90	66.47	66.45	66.86	66.77	65.89	65.65	66.50	66.57	66.10	65.96	66.27	66.18	65.44
68.15	68.99	69.04	68.76	68.88	69.34	69.31	68.37	69.08	70.03	70.32	69.92	69.74	70.17	70.08	69.12	65.91	66.81	66.89	66.47	66.45	66.85	66.76	65.88	65.64	66.47	66.55	66.10	65.96	66.26	66.17	65.43
68.36	69.20	69.26	68.98	69.11	69.55	69.51	68.57	69.29	70.24	70.34	69.95	69.98	70.39	70.30	69.33	65.91	66.80	66.89	66.48	66.46	66.84	66.75	65.87	65.62	66.45	66.53	66.09	65.96	66.25	66.16	65.42
68.39	69.22	69.33	68.97	69.16	69.53	69.52	68.59	69.30	70.25	70.35	69.97	70.01	70.41	70.31	69.34	65.90	66.79	66.88	66.48	66.46	66.83	66.73	65.86	65.61	66.43	66.51	66.09	65.96	66.24	66.15	65.41
68.39	69.23	69.34	68.98	69.17	69.52	69.52	68.59	69.30	70.25	70.36	69.99	70.03	70.42	70.31	69.34	65.89	66.77	66.88	66.49	66.47	66.82	66.72	65.85	65.59	66.41	66.50	66.09	65.97	66.23	66.13	65.40
68.39	69.23	69.35	68.99	69.19	69.52	69.51	68.59	69.30	70.24	70.36	70.01	70.04	70.42	70.30	69.34	65.89	66.76	66.87	66.49	66.47	66.82	66.71	65.84	65.58	66.39	66.48	66.08	65.97	66.22	66.12	65.40
68.40	69.23	69.36	69.00	69.20	69.51	69.51	68.59	69.30	70.24	70.36	70.02	70.05	70.42	70.30	69.34	65.88	66.75	66.86	66.50	66.48	66.81	66.70	65.84	65.57	66.37	66.46	66.08	65.97	66.22	66.11	65.39
68.40	69.23	69.36	69.02	69.21	69.51	69.50	68.58	69.29	70.23	70.36	70.03	70.06	70.42	70.29	69.34	65.87	66.74	66.86	66.50	66.48	66.80	66.68	65.83	65.55	66.35	66.45	66.08	65.97	66.21	66.10	65.38
68.16	68.99	69.12	68.79	68.97	69.26	69.25	68.34	69.05	69.98	70.11	69.79	69.82	70.17	70.04	69.09	65.86	66.73	66.85	66.51	66.48	66.79	66.67	65.82	65.54	66.33	66.43	66.07	65.97	66.20	66.09	65.37
68.36	69.20	69.34	69.01	69.19	69.46	69.45	68.54	69.25	70.19	70.32	70.02	70.05	70.38	70.25	69.30	65.85	66.72	66.84	66.51	66.49	66.78	66.66	65.81	65.53	66.32	66.42	66.07	65.97	66.19	66.08	65.36
68.34	69.17	69.27	69.03	69.18	69.51	69.40	68.49	69.26	70.19	70.33	70.03	70.07	70.39	70.25	69.30	65.85	66.71	66.83	66.51	66.49	66.78	66.65	65.80	65.51	66.30	66.40	66.07	65.97	66.18	66.07	65.35
68.34	69.17	69.27	69.05	69.19	69.51	69.38	68.49	69.26	70.19	70.33	70.05	70.08	70.39	70.25	69.30	65.84	66.70	66.83	66.52	66.49	66.77	66.64	65.79	65.50	66.28	66.39	66.06	65.97	66.18	66.06	65.34
68.33	69.17	69.27	69.06	69.20	69.51	69.37	68.48	69.01	69.93	70.33	70.06	70.09	70.39	70.00	69.06	65.83	66.69	66.82	66.52	66.50	66.76	66.62	65.78	65.49	66.26	66.37	66.06	65.97	66.17	66.04	65.34
68.33	69.16	69.27	69.07	69.21	69.51	69.36	68.47	68.98	69.90	70.33	70.07	69.85	70.14	69.96	69.03	65.82	66.67	66.81	66.52	66.50	66.76	66.61	65.77	65.48	66.25	66.36	66.06	65.97	66.16	66.03	65.33
68.33	69.16	69.27	69.08	69.21	69.50	69.35	68.47	68.96	69.88	70.33	70.08	69.83	70.11	69.94	69.01	65.81	66.66	66.80	66.53	66.50	66.75	66.60	65.76	65.46	66.23	66.35	66.06	65.97	66.15	66.02	65.32
68.32	69.15	69.27	69.09	69.22	69.50	69.34	68.46	68.95	69.86	70.07	69.83	69.82	70.09	69.92	68.99	65.80	66.65	66.80	66.53	66.50	66.74	66.59	65.76	65.45	66.21	66.34	66.05	65.97	66.15	66.01	65.31
68.32	69.15	69.27	69.10	69.22	69.49	69.33	68.45	68.94	69.85	70.04	69.82	69.82	70.08	69.91	68.98	65.79	66.64	66.79	66.53	66.50	66.73	66.58	65.75	65.44	66.20	66.32	66.05	65.97	66.14	66.00	65.30
68.32	69.15	69.27	69.10	69.22	69.49	69.32	68.44	68.93	69.84	70.02	69.80	69.82	70.07	69.90	68.97	65.78	66.62	66.78	66.53	66.50	66.72	66.57	65.74	65.43	66.18	66.31	66.05	65.97	66.13	65.99	65.30
68.31	69.14	69.27	69.11	69.23	69.48	69.31	68.44	68.92	69.83	70.01	69.80	69.82	70.06	69.88	68.96	65.77	66.61	66.77	66.53	66.50	66.72	66.55	65.73	65.42	66.17	66.30	66.04	65.97	66.12	65.98	65.29
68.31	69.14	69.26	69.11	69.23	69.48	69.31	68.43	68.91	69.81	70.00	69.80	69.82	70.05	69.87	68.95	65.76	66.60	66.76	66.53	66.51	66.71	66.54	65.72	65.41	66.15	66.29	66.04	65.97	66.12	65.97	65.28
68.31	69.13	69.26	69.12	69.24	69.47	69.30	68.42	68.90	69.81	69.99	69.80	69.82	70.04	69.86	68.95	65.76	66.59	66.75	66.53	66.51	66.70	66.53	65.71	65.40	66.14	66.28	66.04	65.97	66.11	65.96	65.27
68.30	69.13	69.26	69.13	69.24	69.47	69.29	68.41	68.90	69.80	69.99	69.80	69.82	70.04	69.86	68.94	65.75	66.58	66.75	66.53	66.51	66.69	66.52	65.70	65.38	66.12	66.26	66.04	65.97	66.10	65.95	65.26
68.30	69.13	69.26	69.13	69.24	69.46	69.28	68.41	68.89	69.79	69.98	69.80	69.83	70.03	69.85	68.93	65.74	66.57	66.74	66.53	66.51	66.69	66.51	65.70	65.37	66.11	66.25	66.03	65.97	66.10	65.94	65.26
68.30	69.12	69.26	69.14	69.25	69.46	69.27	68.40	68.88	69.78	69.98	69.81	69.83	70.03	69.84	68.92	65.73	66.56	66.73	66.53	66.51	66.68	66.50	65.69	65.36	66.10	66.24	66.03	65.97	66.09	65.93	65.25
68.29	69.12	69.26	69.14	69.25	69.45	69.26	68.39	68.88	69.77	69.97	69.81	69.83	70.02	69.83	68.92	65.72	66.55	66.72	66.53	66.51	66.68	66.49	65.68	65.35	66.08	66.23	66.03	65.96	66.08	65.92	65.24
68.29	69.11	69.26	69.15	69.25	69.45	69.26	68.39	68.87	69.77	69.97	69.81	69.84	70.02	69.82	68.91	65.71	66.54	66.72	66.53	66.51	66.67	66.48	65.67	65.34	66.07	66.22	66.03	65.96	66.08	65.91	65.23
68.28	69.11	69.26	69.15	69.26	69.45	69.25	68.38	68.87	69.76	69.96	69.82	69.84	70.01	69.81	68.90	65.70	66.53	66.71	66.53	66.51	66.66	66.47	65.66	65.33	66.06	66.21	66.02	65.96	66.07	65.90	65.22
68.28	69.11	69.26	69.16	69.26	69.44	69.24	68.38	68.86	69.75	69.96	69.82	69.84	70.01	69.80	68.90	65.69	66.52	66.70	66.53	66.51	66.66	66.46	65.66	65.32	66.04	66.20	66.02	65.96	66.06	65.89	65.22
68.28	69.10	69.26	69.16	69.27	69.44	69.23	68.37	68.85	69.74	69.96	69.82	69.85	70.01	69.80	68.89	65.69	66.51	66.69	66.53	66.52	66.65	66.46	65.65	65.31	66.03	66.19	66.02	65.96	66.06	65.89	65.21
68.27	69.10	69.26	69.17	69.27	69.43	69.22	68.36	68.85	69.74	69.95	69.82	69.85	70.00	69.79	68.88	65.67	66.49	66.69	66.53	66.52	66.65	66.45	65.64	65.30	66.02	66.18	66.01	65.96	66.05	65.88	65.20
68.27	69.09	69.26	69.17	69.27	69.43	69.22	68.36	68.84	69.73	69.95	69.83	69.85	70.00	69.78	68.88	65.67	66.48	66.68	66.53	66.52	66.64	66.44	65.63	65.29	66.00	66.17	66.01	65.96	66.05	65.87	65.19
68.26	69.09	69.25	69.18	69.27	69.43	69.21	68.35	68.83	69.72	69.95	69.83	69.85	69.99	69.77	68.87	65.66	66.48	66.67	66.54	66.52	66.64	66.43	65.63	65.28	65.99	66.16	66.01	65.96	66.04	65.86	65.19
68.26	69.09	69.25	69.18	69.28	69.42	69.20	68.34	68.82	69.71	69.95	69.83	69.86	69.99	69.76	68.86	65.66	66.47	66.66	66.54	66.51	66.63	66.42	65.62	65.27	65.98	66.15	66.01	65.96	66.03	65.85	65.18
68.25	69.08	69.25	69.19	69.28	69.42	69.19	68.34	68.82	69.71	69.94	69.84	69.86	69.98	69.76	68.86	65.64	66.45	66.66	66.53	66.52	66.62	66.41	65.61	65.26	65.97	66.14	66.00	65.96	66.03	65.84	65.17
68.25	69.08	69.25	69.19	69.28	69.41	69.19	68.33	68.82	69.70	69.94	69.84	69.86	69.98	69.75	68.85	65.64	66.45	66.66	66.53	66.52	66.62	66.40	65.60	65.25	65.96	66.14	66.00	65.95	66.02	65.83	65.16
68.25	69.07	69.25	69.19	69.29	69.41	69.18	68.32	68.81	69.70	69.93	69.84	69.86	69.98	69.74	68.84	65.63	66.44	66.65	66.53	66.52	66.61	66.39	65.60	65.24	65.95	66.13	66.00	65.95	66.02	65.82	65.16
68.24	69.07	69.25	69.20	69.29	69.41	69.17	68.32	68.80	69.69	69.93	69.84	69.86	69.97	69.73	68.84	65.62	66.43	66.64	66.53	66.52	66.61	66.39	65.59	65.23	65.93	66.12	66.00	65.95	66.01	65.82	65.15
68.24	69.07	69.25	69.20	69.29	69.40	69.17	68.31	68.80	69.68	69.93	69.85	69.87	69.97	69.73	68.83	65.61	66.42	66.64	66.53	66.52	66.60	66.38	65.58	65.22	65.92	66.11	65.99	65.95	66.00	65.81	65.14
68.23	69.06	69.25	69.21	69.29	69.40	69.16	68.31	68.79	69.68	69.92	69.85	69.87	69.96	69.72	68.82	65.60	66.41	66.63	66.53	66.52	66.60	66.37	65.57	65.21	65.91	66.10	65.99	65.95	66.00	65.80	65.14
68.23	69.06	69.25	69.21	69.30	69.40	69.15	68.30	68.78	69.67	69.92	69.85	69.87	69.96	69.71	68.81	65.60	66.40	66.62	66.53	66.52	66.59	66.36	65.57	65.21	65.90	66.09	65.99	65.95	65.99	65.79	65.13
68.22	69.05	69.25	69.21	69.30	69.39	69.15	68.29	68.78	69.66	69.91	69.85	69.87	69.95	69.70	68.81	65.59	66.39	66.62	66.53	66.52	66.59	66.35	65.56	65.20	65.89	66.09	65.99	65.95	65.99	65.78	65.12
68.22	69.05	69.25	69.21	69.30	69.39	69.14	68.29	68.77	69.66	69.91	69.85	69.87	69.95	69.70	68.80	65.58	66.38	66.61	66.53	66.52	66.58	66.34	65.55	65.19	65.88	66.08	65.98	65.94	65.98	65.78	65.11
68.22	69.05	69.24	69.22	69.30	69.39	69.13	68.28	68.77	69.65	69.91	69.86	69.87	69.95	69.69	68.79	65.57	66.37	66.60	66.53	66.52	66.58	66.34	65.55	65.18	65.87	66.07	65.98	65.94	65.98	65.77	65.11
