Metric	Core0	Core1	Core2	Core3	Core4	Core5	Core6	Core7	Core8	Core9	Core10	Core11	Core12	Core13	Core14	Core15	Core16	Core17	Core18	Core19	Core20	Core21	Core22	Core23	Core24	Core25	Core26	Core27	Core28	Core29	Core30	Core31
total	2.354	2.313	2.460	2.442	2.457	2.410	2.282	2.298	1000.227	1000.227	1000.227	1000.227	1000.227	1000.227	1000.227	1000.227	3600818.714	3600818.714	3600818.714	3600818.714	3600818.714	3600818.714	3600818.714	3600818.714	1000.227	1000.227	1000.227	1000.227	1000.227	1000.227	1000.227	1000.227
base	0.250	0.250	0.250	0.250	0.250	0.250	0.250	0.250	0.000	0.000	0.000	0.000	0.000	0.000	0.000	0.000	0.000	0.000	0.000	0.000	0.000	0.000	0.000	0.000	0.000	0.000	0.000	0.000	0.000	0.000	0.000	0.000
dispatch_width	-
rs_full	-
depend	-
depend-int	-
depend-fp	0.138	0.139	0.137	0.137	0.137	0.137	0.139	0.139	0.000	0.000	0.000	0.000	0.000	0.000	0.000	0.000	0.000	0.000	0.000	0.000	0.000	0.000	0.000	0.000	0.000	0.000	0.000	0.000	0.000	0.000	0.000	0.000
depend-branch	-
issue	0.068	0.067	0.069	0.069	0.068	0.069	0.067	0.067	0.000	0.000	0.000	0.000	0.000	0.000	0.000	0.000	0.000	0.000	0.000	0.000	0.000	0.000	0.000	0.000	0.000	0.000	0.000	0.000	0.000	0.000	0.000	0.000
serial	-
smt	-
branch	0.612	0.588	0.668	0.642	0.655	0.588	0.581	0.586	0.000	0.000	0.000	0.000	0.000	0.000	0.000	0.000	0.000	0.000	0.000	0.000	0.000	0.000	0.000	0.000	0.000	0.000	0.000	0.000	0.000	0.000	0.000	0.000
itlb	-
dtlb	-
ifetch	-
mem	-
mem-l1d	-
mem-l2	-
mem-l3	-
mem-l4	-
mem-remote	-
mem-nuca	-
mem-dram-cache	-
mem-dram	1.220	1.205	1.271	1.278	1.283	1.300	1.181	1.192	0.000	0.000	0.000	0.000	0.000	0.000	0.000	0.000	0.000	0.000	0.000	0.000	0.000	0.000	0.000	0.000	0.000	0.000	0.000	0.000	0.000	0.000	0.000	0.000
sync	-
dvfs-transition	-
imbalance	0.000	0.000	0.000	0.000	0.000	0.000	0.000	0.000	1000.227	1000.227	1000.227	1000.227	1000.227	1000.227	1000.227	1000.227	3600818.714	3600818.714	3600818.714	3600818.714	3600818.714	3600818.714	3600818.714	3600818.714	1000.227	1000.227	1000.227	1000.227	1000.227	1000.227	1000.227	1000.227
other	0.065	0.064	0.066	0.066	0.064	0.066	0.064	0.064	0.000	0.000	0.000	0.000	0.000	0.000	0.000	0.000	0.000	0.000	0.000	0.000	0.000	0.000	0.000	0.000	0.000	0.000	0.000	0.000	0.000	0.000	0.000	0.000
