pcb_C_0	328.6220
pcb_C_1	329.3672
pcb_C_2	329.7002
pcb_C_3	329.8404
pcb_C_4	329.8460
pcb_C_5	329.7085
pcb_C_6	329.3697
pcb_C_7	328.6229
pcb_C_8	328.3447
pcb_C_9	329.0154
pcb_C_10	329.3660
pcb_C_11	329.5251
pcb_C_12	329.5288
pcb_C_13	329.3721
pcb_C_14	329.0187
pcb_C_15	328.3464
pcb_C_16	327.8390
pcb_C_17	328.1439
pcb_C_18	328.3721
pcb_C_19	328.4940
pcb_C_20	328.4956
pcb_C_21	328.3752
pcb_C_22	328.1464
pcb_C_23	327.8407
pcb_C_24	327.4615
pcb_C_25	327.4746
pcb_C_26	327.5737
pcb_C_27	327.6435
pcb_C_28	327.6441
pcb_C_29	327.5751
pcb_C_30	327.4760
pcb_C_31	327.4627
solder_C_0	328.9903
solder_C_1	329.6749
solder_C_2	330.0077
solder_C_3	330.1550
solder_C_4	330.1660
solder_C_5	330.0222
solder_C_6	329.6762
solder_C_7	328.9904
solder_C_8	328.7423
solder_C_9	329.3578
solder_C_10	329.7150
solder_C_11	329.8816
solder_C_12	329.8867
solder_C_13	329.7228
solder_C_14	329.3613
solder_C_15	328.7441
solder_C_16	327.8720
solder_C_17	328.0844
solder_C_18	328.3236
solder_C_19	328.4552
solder_C_20	328.4570
solder_C_21	328.3269
solder_C_22	328.0870
solder_C_23	327.8737
solder_C_24	327.3937
solder_C_25	327.3105
solder_C_26	327.4227
solder_C_27	327.5029
solder_C_28	327.5036
solder_C_29	327.4241
solder_C_30	327.3119
solder_C_31	327.3949
sub_C_0	329.0748
sub_C_1	329.7632
sub_C_2	330.0991
sub_C_3	330.2496
sub_C_4	330.2637
sub_C_5	330.1169
sub_C_6	329.7633
sub_C_7	329.0744
sub_C_8	328.8795
sub_C_9	329.5072
sub_C_10	329.8713
sub_C_11	330.0407
sub_C_12	330.0460
sub_C_13	329.8795
sub_C_14	329.5108
sub_C_15	328.8815
sub_C_16	327.7697
sub_C_17	328.0170
sub_C_18	328.2674
sub_C_19	328.4026
sub_C_20	328.4044
sub_C_21	328.2706
sub_C_22	328.0195
sub_C_23	327.7714
sub_C_24	327.2676
sub_C_25	327.2296
sub_C_26	327.3552
sub_C_27	327.4399
sub_C_28	327.4406
sub_C_29	327.3567
sub_C_30	327.2311
sub_C_31	327.2688
layer_3_C_0	329.8164
layer_3_C_1	330.6015
layer_3_C_2	330.9588
layer_3_C_3	331.1372
layer_3_C_4	331.1834
layer_3_C_5	331.0105
layer_3_C_6	330.5888
layer_3_C_7	329.8108
layer_3_C_8	330.2136
layer_3_C_9	331.0132
layer_3_C_10	331.4470
layer_3_C_11	331.6419
layer_3_C_12	331.6493
layer_3_C_13	331.4573
layer_3_C_14	331.0187
layer_3_C_15	330.2176
layer_3_C_16	326.7241
layer_3_C_17	327.3144
layer_3_C_18	327.6753
layer_3_C_19	327.8456
layer_3_C_20	327.8471
layer_3_C_21	327.6782
layer_3_C_22	327.3168
layer_3_C_23	326.7259
layer_3_C_24	326.0610
layer_3_C_25	326.4333
layer_3_C_26	326.6879
layer_3_C_27	326.8136
layer_3_C_28	326.8143
layer_3_C_29	326.6893
layer_3_C_30	326.4348
layer_3_C_31	326.0623
layer_4_TB_0	329.6519
layer_4_TB_1	330.4369
layer_4_TB_2	330.7968
layer_4_TB_3	330.9750
layer_4_TB_4	331.0184
layer_4_TB_5	330.8456
layer_4_TB_6	330.4253
layer_4_TB_7	329.6468
layer_4_TB_8	330.0117
layer_4_TB_9	330.8117
layer_4_TB_10	331.2453
layer_4_TB_11	331.4402
layer_4_TB_12	331.4474
layer_4_TB_13	331.2553
layer_4_TB_14	330.8170
layer_4_TB_15	330.0155
layer_4_TB_16	326.7217
layer_4_TB_17	327.3125
layer_4_TB_18	327.6735
layer_4_TB_19	327.8438
layer_4_TB_20	327.8454
layer_4_TB_21	327.6765
layer_4_TB_22	327.3149
layer_4_TB_23	326.7235
layer_4_TB_24	326.0596
layer_4_TB_25	326.4323
layer_4_TB_26	326.6871
layer_4_TB_27	326.8128
layer_4_TB_28	326.8135
layer_4_TB_29	326.6885
layer_4_TB_30	326.4338
layer_4_TB_31	326.0609
hsp_TB_0	328.0073
hsp_TB_1	328.7901
hsp_TB_2	329.1773
hsp_TB_3	329.3531
hsp_TB_4	329.3687
hsp_TB_5	329.1966
hsp_TB_6	328.7894
hsp_TB_7	328.0065
hsp_TB_8	327.9930
hsp_TB_9	328.7971
hsp_TB_10	329.2285
hsp_TB_11	329.4231
hsp_TB_12	329.4281
hsp_TB_13	329.2360
hsp_TB_14	328.8006
hsp_TB_15	327.9952
hsp_TB_16	326.6978
hsp_TB_17	327.2938
hsp_TB_18	327.6559
hsp_TB_19	327.8265
hsp_TB_20	327.8280
hsp_TB_21	327.6588
hsp_TB_22	327.2962
hsp_TB_23	326.6996
hsp_TB_24	326.0454
hsp_TB_25	326.4228
hsp_TB_26	326.6786
hsp_TB_27	326.8047
hsp_TB_28	326.8053
hsp_TB_29	326.6800
hsp_TB_30	326.4243
hsp_TB_31	326.0467
hsink_TB_0	327.3232
hsink_TB_1	328.0749
hsink_TB_2	328.4689
hsink_TB_3	328.6436
hsink_TB_4	328.6497
hsink_TB_5	328.4778
hsink_TB_6	328.0772
hsink_TB_7	327.3240
hsink_TB_8	327.2400
hsink_TB_9	328.0137
hsink_TB_10	328.4432
hsink_TB_11	328.6372
hsink_TB_12	328.6406
hsink_TB_13	328.4488
hsink_TB_14	328.0167
hsink_TB_15	327.2418
hsink_TB_16	326.6048
hsink_TB_17	327.1965
hsink_TB_18	327.5583
hsink_TB_19	327.7289
hsink_TB_20	327.7303
hsink_TB_21	327.5611
hsink_TB_22	327.1988
hsink_TB_23	326.6065
hsink_TB_24	326.0309
hsink_TB_25	326.4096
hsink_TB_26	326.6658
hsink_TB_27	326.7919
hsink_TB_28	326.7925
hsink_TB_29	326.6672
hsink_TB_30	326.4111
hsink_TB_31	326.0322
inode_0	325.4409
inode_1	325.4421
inode_2	324.8228
inode_3	326.3183
inode_4	325.4246
inode_5	325.4258
inode_6	324.8147
inode_7	326.3052
inode_8	324.7696
inode_9	324.7707
inode_10	324.0480
inode_11	325.3670
inode_12	328.1669
inode_13	328.1681
inode_14	327.1005
inode_15	329.3525
inode_16	328.1644
inode_17	328.1656
inode_18	327.1003
inode_19	329.3517
inode_20	327.5276
inode_21	327.5289
inode_22	327.0386
inode_23	329.2364
inode_24	325.3381
inode_25	325.3390
inode_26	324.5134
inode_27	326.0868
