pcb_LC_0	371.7308
pcb_LC_1	373.6767
pcb_LC_2	374.5416
pcb_LC_3	374.8909
pcb_LC_4	374.8907
pcb_LC_5	374.5414
pcb_LC_6	373.6769
pcb_LC_7	371.7308
pcb_LC_8	371.6875
pcb_LC_9	373.9908
pcb_LC_10	375.0991
pcb_LC_11	375.5597
pcb_LC_12	375.5596
pcb_LC_13	375.0991
pcb_LC_14	373.9913
pcb_LC_15	371.6878
pcb_LC_16	371.6858
pcb_LC_17	373.9878
pcb_LC_18	375.0955
pcb_LC_19	375.5559
pcb_LC_20	375.5560
pcb_LC_21	375.0957
pcb_LC_22	373.9883
pcb_LC_23	371.6861
pcb_LC_24	371.7256
pcb_LC_25	373.6684
pcb_LC_26	374.5320
pcb_LC_27	374.8812
pcb_LC_28	374.8813
pcb_LC_29	374.5323
pcb_LC_30	373.6687
pcb_LC_31	371.7256
solder_LC_0	375.0568
solder_LC_1	375.7431
solder_LC_2	376.2732
solder_LC_3	376.5496
solder_LC_4	376.5482
solder_LC_5	376.2722
solder_LC_6	375.7438
solder_LC_7	375.0560
solder_LC_8	375.2376
solder_LC_9	376.1377
solder_LC_10	376.8232
solder_LC_11	377.1799
solder_LC_12	377.1795
solder_LC_13	376.8224
solder_LC_14	376.1398
solder_LC_15	375.2382
solder_LC_16	375.2347
solder_LC_17	376.1335
solder_LC_18	376.8175
solder_LC_19	377.1736
solder_LC_20	377.1742
solder_LC_21	376.8172
solder_LC_22	376.1349
solder_LC_23	375.2356
solder_LC_24	375.0458
solder_LC_25	375.7280
solder_LC_26	376.2555
solder_LC_27	376.5326
solder_LC_28	376.5332
solder_LC_29	376.2567
solder_LC_30	375.7288
solder_LC_31	375.0451
sub_LC_0	375.4040
sub_LC_1	376.1320
sub_LC_2	376.7203
sub_LC_3	377.0278
sub_LC_4	377.0246
sub_LC_5	376.7185
sub_LC_6	376.1332
sub_LC_7	375.4015
sub_LC_8	375.5840
sub_LC_9	376.5028
sub_LC_10	377.2344
sub_LC_11	377.6155
sub_LC_12	377.6151
sub_LC_13	377.2326
sub_LC_14	376.5072
sub_LC_15	375.5849
sub_LC_16	375.5812
sub_LC_17	376.5006
sub_LC_18	377.2295
sub_LC_19	377.6082
sub_LC_20	377.6100
sub_LC_21	377.2278
sub_LC_22	376.5025
sub_LC_23	375.5833
sub_LC_24	375.3861
sub_LC_25	376.1115
sub_LC_26	376.6955
sub_LC_27	377.0053
sub_LC_28	377.0061
sub_LC_29	376.6981
sub_LC_30	376.1126
sub_LC_31	375.3836
layer_3_LC_0	378.4010
layer_3_LC_1	379.6850
layer_3_LC_2	380.8461
layer_3_LC_3	381.4438
layer_3_LC_4	381.4205
layer_3_LC_5	380.8360
layer_3_LC_6	379.6918
layer_3_LC_7	378.3804
layer_3_LC_8	378.5477
layer_3_LC_9	379.9304
layer_3_LC_10	381.1789
layer_3_LC_11	381.8143
layer_3_LC_12	381.8136
layer_3_LC_13	381.1660
layer_3_LC_14	379.9618
layer_3_LC_15	378.5505
layer_3_LC_16	378.5522
layer_3_LC_17	379.9559
layer_3_LC_18	381.1886
layer_3_LC_19	381.7989
layer_3_LC_20	381.8147
layer_3_LC_21	381.1694
layer_3_LC_22	379.9630
layer_3_LC_23	378.5685
layer_3_LC_24	378.3117
layer_3_LC_25	379.6077
layer_3_LC_26	380.7456
layer_3_LC_27	381.3652
layer_3_LC_28	381.3676
layer_3_LC_29	380.7641
layer_3_LC_30	379.6119
layer_3_LC_31	378.2893
layer_4_TB_0	378.2641
layer_4_TB_1	379.5462
layer_4_TB_2	380.7048
layer_4_TB_3	381.3009
layer_4_TB_4	381.2776
layer_4_TB_5	380.6947
layer_4_TB_6	379.5530
layer_4_TB_7	378.2435
layer_4_TB_8	378.4106
layer_4_TB_9	379.7912
layer_4_TB_10	381.0370
layer_4_TB_11	381.6708
layer_4_TB_12	381.6701
layer_4_TB_13	381.0241
layer_4_TB_14	379.8227
layer_4_TB_15	378.4133
layer_4_TB_16	378.4152
layer_4_TB_17	379.8168
layer_4_TB_18	381.0469
layer_4_TB_19	381.6555
layer_4_TB_20	381.6713
layer_4_TB_21	381.0277
layer_4_TB_22	379.8239
layer_4_TB_23	378.4315
layer_4_TB_24	378.1749
layer_4_TB_25	379.4690
layer_4_TB_26	380.6043
layer_4_TB_27	381.2224
layer_4_TB_28	381.2248
layer_4_TB_29	380.6229
layer_4_TB_30	379.4732
layer_4_TB_31	378.1525
layer_5_B_0	376.8955
layer_5_B_1	378.1582
layer_5_B_2	379.2912
layer_5_B_3	379.8723
layer_5_B_4	379.8487
layer_5_B_5	379.2814
layer_5_B_6	378.1648
layer_5_B_7	376.8747
layer_5_B_8	377.0387
layer_5_B_9	378.3988
layer_5_B_10	379.6182
layer_5_B_11	380.2362
layer_5_B_12	380.2356
layer_5_B_13	379.6051
layer_5_B_14	378.4310
layer_5_B_15	377.0412
layer_5_B_16	377.0448
layer_5_B_17	378.4268
layer_5_B_18	379.6302
layer_5_B_19	380.2214
layer_5_B_20	380.2379
layer_5_B_21	379.6101
layer_5_B_22	378.4335
layer_5_B_23	377.0617
layer_5_B_24	376.8067
layer_5_B_25	378.0815
layer_5_B_26	379.1911
layer_5_B_27	379.7948
layer_5_B_28	379.7969
layer_5_B_29	379.2101
layer_5_B_30	378.0857
layer_5_B_31	376.7838
layer_6_TB_0	376.6336
layer_6_TB_1	377.8957
layer_6_TB_2	379.0256
layer_6_TB_3	379.6051
layer_6_TB_4	379.5821
layer_6_TB_5	379.0159
layer_6_TB_6	377.9023
layer_6_TB_7	376.6137
layer_6_TB_8	376.7795
layer_6_TB_9	378.1388
layer_6_TB_10	379.3545
layer_6_TB_11	379.9708
layer_6_TB_12	379.9701
layer_6_TB_13	379.3417
layer_6_TB_14	378.1700
layer_6_TB_15	376.7821
layer_6_TB_16	376.7853
layer_6_TB_17	378.1658
layer_6_TB_18	379.3659
layer_6_TB_19	379.9565
layer_6_TB_20	379.9725
layer_6_TB_21	379.3466
layer_6_TB_22	378.1724
layer_6_TB_23	376.8017
layer_6_TB_24	376.5458
layer_6_TB_25	377.8195
layer_6_TB_26	378.9267
layer_6_TB_27	379.5281
layer_6_TB_28	379.5301
layer_6_TB_29	378.9451
layer_6_TB_30	377.8237
layer_6_TB_31	376.5235
layer_7_B_32	374.0149
layer_7_B_33	375.2709
layer_7_B_34	376.3686
layer_7_B_35	376.9335
layer_7_B_36	376.9164
layer_7_B_37	376.3609
layer_7_B_38	375.2772
layer_7_B_39	374.0029
layer_7_B_40	374.1869
layer_7_B_41	375.5393
layer_7_B_42	376.7173
layer_7_B_43	377.3173
layer_7_B_44	377.3153
layer_7_B_45	376.7075
layer_7_B_46	375.5606
layer_7_B_47	374.1908
layer_7_B_48	374.1906
layer_7_B_49	375.5561
layer_7_B_50	376.7228
layer_7_B_51	377.3073
layer_7_B_52	377.3181
layer_7_B_53	376.7118
layer_7_B_54	375.5621
layer_7_B_55	374.2015
layer_7_B_56	373.9368
layer_7_B_57	375.1995
layer_7_B_58	376.2823
layer_7_B_59	376.8606
layer_7_B_60	376.8618
layer_7_B_61	376.2951
layer_7_B_62	375.2038
layer_7_B_63	373.9203
layer_8_TB_0	373.7045
layer_8_TB_1	374.9603
layer_8_TB_2	376.0545
layer_8_TB_3	376.6177
layer_8_TB_4	376.6010
layer_8_TB_5	376.0470
layer_8_TB_6	374.9666
layer_8_TB_7	373.6932
layer_8_TB_8	373.8791
layer_8_TB_9	375.2316
layer_8_TB_10	376.4056
layer_8_TB_11	377.0038
layer_8_TB_12	377.0017
layer_8_TB_13	376.3961
layer_8_TB_14	375.2520
layer_8_TB_15	373.8832
layer_8_TB_16	373.8828
layer_8_TB_17	375.2476
layer_8_TB_18	376.4107
layer_8_TB_19	376.9943
layer_8_TB_20	377.0046
layer_8_TB_21	376.4005
layer_8_TB_22	375.2534
layer_8_TB_23	373.8931
layer_8_TB_24	373.6272
layer_8_TB_25	374.8894
layer_8_TB_26	375.9694
layer_8_TB_27	376.5451
layer_8_TB_28	376.5462
layer_8_TB_29	375.9816
layer_8_TB_30	374.8937
layer_8_TB_31	373.6113
layer_9_B_64	370.5997
layer_9_B_65	371.8544
layer_9_B_66	372.9133
layer_9_B_67	373.4591
layer_9_B_68	373.4477
layer_9_B_69	372.9079
layer_9_B_70	371.8606
layer_9_B_71	370.5962
layer_9_B_72	370.8014
layer_9_B_73	372.1543
layer_9_B_74	373.2892
layer_9_B_75	373.8690
layer_9_B_76	373.8656
layer_9_B_77	373.2824
layer_9_B_78	372.1655
layer_9_B_79	370.8067
layer_9_B_80	370.8043
layer_9_B_81	372.1622
layer_9_B_82	373.2901
layer_9_B_83	373.8642
layer_9_B_84	373.8700
layer_9_B_85	373.2875
layer_9_B_86	372.1672
layer_9_B_87	370.8096
layer_9_B_88	370.5314
layer_9_B_89	371.7877
layer_9_B_90	372.8398
layer_9_B_91	373.3901
layer_9_B_92	373.3903
layer_9_B_93	372.8468
layer_9_B_94	371.7922
layer_9_B_95	370.5208
layer_10_TB_0	370.2424
layer_10_TB_1	371.4974
layer_10_TB_2	372.5525
layer_10_TB_3	373.0962
layer_10_TB_4	373.0854
layer_10_TB_5	372.5473
layer_10_TB_6	371.5036
layer_10_TB_7	370.2395
layer_10_TB_8	370.4468
layer_10_TB_9	371.8006
layer_10_TB_10	372.9313
layer_10_TB_11	373.5091
layer_10_TB_12	373.5055
layer_10_TB_13	372.9248
layer_10_TB_14	371.8109
layer_10_TB_15	370.4522
layer_10_TB_16	370.4498
layer_10_TB_17	371.8078
layer_10_TB_18	372.9320
layer_10_TB_19	373.5049
layer_10_TB_20	373.5103
layer_10_TB_21	372.9301
layer_10_TB_22	371.8128
layer_10_TB_23	370.4547
layer_10_TB_24	370.1749
layer_10_TB_25	371.4311
layer_10_TB_26	372.4800
layer_10_TB_27	373.0276
layer_10_TB_28	373.0276
layer_10_TB_29	372.4866
layer_10_TB_30	371.4356
layer_10_TB_31	370.1648
layer_11_B_96	366.6684
layer_11_B_97	367.9277
layer_11_B_98	368.9442
layer_11_B_99	369.4677
layer_11_B_100	369.4620
layer_11_B_101	368.9410
layer_11_B_102	367.9338
layer_11_B_103	366.6730
layer_11_B_104	366.9012
layer_11_B_105	368.2633
layer_11_B_106	369.3531
layer_11_B_107	369.9102
layer_11_B_108	369.9053
layer_11_B_109	369.3491
layer_11_B_110	368.2648
layer_11_B_111	366.9079
layer_11_B_112	366.9047
layer_11_B_113	368.2640
layer_11_B_114	369.3509
layer_11_B_115	369.9117
layer_11_B_116	369.9129
layer_11_B_117	369.3563
layer_11_B_118	368.2681
layer_11_B_119	366.9047
layer_11_B_120	366.6092
layer_11_B_121	367.8650
layer_11_B_122	368.8826
layer_11_B_123	369.4021
layer_11_B_124	369.4011
layer_11_B_125	368.8840
layer_11_B_126	367.8698
layer_11_B_127	366.6042
layer_12_TB_0	366.2660
layer_12_TB_1	367.5263
layer_12_TB_2	368.5386
layer_12_TB_3	369.0598
layer_12_TB_4	369.0545
layer_12_TB_5	368.5356
layer_12_TB_6	367.5324
layer_12_TB_7	366.2713
layer_12_TB_8	366.5019
layer_12_TB_9	367.8656
layer_12_TB_10	368.9511
layer_12_TB_11	369.5059
layer_12_TB_12	369.5009
layer_12_TB_13	368.9473
layer_12_TB_14	367.8662
layer_12_TB_15	366.5086
layer_12_TB_16	366.5054
layer_12_TB_17	367.8658
layer_12_TB_18	368.9486
layer_12_TB_19	369.5080
layer_12_TB_20	369.5088
layer_12_TB_21	368.9548
layer_12_TB_22	367.8697
layer_12_TB_23	366.5050
layer_12_TB_24	366.2076
layer_12_TB_25	367.4639
layer_12_TB_26	368.4780
layer_12_TB_27	368.9945
layer_12_TB_28	368.9933
layer_12_TB_29	368.4789
layer_12_TB_30	367.4687
layer_12_TB_31	366.2030
layer_13_B_128	362.2416
layer_13_B_129	363.5121
layer_13_B_130	364.4823
layer_13_B_131	364.9808
layer_13_B_132	364.9805
layer_13_B_133	364.4814
layer_13_B_134	363.5182
layer_13_B_135	362.2545
layer_13_B_136	362.5078
layer_13_B_137	363.8885
layer_13_B_138	364.9307
layer_13_B_139	365.4627
layer_13_B_140	365.4562
layer_13_B_141	364.9293
layer_13_B_142	363.8802
layer_13_B_143	362.5159
layer_13_B_144	362.5130
layer_13_B_145	363.8832
layer_13_B_146	364.9263
layer_13_B_147	365.4716
layer_13_B_148	365.4683
layer_13_B_149	364.9401
layer_13_B_150	363.8863
layer_13_B_151	362.5076
layer_13_B_152	362.1911
layer_13_B_153	363.4527
layer_13_B_154	364.4321
layer_13_B_155	364.9179
layer_13_B_156	364.9155
layer_13_B_157	364.4279
layer_13_B_158	363.4579
layer_13_B_159	362.1915
layer_14_TB_0	361.7226
layer_14_TB_1	362.9939
layer_14_TB_2	363.9598
layer_14_TB_3	364.4553
layer_14_TB_4	364.4550
layer_14_TB_5	363.9589
layer_14_TB_6	362.9999
layer_14_TB_7	361.7352
layer_14_TB_8	361.9936
layer_14_TB_9	363.3761
layer_14_TB_10	364.4147
layer_14_TB_11	364.9440
layer_14_TB_12	364.9377
layer_14_TB_13	364.4134
layer_14_TB_14	363.3680
layer_14_TB_15	362.0015
layer_14_TB_16	361.9985
layer_14_TB_17	363.3709
layer_14_TB_18	364.4103
layer_14_TB_19	364.9526
layer_14_TB_20	364.9493
layer_14_TB_21	364.4238
layer_14_TB_22	363.3739
layer_14_TB_23	361.9933
layer_14_TB_24	361.6732
layer_14_TB_25	362.9358
layer_14_TB_26	363.9107
layer_14_TB_27	364.3938
layer_14_TB_28	364.3914
layer_14_TB_29	363.9066
layer_14_TB_30	362.9409
layer_14_TB_31	361.6736
layer_15_B_160	356.5327
layer_15_B_161	357.8122
layer_15_B_162	358.7355
layer_15_B_163	359.2006
layer_15_B_164	359.2003
layer_15_B_165	358.7349
layer_15_B_166	357.8167
layer_15_B_167	356.5425
layer_15_B_168	356.8515
layer_15_B_169	358.2522
layer_15_B_170	359.2549
layer_15_B_171	359.7573
layer_15_B_172	359.7527
layer_15_B_173	359.2540
layer_15_B_174	358.2465
layer_15_B_175	356.8575
layer_15_B_176	356.8541
layer_15_B_177	358.2472
layer_15_B_178	359.2507
layer_15_B_179	359.7623
layer_15_B_180	359.7600
layer_15_B_181	359.2606
layer_15_B_182	358.2495
layer_15_B_183	356.8504
layer_15_B_184	356.4941
layer_15_B_185	357.7668
layer_15_B_186	358.6967
layer_15_B_187	359.1527
layer_15_B_188	359.1509
layer_15_B_189	358.6939
layer_15_B_190	357.7707
layer_15_B_191	356.4943
layer_16_TB_0	355.9734
layer_16_TB_1	357.2544
layer_16_TB_2	358.1731
layer_16_TB_3	358.6349
layer_16_TB_4	358.6345
layer_16_TB_5	358.1725
layer_16_TB_6	357.2587
layer_16_TB_7	355.9829
layer_16_TB_8	356.2973
layer_16_TB_9	357.7008
layer_16_TB_10	358.6997
layer_16_TB_11	359.1992
layer_16_TB_12	359.1947
layer_16_TB_13	358.6988
layer_16_TB_14	357.6953
layer_16_TB_15	356.3031
layer_16_TB_16	356.2997
layer_16_TB_17	357.6959
layer_16_TB_18	358.6955
layer_16_TB_19	359.2039
layer_16_TB_20	359.2016
layer_16_TB_21	358.7050
layer_16_TB_22	357.6981
layer_16_TB_23	356.2962
layer_16_TB_24	355.9358
layer_16_TB_25	357.2102
layer_16_TB_26	358.1353
layer_16_TB_27	358.5883
layer_16_TB_28	358.5865
layer_16_TB_29	358.1326
layer_16_TB_30	357.2140
layer_16_TB_31	355.9361
layer_17_B_192	350.3800
layer_17_B_193	351.6763
layer_17_B_194	352.5484
layer_17_B_195	352.9774
layer_17_B_196	352.9771
layer_17_B_197	352.5480
layer_17_B_198	351.6794
layer_17_B_199	350.3868
layer_17_B_200	350.7547
layer_17_B_201	352.1869
layer_17_B_202	353.1469
layer_17_B_203	353.6174
layer_17_B_204	353.6144
layer_17_B_205	353.1464
layer_17_B_206	352.1834
layer_17_B_207	350.7589
layer_17_B_208	350.7556
layer_17_B_209	352.1828
layer_17_B_210	353.1433
layer_17_B_211	353.6196
layer_17_B_212	353.6181
layer_17_B_213	353.1497
layer_17_B_214	352.1844
layer_17_B_215	350.7534
layer_17_B_216	350.3530
layer_17_B_217	351.6445
layer_17_B_218	352.5208
layer_17_B_219	352.9439
layer_17_B_220	352.9426
layer_17_B_221	352.5191
layer_17_B_222	351.6472
layer_17_B_223	350.3532
layer_18_TB_0	349.7831
layer_18_TB_1	351.0817
layer_18_TB_2	351.9486
layer_18_TB_3	352.3741
layer_18_TB_4	352.3738
layer_18_TB_5	351.9483
layer_18_TB_6	351.0847
layer_18_TB_7	349.7896
layer_18_TB_8	350.1632
layer_18_TB_9	351.5994
layer_18_TB_10	352.5551
layer_18_TB_11	353.0226
layer_18_TB_12	353.0197
layer_18_TB_13	352.5547
layer_18_TB_14	351.5960
layer_18_TB_15	350.1672
layer_18_TB_16	350.1640
layer_18_TB_17	351.5954
layer_18_TB_18	352.5516
layer_18_TB_19	353.0246
layer_18_TB_20	353.0232
layer_18_TB_21	352.5578
layer_18_TB_22	351.5969
layer_18_TB_23	350.1619
layer_18_TB_24	349.7571
layer_18_TB_25	351.0511
layer_18_TB_26	351.9221
layer_18_TB_27	352.3418
layer_18_TB_28	352.3407
layer_18_TB_29	351.9205
layer_18_TB_30	351.0537
layer_18_TB_31	349.7572
layer_19_B_224	343.8133
layer_19_B_225	345.1352
layer_19_B_226	345.9510
layer_19_B_227	346.3412
layer_19_B_228	346.3410
layer_19_B_229	345.9509
layer_19_B_230	345.1370
layer_19_B_231	343.8172
layer_19_B_232	344.2480
layer_19_B_233	345.7244
layer_19_B_234	346.6379
layer_19_B_235	347.0745
layer_19_B_236	347.0729
layer_19_B_237	346.6378
layer_19_B_238	345.7227
layer_19_B_239	344.2504
layer_19_B_240	344.2477
layer_19_B_241	345.7214
layer_19_B_242	346.6352
layer_19_B_243	347.0747
layer_19_B_244	347.0739
layer_19_B_245	346.6387
layer_19_B_246	345.7224
layer_19_B_247	344.2467
layer_19_B_248	343.7976
layer_19_B_249	345.1167
layer_19_B_250	345.9346
layer_19_B_251	346.3217
layer_19_B_252	346.3210
layer_19_B_253	345.9338
layer_19_B_254	345.1182
layer_19_B_255	343.7978
layer_20_TB_0	343.1815
layer_20_TB_1	344.5066
layer_20_TB_2	345.3168
layer_20_TB_3	345.7032
layer_20_TB_4	345.7031
layer_20_TB_5	345.3167
layer_20_TB_6	344.5083
layer_20_TB_7	343.1851
layer_20_TB_8	343.6220
layer_20_TB_9	345.1037
layer_20_TB_10	346.0127
layer_20_TB_11	346.4459
layer_20_TB_12	346.4445
layer_20_TB_13	346.0125
layer_20_TB_14	345.1022
layer_20_TB_15	343.6243
layer_20_TB_16	343.6217
layer_20_TB_17	345.1009
layer_20_TB_18	346.0100
layer_20_TB_19	346.4460
layer_20_TB_20	346.4453
layer_20_TB_21	346.0132
layer_20_TB_22	345.1018
layer_20_TB_23	343.6208
layer_20_TB_24	343.1668
layer_20_TB_25	344.4893
layer_20_TB_26	345.3014
layer_20_TB_27	345.6849
layer_20_TB_28	345.6843
layer_20_TB_29	345.3007
layer_20_TB_30	344.4907
layer_20_TB_31	343.1670
hsp_TB_0	336.8630
hsp_TB_1	338.2204
hsp_TB_2	338.9743
hsp_TB_3	339.3231
hsp_TB_4	339.3231
hsp_TB_5	338.9744
hsp_TB_6	338.2210
hsp_TB_7	336.8641
hsp_TB_8	337.3624
hsp_TB_9	338.8972
hsp_TB_10	339.7602
hsp_TB_11	340.1606
hsp_TB_12	340.1604
hsp_TB_13	339.7603
hsp_TB_14	338.8973
hsp_TB_15	337.3631
hsp_TB_16	337.3613
hsp_TB_17	338.8956
hsp_TB_18	339.7585
hsp_TB_19	340.1592
hsp_TB_20	340.1591
hsp_TB_21	339.7591
hsp_TB_22	338.8959
hsp_TB_23	337.3614
hsp_TB_24	336.8586
hsp_TB_25	338.2150
hsp_TB_26	338.9690
hsp_TB_27	339.3173
hsp_TB_28	339.3173
hsp_TB_29	338.9691
hsp_TB_30	338.2154
hsp_TB_31	336.8588
hsink_TB_0	334.5501
hsink_TB_1	335.7014
hsink_TB_2	336.4001
hsink_TB_3	336.7292
hsink_TB_4	336.7292
hsink_TB_5	336.4002
hsink_TB_6	335.7017
hsink_TB_7	334.5504
hsink_TB_8	334.9325
hsink_TB_9	336.2478
hsink_TB_10	337.0531
hsink_TB_11	337.4335
hsink_TB_12	337.4335
hsink_TB_13	337.0532
hsink_TB_14	336.2480
hsink_TB_15	334.9328
hsink_TB_16	334.9320
hsink_TB_17	336.2471
hsink_TB_18	337.0523
hsink_TB_19	337.4327
hsink_TB_20	337.4327
hsink_TB_21	337.0524
hsink_TB_22	336.2473
hsink_TB_23	334.9322
hsink_TB_24	334.5486
hsink_TB_25	335.6996
hsink_TB_26	336.3981
hsink_TB_27	336.7271
hsink_TB_28	336.7271
hsink_TB_29	336.3982
hsink_TB_30	335.6997
hsink_TB_31	334.5488
inode_0	331.2339
inode_1	331.2341
inode_2	332.1156
inode_3	332.1176
inode_4	331.1752
inode_5	331.1754
inode_6	332.0677
inode_7	332.0697
inode_8	329.3475
inode_9	329.3477
inode_10	329.8616
inode_11	329.8633
inode_12	374.7327
inode_13	374.7326
inode_14	374.2957
inode_15	374.3107
inode_16	374.7005
inode_17	374.7005
inode_18	374.2861
inode_19	374.3010
inode_20	368.7110
inode_21	368.7111
inode_22	372.6055
inode_23	372.6183
inode_24	351.8811
inode_25	351.8812
inode_26	352.3221
inode_27	352.3301
