C_0	C_1	C_2	C_3	C_4	C_5	C_6	C_7	C_8	C_9	C_10	C_11	C_12	C_13	C_14	C_15	C_16	C_17	C_18	C_19	C_20	C_21	C_22	C_23	C_24	C_25	C_26	C_27	C_28	C_29	C_30	C_31	
68.33	69.22	69.22	68.37	69.16	70.50	70.51	69.14	69.12	70.48	70.48	69.15	68.41	69.29	69.29	68.36	66.38	67.26	67.24	66.42	67.16	68.43	68.38	67.09	67.13	68.43	68.39	67.09	66.36	67.17	67.14	66.29
68.37	69.27	69.24	68.44	69.16	70.40	70.41	69.07	69.04	70.35	70.36	69.13	68.54	69.39	69.37	68.44	66.19	67.11	67.10	66.28	66.87	68.07	68.05	66.79	66.80	68.07	68.05	66.82	66.16	66.94	66.92	66.05
68.38	69.29	69.26	68.50	69.15	70.32	70.33	69.03	68.99	70.25	70.01	68.87	68.38	69.21	69.19	68.24	66.10	67.04	67.04	66.22	66.70	67.84	67.83	66.60	66.60	67.83	67.83	66.66	66.06	66.80	66.79	65.92
68.40	69.31	69.27	68.54	68.90	70.00	70.01	68.75	68.70	69.92	69.91	68.82	68.65	69.46	69.44	68.48	66.05	66.99	66.99	66.19	66.60	67.68	67.66	66.47	66.45	67.66	67.65	66.54	65.99	66.71	66.69	65.83
68.17	69.07	69.04	68.34	69.10	70.17	70.18	68.93	68.87	70.07	70.07	69.04	68.71	69.51	69.49	68.52	66.01	66.96	66.96	66.18	66.52	67.55	67.54	66.38	66.35	67.52	67.52	66.45	65.95	66.64	66.62	65.76
68.39	69.29	69.26	68.59	69.12	70.14	70.14	68.92	68.85	70.03	70.04	69.05	68.76	69.54	69.52	68.54	65.99	66.94	66.95	66.18	66.47	67.46	67.44	66.31	66.26	67.41	67.42	66.39	65.92	66.58	66.57	65.72
68.41	69.31	69.28	68.63	69.12	70.10	70.11	68.90	68.83	69.99	70.00	69.05	68.57	69.33	69.30	68.33	65.97	66.93	66.94	66.19	66.43	67.38	67.37	66.25	66.20	67.32	67.33	66.34	65.90	66.55	66.53	65.68
68.42	69.32	69.05	68.43	68.88	69.82	69.82	68.65	68.57	69.70	69.72	68.82	68.81	69.56	69.52	68.54	65.97	66.92	66.94	66.20	66.41	67.32	67.30	66.21	66.15	67.25	67.26	66.31	65.90	66.52	66.50	65.66
68.20	69.09	69.03	68.43	69.09	70.01	70.01	68.84	68.76	69.88	69.91	69.03	68.86	69.59	69.56	68.57	65.96	66.92	66.93	66.21	66.39	67.27	67.25	66.17	66.10	67.19	67.20	66.28	65.89	66.49	66.47	65.64
68.18	69.06	69.27	68.68	68.87	69.75	69.74	68.60	68.76	69.87	69.89	69.05	68.89	69.61	69.57	68.59	65.96	66.92	66.93	66.22	66.38	67.22	67.20	66.14	66.06	67.13	67.14	66.25	65.89	66.47	66.45	65.62
68.17	69.05	69.29	68.72	68.85	69.69	69.69	68.56	68.75	69.84	69.87	69.06	68.69	69.39	69.59	68.60	65.96	66.91	66.94	66.24	66.37	67.18	67.16	66.12	66.03	67.08	67.09	66.23	65.89	66.46	66.43	65.61
68.16	69.04	69.07	68.52	68.84	69.65	69.65	68.54	68.50	69.57	69.85	69.07	68.68	69.37	69.36	68.38	65.96	66.91	66.94	66.25	66.36	67.14	67.12	66.09	66.00	67.03	67.05	66.22	65.90	66.44	66.42	65.60
68.16	69.04	69.04	68.51	68.83	69.62	69.61	68.51	68.45	69.52	69.58	68.84	68.69	69.36	69.33	68.36	65.96	66.91	66.94	66.27	66.36	67.11	67.08	66.07	65.97	66.99	67.01	66.21	65.90	66.43	66.40	65.59
68.15	69.03	69.03	68.52	68.83	69.59	69.58	68.49	68.43	69.48	69.54	68.82	68.71	69.36	69.32	68.35	65.95	66.90	66.93	66.28	66.36	67.08	67.05	66.05	65.95	66.95	66.97	66.19	65.91	66.42	66.39	65.58
68.15	69.02	69.03	68.53	68.83	69.56	69.55	68.48	68.41	69.45	69.50	68.81	68.72	69.36	69.32	68.34	65.95	66.90	66.93	66.29	66.35	67.05	67.02	66.03	65.92	66.91	66.94	66.18	65.91	66.41	66.37	65.57
68.15	69.02	69.02	68.54	68.83	69.54	69.52	68.46	68.39	69.42	69.48	68.81	68.74	69.36	69.31	68.34	65.95	66.89	66.93	66.30	66.35	67.03	66.99	66.01	65.90	66.87	66.90	66.17	65.91	66.40	66.36	65.56
68.15	69.02	69.02	68.55	68.83	69.52	69.50	68.45	68.38	69.40	69.45	68.81	68.75	69.36	69.31	68.34	65.94	66.88	66.92	66.31	66.35	67.00	66.96	65.99	65.88	66.84	66.87	66.17	65.92	66.39	66.34	65.55
68.15	69.01	69.02	68.57	68.83	69.50	69.47	68.43	68.36	69.38	69.44	68.82	68.77	69.37	69.31	68.34	65.94	66.88	66.92	66.32	66.35	66.98	66.94	65.98	65.86	66.81	66.84	66.16	65.92	66.38	66.33	65.54
68.15	69.01	69.02	68.58	68.84	69.48	69.45	68.42	68.35	69.35	69.41	68.82	68.78	69.37	69.30	68.34	65.93	66.87	66.92	66.33	66.36	66.96	66.91	65.96	65.83	66.78	66.81	66.15	65.93	66.37	66.32	65.53
68.15	69.01	69.02	68.59	68.84	69.46	69.43	68.41	68.34	69.34	69.40	68.83	68.80	69.37	69.30	68.34	65.93	66.86	66.91	66.34	66.36	66.94	66.89	65.95	65.81	66.74	66.78	66.14	65.93	66.35	66.30	65.52
68.15	69.00	69.02	68.61	68.84	69.45	69.41	68.40	68.33	69.32	69.39	68.83	68.81	69.37	69.29	68.34	65.92	66.85	66.91	66.35	66.36	66.92	66.87	65.93	65.80	66.71	66.76	66.14	65.93	66.34	66.29	65.51
68.15	69.00	69.02	68.62	68.85	69.43	69.39	68.39	68.32	69.30	69.38	68.84	68.82	69.37	69.29	68.34	65.92	66.84	66.90	66.36	66.36	66.91	66.85	65.92	65.78	66.69	66.73	66.13	65.93	66.33	66.28	65.50
68.15	69.00	69.02	68.63	68.85	69.42	69.37	68.38	68.32	69.29	69.37	68.85	68.84	69.36	69.29	68.34	65.91	66.83	66.89	66.36	66.37	66.89	66.83	65.91	65.76	66.66	66.71	66.12	65.94	66.32	66.26	65.49
68.15	68.99	69.02	68.65	68.86	69.40	69.36	68.37	68.30	69.27	69.35	68.85	68.85	69.36	69.28	68.33	65.91	66.82	66.89	66.37	66.37	66.88	66.81	65.90	65.74	66.63	66.68	66.12	65.94	66.31	66.25	65.48
68.14	68.99	69.02	68.66	68.86	69.39	69.34	68.36	68.30	69.26	69.34	68.87	68.86	69.36	69.27	68.33	65.90	66.81	66.88	66.38	66.37	66.86	66.79	65.88	65.72	66.60	66.66	66.11	65.94	66.30	66.24	65.47
68.14	68.98	69.02	68.67	68.87	69.38	69.32	68.35	68.29	69.25	69.33	68.87	68.87	69.36	69.27	68.32	65.89	66.80	66.87	66.39	66.37	66.85	66.77	65.87	65.71	66.58	66.64	66.11	65.94	66.29	66.22	65.47
68.14	68.98	69.02	68.68	68.87	69.36	69.31	68.34	68.28	69.23	69.32	68.88	68.88	69.35	69.26	68.32	65.88	66.79	66.86	66.39	66.38	66.83	66.75	65.86	65.69	66.55	66.62	66.10	65.94	66.28	66.21	65.46
68.14	68.98	69.02	68.69	68.88	69.35	69.29	68.33	68.51	69.46	69.32	68.89	68.89	69.35	69.25	68.32	65.88	66.78	66.85	66.40	66.38	66.82	66.74	65.85	65.67	66.53	66.59	66.10	65.95	66.27	66.20	65.45
68.14	68.98	69.02	68.70	68.88	69.34	69.28	68.32	68.53	69.48	69.31	68.89	68.90	69.35	69.48	68.55	65.87	66.77	66.85	66.40	66.38	66.81	66.72	65.84	65.66	66.51	66.57	66.09	65.95	66.26	66.18	65.44
68.14	68.97	69.02	68.71	68.89	69.33	69.27	68.31	68.54	69.49	69.30	68.90	68.91	69.34	69.51	68.57	65.87	66.76	66.84	66.40	66.38	66.80	66.71	65.83	65.64	66.48	66.55	66.09	65.95	66.25	66.17	65.43
68.14	68.97	69.02	68.72	68.89	69.32	69.25	68.31	68.30	69.23	69.29	68.91	68.92	69.34	69.51	68.58	65.86	66.74	66.83	66.41	66.39	66.78	66.69	65.82	65.62	66.46	66.53	66.08	65.95	66.25	66.16	65.42
68.14	68.96	69.01	68.73	68.89	69.31	69.24	68.30	68.27	69.20	69.29	68.92	68.93	69.34	69.27	68.35	65.85	66.73	66.82	66.41	66.39	66.77	66.68	65.81	65.61	66.44	66.52	66.08	65.95	66.24	66.14	65.41
68.13	68.96	69.01	68.74	68.90	69.30	69.23	68.29	68.26	69.18	69.28	68.92	68.93	69.33	69.24	68.32	65.84	66.72	66.81	66.42	66.39	66.76	66.66	65.80	65.59	66.42	66.50	66.08	65.95	66.23	66.13	65.40
68.13	68.95	69.01	68.75	68.90	69.29	69.21	68.28	68.24	69.17	69.27	68.93	68.94	69.33	69.22	68.31	65.83	66.71	66.80	66.42	66.40	66.75	66.65	65.79	65.58	66.40	66.48	66.07	65.95	66.22	66.12	65.39
68.12	68.95	69.01	68.76	68.91	69.28	69.20	68.27	68.23	69.15	69.27	68.94	68.95	69.32	69.21	68.29	65.82	66.69	66.80	66.42	66.40	66.74	66.64	65.78	65.57	66.38	66.46	66.07	65.95	66.21	66.11	65.38
68.12	68.94	69.01	68.77	68.91	69.27	69.19	68.26	68.22	69.14	69.26	68.94	68.96	69.32	69.19	68.28	65.81	66.68	66.79	66.42	66.40	66.73	66.62	65.77	65.55	66.36	66.45	66.06	65.95	66.20	66.09	65.37
68.12	68.94	69.01	68.77	68.92	69.26	69.17	68.26	68.22	69.13	69.25	68.95	68.96	69.31	69.18	68.27	65.80	66.67	66.78	66.43	66.40	66.72	66.61	65.76	65.54	66.34	66.43	66.06	65.95	66.19	66.08	65.36
68.11	68.93	69.01	68.78	68.92	69.25	69.16	68.25	68.20	69.12	69.25	68.95	68.97	69.31	69.17	68.27	65.79	66.65	66.77	66.43	66.40	66.71	66.59	65.75	65.52	66.32	66.41	66.06	65.95	66.18	66.07	65.36
68.11	68.93	69.01	68.79	68.92	69.25	69.15	68.24	68.20	69.11	69.24	68.96	68.97	69.30	69.16	68.26	65.78	66.64	66.76	66.43	66.41	66.70	66.58	65.74	65.51	66.30	66.40	66.05	65.95	66.17	66.06	65.35
68.11	68.92	69.01	68.80	68.93	69.24	69.14	68.23	68.19	69.10	69.24	68.96	68.98	69.29	69.15	68.25	65.77	66.63	66.75	66.43	66.41	66.69	66.57	65.73	65.50	66.28	66.38	66.05	65.95	66.16	66.05	65.34
68.10	68.92	69.00	68.80	68.93	69.23	69.13	68.22	68.18	69.09	69.23	68.97	68.98	69.29	69.14	68.24	65.76	66.62	66.74	66.43	66.41	66.69	66.55	65.72	65.48	66.26	66.37	66.04	65.95	66.15	66.03	65.33
68.09	68.90	69.02	68.80	68.93	69.22	69.10	68.22	68.22	69.14	69.24	68.97	68.98	69.29	69.11	68.22	65.76	66.59	66.73	66.45	66.44	66.67	66.56	65.71	65.45	66.24	66.37	66.03	65.95	66.14	66.03	65.31
68.09	68.91	69.00	68.82	68.94	69.22	69.10	68.21	68.17	69.07	69.22	68.98	68.99	69.28	69.12	68.23	65.75	66.59	66.72	66.44	66.41	66.67	66.53	65.70	65.46	66.23	66.34	66.04	65.95	66.14	66.01	65.31
68.09	68.90	69.00	68.82	68.94	69.21	69.09	68.20	68.16	69.06	69.21	68.98	69.00	69.27	69.11	68.22	65.74	66.58	66.72	66.44	66.41	66.66	66.52	65.69	65.44	66.21	66.32	66.03	65.95	66.13	66.00	65.30
68.09	68.90	69.00	68.83	68.94	69.20	69.08	68.19	68.15	69.05	69.21	68.99	69.00	69.27	69.10	68.22	65.73	66.57	66.71	66.44	66.41	66.65	66.50	65.68	65.43	66.19	66.31	66.03	65.94	66.12	65.99	65.29
68.08	68.89	69.00	68.83	68.95	69.19	69.07	68.18	68.15	69.04	69.20	68.99	69.00	69.26	69.09	68.21	65.72	66.55	66.70	66.44	66.41	66.64	66.49	65.67	65.42	66.17	66.30	66.02	65.94	66.11	65.98	65.28
68.08	68.89	69.00	68.84	68.95	69.19	69.06	68.17	68.14	69.03	69.20	69.00	69.01	69.25	69.08	68.20	65.71	66.54	66.69	66.44	66.41	66.64	66.48	65.66	65.41	66.16	66.28	66.02	65.94	66.10	65.97	65.27
68.07	68.88	68.99	68.84	68.95	69.18	69.05	68.17	68.13	69.02	69.19	69.00	69.01	69.25	69.07	68.19	65.70	66.53	66.68	66.44	66.42	66.63	66.47	65.66	65.40	66.14	66.27	66.02	65.94	66.10	65.96	65.27
68.07	68.88	68.99	68.85	68.96	69.18	69.04	68.16	68.13	69.01	69.19	69.00	69.02	69.24	69.06	68.19	65.69	66.52	66.67	66.44	66.42	66.62	66.46	65.65	65.38	66.13	66.26	66.01	65.94	66.09	65.94	65.26
68.06	68.87	68.99	68.85	68.96	69.17	69.03	68.15	68.12	69.01	69.18	69.01	69.02	69.24	69.05	68.18	65.68	66.50	66.66	66.44	66.42	66.61	66.45	65.64	65.37	66.11	66.25	66.01	65.94	66.08	65.93	65.25
68.06	68.87	68.99	68.86	68.96	69.16	69.02	68.14	68.11	69.00	69.18	69.01	69.02	69.23	69.04	68.17	65.67	66.49	66.66	66.44	66.42	66.60	66.44	65.63	65.36	66.10	66.23	66.01	65.94	66.07	65.92	65.24
68.06	68.86	68.99	68.86	68.96	69.16	69.01	68.14	68.11	68.99	69.17	69.01	69.02	69.23	69.03	68.16	65.66	66.48	66.65	66.44	66.42	66.60	66.42	65.62	65.35	66.08	66.22	66.00	65.94	66.07	65.91	65.23
68.05	68.86	68.99	68.87	68.97	69.15	69.00	68.13	68.10	68.98	69.17	69.02	69.03	69.22	69.03	68.16	65.65	66.47	66.64	66.44	66.42	66.59	66.41	65.61	65.34	66.07	66.21	66.00	65.93	66.06	65.90	65.22
68.05	68.85	68.98	68.87	68.97	69.14	68.99	68.12	68.09	68.97	69.17	69.02	69.03	69.21	69.02	68.15	65.64	66.46	66.63	66.44	66.42	66.58	66.40	65.60	65.33	66.05	66.20	66.00	65.93	66.05	65.89	65.21
68.04	68.85	68.98	68.88	68.97	69.14	68.98	68.11	68.09	68.96	69.16	69.02	69.03	69.21	69.01	68.14	65.63	66.45	66.62	66.44	66.42	66.57	66.39	65.60	65.31	66.04	66.19	65.99	65.93	66.04	65.88	65.21
68.04	68.84	68.98	68.88	68.97	69.13	68.97	68.11	68.08	68.96	69.15	69.02	69.03	69.21	68.99	68.13	65.62	66.43	66.61	66.44	66.42	66.57	66.38	65.59	65.30	66.02	66.18	65.99	65.93	66.04	65.87	65.20
68.03	68.84	68.98	68.88	68.97	69.13	68.96	68.10	68.07	68.94	69.15	69.03	69.03	69.20	68.99	68.12	65.62	66.42	66.61	66.44	66.42	66.56	66.37	65.58	65.29	66.01	66.17	65.99	65.93	66.03	65.86	65.19
68.03	68.83	68.98	68.89	68.98	69.12	68.96	68.09	68.06	68.94	69.15	69.03	69.04	69.19	68.98	68.12	65.61	66.41	66.60	66.44	66.42	66.55	66.36	65.57	65.28	66.00	66.16	65.98	65.93	66.02	65.85	65.18
68.02	68.83	68.97	68.89	68.98	69.12	68.95	68.08	68.06	68.93	69.14	69.03	69.04	69.19	68.97	68.11	65.60	66.40	66.59	66.44	66.42	66.55	66.35	65.56	65.27	65.98	66.14	65.98	65.92	66.02	65.84	65.17
68.02	68.82	68.97	68.89	68.98	69.11	68.94	68.08	68.05	68.92	69.14	69.03	69.04	69.18	68.96	68.10	65.59	66.39	66.58	66.44	66.42	66.54	66.34	65.55	65.26	65.97	66.13	65.98	65.92	66.01	65.83	65.17
68.01	68.82	68.97	68.90	68.98	69.11	68.93	68.07	68.04	68.91	69.13	69.03	69.04	69.18	68.95	68.09	65.58	66.38	66.58	66.44	66.42	66.53	66.33	65.55	65.25	65.96	66.12	65.97	65.92	66.00	65.82	65.16
68.01	68.81	68.97	68.90	68.98	69.10	68.92	68.06	68.04	68.90	69.13	69.03	69.04	69.17	68.94	68.09	65.57	66.37	66.57	66.43	66.42	66.53	66.32	65.54	65.24	65.94	66.11	65.97	65.92	65.99	65.81	65.15
68.00	68.80	68.97	68.90	68.98	69.09	68.91	68.06	68.03	68.90	69.12	69.04	69.04	69.17	68.93	68.08	65.56	66.36	66.56	66.43	66.42	66.52	66.31	65.53	65.23	65.93	66.10	65.96	65.92	65.99	65.80	65.14
68.00	68.80	68.96	68.90	68.99	69.09	68.90	68.05	68.02	68.89	69.12	69.04	69.04	69.16	68.92	68.07	65.55	66.35	66.55	66.43	66.42	66.51	66.30	65.52	65.22	65.92	66.09	65.96	65.91	65.98	65.79	65.13
67.99	68.79	68.96	68.91	68.99	69.08	68.90	68.04	68.02	68.88	69.12	69.04	69.04	69.15	68.92	68.06	65.54	66.34	66.55	66.43	66.41	66.51	66.29	65.51	65.21	65.91	66.09	65.96	65.91	65.98	65.79	65.13
67.99	68.79	68.96	68.91	68.99	69.08	68.89	68.04	68.01	68.87	69.11	69.04	69.04	69.15	68.91	68.06	65.53	66.33	66.54	66.43	66.42	66.50	66.28	65.50	65.20	65.89	66.08	65.95	65.91	65.97	65.78	65.12
67.98	68.78	68.96	68.91	68.99	69.07	68.88	68.03	68.00	68.86	69.11	69.04	69.05	69.14	68.90	68.05	65.53	66.32	66.53	66.43	66.41	66.50	66.27	65.50	65.19	65.88	66.07	65.95	65.91	65.96	65.77	65.11
67.98	68.78	68.95	68.91	68.99	69.07	68.87	68.02	68.00	68.86	69.10	69.04	69.05	69.14	68.89	68.04	65.52	66.31	66.52	66.43	66.41	66.49	66.27	65.49	65.18	65.87	66.06	65.95	65.90	65.95	65.76	65.10
67.97	68.77	68.95	68.91	68.99	69.06	68.86	68.01	67.99	68.85	69.10	69.04	69.05	69.13	68.88	68.03	65.51	66.30	66.52	66.42	66.41	66.48	66.26	65.48	65.17	65.86	66.05	65.94	65.90	65.95	65.75	65.09
67.97	68.77	68.95	68.92	68.99	69.06	68.86	68.01	67.98	68.84	69.09	69.04	69.05	69.13	68.87	68.03	65.50	66.29	66.51	66.42	66.41	66.48	66.25	65.47	65.16	65.85	66.04	65.94	65.90	65.94	65.74	65.09
67.96	68.76	68.95	68.92	68.99	69.05	68.85	68.00	67.98	68.84	69.09	69.04	69.05	69.12	68.86	68.02	65.49	66.28	66.50	66.42	66.41	66.47	66.24	65.46	65.15	65.84	66.03	65.94	65.90	65.94	65.73	65.08
67.96	68.76	68.94	68.92	68.99	69.05	68.84	67.99	68.20	69.07	69.08	69.04	69.05	69.12	69.09	68.25	65.48	66.27	66.50	66.42	66.41	66.46	66.23	65.46	65.14	65.83	66.02	65.93	65.89	65.93	65.72	65.07
67.96	68.76	68.94	68.92	68.99	69.05	68.83	67.99	68.23	69.09	69.32	69.29	69.29	69.35	69.12	68.27	65.48	66.26	66.49	66.42	66.41	66.46	66.22	65.45	65.13	65.81	66.01	65.93	65.89	65.92	65.71	65.06
67.95	68.75	68.94	68.93	68.99	69.04	68.83	67.98	68.23	69.10	69.35	69.32	69.32	69.38	69.13	68.28	65.47	66.25	66.48	66.42	66.41	66.46	66.22	65.45	65.13	65.80	66.00	65.93	65.89	65.92	65.71	65.06
67.95	68.75	68.94	68.93	69.00	69.04	68.82	67.98	68.24	69.10	69.38	69.35	69.35	69.41	69.13	68.28	65.46	66.24	66.48	66.42	66.41	66.45	66.21	65.44	65.12	65.79	66.00	65.93	65.89	65.91	65.70	65.05
67.94	68.74	68.94	68.93	69.00	69.04	68.82	67.97	68.24	69.10	69.37	69.35	69.35	69.40	69.13	68.28	65.46	66.23	66.47	66.42	66.41	66.45	66.20	65.43	65.11	65.78	65.99	65.92	65.88	65.91	65.69	65.04
67.94	68.74	68.94	68.93	69.00	69.03	68.81	67.97	68.23	69.10	69.37	69.35	69.35	69.40	69.12	68.27	65.45	66.23	66.47	66.42	66.41	66.44	66.19	65.43	65.10	65.77	65.98	65.92	65.88	65.90	65.68	65.03
67.94	68.74	68.94	68.94	69.00	69.03	68.80	67.96	68.23	69.10	69.37	69.36	69.36	69.40	69.12	68.27	65.44	66.22	66.46	66.42	66.41	66.44	66.19	65.42	65.09	65.76	65.97	65.91	65.88	65.89	65.67	65.03
67.93	68.73	68.94	68.94	69.00	69.03	68.80	67.96	68.23	69.09	69.37	69.36	69.36	69.40	69.12	68.27	65.44	66.21	66.46	66.42	66.41	66.43	66.18	65.41	65.08	65.75	65.97	65.91	65.88	65.89	65.67	65.02
67.93	68.73	68.94	68.94	69.00	69.02	68.79	67.95	68.22	69.09	69.37	69.36	69.36	69.40	69.11	68.26	65.43	66.20	66.45	66.42	66.41	66.43	66.17	65.41	65.07	65.74	65.96	65.91	65.87	65.88	65.66	65.01
67.92	68.72	68.93	68.94	69.01	69.02	68.79	67.95	68.22	69.08	69.37	69.37	69.37	69.39	69.10	68.26	65.42	66.19	66.45	66.41	66.41	66.42	66.16	65.40	65.06	65.73	65.95	65.90	65.87	65.88	65.65	65.01
67.92	68.72	68.93	68.94	69.01	69.02	68.78	67.94	68.21	69.08	69.36	69.37	69.37	69.39	69.10	68.25	65.41	66.18	66.44	66.41	66.40	66.42	66.16	65.39	65.06	65.72	65.94	65.90	65.87	65.87	65.64	65.00
67.91	68.72	68.93	68.94	69.01	69.01	68.77	67.93	68.21	69.07	69.36	69.37	69.37	69.39	69.09	68.24	65.41	66.18	66.44	66.41	66.40	66.41	66.15	65.39	65.05	65.71	65.94	65.90	65.87	65.86	65.63	64.99
67.91	68.71	68.93	68.95	69.01	69.01	68.77	67.93	68.20	69.07	69.36	69.37	69.37	69.38	69.08	68.24	65.40	66.17	66.43	66.41	66.40	66.41	66.14	65.38	65.04	65.70	65.93	65.89	65.86	65.86	65.63	64.98
67.90	68.71	68.93	68.95	69.01	69.01	68.76	67.92	68.20	69.06	69.35	69.37	69.37	69.38	69.08	68.23	65.39	66.16	66.42	66.41	66.40	66.40	66.13	65.37	65.03	65.69	65.92	65.89	65.86	65.85	65.62	64.98
67.90	68.70	68.92	68.95	69.01	69.00	68.75	67.92	68.19	69.06	69.35	69.37	69.37	69.37	69.07	68.23	65.38	66.15	66.42	66.41	66.40	66.40	66.13	65.37	65.02	65.68	65.91	65.89	65.86	65.85	65.61	64.97
67.90	68.70	68.92	68.95	69.01	69.00	68.75	67.91	68.18	69.05	69.35	69.37	69.37	69.37	69.07	68.22	65.38	66.14	66.41	66.40	66.40	66.39	66.12	65.36	65.01	65.68	65.91	65.88	65.86	65.84	65.60	64.96
67.89	68.69	68.92	68.95	69.01	68.99	68.74	67.90	68.18	69.04	69.35	69.37	69.37	69.37	69.06	68.21	65.37	66.14	66.41	66.40	66.39	66.39	66.11	65.35	65.01	65.67	65.90	65.88	65.86	65.84	65.60	64.96
67.89	68.69	68.92	68.95	69.01	68.99	68.74	67.90	68.17	69.03	69.34	69.37	69.37	69.37	69.05	68.21	65.36	66.13	66.40	66.40	66.39	66.38	66.10	65.34	65.00	65.66	65.89	65.88	65.85	65.83	65.59	64.95
67.88	68.68	68.91	68.95	69.01	68.99	68.73	67.89	68.17	69.03	69.34	69.37	69.37	69.36	69.04	68.20	65.35	66.12	66.40	66.40	66.39	66.38	66.10	65.34	64.99	65.65	65.89	65.87	65.85	65.83	65.58	64.94
67.88	68.68	68.91	68.95	69.01	68.98	68.72	67.89	68.16	69.03	69.33	69.37	69.37	69.35	69.04	68.19	65.35	66.11	66.39	66.40	66.39	66.37	66.09	65.33	64.98	65.64	65.88	65.87	65.84	65.82	65.57	64.94
67.87	68.68	68.91	68.95	69.01	68.98	68.72	67.88	68.16	69.02	69.33	69.37	69.37	69.35	69.03	68.19	65.34	66.11	66.38	66.39	66.39	66.37	66.08	65.32	64.98	65.63	65.87	65.87	65.84	65.81	65.57	64.93
67.87	68.67	68.91	68.95	69.00	68.97	68.71	67.87	68.15	69.01	69.33	69.37	69.37	69.35	69.02	68.18	65.33	66.10	66.38	66.39	66.38	66.36	66.07	65.32	64.97	65.62	65.87	65.86	65.84	65.81	65.56	64.93
67.86	68.67	68.91	68.95	69.01	68.97	68.71	67.87	68.14	69.01	69.33	69.37	69.37	69.34	69.02	68.18	65.33	66.09	66.37	66.39	66.38	66.36	66.07	65.31	64.96	65.61	65.86	65.86	65.84	65.80	65.55	64.92
67.86	68.66	68.90	68.95	69.01	68.97	68.70	67.86	68.14	69.00	69.32	69.37	69.37	69.34	69.01	68.17	65.32	66.08	66.37	66.39	66.38	66.35	66.06	65.30	64.95	65.61	65.85	65.86	65.83	65.80	65.55	64.91
67.85	68.66	68.90	68.95	69.00	68.96	68.69	67.86	68.13	69.00	69.32	69.37	69.37	69.33	69.01	68.16	65.31	66.07	66.36	66.39	66.38	66.35	66.05	65.30	64.95	65.60	65.85	65.85	65.83	65.79	65.54	64.90
67.85	68.65	68.90	68.95	69.00	68.96	68.69	67.85	68.13	68.99	69.31	69.37	69.37	69.33	69.00	68.16	65.31	66.07	66.36	66.38	66.38	66.34	66.05	65.29	64.94	65.59	65.84	65.85	65.83	65.79	65.53	64.90
67.84	68.65	68.90	68.95	69.00	68.96	68.68	67.85	68.12	68.99	69.31	69.37	69.36	69.32	69.00	68.15	65.30	66.06	66.36	66.38	66.38	66.34	66.04	65.29	64.93	65.58	65.83	65.85	65.82	65.78	65.52	64.89
67.84	68.64	68.89	68.95	69.00	68.95	68.68	67.84	68.12	68.98	69.31	69.37	69.36	69.32	68.99	68.15	65.29	66.05	66.35	66.38	66.37	66.33	66.03	65.28	64.92	65.57	65.83	65.84	65.82	65.78	65.52	64.89
67.83	68.64	68.89	68.95	69.00	68.95	68.67	67.83	68.11	68.97	69.30	69.37	69.36	69.32	68.98	68.14	65.28	66.05	66.34	66.38	66.37	66.33	66.03	65.27	64.92	65.57	65.82	65.84	65.82	65.77	65.51	64.88
67.83	68.63	68.89	68.95	69.00	68.95	68.66	67.83	68.10	68.97	69.30	69.37	69.36	69.31	68.98	68.13	65.28	66.03	66.34	66.38	66.37	66.32	66.02	65.27	64.91	65.56	65.81	65.83	65.81	65.77	65.50	64.87
67.82	68.63	68.89	68.95	69.00	68.94	68.66	67.82	68.10	68.96	69.30	69.37	69.36	69.31	68.97	68.13	65.27	66.03	66.33	66.37	66.37	66.32	66.01	65.26	64.90	65.55	65.81	65.83	65.81	65.76	65.50	64.87
67.82	68.63	68.88	68.95	69.00	68.94	68.65	67.82	68.09	68.96	69.29	69.36	69.36	69.31	68.96	68.12	65.27	66.02	66.33	66.37	66.37	66.31	66.01	65.25	64.90	65.54	65.80	65.83	65.81	65.76	65.49	64.86
67.81	68.62	68.88	68.95	69.00	68.94	68.65	67.81	68.09	68.95	69.29	69.36	69.36	69.30	68.96	68.12	65.26	66.02	66.32	66.37	66.36	66.31	66.00	65.25	64.89	65.53	65.80	65.82	65.81	65.75	65.49	64.85
67.81	68.62	68.88	68.95	69.00	68.93	68.64	67.81	68.08	68.94	69.29	69.36	69.36	69.30	68.95	68.11	65.25	66.01	66.32	66.37	66.36	66.31	65.99	65.24	64.88	65.53	65.79	65.82	65.80	65.75	65.48	64.85
67.81	68.61	68.87	68.95	69.00	68.93	68.64	67.80	68.08	68.94	69.28	69.36	69.36	69.29	68.94	68.10	65.25	66.00	66.31	66.36	66.36	66.30	65.99	65.23	64.87	65.52	65.78	65.82	65.80	65.74	65.47	64.84
67.80	68.61	68.87	68.95	69.00	68.92	68.63	67.80	68.07	68.93	69.28	69.36	69.35	69.29	68.94	68.10	65.24	66.00	66.31	66.36	66.36	66.30	65.98	65.23	64.87	65.51	65.78	65.81	65.80	65.74	65.47	64.84
67.80	68.60	68.87	68.95	68.99	68.92	68.63	67.79	68.06	68.93	69.27	69.36	69.35	69.29	68.93	68.09	65.23	65.99	66.30	66.36	66.35	66.29	65.97	65.22	64.86	65.50	65.77	65.81	65.80	65.73	65.46	64.83
67.79	68.60	68.87	68.94	68.99	68.92	68.62	67.79	68.06	68.92	69.27	69.36	69.35	69.28	68.93	68.09	65.23	65.98	66.30	66.36	66.35	66.29	65.97	65.22	64.85	65.50	65.77	65.81	65.79	65.73	65.45	64.82
67.79	68.59	68.86	68.94	68.99	68.91	68.62	67.78	68.05	68.92	69.27	69.36	69.35	69.28	68.92	68.08	65.22	65.97	66.29	66.35	66.35	66.28	65.96	65.21	64.85	65.49	65.76	65.80	65.79	65.72	65.45	64.82
67.78	68.59	68.86	68.94	68.99	68.91	68.61	67.77	68.05	68.91	69.26	69.35	69.35	69.27	68.91	68.07	65.21	65.97	66.29	66.35	66.35	66.28	65.96	65.20	64.84	65.48	65.76	65.80	65.79	65.72	65.44	64.81
67.78	68.59	68.86	68.94	68.99	68.91	68.60	67.77	68.04	68.91	69.26	69.35	69.35	69.27	68.91	68.07	65.21	65.96	66.28	66.35	66.34	66.27	65.95	65.20	64.83	65.47	65.75	65.80	65.78	65.71	65.43	64.80
67.77	68.58	68.86	68.94	68.99	68.90	68.60	67.76	68.04	68.90	69.25	69.35	69.34	69.27	68.90	68.06	65.20	65.95	66.28	66.35	66.34	66.27	65.94	65.19	64.83	65.47	65.75	65.80	65.78	65.71	65.43	64.80
67.77	68.58	68.85	68.94	68.99	68.90	68.59	67.76	68.03	68.89	69.25	69.35	69.34	69.26	68.89	68.06	65.20	65.95	66.28	66.34	66.34	66.27	65.94	65.18	64.82	65.46	65.74	65.79	65.78	65.71	65.42	64.80
67.76	68.57	68.85	68.94	68.99	68.90	68.59	67.75	68.03	68.89	69.25	69.35	69.34	69.26	68.89	68.05	65.19	65.94	66.27	66.34	66.34	66.26	65.93	65.18	64.82	65.46	65.73	65.79	65.77	65.70	65.42	64.79
67.76	68.57	68.85	68.94	68.98	68.89	68.58	67.75	68.02	68.88	69.25	69.35	69.34	69.26	68.89	68.05	65.18	65.94	66.26	66.34	66.33	66.25	65.92	65.17	64.81	65.45	65.73	65.78	65.77	65.70	65.41	64.78
67.75	68.56	68.85	68.94	68.98	68.89	68.58	67.74	68.02	68.88	69.24	69.35	69.34	69.25	68.88	68.04	65.17	65.93	66.26	66.34	66.33	66.25	65.92	65.17	64.80	65.44	65.72	65.78	65.77	65.69	65.40	64.78
67.75	68.56	68.84	68.94	68.98	68.89	68.57	67.74	68.01	68.87	69.24	69.34	69.34	69.25	68.87	68.03	65.17	65.92	66.25	66.33	66.33	66.25	65.91	65.16	64.80	65.44	65.72	65.78	65.77	65.69	65.40	64.77
67.74	68.55	68.84	68.93	68.98	68.88	68.57	67.73	68.00	68.87	69.23	69.34	69.33	69.24	68.87	68.03	65.16	65.92	66.25	66.33	66.33	66.24	65.91	65.16	64.79	65.43	65.71	65.77	65.76	65.68	65.39	64.77
67.74	68.55	68.84	68.93	68.98	68.88	68.56	67.73	68.00	68.86	69.23	69.34	69.33	69.24	68.86	68.02	65.16	65.91	66.24	66.33	66.32	66.24	65.90	65.15	64.78	65.42	65.71	65.77	65.76	65.68	65.39	64.76
67.74	68.55	68.83	68.93	68.98	68.88	68.56	67.72	67.99	68.86	69.23	69.34	69.33	69.23	68.86	68.02	65.15	65.90	66.24	66.32	66.32	66.23	65.89	65.14	64.78	65.42	65.70	65.77	65.76	65.67	65.38	64.75
67.73	68.54	68.83	68.93	68.98	68.87	68.55	67.72	67.99	68.85	69.22	69.34	69.33	69.23	68.85	68.01	65.15	65.90	66.24	66.32	66.32	66.23	65.89	65.14	64.77	65.41	65.70	65.76	65.75	65.67	65.38	64.75
67.73	68.54	68.83	68.93	68.97	68.87	68.55	67.71	67.98	68.85	69.22	69.33	69.33	69.23	68.85	68.01	65.14	65.89	66.23	66.32	66.32	66.22	65.88	65.13	64.77	65.40	65.69	65.76	65.75	65.66	65.37	64.74
67.72	68.53	68.83	68.93	68.97	68.86	68.54	67.71	67.98	68.84	69.21	69.33	69.32	69.22	68.84	68.00	65.13	65.89	66.23	66.32	66.31	66.22	65.88	65.13	64.76	65.40	65.69	65.76	65.75	65.66	65.36	64.74
67.72	68.53	68.82	68.93	68.97	68.86	68.54	67.70	67.97	68.83	69.21	69.33	69.32	69.22	68.83	67.99	65.13	65.88	66.22	66.31	66.31	66.22	65.87	65.12	64.75	65.39	65.68	65.75	65.74	65.66	65.36	64.73
67.71	68.52	68.82	68.92	68.97	68.86	68.53	67.70	67.97	68.83	69.21	69.33	69.32	69.22	68.83	67.99	65.12	65.87	66.22	66.31	66.31	66.21	65.86	65.12	64.75	65.38	65.68	65.75	65.74	65.65	65.35	64.73
67.71	68.52	68.82	68.92	68.97	68.85	68.53	67.69	67.96	68.82	69.20	69.33	69.32	69.21	68.82	67.98	65.12	65.87	66.21	66.31	66.30	66.21	65.86	65.11	64.74	65.38	65.67	65.75	65.74	65.65	65.35	64.72
67.70	68.52	68.81	68.92	68.97	68.85	68.52	67.69	67.96	68.82	69.20	69.32	69.32	69.21	68.82	67.98	65.11	65.86	66.21	66.30	66.30	66.20	65.85	65.10	64.74	65.37	65.67	65.74	65.73	65.64	65.34	64.72
67.70	68.51	68.81	68.92	68.96	68.85	68.52	67.68	67.95	68.81	69.20	69.32	69.31	69.20	68.81	67.97	65.10	65.86	66.20	66.30	66.30	66.20	65.85	65.10	64.73	65.37	65.66	65.74	65.73	65.64	65.34	64.71
67.69	68.51	68.81	68.92	68.96	68.84	68.51	67.68	67.94	68.81	69.19	69.32	69.31	69.20	68.81	67.97	65.10	65.85	66.20	66.30	66.30	66.19	65.84	65.09	64.72	65.36	65.66	65.74	65.73	65.63	65.33	64.71
67.69	68.50	68.80	68.92	68.96	68.84	68.51	67.67	67.94	68.80	69.19	69.32	69.31	69.20	68.80	67.96	65.09	65.84	66.19	66.30	66.29	66.19	65.84	65.09	64.72	65.35	65.65	65.73	65.72	65.63	65.33	64.70
67.69	68.50	68.80	68.92	68.96	68.84	68.50	67.67	67.93	68.80	69.18	69.31	69.31	69.19	68.80	67.96	65.09	65.84	66.19	66.29	66.29	66.19	65.83	65.08	64.71	65.35	65.65	65.73	65.72	65.62	65.32	64.70
67.68	68.49	68.80	68.91	68.96	68.83	68.50	67.66	67.93	68.79	69.18	69.31	69.30	69.19	68.79	67.95	65.08	65.83	66.19	66.29	66.29	66.18	65.83	65.08	64.71	65.34	65.64	65.73	65.72	65.62	65.31	64.69
67.91	68.73	68.80	68.91	68.95	68.83	68.73	67.89	67.93	68.79	69.18	69.31	69.30	69.18	68.79	67.95	65.08	65.83	66.18	66.29	66.29	66.18	65.82	65.07	64.70	65.34	65.64	65.72	65.71	65.62	65.31	64.68
67.80	68.61	68.90	69.03	69.05	68.95	68.65	67.82	66.69	67.55	67.93	68.05	68.05	67.94	67.55	66.70	65.06	65.82	66.17	66.28	66.28	66.16	65.81	65.06	64.70	65.33	65.63	65.72	65.71	65.61	65.30	64.68
67.79	68.60	68.91	69.03	68.82	68.71	68.40	67.58	66.53	67.39	67.77	67.89	67.89	67.77	67.39	66.54	65.05	65.80	66.16	66.27	66.27	66.15	65.80	65.05	64.69	65.32	65.63	65.72	65.71	65.61	65.30	64.67
67.54	68.34	68.66	68.79	69.02	68.92	68.60	67.77	66.44	67.29	67.68	67.80	67.80	67.68	67.30	66.45	65.04	65.79	66.14	66.26	66.25	66.14	65.78	65.03	64.69	65.32	65.62	65.71	65.70	65.60	65.29	64.67
67.92	68.28	68.95	69.06	69.08	68.95	68.65	67.85	66.39	67.23	67.62	67.74	67.74	67.62	67.24	66.39	65.02	65.77	66.13	66.24	66.24	66.13	65.77	65.02	64.68	65.31	65.62	65.71	65.70	65.60	65.29	64.66
67.88	68.61	69.03	69.15	69.09	68.99	68.73	67.91	66.35	67.19	67.58	67.70	67.70	67.58	67.20	66.35	65.01	65.76	66.12	66.23	66.23	66.11	65.75	65.01	64.67	65.31	65.61	65.71	65.70	65.59	65.28	64.66
67.88	68.63	69.04	69.16	68.85	68.75	68.49	67.68	66.32	67.16	67.55	67.67	67.67	67.55	67.17	66.32	65.00	65.75	66.11	66.22	66.22	66.10	65.74	64.99	64.67	65.30	65.61	65.70	65.69	65.59	65.28	64.65
67.64	68.40	68.80	68.92	69.06	68.96	68.70	67.88	66.30	67.14	67.53	67.65	67.65	67.53	67.14	66.30	64.99	65.74	66.10	66.21	66.21	66.09	65.73	64.98	64.66	65.29	65.60	65.70	65.69	65.58	65.27	64.64
67.75	68.54	68.91	69.03	69.01	68.90	68.60	67.77	66.28	67.12	67.51	67.63	67.63	67.51	67.12	66.28	64.98	65.73	66.09	66.21	66.20	66.08	65.72	64.97	64.65	65.29	65.60	65.69	65.68	65.58	65.26	64.64
67.74	68.53	68.90	69.03	69.04	68.93	68.58	67.75	66.26	67.10	67.49	67.62	67.62	67.49	67.11	66.27	64.97	65.72	66.08	66.20	66.20	66.08	65.71	64.96	64.65	65.28	65.59	65.69	65.68	65.57	65.26	64.63
67.73	68.52	68.89	69.02	68.80	68.69	68.33	67.51	66.25	67.09	67.48	67.61	67.61	67.48	67.09	66.25	64.96	65.71	66.07	66.19	66.19	66.07	65.70	64.96	64.64	65.27	65.59	65.68	65.68	65.57	65.25	64.63
67.49	68.28	68.65	68.78	69.01	68.89	68.53	67.70	66.24	67.07	67.47	67.60	67.60	67.47	67.08	66.24	64.95	65.70	66.06	66.18	66.18	66.06	65.69	64.95	64.64	65.27	65.58	65.68	65.67	65.56	65.25	64.62
67.79	68.59	68.59	69.21	69.03	68.91	68.64	67.83	66.23	67.06	67.45	67.59	67.59	67.46	67.07	66.23	64.95	65.69	66.06	66.18	66.18	66.05	65.68	64.94	64.63	65.26	65.58	65.68	65.67	65.56	65.24	64.62
67.70	68.50	68.87	69.01	69.13	69.02	68.51	67.67	66.22	67.05	67.44	67.58	67.58	67.45	67.05	66.22	64.94	65.68	66.05	66.17	66.17	66.05	65.68	64.93	64.63	65.25	65.57	65.67	65.66	65.55	65.23	64.61
67.69	68.49	68.89	68.99	68.90	68.78	68.25	67.41	66.21	67.04	67.43	67.57	67.57	67.44	67.04	66.21	64.93	65.67	66.04	66.17	66.17	66.04	65.67	64.93	64.62	65.25	65.56	65.67	65.66	65.55	65.23	64.61
67.45	68.25	68.66	68.74	69.12	69.00	68.45	67.61	66.20	67.03	67.42	67.56	67.56	67.43	67.03	66.20	64.92	65.67	66.04	66.16	66.16	66.03	65.66	64.92	64.61	65.24	65.56	65.66	65.66	65.54	65.22	64.60
67.64	68.38	68.81	68.96	69.03	68.90	68.45	67.64	66.19	67.02	67.41	67.55	67.56	67.42	67.02	66.19	64.92	65.66	66.03	66.16	66.15	66.03	65.65	64.91	64.61	65.24	65.55	65.66	65.65	65.54	65.22	64.59
67.69	68.50	68.84	68.97	68.97	68.85	68.52	67.71	66.18	67.01	67.41	67.54	67.55	67.41	67.01	66.18	64.91	65.65	66.02	66.15	66.15	66.02	65.65	64.90	64.60	65.23	65.55	65.66	65.65	65.53	65.21	64.59
67.70	68.51	68.84	68.97	68.72	68.60	68.29	67.48	66.17	67.00	67.40	67.54	67.54	67.40	67.00	66.17	64.90	65.64	66.02	66.14	66.14	66.01	65.64	64.90	64.60	65.22	65.54	65.65	65.64	65.53	65.21	64.58
67.46	68.27	68.60	68.73	68.92	68.80	68.49	67.69	66.16	66.99	67.39	67.53	67.53	67.39	66.99	66.16	64.89	65.64	66.01	66.14	66.14	66.01	65.63	64.89	64.59	65.22	65.54	65.65	65.64	65.52	65.20	64.58
67.60	68.45	68.88	68.93	69.09	68.86	68.44	67.62	66.15	66.98	67.38	67.52	67.52	67.38	66.98	66.15	64.89	65.63	66.00	66.13	66.13	66.00	65.62	64.88	64.58	65.21	65.53	65.64	65.64	65.52	65.19	64.57
67.64	68.44	68.81	68.96	68.98	68.97	68.47	67.66	66.14	66.97	67.37	67.51	67.52	67.38	66.97	66.14	64.88	65.62	66.00	66.13	66.13	65.99	65.62	64.88	64.58	65.21	65.53	65.64	65.63	65.51	65.19	64.57
67.64	68.44	68.80	68.96	68.74	68.74	68.23	67.43	66.14	66.96	67.37	67.51	67.51	67.37	66.96	66.13	64.87	65.61	65.99	66.12	66.12	65.99	65.61	64.87	64.57	65.20	65.52	65.63	65.63	65.51	65.18	64.56
67.41	68.20	68.56	68.72	68.94	68.95	68.43	67.62	66.13	66.95	67.36	67.50	67.50	67.36	66.96	66.13	64.87	65.61	65.98	66.12	66.12	65.98	65.60	64.86	64.57	65.19	65.52	65.63	65.62	65.50	65.18	64.56
67.63	68.42	68.75	68.95	68.94	68.85	68.48	67.64	66.12	66.95	67.35	67.49	67.50	67.35	66.95	66.12	64.86	65.60	65.98	66.11	66.11	65.97	65.59	64.86	64.56	65.19	65.51	65.63	65.62	65.50	65.17	64.55
67.77	68.51	68.83	69.09	68.97	68.80	68.61	67.72	66.11	66.94	67.34	67.49	67.49	67.35	66.94	66.11	64.85	65.59	65.97	66.10	66.10	65.97	65.59	64.85	64.56	65.18	65.51	65.62	65.62	65.49	65.17	64.54
67.79	68.52	68.84	69.11	68.73	68.55	68.38	67.50	66.11	66.93	67.33	67.48	67.48	67.34	66.93	66.10	64.85	65.58	65.96	66.10	66.10	65.96	65.58	64.84	64.55	65.18	65.50	65.62	65.61	65.49	65.16	64.54
67.57	68.28	68.61	68.87	68.94	68.75	68.60	67.70	66.10	66.92	67.33	67.48	67.47	67.33	66.92	66.10	64.84	65.58	65.96	66.09	66.09	65.95	65.57	64.83	64.54	65.17	65.50	65.61	65.61	65.48	65.15	64.53
67.63	68.39	68.76	68.98	68.91	68.92	68.49	67.63	66.09	66.91	67.32	67.47	67.47	67.32	66.92	66.09	64.83	65.57	65.95	66.09	66.09	65.95	65.57	64.83	64.54	65.16	65.49	65.61	65.60	65.48	65.15	64.53
67.58	68.39	68.78	68.91	68.95	68.80	68.41	67.61	66.08	66.91	67.31	67.46	67.46	67.32	66.91	66.08	64.83	65.56	65.94	66.08	66.08	65.94	65.56	64.82	64.53	65.16	65.49	65.60	65.60	65.47	65.14	64.52
67.56	68.38	68.78	68.90	68.71	68.55	68.16	67.37	66.08	66.90	67.31	67.46	67.45	67.31	66.90	66.07	64.82	65.55	65.94	66.08	66.08	65.93	65.55	64.82	64.53	65.15	65.48	65.60	65.59	65.47	65.14	64.52
67.32	68.14	68.54	68.65	68.92	68.75	68.35	67.57	66.07	66.89	67.30	67.45	67.45	67.30	66.89	66.07	64.81	65.55	65.93	66.07	66.07	65.93	65.54	64.81	64.52	65.15	65.48	65.59	65.59	65.46	65.13	64.51
67.73	68.42	68.79	69.06	68.91	68.77	68.57	67.68	66.06	66.88	67.29	67.44	67.44	67.29	66.88	66.06	64.81	65.54	65.92	66.07	66.06	65.92	65.54	64.80	64.52	65.14	65.47	65.59	65.58	65.46	65.13	64.51
67.57	68.47	68.89	68.91	69.09	68.80	68.39	67.67	66.05	66.87	67.28	67.44	67.44	67.29	66.88	66.05	64.80	65.53	65.92	66.06	66.06	65.92	65.53	64.80	64.51	65.13	65.46	65.59	65.58	65.45	65.12	64.50
67.56	68.47	68.91	68.90	68.87	68.56	68.14	67.44	66.05	66.87	67.28	67.43	67.43	67.28	66.87	66.05	64.79	65.53	65.91	66.05	66.05	65.91	65.52	64.79	64.51	65.13	65.46	65.58	65.58	65.45	65.11	64.50
67.32	68.24	68.67	68.65	69.09	68.77	68.34	67.64	66.04	66.86	67.27	67.42	67.43	67.27	66.86	66.04	64.79	65.52	65.90	66.05	66.05	65.90	65.52	64.78	64.50	65.12	65.45	65.58	65.57	65.44	65.11	64.49
67.50	68.33	68.72	68.84	68.95	68.75	68.35	67.58	66.03	66.85	67.26	67.42	67.42	67.26	66.85	66.03	64.78	65.51	65.90	66.04	66.04	65.90	65.51	64.78	64.49	65.12	65.45	65.57	65.57	65.44	65.10	64.48
67.51	68.33	68.74	68.85	68.89	68.72	68.34	67.55	66.02	66.84	67.26	67.41	67.41	67.26	66.84	66.02	64.77	65.51	65.89	66.04	66.04	65.89	65.50	64.77	64.49	65.11	65.44	65.57	65.56	65.43	65.10	64.48
67.50	68.32	68.73	68.85	68.64	68.48	68.10	67.31	66.02	66.84	67.25	67.40	67.41	67.25	66.83	66.02	64.77	65.50	65.89	66.03	66.03	65.88	65.50	64.76	64.48	65.10	65.44	65.56	65.56	65.43	65.09	64.47
67.27	68.09	68.49	68.61	68.84	68.68	68.29	67.50	66.01	66.83	67.24	67.40	67.40	67.24	66.83	66.01	64.76	65.49	65.88	66.03	66.03	65.88	65.49	64.76	64.48	65.10	65.43	65.56	65.55	65.42	65.09	64.47
67.49	68.43	68.49	69.00	69.05	68.72	68.32	67.61	66.00	66.82	67.23	67.39	67.39	67.23	66.82	66.00	64.75	65.48	65.87	66.02	66.02	65.87	65.48	64.75	64.47	65.09	65.43	65.55	65.55	65.42	65.08	64.46
67.55	68.38	68.70	68.90	68.91	68.88	68.38	67.58	65.99	66.81	67.23	67.39	67.39	67.23	66.81	66.00	64.75	65.48	65.87	66.01	66.01	65.86	65.48	64.74	64.47	65.09	65.42	65.55	65.54	65.41	65.07	64.46
67.56	68.38	68.70	68.90	68.66	68.65	68.14	67.35	65.99	66.81	67.22	67.38	67.38	67.22	66.80	65.99	64.74	65.47	65.86	66.01	66.01	65.86	65.47	64.74	64.46	65.08	65.42	65.54	65.54	65.41	65.07	64.45
67.33	68.14	68.47	68.66	68.87	68.87	68.35	67.55	65.98	66.80	67.21	67.37	67.38	67.22	66.80	65.98	64.73	65.46	65.85	66.00	66.00	65.85	65.46	64.73	64.46	65.08	65.41	65.54	65.53	65.40	65.06	64.45
67.45	68.26	68.64	68.75	68.82	68.71	68.28	67.47	65.98	66.79	67.21	67.37	67.37	67.21	66.79	65.98	64.73	65.46	65.85	66.00	66.00	65.85	65.46	64.73	64.45	65.07	65.41	65.53	65.53	65.39	65.06	64.44
67.62	68.28	68.66	68.98	68.80	68.69	68.43	67.51	65.97	66.78	67.20	67.36	67.36	67.20	66.78	65.97	64.72	65.45	65.84	65.99	65.99	65.84	65.45	64.72	64.44	65.06	65.40	65.53	65.52	65.39	65.05	64.44
67.64	68.28	68.66	69.00	68.55	68.43	68.21	67.28	65.96	66.78	67.19	67.36	67.36	67.20	66.78	65.96	64.72	65.44	65.83	65.99	65.99	65.83	65.44	64.71	64.44	65.06	65.39	65.52	65.52	65.38	65.05	64.43
67.42	68.04	68.42	68.77	68.76	68.63	68.42	67.48	65.96	66.77	67.19	67.35	67.35	67.19	66.77	65.96	64.71	65.44	65.83	65.98	65.98	65.83	65.44	64.71	64.43	65.05	65.39	65.52	65.52	65.38	65.04	64.43
67.57	68.32	67.98	69.11	68.86	68.83	68.40	67.56	65.95	66.76	67.18	67.35	67.34	67.18	66.76	65.95	64.70	65.43	65.82	65.98	65.98	65.82	65.43	64.70	64.43	65.05	65.38	65.51	65.51	65.37	65.03	64.42
67.45	68.23	68.63	68.88	68.86	68.71	68.26	67.46	65.95	66.75	67.17	67.34	67.34	67.18	66.76	65.94	64.70	65.42	65.82	65.97	65.97	65.82	65.42	64.70	64.42	65.04	65.38	65.51	65.51	65.37	65.03	64.41
67.44	68.22	68.68	68.86	68.62	68.46	68.00	67.21	65.94	66.75	67.16	67.33	67.33	67.17	66.75	65.94	64.69	65.42	65.81	65.96	65.96	65.81	65.42	64.69	64.42	65.03	65.37	65.50	65.50	65.36	65.02	64.41
67.19	67.98	68.46	68.60	68.83	68.66	68.20	67.41	65.93	66.74	67.16	67.33	67.33	67.16	66.74	65.93	64.69	65.41	65.80	65.96	65.96	65.80	65.41	64.68	64.41	65.03	65.37	65.50	65.50	65.36	65.02	64.40
67.54	68.21	68.63	68.90	68.78	68.59	68.38	67.46	65.92	66.73	67.15	67.32	67.32	67.16	66.74	65.92	64.68	65.40	65.80	65.95	65.95	65.80	65.40	64.68	64.41	65.02	65.36	65.49	65.49	65.35	65.01	64.40
67.47	68.35	68.60	68.80	68.92	68.65	68.27	67.56	65.92	66.73	67.14	67.32	67.31	67.15	66.73	65.92	64.67	65.40	65.79	65.95	65.95	65.79	65.40	64.67	64.40	65.02	65.36	65.49	65.49	65.35	65.01	64.39
67.46	68.37	68.60	68.78	68.70	68.42	68.03	67.34	65.91	66.72	67.14	67.31	67.31	67.14	66.72	65.91	64.67	65.39	65.79	65.94	65.94	65.78	65.39	64.67	64.40	65.01	65.35	65.48	65.48	65.34	65.00	64.39
67.23	68.14	68.36	68.54	68.91	68.62	68.23	67.55	65.91	66.71	67.13	67.30	67.30	67.14	66.71	65.91	64.66	65.38	65.78	65.94	65.94	65.78	65.38	64.66	64.39	65.01	65.35	65.48	65.48	65.34	65.00	64.38
67.38	68.13	68.66	68.76	68.84	68.61	68.23	67.41	65.90	66.71	67.13	67.30	67.30	67.13	66.71	65.90	64.66	65.38	65.77	65.93	65.93	65.77	65.38	64.65	64.38	65.00	65.34	65.48	65.47	65.33	64.99	64.38
67.37	68.20	68.55	68.73	68.80	68.68	68.18	67.42	65.89	66.70	67.12	67.29	67.29	67.12	66.70	65.89	64.65	65.37	65.77	65.93	65.93	65.77	65.37	64.65	64.38	64.99	65.33	65.47	65.47	65.33	64.98	64.37
67.37	68.20	68.55	68.72	68.55	68.44	67.94	67.18	65.89	66.69	67.11	67.28	67.29	67.12	66.69	65.89	64.64	65.37	65.76	65.92	65.92	65.76	65.36	64.64	64.37	64.99	65.33	65.47	65.46	65.32	64.98	64.37
67.13	67.96	68.30	68.48	68.76	68.65	68.14	67.38	65.88	66.69	67.11	67.28	67.28	67.11	66.69	65.88	64.64	65.36	65.75	65.91	65.91	65.75	65.36	64.64	64.37	64.98	65.32	65.46	65.46	65.32	64.97	64.36
67.43	68.08	68.52	68.69	68.87	68.62	68.14	67.50	65.87	66.68	67.10	67.27	67.27	67.10	66.68	65.87	64.63	65.35	65.75	65.91	65.91	65.75	65.35	64.63	64.36	64.98	65.32	65.46	65.45	65.31	64.97	64.36
67.42	68.15	68.67	68.78	68.75	68.60	68.26	67.47	65.87	66.67	67.09	67.27	67.27	67.10	66.67	65.87	64.63	65.35	65.74	65.90	65.90	65.74	65.35	64.62	64.36	64.97	65.31	65.45	65.45	65.30	64.96	64.35
67.42	68.15	68.69	68.79	68.50	68.36	68.03	67.24	65.86	66.66	67.09	67.26	67.26	67.09	66.67	65.86	64.62	65.34	65.74	65.90	65.90	65.74	65.34	64.62	64.35	64.97	65.31	65.45	65.44	65.30	64.96	64.35
67.19	67.92	68.46	68.55	68.70	68.56	68.24	67.44	65.86	66.66	67.08	67.25	67.26	67.08	66.66	65.86	64.62	65.33	65.73	65.89	65.89	65.73	65.33	64.61	64.35	64.96	65.30	65.44	65.44	65.29	64.95	64.34
67.30	68.14	68.53	68.70	68.76	68.59	68.16	67.42	65.85	66.65	67.08	67.25	67.25	67.08	66.65	65.85	64.61	65.33	65.72	65.89	65.89	65.72	65.33	64.61	64.34	64.95	65.30	65.44	65.43	65.29	64.95	64.34
67.45	68.16	68.61	68.83	68.74	68.58	68.29	67.40	65.84	66.64	67.07	67.24	67.24	67.07	66.65	65.85	64.60	65.32	65.72	65.88	65.88	65.72	65.32	64.60	64.34	64.95	65.29	65.43	65.43	65.28	64.94	64.33
67.46	68.16	68.61	68.84	68.49	68.33	68.07	67.17	65.84	66.64	67.07	67.24	67.24	67.07	66.64	65.84	64.60	65.32	65.71	65.88	65.88	65.71	65.31	64.60	64.33	64.94	65.29	65.43	65.42	65.28	64.93	64.33
67.24	67.93	68.37	68.61	68.70	68.54	68.28	67.37	65.83	66.63	67.06	67.23	67.23	67.06	66.64	65.83	64.59	65.31	65.71	65.87	65.87	65.71	65.31	64.59	64.33	64.94	65.28	65.42	65.42	65.27	64.93	64.32
67.37	68.05	68.43	68.82	68.68	68.55	68.19	67.34	65.83	66.63	67.05	67.23	67.23	67.05	66.63	65.83	64.59	65.30	65.70	65.87	65.87	65.70	65.30	64.59	64.32	64.93	65.28	65.42	65.41	65.27	64.92	64.32
67.40	68.17	68.51	68.72	68.76	68.63	68.20	67.40	65.82	66.62	67.05	67.22	67.22	67.05	66.62	65.82	64.58	65.30	65.70	65.86	65.86	65.70	65.30	64.58	64.32	64.93	65.27	65.41	65.41	65.26	64.92	64.31
67.40	68.18	68.51	68.71	68.52	68.40	67.96	67.17	65.82	66.61	67.04	67.22	67.21	67.04	66.62	65.82	64.58	65.29	65.69	65.85	65.85	65.69	65.29	64.57	64.31	64.92	65.26	65.41	65.40	65.26	64.91	64.31
67.17	67.95	68.27	68.46	68.73	68.61	68.16	67.37	65.81	66.61	67.03	67.21	67.21	67.04	66.61	65.81	64.57	65.28	65.68	65.85	65.85	65.68	65.28	64.57	64.31	64.91	65.26	65.40	65.40	65.25	64.91	64.30
67.38	68.12	68.53	68.78	68.71	68.57	68.25	67.36	65.81	66.60	67.03	67.20	67.20	67.03	66.60	65.80	64.56	65.28	65.68	65.84	65.84	65.68	65.28	64.56	64.30	64.91	65.25	65.40	65.39	65.25	64.90	64.30
67.34	68.20	68.49	68.63	68.78	68.58	68.09	67.41	65.80	66.60	67.02	67.20	67.20	67.02	66.60	65.80	64.56	65.27	65.67	65.84	65.84	65.67	65.27	64.56	64.30	64.90	65.25	65.39	65.39	65.24	64.90	64.29
67.33	68.21	68.49	68.62	68.55	68.34	67.83	67.19	65.79	66.59	67.01	67.19	67.19	67.02	66.59	65.79	64.55	65.27	65.67	65.83	65.83	65.67	65.27	64.55	64.29	64.90	65.24	65.39	65.38	65.24	64.89	64.29
67.10	67.97	68.25	68.37	68.76	68.55	68.03	67.39	65.79	66.58	67.01	67.18	67.19	67.01	66.58	65.79	64.55	65.26	65.66	65.83	65.83	65.66	65.26	64.55	64.29	64.89	65.24	65.38	65.38	65.23	64.88	64.28
67.16	67.81	68.42	68.68	68.74	68.60	68.18	67.40	65.78	66.58	67.00	67.18	67.18	67.01	66.58	65.78	64.54	65.25	65.65	65.82	65.82	65.65	65.25	64.54	64.28	64.89	65.23	65.38	65.37	65.23	64.88	64.28
67.35	68.14	68.53	68.67	68.74	68.48	68.15	67.39	65.78	66.57	67.00	67.17	67.18	67.00	66.57	65.78	64.54	65.25	65.65	65.82	65.82	65.65	65.25	64.54	64.28	64.88	65.23	65.37	65.37	65.22	64.87	64.27
67.37	68.17	68.54	68.66	68.49	68.22	67.91	67.15	65.77	66.56	66.99	67.17	67.17	66.99	66.57	65.77	64.53	65.24	65.64	65.81	65.81	65.64	65.24	64.53	64.27	64.88	65.22	65.37	65.36	65.22	64.87	64.27
67.14	67.94	68.30	68.43	68.70	68.43	68.12	67.35	65.76	66.56	66.98	67.16	67.16	66.99	66.56	65.77	64.53	65.24	65.64	65.80	65.81	65.64	65.24	64.53	64.27	64.87	65.22	65.36	65.36	65.21	64.86	64.26
66.69	68.30	69.04	67.48	68.44	68.70	67.09	67.01	65.76	66.55	66.98	67.15	67.16	66.98	66.55	65.76	64.52	65.23	65.63	65.80	65.80	65.63	65.23	64.52	64.26	64.87	65.21	65.36	65.35	65.20	64.86	64.26
66.07	66.96	67.62	67.35	67.48	69.15	66.82	66.12	65.74	66.54	66.97	67.14	67.15	66.98	66.54	65.75	64.52	65.22	65.63	65.79	65.79	65.63	65.22	64.52	64.26	64.86	65.21	65.35	65.35	65.20	64.85	64.25
65.96	66.79	67.47	67.27	67.11	68.96	66.50	65.76	65.73	66.53	66.96	67.13	67.13	66.98	66.52	65.73	64.51	65.22	65.62	65.79	65.79	65.62	65.22	64.51	64.25	64.85	65.20	65.35	65.34	65.19	64.85	64.25
