Metric	Core0	Core1	Core2	Core3	Core4	Core5	Core6	Core7	Core8	Core9	Core10	Core11	Core12	Core13	Core14	Core15	Core16	Core17	Core18	Core19	Core20	Core21	Core22	Core23	Core24	Core25	Core26	Core27	Core28	Core29	Core30	Core31
total	3600708.295	3600708.295	3600708.295	3600708.295	1000.197	0.504	1000.197	1000.197	3600708.295	3600708.295	3600708.295	3600708.295	3600708.295	3600708.295	3600708.295	3600708.295	3600708.295	3600708.295	3600708.295	3600708.295	3600708.295	3600708.295	3600708.295	3600708.295	3600708.295	3600708.295	3600708.295	3600708.295	3600708.295	3600708.295	3600708.295	3600708.295
base	0.000	0.000	0.000	0.000	0.000	0.236	0.000	0.000	0.000	0.000	0.000	0.000	0.000	0.000	0.000	0.000	0.000	0.000	0.000	0.000	0.000	0.000	0.000	0.000	0.000	0.000	0.000	0.000	0.000	0.000	0.000	0.000
dispatch_width	-
rs_full	-
depend	-
depend-int	-
depend-fp	0.000	0.000	0.000	0.000	0.000	0.128	0.000	0.000	0.000	0.000	0.000	0.000	0.000	0.000	0.000	0.000	0.000	0.000	0.000	0.000	0.000	0.000	0.000	0.000	0.000	0.000	0.000	0.000	0.000	0.000	0.000	0.000
depend-branch	-
issue	0.000	0.000	0.000	0.000	0.000	0.048	0.000	0.000	0.000	0.000	0.000	0.000	0.000	0.000	0.000	0.000	0.000	0.000	0.000	0.000	0.000	0.000	0.000	0.000	0.000	0.000	0.000	0.000	0.000	0.000	0.000	0.000
serial	-
smt	-
branch	0.000	0.000	0.000	0.000	0.000	0.022	0.000	0.000	0.000	0.000	0.000	0.000	0.000	0.000	0.000	0.000	0.000	0.000	0.000	0.000	0.000	0.000	0.000	0.000	0.000	0.000	0.000	0.000	0.000	0.000	0.000	0.000
itlb	-
dtlb	-
ifetch	-
mem	-
mem-l1d	0.000	0.000	0.000	0.000	0.000	0.030	0.000	0.000	0.000	0.000	0.000	0.000	0.000	0.000	0.000	0.000	0.000	0.000	0.000	0.000	0.000	0.000	0.000	0.000	0.000	0.000	0.000	0.000	0.000	0.000	0.000	0.000
mem-l2	-
mem-l3	-
mem-l4	-
mem-remote	-
mem-nuca	-
mem-dram-cache	-
mem-dram	-
sync	-
dvfs-transition	-
imbalance	3600708.295	3600708.295	3600708.295	3600708.295	998.197	0.032	998.197	998.197	3600708.295	3600708.295	3600708.295	3600708.295	3600708.295	3600708.295	3600708.295	3600708.295	3600708.295	3600708.295	3600708.295	3600708.295	3600708.295	3600708.295	3600708.295	3600708.295	3600708.295	3600708.295	3600708.295	3600708.295	3600708.295	3600708.295	3600708.295	3600708.295
other	0.000	0.000	0.000	0.000	2.000	0.008	2.000	2.000	0.000	0.000	0.000	0.000	0.000	0.000	0.000	0.000	0.000	0.000	0.000	0.000	0.000	0.000	0.000	0.000	0.000	0.000	0.000	0.000	0.000	0.000	0.000	0.000
