pcb_C_0	322.0699
pcb_C_1	322.3757
pcb_C_2	322.5426
pcb_C_3	322.6030
pcb_C_4	322.6647
pcb_C_5	322.7862
pcb_C_6	322.4636
pcb_C_7	322.0851
pcb_C_8	321.9273
pcb_C_9	322.1872
pcb_C_10	322.3460
pcb_C_11	322.4251
pcb_C_12	322.4758
pcb_C_13	322.4999
pcb_C_14	322.2697
pcb_C_15	321.9562
pcb_C_16	321.7406
pcb_C_17	321.8572
pcb_C_18	321.9569
pcb_C_19	322.0200
pcb_C_20	322.0468
pcb_C_21	322.0254
pcb_C_22	321.9101
pcb_C_23	321.7690
pcb_C_24	321.6098
pcb_C_25	321.6187
pcb_C_26	321.6639
pcb_C_27	321.7006
pcb_C_28	321.7130
pcb_C_29	321.6942
pcb_C_30	321.6477
pcb_C_31	321.6304
solder_C_0	322.2002
solder_C_1	322.4864
solder_C_2	322.6884
solder_C_3	322.7180
solder_C_4	322.7800
solder_C_5	323.1544
solder_C_6	322.5703
solder_C_7	322.1848
solder_C_8	322.0485
solder_C_9	322.2860
solder_C_10	322.4536
solder_C_11	322.5291
solder_C_12	322.5827
solder_C_13	322.6532
solder_C_14	322.3703
solder_C_15	322.0710
solder_C_16	321.7449
solder_C_17	321.8273
solder_C_18	321.9317
solder_C_19	321.9980
solder_C_20	322.0252
solder_C_21	322.0036
solder_C_22	321.8807
solder_C_23	321.7726
solder_C_24	321.5821
solder_C_25	321.5565
solder_C_26	321.6070
solder_C_27	321.6477
solder_C_28	321.6602
solder_C_29	321.6378
solder_C_30	321.5861
solder_C_31	321.6025
sub_C_0	322.2315
sub_C_1	322.5185
sub_C_2	322.7457
sub_C_3	322.7534
sub_C_4	322.7981
sub_C_5	323.3483
sub_C_6	322.5849
sub_C_7	322.1966
sub_C_8	322.0840
sub_C_9	322.3263
sub_C_10	322.4969
sub_C_11	322.5728
sub_C_12	322.6253
sub_C_13	322.6981
sub_C_14	322.4096
sub_C_15	322.1064
sub_C_16	321.7064
sub_C_17	321.8022
sub_C_18	321.9107
sub_C_19	321.9783
sub_C_20	322.0052
sub_C_21	321.9819
sub_C_22	321.8554
sub_C_23	321.7348
sub_C_24	321.5353
sub_C_25	321.5265
sub_C_26	321.5820
sub_C_27	321.6245
sub_C_28	321.6371
sub_C_29	321.6130
sub_C_30	321.5563
sub_C_31	321.5563
layer_3_C_0	322.5105
layer_3_C_1	322.8264
layer_3_C_2	323.3069
layer_3_C_3	323.0887
layer_3_C_4	322.9396
layer_3_C_5	325.2936
layer_3_C_6	322.6991
layer_3_C_7	322.2813
layer_3_C_8	322.4238
layer_3_C_9	322.7321
layer_3_C_10	322.9279
layer_3_C_11	323.0112
layer_3_C_12	323.0544
layer_3_C_13	323.1190
layer_3_C_14	322.8067
layer_3_C_15	322.4487
layer_3_C_16	321.3178
layer_3_C_17	321.5435
layer_3_C_18	321.6931
layer_3_C_19	321.7736
layer_3_C_20	321.7978
layer_3_C_21	321.7565
layer_3_C_22	321.5949
layer_3_C_23	321.3510
layer_3_C_24	321.0877
layer_3_C_25	321.2313
layer_3_C_26	321.3354
layer_3_C_27	321.3938
layer_3_C_28	321.4064
layer_3_C_29	321.3666
layer_3_C_30	321.2633
layer_3_C_31	321.1133
layer_4_TB_0	322.4483
layer_4_TB_1	322.7643
layer_4_TB_2	323.2245
layer_4_TB_3	323.0265
layer_4_TB_4	322.8936
layer_4_TB_5	325.0911
layer_4_TB_6	322.6532
layer_4_TB_7	322.2357
layer_4_TB_8	322.3621
layer_4_TB_9	322.6705
layer_4_TB_10	322.8662
layer_4_TB_11	322.9496
layer_4_TB_12	322.9929
layer_4_TB_13	323.0566
layer_4_TB_14	322.7452
layer_4_TB_15	322.3870
layer_4_TB_16	321.3170
layer_4_TB_17	321.5429
layer_4_TB_18	321.6925
layer_4_TB_19	321.7731
layer_4_TB_20	321.7973
layer_4_TB_21	321.7559
layer_4_TB_22	321.5943
layer_4_TB_23	321.3502
layer_4_TB_24	321.0872
layer_4_TB_25	321.2310
layer_4_TB_26	321.3351
layer_4_TB_27	321.3935
layer_4_TB_28	321.4061
layer_4_TB_29	321.3663
layer_4_TB_30	321.2629
layer_4_TB_31	321.1128
hsp_TB_0	321.8264
hsp_TB_1	322.1426
hsp_TB_2	322.4009
hsp_TB_3	322.4050
hsp_TB_4	322.4342
hsp_TB_5	323.0666
hsp_TB_6	322.1943
hsp_TB_7	321.7804
hsp_TB_8	321.7447
hsp_TB_9	322.0546
hsp_TB_10	322.2492
hsp_TB_11	322.3337
hsp_TB_12	322.3776
hsp_TB_13	322.4328
hsp_TB_14	322.1299
hsp_TB_15	321.7706
hsp_TB_16	321.3089
hsp_TB_17	321.5367
hsp_TB_18	321.6867
hsp_TB_19	321.7674
hsp_TB_20	321.7916
hsp_TB_21	321.7500
hsp_TB_22	321.5881
hsp_TB_23	321.3421
hsp_TB_24	321.0819
hsp_TB_25	321.2275
hsp_TB_26	321.3320
hsp_TB_27	321.3905
hsp_TB_28	321.4031
hsp_TB_29	321.3631
hsp_TB_30	321.2594
hsp_TB_31	321.1076
hsink_TB_0	321.5731
hsink_TB_1	321.8744
hsink_TB_2	322.0677
hsink_TB_3	322.1375
hsink_TB_4	322.1959
hsink_TB_5	322.3333
hsink_TB_6	321.9608
hsink_TB_7	321.5861
hsink_TB_8	321.5093
hsink_TB_9	321.8089
hsink_TB_10	321.9965
hsink_TB_11	322.0874
hsink_TB_12	322.1322
hsink_TB_13	322.1385
hsink_TB_14	321.8860
hsink_TB_15	321.5414
hsink_TB_16	321.2796
hsink_TB_17	321.5061
hsink_TB_18	321.6559
hsink_TB_19	321.7368
hsink_TB_20	321.7608
hsink_TB_21	321.7178
hsink_TB_22	321.5575
hsink_TB_23	321.3130
hsink_TB_24	321.0767
hsink_TB_25	321.2228
hsink_TB_26	321.3274
hsink_TB_27	321.3860
hsink_TB_28	321.3985
hsink_TB_29	321.3585
hsink_TB_30	321.2547
hsink_TB_31	321.1024
inode_0	320.8541
inode_1	320.8740
inode_2	320.6473
inode_3	321.2883
inode_4	320.8481
inode_5	320.8682
inode_6	320.6443
inode_7	321.2830
inode_8	320.6052
inode_9	320.6234
inode_10	320.3574
inode_11	320.9226
inode_12	321.8639
inode_13	321.8780
inode_14	321.4953
inode_15	322.4723
inode_16	321.8631
inode_17	321.8774
inode_18	321.4952
inode_19	322.4720
inode_20	321.6339
inode_21	321.6536
inode_22	321.4722
inode_23	322.4251
inode_24	320.8204
inode_25	320.8355
inode_26	320.5284
inode_27	321.2106
