C_0	C_1	C_2	C_3	C_4	C_5	C_6	C_7	C_8	C_9	C_10	C_11	C_12	C_13	C_14	C_15	C_16	C_17	C_18	C_19	C_20	C_21	C_22	C_23	C_24	C_25	C_26	C_27	C_28	C_29	C_30	C_31	
68.34	69.24	69.22	68.37	69.16	70.50	70.51	69.15	69.65	71.00	71.00	69.68	68.94	69.82	69.82	68.90	66.38	67.27	67.24	66.42	67.16	68.43	68.39	67.09	67.13	68.43	68.39	67.09	66.36	67.17	67.14	66.29
68.37	69.27	69.27	68.47	69.17	70.42	70.43	69.10	69.65	70.96	70.96	69.72	69.13	69.98	69.98	69.03	66.20	67.12	67.11	66.29	66.87	68.07	68.06	66.79	66.80	68.07	68.05	66.82	66.16	66.94	66.93	66.05
68.39	69.29	69.30	68.53	69.16	70.34	70.35	69.06	69.63	70.90	70.90	69.73	69.25	70.08	70.08	69.11	66.11	67.05	67.05	66.24	66.71	67.85	67.84	66.61	66.60	67.83	67.83	66.66	66.06	66.80	66.79	65.92
68.41	69.31	69.32	68.59	69.16	70.28	70.29	69.03	69.61	70.84	70.84	69.74	69.33	70.15	70.14	69.16	66.06	67.01	67.01	66.21	66.61	67.69	67.68	66.49	66.45	67.66	67.65	66.54	65.99	66.71	66.69	65.83
68.43	69.32	69.34	68.63	69.15	70.23	70.24	69.00	69.58	70.79	70.79	69.74	69.40	70.20	70.19	69.20	66.03	66.98	66.98	66.20	66.54	67.57	67.56	66.40	66.35	67.52	67.52	66.45	65.95	66.64	66.62	65.77
68.43	69.32	69.33	68.66	69.12	70.18	70.17	68.97	69.56	70.74	70.75	69.74	69.45	70.23	70.22	69.22	66.01	66.96	66.97	66.20	66.49	67.48	67.47	66.33	66.27	67.41	67.42	66.39	65.92	66.59	66.57	65.72
68.48	69.37	69.38	68.73	69.16	70.17	70.16	68.99	69.54	70.71	70.72	69.75	69.50	70.27	70.25	69.25	66.00	66.95	66.97	66.21	66.46	67.41	67.39	66.28	66.20	67.33	67.33	66.34	65.90	66.55	66.53	65.68
68.32	69.22	69.24	68.59	69.04	70.02	70.00	68.84	69.47	70.62	70.64	69.70	69.49	70.24	70.23	69.22	65.99	66.95	66.96	66.22	66.44	67.35	67.33	66.23	66.15	67.25	67.26	66.31	65.89	66.52	66.50	65.66
68.31	69.20	69.23	68.60	69.02	69.97	69.95	68.80	69.45	70.58	70.60	69.70	69.52	70.26	70.24	69.23	65.99	66.95	66.96	66.24	66.42	67.29	67.28	66.20	66.10	67.19	67.20	66.28	65.89	66.50	66.47	65.64
68.34	69.23	69.25	68.65	69.03	69.94	69.91	68.79	69.48	70.59	70.62	69.76	69.60	70.32	70.30	69.29	65.99	66.95	66.97	66.25	66.41	67.25	67.23	66.17	66.07	67.13	67.15	66.26	65.89	66.48	66.45	65.62
68.42	69.29	69.32	68.74	69.10	69.97	69.94	68.84	69.47	70.57	70.59	69.77	69.63	70.34	70.32	69.30	65.99	66.94	66.97	66.27	66.40	67.21	67.19	66.14	66.03	67.08	67.10	66.24	65.90	66.46	66.44	65.61
68.47	69.35	69.38	68.82	69.14	69.98	69.97	68.87	69.46	70.55	70.58	69.78	69.66	70.36	70.33	69.32	65.99	66.94	66.97	66.29	66.40	67.18	67.15	66.12	66.00	67.04	67.05	66.22	65.90	66.45	66.42	65.60
68.48	69.35	69.39	68.85	69.15	69.96	69.95	68.86	69.45	70.53	70.56	69.79	69.70	70.38	70.35	69.33	65.99	66.94	66.97	66.30	66.40	67.15	67.12	66.10	65.98	66.99	67.01	66.21	65.90	66.44	66.40	65.59
68.40	69.27	69.31	68.79	69.08	69.87	69.84	68.77	69.45	70.51	70.55	69.80	69.72	70.39	70.35	69.34	65.99	66.94	66.97	66.32	66.40	67.12	67.09	66.08	65.95	66.95	66.98	66.20	65.91	66.42	66.39	65.58
68.37	69.25	69.28	68.77	69.04	69.81	69.79	68.73	69.44	70.49	70.53	69.81	69.75	70.40	70.36	69.35	65.99	66.94	66.97	66.33	66.40	67.10	67.06	66.07	65.93	66.92	66.94	66.19	65.91	66.41	66.38	65.57
68.12	68.99	69.03	68.54	68.80	69.53	69.51	68.47	69.43	70.47	70.51	69.82	69.77	70.41	70.37	69.36	65.99	66.93	66.97	66.35	66.40	67.07	67.04	66.05	65.90	66.88	66.91	66.18	65.92	66.40	66.36	65.56
68.34	69.21	69.24	68.77	69.01	69.73	69.71	68.67	69.42	70.46	70.50	69.84	69.79	70.42	70.37	69.36	65.99	66.93	66.97	66.36	66.40	67.05	67.01	66.04	65.88	66.85	66.88	66.17	65.92	66.39	66.35	65.55
68.49	69.36	69.31	68.90	69.14	69.85	69.82	68.79	69.41	70.44	70.49	69.85	69.81	70.42	70.37	69.37	65.98	66.93	66.97	66.37	66.41	67.03	66.99	66.02	65.86	66.81	66.85	66.16	65.93	66.38	66.34	65.54
68.51	69.38	69.33	68.94	69.17	69.86	69.82	68.80	69.40	70.42	70.48	69.86	69.83	70.43	70.37	69.37	65.98	66.92	66.97	66.38	66.41	67.01	66.97	66.01	65.84	66.78	66.82	66.16	65.93	66.37	66.32	65.54
68.41	69.28	69.30	68.88	69.11	69.76	69.72	68.71	69.38	70.40	70.45	69.86	69.84	70.42	70.36	69.36	65.98	66.91	66.96	66.40	66.41	67.00	66.94	66.00	65.82	66.75	66.79	66.15	65.94	66.36	66.31	65.53
68.34	69.20	69.28	68.88	69.05	69.68	69.64	68.63	69.38	70.39	70.45	69.87	69.86	70.43	70.37	69.37	65.98	66.91	66.96	66.41	66.42	66.98	66.92	65.98	65.80	66.72	66.77	66.14	65.94	66.35	66.30	65.52
68.33	69.18	69.28	68.89	69.05	69.66	69.61	68.61	69.37	70.38	70.44	69.88	69.88	70.43	70.37	69.37	65.97	66.90	66.96	66.42	66.42	66.96	66.90	65.97	65.78	66.69	66.74	66.14	65.94	66.34	66.28	65.51
68.33	69.17	69.29	68.91	69.05	69.64	69.59	68.60	69.37	70.36	70.43	69.90	69.89	70.43	70.36	69.37	65.97	66.89	66.95	66.42	66.42	66.95	66.89	65.96	65.77	66.67	66.72	66.13	65.95	66.33	66.27	65.50
68.32	69.17	69.29	68.92	69.06	69.62	69.57	68.58	69.36	70.35	70.42	69.91	69.91	70.43	70.36	69.37	65.96	66.88	66.95	66.43	66.43	66.94	66.87	65.95	65.75	66.64	66.69	66.13	65.95	66.32	66.26	65.49
68.32	69.17	69.29	68.94	69.06	69.61	69.55	68.57	69.36	70.34	70.42	69.92	69.92	70.43	70.36	69.37	65.96	66.87	66.94	66.44	66.43	66.92	66.85	65.94	65.73	66.61	66.67	66.12	65.95	66.31	66.25	65.48
68.32	69.16	69.29	68.95	69.07	69.60	69.54	68.56	69.35	70.33	70.41	69.93	69.94	70.43	70.35	69.37	65.95	66.86	66.93	66.45	66.44	66.91	66.84	65.93	65.71	66.59	66.65	66.12	65.95	66.30	66.23	65.47
68.32	69.16	69.05	68.72	68.83	69.34	69.52	68.56	69.34	70.32	70.40	69.94	69.95	70.43	70.35	69.37	65.94	66.85	66.93	66.46	66.44	66.90	66.82	65.92	65.70	66.56	66.63	66.11	65.96	66.30	66.22	65.47
68.08	68.91	69.02	68.70	68.81	69.30	69.26	68.31	69.34	70.31	70.40	69.95	69.96	70.43	70.34	69.36	65.94	66.84	66.92	66.46	66.45	66.89	66.80	65.91	65.68	66.54	66.61	66.11	65.96	66.29	66.21	65.46
68.05	68.88	69.01	68.70	68.80	69.27	69.22	68.27	69.33	70.30	70.39	69.95	69.97	70.43	70.34	69.36	65.93	66.83	66.92	66.47	66.45	66.88	66.79	65.90	65.67	66.52	66.59	66.11	65.96	66.28	66.20	65.45
68.27	69.10	69.24	68.94	69.03	69.50	69.43	68.48	69.32	70.29	70.38	69.96	69.98	70.42	70.33	69.36	65.92	66.82	66.91	66.47	66.45	66.87	66.78	65.89	65.65	66.50	66.57	66.10	65.96	66.27	66.18	65.44
68.29	69.12	69.26	68.98	69.06	69.51	69.44	68.50	69.32	70.28	70.38	69.97	69.99	70.42	70.32	69.35	65.92	66.81	66.90	66.48	66.46	66.86	66.76	65.88	65.64	66.47	66.55	66.10	65.96	66.26	66.17	65.43
68.29	69.12	69.27	68.99	69.08	69.51	69.43	68.49	69.31	70.27	70.37	69.99	70.00	70.42	70.32	69.35	65.91	66.80	66.89	66.48	66.46	66.85	66.75	65.87	65.62	66.45	66.53	66.09	65.96	66.25	66.16	65.42
68.30	69.13	69.28	69.02	69.10	69.52	69.43	68.50	69.31	70.26	70.37	69.99	70.01	70.42	70.31	69.35	65.90	66.79	66.89	66.49	66.47	66.84	66.73	65.86	65.61	66.43	66.51	66.09	65.97	66.24	66.15	65.41
68.30	69.13	69.29	69.03	69.11	69.51	69.42	68.49	69.30	70.25	70.37	70.00	70.02	70.42	70.31	69.34	65.89	66.78	66.88	66.49	66.47	66.83	66.72	65.85	65.59	66.41	66.50	66.09	65.97	66.23	66.14	65.40
68.30	69.13	69.30	69.05	69.12	69.51	69.42	68.49	69.30	70.24	70.36	70.01	70.03	70.42	70.30	69.34	65.89	66.77	66.87	66.50	66.48	66.82	66.71	65.84	65.58	66.39	66.48	66.08	65.97	66.23	66.12	65.40
68.30	69.13	69.30	69.06	69.13	69.50	69.41	68.48	69.29	70.24	70.36	70.02	70.04	70.41	70.30	69.34	65.88	66.76	66.87	66.50	66.48	66.81	66.70	65.84	65.57	66.37	66.46	66.08	65.97	66.22	66.11	65.39
68.30	69.13	69.30	69.07	69.13	69.50	69.40	68.48	69.05	69.98	70.11	69.78	69.81	70.16	70.04	69.09	65.87	66.74	66.86	66.51	66.48	66.80	66.68	65.83	65.55	66.35	66.45	66.08	65.97	66.21	66.10	65.38
68.30	69.12	69.30	69.08	69.14	69.49	69.39	68.47	69.01	69.94	70.07	69.76	69.78	70.13	70.00	69.05	65.86	66.73	66.85	66.51	66.48	66.79	66.67	65.82	65.54	66.33	66.43	66.07	65.97	66.20	66.09	65.37
68.29	69.12	69.30	69.09	69.14	69.48	69.37	68.46	68.99	69.91	70.05	69.75	69.77	70.11	69.98	69.03	65.85	66.72	66.84	66.51	66.49	66.78	66.66	65.81	65.53	66.32	66.42	66.07	65.97	66.19	66.08	65.36
68.29	69.11	69.30	69.10	69.15	69.48	69.36	68.45	68.98	69.90	70.04	69.75	69.77	70.09	69.96	69.02	65.84	66.71	66.83	66.51	66.49	66.77	66.64	65.80	65.51	66.30	66.40	66.07	65.97	66.18	66.07	65.35
68.29	69.11	69.30	69.11	69.15	69.47	69.35	68.45	68.96	69.88	70.03	69.75	69.77	70.08	69.94	69.01	65.83	66.69	66.82	66.51	66.49	66.76	66.63	65.79	65.50	66.28	66.39	66.07	65.97	66.18	66.06	65.35
68.28	69.10	69.30	69.11	69.16	69.46	69.34	68.44	68.95	69.87	70.02	69.75	69.77	70.07	69.93	69.00	65.82	66.68	66.81	66.52	66.49	66.76	66.62	65.78	65.49	66.26	66.38	66.06	65.97	66.17	66.04	65.34
68.28	69.10	69.30	69.12	69.16	69.46	69.33	68.43	68.94	69.86	70.01	69.76	69.78	70.07	69.92	68.99	65.81	66.67	66.80	66.52	66.49	66.75	66.61	65.77	65.48	66.25	66.36	66.06	65.97	66.16	66.03	65.33
68.28	69.10	69.30	69.13	69.17	69.45	69.32	68.42	68.94	69.85	70.01	69.76	69.78	70.06	69.91	68.98	65.80	66.66	66.80	66.52	66.49	66.74	66.60	65.76	65.46	66.23	66.35	66.06	65.97	66.15	66.02	65.32
68.27	69.09	69.30	69.14	69.17	69.45	69.31	68.42	68.93	69.84	70.00	69.76	69.78	70.05	69.90	68.97	65.80	66.64	66.79	66.52	66.50	66.73	66.58	65.75	65.45	66.21	66.34	66.05	65.97	66.15	66.01	65.31
68.27	69.09	69.30	69.14	69.18	69.44	69.30	68.41	68.92	69.83	69.99	69.77	69.79	70.05	69.89	68.96	65.79	66.63	66.78	66.52	66.50	66.72	66.57	65.74	65.44	66.20	66.32	66.05	65.97	66.14	66.00	65.30
68.27	69.09	69.30	69.15	69.18	69.43	69.29	68.40	68.92	69.82	69.99	69.77	69.79	70.04	69.88	68.96	65.78	66.62	66.77	66.52	66.50	66.72	66.56	65.73	65.43	66.18	66.31	66.05	65.97	66.13	65.99	65.30
68.26	69.08	69.30	69.16	69.18	69.43	69.28	68.40	68.91	69.81	69.99	69.78	69.80	70.04	69.87	68.95	65.77	66.61	66.77	66.52	66.50	66.71	66.55	65.73	65.42	66.17	66.30	66.05	65.97	66.13	65.98	65.29
68.26	69.08	69.30	69.17	69.19	69.43	69.28	68.39	68.90	69.81	69.99	69.78	69.80	70.03	69.87	68.95	65.76	66.60	66.76	66.53	66.50	66.71	66.54	65.72	65.40	66.15	66.28	66.04	65.97	66.12	65.97	65.28
68.26	69.07	69.30	69.17	69.19	69.42	69.27	68.38	68.90	69.80	69.98	69.79	69.80	70.03	69.86	68.94	65.75	66.59	66.75	66.53	66.50	66.70	66.53	65.71	65.39	66.14	66.27	66.04	65.97	66.11	65.96	65.27
68.25	69.07	69.30	69.18	69.20	69.41	69.26	68.38	68.89	69.79	69.98	69.79	69.81	70.02	69.85	68.93	65.74	66.58	66.74	66.53	66.51	66.69	66.52	65.70	65.38	66.12	66.26	66.04	65.97	66.10	65.95	65.26
68.25	69.07	69.30	69.18	69.20	69.41	69.25	68.37	68.88	69.78	69.97	69.80	69.81	70.02	69.84	68.92	65.73	66.57	66.74	66.53	66.51	66.69	66.51	65.69	65.37	66.11	66.25	66.03	65.97	66.10	65.94	65.26
68.24	69.06	69.30	69.19	69.21	69.41	69.24	68.36	68.88	69.78	69.97	69.80	69.82	70.01	69.83	68.92	65.73	66.56	66.73	66.53	66.51	66.68	66.50	65.69	65.36	66.10	66.24	66.03	65.97	66.09	65.93	65.25
68.24	69.06	69.30	69.19	69.21	69.40	69.23	68.36	68.87	69.77	69.96	69.80	69.82	70.01	69.82	68.91	65.72	66.55	66.72	66.53	66.51	66.67	66.49	65.68	65.35	66.09	66.24	66.03	65.97	66.09	65.92	65.24
68.24	69.05	69.30	69.20	69.21	69.40	69.23	68.35	68.86	69.76	69.96	69.80	69.82	70.01	69.81	68.90	65.71	66.54	66.72	66.53	66.51	66.67	66.48	65.67	65.34	66.07	66.22	66.03	65.97	66.08	65.91	65.23
68.23	69.05	69.30	69.21	69.22	69.39	69.22	68.34	68.86	69.75	69.96	69.81	69.83	70.00	69.80	68.90	65.70	66.52	66.71	66.53	66.51	66.66	66.47	65.66	65.33	66.06	66.21	66.02	65.96	66.07	65.90	65.22
68.23	69.05	69.30	69.21	69.22	69.39	69.21	68.34	68.85	69.75	69.95	69.81	69.83	70.00	69.80	68.89	65.69	66.51	66.70	66.53	66.51	66.66	66.46	65.65	65.32	66.04	66.20	66.02	65.96	66.06	65.89	65.22
68.23	69.04	69.30	69.22	69.22	69.38	69.20	68.33	68.85	69.74	69.95	69.82	69.83	69.99	69.79	68.88	65.68	66.50	66.69	66.53	66.51	66.65	66.45	65.65	65.31	66.03	66.19	66.02	65.96	66.06	65.89	65.21
68.22	69.04	69.30	69.22	69.23	69.38	69.19	68.32	68.84	69.73	69.95	69.82	69.83	69.99	69.78	68.87	65.68	66.49	66.69	66.53	66.52	66.64	66.45	65.64	65.30	66.02	66.18	66.02	65.96	66.05	65.88	65.20
68.22	69.04	69.30	69.23	69.23	69.38	69.19	68.32	68.84	69.73	69.95	69.83	69.84	69.98	69.78	68.87	65.67	66.48	66.68	66.53	66.51	66.64	66.43	65.63	65.29	66.00	66.17	66.01	65.96	66.04	65.87	65.19
68.21	69.03	69.30	69.23	69.23	69.37	69.18	68.31	68.83	69.72	69.94	69.83	69.84	69.98	69.76	68.86	65.66	66.47	66.67	66.53	66.52	66.63	66.43	65.62	65.28	65.99	66.16	66.01	65.96	66.04	65.86	65.19
68.21	69.03	69.29	69.24	69.24	69.37	69.17	68.31	68.82	69.71	69.94	69.83	69.84	69.97	69.76	68.85	65.65	66.46	66.67	66.53	66.52	66.63	66.42	65.62	65.27	65.98	66.15	66.01	65.96	66.03	65.85	65.18
68.21	69.02	69.29	69.24	69.24	69.36	69.17	68.30	68.81	69.70	69.93	69.83	69.84	69.97	69.75	68.85	65.64	66.45	66.66	66.53	66.52	66.62	66.41	65.61	65.26	65.97	66.15	66.01	65.96	66.03	65.84	65.17
68.20	69.02	69.29	69.24	69.24	69.36	69.16	68.29	68.81	69.70	69.93	69.84	69.85	69.97	69.74	68.84	65.63	66.44	66.65	66.53	66.52	66.62	66.40	65.60	65.25	65.96	66.14	66.00	65.95	66.02	65.83	65.16
68.20	69.01	69.29	69.25	69.24	69.36	69.15	68.29	68.80	69.69	69.93	69.84	69.85	69.96	69.73	68.83	65.63	66.43	66.65	66.53	66.52	66.61	66.39	65.59	65.24	65.95	66.13	66.00	65.95	66.02	65.82	65.16
68.19	69.01	69.29	69.25	69.25	69.35	69.14	68.28	68.80	69.68	69.92	69.84	69.85	69.96	69.73	68.83	65.62	66.42	66.64	66.53	66.52	66.61	66.38	65.59	65.23	65.93	66.12	66.00	65.95	66.01	65.82	65.15
68.19	69.01	69.29	69.26	69.25	69.35	69.14	68.27	68.79	69.68	69.92	69.84	69.85	69.95	69.72	68.82	65.61	66.42	66.64	66.53	66.52	66.60	66.38	65.58	65.22	65.92	66.11	65.99	65.95	66.00	65.81	65.14
68.18	69.00	69.29	69.26	69.25	69.34	69.13	68.27	68.78	69.67	69.92	69.85	69.85	69.95	69.71	68.81	65.60	66.41	66.63	66.53	66.52	66.59	66.37	65.57	65.21	65.91	66.10	65.99	65.95	66.00	65.80	65.13
68.18	69.00	69.29	69.26	69.25	69.34	69.12	68.26	68.78	69.66	69.92	69.85	69.86	69.95	69.70	68.81	65.59	66.40	66.62	66.53	66.52	66.59	66.36	65.56	65.20	65.90	66.09	65.99	65.95	65.99	65.79	65.13
68.18	68.99	69.29	69.27	69.25	69.34	69.12	68.25	68.77	69.66	69.91	69.85	69.86	69.94	69.69	68.80	65.59	66.39	66.62	66.53	66.52	66.58	66.35	65.56	65.19	65.89	66.09	65.99	65.95	65.99	65.78	65.12
68.17	68.99	69.29	69.27	69.26	69.33	69.11	68.25	68.77	69.65	69.91	69.85	69.86	69.94	69.69	68.79	65.58	66.38	66.61	66.53	66.52	66.58	66.34	65.55	65.19	65.88	66.08	65.98	65.94	65.98	65.77	65.11
