Metric	Core0	Core1	Core2	Core3	Core4	Core5	Core6	Core7	Core8	Core9	Core10	Core11	Core12	Core13	Core14	Core15	Core16	Core17	Core18	Core19	Core20	Core21	Core22	Core23	Core24	Core25	Core26	Core27	Core28	Core29	Core30	Core31
total	7.857	7.967	2.438	2.304	2.364	2.364	7.290	7.157	1000.128	1000.128	1000.128	1000.128	1000.128	1000.128	1000.128	1000.128	3600460.677	3600460.677	3600460.677	3600460.677	3600460.677	3600460.677	3600460.677	3600460.677	1000.128	1000.128	1000.128	1000.128	1000.128	1000.128	1000.128	1000.128
base	0.250	0.250	0.250	0.250	0.250	0.250	0.250	0.250	0.000	0.000	0.000	0.000	0.000	0.000	0.000	0.000	0.000	0.000	0.000	0.000	0.000	0.000	0.000	0.000	0.000	0.000	0.000	0.000	0.000	0.000	0.000	0.000
dispatch_width	-
rs_full	-
depend	-
depend-int	-
depend-fp	0.143	0.143	0.136	0.138	0.138	0.138	0.144	0.144	0.000	0.000	0.000	0.000	0.000	0.000	0.000	0.000	0.000	0.000	0.000	0.000	0.000	0.000	0.000	0.000	0.000	0.000	0.000	0.000	0.000	0.000	0.000	0.000
depend-branch	-
issue	0.000	0.000	0.070	0.067	0.068	0.068	0.000	0.000	0.000	0.000	0.000	0.000	0.000	0.000	0.000	0.000	0.000	0.000	0.000	0.000	0.000	0.000	0.000	0.000	0.000	0.000	0.000	0.000	0.000	0.000	0.000	0.000
serial	-
smt	-
branch	0.134	0.138	0.624	0.560	0.621	0.620	0.141	0.144	0.000	0.000	0.000	0.000	0.000	0.000	0.000	0.000	0.000	0.000	0.000	0.000	0.000	0.000	0.000	0.000	0.000	0.000	0.000	0.000	0.000	0.000	0.000	0.000
itlb	-
dtlb	-
ifetch	-
mem	-
mem-l1d	-
mem-l2	-
mem-l3	-
mem-l4	-
mem-remote	-
mem-nuca	-
mem-dram-cache	-
mem-dram	0.963	0.969	1.291	1.227	1.222	1.225	0.953	0.949	0.000	0.000	0.000	0.000	0.000	0.000	0.000	0.000	0.000	0.000	0.000	0.000	0.000	0.000	0.000	0.000	0.000	0.000	0.000	0.000	0.000	0.000	0.000	0.000
sync	-
dvfs-transition	-
imbalance	6.257	6.358	0.000	0.000	0.000	0.000	5.693	5.561	1000.128	1000.128	1000.128	1000.128	1000.128	1000.128	1000.128	1000.128	3600460.677	3600460.677	3600460.677	3600460.677	3600460.677	3600460.677	3600460.677	3600460.677	1000.128	1000.128	1000.128	1000.128	1000.128	1000.128	1000.128	1000.128
other	0.110	0.110	0.066	0.062	0.065	0.064	0.109	0.109	0.000	0.000	0.000	0.000	0.000	0.000	0.000	0.000	0.000	0.000	0.000	0.000	0.000	0.000	0.000	0.000	0.000	0.000	0.000	0.000	0.000	0.000	0.000	0.000
