pcb_C_0	328.5778
pcb_C_1	329.3227
pcb_C_2	329.6657
pcb_C_3	329.8065
pcb_C_4	329.8003
pcb_C_5	329.6573
pcb_C_6	329.3204
pcb_C_7	328.5772
pcb_C_8	328.3045
pcb_C_9	328.9760
pcb_C_10	329.3316
pcb_C_11	329.4904
pcb_C_12	329.4867
pcb_C_13	329.3260
pcb_C_14	328.9734
pcb_C_15	328.3036
pcb_C_16	327.8018
pcb_C_17	328.1082
pcb_C_18	328.3380
pcb_C_19	328.4594
pcb_C_20	328.4580
pcb_C_21	328.3354
pcb_C_22	328.1064
pcb_C_23	327.8008
pcb_C_24	327.4257
pcb_C_25	327.4405
pcb_C_26	327.5403
pcb_C_27	327.6098
pcb_C_28	327.6093
pcb_C_29	327.5392
pcb_C_30	327.4395
pcb_C_31	327.4250
solder_C_0	328.9402
solder_C_1	329.6245
solder_C_2	329.9791
solder_C_3	330.1285
solder_C_4	330.1161
solder_C_5	329.9643
solder_C_6	329.6232
solder_C_7	328.9403
solder_C_8	328.7007
solder_C_9	329.3177
solder_C_10	329.6819
solder_C_11	329.8485
solder_C_12	329.8434
solder_C_13	329.6748
solder_C_14	329.3153
solder_C_15	328.7001
solder_C_16	327.8348
solder_C_17	328.0493
solder_C_18	328.2902
solder_C_19	328.4212
solder_C_20	328.4196
solder_C_21	328.2874
solder_C_22	328.0475
solder_C_23	327.8339
solder_C_24	327.3581
solder_C_25	327.2771
solder_C_26	327.3900
solder_C_27	327.4699
solder_C_28	327.4693
solder_C_29	327.3888
solder_C_30	327.2761
solder_C_31	327.3574
sub_C_0	329.0217
sub_C_1	329.7092
sub_C_2	330.0740
sub_C_3	330.2275
sub_C_4	330.2114
sub_C_5	330.0557
sub_C_6	329.7089
sub_C_7	329.0221
sub_C_8	328.8382
sub_C_9	329.4672
sub_C_10	329.8383
sub_C_11	330.0075
sub_C_12	330.0023
sub_C_13	329.8312
sub_C_14	329.4650
sub_C_15	328.8376
sub_C_16	327.7330
sub_C_17	327.9821
sub_C_18	328.2341
sub_C_19	328.3688
sub_C_20	328.3672
sub_C_21	328.2314
sub_C_22	327.9803
sub_C_23	327.7321
sub_C_24	327.2327
sub_C_25	327.1966
sub_C_26	327.3228
sub_C_27	327.4071
sub_C_28	327.4065
sub_C_29	327.3217
sub_C_30	327.1956
sub_C_31	327.2319
layer_3_C_0	329.7337
layer_3_C_1	330.5103
layer_3_C_2	330.9694
layer_3_C_3	331.1601
layer_3_C_4	331.1058
layer_3_C_5	330.9160
layer_3_C_6	330.5211
layer_3_C_7	329.7374
layer_3_C_8	330.1758
layer_3_C_9	330.9763
layer_3_C_10	331.4133
layer_3_C_11	331.6084
layer_3_C_12	331.6021
layer_3_C_13	331.4064
layer_3_C_14	330.9745
layer_3_C_15	330.1759
layer_3_C_16	326.6924
layer_3_C_17	327.2823
layer_3_C_18	327.6438
layer_3_C_19	327.8133
layer_3_C_20	327.8119
layer_3_C_21	327.6414
layer_3_C_22	327.2806
layer_3_C_23	326.6913
layer_3_C_24	326.0315
layer_3_C_25	326.4035
layer_3_C_26	326.6581
layer_3_C_27	326.7832
layer_3_C_28	326.7827
layer_3_C_29	326.6569
layer_3_C_30	326.4024
layer_3_C_31	326.0306
layer_4_TB_0	329.5721
layer_4_TB_1	330.3492
layer_4_TB_2	330.8047
layer_4_TB_3	330.9943
layer_4_TB_4	330.9433
layer_4_TB_5	330.7544
layer_4_TB_6	330.3591
layer_4_TB_7	329.5756
layer_4_TB_8	329.9740
layer_4_TB_9	330.7748
layer_4_TB_10	331.2118
layer_4_TB_11	331.4069
layer_4_TB_12	331.4007
layer_4_TB_13	331.2050
layer_4_TB_14	330.7730
layer_4_TB_15	329.9741
layer_4_TB_16	326.6900
layer_4_TB_17	327.2804
layer_4_TB_18	327.6421
layer_4_TB_19	327.8116
layer_4_TB_20	327.8102
layer_4_TB_21	327.6397
layer_4_TB_22	327.2787
layer_4_TB_23	326.6889
layer_4_TB_24	326.0301
layer_4_TB_25	326.4026
layer_4_TB_26	326.6572
layer_4_TB_27	326.7824
layer_4_TB_28	326.7818
layer_4_TB_29	326.6561
layer_4_TB_30	326.4014
layer_4_TB_31	326.0292
hsp_TB_0	327.9565
hsp_TB_1	328.7381
hsp_TB_2	329.1576
hsp_TB_3	329.3367
hsp_TB_4	329.3188
hsp_TB_5	329.1378
hsp_TB_6	328.7385
hsp_TB_7	327.9571
hsp_TB_8	327.9562
hsp_TB_9	328.7603
hsp_TB_10	329.1972
hsp_TB_11	329.3916
hsp_TB_12	329.3867
hsp_TB_13	329.1908
hsp_TB_14	328.7582
hsp_TB_15	327.9555
hsp_TB_16	326.6662
hsp_TB_17	327.2617
hsp_TB_18	327.6245
hsp_TB_19	327.7943
hsp_TB_20	327.7930
hsp_TB_21	327.6221
hsp_TB_22	327.2600
hsp_TB_23	326.6651
hsp_TB_24	326.0160
hsp_TB_25	326.3931
hsp_TB_26	326.6488
hsp_TB_27	326.7743
hsp_TB_28	326.7737
hsp_TB_29	326.6476
hsp_TB_30	326.3920
hsp_TB_31	326.0151
hsink_TB_0	327.2831
hsink_TB_1	328.0350
hsink_TB_2	328.4401
hsink_TB_3	328.6153
hsink_TB_4	328.6085
hsink_TB_5	328.4311
hsink_TB_6	328.0328
hsink_TB_7	327.2825
hsink_TB_8	327.2046
hsink_TB_9	327.9782
hsink_TB_10	328.4118
hsink_TB_11	328.6053
hsink_TB_12	328.6019
hsink_TB_13	328.4066
hsink_TB_14	327.9758
hsink_TB_15	327.2036
hsink_TB_16	326.5732
hsink_TB_17	327.1645
hsink_TB_18	327.5270
hsink_TB_19	327.6968
hsink_TB_20	327.6955
hsink_TB_21	327.5246
hsink_TB_22	327.1628
hsink_TB_23	326.5721
hsink_TB_24	326.0015
hsink_TB_25	326.3800
hsink_TB_26	326.6360
hsink_TB_27	326.7615
hsink_TB_28	326.7610
hsink_TB_29	326.6348
hsink_TB_30	326.3788
hsink_TB_31	326.0006
inode_0	325.4120
inode_1	325.4113
inode_2	324.7981
inode_3	326.2859
inode_4	325.3958
inode_5	325.3951
inode_6	324.7900
inode_7	326.2729
inode_8	324.7434
inode_9	324.7427
inode_10	324.0261
inode_11	325.3384
inode_12	328.1262
inode_13	328.1256
inode_14	327.0669
inode_15	329.3077
inode_16	328.1237
inode_17	328.1231
inode_18	327.0667
inode_19	329.3069
inode_20	327.4902
inode_21	327.4895
inode_22	327.0052
inode_23	329.1922
inode_24	325.3094
inode_25	325.3088
inode_26	324.4895
inode_27	326.0552
