pcb_LC_0	371.6203
pcb_LC_1	373.5588
pcb_LC_2	374.4211
pcb_LC_3	374.7702
pcb_LC_4	374.7711
pcb_LC_5	374.4241
pcb_LC_6	373.5638
pcb_LC_7	371.6271
pcb_LC_8	371.5837
pcb_LC_9	373.8822
pcb_LC_10	374.9886
pcb_LC_11	375.4495
pcb_LC_12	375.4510
pcb_LC_13	374.9932
pcb_LC_14	373.8891
pcb_LC_15	371.5920
pcb_LC_16	371.5862
pcb_LC_17	373.8867
pcb_LC_18	374.9943
pcb_LC_19	375.4556
pcb_LC_20	375.4571
pcb_LC_21	374.9989
pcb_LC_22	373.8940
pcb_LC_23	371.5946
pcb_LC_24	371.6274
pcb_LC_25	373.5704
pcb_LC_26	374.4348
pcb_LC_27	374.7848
pcb_LC_28	374.7858
pcb_LC_29	374.4382
pcb_LC_30	373.5762
pcb_LC_31	371.6345
solder_LC_0	374.9285
solder_LC_1	375.6079
solder_LC_2	376.1355
solder_LC_3	376.4117
solder_LC_4	376.4123
solder_LC_5	376.1390
solder_LC_6	375.6151
solder_LC_7	374.9394
solder_LC_8	375.1294
solder_LC_9	376.0284
solder_LC_10	376.7113
solder_LC_11	377.0697
solder_LC_12	377.0719
solder_LC_13	376.7188
solder_LC_14	376.0389
solder_LC_15	375.1425
solder_LC_16	375.1357
solder_LC_17	376.0375
solder_LC_18	376.7230
solder_LC_19	377.0814
solder_LC_20	377.0837
solder_LC_21	376.7301
solder_LC_22	376.0494
solder_LC_23	375.1490
solder_LC_24	374.9419
solder_LC_25	375.6275
solder_LC_26	376.1595
solder_LC_27	376.4378
solder_LC_28	376.4379
solder_LC_29	376.1638
solder_LC_30	375.6382
solder_LC_31	374.9536
sub_LC_0	375.2594
sub_LC_1	375.9827
sub_LC_2	376.5689
sub_LC_3	376.8753
sub_LC_4	376.8749
sub_LC_5	376.5713
sub_LC_6	375.9904
sub_LC_7	375.2727
sub_LC_8	375.4804
sub_LC_9	376.3992
sub_LC_10	377.1248
sub_LC_11	377.5090
sub_LC_12	377.5118
sub_LC_13	377.1349
sub_LC_14	376.4107
sub_LC_15	375.4958
sub_LC_16	375.4917
sub_LC_17	376.4117
sub_LC_18	377.1421
sub_LC_19	377.5242
sub_LC_20	377.5275
sub_LC_21	377.1502
sub_LC_22	376.4256
sub_LC_23	375.5070
sub_LC_24	375.2786
sub_LC_25	376.0067
sub_LC_26	376.5989
sub_LC_27	376.9095
sub_LC_28	376.9072
sub_LC_29	376.6026
sub_LC_30	376.0214
sub_LC_31	375.2928
layer_3_LC_0	378.0867
layer_3_LC_1	379.3867
layer_3_LC_2	380.5520
layer_3_LC_3	381.1387
layer_3_LC_4	381.1256
layer_3_LC_5	380.5403
layer_3_LC_6	379.3984
layer_3_LC_7	378.1246
layer_3_LC_8	378.4989
layer_3_LC_9	379.8954
layer_3_LC_10	381.0957
layer_3_LC_11	381.7532
layer_3_LC_12	381.7602
layer_3_LC_13	381.1360
layer_3_LC_14	379.9152
layer_3_LC_15	378.5374
layer_3_LC_16	378.5639
layer_3_LC_17	379.9429
layer_3_LC_18	381.1762
layer_3_LC_19	381.8024
layer_3_LC_20	381.8181
layer_3_LC_21	381.1928
layer_3_LC_22	379.9771
layer_3_LC_23	378.5975
layer_3_LC_24	378.1611
layer_3_LC_25	379.4537
layer_3_LC_26	380.6415
layer_3_LC_27	381.2542
layer_3_LC_28	381.2245
layer_3_LC_29	380.6358
layer_3_LC_30	379.5097
layer_3_LC_31	378.1992
layer_4_TB_0	377.9503
layer_4_TB_1	379.2483
layer_4_TB_2	380.4112
layer_4_TB_3	380.9963
layer_4_TB_4	380.9832
layer_4_TB_5	380.3994
layer_4_TB_6	379.2600
layer_4_TB_7	377.9880
layer_4_TB_8	378.3622
layer_4_TB_9	379.7567
layer_4_TB_10	380.9542
layer_4_TB_11	381.6102
layer_4_TB_12	381.6172
layer_4_TB_13	380.9946
layer_4_TB_14	379.7765
layer_4_TB_15	378.4007
layer_4_TB_16	378.4272
layer_4_TB_17	379.8042
layer_4_TB_18	381.0348
layer_4_TB_19	381.6593
layer_4_TB_20	381.6750
layer_4_TB_21	381.0514
layer_4_TB_22	379.8383
layer_4_TB_23	378.4607
layer_4_TB_24	378.0245
layer_4_TB_25	379.3151
layer_4_TB_26	380.5005
layer_4_TB_27	381.1117
layer_4_TB_28	381.0819
layer_4_TB_29	380.4947
layer_4_TB_30	379.3711
layer_4_TB_31	378.0625
layer_5_B_0	376.5851
layer_5_B_1	377.8642
layer_5_B_2	379.0027
layer_5_B_3	379.5723
layer_5_B_4	379.5589
layer_5_B_5	378.9901
layer_5_B_6	377.8754
layer_5_B_7	376.6223
layer_5_B_8	376.9949
layer_5_B_9	378.3700
layer_5_B_10	379.5394
layer_5_B_11	380.1805
layer_5_B_12	380.1873
layer_5_B_13	379.5805
layer_5_B_14	378.3888
layer_5_B_15	377.0328
layer_5_B_16	377.0607
layer_5_B_17	378.4170
layer_5_B_18	379.6211
layer_5_B_19	380.2284
layer_5_B_20	380.2449
layer_5_B_21	379.6370
layer_5_B_22	378.4504
layer_5_B_23	377.0932
layer_5_B_24	376.6578
layer_5_B_25	377.9294
layer_5_B_26	379.0897
layer_5_B_27	379.6861
layer_5_B_28	379.6556
layer_5_B_29	379.0834
layer_5_B_30	377.9851
layer_5_B_31	376.6949
layer_6_TB_0	376.3260
layer_6_TB_1	377.6040
layer_6_TB_2	378.7388
layer_6_TB_3	379.3073
layer_6_TB_4	379.2944
layer_6_TB_5	378.7269
layer_6_TB_6	377.6151
layer_6_TB_7	376.3626
layer_6_TB_8	376.7357
layer_6_TB_9	378.1093
layer_6_TB_10	379.2766
layer_6_TB_11	379.9153
layer_6_TB_12	379.9218
layer_6_TB_13	379.3165
layer_6_TB_14	378.1279
layer_6_TB_15	376.7731
layer_6_TB_16	376.8005
layer_6_TB_17	378.1560
layer_6_TB_18	379.3567
layer_6_TB_19	379.9630
layer_6_TB_20	379.9789
layer_6_TB_21	379.3726
layer_6_TB_22	378.1889
layer_6_TB_23	376.8328
layer_6_TB_24	376.3983
layer_6_TB_25	377.6689
layer_6_TB_26	378.8253
layer_6_TB_27	379.4198
layer_6_TB_28	379.3901
layer_6_TB_29	378.8194
layer_6_TB_30	377.7235
layer_6_TB_31	376.4352
layer_7_B_32	373.7346
layer_7_B_33	375.0018
layer_7_B_34	376.0997
layer_7_B_35	376.6576
layer_7_B_36	376.6491
layer_7_B_37	376.0947
layer_7_B_38	375.0124
layer_7_B_39	373.7655
layer_7_B_40	374.1437
layer_7_B_41	375.5025
layer_7_B_42	376.6484
layer_7_B_43	377.2628
layer_7_B_44	377.2673
layer_7_B_45	376.6769
layer_7_B_46	375.5197
layer_7_B_47	374.1754
layer_7_B_48	374.1989
layer_7_B_49	375.5458
layer_7_B_50	376.7134
layer_7_B_51	377.3090
layer_7_B_52	377.3199
layer_7_B_53	376.7282
layer_7_B_54	375.5743
layer_7_B_55	374.2282
layer_7_B_56	373.8032
layer_7_B_57	375.0645
layer_7_B_58	376.1815
layer_7_B_59	376.7570
layer_7_B_60	376.7355
layer_7_B_61	376.1797
layer_7_B_62	375.1077
layer_7_B_63	373.8371
layer_8_TB_0	373.4267
layer_8_TB_1	374.6933
layer_8_TB_2	375.7872
layer_8_TB_3	376.3437
layer_8_TB_4	376.3357
layer_8_TB_5	375.7829
layer_8_TB_6	374.7038
layer_8_TB_7	373.4571
layer_8_TB_8	373.8362
layer_8_TB_9	375.1943
layer_8_TB_10	376.3379
layer_8_TB_11	376.9496
layer_8_TB_12	376.9540
layer_8_TB_13	376.3652
layer_8_TB_14	375.2113
layer_8_TB_15	373.8674
layer_8_TB_16	373.8906
layer_8_TB_17	375.2373
layer_8_TB_18	376.4015
layer_8_TB_19	376.9957
layer_8_TB_20	377.0061
layer_8_TB_21	376.4162
layer_8_TB_22	375.2654
layer_8_TB_23	373.9196
layer_8_TB_24	373.4950
layer_8_TB_25	374.7558
layer_8_TB_26	375.8686
layer_8_TB_27	376.4419
layer_8_TB_28	376.4212
layer_8_TB_29	375.8671
layer_8_TB_30	374.7978
layer_8_TB_31	373.5286
layer_9_B_64	370.3477
layer_9_B_65	371.6086
layer_9_B_66	372.6630
layer_9_B_67	373.2055
layer_9_B_68	373.2016
layer_9_B_69	372.6649
layer_9_B_70	371.6184
layer_9_B_71	370.3724
layer_9_B_72	370.7616
layer_9_B_73	372.1130
layer_9_B_74	373.2323
layer_9_B_75	373.8183
layer_9_B_76	373.8205
layer_9_B_77	373.2490
layer_9_B_78	372.1282
layer_9_B_79	370.7872
layer_9_B_80	370.8077
layer_9_B_81	372.1530
layer_9_B_82	373.2825
layer_9_B_83	373.8629
layer_9_B_84	373.8689
layer_9_B_85	373.2959
layer_9_B_86	372.1767
layer_9_B_87	370.8335
layer_9_B_88	370.4119
layer_9_B_89	371.6685
layer_9_B_90	372.7392
layer_9_B_91	373.2909
layer_9_B_92	373.2776
layer_9_B_93	372.7413
layer_9_B_94	371.6995
layer_9_B_95	370.4424
layer_10_TB_0	369.9928
layer_10_TB_1	371.2537
layer_10_TB_2	372.3037
layer_10_TB_3	372.8446
layer_10_TB_4	372.8411
layer_10_TB_5	372.3063
layer_10_TB_6	371.2634
layer_10_TB_7	370.0169
layer_10_TB_8	370.4077
layer_10_TB_9	371.7591
layer_10_TB_10	372.8757
layer_10_TB_11	373.4590
layer_10_TB_12	373.4609
layer_10_TB_13	372.8914
layer_10_TB_14	371.7741
layer_10_TB_15	370.4326
layer_10_TB_16	370.4530
layer_10_TB_17	371.7989
layer_10_TB_18	372.9247
layer_10_TB_19	373.5034
layer_10_TB_20	373.5091
layer_10_TB_21	372.9380
layer_10_TB_22	371.8221
layer_10_TB_23	370.4785
layer_10_TB_24	370.0566
layer_10_TB_25	371.3132
layer_10_TB_26	372.3794
layer_10_TB_27	372.9287
layer_10_TB_28	372.9161
layer_10_TB_29	372.3819
layer_10_TB_30	371.3432
layer_10_TB_31	370.0868
layer_11_B_96	366.4431
layer_11_B_97	367.7039
layer_11_B_98	368.7112
layer_11_B_99	369.2352
layer_11_B_100	369.2356
layer_11_B_101	368.7198
layer_11_B_102	367.7128
layer_11_B_103	366.4615
layer_11_B_104	366.8677
layer_11_B_105	368.2205
layer_11_B_106	369.3104
layer_11_B_107	369.8659
layer_11_B_108	369.8656
layer_11_B_109	369.3157
layer_11_B_110	368.2334
layer_11_B_111	366.8870
layer_11_B_112	366.9056
layer_11_B_113	368.2578
layer_11_B_114	369.3468
layer_11_B_115	369.9093
layer_11_B_116	369.9108
layer_11_B_117	369.3589
layer_11_B_118	368.2765
layer_11_B_119	366.9277
layer_11_B_120	366.5027
layer_11_B_121	367.7605
layer_11_B_122	368.7816
layer_11_B_123	369.3067
layer_11_B_124	369.3008
layer_11_B_125	368.7874
layer_11_B_126	367.7796
layer_11_B_127	366.5297
layer_12_TB_0	366.0430
layer_12_TB_1	367.3044
layer_12_TB_2	368.3070
layer_12_TB_3	368.8291
layer_12_TB_4	368.8299
layer_12_TB_5	368.3163
layer_12_TB_6	367.3131
layer_12_TB_7	366.0609
layer_12_TB_8	366.4690
layer_12_TB_9	367.8228
layer_12_TB_10	368.9098
layer_12_TB_11	369.4624
layer_12_TB_12	369.4618
layer_12_TB_13	368.9142
layer_12_TB_14	367.8356
layer_12_TB_15	366.4878
layer_12_TB_16	366.5063
layer_12_TB_17	367.8600
layer_12_TB_18	368.9450
layer_12_TB_19	369.5057
layer_12_TB_20	369.5069
layer_12_TB_21	368.9570
layer_12_TB_22	367.8782
layer_12_TB_23	366.5280
layer_12_TB_24	366.1021
layer_12_TB_25	367.3606
layer_12_TB_26	368.3769
layer_12_TB_27	368.8993
layer_12_TB_28	368.8941
layer_12_TB_29	368.3830
layer_12_TB_30	367.3786
layer_12_TB_31	366.1288
layer_13_B_128	362.0417
layer_13_B_129	363.3092
layer_13_B_130	364.2652
layer_13_B_131	364.7679
layer_13_B_132	364.7727
layer_13_B_133	364.2807
layer_13_B_134	363.3169
layer_13_B_135	362.0539
layer_13_B_136	362.4829
layer_13_B_137	363.8464
layer_13_B_138	364.9047
layer_13_B_139	365.4272
layer_13_B_140	365.4242
layer_13_B_141	364.8984
layer_13_B_142	363.8571
layer_13_B_143	362.4960
layer_13_B_144	362.5132
layer_13_B_145	363.8817
layer_13_B_146	364.9276
layer_13_B_147	365.4699
layer_13_B_148	365.4671
layer_13_B_149	364.9385
layer_13_B_150	363.8955
layer_13_B_151	362.5315
layer_13_B_152	362.0965
layer_13_B_153	363.3621
layer_13_B_154	364.3298
layer_13_B_155	364.8254
layer_13_B_156	364.8267
layer_13_B_157	364.3392
layer_13_B_158	363.3692
layer_13_B_159	362.1200
layer_14_TB_0	361.5265
layer_14_TB_1	362.7948
layer_14_TB_2	363.7468
layer_14_TB_3	364.2463
layer_14_TB_4	364.2510
layer_14_TB_5	363.7619
layer_14_TB_6	362.8023
layer_14_TB_7	361.5384
layer_14_TB_8	361.9683
layer_14_TB_9	363.3341
layer_14_TB_10	364.3882
layer_14_TB_11	364.9083
layer_14_TB_12	364.9054
layer_14_TB_13	364.3822
layer_14_TB_14	363.3445
layer_14_TB_15	361.9812
layer_14_TB_16	361.9980
layer_14_TB_17	363.3686
layer_14_TB_18	364.4107
layer_14_TB_19	364.9501
layer_14_TB_20	364.9474
layer_14_TB_21	364.4214
layer_14_TB_22	363.3821
layer_14_TB_23	362.0160
layer_14_TB_24	361.5801
layer_14_TB_25	362.8466
layer_14_TB_26	363.8101
layer_14_TB_27	364.3027
layer_14_TB_28	364.3040
layer_14_TB_29	363.8193
layer_14_TB_30	362.8536
layer_14_TB_31	361.6031
layer_15_B_160	356.3737
layer_15_B_161	357.6499
layer_15_B_162	358.5627
layer_15_B_163	359.0305
layer_15_B_164	359.0342
layer_15_B_165	358.5743
layer_15_B_166	357.6562
layer_15_B_167	356.3834
layer_15_B_168	356.8228
layer_15_B_169	358.2105
layer_15_B_170	359.2240
layer_15_B_171	359.7197
layer_15_B_172	359.7177
layer_15_B_173	359.2203
layer_15_B_174	358.2189
layer_15_B_175	356.8333
layer_15_B_176	356.8459
layer_15_B_177	358.2371
layer_15_B_178	359.2423
layer_15_B_179	359.7518
layer_15_B_180	359.7499
layer_15_B_181	359.2506
layer_15_B_182	358.2479
layer_15_B_183	356.8603
layer_15_B_184	356.4162
layer_15_B_185	357.6913
layer_15_B_186	358.6126
layer_15_B_187	359.0756
layer_15_B_188	359.0767
layer_15_B_189	358.6199
layer_15_B_190	357.6974
layer_15_B_191	356.4344
layer_16_TB_0	355.8181
layer_16_TB_1	357.0957
layer_16_TB_2	358.0042
layer_16_TB_3	358.4686
layer_16_TB_4	358.4721
layer_16_TB_5	358.0154
layer_16_TB_6	357.1019
layer_16_TB_7	355.8275
layer_16_TB_8	356.2684
layer_16_TB_9	357.6593
layer_16_TB_10	358.6685
layer_16_TB_11	359.1615
layer_16_TB_12	359.1596
layer_16_TB_13	358.6649
layer_16_TB_14	357.6675
layer_16_TB_15	356.2786
layer_16_TB_16	356.2909
layer_16_TB_17	357.6851
layer_16_TB_18	358.6863
layer_16_TB_19	359.1926
layer_16_TB_20	359.1909
layer_16_TB_21	358.6944
layer_16_TB_22	357.6956
layer_16_TB_23	356.3049
layer_16_TB_24	355.8594
layer_16_TB_25	357.1360
layer_16_TB_26	358.0527
layer_16_TB_27	358.5125
layer_16_TB_28	358.5136
layer_16_TB_29	358.0599
layer_16_TB_30	357.1420
layer_16_TB_31	355.8771
layer_17_B_192	350.2611
layer_17_B_193	351.5539
layer_17_B_194	352.4186
layer_17_B_195	352.8491
layer_17_B_196	352.8516
layer_17_B_197	352.4266
layer_17_B_198	351.5587
layer_17_B_199	350.2681
layer_17_B_200	350.7241
layer_17_B_201	352.1469
layer_17_B_202	353.1133
layer_17_B_203	353.5794
layer_17_B_204	353.5782
layer_17_B_205	353.1114
layer_17_B_206	352.1532
layer_17_B_207	350.7319
layer_17_B_208	350.7402
layer_17_B_209	352.1654
layer_17_B_210	353.1266
layer_17_B_211	353.6015
layer_17_B_212	353.6004
layer_17_B_213	353.1324
layer_17_B_214	352.1732
layer_17_B_215	350.7507
layer_17_B_216	350.2912
layer_17_B_217	351.5837
layer_17_B_218	352.4540
layer_17_B_219	352.8816
layer_17_B_220	352.8824
layer_17_B_221	352.4593
layer_17_B_222	351.5885
layer_17_B_223	350.3042
layer_18_TB_0	349.6677
layer_18_TB_1	350.9629
layer_18_TB_2	351.8227
layer_18_TB_3	352.2496
layer_18_TB_4	352.2520
layer_18_TB_5	351.8304
layer_18_TB_6	350.9675
layer_18_TB_7	349.6745
layer_18_TB_8	350.1325
layer_18_TB_9	351.5597
layer_18_TB_10	352.5214
layer_18_TB_11	352.9846
layer_18_TB_12	352.9835
layer_18_TB_13	352.5197
layer_18_TB_14	351.5657
layer_18_TB_15	350.1401
layer_18_TB_16	350.1481
layer_18_TB_17	351.5774
layer_18_TB_18	352.5343
layer_18_TB_19	353.0058
layer_18_TB_20	353.0049
layer_18_TB_21	352.5399
layer_18_TB_22	351.5850
layer_18_TB_23	350.1582
layer_18_TB_24	349.6967
layer_18_TB_25	350.9915
layer_18_TB_26	351.8568
layer_18_TB_27	352.2809
layer_18_TB_28	352.2816
layer_18_TB_29	351.8619
layer_18_TB_30	350.9962
layer_18_TB_31	349.7092
layer_19_B_224	343.7338
layer_19_B_225	345.0523
layer_19_B_226	345.8635
layer_19_B_227	346.2542
layer_19_B_228	346.2557
layer_19_B_229	345.8681
layer_19_B_230	345.0555
layer_19_B_231	343.7383
layer_19_B_232	344.2167
layer_19_B_233	345.6870
layer_19_B_234	346.6031
layer_19_B_235	347.0371
layer_19_B_236	347.0367
layer_19_B_237	346.6027
layer_19_B_238	345.6911
layer_19_B_239	344.2218
layer_19_B_240	344.2261
layer_19_B_241	345.6977
layer_19_B_242	346.6113
layer_19_B_243	347.0498
layer_19_B_244	347.0494
layer_19_B_245	346.6149
layer_19_B_246	345.7027
layer_19_B_247	344.2326
layer_19_B_248	343.7516
layer_19_B_249	345.0703
layer_19_B_250	345.8846
layer_19_B_251	346.2739
layer_19_B_252	346.2745
layer_19_B_253	345.8879
layer_19_B_254	345.0736
layer_19_B_255	343.7594
layer_20_TB_0	343.1055
layer_20_TB_1	344.4272
layer_20_TB_2	345.2331
layer_20_TB_3	345.6199
layer_20_TB_4	345.6213
layer_20_TB_5	345.2374
layer_20_TB_6	344.4303
layer_20_TB_7	343.1098
layer_20_TB_8	343.5908
layer_20_TB_9	345.0667
layer_20_TB_10	345.9778
layer_20_TB_11	346.4087
layer_20_TB_12	346.4083
layer_20_TB_13	345.9775
layer_20_TB_14	345.0705
layer_20_TB_15	343.5956
layer_20_TB_16	343.5995
layer_20_TB_17	345.0766
layer_20_TB_18	345.9855
layer_20_TB_19	346.4205
layer_20_TB_20	346.4202
layer_20_TB_21	345.9889
layer_20_TB_22	345.0813
layer_20_TB_23	343.6057
layer_20_TB_24	343.1222
layer_20_TB_25	344.4441
layer_20_TB_26	345.2528
layer_20_TB_27	345.6384
layer_20_TB_28	345.6390
layer_20_TB_29	345.2560
layer_20_TB_30	344.4474
layer_20_TB_31	343.1295
hsp_TB_0	336.8227
hsp_TB_1	338.1767
hsp_TB_2	338.9287
hsp_TB_3	339.2771
hsp_TB_4	339.2776
hsp_TB_5	338.9301
hsp_TB_6	338.1784
hsp_TB_7	336.8247
hsp_TB_8	337.3313
hsp_TB_9	338.8630
hsp_TB_10	339.7250
hsp_TB_11	340.1247
hsp_TB_12	340.1249
hsp_TB_13	339.7259
hsp_TB_14	338.8649
hsp_TB_15	337.3336
hsp_TB_16	337.3339
hsp_TB_17	338.8660
hsp_TB_18	339.7279
hsp_TB_19	340.1282
hsp_TB_20	340.1285
hsp_TB_21	339.7293
hsp_TB_22	338.8682
hsp_TB_23	337.3365
hsp_TB_24	336.8281
hsp_TB_25	338.1829
hsp_TB_26	338.9356
hsp_TB_27	339.2840
hsp_TB_28	339.2843
hsp_TB_29	338.9369
hsp_TB_30	338.1847
hsp_TB_31	336.8308
hsink_TB_0	334.5200
hsink_TB_1	335.6689
hsink_TB_2	336.3663
hsink_TB_3	336.6949
hsink_TB_4	336.6951
hsink_TB_5	336.3669
hsink_TB_6	335.6699
hsink_TB_7	334.5212
hsink_TB_8	334.9038
hsink_TB_9	336.2167
hsink_TB_10	337.0206
hsink_TB_11	337.4005
hsink_TB_12	337.4008
hsink_TB_13	337.0214
hsink_TB_14	336.2178
hsink_TB_15	334.9051
hsink_TB_16	334.9045
hsink_TB_17	336.2177
hsink_TB_18	337.0217
hsink_TB_19	337.4017
hsink_TB_20	337.4019
hsink_TB_21	337.0225
hsink_TB_22	336.2189
hsink_TB_23	334.9059
hsink_TB_24	334.5219
hsink_TB_25	335.6713
hsink_TB_26	336.3688
hsink_TB_27	336.6975
hsink_TB_28	336.6978
hsink_TB_29	336.3695
hsink_TB_30	335.6723
hsink_TB_31	334.5232
inode_0	331.2116
inode_1	331.2127
inode_2	332.0933
inode_3	332.0909
inode_4	331.1530
inode_5	331.1541
inode_6	332.0455
inode_7	332.0431
inode_8	329.3284
inode_9	329.3294
inode_10	329.8429
inode_11	329.8409
inode_12	374.6236
inode_13	374.6357
inode_14	374.2007
inode_15	374.1801
inode_16	374.5915
inode_17	374.6035
inode_18	374.1911
inode_19	374.1705
inode_20	368.6137
inode_21	368.6216
inode_22	372.5130
inode_23	372.4950
inode_24	351.8162
inode_25	351.8215
inode_26	352.2640
inode_27	352.2528
