C_0	C_1	C_2	C_3	C_4	C_5	C_6	C_7	C_8	C_9	C_10	C_11	C_12	C_13	C_14	C_15	C_16	C_17	C_18	C_19	C_20	C_21	C_22	C_23	C_24	C_25	C_26	C_27	C_28	C_29	C_30	C_31	
68.33	69.23	69.23	68.38	69.17	70.50	70.51	69.15	69.12	70.48	70.48	69.15	68.42	69.29	69.30	68.37	66.38	67.26	67.24	66.42	67.16	68.43	68.38	67.09	67.13	68.43	68.39	67.09	66.36	67.17	67.14	66.29
68.37	69.27	69.27	68.47	69.17	70.42	70.41	69.11	69.08	70.37	70.37	69.13	68.56	69.40	69.40	68.45	66.19	67.11	67.10	66.28	66.86	68.07	68.05	66.79	66.80	68.07	68.05	66.82	66.16	66.94	66.93	66.05
68.39	69.29	69.05	68.29	68.91	70.09	70.33	69.06	69.02	70.28	70.02	68.86	68.40	69.21	69.46	68.50	66.10	67.04	67.04	66.22	66.70	67.84	67.83	66.61	66.60	67.83	67.83	66.66	66.06	66.80	66.79	65.92
68.17	69.06	69.28	68.55	69.11	70.25	70.01	68.79	68.74	69.95	70.16	69.06	68.67	69.47	69.50	68.52	66.05	66.99	66.99	66.20	66.60	67.68	67.67	66.48	66.45	67.66	67.65	66.54	65.99	66.71	66.69	65.83
68.15	69.04	69.31	68.61	68.88	69.96	69.93	68.73	68.67	69.85	70.11	69.07	68.74	69.52	69.53	68.55	66.01	66.96	66.97	66.18	66.52	67.55	67.54	66.38	66.35	67.52	67.52	66.45	65.95	66.64	66.62	65.76
68.14	69.03	69.08	68.41	69.09	70.14	69.86	68.69	68.62	69.78	70.06	69.06	68.78	69.55	69.55	68.56	65.99	66.94	66.95	66.18	66.47	67.46	67.45	66.31	66.26	67.41	67.42	66.39	65.92	66.58	66.57	65.72
68.14	69.02	69.06	68.42	68.87	69.87	69.81	68.66	68.58	69.72	70.02	69.06	68.83	69.58	69.57	68.58	65.97	66.93	66.94	66.19	66.44	67.38	67.37	66.26	66.20	67.32	67.33	66.34	65.90	66.55	66.53	65.68
68.38	69.26	69.05	68.43	68.85	69.81	70.01	68.87	68.55	69.67	69.98	69.06	68.86	69.60	69.59	68.59	65.96	66.92	66.94	66.20	66.41	67.32	67.30	66.21	66.15	67.25	67.26	66.31	65.90	66.52	66.50	65.66
68.17	69.05	69.05	68.45	68.84	69.77	69.75	68.64	68.53	69.63	69.95	69.06	68.89	69.62	69.60	68.61	65.96	66.91	66.94	66.21	66.39	67.27	67.25	66.18	66.10	67.19	67.20	66.28	65.89	66.49	66.47	65.64
68.39	69.27	69.05	68.47	68.83	69.73	69.70	68.61	68.51	69.59	69.92	69.07	68.92	69.63	69.61	68.62	65.95	66.91	66.94	66.23	66.38	67.22	67.20	66.15	66.06	67.13	67.14	66.25	65.89	66.47	66.45	65.62
68.18	69.05	69.05	68.49	68.83	69.70	69.91	68.82	68.49	69.56	69.89	69.07	68.95	69.65	69.62	68.63	65.95	66.91	66.94	66.24	66.37	67.18	67.16	66.12	66.03	67.08	67.09	66.23	65.89	66.46	66.43	65.61
68.17	69.04	69.06	68.51	68.83	69.67	69.91	68.84	68.47	69.53	69.86	69.08	68.98	69.66	69.63	68.64	65.95	66.90	66.94	66.26	66.37	67.15	67.12	66.09	66.00	67.03	67.05	66.22	65.90	66.44	66.42	65.60
68.16	69.03	69.06	68.52	68.83	69.64	69.65	68.60	68.69	69.74	69.60	68.85	68.77	69.43	69.64	68.65	65.95	66.90	66.94	66.27	66.36	67.12	67.09	66.07	65.97	66.99	67.01	66.21	65.90	66.43	66.40	65.59
68.16	69.02	69.06	68.54	68.83	69.62	69.60	68.56	68.71	69.75	69.55	68.82	68.76	69.40	69.65	68.65	65.95	66.90	66.94	66.28	66.36	67.09	67.06	66.05	65.95	66.95	66.97	66.19	65.91	66.42	66.39	65.58
68.40	69.26	69.06	68.56	68.83	69.60	69.57	68.54	68.71	69.74	69.51	68.81	68.76	69.40	69.40	68.42	65.95	66.90	66.93	66.29	66.36	67.06	67.03	66.04	65.92	66.91	66.94	66.18	65.91	66.41	66.37	65.57
68.20	69.05	69.06	68.57	68.84	69.57	69.54	68.52	68.71	69.73	69.49	68.81	68.77	69.39	69.38	68.39	65.95	66.89	66.93	66.30	66.36	67.03	67.00	66.02	65.90	66.87	66.90	66.17	65.91	66.40	66.36	65.56
68.18	69.04	69.06	68.59	68.84	69.55	69.51	68.50	68.47	69.48	69.46	68.81	68.79	69.39	69.36	68.38	65.95	66.89	66.93	66.32	66.36	67.01	66.97	66.00	65.88	66.84	66.87	66.17	65.92	66.39	66.34	65.55
68.17	69.02	69.06	68.60	68.84	69.53	69.48	68.48	68.43	69.42	69.45	68.82	68.80	69.39	69.35	68.38	65.94	66.88	66.92	66.33	66.36	66.99	66.94	65.98	65.86	66.81	66.84	66.16	65.92	66.38	66.33	65.54
68.17	69.01	69.06	68.62	68.84	69.51	69.46	68.47	68.41	69.39	69.43	68.82	68.81	69.39	69.34	68.37	65.94	66.87	66.92	66.33	66.36	66.96	66.92	65.97	65.83	66.77	66.81	66.15	65.93	66.37	66.32	65.53
68.17	69.01	69.06	68.63	68.85	69.50	69.44	68.46	68.40	69.37	69.41	68.83	68.83	69.38	69.34	68.37	65.93	66.86	66.91	66.34	66.36	66.95	66.90	65.95	65.81	66.74	66.78	66.14	65.93	66.36	66.30	65.52
68.17	69.01	69.06	68.65	68.85	69.48	69.42	68.45	68.38	69.35	69.40	68.84	68.84	69.38	69.33	68.36	65.93	66.85	66.91	66.35	66.36	66.93	66.87	65.94	65.79	66.71	66.76	66.14	65.93	66.34	66.29	65.51
68.16	69.00	69.06	68.66	68.86	69.46	69.40	68.43	68.37	69.33	69.39	68.84	68.85	69.38	69.33	68.36	65.92	66.84	66.90	66.36	66.37	66.91	66.85	65.92	65.78	66.69	66.73	66.13	65.94	66.33	66.28	65.50
68.16	69.00	69.06	68.67	68.86	69.45	69.38	68.42	68.36	69.32	69.38	68.85	68.87	69.38	69.32	68.36	65.91	66.83	66.89	66.37	66.37	66.89	66.83	65.91	65.76	66.66	66.71	66.12	65.94	66.32	66.26	65.49
68.16	68.99	69.06	68.69	68.87	69.44	69.36	68.41	68.35	69.30	69.36	68.86	68.88	69.38	69.31	68.36	65.91	66.82	66.89	66.37	66.37	66.88	66.81	65.90	65.74	66.63	66.68	66.12	65.94	66.31	66.25	65.48
68.16	68.99	69.06	68.70	68.87	69.42	69.34	68.40	68.34	69.29	69.35	68.86	68.89	69.38	69.31	68.35	65.90	66.81	66.88	66.38	66.37	66.86	66.79	65.89	65.72	66.61	66.66	66.11	65.94	66.31	66.24	65.48
68.16	68.99	69.06	68.71	68.88	69.41	69.33	68.39	68.33	69.27	69.35	68.87	68.90	69.37	69.30	68.35	65.89	66.80	66.87	66.39	66.38	66.85	66.78	65.87	65.70	66.58	66.64	66.11	65.94	66.29	66.22	65.47
68.15	68.98	69.06	68.72	68.88	69.40	69.31	68.39	68.32	69.26	69.34	68.88	68.91	69.37	69.29	68.34	65.89	66.79	66.86	66.39	66.38	66.83	66.76	65.86	65.69	66.55	66.62	66.10	65.94	66.28	66.21	65.46
68.15	68.98	69.06	68.73	68.89	69.39	69.30	68.38	68.32	69.25	69.33	68.89	68.92	69.37	69.53	68.58	65.88	66.78	66.86	66.40	66.38	66.82	66.74	65.85	65.67	66.53	66.59	66.10	65.95	66.28	66.20	65.45
68.15	68.97	69.06	68.74	68.89	69.37	69.28	68.37	68.31	69.24	69.32	68.89	68.93	69.36	69.55	68.60	65.87	66.76	66.85	66.40	66.38	66.81	66.73	65.84	65.66	66.51	66.57	66.09	65.95	66.27	66.18	65.44
68.15	68.97	69.06	68.75	68.90	69.36	69.27	68.36	68.54	69.47	69.31	68.90	68.94	69.36	69.56	68.61	65.86	66.75	66.84	66.41	66.39	66.80	66.71	65.84	65.64	66.48	66.55	66.09	65.95	66.26	66.17	65.43
68.15	68.97	69.06	68.76	68.90	69.35	69.26	68.35	68.56	69.48	69.31	68.91	68.95	69.36	69.31	68.38	65.86	66.74	66.83	66.41	66.39	66.79	66.70	65.83	65.62	66.46	66.53	66.08	65.95	66.25	66.16	65.42
68.15	68.96	69.06	68.77	68.90	69.34	69.24	68.35	68.57	69.49	69.30	68.92	68.95	69.35	69.28	68.35	65.85	66.73	66.82	66.41	66.39	66.78	66.68	65.81	65.61	66.44	66.52	66.08	65.95	66.24	66.15	65.41
68.14	68.96	69.06	68.78	68.91	69.33	69.23	68.34	68.34	69.24	69.29	68.92	68.96	69.35	69.27	68.34	65.84	66.72	66.81	66.42	66.40	66.76	66.67	65.80	65.59	66.42	66.50	66.08	65.95	66.23	66.13	65.40
68.14	68.96	69.06	68.79	68.91	69.33	69.22	68.33	68.30	69.21	69.29	68.93	68.97	69.34	69.25	68.32	65.83	66.71	66.81	66.42	66.40	66.75	66.65	65.79	65.58	66.40	66.48	66.07	65.95	66.22	66.12	65.39
68.14	68.95	69.06	68.80	68.92	69.32	69.20	68.32	68.29	69.19	69.28	68.94	68.98	69.34	69.24	68.31	65.82	66.70	66.80	66.42	66.40	66.74	66.64	65.78	65.57	66.38	66.46	66.07	65.95	66.21	66.11	65.38
68.13	68.95	69.06	68.81	68.92	69.31	69.19	68.31	68.28	69.17	69.27	68.94	68.98	69.33	69.23	68.30	65.81	66.68	66.79	66.43	66.40	66.73	66.62	65.77	65.55	66.36	66.45	66.06	65.95	66.20	66.10	65.37
68.13	68.94	69.06	68.82	68.93	69.30	69.18	68.30	68.26	69.16	69.27	68.95	68.99	69.33	69.21	68.30	65.81	66.67	66.78	66.43	66.40	66.72	66.61	65.76	65.54	66.34	66.43	66.06	65.95	66.19	66.08	65.37
68.13	68.94	69.05	68.83	68.93	69.29	69.16	68.29	68.26	69.15	69.26	68.95	68.99	69.32	69.20	68.29	65.80	66.66	66.77	66.43	66.41	66.71	66.60	65.75	65.52	66.32	66.41	66.05	65.95	66.18	66.07	65.36
68.12	68.93	69.05	68.83	68.94	69.28	69.15	68.29	68.25	69.14	69.26	68.96	69.00	69.32	69.19	68.28	65.79	66.64	66.76	66.43	66.41	66.71	66.58	65.74	65.51	66.30	66.40	66.05	65.95	66.17	66.06	65.35
68.12	68.93	69.05	68.84	68.94	69.27	69.14	68.28	68.24	69.12	69.25	68.96	69.01	69.31	69.18	68.27	65.78	66.63	66.75	66.43	66.41	66.70	66.57	65.73	65.50	66.28	66.38	66.05	65.95	66.16	66.05	65.34
68.12	68.92	69.05	68.85	68.94	69.27	69.13	68.27	68.23	69.11	69.24	68.97	69.01	69.31	69.17	68.27	65.77	66.62	66.74	66.44	66.41	66.69	66.56	65.72	65.48	66.26	66.37	66.04	65.95	66.16	66.04	65.33
68.11	68.91	69.05	68.85	68.95	69.26	69.12	68.26	68.22	69.10	69.24	68.98	69.02	69.30	69.16	68.26	65.76	66.60	66.73	66.44	66.41	66.68	66.55	65.71	65.47	66.24	66.35	66.04	65.95	66.15	66.02	65.32
68.11	68.91	69.05	68.86	68.95	69.25	69.11	68.25	68.22	69.09	69.23	68.98	69.02	69.29	69.15	68.25	65.75	66.59	66.73	66.44	66.41	66.67	66.53	65.71	65.46	66.23	66.34	66.04	65.95	66.14	66.01	65.31
68.10	68.90	69.05	68.87	68.95	69.25	69.10	68.25	68.21	69.08	69.23	68.98	69.02	69.29	69.15	68.25	65.74	66.58	66.72	66.44	66.42	66.66	66.52	65.70	65.44	66.21	66.32	66.03	65.95	66.13	66.00	65.30
68.10	68.90	69.05	68.87	68.96	69.24	69.09	68.24	68.20	69.07	69.22	68.99	69.03	69.28	69.14	68.24	65.73	66.57	66.71	66.44	66.42	66.65	66.51	65.69	65.43	66.19	66.31	66.03	65.94	66.12	65.99	65.29
68.09	68.90	69.04	68.88	68.96	69.23	69.07	68.23	68.19	69.07	69.22	68.99	69.03	69.28	69.13	68.23	65.72	66.56	66.70	66.44	66.42	66.65	66.50	65.68	65.42	66.17	66.30	66.03	65.95	66.11	65.98	65.28
68.09	68.89	69.04	68.88	68.96	69.23	69.06	68.22	68.19	69.06	69.21	69.00	69.04	69.27	69.12	68.22	65.71	66.54	66.69	66.44	66.42	66.64	66.48	65.67	65.41	66.16	66.28	66.02	65.94	66.11	65.97	65.28
68.09	68.89	69.04	68.89	68.97	69.22	69.05	68.21	68.18	69.05	69.21	69.00	69.04	69.26	69.10	68.21	65.70	66.53	66.68	66.44	66.42	66.63	66.47	65.66	65.40	66.14	66.27	66.02	65.94	66.10	65.96	65.27
68.08	68.88	69.04	68.89	68.97	69.21	69.04	68.21	68.17	69.04	69.20	69.00	69.04	69.26	69.10	68.21	65.69	66.52	66.67	66.44	66.42	66.62	66.46	65.65	65.38	66.13	66.26	66.01	65.94	66.09	65.95	65.26
68.08	68.87	69.04	68.90	68.97	69.21	69.03	68.20	68.16	69.03	69.20	69.01	69.05	69.26	69.09	68.20	65.68	66.51	66.67	66.44	66.42	66.62	66.45	65.64	65.37	66.11	66.25	66.01	65.94	66.08	65.93	65.25
68.07	68.87	69.04	68.90	68.97	69.20	69.02	68.19	68.16	69.02	69.19	69.01	69.05	69.25	69.08	68.19	65.67	66.50	66.66	66.44	66.42	66.61	66.44	65.63	65.36	66.10	66.23	66.01	65.94	66.08	65.93	65.24
68.07	68.86	69.04	68.91	68.98	69.19	69.02	68.18	68.15	69.01	69.19	69.01	69.05	69.24	69.07	68.19	65.66	66.48	66.65	66.44	66.42	66.60	66.43	65.63	65.35	66.08	66.22	66.00	65.94	66.07	65.91	65.23
68.06	68.86	69.03	68.91	68.98	69.19	69.01	68.18	68.15	69.01	69.18	69.02	69.05	69.24	69.06	68.18	65.66	66.47	66.64	66.44	66.42	66.59	66.42	65.62	65.34	66.07	66.21	66.00	65.94	66.06	65.90	65.23
68.06	68.85	69.03	68.92	68.98	69.18	69.00	68.17	68.14	69.00	69.18	69.02	69.06	69.23	69.05	68.17	65.65	66.46	66.63	66.44	66.42	66.59	66.41	65.61	65.33	66.05	66.20	66.00	65.93	66.05	65.89	65.22
68.06	68.85	69.03	68.92	68.98	69.18	68.99	68.16	68.13	68.99	69.17	69.02	69.06	69.23	69.04	68.16	65.64	66.45	66.62	66.44	66.42	66.58	66.40	65.60	65.32	66.04	66.19	65.99	65.93	66.05	65.88	65.21
68.05	68.84	69.03	68.93	68.99	69.17	68.98	68.15	68.13	68.98	69.17	69.03	69.06	69.22	69.03	68.16	65.63	66.44	66.62	66.44	66.42	66.57	66.39	65.59	65.30	66.02	66.18	65.99	65.93	66.04	65.87	65.20
68.05	68.84	69.03	68.93	68.99	69.17	68.97	68.15	68.12	68.97	69.17	69.03	69.06	69.22	69.02	68.15	65.62	66.43	66.61	66.44	66.42	66.56	66.38	65.58	65.29	66.01	66.17	65.99	65.93	66.03	65.86	65.19
68.04	68.83	69.02	68.93	68.99	69.16	68.96	68.14	68.11	68.96	69.16	69.03	69.06	69.21	69.01	68.14	65.61	66.41	66.60	66.44	66.42	66.56	66.37	65.57	65.28	66.00	66.16	65.98	65.93	66.02	65.85	65.18
68.04	68.83	69.02	68.94	68.99	69.15	68.95	68.13	68.10	68.96	69.16	69.03	69.07	69.20	69.00	68.13	65.60	66.40	66.59	66.44	66.42	66.55	66.36	65.57	65.27	65.98	66.15	65.98	65.92	66.02	65.84	65.18
68.03	68.82	69.02	68.94	68.99	69.15	68.94	68.13	68.10	68.95	69.15	69.03	69.07	69.20	68.99	68.13	65.59	66.39	66.59	66.44	66.42	66.54	66.35	65.56	65.26	65.97	66.14	65.98	65.92	66.01	65.83	65.17
68.03	68.82	69.02	68.94	68.99	69.14	68.93	68.12	68.09	68.94	69.15	69.04	69.07	69.19	68.99	68.12	65.58	66.38	66.58	66.44	66.42	66.54	66.34	65.55	65.25	65.96	66.13	65.97	65.92	66.00	65.83	65.16
68.02	68.81	69.02	68.95	69.00	69.14	68.93	68.11	68.08	68.93	69.14	69.04	69.07	69.19	68.98	68.11	65.57	66.37	66.57	66.44	66.42	66.53	66.33	65.54	65.24	65.95	66.12	65.97	65.92	66.00	65.82	65.15
68.02	68.81	69.01	68.95	69.00	69.13	68.92	68.10	68.08	68.93	69.14	69.04	69.07	69.18	68.97	68.10	65.56	66.36	66.56	66.43	66.42	66.52	66.32	65.53	65.23	65.93	66.10	65.97	65.92	65.99	65.81	65.14
68.01	68.80	69.01	68.95	69.00	69.13	68.91	68.10	68.07	68.92	69.13	69.04	69.07	69.18	68.96	68.10	65.56	66.35	66.56	66.43	66.42	66.52	66.31	65.52	65.22	65.92	66.10	65.96	65.91	65.98	65.80	65.14
68.01	68.80	69.01	68.95	69.00	69.12	68.90	68.09	68.06	68.91	69.13	69.04	69.07	69.17	68.95	68.09	65.55	66.34	66.55	66.43	66.42	66.51	66.30	65.52	65.21	65.91	66.09	65.96	65.91	65.98	65.79	65.13
68.00	68.79	69.01	68.96	69.00	69.12	68.89	68.08	68.06	68.90	69.13	69.04	69.07	69.17	68.94	68.08	65.54	66.33	66.54	66.43	66.42	66.51	66.29	65.51	65.20	65.90	66.08	65.96	65.91	65.97	65.78	65.12
68.00	68.79	69.01	68.96	69.00	69.11	68.88	68.08	68.05	68.89	69.12	69.04	69.07	69.16	68.93	68.07	65.53	66.32	66.53	66.43	66.42	66.50	66.28	65.50	65.19	65.88	66.07	65.95	65.91	65.96	65.77	65.11
67.99	68.78	69.00	68.96	69.00	69.11	68.88	68.07	68.04	68.89	69.12	69.05	69.08	69.16	68.92	68.07	65.52	66.31	66.53	66.43	66.42	66.49	66.27	65.49	65.18	65.87	66.06	65.95	65.91	65.96	65.76	65.10
67.99	68.78	69.00	68.96	69.00	69.10	68.87	68.06	68.04	68.88	69.11	69.05	69.08	69.15	68.92	68.06	65.51	66.30	66.52	66.43	66.41	66.49	66.26	65.48	65.17	65.86	66.05	65.95	65.90	65.95	65.75	65.10
67.98	68.77	69.00	68.97	69.01	69.10	68.86	68.06	68.26	69.11	69.35	69.29	69.32	69.39	69.15	68.29	65.51	66.29	66.51	66.43	66.41	66.48	66.25	65.48	65.16	65.85	66.04	65.94	65.90	65.94	65.74	65.09
67.98	68.77	69.00	68.97	69.01	69.10	68.86	68.05	68.29	69.13	69.38	69.32	69.35	69.41	69.17	68.31	65.50	66.28	66.51	66.43	66.42	66.48	66.25	65.47	65.15	65.84	66.03	65.94	65.90	65.94	65.73	65.08
67.98	68.77	69.00	68.97	69.01	69.10	68.85	68.05	68.29	69.14	69.39	69.34	69.36	69.42	69.18	68.31	65.49	66.27	66.50	66.43	66.42	66.48	66.24	65.47	65.14	65.83	66.02	65.94	65.90	65.93	65.73	65.07
67.97	68.76	69.00	68.98	69.01	69.09	68.84	68.04	68.30	69.15	69.39	69.35	69.38	69.43	69.18	68.32	65.49	66.27	66.50	66.43	66.42	66.47	66.23	65.46	65.14	65.82	66.01	65.93	65.89	65.93	65.72	65.07
68.20	69.00	69.00	68.98	69.01	69.09	68.84	68.04	68.30	69.15	69.40	69.36	69.38	69.43	69.18	68.32	65.48	66.26	66.49	66.43	66.42	66.46	66.22	65.45	65.13	65.80	66.01	65.93	65.89	65.92	65.71	65.06
68.23	69.03	69.24	69.22	69.02	69.08	68.83	68.03	68.30	69.15	69.40	69.36	69.39	69.43	69.18	68.31	65.47	66.25	66.49	66.43	66.42	66.46	66.22	65.45	65.12	65.79	66.00	65.92	65.89	65.91	65.70	65.05
68.24	69.04	69.27	69.26	69.26	69.32	68.83	68.02	68.30	69.15	69.40	69.37	69.39	69.43	69.17	68.31	65.46	66.24	66.48	66.43	66.42	66.45	66.21	65.44	65.11	65.78	65.99	65.92	65.89	65.91	65.69	65.04
68.25	69.05	69.29	69.28	69.30	69.35	68.82	68.02	68.29	69.14	69.40	69.37	69.40	69.43	69.17	68.31	65.46	66.23	66.48	66.42	66.42	66.45	66.20	65.43	65.10	65.77	65.98	65.92	65.88	65.90	65.68	65.04
68.02	68.81	69.05	69.05	69.31	69.36	68.82	68.01	68.29	69.14	69.40	69.38	69.40	69.43	69.16	68.30	65.45	66.22	66.47	66.42	66.41	66.45	66.19	65.43	65.09	65.76	65.97	65.91	65.88	65.90	65.68	65.03
67.99	68.78	69.03	69.03	69.32	69.37	68.81	68.01	68.28	69.13	69.40	69.38	69.41	69.43	69.16	68.29	65.44	66.22	66.46	66.42	66.41	66.44	66.19	65.42	65.08	65.75	65.97	65.91	65.88	65.89	65.67	65.02
67.97	68.76	69.01	69.02	69.09	69.14	68.80	68.00	68.28	69.13	69.39	69.38	69.41	69.43	69.15	68.29	65.43	66.21	66.46	66.42	66.41	66.44	66.18	65.41	65.07	65.74	65.96	65.91	65.88	65.88	65.66	65.02
67.96	68.75	69.01	69.01	69.06	69.10	68.80	68.00	68.27	69.12	69.39	69.38	69.41	69.42	69.14	68.28	65.43	66.20	66.45	66.42	66.41	66.43	66.17	65.40	65.07	65.73	65.95	65.91	65.87	65.88	65.65	65.01
67.95	68.74	69.00	69.01	69.05	69.09	68.79	67.99	68.27	69.11	69.39	69.38	69.41	69.42	69.14	68.28	65.42	66.19	66.45	66.42	66.41	66.42	66.16	65.40	65.06	65.72	65.94	65.90	65.87	65.87	65.64	65.00
68.18	68.97	69.00	69.01	69.04	69.08	69.02	68.22	68.26	69.11	69.38	69.38	69.41	69.41	69.13	68.27	65.41	66.18	66.44	66.42	66.41	66.42	66.16	65.39	65.05	65.71	65.94	65.90	65.87	65.87	65.64	64.99
68.20	69.00	69.23	69.25	69.04	69.07	69.05	68.24	68.26	69.10	69.38	69.38	69.41	69.41	69.13	68.27	65.40	66.17	66.44	66.42	66.41	66.41	66.15	65.38	65.04	65.71	65.93	65.89	65.87	65.86	65.63	64.99
68.21	69.01	69.26	69.28	69.28	69.30	69.06	68.25	68.25	69.10	69.38	69.38	69.41	69.41	69.12	68.26	65.40	66.17	66.43	66.41	66.41	66.41	66.14	65.38	65.03	65.70	65.92	65.89	65.86	65.86	65.62	64.98
67.98	68.77	69.28	69.30	69.31	69.33	68.82	68.02	68.25	69.09	69.38	69.39	69.41	69.40	69.12	68.26	65.39	66.16	66.42	66.41	66.40	66.40	66.13	65.37	65.02	65.69	65.92	65.89	65.86	65.85	65.61	64.97
67.95	68.75	69.28	69.31	69.33	69.34	68.79	67.99	68.24	69.09	69.38	69.39	69.41	69.40	69.11	68.25	65.38	66.15	66.42	66.41	66.40	66.40	66.13	65.36	65.02	65.68	65.91	65.88	65.86	65.85	65.61	64.97
67.94	68.73	69.05	69.07	69.09	69.10	68.78	67.98	68.24	69.08	69.37	69.39	69.41	69.40	69.10	68.24	65.38	66.14	66.41	66.41	66.40	66.39	66.12	65.36	65.01	65.67	65.90	65.88	65.86	65.84	65.60	64.96
67.93	68.72	69.02	69.05	69.07	69.08	68.76	67.97	68.23	69.08	69.37	69.39	69.41	69.39	69.10	68.24	65.37	66.13	66.41	66.41	66.40	66.39	66.11	65.35	65.00	65.66	65.89	65.88	65.85	65.83	65.59	64.95
67.92	68.71	69.00	69.04	69.06	69.06	68.99	68.19	68.22	69.07	69.37	69.39	69.41	69.39	69.09	68.23	65.36	66.13	66.40	66.40	66.40	66.38	66.10	65.34	64.99	65.65	65.89	65.87	65.85	65.83	65.59	64.95
68.14	68.94	68.99	69.03	69.05	69.05	69.02	68.21	68.22	69.06	69.36	69.39	69.41	69.38	69.08	68.23	65.35	66.12	66.40	66.40	66.40	66.38	66.10	65.34	64.99	65.64	65.88	65.87	65.85	65.82	65.58	64.94
68.17	68.97	68.99	69.02	69.04	69.04	69.02	68.22	68.21	69.06	69.36	69.39	69.41	69.38	69.08	68.22	65.35	66.11	66.39	66.40	66.40	66.37	66.09	65.33	64.98	65.63	65.87	65.87	65.85	65.82	65.57	64.93
68.17	68.97	68.98	69.02	69.28	69.28	69.03	68.22	68.21	69.05	69.35	69.38	69.41	69.38	69.07	68.22	65.34	66.10	66.39	66.40	66.39	66.37	66.08	65.32	64.97	65.62	65.87	65.86	65.84	65.81	65.56	64.93
68.18	68.98	69.22	69.26	69.31	69.30	68.79	67.99	68.20	69.05	69.35	69.39	69.41	69.37	69.07	68.21	65.33	66.09	66.38	66.40	66.39	66.37	66.08	65.32	64.96	65.62	65.86	65.86	65.84	65.81	65.56	64.92
67.95	68.75	69.24	69.29	69.33	69.31	68.76	67.96	68.20	69.04	69.35	69.39	69.41	69.37	69.06	68.20	65.33	66.09	66.38	66.39	66.39	66.36	66.07	65.31	64.96	65.61	65.85	65.86	65.84	65.80	65.55	64.91
67.92	68.72	69.26	69.31	69.34	69.32	68.74	67.94	68.19	69.04	69.35	69.39	69.41	69.37	69.05	68.20	65.32	66.08	66.37	66.39	66.39	66.36	66.06	65.30	64.95	65.60	65.85	65.85	65.83	65.80	65.54	64.91
67.90	68.70	69.02	69.07	69.10	69.08	68.72	67.93	68.19	69.03	69.34	69.39	69.41	69.36	69.05	68.19	65.31	66.07	66.36	66.39	66.39	66.35	66.06	65.30	64.94	65.59	65.84	65.85	65.83	65.79	65.54	64.90
67.89	68.69	69.00	69.05	69.07	69.05	68.71	67.91	68.18	69.02	69.34	69.39	69.41	69.36	69.04	68.18	65.31	66.07	66.36	66.39	66.38	66.35	66.05	65.29	64.93	65.58	65.84	65.85	65.83	65.79	65.53	64.89
67.88	68.68	68.98	69.04	69.06	69.04	68.94	68.14	68.17	69.02	69.34	69.39	69.41	69.35	69.03	68.18	65.30	66.06	66.35	66.39	66.38	66.34	66.04	65.28	64.93	65.58	65.83	65.84	65.83	65.78	65.52	64.89
68.10	68.91	68.97	69.03	69.05	69.02	68.97	68.16	68.17	69.01	69.33	69.38	69.41	69.35	69.03	68.17	65.29	66.05	66.35	66.38	66.38	66.34	66.03	65.28	64.92	65.57	65.82	65.84	65.82	65.78	65.52	64.88
68.13	68.93	68.97	69.03	69.04	69.02	68.97	68.17	68.16	69.01	69.33	69.38	69.40	69.35	69.02	68.17	65.29	66.04	66.34	66.38	66.38	66.33	66.03	65.27	64.91	65.56	65.82	65.84	65.82	65.77	65.51	64.88
68.14	68.94	69.20	69.26	69.04	69.01	68.98	68.18	68.16	69.00	69.32	69.38	69.40	69.34	69.02	68.16	65.28	66.04	66.34	66.38	66.38	66.33	66.02	65.27	64.91	65.55	65.81	65.83	65.82	65.77	65.50	64.87
68.14	68.95	69.23	69.29	69.28	69.24	68.74	67.94	68.15	69.00	69.32	69.38	69.40	69.34	69.01	68.16	65.27	66.03	66.33	66.38	66.37	66.32	66.02	65.26	64.90	65.54	65.81	65.83	65.81	65.76	65.50	64.86
67.90	68.71	69.24	69.31	69.31	69.27	68.71	67.91	68.15	68.99	69.32	69.38	69.40	69.34	69.01	68.15	65.27	66.02	66.33	66.38	66.37	66.32	66.01	65.25	64.89	65.54	65.80	65.83	65.81	65.76	65.49	64.86
67.88	68.68	69.25	69.32	69.32	69.28	68.69	67.89	68.14	68.99	69.32	69.38	69.40	69.33	69.00	68.14	65.26	66.02	66.32	66.37	66.37	66.31	66.00	65.25	64.88	65.53	65.79	65.83	65.81	65.75	65.48	64.85
67.86	68.66	69.01	69.08	69.09	69.04	68.68	67.88	68.14	68.98	69.31	69.38	69.40	69.33	68.99	68.14	65.25	66.01	66.32	66.37	66.37	66.31	66.00	65.24	64.88	65.52	65.79	65.82	65.81	65.75	65.48	64.85
67.85	68.65	68.98	69.05	69.07	69.02	68.91	68.10	68.13	68.98	69.31	69.38	69.40	69.32	68.99	68.13	65.25	66.00	66.32	66.37	66.37	66.30	65.99	65.23	64.87	65.52	65.78	65.82	65.80	65.74	65.47	64.84
67.84	68.64	68.97	69.04	69.05	69.00	68.93	68.12	68.12	68.97	69.31	69.38	69.40	69.32	68.98	68.13	65.24	66.00	66.31	66.37	66.36	66.30	65.98	65.23	64.86	65.51	65.78	65.82	65.80	65.74	65.46	64.83
68.06	68.87	68.96	69.03	69.04	68.99	68.94	68.13	68.12	68.97	69.30	69.38	69.40	69.32	68.98	68.12	65.23	65.99	66.31	66.36	66.36	66.30	65.98	65.22	64.86	65.50	65.77	65.81	65.80	65.73	65.46	64.83
68.09	68.89	68.95	69.03	69.04	68.99	68.70	67.90	68.11	68.96	69.30	69.37	69.39	69.31	68.97	68.12	65.23	65.98	66.30	66.36	66.36	66.29	65.97	65.22	64.85	65.49	65.77	65.81	65.79	65.73	65.45	64.82
68.10	68.90	69.18	69.26	69.03	68.98	68.67	67.87	68.11	68.96	69.29	69.37	69.39	69.31	68.97	68.11	65.22	65.98	66.30	66.36	66.36	66.29	65.96	65.21	64.84	65.49	65.76	65.81	65.79	65.72	65.45	64.82
67.87	68.67	69.21	69.29	69.27	69.21	68.65	67.86	68.10	68.95	69.29	69.37	69.39	69.30	68.96	68.10	65.22	65.97	66.29	66.36	66.35	66.28	65.96	65.20	64.84	65.48	65.75	65.80	65.79	65.72	65.44	64.81
67.84	68.64	69.22	69.30	69.30	69.24	68.64	67.84	68.10	68.95	69.29	69.37	69.39	69.30	68.95	68.10	65.21	65.96	66.29	66.35	66.35	66.28	65.95	65.20	64.83	65.47	65.75	65.80	65.78	65.71	65.43	64.80
67.82	68.63	68.99	69.07	69.32	69.25	68.87	68.07	68.09	68.94	69.29	69.37	69.39	69.30	68.95	68.09	65.20	65.96	66.28	66.35	66.35	66.27	65.95	65.19	64.83	65.47	65.74	65.80	65.78	65.71	65.43	64.80
67.81	68.62	68.96	69.05	69.32	69.26	68.89	68.09	68.09	68.93	69.28	69.37	69.39	69.30	68.94	68.09	65.20	65.95	66.28	66.35	66.35	66.27	65.94	65.19	64.82	65.46	65.74	65.79	65.78	65.71	65.42	64.79
67.80	68.61	68.95	69.04	69.33	69.26	68.90	68.10	68.08	68.93	69.28	69.37	69.39	69.29	68.94	68.08	65.19	65.94	66.27	66.35	66.34	66.26	65.93	65.18	64.81	65.45	65.73	65.79	65.78	65.70	65.42	64.79
68.03	68.84	68.94	69.03	69.08	69.02	68.66	67.86	68.08	68.92	69.27	69.37	69.39	69.29	68.93	68.08	65.18	65.94	66.27	66.34	66.34	66.26	65.93	65.18	64.81	65.45	65.73	65.79	65.77	65.70	65.41	64.78
68.05	68.86	68.93	69.02	69.06	68.99	68.64	67.84	68.07	68.92	69.27	69.36	69.39	69.29	68.93	68.07	65.18	65.93	66.26	66.34	66.34	66.26	65.92	65.17	64.80	65.44	65.72	65.78	65.77	65.69	65.40	64.78
68.06	68.87	69.16	69.26	69.05	68.97	68.62	67.82	68.07	68.91	69.27	69.36	69.38	69.28	68.92	68.07	65.17	65.93	66.26	66.34	66.34	66.25	65.92	65.16	64.79	65.43	65.72	65.78	65.77	65.69	65.40	64.77
68.07	68.88	69.19	69.28	69.04	68.96	68.61	67.81	68.06	68.91	69.26	69.36	69.38	69.28	68.91	68.06	65.17	65.92	66.25	66.34	66.33	66.25	65.91	65.16	64.79	65.43	65.71	65.78	65.76	65.68	65.39	64.76
68.07	68.88	69.20	69.30	69.27	69.19	68.60	67.80	68.06	68.91	69.26	69.36	69.38	69.27	68.91	68.05	65.16	65.91	66.25	66.33	66.33	66.24	65.91	65.15	64.78	65.42	65.71	65.77	65.76	65.68	65.39	64.76
67.84	68.64	68.97	69.07	69.30	69.22	68.82	68.02	68.05	68.90	69.26	69.36	69.38	69.27	68.67	67.82	65.16	65.91	66.25	66.33	66.33	66.24	65.90	65.15	64.78	65.41	65.70	65.77	65.76	65.67	65.38	64.75
67.80	68.61	68.94	69.04	69.31	69.23	68.85	68.05	68.05	68.90	69.26	69.36	69.38	69.27	68.63	67.78	65.15	65.90	66.24	66.33	66.33	66.23	65.89	65.14	64.77	65.41	65.70	65.77	65.75	65.67	65.38	64.75
67.78	68.59	68.92	69.03	69.32	69.23	68.86	68.05	68.04	68.89	69.25	69.36	69.38	69.26	68.61	67.76	65.14	65.90	66.24	66.33	66.32	66.23	65.88	65.13	64.76	65.40	65.69	65.76	65.75	65.67	65.37	64.74
67.77	68.58	68.91	69.02	69.08	69.00	68.86	68.06	68.04	68.88	69.25	69.35	69.37	69.26	68.60	67.75	65.14	65.89	66.23	66.32	66.32	66.23	65.88	65.12	64.76	65.39	65.69	65.76	65.75	65.66	65.36	64.74
68.00	68.81	68.91	69.01	69.05	68.96	68.86	68.05	68.03	68.88	69.24	69.35	69.37	69.25	68.59	67.74	65.13	65.88	66.23	66.32	66.32	66.22	65.87	65.12	64.75	65.39	65.68	65.76	65.75	65.66	65.36	64.73
68.02	68.83	68.90	69.01	69.03	68.95	68.86	68.05	68.03	68.87	69.00	69.11	69.13	69.01	68.58	67.73	65.13	65.88	66.22	66.32	66.32	66.22	65.86	65.11	64.75	65.38	65.68	65.75	65.74	65.65	65.35	64.73
68.02	68.84	69.13	69.24	69.26	69.17	68.86	68.05	67.79	68.63	68.96	69.07	69.09	68.97	68.57	67.72	65.12	65.87	66.22	66.31	66.31	66.21	65.86	65.10	64.74	65.38	65.67	65.75	65.74	65.65	65.35	64.72
68.03	68.84	69.16	69.27	69.29	69.20	68.85	68.05	67.76	68.60	68.95	69.06	69.08	68.95	68.56	67.71	65.11	65.86	66.21	66.31	66.31	66.20	65.85	65.10	64.73	65.37	65.67	65.75	65.74	65.64	65.34	64.71
68.03	68.84	69.17	69.28	69.30	69.21	68.85	68.04	67.74	68.58	68.93	69.05	69.06	68.94	68.56	67.71	65.11	65.86	66.20	66.30	66.30	66.20	65.84	65.09	64.73	65.36	65.66	65.74	65.73	65.64	65.34	64.71
68.03	68.84	69.18	69.29	69.30	69.21	68.85	68.04	67.72	68.56	68.92	69.04	69.06	68.93	68.55	67.70	65.10	65.85	66.20	66.30	66.30	66.19	65.84	65.09	64.72	65.36	65.66	65.74	65.73	65.63	65.33	64.70
68.02	68.84	69.18	69.29	69.31	69.21	68.84	68.04	67.71	68.55	68.92	69.03	69.05	68.92	68.54	67.69	65.09	65.84	66.19	66.30	66.29	66.19	65.83	65.08	64.72	65.35	65.65	65.74	65.73	65.63	65.33	64.70
68.02	68.84	69.18	69.30	69.31	69.21	68.84	68.03	67.70	68.54	68.91	69.03	69.05	68.92	68.54	67.69	65.08	65.84	66.19	66.29	66.29	66.18	65.83	65.07	64.71	65.35	65.65	65.73	65.72	65.63	65.32	64.69
68.02	68.83	69.18	69.30	69.31	69.21	68.84	68.03	67.70	68.53	68.90	69.02	69.04	68.91	68.53	67.68	65.08	65.83	66.18	66.29	66.29	66.18	65.82	65.07	64.71	65.34	65.64	65.73	65.72	65.62	65.31	64.69
68.01	68.83	69.18	69.30	69.31	69.21	68.83	68.02	67.69	68.53	68.90	69.02	69.04	68.91	68.52	67.68	65.07	65.82	66.18	66.28	66.28	66.17	65.81	65.06	64.70	65.33	65.64	65.73	65.72	65.62	65.31	64.68
68.01	68.83	69.18	69.30	69.31	69.21	68.83	68.02	67.68	68.52	68.89	69.02	69.03	68.90	68.52	67.67	65.07	65.82	66.17	66.28	66.28	66.17	65.81	65.06	64.69	65.33	65.63	65.72	65.71	65.61	65.30	64.68
68.00	68.82	69.18	69.30	69.31	69.20	68.82	68.01	67.68	68.51	68.89	69.01	69.03	68.90	68.51	67.67	65.06	65.81	66.17	66.28	66.28	66.16	65.80	65.05	64.69	65.32	65.63	65.72	65.71	65.61	65.30	64.67
68.00	68.82	69.18	69.30	69.31	69.20	68.82	68.01	67.67	68.51	68.89	69.01	69.03	68.89	68.51	67.66	65.05	65.81	66.16	66.27	66.27	66.16	65.80	65.05	64.68	65.32	65.62	65.72	65.71	65.60	65.29	64.67
68.00	68.82	69.17	69.30	69.30	69.20	68.82	68.01	67.66	68.50	68.88	69.01	69.03	68.89	68.50	67.66	65.05	65.80	66.16	66.27	66.27	66.15	65.79	65.04	64.68	65.31	65.62	65.71	65.70	65.60	65.29	64.66
67.99	68.81	69.17	69.30	69.30	69.19	68.81	68.00	67.66	68.50	68.88	69.01	69.02	68.89	68.50	67.65	65.04	65.79	66.15	66.27	66.27	66.15	65.79	65.03	64.67	65.30	65.61	65.71	65.70	65.60	65.28	64.66
67.99	68.81	69.17	69.29	69.30	69.19	68.81	68.00	67.65	68.49	68.87	69.00	69.02	68.88	68.49	67.64	65.04	65.79	66.15	66.27	66.26	66.15	65.78	65.03	64.67	65.30	65.61	65.71	65.70	65.59	65.28	64.65
67.98	68.80	69.17	69.29	69.30	69.19	68.80	67.99	67.65	68.49	68.87	69.00	69.02	68.88	68.49	67.64	65.03	65.78	66.14	66.26	66.26	66.14	65.77	65.02	64.66	65.29	65.61	65.70	65.69	65.59	65.27	64.65
67.98	68.80	69.16	69.29	69.30	69.18	68.80	67.99	67.64	68.48	68.86	69.00	69.01	68.87	68.48	67.63	65.03	65.78	66.14	66.26	66.26	66.14	65.77	65.02	64.66	65.29	65.60	65.70	65.69	65.58	65.27	64.64
67.98	68.80	69.16	69.29	69.30	69.18	68.79	67.98	67.64	68.48	68.86	68.99	69.01	68.87	68.47	67.63	65.02	65.77	66.14	66.26	66.26	66.13	65.76	65.01	64.65	65.28	65.60	65.70	65.69	65.58	65.26	64.64
67.97	68.79	69.16	69.29	69.30	69.18	68.79	67.98	67.63	68.47	68.86	68.99	69.01	68.86	68.47	67.62	65.02	65.77	66.13	66.25	66.25	66.13	65.76	65.01	64.65	65.28	65.59	65.69	65.68	65.57	65.26	64.63
67.97	68.79	69.16	69.29	69.29	69.18	68.79	67.97	67.63	68.46	68.85	68.99	69.00	68.86	68.46	67.62	65.01	65.76	66.13	66.25	66.25	66.12	65.75	65.00	64.64	65.27	65.59	65.69	65.68	65.57	65.25	64.63
67.96	68.78	69.15	69.28	69.29	69.17	68.78	67.97	67.62	68.46	68.85	68.98	69.00	68.85	68.46	67.61	65.01	65.76	66.12	66.25	66.25	66.12	65.75	65.00	64.64	65.27	65.58	65.69	65.68	65.57	65.25	64.62
67.96	68.78	69.15	69.28	69.29	69.17	68.78	67.97	67.62	68.46	68.84	68.98	69.00	68.85	68.45	67.61	65.00	65.75	66.12	66.24	66.24	66.11	65.74	64.99	64.63	65.26	65.58	65.68	65.68	65.56	65.24	64.62
67.95	68.78	69.15	69.28	69.29	69.17	68.77	67.96	67.61	68.45	68.84	68.98	69.00	68.85	68.45	67.60	64.99	65.74	66.11	66.24	66.24	66.11	65.74	64.99	64.62	65.26	65.57	65.68	65.67	65.56	65.24	64.61
67.95	68.77	69.15	69.28	69.29	69.16	68.77	67.96	67.61	68.44	68.84	68.98	68.99	68.84	68.44	67.60	64.99	65.74	66.11	66.24	66.24	66.10	65.73	64.98	64.62	65.25	65.57	65.67	65.67	65.55	65.23	64.61
67.95	68.77	69.14	69.28	69.28	69.16	68.77	67.95	67.60	68.44	68.83	68.97	68.99	68.84	68.44	67.59	64.98	65.73	66.10	66.23	66.23	66.10	65.73	64.98	64.61	65.25	65.56	65.67	65.67	65.55	65.23	64.60
67.94	68.77	69.14	69.28	69.28	69.16	68.76	67.95	67.60	68.44	68.83	68.97	68.99	68.83	68.43	67.59	64.98	65.73	66.10	66.23	66.23	66.10	65.72	64.97	64.61	65.24	65.56	65.67	65.66	65.54	65.22	64.60
67.94	68.76	69.14	69.27	69.28	69.15	68.76	67.94	67.59	68.43	68.83	68.97	68.99	68.83	68.43	67.58	64.97	65.72	66.10	66.22	66.23	66.09	65.72	64.97	64.61	65.23	65.56	65.67	65.66	65.54	65.22	64.59
67.93	68.76	69.13	69.27	69.28	69.15	68.75	67.94	67.59	68.43	68.82	68.97	68.98	68.83	68.42	67.58	64.97	65.72	66.09	66.22	66.22	66.09	65.71	64.96	64.60	65.23	65.55	65.66	65.66	65.54	65.21	64.59
67.93	68.75	69.13	69.27	69.27	69.15	68.75	67.94	67.58	68.42	68.82	68.96	68.98	68.82	68.42	67.57	64.96	65.71	66.09	66.22	66.22	66.08	65.71	64.96	64.59	65.22	65.55	65.66	65.65	65.53	65.21	64.58
67.93	68.75	69.13	69.27	69.27	69.14	68.74	67.93	67.58	68.42	68.81	68.96	68.98	68.82	68.41	67.57	64.96	65.71	66.08	66.22	66.22	66.08	65.70	64.95	64.59	65.22	65.54	65.65	65.65	65.53	65.20	64.58
67.92	68.75	69.13	69.27	69.27	69.14	68.74	67.93	67.57	68.41	68.81	68.96	68.97	68.82	68.41	67.56	64.95	65.70	66.08	66.21	66.21	66.08	65.70	64.95	64.58	65.21	65.54	65.65	65.65	65.52	65.20	64.57
67.92	68.74	69.12	69.26	69.27	69.14	68.74	67.92	67.57	68.41	68.81	68.95	68.97	68.81	68.40	67.56	64.95	65.70	66.07	66.21	66.21	66.07	65.69	64.94	64.58	65.21	65.53	65.65	65.64	65.52	65.19	64.57
67.91	68.74	69.12	69.26	69.27	69.13	68.73	67.92	67.56	68.40	68.80	68.95	68.97	68.81	68.40	67.55	64.94	65.69	66.07	66.21	66.21	66.07	65.69	64.94	64.57	65.20	65.53	65.64	65.64	65.52	65.19	64.56
67.91	68.73	69.12	69.26	69.26	69.13	68.73	67.91	67.56	68.40	68.80	68.95	68.96	68.80	68.40	67.55	64.94	65.69	66.07	66.20	66.20	66.06	65.68	64.93	64.57	65.20	65.53	65.64	65.64	65.51	65.18	64.56
67.91	68.73	69.11	69.26	69.26	69.13	68.72	67.91	67.55	68.39	68.79	68.95	68.96	68.80	68.39	67.54	64.93	65.68	66.06	66.20	66.20	66.06	65.68	64.93	64.56	65.19	65.52	65.64	65.63	65.51	65.18	64.55
67.90	68.73	69.11	69.25	69.26	69.12	68.72	67.91	67.55	68.39	68.79	68.94	68.96	68.80	68.39	67.54	64.93	65.67	66.06	66.20	66.20	66.05	65.67	64.92	64.56	65.19	65.52	65.63	65.63	65.50	65.17	64.55
67.90	68.72	69.11	69.25	69.26	69.12	68.71	67.90	67.54	68.38	68.79	68.94	68.96	68.79	68.38	67.53	64.92	65.67	66.05	66.19	66.19	66.05	65.67	64.92	64.56	65.18	65.51	65.63	65.63	65.50	65.17	64.54
67.89	68.72	69.11	69.25	69.25	69.12	68.71	67.90	67.54	68.38	68.78	68.94	68.95	68.79	68.38	67.53	64.92	65.66	66.05	66.19	66.19	66.05	65.66	64.91	64.55	65.18	65.51	65.63	65.62	65.50	65.16	64.54
67.65	68.48	69.10	69.25	69.25	69.11	68.71	67.89	67.53	68.37	68.78	68.93	68.95	68.78	68.37	67.52	64.91	65.66	66.04	66.19	66.19	66.04	65.66	64.91	64.55	65.17	65.50	65.62	65.62	65.49	65.16	64.53
67.62	68.44	69.10	69.25	69.25	69.11	68.70	67.89	67.53	68.37	68.78	68.93	68.95	68.78	68.37	67.52	64.91	65.65	66.04	66.18	66.18	66.04	65.65	64.90	64.54	65.17	65.50	65.62	65.62	65.49	65.15	64.53
67.60	68.42	69.09	69.24	69.25	69.11	68.46	67.65	67.52	68.36	68.77	68.93	68.94	68.78	68.36	67.51	64.90	65.65	66.04	66.18	66.18	66.03	65.65	64.90	64.54	65.16	65.50	65.62	65.61	65.48	65.15	64.53
67.58	68.41	69.09	69.24	69.24	69.10	68.42	67.61	67.51	68.35	68.77	68.93	68.94	68.77	68.36	67.51	64.90	65.64	66.03	66.18	66.18	66.03	65.64	64.89	64.53	65.16	65.49	65.61	65.61	65.48	65.15	64.52
67.57	68.40	69.09	69.24	69.00	68.85	68.41	67.60	67.51	68.35	68.76	68.92	68.94	68.77	68.35	67.50	64.89	65.64	66.03	66.17	66.17	66.03	65.64	64.89	64.53	65.15	65.49	65.61	65.61	65.48	65.14	64.52
67.56	68.39	69.08	69.23	68.97	68.83	68.38	67.58	67.50	68.34	68.76	68.92	68.93	68.76	68.34	67.50	64.89	65.63	66.02	66.17	66.17	66.02	65.63	64.88	64.52	65.15	65.48	65.61	65.60	65.47	65.14	64.51
