pcb_LC_0	353.0855
pcb_LC_1	354.4103
pcb_LC_2	354.9886
pcb_LC_3	355.2174
pcb_LC_4	355.2171
pcb_LC_5	354.9879
pcb_LC_6	354.4096
pcb_LC_7	353.0848
pcb_LC_8	353.0289
pcb_LC_9	354.5648
pcb_LC_10	355.2893
pcb_LC_11	355.5849
pcb_LC_12	355.5846
pcb_LC_13	355.2885
pcb_LC_14	354.5638
pcb_LC_15	353.0280
pcb_LC_16	352.9312
pcb_LC_17	354.3898
pcb_LC_18	355.0839
pcb_LC_19	355.3694
pcb_LC_20	355.3691
pcb_LC_21	355.0832
pcb_LC_22	354.3889
pcb_LC_23	352.9304
pcb_LC_24	352.8368
pcb_LC_25	354.0023
pcb_LC_26	354.5213
pcb_LC_27	354.7309
pcb_LC_28	354.7308
pcb_LC_29	354.5209
pcb_LC_30	354.0017
pcb_LC_31	352.8362
solder_LC_0	355.3335
solder_LC_1	355.8559
solder_LC_2	356.2082
solder_LC_3	356.3821
solder_LC_4	356.3817
solder_LC_5	356.2069
solder_LC_6	355.8545
solder_LC_7	355.3324
solder_LC_8	355.5467
solder_LC_9	356.2088
solder_LC_10	356.6499
solder_LC_11	356.8694
solder_LC_12	356.8688
solder_LC_13	356.6480
solder_LC_14	356.2070
solder_LC_15	355.5454
solder_LC_16	355.2433
solder_LC_17	355.7699
solder_LC_18	356.1694
solder_LC_19	356.3764
solder_LC_20	356.3760
solder_LC_21	356.1681
solder_LC_22	355.7685
solder_LC_23	355.2422
solder_LC_24	354.8457
solder_LC_25	355.1260
solder_LC_26	355.4011
solder_LC_27	355.5519
solder_LC_28	355.5517
solder_LC_29	355.4005
solder_LC_30	355.1252
solder_LC_31	354.8449
sub_LC_0	355.5574
sub_LC_1	356.0883
sub_LC_2	356.4659
sub_LC_3	356.6543
sub_LC_4	356.6538
sub_LC_5	356.4643
sub_LC_6	356.0867
sub_LC_7	355.5563
sub_LC_8	356.0517
sub_LC_9	356.7069
sub_LC_10	357.1652
sub_LC_11	357.3958
sub_LC_12	357.3951
sub_LC_13	357.1623
sub_LC_14	356.7044
sub_LC_15	356.0503
sub_LC_16	355.4312
sub_LC_17	355.9651
sub_LC_18	356.3843
sub_LC_19	356.6023
sub_LC_20	356.6018
sub_LC_21	356.3828
sub_LC_22	355.9635
sub_LC_23	355.4301
sub_LC_24	354.8823
sub_LC_25	355.1977
sub_LC_26	355.5020
sub_LC_27	355.6680
sub_LC_28	355.6677
sub_LC_29	355.5013
sub_LC_30	355.1968
sub_LC_31	354.8815
layer_3_LC_0	357.2681
layer_3_LC_1	358.0114
layer_3_LC_2	358.6336
layer_3_LC_3	358.9539
layer_3_LC_4	358.9530
layer_3_LC_5	358.6300
layer_3_LC_6	358.0081
layer_3_LC_7	357.2666
layer_3_LC_8	361.0452
layer_3_LC_9	361.8400
layer_3_LC_10	362.5054
layer_3_LC_11	362.8550
layer_3_LC_12	362.8534
layer_3_LC_13	362.4911
layer_3_LC_14	361.8308
layer_3_LC_15	361.0430
layer_3_LC_16	356.8836
layer_3_LC_17	357.6571
layer_3_LC_18	358.3067
layer_3_LC_19	358.6418
layer_3_LC_20	358.6411
layer_3_LC_21	358.3036
layer_3_LC_22	357.6542
layer_3_LC_23	356.8824
layer_3_LC_24	354.9602
layer_3_LC_25	355.6638
layer_3_LC_26	356.2601
layer_3_LC_27	356.5676
layer_3_LC_28	356.5673
layer_3_LC_29	356.2593
layer_3_LC_30	355.6630
layer_3_LC_31	354.9596
layer_4_TB_0	357.1656
layer_4_TB_1	357.9088
layer_4_TB_2	358.5305
layer_4_TB_3	358.8505
layer_4_TB_4	358.8497
layer_4_TB_5	358.5269
layer_4_TB_6	357.9055
layer_4_TB_7	357.1640
layer_4_TB_8	360.9574
layer_4_TB_9	361.7521
layer_4_TB_10	362.4170
layer_4_TB_11	362.7662
layer_4_TB_12	362.7647
layer_4_TB_13	362.4026
layer_4_TB_14	361.7430
layer_4_TB_15	360.9553
layer_4_TB_16	356.7826
layer_4_TB_17	357.5561
layer_4_TB_18	358.2054
layer_4_TB_19	358.5401
layer_4_TB_20	358.5395
layer_4_TB_21	358.2023
layer_4_TB_22	357.5533
layer_4_TB_23	356.7813
layer_4_TB_24	354.8626
layer_4_TB_25	355.5664
layer_4_TB_26	356.1624
layer_4_TB_27	356.4697
layer_4_TB_28	356.4694
layer_4_TB_29	356.1616
layer_4_TB_30	355.5656
layer_4_TB_31	354.8620
layer_5_B_0	356.1390
layer_5_B_1	356.8820
layer_5_B_2	357.4993
layer_5_B_3	357.8161
layer_5_B_4	357.8154
layer_5_B_5	357.4958
layer_5_B_6	356.8788
layer_5_B_7	356.1375
layer_5_B_8	360.0819
layer_5_B_9	360.8753
layer_5_B_10	361.5344
layer_5_B_11	361.8804
layer_5_B_12	361.8789
layer_5_B_13	361.5197
layer_5_B_14	360.8659
layer_5_B_15	360.0798
layer_5_B_16	355.7712
layer_5_B_17	356.5459
layer_5_B_18	357.1913
layer_5_B_19	357.5231
layer_5_B_20	357.5225
layer_5_B_21	357.1883
layer_5_B_22	356.5432
layer_5_B_23	355.7700
layer_5_B_24	353.8866
layer_5_B_25	354.5926
layer_5_B_26	355.1855
layer_5_B_27	355.4905
layer_5_B_28	355.4902
layer_5_B_29	355.1848
layer_5_B_30	354.5918
layer_5_B_31	353.8860
layer_6_TB_0	355.9912
layer_6_TB_1	356.7346
layer_6_TB_2	357.3511
layer_6_TB_3	357.6676
layer_6_TB_4	357.6668
layer_6_TB_5	357.3477
layer_6_TB_6	356.7313
layer_6_TB_7	355.9897
layer_6_TB_8	359.8911
layer_6_TB_9	360.6849
layer_6_TB_10	361.3435
layer_6_TB_11	361.6886
layer_6_TB_12	361.6872
layer_6_TB_13	361.3291
layer_6_TB_14	360.6758
layer_6_TB_15	359.8890
layer_6_TB_16	355.6263
layer_6_TB_17	356.4016
layer_6_TB_18	357.0465
layer_6_TB_19	357.3779
layer_6_TB_20	357.3773
layer_6_TB_21	357.0435
layer_6_TB_22	356.3989
layer_6_TB_23	355.6251
layer_6_TB_24	353.7491
layer_6_TB_25	354.4557
layer_6_TB_26	355.0481
layer_6_TB_27	355.3526
layer_6_TB_28	355.3524
layer_6_TB_29	355.0474
layer_6_TB_30	354.4548
layer_6_TB_31	353.7485
layer_7_B_32	354.5120
layer_7_B_33	355.2588
layer_7_B_34	355.8692
layer_7_B_35	356.1808
layer_7_B_36	356.1801
layer_7_B_37	355.8661
layer_7_B_38	355.2558
layer_7_B_39	354.5106
layer_7_B_40	357.9843
layer_7_B_41	358.7836
layer_7_B_42	359.4356
layer_7_B_43	359.7733
layer_7_B_44	359.7720
layer_7_B_45	359.4256
layer_7_B_46	358.7759
layer_7_B_47	357.9824
layer_7_B_48	354.1769
layer_7_B_49	354.9582
layer_7_B_50	355.5982
layer_7_B_51	355.9254
layer_7_B_52	355.9248
layer_7_B_53	355.5955
layer_7_B_54	354.9556
layer_7_B_55	354.1757
layer_7_B_56	352.3738
layer_7_B_57	353.0858
layer_7_B_58	353.6735
layer_7_B_59	353.9742
layer_7_B_60	353.9739
layer_7_B_61	353.6728
layer_7_B_62	353.0850
layer_7_B_63	352.3732
layer_8_TB_0	354.3205
layer_8_TB_1	355.0680
layer_8_TB_2	355.6775
layer_8_TB_3	355.9885
layer_8_TB_4	355.9878
layer_8_TB_5	355.6745
layer_8_TB_6	355.0650
layer_8_TB_7	354.3191
layer_8_TB_8	357.7635
layer_8_TB_9	358.5639
layer_8_TB_10	359.2151
layer_8_TB_11	359.5519
layer_8_TB_12	359.5507
layer_8_TB_13	359.2055
layer_8_TB_14	358.5563
layer_8_TB_15	357.7616
layer_8_TB_16	353.9896
layer_8_TB_17	354.7721
layer_8_TB_18	355.4114
layer_8_TB_19	355.7381
layer_8_TB_20	355.7375
layer_8_TB_21	355.4088
layer_8_TB_22	354.7695
layer_8_TB_23	353.9885
layer_8_TB_24	352.1971
layer_8_TB_25	352.9100
layer_8_TB_26	353.4971
layer_8_TB_27	353.7972
layer_8_TB_28	353.7969
layer_8_TB_29	353.4964
layer_8_TB_30	352.9092
layer_8_TB_31	352.1965
layer_9_B_64	352.4040
layer_9_B_65	353.1586
layer_9_B_66	353.7601
layer_9_B_67	354.0647
layer_9_B_68	354.0641
layer_9_B_69	353.7575
layer_9_B_70	353.1559
layer_9_B_71	352.4027
layer_9_B_72	355.5573
layer_9_B_73	356.3684
layer_9_B_74	357.0120
layer_9_B_75	357.3404
layer_9_B_76	357.3393
layer_9_B_77	357.0064
layer_9_B_78	356.3621
layer_9_B_79	355.5555
layer_9_B_80	352.1167
layer_9_B_81	352.9101
layer_9_B_82	353.5436
layer_9_B_83	353.8649
layer_9_B_84	353.8643
layer_9_B_85	353.5414
layer_9_B_86	352.9078
layer_9_B_87	352.1156
layer_9_B_88	350.4300
layer_9_B_89	351.1517
layer_9_B_90	351.7323
layer_9_B_91	352.0270
layer_9_B_92	352.0268
layer_9_B_93	351.7317
layer_9_B_94	351.1510
layer_9_B_95	350.4294
layer_10_TB_0	352.1701
layer_10_TB_1	352.9258
layer_10_TB_2	353.5263
layer_10_TB_3	353.8302
layer_10_TB_4	353.8295
layer_10_TB_5	353.5238
layer_10_TB_6	352.9231
layer_10_TB_7	352.1688
layer_10_TB_8	355.3066
layer_10_TB_9	356.1194
layer_10_TB_10	356.7621
layer_10_TB_11	357.0896
layer_10_TB_12	357.0885
layer_10_TB_13	356.7569
layer_10_TB_14	356.1132
layer_10_TB_15	355.3049
layer_10_TB_16	351.8885
layer_10_TB_17	352.6835
layer_10_TB_18	353.3163
layer_10_TB_19	353.6369
layer_10_TB_20	353.6363
layer_10_TB_21	353.3141
layer_10_TB_22	352.6812
layer_10_TB_23	351.8874
layer_10_TB_24	350.2151
layer_10_TB_25	350.9381
layer_10_TB_26	351.5178
layer_10_TB_27	351.8118
layer_10_TB_28	351.8116
layer_10_TB_29	351.5172
layer_10_TB_30	350.9374
layer_10_TB_31	350.2145
layer_11_B_96	349.8306
layer_11_B_97	350.5974
layer_11_B_98	351.1879
layer_11_B_99	351.4839
layer_11_B_100	351.4833
layer_11_B_101	351.1858
layer_11_B_102	350.5950
layer_11_B_103	349.8294
layer_11_B_104	352.8015
layer_11_B_105	353.6306
layer_11_B_106	354.2647
layer_11_B_107	354.5826
layer_11_B_108	354.5818
layer_11_B_109	354.2634
layer_11_B_110	353.6256
layer_11_B_111	352.8000
layer_11_B_112	349.6055
layer_11_B_113	350.4169
layer_11_B_114	351.0427
layer_11_B_115	351.3567
layer_11_B_116	351.3562
layer_11_B_117	351.0410
layer_11_B_118	350.4149
layer_11_B_119	349.6046
layer_11_B_120	348.0656
layer_11_B_121	348.8011
layer_11_B_122	349.3725
layer_11_B_123	349.6596
layer_11_B_124	349.6594
layer_11_B_125	349.3719
layer_11_B_126	348.8005
layer_11_B_127	348.0652
layer_12_TB_0	349.5558
layer_12_TB_1	350.3241
layer_12_TB_2	350.9134
layer_12_TB_3	351.2084
layer_12_TB_4	351.2079
layer_12_TB_5	350.9114
layer_12_TB_6	350.3218
layer_12_TB_7	349.5546
layer_12_TB_8	352.5217
layer_12_TB_9	353.3530
layer_12_TB_10	353.9861
layer_12_TB_11	354.3030
layer_12_TB_12	354.3022
layer_12_TB_13	353.9852
layer_12_TB_14	353.3481
layer_12_TB_15	352.5202
layer_12_TB_16	349.3376
layer_12_TB_17	350.1511
layer_12_TB_18	350.7761
layer_12_TB_19	351.0893
layer_12_TB_20	351.0888
layer_12_TB_21	350.7744
layer_12_TB_22	350.1492
layer_12_TB_23	349.3366
layer_12_TB_24	347.8137
layer_12_TB_25	348.5508
layer_12_TB_26	349.1211
layer_12_TB_27	349.4074
layer_12_TB_28	349.4072
layer_12_TB_29	349.1205
layer_12_TB_30	348.5501
layer_12_TB_31	347.8132
layer_13_B_128	346.8071
layer_13_B_129	347.5907
layer_13_B_130	348.1680
layer_13_B_131	348.4536
layer_13_B_132	348.4531
layer_13_B_133	348.1664
layer_13_B_134	347.5887
layer_13_B_135	346.8061
layer_13_B_136	349.7247
layer_13_B_137	350.5784
layer_13_B_138	351.2015
layer_13_B_139	351.5077
layer_13_B_140	351.5071
layer_13_B_141	351.2046
layer_13_B_142	350.5745
layer_13_B_143	349.7233
layer_13_B_144	346.6574
layer_13_B_145	347.4930
layer_13_B_146	348.1097
layer_13_B_147	348.4152
layer_13_B_148	348.4148
layer_13_B_149	348.1084
layer_13_B_150	347.4913
layer_13_B_151	346.6566
layer_13_B_152	345.2934
layer_13_B_153	346.0469
layer_13_B_154	346.6068
layer_13_B_155	346.8847
layer_13_B_156	346.8846
layer_13_B_157	346.6063
layer_13_B_158	346.0463
layer_13_B_159	345.2930
layer_14_TB_0	346.4926
layer_14_TB_1	347.2783
layer_14_TB_2	347.8541
layer_14_TB_3	348.1386
layer_14_TB_4	348.1382
layer_14_TB_5	347.8526
layer_14_TB_6	347.2763
layer_14_TB_7	346.4917
layer_14_TB_8	349.3433
layer_14_TB_9	350.1997
layer_14_TB_10	350.8218
layer_14_TB_11	351.1272
layer_14_TB_12	351.1266
layer_14_TB_13	350.8248
layer_14_TB_14	350.1959
layer_14_TB_15	349.3420
layer_14_TB_16	346.3509
layer_14_TB_17	347.1893
layer_14_TB_18	347.8050
layer_14_TB_19	348.1097
layer_14_TB_20	348.1093
layer_14_TB_21	347.8038
layer_14_TB_22	347.1876
layer_14_TB_23	346.3501
layer_14_TB_24	345.0056
layer_14_TB_25	345.7611
layer_14_TB_26	346.3198
layer_14_TB_27	346.5968
layer_14_TB_28	346.5966
layer_14_TB_29	346.3194
layer_14_TB_30	345.7606
layer_14_TB_31	345.0052
layer_15_B_160	343.3478
layer_15_B_161	344.1533
layer_15_B_162	344.7149
layer_15_B_163	344.9885
layer_15_B_164	344.9881
layer_15_B_165	344.7138
layer_15_B_166	344.1517
layer_15_B_167	343.3470
layer_15_B_168	345.5308
layer_15_B_169	346.4145
layer_15_B_170	347.0268
layer_15_B_171	347.3237
layer_15_B_172	347.3233
layer_15_B_173	347.0289
layer_15_B_174	346.4116
layer_15_B_175	345.5297
layer_15_B_176	343.2853
layer_15_B_177	344.1518
layer_15_B_178	344.7581
layer_15_B_179	345.0539
layer_15_B_180	345.0536
layer_15_B_181	344.7572
layer_15_B_182	344.1505
layer_15_B_183	343.2846
layer_15_B_184	342.1278
layer_15_B_185	342.9039
layer_15_B_186	343.4500
layer_15_B_187	343.7171
layer_15_B_188	343.7169
layer_15_B_189	343.4496
layer_15_B_190	342.9034
layer_15_B_191	342.1274
layer_16_TB_0	342.9964
layer_16_TB_1	343.8043
layer_16_TB_2	344.3643
layer_16_TB_3	344.6367
layer_16_TB_4	344.6363
layer_16_TB_5	344.3632
layer_16_TB_6	343.8028
layer_16_TB_7	342.9956
layer_16_TB_8	345.1209
layer_16_TB_9	346.0080
layer_16_TB_10	346.6192
layer_16_TB_11	346.9151
layer_16_TB_12	346.9147
layer_16_TB_13	346.6213
layer_16_TB_14	346.0052
layer_16_TB_15	345.1198
layer_16_TB_16	342.9427
layer_16_TB_17	343.8128
layer_16_TB_18	344.4179
layer_16_TB_19	344.7127
layer_16_TB_20	344.7124
layer_16_TB_21	344.4170
layer_16_TB_22	343.8115
layer_16_TB_23	342.9421
layer_16_TB_24	341.8057
layer_16_TB_25	342.5843
layer_16_TB_26	343.1290
layer_16_TB_27	343.3949
layer_16_TB_28	343.3948
layer_16_TB_29	343.1286
layer_16_TB_30	342.5839
layer_16_TB_31	341.8054
layer_17_B_192	339.4818
layer_17_B_193	340.3145
layer_17_B_194	340.8578
layer_17_B_195	341.1177
layer_17_B_196	341.1174
layer_17_B_197	340.8570
layer_17_B_198	340.3133
layer_17_B_199	339.4811
layer_17_B_200	341.0228
layer_17_B_201	341.9444
layer_17_B_202	342.5442
layer_17_B_203	342.8303
layer_17_B_204	342.8301
layer_17_B_205	342.5455
layer_17_B_206	341.9425
layer_17_B_207	341.0220
layer_17_B_208	339.5165
layer_17_B_209	340.4216
layer_17_B_210	341.0155
layer_17_B_211	341.3004
layer_17_B_212	341.3002
layer_17_B_213	341.0149
layer_17_B_214	340.4206
layer_17_B_215	339.5160
layer_17_B_216	338.5851
layer_17_B_217	339.3890
layer_17_B_218	339.9186
layer_17_B_219	340.1731
layer_17_B_220	340.1730
layer_17_B_221	339.9183
layer_17_B_222	339.3886
layer_17_B_223	338.5848
layer_18_TB_0	339.0959
layer_18_TB_1	339.9317
layer_18_TB_2	340.4730
layer_18_TB_3	340.7316
layer_18_TB_4	340.7313
layer_18_TB_5	340.4723
layer_18_TB_6	339.9306
layer_18_TB_7	339.0953
layer_18_TB_8	340.5841
layer_18_TB_9	341.5100
layer_18_TB_10	342.1084
layer_18_TB_11	342.3935
layer_18_TB_12	342.3932
layer_18_TB_13	342.1097
layer_18_TB_14	341.5081
layer_18_TB_15	340.5834
layer_18_TB_16	339.1403
layer_18_TB_17	340.0496
layer_18_TB_18	340.6423
layer_18_TB_19	340.9261
layer_18_TB_20	340.9258
layer_18_TB_21	340.6417
layer_18_TB_22	340.0487
layer_18_TB_23	339.1398
layer_18_TB_24	338.2304
layer_18_TB_25	339.0373
layer_18_TB_26	339.5652
layer_18_TB_27	339.8184
layer_18_TB_28	339.8183
layer_18_TB_29	339.5649
layer_18_TB_30	339.0369
layer_18_TB_31	338.2301
layer_19_B_224	335.2373
layer_19_B_225	336.1033
layer_19_B_226	336.6251
layer_19_B_227	336.8698
layer_19_B_228	336.8696
layer_19_B_229	336.6247
layer_19_B_230	336.1026
layer_19_B_231	335.2369
layer_19_B_232	336.1983
layer_19_B_233	337.1668
layer_19_B_234	337.7517
layer_19_B_235	338.0258
layer_19_B_236	338.0257
layer_19_B_237	337.7523
layer_19_B_238	337.1656
layer_19_B_239	336.1978
layer_19_B_240	335.3777
layer_19_B_241	336.3297
layer_19_B_242	336.9093
layer_19_B_243	337.1821
layer_19_B_244	337.1820
layer_19_B_245	336.9090
layer_19_B_246	336.3291
layer_19_B_247	335.3773
layer_19_B_248	334.6831
layer_19_B_249	335.5204
layer_19_B_250	336.0305
layer_19_B_251	336.2708
layer_19_B_252	336.2708
layer_19_B_253	336.0303
layer_19_B_254	335.5202
layer_19_B_255	334.6829
layer_20_TB_0	334.8196
layer_20_TB_1	335.6893
layer_20_TB_2	336.2088
layer_20_TB_3	336.4519
layer_20_TB_4	336.4518
layer_20_TB_5	336.2084
layer_20_TB_6	335.6886
layer_20_TB_7	334.8192
layer_20_TB_8	335.7310
layer_20_TB_9	336.7046
layer_20_TB_10	337.2879
layer_20_TB_11	337.5608
layer_20_TB_12	337.5607
layer_20_TB_13	337.2885
layer_20_TB_14	336.7035
layer_20_TB_15	335.7305
layer_20_TB_16	334.9702
layer_20_TB_17	335.9274
layer_20_TB_18	336.5054
layer_20_TB_19	336.7770
layer_20_TB_20	336.7768
layer_20_TB_21	336.5051
layer_20_TB_22	335.9268
layer_20_TB_23	334.9699
layer_20_TB_24	334.2974
layer_20_TB_25	335.1384
layer_20_TB_26	335.6464
layer_20_TB_27	335.8853
layer_20_TB_28	335.8852
layer_20_TB_29	335.6462
layer_20_TB_30	335.1381
layer_20_TB_31	334.2972
hsp_TB_0	330.6426
hsp_TB_1	331.5488
hsp_TB_2	332.0456
hsp_TB_3	332.2732
hsp_TB_4	332.2732
hsp_TB_5	332.0455
hsp_TB_6	331.5485
hsp_TB_7	330.6424
hsp_TB_8	331.0578
hsp_TB_9	332.0831
hsp_TB_10	332.6505
hsp_TB_11	332.9114
hsp_TB_12	332.9114
hsp_TB_13	332.6505
hsp_TB_14	332.0828
hsp_TB_15	331.0576
hsp_TB_16	330.8952
hsp_TB_17	331.9037
hsp_TB_18	332.4664
hsp_TB_19	332.7258
hsp_TB_20	332.7258
hsp_TB_21	332.4663
hsp_TB_22	331.9035
hsp_TB_23	330.8951
hsp_TB_24	330.4407
hsp_TB_25	331.3180
hsp_TB_26	331.8051
hsp_TB_27	332.0295
hsp_TB_28	332.0295
hsp_TB_29	331.8050
hsp_TB_30	331.3178
hsp_TB_31	330.4406
hsink_TB_0	329.0787
hsink_TB_1	329.8491
hsink_TB_2	330.3137
hsink_TB_3	330.5315
hsink_TB_4	330.5315
hsink_TB_5	330.3136
hsink_TB_6	329.8490
hsink_TB_7	329.0786
hsink_TB_8	329.3285
hsink_TB_9	330.2053
hsink_TB_10	330.7390
hsink_TB_11	330.9901
hsink_TB_12	330.9901
hsink_TB_13	330.7389
hsink_TB_14	330.2052
hsink_TB_15	329.3284
hsink_TB_16	329.2925
hsink_TB_17	330.1610
hsink_TB_18	330.6913
hsink_TB_19	330.9412
hsink_TB_20	330.9412
hsink_TB_21	330.6912
hsink_TB_22	330.1609
hsink_TB_23	329.2924
hsink_TB_24	329.0046
hsink_TB_25	329.7576
hsink_TB_26	330.2150
hsink_TB_27	330.4302
hsink_TB_28	330.4302
hsink_TB_29	330.2149
hsink_TB_30	329.7575
hsink_TB_31	329.0045
inode_0	326.8462
inode_1	326.8461
inode_2	327.3697
inode_3	327.4578
inode_4	326.8071
inode_5	326.8070
inode_6	327.3388
inode_7	327.4259
inode_8	325.5924
inode_9	325.5923
inode_10	325.8823
inode_11	325.9556
inode_12	354.9739
inode_13	354.9729
inode_14	354.1928
inode_15	354.8501
inode_16	354.9524
inode_17	354.9513
inode_18	354.1878
inode_19	354.8442
inode_20	351.0282
inode_21	351.0274
inode_22	353.1595
inode_23	353.7360
inode_24	340.0843
inode_25	340.0838
inode_26	340.1193
inode_27	340.4810
