pcb_C_0	327.3381
pcb_C_1	328.0248
pcb_C_2	328.3558
pcb_C_3	328.4774
pcb_C_4	328.4421
pcb_C_5	328.2987
pcb_C_6	327.9890
pcb_C_7	327.3158
pcb_C_8	327.0432
pcb_C_9	327.6356
pcb_C_10	327.9595
pcb_C_11	328.0959
pcb_C_12	328.0746
pcb_C_13	327.9191
pcb_C_14	327.6028
pcb_C_15	327.0190
pcb_C_16	326.5930
pcb_C_17	326.8500
pcb_C_18	327.0500
pcb_C_19	327.1527
pcb_C_20	327.1433
pcb_C_21	327.0289
pcb_C_22	326.8278
pcb_C_23	326.5722
pcb_C_24	326.2647
pcb_C_25	326.2661
pcb_C_26	326.3494
pcb_C_27	326.4073
pcb_C_28	326.4030
pcb_C_29	326.3388
pcb_C_30	326.2527
pcb_C_31	326.2491
solder_C_0	327.6820
solder_C_1	328.3221
solder_C_2	328.6895
solder_C_3	328.8173
solder_C_4	328.7492
solder_C_5	328.5948
solder_C_6	328.2784
solder_C_7	327.6578
solder_C_8	327.3621
solder_C_9	327.9024
solder_C_10	328.2381
solder_C_11	328.3816
solder_C_12	328.3549
solder_C_13	328.1900
solder_C_14	327.8673
solder_C_15	327.3363
solder_C_16	326.6130
solder_C_17	326.7884
solder_C_18	326.9985
solder_C_19	327.1099
solder_C_20	327.1003
solder_C_21	326.9769
solder_C_22	326.7660
solder_C_23	326.5918
solder_C_24	326.2037
solder_C_25	326.1221
solder_C_26	326.2172
solder_C_27	326.2842
solder_C_28	326.2799
solder_C_29	326.2064
solder_C_30	326.1085
solder_C_31	326.1878
sub_C_0	327.7732
sub_C_1	328.4149
sub_C_2	328.8071
sub_C_3	328.9376
sub_C_4	328.8497
sub_C_5	328.6925
sub_C_6	328.3694
sub_C_7	327.7486
sub_C_8	327.4610
sub_C_9	328.0113
sub_C_10	328.3528
sub_C_11	328.4989
sub_C_12	328.4731
sub_C_13	328.3048
sub_C_14	327.9764
sub_C_15	327.4347
sub_C_16	326.5227
sub_C_17	326.7293
sub_C_18	326.9493
sub_C_19	327.0639
sub_C_20	327.0544
sub_C_21	326.9279
sub_C_22	326.7070
sub_C_23	326.5016
sub_C_24	326.0935
sub_C_25	326.0518
sub_C_26	326.1588
sub_C_27	326.2297
sub_C_28	326.2253
sub_C_29	326.1480
sub_C_30	326.0383
sub_C_31	326.0777
layer_3_C_0	328.5945
layer_3_C_1	329.3052
layer_3_C_2	329.9398
layer_3_C_3	330.0946
layer_3_C_4	329.8056
layer_3_C_5	329.6272
layer_3_C_6	329.2452
layer_3_C_7	328.5684
layer_3_C_8	328.4111
layer_3_C_9	329.1048
layer_3_C_10	329.4990
layer_3_C_11	329.6709
layer_3_C_12	329.6580
layer_3_C_13	329.4571
layer_3_C_14	329.0722
layer_3_C_15	328.3802
layer_3_C_16	325.6071
layer_3_C_17	326.1189
layer_3_C_18	326.4359
layer_3_C_19	326.5815
layer_3_C_20	326.5732
layer_3_C_21	326.4164
layer_3_C_22	326.0979
layer_3_C_23	325.5874
layer_3_C_24	325.0398
layer_3_C_25	325.3601
layer_3_C_26	325.5808
layer_3_C_27	325.6877
layer_3_C_28	325.6833
layer_3_C_29	325.5698
layer_3_C_30	325.3464
layer_3_C_31	325.0252
layer_4_TB_0	328.4359
layer_4_TB_1	329.1467
layer_4_TB_2	329.7641
layer_4_TB_3	329.9187
layer_4_TB_4	329.6471
layer_4_TB_5	329.4688
layer_4_TB_6	329.0881
layer_4_TB_7	328.4099
layer_4_TB_8	328.2532
layer_4_TB_9	328.9479
layer_4_TB_10	329.3424
layer_4_TB_11	329.5140
layer_4_TB_12	329.5002
layer_4_TB_13	329.3005
layer_4_TB_14	328.9153
layer_4_TB_15	328.2227
layer_4_TB_16	325.6052
layer_4_TB_17	326.1174
layer_4_TB_18	326.4345
layer_4_TB_19	326.5801
layer_4_TB_20	326.5718
layer_4_TB_21	326.4150
layer_4_TB_22	326.0964
layer_4_TB_23	325.5854
layer_4_TB_24	325.0386
layer_4_TB_25	325.3593
layer_4_TB_26	325.5800
layer_4_TB_27	325.6870
layer_4_TB_28	325.6826
layer_4_TB_29	325.5691
layer_4_TB_30	325.3456
layer_4_TB_31	325.0239
hsp_TB_0	326.8499
hsp_TB_1	327.5621
hsp_TB_2	328.0072
hsp_TB_3	328.1594
hsp_TB_4	328.0623
hsp_TB_5	327.8846
hsp_TB_6	327.5168
hsp_TB_7	326.8250
hsp_TB_8	326.6740
hsp_TB_9	327.3794
hsp_TB_10	327.7771
hsp_TB_11	327.9455
hsp_TB_12	327.9228
hsp_TB_13	327.7339
hsp_TB_14	327.3472
hsp_TB_15	326.6483
hsp_TB_16	325.5853
hsp_TB_17	326.1021
hsp_TB_18	326.4202
hsp_TB_19	326.5661
hsp_TB_20	326.5578
hsp_TB_21	326.4007
hsp_TB_22	326.0811
hsp_TB_23	325.5657
hsp_TB_24	325.0262
hsp_TB_25	325.3510
hsp_TB_26	325.5727
hsp_TB_27	325.6799
hsp_TB_28	325.6756
hsp_TB_29	325.5617
hsp_TB_30	325.3373
hsp_TB_31	325.0116
hsink_TB_0	326.2048
hsink_TB_1	326.8856
hsink_TB_2	327.2707
hsink_TB_3	327.4217
hsink_TB_4	327.3831
hsink_TB_5	327.2100
hsink_TB_6	326.8485
hsink_TB_7	326.1809
hsink_TB_8	326.0728
hsink_TB_9	326.7554
hsink_TB_10	327.1467
hsink_TB_11	327.3137
hsink_TB_12	327.2942
hsink_TB_13	327.1094
hsink_TB_14	326.7246
hsink_TB_15	326.0488
hsink_TB_16	325.5112
hsink_TB_17	326.0250
hsink_TB_18	326.3429
hsink_TB_19	326.4888
hsink_TB_20	326.4803
hsink_TB_21	326.3236
hsink_TB_22	326.0042
hsink_TB_23	325.4918
hsink_TB_24	325.0138
hsink_TB_25	325.3399
hsink_TB_26	325.5619
hsink_TB_27	325.6691
hsink_TB_28	325.6647
hsink_TB_29	325.5509
hsink_TB_30	325.3262
hsink_TB_31	324.9992
inode_0	324.5141
inode_1	324.4968
inode_2	323.9538
inode_3	325.3522
inode_4	324.4999
inode_5	324.4827
inode_6	323.9467
inode_7	325.3403
inode_8	323.9282
inode_9	323.9125
inode_10	323.2799
inode_11	324.5132
inode_12	326.8933
inode_13	326.8717
inode_14	325.9348
inode_15	328.0485
inode_16	326.8912
inode_17	326.8696
inode_18	325.9346
inode_19	328.0478
inode_20	326.3379
inode_21	326.3182
inode_22	325.8810
inode_23	327.9427
inode_24	324.4262
inode_25	324.4110
inode_26	323.6847
inode_27	325.1607
