Metric	Core0	Core1	Core2	Core3	Core4	Core5	Core6	Core7	Core8	Core9	Core10	Core11	Core12	Core13	Core14	Core15	Core16	Core17	Core18	Core19	Core20	Core21	Core22	Core23	Core24	Core25	Core26	Core27	Core28	Core29	Core30	Core31
total	1000.184	1000.184	2.373	2.381	2.371	2.365	1000.184	1000.184	1000.184	1000.184	1000.184	1000.184	1000.184	1000.184	1000.184	1000.184	3600662.687	3600662.687	3600662.687	3600662.687	3600662.687	3600662.687	3600662.687	3600662.687	1000.184	1000.184	1000.184	1000.184	1000.184	1000.184	1000.184	1000.184
base	0.000	0.000	0.250	0.250	0.250	0.250	0.000	0.000	0.000	0.000	0.000	0.000	0.000	0.000	0.000	0.000	0.000	0.000	0.000	0.000	0.000	0.000	0.000	0.000	0.000	0.000	0.000	0.000	0.000	0.000	0.000	0.000
dispatch_width	-
rs_full	-
depend	-
depend-int	-
depend-fp	0.000	0.000	0.138	0.138	0.138	0.138	0.000	0.000	0.000	0.000	0.000	0.000	0.000	0.000	0.000	0.000	0.000	0.000	0.000	0.000	0.000	0.000	0.000	0.000	0.000	0.000	0.000	0.000	0.000	0.000	0.000	0.000
depend-branch	-
issue	0.000	0.000	0.068	0.068	0.068	0.068	0.000	0.000	0.000	0.000	0.000	0.000	0.000	0.000	0.000	0.000	0.000	0.000	0.000	0.000	0.000	0.000	0.000	0.000	0.000	0.000	0.000	0.000	0.000	0.000	0.000	0.000
serial	-
smt	-
branch	0.000	0.000	0.620	0.620	0.622	0.631	0.000	0.000	0.000	0.000	0.000	0.000	0.000	0.000	0.000	0.000	0.000	0.000	0.000	0.000	0.000	0.000	0.000	0.000	0.000	0.000	0.000	0.000	0.000	0.000	0.000	0.000
itlb	-
dtlb	-
ifetch	-
mem	-
mem-l1d	-
mem-l2	-
mem-l3	-
mem-l4	-
mem-remote	-
mem-nuca	-
mem-dram-cache	-
mem-dram	0.000	0.000	1.232	1.241	1.228	1.215	0.000	0.000	0.000	0.000	0.000	0.000	0.000	0.000	0.000	0.000	0.000	0.000	0.000	0.000	0.000	0.000	0.000	0.000	0.000	0.000	0.000	0.000	0.000	0.000	0.000	0.000
sync	-
dvfs-transition	-
imbalance	998.184	998.184	0.000	0.000	0.000	0.000	998.184	998.184	1000.184	1000.184	1000.184	1000.184	1000.184	1000.184	1000.184	1000.184	3600662.687	3600662.687	3600662.687	3600662.687	3600662.687	3600662.687	3600662.687	3600662.687	1000.184	1000.184	1000.184	1000.184	1000.184	1000.184	1000.184	1000.184
other	2.000	2.000	0.065	0.064	0.065	0.064	2.000	2.000	0.000	0.000	0.000	0.000	0.000	0.000	0.000	0.000	0.000	0.000	0.000	0.000	0.000	0.000	0.000	0.000	0.000	0.000	0.000	0.000	0.000	0.000	0.000	0.000
