pcb_LC_0	362.2810
pcb_LC_1	363.9010
pcb_LC_2	364.6165
pcb_LC_3	364.9033
pcb_LC_4	364.9036
pcb_LC_5	364.6169
pcb_LC_6	363.9016
pcb_LC_7	362.2814
pcb_LC_8	362.2674
pcb_LC_9	364.1892
pcb_LC_10	365.1037
pcb_LC_11	365.4800
pcb_LC_12	365.4801
pcb_LC_13	365.1037
pcb_LC_14	364.1895
pcb_LC_15	362.2678
pcb_LC_16	362.2251
pcb_LC_17	364.1119
pcb_LC_18	365.0122
pcb_LC_19	365.3834
pcb_LC_20	365.3831
pcb_LC_21	365.0114
pcb_LC_22	364.1116
pcb_LC_23	362.2254
pcb_LC_24	362.1550
pcb_LC_25	363.6970
pcb_LC_26	364.3839
pcb_LC_27	364.6609
pcb_LC_28	364.6604
pcb_LC_29	364.3830
pcb_LC_30	363.6966
pcb_LC_31	362.1552
solder_LC_0	365.0226
solder_LC_1	365.5975
solder_LC_2	366.0268
solder_LC_3	366.2479
solder_LC_4	366.2494
solder_LC_5	366.0285
solder_LC_6	365.5996
solder_LC_7	365.0230
solder_LC_8	365.3520
solder_LC_9	366.1496
solder_LC_10	366.7102
solder_LC_11	366.9946
solder_LC_12	366.9950
solder_LC_13	366.7101
solder_LC_14	366.1510
solder_LC_15	365.3530
solder_LC_16	365.2595
solder_LC_17	366.0049
solder_LC_18	366.5470
solder_LC_19	366.8250
solder_LC_20	366.8237
solder_LC_21	366.5439
solder_LC_22	366.0038
solder_LC_23	365.2601
solder_LC_24	364.7711
solder_LC_25	365.2294
solder_LC_26	365.6217
solder_LC_27	365.8295
solder_LC_28	365.8281
solder_LC_29	365.6188
solder_LC_30	365.2281
solder_LC_31	364.7716
sub_LC_0	365.2332
sub_LC_1	365.8334
sub_LC_2	366.3008
sub_LC_3	366.5439
sub_LC_4	366.5469
sub_LC_5	366.3034
sub_LC_6	365.8369
sub_LC_7	365.2326
sub_LC_8	365.8185
sub_LC_9	366.6176
sub_LC_10	367.2066
sub_LC_11	367.5067
sub_LC_12	367.5079
sub_LC_13	367.2065
sub_LC_14	366.6204
sub_LC_15	365.8201
sub_LC_16	365.6872
sub_LC_17	366.4415
sub_LC_18	367.0121
sub_LC_19	367.3063
sub_LC_20	367.3040
sub_LC_21	367.0064
sub_LC_22	366.4394
sub_LC_23	365.6880
sub_LC_24	364.8476
sub_LC_25	365.3445
sub_LC_26	365.7768
sub_LC_27	366.0052
sub_LC_28	366.0030
sub_LC_29	365.7725
sub_LC_30	365.3429
sub_LC_31	364.8488
layer_3_LC_0	366.8015
layer_3_LC_1	367.7806
layer_3_LC_2	368.6188
layer_3_LC_3	369.0674
layer_3_LC_4	369.0873
layer_3_LC_5	368.6307
layer_3_LC_6	367.7987
layer_3_LC_7	366.7901
layer_3_LC_8	370.1623
layer_3_LC_9	371.2278
layer_3_LC_10	372.1464
layer_3_LC_11	372.6113
layer_3_LC_12	372.6209
layer_3_LC_13	372.1460
layer_3_LC_14	371.2470
layer_3_LC_15	370.1711
layer_3_LC_16	369.6926
layer_3_LC_17	370.7677
layer_3_LC_18	371.6661
layer_3_LC_19	372.1331
layer_3_LC_20	372.1189
layer_3_LC_21	371.6311
layer_3_LC_22	370.7544
layer_3_LC_23	369.6959
layer_3_LC_24	365.0868
layer_3_LC_25	366.0537
layer_3_LC_26	366.8807
layer_3_LC_27	367.2993
layer_3_LC_28	367.2898
layer_3_LC_29	366.8627
layer_3_LC_30	366.0496
layer_3_LC_31	365.0956
layer_4_TB_0	366.6856
layer_4_TB_1	367.6640
layer_4_TB_2	368.5012
layer_4_TB_3	368.9491
layer_4_TB_4	368.9690
layer_4_TB_5	368.5131
layer_4_TB_6	367.6822
layer_4_TB_7	366.6741
layer_4_TB_8	370.0513
layer_4_TB_9	371.1160
layer_4_TB_10	372.0334
layer_4_TB_11	372.4974
layer_4_TB_12	372.5071
layer_4_TB_13	372.0330
layer_4_TB_14	371.1352
layer_4_TB_15	370.0602
layer_4_TB_16	369.5830
layer_4_TB_17	370.6574
layer_4_TB_18	371.5545
layer_4_TB_19	372.0207
layer_4_TB_20	372.0065
layer_4_TB_21	371.5193
layer_4_TB_22	370.6440
layer_4_TB_23	369.5862
layer_4_TB_24	364.9711
layer_4_TB_25	365.9376
layer_4_TB_26	366.7637
layer_4_TB_27	367.1816
layer_4_TB_28	367.1721
layer_4_TB_29	366.7456
layer_4_TB_30	365.9335
layer_4_TB_31	364.9798
layer_5_B_0	365.5249
layer_5_B_1	366.4980
layer_5_B_2	367.3241
layer_5_B_3	367.7656
layer_5_B_4	367.7859
layer_5_B_5	367.3359
layer_5_B_6	366.5162
layer_5_B_7	365.5130
layer_5_B_8	368.9426
layer_5_B_9	369.9991
layer_5_B_10	370.9038
layer_5_B_11	371.3592
layer_5_B_12	371.3692
layer_5_B_13	370.9035
layer_5_B_14	370.0188
layer_5_B_15	368.9517
layer_5_B_16	368.4871
layer_5_B_17	369.5551
layer_5_B_18	370.4390
layer_5_B_19	370.8979
layer_5_B_20	370.8834
layer_5_B_21	370.4032
layer_5_B_22	369.5412
layer_5_B_23	368.4902
layer_5_B_24	363.8123
layer_5_B_25	364.7753
layer_5_B_26	365.5922
layer_5_B_27	366.0040
layer_5_B_28	365.9947
layer_5_B_29	365.5745
layer_5_B_30	364.7714
layer_5_B_31	363.8212
layer_6_TB_0	365.3299
layer_6_TB_1	366.3031
layer_6_TB_2	367.1281
layer_6_TB_3	367.5683
layer_6_TB_4	367.5879
layer_6_TB_5	367.1394
layer_6_TB_6	366.3208
layer_6_TB_7	365.3184
layer_6_TB_8	368.7174
layer_6_TB_9	369.7738
layer_6_TB_10	370.6768
layer_6_TB_11	371.1315
layer_6_TB_12	371.1412
layer_6_TB_13	370.6764
layer_6_TB_14	369.7930
layer_6_TB_15	368.7262
layer_6_TB_16	368.2641
layer_6_TB_17	369.3315
layer_6_TB_18	370.2143
layer_6_TB_19	370.6721
layer_6_TB_20	370.6581
layer_6_TB_21	370.1794
layer_6_TB_22	369.3180
layer_6_TB_23	368.2671
layer_6_TB_24	363.6306
layer_6_TB_25	364.5936
layer_6_TB_26	365.4092
layer_6_TB_27	365.8204
layer_6_TB_28	365.8112
layer_6_TB_29	365.3917
layer_6_TB_30	364.5896
layer_6_TB_31	363.6392
layer_7_B_32	363.3795
layer_7_B_33	364.3532
layer_7_B_34	365.1679
layer_7_B_35	365.5945
layer_7_B_36	365.6080
layer_7_B_37	365.1738
layer_7_B_38	364.3660
layer_7_B_39	363.3722
layer_7_B_40	366.4662
layer_7_B_41	367.5220
layer_7_B_42	368.4083
layer_7_B_43	368.8555
layer_7_B_44	368.8626
layer_7_B_45	368.4065
layer_7_B_46	367.5357
layer_7_B_47	366.4720
layer_7_B_48	366.0353
layer_7_B_49	367.0964
layer_7_B_50	367.9676
layer_7_B_51	368.4152
layer_7_B_52	368.4056
layer_7_B_53	367.9431
layer_7_B_54	367.0871
layer_7_B_55	366.0364
layer_7_B_56	361.8126
layer_7_B_57	362.7759
layer_7_B_58	363.5783
layer_7_B_59	363.9826
layer_7_B_60	363.9754
layer_7_B_61	363.5630
layer_7_B_62	362.7707
layer_7_B_63	361.8180
layer_8_TB_0	363.1377
layer_8_TB_1	364.1119
layer_8_TB_2	364.9252
layer_8_TB_3	365.3502
layer_8_TB_4	365.3632
layer_8_TB_5	364.9306
layer_8_TB_6	364.1242
layer_8_TB_7	363.1308
layer_8_TB_8	366.2007
layer_8_TB_9	367.2571
layer_8_TB_10	368.1416
layer_8_TB_11	368.5878
layer_8_TB_12	368.5947
layer_8_TB_13	368.1396
layer_8_TB_14	367.2702
layer_8_TB_15	366.2062
layer_8_TB_16	365.7729
layer_8_TB_17	366.8341
layer_8_TB_18	367.7039
layer_8_TB_19	368.1503
layer_8_TB_20	368.1411
layer_8_TB_21	367.6803
layer_8_TB_22	366.8251
layer_8_TB_23	365.7738
layer_8_TB_24	361.5834
layer_8_TB_25	362.5472
layer_8_TB_26	363.3480
layer_8_TB_27	363.7514
layer_8_TB_28	363.7443
layer_8_TB_29	363.3329
layer_8_TB_30	362.5419
layer_8_TB_31	361.5886
layer_9_B_64	360.7185
layer_9_B_65	361.6975
layer_9_B_66	362.4976
layer_9_B_67	362.9072
layer_9_B_68	362.9144
layer_9_B_69	362.4977
layer_9_B_70	361.7050
layer_9_B_71	360.7154
layer_9_B_72	363.5463
layer_9_B_73	364.6085
layer_9_B_74	365.4754
layer_9_B_75	365.9120
layer_9_B_76	365.9165
layer_9_B_77	365.4719
layer_9_B_78	364.6166
layer_9_B_79	363.5491
layer_9_B_80	363.1492
layer_9_B_81	364.2111
layer_9_B_82	365.0676
layer_9_B_83	365.5024
layer_9_B_84	365.4973
layer_9_B_85	365.0537
layer_9_B_86	364.2059
layer_9_B_87	363.1481
layer_9_B_88	359.2908
layer_9_B_89	360.2590
layer_9_B_90	361.0441
layer_9_B_91	361.4384
layer_9_B_92	361.4333
layer_9_B_93	361.0313
layer_9_B_94	360.2526
layer_9_B_95	359.2929
layer_10_TB_0	360.4314
layer_10_TB_1	361.4114
layer_10_TB_2	362.2099
layer_10_TB_3	362.6177
layer_10_TB_4	362.6243
layer_10_TB_5	362.2093
layer_10_TB_6	361.4184
layer_10_TB_7	360.4286
layer_10_TB_8	363.2415
layer_10_TB_9	364.3050
layer_10_TB_10	365.1699
layer_10_TB_11	365.6054
layer_10_TB_12	365.6097
layer_10_TB_13	365.1663
layer_10_TB_14	364.3125
layer_10_TB_15	363.2441
layer_10_TB_16	362.8482
layer_10_TB_17	363.9108
layer_10_TB_18	364.7659
layer_10_TB_19	365.1994
layer_10_TB_20	365.1947
layer_10_TB_21	364.7529
layer_10_TB_22	363.9060
layer_10_TB_23	362.8469
layer_10_TB_24	359.0158
layer_10_TB_25	359.9849
layer_10_TB_26	360.7682
layer_10_TB_27	361.1614
layer_10_TB_28	361.1564
layer_10_TB_29	360.7557
layer_10_TB_30	359.9784
layer_10_TB_31	359.0176
layer_11_B_96	357.5595
layer_11_B_97	358.5489
layer_11_B_98	359.3316
layer_11_B_99	359.7218
layer_11_B_100	359.7228
layer_11_B_101	359.3256
layer_11_B_102	358.5513
layer_11_B_103	357.5604
layer_11_B_104	360.1942
layer_11_B_105	361.2701
layer_11_B_106	362.1161
layer_11_B_107	362.5401
layer_11_B_108	362.5424
layer_11_B_109	362.1110
layer_11_B_110	361.2729
layer_11_B_111	360.1941
layer_11_B_112	359.8387
layer_11_B_113	360.9091
layer_11_B_114	361.7493
layer_11_B_115	362.1696
layer_11_B_116	362.1689
layer_11_B_117	361.7456
layer_11_B_118	360.9080
layer_11_B_119	359.8355
layer_11_B_120	356.2652
layer_11_B_121	357.2433
layer_11_B_122	358.0083
layer_11_B_123	358.3901
layer_11_B_124	358.3871
layer_11_B_125	357.9980
layer_11_B_126	357.2356
layer_11_B_127	356.2642
layer_12_TB_0	357.2288
layer_12_TB_1	358.2197
layer_12_TB_2	359.0005
layer_12_TB_3	359.3887
layer_12_TB_4	359.3891
layer_12_TB_5	358.9939
layer_12_TB_6	358.2215
layer_12_TB_7	357.2300
layer_12_TB_8	359.8514
layer_12_TB_9	360.9293
layer_12_TB_10	361.7732
layer_12_TB_11	362.1960
layer_12_TB_12	362.1980
layer_12_TB_13	361.7680
layer_12_TB_14	360.9317
layer_12_TB_15	359.8510
layer_12_TB_16	359.5004
layer_12_TB_17	360.5723
layer_12_TB_18	361.4108
layer_12_TB_19	361.8297
layer_12_TB_20	361.8294
layer_12_TB_21	361.4081
layer_12_TB_22	360.5715
layer_12_TB_23	359.4970
layer_12_TB_24	355.9462
layer_12_TB_25	356.9256
layer_12_TB_26	357.6885
layer_12_TB_27	358.0690
layer_12_TB_28	358.0661
layer_12_TB_29	357.6784
layer_12_TB_30	356.9179
layer_12_TB_31	355.9448
layer_13_B_128	353.9210
layer_13_B_129	354.9264
layer_13_B_130	355.6887
layer_13_B_131	356.0570
layer_13_B_132	356.0519
layer_13_B_133	355.6764
layer_13_B_134	354.9236
layer_13_B_135	353.9260
layer_13_B_136	356.4242
layer_13_B_137	357.5219
layer_13_B_138	358.3452
layer_13_B_139	358.7549
layer_13_B_140	358.7551
layer_13_B_141	358.3384
layer_13_B_142	357.5196
layer_13_B_143	356.4212
layer_13_B_144	356.1180
layer_13_B_145	357.2047
layer_13_B_146	358.0268
layer_13_B_147	358.4310
layer_13_B_148	358.4346
layer_13_B_149	358.0336
layer_13_B_150	357.2078
layer_13_B_151	356.1124
layer_13_B_152	352.7547
layer_13_B_153	353.7482
layer_13_B_154	354.4899
layer_13_B_155	354.8569
layer_13_B_156	354.8560
layer_13_B_157	354.4819
layer_13_B_158	353.7392
layer_13_B_159	352.7506
layer_14_TB_0	353.5181
layer_14_TB_1	354.5253
layer_14_TB_2	355.2849
layer_14_TB_3	355.6517
layer_14_TB_4	355.6467
layer_14_TB_5	355.2729
layer_14_TB_6	354.5225
layer_14_TB_7	353.5229
layer_14_TB_8	355.9713
layer_14_TB_9	357.0717
layer_14_TB_10	357.8929
layer_14_TB_11	358.3011
layer_14_TB_12	358.3012
layer_14_TB_13	357.8863
layer_14_TB_14	357.0695
layer_14_TB_15	355.9683
layer_14_TB_16	355.6706
layer_14_TB_17	356.7602
layer_14_TB_18	357.5801
layer_14_TB_19	357.9828
layer_14_TB_20	357.9864
layer_14_TB_21	357.5867
layer_14_TB_22	356.7631
layer_14_TB_23	355.6651
layer_14_TB_24	352.3763
layer_14_TB_25	353.3715
layer_14_TB_26	354.1110
layer_14_TB_27	354.4764
layer_14_TB_28	354.4755
layer_14_TB_29	354.1032
layer_14_TB_30	353.3628
layer_14_TB_31	352.3723
layer_15_B_160	349.4882
layer_15_B_161	350.5136
layer_15_B_162	351.2468
layer_15_B_163	351.5983
layer_15_B_164	351.5944
layer_15_B_165	351.2376
layer_15_B_166	350.5113
layer_15_B_167	349.4917
layer_15_B_168	351.4424
layer_15_B_169	352.5705
layer_15_B_170	353.3708
layer_15_B_171	353.7629
layer_15_B_172	353.7629
layer_15_B_173	353.3657
layer_15_B_174	352.5687
layer_15_B_175	351.4401
layer_15_B_176	351.1967
layer_15_B_177	352.3155
layer_15_B_178	353.1140
layer_15_B_179	353.5019
layer_15_B_180	353.5045
layer_15_B_181	353.1186
layer_15_B_182	352.3174
layer_15_B_183	351.1924
layer_15_B_184	348.5915
layer_15_B_185	349.6045
layer_15_B_186	350.3213
layer_15_B_187	350.6712
layer_15_B_188	350.6705
layer_15_B_189	350.3155
layer_15_B_190	349.5977
layer_15_B_191	348.5882
layer_16_TB_0	349.0461
layer_16_TB_1	350.0739
layer_16_TB_2	350.8042
layer_16_TB_3	351.1539
layer_16_TB_4	351.1502
layer_16_TB_5	350.7953
layer_16_TB_6	350.0718
layer_16_TB_7	349.0496
layer_16_TB_8	350.9545
layer_16_TB_9	352.0862
layer_16_TB_10	352.8842
layer_16_TB_11	353.2745
layer_16_TB_12	353.2745
layer_16_TB_13	352.8793
layer_16_TB_14	352.0845
layer_16_TB_15	350.9522
layer_16_TB_16	350.7147
layer_16_TB_17	351.8373
layer_16_TB_18	352.6334
layer_16_TB_19	353.0197
layer_16_TB_20	353.0222
layer_16_TB_21	352.6379
layer_16_TB_22	351.8391
layer_16_TB_23	350.7106
layer_16_TB_24	348.1736
layer_16_TB_25	349.1890
layer_16_TB_26	349.9032
layer_16_TB_27	350.2513
layer_16_TB_28	350.2506
layer_16_TB_29	349.8975
layer_16_TB_30	349.1824
layer_16_TB_31	348.1704
layer_17_B_192	344.6253
layer_17_B_193	345.6772
layer_17_B_194	346.3780
layer_17_B_195	346.7102
layer_17_B_196	346.7075
layer_17_B_197	346.3717
layer_17_B_198	345.6756
layer_17_B_199	344.6275
layer_17_B_200	346.0755
layer_17_B_201	347.2437
layer_17_B_202	348.0185
layer_17_B_203	348.3913
layer_17_B_204	348.3912
layer_17_B_205	348.0150
layer_17_B_206	347.2424
layer_17_B_207	346.0738
layer_17_B_208	345.8955
layer_17_B_209	347.0558
layer_17_B_210	347.8284
layer_17_B_211	348.1984
layer_17_B_212	348.2000
layer_17_B_213	347.8313
layer_17_B_214	347.0568
layer_17_B_215	345.8925
layer_17_B_216	343.9941
layer_17_B_217	345.0333
layer_17_B_218	345.7216
layer_17_B_219	346.0520
layer_17_B_220	346.0515
layer_17_B_221	345.7176
layer_17_B_222	345.0286
layer_17_B_223	343.9917
layer_18_TB_0	344.1469
layer_18_TB_1	345.2019
layer_18_TB_2	345.8994
layer_18_TB_3	346.2296
layer_18_TB_4	346.2270
layer_18_TB_5	345.8933
layer_18_TB_6	345.2003
layer_18_TB_7	344.1491
layer_18_TB_8	345.5541
layer_18_TB_9	346.7270
layer_18_TB_10	347.4992
layer_18_TB_11	347.8701
layer_18_TB_12	347.8700
layer_18_TB_13	347.4958
layer_18_TB_14	346.7257
layer_18_TB_15	345.5525
layer_18_TB_16	345.3804
layer_18_TB_17	346.5454
layer_18_TB_18	347.3155
layer_18_TB_19	347.6836
layer_18_TB_20	347.6852
layer_18_TB_21	347.3181
layer_18_TB_22	346.5463
layer_18_TB_23	345.3775
layer_18_TB_24	343.5397
layer_18_TB_25	344.5818
layer_18_TB_26	345.2672
layer_18_TB_27	345.5957
layer_18_TB_28	345.5952
layer_18_TB_29	345.2634
layer_18_TB_30	344.5773
layer_18_TB_31	343.5373
layer_19_B_224	339.3628
layer_19_B_225	340.4486
layer_19_B_226	341.1131
layer_19_B_227	341.4236
layer_19_B_228	341.4220
layer_19_B_229	341.1095
layer_19_B_230	340.4476
layer_19_B_231	339.3639
layer_19_B_232	340.3406
layer_19_B_233	341.5598
layer_19_B_234	342.3062
layer_19_B_235	342.6582
layer_19_B_236	342.6580
layer_19_B_237	342.3042
layer_19_B_238	341.5589
layer_19_B_239	340.3396
layer_19_B_240	340.2297
layer_19_B_241	341.4419
layer_19_B_242	342.1862
layer_19_B_243	342.5363
layer_19_B_244	342.5372
layer_19_B_245	342.1875
layer_19_B_246	341.4422
layer_19_B_247	340.2279
layer_19_B_248	338.9945
layer_19_B_249	340.0670
layer_19_B_250	340.7228
layer_19_B_251	341.0316
layer_19_B_252	341.0313
layer_19_B_253	340.7205
layer_19_B_254	340.0644
layer_19_B_255	338.9930
layer_20_TB_0	338.8509
layer_20_TB_1	339.9405
layer_20_TB_2	340.6013
layer_20_TB_3	340.9096
layer_20_TB_4	340.9082
layer_20_TB_5	340.5979
layer_20_TB_6	339.9395
layer_20_TB_7	338.8518
layer_20_TB_8	339.7875
layer_20_TB_9	341.0124
layer_20_TB_10	341.7559
layer_20_TB_11	342.1058
layer_20_TB_12	342.1057
layer_20_TB_13	341.7540
layer_20_TB_14	341.0115
layer_20_TB_15	339.7865
layer_20_TB_16	339.6830
layer_20_TB_17	340.9010
layer_20_TB_18	341.6424
layer_20_TB_19	341.9906
layer_20_TB_20	341.9914
layer_20_TB_21	341.6435
layer_20_TB_22	340.9013
layer_20_TB_23	339.6813
layer_20_TB_24	338.5064
layer_20_TB_25	339.5827
layer_20_TB_26	340.2350
layer_20_TB_27	340.5417
layer_20_TB_28	340.5414
layer_20_TB_29	340.2329
layer_20_TB_30	339.5802
layer_20_TB_31	338.5049
hsp_TB_0	333.7315
hsp_TB_1	334.8595
hsp_TB_2	335.4832
hsp_TB_3	335.7697
hsp_TB_4	335.7693
hsp_TB_5	335.4823
hsp_TB_6	334.8590
hsp_TB_7	333.7314
hsp_TB_8	334.2562
hsp_TB_9	335.5383
hsp_TB_10	336.2530
hsp_TB_11	336.5826
hsp_TB_12	336.5825
hsp_TB_13	336.2524
hsp_TB_14	335.5379
hsp_TB_15	334.2558
hsp_TB_16	334.2160
hsp_TB_17	335.4921
hsp_TB_18	336.2047
hsp_TB_19	336.5335
hsp_TB_20	336.5335
hsp_TB_21	336.2046
hsp_TB_22	335.4918
hsp_TB_23	334.2154
hsp_TB_24	333.6247
hsp_TB_25	334.7387
hsp_TB_26	335.3573
hsp_TB_27	335.6423
hsp_TB_28	335.6421
hsp_TB_29	335.3567
hsp_TB_30	334.7379
hsp_TB_31	333.6241
hsink_TB_0	331.8236
hsink_TB_1	332.7838
hsink_TB_2	333.3651
hsink_TB_3	333.6382
hsink_TB_4	333.6381
hsink_TB_5	333.3648
hsink_TB_6	332.7836
hsink_TB_7	331.8234
hsink_TB_8	332.1518
hsink_TB_9	333.2492
hsink_TB_10	333.9190
hsink_TB_11	334.2346
hsink_TB_12	334.2345
hsink_TB_13	333.9187
hsink_TB_14	333.2490
hsink_TB_15	332.1515
hsink_TB_16	332.1375
hsink_TB_17	333.2314
hsink_TB_18	333.8995
hsink_TB_19	334.2146
hsink_TB_20	334.2145
hsink_TB_21	333.8994
hsink_TB_22	333.2311
hsink_TB_23	332.1372
hsink_TB_24	331.7881
hsink_TB_25	332.7402
hsink_TB_26	333.3181
hsink_TB_27	333.5900
hsink_TB_28	333.5899
hsink_TB_29	333.3179
hsink_TB_30	332.7399
hsink_TB_31	331.7878
inode_0	329.0536
inode_1	329.0533
inode_2	329.7423
inode_3	329.7879
inode_4	329.0046
inode_5	329.0043
inode_6	329.7033
inode_7	329.7483
inode_8	327.4815
inode_9	327.4813
inode_10	327.8720
inode_11	327.9098
inode_12	364.7615
inode_13	364.7620
inode_14	364.0094
inode_15	364.3682
inode_16	364.7345
inode_17	364.7351
inode_18	364.0030
inode_19	364.3609
inode_20	359.7720
inode_21	359.7723
inode_22	362.6777
inode_23	362.9879
inode_24	345.9176
inode_25	345.9178
inode_26	346.0921
inode_27	346.2868
