pcb_C_0	328.7118
pcb_C_1	329.4820
pcb_C_2	329.8638
pcb_C_3	330.0220
pcb_C_4	330.0211
pcb_C_5	329.8624
pcb_C_6	329.4825
pcb_C_7	328.7143
pcb_C_8	328.4332
pcb_C_9	329.1256
pcb_C_10	329.5090
pcb_C_11	329.6829
pcb_C_12	329.6824
pcb_C_13	329.5082
pcb_C_14	329.1260
pcb_C_15	328.4350
pcb_C_16	327.9272
pcb_C_17	328.2463
pcb_C_18	328.4908
pcb_C_19	328.6214
pcb_C_20	328.6212
pcb_C_21	328.4907
pcb_C_22	328.2468
pcb_C_23	327.9286
pcb_C_24	327.5490
pcb_C_25	327.5706
pcb_C_26	327.6778
pcb_C_27	327.7521
pcb_C_28	327.7521
pcb_C_29	327.6779
pcb_C_30	327.5711
pcb_C_31	327.5502
solder_C_0	329.0642
solder_C_1	329.7774
solder_C_2	330.1981
solder_C_3	330.3672
solder_C_4	330.3655
solder_C_5	330.1952
solder_C_6	329.7779
solder_C_7	329.0689
solder_C_8	328.8282
solder_C_9	329.4664
solder_C_10	329.8640
solder_C_11	330.0466
solder_C_12	330.0458
solder_C_13	329.8629
solder_C_14	329.4665
solder_C_15	328.8304
solder_C_16	327.9592
solder_C_17	328.1856
solder_C_18	328.4416
solder_C_19	328.5820
solder_C_20	328.5818
solder_C_21	328.4415
solder_C_22	328.1860
solder_C_23	327.9607
solder_C_24	327.4800
solder_C_25	327.4050
solder_C_26	327.5254
solder_C_27	327.6102
solder_C_28	327.6102
solder_C_29	327.5255
solder_C_30	327.4054
solder_C_31	327.4812
sub_C_0	329.1385
sub_C_1	329.8571
sub_C_2	330.3043
sub_C_3	330.4764
sub_C_4	330.4742
sub_C_5	330.3005
sub_C_6	329.8576
sub_C_7	329.1447
sub_C_8	328.9658
sub_C_9	329.6160
sub_C_10	330.0206
sub_C_11	330.2058
sub_C_12	330.2050
sub_C_13	330.0195
sub_C_14	329.6161
sub_C_15	328.9678
sub_C_16	327.8563
sub_C_17	328.1176
sub_C_18	328.3848
sub_C_19	328.5287
sub_C_20	328.5285
sub_C_21	328.3846
sub_C_22	328.1180
sub_C_23	327.8577
sub_C_24	327.3531
sub_C_25	327.3235
sub_C_26	327.4574
sub_C_27	327.5467
sub_C_28	327.5467
sub_C_29	327.4575
sub_C_30	327.3239
sub_C_31	327.3543
layer_3_C_0	329.7797
layer_3_C_1	330.6076
layer_3_C_2	331.3128
layer_3_C_3	331.5078
layer_3_C_4	331.5011
layer_3_C_5	331.3006
layer_3_C_6	330.6080
layer_3_C_7	329.8002
layer_3_C_8	330.3049
layer_3_C_9	331.1272
layer_3_C_10	331.5967
layer_3_C_11	331.8056
layer_3_C_12	331.8044
layer_3_C_13	331.5956
layer_3_C_14	331.1258
layer_3_C_15	330.3055
layer_3_C_16	326.8045
layer_3_C_17	327.4094
layer_3_C_18	327.7861
layer_3_C_19	327.9645
layer_3_C_20	327.9644
layer_3_C_21	327.7860
layer_3_C_22	327.4097
layer_3_C_23	326.8055
layer_3_C_24	326.1386
layer_3_C_25	326.5206
layer_3_C_26	326.7841
layer_3_C_27	326.9147
layer_3_C_28	326.9146
layer_3_C_29	326.7841
layer_3_C_30	326.5209
layer_3_C_31	326.1393
layer_4_TB_0	329.6227
layer_4_TB_1	330.4493
layer_4_TB_2	331.1368
layer_4_TB_3	331.3319
layer_4_TB_4	331.3256
layer_4_TB_5	331.1253
layer_4_TB_6	330.4498
layer_4_TB_7	329.6419
layer_4_TB_8	330.1019
layer_4_TB_9	330.9246
layer_4_TB_10	331.3941
layer_4_TB_11	331.6030
layer_4_TB_12	331.6018
layer_4_TB_13	331.3929
layer_4_TB_14	330.9234
layer_4_TB_15	330.1026
layer_4_TB_16	326.8021
layer_4_TB_17	327.4075
layer_4_TB_18	327.7843
layer_4_TB_19	327.9628
layer_4_TB_20	327.9627
layer_4_TB_21	327.7842
layer_4_TB_22	327.4079
layer_4_TB_23	326.8031
layer_4_TB_24	326.1371
layer_4_TB_25	326.5196
layer_4_TB_26	326.7832
layer_4_TB_27	326.9138
layer_4_TB_28	326.9138
layer_4_TB_29	326.7833
layer_4_TB_30	326.5200
layer_4_TB_31	326.1379
hsp_TB_0	328.0521
hsp_TB_1	328.8670
hsp_TB_2	329.3768
hsp_TB_3	329.5730
hsp_TB_4	329.5707
hsp_TB_5	329.3728
hsp_TB_6	328.8676
hsp_TB_7	328.0592
hsp_TB_8	328.0725
hsp_TB_9	328.8990
hsp_TB_10	329.3678
hsp_TB_11	329.5765
hsp_TB_12	329.5758
hsp_TB_13	329.3668
hsp_TB_14	328.8990
hsp_TB_15	328.0742
hsp_TB_16	326.7780
hsp_TB_17	327.3887
hsp_TB_18	327.7665
hsp_TB_19	327.9454
hsp_TB_20	327.9452
hsp_TB_21	327.7664
hsp_TB_22	327.3890
hsp_TB_23	326.7790
hsp_TB_24	326.1228
hsp_TB_25	326.5100
hsp_TB_26	326.7747
hsp_TB_27	326.9056
hsp_TB_28	326.9056
hsp_TB_29	326.7748
hsp_TB_30	326.5103
hsp_TB_31	326.1236
hsink_TB_0	327.3940
hsink_TB_1	328.1716
hsink_TB_2	328.6189
hsink_TB_3	328.8118
hsink_TB_4	328.8109
hsink_TB_5	328.6174
hsink_TB_6	328.1721
hsink_TB_7	327.3970
hsink_TB_8	327.3185
hsink_TB_9	328.1135
hsink_TB_10	328.5740
hsink_TB_11	328.7818
hsink_TB_12	328.7814
hsink_TB_13	328.5733
hsink_TB_14	328.1139
hsink_TB_15	327.3202
hsink_TB_16	326.6846
hsink_TB_17	327.2909
hsink_TB_18	327.6683
hsink_TB_19	327.8471
hsink_TB_20	327.8470
hsink_TB_21	327.6682
hsink_TB_22	327.2912
hsink_TB_23	326.6856
hsink_TB_24	326.1082
hsink_TB_25	326.4967
hsink_TB_26	326.7617
hsink_TB_27	326.8927
hsink_TB_28	326.8927
hsink_TB_29	326.7618
hsink_TB_30	326.4971
hsink_TB_31	326.1089
inode_0	325.5044
inode_1	325.5059
inode_2	324.8947
inode_3	326.4174
inode_4	325.4881
inode_5	325.4895
inode_6	324.8865
inode_7	326.4041
inode_8	324.8274
inode_9	324.8287
inode_10	324.1115
inode_11	325.4545
inode_12	328.2499
inode_13	328.2522
inode_14	327.1943
inode_15	329.4910
inode_16	328.2475
inode_17	328.2498
inode_18	327.1941
inode_19	329.4902
inode_20	327.6097
inode_21	327.6115
inode_22	327.1317
inode_23	329.3732
inode_24	325.4010
inode_25	325.4024
inode_26	324.5801
inode_27	326.1848
