pcb_LC_0	348.5522
pcb_LC_1	349.6676
pcb_LC_2	350.1537
pcb_LC_3	350.3466
pcb_LC_4	350.3471
pcb_LC_5	350.1542
pcb_LC_6	349.6685
pcb_LC_7	348.5529
pcb_LC_8	348.5028
pcb_LC_9	349.8045
pcb_LC_10	350.4203
pcb_LC_11	350.6722
pcb_LC_12	350.6726
pcb_LC_13	350.4208
pcb_LC_14	349.8054
pcb_LC_15	348.5036
pcb_LC_16	348.4779
pcb_LC_17	349.7587
pcb_LC_18	350.3659
pcb_LC_19	350.6148
pcb_LC_20	350.6151
pcb_LC_21	350.3664
pcb_LC_22	349.7594
pcb_LC_23	348.4786
pcb_LC_24	348.4777
pcb_LC_25	349.5467
pcb_LC_26	350.0156
pcb_LC_27	350.2027
pcb_LC_28	350.2028
pcb_LC_29	350.0159
pcb_LC_30	349.5471
pcb_LC_31	348.4783
solder_LC_0	350.4925
solder_LC_1	350.8967
solder_LC_2	351.1817
solder_LC_3	351.3252
solder_LC_4	351.3278
solder_LC_5	351.1819
solder_LC_6	350.8993
solder_LC_7	350.4936
solder_LC_8	350.5389
solder_LC_9	351.0364
solder_LC_10	351.3957
solder_LC_11	351.5786
solder_LC_12	351.5799
solder_LC_13	351.3964
solder_LC_14	351.0382
solder_LC_15	350.5400
solder_LC_16	350.4849
solder_LC_17	350.9509
solder_LC_18	351.2989
solder_LC_19	351.4781
solder_LC_20	351.4786
solder_LC_21	351.2995
solder_LC_22	350.9519
solder_LC_23	350.4858
solder_LC_24	350.3447
solder_LC_25	350.6786
solder_LC_26	350.9403
solder_LC_27	351.0765
solder_LC_28	351.0767
solder_LC_29	350.9407
solder_LC_30	350.6792
solder_LC_31	350.3454
sub_LC_0	350.7478
sub_LC_1	351.1651
sub_LC_2	351.4738
sub_LC_3	351.6293
sub_LC_4	351.6354
sub_LC_5	351.4724
sub_LC_6	351.1700
sub_LC_7	350.7487
sub_LC_8	350.7480
sub_LC_9	351.2466
sub_LC_10	351.6217
sub_LC_11	351.8132
sub_LC_12	351.8154
sub_LC_13	351.6220
sub_LC_14	351.2490
sub_LC_15	350.7492
sub_LC_16	350.6724
sub_LC_17	351.1428
sub_LC_18	351.5068
sub_LC_19	351.6949
sub_LC_20	351.6955
sub_LC_21	351.5074
sub_LC_22	351.1438
sub_LC_23	350.6733
sub_LC_24	350.5219
sub_LC_25	350.8755
sub_LC_26	351.1605
sub_LC_27	351.3092
sub_LC_28	351.3094
sub_LC_29	351.1609
sub_LC_30	350.8761
sub_LC_31	350.5226
layer_3_LC_0	353.0374
layer_3_LC_1	353.6763
layer_3_LC_2	354.2188
layer_3_LC_3	354.4818
layer_3_LC_4	354.5291
layer_3_LC_5	354.1967
layer_3_LC_6	353.7067
layer_3_LC_7	353.0356
layer_3_LC_8	352.5371
layer_3_LC_9	353.2072
layer_3_LC_10	353.7685
layer_3_LC_11	354.0533
layer_3_LC_12	354.0631
layer_3_LC_13	353.7655
layer_3_LC_14	353.2145
layer_3_LC_15	352.5383
layer_3_LC_16	352.2752
layer_3_LC_17	352.9379
layer_3_LC_18	353.4917
layer_3_LC_19	353.7750
layer_3_LC_20	353.7763
layer_3_LC_21	353.4919
layer_3_LC_22	352.9393
layer_3_LC_23	352.2760
layer_3_LC_24	352.0380
layer_3_LC_25	352.6535
layer_3_LC_26	353.1692
layer_3_LC_27	353.4335
layer_3_LC_28	353.4338
layer_3_LC_29	353.1695
layer_3_LC_30	352.6540
layer_3_LC_31	352.0384
layer_4_TB_0	352.9463
layer_4_TB_1	353.5855
layer_4_TB_2	354.1277
layer_4_TB_3	354.3905
layer_4_TB_4	354.4379
layer_4_TB_5	354.1055
layer_4_TB_6	353.6159
layer_4_TB_7	352.9445
layer_4_TB_8	352.4450
layer_4_TB_9	353.1153
layer_4_TB_10	353.6764
layer_4_TB_11	353.9610
layer_4_TB_12	353.9708
layer_4_TB_13	353.6734
layer_4_TB_14	353.1226
layer_4_TB_15	352.4462
layer_4_TB_16	352.1837
layer_4_TB_17	352.8466
layer_4_TB_18	353.4001
layer_4_TB_19	353.6833
layer_4_TB_20	353.6846
layer_4_TB_21	353.4004
layer_4_TB_22	352.8480
layer_4_TB_23	352.1845
layer_4_TB_24	351.9464
layer_4_TB_25	352.5621
layer_4_TB_26	353.0776
layer_4_TB_27	353.3417
layer_4_TB_28	353.3420
layer_4_TB_29	353.0779
layer_4_TB_30	352.5626
layer_4_TB_31	351.9468
layer_5_B_0	352.0363
layer_5_B_1	352.6770
layer_5_B_2	353.2172
layer_5_B_3	353.4773
layer_5_B_4	353.5266
layer_5_B_5	353.1937
layer_5_B_6	352.7084
layer_5_B_7	352.0341
layer_5_B_8	351.5240
layer_5_B_9	352.1963
layer_5_B_10	352.7549
layer_5_B_11	353.0377
layer_5_B_12	353.0473
layer_5_B_13	352.7520
layer_5_B_14	352.2034
layer_5_B_15	351.5252
layer_5_B_16	351.2680
layer_5_B_17	351.9333
layer_5_B_18	352.4846
layer_5_B_19	352.7660
layer_5_B_20	352.7673
layer_5_B_21	352.4849
layer_5_B_22	351.9346
layer_5_B_23	351.2688
layer_5_B_24	351.0301
layer_5_B_25	351.6480
layer_5_B_26	352.1615
layer_5_B_27	352.4239
layer_5_B_28	352.4241
layer_5_B_29	352.1617
layer_5_B_30	351.6485
layer_5_B_31	351.0306
layer_6_TB_0	351.8999
layer_6_TB_1	352.5409
layer_6_TB_2	353.0806
layer_6_TB_3	353.3405
layer_6_TB_4	353.3893
layer_6_TB_5	353.0574
layer_6_TB_6	352.5720
layer_6_TB_7	351.8979
layer_6_TB_8	351.3942
layer_6_TB_9	352.0671
layer_6_TB_10	352.6254
layer_6_TB_11	352.9079
layer_6_TB_12	352.9174
layer_6_TB_13	352.6225
layer_6_TB_14	352.0741
layer_6_TB_15	351.3954
layer_6_TB_16	351.1394
layer_6_TB_17	351.8052
layer_6_TB_18	352.3563
layer_6_TB_19	352.6374
layer_6_TB_20	352.6386
layer_6_TB_21	352.3565
layer_6_TB_22	351.8066
layer_6_TB_23	351.1401
layer_6_TB_24	350.9013
layer_6_TB_25	351.5197
layer_6_TB_26	352.0328
layer_6_TB_27	352.2949
layer_6_TB_28	352.2952
layer_6_TB_29	352.0330
layer_6_TB_30	351.5202
layer_6_TB_31	350.9017
layer_7_B_32	350.5361
layer_7_B_33	351.1803
layer_7_B_34	351.7152
layer_7_B_35	351.9721
layer_7_B_36	352.0160
layer_7_B_37	351.6945
layer_7_B_38	351.2082
layer_7_B_39	350.5351
layer_7_B_40	350.0958
layer_7_B_41	350.7749
layer_7_B_42	351.3299
layer_7_B_43	351.6095
layer_7_B_44	351.6186
layer_7_B_45	351.3271
layer_7_B_46	350.7816
layer_7_B_47	350.0969
layer_7_B_48	349.8524
layer_7_B_49	350.5249
layer_7_B_50	351.0730
layer_7_B_51	351.3514
layer_7_B_52	351.3526
layer_7_B_53	351.0733
layer_7_B_54	350.5262
layer_7_B_55	349.8532
layer_7_B_56	349.6127
layer_7_B_57	350.2364
layer_7_B_58	350.7460
layer_7_B_59	351.0051
layer_7_B_60	351.0054
layer_7_B_61	350.7462
layer_7_B_62	350.2368
layer_7_B_63	349.6131
layer_8_TB_0	350.3635
layer_8_TB_1	351.0084
layer_8_TB_2	351.5427
layer_8_TB_3	351.7991
layer_8_TB_4	351.8426
layer_8_TB_5	351.5221
layer_8_TB_6	351.0360
layer_8_TB_7	350.3625
layer_8_TB_8	349.9289
layer_8_TB_9	350.6091
layer_8_TB_10	351.1637
layer_8_TB_11	351.4429
layer_8_TB_12	351.4520
layer_8_TB_13	351.1609
layer_8_TB_14	350.6157
layer_8_TB_15	349.9301
layer_8_TB_16	349.6873
layer_8_TB_17	350.3608
layer_8_TB_18	350.9086
layer_8_TB_19	351.1865
layer_8_TB_20	351.1877
layer_8_TB_21	350.9088
layer_8_TB_22	350.3621
layer_8_TB_23	349.6880
layer_8_TB_24	349.4473
layer_8_TB_25	350.0717
layer_8_TB_26	350.5808
layer_8_TB_27	350.8396
layer_8_TB_28	350.8398
layer_8_TB_29	350.5811
layer_8_TB_30	350.0722
layer_8_TB_31	349.4477
layer_9_B_64	348.6373
layer_9_B_65	349.2888
layer_9_B_66	349.8172
layer_9_B_67	350.0687
layer_9_B_68	350.1089
layer_9_B_69	349.7980
layer_9_B_70	349.3140
layer_9_B_71	348.6371
layer_9_B_72	348.2603
layer_9_B_73	348.9510
layer_9_B_74	349.5015
layer_9_B_75	349.7768
layer_9_B_76	349.7852
layer_9_B_77	349.4989
layer_9_B_78	348.9572
layer_9_B_79	348.2614
layer_9_B_80	348.0354
layer_9_B_81	348.7199
layer_9_B_82	349.2639
layer_9_B_83	349.5381
layer_9_B_84	349.5392
layer_9_B_85	349.2641
layer_9_B_86	348.7211
layer_9_B_87	348.0361
layer_9_B_88	347.7925
layer_9_B_89	348.4254
layer_9_B_90	348.9296
layer_9_B_91	349.1841
layer_9_B_92	349.1843
layer_9_B_93	348.9299
layer_9_B_94	348.4259
layer_9_B_95	347.7929
layer_10_TB_0	348.4292
layer_10_TB_1	349.0817
layer_10_TB_2	349.6094
layer_10_TB_3	349.8602
layer_10_TB_4	349.9002
layer_10_TB_5	349.5903
layer_10_TB_6	349.1067
layer_10_TB_7	348.4291
layer_10_TB_8	348.0573
layer_10_TB_9	348.7495
layer_10_TB_10	349.2995
layer_10_TB_11	349.5743
layer_10_TB_12	349.5827
layer_10_TB_13	349.2969
layer_10_TB_14	348.7557
layer_10_TB_15	348.0584
layer_10_TB_16	347.8345
layer_10_TB_17	348.5206
layer_10_TB_18	349.0641
layer_10_TB_19	349.3379
layer_10_TB_20	349.3389
layer_10_TB_21	349.0644
layer_10_TB_22	348.5218
layer_10_TB_23	347.8352
layer_10_TB_24	347.5912
layer_10_TB_25	348.2253
layer_10_TB_26	348.7288
layer_10_TB_27	348.9828
layer_10_TB_28	348.9830
layer_10_TB_29	348.7291
layer_10_TB_30	348.2258
layer_10_TB_31	347.5916
layer_11_B_96	346.3481
layer_11_B_97	347.0107
layer_11_B_98	347.5314
layer_11_B_99	347.7754
layer_11_B_100	347.8134
layer_11_B_101	347.5127
layer_11_B_102	347.0342
layer_11_B_103	346.3485
layer_11_B_104	346.0271
layer_11_B_105	346.7345
layer_11_B_106	347.2793
layer_11_B_107	347.5492
layer_11_B_108	347.5568
layer_11_B_109	347.2770
layer_11_B_110	346.7401
layer_11_B_111	346.0281
layer_11_B_112	345.8257
layer_11_B_113	346.5274
layer_11_B_114	347.0663
layer_11_B_115	347.3353
layer_11_B_116	347.3363
layer_11_B_117	347.0665
layer_11_B_118	346.5285
layer_11_B_119	345.8264
layer_11_B_120	345.5782
layer_11_B_121	346.2241
layer_11_B_122	346.7211
layer_11_B_123	346.9696
layer_11_B_124	346.9698
layer_11_B_125	346.7213
layer_11_B_126	346.2245
layer_11_B_127	345.5785
layer_12_TB_0	346.1055
layer_12_TB_1	346.7694
layer_12_TB_2	347.2892
layer_12_TB_3	347.5324
layer_12_TB_4	347.5704
layer_12_TB_5	347.2705
layer_12_TB_6	346.7928
layer_12_TB_7	346.1059
layer_12_TB_8	345.7889
layer_12_TB_9	346.4983
layer_12_TB_10	347.0425
layer_12_TB_11	347.3118
layer_12_TB_12	347.3193
layer_12_TB_13	347.0402
layer_12_TB_14	346.5039
layer_12_TB_15	345.7899
layer_12_TB_16	345.5901
layer_12_TB_17	346.2939
layer_12_TB_18	346.8322
layer_12_TB_19	347.1006
layer_12_TB_20	347.1016
layer_12_TB_21	346.8324
layer_12_TB_22	346.2950
layer_12_TB_23	345.5907
layer_12_TB_24	345.3420
layer_12_TB_25	345.9894
layer_12_TB_26	346.4856
layer_12_TB_27	346.7334
layer_12_TB_28	346.7336
layer_12_TB_29	346.4859
layer_12_TB_30	345.9898
layer_12_TB_31	345.3424
layer_13_B_128	343.6788
layer_13_B_129	344.3566
layer_13_B_130	344.8681
layer_13_B_131	345.1024
layer_13_B_132	345.1399
layer_13_B_133	344.8487
layer_13_B_134	344.3790
layer_13_B_135	343.6795
layer_13_B_136	343.4068
layer_13_B_137	344.1366
layer_13_B_138	344.6745
layer_13_B_139	344.9379
layer_13_B_140	344.9445
layer_13_B_141	344.6725
layer_13_B_142	344.1414
layer_13_B_143	343.4078
layer_13_B_144	343.2339
layer_13_B_145	343.9584
layer_13_B_146	344.4910
layer_13_B_147	344.7537
layer_13_B_148	344.7546
layer_13_B_149	344.4912
layer_13_B_150	343.9594
layer_13_B_151	343.2345
layer_13_B_152	342.9800
layer_13_B_153	343.6429
layer_13_B_154	344.1309
layer_13_B_155	344.3719
layer_13_B_156	344.3721
layer_13_B_157	344.1311
layer_13_B_158	343.6432
layer_13_B_159	342.9803
layer_14_TB_0	343.3941
layer_14_TB_1	344.0736
layer_14_TB_2	344.5837
layer_14_TB_3	344.8174
layer_14_TB_4	344.8540
layer_14_TB_5	344.5648
layer_14_TB_6	344.0955
layer_14_TB_7	343.3948
layer_14_TB_8	343.1346
layer_14_TB_9	343.8669
layer_14_TB_10	344.4040
layer_14_TB_11	344.6668
layer_14_TB_12	344.6732
layer_14_TB_13	344.4021
layer_14_TB_14	343.8716
layer_14_TB_15	343.1355
layer_14_TB_16	342.9647
layer_14_TB_17	343.6918
layer_14_TB_18	344.2237
layer_14_TB_19	344.4857
layer_14_TB_20	344.4866
layer_14_TB_21	344.2239
layer_14_TB_22	343.6927
layer_14_TB_23	342.9653
layer_14_TB_24	342.7100
layer_14_TB_25	343.3748
layer_14_TB_26	343.8618
layer_14_TB_27	344.1020
layer_14_TB_28	344.1022
layer_14_TB_29	343.8620
layer_14_TB_30	343.3752
layer_14_TB_31	342.7103
layer_15_B_160	340.5469
layer_15_B_161	341.2442
layer_15_B_162	341.7394
layer_15_B_163	341.9674
layer_15_B_164	341.9947
layer_15_B_165	341.7257
layer_15_B_166	341.2607
layer_15_B_167	340.5477
layer_15_B_168	340.4118
layer_15_B_169	341.1699
layer_15_B_170	341.6995
layer_15_B_171	341.9554
layer_15_B_172	341.9606
layer_15_B_173	341.6979
layer_15_B_174	341.1738
layer_15_B_175	340.4127
layer_15_B_176	340.2722
layer_15_B_177	341.0255
layer_15_B_178	341.5506
layer_15_B_179	341.8059
layer_15_B_180	341.8066
layer_15_B_181	341.5508
layer_15_B_182	341.0263
layer_15_B_183	340.2728
layer_15_B_184	340.0099
layer_15_B_185	340.6940
layer_15_B_186	341.1710
layer_15_B_187	341.4031
layer_15_B_188	341.4033
layer_15_B_189	341.1712
layer_15_B_190	340.6944
layer_15_B_191	340.0102
layer_16_TB_0	340.2298
layer_16_TB_1	340.9294
layer_16_TB_2	341.4229
layer_16_TB_3	341.6501
layer_16_TB_4	341.6765
layer_16_TB_5	341.4096
layer_16_TB_6	340.9454
layer_16_TB_7	340.2307
layer_16_TB_8	340.1068
layer_16_TB_9	340.8681
layer_16_TB_10	341.3968
layer_16_TB_11	341.6519
layer_16_TB_12	341.6570
layer_16_TB_13	341.3953
layer_16_TB_14	340.8719
layer_16_TB_15	340.1077
layer_16_TB_16	339.9706
layer_16_TB_17	340.7271
layer_16_TB_18	341.2513
layer_16_TB_19	341.5059
layer_16_TB_20	341.5065
layer_16_TB_21	341.2515
layer_16_TB_22	340.7279
layer_16_TB_23	339.9711
layer_16_TB_24	339.7073
layer_16_TB_25	340.3938
layer_16_TB_26	340.8696
layer_16_TB_27	341.1007
layer_16_TB_28	341.1009
layer_16_TB_29	340.8698
layer_16_TB_30	340.3941
layer_16_TB_31	339.7076
layer_17_B_192	337.0590
layer_17_B_193	337.7808
layer_17_B_194	338.2576
layer_17_B_195	338.4774
layer_17_B_196	338.4954
layer_17_B_197	338.2488
layer_17_B_198	337.7919
layer_17_B_199	337.0598
layer_17_B_200	337.0570
layer_17_B_201	337.8501
layer_17_B_202	338.3697
layer_17_B_203	338.6172
layer_17_B_204	338.6209
layer_17_B_205	338.3687
layer_17_B_206	337.8530
layer_17_B_207	337.0577
layer_17_B_208	336.9542
layer_17_B_209	337.7429
layer_17_B_210	338.2590
layer_17_B_211	338.5058
layer_17_B_212	338.5063
layer_17_B_213	338.2591
layer_17_B_214	337.7436
layer_17_B_215	336.9547
layer_17_B_216	336.6812
layer_17_B_217	337.3913
layer_17_B_218	337.8549
layer_17_B_219	338.0767
layer_17_B_220	338.0768
layer_17_B_221	337.8551
layer_17_B_222	337.3916
layer_17_B_223	336.6814
layer_18_TB_0	336.7108
layer_18_TB_1	337.4353
layer_18_TB_2	337.9103
layer_18_TB_3	338.1291
layer_18_TB_4	338.1464
layer_18_TB_5	337.9019
layer_18_TB_6	337.4460
layer_18_TB_7	336.7116
layer_18_TB_8	336.7208
layer_18_TB_9	337.5178
layer_18_TB_10	338.0363
layer_18_TB_11	338.2829
layer_18_TB_12	338.2865
layer_18_TB_13	338.0353
layer_18_TB_14	337.5205
layer_18_TB_15	336.7215
layer_18_TB_16	336.6215
layer_18_TB_17	337.4141
layer_18_TB_18	337.9292
layer_18_TB_19	338.1752
layer_18_TB_20	338.1757
layer_18_TB_21	337.9294
layer_18_TB_22	337.4148
layer_18_TB_23	336.6220
layer_18_TB_24	336.3473
layer_18_TB_25	337.0602
layer_18_TB_26	337.5224
layer_18_TB_27	337.7431
layer_18_TB_28	337.7433
layer_18_TB_29	337.5226
layer_18_TB_30	337.0605
layer_18_TB_31	336.3475
layer_19_B_224	333.2288
layer_19_B_225	333.9804
layer_19_B_226	334.4365
layer_19_B_227	334.6461
layer_19_B_228	334.6557
layer_19_B_229	334.4321
layer_19_B_230	333.9865
layer_19_B_231	333.2295
layer_19_B_232	333.3585
layer_19_B_233	334.1942
layer_19_B_234	334.7019
layer_19_B_235	334.9398
layer_19_B_236	334.9420
layer_19_B_237	334.7015
layer_19_B_238	334.1960
layer_19_B_239	333.3591
layer_19_B_240	333.2947
layer_19_B_241	334.1263
layer_19_B_242	334.6315
layer_19_B_243	334.8688
layer_19_B_244	334.8691
layer_19_B_245	334.6316
layer_19_B_246	334.1268
layer_19_B_247	333.2951
layer_19_B_248	333.0083
layer_19_B_249	333.7497
layer_19_B_250	334.1973
layer_19_B_251	334.4074
layer_19_B_252	334.4075
layer_19_B_253	334.1975
layer_19_B_254	333.7499
layer_19_B_255	333.0085
layer_20_TB_0	332.8508
layer_20_TB_1	333.6056
layer_20_TB_2	334.0596
layer_20_TB_3	334.2681
layer_20_TB_4	334.2770
layer_20_TB_5	334.0556
layer_20_TB_6	333.6113
layer_20_TB_7	332.8515
layer_20_TB_8	332.9926
layer_20_TB_9	333.8329
layer_20_TB_10	334.3393
layer_20_TB_11	334.5763
layer_20_TB_12	334.5783
layer_20_TB_13	334.3389
layer_20_TB_14	333.8345
layer_20_TB_15	332.9931
layer_20_TB_16	332.9324
layer_20_TB_17	333.7687
layer_20_TB_18	334.2726
layer_20_TB_19	334.5090
layer_20_TB_20	334.5093
layer_20_TB_21	334.2728
layer_20_TB_22	333.7691
layer_20_TB_23	332.9328
layer_20_TB_24	332.6446
layer_20_TB_25	333.3893
layer_20_TB_26	333.8352
layer_20_TB_27	334.0441
layer_20_TB_28	334.0441
layer_20_TB_29	333.8354
layer_20_TB_30	333.3895
layer_20_TB_31	332.6448
hsp_TB_0	329.0710
hsp_TB_1	329.8583
hsp_TB_2	330.2908
hsp_TB_3	330.4886
hsp_TB_4	330.4902
hsp_TB_5	330.2905
hsp_TB_6	329.8596
hsp_TB_7	329.0714
hsp_TB_8	329.3332
hsp_TB_9	330.2199
hsp_TB_10	330.7135
hsp_TB_11	330.9408
hsp_TB_12	330.9414
hsp_TB_13	330.7136
hsp_TB_14	330.2205
hsp_TB_15	329.3336
hsp_TB_16	329.3095
hsp_TB_17	330.1924
hsp_TB_18	330.6845
hsp_TB_19	330.9112
hsp_TB_20	330.9114
hsp_TB_21	330.6847
hsp_TB_22	330.1927
hsp_TB_23	329.3098
hsp_TB_24	329.0070
hsp_TB_25	329.7854
hsp_TB_26	330.2140
hsp_TB_27	330.4109
hsp_TB_28	330.4109
hsp_TB_29	330.2142
hsp_TB_30	329.7856
hsp_TB_31	329.0071
hsink_TB_0	327.6959
hsink_TB_1	328.3654
hsink_TB_2	328.7698
hsink_TB_3	328.9596
hsink_TB_4	328.9598
hsink_TB_5	328.7700
hsink_TB_6	328.3658
hsink_TB_7	327.6962
hsink_TB_8	327.9111
hsink_TB_9	328.6741
hsink_TB_10	329.1394
hsink_TB_11	329.3585
hsink_TB_12	329.3586
hsink_TB_13	329.1396
hsink_TB_14	328.6744
hsink_TB_15	327.9113
hsink_TB_16	327.9025
hsink_TB_17	328.6633
hsink_TB_18	329.1276
hsink_TB_19	329.3463
hsink_TB_20	329.3464
hsink_TB_21	329.1278
hsink_TB_22	328.6636
hsink_TB_23	327.9027
hsink_TB_24	327.6745
hsink_TB_25	328.3391
hsink_TB_26	328.7412
hsink_TB_27	328.9301
hsink_TB_28	328.9302
hsink_TB_29	328.7413
hsink_TB_30	328.3392
hsink_TB_31	327.6747
inode_0	325.7577
inode_1	325.7579
inode_2	326.2548
inode_3	326.2826
inode_4	325.7235
inode_5	325.7237
inode_6	326.2272
inode_7	326.2545
inode_8	324.6608
inode_9	324.6609
inode_10	324.9468
inode_11	324.9699
inode_12	350.2323
inode_13	350.2332
inode_14	349.8611
inode_15	350.0739
inode_16	350.2136
inode_17	350.2145
inode_18	349.8559
inode_19	350.0681
inode_20	346.8068
inode_21	346.8075
inode_22	348.9152
inode_23	349.0992
inode_24	337.2681
inode_25	337.2685
inode_26	337.4559
inode_27	337.5713
