pcb_C_0	321.9914
pcb_C_1	322.3979
pcb_C_2	322.6262
pcb_C_3	322.5591
pcb_C_4	322.5052
pcb_C_5	322.4410
pcb_C_6	322.3090
pcb_C_7	321.9482
pcb_C_8	321.7870
pcb_C_9	322.2112
pcb_C_10	322.4287
pcb_C_11	322.4481
pcb_C_12	322.4042
pcb_C_13	322.3089
pcb_C_14	322.1210
pcb_C_15	321.7310
pcb_C_16	321.5316
pcb_C_17	321.7771
pcb_C_18	321.9194
pcb_C_19	321.9583
pcb_C_20	321.9327
pcb_C_21	321.8540
pcb_C_22	321.7123
pcb_C_23	321.4812
pcb_C_24	321.3680
pcb_C_25	321.4530
pcb_C_26	321.5198
pcb_C_27	321.5454
pcb_C_28	321.5308
pcb_C_29	321.4818
pcb_C_30	321.4075
pcb_C_31	321.3248
pcb_C_32	321.2614
pcb_C_33	321.2279
pcb_C_34	321.2331
pcb_C_35	321.2386
pcb_C_36	321.2296
pcb_C_37	321.2087
pcb_C_38	321.1944
pcb_C_39	321.2235
pcb_C_40	321.1830
pcb_C_41	321.0637
pcb_C_42	321.0238
pcb_C_43	321.0124
pcb_C_44	321.0064
pcb_C_45	321.0069
pcb_C_46	321.0379
pcb_C_47	321.1491
pcb_C_48	321.1102
pcb_C_49	320.9353
pcb_C_50	320.8716
pcb_C_51	320.8518
pcb_C_52	320.8480
pcb_C_53	320.8603
pcb_C_54	320.9162
pcb_C_55	321.0807
pcb_C_56	320.9889
pcb_C_57	320.8225
pcb_C_58	320.7739
pcb_C_59	320.7604
pcb_C_60	320.7587
pcb_C_61	320.7689
pcb_C_62	320.8129
pcb_C_63	320.9692
solder_C_0	322.1874
solder_C_1	322.6186
solder_C_2	323.0279
solder_C_3	322.7849
solder_C_4	322.7032
solder_C_5	322.6308
solder_C_6	322.4941
solder_C_7	322.1352
solder_C_8	321.9553
solder_C_9	322.3724
solder_C_10	322.6094
solder_C_11	322.6056
solder_C_12	322.5546
solder_C_13	322.4570
solder_C_14	322.2714
solder_C_15	321.8939
solder_C_16	321.5587
solder_C_17	321.7796
solder_C_18	321.9222
solder_C_19	321.9590
solder_C_20	321.9322
solder_C_21	321.8522
solder_C_22	321.7120
solder_C_23	321.5055
solder_C_24	321.3639
solder_C_25	321.4296
solder_C_26	321.4996
solder_C_27	321.5274
solder_C_28	321.5126
solder_C_29	321.4609
solder_C_30	321.3833
solder_C_31	321.3192
solder_C_32	321.2437
solder_C_33	321.1978
solder_C_34	321.2105
solder_C_35	321.2201
solder_C_36	321.2110
solder_C_37	321.1859
solder_C_38	321.1641
solder_C_39	321.2051
solder_C_40	321.1554
solder_C_41	321.0282
solder_C_42	320.9983
solder_C_43	320.9918
solder_C_44	320.9858
solder_C_45	320.9813
solder_C_46	321.0023
solder_C_47	321.1212
solder_C_48	321.0767
solder_C_49	320.8955
solder_C_50	320.8415
solder_C_51	320.8262
solder_C_52	320.8223
solder_C_53	320.8300
solder_C_54	320.8762
solder_C_55	321.0470
solder_C_56	320.9712
solder_C_57	320.7973
solder_C_58	320.7531
solder_C_59	320.7414
solder_C_60	320.7396
solder_C_61	320.7475
solder_C_62	320.7870
solder_C_63	320.9510
sub_C_0	322.2418
sub_C_1	322.6670
sub_C_2	323.2066
sub_C_3	322.8368
sub_C_4	322.7511
sub_C_5	322.6759
sub_C_6	322.5364
sub_C_7	322.1867
sub_C_8	322.0203
sub_C_9	322.4260
sub_C_10	322.6633
sub_C_11	322.6579
sub_C_12	322.6068
sub_C_13	322.5089
sub_C_14	322.3243
sub_C_15	321.9576
sub_C_16	321.5463
sub_C_17	321.7674
sub_C_18	321.9104
sub_C_19	321.9476
sub_C_20	321.9208
sub_C_21	321.8405
sub_C_22	321.6995
sub_C_23	321.4924
sub_C_24	321.3446
sub_C_25	321.4183
sub_C_26	321.4910
sub_C_27	321.5197
sub_C_28	321.5048
sub_C_29	321.4523
sub_C_30	321.3720
sub_C_31	321.2996
sub_C_32	321.2190
sub_C_33	321.1861
sub_C_34	321.2030
sub_C_35	321.2139
sub_C_36	321.2049
sub_C_37	321.1784
sub_C_38	321.1524
sub_C_39	321.1805
sub_C_40	321.1260
sub_C_41	321.0150
sub_C_42	320.9901
sub_C_43	320.9853
sub_C_44	320.9793
sub_C_45	320.9732
sub_C_46	320.9892
sub_C_47	321.0921
sub_C_48	321.0432
sub_C_49	320.8798
sub_C_50	320.8309
sub_C_51	320.8170
sub_C_52	320.8131
sub_C_53	320.8194
sub_C_54	320.8606
sub_C_55	321.0139
sub_C_56	320.9367
sub_C_57	320.7770
sub_C_58	320.7354
sub_C_59	320.7243
sub_C_60	320.7224
sub_C_61	320.7296
sub_C_62	320.7664
sub_C_63	320.9164
layer_3_C_0	322.7316
layer_3_C_1	323.1124
layer_3_C_2	324.9483
layer_3_C_3	323.3019
layer_3_C_4	323.1972
layer_3_C_5	323.1020
layer_3_C_6	322.9467
layer_3_C_7	322.6546
layer_3_C_8	322.6128
layer_3_C_9	322.9515
layer_3_C_10	323.1801
layer_3_C_11	323.1713
layer_3_C_12	323.1200
layer_3_C_13	323.0194
layer_3_C_14	322.8436
layer_3_C_15	322.5387
layer_3_C_16	321.4003
layer_3_C_17	321.6389
layer_3_C_18	321.7863
layer_3_C_19	321.8276
layer_3_C_20	321.8012
layer_3_C_21	321.7173
layer_3_C_22	321.5688
layer_3_C_23	321.3405
layer_3_C_24	321.1559
layer_3_C_25	321.3085
layer_3_C_26	321.4070
layer_3_C_27	321.4445
layer_3_C_28	321.4298
layer_3_C_29	321.3685
layer_3_C_30	321.2613
layer_3_C_31	321.1089
layer_3_C_32	320.9894
layer_3_C_33	321.0728
layer_3_C_34	321.1304
layer_3_C_35	321.1545
layer_3_C_36	321.1455
layer_3_C_37	321.1059
layer_3_C_38	321.0392
layer_3_C_39	320.9515
layer_3_C_40	320.8592
layer_3_C_41	320.8875
layer_3_C_42	320.9116
layer_3_C_43	320.9222
layer_3_C_44	320.9163
layer_3_C_45	320.8947
layer_3_C_46	320.8623
layer_3_C_47	320.8276
layer_3_C_48	320.7433
layer_3_C_49	320.7285
layer_3_C_50	320.7279
layer_3_C_51	320.7285
layer_3_C_52	320.7244
layer_3_C_53	320.7160
layer_3_C_54	320.7095
layer_3_C_55	320.7169
layer_3_C_56	320.6171
layer_3_C_57	320.5767
layer_3_C_58	320.5642
layer_3_C_59	320.5602
layer_3_C_60	320.5577
layer_3_C_61	320.5566
layer_3_C_62	320.5636
layer_3_C_63	320.5972
layer_4_TB_0	322.6696
layer_4_TB_1	323.0501
layer_4_TB_2	324.7778
layer_4_TB_3	323.2396
layer_4_TB_4	323.1352
layer_4_TB_5	323.0399
layer_4_TB_6	322.8847
layer_4_TB_7	322.5926
layer_4_TB_8	322.5511
layer_4_TB_9	322.8898
layer_4_TB_10	323.1181
layer_4_TB_11	323.1096
layer_4_TB_12	323.0583
layer_4_TB_13	322.9577
layer_4_TB_14	322.7819
layer_4_TB_15	322.4770
layer_4_TB_16	321.3999
layer_4_TB_17	321.6386
layer_4_TB_18	321.7860
layer_4_TB_19	321.8273
layer_4_TB_20	321.8009
layer_4_TB_21	321.7170
layer_4_TB_22	321.5685
layer_4_TB_23	321.3400
layer_4_TB_24	321.1557
layer_4_TB_25	321.3084
layer_4_TB_26	321.4069
layer_4_TB_27	321.4444
layer_4_TB_28	321.4297
layer_4_TB_29	321.3684
layer_4_TB_30	321.2612
layer_4_TB_31	321.1086
layer_4_TB_32	320.9892
layer_4_TB_33	321.0727
layer_4_TB_34	321.1303
layer_4_TB_35	321.1545
layer_4_TB_36	321.1455
layer_4_TB_37	321.1059
layer_4_TB_38	321.0391
layer_4_TB_39	320.9512
layer_4_TB_40	320.8589
layer_4_TB_41	320.8874
layer_4_TB_42	320.9115
layer_4_TB_43	320.9222
layer_4_TB_44	320.9162
layer_4_TB_45	320.8946
layer_4_TB_46	320.8621
layer_4_TB_47	320.8273
layer_4_TB_48	320.7430
layer_4_TB_49	320.7284
layer_4_TB_50	320.7278
layer_4_TB_51	320.7284
layer_4_TB_52	320.7243
layer_4_TB_53	320.7159
layer_4_TB_54	320.7093
layer_4_TB_55	320.7166
layer_4_TB_56	320.6168
layer_4_TB_57	320.5764
layer_4_TB_58	320.5640
layer_4_TB_59	320.5600
layer_4_TB_60	320.5575
layer_4_TB_61	320.5563
layer_4_TB_62	320.5634
layer_4_TB_63	320.5968
hsp_TB_0	322.0495
hsp_TB_1	322.4269
hsp_TB_2	323.0733
hsp_TB_3	322.6161
hsp_TB_4	322.5148
hsp_TB_5	322.4197
hsp_TB_6	322.2646
hsp_TB_7	321.9725
hsp_TB_8	321.9343
hsp_TB_9	322.2732
hsp_TB_10	322.4980
hsp_TB_11	322.4925
hsp_TB_12	322.4414
hsp_TB_13	322.3409
hsp_TB_14	322.1654
hsp_TB_15	321.8602
hsp_TB_16	321.3958
hsp_TB_17	321.6354
hsp_TB_18	321.7828
hsp_TB_19	321.8242
hsp_TB_20	321.7978
hsp_TB_21	321.7138
hsp_TB_22	321.5653
hsp_TB_23	321.3359
hsp_TB_24	321.1533
hsp_TB_25	321.3072
hsp_TB_26	321.4060
hsp_TB_27	321.4435
hsp_TB_28	321.4288
hsp_TB_29	321.3675
hsp_TB_30	321.2600
hsp_TB_31	321.1062
hsp_TB_32	320.9866
hsp_TB_33	321.0715
hsp_TB_34	321.1295
hsp_TB_35	321.1538
hsp_TB_36	321.1448
hsp_TB_37	321.1051
hsp_TB_38	321.0379
hsp_TB_39	320.9487
hsp_TB_40	320.8562
hsp_TB_41	320.8861
hsp_TB_42	320.9106
hsp_TB_43	320.9215
hsp_TB_44	320.9155
hsp_TB_45	320.8938
hsp_TB_46	320.8608
hsp_TB_47	320.8246
hsp_TB_48	320.7400
hsp_TB_49	320.7268
hsp_TB_50	320.7267
hsp_TB_51	320.7274
hsp_TB_52	320.7233
hsp_TB_53	320.7148
hsp_TB_54	320.7077
hsp_TB_55	320.7137
hsp_TB_56	320.6134
hsp_TB_57	320.5740
hsp_TB_58	320.5619
hsp_TB_59	320.5580
hsp_TB_60	320.5554
hsp_TB_61	320.5542
hsp_TB_62	320.5610
hsp_TB_63	320.5935
hsink_TB_0	321.7958
hsink_TB_1	322.1418
hsink_TB_2	322.4335
hsink_TB_3	322.3302
hsink_TB_4	322.2512
hsink_TB_5	322.1575
hsink_TB_6	322.0033
hsink_TB_7	321.7203
hsink_TB_8	321.6885
hsink_TB_9	322.0161
hsink_TB_10	322.2198
hsink_TB_11	322.2347
hsink_TB_12	322.1861
hsink_TB_13	322.0859
hsink_TB_14	321.9112
hsink_TB_15	321.6147
hsink_TB_16	321.3765
hsink_TB_17	321.6151
hsink_TB_18	321.7612
hsink_TB_19	321.8037
hsink_TB_20	321.7775
hsink_TB_21	321.6937
hsink_TB_22	321.5453
hsink_TB_23	321.3167
hsink_TB_24	321.1491
hsink_TB_25	321.3034
hsink_TB_26	321.4022
hsink_TB_27	321.4398
hsink_TB_28	321.4251
hsink_TB_29	321.3638
hsink_TB_30	321.2562
hsink_TB_31	321.1021
hsink_TB_32	320.9835
hsink_TB_33	321.0689
hsink_TB_34	321.1271
hsink_TB_35	321.1514
hsink_TB_36	321.1424
hsink_TB_37	321.1027
hsink_TB_38	321.0353
hsink_TB_39	320.9455
hsink_TB_40	320.8531
hsink_TB_41	320.8836
hsink_TB_42	320.9084
hsink_TB_43	320.9193
hsink_TB_44	320.9133
hsink_TB_45	320.8915
hsink_TB_46	320.8584
hsink_TB_47	320.8215
hsink_TB_48	320.7370
hsink_TB_49	320.7244
hsink_TB_50	320.7245
hsink_TB_51	320.7253
hsink_TB_52	320.7212
hsink_TB_53	320.7126
hsink_TB_54	320.7053
hsink_TB_55	320.7107
hsink_TB_56	320.6102
hsink_TB_57	320.5713
hsink_TB_58	320.5593
hsink_TB_59	320.5555
hsink_TB_60	320.5529
hsink_TB_61	320.5517
hsink_TB_62	320.5583
hsink_TB_63	320.5903
inode_0	320.8135
inode_1	320.7724
inode_2	320.2918
inode_3	321.6889
inode_4	320.8086
inode_5	320.7675
inode_6	320.2883
inode_7	321.6800
inode_8	320.5793
inode_9	320.5418
inode_10	320.1039
inode_11	321.3756
inode_12	321.4275
inode_13	321.3860
inode_14	320.8036
inode_15	322.5511
inode_16	321.4273
inode_17	321.3858
inode_18	320.8041
inode_19	322.5478
inode_20	321.3007
inode_21	321.2623
inode_22	320.7386
inode_23	322.2482
inode_24	320.5668
inode_25	320.5373
inode_26	320.1356
inode_27	321.2936
