C_0	C_1	C_2	C_3	C_4	C_5	C_6	C_7	C_8	C_9	C_10	C_11	C_12	C_13	C_14	C_15	C_16	C_17	C_18	C_19	C_20	C_21	C_22	C_23	C_24	C_25	C_26	C_27	C_28	C_29	C_30	C_31	
68.33	69.22	69.23	68.37	69.17	70.49	70.51	69.14	69.65	71.01	71.00	69.68	68.94	69.82	69.82	68.90	66.38	67.27	67.24	66.42	67.16	68.43	68.39	67.09	67.13	68.43	68.40	67.09	66.36	67.17	67.15	66.29
68.36	69.26	69.27	68.46	69.14	70.41	70.43	69.11	69.66	70.96	70.96	69.72	69.13	69.99	69.98	69.03	66.20	67.12	67.11	66.28	66.87	68.07	68.06	66.79	66.80	68.07	68.05	66.82	66.16	66.94	66.93	66.05
68.38	69.28	69.30	68.53	69.13	70.34	70.35	69.07	69.63	70.90	70.90	69.73	69.25	70.08	70.08	69.11	66.11	67.05	67.05	66.23	66.71	67.85	67.84	66.61	66.60	67.83	67.83	66.66	66.06	66.80	66.79	65.92
68.39	69.30	69.32	68.58	69.12	70.28	70.29	69.04	69.61	70.84	70.85	69.74	69.33	70.15	70.14	69.16	66.06	67.01	67.01	66.21	66.61	67.69	67.68	66.49	66.45	67.66	67.65	66.54	65.99	66.71	66.69	65.83
68.41	69.31	69.33	68.62	69.12	70.23	70.24	69.02	69.59	70.79	70.80	69.74	69.40	70.20	70.19	69.20	66.03	66.98	66.98	66.20	66.54	67.57	67.56	66.40	66.35	67.52	67.52	66.45	65.95	66.64	66.62	65.77
68.42	69.32	69.35	68.66	69.12	70.19	70.20	69.00	69.56	70.75	70.76	69.75	69.45	70.24	70.23	69.23	66.01	66.96	66.97	66.20	66.49	67.48	67.47	66.33	66.27	67.41	67.42	66.39	65.92	66.59	66.57	65.72
68.43	69.33	69.36	68.70	69.13	70.16	70.16	68.98	69.55	70.71	70.72	69.75	69.50	70.27	70.26	69.25	66.00	66.95	66.97	66.21	66.46	67.41	67.39	66.28	66.20	67.33	67.33	66.34	65.91	66.55	66.53	65.68
68.44	69.34	69.37	68.73	69.13	70.12	70.13	68.97	69.53	70.67	70.69	69.76	69.54	70.30	70.28	69.27	65.99	66.95	66.96	66.22	66.44	67.35	67.33	66.24	66.15	67.25	67.26	66.31	65.90	66.52	66.50	65.66
68.45	69.35	69.38	68.76	69.13	70.09	70.10	68.95	69.51	70.64	70.66	69.77	69.58	70.32	70.30	69.29	65.99	66.95	66.97	66.24	66.42	67.30	67.28	66.20	66.10	67.19	67.20	66.28	65.89	66.50	66.47	65.64
68.46	69.35	69.39	68.79	69.14	70.07	70.07	68.94	69.50	70.61	70.63	69.77	69.62	70.34	70.32	69.31	65.99	66.95	66.97	66.25	66.41	67.25	67.23	66.17	66.07	67.13	67.15	66.26	65.89	66.48	66.45	65.62
68.47	69.36	69.40	68.82	69.14	70.04	70.04	68.92	69.49	70.59	70.61	69.78	69.65	70.36	70.33	69.32	65.99	66.95	66.97	66.27	66.40	67.21	67.19	66.15	66.03	67.08	67.10	66.24	65.90	66.46	66.44	65.61
68.47	69.36	69.40	68.84	69.15	70.02	70.01	68.91	69.47	70.56	70.59	69.79	69.68	70.38	70.35	69.33	65.99	66.95	66.97	66.29	66.40	67.18	67.15	66.12	66.00	67.04	67.05	66.22	65.90	66.45	66.42	65.60
68.48	69.37	69.41	68.87	69.15	70.00	69.99	68.90	69.47	70.54	70.57	69.80	69.71	70.39	70.36	69.34	65.99	66.94	66.97	66.30	66.40	67.15	67.12	66.10	65.98	66.99	67.01	66.21	65.90	66.44	66.40	65.59
68.49	69.37	69.42	68.89	69.16	69.98	69.97	68.89	69.46	70.52	70.55	69.81	69.73	70.40	70.36	69.35	65.99	66.94	66.97	66.32	66.40	67.12	67.09	66.09	65.95	66.95	66.98	66.20	65.91	66.42	66.39	65.58
68.49	69.37	69.42	68.91	69.16	69.96	69.94	68.88	69.44	70.50	70.54	69.82	69.76	70.41	70.37	69.36	65.99	66.94	66.98	66.34	66.40	67.10	67.06	66.07	65.93	66.92	66.94	66.19	65.92	66.42	66.38	65.57
68.49	69.37	69.43	68.93	69.17	69.94	69.92	68.87	69.44	70.49	70.53	69.84	69.78	70.42	70.38	69.37	65.99	66.94	66.97	66.35	66.40	67.07	67.04	66.05	65.90	66.88	66.91	66.18	65.92	66.40	66.36	65.56
68.50	69.38	69.43	68.95	69.18	69.92	69.90	68.86	69.43	70.47	70.51	69.85	69.81	70.43	70.38	69.38	65.99	66.93	66.97	66.36	66.40	67.05	67.01	66.04	65.88	66.84	66.88	66.17	65.92	66.39	66.35	65.55
68.50	69.38	69.44	68.97	69.19	69.91	69.89	68.85	69.42	70.45	70.50	69.86	69.83	70.44	70.39	69.38	65.99	66.93	66.97	66.37	66.41	67.03	66.99	66.02	65.86	66.81	66.85	66.16	65.93	66.38	66.34	65.54
68.51	69.38	69.44	68.99	69.20	69.89	69.87	68.85	69.42	70.44	70.49	69.88	69.85	70.45	70.39	69.39	65.98	66.92	66.97	66.38	66.41	67.01	66.96	66.01	65.84	66.78	66.82	66.15	65.93	66.37	66.32	65.53
68.51	69.38	69.45	69.01	69.20	69.88	69.85	68.83	69.41	70.42	70.48	69.88	69.86	70.44	70.39	69.39	65.98	66.92	66.97	66.40	66.41	67.00	66.95	66.00	65.82	66.75	66.79	66.15	65.94	66.36	66.31	65.53
68.51	69.38	69.45	69.03	69.21	69.87	69.83	68.83	69.41	70.41	70.47	69.90	69.89	70.45	70.39	69.39	65.98	66.91	66.96	66.41	66.42	66.98	66.92	65.98	65.80	66.72	66.77	66.14	65.94	66.35	66.30	65.52
68.51	69.38	69.46	69.04	69.22	69.85	69.82	68.82	69.40	70.40	70.47	69.91	69.90	70.45	70.39	69.39	65.97	66.90	66.96	66.42	66.42	66.97	66.91	65.97	65.78	66.69	66.74	66.14	65.94	66.34	66.28	65.51
68.51	69.38	69.46	69.06	69.23	69.84	69.80	68.81	69.39	70.39	70.46	69.92	69.92	70.46	70.39	69.39	65.97	66.89	66.95	66.42	66.43	66.95	66.89	65.96	65.76	66.67	66.72	66.13	65.95	66.33	66.27	65.50
68.52	69.38	69.46	69.08	69.23	69.83	69.79	68.80	69.39	70.38	70.45	69.93	69.93	70.46	70.39	69.39	65.96	66.88	66.95	66.43	66.43	66.94	66.87	65.95	65.75	66.64	66.69	66.13	65.95	66.32	66.26	65.49
68.52	69.38	69.47	69.09	69.24	69.82	69.78	68.80	69.38	70.37	70.44	69.94	69.95	70.46	70.38	69.39	65.96	66.87	66.94	66.44	66.44	66.93	66.85	65.94	65.73	66.61	66.67	66.12	65.95	66.31	66.25	65.48
68.52	69.38	69.47	69.11	69.25	69.81	69.76	68.79	69.38	70.36	70.44	69.95	69.96	70.46	70.38	69.39	65.95	66.86	66.94	66.45	66.44	66.91	66.84	65.93	65.71	66.59	66.65	66.12	65.95	66.31	66.23	65.47
68.52	69.38	69.47	69.12	69.26	69.80	69.75	68.78	69.37	70.35	70.43	69.96	69.98	70.46	70.38	69.39	65.95	66.85	66.93	66.46	66.44	66.90	66.82	65.92	65.70	66.57	66.63	66.11	65.96	66.30	66.22	65.47
68.52	69.37	69.47	69.14	69.27	69.79	69.74	68.78	69.37	70.34	70.43	69.97	69.99	70.46	70.37	69.39	65.94	66.84	66.92	66.46	66.45	66.89	66.81	65.91	65.68	66.54	66.61	66.11	65.96	66.29	66.21	65.46
68.52	69.37	69.48	69.15	69.27	69.79	69.73	68.77	69.36	70.33	70.42	69.98	70.00	70.46	70.36	69.39	65.93	66.83	66.92	66.47	66.45	66.88	66.79	65.90	65.67	66.52	66.59	66.11	65.96	66.28	66.20	65.45
68.52	69.37	69.48	69.16	69.28	69.78	69.71	68.76	69.36	70.32	70.42	70.00	70.02	70.46	70.37	69.39	65.92	66.82	66.91	66.47	66.46	66.87	66.78	65.89	65.65	66.49	66.57	66.10	65.96	66.27	66.18	65.44
68.52	69.37	69.48	69.18	69.29	69.77	69.70	68.76	69.35	70.31	70.41	70.01	70.02	70.46	70.35	69.38	65.92	66.81	66.91	66.49	66.46	66.86	66.77	65.89	65.64	66.48	66.55	66.10	65.97	66.26	66.17	65.43
68.52	69.37	69.48	69.19	69.30	69.76	69.69	68.75	69.35	70.30	70.41	70.02	70.04	70.46	70.35	69.38	65.91	66.80	66.90	66.49	66.47	66.85	66.75	65.88	65.62	66.45	66.53	66.09	65.97	66.25	66.16	65.42
68.52	69.37	69.49	69.20	69.30	69.76	69.68	68.74	69.34	70.29	70.41	70.03	70.05	70.46	70.35	69.38	65.90	66.79	66.89	66.49	66.47	66.84	66.74	65.86	65.61	66.43	66.51	66.09	65.97	66.24	66.15	65.41
68.52	69.36	69.49	69.21	69.31	69.75	69.67	68.74	69.34	70.29	70.40	70.04	70.06	70.45	70.34	69.37	65.90	66.78	66.88	66.50	66.47	66.83	66.73	65.86	65.59	66.41	66.50	66.09	65.97	66.23	66.14	65.41
68.52	69.36	69.49	69.22	69.32	69.74	69.66	68.73	69.33	70.28	70.40	70.05	70.07	70.45	70.34	69.37	65.89	66.77	66.88	66.50	66.48	66.82	66.71	65.85	65.58	66.39	66.48	66.08	65.97	66.23	66.12	65.40
68.52	69.36	69.49	69.24	69.33	69.74	69.65	68.73	69.33	70.27	70.39	70.05	70.08	70.45	70.33	69.37	65.88	66.76	66.87	66.51	66.48	66.82	66.70	65.84	65.57	66.37	66.46	66.08	65.97	66.22	66.11	65.39
68.51	69.36	69.49	69.24	69.33	69.73	69.64	68.72	69.08	70.01	70.14	69.82	69.84	70.20	70.07	69.12	65.87	66.75	66.86	66.51	66.49	66.81	66.69	65.83	65.55	66.35	66.45	66.08	65.97	66.21	66.10	65.38
68.51	69.35	69.49	69.25	69.34	69.72	69.63	68.71	69.04	69.97	70.10	69.79	69.82	70.16	70.03	69.08	65.86	66.74	66.85	66.51	66.49	66.80	66.67	65.82	65.54	66.34	66.43	66.08	65.97	66.20	66.09	65.37
68.51	69.35	69.49	69.26	69.34	69.72	69.62	68.70	69.02	69.95	70.09	69.79	69.81	70.14	70.01	69.07	65.85	66.72	66.84	66.51	66.49	66.79	66.66	65.81	65.53	66.32	66.42	66.07	65.97	66.19	66.08	65.36
68.50	69.35	69.49	69.27	69.35	69.71	69.61	68.70	69.01	69.93	70.07	69.78	69.81	70.13	69.99	69.05	65.85	66.71	66.83	66.52	66.49	66.78	66.65	65.80	65.51	66.30	66.40	66.07	65.97	66.19	66.07	65.35
68.50	69.34	69.49	69.28	69.35	69.70	69.60	68.69	69.00	69.92	70.06	69.78	69.81	70.12	69.98	69.04	65.84	66.70	66.83	66.52	66.49	66.77	66.64	65.79	65.50	66.28	66.39	66.07	65.97	66.18	66.06	65.35
68.50	69.34	69.49	69.29	69.36	69.70	69.59	68.68	68.99	69.91	70.05	69.79	69.81	70.11	69.97	69.03	65.83	66.68	66.82	66.52	66.49	66.76	66.62	65.78	65.49	66.27	66.38	66.06	65.97	66.17	66.05	65.34
68.49	69.33	69.49	69.29	69.36	69.69	69.58	68.68	68.98	69.90	70.05	69.79	69.81	70.10	69.96	69.02	65.82	66.67	66.81	66.52	66.50	66.75	66.61	65.77	65.48	66.25	66.36	66.06	65.97	66.16	66.03	65.33
68.49	69.33	69.49	69.30	69.37	69.68	69.57	68.67	68.97	69.89	70.04	69.79	69.82	70.10	69.95	69.01	65.81	66.66	66.80	66.52	66.50	66.75	66.60	65.76	65.46	66.23	66.35	66.06	65.97	66.15	66.02	65.32
68.49	69.33	69.49	69.31	69.37	69.68	69.56	68.66	68.96	69.88	70.04	69.80	69.82	70.09	69.94	69.01	65.80	66.65	66.79	66.53	66.50	66.74	66.59	65.76	65.45	66.22	66.34	66.05	65.97	66.15	66.01	65.31
68.49	69.32	69.49	69.32	69.38	69.67	69.55	68.66	68.96	69.87	70.03	69.80	69.82	70.09	69.93	69.00	65.79	66.64	66.79	66.53	66.50	66.73	66.58	65.75	65.44	66.20	66.32	66.05	65.97	66.14	66.00	65.30
68.48	69.32	69.49	69.33	69.38	69.67	69.54	68.65	68.95	69.86	70.03	69.81	69.83	70.08	69.92	68.99	65.78	66.63	66.78	66.53	66.50	66.72	66.57	65.74	65.43	66.18	66.31	66.05	65.97	66.13	65.99	65.30
68.48	69.32	69.49	69.33	69.39	69.66	69.53	68.64	68.95	69.85	70.02	69.81	69.83	70.08	69.91	68.99	65.77	66.62	66.77	66.53	66.51	66.72	66.56	65.73	65.42	66.17	66.30	66.05	65.97	66.13	65.98	65.29
68.48	69.31	69.50	69.34	69.39	69.66	69.52	68.64	68.94	69.85	70.02	69.82	69.84	70.07	69.90	68.98	65.77	66.60	66.76	66.53	66.51	66.71	66.55	65.72	65.41	66.15	66.29	66.04	65.97	66.12	65.97	65.28
68.47	69.31	69.50	69.35	69.39	69.66	69.52	68.63	68.93	69.84	70.02	69.82	69.84	70.07	69.89	68.97	65.76	66.59	66.76	66.53	66.51	66.71	66.54	65.72	65.40	66.14	66.28	66.04	65.97	66.11	65.96	65.27
68.47	69.31	69.50	69.35	69.40	69.65	69.51	68.62	68.93	69.83	70.01	69.83	69.85	70.06	69.89	68.97	65.75	66.58	66.75	66.53	66.51	66.70	66.53	65.71	65.38	66.13	66.27	66.04	65.97	66.11	65.95	65.26
68.47	69.30	69.50	69.36	69.40	69.65	69.50	68.62	68.92	69.82	70.01	69.83	69.85	70.06	69.88	68.96	65.74	66.57	66.74	66.53	66.51	66.69	66.52	65.70	65.37	66.11	66.25	66.04	65.97	66.10	65.94	65.26
68.46	69.30	69.50	69.37	69.41	69.64	69.49	68.61	68.92	69.82	70.01	69.84	69.85	70.06	69.87	68.95	65.73	66.56	66.74	66.54	66.52	66.69	66.51	65.69	65.36	66.10	66.24	66.03	65.97	66.09	65.93	65.25
68.46	69.30	69.50	69.37	69.41	69.64	69.48	68.61	68.91	69.81	70.00	69.84	69.86	70.05	69.86	68.95	65.72	66.55	66.73	66.54	66.52	66.68	66.50	65.68	65.35	66.08	66.23	66.03	65.97	66.09	65.92	65.24
68.46	69.29	69.50	69.38	69.42	69.63	69.48	68.60	68.90	69.80	70.00	69.84	69.86	70.05	69.85	68.94	65.72	66.54	66.72	66.54	66.52	66.67	66.49	65.68	65.34	66.07	66.22	66.03	65.97	66.08	65.91	65.23
68.45	69.29	69.50	69.38	69.42	69.63	69.47	68.59	68.90	69.80	70.00	69.85	69.87	70.04	69.85	68.93	65.71	66.53	66.71	66.54	66.52	66.67	66.48	65.67	65.33	66.06	66.21	66.03	65.97	66.07	65.91	65.23
68.45	69.29	69.50	69.39	69.42	69.63	69.46	68.59	68.89	69.79	69.99	69.85	69.87	70.04	69.84	68.93	65.70	66.52	66.71	66.54	66.52	66.66	66.47	65.66	65.32	66.04	66.20	66.02	65.96	66.07	65.90	65.22
68.45	69.28	69.50	69.40	69.43	69.62	69.46	68.58	68.88	69.78	69.99	69.85	69.87	70.04	69.83	68.92	65.69	66.51	66.70	66.54	66.52	66.65	66.46	65.65	65.31	66.03	66.19	66.02	65.97	66.06	65.89	65.21
68.44	69.28	69.50	69.40	69.43	69.62	69.45	68.57	68.88	69.78	69.99	69.86	69.88	70.03	69.82	68.91	65.68	66.50	66.69	66.54	66.52	66.65	66.45	65.65	65.30	66.02	66.18	66.02	65.96	66.06	65.88	65.20
68.44	69.28	69.50	69.41	69.44	69.62	69.44	68.57	68.87	69.77	69.99	69.86	69.88	70.03	69.81	68.91	65.67	66.49	66.69	66.54	66.52	66.65	66.44	65.64	65.29	66.01	66.17	66.02	65.96	66.05	65.87	65.20
68.44	69.27	69.50	69.41	69.44	69.61	69.43	68.56	68.87	69.76	69.98	69.86	69.88	70.02	69.81	68.90	65.67	66.48	66.68	66.54	66.52	66.64	66.44	65.63	65.28	65.99	66.17	66.01	65.96	66.04	65.86	65.19
68.43	69.27	69.49	69.42	69.44	69.61	69.43	68.56	68.86	69.76	69.98	69.86	69.88	70.02	69.80	68.90	65.66	66.47	66.67	66.55	66.52	66.63	66.43	65.62	65.27	65.98	66.16	66.01	65.96	66.04	65.85	65.18
68.43	69.26	69.50	69.42	69.44	69.61	69.42	68.55	68.86	69.75	69.97	69.87	69.89	70.01	69.79	68.89	65.65	66.46	66.67	66.54	66.53	66.63	66.42	65.62	65.26	65.97	66.15	66.01	65.96	66.03	65.84	65.17
68.42	69.26	69.49	69.42	69.45	69.60	69.41	68.54	68.85	69.74	69.97	69.88	69.89	70.01	69.78	68.88	65.64	66.45	66.66	66.54	66.53	66.63	66.41	65.61	65.25	65.96	66.14	66.01	65.96	66.02	65.84	65.17
68.42	69.26	69.49	69.43	69.45	69.60	69.41	68.54	68.84	69.74	69.97	69.88	69.89	70.01	69.78	68.87	65.63	66.44	66.66	66.54	66.53	66.62	66.40	65.60	65.24	65.95	66.13	66.00	65.96	66.02	65.83	65.16
68.42	69.25	69.49	69.43	69.45	69.60	69.40	68.53	68.84	69.73	69.97	69.88	69.89	70.00	69.77	68.87	65.63	66.43	66.65	66.54	66.53	66.61	66.39	65.59	65.23	65.94	66.12	66.00	65.95	66.01	65.82	65.15
68.41	69.25	69.49	69.44	69.46	69.59	69.39	68.53	68.83	69.72	69.96	69.88	69.90	70.00	69.76	68.86	65.62	66.42	66.65	66.54	66.53	66.61	66.38	65.59	65.23	65.93	66.11	66.00	65.95	66.01	65.81	65.14
68.41	69.25	69.49	69.44	69.46	69.59	69.39	68.52	68.83	69.72	69.96	69.89	69.90	70.00	69.76	68.86	65.61	66.42	66.64	66.54	66.53	66.60	66.38	65.58	65.22	65.92	66.10	65.99	65.95	66.00	65.80	65.14
68.16	68.99	69.24	69.19	69.21	69.33	69.13	68.27	68.82	69.71	69.96	69.89	69.90	69.99	69.75	68.85	65.60	66.41	66.63	66.54	66.53	66.60	66.37	65.57	65.21	65.90	66.10	65.99	65.95	66.00	65.79	65.13
68.13	68.96	69.21	69.17	69.19	69.30	69.10	68.24	68.81	69.70	69.95	69.89	69.90	69.99	69.74	68.84	65.59	66.40	66.63	66.54	66.53	66.59	66.36	65.57	65.20	65.89	66.09	65.99	65.95	65.99	65.79	65.12
68.11	68.94	69.20	69.16	69.17	69.28	69.07	68.22	68.80	69.69	69.95	69.89	69.90	69.98	69.73	68.83	65.59	66.39	66.62	66.54	66.53	66.59	66.35	65.56	65.19	65.88	66.08	65.99	65.95	65.99	65.78	65.12
68.10	68.93	69.18	69.15	69.16	69.27	69.06	68.20	68.80	69.69	69.94	69.89	69.90	69.97	69.72	68.82	65.58	66.38	66.62	66.54	66.53	66.58	66.34	65.55	65.18	65.87	66.07	65.98	65.95	65.98	65.77	65.11
68.09	68.92	69.17	69.15	69.16	69.26	69.04	68.19	68.79	69.68	69.94	69.89	69.90	69.97	69.71	68.81	65.57	66.37	66.61	66.54	66.53	66.58	66.34	65.54	65.17	65.86	66.07	65.98	65.95	65.98	65.76	65.10
68.07	68.90	69.17	69.14	69.15	69.25	69.03	68.18	68.78	69.67	69.94	69.89	69.90	69.96	69.70	68.81	65.56	66.36	66.60	66.54	66.53	66.57	66.33	65.54	65.16	65.85	66.06	65.98	65.94	65.97	65.76	65.10
68.06	68.89	69.16	69.14	69.15	69.24	69.01	68.16	68.78	69.67	69.93	69.89	69.90	69.96	69.70	68.80	65.55	66.35	66.60	66.54	66.53	66.57	66.32	65.53	65.16	65.84	66.05	65.98	65.94	65.96	65.75	65.09
68.06	68.89	69.15	69.14	69.15	69.23	69.01	68.16	68.77	69.66	69.93	69.89	69.90	69.95	69.69	68.79	65.55	66.34	66.59	66.54	66.53	66.57	66.31	65.52	65.15	65.83	66.04	65.97	65.94	65.96	65.74	65.08
68.05	68.88	69.15	69.14	69.15	69.23	69.00	68.15	68.76	69.65	69.92	69.89	69.90	69.95	69.68	68.79	65.54	66.34	66.59	66.54	66.53	66.56	66.31	65.52	65.14	65.82	66.04	65.97	65.94	65.95	65.73	65.07
68.05	68.88	69.15	69.14	69.15	69.22	68.99	68.14	68.76	69.64	69.92	69.89	69.90	69.95	69.67	68.78	65.53	66.33	66.58	66.54	66.53	66.56	66.30	65.51	65.13	65.81	66.03	65.97	65.94	65.95	65.73	65.07
68.04	68.87	69.15	69.14	69.15	69.22	68.98	68.13	68.75	69.64	69.92	69.89	69.90	69.94	69.67	68.77	65.52	66.32	66.58	66.54	66.52	66.55	66.29	65.50	65.12	65.80	66.02	65.97	65.94	65.94	65.72	65.06
68.04	68.87	69.14	69.14	69.14	69.21	68.98	68.13	68.74	69.63	69.91	69.89	69.90	69.94	69.66	68.76	65.52	66.31	66.57	66.53	66.52	66.55	66.28	65.50	65.11	65.80	66.02	65.96	65.93	65.94	65.71	65.06
68.03	68.86	69.14	69.14	69.14	69.21	68.97	68.12	68.74	69.62	69.91	69.89	69.90	69.93	69.65	68.76	65.51	66.30	66.57	66.53	66.52	66.54	66.28	65.49	65.11	65.79	66.01	65.96	65.93	65.93	65.70	65.05
68.02	68.85	69.14	69.14	69.14	69.20	68.96	68.11	68.73	69.62	69.90	69.89	69.90	69.93	69.64	68.75	65.50	66.30	66.56	66.53	66.52	66.54	66.27	65.48	65.10	65.78	66.00	65.96	65.93	65.93	65.70	65.04
68.02	68.85	69.13	69.14	69.14	69.20	68.95	68.11	68.72	69.61	69.90	69.89	69.90	69.92	69.64	68.74	65.50	66.29	66.55	66.53	66.52	66.53	66.26	65.48	65.09	65.77	66.00	65.96	65.93	65.92	65.69	65.04
68.01	68.84	69.13	69.14	69.14	69.19	68.95	68.10	68.72	69.60	69.90	69.89	69.90	69.92	69.63	68.74	65.49	66.28	66.55	66.53	66.52	66.53	66.25	65.47	65.08	65.76	65.99	65.95	65.93	65.92	65.68	65.03
