pcb_LC_0	371.4261
pcb_LC_1	373.3624
pcb_LC_2	374.2231
pcb_LC_3	374.5719
pcb_LC_4	374.5734
pcb_LC_5	374.2267
pcb_LC_6	373.3673
pcb_LC_7	371.4319
pcb_LC_8	371.3831
pcb_LC_9	373.6748
pcb_LC_10	374.7777
pcb_LC_11	375.2374
pcb_LC_12	375.2395
pcb_LC_13	374.7826
pcb_LC_14	373.6812
pcb_LC_15	371.3903
pcb_LC_16	371.3799
pcb_LC_17	373.6691
pcb_LC_18	374.7710
pcb_LC_19	375.2305
pcb_LC_20	375.2328
pcb_LC_21	374.7765
pcb_LC_22	373.6761
pcb_LC_23	371.3875
pcb_LC_24	371.4172
pcb_LC_25	373.3479
pcb_LC_26	374.2067
pcb_LC_27	374.5550
pcb_LC_28	374.5568
pcb_LC_29	374.2112
pcb_LC_30	373.3538
pcb_LC_31	371.4236
solder_LC_0	374.7311
solder_LC_1	375.4162
solder_LC_2	375.9428
solder_LC_3	376.2200
solder_LC_4	376.2237
solder_LC_5	375.9488
solder_LC_6	375.4236
solder_LC_7	374.7394
solder_LC_8	374.9171
solder_LC_9	375.8150
solder_LC_10	376.4963
solder_LC_11	376.8538
solder_LC_12	376.8582
solder_LC_13	376.5038
solder_LC_14	375.8240
solder_LC_15	374.9273
solder_LC_16	374.9088
solder_LC_17	375.8034
solder_LC_18	376.4831
solder_LC_19	376.8407
solder_LC_20	376.8454
solder_LC_21	376.4927
solder_LC_22	375.8144
solder_LC_23	374.9204
solder_LC_24	374.7130
solder_LC_25	375.3893
solder_LC_26	375.9134
solder_LC_27	376.1907
solder_LC_28	376.1949
solder_LC_29	375.9227
solder_LC_30	375.4001
solder_LC_31	374.7237
sub_LC_0	375.0715
sub_LC_1	375.8004
sub_LC_2	376.3826
sub_LC_3	376.6912
sub_LC_4	376.6973
sub_LC_5	376.3900
sub_LC_6	375.8092
sub_LC_7	375.0806
sub_LC_8	375.2687
sub_LC_9	376.1851
sub_LC_10	376.9103
sub_LC_11	377.2920
sub_LC_12	377.2985
sub_LC_13	376.9180
sub_LC_14	376.1940
sub_LC_15	375.2797
sub_LC_16	375.2543
sub_LC_17	376.1699
sub_LC_18	376.8924
sub_LC_19	377.2752
sub_LC_20	377.2815
sub_LC_21	376.9044
sub_LC_22	376.1821
sub_LC_23	375.2680
sub_LC_24	375.0445
sub_LC_25	375.7645
sub_LC_26	376.3447
sub_LC_27	376.6541
sub_LC_28	376.6602
sub_LC_29	376.3574
sub_LC_30	375.7785
sub_LC_31	375.0577
layer_3_LC_0	377.9949
layer_3_LC_1	379.3043
layer_3_LC_2	380.4310
layer_3_LC_3	381.0342
layer_3_LC_4	381.0649
layer_3_LC_5	380.4515
layer_3_LC_6	379.3281
layer_3_LC_7	378.0118
layer_3_LC_8	378.2967
layer_3_LC_9	379.6717
layer_3_LC_10	380.8906
layer_3_LC_11	381.5228
layer_3_LC_12	381.5519
layer_3_LC_13	380.8984
layer_3_LC_14	379.6776
layer_3_LC_15	378.3144
layer_3_LC_16	378.2164
layer_3_LC_17	379.6222
layer_3_LC_18	380.8235
layer_3_LC_19	381.4673
layer_3_LC_20	381.4912
layer_3_LC_21	380.8595
layer_3_LC_22	379.6446
layer_3_LC_23	378.2512
layer_3_LC_24	377.8829
layer_3_LC_25	379.1773
layer_3_LC_26	380.3084
layer_3_LC_27	380.9187
layer_3_LC_28	380.9444
layer_3_LC_29	380.3539
layer_3_LC_30	379.2229
layer_3_LC_31	377.9207
layer_4_TB_0	377.8589
layer_4_TB_1	379.1665
layer_4_TB_2	380.2906
layer_4_TB_3	380.8923
layer_4_TB_4	380.9230
layer_4_TB_5	380.3111
layer_4_TB_6	379.1902
layer_4_TB_7	377.8758
layer_4_TB_8	378.1606
layer_4_TB_9	379.5335
layer_4_TB_10	380.7499
layer_4_TB_11	381.3804
layer_4_TB_12	381.4096
layer_4_TB_13	380.7575
layer_4_TB_14	379.5394
layer_4_TB_15	378.1783
layer_4_TB_16	378.0803
layer_4_TB_17	379.4842
layer_4_TB_18	380.6828
layer_4_TB_19	381.3250
layer_4_TB_20	381.3488
layer_4_TB_21	380.7187
layer_4_TB_22	379.5065
layer_4_TB_23	378.1150
layer_4_TB_24	377.7471
layer_4_TB_25	379.0396
layer_4_TB_26	380.1682
layer_4_TB_27	380.7770
layer_4_TB_28	380.8027
layer_4_TB_29	380.2137
layer_4_TB_30	379.0852
layer_4_TB_31	377.7848
layer_5_B_0	376.4983
layer_5_B_1	377.7878
layer_5_B_2	378.8866
layer_5_B_3	379.4734
layer_5_B_4	379.5041
layer_5_B_5	378.9067
layer_5_B_6	377.8114
layer_5_B_7	376.5147
layer_5_B_8	376.7999
layer_5_B_9	378.1522
layer_5_B_10	379.3428
layer_5_B_11	379.9569
layer_5_B_12	379.9862
layer_5_B_13	379.3495
layer_5_B_14	378.1572
layer_5_B_15	376.8170
layer_5_B_16	376.7189
layer_5_B_17	378.1042
layer_5_B_18	379.2759
layer_5_B_19	379.9023
layer_5_B_20	379.9258
layer_5_B_21	379.3115
layer_5_B_22	378.1256
layer_5_B_23	376.7532
layer_5_B_24	376.3887
layer_5_B_25	377.6626
layer_5_B_26	378.7665
layer_5_B_27	379.3604
layer_5_B_28	379.3857
layer_5_B_29	378.8112
layer_5_B_30	377.7075
layer_5_B_31	376.4256
layer_6_TB_0	376.2396
layer_6_TB_1	377.5273
layer_6_TB_2	378.6238
layer_6_TB_3	379.2088
layer_6_TB_4	379.2387
layer_6_TB_5	378.6435
layer_6_TB_6	377.5504
layer_6_TB_7	376.2558
layer_6_TB_8	376.5414
layer_6_TB_9	377.8929
layer_6_TB_10	379.0803
layer_6_TB_11	379.6930
layer_6_TB_12	379.7215
layer_6_TB_13	379.0871
layer_6_TB_14	377.8982
layer_6_TB_15	376.5584
layer_6_TB_16	376.4617
layer_6_TB_17	377.8450
layer_6_TB_18	379.0141
layer_6_TB_19	379.6388
layer_6_TB_20	379.6618
layer_6_TB_21	379.0491
layer_6_TB_22	377.8662
layer_6_TB_23	376.4954
layer_6_TB_24	376.1306
layer_6_TB_25	377.4033
layer_6_TB_26	378.5046
layer_6_TB_27	379.0965
layer_6_TB_28	379.1212
layer_6_TB_29	378.5483
layer_6_TB_30	377.4473
layer_6_TB_31	376.1669
layer_7_B_32	373.6524
layer_7_B_33	374.9227
layer_7_B_34	375.9952
layer_7_B_35	376.5624
layer_7_B_36	376.5842
layer_7_B_37	376.0111
layer_7_B_38	374.9408
layer_7_B_39	373.6664
layer_7_B_40	373.9561
layer_7_B_41	375.3002
layer_7_B_42	376.4557
layer_7_B_43	377.0541
layer_7_B_44	377.0747
layer_7_B_45	376.4640
layer_7_B_46	375.3074
layer_7_B_47	373.9723
layer_7_B_48	373.8893
layer_7_B_49	375.2525
layer_7_B_50	376.3972
layer_7_B_51	377.0039
layer_7_B_52	377.0214
layer_7_B_53	376.4254
layer_7_B_54	375.2725
layer_7_B_55	373.9177
layer_7_B_56	373.5497
layer_7_B_57	374.8102
layer_7_B_58	375.8852
layer_7_B_59	376.4576
layer_7_B_60	376.4753
layer_7_B_61	375.9196
layer_7_B_62	374.8452
layer_7_B_63	373.5798
layer_8_TB_0	373.3451
layer_8_TB_1	374.6143
layer_8_TB_2	375.6839
layer_8_TB_3	376.2491
layer_8_TB_4	376.2701
layer_8_TB_5	375.6994
layer_8_TB_6	374.6318
layer_8_TB_7	373.3589
layer_8_TB_8	373.6495
layer_8_TB_9	374.9935
layer_8_TB_10	376.1456
layer_8_TB_11	376.7423
layer_8_TB_12	376.7622
layer_8_TB_13	376.1541
layer_8_TB_14	375.0008
layer_8_TB_15	373.6656
layer_8_TB_16	373.5839
layer_8_TB_17	374.9458
layer_8_TB_18	376.0878
layer_8_TB_19	376.6925
layer_8_TB_20	376.7095
layer_8_TB_21	376.1154
layer_8_TB_22	374.9656
layer_8_TB_23	373.6117
layer_8_TB_24	373.2431
layer_8_TB_25	374.5029
layer_8_TB_26	375.5748
layer_8_TB_27	376.1450
layer_8_TB_28	376.1621
layer_8_TB_29	375.6084
layer_8_TB_30	374.5370
layer_8_TB_31	373.2725
layer_9_B_64	370.2719
layer_9_B_65	371.5293
layer_9_B_66	372.5712
layer_9_B_67	373.1159
layer_9_B_68	373.1290
layer_9_B_69	372.5829
layer_9_B_70	371.5420
layer_9_B_71	370.2833
layer_9_B_72	370.5832
layer_9_B_73	371.9267
layer_9_B_74	373.0454
layer_9_B_75	373.6251
layer_9_B_76	373.6375
layer_9_B_77	373.0548
layer_9_B_78	371.9355
layer_9_B_79	370.5984
layer_9_B_80	370.5293
layer_9_B_81	371.8795
layer_9_B_82	372.9945
layer_9_B_83	373.5791
layer_9_B_84	373.5907
layer_9_B_85	373.0155
layer_9_B_86	371.8977
layer_9_B_87	370.5518
layer_9_B_88	370.1765
layer_9_B_89	371.4292
layer_9_B_90	372.4715
layer_9_B_91	373.0193
layer_9_B_92	373.0295
layer_9_B_93	372.4957
layer_9_B_94	371.4544
layer_9_B_95	370.1995
layer_10_TB_0	369.9177
layer_10_TB_1	371.1745
layer_10_TB_2	372.2132
layer_10_TB_3	372.7556
layer_10_TB_4	372.7680
layer_10_TB_5	372.2246
layer_10_TB_6	371.1867
layer_10_TB_7	369.9288
layer_10_TB_8	370.2302
layer_10_TB_9	371.5743
layer_10_TB_10	372.6895
layer_10_TB_11	373.2673
layer_10_TB_12	373.2789
layer_10_TB_13	372.6989
layer_10_TB_14	371.5833
layer_10_TB_15	370.2452
layer_10_TB_16	370.1773
layer_10_TB_17	371.5271
layer_10_TB_18	372.6392
layer_10_TB_19	373.2216
layer_10_TB_20	373.2326
layer_10_TB_21	372.6596
layer_10_TB_22	371.5452
layer_10_TB_23	370.1993
layer_10_TB_24	369.8229
layer_10_TB_25	371.0755
layer_10_TB_26	372.1144
layer_10_TB_27	372.6598
layer_10_TB_28	372.6693
layer_10_TB_29	372.1378
layer_10_TB_30	371.0998
layer_10_TB_31	369.8453
layer_11_B_96	366.3753
layer_11_B_97	367.6261
layer_11_B_98	368.6336
layer_11_B_99	369.1526
layer_11_B_100	369.1574
layer_11_B_101	368.6411
layer_11_B_102	367.6334
layer_11_B_103	366.3840
layer_11_B_104	366.6995
layer_11_B_105	368.0508
layer_11_B_106	369.1306
layer_11_B_107	369.6890
layer_11_B_108	369.6934
layer_11_B_109	369.1407
layer_11_B_110	368.0610
layer_11_B_111	366.7135
layer_11_B_112	366.6576
layer_11_B_113	368.0039
layer_11_B_114	369.0867
layer_11_B_115	369.6469
layer_11_B_116	369.6526
layer_11_B_117	369.1007
layer_11_B_118	368.0203
layer_11_B_119	366.6743
layer_11_B_120	366.2873
layer_11_B_121	367.5384
layer_11_B_122	368.5441
layer_11_B_123	369.0644
layer_11_B_124	369.0670
layer_11_B_125	368.5582
layer_11_B_126	367.5537
layer_11_B_127	366.3031
layer_12_TB_0	365.9761
layer_12_TB_1	367.2269
layer_12_TB_2	368.2309
layer_12_TB_3	368.7473
layer_12_TB_4	368.7513
layer_12_TB_5	368.2380
layer_12_TB_6	367.2337
layer_12_TB_7	365.9845
layer_12_TB_8	366.3019
layer_12_TB_9	367.6548
layer_12_TB_10	368.7307
layer_12_TB_11	369.2870
layer_12_TB_12	369.2907
layer_12_TB_13	368.7410
layer_12_TB_14	367.6651
layer_12_TB_15	366.3158
layer_12_TB_16	366.2610
layer_12_TB_17	367.6078
layer_12_TB_18	368.6875
layer_12_TB_19	369.2452
layer_12_TB_20	369.2505
layer_12_TB_21	368.7008
layer_12_TB_22	367.6240
layer_12_TB_23	366.2772
layer_12_TB_24	365.8888
layer_12_TB_25	367.1403
layer_12_TB_26	368.1423
layer_12_TB_27	368.6598
layer_12_TB_28	368.6617
layer_12_TB_29	368.1555
layer_12_TB_30	367.1546
layer_12_TB_31	365.9039
layer_13_B_128	361.9836
layer_13_B_129	363.2344
layer_13_B_130	364.2036
layer_13_B_131	364.6939
layer_13_B_132	364.6904
layer_13_B_133	364.2068
layer_13_B_134	363.2362
layer_13_B_135	361.9894
layer_13_B_136	362.3256
layer_13_B_137	363.6945
layer_13_B_138	364.7325
layer_13_B_139	365.2674
layer_13_B_140	365.2638
layer_13_B_141	364.7434
layer_13_B_142	363.7059
layer_13_B_143	362.3385
layer_13_B_144	362.2955
layer_13_B_145	363.6471
layer_13_B_146	364.6953
layer_13_B_147	365.2289
layer_13_B_148	365.2288
layer_13_B_149	364.7023
layer_13_B_150	363.6617
layer_13_B_151	362.3064
layer_13_B_152	361.9031
layer_13_B_153	363.1591
layer_13_B_154	364.1243
layer_13_B_155	364.6141
layer_13_B_156	364.6090
layer_13_B_157	364.1282
layer_13_B_158	363.1644
layer_13_B_159	361.9116
layer_14_TB_0	361.4682
layer_14_TB_1	362.7201
layer_14_TB_2	363.6850
layer_14_TB_3	364.1724
layer_14_TB_4	364.1689
layer_14_TB_5	363.6882
layer_14_TB_6	362.7219
layer_14_TB_7	361.4739
layer_14_TB_8	361.8131
layer_14_TB_9	363.1838
layer_14_TB_10	364.2183
layer_14_TB_11	364.7503
layer_14_TB_12	364.7468
layer_14_TB_13	364.2290
layer_14_TB_14	363.1950
layer_14_TB_15	361.8258
layer_14_TB_16	361.7836
layer_14_TB_17	363.1375
layer_14_TB_18	364.1819
layer_14_TB_19	364.7126
layer_14_TB_20	364.7126
layer_14_TB_21	364.1887
layer_14_TB_22	363.1518
layer_14_TB_23	361.7943
layer_14_TB_24	361.3894
layer_14_TB_25	362.6463
layer_14_TB_26	363.6073
layer_14_TB_27	364.0942
layer_14_TB_28	364.0892
layer_14_TB_29	363.6111
layer_14_TB_30	362.6515
layer_14_TB_31	361.3977
layer_15_B_160	356.3140
layer_15_B_161	357.5771
layer_15_B_162	358.4985
layer_15_B_163	358.9572
layer_15_B_164	358.9546
layer_15_B_165	358.5012
layer_15_B_166	357.5789
layer_15_B_167	356.3187
layer_15_B_168	356.6879
layer_15_B_169	358.0775
layer_15_B_170	359.0762
layer_15_B_171	359.5799
layer_15_B_172	359.5774
layer_15_B_173	359.0844
layer_15_B_174	358.0864
layer_15_B_175	356.6979
layer_15_B_176	356.6643
layer_15_B_177	358.0419
layer_15_B_178	359.0474
layer_15_B_179	359.5503
layer_15_B_180	359.5503
layer_15_B_181	359.0530
layer_15_B_182	358.0531
layer_15_B_183	356.6730
layer_15_B_184	356.2519
layer_15_B_185	357.5183
layer_15_B_186	358.4369
layer_15_B_187	358.8951
layer_15_B_188	358.8915
layer_15_B_189	358.4401
layer_15_B_190	357.5228
layer_15_B_191	356.2587
layer_16_TB_0	355.7583
layer_16_TB_1	357.0231
layer_16_TB_2	357.9399
layer_16_TB_3	358.3954
layer_16_TB_4	358.3929
layer_16_TB_5	357.9425
layer_16_TB_6	357.0250
layer_16_TB_7	355.7629
layer_16_TB_8	356.1356
layer_16_TB_9	357.5281
layer_16_TB_10	358.5229
layer_16_TB_11	359.0236
layer_16_TB_12	359.0212
layer_16_TB_13	358.5309
layer_16_TB_14	357.5367
layer_16_TB_15	356.1453
layer_16_TB_16	356.1126
layer_16_TB_17	357.4934
layer_16_TB_18	358.4949
layer_16_TB_19	358.9948
layer_16_TB_20	358.9947
layer_16_TB_21	358.5003
layer_16_TB_22	357.5043
layer_16_TB_23	356.1210
layer_16_TB_24	355.6979
layer_16_TB_25	356.9659
layer_16_TB_26	357.8799
layer_16_TB_27	358.3349
layer_16_TB_28	358.3314
layer_16_TB_29	357.8830
layer_16_TB_30	356.9703
layer_16_TB_31	355.7045
layer_17_B_192	350.2010
layer_17_B_193	351.4840
layer_17_B_194	352.3534
layer_17_B_195	352.7775
layer_17_B_196	352.7759
layer_17_B_197	352.3554
layer_17_B_198	351.4857
layer_17_B_199	350.2046
layer_17_B_200	350.6118
layer_17_B_201	352.0339
layer_17_B_202	352.9897
layer_17_B_203	353.4603
layer_17_B_204	353.4588
layer_17_B_205	352.9955
layer_17_B_206	352.0403
layer_17_B_207	350.6190
layer_17_B_208	350.5949
layer_17_B_209	352.0092
layer_17_B_210	352.9693
layer_17_B_211	353.4394
layer_17_B_212	353.4394
layer_17_B_213	352.9734
layer_17_B_214	352.0171
layer_17_B_215	350.6013
layer_17_B_216	350.1572
layer_17_B_217	351.4420
layer_17_B_218	352.3095
layer_17_B_219	352.7332
layer_17_B_220	352.7309
layer_17_B_221	352.3118
layer_17_B_222	351.4454
layer_17_B_223	350.1623
layer_18_TB_0	349.6077
layer_18_TB_1	350.8933
layer_18_TB_2	351.7575
layer_18_TB_3	352.1782
layer_18_TB_4	352.1767
layer_18_TB_5	351.7595
layer_18_TB_6	350.8949
layer_18_TB_7	349.6112
layer_18_TB_8	350.0223
layer_18_TB_9	351.4485
layer_18_TB_10	352.4001
layer_18_TB_11	352.8675
layer_18_TB_12	352.8660
layer_18_TB_13	352.4056
layer_18_TB_14	351.4547
layer_18_TB_15	350.0293
layer_18_TB_16	350.0060
layer_18_TB_17	351.4247
layer_18_TB_18	352.3804
layer_18_TB_19	352.8473
layer_18_TB_20	352.8473
layer_18_TB_21	352.3843
layer_18_TB_22	351.4324
layer_18_TB_23	350.0122
layer_18_TB_24	349.5656
layer_18_TB_25	350.8528
layer_18_TB_26	351.7152
layer_18_TB_27	352.1355
layer_18_TB_28	352.1333
layer_18_TB_29	351.7174
layer_18_TB_30	350.8561
layer_18_TB_31	349.5704
layer_19_B_224	343.6745
layer_19_B_225	344.9860
layer_19_B_226	345.7985
layer_19_B_227	346.1853
layer_19_B_228	346.1845
layer_19_B_229	345.7999
layer_19_B_230	344.9874
layer_19_B_231	343.6770
layer_19_B_232	344.1274
layer_19_B_233	345.5946
layer_19_B_234	346.5039
layer_19_B_235	346.9394
layer_19_B_236	346.9388
layer_19_B_237	346.5073
layer_19_B_238	345.5986
layer_19_B_239	344.1318
layer_19_B_240	344.1173
layer_19_B_241	345.5803
layer_19_B_242	346.4917
layer_19_B_243	346.9270
layer_19_B_244	346.9271
layer_19_B_245	346.4943
layer_19_B_246	345.5851
layer_19_B_247	344.1213
layer_19_B_248	343.6489
layer_19_B_249	344.9608
layer_19_B_250	345.7721
layer_19_B_251	346.1587
layer_19_B_252	346.1575
layer_19_B_253	345.7737
layer_19_B_254	344.9631
layer_19_B_255	343.6521
layer_20_TB_0	343.0464
layer_20_TB_1	344.3614
layer_20_TB_2	345.1681
layer_20_TB_3	345.5513
layer_20_TB_4	345.5506
layer_20_TB_5	345.1695
layer_20_TB_6	344.3627
layer_20_TB_7	343.0487
layer_20_TB_8	343.5035
layer_20_TB_9	344.9761
layer_20_TB_10	345.8808
layer_20_TB_11	346.3130
layer_20_TB_12	346.3124
layer_20_TB_13	345.8840
layer_20_TB_14	344.9799
layer_20_TB_15	343.5077
layer_20_TB_16	343.4940
layer_20_TB_17	344.9628
layer_20_TB_18	345.8694
layer_20_TB_19	346.3013
layer_20_TB_20	346.3014
layer_20_TB_21	345.8718
layer_20_TB_22	344.9673
layer_20_TB_23	343.4979
layer_20_TB_24	343.0224
layer_20_TB_25	344.3376
layer_20_TB_26	345.1434
layer_20_TB_27	345.5263
layer_20_TB_28	345.5253
layer_20_TB_29	345.1449
layer_20_TB_30	344.3399
layer_20_TB_31	343.0255
hsp_TB_0	336.7649
hsp_TB_1	338.1146
hsp_TB_2	338.8647
hsp_TB_3	339.2115
hsp_TB_4	339.2115
hsp_TB_5	338.8654
hsp_TB_6	338.1156
hsp_TB_7	336.7662
hsp_TB_8	337.2651
hsp_TB_9	338.7917
hsp_TB_10	339.6502
hsp_TB_11	340.0488
hsp_TB_12	340.0489
hsp_TB_13	339.6514
hsp_TB_14	338.7933
hsp_TB_15	337.2668
hsp_TB_16	337.2618
hsp_TB_17	338.7876
hsp_TB_18	339.6463
hsp_TB_19	340.0448
hsp_TB_20	340.0450
hsp_TB_21	339.6473
hsp_TB_22	338.7894
hsp_TB_23	337.2636
hsp_TB_24	336.7574
hsp_TB_25	338.1062
hsp_TB_26	338.8559
hsp_TB_27	339.2026
hsp_TB_28	339.2026
hsp_TB_29	338.8566
hsp_TB_30	338.1074
hsp_TB_31	336.7588
hsink_TB_0	334.4646
hsink_TB_1	335.6098
hsink_TB_2	336.3049
hsink_TB_3	336.6323
hsink_TB_4	336.6324
hsink_TB_5	336.3053
hsink_TB_6	335.6105
hsink_TB_7	334.4653
hsink_TB_8	334.8452
hsink_TB_9	336.1536
hsink_TB_10	336.9547
hsink_TB_11	337.3333
hsink_TB_12	337.3334
hsink_TB_13	336.9553
hsink_TB_14	336.1545
hsink_TB_15	334.8462
hsink_TB_16	334.8442
hsink_TB_17	336.1523
hsink_TB_18	336.9533
hsink_TB_19	337.3318
hsink_TB_20	337.3320
hsink_TB_21	336.9539
hsink_TB_22	336.1532
hsink_TB_23	334.8451
hsink_TB_24	334.4620
hsink_TB_25	335.6067
hsink_TB_26	336.3015
hsink_TB_27	336.6289
hsink_TB_28	336.6290
hsink_TB_29	336.3020
hsink_TB_30	335.6074
hsink_TB_31	334.4628
inode_0	331.1654
inode_1	331.1662
inode_2	332.0415
inode_3	332.0446
inode_4	331.1070
inode_5	331.1077
inode_6	331.9938
inode_7	331.9970
inode_8	329.2889
inode_9	329.2895
inode_10	329.7994
inode_11	329.8021
inode_12	374.4088
inode_13	374.4189
inode_14	373.9693
inode_15	373.9934
inode_16	374.3769
inode_17	374.3869
inode_18	373.9597
inode_19	373.9839
inode_20	368.4222
inode_21	368.4290
inode_22	372.2901
inode_23	372.3111
inode_24	351.6884
inode_25	351.6930
inode_26	352.1242
inode_27	352.1373
