pcb_C_0	328.4648
pcb_C_1	329.1968
pcb_C_2	329.5293
pcb_C_3	329.6655
pcb_C_4	329.6639
pcb_C_5	329.5301
pcb_C_6	329.2025
pcb_C_7	328.4720
pcb_C_8	328.2034
pcb_C_9	328.8669
pcb_C_10	329.2152
pcb_C_11	329.3708
pcb_C_12	329.3704
pcb_C_13	329.2166
pcb_C_14	328.8715
pcb_C_15	328.2095
pcb_C_16	327.7071
pcb_C_17	328.0117
pcb_C_18	328.2385
pcb_C_19	328.3585
pcb_C_20	328.3587
pcb_C_21	328.2399
pcb_C_22	328.0149
pcb_C_23	327.7119
pcb_C_24	327.3344
pcb_C_25	327.3506
pcb_C_26	327.4497
pcb_C_27	327.5187
pcb_C_28	327.5190
pcb_C_29	327.4507
pcb_C_30	327.3528
pcb_C_31	327.3382
solder_C_0	328.8195
solder_C_1	329.4916
solder_C_2	329.8301
solder_C_3	329.9721
solder_C_4	329.9677
solder_C_5	329.8299
solder_C_6	329.5005
solder_C_7	328.8307
solder_C_8	328.6006
solder_C_9	329.2108
solder_C_10	329.5663
solder_C_11	329.7290
solder_C_12	329.7279
solder_C_13	329.5674
solder_C_14	329.2157
solder_C_15	328.6073
solder_C_16	327.7413
solder_C_17	327.9550
solder_C_18	328.1926
solder_C_19	328.3220
solder_C_20	328.3222
solder_C_21	328.1939
solder_C_22	327.9582
solder_C_23	327.7462
solder_C_24	327.2679
solder_C_25	327.1890
solder_C_26	327.3009
solder_C_27	327.3802
solder_C_28	327.3805
solder_C_29	327.3020
solder_C_30	327.1912
solder_C_31	327.2717
sub_C_0	328.8969
sub_C_1	329.5731
sub_C_2	329.9187
sub_C_3	330.0633
sub_C_4	330.0571
sub_C_5	329.9180
sub_C_6	329.5838
sub_C_7	328.9105
sub_C_8	328.7404
sub_C_9	329.3625
sub_C_10	329.7247
sub_C_11	329.8898
sub_C_12	329.8888
sub_C_13	329.7257
sub_C_14	329.3672
sub_C_15	328.7470
sub_C_16	327.6407
sub_C_17	327.8885
sub_C_18	328.1371
sub_C_19	328.2702
sub_C_20	328.2703
sub_C_21	328.1385
sub_C_22	327.8916
sub_C_23	327.6455
sub_C_24	327.1437
sub_C_25	327.1093
sub_C_26	327.2343
sub_C_27	327.3180
sub_C_28	327.3182
sub_C_29	327.2354
sub_C_30	327.1114
sub_C_31	327.1474
layer_3_C_0	329.5691
layer_3_C_1	330.3433
layer_3_C_2	330.7510
layer_3_C_3	330.9175
layer_3_C_4	330.8923
layer_3_C_5	330.7444
layer_3_C_6	330.3716
layer_3_C_7	329.6058
layer_3_C_8	330.1027
layer_3_C_9	330.8936
layer_3_C_10	331.3206
layer_3_C_11	331.5108
layer_3_C_12	331.5094
layer_3_C_13	331.3211
layer_3_C_14	330.8962
layer_3_C_15	330.1066
layer_3_C_16	326.6110
layer_3_C_17	327.1952
layer_3_C_18	327.5522
layer_3_C_19	327.7198
layer_3_C_20	327.7200
layer_3_C_21	327.5535
layer_3_C_22	327.1980
layer_3_C_23	326.6148
layer_3_C_24	325.9547
layer_3_C_25	326.3235
layer_3_C_26	326.5755
layer_3_C_27	326.6995
layer_3_C_28	326.6998
layer_3_C_29	326.5765
layer_3_C_30	326.3255
layer_3_C_31	325.9576
layer_4_TB_0	329.4119
layer_4_TB_1	330.1860
layer_4_TB_2	330.5928
layer_4_TB_3	330.7596
layer_4_TB_4	330.7360
layer_4_TB_5	330.5867
layer_4_TB_6	330.2127
layer_4_TB_7	329.4467
layer_4_TB_8	329.8997
layer_4_TB_9	330.6909
layer_4_TB_10	331.1180
layer_4_TB_11	331.3082
layer_4_TB_12	331.3069
layer_4_TB_13	331.1186
layer_4_TB_14	330.6937
layer_4_TB_15	329.9038
layer_4_TB_16	326.6086
layer_4_TB_17	327.1934
layer_4_TB_18	327.5505
layer_4_TB_19	327.7180
layer_4_TB_20	327.7183
layer_4_TB_21	327.5518
layer_4_TB_22	327.1962
layer_4_TB_23	326.6124
layer_4_TB_24	325.9533
layer_4_TB_25	326.3226
layer_4_TB_26	326.5746
layer_4_TB_27	326.6987
layer_4_TB_28	326.6990
layer_4_TB_29	326.5757
layer_4_TB_30	326.3246
layer_4_TB_31	325.9562
hsp_TB_0	327.8407
hsp_TB_1	328.6125
hsp_TB_2	329.0112
hsp_TB_3	329.1806
hsp_TB_4	329.1735
hsp_TB_5	329.0103
hsp_TB_6	328.6241
hsp_TB_7	327.8559
hsp_TB_8	327.8695
hsp_TB_9	328.6646
hsp_TB_10	329.0924
hsp_TB_11	329.2827
hsp_TB_12	329.2817
hsp_TB_13	329.0934
hsp_TB_14	328.6689
hsp_TB_15	327.8753
hsp_TB_16	326.5848
hsp_TB_17	327.1747
hsp_TB_18	327.5328
hsp_TB_19	327.7007
hsp_TB_20	327.7010
hsp_TB_21	327.5342
hsp_TB_22	327.1774
hsp_TB_23	326.5886
hsp_TB_24	325.9392
hsp_TB_25	326.3132
hsp_TB_26	326.5663
hsp_TB_27	326.6907
hsp_TB_28	326.6910
hsp_TB_29	326.5674
hsp_TB_30	326.3151
hsp_TB_31	325.9421
hsink_TB_0	327.1830
hsink_TB_1	327.9240
hsink_TB_2	328.3178
hsink_TB_3	328.4881
hsink_TB_4	328.4863
hsink_TB_5	328.3187
hsink_TB_6	327.9302
hsink_TB_7	327.1912
hsink_TB_8	327.1156
hsink_TB_9	327.8801
hsink_TB_10	328.3058
hsink_TB_11	328.4960
hsink_TB_12	328.4957
hsink_TB_13	328.3072
hsink_TB_14	327.8843
hsink_TB_15	327.1212
hsink_TB_16	326.4916
hsink_TB_17	327.0771
hsink_TB_18	327.4350
hsink_TB_19	327.6030
hsink_TB_20	327.6032
hsink_TB_21	327.4364
hsink_TB_22	327.0799
hsink_TB_23	326.4954
hsink_TB_24	325.9249
hsink_TB_25	326.3001
hsink_TB_26	326.5536
hsink_TB_27	326.6780
hsink_TB_28	326.6783
hsink_TB_29	326.5546
hsink_TB_30	326.3021
hsink_TB_31	325.9278
inode_0	325.3389
inode_1	325.3434
inode_2	324.7344
inode_3	326.1918
inode_4	325.3228
inode_5	325.3273
inode_6	324.7264
inode_7	326.1789
inode_8	324.6770
inode_9	324.6811
inode_10	323.9699
inode_11	325.2553
inode_12	328.0258
inode_13	328.0324
inode_14	326.9817
inode_15	329.1751
inode_16	328.0233
inode_17	328.0299
inode_18	326.9815
inode_19	329.1743
inode_20	327.3957
inode_21	327.4012
inode_22	326.9206
inode_23	329.0614
inode_24	325.2370
inode_25	325.2412
inode_26	324.4290
inode_27	325.9616
