C_0	C_1	C_2	C_3	C_4	C_5	C_6	C_7	C_8	C_9	C_10	C_11	C_12	C_13	C_14	C_15	C_16	C_17	C_18	C_19	C_20	C_21	C_22	C_23	C_24	C_25	C_26	C_27	C_28	C_29	C_30	C_31	
68.33	69.22	69.22	68.38	69.17	70.50	70.50	69.14	69.13	70.48	70.47	69.15	68.41	69.29	69.28	68.35	66.38	67.26	67.24	66.42	67.16	68.43	68.38	67.09	67.13	68.43	68.39	67.09	66.36	67.17	67.14	66.29
68.36	69.26	69.27	68.46	69.16	70.43	70.42	69.12	69.08	70.38	70.35	69.10	68.56	69.41	69.35	68.41	66.19	67.11	67.10	66.28	66.86	68.07	68.05	66.79	66.80	68.07	68.05	66.82	66.16	66.94	66.93	66.05
68.37	69.28	69.29	68.52	69.15	70.35	70.34	69.08	69.02	70.28	70.26	69.08	68.64	69.48	69.40	68.45	66.10	67.04	67.04	66.22	66.70	67.84	67.83	66.60	66.60	67.83	67.83	66.66	66.06	66.80	66.79	65.92
68.39	69.30	69.31	68.56	69.14	70.29	70.28	69.05	68.98	70.20	70.18	69.06	68.71	69.52	69.44	68.48	66.05	66.99	66.99	66.20	66.60	67.68	67.67	66.48	66.45	67.66	67.65	66.54	65.99	66.71	66.69	65.83
68.40	69.31	69.32	68.61	69.14	70.24	70.22	69.02	68.94	70.14	70.12	69.05	68.76	69.56	69.47	68.50	66.01	66.96	66.97	66.18	66.52	67.56	67.54	66.38	66.35	67.52	67.52	66.45	65.95	66.64	66.62	65.76
68.41	69.32	69.33	68.64	69.14	70.19	70.18	69.00	68.91	70.08	70.06	69.04	68.80	69.59	69.50	68.52	65.99	66.94	66.95	66.18	66.47	67.46	67.45	66.31	66.26	67.41	67.42	66.39	65.92	66.58	66.57	65.72
68.42	69.32	69.34	68.67	69.14	70.15	70.14	68.98	68.88	70.04	70.02	69.04	68.84	69.61	69.52	68.53	65.98	66.93	66.94	66.19	66.44	67.38	67.37	66.26	66.20	67.32	67.33	66.34	65.90	66.55	66.53	65.68
68.31	69.20	69.23	68.59	69.01	69.99	69.97	68.82	68.71	69.85	69.85	68.92	68.73	69.47	69.47	68.47	65.97	66.93	66.94	66.20	66.41	67.32	67.30	66.21	66.15	67.25	67.26	66.31	65.90	66.52	66.50	65.66
68.30	69.19	69.21	68.59	69.00	69.94	69.92	68.77	68.69	69.80	69.82	68.93	68.75	69.49	69.46	68.46	65.96	66.92	66.94	66.21	66.39	67.27	67.25	66.17	66.10	67.19	67.20	66.28	65.89	66.49	66.47	65.64
68.31	69.19	69.22	68.62	69.00	69.91	69.88	68.76	68.68	69.78	69.79	68.94	68.78	69.51	69.48	68.48	65.96	66.92	66.94	66.22	66.38	67.22	67.20	66.14	66.07	67.13	67.14	66.25	65.89	66.47	66.45	65.62
68.08	68.95	68.98	68.40	68.76	69.63	69.60	68.50	68.66	69.74	69.76	68.94	68.81	69.52	69.48	68.48	65.96	66.91	66.94	66.24	66.37	67.18	67.16	66.12	66.03	67.08	67.10	66.23	65.89	66.46	66.43	65.61
68.05	68.92	68.96	68.39	68.73	69.57	69.54	68.46	68.64	69.71	69.73	68.94	68.83	69.53	69.49	68.49	65.96	66.91	66.94	66.25	66.37	67.15	67.12	66.09	66.00	67.03	67.05	66.22	65.90	66.44	66.42	65.60
68.04	68.90	68.94	68.39	68.71	69.53	69.49	68.42	68.62	69.68	69.71	68.94	68.85	69.53	69.49	68.49	65.96	66.91	66.94	66.27	66.36	67.11	67.08	66.07	65.97	66.99	67.01	66.21	65.90	66.43	66.40	65.59
68.02	68.88	68.92	68.39	68.70	69.49	69.45	68.39	68.61	69.66	69.69	68.95	68.87	69.54	69.50	68.50	65.96	66.90	66.94	66.28	66.36	67.08	67.05	66.05	65.95	66.95	66.97	66.19	65.91	66.42	66.39	65.58
68.02	68.88	68.92	68.41	68.70	69.46	69.42	68.38	68.60	69.63	69.66	68.95	68.89	69.54	69.50	68.50	65.95	66.90	66.93	66.29	66.36	67.06	67.02	66.03	65.92	66.91	66.94	66.18	65.91	66.41	66.37	65.57
68.02	68.87	68.92	68.42	68.69	69.43	69.39	68.36	68.58	69.61	69.64	68.96	68.91	69.55	69.50	68.50	65.95	66.89	66.93	66.31	66.36	67.03	66.99	66.01	65.90	66.88	66.90	66.17	65.91	66.40	66.36	65.56
68.02	68.87	68.92	68.43	68.70	69.41	69.37	68.35	68.57	69.59	69.63	68.97	68.92	69.55	69.50	68.51	65.95	66.89	66.93	66.32	66.36	67.01	66.97	66.00	65.88	66.84	66.87	66.17	65.92	66.39	66.34	65.55
68.01	68.86	68.92	68.45	68.70	69.39	69.34	68.33	68.56	69.57	69.61	68.97	68.94	69.55	69.50	68.51	65.94	66.88	66.93	66.33	66.36	66.99	66.94	65.98	65.86	66.81	66.84	66.16	65.92	66.38	66.33	65.54
68.01	68.86	68.92	68.46	68.70	69.37	69.32	68.32	68.55	69.55	69.60	68.98	68.96	69.55	69.49	68.51	65.94	66.87	66.92	66.34	66.36	66.97	66.92	65.97	65.84	66.78	66.81	66.15	65.93	66.37	66.32	65.53
68.01	68.85	68.91	68.47	68.70	69.35	69.29	68.30	68.54	69.53	69.58	68.99	68.97	69.56	69.49	68.51	65.94	66.87	66.92	66.35	66.37	66.95	66.90	65.95	65.82	66.75	66.79	66.14	65.93	66.36	66.30	65.52
68.01	68.85	68.91	68.49	68.70	69.33	69.27	68.29	68.53	69.52	69.57	69.00	68.99	69.56	69.49	68.51	65.93	66.86	66.91	66.36	66.37	66.93	66.88	65.94	65.80	66.72	66.76	66.14	65.93	66.35	66.29	65.51
68.01	68.84	68.91	68.50	68.71	69.32	69.25	68.28	68.52	69.50	69.56	69.01	69.00	69.56	69.49	68.51	65.93	66.85	66.91	66.37	66.37	66.92	66.86	65.93	65.78	66.69	66.73	66.13	65.94	66.34	66.28	65.50
68.04	68.88	68.94	68.54	68.73	69.35	69.25	68.30	68.49	69.47	69.52	68.99	69.01	69.54	69.47	68.50	65.93	66.86	66.90	66.39	66.37	66.91	66.83	65.91	65.75	66.65	66.72	66.14	65.94	66.35	66.27	65.52
68.01	68.83	68.91	68.52	68.72	69.29	69.22	68.26	68.51	69.47	69.54	69.03	69.03	69.56	69.48	68.51	65.91	66.83	66.89	66.38	66.38	66.88	66.82	65.90	65.74	66.63	66.68	66.12	65.94	66.31	66.25	65.48
68.00	68.83	68.91	68.53	68.72	69.27	69.20	68.25	68.50	69.46	69.53	69.03	69.04	69.55	69.47	68.50	65.91	66.82	66.89	66.39	66.38	66.87	66.80	65.89	65.72	66.61	66.66	66.11	65.94	66.30	66.24	65.47
68.00	68.83	68.91	68.55	68.73	69.26	69.18	68.24	68.49	69.44	69.52	69.04	69.05	69.55	69.46	68.50	65.90	66.81	66.88	66.39	66.38	66.86	66.78	65.88	65.71	66.58	66.64	66.11	65.94	66.30	66.22	65.47
68.00	68.82	68.91	68.56	68.73	69.25	69.17	68.23	68.48	69.43	69.51	69.05	69.06	69.55	69.46	68.50	65.89	66.80	66.87	66.40	66.39	66.84	66.76	65.87	65.69	66.56	66.62	66.10	65.95	66.29	66.21	65.46
68.00	68.82	68.91	68.57	68.73	69.24	69.15	68.22	68.48	69.42	69.50	69.06	69.07	69.54	69.45	68.49	65.89	66.79	66.86	66.40	66.39	66.83	66.75	65.86	65.67	66.53	66.60	66.10	65.95	66.28	66.20	65.45
68.00	68.81	68.91	68.58	68.74	69.23	69.14	68.21	68.47	69.41	69.50	69.06	69.08	69.54	69.44	68.49	65.88	66.77	66.86	66.41	66.39	66.82	66.73	65.85	65.66	66.51	66.58	66.09	65.95	66.27	66.18	65.44
67.99	68.81	68.91	68.59	68.74	69.22	69.12	68.20	68.46	69.40	69.49	69.07	69.09	69.54	69.44	68.48	65.87	66.76	66.85	66.41	66.39	66.81	66.72	65.84	65.64	66.48	66.56	66.09	65.95	66.26	66.17	65.43
67.99	68.80	68.91	68.60	68.75	69.20	69.11	68.19	68.46	69.38	69.48	69.08	69.10	69.53	69.43	68.48	65.86	66.75	66.84	66.42	66.40	66.79	66.70	65.83	65.63	66.46	66.54	66.09	65.95	66.25	66.16	65.42
68.22	69.04	68.91	68.61	68.75	69.19	69.34	68.42	68.45	69.37	69.47	69.09	69.11	69.53	69.42	68.47	65.85	66.74	66.83	66.42	66.40	66.78	66.69	65.82	65.61	66.44	66.52	66.08	65.95	66.24	66.15	65.41
68.25	69.07	69.15	68.86	68.76	69.19	69.35	68.44	68.44	69.37	69.47	69.09	69.12	69.52	69.41	68.47	65.85	66.73	66.82	66.43	66.40	66.77	66.67	65.81	65.60	66.42	66.50	66.08	65.95	66.23	66.13	65.40
68.27	69.08	69.18	68.90	68.76	69.18	69.36	68.45	68.44	69.36	69.46	69.10	69.12	69.52	69.41	68.47	65.84	66.71	66.81	66.43	66.41	66.76	66.66	65.80	65.58	66.40	66.48	66.07	65.95	66.22	66.12	65.39
68.04	68.84	69.20	68.92	68.77	69.17	69.11	68.22	68.43	69.35	69.46	69.11	69.13	69.52	69.40	68.46	65.83	66.70	66.81	66.43	66.41	66.75	66.64	65.79	65.57	66.38	66.46	66.07	65.95	66.21	66.11	65.38
68.01	68.82	68.96	68.70	68.77	69.16	69.08	68.19	68.42	69.34	69.45	69.12	69.14	69.51	69.39	68.46	65.82	66.69	66.80	66.43	66.41	66.74	66.63	65.78	65.55	66.36	66.45	66.06	65.95	66.20	66.10	65.37
68.00	68.80	68.94	68.68	69.01	69.39	69.05	68.17	68.42	69.33	69.45	69.12	69.15	69.51	69.38	68.45	65.81	66.68	66.79	66.44	66.41	66.73	66.62	65.77	65.54	66.34	66.43	66.06	65.95	66.19	66.08	65.37
67.99	68.79	68.93	68.68	69.05	69.42	69.04	68.15	68.41	69.32	69.44	69.13	69.15	69.50	69.37	68.44	65.80	66.66	66.78	66.44	66.41	66.72	66.60	65.76	65.53	66.32	66.42	66.06	65.95	66.18	66.07	65.36
67.98	68.78	68.92	68.68	69.07	69.43	69.02	68.14	68.40	69.31	69.44	69.13	69.16	69.50	69.36	68.44	65.79	66.65	66.77	66.44	66.42	66.72	66.59	65.75	65.51	66.30	66.40	66.05	65.95	66.17	66.06	65.35
67.97	68.77	68.91	68.69	68.84	69.18	69.01	68.13	68.39	69.30	69.43	69.14	69.17	69.50	69.35	68.43	65.78	66.64	66.76	66.44	66.42	66.71	66.58	65.74	65.50	66.28	66.38	66.05	65.95	66.17	66.05	65.34
67.97	68.76	68.91	68.69	68.82	69.15	68.99	68.12	68.39	69.29	69.42	69.14	69.17	69.49	69.34	68.42	65.78	66.63	66.75	66.45	66.42	66.70	66.56	65.73	65.48	66.26	66.37	66.05	65.95	66.16	66.04	65.33
68.20	69.00	68.91	68.69	68.82	69.13	69.22	68.34	68.38	69.28	69.42	69.15	69.18	69.48	69.33	68.41	65.77	66.61	66.75	66.45	66.42	66.69	66.55	65.72	65.47	66.25	66.36	66.04	65.95	66.15	66.03	65.32
68.22	69.02	69.14	68.94	68.81	69.12	69.24	68.37	68.38	69.27	69.41	69.15	69.18	69.48	69.33	68.41	65.76	66.60	66.74	66.45	66.42	66.68	66.54	65.71	65.46	66.23	66.34	66.04	65.95	66.14	66.01	65.31
68.23	69.03	69.17	68.97	68.81	69.11	69.24	68.37	68.37	69.26	69.41	69.16	69.19	69.47	69.32	68.40	65.75	66.59	66.73	66.45	66.43	66.67	66.53	65.70	65.45	66.21	66.33	66.04	65.95	66.13	66.00	65.30
68.00	68.80	69.19	69.00	68.81	69.10	69.00	68.14	68.36	69.25	69.41	69.17	69.19	69.47	69.31	68.40	65.74	66.58	66.72	66.45	66.43	66.67	66.52	65.69	65.43	66.19	66.31	66.03	65.95	66.12	65.99	65.29
67.98	68.77	68.96	68.77	69.05	69.33	68.97	68.11	68.36	69.24	69.40	69.17	69.19	69.46	69.30	68.39	65.73	66.57	66.71	66.45	66.43	66.66	66.51	65.69	65.42	66.18	66.30	66.03	65.95	66.12	65.98	65.29
67.96	68.76	68.93	68.76	69.09	69.36	68.95	68.09	68.35	69.23	69.40	69.18	69.20	69.46	69.29	68.38	65.72	66.55	66.70	66.45	66.43	66.65	66.49	65.68	65.41	66.16	66.29	66.02	65.95	66.11	65.97	65.28
67.95	68.74	68.92	68.75	69.10	69.36	68.93	68.08	68.34	69.23	69.39	69.18	69.20	69.45	69.28	68.37	65.71	66.54	66.69	66.45	66.43	66.64	66.48	65.67	65.40	66.15	66.27	66.02	65.95	66.10	65.96	65.27
67.94	68.73	68.91	68.75	68.88	69.12	68.92	68.06	68.34	69.22	69.39	69.18	69.21	69.45	69.27	68.37	65.70	66.53	66.69	66.45	66.43	66.63	66.47	65.66	65.39	66.13	66.26	66.02	65.94	66.09	65.95	65.26
67.93	68.72	68.90	68.75	68.86	69.09	68.90	68.05	68.33	69.21	69.38	69.19	69.21	69.44	69.26	68.36	65.69	66.52	66.68	66.45	66.43	66.63	66.46	65.65	65.37	66.11	66.25	66.01	65.94	66.09	65.94	65.25
68.16	68.96	68.90	68.75	68.85	69.08	69.13	68.28	68.32	69.20	69.38	69.19	69.21	69.44	69.25	68.35	65.68	66.51	66.67	66.45	66.43	66.62	66.45	65.64	65.36	66.10	66.24	66.01	65.94	66.08	65.93	65.24
68.19	68.98	69.14	68.99	68.84	69.06	69.15	68.30	68.32	69.19	69.37	69.19	69.22	69.43	69.24	68.35	65.67	66.50	66.66	66.45	66.43	66.61	66.44	65.63	65.35	66.08	66.23	66.01	65.94	66.07	65.92	65.23
68.20	68.99	69.16	69.03	68.84	69.05	69.16	68.31	68.31	69.19	69.37	69.20	69.22	69.42	69.23	68.34	65.67	66.48	66.65	66.45	66.43	66.61	66.43	65.62	65.34	66.07	66.21	66.00	65.94	66.06	65.91	65.23
68.20	69.00	69.18	69.04	69.08	69.29	69.16	68.31	68.31	69.18	69.37	69.20	69.22	69.42	69.23	68.33	65.66	66.47	66.65	66.45	66.43	66.60	66.42	65.62	65.33	66.06	66.20	66.00	65.94	66.06	65.90	65.22
67.97	68.76	68.94	68.82	69.11	69.31	68.91	68.07	68.30	69.17	69.36	69.20	69.22	69.41	69.22	68.33	65.65	66.46	66.64	66.45	66.43	66.59	66.41	65.61	65.32	66.04	66.19	66.00	65.94	66.05	65.89	65.21
67.94	68.73	68.92	68.80	69.13	69.32	68.88	68.04	68.29	69.16	69.36	69.21	69.23	69.41	69.21	68.32	65.64	66.45	66.63	66.45	66.43	66.58	66.40	65.60	65.31	66.03	66.18	65.99	65.93	66.04	65.88	65.20
67.92	68.71	68.91	68.79	69.14	69.33	68.86	68.02	68.28	69.15	69.35	69.21	69.23	69.41	69.20	68.31	65.63	66.44	66.62	66.45	66.43	66.58	66.39	65.59	65.30	66.01	66.17	65.99	65.93	66.03	65.87	65.19
67.91	68.70	68.90	68.79	68.91	69.08	68.84	68.01	68.28	69.14	69.35	69.21	69.23	69.40	69.19	68.30	65.62	66.43	66.61	66.45	66.44	66.57	66.38	65.58	65.29	66.00	66.16	65.99	65.93	66.03	65.86	65.19
67.90	68.69	68.89	68.79	68.88	69.05	69.07	68.23	68.27	69.14	69.34	69.21	69.24	69.40	69.18	68.29	65.61	66.42	66.61	66.45	66.44	66.56	66.37	65.57	65.28	65.99	66.15	65.98	65.93	66.02	65.85	65.18
68.12	68.91	69.12	69.02	68.87	69.03	69.09	68.25	68.26	69.13	69.34	69.22	69.24	69.39	69.17	68.29	65.60	66.41	66.60	66.45	66.43	66.56	66.36	65.57	65.27	65.97	66.14	65.98	65.93	66.01	65.84	65.17
68.15	68.94	69.15	69.06	68.87	69.02	69.09	68.26	68.26	69.12	69.33	69.22	69.24	69.38	69.16	68.28	65.59	66.40	66.59	66.45	66.43	66.55	66.35	65.56	65.26	65.96	66.13	65.98	65.92	66.01	65.83	65.16
68.16	68.95	69.17	69.08	69.10	69.25	69.09	68.26	68.25	69.11	69.33	69.22	69.24	69.38	69.16	68.28	65.59	66.38	66.58	66.45	66.43	66.55	66.34	65.55	65.24	65.95	66.12	65.97	65.92	66.00	65.82	65.15
68.16	68.96	69.17	69.09	69.13	69.28	69.09	68.26	68.25	69.11	69.33	69.23	69.24	69.37	69.15	68.27	65.58	66.37	66.58	66.45	66.43	66.54	66.33	65.54	65.23	65.94	66.11	65.97	65.92	65.99	65.81	65.15
67.93	68.72	68.94	68.86	69.15	69.28	68.85	68.02	68.24	69.10	69.32	69.23	69.24	69.37	69.14	68.26	65.57	66.36	66.57	66.45	66.43	66.53	66.32	65.53	65.22	65.92	66.10	65.97	65.92	65.99	65.80	65.14
67.90	68.69	68.91	68.84	69.16	69.29	68.81	67.98	68.23	69.09	69.32	69.23	69.25	69.37	69.13	68.25	65.56	66.35	66.56	66.45	66.43	66.53	66.31	65.53	65.21	65.91	66.09	65.96	65.92	65.98	65.79	65.13
67.88	68.67	68.89	68.83	68.92	69.05	68.79	67.96	68.22	69.08	69.32	69.23	69.25	69.36	69.12	68.24	65.55	66.34	66.56	66.45	66.43	66.52	66.30	65.52	65.21	65.90	66.08	65.96	65.92	65.97	65.78	65.12
67.87	68.65	68.88	68.82	68.90	69.02	68.77	67.95	68.22	69.08	69.31	69.23	69.25	69.35	69.11	68.24	65.54	66.33	66.55	66.45	66.43	66.51	66.29	65.51	65.20	65.89	66.07	65.96	65.91	65.97	65.77	65.11
67.86	68.64	68.87	68.82	68.89	69.00	68.76	67.94	68.21	69.07	69.30	69.23	69.25	69.35	69.10	68.23	65.53	66.32	66.54	66.44	66.43	66.51	66.28	65.50	65.19	65.88	66.06	65.95	65.91	65.96	65.76	65.11
68.08	68.87	69.11	69.05	68.88	68.98	68.98	68.16	67.97	68.82	69.06	68.99	69.00	69.10	68.85	67.99	65.52	66.31	66.53	66.44	66.43	66.50	66.27	65.49	65.18	65.87	66.05	65.95	65.91	65.96	65.76	65.10
68.10	68.90	69.13	69.08	69.11	69.21	69.00	68.18	67.93	68.78	69.03	68.96	68.98	69.06	68.82	67.95	65.51	66.30	66.53	66.44	66.43	66.49	66.26	65.48	65.17	65.85	66.05	65.95	65.91	65.95	65.75	65.09
68.11	68.90	69.14	69.10	69.14	69.24	69.01	68.18	67.91	68.76	69.01	68.95	68.96	69.04	68.79	67.93	65.50	66.29	66.52	66.44	66.42	66.49	66.25	65.48	65.16	65.84	66.04	65.94	65.90	65.94	65.74	65.08
68.11	68.91	69.15	69.11	69.15	69.24	69.01	68.18	67.90	68.75	68.99	68.94	68.95	69.03	68.78	67.91	65.49	66.28	66.51	66.43	66.42	66.48	66.24	65.47	65.15	65.83	66.03	65.94	65.90	65.94	65.73	65.08
68.11	68.91	69.15	69.12	69.16	69.25	69.01	68.18	67.89	68.73	68.98	68.93	68.95	69.02	68.76	67.90	65.48	66.27	66.50	66.43	66.42	66.47	66.23	65.46	65.14	65.82	66.02	65.94	65.90	65.93	65.72	65.07
68.11	68.91	69.16	69.12	69.17	69.25	69.00	68.18	67.88	68.72	68.97	68.93	68.94	69.01	68.75	67.89	65.48	66.26	66.49	66.43	66.42	66.46	66.22	65.45	65.13	65.81	66.01	65.93	65.90	65.92	65.71	65.06
68.11	68.90	69.16	69.12	69.17	69.25	69.00	68.17	67.87	68.71	68.97	68.93	68.94	69.00	68.74	67.88	65.47	66.25	66.49	66.42	66.41	66.46	66.21	65.44	65.12	65.80	66.00	65.93	65.89	65.92	65.70	65.05
68.11	68.90	69.16	69.13	69.17	69.24	68.99	68.17	67.86	68.70	68.96	68.93	68.94	69.00	68.73	67.87	65.46	66.24	66.48	66.42	66.41	66.45	66.20	65.43	65.11	65.79	65.99	65.93	65.89	65.91	65.70	65.05
68.10	68.90	69.15	69.13	69.18	69.24	68.99	68.16	67.85	68.69	68.96	68.92	68.94	68.99	68.72	67.86	65.45	66.23	66.47	66.42	66.41	66.44	66.19	65.42	65.10	65.78	65.99	65.92	65.89	65.91	65.69	65.04
68.10	68.89	69.15	69.13	69.18	69.24	68.98	68.16	67.84	68.69	68.95	68.92	68.94	68.98	68.71	67.86	65.44	66.22	66.46	66.42	66.41	66.44	66.18	65.42	65.09	65.77	65.98	65.92	65.89	65.90	65.68	65.03
68.09	68.89	69.15	69.14	69.18	69.23	68.98	68.15	67.84	68.68	68.94	68.92	68.93	68.98	68.70	67.85	65.43	66.21	66.46	66.41	66.40	66.43	66.18	65.41	65.09	65.76	65.97	65.92	65.88	65.89	65.67	65.02
68.09	68.88	69.15	69.14	69.18	69.23	68.97	68.15	67.83	68.67	68.94	68.92	68.93	68.97	68.69	67.84	65.42	66.20	66.45	66.41	66.40	66.43	66.17	65.40	65.08	65.75	65.96	65.91	65.88	65.89	65.66	65.02
68.09	68.88	69.15	69.14	69.18	69.23	68.96	68.14	67.82	68.66	68.93	68.92	68.93	68.96	68.68	67.83	65.42	66.19	66.44	66.41	66.40	66.42	66.16	65.39	65.07	65.74	65.96	65.91	65.88	65.88	65.65	65.01
68.08	68.87	69.15	69.14	69.18	69.22	68.96	68.13	67.81	68.65	68.93	68.92	68.93	68.96	68.68	67.82	65.41	66.18	66.44	66.41	66.40	66.41	66.15	65.38	65.06	65.73	65.95	65.90	65.88	65.88	65.65	65.00
68.08	68.87	69.14	69.14	69.18	69.22	68.95	68.13	67.81	68.65	68.93	68.92	68.93	68.95	68.67	67.82	65.40	66.17	66.43	66.40	66.40	66.41	66.14	65.38	65.05	65.72	65.94	65.90	65.87	65.87	65.64	65.00
68.07	68.87	69.14	69.14	69.19	69.22	68.94	68.12	67.80	68.64	68.92	68.92	68.92	68.95	68.66	67.81	65.39	66.16	66.42	66.40	66.39	66.40	66.14	65.37	65.04	65.71	65.93	65.90	65.87	65.87	65.63	64.99
68.07	68.86	69.14	69.14	69.19	69.21	68.94	68.12	67.79	68.63	68.92	68.92	68.92	68.94	68.65	67.80	65.38	66.15	66.42	66.40	66.39	66.40	66.13	65.36	65.04	65.70	65.93	65.90	65.87	65.86	65.62	64.98
68.06	68.86	69.14	69.14	69.18	69.21	68.93	68.11	67.79	68.63	68.91	68.92	68.93	68.94	68.65	67.79	65.37	66.14	66.41	66.40	66.39	66.39	66.12	65.35	65.03	65.69	65.92	65.89	65.86	65.85	65.62	64.97
68.06	68.85	69.13	69.14	69.18	69.20	68.92	68.10	67.78	68.62	68.91	68.91	68.92	68.93	68.64	67.79	65.37	66.13	66.40	66.40	66.39	66.38	66.11	65.35	65.02	65.68	65.91	65.89	65.86	65.85	65.61	64.97
68.05	68.85	69.13	69.14	69.18	69.20	68.92	68.10	67.77	68.61	68.90	68.91	68.92	68.93	68.63	67.78	65.36	66.12	66.40	66.39	66.39	66.38	66.10	65.34	65.01	65.67	65.90	65.88	65.86	65.84	65.60	64.96
68.05	68.84	69.13	69.14	69.18	69.20	68.91	68.09	67.77	68.60	68.90	68.91	68.92	68.92	68.62	67.77	65.35	66.12	66.39	66.39	66.38	66.37	66.09	65.33	65.00	65.66	65.90	65.88	65.86	65.84	65.59	64.95
68.04	68.84	69.13	69.14	69.18	69.19	68.90	68.09	67.76	68.60	68.89	68.91	68.92	68.92	68.61	67.77	65.34	66.11	66.39	66.39	66.38	66.37	66.09	65.32	64.99	65.65	65.89	65.88	65.85	65.83	65.59	64.95
68.04	68.83	69.12	69.14	69.18	69.19	68.90	68.08	67.75	68.59	68.89	68.91	68.92	68.91	68.61	67.76	65.34	66.10	66.38	66.38	66.38	66.36	66.08	65.32	64.99	65.64	65.88	65.87	65.85	65.83	65.58	64.94
68.03	68.83	69.12	69.15	69.18	69.18	68.89	68.07	67.75	68.58	68.88	68.91	68.92	68.91	68.60	67.75	65.33	66.09	66.37	66.38	66.38	66.36	66.07	65.31	64.98	65.63	65.88	65.87	65.85	65.82	65.57	64.93
68.03	68.82	69.12	69.15	69.18	69.18	68.89	68.07	67.74	68.58	68.88	68.91	68.91	68.90	68.59	67.74	65.32	66.08	66.37	66.38	66.37	66.35	66.06	65.30	64.97	65.63	65.87	65.87	65.84	65.81	65.56	64.93
68.02	68.82	69.12	69.14	69.18	69.18	68.88	68.06	67.73	68.57	68.87	68.91	68.91	68.90	68.58	67.74	65.31	66.07	66.36	66.38	66.37	66.34	66.05	65.30	64.96	65.62	65.86	65.86	65.84	65.81	65.56	64.92
68.02	68.81	69.11	69.14	69.18	69.17	68.87	68.06	67.73	68.56	68.87	68.90	68.91	68.89	68.58	67.73	65.31	66.07	66.36	66.37	66.37	66.34	66.05	65.29	64.96	65.61	65.86	65.86	65.84	65.80	65.55	64.91
68.01	68.81	69.11	69.14	69.18	69.17	68.87	68.05	67.72	68.56	68.87	68.90	68.91	68.89	68.57	67.72	65.30	66.06	66.35	66.37	66.37	66.33	66.04	65.28	64.95	65.60	65.85	65.85	65.83	65.80	65.54	64.91
68.01	68.80	69.11	69.14	69.18	69.16	68.86	68.04	67.71	68.55	68.86	68.90	68.91	68.88	68.56	67.72	65.29	66.05	66.34	66.37	66.36	66.33	66.03	65.27	64.94	65.59	65.84	65.85	65.83	65.79	65.54	64.90
68.00	68.80	69.11	69.14	69.18	69.16	68.85	68.04	67.71	68.54	68.86	68.90	68.91	68.88	68.56	67.71	65.28	66.04	66.34	66.37	66.36	66.32	66.03	65.27	64.93	65.58	65.84	65.85	65.83	65.79	65.53	64.89
68.00	68.79	69.10	69.14	69.18	69.16	68.85	68.03	67.70	68.54	68.85	68.90	68.90	68.87	68.55	67.70	65.28	66.03	66.33	66.36	66.36	66.32	66.02	65.26	64.93	65.58	65.83	65.85	65.83	65.78	65.52	64.89
67.99	68.79	69.10	69.14	69.18	69.15	68.84	68.03	67.69	68.53	68.85	68.90	68.90	68.87	68.54	67.70	65.27	66.03	66.33	66.36	66.35	66.31	66.01	65.25	64.92	65.57	65.82	65.84	65.82	65.78	65.52	64.88
67.99	68.78	69.10	69.14	69.17	69.15	68.84	68.02	67.69	68.52	68.84	68.89	68.90	68.86	68.53	67.69	65.26	66.02	66.32	66.36	66.35	66.31	66.00	65.25	64.91	65.56	65.82	65.84	65.82	65.77	65.51	64.87
67.98	68.78	69.09	69.14	69.17	69.14	68.83	68.01	67.68	68.52	68.84	68.89	68.90	68.86	68.53	67.68	65.25	66.01	66.31	66.35	66.35	66.30	66.00	65.24	64.90	65.55	65.81	65.83	65.82	65.77	65.50	64.87
67.98	68.77	69.09	69.14	69.17	69.14	68.82	68.01	67.68	68.51	68.83	68.89	68.90	68.85	68.52	67.68	65.25	66.00	66.31	66.35	66.35	66.30	65.99	65.23	64.90	65.54	65.80	65.83	65.81	65.76	65.49	64.86
67.97	68.77	69.09	69.14	69.17	69.14	68.82	68.00	67.67	68.50	68.83	68.89	68.90	68.85	68.51	67.67	65.24	66.00	66.30	66.35	66.34	66.29	65.98	65.23	64.89	65.54	65.80	65.83	65.81	65.75	65.49	64.86
67.97	68.76	69.09	69.14	69.17	69.13	68.81	68.00	67.66	68.50	68.83	68.89	68.89	68.84	68.51	67.66	65.23	65.99	66.30	66.34	66.34	66.29	65.97	65.22	64.88	65.53	65.79	65.82	65.81	65.75	65.48	64.85
67.96	68.76	69.08	69.14	69.17	69.13	68.81	67.99	67.66	68.49	68.82	68.89	68.89	68.84	68.50	67.66	65.23	65.98	66.29	66.34	66.34	66.28	65.97	65.21	64.87	65.52	65.79	65.82	65.80	65.74	65.47	64.84
67.96	68.75	69.08	69.13	69.16	69.13	68.80	67.98	67.65	68.48	68.82	68.88	68.89	68.84	68.50	67.65	65.22	65.97	66.28	66.34	66.33	66.27	65.96	65.21	64.87	65.51	65.78	65.81	65.80	65.74	65.46	64.84
67.95	68.75	69.08	69.14	69.16	69.12	68.79	67.98	67.64	68.48	68.81	68.88	68.89	68.83	68.49	67.64	65.21	65.97	66.28	66.34	66.33	66.27	65.95	65.20	64.86	65.50	65.77	65.81	65.80	65.73	65.46	64.83
67.94	68.75	69.07	69.14	69.16	69.12	68.79	67.97	67.64	68.47	68.81	68.88	68.88	68.83	68.48	67.64	65.21	65.96	66.28	66.33	66.33	66.26	65.95	65.19	64.85	65.50	65.77	65.81	65.79	65.73	65.45	64.82
67.94	68.74	69.07	69.13	69.16	69.11	68.78	67.97	67.63	68.47	68.81	68.88	68.88	68.82	68.47	67.63	65.20	65.95	66.27	66.33	66.33	66.26	65.94	65.19	64.85	65.49	65.76	65.80	65.79	65.72	65.45	64.82
67.93	68.74	69.07	69.13	69.16	69.11	68.78	67.96	67.63	68.46	68.80	68.88	68.88	68.82	68.47	67.63	65.19	65.94	66.26	66.33	66.32	66.25	65.93	65.18	64.84	65.48	65.76	65.80	65.79	65.72	65.44	64.81
67.93	68.73	69.06	69.13	69.16	69.10	68.53	67.72	67.62	68.45	68.80	68.87	68.88	68.81	68.46	67.62	65.19	65.94	66.26	66.32	66.32	66.25	65.93	65.17	64.83	65.47	65.75	65.80	65.78	65.71	65.43	64.80
