Metric	Core0	Core1	Core2	Core3	Core4	Core5	Core6	Core7	Core8	Core9	Core10	Core11	Core12	Core13	Core14	Core15	Core16	Core17	Core18	Core19	Core20	Core21	Core22	Core23	Core24	Core25	Core26	Core27	Core28	Core29	Core30	Core31
total	6.627	10.286	2.412	2.363	2.274	2.275	1000.037	1000.037	1000.037	1000.037	1000.037	1000.037	1000.037	1000.037	1000.037	1000.037	1000.037	1000.037	1000.037	1000.037	1000.037	1000.037	1000.037	1000.037	3600133.739	3600133.739	3600133.739	3600133.739	3600133.739	3600133.739	3600133.739	3600133.739
base	0.250	0.250	0.250	0.250	0.250	0.250	0.000	0.000	0.000	0.000	0.000	0.000	0.000	0.000	0.000	0.000	0.000	0.000	0.000	0.000	0.000	0.000	0.000	0.000	0.000	0.000	0.000	0.000	0.000	0.000	0.000	0.000
dispatch_width	-
rs_full	-
depend	-
depend-int	-
depend-fp	0.143	0.141	0.137	0.138	0.139	0.139	0.000	0.000	0.000	0.000	0.000	0.000	0.000	0.000	0.000	0.000	0.000	0.000	0.000	0.000	0.000	0.000	0.000	0.000	0.000	0.000	0.000	0.000	0.000	0.000	0.000	0.000
depend-branch	-
issue	0.069	0.000	0.069	0.068	0.067	0.067	0.000	0.000	0.000	0.000	0.000	0.000	0.000	0.000	0.000	0.000	0.000	0.000	0.000	0.000	0.000	0.000	0.000	0.000	0.000	0.000	0.000	0.000	0.000	0.000	0.000	0.000
serial	-
smt	-
branch	0.154	0.192	0.649	0.619	0.572	0.579	0.000	0.000	0.000	0.000	0.000	0.000	0.000	0.000	0.000	0.000	0.000	0.000	0.000	0.000	0.000	0.000	0.000	0.000	0.000	0.000	0.000	0.000	0.000	0.000	0.000	0.000
itlb	-
dtlb	-
ifetch	-
mem	-
mem-l1d	-
mem-l2	-
mem-l3	-
mem-l4	-
mem-remote	-
mem-nuca	-
mem-dram-cache	-
mem-dram	0.855	0.989	1.243	1.223	1.183	1.177	0.000	0.000	0.000	0.000	0.000	0.000	0.000	0.000	0.000	0.000	0.000	0.000	0.000	0.000	0.000	0.000	0.000	0.000	0.000	0.000	0.000	0.000	0.000	0.000	0.000	0.000
sync	-
dvfs-transition	-
imbalance	5.116	8.604	0.000	0.000	0.000	0.000	998.037	998.037	1000.037	1000.037	1000.037	1000.037	1000.037	1000.037	1000.037	1000.037	1000.037	1000.037	1000.037	1000.037	1000.037	1000.037	1000.037	1000.037	3600133.739	3600133.739	3600133.739	3600133.739	3600133.739	3600133.739	3600133.739	3600133.739
other	0.040	0.110	0.065	0.065	0.063	0.064	2.000	2.000	0.000	0.000	0.000	0.000	0.000	0.000	0.000	0.000	0.000	0.000	0.000	0.000	0.000	0.000	0.000	0.000	0.000	0.000	0.000	0.000	0.000	0.000	0.000	0.000
