pcb_C_0	327.0355
pcb_C_1	327.6927
pcb_C_2	327.9817
pcb_C_3	328.0943
pcb_C_4	328.0841
pcb_C_5	327.9433
pcb_C_6	327.6120
pcb_C_7	326.9487
pcb_C_8	326.7353
pcb_C_9	327.2963
pcb_C_10	327.5887
pcb_C_11	327.7145
pcb_C_12	327.7030
pcb_C_13	327.5504
pcb_C_14	327.2258
pcb_C_15	326.6548
pcb_C_16	326.2940
pcb_C_17	326.5300
pcb_C_18	326.7118
pcb_C_19	326.8056
pcb_C_20	326.7963
pcb_C_21	326.6828
pcb_C_22	326.4803
pcb_C_23	326.2288
pcb_C_24	325.9736
pcb_C_25	325.9644
pcb_C_26	326.0380
pcb_C_27	326.0900
pcb_C_28	326.0840
pcb_C_29	326.0196
pcb_C_30	325.9322
pcb_C_31	325.9235
solder_C_0	327.3913
solder_C_1	328.0020
solder_C_2	328.2957
solder_C_3	328.4126
solder_C_4	328.4029
solder_C_5	328.2523
solder_C_6	327.8828
solder_C_7	327.2659
solder_C_8	327.0407
solder_C_9	327.5498
solder_C_10	327.8475
solder_C_11	327.9794
solder_C_12	327.9680
solder_C_13	327.8082
solder_C_14	327.4702
solder_C_15	326.9492
solder_C_16	326.3121
solder_C_17	326.4688
solder_C_18	326.6600
solder_C_19	326.7620
solder_C_20	326.7528
solder_C_21	326.6311
solder_C_22	326.4186
solder_C_23	326.2447
solder_C_24	325.9150
solder_C_25	325.8256
solder_C_26	325.9107
solder_C_27	325.9715
solder_C_28	325.9654
solder_C_29	325.8921
solder_C_30	325.7933
solder_C_31	325.8636
sub_C_0	327.4941
sub_C_1	328.1052
sub_C_2	328.4044
sub_C_3	328.5228
sub_C_4	328.5139
sub_C_5	328.3608
sub_C_6	327.9659
sub_C_7	327.3477
sub_C_8	327.1310
sub_C_9	327.6502
sub_C_10	327.9535
sub_C_11	328.0878
sub_C_12	328.0764
sub_C_13	327.9148
sub_C_14	327.5704
sub_C_15	327.0389
sub_C_16	326.2245
sub_C_17	326.4118
sub_C_18	326.6126
sub_C_19	326.7179
sub_C_20	326.7087
sub_C_21	326.5840
sub_C_22	326.3620
sub_C_23	326.1582
sub_C_24	325.8084
sub_C_25	325.7580
sub_C_26	325.8545
sub_C_27	325.9191
sub_C_28	325.9130
sub_C_29	325.8359
sub_C_30	325.7258
sub_C_31	325.7581
layer_3_C_0	328.4327
layer_3_C_1	329.1021
layer_3_C_2	329.4496
layer_3_C_3	329.5795
layer_3_C_4	329.5792
layer_3_C_5	329.4074
layer_3_C_6	328.7638
layer_3_C_7	328.0832
layer_3_C_8	327.9934
layer_3_C_9	328.6550
layer_3_C_10	329.0130
layer_3_C_11	329.1706
layer_3_C_12	329.1594
layer_3_C_13	328.9813
layer_3_C_14	328.5768
layer_3_C_15	327.9002
layer_3_C_16	325.3376
layer_3_C_17	325.8232
layer_3_C_18	326.1197
layer_3_C_19	326.2552
layer_3_C_20	326.2462
layer_3_C_21	326.0925
layer_3_C_22	325.7779
layer_3_C_23	325.2822
layer_3_C_24	324.7896
layer_3_C_25	325.0920
layer_3_C_26	325.2992
layer_3_C_27	325.3986
layer_3_C_28	325.3922
layer_3_C_29	325.2803
layer_3_C_30	325.0613
layer_3_C_31	324.7490
layer_4_TB_0	328.2674
layer_4_TB_1	328.9373
layer_4_TB_2	329.2842
layer_4_TB_3	329.4149
layer_4_TB_4	329.4138
layer_4_TB_5	329.2419
layer_4_TB_6	328.6162
layer_4_TB_7	327.9352
layer_4_TB_8	327.8455
layer_4_TB_9	328.5080
layer_4_TB_10	328.8662
layer_4_TB_11	329.0236
layer_4_TB_12	329.0125
layer_4_TB_13	328.8341
layer_4_TB_14	328.4301
layer_4_TB_15	327.7531
layer_4_TB_16	325.3358
layer_4_TB_17	325.8217
layer_4_TB_18	326.1183
layer_4_TB_19	326.2539
layer_4_TB_20	326.2449
layer_4_TB_21	326.0912
layer_4_TB_22	325.7765
layer_4_TB_23	325.2804
layer_4_TB_24	324.7884
layer_4_TB_25	325.0912
layer_4_TB_26	325.2985
layer_4_TB_27	325.3979
layer_4_TB_28	325.3916
layer_4_TB_29	325.2795
layer_4_TB_30	325.0605
layer_4_TB_31	324.7478
hsp_TB_0	326.6142
hsp_TB_1	327.2894
hsp_TB_2	327.6304
hsp_TB_3	327.7686
hsp_TB_4	327.7601
hsp_TB_5	327.5872
hsp_TB_6	327.1406
hsp_TB_7	326.4551
hsp_TB_8	326.3670
hsp_TB_9	327.0379
hsp_TB_10	327.3981
hsp_TB_11	327.5540
hsp_TB_12	327.5431
hsp_TB_13	327.3622
hsp_TB_14	326.9639
hsp_TB_15	326.2821
hsp_TB_16	325.3169
hsp_TB_17	325.8073
hsp_TB_18	326.1048
hsp_TB_19	326.2406
hsp_TB_20	326.2317
hsp_TB_21	326.0777
hsp_TB_22	325.7621
hsp_TB_23	325.2616
hsp_TB_24	324.7765
hsp_TB_25	325.0833
hsp_TB_26	325.2914
hsp_TB_27	325.3911
hsp_TB_28	325.3848
hsp_TB_29	325.2725
hsp_TB_30	325.0526
hsp_TB_31	324.7359
hsink_TB_0	325.9490
hsink_TB_1	326.5966
hsink_TB_2	326.9339
hsink_TB_3	327.0742
hsink_TB_4	327.0634
hsink_TB_5	326.8937
hsink_TB_6	326.5097
hsink_TB_7	325.8530
hsink_TB_8	325.7976
hsink_TB_9	326.4468
hsink_TB_10	326.8058
hsink_TB_11	326.9614
hsink_TB_12	326.9503
hsink_TB_13	326.7696
hsink_TB_14	326.3805
hsink_TB_15	325.7218
hsink_TB_16	325.2470
hsink_TB_17	325.7346
hsink_TB_18	326.0322
hsink_TB_19	326.1680
hsink_TB_20	326.1590
hsink_TB_21	326.0050
hsink_TB_22	325.6899
hsink_TB_23	325.1923
hsink_TB_24	324.7646
hsink_TB_25	325.0726
hsink_TB_26	325.2810
hsink_TB_27	325.3808
hsink_TB_28	325.3745
hsink_TB_29	325.2622
hsink_TB_30	325.0420
hsink_TB_31	324.7241
inode_0	324.2948
inode_1	324.2369
inode_2	323.7310
inode_3	325.0967
inode_4	324.2811
inode_5	324.2234
inode_6	323.7242
inode_7	325.0851
inode_8	323.7290
inode_9	323.6765
inode_10	323.0830
inode_11	324.2873
inode_12	326.5950
inode_13	326.5124
inode_14	325.6362
inode_15	327.7017
inode_16	326.5929
inode_17	326.5105
inode_18	325.6360
inode_19	327.7010
inode_20	326.0553
inode_21	325.9857
inode_22	325.5845
inode_23	327.5989
inode_24	324.2096
inode_25	324.1562
inode_26	323.4724
inode_27	324.9146
