pcb_LC_0	367.1142
pcb_LC_1	369.0102
pcb_LC_2	369.8413
pcb_LC_3	370.1730
pcb_LC_4	370.1733
pcb_LC_5	369.8421
pcb_LC_6	369.0112
pcb_LC_7	367.1153
pcb_LC_8	366.9613
pcb_LC_9	369.1220
pcb_LC_10	370.1525
pcb_LC_11	370.5778
pcb_LC_12	370.5782
pcb_LC_13	370.1537
pcb_LC_14	369.1237
pcb_LC_15	366.9628
pcb_LC_16	366.8134
pcb_LC_17	368.8511
pcb_LC_18	369.8318
pcb_LC_19	370.2401
pcb_LC_20	370.2406
pcb_LC_21	369.8330
pcb_LC_22	368.8529
pcb_LC_23	366.8151
pcb_LC_24	366.6741
pcb_LC_25	368.2967
pcb_LC_26	369.0278
pcb_LC_27	369.3266
pcb_LC_28	369.3270
pcb_LC_29	369.0287
pcb_LC_30	368.2982
pcb_LC_31	366.6756
solder_LC_0	370.3304
solder_LC_1	371.1348
solder_LC_2	371.6678
solder_LC_3	371.9341
solder_LC_4	371.9347
solder_LC_5	371.6692
solder_LC_6	371.1357
solder_LC_7	370.3314
solder_LC_8	370.3492
solder_LC_9	371.2739
solder_LC_10	371.9215
solder_LC_11	372.2520
solder_LC_12	372.2525
solder_LC_13	371.9237
solder_LC_14	371.2769
solder_LC_15	370.3512
solder_LC_16	370.0245
solder_LC_17	370.7634
solder_LC_18	371.3470
solder_LC_19	371.6560
solder_LC_20	371.6572
solder_LC_21	371.3489
solder_LC_22	370.7670
solder_LC_23	370.0271
solder_LC_24	369.4517
solder_LC_25	369.8436
solder_LC_26	370.2469
solder_LC_27	370.4716
solder_LC_28	370.4725
solder_LC_29	370.2480
solder_LC_30	369.8465
solder_LC_31	369.4543
sub_LC_0	370.8078
sub_LC_1	371.6281
sub_LC_2	372.2058
sub_LC_3	372.4995
sub_LC_4	372.5006
sub_LC_5	372.2078
sub_LC_6	371.6281
sub_LC_7	370.8081
sub_LC_8	370.8145
sub_LC_9	371.7395
sub_LC_10	372.4213
sub_LC_11	372.7742
sub_LC_12	372.7739
sub_LC_13	372.4242
sub_LC_14	371.7438
sub_LC_15	370.8165
sub_LC_16	370.3523
sub_LC_17	371.1129
sub_LC_18	371.7343
sub_LC_19	372.0637
sub_LC_20	372.0659
sub_LC_21	371.7363
sub_LC_22	371.1178
sub_LC_23	370.3549
sub_LC_24	369.4627
sub_LC_25	369.9119
sub_LC_26	370.3660
sub_LC_27	370.6159
sub_LC_28	370.6172
sub_LC_29	370.3666
sub_LC_30	369.9159
sub_LC_31	369.4663
layer_3_LC_0	375.0567
layer_3_LC_1	376.2320
layer_3_LC_2	377.2421
layer_3_LC_3	377.7906
layer_3_LC_4	377.7968
layer_3_LC_5	377.2494
layer_3_LC_6	376.2213
layer_3_LC_7	375.0502
layer_3_LC_8	374.9869
layer_3_LC_9	376.2100
layer_3_LC_10	377.2841
layer_3_LC_11	377.8733
layer_3_LC_12	377.8626
layer_3_LC_13	377.2946
layer_3_LC_14	376.2292
layer_3_LC_15	374.9884
layer_3_LC_16	373.3193
layer_3_LC_17	374.5185
layer_3_LC_18	375.5658
layer_3_LC_19	376.1066
layer_3_LC_20	376.1224
layer_3_LC_21	375.5671
layer_3_LC_22	374.5373
layer_3_LC_23	373.3213
layer_3_LC_24	369.0922
layer_3_LC_25	370.1623
layer_3_LC_26	371.1228
layer_3_LC_27	371.6079
layer_3_LC_28	371.6136
layer_3_LC_29	371.1169
layer_3_LC_30	370.1769
layer_3_LC_31	369.1056
layer_4_TB_0	374.9299
layer_4_TB_1	376.1038
layer_4_TB_2	377.1119
layer_4_TB_3	377.6592
layer_4_TB_4	377.6655
layer_4_TB_5	377.1191
layer_4_TB_6	376.0930
layer_4_TB_7	374.9235
layer_4_TB_8	374.8617
layer_4_TB_9	376.0833
layer_4_TB_10	377.1554
layer_4_TB_11	377.7434
layer_4_TB_12	377.7326
layer_4_TB_13	377.1659
layer_4_TB_14	376.1025
layer_4_TB_15	374.8632
layer_4_TB_16	373.1991
layer_4_TB_17	374.3971
layer_4_TB_18	375.4427
layer_4_TB_19	375.9824
layer_4_TB_20	375.9982
layer_4_TB_21	375.4440
layer_4_TB_22	374.4159
layer_4_TB_23	373.2010
layer_4_TB_24	368.9690
layer_4_TB_25	370.0384
layer_4_TB_26	370.9977
layer_4_TB_27	371.4819
layer_4_TB_28	371.4877
layer_4_TB_29	370.9918
layer_4_TB_30	370.0531
layer_4_TB_31	368.9824
layer_5_B_0	373.6624
layer_5_B_1	374.8218
layer_5_B_2	375.8097
layer_5_B_3	376.3451
layer_5_B_4	376.3516
layer_5_B_5	375.8170
layer_5_B_6	374.8105
layer_5_B_7	373.6560
layer_5_B_8	373.6099
layer_5_B_9	374.8166
layer_5_B_10	375.8687
layer_5_B_11	376.4456
layer_5_B_12	376.4339
layer_5_B_13	375.8793
layer_5_B_14	374.8362
layer_5_B_15	373.6114
layer_5_B_16	371.9970
layer_5_B_17	373.1844
layer_5_B_18	374.2123
layer_5_B_19	374.7406
layer_5_B_20	374.7572
layer_5_B_21	374.2132
layer_5_B_22	373.2032
layer_5_B_23	371.9985
layer_5_B_24	367.7364
layer_5_B_25	368.7994
layer_5_B_26	369.7460
layer_5_B_27	370.2217
layer_5_B_28	370.2274
layer_5_B_29	369.7398
layer_5_B_30	368.8140
layer_5_B_31	367.7498
layer_6_TB_0	373.4152
layer_6_TB_1	374.5736
layer_6_TB_2	375.5596
layer_6_TB_3	376.0931
layer_6_TB_4	376.0996
layer_6_TB_5	375.5666
layer_6_TB_6	374.5627
layer_6_TB_7	373.4090
layer_6_TB_8	373.3645
layer_6_TB_9	374.5710
layer_6_TB_10	375.6207
layer_6_TB_11	376.1952
layer_6_TB_12	376.1840
layer_6_TB_13	375.6311
layer_6_TB_14	374.5900
layer_6_TB_15	373.3660
layer_6_TB_16	371.7604
layer_6_TB_17	372.9473
layer_6_TB_18	373.9731
layer_6_TB_19	374.5004
layer_6_TB_20	374.5162
layer_6_TB_21	373.9739
layer_6_TB_22	372.9656
layer_6_TB_23	371.7621
layer_6_TB_24	367.5356
layer_6_TB_25	368.5986
layer_6_TB_26	369.5430
layer_6_TB_27	370.0179
layer_6_TB_28	370.0234
layer_6_TB_29	369.5369
layer_6_TB_30	368.6129
layer_6_TB_31	367.5488
layer_7_B_32	370.9427
layer_7_B_33	372.0919
layer_7_B_34	373.0580
layer_7_B_35	373.5735
layer_7_B_36	373.5789
layer_7_B_37	373.0633
layer_7_B_38	372.0851
layer_7_B_39	370.9382
layer_7_B_40	370.9106
layer_7_B_41	372.1153
layer_7_B_42	373.1418
layer_7_B_43	373.6924
layer_7_B_44	373.6861
layer_7_B_45	373.1491
layer_7_B_46	372.1285
layer_7_B_47	370.9120
layer_7_B_48	369.3953
layer_7_B_49	370.5769
layer_7_B_50	371.5818
layer_7_B_51	372.0984
layer_7_B_52	372.1074
layer_7_B_53	371.5819
layer_7_B_54	370.5903
layer_7_B_55	369.3979
layer_7_B_56	365.5261
layer_7_B_57	366.5898
layer_7_B_58	367.5123
layer_7_B_59	367.9791
layer_7_B_60	367.9828
layer_7_B_61	367.5072
layer_7_B_62	366.6007
layer_7_B_63	365.5376
layer_8_TB_0	370.6486
layer_8_TB_1	371.7974
layer_8_TB_2	372.7611
layer_8_TB_3	373.2746
layer_8_TB_4	373.2799
layer_8_TB_5	372.7663
layer_8_TB_6	371.7910
layer_8_TB_7	370.6442
layer_8_TB_8	370.6197
layer_8_TB_9	371.8249
layer_8_TB_10	372.8489
layer_8_TB_11	373.3970
layer_8_TB_12	373.3911
layer_8_TB_13	372.8559
layer_8_TB_14	371.8375
layer_8_TB_15	370.6211
layer_8_TB_16	369.1160
layer_8_TB_17	370.2978
layer_8_TB_18	371.3004
layer_8_TB_19	371.8157
layer_8_TB_20	371.8241
layer_8_TB_21	371.3004
layer_8_TB_22	370.3107
layer_8_TB_23	369.1187
layer_8_TB_24	365.2765
layer_8_TB_25	366.3407
layer_8_TB_26	367.2607
layer_8_TB_27	367.7264
layer_8_TB_28	367.7299
layer_8_TB_29	367.2557
layer_8_TB_30	366.3512
layer_8_TB_31	365.2879
layer_9_B_64	367.7071
layer_9_B_65	368.8520
layer_9_B_66	369.7927
layer_9_B_67	370.2858
layer_9_B_68	370.2902
layer_9_B_69	369.7963
layer_9_B_70	368.8493
layer_9_B_71	367.7045
layer_9_B_72	367.7107
layer_9_B_73	368.9208
layer_9_B_74	369.9200
layer_9_B_75	370.4430
layer_9_B_76	370.4413
layer_9_B_77	369.9240
layer_9_B_78	368.9279
layer_9_B_79	367.7119
layer_9_B_80	366.3236
layer_9_B_81	367.5071
layer_9_B_82	368.4872
layer_9_B_83	368.9895
layer_9_B_84	368.9916
layer_9_B_85	368.4863
layer_9_B_86	367.5153
layer_9_B_87	366.3270
layer_9_B_88	362.7795
layer_9_B_89	363.8485
layer_9_B_90	364.7439
layer_9_B_91	365.1989
layer_9_B_92	365.2006
layer_9_B_93	364.7398
layer_9_B_94	363.8556
layer_9_B_95	362.7893
layer_10_TB_0	367.3677
layer_10_TB_1	368.5127
layer_10_TB_2	369.4507
layer_10_TB_3	369.9415
layer_10_TB_4	369.9459
layer_10_TB_5	369.4542
layer_10_TB_6	368.5104
layer_10_TB_7	367.3652
layer_10_TB_8	367.3757
layer_10_TB_9	368.5871
layer_10_TB_10	369.5836
layer_10_TB_11	370.1039
layer_10_TB_12	370.1026
layer_10_TB_13	369.5873
layer_10_TB_14	368.5937
layer_10_TB_15	367.3770
layer_10_TB_16	366.0027
layer_10_TB_17	367.1872
layer_10_TB_18	368.1648
layer_10_TB_19	368.6656
layer_10_TB_20	368.6671
layer_10_TB_21	368.1638
layer_10_TB_22	367.1949
layer_10_TB_23	366.0062
layer_10_TB_24	362.4828
layer_10_TB_25	363.5528
layer_10_TB_26	364.4455
layer_10_TB_27	364.8991
layer_10_TB_28	364.9007
layer_10_TB_29	364.4414
layer_10_TB_30	363.5595
layer_10_TB_31	362.4925
layer_11_B_96	363.9729
layer_11_B_97	365.1195
layer_11_B_98	366.0314
layer_11_B_99	366.4993
layer_11_B_100	366.5030
layer_11_B_101	366.0332
layer_11_B_102	365.1208
layer_11_B_103	363.9720
layer_11_B_104	364.0263
layer_11_B_105	365.2500
layer_11_B_106	366.2198
layer_11_B_107	366.7135
layer_11_B_108	366.7163
layer_11_B_109	366.2208
layer_11_B_110	365.2513
layer_11_B_111	364.0274
layer_11_B_112	362.7947
layer_11_B_113	363.9883
layer_11_B_114	364.9416
layer_11_B_115	365.4275
layer_11_B_116	365.4228
layer_11_B_117	364.9395
layer_11_B_118	363.9913
layer_11_B_119	362.7988
layer_11_B_120	359.5158
layer_11_B_121	360.5950
layer_11_B_122	361.4603
layer_11_B_123	361.9006
layer_11_B_124	361.9005
layer_11_B_125	361.4569
layer_11_B_126	360.5984
layer_11_B_127	359.5239
layer_12_TB_0	363.5899
layer_12_TB_1	364.7372
layer_12_TB_2	365.6461
layer_12_TB_3	366.1115
layer_12_TB_4	366.1152
layer_12_TB_5	365.6478
layer_12_TB_6	364.7388
layer_12_TB_7	363.5892
layer_12_TB_8	363.6490
layer_12_TB_9	364.8748
layer_12_TB_10	365.8417
layer_12_TB_11	366.3325
layer_12_TB_12	366.3357
layer_12_TB_13	365.8424
layer_12_TB_14	364.8755
layer_12_TB_15	363.6501
layer_12_TB_16	362.4338
layer_12_TB_17	363.6291
layer_12_TB_18	364.5798
layer_12_TB_19	365.0640
layer_12_TB_20	365.0587
layer_12_TB_21	364.5776
layer_12_TB_22	363.6316
layer_12_TB_23	362.4380
layer_12_TB_24	359.1739
layer_12_TB_25	360.2546
layer_12_TB_26	361.1169
layer_12_TB_27	361.5556
layer_12_TB_28	361.5553
layer_12_TB_29	361.1135
layer_12_TB_30	360.2577
layer_12_TB_31	359.1820
layer_13_B_128	359.7595
layer_13_B_129	360.9142
layer_13_B_130	361.7937
layer_13_B_131	362.2339
layer_13_B_132	362.2369
layer_13_B_133	361.7937
layer_13_B_134	360.9193
layer_13_B_135	359.7604
layer_13_B_136	359.8759
layer_13_B_137	361.1221
layer_13_B_138	362.0604
layer_13_B_139	362.5226
layer_13_B_140	362.5299
layer_13_B_141	362.0582
layer_13_B_142	361.1175
layer_13_B_143	359.8768
layer_13_B_144	358.8256
layer_13_B_145	360.0376
layer_13_B_146	360.9622
layer_13_B_147	361.4297
layer_13_B_148	361.4180
layer_13_B_149	360.9589
layer_13_B_150	360.0355
layer_13_B_151	358.8303
layer_13_B_152	355.7550
layer_13_B_153	356.8501
layer_13_B_154	357.6818
layer_13_B_155	358.1047
layer_13_B_156	358.1029
layer_13_B_157	357.6790
layer_13_B_158	356.8498
layer_13_B_159	355.7616
layer_14_TB_0	359.2629
layer_14_TB_1	360.4189
layer_14_TB_2	361.2948
layer_14_TB_3	361.7326
layer_14_TB_4	361.7356
layer_14_TB_5	361.2948
layer_14_TB_6	360.4240
layer_14_TB_7	359.2638
layer_14_TB_8	359.3848
layer_14_TB_9	360.6333
layer_14_TB_10	361.5686
layer_14_TB_11	362.0289
layer_14_TB_12	362.0360
layer_14_TB_13	361.5665
layer_14_TB_14	360.6288
layer_14_TB_15	359.3857
layer_14_TB_16	358.3533
layer_14_TB_17	359.5679
layer_14_TB_18	360.4897
layer_14_TB_19	360.9551
layer_14_TB_20	360.9436
layer_14_TB_21	360.4865
layer_14_TB_22	359.5659
layer_14_TB_23	358.3579
layer_14_TB_24	355.3426
layer_14_TB_25	356.4393
layer_14_TB_26	357.2681
layer_14_TB_27	357.6889
layer_14_TB_28	357.6871
layer_14_TB_29	357.2654
layer_14_TB_30	356.4391
layer_14_TB_31	355.3490
layer_15_B_160	354.2972
layer_15_B_161	355.4667
layer_15_B_162	356.3065
layer_15_B_163	356.7202
layer_15_B_164	356.7226
layer_15_B_165	356.3066
layer_15_B_166	355.4704
layer_15_B_167	354.2980
layer_15_B_168	354.4737
layer_15_B_169	355.7449
layer_15_B_170	356.6509
layer_15_B_171	357.0922
layer_15_B_172	357.0972
layer_15_B_173	356.6493
layer_15_B_174	355.7416
layer_15_B_175	354.4744
layer_15_B_176	353.6306
layer_15_B_177	354.8719
layer_15_B_178	355.7655
layer_15_B_179	356.2094
layer_15_B_180	356.2011
layer_15_B_181	355.7629
layer_15_B_182	354.8703
layer_15_B_183	353.6342
layer_15_B_184	351.2177
layer_15_B_185	352.3312
layer_15_B_186	353.1311
layer_15_B_187	353.5304
layer_15_B_188	353.5288
layer_15_B_189	353.1289
layer_15_B_190	352.3310
layer_15_B_191	351.2227
layer_16_TB_0	353.7615
layer_16_TB_1	354.9330
layer_16_TB_2	355.7688
layer_16_TB_3	356.1799
layer_16_TB_4	356.1822
layer_16_TB_5	355.7689
layer_16_TB_6	354.9366
layer_16_TB_7	353.7622
layer_16_TB_8	353.9443
layer_16_TB_9	355.2188
layer_16_TB_10	356.1217
layer_16_TB_11	356.5608
layer_16_TB_12	356.5657
layer_16_TB_13	356.1201
layer_16_TB_14	355.2157
layer_16_TB_15	353.9451
layer_16_TB_16	353.1217
layer_16_TB_17	354.3666
layer_16_TB_18	355.2572
layer_16_TB_19	355.6987
layer_16_TB_20	355.6907
layer_16_TB_21	355.2547
layer_16_TB_22	354.3651
layer_16_TB_23	353.1252
layer_16_TB_24	350.7649
layer_16_TB_25	351.8806
layer_16_TB_26	352.6773
layer_16_TB_27	353.0742
layer_16_TB_28	353.0727
layer_16_TB_29	352.6752
layer_16_TB_30	351.8804
layer_16_TB_31	350.7698
layer_17_B_192	348.4042
layer_17_B_193	349.5958
layer_17_B_194	350.3920
layer_17_B_195	350.7768
layer_17_B_196	350.7784
layer_17_B_197	350.3920
layer_17_B_198	349.5983
layer_17_B_199	348.4048
layer_17_B_200	348.6512
layer_17_B_201	349.9582
layer_17_B_202	350.8292
layer_17_B_203	351.2473
layer_17_B_204	351.2504
layer_17_B_205	350.8282
layer_17_B_206	349.9561
layer_17_B_207	348.6518
layer_17_B_208	348.0335
layer_17_B_209	349.3141
layer_17_B_210	350.1743
layer_17_B_211	350.5928
layer_17_B_212	350.5874
layer_17_B_213	350.1724
layer_17_B_214	349.3130
layer_17_B_215	348.0360
layer_17_B_216	346.2364
layer_17_B_217	347.3750
layer_17_B_218	348.1389
layer_17_B_219	348.5122
layer_17_B_220	348.5110
layer_17_B_221	348.1374
layer_17_B_222	347.3749
layer_17_B_223	346.2398
layer_18_TB_0	347.8319
layer_18_TB_1	349.0262
layer_18_TB_2	349.8180
layer_18_TB_3	350.2000
layer_18_TB_4	350.2015
layer_18_TB_5	349.8181
layer_18_TB_6	349.0286
layer_18_TB_7	347.8324
layer_18_TB_8	348.0861
layer_18_TB_9	349.3974
layer_18_TB_10	350.2650
layer_18_TB_11	350.6807
layer_18_TB_12	350.6837
layer_18_TB_13	350.2640
layer_18_TB_14	349.3954
layer_18_TB_15	348.0867
layer_18_TB_16	347.4899
layer_18_TB_17	348.7751
layer_18_TB_18	349.6320
layer_18_TB_19	350.0480
layer_18_TB_20	350.0429
layer_18_TB_21	349.6302
layer_18_TB_22	348.7741
layer_18_TB_23	347.4923
layer_18_TB_24	345.7461
layer_18_TB_25	346.8877
layer_18_TB_26	347.6480
layer_18_TB_27	348.0187
layer_18_TB_28	348.0175
layer_18_TB_29	347.6465
layer_18_TB_30	346.8876
layer_18_TB_31	345.7495
layer_19_B_224	342.1085
layer_19_B_225	343.3305
layer_19_B_226	344.0786
layer_19_B_227	344.4320
layer_19_B_228	344.4329
layer_19_B_229	344.0786
layer_19_B_230	343.3319
layer_19_B_231	342.1089
layer_19_B_232	342.4352
layer_19_B_233	343.7898
layer_19_B_234	344.6226
layer_19_B_235	345.0152
layer_19_B_236	345.0168
layer_19_B_237	344.6220
layer_19_B_238	343.7887
layer_19_B_239	342.4355
layer_19_B_240	342.0544
layer_19_B_241	343.3856
layer_19_B_242	344.2092
layer_19_B_243	344.6008
layer_19_B_244	344.5980
layer_19_B_245	344.2082
layer_19_B_246	343.3850
layer_19_B_247	342.0558
layer_19_B_248	340.8434
layer_19_B_249	342.0149
layer_19_B_250	342.7384
layer_19_B_251	343.0831
layer_19_B_252	343.0824
layer_19_B_253	342.7375
layer_19_B_254	342.0149
layer_19_B_255	340.8454
layer_20_TB_0	341.5022
layer_20_TB_1	342.7278
layer_20_TB_2	343.4710
layer_20_TB_3	343.8214
layer_20_TB_4	343.8222
layer_20_TB_5	343.4711
layer_20_TB_6	342.7291
layer_20_TB_7	341.5025
layer_20_TB_8	341.8367
layer_20_TB_9	343.1969
layer_20_TB_10	344.0259
layer_20_TB_11	344.4160
layer_20_TB_12	344.4175
layer_20_TB_13	344.0254
layer_20_TB_14	343.1959
layer_20_TB_15	341.8371
layer_20_TB_16	341.4780
layer_20_TB_17	342.8150
layer_20_TB_18	343.6350
layer_20_TB_19	344.0240
layer_20_TB_20	344.0214
layer_20_TB_21	343.6340
layer_20_TB_22	342.8145
layer_20_TB_23	341.4793
layer_20_TB_24	340.3187
layer_20_TB_25	341.4940
layer_20_TB_26	342.2133
layer_20_TB_27	342.5553
layer_20_TB_28	342.5546
layer_20_TB_29	342.2125
layer_20_TB_30	341.4940
layer_20_TB_31	340.3206
hsp_TB_0	335.4389
hsp_TB_1	336.7007
hsp_TB_2	337.3955
hsp_TB_3	337.7151
hsp_TB_4	337.7153
hsp_TB_5	337.3956
hsp_TB_6	336.7009
hsp_TB_7	335.4390
hsp_TB_8	335.8525
hsp_TB_9	337.2681
hsp_TB_10	338.0590
hsp_TB_11	338.4243
hsp_TB_12	338.4244
hsp_TB_13	338.0589
hsp_TB_14	337.2680
hsp_TB_15	335.8527
hsp_TB_16	335.7146
hsp_TB_17	337.1092
hsp_TB_18	337.8927
hsp_TB_19	338.2557
hsp_TB_20	338.2553
hsp_TB_21	337.8925
hsp_TB_22	337.1091
hsp_TB_23	335.7149
hsp_TB_24	335.0718
hsp_TB_25	336.2848
hsp_TB_26	336.9627
hsp_TB_27	337.2766
hsp_TB_28	337.2764
hsp_TB_29	336.9625
hsp_TB_30	336.2848
hsp_TB_31	335.0723
hsink_TB_0	333.2256
hsink_TB_1	334.2922
hsink_TB_2	334.9364
hsink_TB_3	335.2390
hsink_TB_4	335.2390
hsink_TB_5	334.9364
hsink_TB_6	334.2922
hsink_TB_7	333.2256
hsink_TB_8	333.5495
hsink_TB_9	334.7599
hsink_TB_10	335.4989
hsink_TB_11	335.8473
hsink_TB_12	335.8473
hsink_TB_13	335.4989
hsink_TB_14	334.7600
hsink_TB_15	333.5496
hsink_TB_16	333.5004
hsink_TB_17	334.6985
hsink_TB_18	335.4320
hsink_TB_19	335.7785
hsink_TB_20	335.7785
hsink_TB_21	335.4320
hsink_TB_22	334.6985
hsink_TB_23	333.5005
hsink_TB_24	333.1036
hsink_TB_25	334.1421
hsink_TB_26	334.7746
hsink_TB_27	335.0729
hsink_TB_28	335.0729
hsink_TB_29	334.7745
hsink_TB_30	334.1422
hsink_TB_31	333.1037
inode_0	330.1333
inode_1	330.1334
inode_2	330.8511
inode_3	331.0082
inode_4	330.0795
inode_5	330.0796
inode_6	330.8087
inode_7	330.9635
inode_8	328.4056
inode_9	328.4057
inode_10	328.8022
inode_11	328.9324
inode_12	369.6641
inode_13	369.6661
inode_14	368.5383
inode_15	369.7891
inode_16	369.6346
inode_17	369.6366
inode_18	368.5316
inode_19	369.7793
inode_20	364.1670
inode_21	364.1684
inode_22	367.1016
inode_23	368.1831
inode_24	348.8497
inode_25	348.8506
inode_26	348.8683
inode_27	349.5469
