pcb_LC_0	348.2547
pcb_LC_1	349.3439
pcb_LC_2	349.8224
pcb_LC_3	350.0156
pcb_LC_4	350.0199
pcb_LC_5	349.8358
pcb_LC_6	349.3626
pcb_LC_7	348.2726
pcb_LC_8	348.2257
pcb_LC_9	349.5108
pcb_LC_10	350.1224
pcb_LC_11	350.3762
pcb_LC_12	350.3809
pcb_LC_13	350.1368
pcb_LC_14	349.5314
pcb_LC_15	348.2461
pcb_LC_16	348.2200
pcb_LC_17	349.5003
pcb_LC_18	350.1099
pcb_LC_19	350.3626
pcb_LC_20	350.3664
pcb_LC_21	350.1214
pcb_LC_22	349.5177
pcb_LC_23	348.2389
pcb_LC_24	348.2369
pcb_LC_25	349.3153
pcb_LC_26	349.7898
pcb_LC_27	349.9809
pcb_LC_28	349.9832
pcb_LC_29	349.7972
pcb_LC_30	349.3274
pcb_LC_31	348.2518
solder_LC_0	350.1403
solder_LC_1	350.5133
solder_LC_2	350.7918
solder_LC_3	350.9401
solder_LC_4	350.9470
solder_LC_5	350.8218
solder_LC_6	350.5556
solder_LC_7	350.1700
solder_LC_8	350.2339
solder_LC_9	350.7190
solder_LC_10	351.0786
solder_LC_11	351.2677
solder_LC_12	351.2742
solder_LC_13	351.1029
solder_LC_14	350.7551
solder_LC_15	350.2639
solder_LC_16	350.2224
solder_LC_17	350.7007
solder_LC_18	351.0584
solder_LC_19	351.2458
solder_LC_20	351.2498
solder_LC_21	351.0735
solder_LC_22	350.7267
solder_LC_23	350.2482
solder_LC_24	350.1072
solder_LC_25	350.4647
solder_LC_26	350.7393
solder_LC_27	350.8839
solder_LC_28	350.8857
solder_LC_29	350.7480
solder_LC_30	350.4827
solder_LC_31	350.1273
sub_LC_0	350.3517
sub_LC_1	350.7391
sub_LC_2	351.0415
sub_LC_3	351.2064
sub_LC_4	351.2124
sub_LC_5	351.0850
sub_LC_6	350.8027
sub_LC_7	350.3867
sub_LC_8	350.4389
sub_LC_9	350.9254
sub_LC_10	351.3024
sub_LC_11	351.5023
sub_LC_12	351.5081
sub_LC_13	351.3297
sub_LC_14	350.9685
sub_LC_15	350.4711
sub_LC_16	350.4235
sub_LC_17	350.9039
sub_LC_18	351.2798
sub_LC_19	351.4780
sub_LC_20	351.4810
sub_LC_21	351.2944
sub_LC_22	350.9332
sub_LC_23	350.4499
sub_LC_24	350.3024
sub_LC_25	350.6754
sub_LC_26	350.9761
sub_LC_27	351.1360
sub_LC_28	351.1364
sub_LC_29	350.9838
sub_LC_30	350.6973
sub_LC_31	350.3232
layer_3_LC_0	352.2004
layer_3_LC_1	352.8109
layer_3_LC_2	353.3475
layer_3_LC_3	353.6723
layer_3_LC_4	353.6612
layer_3_LC_5	353.5297
layer_3_LC_6	353.0974
layer_3_LC_7	352.2807
layer_3_LC_8	352.2080
layer_3_LC_9	352.8628
layer_3_LC_10	353.4438
layer_3_LC_11	353.7573
layer_3_LC_12	353.7546
layer_3_LC_13	353.4967
layer_3_LC_14	352.9719
layer_3_LC_15	352.2568
layer_3_LC_16	352.1608
layer_3_LC_17	352.8140
layer_3_LC_18	353.4024
layer_3_LC_19	353.7145
layer_3_LC_20	353.7070
layer_3_LC_21	353.4093
layer_3_LC_22	352.8764
layer_3_LC_23	352.1918
layer_3_LC_24	351.9905
layer_3_LC_25	352.5916
layer_3_LC_26	353.1498
layer_3_LC_27	353.4550
layer_3_LC_28	353.4398
layer_3_LC_29	353.1449
layer_3_LC_30	352.6530
layer_3_LC_31	352.0170
layer_4_TB_0	352.1093
layer_4_TB_1	352.7199
layer_4_TB_2	353.2563
layer_4_TB_3	353.5809
layer_4_TB_4	353.5696
layer_4_TB_5	353.4386
layer_4_TB_6	353.0068
layer_4_TB_7	352.1893
layer_4_TB_8	352.1167
layer_4_TB_9	352.7717
layer_4_TB_10	353.3525
layer_4_TB_11	353.6658
layer_4_TB_12	353.6631
layer_4_TB_13	353.4052
layer_4_TB_14	352.8806
layer_4_TB_15	352.1653
layer_4_TB_16	352.0696
layer_4_TB_17	352.7230
layer_4_TB_18	353.3112
layer_4_TB_19	353.6231
layer_4_TB_20	353.6156
layer_4_TB_21	353.3180
layer_4_TB_22	352.7855
layer_4_TB_23	352.1006
layer_4_TB_24	351.8992
layer_4_TB_25	352.5004
layer_4_TB_26	353.0585
layer_4_TB_27	353.3635
layer_4_TB_28	353.3483
layer_4_TB_29	353.0534
layer_4_TB_30	352.5619
layer_4_TB_31	351.9256
layer_5_B_0	351.1974
layer_5_B_1	351.8096
layer_5_B_2	352.3435
layer_5_B_3	352.6676
layer_5_B_4	352.6542
layer_5_B_5	352.5277
layer_5_B_6	352.1008
layer_5_B_7	351.2757
layer_5_B_8	351.2034
layer_5_B_9	351.8602
layer_5_B_10	352.4391
layer_5_B_11	352.7505
layer_5_B_12	352.7474
layer_5_B_13	352.4903
layer_5_B_14	351.9678
layer_5_B_15	351.2510
layer_5_B_16	351.1578
layer_5_B_17	351.8131
layer_5_B_18	352.3996
layer_5_B_19	352.7097
layer_5_B_20	352.7020
layer_5_B_21	352.4056
layer_5_B_22	351.8757
layer_5_B_23	351.1881
layer_5_B_24	350.9860
layer_5_B_25	351.5885
layer_5_B_26	352.1449
layer_5_B_27	352.4487
layer_5_B_28	352.4330
layer_5_B_29	352.1392
layer_5_B_30	351.6507
layer_5_B_31	351.0118
layer_6_TB_0	351.0671
layer_6_TB_1	351.6797
layer_6_TB_2	352.2135
layer_6_TB_3	352.5371
layer_6_TB_4	352.5238
layer_6_TB_5	352.3961
layer_6_TB_6	351.9688
layer_6_TB_7	351.1450
layer_6_TB_8	351.0750
layer_6_TB_9	351.7324
layer_6_TB_10	352.3110
layer_6_TB_11	352.6220
layer_6_TB_12	352.6189
layer_6_TB_13	352.3618
layer_6_TB_14	351.8396
layer_6_TB_15	351.1224
layer_6_TB_16	351.0295
layer_6_TB_17	351.6854
layer_6_TB_18	352.2716
layer_6_TB_19	352.5814
layer_6_TB_20	352.5738
layer_6_TB_21	352.2775
layer_6_TB_22	351.7478
layer_6_TB_23	351.0597
layer_6_TB_24	350.8572
layer_6_TB_25	351.4602
layer_6_TB_26	352.0162
layer_6_TB_27	352.3194
layer_6_TB_28	352.3040
layer_6_TB_29	352.0105
layer_6_TB_30	351.5222
layer_6_TB_31	350.8829
layer_7_B_32	349.7643
layer_7_B_33	350.3813
layer_7_B_34	350.9143
layer_7_B_35	351.2320
layer_7_B_36	351.2197
layer_7_B_37	351.0798
layer_7_B_38	350.6493
layer_7_B_39	349.8385
layer_7_B_40	349.7906
layer_7_B_41	350.4537
layer_7_B_42	351.0299
layer_7_B_43	351.3378
layer_7_B_44	351.3339
layer_7_B_45	351.0776
layer_7_B_46	350.5580
layer_7_B_47	349.8360
layer_7_B_48	349.7465
layer_7_B_49	350.4083
layer_7_B_50	350.9923
layer_7_B_51	351.2976
layer_7_B_52	351.2913
layer_7_B_53	350.9968
layer_7_B_54	350.4692
layer_7_B_55	349.7755
layer_7_B_56	349.5691
layer_7_B_57	350.1776
layer_7_B_58	350.7292
layer_7_B_59	351.0270
layer_7_B_60	351.0142
layer_7_B_61	350.7240
layer_7_B_62	350.2374
layer_7_B_63	349.5938
layer_8_TB_0	349.5972
layer_8_TB_1	350.2151
layer_8_TB_2	350.7475
layer_8_TB_3	351.0645
layer_8_TB_4	351.0523
layer_8_TB_5	350.9116
layer_8_TB_6	350.4810
layer_8_TB_7	349.6709
layer_8_TB_8	349.6253
layer_8_TB_9	350.2897
layer_8_TB_10	350.8652
layer_8_TB_11	351.1724
layer_8_TB_12	351.1686
layer_8_TB_13	350.9126
layer_8_TB_14	350.3932
layer_8_TB_15	349.6704
layer_8_TB_16	349.5815
layer_8_TB_17	350.2445
layer_8_TB_18	350.8277
layer_8_TB_19	351.1325
layer_8_TB_20	351.1263
layer_8_TB_21	350.8323
layer_8_TB_22	350.3049
layer_8_TB_23	349.6103
layer_8_TB_24	349.4034
layer_8_TB_25	350.0129
layer_8_TB_26	350.5636
layer_8_TB_27	350.8606
layer_8_TB_28	350.8480
layer_8_TB_29	350.5585
layer_8_TB_30	350.0723
layer_8_TB_31	349.4280
layer_9_B_64	347.9266
layer_9_B_65	348.5536
layer_9_B_66	349.0800
layer_9_B_67	349.3892
layer_9_B_68	349.3779
layer_9_B_69	349.2302
layer_9_B_70	348.7984
layer_9_B_71	347.9949
layer_9_B_72	347.9727
layer_9_B_73	348.6487
layer_9_B_74	349.2178
layer_9_B_75	349.5189
layer_9_B_76	349.5159
layer_9_B_77	349.2624
layer_9_B_78	348.7446
layer_9_B_79	348.0150
layer_9_B_80	347.9318
layer_9_B_81	348.6064
layer_9_B_82	349.1819
layer_9_B_83	349.4812
layer_9_B_84	349.4762
layer_9_B_85	349.1878
layer_9_B_86	348.6621
layer_9_B_87	347.9589
layer_9_B_88	347.7466
layer_9_B_89	348.3658
layer_9_B_90	348.9077
layer_9_B_91	349.1967
layer_9_B_92	349.1864
layer_9_B_93	348.9042
layer_9_B_94	348.4203
layer_9_B_95	347.7698
layer_10_TB_0	347.7237
layer_10_TB_1	348.3519
layer_10_TB_2	348.8774
layer_10_TB_3	349.1856
layer_10_TB_4	349.1744
layer_10_TB_5	349.0264
layer_10_TB_6	348.5948
layer_10_TB_7	347.7913
layer_10_TB_8	347.7718
layer_10_TB_9	348.4494
layer_10_TB_10	349.0177
layer_10_TB_11	349.3182
layer_10_TB_12	349.3151
layer_10_TB_13	349.0620
layer_10_TB_14	348.5444
layer_10_TB_15	347.8138
layer_10_TB_16	347.7313
layer_10_TB_17	348.4075
layer_10_TB_18	348.9822
layer_10_TB_19	349.2808
layer_10_TB_20	349.2760
layer_10_TB_21	348.9882
layer_10_TB_22	348.4628
layer_10_TB_23	347.7582
layer_10_TB_24	347.5452
layer_10_TB_25	348.1656
layer_10_TB_26	348.7065
layer_10_TB_27	348.9946
layer_10_TB_28	348.9845
layer_10_TB_29	348.7032
layer_10_TB_30	348.2197
layer_10_TB_31	347.5682
layer_11_B_96	345.6947
layer_11_B_97	346.3350
layer_11_B_98	346.8512
layer_11_B_99	347.1497
layer_11_B_100	347.1393
layer_11_B_101	346.9892
layer_11_B_102	346.5584
layer_11_B_103	345.7554
layer_11_B_104	345.7626
layer_11_B_105	346.4562
layer_11_B_106	347.0173
layer_11_B_107	347.3105
layer_11_B_108	347.3079
layer_11_B_109	347.0576
layer_11_B_110	346.5425
layer_11_B_111	345.8009
layer_11_B_112	345.7261
layer_11_B_113	346.4185
layer_11_B_114	346.9848
layer_11_B_115	347.2771
layer_11_B_116	347.2733
layer_11_B_117	346.9915
layer_11_B_118	346.4691
layer_11_B_119	345.7509
layer_11_B_120	345.5310
layer_11_B_121	346.1639
layer_11_B_122	346.6948
layer_11_B_123	346.9740
layer_11_B_124	346.9659
layer_11_B_125	346.6926
layer_11_B_126	346.2137
layer_11_B_127	345.5521
layer_12_TB_0	345.4571
layer_12_TB_1	346.0990
layer_12_TB_2	346.6140
layer_12_TB_3	346.9115
layer_12_TB_4	346.9010
layer_12_TB_5	346.7511
layer_12_TB_6	346.3207
layer_12_TB_7	345.5170
layer_12_TB_8	345.5270
layer_12_TB_9	346.2226
layer_12_TB_10	346.7830
layer_12_TB_11	347.0753
layer_12_TB_12	347.0727
layer_12_TB_13	346.8227
layer_12_TB_14	346.3079
layer_12_TB_15	345.5648
layer_12_TB_16	345.4910
layer_12_TB_17	346.1854
layer_12_TB_18	346.7509
layer_12_TB_19	347.0424
layer_12_TB_20	347.0387
layer_12_TB_21	346.7576
layer_12_TB_22	346.2357
layer_12_TB_23	345.5155
layer_12_TB_24	345.2948
layer_12_TB_25	345.9292
layer_12_TB_26	346.4590
layer_12_TB_27	346.7372
layer_12_TB_28	346.7293
layer_12_TB_29	346.4568
layer_12_TB_30	345.9786
layer_12_TB_31	345.3156
layer_13_B_128	343.0808
layer_13_B_129	343.7382
layer_13_B_130	344.2420
layer_13_B_131	344.5293
layer_13_B_132	344.5182
layer_13_B_133	344.3692
layer_13_B_134	343.9433
layer_13_B_135	343.1322
layer_13_B_136	343.1706
layer_13_B_137	343.8870
layer_13_B_138	344.4394
layer_13_B_139	344.7233
layer_13_B_140	344.7208
layer_13_B_141	344.4739
layer_13_B_142	343.9625
layer_13_B_143	343.2041
layer_13_B_144	343.1400
layer_13_B_145	343.8552
layer_13_B_146	344.4117
layer_13_B_147	344.6958
layer_13_B_148	344.6931
layer_13_B_149	344.4186
layer_13_B_150	343.9010
layer_13_B_151	343.1619
layer_13_B_152	342.9324
layer_13_B_153	343.5824
layer_13_B_154	344.1009
layer_13_B_155	344.3691
layer_13_B_156	344.3630
layer_13_B_157	344.0993
layer_13_B_158	343.6281
layer_13_B_159	342.9510
layer_14_TB_0	342.8074
layer_14_TB_1	343.4667
layer_14_TB_2	343.9696
layer_14_TB_3	344.2552
layer_14_TB_4	344.2444
layer_14_TB_5	344.0939
layer_14_TB_6	343.6678
layer_14_TB_7	342.8581
layer_14_TB_8	342.9014
layer_14_TB_9	343.6204
layer_14_TB_10	344.1718
layer_14_TB_11	344.4547
layer_14_TB_12	344.4523
layer_14_TB_13	344.2057
layer_14_TB_14	343.6948
layer_14_TB_15	342.9344
layer_14_TB_16	342.8712
layer_14_TB_17	343.5891
layer_14_TB_18	344.1445
layer_14_TB_19	344.4276
layer_14_TB_20	344.4250
layer_14_TB_21	344.1514
layer_14_TB_22	343.6342
layer_14_TB_23	342.8929
layer_14_TB_24	342.6621
layer_14_TB_25	343.3142
layer_14_TB_26	343.8312
layer_14_TB_27	344.0981
layer_14_TB_28	344.0922
layer_14_TB_29	343.8297
layer_14_TB_30	343.3592
layer_14_TB_31	342.6805
layer_15_B_160	340.0739
layer_15_B_161	340.7525
layer_15_B_162	341.2455
layer_15_B_163	341.5138
layer_15_B_164	341.5059
layer_15_B_165	341.3406
layer_15_B_166	340.9123
layer_15_B_167	340.1165
layer_15_B_168	340.2087
layer_15_B_169	340.9538
layer_15_B_170	341.4963
layer_15_B_171	341.7695
layer_15_B_172	341.7670
layer_15_B_173	341.5238
layer_15_B_174	341.0173
layer_15_B_175	340.2368
layer_15_B_176	340.1834
layer_15_B_177	340.9274
layer_15_B_178	341.4728
layer_15_B_179	341.7459
layer_15_B_180	341.7442
layer_15_B_181	341.4796
layer_15_B_182	340.9665
layer_15_B_183	340.2021
layer_15_B_184	339.9589
layer_15_B_185	340.6317
layer_15_B_186	341.1342
layer_15_B_187	341.3884
layer_15_B_188	341.3841
layer_15_B_189	341.1329
layer_15_B_190	340.6700
layer_15_B_191	339.9747
layer_16_TB_0	339.7678
layer_16_TB_1	340.4488
layer_16_TB_2	340.9403
layer_16_TB_3	341.2066
layer_16_TB_4	341.1991
layer_16_TB_5	341.0327
layer_16_TB_6	340.6042
layer_16_TB_7	339.8095
layer_16_TB_8	339.9068
layer_16_TB_9	340.6552
layer_16_TB_10	341.1963
layer_16_TB_11	341.4683
layer_16_TB_12	341.4659
layer_16_TB_13	341.2232
layer_16_TB_14	340.7171
layer_16_TB_15	339.9343
layer_16_TB_16	339.8820
layer_16_TB_17	340.6293
layer_16_TB_18	341.1733
layer_16_TB_19	341.4452
layer_16_TB_20	341.4436
layer_16_TB_21	341.1800
layer_16_TB_22	340.6676
layer_16_TB_23	339.9004
layer_16_TB_24	339.6557
layer_16_TB_25	340.3312
layer_16_TB_26	340.8317
layer_16_TB_27	341.0843
layer_16_TB_28	341.0802
layer_16_TB_29	340.8305
layer_16_TB_30	340.3685
layer_16_TB_31	339.6713
layer_17_B_192	336.7060
layer_17_B_193	337.4122
layer_17_B_194	337.8881
layer_17_B_195	338.1347
layer_17_B_196	338.1308
layer_17_B_197	337.9538
layer_17_B_198	337.5235
layer_17_B_199	336.7386
layer_17_B_200	336.8870
layer_17_B_201	337.6690
layer_17_B_202	338.1965
layer_17_B_203	338.4560
layer_17_B_204	338.4551
layer_17_B_205	338.2179
layer_17_B_206	337.7159
layer_17_B_207	336.9091
layer_17_B_208	336.8680
layer_17_B_209	337.6489
layer_17_B_210	338.1783
layer_17_B_211	338.4375
layer_17_B_212	338.4368
layer_17_B_213	338.1845
layer_17_B_214	337.6778
layer_17_B_215	336.8830
layer_17_B_216	336.6238
layer_17_B_217	337.3255
layer_17_B_218	337.8062
layer_17_B_219	338.0433
layer_17_B_220	338.0407
layer_17_B_221	337.8066
layer_17_B_222	337.3531
layer_17_B_223	336.6364
layer_18_TB_0	336.3685
layer_18_TB_1	337.0776
layer_18_TB_2	337.5516
layer_18_TB_3	337.7962
layer_18_TB_4	337.7925
layer_18_TB_5	337.6149
layer_18_TB_6	337.1846
layer_18_TB_7	336.4001
layer_18_TB_8	336.5540
layer_18_TB_9	337.3400
layer_18_TB_10	337.8660
layer_18_TB_11	338.1242
layer_18_TB_12	338.1233
layer_18_TB_13	337.8868
layer_18_TB_14	337.3853
layer_18_TB_15	336.5756
layer_18_TB_16	336.5356
layer_18_TB_17	337.3206
layer_18_TB_18	337.8484
layer_18_TB_19	338.1062
layer_18_TB_20	338.1056
layer_18_TB_21	337.8545
layer_18_TB_22	337.3485
layer_18_TB_23	336.5503
layer_18_TB_24	336.2893
layer_18_TB_25	336.9942
layer_18_TB_26	337.4727
layer_18_TB_27	337.7081
layer_18_TB_28	337.7057
layer_18_TB_29	337.4731
layer_18_TB_30	337.0208
layer_18_TB_31	336.3017
layer_19_B_224	332.9932
layer_19_B_225	333.7320
layer_19_B_226	334.1864
layer_19_B_227	334.4104
layer_19_B_228	334.4096
layer_19_B_229	334.2252
layer_19_B_230	333.7963
layer_19_B_231	333.0150
layer_19_B_232	333.2241
layer_19_B_233	334.0503
layer_19_B_234	334.5611
layer_19_B_235	334.8058
layer_19_B_236	334.8062
layer_19_B_237	334.5758
layer_19_B_238	334.0801
layer_19_B_239	333.2399
layer_19_B_240	333.2119
layer_19_B_241	334.0372
layer_19_B_242	334.5489
layer_19_B_243	334.7931
layer_19_B_244	334.7933
layer_19_B_245	334.5543
layer_19_B_246	334.0559
layer_19_B_247	333.2232
layer_19_B_248	332.9451
layer_19_B_249	333.6808
layer_19_B_250	334.1373
layer_19_B_251	334.3559
layer_19_B_252	334.3550
layer_19_B_253	334.1390
layer_19_B_254	333.6979
layer_19_B_255	332.9544
layer_20_TB_0	332.6259
layer_20_TB_1	333.3682
layer_20_TB_2	333.8204
layer_20_TB_3	334.0421
layer_20_TB_4	334.0416
layer_20_TB_5	333.8567
layer_20_TB_6	333.4283
layer_20_TB_7	332.6467
layer_20_TB_8	332.8616
layer_20_TB_9	333.6925
layer_20_TB_10	334.2016
layer_20_TB_11	334.4448
layer_20_TB_12	334.4453
layer_20_TB_13	334.2157
layer_20_TB_14	333.7207
layer_20_TB_15	332.8767
layer_20_TB_16	332.8500
layer_20_TB_17	333.6800
layer_20_TB_18	334.1899
layer_20_TB_19	334.4327
layer_20_TB_20	334.4330
layer_20_TB_21	334.1953
layer_20_TB_22	333.6978
layer_20_TB_23	332.8609
layer_20_TB_24	332.5809
layer_20_TB_25	333.3202
layer_20_TB_26	333.7743
layer_20_TB_27	333.9910
layer_20_TB_28	333.9902
layer_20_TB_29	333.7760
layer_20_TB_30	333.3363
layer_20_TB_31	332.5899
hsp_TB_0	328.9526
hsp_TB_1	329.7299
hsp_TB_2	330.1597
hsp_TB_3	330.3598
hsp_TB_4	330.3618
hsp_TB_5	330.1718
hsp_TB_6	329.7481
hsp_TB_7	328.9632
hsp_TB_8	329.2359
hsp_TB_9	330.1145
hsp_TB_10	330.6066
hsp_TB_11	330.8353
hsp_TB_12	330.8369
hsp_TB_13	330.6143
hsp_TB_14	330.1270
hsp_TB_15	329.2451
hsp_TB_16	329.2310
hsp_TB_17	330.1088
hsp_TB_18	330.6007
hsp_TB_19	330.8290
hsp_TB_20	330.8301
hsp_TB_21	330.6052
hsp_TB_22	330.1173
hsp_TB_23	329.2382
hsp_TB_24	328.9385
hsp_TB_25	329.7138
hsp_TB_26	330.1432
hsp_TB_27	330.3420
hsp_TB_28	330.3426
hsp_TB_29	330.1461
hsp_TB_30	329.7206
hsp_TB_31	328.9443
hsink_TB_0	327.6104
hsink_TB_1	328.2731
hsink_TB_2	328.6746
hsink_TB_3	328.8640
hsink_TB_4	328.8655
hsink_TB_5	328.6791
hsink_TB_6	328.2796
hsink_TB_7	327.6163
hsink_TB_8	327.8296
hsink_TB_9	328.5863
hsink_TB_10	329.0488
hsink_TB_11	329.2677
hsink_TB_12	329.2690
hsink_TB_13	329.0531
hsink_TB_14	328.5924
hsink_TB_15	327.8355
hsink_TB_16	327.8277
hsink_TB_17	328.5839
hsink_TB_18	329.0462
hsink_TB_19	329.2648
hsink_TB_20	329.2659
hsink_TB_21	329.0495
hsink_TB_22	328.5889
hsink_TB_23	327.8329
hsink_TB_24	327.6055
hsink_TB_25	328.2671
hsink_TB_26	328.6680
hsink_TB_27	328.8569
hsink_TB_28	328.8578
hsink_TB_29	328.6705
hsink_TB_30	328.2710
hsink_TB_31	327.6098
inode_0	325.6962
inode_1	325.7006
inode_2	326.2010
inode_3	326.2084
inode_4	325.6623
inode_5	325.6667
inode_6	326.1735
inode_7	326.1807
inode_8	324.6082
inode_9	324.6120
inode_10	324.9017
inode_11	324.9078
inode_12	349.9451
inode_13	349.9711
inode_14	349.6603
inode_15	349.7152
inode_16	349.9267
inode_17	349.9525
inode_18	349.6549
inode_19	349.7097
inode_20	346.5530
inode_21	346.5710
inode_22	348.7138
inode_23	348.7612
inode_24	337.0987
inode_25	337.1107
inode_26	337.3295
inode_27	337.3592
