pcb_C_0	321.8217
pcb_C_1	322.1099
pcb_C_2	322.2009
pcb_C_3	322.2295
pcb_C_4	322.2241
pcb_C_5	322.1814
pcb_C_6	322.0644
pcb_C_7	321.7297
pcb_C_8	321.6198
pcb_C_9	321.9640
pcb_C_10	322.1074
pcb_C_11	322.1582
pcb_C_12	322.1492
pcb_C_13	322.0783
pcb_C_14	321.9100
pcb_C_15	321.5431
pcb_C_16	321.3684
pcb_C_17	321.5699
pcb_C_18	321.6771
pcb_C_19	321.7204
pcb_C_20	321.7112
pcb_C_21	321.6491
pcb_C_22	321.5223
pcb_C_23	321.3056
pcb_C_24	321.2124
pcb_C_25	321.2737
pcb_C_26	321.3225
pcb_C_27	321.3458
pcb_C_28	321.3377
pcb_C_29	321.2979
pcb_C_30	321.2325
pcb_C_31	321.1562
pcb_C_32	321.1126
pcb_C_33	321.0673
pcb_C_34	321.0628
pcb_C_35	321.0652
pcb_C_36	321.0582
pcb_C_37	321.0414
pcb_C_38	321.0308
pcb_C_39	321.0600
pcb_C_40	321.0395
pcb_C_41	320.9157
pcb_C_42	320.8708
pcb_C_43	320.8569
pcb_C_44	320.8511
pcb_C_45	320.8528
pcb_C_46	320.8836
pcb_C_47	320.9897
pcb_C_48	320.9704
pcb_C_49	320.7956
pcb_C_50	320.7299
pcb_C_51	320.7086
pcb_C_52	320.7043
pcb_C_53	320.7163
pcb_C_54	320.7698
pcb_C_55	320.9256
pcb_C_56	320.8520
pcb_C_57	320.6878
pcb_C_58	320.6388
pcb_C_59	320.6247
pcb_C_60	320.6228
pcb_C_61	320.6324
pcb_C_62	320.6741
pcb_C_63	320.8215
solder_C_0	322.1037
solder_C_1	322.3131
solder_C_2	322.3943
solder_C_3	322.4229
solder_C_4	322.4165
solder_C_5	322.3706
solder_C_6	322.2500
solder_C_7	321.9156
solder_C_8	321.8016
solder_C_9	322.1232
solder_C_10	322.2601
solder_C_11	322.3099
solder_C_12	322.3003
solder_C_13	322.2290
solder_C_14	322.0633
solder_C_15	321.7069
solder_C_16	321.3985
solder_C_17	321.5732
solder_C_18	321.6778
solder_C_19	321.7213
solder_C_20	321.7120
solder_C_21	321.6492
solder_C_22	321.5241
solder_C_23	321.3308
solder_C_24	321.2103
solder_C_25	321.2513
solder_C_26	321.3030
solder_C_27	321.3287
solder_C_28	321.3205
solder_C_29	321.2784
solder_C_30	321.2100
solder_C_31	321.1518
solder_C_32	321.0973
solder_C_33	321.0383
solder_C_34	321.0410
solder_C_35	321.0474
solder_C_36	321.0405
solder_C_37	321.0199
solder_C_38	321.0022
solder_C_39	321.0432
solder_C_40	321.0149
solder_C_41	320.8815
solder_C_42	320.8462
solder_C_43	320.8372
solder_C_44	320.8315
solder_C_45	320.8285
solder_C_46	320.8500
solder_C_47	320.9640
solder_C_48	320.9403
solder_C_49	320.7575
solder_C_50	320.7010
solder_C_51	320.6841
solder_C_52	320.6798
solder_C_53	320.6875
solder_C_54	320.7319
solder_C_55	320.8943
solder_C_56	320.8371
solder_C_57	320.6638
solder_C_58	320.6188
solder_C_59	320.6064
solder_C_60	320.6043
solder_C_61	320.6119
solder_C_62	320.6495
solder_C_63	320.8046
sub_C_0	322.2230
sub_C_1	322.3627
sub_C_2	322.4439
sub_C_3	322.4734
sub_C_4	322.4665
sub_C_5	322.4189
sub_C_6	322.2960
sub_C_7	321.9701
sub_C_8	321.8683
sub_C_9	322.1780
sub_C_10	322.3135
sub_C_11	322.3633
sub_C_12	322.3536
sub_C_13	322.2821
sub_C_14	322.1174
sub_C_15	321.7715
sub_C_16	321.3861
sub_C_17	321.5615
sub_C_18	321.6668
sub_C_19	321.7106
sub_C_20	321.7012
sub_C_21	321.6381
sub_C_22	321.5123
sub_C_23	321.3186
sub_C_24	321.1910
sub_C_25	321.2404
sub_C_26	321.2948
sub_C_27	321.3213
sub_C_28	321.3132
sub_C_29	321.2702
sub_C_30	321.1992
sub_C_31	321.1333
sub_C_32	321.0729
sub_C_33	321.0269
sub_C_34	321.0338
sub_C_35	321.0416
sub_C_36	321.0347
sub_C_37	321.0128
sub_C_38	320.9912
sub_C_39	321.0199
sub_C_40	320.9861
sub_C_41	320.8687
sub_C_42	320.8383
sub_C_43	320.8309
sub_C_44	320.8252
sub_C_45	320.8208
sub_C_46	320.8375
sub_C_47	320.9364
sub_C_48	320.9077
sub_C_49	320.7425
sub_C_50	320.6908
sub_C_51	320.6753
sub_C_52	320.6710
sub_C_53	320.6773
sub_C_54	320.7171
sub_C_55	320.8629
sub_C_56	320.8037
sub_C_57	320.6444
sub_C_58	320.6019
sub_C_59	320.5901
sub_C_60	320.5879
sub_C_61	320.5947
sub_C_62	320.6297
sub_C_63	320.7718
layer_3_C_0	323.3446
layer_3_C_1	322.8288
layer_3_C_2	322.9086
layer_3_C_3	322.9439
layer_3_C_4	322.9341
layer_3_C_5	322.8736
layer_3_C_6	322.7390
layer_3_C_7	322.4663
layer_3_C_8	322.4719
layer_3_C_9	322.7155
layer_3_C_10	322.8394
layer_3_C_11	322.8883
layer_3_C_12	322.8774
layer_3_C_13	322.8045
layer_3_C_14	322.6496
layer_3_C_15	322.3641
layer_3_C_16	321.2412
layer_3_C_17	321.4384
layer_3_C_18	321.5506
layer_3_C_19	321.5972
layer_3_C_20	321.5875
layer_3_C_21	321.5212
layer_3_C_22	321.3890
layer_3_C_23	321.1762
layer_3_C_24	321.0038
layer_3_C_25	321.1336
layer_3_C_26	321.2147
layer_3_C_27	321.2498
layer_3_C_28	321.2417
layer_3_C_29	321.1907
layer_3_C_30	321.0945
layer_3_C_31	320.9531
layer_3_C_32	320.8469
layer_3_C_33	320.9166
layer_3_C_34	320.9640
layer_3_C_35	320.9849
layer_3_C_36	320.9782
layer_3_C_37	320.9440
layer_3_C_38	320.8840
layer_3_C_39	320.8032
layer_3_C_40	320.7252
layer_3_C_41	320.7450
layer_3_C_42	320.7627
layer_3_C_43	320.7707
layer_3_C_44	320.7652
layer_3_C_45	320.7462
layer_3_C_46	320.7173
layer_3_C_47	320.6860
layer_3_C_48	320.6161
layer_3_C_49	320.5965
layer_3_C_50	320.5920
layer_3_C_51	320.5906
layer_3_C_52	320.5863
layer_3_C_53	320.5789
layer_3_C_54	320.5736
layer_3_C_55	320.5817
layer_3_C_56	320.4958
layer_3_C_57	320.4529
layer_3_C_58	320.4383
layer_3_C_59	320.4331
layer_3_C_60	320.4302
layer_3_C_61	320.4293
layer_3_C_62	320.4365
layer_3_C_63	320.4688
layer_4_TB_0	323.2333
layer_4_TB_1	322.7667
layer_4_TB_2	322.8466
layer_4_TB_3	322.8820
layer_4_TB_4	322.8721
layer_4_TB_5	322.8116
layer_4_TB_6	322.6770
layer_4_TB_7	322.4044
layer_4_TB_8	322.4101
layer_4_TB_9	322.6539
layer_4_TB_10	322.7778
layer_4_TB_11	322.8266
layer_4_TB_12	322.8158
layer_4_TB_13	322.7429
layer_4_TB_14	322.5880
layer_4_TB_15	322.3025
layer_4_TB_16	321.2408
layer_4_TB_17	321.4381
layer_4_TB_18	321.5503
layer_4_TB_19	321.5968
layer_4_TB_20	321.5872
layer_4_TB_21	321.5209
layer_4_TB_22	321.3887
layer_4_TB_23	321.1758
layer_4_TB_24	321.0036
layer_4_TB_25	321.1335
layer_4_TB_26	321.2146
layer_4_TB_27	321.2497
layer_4_TB_28	321.2417
layer_4_TB_29	321.1906
layer_4_TB_30	321.0944
layer_4_TB_31	320.9529
layer_4_TB_32	320.8467
layer_4_TB_33	320.9164
layer_4_TB_34	320.9639
layer_4_TB_35	320.9848
layer_4_TB_36	320.9781
layer_4_TB_37	320.9440
layer_4_TB_38	320.8839
layer_4_TB_39	320.8030
layer_4_TB_40	320.7249
layer_4_TB_41	320.7449
layer_4_TB_42	320.7627
layer_4_TB_43	320.7706
layer_4_TB_44	320.7651
layer_4_TB_45	320.7461
layer_4_TB_46	320.7172
layer_4_TB_47	320.6858
layer_4_TB_48	320.6158
layer_4_TB_49	320.5963
layer_4_TB_50	320.5919
layer_4_TB_51	320.5905
layer_4_TB_52	320.5862
layer_4_TB_53	320.5788
layer_4_TB_54	320.5734
layer_4_TB_55	320.5814
layer_4_TB_56	320.4954
layer_4_TB_57	320.4526
layer_4_TB_58	320.4381
layer_4_TB_59	320.4329
layer_4_TB_60	320.4300
layer_4_TB_61	320.4291
layer_4_TB_62	320.4362
layer_4_TB_63	320.4685
hsp_TB_0	322.1200
hsp_TB_1	322.1457
hsp_TB_2	322.2269
hsp_TB_3	322.2622
hsp_TB_4	322.2523
hsp_TB_5	322.1919
hsp_TB_6	322.0575
hsp_TB_7	321.7848
hsp_TB_8	321.7922
hsp_TB_9	322.0376
hsp_TB_10	322.1613
hsp_TB_11	322.2101
hsp_TB_12	322.1992
hsp_TB_13	322.1264
hsp_TB_14	321.9718
hsp_TB_15	321.6860
hsp_TB_16	321.2367
hsp_TB_17	321.4349
hsp_TB_18	321.5472
hsp_TB_19	321.5938
hsp_TB_20	321.5841
hsp_TB_21	321.5178
hsp_TB_22	321.3855
hsp_TB_23	321.1718
hsp_TB_24	321.0012
hsp_TB_25	321.1323
hsp_TB_26	321.2137
hsp_TB_27	321.2489
hsp_TB_28	321.2409
hsp_TB_29	321.1897
hsp_TB_30	321.0933
hsp_TB_31	320.9506
hsp_TB_32	320.8442
hsp_TB_33	320.9153
hsp_TB_34	320.9631
hsp_TB_35	320.9842
hsp_TB_36	320.9775
hsp_TB_37	320.9432
hsp_TB_38	320.8828
hsp_TB_39	320.8005
hsp_TB_40	320.7222
hsp_TB_41	320.7436
hsp_TB_42	320.7619
hsp_TB_43	320.7700
hsp_TB_44	320.7645
hsp_TB_45	320.7453
hsp_TB_46	320.7159
hsp_TB_47	320.6832
hsp_TB_48	320.6130
hsp_TB_49	320.5948
hsp_TB_50	320.5909
hsp_TB_51	320.5896
hsp_TB_52	320.5853
hsp_TB_53	320.5777
hsp_TB_54	320.5719
hsp_TB_55	320.5786
hsp_TB_56	320.4922
hsp_TB_57	320.4503
hsp_TB_58	320.4361
hsp_TB_59	320.4310
hsp_TB_60	320.4281
hsp_TB_61	320.4271
hsp_TB_62	320.4339
hsp_TB_63	320.4653
hsink_TB_0	321.6922
hsink_TB_1	321.8737
hsink_TB_2	321.9645
hsink_TB_3	322.0004
hsink_TB_4	321.9906
hsink_TB_5	321.9302
hsink_TB_6	321.7965
hsink_TB_7	321.5329
hsink_TB_8	321.5359
hsink_TB_9	321.7824
hsink_TB_10	321.9065
hsink_TB_11	321.9553
hsink_TB_12	321.9445
hsink_TB_13	321.8718
hsink_TB_14	321.7179
hsink_TB_15	321.4408
hsink_TB_16	321.2170
hsink_TB_17	321.4149
hsink_TB_18	321.5272
hsink_TB_19	321.5738
hsink_TB_20	321.5641
hsink_TB_21	321.4978
hsink_TB_22	321.3657
hsink_TB_23	321.1528
hsink_TB_24	320.9972
hsink_TB_25	321.1286
hsink_TB_26	321.2101
hsink_TB_27	321.2453
hsink_TB_28	321.2373
hsink_TB_29	321.1861
hsink_TB_30	321.0896
hsink_TB_31	320.9467
hsink_TB_32	320.8412
hsink_TB_33	320.9128
hsink_TB_34	320.9608
hsink_TB_35	320.9819
hsink_TB_36	320.9752
hsink_TB_37	320.9409
hsink_TB_38	320.8803
hsink_TB_39	320.7976
hsink_TB_40	320.7193
hsink_TB_41	320.7412
hsink_TB_42	320.7597
hsink_TB_43	320.7679
hsink_TB_44	320.7624
hsink_TB_45	320.7432
hsink_TB_46	320.7136
hsink_TB_47	320.6803
hsink_TB_48	320.6100
hsink_TB_49	320.5925
hsink_TB_50	320.5888
hsink_TB_51	320.5875
hsink_TB_52	320.5832
hsink_TB_53	320.5756
hsink_TB_54	320.5696
hsink_TB_55	320.5757
hsink_TB_56	320.4891
hsink_TB_57	320.4478
hsink_TB_58	320.4337
hsink_TB_59	320.4286
hsink_TB_60	320.4257
hsink_TB_61	320.4246
hsink_TB_62	320.4314
hsink_TB_63	320.4623
inode_0	320.6955
inode_1	320.6359
inode_2	320.1804
inode_3	321.4581
inode_4	320.6905
inode_5	320.6312
inode_6	320.1771
inode_7	321.4498
inode_8	320.4714
inode_9	320.4172
inode_10	320.0023
inode_11	321.1653
inode_12	321.2890
inode_13	321.2156
inode_14	320.6675
inode_15	322.2534
inode_16	321.2884
inode_17	321.2153
inode_18	320.6680
inode_19	322.2505
inode_20	321.1554
inode_21	321.0962
inode_22	320.6057
inode_23	321.9763
inode_24	320.4553
inode_25	320.4100
inode_26	320.0337
inode_27	321.0850
