C_0	C_1	C_2	C_3	C_4	C_5	C_6	C_7	C_8	C_9	C_10	C_11	C_12	C_13	C_14	C_15	C_16	C_17	C_18	C_19	C_20	C_21	C_22	C_23	C_24	C_25	C_26	C_27	C_28	C_29	C_30	C_31	
3.98193	3.98128	3.98128	3.98206	3.98121	3.98197	3.98121	3.98196	3.9819	3.9811	3.98175	3.9813	3.98197	3.98122	3.98198	3.98124	9.91398	9.91164	9.91076	9.91397	9.91362	9.91209	9.91278	9.91142	9.91032	9.91198	9.91411	9.91254	9.91115	9.91454	9.91184	9.91314	
3.89546	3.8954	3.89541	3.89541	3.89539	3.89545	3.89541	3.89545	3.89545	3.89542	3.89539	3.8954	3.89545	3.89542	3.89544	3.89542	7.73304	7.73	7.73182	7.7275	7.73195	7.72669	7.73186	7.72941	7.72777	7.72658	7.72955	7.7291	7.72883	7.7323	7.72992	7.72929	
3.87657	3.87689	3.87688	3.87662	3.87688	3.8766	3.87689	3.8766	3.87671	3.87679	3.87684	3.87687	3.8766	3.87688	3.8766	3.87689	8.75266	8.75313	8.75325	8.75313	8.75256	8.75287	8.75269	8.75318	8.5779	8.57774	8.57687	8.57783	8.57763	8.57667	8.57737	8.57685	
3.96624	3.96621	3.96621	3.96626	3.9662	3.96625	3.9662	3.96625	3.96623	3.96629	3.96625	3.96624	3.96625	3.9662	3.96626	3.96619	8.57831	8.57972	8.57953	8.57976	8.57852	8.57983	8.57918	8.57976	8.74928	8.74903	8.74681	8.74719	8.74808	8.74416	8.74705	8.74714	
3.84635	3.84648	3.84648	3.8464	3.84644	3.84634	3.84644	3.84634	3.84639	3.8464	3.84635	3.84648	3.84634	3.84646	3.84637	3.84651	8.56775	8.56553	8.43295	8.38717	8.56688	8.51778	8.38829	8.39808	8.18335	8.17063	8.17824	8.17171	8.16649	8.29841	8.17184	8.17804	
3.98234	3.98203	3.98204	3.98226	3.98212	3.98231	3.98211	3.98232	3.98235	3.98201	3.98233	3.98205	3.98231	3.9821	3.98229	3.98204	8.17125	8.17033	8.16548	8.17932	8.17085	8.18546	8.17833	8.17339	8.56746	8.52639	8.55595	8.56254	8.55373	8.45576	8.56243	8.55598	
3.93579	3.93594	3.93594	3.93584	3.93598	3.93585	3.936	3.9358	3.93578	3.93594	3.9359	3.93594	3.93585	3.936	3.93585	3.93598	8.71038	8.70042	8.76295	8.78878	8.71019	8.48223	8.78835	8.78234	8.09558	8.31647	8.41586	8.41637	8.34975	7.98622	8.41641	8.41758	
3.91565	3.91566	3.91566	3.91564	3.91564	3.9156	3.91562	3.91564	3.91568	3.91569	3.91561	3.91564	3.9156	3.91563	3.91561	3.91563	8.41629	8.41535	8.31581	8.28807	8.41626	8.23353	8.28795	8.29349	8.68353	8.68903	8.64717	8.64656	8.67642	8.68125	8.64684	8.64572	
3.9569	3.95699	3.95699	3.95694	3.95702	3.95696	3.95698	3.95691	3.95687	3.95709	3.95681	3.95705	3.95696	3.95698	3.95698	3.95699	8.70746	8.7108	8.70921	8.78955	8.70817	8.8379	8.78785	8.77404	8.66236	8.88672	8.96424	8.96849	8.91585	8.70058	8.96857	8.9666	
3.9735	3.97338	3.97338	3.97348	3.97338	3.97343	3.97338	3.97348	3.97348	3.97337	3.97347	3.97343	3.97343	3.97337	3.97341	3.97338	8.96861	8.96508	8.83764	8.84529	8.96807	8.80376	8.84678	8.85112	8.20815	8.19753	8.19038	8.19094	8.19403	8.30937	8.19085	8.19084	
3.96078	3.96093	3.96093	3.96079	3.96092	3.9608	3.96089	3.96078	3.96087	3.96097	3.96083	3.96097	3.9608	3.96088	3.9608	3.96089	8.34613	8.35593	8.46622	8.45852	8.34756	8.52573	8.45664	8.45314	2.77728	2.43193	2.2996	2.29332	2.38259	3.20428	2.29315	2.29988	
3.93862	3.93853	3.93853	3.93862	3.93838	3.93863	3.93841	3.93863	3.93861	3.93838	3.93862	3.93856	3.93863	3.93842	3.93864	3.93848	2.29389	2.29931	2.47261	2.47005	2.2946	2.5577	2.4695	2.4676	0.72988	0.72988	0.72988	0.72988	0.72988	0.72988	0.72988	0.72988	
3.97503	3.97491	3.97491	3.97499	3.97474	3.97499	3.97474	3.97499	3.97505	3.97474	3.9748	3.97488	3.97499	3.97475	3.97499	3.9748	0.72988	0.72988	0.72988	0.72988	0.72988	0.72988	0.72988	0.72988	0.72988	0.72988	0.72988	0.72988	0.72988	0.72988	0.72988	0.72988	
4.03382	4.03367	4.03368	4.03388	4.03362	4.0338	4.03367	4.03382	4.03368	4.03352	4.03383	4.0337	4.0338	4.03367	4.0338	4.03368	0.72988	0.72988	0.72988	0.72988	0.72988	0.72988	0.72988	0.72988	0.72988	0.72988	0.72988	0.72988	0.72988	0.72988	0.72988	0.72988	
3.95582	3.95591	3.95591	3.95575	3.95586	3.95582	3.95589	3.95581	3.95582	3.9559	3.956	3.95591	3.95582	3.95591	3.95581	3.95595	0.72988	0.72988	0.72988	0.72988	0.72988	0.72988	0.72988	0.72988	0.72988	0.72988	0.72988	0.72988	0.72988	0.72988	0.72988	0.72988	
4.06203	4.06182	4.06182	4.06202	4.06179	4.06202	4.06176	4.06203	4.06204	4.06178	4.06201	4.06192	4.06202	4.06175	4.06201	4.06171	0.72988	0.72988	0.72988	0.72988	0.72988	0.72988	0.72988	0.72988	0.72988	0.72988	0.72988	0.72988	0.72988	0.72988	0.72988	0.72988	
3.99653	3.99645	3.99645	3.99651	3.99639	3.99649	3.99639	3.99651	3.99657	3.99639	3.99637	3.99653	3.99649	3.99638	3.99649	3.99639	0.72988	0.72988	0.72988	0.72988	0.72988	0.72988	0.72988	0.72988	0.72988	0.72988	0.72988	0.72988	0.72988	0.72988	0.72988	0.72988	
3.94836	3.9483	3.94829	3.94851	3.9485	3.94841	3.94848	3.94838	3.94831	3.94845	3.94829	3.94817	3.94841	3.94847	3.94843	3.94842	0.72988	0.72988	0.72988	0.72988	0.72988	0.72988	0.72988	0.72988	0.72988	0.72988	0.72988	0.72988	0.72988	0.72988	0.72988	0.72988	
3.94101	3.94093	3.94093	3.94104	3.94091	3.94104	3.94093	3.94101	3.941	3.94088	3.94088	3.94092	3.94104	3.94093	3.94103	3.94092	0.72988	0.72988	0.72988	0.72988	0.72988	0.72988	0.72988	0.72988	0.72988	0.72988	0.72988	0.72988	0.72988	0.72988	0.72988	0.72988	
3.95421	3.95443	3.95442	3.95423	3.95445	3.95426	3.95443	3.95422	3.95419	3.95448	3.95428	3.95442	3.95426	3.95443	3.95427	3.95443	0.72988	0.72988	0.72988	0.72988	0.72988	0.72988	0.72988	0.72988	0.72988	0.72988	0.72988	0.72988	0.72988	0.72988	0.72988	0.72988	
3.95231	3.95245	3.95246	3.95233	3.9524	3.9523	3.95242	3.95231	3.95232	3.9524	3.95237	3.95248	3.9523	3.95242	3.9523	3.95242	0.72988	0.72988	0.72988	0.72988	0.72988	0.72988	0.72988	0.72988	0.72988	0.72988	0.72988	0.72988	0.72988	0.72988	0.72988	0.72988	
4.0183	4.01822	4.01823	4.01826	4.01814	4.0183	4.01812	4.0183	4.01832	4.01814	4.01814	4.01817	4.0183	4.01812	4.0183	4.01815	0.72988	0.72988	0.72988	0.72988	0.72988	0.72988	0.72988	0.72988	0.72988	0.72988	0.72988	0.72988	0.72988	0.72988	0.72988	0.72988	
3.91926	3.91976	3.91975	3.9192	3.91986	3.91924	3.91986	3.91925	3.91925	3.91979	3.91927	3.91957	3.91924	3.91987	3.91923	3.91987	0.72988	0.72988	0.72988	0.72988	0.72988	0.72988	0.72988	0.72988	0.72988	0.72988	0.72988	0.72988	0.72988	0.72988	0.72988	0.72988	
