Metric	Core0	Core1	Core2	Core3	Core4	Core5	Core6	Core7	Core8	Core9	Core10	Core11	Core12	Core13	Core14	Core15	Core16	Core17	Core18	Core19	Core20	Core21	Core22	Core23	Core24	Core25	Core26	Core27	Core28	Core29	Core30	Core31
total	1.567	1.567	1.567	1.567	1.567	1.567	1.567	1.567	1.567	1.567	1.567	1.567	1.567	1.567	1.567	1.567	0.442	0.442	0.442	0.442	0.442	0.442	0.442	0.442	0.442	0.442	0.442	0.442	0.442	0.442	0.442	0.442
base	0.250	0.250	0.250	0.250	0.250	0.250	0.250	0.250	0.250	0.250	0.250	0.250	0.250	0.250	0.250	0.250	0.250	0.250	0.250	0.250	0.250	0.250	0.250	0.250	0.250	0.250	0.250	0.250	0.250	0.250	0.250	0.250
dispatch_width	-
rs_full	-
depend	-
depend-int	0.186	0.186	0.186	0.186	0.186	0.186	0.186	0.186	0.186	0.186	0.186	0.186	0.186	0.186	0.186	0.186	0.034	0.034	0.034	0.034	0.034	0.034	0.034	0.034	0.034	0.034	0.034	0.034	0.034	0.034	0.034	0.034
depend-fp	-
depend-branch	0.034	0.034	0.034	0.034	0.034	0.034	0.034	0.034	0.034	0.034	0.034	0.034	0.034	0.034	0.034	0.034	0.000	0.000	0.000	0.000	0.000	0.000	0.000	0.000	0.000	0.000	0.000	0.000	0.000	0.000	0.000	0.000
issue	0.000	0.000	0.000	0.000	0.000	0.000	0.000	0.000	0.000	0.000	0.000	0.000	0.000	0.000	0.000	0.000	0.067	0.067	0.067	0.067	0.067	0.067	0.067	0.067	0.067	0.067	0.067	0.067	0.067	0.067	0.067	0.067
serial	-
smt	-
branch	0.175	0.175	0.175	0.175	0.175	0.175	0.175	0.175	0.175	0.175	0.175	0.175	0.175	0.175	0.175	0.175	0.005	0.005	0.005	0.005	0.005	0.005	0.005	0.005	0.005	0.005	0.005	0.005	0.005	0.005	0.005	0.005
itlb	-
dtlb	-
ifetch	0.424	0.424	0.424	0.424	0.424	0.424	0.424	0.424	0.424	0.425	0.425	0.424	0.424	0.424	0.424	0.424	0.020	0.020	0.020	0.020	0.020	0.020	0.020	0.020	0.020	0.020	0.020	0.020	0.020	0.020	0.020	0.020
mem	-
mem-l1d	0.486	0.486	0.486	0.486	0.486	0.486	0.486	0.486	0.486	0.486	0.486	0.486	0.486	0.486	0.486	0.486	0.051	0.051	0.051	0.051	0.051	0.051	0.051	0.051	0.051	0.051	0.051	0.051	0.051	0.051	0.051	0.051
mem-l2	-
mem-l3	-
mem-l4	-
mem-remote	-
mem-nuca	-
mem-dram-cache	-
mem-dram	0.000	0.000	0.000	0.000	0.000	0.000	0.000	0.000	0.000	0.000	0.000	0.000	0.000	0.000	0.000	0.000	0.015	0.015	0.015	0.015	0.015	0.015	0.015	0.015	0.015	0.015	0.015	0.015	0.015	0.015	0.015	0.015
sync	-
dvfs-transition	-
imbalance	-
other	0.012	0.012	0.012	0.012	0.012	0.012	0.012	0.012	0.012	0.012	0.012	0.012	0.012	0.012	0.012	0.012	0.001	0.001	0.001	0.001	0.001	0.001	0.001	0.001	0.001	0.001	0.001	0.001	0.001	0.001	0.001	0.001
total	1.596	1.596	1.596	1.596	1.596	1.596	1.596	1.596	1.596	1.596	1.596	1.596	1.596	1.596	1.596	1.596	0.618	0.618	0.618	0.618	0.618	0.619	0.618	0.618	0.618	0.619	0.618	0.618	0.618	0.618	0.618	0.618
base	0.250	0.250	0.250	0.250	0.250	0.250	0.250	0.250	0.250	0.250	0.250	0.250	0.250	0.250	0.250	0.250	0.250	0.250	0.250	0.250	0.250	0.250	0.250	0.250	0.250	0.250	0.250	0.250	0.250	0.250	0.250	0.250
dispatch_width	-
rs_full	-
depend	-
depend-int	0.191	0.191	0.191	0.191	0.191	0.191	0.191	0.191	0.191	0.191	0.191	0.191	0.191	0.191	0.191	0.191	0.054	0.054	0.054	0.054	0.054	0.054	0.054	0.054	0.054	0.054	0.054	0.054	0.054	0.054	0.054	0.054
depend-fp	-
depend-branch	0.035	0.035	0.035	0.035	0.035	0.035	0.035	0.035	0.035	0.035	0.035	0.035	0.035	0.035	0.035	0.035	0.000	0.000	0.000	0.000	0.000	0.000	0.000	0.000	0.000	0.000	0.000	0.000	0.000	0.000	0.000	0.000
issue	0.000	0.000	0.000	0.000	0.000	0.000	0.000	0.000	0.000	0.000	0.000	0.000	0.000	0.000	0.000	0.000	0.075	0.075	0.075	0.075	0.075	0.075	0.075	0.075	0.075	0.075	0.075	0.075	0.075	0.075	0.075	0.075
serial	-
smt	-
branch	0.169	0.169	0.169	0.169	0.169	0.169	0.169	0.169	0.169	0.169	0.169	0.169	0.169	0.169	0.169	0.169	0.053	0.053	0.053	0.053	0.053	0.053	0.053	0.053	0.053	0.053	0.053	0.053	0.053	0.053	0.053	0.053
itlb	-
dtlb	-
ifetch	0.448	0.448	0.448	0.448	0.448	0.448	0.448	0.448	0.448	0.448	0.448	0.448	0.448	0.448	0.448	0.448	0.067	0.068	0.067	0.068	0.068	0.068	0.068	0.068	0.068	0.068	0.068	0.068	0.068	0.067	0.068	0.068
mem	-
mem-l1d	0.494	0.494	0.494	0.494	0.494	0.494	0.494	0.494	0.494	0.494	0.494	0.494	0.494	0.494	0.494	0.494	0.109	0.109	0.109	0.109	0.109	0.109	0.109	0.109	0.109	0.109	0.109	0.109	0.109	0.109	0.109	0.109
mem-l2	-
mem-l3	-
mem-l4	-
mem-remote	-
mem-nuca	-
mem-dram-cache	-
mem-dram	-
sync	-
dvfs-transition	-
imbalance	-
other	0.009	0.009	0.009	0.009	0.009	0.009	0.009	0.009	0.009	0.009	0.009	0.009	0.009	0.009	0.009	0.009	0.010	0.011	0.010	0.011	0.011	0.011	0.010	0.011	0.011	0.011	0.011	0.011	0.011	0.010	0.011	0.011
total	1.609	1.609	1.609	1.609	1.609	1.609	1.609	1.609	1.609	1.609	1.609	1.609	1.609	1.609	1.609	1.609	0.433	0.432	0.432	0.433	0.433	0.434	0.434	0.433	0.541	0.541	0.541	0.541	0.541	0.541	0.541	0.541
base	0.250	0.250	0.250	0.250	0.250	0.250	0.250	0.250	0.250	0.250	0.250	0.250	0.250	0.250	0.250	0.250	0.243	0.243	0.243	0.243	0.243	0.243	0.243	0.243	0.250	0.250	0.250	0.250	0.250	0.250	0.250	0.250
dispatch_width	-
rs_full	-
depend	-
depend-int	0.192	0.192	0.192	0.192	0.192	0.192	0.192	0.192	0.192	0.192	0.192	0.192	0.192	0.192	0.192	0.192	0.018	0.023	0.023	0.023	0.018	0.018	0.018	0.021	0.047	0.047	0.047	0.047	0.047	0.047	0.047	0.047
depend-fp	-
depend-branch	0.037	0.037	0.037	0.037	0.037	0.037	0.037	0.037	0.037	0.037	0.037	0.037	0.037	0.037	0.037	0.037	0.000	0.000	0.000	0.000	0.000	0.000	0.000	0.000	0.000	0.000	0.000	0.000	0.000	0.000	0.000	0.000
issue	0.000	0.000	0.000	0.000	0.000	0.000	0.000	0.000	0.000	0.000	0.000	0.000	0.000	0.000	0.000	0.000	0.062	0.062	0.062	0.063	0.061	0.062	0.062	0.062	0.077	0.077	0.077	0.077	0.077	0.077	0.077	0.077
serial	-
smt	-
branch	0.174	0.174	0.174	0.174	0.174	0.174	0.174	0.174	0.174	0.174	0.174	0.174	0.174	0.174	0.174	0.174	0.000	0.000	0.000	0.000	0.000	0.000	0.000	0.000	0.031	0.031	0.031	0.031	0.031	0.031	0.031	0.031
itlb	-
dtlb	-
ifetch	0.459	0.459	0.459	0.459	0.459	0.459	0.459	0.459	0.459	0.459	0.459	0.459	0.459	0.459	0.459	0.459	0.000	0.000	0.000	0.000	0.000	0.000	0.000	0.000	0.031	0.031	0.031	0.031	0.031	0.031	0.031	0.031
mem	-
mem-l1d	0.489	0.489	0.489	0.489	0.489	0.489	0.489	0.489	0.489	0.489	0.489	0.489	0.489	0.489	0.489	0.489	0.091	0.085	0.085	0.085	0.091	0.092	0.091	0.087	0.097	0.097	0.097	0.097	0.097	0.097	0.097	0.097
mem-l2	-
mem-l3	-
mem-l4	-
mem-remote	-
mem-nuca	-
mem-dram-cache	-
mem-dram	-
sync	-
dvfs-transition	-
imbalance	0.000	0.000	0.000	0.000	0.000	0.000	0.000	0.000	0.000	0.000	0.000	0.000	0.000	0.000	0.000	0.000	0.019	0.019	0.019	0.019	0.019	0.019	0.019	0.019	0.000	0.000	0.000	0.000	0.000	0.000	0.000	0.000
other	0.009	0.009	0.009	0.009	0.009	0.009	0.009	0.009	0.009	0.009	0.009	0.009	0.009	0.009	0.009	0.009	0.001	0.001	0.001	0.001	0.001	0.001	0.001	0.001	0.009	0.009	0.009	0.009	0.009	0.009	0.009	0.009
total	1.593	1.593	1.593	1.593	1.593	1.593	1.593	1.593	1.593	1.593	1.593	1.593	1.593	1.593	1.593	1.593	0.542	0.542	0.542	0.542	0.542	0.542	0.542	0.542	0.553	0.553	0.553	0.553	0.553	0.553	0.553	0.553
base	0.250	0.250	0.250	0.250	0.250	0.250	0.250	0.250	0.250	0.250	0.250	0.250	0.250	0.250	0.250	0.250	0.262	0.262	0.262	0.262	0.262	0.262	0.262	0.262	0.250	0.250	0.250	0.250	0.250	0.250	0.250	0.250
dispatch_width	-
rs_full	-
depend	-
depend-int	0.189	0.189	0.189	0.189	0.189	0.189	0.189	0.189	0.189	0.189	0.189	0.189	0.189	0.189	0.189	0.189	0.050	0.050	0.050	0.050	0.050	0.050	0.050	0.050	0.051	0.051	0.051	0.051	0.051	0.051	0.051	0.051
depend-fp	-
depend-branch	0.036	0.036	0.036	0.036	0.036	0.036	0.036	0.036	0.036	0.036	0.036	0.036	0.036	0.036	0.036	0.036	0.000	0.000	0.000	0.000	0.000	0.000	0.000	0.000	0.000	0.000	0.000	0.000	0.000	0.000	0.000	0.000
issue	0.000	0.000	0.000	0.000	0.000	0.000	0.000	0.000	0.000	0.000	0.000	0.000	0.000	0.000	0.000	0.000	0.081	0.081	0.081	0.081	0.081	0.081	0.081	0.081	0.079	0.079	0.079	0.079	0.079	0.079	0.079	0.079
serial	-
smt	-
branch	0.176	0.176	0.176	0.176	0.176	0.176	0.176	0.176	0.176	0.176	0.176	0.176	0.176	0.176	0.176	0.176	0.031	0.031	0.031	0.031	0.031	0.031	0.031	0.031	0.040	0.040	0.040	0.040	0.040	0.040	0.040	0.040
itlb	-
dtlb	-
ifetch	0.449	0.449	0.449	0.449	0.449	0.449	0.449	0.449	0.449	0.449	0.449	0.449	0.449	0.449	0.449	0.449	0.031	0.031	0.031	0.031	0.031	0.031	0.031	0.031	0.031	0.031	0.031	0.031	0.031	0.031	0.031	0.031
mem	-
mem-l1d	0.484	0.484	0.484	0.484	0.484	0.484	0.484	0.484	0.484	0.484	0.484	0.484	0.484	0.484	0.484	0.484	0.102	0.102	0.102	0.102	0.102	0.102	0.102	0.102	0.094	0.094	0.094	0.094	0.094	0.094	0.094	0.094
mem-l2	-
mem-l3	-
mem-l4	-
mem-remote	-
mem-nuca	-
mem-dram-cache	-
mem-dram	-
sync	-
dvfs-transition	-
imbalance	-
other	0.009	0.009	0.009	0.009	0.009	0.009	0.009	0.009	0.009	0.009	0.009	0.009	0.009	0.009	0.009	0.009	-0.013	-0.013	-0.013	-0.013	-0.013	-0.013	-0.013	-0.013	0.008	0.008	0.008	0.008	0.008	0.008	0.008	0.008
total	1.570	1.570	1.570	1.570	1.570	1.570	1.570	1.570	1.570	1.570	1.570	1.570	1.570	1.570	1.570	1.570	0.553	0.552	0.552	0.552	0.553	0.552	0.552	0.552	0.540	0.540	0.540	0.540	0.540	0.541	0.540	0.540
base	0.250	0.250	0.250	0.250	0.250	0.250	0.250	0.250	0.250	0.250	0.250	0.250	0.250	0.250	0.250	0.250	0.250	0.250	0.250	0.250	0.250	0.250	0.250	0.250	0.250	0.250	0.250	0.250	0.250	0.250	0.250	0.250
dispatch_width	-
rs_full	-
depend	-
depend-int	0.186	0.186	0.186	0.186	0.186	0.186	0.186	0.186	0.186	0.186	0.186	0.186	0.186	0.186	0.186	0.186	0.051	0.051	0.051	0.051	0.051	0.051	0.051	0.051	0.050	0.050	0.050	0.050	0.050	0.050	0.050	0.050
depend-fp	-
depend-branch	0.035	0.035	0.035	0.035	0.035	0.035	0.035	0.035	0.035	0.035	0.035	0.035	0.035	0.035	0.035	0.035	0.000	0.000	0.000	0.000	0.000	0.000	0.000	0.000	0.000	0.000	0.000	0.000	0.000	0.000	0.000	0.000
issue	0.000	0.000	0.000	0.000	0.000	0.000	0.000	0.000	0.000	0.000	0.000	0.000	0.000	0.000	0.000	0.000	0.079	0.079	0.079	0.079	0.079	0.079	0.079	0.079	0.080	0.080	0.080	0.080	0.080	0.080	0.080	0.080
serial	-
smt	-
branch	0.175	0.175	0.175	0.175	0.175	0.175	0.175	0.175	0.175	0.175	0.175	0.175	0.175	0.175	0.175	0.175	0.040	0.040	0.040	0.040	0.040	0.040	0.040	0.040	0.035	0.035	0.035	0.035	0.035	0.036	0.035	0.035
itlb	-
dtlb	-
ifetch	0.428	0.428	0.428	0.428	0.428	0.428	0.428	0.428	0.428	0.428	0.428	0.428	0.428	0.428	0.428	0.428	0.031	0.030	0.030	0.030	0.030	0.030	0.030	0.030	0.028	0.028	0.028	0.028	0.028	0.028	0.028	0.028
mem	-
mem-l1d	0.486	0.486	0.486	0.486	0.486	0.486	0.486	0.486	0.486	0.486	0.486	0.486	0.486	0.486	0.486	0.486	0.094	0.094	0.094	0.094	0.094	0.094	0.094	0.094	0.089	0.089	0.089	0.089	0.089	0.089	0.089	0.089
mem-l2	-
mem-l3	-
mem-l4	-
mem-remote	-
mem-nuca	-
mem-dram-cache	-
mem-dram	-
sync	-
dvfs-transition	-
imbalance	-
other	0.009	0.009	0.009	0.009	0.009	0.009	0.009	0.009	0.009	0.009	0.009	0.009	0.009	0.009	0.009	0.009	0.008	0.008	0.008	0.008	0.008	0.008	0.008	0.008	0.007	0.007	0.007	0.007	0.007	0.007	0.007	0.007
total	1.710	1.710	1.710	1.710	1.710	1.710	1.710	1.710	1.710	1.710	1.710	1.710	1.710	1.710	1.710	1.710	0.604	0.604	0.604	0.604	0.604	0.604	0.604	0.604	2.099	1.933	1.840	1.785	1.828	1.488	1.929	1.834
base	0.250	0.250	0.250	0.250	0.250	0.250	0.250	0.250	0.250	0.250	0.250	0.250	0.250	0.250	0.250	0.250	0.250	0.250	0.250	0.250	0.250	0.250	0.250	0.250	0.145	0.157	0.167	0.165	0.167	0.186	0.165	0.165
dispatch_width	-
rs_full	-
depend	-
depend-int	0.184	0.184	0.184	0.184	0.184	0.184	0.184	0.184	0.184	0.184	0.184	0.184	0.184	0.184	0.184	0.184	0.050	0.050	0.050	0.050	0.050	0.050	0.050	0.050	0.181	0.172	0.154	0.163	0.166	0.138	0.159	0.152
depend-fp	-
depend-branch	0.033	0.033	0.033	0.033	0.033	0.033	0.033	0.033	0.033	0.033	0.033	0.033	0.033	0.033	0.033	0.033	0.000	0.000	0.000	0.000	0.000	0.000	0.000	0.000	0.044	0.039	0.035	0.037	0.036	0.030	0.036	0.035
issue	0.000	0.000	0.000	0.000	0.000	0.000	0.000	0.000	0.000	0.000	0.000	0.000	0.000	0.000	0.000	0.000	0.080	0.080	0.080	0.080	0.080	0.080	0.080	0.080	0.000	0.000	0.000	0.000	0.000	0.000	0.000	0.000
serial	-
smt	-
branch	0.156	0.156	0.156	0.156	0.156	0.156	0.156	0.156	0.156	0.156	0.156	0.156	0.156	0.156	0.156	0.156	0.035	0.035	0.035	0.035	0.035	0.035	0.035	0.035	0.803	0.767	0.806	0.641	0.659	0.714	0.867	0.703
itlb	-
dtlb	-
ifetch	0.413	0.413	0.413	0.413	0.413	0.413	0.413	0.413	0.413	0.413	0.413	0.413	0.413	0.413	0.413	0.413	0.028	0.028	0.028	0.028	0.028	0.028	0.028	0.028	0.034	0.031	0.000	0.000	0.029	0.000	0.000	0.000
mem	-
mem-l1d	0.483	0.483	0.483	0.483	0.483	0.483	0.483	0.483	0.483	0.483	0.483	0.483	0.483	0.483	0.483	0.483	0.089	0.089	0.089	0.089	0.089	0.089	0.089	0.089	0.278	0.273	0.236	0.248	0.268	0.218	0.245	0.235
mem-l2	-
mem-l3	-
mem-l4	-
mem-remote	-
mem-nuca	-
mem-dram-cache	-
mem-dram	-
sync	-
dvfs-transition	-
imbalance	0.182	0.182	0.182	0.182	0.182	0.182	0.182	0.182	0.182	0.182	0.182	0.182	0.182	0.182	0.182	0.182	0.064	0.064	0.064	0.064	0.064	0.064	0.064	0.064	0.612	0.490	0.437	0.526	0.500	0.193	0.453	0.539
other	0.009	0.009	0.009	0.009	0.009	0.009	0.009	0.009	0.009	0.009	0.009	0.009	0.009	0.009	0.009	0.009	0.007	0.007	0.007	0.007	0.007	0.007	0.007	0.007	0.004	0.003	0.005	0.003	0.003	0.010	0.003	0.005
total	1.630	1.630	1.630	1.630	1.630	1.630	1.630	1.630	1.630	1.630	1.630	1.630	1.630	1.630	1.630	1.630	1.810	1.653	1.648	1.717	2.081	0.432	1.951	1.804	0.571	0.579	0.568	0.568	0.575	0.636	0.568	0.568
base	0.250	0.250	0.250	0.250	0.250	0.250	0.250	0.250	0.250	0.250	0.250	0.250	0.250	0.250	0.250	0.250	0.154	0.178	0.173	0.173	0.130	0.244	0.149	0.155	0.272	0.276	0.275	0.274	0.275	0.279	0.273	0.275
dispatch_width	-
rs_full	-
depend	-
depend-int	0.190	0.190	0.190	0.190	0.190	0.190	0.190	0.190	0.190	0.190	0.190	0.190	0.190	0.190	0.190	0.190	0.164	0.155	0.154	0.155	0.179	0.023	0.174	0.156	0.057	0.057	0.057	0.057	0.057	0.057	0.057	0.057
depend-fp	-
depend-branch	0.034	0.034	0.034	0.034	0.034	0.034	0.034	0.034	0.034	0.034	0.034	0.034	0.034	0.034	0.034	0.034	0.040	0.036	0.034	0.034	0.051	0.000	0.046	0.031	0.000	0.000	0.000	0.000	0.000	0.000	0.000	0.000
issue	0.000	0.000	0.000	0.000	0.000	0.000	0.000	0.000	0.000	0.000	0.000	0.000	0.000	0.000	0.000	0.000	0.000	0.000	0.000	0.000	0.000	0.063	0.000	0.000	0.087	0.088	0.088	0.087	0.088	0.090	0.087	0.088
serial	-
smt	-
branch	0.163	0.163	0.163	0.163	0.163	0.163	0.163	0.163	0.163	0.163	0.163	0.163	0.163	0.163	0.163	0.163	0.740	0.650	0.736	0.675	0.996	0.007	0.985	0.601	0.068	0.068	0.103	0.092	0.067	0.107	0.092	0.103
itlb	-
dtlb	-
ifetch	0.447	0.447	0.447	0.447	0.447	0.447	0.447	0.447	0.447	0.447	0.447	0.447	0.447	0.447	0.447	0.447	0.000	0.000	0.000	0.000	0.000	0.038	0.000	0.000	0.033	0.033	0.033	0.033	0.033	0.030	0.033	0.033
mem	-
mem-l1d	0.490	0.490	0.490	0.490	0.490	0.490	0.490	0.490	0.490	0.490	0.490	0.490	0.490	0.490	0.490	0.490	0.257	0.236	0.242	0.240	0.300	0.024	0.287	0.259	0.101	0.101	0.101	0.101	0.101	0.101	0.101	0.101
mem-l2	0.000	0.000	0.000	0.000	0.000	0.000	0.000	0.000	0.000	0.000	0.000	0.000	0.000	0.000	0.000	0.000	0.000	0.000	0.000	0.000	0.000	0.000	0.000	0.027	0.000	0.000	0.000	0.000	0.000	0.000	0.000	0.000
mem-l3	-
mem-l4	-
mem-remote	-
mem-nuca	-
mem-dram-cache	-
mem-dram	-
sync	-
dvfs-transition	-
imbalance	0.047	0.047	0.047	0.047	0.047	0.047	0.047	0.047	0.047	0.047	0.047	0.047	0.047	0.047	0.047	0.047	0.452	0.390	0.304	0.432	0.404	0.031	0.275	0.560	0.000	0.000	0.000	0.000	0.000	0.000	0.000	0.000
other	0.009	0.009	0.009	0.009	0.009	0.009	0.009	0.009	0.009	0.009	0.009	0.009	0.009	0.009	0.009	0.009	0.004	0.008	0.005	0.008	0.020	0.002	0.035	0.014	-0.046	-0.045	-0.089	-0.076	-0.048	-0.029	-0.075	-0.089
total	1.604	1.604	1.604	1.604	1.604	1.604	1.604	1.604	1.604	1.604	1.604	1.604	1.604	1.604	1.604	1.604	0.552	0.552	0.562	0.565	0.552	0.555	0.565	0.564	0.578	0.579	0.579	0.579	0.580	0.570	0.579	0.579
base	0.250	0.250	0.250	0.250	0.250	0.250	0.250	0.250	0.250	0.250	0.250	0.250	0.250	0.250	0.250	0.250	0.271	0.274	0.277	0.276	0.274	0.283	0.277	0.277	0.250	0.250	0.250	0.250	0.250	0.250	0.250	0.250
dispatch_width	-
rs_full	-
depend	-
depend-int	0.191	0.191	0.191	0.191	0.191	0.191	0.191	0.191	0.191	0.191	0.191	0.191	0.191	0.191	0.191	0.191	0.057	0.057	0.057	0.057	0.057	0.059	0.057	0.057	0.055	0.055	0.055	0.055	0.055	0.053	0.055	0.055
depend-fp	-
depend-branch	0.036	0.036	0.036	0.036	0.036	0.036	0.036	0.036	0.036	0.036	0.036	0.036	0.036	0.036	0.036	0.036	0.000	0.000	0.000	0.000	0.000	0.000	0.000	0.000	0.000	0.000	0.000	0.000	0.000	0.000	0.000	0.000
issue	0.000	0.000	0.000	0.000	0.000	0.000	0.000	0.000	0.000	0.000	0.000	0.000	0.000	0.000	0.000	0.000	0.087	0.088	0.089	0.088	0.088	0.090	0.089	0.089	0.080	0.080	0.080	0.080	0.080	0.079	0.080	0.080
serial	-
smt	-
branch	0.171	0.171	0.171	0.171	0.171	0.171	0.171	0.171	0.171	0.171	0.171	0.171	0.171	0.171	0.171	0.171	0.056	0.070	0.073	0.068	0.036	0.079	0.114	0.103	0.052	0.053	0.052	0.052	0.054	0.044	0.052	0.052
itlb	-
dtlb	-
ifetch	0.460	0.460	0.460	0.460	0.460	0.460	0.460	0.460	0.460	0.460	0.460	0.460	0.460	0.460	0.460	0.460	0.033	0.033	0.038	0.033	0.033	0.068	0.033	0.033	0.034	0.034	0.034	0.035	0.034	0.036	0.035	0.034
mem	-
mem-l1d	0.486	0.486	0.486	0.486	0.486	0.486	0.486	0.486	0.486	0.486	0.486	0.486	0.486	0.486	0.486	0.486	0.100	0.101	0.102	0.101	0.101	0.104	0.102	0.101	0.096	0.096	0.096	0.096	0.096	0.096	0.096	0.096
mem-l2	-
mem-l3	-
mem-l4	-
mem-remote	-
mem-nuca	-
mem-dram-cache	-
mem-dram	0.000	0.000	0.000	0.000	0.000	0.000	0.000	0.000	0.000	0.000	0.000	0.000	0.000	0.000	0.000	0.000	0.000	0.000	0.000	0.000	0.000	0.000	0.000	0.000	0.006	0.006	0.006	0.006	0.006	0.006	0.006	0.006
sync	-
dvfs-transition	-
imbalance	-
other	0.009	0.009	0.009	0.009	0.009	0.009	0.009	0.009	0.009	0.009	0.009	0.009	0.009	0.009	0.009	0.009	-0.053	-0.071	-0.074	-0.058	-0.038	-0.129	-0.106	-0.096	0.006	0.006	0.006	0.006	0.006	0.005	0.006	0.006
total	1.586	1.586	1.586	1.586	1.586	1.586	1.586	1.586	1.586	1.586	1.586	1.586	1.586	1.586	1.586	1.586	0.579	0.580	0.580	0.579	0.579	0.578	0.579	0.579	0.553	0.556	0.554	0.553	0.554	0.560	0.553	0.554
base	0.250	0.250	0.250	0.250	0.250	0.250	0.250	0.250	0.250	0.250	0.250	0.250	0.250	0.250	0.250	0.250	0.250	0.250	0.250	0.250	0.250	0.250	0.250	0.250	0.250	0.250	0.250	0.250	0.250	0.250	0.250	0.250
dispatch_width	-
rs_full	-
depend	-
depend-int	0.190	0.190	0.190	0.190	0.190	0.190	0.190	0.190	0.190	0.190	0.190	0.190	0.190	0.190	0.190	0.190	0.055	0.055	0.055	0.055	0.055	0.055	0.055	0.055	0.051	0.052	0.051	0.051	0.051	0.052	0.051	0.051
depend-fp	-
depend-branch	0.034	0.034	0.034	0.034	0.034	0.034	0.034	0.034	0.034	0.034	0.034	0.034	0.034	0.034	0.034	0.034	0.000	0.000	0.000	0.000	0.000	0.000	0.000	0.000	0.000	0.000	0.000	0.000	0.000	0.000	0.000	0.000
issue	0.000	0.000	0.000	0.000	0.000	0.000	0.000	0.000	0.000	0.000	0.000	0.000	0.000	0.000	0.000	0.000	0.080	0.080	0.080	0.080	0.080	0.080	0.080	0.080	0.079	0.079	0.079	0.079	0.079	0.079	0.079	0.079
serial	-
smt	-
branch	0.170	0.170	0.170	0.170	0.170	0.170	0.170	0.170	0.170	0.170	0.170	0.170	0.170	0.170	0.170	0.170	0.052	0.052	0.054	0.052	0.052	0.052	0.052	0.053	0.042	0.042	0.043	0.043	0.042	0.047	0.043	0.043
itlb	-
dtlb	-
ifetch	0.433	0.433	0.433	0.433	0.433	0.433	0.433	0.433	0.433	0.433	0.433	0.433	0.433	0.433	0.433	0.433	0.035	0.035	0.034	0.034	0.035	0.034	0.034	0.034	0.029	0.030	0.029	0.029	0.030	0.030	0.029	0.029
mem	-
mem-l1d	0.498	0.498	0.498	0.498	0.498	0.498	0.498	0.498	0.498	0.498	0.498	0.498	0.498	0.498	0.498	0.498	0.096	0.096	0.096	0.096	0.096	0.096	0.096	0.096	0.093	0.094	0.093	0.093	0.093	0.093	0.093	0.093
mem-l2	-
mem-l3	-
mem-l4	-
mem-remote	-
mem-nuca	-
mem-dram-cache	-
mem-dram	0.000	0.000	0.000	0.000	0.000	0.000	0.000	0.000	0.000	0.000	0.000	0.000	0.000	0.000	0.000	0.000	0.006	0.006	0.006	0.006	0.006	0.006	0.006	0.006	0.000	0.000	0.000	0.000	0.000	0.000	0.000	0.000
sync	-
dvfs-transition	-
imbalance	-
other	0.010	0.010	0.010	0.010	0.010	0.010	0.010	0.010	0.010	0.010	0.010	0.010	0.010	0.010	0.010	0.010	0.006	0.006	0.006	0.006	0.006	0.006	0.006	0.006	0.009	0.009	0.008	0.008	0.009	0.009	0.008	0.008
total	1.752	1.751	1.751	1.752	1.751	1.752	1.751	1.752	1.752	1.751	1.752	1.751	1.752	1.751	1.752	1.751	0.598	0.598	0.600	0.603	0.598	0.598	0.603	0.602	1.791	0.410	0.836	0.571	0.404	1.018	0.661	0.761
base	0.250	0.250	0.250	0.250	0.250	0.250	0.250	0.250	0.250	0.250	0.250	0.250	0.250	0.250	0.250	0.250	0.250	0.250	0.250	0.250	0.250	0.250	0.250	0.250	0.170	0.245	0.234	0.237	0.245	0.192	0.234	0.233
dispatch_width	-
rs_full	-
depend	-
depend-int	0.193	0.193	0.193	0.193	0.193	0.193	0.193	0.193	0.193	0.193	0.193	0.193	0.193	0.193	0.193	0.193	0.051	0.051	0.051	0.052	0.051	0.051	0.052	0.052	0.128	0.028	0.079	0.053	0.026	0.074	0.064	0.069
depend-fp	-
depend-branch	0.035	0.035	0.035	0.035	0.035	0.035	0.035	0.035	0.035	0.035	0.035	0.035	0.035	0.035	0.035	0.035	0.000	0.000	0.000	0.000	0.000	0.000	0.000	0.000	0.057	0.000	0.021	0.000	0.000	0.016	0.000	0.023
issue	0.000	0.000	0.000	0.000	0.000	0.000	0.000	0.000	0.000	0.000	0.000	0.000	0.000	0.000	0.000	0.000	0.079	0.079	0.079	0.079	0.079	0.079	0.079	0.079	0.019	0.043	0.073	0.123	0.044	0.024	0.136	0.070
serial	-
smt	-
branch	0.174	0.174	0.174	0.174	0.174	0.174	0.174	0.174	0.174	0.174	0.174	0.174	0.174	0.174	0.174	0.174	0.043	0.043	0.042	0.044	0.043	0.042	0.044	0.043	0.804	0.000	0.080	0.000	0.000	0.102	0.010	0.061
itlb	-
dtlb	-
ifetch	0.441	0.441	0.441	0.441	0.441	0.441	0.441	0.441	0.441	0.441	0.441	0.441	0.441	0.441	0.441	0.441	0.029	0.029	0.030	0.030	0.029	0.029	0.030	0.030	0.000	0.007	0.132	0.026	0.000	0.000	0.060	0.089
mem	-
mem-l1d	0.520	0.520	0.520	0.520	0.520	0.520	0.520	0.520	0.520	0.520	0.520	0.520	0.520	0.520	0.520	0.520	0.093	0.093	0.094	0.094	0.093	0.093	0.094	0.094	0.307	0.039	0.122	0.051	0.038	0.320	0.068	0.094
mem-l2	-
mem-l3	-
mem-l4	-
mem-remote	-
mem-nuca	-
mem-dram-cache	-
mem-dram	-
sync	-
dvfs-transition	-
imbalance	0.130	0.130	0.130	0.130	0.130	0.130	0.130	0.130	0.130	0.130	0.130	0.130	0.130	0.130	0.130	0.130	0.044	0.044	0.044	0.045	0.044	0.044	0.045	0.045	0.287	0.046	0.090	0.074	0.045	0.286	0.080	0.118
other	0.010	0.010	0.010	0.010	0.010	0.010	0.010	0.010	0.010	0.010	0.010	0.010	0.010	0.010	0.010	0.010	0.008	0.008	0.009	0.009	0.008	0.009	0.009	0.009	0.018	0.001	0.005	0.006	0.004	0.005	0.009	0.004
total	1.680	1.680	1.680	1.680	1.680	1.680	1.680	1.680	1.680	1.680	1.680	1.680	1.680	1.680	1.680	1.680	0.665	0.495	0.458	0.451	0.813	1.311	0.450	0.451	0.598	0.559	0.565	0.563	0.562	0.556	0.563	0.562
base	0.250	0.250	0.250	0.250	0.250	0.250	0.250	0.250	0.250	0.250	0.250	0.250	0.250	0.250	0.250	0.250	0.232	0.239	0.242	0.243	0.205	0.188	0.243	0.243	0.273	0.261	0.281	0.283	0.261	0.264	0.280	0.280
dispatch_width	-
rs_full	-
depend	-
depend-int	0.191	0.191	0.191	0.191	0.191	0.191	0.191	0.191	0.191	0.191	0.191	0.191	0.191	0.191	0.191	0.191	0.062	0.064	0.043	0.018	0.121	0.122	0.018	0.027	0.053	0.052	0.056	0.056	0.052	0.052	0.056	0.056
depend-fp	-
depend-branch	0.035	0.035	0.035	0.035	0.035	0.035	0.035	0.035	0.035	0.035	0.035	0.035	0.035	0.035	0.035	0.035	0.000	0.000	0.000	0.000	0.020	0.029	0.000	0.000	0.000	0.000	0.000	0.000	0.000	0.000	0.000	0.000
issue	0.000	0.000	0.000	0.000	0.000	0.000	0.000	0.000	0.000	0.000	0.000	0.000	0.000	0.000	0.000	0.000	0.097	0.134	0.084	0.062	0.037	0.000	0.062	0.063	0.088	0.085	0.090	0.091	0.084	0.086	0.090	0.090
serial	-
smt	-
branch	0.173	0.173	0.173	0.173	0.173	0.173	0.173	0.173	0.173	0.173	0.173	0.173	0.173	0.173	0.173	0.173	0.088	0.000	0.000	0.000	0.107	0.506	0.000	0.000	0.030	0.036	0.037	0.056	0.037	0.032	0.097	0.046
itlb	-
dtlb	-
ifetch	0.441	0.441	0.441	0.441	0.441	0.441	0.441	0.441	0.441	0.441	0.441	0.441	0.441	0.441	0.441	0.441	0.040	0.000	0.012	0.000	0.000	0.000	0.000	0.000	0.026	0.027	0.066	0.068	0.027	0.026	0.078	0.066
mem	-
mem-l1d	0.516	0.516	0.516	0.516	0.516	0.516	0.516	0.516	0.516	0.516	0.516	0.516	0.516	0.516	0.516	0.516	0.072	0.014	0.036	0.091	0.212	0.196	0.091	0.081	0.094	0.091	0.099	0.099	0.092	0.092	0.098	0.098
mem-l2	-
mem-l3	-
mem-l4	-
mem-remote	-
mem-nuca	-
mem-dram-cache	-
mem-dram	-
sync	-
dvfs-transition	-
imbalance	0.065	0.065	0.065	0.065	0.065	0.065	0.065	0.065	0.065	0.065	0.065	0.065	0.065	0.065	0.065	0.065	0.064	0.043	0.040	0.036	0.109	0.260	0.036	0.036	0.024	0.000	0.000	0.000	0.000	0.000	0.000	0.000
other	0.010	0.010	0.010	0.010	0.010	0.010	0.010	0.010	0.010	0.010	0.010	0.010	0.010	0.010	0.010	0.010	0.010	0.001	0.002	0.001	0.002	0.011	0.001	0.001	0.009	0.007	-0.064	-0.091	0.008	0.003	-0.136	-0.073
total	1.601	1.601	1.601	1.601	1.601	1.601	1.601	1.601	1.601	1.601	1.601	1.601	1.601	1.601	1.601	1.601	0.541	0.542	0.538	0.536	0.541	0.558	0.536	0.537	0.586	0.569	0.562	0.562	0.567	0.595	0.562	0.562
base	0.250	0.250	0.250	0.250	0.250	0.250	0.250	0.250	0.250	0.250	0.250	0.250	0.250	0.250	0.250	0.250	0.262	0.275	0.261	0.261	0.266	0.274	0.261	0.262	0.250	0.250	0.250	0.250	0.250	0.250	0.250	0.250
dispatch_width	-
rs_full	-
depend	-
depend-int	0.190	0.190	0.190	0.190	0.190	0.190	0.190	0.190	0.190	0.190	0.190	0.190	0.190	0.190	0.190	0.190	0.053	0.055	0.052	0.052	0.053	0.054	0.052	0.052	0.055	0.053	0.052	0.052	0.052	0.056	0.052	0.052
depend-fp	-
depend-branch	0.036	0.036	0.036	0.036	0.036	0.036	0.036	0.036	0.036	0.036	0.036	0.036	0.036	0.036	0.036	0.036	0.000	0.000	0.000	0.000	0.000	0.000	0.000	0.000	0.000	0.000	0.000	0.000	0.000	0.000	0.000	0.000
issue	0.000	0.000	0.000	0.000	0.000	0.000	0.000	0.000	0.000	0.000	0.000	0.000	0.000	0.000	0.000	0.000	0.085	0.089	0.084	0.084	0.086	0.088	0.084	0.085	0.078	0.079	0.079	0.079	0.079	0.078	0.079	0.079
serial	-
smt	-
branch	0.174	0.174	0.174	0.174	0.174	0.174	0.174	0.174	0.174	0.174	0.174	0.174	0.174	0.174	0.174	0.174	0.037	0.110	0.036	0.035	0.037	0.034	0.035	0.035	0.058	0.050	0.047	0.047	0.049	0.063	0.047	0.047
itlb	-
dtlb	-
ifetch	0.443	0.443	0.443	0.443	0.443	0.443	0.443	0.443	0.443	0.443	0.443	0.443	0.443	0.443	0.443	0.443	0.027	0.027	0.027	0.026	0.047	0.027	0.026	0.026	0.033	0.031	0.030	0.030	0.031	0.034	0.030	0.030
mem	-
mem-l1d	0.498	0.498	0.498	0.498	0.498	0.498	0.498	0.498	0.498	0.498	0.498	0.498	0.498	0.498	0.498	0.498	0.093	0.097	0.091	0.091	0.094	0.096	0.091	0.091	0.101	0.097	0.096	0.096	0.097	0.104	0.096	0.096
mem-l2	-
mem-l3	-
mem-l4	-
mem-remote	-
mem-nuca	-
mem-dram-cache	-
mem-dram	-
sync	-
dvfs-transition	-
imbalance	-
other	0.010	0.010	0.010	0.010	0.010	0.010	0.010	0.010	0.010	0.010	0.010	0.010	0.010	0.010	0.010	0.010	-0.016	-0.111	-0.012	-0.014	-0.042	-0.015	-0.014	-0.015	0.010	0.010	0.010	0.010	0.010	0.010	0.010	0.010
total	1.611	1.611	1.611	1.611	1.611	1.611	1.611	1.611	1.611	1.611	1.611	1.611	1.611	1.611	1.611	1.611	0.562	0.562	0.570	0.572	0.562	0.575	0.571	0.571	0.542	0.542	0.545	0.545	0.543	0.542	0.545	0.545
base	0.250	0.250	0.250	0.250	0.250	0.250	0.250	0.250	0.250	0.250	0.250	0.250	0.250	0.250	0.250	0.250	0.250	0.250	0.250	0.250	0.250	0.250	0.250	0.250	0.250	0.250	0.250	0.250	0.250	0.250	0.250	0.250
dispatch_width	-
rs_full	-
depend	-
depend-int	0.192	0.192	0.192	0.192	0.192	0.192	0.192	0.192	0.192	0.192	0.192	0.192	0.192	0.192	0.192	0.192	0.052	0.052	0.053	0.053	0.052	0.053	0.053	0.053	0.052	0.052	0.053	0.053	0.052	0.053	0.053	0.053
depend-fp	-
depend-branch	0.035	0.035	0.035	0.035	0.035	0.035	0.035	0.035	0.035	0.035	0.035	0.035	0.035	0.035	0.035	0.035	0.000	0.000	0.000	0.000	0.000	0.000	0.000	0.000	0.000	0.000	0.000	0.000	0.000	0.000	0.000	0.000
issue	0.000	0.000	0.000	0.000	0.000	0.000	0.000	0.000	0.000	0.000	0.000	0.000	0.000	0.000	0.000	0.000	0.079	0.079	0.079	0.079	0.079	0.079	0.079	0.079	0.081	0.081	0.082	0.082	0.081	0.082	0.082	0.082
serial	-
smt	-
branch	0.171	0.171	0.171	0.171	0.171	0.171	0.171	0.171	0.171	0.171	0.171	0.171	0.171	0.171	0.171	0.171	0.047	0.047	0.050	0.051	0.047	0.054	0.051	0.051	0.036	0.036	0.037	0.037	0.036	0.036	0.037	0.037
itlb	-
dtlb	-
ifetch	0.451	0.450	0.450	0.451	0.450	0.451	0.451	0.451	0.451	0.450	0.451	0.451	0.451	0.451	0.451	0.450	0.030	0.030	0.031	0.031	0.030	0.032	0.031	0.031	0.030	0.030	0.031	0.031	0.030	0.030	0.031	0.031
mem	-
mem-l1d	0.504	0.504	0.504	0.504	0.504	0.504	0.504	0.504	0.504	0.504	0.504	0.504	0.504	0.504	0.504	0.504	0.096	0.096	0.097	0.097	0.096	0.098	0.097	0.097	0.086	0.086	0.087	0.087	0.086	0.085	0.087	0.087
mem-l2	-
mem-l3	-
mem-l4	-
mem-remote	-
mem-nuca	-
mem-dram-cache	-
mem-dram	-
sync	-
dvfs-transition	-
imbalance	-
other	0.009	0.009	0.009	0.009	0.009	0.009	0.009	0.009	0.009	0.009	0.009	0.009	0.009	0.009	0.009	0.009	0.010	0.010	0.010	0.010	0.010	0.010	0.010	0.010	0.007	0.007	0.007	0.007	0.007	0.006	0.007	0.007
total	1.603	1.604	1.603	1.603	1.604	1.603	1.604	1.603	1.603	1.604	1.603	1.603	1.603	1.604	1.603	1.604	0.546	0.546	0.543	0.543	0.546	0.544	0.543	0.543	0.451	0.367	0.496	0.444	0.760	0.479	0.444	0.742
base	0.250	0.250	0.250	0.250	0.250	0.250	0.250	0.250	0.250	0.250	0.250	0.250	0.250	0.250	0.250	0.250	0.250	0.250	0.250	0.250	0.250	0.250	0.250	0.250	0.241	0.246	0.241	0.242	0.231	0.240	0.242	0.233
dispatch_width	-
rs_full	-
depend	-
depend-int	0.191	0.191	0.191	0.191	0.191	0.191	0.191	0.191	0.191	0.191	0.191	0.191	0.191	0.191	0.191	0.191	0.053	0.053	0.052	0.052	0.053	0.052	0.052	0.052	0.045	0.024	0.027	0.026	0.072	0.022	0.029	0.050
depend-fp	-
depend-branch	0.035	0.035	0.035	0.035	0.035	0.035	0.035	0.035	0.035	0.035	0.035	0.035	0.035	0.035	0.035	0.035	0.000	0.000	0.000	0.000	0.000	0.000	0.000	0.000	0.000	0.000	0.000	0.000	0.011	0.000	0.000	0.000
issue	0.000	0.000	0.000	0.000	0.000	0.000	0.000	0.000	0.000	0.000	0.000	0.000	0.000	0.000	0.000	0.000	0.082	0.082	0.081	0.081	0.082	0.081	0.081	0.081	0.082	0.046	0.068	0.065	0.086	0.057	0.066	0.078
serial	-
smt	-
branch	0.169	0.169	0.169	0.169	0.169	0.169	0.169	0.169	0.169	0.169	0.169	0.169	0.169	0.169	0.169	0.169	0.037	0.037	0.036	0.036	0.037	0.036	0.036	0.036	0.000	0.000	0.006	0.000	0.186	0.031	0.000	0.019
itlb	-
dtlb	-
ifetch	0.439	0.439	0.439	0.439	0.439	0.439	0.439	0.439	0.439	0.439	0.439	0.439	0.439	0.439	0.439	0.439	0.031	0.031	0.030	0.030	0.031	0.030	0.030	0.030	0.008	0.000	0.022	0.000	0.034	0.000	0.000	0.140
mem	-
mem-l1d	0.506	0.506	0.506	0.506	0.506	0.506	0.506	0.506	0.506	0.506	0.506	0.506	0.506	0.506	0.506	0.506	0.087	0.087	0.086	0.086	0.087	0.087	0.086	0.086	0.050	0.035	0.107	0.085	0.098	0.097	0.080	0.185
mem-l2	-
mem-l3	-
mem-l4	-
mem-remote	-
mem-nuca	-
mem-dram-cache	-
mem-dram	-
sync	-
dvfs-transition	-
imbalance	0.000	0.000	0.000	0.000	0.000	0.000	0.000	0.000	0.000	0.000	0.000	0.000	0.000	0.000	0.000	0.000	0.000	0.000	0.000	0.000	0.000	0.000	0.000	0.000	0.023	0.016	0.022	0.020	0.040	0.027	0.020	0.032
other	0.013	0.013	0.013	0.013	0.013	0.013	0.013	0.013	0.013	0.013	0.013	0.013	0.013	0.013	0.013	0.013	0.008	0.008	0.008	0.008	0.008	0.008	0.008	0.008	0.002	0.001	0.002	0.006	0.002	0.005	0.006	0.004
total	1.616	1.616	1.616	1.616	1.616	1.616	1.616	1.616	1.616	1.616	1.616	1.616	1.616	1.616	1.616	1.616	0.441	0.500	0.393	0.370	0.602	0.436	0.369	0.470	0.530	0.546	0.548	0.548	0.547	0.528	0.548	0.549
base	0.250	0.250	0.250	0.250	0.250	0.250	0.250	0.250	0.250	0.250	0.250	0.250	0.250	0.250	0.250	0.250	0.242	0.238	0.243	0.245	0.237	0.243	0.246	0.240	0.261	0.262	0.270	0.262	0.264	0.261	0.262	0.279
dispatch_width	-
rs_full	-
depend	-
depend-int	0.190	0.190	0.190	0.190	0.190	0.190	0.190	0.190	0.190	0.190	0.190	0.190	0.190	0.190	0.190	0.190	0.022	0.029	0.025	0.024	0.050	0.027	0.025	0.062	0.053	0.055	0.057	0.055	0.056	0.052	0.055	0.059
depend-fp	-
depend-branch	0.035	0.035	0.035	0.035	0.035	0.035	0.035	0.035	0.035	0.035	0.035	0.035	0.035	0.035	0.035	0.035	0.000	0.000	0.000	0.000	0.000	0.000	0.000	0.000	0.000	0.000	0.000	0.000	0.000	0.000	0.000	0.000
issue	0.000	0.000	0.000	0.000	0.000	0.000	0.000	0.000	0.000	0.000	0.000	0.000	0.000	0.000	0.000	0.000	0.069	0.063	0.045	0.047	0.071	0.063	0.045	0.107	0.087	0.087	0.090	0.087	0.088	0.087	0.087	0.092
serial	-
smt	-
branch	0.173	0.173	0.173	0.173	0.173	0.173	0.173	0.173	0.173	0.173	0.173	0.173	0.173	0.173	0.173	0.173	0.000	0.000	0.000	0.000	0.009	0.000	0.000	0.000	0.026	0.034	0.036	0.036	0.035	0.025	0.036	0.036
itlb	-
dtlb	-
ifetch	0.433	0.433	0.433	0.433	0.433	0.433	0.433	0.433	0.433	0.433	0.433	0.433	0.433	0.433	0.433	0.433	0.000	0.027	0.014	0.000	0.070	0.000	0.000	0.000	0.026	0.028	0.053	0.028	0.028	0.025	0.028	0.087
mem	-
mem-l1d	0.510	0.510	0.510	0.510	0.510	0.510	0.510	0.510	0.510	0.510	0.510	0.510	0.510	0.510	0.510	0.510	0.083	0.108	0.042	0.033	0.129	0.080	0.034	0.031	0.087	0.090	0.093	0.090	0.091	0.087	0.090	0.096
mem-l2	-
mem-l3	-
mem-l4	-
mem-remote	-
mem-nuca	-
mem-dram-cache	-
mem-dram	-
sync	-
dvfs-transition	-
imbalance	0.000	0.000	0.000	0.000	0.000	0.000	0.000	0.000	0.000	0.000	0.000	0.000	0.000	0.000	0.000	0.000	0.023	0.032	0.023	0.019	0.031	0.023	0.019	0.027	0.000	0.000	0.000	0.000	0.000	0.000	0.000	0.000
other	0.024	0.024	0.024	0.024	0.024	0.024	0.024	0.024	0.024	0.024	0.024	0.024	0.024	0.024	0.024	0.024	0.001	0.004	0.001	0.001	0.005	0.001	0.001	0.002	-0.010	-0.011	-0.051	-0.010	-0.014	-0.009	-0.010	-0.100
total	1.611	1.611	1.611	1.611	1.611	1.611	1.611	1.611	1.611	1.611	1.611	1.611	1.611	1.611	1.611	1.611	0.543	0.543	0.544	0.538	0.543	0.535	0.538	0.539	0.547	0.532	0.527	0.527	0.530	0.544	0.527	0.527
base	0.250	0.250	0.250	0.250	0.250	0.250	0.250	0.250	0.250	0.250	0.250	0.250	0.250	0.250	0.250	0.250	0.264	0.262	0.280	0.261	0.262	0.261	0.261	0.264	0.250	0.250	0.250	0.250	0.250	0.250	0.250	0.250
dispatch_width	-
rs_full	-
depend	-
depend-int	0.190	0.190	0.190	0.190	0.190	0.190	0.190	0.190	0.190	0.190	0.190	0.190	0.190	0.190	0.190	0.190	0.056	0.055	0.058	0.055	0.055	0.054	0.055	0.055	0.052	0.050	0.049	0.049	0.049	0.052	0.049	0.049
depend-fp	-
depend-branch	0.036	0.036	0.036	0.036	0.036	0.036	0.036	0.036	0.036	0.036	0.036	0.036	0.036	0.036	0.036	0.036	0.000	0.000	0.000	0.000	0.000	0.000	0.000	0.000	0.000	0.000	0.000	0.000	0.000	0.000	0.000	0.000
issue	0.000	0.000	0.000	0.000	0.000	0.000	0.000	0.000	0.000	0.000	0.000	0.000	0.000	0.000	0.000	0.000	0.088	0.087	0.093	0.087	0.087	0.087	0.087	0.088	0.082	0.082	0.081	0.081	0.082	0.082	0.081	0.081
serial	-
smt	-
branch	0.174	0.174	0.174	0.174	0.174	0.174	0.174	0.174	0.174	0.174	0.174	0.174	0.174	0.174	0.174	0.174	0.036	0.036	0.049	0.032	0.036	0.031	0.033	0.033	0.040	0.032	0.030	0.030	0.031	0.039	0.030	0.030
itlb	-
dtlb	-
ifetch	0.439	0.439	0.439	0.439	0.439	0.439	0.439	0.439	0.439	0.439	0.439	0.439	0.439	0.439	0.439	0.439	0.033	0.028	0.092	0.028	0.028	0.027	0.028	0.028	0.027	0.025	0.024	0.024	0.025	0.027	0.024	0.024
mem	-
mem-l1d	0.512	0.512	0.512	0.512	0.512	0.512	0.512	0.512	0.512	0.512	0.512	0.512	0.512	0.512	0.512	0.512	0.091	0.090	0.095	0.089	0.090	0.088	0.089	0.090	0.089	0.086	0.085	0.084	0.086	0.088	0.084	0.084
mem-l2	-
mem-l3	-
mem-l4	-
mem-remote	-
mem-nuca	-
mem-dram-cache	-
mem-dram	-
sync	-
dvfs-transition	-
imbalance	-
other	0.010	0.010	0.010	0.010	0.010	0.010	0.010	0.010	0.010	0.010	0.010	0.010	0.010	0.010	0.010	0.010	-0.024	-0.015	-0.123	-0.015	-0.015	-0.015	-0.015	-0.019	0.008	0.008	0.008	0.008	0.008	0.007	0.008	0.008
total	1.594	1.594	1.594	1.594	1.594	1.594	1.594	1.594	1.594	1.594	1.594	1.594	1.594	1.594	1.594	1.594	0.527	0.527	0.535	0.535	0.527	0.537	0.535	0.534	0.577	0.578	0.579	0.579	0.578	0.570	0.579	0.579
base	0.250	0.250	0.250	0.250	0.250	0.250	0.250	0.250	0.250	0.250	0.250	0.250	0.250	0.250	0.250	0.250	0.250	0.250	0.250	0.250	0.250	0.250	0.250	0.250	0.250	0.250	0.250	0.250	0.250	0.250	0.250	0.250
dispatch_width	-
rs_full	-
depend	-
depend-int	0.188	0.188	0.188	0.188	0.188	0.188	0.188	0.188	0.188	0.188	0.188	0.188	0.188	0.188	0.188	0.188	0.049	0.049	0.050	0.050	0.049	0.051	0.050	0.050	0.055	0.055	0.054	0.054	0.055	0.053	0.054	0.054
depend-fp	-
depend-branch	0.036	0.036	0.036	0.036	0.036	0.036	0.036	0.036	0.036	0.036	0.036	0.036	0.036	0.036	0.036	0.036	0.000	0.000	0.000	0.000	0.000	0.000	0.000	0.000	0.000	0.000	0.000	0.000	0.000	0.000	0.000	0.000
issue	0.000	0.000	0.000	0.000	0.000	0.000	0.000	0.000	0.000	0.000	0.000	0.000	0.000	0.000	0.000	0.000	0.081	0.081	0.082	0.082	0.081	0.082	0.082	0.082	0.079	0.079	0.078	0.078	0.079	0.079	0.078	0.078
serial	-
smt	-
branch	0.175	0.175	0.175	0.175	0.175	0.175	0.175	0.175	0.175	0.175	0.175	0.175	0.175	0.175	0.175	0.175	0.030	0.030	0.034	0.033	0.030	0.034	0.033	0.033	0.055	0.056	0.056	0.056	0.056	0.052	0.056	0.056
itlb	-
dtlb	-
ifetch	0.434	0.434	0.434	0.434	0.434	0.434	0.434	0.434	0.434	0.434	0.434	0.434	0.434	0.434	0.434	0.434	0.024	0.024	0.025	0.025	0.024	0.026	0.025	0.025	0.033	0.033	0.033	0.033	0.033	0.031	0.033	0.033
mem	-
mem-l1d	0.501	0.501	0.501	0.501	0.501	0.501	0.501	0.501	0.501	0.501	0.501	0.501	0.501	0.501	0.501	0.501	0.084	0.085	0.086	0.086	0.084	0.087	0.086	0.086	0.098	0.098	0.100	0.100	0.098	0.096	0.100	0.100
mem-l2	-
mem-l3	-
mem-l4	-
mem-remote	-
mem-nuca	-
mem-dram-cache	-
mem-dram	-
sync	-
dvfs-transition	-
imbalance	-
other	0.010	0.010	0.010	0.010	0.010	0.010	0.010	0.010	0.010	0.010	0.010	0.010	0.010	0.010	0.010	0.010	0.008	0.008	0.008	0.008	0.008	0.008	0.008	0.008	0.008	0.007	0.008	0.008	0.007	0.008	0.008	0.008
total	1.672	1.672	1.672	1.672	1.672	1.672	1.672	1.672	1.672	1.672	1.672	1.672	1.672	1.672	1.672	1.672	0.602	0.602	0.601	0.601	0.602	0.602	0.601	0.601	0.973	0.509	0.451	0.450	0.451	0.998	0.450	0.449
base	0.250	0.250	0.250	0.250	0.250	0.250	0.250	0.250	0.250	0.250	0.250	0.250	0.250	0.250	0.250	0.250	0.250	0.250	0.250	0.250	0.250	0.250	0.250	0.250	0.211	0.238	0.243	0.243	0.243	0.211	0.243	0.243
dispatch_width	-
rs_full	-
depend	-
depend-int	0.191	0.191	0.191	0.191	0.191	0.191	0.191	0.191	0.191	0.191	0.191	0.191	0.191	0.191	0.191	0.191	0.054	0.054	0.055	0.055	0.054	0.054	0.055	0.055	0.096	0.012	0.018	0.018	0.018	0.094	0.018	0.027
depend-fp	-
depend-branch	0.035	0.035	0.035	0.035	0.035	0.035	0.035	0.035	0.035	0.035	0.035	0.035	0.035	0.035	0.035	0.035	0.000	0.000	0.000	0.000	0.000	0.000	0.000	0.000	0.024	0.000	0.000	0.000	0.000	0.037	0.000	0.000
issue	0.000	0.000	0.000	0.000	0.000	0.000	0.000	0.000	0.000	0.000	0.000	0.000	0.000	0.000	0.000	0.000	0.078	0.078	0.078	0.078	0.078	0.078	0.078	0.078	0.048	0.131	0.062	0.062	0.062	0.028	0.062	0.062
serial	-
smt	-
branch	0.172	0.172	0.172	0.172	0.172	0.172	0.172	0.172	0.172	0.172	0.172	0.172	0.172	0.172	0.172	0.172	0.056	0.056	0.056	0.056	0.056	0.056	0.056	0.056	0.075	0.000	0.000	0.000	0.000	0.294	0.000	0.000
itlb	-
dtlb	-
ifetch	0.444	0.444	0.444	0.444	0.444	0.444	0.444	0.444	0.444	0.444	0.444	0.444	0.444	0.444	0.444	0.444	0.033	0.033	0.033	0.033	0.033	0.033	0.033	0.033	0.187	0.000	0.000	0.000	0.000	0.000	0.000	0.000
mem	-
mem-l1d	0.507	0.507	0.507	0.507	0.507	0.507	0.507	0.507	0.507	0.507	0.507	0.507	0.507	0.507	0.507	0.507	0.100	0.100	0.099	0.099	0.100	0.099	0.099	0.098	0.212	0.081	0.091	0.091	0.091	0.172	0.091	0.081
mem-l2	-
mem-l3	-
mem-l4	-
mem-remote	-
mem-nuca	-
mem-dram-cache	-
mem-dram	-
sync	-
dvfs-transition	-
imbalance	0.064	0.064	0.064	0.064	0.064	0.064	0.064	0.064	0.064	0.064	0.064	0.064	0.064	0.064	0.064	0.064	0.023	0.023	0.023	0.023	0.023	0.023	0.023	0.023	0.113	0.045	0.036	0.036	0.036	0.161	0.036	0.035
other	0.009	0.009	0.009	0.009	0.009	0.009	0.009	0.009	0.009	0.009	0.009	0.009	0.009	0.009	0.009	0.009	0.008	0.008	0.007	0.007	0.008	0.008	0.007	0.007	0.006	0.001	0.001	0.001	0.001	0.002	0.001	0.001
total	1.596	1.597	1.597	1.597	1.597	1.597	1.597	1.597	1.597	1.597	1.596	1.597	1.597	1.597	1.597	1.597	0.433	0.432	0.379	0.474	0.433	0.468	0.467	0.482	0.549	0.563	0.568	0.569	0.565	0.571	0.569	0.569
base	0.250	0.250	0.250	0.250	0.250	0.250	0.250	0.250	0.250	0.250	0.250	0.250	0.250	0.250	0.250	0.250	0.243	0.243	0.244	0.241	0.243	0.243	0.240	0.239	0.280	0.265	0.262	0.262	0.262	0.273	0.262	0.262
dispatch_width	-
rs_full	-
depend	-
depend-int	0.189	0.189	0.189	0.189	0.189	0.189	0.189	0.189	0.189	0.189	0.189	0.189	0.189	0.189	0.189	0.189	0.027	0.028	0.025	0.052	0.027	0.039	0.063	0.062	0.055	0.055	0.055	0.055	0.054	0.054	0.055	0.055
depend-fp	-
depend-branch	0.035	0.035	0.035	0.035	0.035	0.035	0.035	0.035	0.035	0.035	0.035	0.035	0.035	0.035	0.035	0.035	0.000	0.000	0.000	0.000	0.000	0.000	0.000	0.000	0.000	0.000	0.000	0.000	0.000	0.000	0.000	0.000
issue	0.000	0.000	0.000	0.000	0.000	0.000	0.000	0.000	0.000	0.000	0.000	0.000	0.000	0.000	0.000	0.000	0.063	0.063	0.044	0.078	0.063	0.055	0.107	0.087	0.088	0.084	0.083	0.083	0.083	0.086	0.083	0.083
serial	-
smt	-
branch	0.171	0.171	0.171	0.171	0.171	0.171	0.171	0.171	0.171	0.171	0.171	0.171	0.171	0.171	0.171	0.171	0.000	0.000	0.000	0.000	0.000	0.021	0.000	0.000	0.055	0.048	0.051	0.051	0.049	0.061	0.051	0.051
itlb	-
dtlb	-
ifetch	0.442	0.442	0.442	0.442	0.442	0.442	0.442	0.442	0.442	0.442	0.442	0.442	0.442	0.442	0.442	0.442	0.000	0.000	0.000	0.021	0.000	0.025	0.000	0.000	0.078	0.030	0.030	0.031	0.030	0.029	0.031	0.030
mem	-
mem-l1d	0.499	0.499	0.499	0.499	0.499	0.499	0.499	0.499	0.499	0.499	0.499	0.499	0.499	0.499	0.499	0.499	0.081	0.080	0.040	0.059	0.081	0.062	0.032	0.069	0.104	0.103	0.102	0.102	0.102	0.103	0.102	0.102
mem-l2	-
mem-l3	-
mem-l4	-
mem-remote	-
mem-nuca	-
mem-dram-cache	-
mem-dram	-
sync	-
dvfs-transition	-
imbalance	0.000	0.000	0.000	0.000	0.000	0.000	0.000	0.000	0.000	0.000	0.000	0.000	0.000	0.000	0.000	0.000	0.019	0.019	0.020	0.021	0.019	0.020	0.024	0.025	0.000	0.000	0.000	0.000	0.000	0.000	0.000	0.000
other	0.010	0.010	0.010	0.010	0.010	0.010	0.010	0.010	0.010	0.010	0.010	0.010	0.010	0.010	0.010	0.010	0.001	0.001	0.005	0.002	0.001	0.004	0.002	0.002	-0.111	-0.021	-0.015	-0.016	-0.015	-0.036	-0.016	-0.015
total	1.598	1.598	1.598	1.598	1.598	1.598	1.598	1.598	1.598	1.598	1.598	1.598	1.598	1.598	1.598	1.598	0.569	0.568	0.561	0.561	0.569	0.557	0.562	0.562	2.118	2.561	2.780	2.791	2.639	1.744	2.791	2.779
base	0.250	0.250	0.250	0.250	0.250	0.250	0.250	0.250	0.250	0.250	0.250	0.250	0.250	0.250	0.250	0.250	0.262	0.262	0.262	0.264	0.262	0.264	0.265	0.265	0.250	0.250	0.250	0.250	0.250	0.250	0.250	0.250
dispatch_width	-
rs_full	-
depend	-
depend-int	0.189	0.189	0.189	0.189	0.189	0.189	0.189	0.189	0.189	0.189	0.189	0.189	0.189	0.189	0.189	0.189	0.055	0.055	0.054	0.054	0.055	0.054	0.054	0.054	0.054	0.049	0.047	0.046	0.049	0.057	0.046	0.047
depend-fp	-
depend-branch	0.035	0.035	0.035	0.035	0.035	0.035	0.035	0.035	0.035	0.035	0.035	0.035	0.035	0.035	0.035	0.035	0.000	0.000	0.000	0.000	0.000	0.000	0.000	0.000	0.000	0.000	0.000	0.000	0.000	0.000	0.000	0.000
issue	0.000	0.000	0.000	0.000	0.000	0.000	0.000	0.000	0.000	0.000	0.000	0.000	0.000	0.000	0.000	0.000	0.083	0.083	0.083	0.083	0.083	0.083	0.083	0.084	0.078	0.078	0.078	0.078	0.079	0.077	0.078	0.078
serial	-
smt	-
branch	0.173	0.173	0.173	0.173	0.173	0.173	0.173	0.173	0.173	0.173	0.173	0.173	0.173	0.173	0.173	0.173	0.051	0.051	0.047	0.047	0.051	0.045	0.047	0.047	0.057	0.035	0.000	0.000	0.032	0.076	0.000	0.000
itlb	-
dtlb	-
ifetch	0.439	0.439	0.439	0.439	0.439	0.439	0.439	0.439	0.439	0.439	0.439	0.439	0.439	0.439	0.439	0.439	0.031	0.030	0.029	0.029	0.031	0.029	0.029	0.029	0.034	0.034	0.032	0.032	0.033	0.035	0.032	0.032
mem	-
mem-l1d	0.501	0.502	0.502	0.501	0.502	0.501	0.502	0.501	0.501	0.502	0.501	0.502	0.501	0.502	0.501	0.502	0.102	0.102	0.101	0.102	0.102	0.101	0.102	0.102	0.105	0.100	0.097	0.096	0.099	0.107	0.096	0.097
mem-l2	-
mem-l3	-
mem-l4	-
mem-remote	-
mem-nuca	-
mem-dram-cache	-
mem-dram	-
sync	-
dvfs-transition	-
imbalance	0.000	0.000	0.000	0.000	0.000	0.000	0.000	0.000	0.000	0.000	0.000	0.000	0.000	0.000	0.000	0.000	0.000	0.000	0.000	0.000	0.000	0.000	0.000	0.000	1.527	2.001	2.234	2.248	2.083	1.130	2.248	2.233
other	0.010	0.010	0.010	0.010	0.010	0.010	0.010	0.010	0.010	0.010	0.010	0.010	0.010	0.010	0.010	0.010	-0.016	-0.016	-0.015	-0.019	-0.016	-0.020	-0.020	-0.020	0.013	0.014	0.041	0.040	0.014	0.013	0.040	0.041
total	1.612	1.612	1.612	1.612	1.612	1.612	1.612	1.612	1.612	1.612	1.612	1.612	1.612	1.612	1.612	1.612	2.790	2.780	2.495	2.499	2.788	2.378	2.500	2.503	3600008.319	3600008.319	3600008.319	3600008.319	3600008.319	3600008.319	3600008.319	3600008.319
base	0.250	0.250	0.250	0.250	0.250	0.250	0.250	0.250	0.250	0.250	0.250	0.250	0.250	0.250	0.250	0.250	0.250	0.250	0.250	0.250	0.250	0.250	0.250	0.250	0.000	0.000	0.000	0.000	0.000	0.000	0.000	0.000
dispatch_width	-
rs_full	-
depend	-
depend-int	0.191	0.191	0.191	0.191	0.191	0.191	0.191	0.191	0.191	0.191	0.191	0.191	0.191	0.191	0.191	0.191	0.047	0.047	0.050	0.050	0.047	0.051	0.050	0.049	0.000	0.000	0.000	0.000	0.000	0.000	0.000	0.000
depend-fp	-
depend-branch	0.036	0.036	0.036	0.036	0.036	0.036	0.036	0.036	0.036	0.036	0.036	0.036	0.036	0.036	0.036	0.036	0.000	0.000	0.000	0.000	0.000	0.000	0.000	0.000	0.000	0.000	0.000	0.000	0.000	0.000	0.000	0.000
issue	0.000	0.000	0.000	0.000	0.000	0.000	0.000	0.000	0.000	0.000	0.000	0.000	0.000	0.000	0.000	0.000	0.078	0.078	0.078	0.078	0.078	0.079	0.078	0.078	0.000	0.000	0.000	0.000	0.000	0.000	0.000	0.000
serial	-
smt	-
branch	0.175	0.175	0.175	0.175	0.175	0.175	0.175	0.175	0.175	0.175	0.175	0.175	0.175	0.175	0.175	0.175	0.000	0.000	0.039	0.038	0.000	0.045	0.037	0.037	0.000	0.000	0.000	0.000	0.000	0.000	0.000	0.000
itlb	-
dtlb	-
ifetch	0.444	0.444	0.444	0.444	0.444	0.444	0.444	0.444	0.444	0.444	0.444	0.444	0.444	0.444	0.444	0.444	0.032	0.032	0.034	0.034	0.032	0.034	0.034	0.034	0.000	0.000	0.000	0.000	0.000	0.000	0.000	0.000
mem	-
mem-l1d	0.506	0.506	0.506	0.506	0.506	0.506	0.506	0.506	0.506	0.506	0.506	0.506	0.506	0.506	0.506	0.506	0.096	0.097	0.100	0.100	0.097	0.102	0.100	0.100	0.000	0.000	0.000	0.000	0.000	0.000	0.000	0.000
mem-l2	-
mem-l3	-
mem-l4	-
mem-remote	-
mem-nuca	-
mem-dram-cache	-
mem-dram	-
sync	-
dvfs-transition	-
imbalance	0.000	0.000	0.000	0.000	0.000	0.000	0.000	0.000	0.000	0.000	0.000	0.000	0.000	0.000	0.000	0.000	2.247	2.235	1.931	1.936	2.245	1.804	1.938	1.941	3600008.319	3600008.319	3600008.319	3600008.319	3600008.319	3600008.319	3600008.319	3600008.319
other	0.011	0.011	0.011	0.011	0.011	0.011	0.011	0.011	0.011	0.011	0.011	0.011	0.011	0.011	0.011	0.011	0.040	0.041	0.014	0.014	0.040	0.014	0.014	0.014	0.000	0.000	0.000	0.000	0.000	0.000	0.000	0.000
total	1.574	1.574	1.574	1.574	1.574	1.574	1.574	1.574	1.574	1.574	1.574	1.574	1.574	1.574	1.574	1.574	3600021.239	3600021.239	3600021.239	3600021.239	3600021.239	3600021.239	3600021.239	3600021.239	1000.006	1000.006	1000.006	1000.006	1000.006	1000.006	1000.006	1000.006
base	0.250	0.250	0.250	0.250	0.250	0.250	0.250	0.250	0.250	0.250	0.250	0.250	0.250	0.250	0.250	0.250	0.000	0.000	0.000	0.000	0.000	0.000	0.000	0.000	0.000	0.000	0.000	0.000	0.000	0.000	0.000	0.000
dispatch_width	-
rs_full	-
depend	-
depend-int	0.191	0.191	0.191	0.191	0.191	0.191	0.191	0.191	0.191	0.191	0.191	0.191	0.191	0.191	0.191	0.191	0.000	0.000	0.000	0.000	0.000	0.000	0.000	0.000	0.000	0.000	0.000	0.000	0.000	0.000	0.000	0.000
depend-fp	-
depend-branch	0.032	0.032	0.032	0.032	0.032	0.032	0.032	0.032	0.032	0.032	0.032	0.032	0.032	0.032	0.032	0.032	0.000	0.000	0.000	0.000	0.000	0.000	0.000	0.000	0.000	0.000	0.000	0.000	0.000	0.000	0.000	0.000
issue	-
serial	-
smt	-
branch	0.160	0.160	0.160	0.160	0.160	0.160	0.160	0.160	0.160	0.160	0.160	0.160	0.160	0.160	0.160	0.160	0.000	0.000	0.000	0.000	0.000	0.000	0.000	0.000	0.000	0.000	0.000	0.000	0.000	0.000	0.000	0.000
itlb	-
dtlb	-
ifetch	0.424	0.424	0.424	0.424	0.424	0.424	0.424	0.424	0.424	0.424	0.424	0.424	0.424	0.424	0.424	0.424	0.000	0.000	0.000	0.000	0.000	0.000	0.000	0.000	0.000	0.000	0.000	0.000	0.000	0.000	0.000	0.000
mem	-
mem-l1d	0.506	0.507	0.507	0.506	0.506	0.506	0.506	0.506	0.506	0.506	0.507	0.507	0.506	0.506	0.506	0.506	0.000	0.000	0.000	0.000	0.000	0.000	0.000	0.000	0.000	0.000	0.000	0.000	0.000	0.000	0.000	0.000
mem-l2	-
mem-l3	-
mem-l4	-
mem-remote	-
mem-nuca	-
mem-dram-cache	-
mem-dram	-
sync	-
dvfs-transition	-
imbalance	0.000	0.000	0.000	0.000	0.000	0.000	0.000	0.000	0.000	0.000	0.000	0.000	0.000	0.000	0.000	0.000	3600021.239	3600021.239	3600021.239	3600021.239	3600021.239	3600021.239	3600021.239	3600021.239	998.006	998.006	998.006	998.006	998.006	998.006	998.006	998.006
other	0.009	0.009	0.009	0.009	0.009	0.009	0.009	0.009	0.009	0.009	0.009	0.009	0.009	0.009	0.009	0.009	0.000	0.000	0.000	0.000	0.000	0.000	0.000	0.000	2.000	2.000	2.000	2.000	2.000	2.000	2.000	2.000
total	1.572	1.573	1.573	1.572	1.573	1.572	1.573	1.572	1.573	1.573	1.572	1.573	1.572	1.573	1.572	1.573	1000.003	1000.003	1000.003	1000.003	1000.003	1000.003	1000.003	1000.003	3600009.159	3600009.159	3600009.159	3600009.159	3600009.159	3600009.159	3600009.159	3600009.159
base	0.250	0.250	0.250	0.250	0.250	0.250	0.250	0.250	0.250	0.250	0.250	0.250	0.250	0.250	0.250	0.250	0.000	0.000	0.000	0.000	0.000	0.000	0.000	0.000	0.000	0.000	0.000	0.000	0.000	0.000	0.000	0.000
dispatch_width	-
rs_full	-
depend	-
depend-int	0.191	0.191	0.191	0.191	0.191	0.191	0.191	0.191	0.191	0.191	0.191	0.191	0.191	0.191	0.191	0.191	0.000	0.000	0.000	0.000	0.000	0.000	0.000	0.000	0.000	0.000	0.000	0.000	0.000	0.000	0.000	0.000
depend-fp	-
depend-branch	0.033	0.033	0.033	0.033	0.033	0.033	0.033	0.033	0.033	0.033	0.033	0.033	0.033	0.033	0.033	0.033	0.000	0.000	0.000	0.000	0.000	0.000	0.000	0.000	0.000	0.000	0.000	0.000	0.000	0.000	0.000	0.000
issue	-
serial	-
smt	-
branch	0.158	0.158	0.158	0.158	0.158	0.158	0.158	0.158	0.158	0.158	0.158	0.158	0.158	0.158	0.158	0.158	0.000	0.000	0.000	0.000	0.000	0.000	0.000	0.000	0.000	0.000	0.000	0.000	0.000	0.000	0.000	0.000
itlb	-
dtlb	-
ifetch	0.425	0.425	0.425	0.425	0.425	0.425	0.425	0.425	0.425	0.425	0.425	0.425	0.425	0.425	0.425	0.425	0.000	0.000	0.000	0.000	0.000	0.000	0.000	0.000	0.000	0.000	0.000	0.000	0.000	0.000	0.000	0.000
mem	-
mem-l1d	0.506	0.506	0.506	0.506	0.506	0.506	0.506	0.506	0.506	0.506	0.506	0.506	0.506	0.506	0.506	0.506	0.000	0.000	0.000	0.000	0.000	0.000	0.000	0.000	0.000	0.000	0.000	0.000	0.000	0.000	0.000	0.000
mem-l2	-
mem-l3	-
mem-l4	-
mem-remote	-
mem-nuca	-
mem-dram-cache	-
mem-dram	-
sync	-
dvfs-transition	-
imbalance	0.000	0.000	0.000	0.000	0.000	0.000	0.000	0.000	0.000	0.000	0.000	0.000	0.000	0.000	0.000	0.000	998.003	998.003	998.003	998.003	998.003	998.003	998.003	998.003	3592809.159	3592809.159	3592809.159	3592809.159	3592809.159	3592809.159	3592809.159	3592809.159
other	0.010	0.010	0.010	0.010	0.010	0.010	0.010	0.010	0.010	0.010	0.010	0.010	0.010	0.010	0.010	0.010	2.000	2.000	2.000	2.000	2.000	2.000	2.000	2.000	7200.000	7200.000	7200.000	7200.000	7200.000	7200.000	7200.000	7200.000
total	1.577	1.577	1.577	1.577	1.577	1.577	1.577	1.577	1.577	1.577	1.577	1.577	1.577	1.577	1.577	1.577	3600035.079	3600035.079	3600035.079	3600035.079	3600035.079	3600035.079	3600035.079	3600035.079	3600035.079	3600035.079	3600035.079	3600035.079	3600035.079	3600035.079	3600035.079	3600035.079
base	0.250	0.250	0.250	0.250	0.250	0.250	0.250	0.250	0.250	0.250	0.250	0.250	0.250	0.250	0.250	0.250	0.000	0.000	0.000	0.000	0.000	0.000	0.000	0.000	0.000	0.000	0.000	0.000	0.000	0.000	0.000	0.000
dispatch_width	-
rs_full	-
depend	-
depend-int	0.190	0.190	0.190	0.190	0.190	0.190	0.190	0.190	0.190	0.190	0.190	0.190	0.190	0.190	0.190	0.190	0.000	0.000	0.000	0.000	0.000	0.000	0.000	0.000	0.000	0.000	0.000	0.000	0.000	0.000	0.000	0.000
depend-fp	-
depend-branch	0.034	0.034	0.034	0.034	0.034	0.034	0.034	0.034	0.034	0.034	0.034	0.034	0.034	0.034	0.034	0.034	0.000	0.000	0.000	0.000	0.000	0.000	0.000	0.000	0.000	0.000	0.000	0.000	0.000	0.000	0.000	0.000
issue	-
serial	-
smt	-
branch	0.161	0.161	0.161	0.161	0.161	0.161	0.161	0.161	0.161	0.161	0.161	0.161	0.161	0.161	0.161	0.161	0.000	0.000	0.000	0.000	0.000	0.000	0.000	0.000	0.000	0.000	0.000	0.000	0.000	0.000	0.000	0.000
itlb	-
dtlb	-
ifetch	0.437	0.437	0.437	0.437	0.437	0.437	0.437	0.437	0.437	0.437	0.437	0.437	0.437	0.437	0.437	0.437	0.000	0.000	0.000	0.000	0.000	0.000	0.000	0.000	0.000	0.000	0.000	0.000	0.000	0.000	0.000	0.000
mem	-
mem-l1d	0.495	0.495	0.495	0.495	0.495	0.495	0.495	0.495	0.495	0.495	0.495	0.495	0.495	0.495	0.495	0.495	0.000	0.000	0.000	0.000	0.000	0.000	0.000	0.000	0.000	0.000	0.000	0.000	0.000	0.000	0.000	0.000
mem-l2	-
mem-l3	-
mem-l4	-
mem-remote	-
mem-nuca	-
mem-dram-cache	-
mem-dram	-
sync	-
dvfs-transition	-
imbalance	0.000	0.000	0.000	0.000	0.000	0.000	0.000	0.000	0.000	0.000	0.000	0.000	0.000	0.000	0.000	0.000	3592835.079	3592835.079	3592835.079	3592835.079	3592835.079	3592835.079	3592835.079	3592835.079	3600035.079	3600035.079	3600035.079	3600035.079	3600035.079	3600035.079	3600035.079	3600035.079
other	0.010	0.010	0.010	0.010	0.010	0.010	0.010	0.010	0.010	0.010	0.010	0.010	0.010	0.010	0.010	0.010	7200.000	7200.000	7200.000	7200.000	7200.000	7200.000	7200.000	7200.000	0.000	0.000	0.000	0.000	0.000	0.000	0.000	0.000
total	1.559	1.559	1.559	1.559	1.559	1.559	1.559	1.559	1.559	1.559	1.559	1.559	1.559	1.559	1.559	1.559	3600038.999	3600038.999	3600038.999	3600038.999	3600038.999	3600038.999	3600038.999	3600038.999	3600038.999	3600038.999	3600038.999	3600038.999	3600038.999	3600038.999	3600038.999	3600038.999
base	0.250	0.250	0.250	0.250	0.250	0.250	0.250	0.250	0.250	0.250	0.250	0.250	0.250	0.250	0.250	0.250	0.000	0.000	0.000	0.000	0.000	0.000	0.000	0.000	0.000	0.000	0.000	0.000	0.000	0.000	0.000	0.000
dispatch_width	-
rs_full	-
depend	-
depend-int	0.188	0.188	0.188	0.188	0.188	0.188	0.188	0.188	0.188	0.188	0.188	0.188	0.188	0.188	0.188	0.188	0.000	0.000	0.000	0.000	0.000	0.000	0.000	0.000	0.000	0.000	0.000	0.000	0.000	0.000	0.000	0.000
depend-fp	-
depend-branch	0.033	0.033	0.033	0.033	0.033	0.033	0.033	0.033	0.033	0.033	0.033	0.033	0.033	0.033	0.033	0.033	0.000	0.000	0.000	0.000	0.000	0.000	0.000	0.000	0.000	0.000	0.000	0.000	0.000	0.000	0.000	0.000
issue	-
serial	-
smt	-
branch	0.162	0.162	0.162	0.162	0.162	0.162	0.162	0.162	0.162	0.162	0.162	0.162	0.162	0.162	0.162	0.162	0.000	0.000	0.000	0.000	0.000	0.000	0.000	0.000	0.000	0.000	0.000	0.000	0.000	0.000	0.000	0.000
itlb	-
dtlb	-
ifetch	0.421	0.421	0.421	0.421	0.421	0.421	0.421	0.421	0.421	0.421	0.421	0.421	0.421	0.421	0.421	0.421	0.000	0.000	0.000	0.000	0.000	0.000	0.000	0.000	0.000	0.000	0.000	0.000	0.000	0.000	0.000	0.000
mem	-
mem-l1d	0.496	0.496	0.496	0.496	0.496	0.496	0.496	0.496	0.496	0.496	0.496	0.496	0.496	0.496	0.496	0.496	0.000	0.000	0.000	0.000	0.000	0.000	0.000	0.000	0.000	0.000	0.000	0.000	0.000	0.000	0.000	0.000
mem-l2	-
mem-l3	-
mem-l4	-
mem-remote	-
mem-nuca	-
mem-dram-cache	-
mem-dram	-
sync	-
dvfs-transition	-
imbalance	0.000	0.000	0.000	0.000	0.000	0.000	0.000	0.000	0.000	0.000	0.000	0.000	0.000	0.000	0.000	0.000	3600038.999	3600038.999	3600038.999	3600038.999	3600038.999	3600038.999	3600038.999	3600038.999	3600038.999	3600038.999	3600038.999	3600038.999	3600038.999	3600038.999	3600038.999	3600038.999
other	0.009	0.009	0.009	0.009	0.009	0.009	0.009	0.009	0.009	0.009	0.009	0.009	0.009	0.009	0.009	0.009	0.000	0.000	0.000	0.000	0.000	0.000	0.000	0.000	0.000	0.000	0.000	0.000	0.000	0.000	0.000	0.000
total	1.558	1.558	1.558	1.558	1.558	1.558	1.558	1.558	1.558	1.558	1.558	1.558	1.558	1.558	1.558	1.558	3600018.919	3600018.919	3600018.919	3600018.919	3600018.919	3600018.919	3600018.919	3600018.919	1000.005	1000.005	1000.005	1000.005	1000.005	1000.005	1000.005	1000.005
base	0.250	0.250	0.250	0.250	0.250	0.250	0.250	0.250	0.250	0.250	0.250	0.250	0.250	0.250	0.250	0.250	0.000	0.000	0.000	0.000	0.000	0.000	0.000	0.000	0.000	0.000	0.000	0.000	0.000	0.000	0.000	0.000
dispatch_width	-
rs_full	-
depend	-
depend-int	0.190	0.190	0.190	0.190	0.190	0.190	0.190	0.190	0.190	0.190	0.190	0.190	0.190	0.190	0.190	0.190	0.000	0.000	0.000	0.000	0.000	0.000	0.000	0.000	0.000	0.000	0.000	0.000	0.000	0.000	0.000	0.000
depend-fp	-
depend-branch	0.032	0.032	0.032	0.032	0.032	0.032	0.032	0.032	0.032	0.032	0.032	0.032	0.032	0.032	0.032	0.032	0.000	0.000	0.000	0.000	0.000	0.000	0.000	0.000	0.000	0.000	0.000	0.000	0.000	0.000	0.000	0.000
issue	-
serial	-
smt	-
branch	0.153	0.153	0.153	0.153	0.153	0.153	0.153	0.153	0.153	0.153	0.153	0.153	0.153	0.153	0.153	0.153	0.000	0.000	0.000	0.000	0.000	0.000	0.000	0.000	0.000	0.000	0.000	0.000	0.000	0.000	0.000	0.000
itlb	-
dtlb	-
ifetch	0.417	0.416	0.416	0.417	0.416	0.417	0.416	0.417	0.416	0.416	0.416	0.416	0.417	0.416	0.417	0.416	0.000	0.000	0.000	0.000	0.000	0.000	0.000	0.000	0.000	0.000	0.000	0.000	0.000	0.000	0.000	0.000
mem	-
mem-l1d	0.506	0.506	0.506	0.506	0.506	0.506	0.506	0.506	0.506	0.506	0.506	0.506	0.506	0.506	0.506	0.506	0.000	0.000	0.000	0.000	0.000	0.000	0.000	0.000	0.000	0.000	0.000	0.000	0.000	0.000	0.000	0.000
mem-l2	-
mem-l3	-
mem-l4	-
mem-remote	-
mem-nuca	-
mem-dram-cache	-
mem-dram	-
sync	-
dvfs-transition	-
imbalance	0.000	0.000	0.000	0.000	0.000	0.000	0.000	0.000	0.000	0.000	0.000	0.000	0.000	0.000	0.000	0.000	3600018.919	3600018.919	3600018.919	3600018.919	3600018.919	3600018.919	3600018.919	3600018.919	998.005	998.005	998.005	998.005	998.005	998.005	998.005	998.005
other	0.010	0.010	0.010	0.010	0.010	0.010	0.010	0.010	0.010	0.010	0.010	0.010	0.010	0.010	0.010	0.010	0.000	0.000	0.000	0.000	0.000	0.000	0.000	0.000	2.000	2.000	2.000	2.000	2.000	2.000	2.000	2.000
total	1.579	1.579	1.579	1.579	1.579	1.579	1.579	1.579	1.579	1.579	1.579	1.579	1.579	1.579	1.579	1.579	1000.006	1000.006	1000.006	1000.006	1000.006	1000.006	1000.006	1000.006	3600020.839	3600020.839	3600020.839	3600020.839	3600020.839	3600020.839	3600020.839	3600020.839
base	0.250	0.250	0.250	0.250	0.250	0.250	0.250	0.250	0.250	0.250	0.250	0.250	0.250	0.250	0.250	0.250	0.000	0.000	0.000	0.000	0.000	0.000	0.000	0.000	0.000	0.000	0.000	0.000	0.000	0.000	0.000	0.000
dispatch_width	-
rs_full	-
depend	-
depend-int	0.190	0.190	0.190	0.190	0.190	0.190	0.190	0.190	0.190	0.190	0.190	0.190	0.190	0.190	0.190	0.190	0.000	0.000	0.000	0.000	0.000	0.000	0.000	0.000	0.000	0.000	0.000	0.000	0.000	0.000	0.000	0.000
depend-fp	-
depend-branch	0.034	0.034	0.034	0.034	0.034	0.034	0.034	0.034	0.034	0.034	0.034	0.034	0.034	0.034	0.034	0.034	0.000	0.000	0.000	0.000	0.000	0.000	0.000	0.000	0.000	0.000	0.000	0.000	0.000	0.000	0.000	0.000
issue	-
serial	-
smt	-
branch	0.163	0.163	0.163	0.163	0.163	0.163	0.163	0.163	0.163	0.163	0.163	0.163	0.163	0.163	0.163	0.163	0.000	0.000	0.000	0.000	0.000	0.000	0.000	0.000	0.000	0.000	0.000	0.000	0.000	0.000	0.000	0.000
itlb	-
dtlb	-
ifetch	0.426	0.426	0.426	0.426	0.426	0.426	0.426	0.426	0.426	0.426	0.426	0.426	0.426	0.426	0.426	0.426	0.000	0.000	0.000	0.000	0.000	0.000	0.000	0.000	0.000	0.000	0.000	0.000	0.000	0.000	0.000	0.000
mem	-
mem-l1d	0.507	0.507	0.507	0.507	0.507	0.507	0.507	0.507	0.507	0.507	0.507	0.507	0.507	0.507	0.507	0.507	0.000	0.000	0.000	0.000	0.000	0.000	0.000	0.000	0.000	0.000	0.000	0.000	0.000	0.000	0.000	0.000
mem-l2	-
mem-l3	-
mem-l4	-
mem-remote	-
mem-nuca	-
mem-dram-cache	-
mem-dram	-
sync	-
dvfs-transition	-
imbalance	0.000	0.000	0.000	0.000	0.000	0.000	0.000	0.000	0.000	0.000	0.000	0.000	0.000	0.000	0.000	0.000	998.006	998.006	998.006	998.006	998.006	998.006	998.006	998.006	3592820.839	3592820.839	3592820.839	3592820.839	3592820.839	3592820.839	3592820.839	3592820.839
other	0.010	0.010	0.010	0.010	0.010	0.010	0.010	0.010	0.010	0.010	0.010	0.010	0.010	0.010	0.010	0.010	2.000	2.000	2.000	2.000	2.000	2.000	2.000	2.000	7200.000	7200.000	7200.000	7200.000	7200.000	7200.000	7200.000	7200.000
total	1.592	1.592	1.592	1.592	1.592	1.592	1.592	1.592	1.592	1.592	1.592	1.592	1.592	1.592	1.592	1.592	3600044.759	3600044.759	3600044.759	3600044.759	3600044.759	3600044.759	3600044.759	3600044.759	3600044.759	3600044.759	3600044.759	3600044.759	3600044.759	3600044.759	3600044.759	3600044.759
base	0.250	0.250	0.250	0.250	0.250	0.250	0.250	0.250	0.250	0.250	0.250	0.250	0.250	0.250	0.250	0.250	0.000	0.000	0.000	0.000	0.000	0.000	0.000	0.000	0.000	0.000	0.000	0.000	0.000	0.000	0.000	0.000
dispatch_width	-
rs_full	-
depend	-
depend-int	0.189	0.189	0.189	0.189	0.189	0.189	0.189	0.189	0.189	0.189	0.189	0.189	0.189	0.189	0.189	0.189	0.000	0.000	0.000	0.000	0.000	0.000	0.000	0.000	0.000	0.000	0.000	0.000	0.000	0.000	0.000	0.000
depend-fp	-
depend-branch	0.035	0.035	0.035	0.035	0.035	0.035	0.035	0.035	0.035	0.035	0.035	0.035	0.035	0.035	0.035	0.035	0.000	0.000	0.000	0.000	0.000	0.000	0.000	0.000	0.000	0.000	0.000	0.000	0.000	0.000	0.000	0.000
issue	-
serial	-
smt	-
branch	0.172	0.172	0.172	0.172	0.172	0.172	0.172	0.172	0.172	0.172	0.172	0.172	0.172	0.172	0.172	0.172	0.000	0.000	0.000	0.000	0.000	0.000	0.000	0.000	0.000	0.000	0.000	0.000	0.000	0.000	0.000	0.000
itlb	-
dtlb	-
ifetch	0.437	0.437	0.437	0.437	0.437	0.437	0.437	0.437	0.437	0.437	0.437	0.437	0.437	0.437	0.437	0.437	0.000	0.000	0.000	0.000	0.000	0.000	0.000	0.000	0.000	0.000	0.000	0.000	0.000	0.000	0.000	0.000
mem	-
mem-l1d	0.499	0.499	0.499	0.499	0.499	0.499	0.499	0.499	0.499	0.499	0.498	0.499	0.499	0.499	0.499	0.498	0.000	0.000	0.000	0.000	0.000	0.000	0.000	0.000	0.000	0.000	0.000	0.000	0.000	0.000	0.000	0.000
mem-l2	-
mem-l3	-
mem-l4	-
mem-remote	-
mem-nuca	-
mem-dram-cache	-
mem-dram	-
sync	-
dvfs-transition	-
imbalance	0.000	0.000	0.000	0.000	0.000	0.000	0.000	0.000	0.000	0.000	0.000	0.000	0.000	0.000	0.000	0.000	3592844.759	3592844.759	3592844.759	3592844.759	3592844.759	3592844.759	3592844.759	3592844.759	3600044.759	3600044.759	3600044.759	3600044.759	3600044.759	3600044.759	3600044.759	3600044.759
other	0.010	0.010	0.010	0.010	0.010	0.010	0.010	0.010	0.010	0.010	0.010	0.010	0.010	0.010	0.010	0.010	7200.000	7200.000	7200.000	7200.000	7200.000	7200.000	7200.000	7200.000	0.000	0.000	0.000	0.000	0.000	0.000	0.000	0.000
total	1.557	1.557	1.557	1.557	1.557	1.557	1.557	1.557	1.557	1.557	1.557	1.557	1.557	1.557	1.557	1.557	3600007.679	3600007.679	3600007.679	3600007.679	3600007.679	3600007.679	3600007.679	3600007.679	3600007.679	3600007.679	3600007.679	3600007.679	3600007.679	3600007.679	3600007.679	3600007.679
base	0.250	0.250	0.250	0.250	0.250	0.250	0.250	0.250	0.250	0.250	0.250	0.250	0.250	0.250	0.250	0.250	0.000	0.000	0.000	0.000	0.000	0.000	0.000	0.000	0.000	0.000	0.000	0.000	0.000	0.000	0.000	0.000
dispatch_width	-
rs_full	-
depend	-
depend-int	0.188	0.188	0.188	0.188	0.188	0.188	0.188	0.188	0.188	0.188	0.188	0.188	0.188	0.188	0.188	0.188	0.000	0.000	0.000	0.000	0.000	0.000	0.000	0.000	0.000	0.000	0.000	0.000	0.000	0.000	0.000	0.000
depend-fp	-
depend-branch	0.033	0.033	0.033	0.033	0.033	0.033	0.033	0.033	0.033	0.033	0.033	0.033	0.033	0.033	0.033	0.033	0.000	0.000	0.000	0.000	0.000	0.000	0.000	0.000	0.000	0.000	0.000	0.000	0.000	0.000	0.000	0.000
issue	-
serial	-
smt	-
branch	0.158	0.158	0.158	0.158	0.158	0.158	0.158	0.158	0.158	0.158	0.158	0.158	0.158	0.158	0.158	0.158	0.000	0.000	0.000	0.000	0.000	0.000	0.000	0.000	0.000	0.000	0.000	0.000	0.000	0.000	0.000	0.000
itlb	-
dtlb	-
ifetch	0.418	0.418	0.418	0.418	0.418	0.418	0.418	0.418	0.418	0.418	0.418	0.418	0.418	0.418	0.418	0.418	0.000	0.000	0.000	0.000	0.000	0.000	0.000	0.000	0.000	0.000	0.000	0.000	0.000	0.000	0.000	0.000
mem	-
mem-l1d	0.501	0.502	0.502	0.502	0.501	0.501	0.501	0.501	0.501	0.502	0.501	0.501	0.501	0.502	0.501	0.502	0.000	0.000	0.000	0.000	0.000	0.000	0.000	0.000	0.000	0.000	0.000	0.000	0.000	0.000	0.000	0.000
mem-l2	-
mem-l3	-
mem-l4	-
mem-remote	-
mem-nuca	-
mem-dram-cache	-
mem-dram	-
sync	-
dvfs-transition	-
imbalance	0.000	0.000	0.000	0.000	0.000	0.000	0.000	0.000	0.000	0.000	0.000	0.000	0.000	0.000	0.000	0.000	3600007.679	3600007.679	3600007.679	3600007.679	3600007.679	3600007.679	3600007.679	3600007.679	3600007.679	3600007.679	3600007.679	3600007.679	3600007.679	3600007.679	3600007.679	3600007.679
other	0.009	0.009	0.009	0.009	0.009	0.009	0.009	0.009	0.009	0.009	0.009	0.009	0.009	0.009	0.009	0.009	0.000	0.000	0.000	0.000	0.000	0.000	0.000	0.000	0.000	0.000	0.000	0.000	0.000	0.000	0.000	0.000
total	1.590	1.590	1.590	1.590	1.590	1.590	1.590	1.590	1.590	1.590	1.590	1.590	1.590	1.590	1.590	1.590	3600011.599	3600011.599	3600011.599	3600011.599	3600011.599	3600011.599	3600011.599	3600011.599	1000.003	1000.003	1000.003	1000.003	1000.003	1000.003	1000.003	1000.003
base	0.250	0.250	0.250	0.250	0.250	0.250	0.250	0.250	0.250	0.250	0.250	0.250	0.250	0.250	0.250	0.250	0.000	0.000	0.000	0.000	0.000	0.000	0.000	0.000	0.000	0.000	0.000	0.000	0.000	0.000	0.000	0.000
dispatch_width	-
rs_full	-
depend	-
depend-int	0.191	0.191	0.191	0.191	0.191	0.191	0.191	0.191	0.191	0.191	0.191	0.191	0.191	0.191	0.191	0.191	0.000	0.000	0.000	0.000	0.000	0.000	0.000	0.000	0.000	0.000	0.000	0.000	0.000	0.000	0.000	0.000
depend-fp	-
depend-branch	0.034	0.034	0.034	0.034	0.034	0.034	0.034	0.034	0.034	0.034	0.034	0.034	0.034	0.034	0.034	0.034	0.000	0.000	0.000	0.000	0.000	0.000	0.000	0.000	0.000	0.000	0.000	0.000	0.000	0.000	0.000	0.000
issue	-
serial	-
smt	-
branch	0.163	0.163	0.163	0.163	0.163	0.163	0.163	0.163	0.163	0.163	0.163	0.163	0.163	0.163	0.163	0.163	0.000	0.000	0.000	0.000	0.000	0.000	0.000	0.000	0.000	0.000	0.000	0.000	0.000	0.000	0.000	0.000
itlb	-
dtlb	-
ifetch	0.436	0.436	0.436	0.436	0.436	0.436	0.436	0.436	0.436	0.436	0.436	0.436	0.436	0.436	0.436	0.436	0.000	0.000	0.000	0.000	0.000	0.000	0.000	0.000	0.000	0.000	0.000	0.000	0.000	0.000	0.000	0.000
mem	-
mem-l1d	0.507	0.507	0.507	0.507	0.507	0.507	0.507	0.507	0.507	0.507	0.507	0.507	0.507	0.507	0.507	0.507	0.000	0.000	0.000	0.000	0.000	0.000	0.000	0.000	0.000	0.000	0.000	0.000	0.000	0.000	0.000	0.000
mem-l2	-
mem-l3	-
mem-l4	-
mem-remote	-
mem-nuca	-
mem-dram-cache	-
mem-dram	-
sync	-
dvfs-transition	-
imbalance	0.000	0.000	0.000	0.000	0.000	0.000	0.000	0.000	0.000	0.000	0.000	0.000	0.000	0.000	0.000	0.000	3600011.599	3600011.599	3600011.599	3600011.599	3600011.599	3600011.599	3600011.599	3600011.599	998.003	998.003	998.003	998.003	998.003	998.003	998.003	998.003
other	0.010	0.010	0.010	0.010	0.010	0.010	0.010	0.010	0.010	0.010	0.010	0.010	0.010	0.010	0.010	0.010	0.000	0.000	0.000	0.000	0.000	0.000	0.000	0.000	2.000	2.000	2.000	2.000	2.000	2.000	2.000	2.000
total	1.578	1.579	1.579	1.578	1.579	1.578	1.579	1.578	1.578	1.579	1.578	1.579	1.578	1.579	1.578	1.579	1000.001	1000.001	1000.001	1000.001	1000.001	1000.001	1000.001	1000.001	3600002.519	3600002.519	3600002.519	3600002.519	3600002.519	3600002.519	3600002.519	3600002.519
base	0.250	0.250	0.250	0.250	0.250	0.250	0.250	0.250	0.250	0.250	0.250	0.250	0.250	0.250	0.250	0.250	0.000	0.000	0.000	0.000	0.000	0.000	0.000	0.000	0.000	0.000	0.000	0.000	0.000	0.000	0.000	0.000
dispatch_width	-
rs_full	-
depend	-
depend-int	0.190	0.190	0.190	0.190	0.190	0.190	0.190	0.190	0.190	0.190	0.190	0.190	0.190	0.190	0.190	0.190	0.000	0.000	0.000	0.000	0.000	0.000	0.000	0.000	0.000	0.000	0.000	0.000	0.000	0.000	0.000	0.000
depend-fp	-
depend-branch	0.034	0.034	0.034	0.034	0.034	0.034	0.034	0.034	0.034	0.034	0.034	0.034	0.034	0.034	0.034	0.034	0.000	0.000	0.000	0.000	0.000	0.000	0.000	0.000	0.000	0.000	0.000	0.000	0.000	0.000	0.000	0.000
issue	-
serial	-
smt	-
branch	0.164	0.164	0.164	0.164	0.164	0.164	0.164	0.164	0.164	0.164	0.164	0.164	0.164	0.164	0.164	0.164	0.000	0.000	0.000	0.000	0.000	0.000	0.000	0.000	0.000	0.000	0.000	0.000	0.000	0.000	0.000	0.000
itlb	-
dtlb	-
ifetch	0.435	0.435	0.435	0.435	0.435	0.435	0.435	0.435	0.435	0.435	0.435	0.435	0.435	0.435	0.435	0.435	0.000	0.000	0.000	0.000	0.000	0.000	0.000	0.000	0.000	0.000	0.000	0.000	0.000	0.000	0.000	0.000
mem	-
mem-l1d	0.495	0.495	0.495	0.495	0.495	0.495	0.495	0.495	0.495	0.495	0.495	0.495	0.495	0.495	0.495	0.495	0.000	0.000	0.000	0.000	0.000	0.000	0.000	0.000	0.000	0.000	0.000	0.000	0.000	0.000	0.000	0.000
mem-l2	-
mem-l3	-
mem-l4	-
mem-remote	-
mem-nuca	-
mem-dram-cache	-
mem-dram	-
sync	-
dvfs-transition	-
imbalance	0.000	0.000	0.000	0.000	0.000	0.000	0.000	0.000	0.000	0.000	0.000	0.000	0.000	0.000	0.000	0.000	998.001	998.001	998.001	998.001	998.001	998.001	998.001	998.001	3592802.519	3592802.519	3592802.519	3592802.519	3592802.519	3592802.519	3592802.519	3592802.519
other	0.010	0.010	0.010	0.010	0.010	0.010	0.010	0.010	0.010	0.010	0.010	0.010	0.010	0.010	0.010	0.010	2.000	2.000	2.000	2.000	2.000	2.000	2.000	2.000	7200.000	7200.000	7200.000	7200.000	7200.000	7200.000	7200.000	7200.000
total	1.565	1.565	1.565	1.565	1.565	1.565	1.565	1.565	1.565	1.565	1.565	1.565	1.565	1.565	1.565	1.565	3600038.439	3600038.439	3600038.439	3600038.439	3600038.439	3600038.439	3600038.439	3600038.439	3600038.439	3600038.439	3600038.439	3600038.439	3600038.439	3600038.439	3600038.439	3600038.439
base	0.250	0.250	0.250	0.250	0.250	0.250	0.250	0.250	0.250	0.250	0.250	0.250	0.250	0.250	0.250	0.250	0.000	0.000	0.000	0.000	0.000	0.000	0.000	0.000	0.000	0.000	0.000	0.000	0.000	0.000	0.000	0.000
dispatch_width	-
rs_full	-
depend	-
depend-int	0.188	0.188	0.188	0.188	0.188	0.188	0.188	0.188	0.188	0.188	0.188	0.188	0.188	0.188	0.188	0.188	0.000	0.000	0.000	0.000	0.000	0.000	0.000	0.000	0.000	0.000	0.000	0.000	0.000	0.000	0.000	0.000
depend-fp	-
depend-branch	0.034	0.034	0.034	0.034	0.034	0.034	0.034	0.034	0.034	0.034	0.034	0.034	0.034	0.034	0.034	0.034	0.000	0.000	0.000	0.000	0.000	0.000	0.000	0.000	0.000	0.000	0.000	0.000	0.000	0.000	0.000	0.000
issue	-
serial	-
smt	-
branch	0.161	0.161	0.161	0.161	0.161	0.161	0.161	0.161	0.161	0.161	0.161	0.161	0.161	0.161	0.161	0.161	0.000	0.000	0.000	0.000	0.000	0.000	0.000	0.000	0.000	0.000	0.000	0.000	0.000	0.000	0.000	0.000
itlb	-
dtlb	-
ifetch	0.431	0.431	0.431	0.431	0.431	0.431	0.431	0.431	0.431	0.431	0.431	0.431	0.431	0.431	0.431	0.431	0.000	0.000	0.000	0.000	0.000	0.000	0.000	0.000	0.000	0.000	0.000	0.000	0.000	0.000	0.000	0.000
mem	-
mem-l1d	0.491	0.491	0.491	0.491	0.491	0.491	0.491	0.491	0.491	0.491	0.491	0.491	0.491	0.491	0.491	0.491	0.000	0.000	0.000	0.000	0.000	0.000	0.000	0.000	0.000	0.000	0.000	0.000	0.000	0.000	0.000	0.000
mem-l2	-
mem-l3	-
mem-l4	-
mem-remote	-
mem-nuca	-
mem-dram-cache	-
mem-dram	-
sync	-
dvfs-transition	-
imbalance	0.000	0.000	0.000	0.000	0.000	0.000	0.000	0.000	0.000	0.000	0.000	0.000	0.000	0.000	0.000	0.000	3592838.439	3592838.439	3592838.439	3592838.439	3592838.439	3592838.439	3592838.439	3592838.439	3600038.439	3600038.439	3600038.439	3600038.439	3600038.439	3600038.439	3600038.439	3600038.439
other	0.010	0.010	0.010	0.010	0.010	0.010	0.010	0.010	0.010	0.010	0.010	0.010	0.010	0.010	0.010	0.010	7200.000	7200.000	7200.000	7200.000	7200.000	7200.000	7200.000	7200.000	0.000	0.000	0.000	0.000	0.000	0.000	0.000	0.000
total	1.582	1.582	1.582	1.582	1.582	1.582	1.582	1.582	1.582	1.582	1.582	1.582	1.582	1.582	1.582	1.582	3600027.359	3600027.359	3600027.359	3600027.359	3600027.359	3600027.359	3600027.359	3600027.359	3600027.359	3600027.359	3600027.359	3600027.359	3600027.359	3600027.359	3600027.359	3600027.359
base	0.250	0.250	0.250	0.250	0.250	0.250	0.250	0.250	0.250	0.250	0.250	0.250	0.250	0.250	0.250	0.250	0.000	0.000	0.000	0.000	0.000	0.000	0.000	0.000	0.000	0.000	0.000	0.000	0.000	0.000	0.000	0.000
dispatch_width	-
rs_full	-
depend	-
depend-int	0.189	0.189	0.189	0.189	0.189	0.189	0.189	0.189	0.189	0.189	0.189	0.189	0.189	0.189	0.189	0.189	0.000	0.000	0.000	0.000	0.000	0.000	0.000	0.000	0.000	0.000	0.000	0.000	0.000	0.000	0.000	0.000
depend-fp	-
depend-branch	0.035	0.035	0.035	0.035	0.035	0.035	0.035	0.035	0.035	0.035	0.035	0.035	0.035	0.035	0.035	0.035	0.000	0.000	0.000	0.000	0.000	0.000	0.000	0.000	0.000	0.000	0.000	0.000	0.000	0.000	0.000	0.000
issue	-
serial	-
smt	-
branch	0.160	0.160	0.160	0.160	0.160	0.160	0.160	0.160	0.160	0.160	0.160	0.160	0.160	0.160	0.160	0.160	0.000	0.000	0.000	0.000	0.000	0.000	0.000	0.000	0.000	0.000	0.000	0.000	0.000	0.000	0.000	0.000
itlb	-
dtlb	-
ifetch	0.447	0.447	0.447	0.447	0.447	0.447	0.447	0.447	0.447	0.447	0.447	0.447	0.447	0.447	0.447	0.447	0.000	0.000	0.000	0.000	0.000	0.000	0.000	0.000	0.000	0.000	0.000	0.000	0.000	0.000	0.000	0.000
mem	-
mem-l1d	0.492	0.492	0.492	0.492	0.492	0.492	0.492	0.492	0.492	0.492	0.492	0.492	0.492	0.492	0.492	0.492	0.000	0.000	0.000	0.000	0.000	0.000	0.000	0.000	0.000	0.000	0.000	0.000	0.000	0.000	0.000	0.000
mem-l2	-
mem-l3	-
mem-l4	-
mem-remote	-
mem-nuca	-
mem-dram-cache	-
mem-dram	-
sync	-
dvfs-transition	-
imbalance	0.000	0.000	0.000	0.000	0.000	0.000	0.000	0.000	0.000	0.000	0.000	0.000	0.000	0.000	0.000	0.000	3600027.359	3600027.359	3600027.359	3600027.359	3600027.359	3600027.359	3600027.359	3600027.359	3600027.359	3600027.359	3600027.359	3600027.359	3600027.359	3600027.359	3600027.359	3600027.359
other	0.010	0.010	0.010	0.010	0.010	0.010	0.010	0.010	0.010	0.010	0.010	0.010	0.010	0.010	0.010	0.010	0.000	0.000	0.000	0.000	0.000	0.000	0.000	0.000	0.000	0.000	0.000	0.000	0.000	0.000	0.000	0.000
total	1.586	1.586	1.586	1.586	1.586	1.586	1.586	1.586	1.586	1.586	1.586	1.586	1.586	1.586	1.586	1.586	3600009.279	3600009.279	3600009.279	3600009.279	3600009.279	3600009.279	3600009.279	3600009.279	1000.003	1000.003	1000.003	1000.003	1000.003	1000.003	1000.003	1000.003
base	0.250	0.250	0.250	0.250	0.250	0.250	0.250	0.250	0.250	0.250	0.250	0.250	0.250	0.250	0.250	0.250	0.000	0.000	0.000	0.000	0.000	0.000	0.000	0.000	0.000	0.000	0.000	0.000	0.000	0.000	0.000	0.000
dispatch_width	-
rs_full	-
depend	-
depend-int	0.191	0.191	0.191	0.191	0.191	0.191	0.191	0.191	0.191	0.191	0.191	0.191	0.191	0.191	0.191	0.191	0.000	0.000	0.000	0.000	0.000	0.000	0.000	0.000	0.000	0.000	0.000	0.000	0.000	0.000	0.000	0.000
depend-fp	-
depend-branch	0.034	0.034	0.034	0.034	0.034	0.034	0.034	0.034	0.034	0.034	0.034	0.034	0.034	0.034	0.034	0.034	0.000	0.000	0.000	0.000	0.000	0.000	0.000	0.000	0.000	0.000	0.000	0.000	0.000	0.000	0.000	0.000
issue	-
serial	-
smt	-
branch	0.162	0.162	0.162	0.162	0.162	0.162	0.162	0.162	0.162	0.162	0.162	0.162	0.162	0.162	0.162	0.162	0.000	0.000	0.000	0.000	0.000	0.000	0.000	0.000	0.000	0.000	0.000	0.000	0.000	0.000	0.000	0.000
itlb	-
dtlb	-
ifetch	0.440	0.440	0.440	0.440	0.440	0.440	0.440	0.440	0.440	0.440	0.440	0.440	0.440	0.440	0.440	0.440	0.000	0.000	0.000	0.000	0.000	0.000	0.000	0.000	0.000	0.000	0.000	0.000	0.000	0.000	0.000	0.000
mem	-
mem-l1d	0.499	0.499	0.499	0.499	0.499	0.499	0.499	0.499	0.499	0.499	0.499	0.499	0.499	0.499	0.499	0.499	0.000	0.000	0.000	0.000	0.000	0.000	0.000	0.000	0.000	0.000	0.000	0.000	0.000	0.000	0.000	0.000
mem-l2	-
mem-l3	-
mem-l4	-
mem-remote	-
mem-nuca	-
mem-dram-cache	-
mem-dram	-
sync	-
dvfs-transition	-
imbalance	0.000	0.000	0.000	0.000	0.000	0.000	0.000	0.000	0.000	0.000	0.000	0.000	0.000	0.000	0.000	0.000	3600009.279	3600009.279	3600009.279	3600009.279	3600009.279	3600009.279	3600009.279	3600009.279	998.003	998.003	998.003	998.003	998.003	998.003	998.003	998.003
other	0.010	0.010	0.010	0.010	0.010	0.010	0.010	0.010	0.010	0.010	0.010	0.010	0.010	0.010	0.010	0.010	0.000	0.000	0.000	0.000	0.000	0.000	0.000	0.000	2.000	2.000	2.000	2.000	2.000	2.000	2.000	2.000
total	1.586	1.585	1.585	1.585	1.585	1.586	1.585	1.585	1.586	1.585	1.585	1.585	1.586	1.585	1.586	1.585	1000.002	1000.002	1000.002	1000.002	1000.002	1000.002	1000.002	1000.002	3600006.199	3600006.199	3600006.199	3600006.199	3600006.199	3600006.199	3600006.199	3600006.199
base	0.250	0.250	0.250	0.250	0.250	0.250	0.250	0.250	0.250	0.250	0.250	0.250	0.250	0.250	0.250	0.250	0.000	0.000	0.000	0.000	0.000	0.000	0.000	0.000	0.000	0.000	0.000	0.000	0.000	0.000	0.000	0.000
dispatch_width	-
rs_full	-
depend	-
depend-int	0.192	0.192	0.192	0.192	0.192	0.192	0.192	0.192	0.192	0.192	0.192	0.192	0.192	0.192	0.192	0.192	0.000	0.000	0.000	0.000	0.000	0.000	0.000	0.000	0.000	0.000	0.000	0.000	0.000	0.000	0.000	0.000
depend-fp	-
depend-branch	0.033	0.033	0.033	0.033	0.033	0.033	0.033	0.033	0.033	0.033	0.033	0.033	0.033	0.033	0.033	0.033	0.000	0.000	0.000	0.000	0.000	0.000	0.000	0.000	0.000	0.000	0.000	0.000	0.000	0.000	0.000	0.000
issue	-
serial	-
smt	-
branch	0.158	0.158	0.158	0.158	0.158	0.158	0.158	0.158	0.158	0.158	0.158	0.158	0.158	0.158	0.158	0.158	0.000	0.000	0.000	0.000	0.000	0.000	0.000	0.000	0.000	0.000	0.000	0.000	0.000	0.000	0.000	0.000
itlb	-
dtlb	-
ifetch	0.434	0.434	0.434	0.434	0.434	0.434	0.434	0.434	0.434	0.434	0.434	0.434	0.434	0.434	0.434	0.434	0.000	0.000	0.000	0.000	0.000	0.000	0.000	0.000	0.000	0.000	0.000	0.000	0.000	0.000	0.000	0.000
mem	-
mem-l1d	0.509	0.509	0.509	0.509	0.509	0.509	0.509	0.509	0.509	0.509	0.509	0.509	0.509	0.509	0.509	0.509	0.000	0.000	0.000	0.000	0.000	0.000	0.000	0.000	0.000	0.000	0.000	0.000	0.000	0.000	0.000	0.000
mem-l2	-
mem-l3	-
mem-l4	-
mem-remote	-
mem-nuca	-
mem-dram-cache	-
mem-dram	-
sync	-
dvfs-transition	-
imbalance	0.000	0.000	0.000	0.000	0.000	0.000	0.000	0.000	0.000	0.000	0.000	0.000	0.000	0.000	0.000	0.000	998.002	998.002	998.002	998.002	998.002	998.002	998.002	998.002	3592806.199	3592806.199	3592806.199	3592806.199	3592806.199	3592806.199	3592806.199	3592806.199
other	0.010	0.010	0.010	0.010	0.010	0.010	0.010	0.010	0.010	0.010	0.010	0.010	0.010	0.010	0.010	0.010	2.000	2.000	2.000	2.000	2.000	2.000	2.000	2.000	7200.000	7200.000	7200.000	7200.000	7200.000	7200.000	7200.000	7200.000
total	1.597	1.597	1.597	1.597	1.597	1.597	1.597	1.597	1.597	1.597	1.597	1.597	1.597	1.597	1.597	1.597	3600027.119	3600027.119	3600027.119	3600027.119	3600027.119	3600027.119	3600027.119	3600027.119	3600027.119	3600027.119	3600027.119	3600027.119	3600027.119	3600027.119	3600027.119	3600027.119
base	0.250	0.250	0.250	0.250	0.250	0.250	0.250	0.250	0.250	0.250	0.250	0.250	0.250	0.250	0.250	0.250	0.000	0.000	0.000	0.000	0.000	0.000	0.000	0.000	0.000	0.000	0.000	0.000	0.000	0.000	0.000	0.000
dispatch_width	-
rs_full	-
depend	-
depend-int	0.192	0.192	0.192	0.192	0.192	0.192	0.192	0.192	0.192	0.192	0.192	0.192	0.192	0.192	0.192	0.192	0.000	0.000	0.000	0.000	0.000	0.000	0.000	0.000	0.000	0.000	0.000	0.000	0.000	0.000	0.000	0.000
depend-fp	-
depend-branch	0.035	0.035	0.035	0.035	0.035	0.035	0.035	0.035	0.035	0.035	0.035	0.035	0.035	0.035	0.035	0.035	0.000	0.000	0.000	0.000	0.000	0.000	0.000	0.000	0.000	0.000	0.000	0.000	0.000	0.000	0.000	0.000
issue	-
serial	-
smt	-
branch	0.164	0.164	0.164	0.164	0.164	0.164	0.164	0.164	0.164	0.164	0.164	0.164	0.164	0.164	0.164	0.164	0.000	0.000	0.000	0.000	0.000	0.000	0.000	0.000	0.000	0.000	0.000	0.000	0.000	0.000	0.000	0.000
itlb	-
dtlb	-
ifetch	0.446	0.446	0.446	0.446	0.446	0.446	0.446	0.446	0.446	0.446	0.446	0.446	0.446	0.446	0.446	0.446	0.000	0.000	0.000	0.000	0.000	0.000	0.000	0.000	0.000	0.000	0.000	0.000	0.000	0.000	0.000	0.000
mem	-
mem-l1d	0.500	0.500	0.500	0.500	0.500	0.500	0.500	0.500	0.500	0.500	0.500	0.500	0.500	0.500	0.500	0.500	0.000	0.000	0.000	0.000	0.000	0.000	0.000	0.000	0.000	0.000	0.000	0.000	0.000	0.000	0.000	0.000
mem-l2	-
mem-l3	-
mem-l4	-
mem-remote	-
mem-nuca	-
mem-dram-cache	-
mem-dram	-
sync	-
dvfs-transition	-
imbalance	0.000	0.000	0.000	0.000	0.000	0.000	0.000	0.000	0.000	0.000	0.000	0.000	0.000	0.000	0.000	0.000	3592827.119	3592827.119	3592827.119	3592827.119	3592827.119	3592827.119	3592827.119	3592827.119	3600027.119	3600027.119	3600027.119	3600027.119	3600027.119	3600027.119	3600027.119	3600027.119
other	0.010	0.010	0.010	0.010	0.010	0.010	0.010	0.010	0.010	0.010	0.010	0.010	0.010	0.010	0.010	0.010	7200.000	7200.000	7200.000	7200.000	7200.000	7200.000	7200.000	7200.000	0.000	0.000	0.000	0.000	0.000	0.000	0.000	0.000
total	1.586	1.586	1.586	1.586	1.586	1.586	1.586	1.586	1.586	1.586	1.586	1.586	1.586	1.586	1.586	1.586	3600008.039	3600008.039	3600008.039	3600008.039	3600008.039	3600008.039	3600008.039	3600008.039	3600008.039	3600008.039	3600008.039	3600008.039	3600008.039	3600008.039	3600008.039	3600008.039
base	0.250	0.250	0.250	0.250	0.250	0.250	0.250	0.250	0.250	0.250	0.250	0.250	0.250	0.250	0.250	0.250	0.000	0.000	0.000	0.000	0.000	0.000	0.000	0.000	0.000	0.000	0.000	0.000	0.000	0.000	0.000	0.000
dispatch_width	-
rs_full	-
depend	-
depend-int	0.190	0.190	0.190	0.190	0.190	0.190	0.190	0.190	0.190	0.190	0.190	0.190	0.190	0.190	0.190	0.190	0.000	0.000	0.000	0.000	0.000	0.000	0.000	0.000	0.000	0.000	0.000	0.000	0.000	0.000	0.000	0.000
depend-fp	-
depend-branch	0.035	0.035	0.035	0.035	0.035	0.035	0.035	0.035	0.035	0.035	0.035	0.035	0.035	0.035	0.035	0.035	0.000	0.000	0.000	0.000	0.000	0.000	0.000	0.000	0.000	0.000	0.000	0.000	0.000	0.000	0.000	0.000
issue	-
serial	-
smt	-
branch	0.163	0.163	0.163	0.163	0.163	0.163	0.163	0.163	0.163	0.163	0.163	0.163	0.163	0.163	0.163	0.163	0.000	0.000	0.000	0.000	0.000	0.000	0.000	0.000	0.000	0.000	0.000	0.000	0.000	0.000	0.000	0.000
itlb	-
dtlb	-
ifetch	0.442	0.441	0.441	0.442	0.441	0.442	0.441	0.442	0.442	0.441	0.441	0.441	0.442	0.441	0.442	0.441	0.000	0.000	0.000	0.000	0.000	0.000	0.000	0.000	0.000	0.000	0.000	0.000	0.000	0.000	0.000	0.000
mem	-
mem-l1d	0.498	0.498	0.498	0.498	0.498	0.498	0.498	0.498	0.498	0.498	0.498	0.498	0.498	0.498	0.498	0.498	0.000	0.000	0.000	0.000	0.000	0.000	0.000	0.000	0.000	0.000	0.000	0.000	0.000	0.000	0.000	0.000
mem-l2	-
mem-l3	-
mem-l4	-
mem-remote	-
mem-nuca	-
mem-dram-cache	-
mem-dram	-
sync	-
dvfs-transition	-
imbalance	0.000	0.000	0.000	0.000	0.000	0.000	0.000	0.000	0.000	0.000	0.000	0.000	0.000	0.000	0.000	0.000	3600008.039	3600008.039	3600008.039	3600008.039	3600008.039	3600008.039	3600008.039	3600008.039	3600008.039	3600008.039	3600008.039	3600008.039	3600008.039	3600008.039	3600008.039	3600008.039
other	0.009	0.009	0.009	0.009	0.009	0.009	0.009	0.009	0.009	0.009	0.009	0.009	0.009	0.009	0.009	0.009	0.000	0.000	0.000	0.000	0.000	0.000	0.000	0.000	0.000	0.000	0.000	0.000	0.000	0.000	0.000	0.000
total	1.563	1.563	1.563	1.563	1.563	1.563	1.563	1.563	1.563	1.563	1.563	1.563	1.563	1.563	1.563	1.563	3600010.959	3600010.959	3600010.959	3600010.959	3600010.959	3600010.959	3600010.959	3600010.959	1000.003	1000.003	1000.003	1000.003	1000.003	1000.003	1000.003	1000.003
base	0.250	0.250	0.250	0.250	0.250	0.250	0.250	0.250	0.250	0.250	0.250	0.250	0.250	0.250	0.250	0.250	0.000	0.000	0.000	0.000	0.000	0.000	0.000	0.000	0.000	0.000	0.000	0.000	0.000	0.000	0.000	0.000
dispatch_width	-
rs_full	-
depend	-
depend-int	0.189	0.189	0.189	0.189	0.189	0.189	0.189	0.189	0.189	0.189	0.189	0.189	0.189	0.189	0.189	0.189	0.000	0.000	0.000	0.000	0.000	0.000	0.000	0.000	0.000	0.000	0.000	0.000	0.000	0.000	0.000	0.000
depend-fp	-
depend-branch	0.034	0.034	0.034	0.034	0.034	0.034	0.034	0.034	0.034	0.034	0.034	0.034	0.034	0.034	0.034	0.034	0.000	0.000	0.000	0.000	0.000	0.000	0.000	0.000	0.000	0.000	0.000	0.000	0.000	0.000	0.000	0.000
issue	-
serial	-
smt	-
branch	0.155	0.155	0.155	0.155	0.155	0.155	0.155	0.155	0.155	0.155	0.155	0.155	0.155	0.155	0.155	0.155	0.000	0.000	0.000	0.000	0.000	0.000	0.000	0.000	0.000	0.000	0.000	0.000	0.000	0.000	0.000	0.000
itlb	-
dtlb	-
ifetch	0.434	0.434	0.434	0.434	0.434	0.434	0.434	0.434	0.434	0.434	0.434	0.434	0.434	0.434	0.434	0.434	0.000	0.000	0.000	0.000	0.000	0.000	0.000	0.000	0.000	0.000	0.000	0.000	0.000	0.000	0.000	0.000
mem	-
mem-l1d	0.493	0.493	0.493	0.493	0.493	0.493	0.493	0.493	0.493	0.493	0.493	0.493	0.493	0.493	0.493	0.493	0.000	0.000	0.000	0.000	0.000	0.000	0.000	0.000	0.000	0.000	0.000	0.000	0.000	0.000	0.000	0.000
mem-l2	-
mem-l3	-
mem-l4	-
mem-remote	-
mem-nuca	-
mem-dram-cache	-
mem-dram	-
sync	-
dvfs-transition	-
imbalance	0.000	0.000	0.000	0.000	0.000	0.000	0.000	0.000	0.000	0.000	0.000	0.000	0.000	0.000	0.000	0.000	3600010.959	3600010.959	3600010.959	3600010.959	3600010.959	3600010.959	3600010.959	3600010.959	998.003	998.003	998.003	998.003	998.003	998.003	998.003	998.003
other	0.009	0.009	0.009	0.009	0.009	0.009	0.009	0.009	0.009	0.009	0.009	0.009	0.009	0.009	0.009	0.009	0.000	0.000	0.000	0.000	0.000	0.000	0.000	0.000	2.000	2.000	2.000	2.000	2.000	2.000	2.000	2.000
total	1.587	1.587	1.587	1.587	1.587	1.587	1.587	1.587	1.587	1.587	1.587	1.587	1.587	1.587	1.587	1.587	1000.005	1000.005	1000.005	1000.005	1000.005	1000.005	1000.005	1000.005	3600016.879	3600016.879	3600016.879	3600016.879	3600016.879	3600016.879	3600016.879	3600016.879
base	0.250	0.250	0.250	0.250	0.250	0.250	0.250	0.250	0.250	0.250	0.250	0.250	0.250	0.250	0.250	0.250	0.000	0.000	0.000	0.000	0.000	0.000	0.000	0.000	0.000	0.000	0.000	0.000	0.000	0.000	0.000	0.000
dispatch_width	-
rs_full	-
depend	-
depend-int	0.193	0.193	0.193	0.193	0.193	0.193	0.193	0.193	0.193	0.193	0.193	0.193	0.193	0.193	0.193	0.193	0.000	0.000	0.000	0.000	0.000	0.000	0.000	0.000	0.000	0.000	0.000	0.000	0.000	0.000	0.000	0.000
depend-fp	-
depend-branch	0.033	0.033	0.033	0.033	0.033	0.033	0.033	0.033	0.033	0.033	0.033	0.033	0.033	0.033	0.033	0.033	0.000	0.000	0.000	0.000	0.000	0.000	0.000	0.000	0.000	0.000	0.000	0.000	0.000	0.000	0.000	0.000
issue	-
serial	-
smt	-
branch	0.145	0.145	0.145	0.145	0.145	0.145	0.145	0.145	0.145	0.145	0.145	0.145	0.145	0.145	0.145	0.145	0.000	0.000	0.000	0.000	0.000	0.000	0.000	0.000	0.000	0.000	0.000	0.000	0.000	0.000	0.000	0.000
itlb	-
dtlb	-
ifetch	0.437	0.437	0.437	0.437	0.437	0.437	0.437	0.437	0.437	0.437	0.437	0.437	0.437	0.437	0.437	0.437	0.000	0.000	0.000	0.000	0.000	0.000	0.000	0.000	0.000	0.000	0.000	0.000	0.000	0.000	0.000	0.000
mem	-
mem-l1d	0.519	0.519	0.519	0.519	0.519	0.519	0.519	0.519	0.519	0.519	0.519	0.519	0.519	0.519	0.519	0.519	0.000	0.000	0.000	0.000	0.000	0.000	0.000	0.000	0.000	0.000	0.000	0.000	0.000	0.000	0.000	0.000
mem-l2	-
mem-l3	-
mem-l4	-
mem-remote	-
mem-nuca	-
mem-dram-cache	-
mem-dram	-
sync	-
dvfs-transition	-
imbalance	0.000	0.000	0.000	0.000	0.000	0.000	0.000	0.000	0.000	0.000	0.000	0.000	0.000	0.000	0.000	0.000	998.005	998.005	998.005	998.005	998.005	998.005	998.005	998.005	3592816.879	3592816.879	3592816.879	3592816.879	3592816.879	3592816.879	3592816.879	3592816.879
other	0.010	0.010	0.010	0.010	0.010	0.010	0.010	0.010	0.010	0.010	0.010	0.010	0.010	0.010	0.010	0.010	2.000	2.000	2.000	2.000	2.000	2.000	2.000	2.000	7200.000	7200.000	7200.000	7200.000	7200.000	7200.000	7200.000	7200.000
total	1.592	1.592	1.592	1.592	1.592	1.592	1.592	1.592	1.592	1.592	1.592	1.592	1.592	1.592	1.592	1.592	3600019.799	3600019.799	3600019.799	3600019.799	3600019.799	3600019.799	3600019.799	3600019.799	3600019.799	3600019.799	3600019.799	3600019.799	3600019.799	3600019.799	3600019.799	3600019.799
base	0.250	0.250	0.250	0.250	0.250	0.250	0.250	0.250	0.250	0.250	0.250	0.250	0.250	0.250	0.250	0.250	0.000	0.000	0.000	0.000	0.000	0.000	0.000	0.000	0.000	0.000	0.000	0.000	0.000	0.000	0.000	0.000
dispatch_width	-
rs_full	-
depend	-
depend-int	0.189	0.189	0.189	0.189	0.189	0.189	0.189	0.189	0.189	0.189	0.189	0.189	0.189	0.189	0.189	0.189	0.000	0.000	0.000	0.000	0.000	0.000	0.000	0.000	0.000	0.000	0.000	0.000	0.000	0.000	0.000	0.000
depend-fp	-
depend-branch	0.035	0.035	0.035	0.035	0.035	0.035	0.035	0.035	0.035	0.035	0.035	0.035	0.035	0.035	0.035	0.035	0.000	0.000	0.000	0.000	0.000	0.000	0.000	0.000	0.000	0.000	0.000	0.000	0.000	0.000	0.000	0.000
issue	-
serial	-
smt	-
branch	0.173	0.173	0.173	0.173	0.173	0.173	0.173	0.173	0.173	0.173	0.173	0.173	0.173	0.173	0.173	0.173	0.000	0.000	0.000	0.000	0.000	0.000	0.000	0.000	0.000	0.000	0.000	0.000	0.000	0.000	0.000	0.000
itlb	-
dtlb	-
ifetch	0.439	0.438	0.438	0.439	0.438	0.439	0.438	0.439	0.439	0.438	0.439	0.438	0.439	0.438	0.439	0.438	0.000	0.000	0.000	0.000	0.000	0.000	0.000	0.000	0.000	0.000	0.000	0.000	0.000	0.000	0.000	0.000
mem	-
mem-l1d	0.496	0.496	0.496	0.496	0.496	0.496	0.496	0.496	0.496	0.496	0.496	0.496	0.496	0.496	0.496	0.496	0.000	0.000	0.000	0.000	0.000	0.000	0.000	0.000	0.000	0.000	0.000	0.000	0.000	0.000	0.000	0.000
mem-l2	-
mem-l3	-
mem-l4	-
mem-remote	-
mem-nuca	-
mem-dram-cache	-
mem-dram	-
sync	-
dvfs-transition	-
imbalance	0.000	0.000	0.000	0.000	0.000	0.000	0.000	0.000	0.000	0.000	0.000	0.000	0.000	0.000	0.000	0.000	3592819.799	3592819.799	3592819.799	3592819.799	3592819.799	3592819.799	3592819.799	3592819.799	3600019.799	3600019.799	3600019.799	3600019.799	3600019.799	3600019.799	3600019.799	3600019.799
other	0.010	0.010	0.010	0.010	0.010	0.010	0.010	0.010	0.010	0.010	0.010	0.010	0.010	0.010	0.010	0.010	7200.000	7200.000	7200.000	7200.000	7200.000	7200.000	7200.000	7200.000	0.000	0.000	0.000	0.000	0.000	0.000	0.000	0.000
total	1.577	1.577	1.577	1.577	1.577	1.577	1.577	1.577	1.577	1.577	1.577	1.577	1.577	1.577	1.577	1.577	3600045.719	3600045.719	3600045.719	3600045.719	3600045.719	3600045.719	3600045.719	3600045.719	3600045.719	3600045.719	3600045.719	3600045.719	3600045.719	3600045.719	3600045.719	3600045.719
base	0.250	0.250	0.250	0.250	0.250	0.250	0.250	0.250	0.250	0.250	0.250	0.250	0.250	0.250	0.250	0.250	0.000	0.000	0.000	0.000	0.000	0.000	0.000	0.000	0.000	0.000	0.000	0.000	0.000	0.000	0.000	0.000
dispatch_width	-
rs_full	-
depend	-
depend-int	0.189	0.189	0.189	0.189	0.189	0.189	0.189	0.189	0.189	0.189	0.189	0.189	0.189	0.189	0.189	0.189	0.000	0.000	0.000	0.000	0.000	0.000	0.000	0.000	0.000	0.000	0.000	0.000	0.000	0.000	0.000	0.000
depend-fp	-
depend-branch	0.034	0.034	0.034	0.034	0.034	0.034	0.034	0.034	0.034	0.034	0.034	0.034	0.034	0.034	0.034	0.034	0.000	0.000	0.000	0.000	0.000	0.000	0.000	0.000	0.000	0.000	0.000	0.000	0.000	0.000	0.000	0.000
issue	-
serial	-
smt	-
branch	0.159	0.159	0.159	0.159	0.159	0.159	0.159	0.159	0.159	0.159	0.159	0.159	0.159	0.159	0.159	0.159	0.000	0.000	0.000	0.000	0.000	0.000	0.000	0.000	0.000	0.000	0.000	0.000	0.000	0.000	0.000	0.000
itlb	-
dtlb	-
ifetch	0.430	0.430	0.430	0.430	0.430	0.430	0.430	0.430	0.430	0.430	0.430	0.430	0.430	0.430	0.430	0.430	0.000	0.000	0.000	0.000	0.000	0.000	0.000	0.000	0.000	0.000	0.000	0.000	0.000	0.000	0.000	0.000
mem	-
mem-l1d	0.506	0.506	0.506	0.506	0.506	0.506	0.506	0.506	0.506	0.506	0.506	0.506	0.506	0.506	0.506	0.506	0.000	0.000	0.000	0.000	0.000	0.000	0.000	0.000	0.000	0.000	0.000	0.000	0.000	0.000	0.000	0.000
mem-l2	-
mem-l3	-
mem-l4	-
mem-remote	-
mem-nuca	-
mem-dram-cache	-
mem-dram	-
sync	-
dvfs-transition	-
imbalance	0.000	0.000	0.000	0.000	0.000	0.000	0.000	0.000	0.000	0.000	0.000	0.000	0.000	0.000	0.000	0.000	3600045.719	3600045.719	3600045.719	3600045.719	3600045.719	3600045.719	3600045.719	3600045.719	3600045.719	3600045.719	3600045.719	3600045.719	3600045.719	3600045.719	3600045.719	3600045.719
other	0.009	0.009	0.009	0.009	0.009	0.009	0.009	0.009	0.009	0.009	0.009	0.009	0.009	0.009	0.009	0.009	0.000	0.000	0.000	0.000	0.000	0.000	0.000	0.000	0.000	0.000	0.000	0.000	0.000	0.000	0.000	0.000
total	1.593	1.593	1.593	1.593	1.593	1.593	1.593	1.593	1.593	1.593	1.593	1.593	1.593	1.593	1.593	1.593	3600010.639	3600010.639	3600010.639	3600010.639	3600010.639	3600010.639	3600010.639	3600010.639	1000.003	1000.003	1000.003	1000.003	1000.003	1000.003	1000.003	1000.003
base	0.250	0.250	0.250	0.250	0.250	0.250	0.250	0.250	0.250	0.250	0.250	0.250	0.250	0.250	0.250	0.250	0.000	0.000	0.000	0.000	0.000	0.000	0.000	0.000	0.000	0.000	0.000	0.000	0.000	0.000	0.000	0.000
dispatch_width	-
rs_full	-
depend	-
depend-int	0.190	0.190	0.190	0.190	0.190	0.190	0.190	0.190	0.190	0.190	0.190	0.190	0.190	0.190	0.190	0.190	0.000	0.000	0.000	0.000	0.000	0.000	0.000	0.000	0.000	0.000	0.000	0.000	0.000	0.000	0.000	0.000
depend-fp	-
depend-branch	0.035	0.035	0.035	0.035	0.035	0.035	0.035	0.035	0.035	0.035	0.035	0.035	0.035	0.035	0.035	0.035	0.000	0.000	0.000	0.000	0.000	0.000	0.000	0.000	0.000	0.000	0.000	0.000	0.000	0.000	0.000	0.000
issue	-
serial	-
smt	-
branch	0.159	0.159	0.159	0.159	0.159	0.159	0.159	0.159	0.159	0.159	0.159	0.159	0.159	0.159	0.159	0.159	0.000	0.000	0.000	0.000	0.000	0.000	0.000	0.000	0.000	0.000	0.000	0.000	0.000	0.000	0.000	0.000
itlb	-
dtlb	-
ifetch	0.449	0.449	0.449	0.449	0.449	0.449	0.449	0.449	0.449	0.449	0.449	0.449	0.449	0.449	0.449	0.449	0.000	0.000	0.000	0.000	0.000	0.000	0.000	0.000	0.000	0.000	0.000	0.000	0.000	0.000	0.000	0.000
mem	-
mem-l1d	0.500	0.500	0.500	0.500	0.500	0.500	0.500	0.500	0.500	0.500	0.500	0.500	0.500	0.500	0.500	0.500	0.000	0.000	0.000	0.000	0.000	0.000	0.000	0.000	0.000	0.000	0.000	0.000	0.000	0.000	0.000	0.000
mem-l2	-
mem-l3	-
mem-l4	-
mem-remote	-
mem-nuca	-
mem-dram-cache	-
mem-dram	-
sync	-
dvfs-transition	-
imbalance	0.000	0.000	0.000	0.000	0.000	0.000	0.000	0.000	0.000	0.000	0.000	0.000	0.000	0.000	0.000	0.000	3600010.639	3600010.639	3600010.639	3600010.639	3600010.639	3600010.639	3600010.639	3600010.639	998.003	998.003	998.003	998.003	998.003	998.003	998.003	998.003
other	0.010	0.010	0.010	0.010	0.010	0.010	0.010	0.010	0.010	0.010	0.010	0.010	0.010	0.010	0.010	0.010	0.000	0.000	0.000	0.000	0.000	0.000	0.000	0.000	2.000	2.000	2.000	2.000	2.000	2.000	2.000	2.000
total	1.577	1.577	1.577	1.577	1.577	1.577	1.577	1.577	1.577	1.577	1.577	1.577	1.577	1.577	1.577	1.577	1000.007	1000.007	1000.007	1000.007	1000.007	1000.007	1000.007	1000.007	3600026.559	3600026.559	3600026.559	3600026.559	3600026.559	3600026.559	3600026.559	3600026.559
base	0.250	0.250	0.250	0.250	0.250	0.250	0.250	0.250	0.250	0.250	0.250	0.250	0.250	0.250	0.250	0.250	0.000	0.000	0.000	0.000	0.000	0.000	0.000	0.000	0.000	0.000	0.000	0.000	0.000	0.000	0.000	0.000
dispatch_width	-
rs_full	-
depend	-
depend-int	0.190	0.190	0.190	0.190	0.190	0.190	0.190	0.190	0.190	0.190	0.190	0.190	0.190	0.190	0.190	0.190	0.000	0.000	0.000	0.000	0.000	0.000	0.000	0.000	0.000	0.000	0.000	0.000	0.000	0.000	0.000	0.000
depend-fp	-
depend-branch	0.034	0.034	0.034	0.034	0.034	0.034	0.034	0.034	0.034	0.034	0.034	0.034	0.034	0.034	0.034	0.034	0.000	0.000	0.000	0.000	0.000	0.000	0.000	0.000	0.000	0.000	0.000	0.000	0.000	0.000	0.000	0.000
issue	-
serial	-
smt	-
branch	0.163	0.163	0.163	0.163	0.163	0.163	0.163	0.163	0.163	0.163	0.163	0.163	0.163	0.163	0.163	0.163	0.000	0.000	0.000	0.000	0.000	0.000	0.000	0.000	0.000	0.000	0.000	0.000	0.000	0.000	0.000	0.000
itlb	-
dtlb	-
ifetch	0.432	0.432	0.432	0.432	0.432	0.432	0.432	0.432	0.432	0.432	0.432	0.432	0.432	0.432	0.432	0.432	0.000	0.000	0.000	0.000	0.000	0.000	0.000	0.000	0.000	0.000	0.000	0.000	0.000	0.000	0.000	0.000
mem	-
mem-l1d	0.498	0.498	0.498	0.498	0.498	0.498	0.498	0.498	0.498	0.498	0.498	0.498	0.498	0.498	0.498	0.498	0.000	0.000	0.000	0.000	0.000	0.000	0.000	0.000	0.000	0.000	0.000	0.000	0.000	0.000	0.000	0.000
mem-l2	-
mem-l3	-
mem-l4	-
mem-remote	-
mem-nuca	-
mem-dram-cache	-
mem-dram	-
sync	-
dvfs-transition	-
imbalance	0.000	0.000	0.000	0.000	0.000	0.000	0.000	0.000	0.000	0.000	0.000	0.000	0.000	0.000	0.000	0.000	998.007	998.007	998.007	998.007	998.007	998.007	998.007	998.007	3592826.559	3592826.559	3592826.559	3592826.559	3592826.559	3592826.559	3592826.559	3592826.559
other	0.010	0.010	0.010	0.010	0.010	0.010	0.010	0.010	0.010	0.010	0.010	0.010	0.010	0.010	0.010	0.010	2.000	2.000	2.000	2.000	2.000	2.000	2.000	2.000	7200.000	7200.000	7200.000	7200.000	7200.000	7200.000	7200.000	7200.000
total	1.598	1.597	1.597	1.598	1.597	1.598	1.597	1.598	1.598	1.597	1.598	1.598	1.598	1.597	1.598	1.597	3600025.479	3600025.479	3600025.479	3600025.479	3600025.479	3600025.479	3600025.479	3600025.479	3600025.479	3600025.479	3600025.479	3600025.479	3600025.479	3600025.479	3600025.479	3600025.479
base	0.250	0.250	0.250	0.250	0.250	0.250	0.250	0.250	0.250	0.250	0.250	0.250	0.250	0.250	0.250	0.250	0.000	0.000	0.000	0.000	0.000	0.000	0.000	0.000	0.000	0.000	0.000	0.000	0.000	0.000	0.000	0.000
dispatch_width	-
rs_full	-
depend	-
depend-int	0.191	0.191	0.191	0.191	0.191	0.191	0.191	0.191	0.191	0.191	0.191	0.191	0.191	0.191	0.191	0.191	0.000	0.000	0.000	0.000	0.000	0.000	0.000	0.000	0.000	0.000	0.000	0.000	0.000	0.000	0.000	0.000
depend-fp	-
depend-branch	0.036	0.036	0.036	0.036	0.036	0.036	0.036	0.036	0.036	0.036	0.036	0.036	0.036	0.036	0.036	0.036	0.000	0.000	0.000	0.000	0.000	0.000	0.000	0.000	0.000	0.000	0.000	0.000	0.000	0.000	0.000	0.000
issue	-
serial	-
smt	-
branch	0.176	0.176	0.176	0.176	0.176	0.176	0.176	0.176	0.176	0.176	0.176	0.176	0.176	0.176	0.176	0.176	0.000	0.000	0.000	0.000	0.000	0.000	0.000	0.000	0.000	0.000	0.000	0.000	0.000	0.000	0.000	0.000
itlb	-
dtlb	-
ifetch	0.444	0.444	0.444	0.444	0.444	0.444	0.444	0.444	0.444	0.444	0.444	0.444	0.444	0.444	0.444	0.444	0.000	0.000	0.000	0.000	0.000	0.000	0.000	0.000	0.000	0.000	0.000	0.000	0.000	0.000	0.000	0.000
mem	-
mem-l1d	0.491	0.491	0.491	0.491	0.491	0.491	0.491	0.491	0.491	0.491	0.491	0.491	0.491	0.491	0.491	0.491	0.000	0.000	0.000	0.000	0.000	0.000	0.000	0.000	0.000	0.000	0.000	0.000	0.000	0.000	0.000	0.000
mem-l2	-
mem-l3	-
mem-l4	-
mem-remote	-
mem-nuca	-
mem-dram-cache	-
mem-dram	-
sync	-
dvfs-transition	-
imbalance	0.000	0.000	0.000	0.000	0.000	0.000	0.000	0.000	0.000	0.000	0.000	0.000	0.000	0.000	0.000	0.000	3592825.479	3592825.479	3592825.479	3592825.479	3592825.479	3592825.479	3592825.479	3592825.479	3600025.479	3600025.479	3600025.479	3600025.479	3600025.479	3600025.479	3600025.479	3600025.479
other	0.009	0.009	0.009	0.009	0.009	0.009	0.009	0.009	0.009	0.009	0.009	0.009	0.009	0.009	0.009	0.009	7200.000	7200.000	7200.000	7200.000	7200.000	7200.000	7200.000	7200.000	0.000	0.000	0.000	0.000	0.000	0.000	0.000	0.000
