pcb_LC_0	347.9307
pcb_LC_1	349.0005
pcb_LC_2	349.4683
pcb_LC_3	349.6544
pcb_LC_4	349.6546
pcb_LC_5	349.4687
pcb_LC_6	349.0010
pcb_LC_7	347.9313
pcb_LC_8	347.9115
pcb_LC_9	349.1789
pcb_LC_10	349.7786
pcb_LC_11	350.0241
pcb_LC_12	350.0243
pcb_LC_13	349.7791
pcb_LC_14	349.1795
pcb_LC_15	347.9122
pcb_LC_16	347.9115
pcb_LC_17	349.1789
pcb_LC_18	349.7785
pcb_LC_19	350.0240
pcb_LC_20	350.0242
pcb_LC_21	349.7790
pcb_LC_22	349.1794
pcb_LC_23	347.9121
pcb_LC_24	347.9307
pcb_LC_25	349.0004
pcb_LC_26	349.4681
pcb_LC_27	349.6541
pcb_LC_28	349.6543
pcb_LC_29	349.4685
pcb_LC_30	349.0009
pcb_LC_31	347.9312
solder_LC_0	349.7933
solder_LC_1	350.1517
solder_LC_2	350.4182
solder_LC_3	350.5551
solder_LC_4	350.5557
solder_LC_5	350.4189
solder_LC_6	350.1524
solder_LC_7	349.7942
solder_LC_8	349.9050
solder_LC_9	350.3802
solder_LC_10	350.7270
solder_LC_11	350.9046
solder_LC_12	350.9052
solder_LC_13	350.7278
solder_LC_14	350.3812
solder_LC_15	349.9061
solder_LC_16	349.9051
solder_LC_17	350.3802
solder_LC_18	350.7268
solder_LC_19	350.9042
solder_LC_20	350.9048
solder_LC_21	350.7276
solder_LC_22	350.3811
solder_LC_23	349.9060
solder_LC_24	349.7934
solder_LC_25	350.1516
solder_LC_26	350.4179
solder_LC_27	350.5545
solder_LC_28	350.5549
solder_LC_29	350.4185
solder_LC_30	350.1522
solder_LC_31	349.7941
sub_LC_0	349.9943
sub_LC_1	350.3684
sub_LC_2	350.6573
sub_LC_3	350.8064
sub_LC_4	350.8076
sub_LC_5	350.6581
sub_LC_6	350.3693
sub_LC_7	349.9954
sub_LC_8	350.1120
sub_LC_9	350.5893
sub_LC_10	350.9512
sub_LC_11	351.1378
sub_LC_12	351.1387
sub_LC_13	350.9522
sub_LC_14	350.5903
sub_LC_15	350.1135
sub_LC_16	350.1125
sub_LC_17	350.5893
sub_LC_18	350.9510
sub_LC_19	351.1371
sub_LC_20	351.1382
sub_LC_21	350.9519
sub_LC_22	350.5902
sub_LC_23	350.1132
sub_LC_24	349.9946
sub_LC_25	350.3684
sub_LC_26	350.6569
sub_LC_27	350.8056
sub_LC_28	350.8063
sub_LC_29	350.6576
sub_LC_30	350.3691
sub_LC_31	349.9955
layer_3_LC_0	351.7391
layer_3_LC_1	352.3461
layer_3_LC_2	352.8541
layer_3_LC_3	353.1170
layer_3_LC_4	353.1240
layer_3_LC_5	352.8565
layer_3_LC_6	352.3477
layer_3_LC_7	351.7419
layer_3_LC_8	351.9096
layer_3_LC_9	352.5589
layer_3_LC_10	353.1019
layer_3_LC_11	353.3849
layer_3_LC_12	353.3892
layer_3_LC_13	353.1039
layer_3_LC_14	352.5607
layer_3_LC_15	351.9149
layer_3_LC_16	351.9132
layer_3_LC_17	352.5594
layer_3_LC_18	353.1014
layer_3_LC_19	353.3813
layer_3_LC_20	353.3872
layer_3_LC_21	353.1034
layer_3_LC_22	352.5605
layer_3_LC_23	351.9129
layer_3_LC_24	351.7410
layer_3_LC_25	352.3464
layer_3_LC_26	352.8534
layer_3_LC_27	353.1142
layer_3_LC_28	353.1174
layer_3_LC_29	352.8550
layer_3_LC_30	352.3477
layer_3_LC_31	351.7432
layer_4_TB_0	351.6481
layer_4_TB_1	352.2553
layer_4_TB_2	352.7630
layer_4_TB_3	353.0258
layer_4_TB_4	353.0328
layer_4_TB_5	352.7654
layer_4_TB_6	352.2568
layer_4_TB_7	351.6508
layer_4_TB_8	351.8187
layer_4_TB_9	352.4683
layer_4_TB_10	353.0111
layer_4_TB_11	353.2940
layer_4_TB_12	353.2982
layer_4_TB_13	353.0131
layer_4_TB_14	352.4701
layer_4_TB_15	351.8240
layer_4_TB_16	351.8224
layer_4_TB_17	352.4688
layer_4_TB_18	353.0105
layer_4_TB_19	353.2903
layer_4_TB_20	353.2963
layer_4_TB_21	353.0126
layer_4_TB_22	352.4699
layer_4_TB_23	351.8221
layer_4_TB_24	351.6499
layer_4_TB_25	352.2556
layer_4_TB_26	352.7624
layer_4_TB_27	353.0230
layer_4_TB_28	353.0262
layer_4_TB_29	352.7640
layer_4_TB_30	352.2569
layer_4_TB_31	351.6522
layer_5_B_0	350.7378
layer_5_B_1	351.3470
layer_5_B_2	351.8527
layer_5_B_3	352.1138
layer_5_B_4	352.1209
layer_5_B_5	351.8550
layer_5_B_6	351.3485
layer_5_B_7	350.7405
layer_5_B_8	350.9104
layer_5_B_9	351.5622
layer_5_B_10	352.1029
layer_5_B_11	352.3843
layer_5_B_12	352.3885
layer_5_B_13	352.1050
layer_5_B_14	351.5640
layer_5_B_15	350.9158
layer_5_B_16	350.9142
layer_5_B_17	351.5627
layer_5_B_18	352.1024
layer_5_B_19	352.3804
layer_5_B_20	352.3866
layer_5_B_21	352.1044
layer_5_B_22	351.5638
layer_5_B_23	350.9138
layer_5_B_24	350.7396
layer_5_B_25	351.3473
layer_5_B_26	351.8520
layer_5_B_27	352.1109
layer_5_B_28	352.1142
layer_5_B_29	351.8536
layer_5_B_30	351.3485
layer_5_B_31	350.7419
layer_6_TB_0	350.6098
layer_6_TB_1	351.2194
layer_6_TB_2	351.7247
layer_6_TB_3	351.9855
layer_6_TB_4	351.9927
layer_6_TB_5	351.7271
layer_6_TB_6	351.2209
layer_6_TB_7	350.6124
layer_6_TB_8	350.7827
layer_6_TB_9	351.4353
layer_6_TB_10	351.9757
layer_6_TB_11	352.2567
layer_6_TB_12	352.2610
layer_6_TB_13	351.9777
layer_6_TB_14	351.4370
layer_6_TB_15	350.7882
layer_6_TB_16	350.7866
layer_6_TB_17	351.4357
layer_6_TB_18	351.9751
layer_6_TB_19	352.2529
layer_6_TB_20	352.2591
layer_6_TB_21	351.9771
layer_6_TB_22	351.4368
layer_6_TB_23	350.7861
layer_6_TB_24	350.6115
layer_6_TB_25	351.2197
layer_6_TB_26	351.7241
layer_6_TB_27	351.9827
layer_6_TB_28	351.9860
layer_6_TB_29	351.7257
layer_6_TB_30	351.2210
layer_6_TB_31	350.6138
layer_7_B_32	349.3290
layer_7_B_33	349.9438
layer_7_B_34	350.4457
layer_7_B_35	350.7035
layer_7_B_36	350.7110
layer_7_B_37	350.4479
layer_7_B_38	349.9452
layer_7_B_39	349.3316
layer_7_B_40	349.5063
layer_7_B_41	350.1654
layer_7_B_42	350.7030
layer_7_B_43	350.9817
layer_7_B_44	350.9859
layer_7_B_45	350.7049
layer_7_B_46	350.1671
layer_7_B_47	349.5121
layer_7_B_48	349.5105
layer_7_B_49	350.1658
layer_7_B_50	350.7025
layer_7_B_51	350.9775
layer_7_B_52	350.9841
layer_7_B_53	350.7044
layer_7_B_54	350.1668
layer_7_B_55	349.5097
layer_7_B_56	349.3307
layer_7_B_57	349.9441
layer_7_B_58	350.4450
layer_7_B_59	350.7007
layer_7_B_60	350.7041
layer_7_B_61	350.4466
layer_7_B_62	349.9453
layer_7_B_63	349.3331
layer_8_TB_0	349.1645
layer_8_TB_1	349.7801
layer_8_TB_2	350.2815
layer_8_TB_3	350.5389
layer_8_TB_4	350.5464
layer_8_TB_5	350.2838
layer_8_TB_6	349.7816
layer_8_TB_7	349.1671
layer_8_TB_8	349.3425
layer_8_TB_9	350.0026
layer_8_TB_10	350.5399
layer_8_TB_11	350.8182
layer_8_TB_12	350.8225
layer_8_TB_13	350.5418
layer_8_TB_14	350.0043
layer_8_TB_15	349.3483
layer_8_TB_16	349.3467
layer_8_TB_17	350.0031
layer_8_TB_18	350.5394
layer_8_TB_19	350.8140
layer_8_TB_20	350.8207
layer_8_TB_21	350.5413
layer_8_TB_22	350.0041
layer_8_TB_23	349.3459
layer_8_TB_24	349.1662
layer_8_TB_25	349.7804
layer_8_TB_26	350.2809
layer_8_TB_27	350.5362
layer_8_TB_28	350.5395
layer_8_TB_29	350.2824
layer_8_TB_30	349.7816
layer_8_TB_31	349.1686
layer_9_B_64	347.5195
layer_9_B_65	348.1433
layer_9_B_66	348.6399
layer_9_B_67	348.8929
layer_9_B_68	348.9010
layer_9_B_69	348.6420
layer_9_B_70	348.1447
layer_9_B_71	347.5219
layer_9_B_72	347.7041
layer_9_B_73	348.3752
layer_9_B_74	348.9089
layer_9_B_75	349.1840
layer_9_B_76	349.1883
layer_9_B_77	348.9107
layer_9_B_78	348.3768
layer_9_B_79	347.7104
layer_9_B_80	347.7089
layer_9_B_81	348.3756
layer_9_B_82	348.9084
layer_9_B_83	349.1793
layer_9_B_84	349.1866
layer_9_B_85	348.9103
layer_9_B_86	348.3766
layer_9_B_87	347.7076
layer_9_B_88	347.5211
layer_9_B_89	348.1436
layer_9_B_90	348.6393
layer_9_B_91	348.8904
layer_9_B_92	348.8937
layer_9_B_93	348.6407
layer_9_B_94	348.1448
layer_9_B_95	347.5236
layer_10_TB_0	347.3194
layer_10_TB_1	347.9443
layer_10_TB_2	348.4402
layer_10_TB_3	348.6927
layer_10_TB_4	348.7007
layer_10_TB_5	348.4424
layer_10_TB_6	347.9457
layer_10_TB_7	347.3218
layer_10_TB_8	347.5049
layer_10_TB_9	348.1775
layer_10_TB_10	348.7108
layer_10_TB_11	348.9853
layer_10_TB_12	348.9896
layer_10_TB_13	348.7126
layer_10_TB_14	348.1791
layer_10_TB_15	347.5110
layer_10_TB_16	347.5095
layer_10_TB_17	348.1779
layer_10_TB_18	348.7103
layer_10_TB_19	348.9807
layer_10_TB_20	348.9879
layer_10_TB_21	348.7121
layer_10_TB_22	348.1789
layer_10_TB_23	347.5084
layer_10_TB_24	347.3210
layer_10_TB_25	347.9446
layer_10_TB_26	348.4397
layer_10_TB_27	348.6902
layer_10_TB_28	348.6936
layer_10_TB_29	348.4411
layer_10_TB_30	347.9458
layer_10_TB_31	347.3235
layer_11_B_96	345.3178
layer_11_B_97	345.9544
layer_11_B_98	346.4439
layer_11_B_99	346.6907
layer_11_B_100	346.6978
layer_11_B_101	346.4458
layer_11_B_102	345.9557
layer_11_B_103	345.3200
layer_11_B_104	345.5124
layer_11_B_105	346.2007
layer_11_B_106	346.7295
layer_11_B_107	346.9983
layer_11_B_108	347.0025
layer_11_B_109	346.7311
layer_11_B_110	346.2022
layer_11_B_111	345.5175
layer_11_B_112	345.5161
layer_11_B_113	346.2011
layer_11_B_114	346.7290
layer_11_B_115	346.9946
layer_11_B_116	347.0010
layer_11_B_117	346.7307
layer_11_B_118	346.2020
layer_11_B_119	345.5160
layer_11_B_120	345.3192
layer_11_B_121	345.9547
layer_11_B_122	346.4434
layer_11_B_123	346.6884
layer_11_B_124	346.6919
layer_11_B_125	346.4447
layer_11_B_126	345.9558
layer_11_B_127	345.3220
layer_12_TB_0	345.0829
layer_12_TB_1	345.7210
layer_12_TB_2	346.2097
layer_12_TB_3	346.4558
layer_12_TB_4	346.4628
layer_12_TB_5	346.2117
layer_12_TB_6	345.7223
layer_12_TB_7	345.0851
layer_12_TB_8	345.2787
layer_12_TB_9	345.9690
layer_12_TB_10	346.4972
layer_12_TB_11	346.7654
layer_12_TB_12	346.7697
layer_12_TB_13	346.4989
layer_12_TB_14	345.9705
layer_12_TB_15	345.2837
layer_12_TB_16	345.2823
layer_12_TB_17	345.9694
layer_12_TB_18	346.4968
layer_12_TB_19	346.7619
layer_12_TB_20	346.7681
layer_12_TB_21	346.4985
layer_12_TB_22	345.9703
layer_12_TB_23	345.2823
layer_12_TB_24	345.0843
layer_12_TB_25	345.7213
layer_12_TB_26	346.2092
layer_12_TB_27	346.4536
layer_12_TB_28	346.4570
layer_12_TB_29	346.2105
layer_12_TB_30	345.7224
layer_12_TB_31	345.0871
layer_13_B_128	342.7341
layer_13_B_129	343.3874
layer_13_B_130	343.8680
layer_13_B_131	344.1071
layer_13_B_132	344.1134
layer_13_B_133	343.8697
layer_13_B_134	343.3885
layer_13_B_135	342.7360
layer_13_B_136	342.9415
layer_13_B_137	343.6525
layer_13_B_138	344.1752
layer_13_B_139	344.4369
layer_13_B_140	344.4410
layer_13_B_141	344.1767
layer_13_B_142	343.6538
layer_13_B_143	342.9456
layer_13_B_144	342.9443
layer_13_B_145	343.6528
layer_13_B_146	344.1749
layer_13_B_147	344.4341
layer_13_B_148	344.4397
layer_13_B_149	344.1764
layer_13_B_150	343.6537
layer_13_B_151	342.9452
layer_13_B_152	342.7353
layer_13_B_153	343.3876
layer_13_B_154	343.8676
layer_13_B_155	344.1052
layer_13_B_156	344.1087
layer_13_B_157	343.8688
layer_13_B_158	343.3887
layer_13_B_159	342.7383
layer_14_TB_0	342.4655
layer_14_TB_1	343.1208
layer_14_TB_2	343.6004
layer_14_TB_3	343.8387
layer_14_TB_4	343.8449
layer_14_TB_5	343.6021
layer_14_TB_6	343.1219
layer_14_TB_7	342.4674
layer_14_TB_8	342.6744
layer_14_TB_9	343.3879
layer_14_TB_10	343.9100
layer_14_TB_11	344.1709
layer_14_TB_12	344.1751
layer_14_TB_13	343.9115
layer_14_TB_14	343.3892
layer_14_TB_15	342.6784
layer_14_TB_16	342.6771
layer_14_TB_17	343.3883
layer_14_TB_18	343.9097
layer_14_TB_19	344.1682
layer_14_TB_20	344.1738
layer_14_TB_21	343.9112
layer_14_TB_22	343.3891
layer_14_TB_23	342.6781
layer_14_TB_24	342.4667
layer_14_TB_25	343.1210
layer_14_TB_26	343.6000
layer_14_TB_27	343.8368
layer_14_TB_28	343.8403
layer_14_TB_29	343.6011
layer_14_TB_30	343.1220
layer_14_TB_31	342.4698
layer_15_B_160	339.7801
layer_15_B_161	340.4544
layer_15_B_162	340.9241
layer_15_B_163	341.1541
layer_15_B_164	341.1597
layer_15_B_165	340.9256
layer_15_B_166	340.4554
layer_15_B_167	339.7816
layer_15_B_168	340.0032
layer_15_B_169	340.7429
layer_15_B_170	341.2583
layer_15_B_171	341.5118
layer_15_B_172	341.5160
layer_15_B_173	341.2596
layer_15_B_174	340.7440
layer_15_B_175	340.0063
layer_15_B_176	340.0052
layer_15_B_177	340.7431
layer_15_B_178	341.2581
layer_15_B_179	341.5098
layer_15_B_180	341.5149
layer_15_B_181	341.2593
layer_15_B_182	340.7439
layer_15_B_183	340.0070
layer_15_B_184	339.7810
layer_15_B_185	340.4546
layer_15_B_186	340.9238
layer_15_B_187	341.1526
layer_15_B_188	341.1562
layer_15_B_189	340.9248
layer_15_B_190	340.4555
layer_15_B_191	339.7844
layer_16_TB_0	339.4791
layer_16_TB_1	340.1558
layer_16_TB_2	340.6243
layer_16_TB_3	340.8533
layer_16_TB_4	340.8588
layer_16_TB_5	340.6257
layer_16_TB_6	340.1567
layer_16_TB_7	339.4806
layer_16_TB_8	339.7039
layer_16_TB_9	340.4468
layer_16_TB_10	340.9614
layer_16_TB_11	341.2141
layer_16_TB_12	341.2182
layer_16_TB_13	340.9627
layer_16_TB_14	340.4478
layer_16_TB_15	339.7070
layer_16_TB_16	339.7058
layer_16_TB_17	340.4470
layer_16_TB_18	340.9612
layer_16_TB_19	341.2122
layer_16_TB_20	341.2172
layer_16_TB_21	340.9624
layer_16_TB_22	340.4478
layer_16_TB_23	339.7077
layer_16_TB_24	339.4800
layer_16_TB_25	340.1560
layer_16_TB_26	340.6239
layer_16_TB_27	340.8518
layer_16_TB_28	340.8554
layer_16_TB_29	340.6249
layer_16_TB_30	340.1568
layer_16_TB_31	339.4834
layer_17_B_192	336.4690
layer_17_B_193	337.1690
layer_17_B_194	337.6256
layer_17_B_195	337.8450
layer_17_B_196	337.8500
layer_17_B_197	337.6267
layer_17_B_198	337.1698
layer_17_B_199	336.4701
layer_17_B_200	336.7108
layer_17_B_201	337.4858
layer_17_B_202	337.9925
layer_17_B_203	338.2368
layer_17_B_204	338.2410
layer_17_B_205	337.9935
layer_17_B_206	337.4867
layer_17_B_207	336.7131
layer_17_B_208	336.7121
layer_17_B_209	337.4859
layer_17_B_210	337.9923
layer_17_B_211	338.2355
layer_17_B_212	338.2402
layer_17_B_213	337.9933
layer_17_B_214	337.4866
layer_17_B_215	336.7148
layer_17_B_216	336.4696
layer_17_B_217	337.1692
layer_17_B_218	337.6253
layer_17_B_219	337.8439
layer_17_B_220	337.8476
layer_17_B_221	337.6261
layer_17_B_222	337.1699
layer_17_B_223	336.4733
layer_18_TB_0	336.1368
layer_18_TB_1	336.8397
layer_18_TB_2	337.2948
layer_18_TB_3	337.5131
layer_18_TB_4	337.5179
layer_18_TB_5	337.2959
layer_18_TB_6	336.8404
layer_18_TB_7	336.1380
layer_18_TB_8	336.3806
layer_18_TB_9	337.1594
layer_18_TB_10	337.6652
layer_18_TB_11	337.9086
layer_18_TB_12	337.9126
layer_18_TB_13	337.6662
layer_18_TB_14	337.1603
layer_18_TB_15	336.3828
layer_18_TB_16	336.3818
layer_18_TB_17	337.1596
layer_18_TB_18	337.6650
layer_18_TB_19	337.9073
layer_18_TB_20	337.9119
layer_18_TB_21	337.6660
layer_18_TB_22	337.1603
layer_18_TB_23	336.3844
layer_18_TB_24	336.1374
layer_18_TB_25	336.8398
layer_18_TB_26	337.2945
layer_18_TB_27	337.5120
layer_18_TB_28	337.5156
layer_18_TB_29	337.2953
layer_18_TB_30	336.8406
layer_18_TB_31	336.1410
layer_19_B_224	332.8151
layer_19_B_225	333.5461
layer_19_B_226	333.9868
layer_19_B_227	334.1942
layer_19_B_228	334.1969
layer_19_B_229	333.9876
layer_19_B_230	333.5466
layer_19_B_231	332.8159
layer_19_B_232	333.0787
layer_19_B_233	333.8963
layer_19_B_234	334.3925
layer_19_B_235	334.6267
layer_19_B_236	334.6290
layer_19_B_237	334.3933
layer_19_B_238	333.8970
layer_19_B_239	333.0801
layer_19_B_240	333.0794
layer_19_B_241	333.8964
layer_19_B_242	334.3924
layer_19_B_243	334.6260
layer_19_B_244	334.6286
layer_19_B_245	334.3932
layer_19_B_246	333.8970
layer_19_B_247	333.0811
layer_19_B_248	332.8154
layer_19_B_249	333.5462
layer_19_B_250	333.9866
layer_19_B_251	334.1935
layer_19_B_252	334.1956
layer_19_B_253	333.9872
layer_19_B_254	333.5467
layer_19_B_255	332.8176
layer_20_TB_0	332.4531
layer_20_TB_1	333.1875
layer_20_TB_2	333.6265
layer_20_TB_3	333.8326
layer_20_TB_4	333.8352
layer_20_TB_5	333.6272
layer_20_TB_6	333.1880
layer_20_TB_7	332.4539
layer_20_TB_8	332.7190
layer_20_TB_9	333.5413
layer_20_TB_10	334.0364
layer_20_TB_11	334.2695
layer_20_TB_12	334.2717
layer_20_TB_13	334.0371
layer_20_TB_14	333.5419
layer_20_TB_15	332.7204
layer_20_TB_16	332.7197
layer_20_TB_17	333.5414
layer_20_TB_18	334.0362
layer_20_TB_19	334.2688
layer_20_TB_20	334.2713
layer_20_TB_21	334.0369
layer_20_TB_22	333.5420
layer_20_TB_23	332.7213
layer_20_TB_24	332.4535
layer_20_TB_25	333.1876
layer_20_TB_26	333.6263
layer_20_TB_27	333.8320
layer_20_TB_28	333.8340
layer_20_TB_29	333.6269
layer_20_TB_30	333.1881
layer_20_TB_31	332.4556
hsp_TB_0	328.8338
hsp_TB_1	329.6015
hsp_TB_2	330.0235
hsp_TB_3	330.2174
hsp_TB_4	330.2179
hsp_TB_5	330.0239
hsp_TB_6	329.6019
hsp_TB_7	328.8342
hsp_TB_8	329.1224
hsp_TB_9	329.9910
hsp_TB_10	330.4745
hsp_TB_11	330.6975
hsp_TB_12	330.6981
hsp_TB_13	330.4749
hsp_TB_14	329.9914
hsp_TB_15	329.1229
hsp_TB_16	329.1225
hsp_TB_17	329.9910
hsp_TB_18	330.4745
hsp_TB_19	330.6974
hsp_TB_20	330.6979
hsp_TB_21	330.4749
hsp_TB_22	329.9914
hsp_TB_23	329.1231
hsp_TB_24	328.8339
hsp_TB_25	329.6016
hsp_TB_26	330.0234
hsp_TB_27	330.2171
hsp_TB_28	330.2176
hsp_TB_29	330.0238
hsp_TB_30	329.6020
hsp_TB_31	328.8346
hsink_TB_0	327.5093
hsink_TB_1	328.1639
hsink_TB_2	328.5596
hsink_TB_3	328.7454
hsink_TB_4	328.7456
hsink_TB_5	328.5598
hsink_TB_6	328.1642
hsink_TB_7	327.5096
hsink_TB_8	327.7284
hsink_TB_9	328.4764
hsink_TB_10	328.9326
hsink_TB_11	329.1474
hsink_TB_12	329.1476
hsink_TB_13	328.9328
hsink_TB_14	328.4767
hsink_TB_15	327.7288
hsink_TB_16	327.7284
hsink_TB_17	328.4764
hsink_TB_18	328.9325
hsink_TB_19	329.1474
hsink_TB_20	329.1475
hsink_TB_21	328.9328
hsink_TB_22	328.4767
hsink_TB_23	327.7288
hsink_TB_24	327.5093
hsink_TB_25	328.1639
hsink_TB_26	328.5596
hsink_TB_27	328.7454
hsink_TB_28	328.7455
hsink_TB_29	328.5598
hsink_TB_30	328.1642
hsink_TB_31	327.5097
inode_0	325.6180
inode_1	325.6183
inode_2	326.1178
inode_3	326.1178
inode_4	325.5845
inode_5	325.5847
inode_6	326.0905
inode_7	326.0905
inode_8	324.5413
inode_9	324.5415
inode_10	324.8319
inode_11	324.8319
inode_12	349.6206
inode_13	349.6215
inode_14	349.3435
inode_15	349.3438
inode_16	349.6022
inode_17	349.6031
inode_18	349.3381
inode_19	349.3384
inode_20	346.2583
inode_21	346.2588
inode_22	348.4044
inode_23	348.4047
inode_24	336.9021
inode_25	336.9025
inode_26	337.1354
inode_27	337.1355
