pcb_C_0	329.5877
pcb_C_1	330.4257
pcb_C_2	330.7995
pcb_C_3	330.9526
pcb_C_4	330.9527
pcb_C_5	330.7995
pcb_C_6	330.4258
pcb_C_7	329.5878
pcb_C_8	329.2241
pcb_C_9	329.9514
pcb_C_10	330.3346
pcb_C_11	330.5066
pcb_C_12	330.5066
pcb_C_13	330.3346
pcb_C_14	329.9515
pcb_C_15	329.2242
pcb_C_16	328.6638
pcb_C_17	328.9797
pcb_C_18	329.2226
pcb_C_19	329.3528
pcb_C_20	329.3528
pcb_C_21	329.2227
pcb_C_22	328.9797
pcb_C_23	328.6638
pcb_C_24	328.2560
pcb_C_25	328.2564
pcb_C_26	328.3586
pcb_C_27	328.4323
pcb_C_28	328.4323
pcb_C_29	328.3586
pcb_C_30	328.2564
pcb_C_31	328.2561
solder_C_0	330.0216
solder_C_1	330.7978
solder_C_2	331.1770
solder_C_3	331.3374
solder_C_4	331.3374
solder_C_5	331.1770
solder_C_6	330.7978
solder_C_7	330.0216
solder_C_8	329.6259
solder_C_9	330.2893
solder_C_10	330.6801
solder_C_11	330.8602
solder_C_12	330.8602
solder_C_13	330.6802
solder_C_14	330.2893
solder_C_15	329.6260
solder_C_16	328.6898
solder_C_17	328.9044
solder_C_18	329.1595
solder_C_19	329.3003
solder_C_20	329.3003
solder_C_21	329.1595
solder_C_22	328.9044
solder_C_23	328.6899
solder_C_24	328.1803
solder_C_25	328.0769
solder_C_26	328.1938
solder_C_27	328.2790
solder_C_28	328.2790
solder_C_29	328.1938
solder_C_30	328.0769
solder_C_31	328.1803
sub_C_0	330.1380
sub_C_1	330.9163
sub_C_2	331.3021
sub_C_3	331.4657
sub_C_4	331.4658
sub_C_5	331.3021
sub_C_6	330.9163
sub_C_7	330.1380
sub_C_8	329.7510
sub_C_9	330.4284
sub_C_10	330.8267
sub_C_11	331.0097
sub_C_12	331.0097
sub_C_13	330.8268
sub_C_14	330.4283
sub_C_15	329.7511
sub_C_16	328.5773
sub_C_17	328.8308
sub_C_18	329.0984
sub_C_19	329.2432
sub_C_20	329.2432
sub_C_21	329.0984
sub_C_22	328.8308
sub_C_23	328.5774
sub_C_24	328.0428
sub_C_25	327.9893
sub_C_26	328.1209
sub_C_27	328.2109
sub_C_28	328.2109
sub_C_29	328.1209
sub_C_30	327.9893
sub_C_31	328.0429
layer_3_C_0	331.1893
layer_3_C_1	332.0564
layer_3_C_2	332.4988
layer_3_C_3	332.6897
layer_3_C_4	332.6901
layer_3_C_5	332.4985
layer_3_C_6	332.0564
layer_3_C_7	331.1894
layer_3_C_8	330.9538
layer_3_C_9	331.8239
layer_3_C_10	332.2964
layer_3_C_11	332.5077
layer_3_C_12	332.5075
layer_3_C_13	332.2967
layer_3_C_14	331.8236
layer_3_C_15	330.9542
layer_3_C_16	327.4357
layer_3_C_17	328.0698
layer_3_C_18	328.4596
layer_3_C_19	328.6431
layer_3_C_20	328.6431
layer_3_C_21	328.4597
layer_3_C_22	328.0698
layer_3_C_23	327.4357
layer_3_C_24	326.7288
layer_3_C_25	327.1263
layer_3_C_26	327.3998
layer_3_C_27	327.5349
layer_3_C_28	327.5349
layer_3_C_29	327.3998
layer_3_C_30	327.1263
layer_3_C_31	326.7289
layer_4_TB_0	330.9894
layer_4_TB_1	331.8565
layer_4_TB_2	332.2988
layer_4_TB_3	332.4897
layer_4_TB_4	332.4901
layer_4_TB_5	332.2985
layer_4_TB_6	331.8566
layer_4_TB_7	330.9895
layer_4_TB_8	330.7553
layer_4_TB_9	331.6257
layer_4_TB_10	332.0981
layer_4_TB_11	332.3094
layer_4_TB_12	332.3092
layer_4_TB_13	332.0984
layer_4_TB_14	331.6254
layer_4_TB_15	330.7557
layer_4_TB_16	327.4332
layer_4_TB_17	328.0679
layer_4_TB_18	328.4578
layer_4_TB_19	328.6414
layer_4_TB_20	328.6414
layer_4_TB_21	328.4579
layer_4_TB_22	328.0679
layer_4_TB_23	327.4333
layer_4_TB_24	326.7273
layer_4_TB_25	327.1253
layer_4_TB_26	327.3989
layer_4_TB_27	327.5340
layer_4_TB_28	327.5340
layer_4_TB_29	327.3989
layer_4_TB_30	327.1253
layer_4_TB_31	326.7273
hsp_TB_0	328.9902
hsp_TB_1	329.8581
hsp_TB_2	330.2990
hsp_TB_3	330.4895
hsp_TB_4	330.4896
hsp_TB_5	330.2989
hsp_TB_6	329.8581
hsp_TB_7	328.9903
hsp_TB_8	328.7709
hsp_TB_9	329.6437
hsp_TB_10	330.1154
hsp_TB_11	330.3261
hsp_TB_12	330.3260
hsp_TB_13	330.1155
hsp_TB_14	329.6436
hsp_TB_15	328.7711
hsp_TB_16	327.4084
hsp_TB_17	328.0487
hsp_TB_18	328.4399
hsp_TB_19	328.6238
hsp_TB_20	328.6238
hsp_TB_21	328.4399
hsp_TB_22	328.0488
hsp_TB_23	327.4085
hsp_TB_24	326.7118
hsp_TB_25	327.1150
hsp_TB_26	327.3898
hsp_TB_27	327.5252
hsp_TB_28	327.5252
hsp_TB_29	327.3898
hsp_TB_30	327.1150
hsp_TB_31	326.7119
hsink_TB_0	328.1776
hsink_TB_1	329.0094
hsink_TB_2	329.4473
hsink_TB_3	329.6373
hsink_TB_4	329.6374
hsink_TB_5	329.4473
hsink_TB_6	329.0095
hsink_TB_7	328.1777
hsink_TB_8	328.0152
hsink_TB_9	328.8564
hsink_TB_10	329.3257
hsink_TB_11	329.5359
hsink_TB_12	329.5359
hsink_TB_13	329.3257
hsink_TB_14	328.8564
hsink_TB_15	328.0153
hsink_TB_16	327.3154
hsink_TB_17	327.9516
hsink_TB_18	328.3425
hsink_TB_19	328.5264
hsink_TB_20	328.5264
hsink_TB_21	328.3425
hsink_TB_22	327.9516
hsink_TB_23	327.3154
hsink_TB_24	326.6964
hsink_TB_25	327.1010
hsink_TB_26	327.3762
hsink_TB_27	327.5117
hsink_TB_28	327.5117
hsink_TB_29	327.3762
hsink_TB_30	327.1010
hsink_TB_31	326.6964
inode_0	326.0743
inode_1	326.0743
inode_2	325.3811
inode_3	327.1076
inode_4	326.0566
inode_5	326.0566
inode_6	325.3723
inode_7	327.0929
inode_8	325.3447
inode_9	325.3447
inode_10	324.5415
inode_11	326.0641
inode_12	329.0396
inode_13	329.0397
inode_14	327.8505
inode_15	330.4576
inode_16	329.0370
inode_17	329.0370
inode_18	327.8503
inode_19	330.4567
inode_20	328.3461
inode_21	328.3462
inode_22	327.7835
inode_23	330.3265
inode_24	325.9655
inode_25	325.9655
inode_26	325.0467
inode_27	326.8673
