C_0	C_1	C_2	C_3	C_4	C_5	C_6	C_7	C_8	C_9	C_10	C_11	C_12	C_13	C_14	C_15	C_16	C_17	C_18	C_19	C_20	C_21	C_22	C_23	C_24	C_25	C_26	C_27	C_28	C_29	C_30	C_31	
3.98127	3.98203	3.98194	3.9812	3.98122	3.98193	3.98205	3.98119	3.98129	3.98166	3.98139	3.98167	3.98205	3.98124	3.98203	3.98121	9.91369	9.91061	9.90999	9.91243	9.9144	9.91142	9.91164	9.90946	9.90996	9.9111	9.91201	9.91378	9.91237	9.91393	9.91225	9.91385	
3.89541	3.89539	3.89546	3.89536	3.89542	3.89546	3.89539	3.89537	3.8954	3.8953	3.89535	3.8953	3.8954	3.89542	3.8954	3.89537	7.7288	7.73062	7.7312	7.7312	7.73261	7.73021	7.72758	7.72905	7.72797	7.7252	7.72995	7.73212	7.73002	7.72543	7.72905	7.73245	
3.87546	3.87669	3.87333	3.87694	3.87538	3.87333	3.87587	3.87694	3.9662	3.96621	3.96619	3.96623	3.96626	3.96619	3.96627	3.96621	8.5796	8.57976	8.57975	8.57971	8.57831	8.57973	8.57993	8.58	8.56053	8.56041	8.56005	8.55903	8.56004	8.56045	8.56022	8.55904	
3.96539	3.96587	3.96604	3.96589	3.96547	3.96595	3.96519	3.96589	4.07072	4.07073	4.07065	4.07076	4.07078	4.07069	4.07078	4.07069	8.75686	8.75788	8.75795	8.75633	8.75529	8.75756	8.75818	8.75803	8.75803	8.75784	8.75708	8.75581	8.7568	8.75819	8.75808	8.7558	
3.84727	3.84584	3.84694	3.84604	3.84728	3.84708	3.84712	3.84604	3.98205	3.98224	3.98208	3.98228	3.98224	3.98204	3.98226	3.98211	8.16776	8.17223	8.17332	8.1803	8.17126	8.17034	8.17558	8.16843	8.15793	8.14354	8.16145	8.16361	8.16164	8.15967	8.16028	8.14094	
3.97727	3.98211	3.97696	3.98161	3.97714	3.97624	3.97729	3.98162	3.97307	3.97294	3.97301	3.97291	3.97288	3.97309	3.97288	3.97306	8.55246	8.5553	8.46856	8.44736	8.56305	8.5633	8.45369	8.56436	8.56456	8.57038	8.56322	8.56309	8.56276	8.56383	8.56297	8.57039	
3.91206	3.91549	3.91339	3.91563	3.91211	3.91315	3.91211	3.91563	3.96369	3.96381	3.9637	3.9638	3.96396	3.96355	3.96396	3.96352	8.18452	8.33818	7.87239	8.08877	8.39759	8.39726	8.10123	8.39657	8.64678	8.65215	8.6464	8.64654	8.64648	8.64682	8.64655	8.65514	
3.9651	3.96365	3.96507	3.96328	3.96508	3.96515	3.96514	3.96328	3.98071	3.98079	3.9807	3.98083	3.98077	3.98083	3.98074	3.98081	8.68656	8.67429	8.68983	8.68466	8.64697	8.64795	8.687	8.64923	8.72492	8.72549	8.72418	8.72475	8.72408	8.7247	8.72436	8.72538	
3.97635	3.97466	3.97706	3.97441	3.97636	3.97682	3.97602	3.97441	3.94078	3.94085	3.94069	3.94084	3.94076	3.94079	3.94079	3.94077	8.81936	8.90604	8.37004	8.70688	8.94904	8.91828	8.67074	8.94886	8.19238	8.19559	8.19055	8.19076	8.19045	8.19072	8.19045	8.19318	
3.94041	3.94077	3.93995	3.94103	3.94036	3.94035	3.94061	3.94103	3.94886	3.9489	3.94883	3.94896	3.94893	3.94887	3.94891	3.94886	8.19742	8.19827	8.31081	8.1887	8.19082	8.19303	8.19172	8.19231	8.37214	8.42792	8.358	8.35659	8.3585	8.35952	8.35948	8.37873	
3.93816	3.93813	3.93829	3.93822	3.93814	3.93848	3.93838	3.93821	4.03182	4.03178	4.03183	4.03174	4.03173	4.03196	4.03175	4.03209	2.47205	2.36985	2.97886	2.65404	2.29273	2.30532	2.67803	2.29605	0.72988	0.72988	0.72988	0.72988	0.72988	0.72988	0.72988	0.72988	
4.03146	4.03258	4.02963	4.03259	4.0314	4.0292	4.03135	4.0326	4.03302	4.03307	4.03305	4.03305	4.033	4.03301	4.03298	4.03302	0.72988	0.72988	0.72988	0.72988	0.72988	0.72988	0.72988	0.72988	0.72988	0.72988	0.72988	0.72988	0.72988	0.72988	0.72988	0.72988	
3.97158	3.97567	3.96977	3.97477	3.97166	3.97045	3.97184	3.97477	4.0337	4.03377	4.03367	4.03376	4.03385	4.03367	4.03382	4.03361	0.72988	0.72988	0.72988	0.72988	0.72988	0.72988	0.72988	0.72988	0.72988	0.72988	0.72988	0.72988	0.72988	0.72988	0.72988	0.72988	
4.09175	4.08949	4.09212	4.08956	4.09175	4.09148	4.09134	4.08956	4.02587	4.02589	4.02591	4.02587	4.02592	4.026	4.02591	4.02606	0.72988	0.72988	0.72988	0.72988	0.72988	0.72988	0.72988	0.72988	0.72988	0.72988	0.72988	0.72988	0.72988	0.72988	0.72988	0.72988	
3.95527	3.9562	3.9544	3.95542	3.95532	3.95402	3.95524	3.95542	4.06187	4.06205	4.06194	4.06202	4.06202	4.06172	4.06201	4.0618	0.72988	0.72988	0.72988	0.72988	0.72988	0.72988	0.72988	0.72988	0.72988	0.72988	0.72988	0.72988	0.72988	0.72988	0.72988	0.72988	
3.98509	3.98814	3.98469	3.98743	3.98508	3.98444	3.98522	3.98743	3.97636	3.97656	3.97641	3.97656	3.97648	3.97642	3.97655	3.97638	0.72988	0.72988	0.72988	0.72988	0.72988	0.72988	0.72988	0.72988	0.72988	0.72988	0.72988	0.72988	0.72988	0.72988	0.72988	0.72988	
3.99503	3.99632	3.99359	3.99613	3.99504	3.99232	3.99507	3.99613	3.94823	3.94818	3.94818	3.94818	3.94853	3.94841	3.94847	3.94851	0.72988	0.72988	0.72988	0.72988	0.72988	0.72988	0.72988	0.72988	0.72988	0.72988	0.72988	0.72988	0.72988	0.72988	0.72988	0.72988	
3.97639	3.97607	3.97672	3.97628	3.97636	3.97617	3.97618	3.97628	4.0111	4.01072	4.01091	4.0107	4.01081	4.01125	4.01079	4.01124	0.72988	0.72988	0.72988	0.72988	0.72988	0.72988	0.72988	0.72988	0.72988	0.72988	0.72988	0.72988	0.72988	0.72988	0.72988	0.72988	
3.94151	3.94032	3.94199	3.94034	3.94154	3.94158	3.9413	3.94035	3.95443	3.95429	3.95438	3.95425	3.95425	3.95443	3.95429	3.95447	0.72988	0.72988	0.72988	0.72988	0.72988	0.72988	0.72988	0.72988	0.72988	0.72988	0.72988	0.72988	0.72988	0.72988	0.72988	0.72988	
4.00397	4.00444	4.00543	4.0051	4.00395	4.00513	4.00357	4.0051	4.04364	4.04357	4.04365	4.04357	4.04367	4.04363	4.04367	4.04365	0.72988	0.72988	0.72988	0.72988	0.72988	0.72988	0.72988	0.72988	0.72988	0.72988	0.72988	0.72988	0.72988	0.72988	0.72988	0.72988	
3.95187	3.95181	3.95219	3.95182	3.9519	3.9519	3.95244	3.95183	4.01817	4.01818	4.0182	4.01816	4.01831	4.01816	4.01831	4.01813	0.72988	0.72988	0.72988	0.72988	0.72988	0.72988	0.72988	0.72988	0.72988	0.72988	0.72988	0.72988	0.72988	0.72988	0.72988	0.72988	
3.94961	3.94923	3.94931	3.94958	3.94958	3.94928	3.94993	3.94957	4.01278	4.01338	4.01294	4.01339	4.01346	4.01257	4.01341	4.01257	0.72988	0.72988	0.72988	0.72988	0.72988	0.72988	0.72988	0.72988	0.72988	0.72988	0.72988	0.72988	0.72988	0.72988	0.72988	0.72988	
3.9195	3.9196	3.92052	3.91992	3.9195	3.92109	3.91961	3.91992	1.12474	1.12426	1.12463	1.12423	1.12388	1.12482	1.1239	1.12487	0.72988	0.72988	0.72988	0.72988	0.72988	0.72988	0.72988	0.72988	0.72988	0.72988	0.72988	0.72988	0.72988	0.72988	0.72988	0.72988	
