Metric	Core0	Core1	Core2	Core3	Core4	Core5	Core6	Core7	Core8	Core9	Core10	Core11	Core12	Core13	Core14	Core15	Core16	Core17	Core18	Core19	Core20	Core21	Core22	Core23	Core24	Core25	Core26	Core27	Core28	Core29	Core30	Core31
total	1.567	1.567	1.567	1.567	1.567	1.567	1.567	1.567	1.567	1.567	1.567	1.567	1.567	1.567	1.567	1.567	0.442	0.442	0.442	0.442	0.442	0.442	0.442	0.442	0.442	0.442	0.442	0.442	0.442	0.442	0.442	0.442
base	0.250	0.250	0.250	0.250	0.250	0.250	0.250	0.250	0.250	0.250	0.250	0.250	0.250	0.250	0.250	0.250	0.250	0.250	0.250	0.250	0.250	0.250	0.250	0.250	0.250	0.250	0.250	0.250	0.250	0.250	0.250	0.250
dispatch_width	-
rs_full	-
depend	-
depend-int	0.186	0.186	0.186	0.186	0.186	0.186	0.186	0.186	0.186	0.186	0.186	0.186	0.186	0.186	0.186	0.186	0.034	0.034	0.034	0.034	0.034	0.034	0.034	0.034	0.034	0.034	0.034	0.034	0.034	0.034	0.034	0.034
depend-fp	-
depend-branch	0.034	0.034	0.034	0.034	0.034	0.034	0.034	0.034	0.034	0.034	0.034	0.034	0.034	0.034	0.034	0.034	0.000	0.000	0.000	0.000	0.000	0.000	0.000	0.000	0.000	0.000	0.000	0.000	0.000	0.000	0.000	0.000
issue	0.000	0.000	0.000	0.000	0.000	0.000	0.000	0.000	0.000	0.000	0.000	0.000	0.000	0.000	0.000	0.000	0.067	0.067	0.067	0.067	0.067	0.067	0.067	0.067	0.067	0.067	0.067	0.067	0.067	0.067	0.067	0.067
serial	-
smt	-
branch	0.175	0.175	0.175	0.175	0.175	0.175	0.175	0.175	0.175	0.175	0.175	0.175	0.175	0.175	0.175	0.175	0.005	0.005	0.005	0.005	0.005	0.005	0.005	0.005	0.005	0.005	0.005	0.005	0.005	0.005	0.005	0.005
itlb	-
dtlb	-
ifetch	0.424	0.424	0.424	0.424	0.424	0.424	0.424	0.424	0.424	0.425	0.424	0.425	0.424	0.424	0.424	0.424	0.020	0.020	0.020	0.020	0.020	0.020	0.020	0.020	0.020	0.020	0.020	0.020	0.020	0.020	0.020	0.020
mem	-
mem-l1d	0.486	0.486	0.486	0.486	0.486	0.486	0.486	0.486	0.486	0.486	0.486	0.486	0.486	0.486	0.486	0.486	0.051	0.051	0.051	0.051	0.051	0.051	0.051	0.051	0.051	0.051	0.051	0.051	0.051	0.051	0.051	0.051
mem-l2	-
mem-l3	-
mem-l4	-
mem-remote	-
mem-nuca	-
mem-dram-cache	-
mem-dram	0.000	0.000	0.000	0.000	0.000	0.000	0.000	0.000	0.000	0.000	0.000	0.000	0.000	0.000	0.000	0.000	0.015	0.015	0.015	0.015	0.015	0.015	0.015	0.015	0.015	0.015	0.015	0.015	0.015	0.015	0.015	0.015
sync	-
dvfs-transition	-
imbalance	-
other	0.012	0.012	0.012	0.012	0.012	0.012	0.012	0.012	0.012	0.012	0.012	0.012	0.012	0.012	0.012	0.012	0.001	0.001	0.001	0.001	0.001	0.001	0.001	0.001	0.001	0.001	0.001	0.001	0.001	0.001	0.001	0.001
total	1.596	1.596	1.596	1.596	1.596	1.596	1.596	1.596	1.596	1.596	1.596	1.596	1.596	1.596	1.596	1.596	0.618	0.618	0.618	0.618	0.618	0.618	0.618	0.618	0.618	0.619	0.618	0.618	0.618	0.619	0.618	0.618
base	0.250	0.250	0.250	0.250	0.250	0.250	0.250	0.250	0.250	0.250	0.250	0.250	0.250	0.250	0.250	0.250	0.250	0.250	0.250	0.250	0.250	0.250	0.250	0.250	0.250	0.250	0.250	0.250	0.250	0.250	0.250	0.250
dispatch_width	-
rs_full	-
depend	-
depend-int	0.191	0.191	0.191	0.191	0.191	0.191	0.191	0.191	0.191	0.191	0.191	0.191	0.191	0.191	0.191	0.191	0.054	0.054	0.054	0.054	0.054	0.054	0.054	0.054	0.054	0.054	0.054	0.054	0.054	0.054	0.054	0.054
depend-fp	-
depend-branch	0.035	0.035	0.035	0.035	0.035	0.035	0.035	0.035	0.035	0.035	0.035	0.035	0.035	0.035	0.035	0.035	0.000	0.000	0.000	0.000	0.000	0.000	0.000	0.000	0.000	0.000	0.000	0.000	0.000	0.000	0.000	0.000
issue	0.000	0.000	0.000	0.000	0.000	0.000	0.000	0.000	0.000	0.000	0.000	0.000	0.000	0.000	0.000	0.000	0.075	0.075	0.075	0.075	0.075	0.075	0.075	0.075	0.075	0.075	0.075	0.075	0.075	0.075	0.075	0.075
serial	-
smt	-
branch	0.169	0.169	0.169	0.169	0.169	0.169	0.169	0.169	0.169	0.169	0.169	0.169	0.169	0.169	0.169	0.169	0.053	0.053	0.053	0.053	0.053	0.053	0.053	0.053	0.053	0.053	0.053	0.053	0.053	0.053	0.053	0.053
itlb	-
dtlb	-
ifetch	0.448	0.448	0.448	0.448	0.448	0.448	0.448	0.448	0.448	0.448	0.448	0.448	0.448	0.448	0.448	0.448	0.068	0.068	0.068	0.068	0.067	0.068	0.068	0.068	0.068	0.068	0.068	0.067	0.068	0.068	0.068	0.067
mem	-
mem-l1d	0.494	0.494	0.494	0.494	0.494	0.494	0.494	0.494	0.494	0.494	0.494	0.494	0.494	0.494	0.494	0.494	0.109	0.109	0.109	0.109	0.109	0.109	0.109	0.109	0.109	0.109	0.109	0.109	0.109	0.109	0.109	0.109
mem-l2	-
mem-l3	-
mem-l4	-
mem-remote	-
mem-nuca	-
mem-dram-cache	-
mem-dram	-
sync	-
dvfs-transition	-
imbalance	-
other	0.009	0.009	0.009	0.009	0.009	0.009	0.009	0.009	0.009	0.009	0.009	0.009	0.009	0.009	0.009	0.009	0.011	0.010	0.011	0.010	0.011	0.011	0.011	0.011	0.011	0.011	0.011	0.011	0.011	0.011	0.010	0.010
total	1.929	2.364	2.342	1.834	1.907	2.358	2.369	1.838	1.621	1.621	1.621	1.621	1.621	1.621	1.621	1.621	0.435	0.436	0.435	0.436	0.437	0.436	0.437	0.437	0.545	0.545	0.545	0.545	0.545	0.545	0.545	0.545
base	0.116	0.086	0.075	0.127	0.112	0.073	0.091	0.127	0.250	0.250	0.250	0.250	0.250	0.250	0.250	0.250	0.243	0.243	0.243	0.243	0.243	0.243	0.243	0.243	0.250	0.250	0.250	0.250	0.250	0.250	0.250	0.250
dispatch_width	-
rs_full	-
depend	-
depend-int	0.191	0.183	0.194	0.192	0.183	0.192	0.181	0.193	0.192	0.192	0.192	0.192	0.192	0.192	0.192	0.192	0.023	0.023	0.023	0.020	0.018	0.023	0.018	0.018	0.047	0.047	0.047	0.047	0.047	0.047	0.047	0.047
depend-fp	-
depend-branch	0.036	0.049	0.048	0.032	0.036	0.049	0.049	0.033	0.037	0.037	0.037	0.037	0.037	0.037	0.037	0.037	0.000	0.000	0.000	0.000	0.000	0.000	0.000	0.000	0.000	0.000	0.000	0.000	0.000	0.000	0.000	0.000
issue	0.000	0.000	0.000	0.000	0.000	0.000	0.000	0.000	0.000	0.000	0.000	0.000	0.000	0.000	0.000	0.000	0.062	0.063	0.063	0.062	0.062	0.063	0.062	0.063	0.077	0.077	0.077	0.077	0.077	0.077	0.077	0.077
serial	-
smt	-
branch	0.190	0.108	0.107	0.248	0.188	0.108	0.066	0.248	0.174	0.174	0.174	0.174	0.174	0.174	0.174	0.174	0.000	0.000	0.000	0.000	0.000	0.000	0.000	0.000	0.031	0.031	0.031	0.031	0.031	0.031	0.031	0.031
itlb	-
dtlb	-
ifetch	0.362	0.782	0.774	0.393	0.358	0.780	0.784	0.394	0.459	0.459	0.459	0.459	0.459	0.459	0.459	0.459	0.000	0.000	0.000	0.000	0.000	0.000	0.000	0.000	0.031	0.031	0.031	0.031	0.031	0.031	0.031	0.031
mem	-
mem-l1d	0.580	0.674	0.661	0.556	0.573	0.674	0.668	0.558	0.489	0.489	0.489	0.489	0.489	0.489	0.489	0.489	0.085	0.085	0.085	0.089	0.092	0.085	0.092	0.092	0.097	0.097	0.097	0.097	0.097	0.097	0.097	0.097
mem-l2	-
mem-l3	-
mem-l4	-
mem-remote	-
mem-nuca	-
mem-dram-cache	-
mem-dram	-
sync	-
dvfs-transition	-
imbalance	0.450	0.467	0.467	0.280	0.454	0.468	0.515	0.281	0.000	0.000	0.000	0.000	0.000	0.000	0.000	0.000	0.022	0.022	0.022	0.022	0.022	0.022	0.022	0.022	0.000	0.000	0.000	0.000	0.000	0.000	0.000	0.000
other	0.005	0.015	0.015	0.004	0.005	0.015	0.015	0.004	0.020	0.020	0.020	0.020	0.020	0.020	0.020	0.020	0.001	0.001	0.001	0.001	0.001	0.001	0.001	0.001	0.013	0.013	0.013	0.013	0.013	0.013	0.013	0.013
total	1.619	1.612	1.622	1.613	1.619	1.624	1.619	1.613	1.593	1.593	1.593	1.593	1.593	1.593	1.593	1.593	0.542	0.542	0.542	0.542	0.542	0.542	0.542	0.542	0.484	0.471	0.374	0.587	0.375	0.428	0.380	0.575
base	0.371	0.338	0.353	0.381	0.379	0.353	0.340	0.381	0.250	0.250	0.250	0.250	0.250	0.250	0.250	0.250	0.262	0.262	0.262	0.262	0.262	0.262	0.262	0.262	0.239	0.240	0.245	0.222	0.245	0.242	0.245	0.231
dispatch_width	-
rs_full	-
depend	-
depend-int	0.201	0.199	0.200	0.202	0.201	0.200	0.199	0.202	0.189	0.189	0.189	0.189	0.189	0.189	0.189	0.189	0.050	0.050	0.050	0.050	0.050	0.050	0.050	0.050	0.054	0.054	0.025	0.082	0.025	0.038	0.027	0.087
depend-fp	-
depend-branch	0.038	0.038	0.038	0.038	0.038	0.038	0.038	0.038	0.036	0.036	0.036	0.036	0.036	0.036	0.036	0.036	0.000	0.000	0.000	0.000	0.000	0.000	0.000	0.000	0.000	0.000	0.000	0.000	0.000	0.000	0.000	0.000
issue	0.000	0.000	0.000	0.000	0.000	0.000	0.000	0.000	0.000	0.000	0.000	0.000	0.000	0.000	0.000	0.000	0.081	0.081	0.081	0.081	0.081	0.081	0.081	0.081	0.121	0.124	0.046	0.130	0.045	0.071	0.049	0.131
serial	-
smt	-
branch	0.174	0.305	0.241	0.174	0.174	0.241	0.306	0.174	0.176	0.176	0.176	0.176	0.176	0.176	0.176	0.176	0.031	0.031	0.031	0.031	0.031	0.031	0.031	0.031	0.000	0.000	0.000	0.000	0.000	0.000	0.000	0.000
itlb	-
dtlb	-
ifetch	0.620	0.474	0.503	0.619	0.605	0.517	0.459	0.604	0.449	0.449	0.449	0.449	0.449	0.449	0.449	0.449	0.031	0.031	0.031	0.031	0.031	0.031	0.031	0.031	0.000	0.000	0.000	0.021	0.000	0.008	0.000	0.026
mem	-
mem-l1d	0.512	0.506	0.509	0.513	0.513	0.509	0.507	0.513	0.484	0.484	0.484	0.484	0.484	0.484	0.484	0.484	0.102	0.102	0.102	0.102	0.102	0.102	0.102	0.102	0.037	0.028	0.037	0.043	0.038	0.047	0.038	0.038
mem-l2	-
mem-l3	-
mem-l4	-
mem-remote	-
mem-nuca	-
mem-dram-cache	-
mem-dram	-
sync	-
dvfs-transition	-
imbalance	0.000	0.000	0.000	0.000	0.000	0.000	0.000	0.000	0.000	0.000	0.000	0.000	0.000	0.000	0.000	0.000	0.000	0.000	0.000	0.000	0.000	0.000	0.000	0.000	0.024	0.023	0.016	0.084	0.016	0.022	0.016	0.060
other	-0.297	-0.247	-0.221	-0.315	-0.292	-0.234	-0.229	-0.300	0.009	0.009	0.009	0.009	0.009	0.009	0.009	0.009	-0.013	-0.013	-0.013	-0.013	-0.013	-0.013	-0.013	-0.014	0.008	0.003	0.004	0.003	0.004	0.002	0.004	0.003
total	1.593	1.593	1.594	1.593	1.593	1.594	1.593	1.593	1.570	1.570	1.570	1.570	1.570	1.570	1.570	1.570	0.552	0.552	0.552	0.552	0.553	0.552	0.552	0.552	0.554	0.554	0.554	0.554	0.554	0.554	0.554	0.554
base	0.250	0.250	0.250	0.250	0.250	0.250	0.250	0.250	0.250	0.250	0.250	0.250	0.250	0.250	0.250	0.250	0.250	0.250	0.250	0.250	0.250	0.250	0.250	0.250	0.262	0.264	0.262	0.278	0.261	0.262	0.262	0.281
dispatch_width	-
rs_full	-
depend	-
depend-int	0.189	0.189	0.189	0.189	0.189	0.189	0.189	0.189	0.186	0.186	0.186	0.186	0.186	0.186	0.186	0.186	0.051	0.051	0.051	0.051	0.051	0.051	0.051	0.051	0.054	0.054	0.054	0.057	0.054	0.054	0.054	0.057
depend-fp	-
depend-branch	0.036	0.036	0.036	0.036	0.036	0.036	0.036	0.036	0.035	0.035	0.035	0.035	0.035	0.035	0.035	0.035	0.000	0.000	0.000	0.000	0.000	0.000	0.000	0.000	0.000	0.000	0.000	0.000	0.000	0.000	0.000	0.000
issue	0.000	0.000	0.000	0.000	0.000	0.000	0.000	0.000	0.000	0.000	0.000	0.000	0.000	0.000	0.000	0.000	0.079	0.079	0.079	0.079	0.079	0.079	0.079	0.079	0.084	0.084	0.084	0.088	0.083	0.084	0.084	0.089
serial	-
smt	-
branch	0.176	0.176	0.176	0.176	0.176	0.176	0.176	0.176	0.175	0.175	0.175	0.175	0.175	0.175	0.175	0.175	0.040	0.040	0.040	0.040	0.040	0.040	0.040	0.040	0.040	0.040	0.040	0.040	0.040	0.040	0.040	0.040
itlb	-
dtlb	-
ifetch	0.449	0.449	0.450	0.449	0.449	0.450	0.449	0.449	0.428	0.428	0.428	0.428	0.428	0.428	0.428	0.428	0.030	0.030	0.030	0.030	0.031	0.030	0.030	0.030	0.031	0.031	0.031	0.050	0.031	0.031	0.031	0.060
mem	-
mem-l1d	0.484	0.484	0.484	0.484	0.484	0.484	0.484	0.484	0.486	0.486	0.486	0.486	0.486	0.486	0.486	0.486	0.094	0.094	0.094	0.094	0.094	0.094	0.094	0.094	0.099	0.100	0.099	0.104	0.099	0.099	0.099	0.105
mem-l2	-
mem-l3	-
mem-l4	-
mem-remote	-
mem-nuca	-
mem-dram-cache	-
mem-dram	-
sync	-
dvfs-transition	-
imbalance	-
other	0.009	0.009	0.009	0.009	0.009	0.009	0.009	0.009	0.009	0.009	0.009	0.009	0.009	0.009	0.009	0.009	0.008	0.008	0.008	0.008	0.008	0.008	0.008	0.008	-0.015	-0.019	-0.015	-0.063	-0.014	-0.015	-0.015	-0.078
total	1.570	1.570	1.570	1.570	1.570	1.570	1.570	1.570	1.528	1.528	1.528	1.528	1.528	1.528	1.528	1.528	0.540	0.540	0.540	0.540	0.540	0.540	0.540	0.540	0.540	0.540	0.540	0.540	0.540	0.540	0.540	0.540
base	0.250	0.250	0.250	0.250	0.250	0.250	0.250	0.250	0.250	0.250	0.250	0.250	0.250	0.250	0.250	0.250	0.250	0.250	0.250	0.250	0.250	0.250	0.250	0.250	0.250	0.250	0.250	0.250	0.250	0.250	0.250	0.250
dispatch_width	-
rs_full	-
depend	-
depend-int	0.186	0.186	0.186	0.186	0.186	0.186	0.186	0.186	0.184	0.184	0.184	0.184	0.184	0.184	0.184	0.184	0.050	0.050	0.050	0.050	0.050	0.050	0.050	0.050	0.050	0.050	0.050	0.050	0.050	0.050	0.050	0.050
depend-fp	-
depend-branch	0.035	0.035	0.035	0.035	0.035	0.035	0.035	0.035	0.033	0.033	0.033	0.033	0.033	0.033	0.033	0.033	0.000	0.000	0.000	0.000	0.000	0.000	0.000	0.000	0.000	0.000	0.000	0.000	0.000	0.000	0.000	0.000
issue	0.000	0.000	0.000	0.000	0.000	0.000	0.000	0.000	0.000	0.000	0.000	0.000	0.000	0.000	0.000	0.000	0.080	0.080	0.080	0.080	0.080	0.080	0.080	0.080	0.080	0.080	0.080	0.080	0.080	0.080	0.080	0.080
serial	-
smt	-
branch	0.175	0.175	0.175	0.175	0.175	0.175	0.175	0.175	0.156	0.156	0.156	0.156	0.156	0.156	0.156	0.156	0.035	0.035	0.035	0.035	0.035	0.035	0.035	0.035	0.035	0.035	0.035	0.035	0.035	0.035	0.035	0.035
itlb	-
dtlb	-
ifetch	0.428	0.428	0.428	0.428	0.428	0.428	0.428	0.428	0.413	0.413	0.413	0.413	0.413	0.413	0.413	0.413	0.028	0.028	0.028	0.028	0.028	0.028	0.028	0.028	0.028	0.028	0.028	0.028	0.028	0.028	0.028	0.028
mem	-
mem-l1d	0.486	0.486	0.486	0.486	0.486	0.486	0.486	0.486	0.483	0.483	0.483	0.483	0.483	0.483	0.483	0.483	0.089	0.089	0.089	0.089	0.089	0.089	0.089	0.089	0.089	0.089	0.089	0.089	0.089	0.089	0.089	0.089
mem-l2	-
mem-l3	-
mem-l4	-
mem-remote	-
mem-nuca	-
mem-dram-cache	-
mem-dram	-
sync	-
dvfs-transition	-
imbalance	-
other	0.009	0.009	0.009	0.009	0.009	0.009	0.009	0.009	0.009	0.009	0.009	0.009	0.009	0.009	0.009	0.009	0.007	0.007	0.007	0.007	0.007	0.007	0.007	0.007	0.007	0.007	0.007	0.007	0.007	0.007	0.007	0.007
total	1.613	1.612	1.613	1.612	1.613	1.613	1.613	1.612	1.670	1.670	1.670	1.670	1.670	1.670	1.670	1.670	1.718	1.810	1.791	1.939	1.854	1.693	0.683	0.474	0.581	0.581	0.581	0.581	0.581	0.581	0.581	0.581
base	0.250	0.250	0.250	0.250	0.250	0.250	0.250	0.250	0.250	0.250	0.250	0.250	0.250	0.250	0.250	0.250	0.172	0.165	0.162	0.145	0.154	0.178	0.238	0.244	0.250	0.250	0.250	0.250	0.250	0.250	0.250	0.250
dispatch_width	-
rs_full	-
depend	-
depend-int	0.184	0.184	0.184	0.184	0.184	0.184	0.184	0.184	0.190	0.190	0.190	0.190	0.190	0.190	0.190	0.190	0.155	0.157	0.158	0.175	0.164	0.155	0.050	0.026	0.052	0.052	0.052	0.052	0.052	0.052	0.052	0.052
depend-fp	-
depend-branch	0.033	0.033	0.033	0.033	0.033	0.033	0.033	0.033	0.034	0.034	0.034	0.034	0.034	0.034	0.034	0.034	0.034	0.033	0.034	0.047	0.040	0.036	0.000	0.000	0.000	0.000	0.000	0.000	0.000	0.000	0.000	0.000
issue	0.000	0.000	0.000	0.000	0.000	0.000	0.000	0.000	0.000	0.000	0.000	0.000	0.000	0.000	0.000	0.000	0.000	0.000	0.000	0.000	0.000	0.000	0.091	0.066	0.080	0.080	0.080	0.080	0.080	0.080	0.080	0.080
serial	-
smt	-
branch	0.157	0.157	0.157	0.156	0.157	0.157	0.157	0.156	0.163	0.163	0.163	0.163	0.163	0.163	0.163	0.163	0.749	0.693	0.686	0.855	0.740	0.650	0.100	0.008	0.036	0.036	0.036	0.036	0.036	0.037	0.037	0.036
itlb	-
dtlb	-
ifetch	0.413	0.413	0.413	0.413	0.413	0.413	0.413	0.413	0.447	0.447	0.447	0.447	0.447	0.447	0.447	0.447	0.000	0.000	0.000	0.000	0.000	0.000	0.099	0.053	0.033	0.033	0.033	0.033	0.033	0.033	0.033	0.033
mem	-
mem-l1d	0.483	0.483	0.483	0.483	0.483	0.483	0.483	0.483	0.490	0.490	0.490	0.490	0.490	0.490	0.490	0.490	0.244	0.240	0.247	0.290	0.257	0.236	0.063	0.029	0.092	0.092	0.092	0.092	0.092	0.092	0.092	0.092
mem-l2	0.000	0.000	0.000	0.000	0.000	0.000	0.000	0.000	0.000	0.000	0.000	0.000	0.000	0.000	0.000	0.000	0.000	0.000	0.021	0.000	0.000	0.000	0.008	0.000	0.000	0.000	0.000	0.000	0.000	0.000	0.000	0.000
mem-l3	-
mem-l4	-
mem-remote	-
mem-nuca	-
mem-dram-cache	-
mem-dram	-
sync	-
dvfs-transition	-
imbalance	0.084	0.084	0.084	0.084	0.084	0.084	0.084	0.084	0.087	0.087	0.087	0.087	0.087	0.087	0.087	0.087	0.358	0.502	0.474	0.393	0.495	0.430	0.026	0.042	0.030	0.030	0.030	0.030	0.030	0.030	0.030	0.030
other	0.009	0.009	0.009	0.009	0.009	0.009	0.009	0.009	0.009	0.009	0.009	0.009	0.009	0.009	0.009	0.009	0.005	0.019	0.010	0.034	0.004	0.008	0.007	0.006	0.007	0.007	0.007	0.007	0.007	0.007	0.007	0.007
total	1.586	1.587	1.586	1.587	1.586	1.586	1.586	1.587	1.608	1.608	1.608	1.608	1.608	1.608	1.608	1.608	0.560	0.559	0.570	0.578	0.553	0.553	0.578	0.553	1.720	1.618	2.157	2.190	2.022	1.477	1.508	2.190
base	0.250	0.250	0.250	0.250	0.250	0.250	0.250	0.250	0.250	0.250	0.250	0.250	0.250	0.250	0.250	0.250	0.277	0.277	0.277	0.278	0.271	0.274	0.277	0.282	0.116	0.162	0.083	0.134	0.096	0.146	0.160	0.129
dispatch_width	-
rs_full	-
depend	-
depend-int	0.190	0.190	0.190	0.190	0.190	0.190	0.190	0.190	0.191	0.191	0.191	0.191	0.191	0.191	0.191	0.191	0.058	0.058	0.057	0.057	0.057	0.057	0.057	0.059	0.262	0.143	0.246	0.122	0.234	0.212	0.211	0.121
depend-fp	-
depend-branch	0.034	0.034	0.034	0.034	0.034	0.034	0.034	0.034	0.036	0.036	0.036	0.036	0.036	0.036	0.036	0.036	0.000	0.000	0.000	0.000	0.000	0.000	0.000	0.000	0.000	0.021	0.038	0.056	0.037	0.000	0.018	0.059
issue	0.000	0.000	0.000	0.000	0.000	0.000	0.000	0.000	0.000	0.000	0.000	0.000	0.000	0.000	0.000	0.000	0.089	0.088	0.089	0.089	0.087	0.088	0.089	0.090	0.000	0.036	0.000	0.023	0.000	0.000	0.000	0.023
serial	-
smt	-
branch	0.163	0.163	0.163	0.163	0.163	0.163	0.163	0.163	0.171	0.171	0.171	0.171	0.171	0.171	0.171	0.171	0.073	0.102	0.103	0.111	0.056	0.070	0.068	0.113	0.070	0.063	0.196	0.245	0.228	0.115	0.144	0.293
itlb	-
dtlb	-
ifetch	0.446	0.447	0.446	0.447	0.446	0.446	0.446	0.447	0.460	0.460	0.460	0.460	0.460	0.460	0.460	0.460	0.038	0.033	0.032	0.031	0.033	0.033	0.031	0.053	0.408	0.390	0.381	0.677	0.385	0.358	0.349	0.677
mem	-
mem-l1d	0.490	0.490	0.489	0.490	0.490	0.489	0.490	0.490	0.486	0.486	0.486	0.486	0.486	0.486	0.486	0.486	0.102	0.102	0.101	0.101	0.100	0.101	0.100	0.103	0.475	0.401	0.567	0.600	0.537	0.396	0.388	0.615
mem-l2	0.000	0.000	0.000	0.000	0.000	0.000	0.000	0.000	0.000	0.000	0.000	0.000	0.000	0.000	0.000	0.000	0.000	0.000	0.000	0.000	0.000	0.000	0.000	0.000	0.027	0.094	0.096	0.000	0.089	0.046	0.032	0.000
mem-l3	-
mem-l4	-
mem-remote	-
mem-nuca	-
mem-dram-cache	-
mem-dram	-
sync	-
dvfs-transition	-
imbalance	0.000	0.000	0.000	0.000	0.000	0.000	0.000	0.000	0.000	0.000	0.000	0.000	0.000	0.000	0.000	0.000	0.000	0.000	0.000	0.000	0.000	0.000	0.000	0.000	0.334	0.297	0.537	0.308	0.403	0.181	0.192	0.260
other	0.014	0.014	0.014	0.014	0.014	0.014	0.014	0.014	0.014	0.014	0.014	0.014	0.014	0.014	0.014	0.014	-0.076	-0.101	-0.089	-0.090	-0.051	-0.069	-0.044	-0.146	0.028	0.010	0.012	0.025	0.013	0.023	0.014	0.013
total	1.603	1.604	1.603	1.604	1.603	1.602	1.603	1.604	1.586	1.586	1.586	1.586	1.586	1.586	1.586	1.586	0.579	0.579	0.579	0.579	0.579	0.580	0.579	0.580	0.580	0.582	0.580	0.580	0.580	0.580	0.580	0.582
base	0.250	0.250	0.250	0.250	0.250	0.250	0.250	0.250	0.250	0.250	0.250	0.250	0.250	0.250	0.250	0.250	0.250	0.250	0.250	0.250	0.250	0.250	0.250	0.250	0.285	0.282	0.277	0.279	0.276	0.282	0.282	0.280
dispatch_width	-
rs_full	-
depend	-
depend-int	0.191	0.191	0.191	0.191	0.191	0.191	0.191	0.191	0.190	0.190	0.190	0.190	0.190	0.190	0.190	0.190	0.055	0.055	0.055	0.055	0.055	0.055	0.055	0.055	0.062	0.061	0.060	0.061	0.060	0.061	0.061	0.061
depend-fp	-
depend-branch	0.036	0.036	0.036	0.036	0.036	0.036	0.036	0.036	0.034	0.034	0.034	0.034	0.034	0.034	0.034	0.034	0.000	0.000	0.000	0.000	0.000	0.000	0.000	0.000	0.000	0.000	0.000	0.000	0.000	0.000	0.000	0.000
issue	0.000	0.000	0.000	0.000	0.000	0.000	0.000	0.000	0.000	0.000	0.000	0.000	0.000	0.000	0.000	0.000	0.080	0.080	0.080	0.080	0.080	0.080	0.080	0.080	0.090	0.089	0.088	0.089	0.088	0.089	0.089	0.089
serial	-
smt	-
branch	0.170	0.171	0.170	0.171	0.170	0.170	0.170	0.171	0.170	0.170	0.170	0.170	0.170	0.170	0.170	0.170	0.054	0.053	0.052	0.051	0.052	0.052	0.051	0.052	0.052	0.076	0.064	0.084	0.089	0.059	0.079	0.084
itlb	-
dtlb	-
ifetch	0.460	0.460	0.460	0.460	0.460	0.460	0.460	0.460	0.433	0.433	0.433	0.433	0.433	0.433	0.433	0.433	0.034	0.034	0.034	0.035	0.035	0.035	0.035	0.035	0.061	0.097	0.050	0.081	0.040	0.068	0.078	0.081
mem	-
mem-l1d	0.486	0.487	0.486	0.486	0.486	0.486	0.486	0.486	0.498	0.498	0.498	0.498	0.498	0.498	0.498	0.498	0.096	0.096	0.097	0.097	0.096	0.096	0.097	0.096	0.108	0.107	0.106	0.106	0.105	0.107	0.107	0.107
mem-l2	-
mem-l3	-
mem-l4	-
mem-remote	-
mem-nuca	-
mem-dram-cache	-
mem-dram	0.000	0.000	0.000	0.000	0.000	0.000	0.000	0.000	0.000	0.000	0.000	0.000	0.000	0.000	0.000	0.000	0.006	0.006	0.006	0.006	0.006	0.006	0.006	0.006	0.006	0.006	0.006	0.006	0.006	0.006	0.006	0.006
sync	-
dvfs-transition	-
imbalance	-
other	0.009	0.009	0.009	0.009	0.009	0.009	0.009	0.009	0.010	0.010	0.010	0.010	0.010	0.010	0.010	0.010	0.006	0.006	0.006	0.006	0.006	0.006	0.006	0.006	-0.083	-0.137	-0.072	-0.126	-0.085	-0.093	-0.123	-0.126
total	1.587	1.586	1.588	1.586	1.587	1.588	1.587	1.586	1.622	1.622	1.622	1.622	1.622	1.622	1.622	1.622	0.554	0.554	0.560	0.561	0.553	0.553	0.561	0.553	0.553	0.553	0.553	0.553	0.553	0.553	0.553	0.553
base	0.250	0.250	0.250	0.250	0.250	0.250	0.250	0.250	0.250	0.250	0.250	0.250	0.250	0.250	0.250	0.250	0.250	0.250	0.250	0.250	0.250	0.250	0.250	0.250	0.250	0.250	0.250	0.250	0.250	0.250	0.250	0.250
dispatch_width	-
rs_full	-
depend	-
depend-int	0.190	0.190	0.190	0.190	0.190	0.190	0.190	0.190	0.193	0.193	0.193	0.193	0.193	0.193	0.193	0.193	0.051	0.051	0.052	0.052	0.051	0.051	0.052	0.051	0.051	0.051	0.051	0.051	0.051	0.051	0.051	0.051
depend-fp	-
depend-branch	0.034	0.034	0.034	0.034	0.034	0.034	0.034	0.034	0.035	0.035	0.035	0.035	0.035	0.035	0.035	0.035	0.000	0.000	0.000	0.000	0.000	0.000	0.000	0.000	0.000	0.000	0.000	0.000	0.000	0.000	0.000	0.000
issue	0.000	0.000	0.000	0.000	0.000	0.000	0.000	0.000	0.000	0.000	0.000	0.000	0.000	0.000	0.000	0.000	0.079	0.079	0.079	0.079	0.079	0.079	0.079	0.079	0.079	0.079	0.079	0.079	0.079	0.079	0.079	0.079
serial	-
smt	-
branch	0.171	0.170	0.171	0.170	0.170	0.171	0.170	0.170	0.174	0.174	0.174	0.174	0.174	0.174	0.174	0.174	0.042	0.042	0.045	0.046	0.043	0.043	0.046	0.043	0.043	0.042	0.043	0.043	0.043	0.043	0.043	0.042
itlb	-
dtlb	-
ifetch	0.434	0.433	0.434	0.433	0.434	0.434	0.434	0.433	0.441	0.441	0.441	0.441	0.441	0.441	0.441	0.441	0.030	0.030	0.031	0.030	0.029	0.029	0.030	0.029	0.029	0.029	0.029	0.029	0.029	0.029	0.029	0.029
mem	-
mem-l1d	0.499	0.498	0.499	0.498	0.499	0.499	0.499	0.498	0.520	0.520	0.520	0.520	0.520	0.520	0.520	0.520	0.093	0.093	0.094	0.094	0.093	0.093	0.094	0.093	0.093	0.093	0.093	0.093	0.093	0.093	0.093	0.093
mem-l2	-
mem-l3	-
mem-l4	-
mem-remote	-
mem-nuca	-
mem-dram-cache	-
mem-dram	-
sync	-
dvfs-transition	-
imbalance	-
other	0.010	0.010	0.010	0.010	0.010	0.010	0.010	0.010	0.010	0.010	0.010	0.010	0.010	0.010	0.010	0.010	0.009	0.009	0.009	0.009	0.008	0.008	0.009	0.008	0.008	0.009	0.008	0.008	0.008	0.008	0.008	0.009
total	1.624	1.625	1.624	1.625	1.624	1.624	1.624	1.625	1.619	1.619	1.619	1.619	1.619	1.619	1.619	1.619	0.386	0.468	0.434	1.737	0.641	0.478	1.894	0.615	0.541	0.542	0.541	0.541	0.541	0.541	0.541	0.542
base	0.250	0.250	0.250	0.250	0.250	0.250	0.250	0.250	0.250	0.250	0.250	0.250	0.250	0.250	0.250	0.250	0.244	0.240	0.243	0.116	0.232	0.239	0.133	0.233	0.250	0.250	0.250	0.250	0.250	0.250	0.250	0.250
dispatch_width	-
rs_full	-
depend	-
depend-int	0.193	0.193	0.193	0.193	0.193	0.193	0.193	0.193	0.191	0.191	0.191	0.191	0.191	0.191	0.191	0.191	0.027	0.063	0.018	0.237	0.063	0.064	0.251	0.075	0.050	0.050	0.050	0.050	0.050	0.050	0.050	0.050
depend-fp	-
depend-branch	0.035	0.035	0.035	0.035	0.035	0.035	0.035	0.035	0.035	0.035	0.035	0.035	0.035	0.035	0.035	0.035	0.000	0.000	0.000	0.000	0.000	0.000	0.043	0.006	0.000	0.000	0.000	0.000	0.000	0.000	0.000	0.000
issue	0.000	0.000	0.000	0.000	0.000	0.000	0.000	0.000	0.000	0.000	0.000	0.000	0.000	0.000	0.000	0.000	0.049	0.107	0.062	0.000	0.097	0.134	0.000	0.102	0.080	0.080	0.080	0.080	0.080	0.080	0.080	0.080
serial	-
smt	-
branch	0.173	0.174	0.173	0.174	0.173	0.174	0.174	0.174	0.173	0.173	0.173	0.173	0.173	0.173	0.173	0.173	0.000	0.000	0.000	0.000	0.088	0.000	0.198	0.082	0.037	0.038	0.037	0.037	0.037	0.037	0.037	0.038
itlb	-
dtlb	-
ifetch	0.440	0.441	0.440	0.441	0.440	0.440	0.440	0.441	0.441	0.441	0.441	0.441	0.441	0.441	0.441	0.441	0.000	0.000	0.000	0.374	0.040	0.000	0.391	0.000	0.027	0.027	0.027	0.027	0.027	0.027	0.027	0.027
mem	-
mem-l1d	0.519	0.520	0.519	0.520	0.519	0.519	0.519	0.520	0.516	0.516	0.516	0.516	0.516	0.516	0.516	0.516	0.041	0.032	0.091	0.575	0.072	0.014	0.532	0.075	0.088	0.088	0.088	0.088	0.088	0.088	0.088	0.088
mem-l2	0.000	0.000	0.000	0.000	0.000	0.000	0.000	0.000	0.000	0.000	0.000	0.000	0.000	0.000	0.000	0.000	0.000	0.000	0.000	0.000	0.000	0.000	0.019	0.000	0.000	0.000	0.000	0.000	0.000	0.000	0.000	0.000
mem-l3	-
mem-l4	-
mem-remote	-
mem-nuca	-
mem-dram-cache	-
mem-dram	-
sync	-
dvfs-transition	-
imbalance	0.000	0.000	0.000	0.000	0.000	0.000	0.000	0.000	0.000	0.000	0.000	0.000	0.000	0.000	0.000	0.000	0.020	0.025	0.019	0.374	0.040	0.025	0.321	0.035	0.000	0.000	0.000	0.000	0.000	0.000	0.000	0.000
other	0.013	0.013	0.013	0.013	0.013	0.013	0.013	0.013	0.013	0.013	0.013	0.013	0.013	0.013	0.013	0.013	0.005	0.002	0.001	0.060	0.010	0.001	0.005	0.007	0.009	0.009	0.009	0.009	0.009	0.009	0.009	0.009
total	1.617	1.617	1.617	1.617	1.618	1.617	1.618	1.617	1.602	1.602	1.602	1.602	1.602	1.602	1.602	1.602	0.541	0.541	0.535	0.535	0.542	0.542	0.534	0.542	0.472	0.462	0.400	0.521	0.400	0.444	0.391	0.462
base	0.250	0.250	0.250	0.250	0.250	0.250	0.250	0.250	0.250	0.250	0.250	0.250	0.250	0.250	0.250	0.250	0.263	0.264	0.261	0.279	0.263	0.276	0.275	0.263	0.240	0.239	0.245	0.241	0.245	0.243	0.242	0.239
dispatch_width	-
rs_full	-
depend	-
depend-int	0.191	0.191	0.191	0.191	0.191	0.191	0.191	0.191	0.190	0.190	0.190	0.190	0.190	0.190	0.190	0.190	0.053	0.053	0.052	0.055	0.053	0.055	0.054	0.053	0.057	0.054	0.022	0.029	0.023	0.036	0.022	0.054
depend-fp	-
depend-branch	0.035	0.035	0.035	0.035	0.035	0.035	0.035	0.035	0.036	0.036	0.036	0.036	0.036	0.036	0.036	0.036	0.000	0.000	0.000	0.000	0.000	0.000	0.000	0.000	0.000	0.000	0.000	0.000	0.000	0.000	0.000	0.000
issue	0.000	0.000	0.000	0.000	0.000	0.000	0.000	0.000	0.000	0.000	0.000	0.000	0.000	0.000	0.000	0.000	0.085	0.085	0.084	0.090	0.085	0.089	0.089	0.085	0.057	0.051	0.056	0.066	0.056	0.058	0.049	0.051
serial	-
smt	-
branch	0.173	0.173	0.173	0.173	0.173	0.173	0.173	0.173	0.174	0.174	0.174	0.174	0.174	0.174	0.174	0.174	0.037	0.037	0.034	0.032	0.037	0.110	0.049	0.037	0.000	0.023	0.000	0.011	0.000	0.000	0.000	0.023
itlb	-
dtlb	-
ifetch	0.441	0.441	0.441	0.441	0.441	0.440	0.441	0.441	0.443	0.443	0.443	0.443	0.443	0.443	0.443	0.443	0.032	0.027	0.026	0.055	0.027	0.027	0.026	0.027	0.025	0.008	0.018	0.061	0.018	0.036	0.014	0.008
mem	-
mem-l1d	0.516	0.516	0.516	0.516	0.516	0.516	0.516	0.516	0.498	0.498	0.498	0.498	0.498	0.498	0.498	0.498	0.093	0.093	0.091	0.097	0.093	0.097	0.096	0.093	0.055	0.046	0.041	0.086	0.040	0.049	0.031	0.046
mem-l2	-
mem-l3	-
mem-l4	-
mem-remote	-
mem-nuca	-
mem-dram-cache	-
mem-dram	-
sync	-
dvfs-transition	-
imbalance	0.000	0.000	0.000	0.000	0.000	0.000	0.000	0.000	0.000	0.000	0.000	0.000	0.000	0.000	0.000	0.000	0.000	0.000	0.000	0.000	0.000	0.000	0.000	0.000	0.034	0.039	0.017	0.022	0.018	0.020	0.031	0.038
other	0.012	0.012	0.012	0.012	0.012	0.012	0.012	0.012	0.012	0.012	0.012	0.012	0.012	0.012	0.012	0.012	-0.022	-0.018	-0.013	-0.074	-0.016	-0.112	-0.054	-0.017	0.002	0.002	0.001	0.006	0.001	0.001	0.001	0.002
total	1.662	1.663	1.663	1.663	1.662	1.663	1.662	1.663	1.674	1.674	1.674	1.674	1.674	1.674	1.674	1.674	2.125	0.611	0.955	0.435	0.400	0.440	1.441	0.482	0.586	0.586	0.586	0.586	0.586	0.586	0.586	0.587
base	0.250	0.250	0.250	0.250	0.250	0.250	0.250	0.250	0.250	0.250	0.250	0.250	0.250	0.250	0.250	0.250	0.129	0.232	0.204	0.243	0.243	0.244	0.184	0.243	0.263	0.279	0.262	0.265	0.262	0.262	0.262	0.278
dispatch_width	-
rs_full	-
depend	-
depend-int	0.190	0.190	0.190	0.190	0.190	0.190	0.190	0.190	0.192	0.192	0.192	0.192	0.192	0.192	0.192	0.192	0.158	0.073	0.112	0.026	0.022	0.025	0.128	0.030	0.055	0.057	0.054	0.055	0.054	0.054	0.054	0.057
depend-fp	-
depend-branch	0.036	0.036	0.036	0.036	0.036	0.036	0.036	0.036	0.035	0.035	0.035	0.035	0.035	0.035	0.035	0.035	0.054	0.000	0.021	0.000	0.000	0.000	0.026	0.000	0.000	0.000	0.000	0.000	0.000	0.000	0.000	0.000
issue	0.000	0.000	0.000	0.000	0.000	0.000	0.000	0.000	0.000	0.000	0.000	0.000	0.000	0.000	0.000	0.000	0.023	0.134	0.052	0.068	0.049	0.057	0.000	0.057	0.083	0.087	0.083	0.083	0.083	0.083	0.083	0.087
serial	-
smt	-
branch	0.174	0.174	0.174	0.174	0.174	0.174	0.174	0.174	0.171	0.171	0.171	0.171	0.171	0.171	0.171	0.171	0.515	0.026	0.149	0.000	0.000	0.000	0.479	0.035	0.047	0.047	0.047	0.047	0.047	0.047	0.047	0.047
itlb	-
dtlb	-
ifetch	0.443	0.443	0.443	0.443	0.443	0.443	0.443	0.443	0.450	0.451	0.451	0.451	0.451	0.450	0.451	0.450	0.442	0.042	0.099	0.030	0.014	0.030	0.000	0.021	0.030	0.045	0.030	0.030	0.030	0.030	0.030	0.045
mem	-
mem-l1d	0.497	0.498	0.497	0.498	0.497	0.498	0.498	0.498	0.504	0.504	0.504	0.504	0.504	0.504	0.504	0.504	0.466	0.041	0.230	0.032	0.031	0.047	0.219	0.055	0.101	0.106	0.100	0.102	0.100	0.100	0.100	0.106
mem-l2	-
mem-l3	-
mem-l4	-
mem-remote	-
mem-nuca	-
mem-dram-cache	-
mem-dram	-
sync	-
dvfs-transition	-
imbalance	0.062	0.062	0.062	0.062	0.062	0.062	0.062	0.062	0.063	0.063	0.063	0.063	0.063	0.063	0.063	0.063	0.333	0.059	0.085	0.033	0.041	0.034	0.385	0.038	0.000	0.000	0.000	0.000	0.000	0.000	0.000	0.000
other	0.010	0.010	0.010	0.010	0.010	0.010	0.010	0.010	0.009	0.009	0.009	0.009	0.009	0.009	0.009	0.009	0.004	0.003	0.004	0.002	0.001	0.002	0.020	0.002	0.008	-0.036	0.010	0.004	0.010	0.010	0.010	-0.034
total	1.613	1.611	1.612	1.611	1.613	1.612	1.613	1.611	1.600	1.600	1.600	1.600	1.600	1.600	1.600	1.600	0.579	0.568	0.605	0.587	0.564	0.564	0.586	0.564	0.545	0.545	0.545	0.545	0.545	0.545	0.545	0.544
base	0.250	0.250	0.250	0.250	0.250	0.250	0.250	0.250	0.250	0.250	0.250	0.250	0.250	0.250	0.250	0.250	0.273	0.271	0.278	0.285	0.262	0.263	0.279	0.262	0.250	0.250	0.250	0.250	0.250	0.250	0.250	0.250
dispatch_width	-
rs_full	-
depend	-
depend-int	0.192	0.192	0.192	0.192	0.192	0.192	0.192	0.192	0.191	0.191	0.191	0.191	0.191	0.191	0.191	0.191	0.057	0.056	0.059	0.061	0.054	0.055	0.059	0.054	0.053	0.053	0.053	0.053	0.053	0.053	0.053	0.053
depend-fp	-
depend-branch	0.035	0.035	0.035	0.035	0.035	0.035	0.035	0.035	0.035	0.035	0.035	0.035	0.035	0.035	0.035	0.035	0.000	0.000	0.000	0.000	0.000	0.000	0.000	0.000	0.000	0.000	0.000	0.000	0.000	0.000	0.000	0.000
issue	0.000	0.000	0.000	0.000	0.000	0.000	0.000	0.000	0.000	0.000	0.000	0.000	0.000	0.000	0.000	0.000	0.086	0.085	0.086	0.088	0.082	0.083	0.086	0.083	0.082	0.082	0.082	0.082	0.082	0.082	0.082	0.082
serial	-
smt	-
branch	0.171	0.171	0.171	0.171	0.171	0.171	0.171	0.171	0.169	0.169	0.169	0.169	0.169	0.169	0.169	0.169	0.050	0.049	0.055	0.056	0.047	0.047	0.126	0.047	0.037	0.037	0.037	0.037	0.037	0.037	0.037	0.037
itlb	-
dtlb	-
ifetch	0.451	0.450	0.451	0.450	0.451	0.451	0.451	0.450	0.439	0.439	0.439	0.439	0.439	0.439	0.439	0.439	0.036	0.066	0.033	0.059	0.030	0.030	0.033	0.030	0.031	0.031	0.031	0.031	0.031	0.031	0.031	0.030
mem	-
mem-l1d	0.504	0.504	0.504	0.504	0.504	0.504	0.504	0.504	0.506	0.506	0.506	0.506	0.506	0.506	0.506	0.506	0.105	0.105	0.110	0.112	0.100	0.101	0.110	0.101	0.087	0.086	0.087	0.087	0.087	0.087	0.087	0.086
mem-l2	-
mem-l3	-
mem-l4	-
mem-remote	-
mem-nuca	-
mem-dram-cache	-
mem-dram	-
sync	-
dvfs-transition	-
imbalance	-
other	0.009	0.009	0.009	0.009	0.009	0.009	0.009	0.009	0.009	0.009	0.009	0.009	0.009	0.009	0.009	0.009	-0.029	-0.064	-0.016	-0.074	-0.012	-0.014	-0.107	-0.013	0.007	0.007	0.007	0.007	0.007	0.007	0.007	0.007
total	1.600	1.600	1.600	1.600	1.600	1.600	1.600	1.600	1.602	1.601	1.601	1.601	1.601	1.601	1.601	1.601	0.542	0.543	0.542	0.542	0.545	0.545	0.542	0.545	0.542	0.542	0.542	0.542	0.542	0.542	0.542	0.542
base	0.250	0.250	0.250	0.250	0.250	0.250	0.250	0.250	0.250	0.250	0.250	0.250	0.250	0.250	0.250	0.250	0.250	0.250	0.250	0.250	0.250	0.250	0.250	0.250	0.250	0.250	0.250	0.250	0.250	0.250	0.250	0.250
dispatch_width	-
rs_full	-
depend	-
depend-int	0.191	0.191	0.191	0.191	0.191	0.191	0.191	0.191	0.190	0.190	0.190	0.190	0.190	0.190	0.190	0.190	0.052	0.052	0.052	0.052	0.053	0.053	0.052	0.053	0.053	0.053	0.053	0.053	0.053	0.053	0.053	0.053
depend-fp	-
depend-branch	0.035	0.035	0.035	0.035	0.035	0.035	0.035	0.035	0.035	0.035	0.035	0.035	0.035	0.035	0.035	0.035	0.000	0.000	0.000	0.000	0.000	0.000	0.000	0.000	0.000	0.000	0.000	0.000	0.000	0.000	0.000	0.000
issue	0.000	0.000	0.000	0.000	0.000	0.000	0.000	0.000	0.000	0.000	0.000	0.000	0.000	0.000	0.000	0.000	0.081	0.082	0.081	0.082	0.082	0.082	0.082	0.082	0.083	0.083	0.083	0.083	0.083	0.083	0.083	0.083
serial	-
smt	-
branch	0.169	0.169	0.169	0.169	0.169	0.169	0.169	0.169	0.173	0.173	0.173	0.173	0.173	0.173	0.173	0.173	0.036	0.036	0.036	0.036	0.037	0.037	0.036	0.037	0.036	0.036	0.036	0.036	0.036	0.036	0.036	0.036
itlb	-
dtlb	-
ifetch	0.439	0.439	0.439	0.439	0.439	0.439	0.439	0.439	0.433	0.433	0.433	0.433	0.433	0.433	0.433	0.433	0.030	0.030	0.030	0.030	0.031	0.031	0.030	0.031	0.028	0.028	0.028	0.028	0.028	0.028	0.028	0.028
mem	-
mem-l1d	0.506	0.506	0.506	0.506	0.506	0.506	0.506	0.506	0.510	0.510	0.510	0.510	0.510	0.510	0.510	0.510	0.086	0.086	0.086	0.086	0.087	0.087	0.085	0.086	0.086	0.086	0.086	0.086	0.086	0.086	0.086	0.086
mem-l2	-
mem-l3	-
mem-l4	-
mem-remote	-
mem-nuca	-
mem-dram-cache	-
mem-dram	-
sync	-
dvfs-transition	-
imbalance	-
other	0.009	0.009	0.009	0.009	0.009	0.009	0.009	0.009	0.010	0.010	0.010	0.010	0.010	0.010	0.010	0.010	0.007	0.007	0.007	0.006	0.007	0.007	0.006	0.007	0.007	0.007	0.007	0.007	0.007	0.007	0.007	0.007
total	1.627	1.627	1.627	1.627	1.627	1.627	1.627	1.627	1.636	1.637	1.636	1.637	1.636	1.636	1.636	1.636	0.545	0.550	0.534	0.537	0.551	0.551	0.537	0.551	0.542	0.411	0.389	0.709	0.389	0.516	0.470	0.797
base	0.250	0.250	0.250	0.250	0.250	0.250	0.250	0.250	0.250	0.250	0.250	0.250	0.250	0.250	0.250	0.250	0.250	0.250	0.250	0.250	0.250	0.250	0.250	0.250	0.239	0.245	0.245	0.237	0.245	0.233	0.238	0.230
dispatch_width	-
rs_full	-
depend	-
depend-int	0.190	0.190	0.190	0.190	0.190	0.190	0.190	0.190	0.190	0.190	0.190	0.190	0.190	0.190	0.190	0.190	0.052	0.052	0.050	0.051	0.053	0.053	0.051	0.053	0.057	0.019	0.026	0.075	0.026	0.045	0.040	0.127
depend-fp	-
depend-branch	0.035	0.035	0.035	0.035	0.035	0.035	0.035	0.035	0.036	0.036	0.036	0.036	0.036	0.036	0.036	0.036	0.000	0.000	0.000	0.000	0.000	0.000	0.000	0.000	0.011	0.000	0.000	0.016	0.000	0.000	0.000	0.000
issue	0.000	0.000	0.000	0.000	0.000	0.000	0.000	0.000	0.000	0.000	0.000	0.000	0.000	0.000	0.000	0.000	0.083	0.083	0.083	0.082	0.083	0.083	0.082	0.083	0.090	0.053	0.070	0.061	0.070	0.084	0.080	0.060
serial	-
smt	-
branch	0.173	0.173	0.173	0.173	0.173	0.173	0.173	0.173	0.174	0.174	0.174	0.174	0.174	0.174	0.174	0.174	0.032	0.035	0.027	0.028	0.036	0.036	0.028	0.036	0.051	0.031	0.000	0.094	0.000	0.000	0.000	0.038
itlb	-
dtlb	-
ifetch	0.433	0.433	0.433	0.433	0.433	0.433	0.433	0.433	0.439	0.439	0.439	0.439	0.439	0.439	0.439	0.439	0.028	0.028	0.026	0.027	0.028	0.028	0.027	0.028	0.019	0.011	0.000	0.075	0.000	0.018	0.017	0.144
mem	-
mem-l1d	0.511	0.511	0.511	0.511	0.511	0.510	0.511	0.511	0.512	0.512	0.512	0.512	0.512	0.512	0.512	0.512	0.085	0.086	0.083	0.083	0.086	0.086	0.084	0.086	0.040	0.035	0.021	0.109	0.021	0.055	0.044	0.147
mem-l2	-
mem-l3	-
mem-l4	-
mem-remote	-
mem-nuca	-
mem-dram-cache	-
mem-dram	-
sync	-
dvfs-transition	-
imbalance	0.026	0.026	0.026	0.026	0.026	0.026	0.026	0.026	0.026	0.026	0.026	0.026	0.026	0.026	0.026	0.026	0.009	0.009	0.008	0.008	0.009	0.009	0.008	0.009	0.034	0.017	0.021	0.037	0.021	0.075	0.047	0.048
other	0.010	0.010	0.010	0.010	0.010	0.010	0.010	0.010	0.010	0.010	0.010	0.010	0.010	0.010	0.010	0.010	0.007	0.007	0.007	0.007	0.007	0.007	0.007	0.007	0.001	0.001	0.006	0.005	0.006	0.005	0.005	0.003
total	1.679	1.679	1.679	1.679	1.679	1.679	1.679	1.679	1.661	1.661	1.661	1.661	1.661	1.661	1.661	1.661	1.867	0.612	1.618	0.382	0.400	0.869	1.422	0.759	0.551	0.561	0.550	0.550	0.550	0.550	0.550	0.551
base	0.250	0.250	0.250	0.250	0.250	0.250	0.250	0.250	0.250	0.250	0.250	0.250	0.250	0.250	0.250	0.250	0.156	0.236	0.167	0.245	0.246	0.226	0.187	0.223	0.274	0.279	0.260	0.260	0.260	0.262	0.260	0.270
dispatch_width	-
rs_full	-
depend	-
depend-int	0.190	0.190	0.190	0.190	0.190	0.190	0.190	0.190	0.188	0.188	0.188	0.188	0.188	0.188	0.188	0.188	0.164	0.073	0.149	0.024	0.026	0.073	0.139	0.062	0.054	0.055	0.051	0.051	0.051	0.052	0.051	0.053
depend-fp	-
depend-branch	0.036	0.036	0.036	0.036	0.036	0.036	0.036	0.036	0.036	0.036	0.036	0.036	0.036	0.036	0.036	0.036	0.039	0.000	0.037	0.000	0.000	0.010	0.027	0.000	0.000	0.000	0.000	0.000	0.000	0.000	0.000	0.000
issue	0.000	0.000	0.000	0.000	0.000	0.000	0.000	0.000	0.000	0.000	0.000	0.000	0.000	0.000	0.000	0.000	0.000	0.102	0.000	0.050	0.071	0.070	0.042	0.034	0.090	0.091	0.085	0.085	0.085	0.086	0.085	0.089
serial	-
smt	-
branch	0.175	0.174	0.175	0.174	0.175	0.175	0.174	0.174	0.175	0.175	0.175	0.175	0.175	0.175	0.175	0.175	0.909	0.040	0.683	0.000	0.000	0.108	0.203	0.055	0.037	0.069	0.030	0.030	0.030	0.030	0.030	0.041
itlb	-
dtlb	-
ifetch	0.439	0.440	0.439	0.439	0.439	0.439	0.439	0.439	0.434	0.434	0.434	0.434	0.434	0.434	0.434	0.434	0.000	0.032	0.000	0.000	0.000	0.120	0.282	0.020	0.048	0.073	0.024	0.024	0.024	0.024	0.024	0.029
mem	-
mem-l1d	0.512	0.512	0.512	0.512	0.512	0.512	0.512	0.512	0.501	0.501	0.501	0.501	0.501	0.501	0.501	0.501	0.253	0.068	0.249	0.030	0.021	0.182	0.320	0.239	0.093	0.096	0.089	0.088	0.088	0.089	0.088	0.092
mem-l2	0.000	0.000	0.000	0.000	0.000	0.000	0.000	0.000	0.000	0.000	0.000	0.000	0.000	0.000	0.000	0.000	0.000	0.000	0.000	0.000	0.000	0.000	0.071	0.000	0.000	0.000	0.000	0.000	0.000	0.000	0.000	0.000
mem-l3	-
mem-l4	-
mem-remote	-
mem-nuca	-
mem-dram-cache	-
mem-dram	-
sync	-
dvfs-transition	-
imbalance	0.068	0.068	0.068	0.068	0.068	0.068	0.068	0.068	0.067	0.067	0.067	0.067	0.067	0.067	0.067	0.067	0.342	0.055	0.329	0.032	0.030	0.075	0.147	0.119	0.000	0.000	0.000	0.000	0.000	0.000	0.000	0.000
other	0.010	0.010	0.010	0.010	0.010	0.010	0.010	0.010	0.010	0.010	0.010	0.010	0.010	0.010	0.010	0.010	0.005	0.008	0.003	0.001	0.006	0.004	0.003	0.007	-0.045	-0.102	0.011	0.011	0.011	0.008	0.012	-0.024
total	1.594	1.594	1.593	1.594	1.594	1.593	1.594	1.594	1.608	1.608	1.608	1.608	1.608	1.608	1.608	1.608	0.536	0.531	0.567	0.544	0.528	0.530	0.546	0.528	0.579	0.578	0.579	0.579	0.579	0.579	0.579	0.579
base	0.250	0.250	0.250	0.250	0.250	0.250	0.250	0.250	0.250	0.250	0.250	0.250	0.250	0.250	0.250	0.250	0.273	0.264	0.277	0.261	0.260	0.266	0.280	0.266	0.250	0.250	0.250	0.250	0.250	0.250	0.250	0.250
dispatch_width	-
rs_full	-
depend	-
depend-int	0.188	0.188	0.188	0.188	0.188	0.188	0.188	0.188	0.191	0.191	0.191	0.191	0.191	0.191	0.191	0.191	0.055	0.052	0.057	0.054	0.051	0.053	0.057	0.053	0.054	0.055	0.054	0.054	0.054	0.054	0.054	0.054
depend-fp	-
depend-branch	0.036	0.036	0.036	0.036	0.036	0.036	0.036	0.036	0.035	0.035	0.035	0.035	0.035	0.035	0.035	0.035	0.000	0.000	0.000	0.000	0.000	0.000	0.000	0.000	0.000	0.000	0.000	0.000	0.000	0.000	0.000	0.000
issue	0.000	0.000	0.000	0.000	0.000	0.000	0.000	0.000	0.000	0.000	0.000	0.000	0.000	0.000	0.000	0.000	0.090	0.087	0.091	0.086	0.085	0.088	0.091	0.088	0.078	0.079	0.078	0.078	0.078	0.078	0.078	0.078
serial	-
smt	-
branch	0.175	0.175	0.175	0.175	0.175	0.175	0.175	0.175	0.172	0.172	0.172	0.172	0.172	0.172	0.172	0.172	0.091	0.031	0.107	0.037	0.030	0.030	0.051	0.030	0.056	0.056	0.056	0.056	0.056	0.056	0.056	0.056
itlb	-
dtlb	-
ifetch	0.434	0.434	0.434	0.434	0.434	0.434	0.434	0.434	0.444	0.444	0.444	0.444	0.444	0.444	0.444	0.444	0.026	0.025	0.026	0.027	0.024	0.029	0.056	0.024	0.033	0.033	0.033	0.033	0.033	0.033	0.033	0.033
mem	-
mem-l1d	0.501	0.501	0.501	0.501	0.501	0.501	0.501	0.501	0.507	0.507	0.507	0.507	0.507	0.507	0.507	0.507	0.095	0.091	0.097	0.092	0.088	0.091	0.098	0.091	0.100	0.098	0.100	0.100	0.100	0.100	0.100	0.099
mem-l2	-
mem-l3	-
mem-l4	-
mem-remote	-
mem-nuca	-
mem-dram-cache	-
mem-dram	-
sync	-
dvfs-transition	-
imbalance	-
other	0.010	0.010	0.010	0.010	0.010	0.010	0.010	0.010	0.009	0.009	0.009	0.009	0.009	0.009	0.009	0.009	-0.093	-0.019	-0.087	-0.013	-0.010	-0.027	-0.089	-0.023	0.008	0.007	0.008	0.008	0.008	0.008	0.008	0.008
total	1.607	1.608	1.608	1.608	1.607	1.607	1.607	1.608	1.597	1.597	1.597	1.597	1.597	1.597	1.597	1.597	0.578	0.578	0.570	0.579	0.579	0.579	0.579	0.579	0.567	0.563	0.568	0.568	0.568	0.568	0.568	0.567
base	0.250	0.250	0.250	0.250	0.250	0.250	0.250	0.250	0.250	0.250	0.250	0.250	0.250	0.250	0.250	0.250	0.250	0.250	0.250	0.250	0.250	0.250	0.250	0.250	0.250	0.250	0.250	0.250	0.250	0.250	0.250	0.250
dispatch_width	-
rs_full	-
depend	-
depend-int	0.191	0.191	0.191	0.191	0.191	0.191	0.191	0.191	0.189	0.189	0.189	0.189	0.189	0.189	0.189	0.189	0.055	0.055	0.053	0.055	0.054	0.054	0.055	0.054	0.053	0.052	0.053	0.053	0.053	0.053	0.053	0.052
depend-fp	-
depend-branch	0.035	0.035	0.035	0.035	0.035	0.035	0.035	0.035	0.035	0.035	0.035	0.035	0.035	0.035	0.035	0.035	0.000	0.000	0.000	0.000	0.000	0.000	0.000	0.000	0.000	0.000	0.000	0.000	0.000	0.000	0.000	0.000
issue	0.000	0.000	0.000	0.000	0.000	0.000	0.000	0.000	0.000	0.000	0.000	0.000	0.000	0.000	0.000	0.000	0.078	0.079	0.079	0.079	0.078	0.078	0.079	0.078	0.079	0.078	0.079	0.079	0.079	0.079	0.079	0.079
serial	-
smt	-
branch	0.172	0.172	0.172	0.172	0.172	0.172	0.172	0.172	0.171	0.171	0.171	0.171	0.171	0.171	0.171	0.171	0.056	0.056	0.052	0.056	0.056	0.056	0.056	0.056	0.051	0.049	0.051	0.051	0.051	0.051	0.051	0.050
itlb	-
dtlb	-
ifetch	0.444	0.444	0.444	0.444	0.444	0.444	0.444	0.444	0.442	0.442	0.442	0.442	0.442	0.442	0.442	0.442	0.033	0.033	0.031	0.033	0.033	0.033	0.033	0.033	0.030	0.030	0.031	0.031	0.031	0.031	0.031	0.030
mem	-
mem-l1d	0.506	0.507	0.506	0.507	0.506	0.506	0.506	0.507	0.499	0.499	0.499	0.499	0.499	0.499	0.499	0.499	0.099	0.098	0.096	0.099	0.100	0.099	0.099	0.100	0.097	0.097	0.097	0.097	0.097	0.097	0.097	0.097
mem-l2	-
mem-l3	-
mem-l4	-
mem-remote	-
mem-nuca	-
mem-dram-cache	-
mem-dram	-
sync	-
dvfs-transition	-
imbalance	-
other	0.009	0.009	0.009	0.009	0.009	0.009	0.009	0.009	0.010	0.010	0.010	0.010	0.010	0.010	0.010	0.010	0.007	0.007	0.008	0.008	0.008	0.008	0.008	0.008	0.008	0.008	0.008	0.008	0.008	0.008	0.008	0.007
total	1.680	1.680	1.680	1.680	1.680	1.680	1.680	1.680	1.681	1.681	1.681	1.681	1.681	1.681	1.681	1.681	0.589	0.594	0.582	0.579	0.597	0.596	0.579	0.597	1.022	0.405	0.812	0.974	0.908	1.789	1.406	1.543
base	0.250	0.250	0.250	0.250	0.250	0.250	0.250	0.250	0.250	0.250	0.250	0.250	0.250	0.250	0.250	0.250	0.250	0.250	0.250	0.250	0.250	0.250	0.250	0.250	0.209	0.245	0.217	0.218	0.208	0.142	0.157	0.148
dispatch_width	-
rs_full	-
depend	-
depend-int	0.189	0.189	0.189	0.189	0.189	0.189	0.189	0.189	0.189	0.189	0.189	0.189	0.189	0.189	0.189	0.189	0.051	0.052	0.050	0.050	0.053	0.052	0.050	0.053	0.132	0.025	0.090	0.136	0.106	0.244	0.195	0.199
depend-fp	-
depend-branch	0.035	0.035	0.035	0.035	0.035	0.035	0.035	0.035	0.035	0.035	0.035	0.035	0.035	0.035	0.035	0.035	0.000	0.000	0.000	0.000	0.000	0.000	0.000	0.000	0.014	0.000	0.021	0.024	0.024	0.030	0.031	0.041
issue	0.000	0.000	0.000	0.000	0.000	0.000	0.000	0.000	0.000	0.000	0.000	0.000	0.000	0.000	0.000	0.000	0.079	0.078	0.079	0.079	0.079	0.079	0.079	0.079	0.037	0.055	0.027	0.029	0.020	0.000	0.000	0.000
serial	-
smt	-
branch	0.171	0.171	0.171	0.171	0.171	0.171	0.171	0.171	0.173	0.173	0.173	0.173	0.173	0.173	0.173	0.173	0.047	0.049	0.041	0.042	0.051	0.050	0.042	0.051	0.130	0.000	0.142	0.287	0.159	0.228	0.197	0.365
itlb	-
dtlb	-
ifetch	0.442	0.442	0.442	0.442	0.442	0.443	0.443	0.442	0.439	0.439	0.439	0.439	0.439	0.439	0.439	0.439	0.029	0.030	0.030	0.028	0.031	0.030	0.028	0.030	0.157	0.007	0.035	0.000	0.039	0.337	0.156	0.066
mem	-
mem-l1d	0.499	0.499	0.499	0.499	0.499	0.499	0.499	0.499	0.502	0.501	0.502	0.501	0.501	0.502	0.501	0.502	0.096	0.097	0.095	0.094	0.097	0.097	0.094	0.097	0.179	0.035	0.154	0.177	0.186	0.486	0.367	0.352
mem-l2	-
mem-l3	-
mem-l4	-
mem-remote	-
mem-nuca	-
mem-dram-cache	-
mem-dram	-
sync	-
dvfs-transition	-
imbalance	0.083	0.083	0.083	0.083	0.083	0.083	0.083	0.083	0.083	0.083	0.083	0.083	0.083	0.083	0.083	0.083	0.029	0.029	0.029	0.029	0.030	0.029	0.029	0.030	0.157	0.036	0.125	0.094	0.166	0.318	0.293	0.368
other	0.010	0.010	0.010	0.010	0.010	0.010	0.010	0.010	0.010	0.010	0.010	0.010	0.010	0.010	0.010	0.010	0.008	0.008	0.008	0.007	0.008	0.007	0.007	0.008	0.006	0.002	0.002	0.011	0.002	0.004	0.010	0.004
total	1.680	1.681	1.680	1.681	1.680	1.680	1.680	1.681	1.696	1.696	1.696	1.696	1.696	1.696	1.696	1.696	1.431	0.716	1.634	0.403	1.322	2.174	0.836	1.774	2.928	2.757	2.945	2.950	2.945	2.943	2.944	2.919
base	0.250	0.250	0.250	0.250	0.250	0.250	0.250	0.250	0.250	0.250	0.250	0.250	0.250	0.250	0.250	0.250	0.194	0.219	0.172	0.244	0.184	0.108	0.229	0.144	0.389	0.308	0.311	0.373	0.311	0.426	0.409	0.451
dispatch_width	-
rs_full	-
depend	-
depend-int	0.189	0.189	0.189	0.189	0.189	0.189	0.189	0.189	0.191	0.191	0.191	0.191	0.191	0.191	0.191	0.191	0.128	0.071	0.156	0.023	0.127	0.192	0.075	0.234	0.063	0.058	0.056	0.061	0.056	0.065	0.064	0.067
depend-fp	-
depend-branch	0.035	0.035	0.035	0.035	0.035	0.035	0.035	0.035	0.036	0.036	0.036	0.036	0.036	0.036	0.036	0.036	0.033	0.000	0.037	0.000	0.022	0.048	0.000	0.031	0.000	0.000	0.000	0.000	0.000	0.000	0.000	0.000
issue	0.000	0.000	0.000	0.000	0.000	0.000	0.000	0.000	0.000	0.000	0.000	0.000	0.000	0.000	0.000	0.000	0.000	0.043	0.000	0.068	0.030	0.000	0.135	0.000	0.105	0.094	0.094	0.104	0.094	0.110	0.108	0.111
serial	-
smt	-
branch	0.172	0.173	0.172	0.173	0.172	0.172	0.172	0.173	0.175	0.175	0.175	0.175	0.175	0.175	0.175	0.175	0.546	0.063	0.876	0.000	0.168	0.424	0.107	0.263	0.191	0.032	0.000	0.000	0.000	0.062	0.000	0.480
itlb	-
dtlb	-
ifetch	0.439	0.439	0.439	0.439	0.439	0.439	0.439	0.439	0.444	0.444	0.444	0.444	0.444	0.444	0.444	0.444	0.000	0.025	0.000	0.007	0.192	0.353	0.122	0.304	0.032	0.033	0.031	0.082	0.031	0.031	0.132	0.032
mem	-
mem-l1d	0.501	0.502	0.501	0.502	0.501	0.501	0.501	0.502	0.506	0.506	0.506	0.506	0.506	0.506	0.506	0.506	0.223	0.164	0.259	0.019	0.285	0.534	0.080	0.499	0.131	0.118	0.116	0.127	0.116	0.134	0.132	0.138
mem-l2	0.000	0.000	0.000	0.000	0.000	0.000	0.000	0.000	0.000	0.000	0.000	0.000	0.000	0.000	0.000	0.000	0.000	0.014	0.000	0.000	0.000	0.023	0.000	0.000	0.000	0.000	0.000	0.000	0.000	0.000	0.000	0.000
mem-l3	-
mem-l4	-
mem-remote	-
mem-nuca	-
mem-dram-cache	-
mem-dram	-
sync	-
dvfs-transition	-
imbalance	0.083	0.083	0.083	0.083	0.083	0.083	0.083	0.083	0.084	0.084	0.084	0.084	0.084	0.084	0.084	0.084	0.298	0.110	0.130	0.039	0.309	0.483	0.076	0.295	1.997	2.095	2.292	2.157	2.292	2.094	2.053	1.619
other	0.010	0.010	0.010	0.010	0.010	0.010	0.010	0.010	0.011	0.011	0.011	0.011	0.011	0.011	0.011	0.011	0.010	0.008	0.003	0.002	0.004	0.008	0.012	0.005	0.021	0.020	0.046	0.046	0.046	0.021	0.046	0.021
total	1.613	1.612	1.613	1.612	1.613	1.612	1.613	1.612	1.574	1.574	1.574	1.574	1.574	1.574	1.574	1.574	2.496	2.658	1.924	2.254	2.792	2.769	2.224	2.786	3600010.380	3600010.380	3600010.380	3600010.380	3600010.380	3600010.380	3600010.380	3600010.380
base	0.250	0.250	0.250	0.250	0.250	0.250	0.250	0.250	0.250	0.250	0.250	0.250	0.250	0.250	0.250	0.250	0.380	0.325	0.353	0.398	0.323	0.359	0.382	0.364	0.000	0.000	0.000	0.000	0.000	0.000	0.000	0.000
dispatch_width	-
rs_full	-
depend	-
depend-int	0.191	0.191	0.191	0.191	0.191	0.191	0.191	0.191	0.191	0.191	0.191	0.191	0.191	0.191	0.191	0.191	0.066	0.059	0.070	0.070	0.057	0.061	0.069	0.061	0.000	0.000	0.000	0.000	0.000	0.000	0.000	0.000
depend-fp	-
depend-branch	0.036	0.036	0.036	0.036	0.036	0.036	0.036	0.036	0.032	0.032	0.032	0.032	0.032	0.032	0.032	0.032	0.000	0.000	0.000	0.000	0.000	0.000	0.000	0.000	0.000	0.000	0.000	0.000	0.000	0.000	0.000	0.000
issue	0.000	0.000	0.000	0.000	0.000	0.000	0.000	0.000	0.000	0.000	0.000	0.000	0.000	0.000	0.000	0.000	0.103	0.097	0.097	0.103	0.096	0.101	0.102	0.102	0.000	0.000	0.000	0.000	0.000	0.000	0.000	0.000
serial	-
smt	-
branch	0.175	0.175	0.175	0.175	0.175	0.175	0.175	0.175	0.160	0.160	0.160	0.160	0.160	0.160	0.160	0.160	0.336	0.031	0.261	0.054	0.000	0.028	0.102	0.000	0.000	0.000	0.000	0.000	0.000	0.000	0.000	0.000
itlb	-
dtlb	-
ifetch	0.444	0.444	0.444	0.444	0.444	0.444	0.444	0.444	0.424	0.424	0.424	0.424	0.424	0.424	0.424	0.424	0.034	0.033	0.034	0.338	0.032	0.033	0.114	0.032	0.000	0.000	0.000	0.000	0.000	0.000	0.000	0.000
mem	-
mem-l1d	0.507	0.506	0.507	0.506	0.507	0.506	0.506	0.506	0.507	0.507	0.507	0.507	0.506	0.506	0.506	0.506	0.132	0.120	0.134	0.138	0.119	0.127	0.135	0.127	0.000	0.000	0.000	0.000	0.000	0.000	0.000	0.000
mem-l2	-
mem-l3	-
mem-l4	-
mem-remote	-
mem-nuca	-
mem-dram-cache	-
mem-dram	-
sync	-
dvfs-transition	-
imbalance	0.000	0.000	0.000	0.000	0.000	0.000	0.000	0.000	0.000	0.000	0.000	0.000	0.000	0.000	0.000	0.000	1.425	1.973	0.957	1.132	2.118	2.038	1.301	2.053	3600010.380	3600010.380	3600010.380	3600010.380	3600010.380	3600010.380	3600010.380	3600010.380
other	0.011	0.011	0.011	0.011	0.011	0.011	0.011	0.011	0.009	0.009	0.009	0.009	0.009	0.009	0.009	0.009	0.020	0.020	0.018	0.020	0.046	0.021	0.019	0.047	0.000	0.000	0.000	0.000	0.000	0.000	0.000	0.000
total	1.574	1.574	1.574	1.574	1.574	1.574	1.574	1.574	1.573	1.572	1.572	1.572	1.572	1.573	1.572	1.573	3600007.300	3600007.300	3600007.300	3600007.300	3600007.300	3600007.300	3600007.300	3600007.300	3600007.300	3600007.300	3600007.300	3600007.300	3600007.300	3600007.300	3600007.300	3600007.300
base	0.250	0.250	0.250	0.250	0.250	0.250	0.250	0.250	0.250	0.250	0.250	0.250	0.250	0.250	0.250	0.250	0.000	0.000	0.000	0.000	0.000	0.000	0.000	0.000	0.000	0.000	0.000	0.000	0.000	0.000	0.000	0.000
dispatch_width	-
rs_full	-
depend	-
depend-int	0.191	0.191	0.191	0.191	0.191	0.191	0.191	0.191	0.191	0.191	0.191	0.191	0.191	0.191	0.191	0.191	0.000	0.000	0.000	0.000	0.000	0.000	0.000	0.000	0.000	0.000	0.000	0.000	0.000	0.000	0.000	0.000
depend-fp	-
depend-branch	0.032	0.032	0.032	0.032	0.032	0.032	0.032	0.032	0.033	0.033	0.033	0.033	0.033	0.033	0.033	0.033	0.000	0.000	0.000	0.000	0.000	0.000	0.000	0.000	0.000	0.000	0.000	0.000	0.000	0.000	0.000	0.000
issue	-
serial	-
smt	-
branch	0.160	0.160	0.160	0.160	0.160	0.160	0.160	0.160	0.158	0.158	0.158	0.158	0.158	0.158	0.158	0.158	0.000	0.000	0.000	0.000	0.000	0.000	0.000	0.000	0.000	0.000	0.000	0.000	0.000	0.000	0.000	0.000
itlb	-
dtlb	-
ifetch	0.424	0.424	0.425	0.424	0.424	0.425	0.424	0.424	0.425	0.425	0.425	0.425	0.425	0.425	0.425	0.425	0.000	0.000	0.000	0.000	0.000	0.000	0.000	0.000	0.000	0.000	0.000	0.000	0.000	0.000	0.000	0.000
mem	-
mem-l1d	0.506	0.506	0.506	0.506	0.506	0.506	0.506	0.506	0.506	0.506	0.506	0.506	0.506	0.506	0.506	0.506	0.000	0.000	0.000	0.000	0.000	0.000	0.000	0.000	0.000	0.000	0.000	0.000	0.000	0.000	0.000	0.000
mem-l2	-
mem-l3	-
mem-l4	-
mem-remote	-
mem-nuca	-
mem-dram-cache	-
mem-dram	-
sync	-
dvfs-transition	-
imbalance	0.000	0.000	0.000	0.000	0.000	0.000	0.000	0.000	0.000	0.000	0.000	0.000	0.000	0.000	0.000	0.000	3600007.300	3600007.300	3600007.300	3600007.300	3600007.300	3600007.300	3600007.300	3600007.300	3600007.300	3600007.300	3600007.300	3600007.300	3600007.300	3600007.300	3600007.300	3600007.300
other	0.009	0.009	0.009	0.009	0.009	0.009	0.009	0.009	0.010	0.010	0.010	0.010	0.010	0.010	0.010	0.010	0.000	0.000	0.000	0.000	0.000	0.000	0.000	0.000	0.000	0.000	0.000	0.000	0.000	0.000	0.000	0.000
total	1.572	1.573	1.572	1.573	1.572	1.572	1.572	1.573	1.577	1.577	1.577	1.577	1.577	1.577	1.577	1.577	3600034.220	3600034.220	3600034.220	3600034.220	3600034.220	3600034.220	3600034.220	3600034.220	1000.010	1000.010	1000.010	1000.010	1000.010	1000.010	1000.010	1000.010
base	0.250	0.250	0.250	0.250	0.250	0.250	0.250	0.250	0.250	0.250	0.250	0.250	0.250	0.250	0.250	0.250	0.000	0.000	0.000	0.000	0.000	0.000	0.000	0.000	0.000	0.000	0.000	0.000	0.000	0.000	0.000	0.000
dispatch_width	-
rs_full	-
depend	-
depend-int	0.191	0.191	0.191	0.191	0.191	0.191	0.191	0.191	0.190	0.190	0.190	0.190	0.190	0.190	0.190	0.190	0.000	0.000	0.000	0.000	0.000	0.000	0.000	0.000	0.000	0.000	0.000	0.000	0.000	0.000	0.000	0.000
depend-fp	-
depend-branch	0.033	0.033	0.033	0.033	0.033	0.033	0.033	0.033	0.034	0.034	0.034	0.034	0.034	0.034	0.034	0.034	0.000	0.000	0.000	0.000	0.000	0.000	0.000	0.000	0.000	0.000	0.000	0.000	0.000	0.000	0.000	0.000
issue	-
serial	-
smt	-
branch	0.158	0.158	0.158	0.158	0.158	0.158	0.158	0.158	0.161	0.161	0.161	0.161	0.161	0.161	0.161	0.161	0.000	0.000	0.000	0.000	0.000	0.000	0.000	0.000	0.000	0.000	0.000	0.000	0.000	0.000	0.000	0.000
itlb	-
dtlb	-
ifetch	0.425	0.425	0.425	0.425	0.425	0.425	0.425	0.425	0.437	0.437	0.437	0.437	0.437	0.437	0.437	0.437	0.000	0.000	0.000	0.000	0.000	0.000	0.000	0.000	0.000	0.000	0.000	0.000	0.000	0.000	0.000	0.000
mem	-
mem-l1d	0.506	0.506	0.506	0.506	0.506	0.506	0.506	0.506	0.495	0.495	0.495	0.495	0.495	0.495	0.495	0.495	0.000	0.000	0.000	0.000	0.000	0.000	0.000	0.000	0.000	0.000	0.000	0.000	0.000	0.000	0.000	0.000
mem-l2	-
mem-l3	-
mem-l4	-
mem-remote	-
mem-nuca	-
mem-dram-cache	-
mem-dram	-
sync	-
dvfs-transition	-
imbalance	0.000	0.000	0.000	0.000	0.000	0.000	0.000	0.000	0.000	0.000	0.000	0.000	0.000	0.000	0.000	0.000	3600034.220	3600034.220	3600034.220	3600034.220	3600034.220	3600034.220	3600034.220	3600034.220	998.010	998.010	998.010	998.010	998.010	998.010	998.010	998.010
other	0.010	0.010	0.010	0.010	0.010	0.010	0.010	0.010	0.010	0.010	0.010	0.010	0.010	0.010	0.010	0.010	0.000	0.000	0.000	0.000	0.000	0.000	0.000	0.000	2.000	2.000	2.000	2.000	2.000	2.000	2.000	2.000
total	1.578	1.577	1.579	1.577	1.578	1.579	1.578	1.577	1.559	1.559	1.559	1.559	1.559	1.559	1.559	1.559	3600057.140	3600057.140	3600057.140	3600057.140	3600057.140	3600057.140	3600057.140	3600057.140	3600057.140	3600057.140	3600057.140	3600057.140	3600057.140	3600057.140	3600057.140	3600057.140
base	0.250	0.250	0.250	0.250	0.250	0.250	0.250	0.250	0.250	0.250	0.250	0.250	0.250	0.250	0.250	0.250	0.000	0.000	0.000	0.000	0.000	0.000	0.000	0.000	0.000	0.000	0.000	0.000	0.000	0.000	0.000	0.000
dispatch_width	-
rs_full	-
depend	-
depend-int	0.190	0.190	0.190	0.190	0.190	0.190	0.190	0.190	0.188	0.188	0.188	0.188	0.188	0.188	0.188	0.188	0.000	0.000	0.000	0.000	0.000	0.000	0.000	0.000	0.000	0.000	0.000	0.000	0.000	0.000	0.000	0.000
depend-fp	-
depend-branch	0.034	0.034	0.034	0.034	0.034	0.034	0.034	0.034	0.033	0.033	0.033	0.033	0.033	0.033	0.033	0.033	0.000	0.000	0.000	0.000	0.000	0.000	0.000	0.000	0.000	0.000	0.000	0.000	0.000	0.000	0.000	0.000
issue	-
serial	-
smt	-
branch	0.161	0.161	0.161	0.161	0.161	0.161	0.161	0.161	0.162	0.161	0.162	0.161	0.162	0.162	0.162	0.162	0.000	0.000	0.000	0.000	0.000	0.000	0.000	0.000	0.000	0.000	0.000	0.000	0.000	0.000	0.000	0.000
itlb	-
dtlb	-
ifetch	0.438	0.437	0.438	0.437	0.438	0.438	0.438	0.437	0.421	0.421	0.421	0.421	0.421	0.421	0.421	0.421	0.000	0.000	0.000	0.000	0.000	0.000	0.000	0.000	0.000	0.000	0.000	0.000	0.000	0.000	0.000	0.000
mem	-
mem-l1d	0.495	0.495	0.495	0.495	0.495	0.495	0.495	0.495	0.496	0.496	0.496	0.496	0.496	0.496	0.496	0.496	0.000	0.000	0.000	0.000	0.000	0.000	0.000	0.000	0.000	0.000	0.000	0.000	0.000	0.000	0.000	0.000
mem-l2	-
mem-l3	-
mem-l4	-
mem-remote	-
mem-nuca	-
mem-dram-cache	-
mem-dram	-
sync	-
dvfs-transition	-
imbalance	0.000	0.000	0.000	0.000	0.000	0.000	0.000	0.000	0.000	0.000	0.000	0.000	0.000	0.000	0.000	0.000	3600057.140	3600057.140	3600057.140	3600057.140	3600057.140	3600057.140	3600057.140	3600057.140	3592857.140	3592857.140	3592857.140	3592857.140	3592857.140	3592857.140	3592857.140	3592857.140
other	0.010	0.010	0.010	0.010	0.010	0.010	0.010	0.010	0.009	0.009	0.009	0.009	0.009	0.009	0.009	0.009	0.000	0.000	0.000	0.000	0.000	0.000	0.000	0.000	7200.000	7200.000	7200.000	7200.000	7200.000	7200.000	7200.000	7200.000
total	1.560	1.559	1.559	1.559	1.560	1.559	1.560	1.559	1.558	1.558	1.558	1.558	1.558	1.558	1.558	1.558	3600044.919	3600044.919	3600044.919	3600044.919	3600044.919	3600044.919	3600044.919	3600044.919	1000.012	1000.012	1000.012	1000.012	1000.012	1000.012	1000.012	1000.012
base	0.250	0.250	0.250	0.250	0.250	0.250	0.250	0.250	0.250	0.250	0.250	0.250	0.250	0.250	0.250	0.250	0.000	0.000	0.000	0.000	0.000	0.000	0.000	0.000	0.000	0.000	0.000	0.000	0.000	0.000	0.000	0.000
dispatch_width	-
rs_full	-
depend	-
depend-int	0.188	0.188	0.188	0.188	0.188	0.188	0.188	0.188	0.190	0.190	0.190	0.190	0.190	0.190	0.190	0.190	0.000	0.000	0.000	0.000	0.000	0.000	0.000	0.000	0.000	0.000	0.000	0.000	0.000	0.000	0.000	0.000
depend-fp	-
depend-branch	0.034	0.033	0.034	0.033	0.034	0.034	0.034	0.033	0.032	0.032	0.032	0.032	0.032	0.032	0.032	0.032	0.000	0.000	0.000	0.000	0.000	0.000	0.000	0.000	0.000	0.000	0.000	0.000	0.000	0.000	0.000	0.000
issue	-
serial	-
smt	-
branch	0.162	0.162	0.162	0.162	0.162	0.162	0.162	0.162	0.153	0.153	0.153	0.153	0.153	0.153	0.153	0.153	0.000	0.000	0.000	0.000	0.000	0.000	0.000	0.000	0.000	0.000	0.000	0.000	0.000	0.000	0.000	0.000
itlb	-
dtlb	-
ifetch	0.422	0.421	0.421	0.421	0.422	0.421	0.421	0.421	0.416	0.416	0.416	0.416	0.417	0.416	0.417	0.416	0.000	0.000	0.000	0.000	0.000	0.000	0.000	0.000	0.000	0.000	0.000	0.000	0.000	0.000	0.000	0.000
mem	-
mem-l1d	0.496	0.496	0.496	0.496	0.496	0.496	0.496	0.496	0.506	0.506	0.506	0.506	0.506	0.506	0.506	0.506	0.000	0.000	0.000	0.000	0.000	0.000	0.000	0.000	0.000	0.000	0.000	0.000	0.000	0.000	0.000	0.000
mem-l2	-
mem-l3	-
mem-l4	-
mem-remote	-
mem-nuca	-
mem-dram-cache	-
mem-dram	-
sync	-
dvfs-transition	-
imbalance	0.000	0.000	0.000	0.000	0.000	0.000	0.000	0.000	0.000	0.000	0.000	0.000	0.000	0.000	0.000	0.000	3600044.919	3600044.919	3600044.919	3600044.919	3600044.919	3600044.919	3600044.919	3600044.919	998.012	998.012	998.012	998.012	998.012	998.012	998.012	998.012
other	0.009	0.009	0.009	0.009	0.009	0.009	0.009	0.009	0.010	0.010	0.010	0.010	0.010	0.010	0.010	0.010	0.000	0.000	0.000	0.000	0.000	0.000	0.000	0.000	2.000	2.000	2.000	2.000	2.000	2.000	2.000	2.000
total	1.556	1.557	1.556	1.557	1.556	1.556	1.557	1.557	1.579	1.579	1.579	1.579	1.579	1.579	1.579	1.579	3600020.980	3600020.980	3600020.980	3600020.980	3600020.980	3600020.980	3600020.980	3600020.980	3600020.980	3600020.980	3600020.980	3600020.980	3600020.980	3600020.980	3600020.980	3600020.980
base	0.250	0.250	0.250	0.250	0.250	0.250	0.250	0.250	0.250	0.250	0.250	0.250	0.250	0.250	0.250	0.250	0.000	0.000	0.000	0.000	0.000	0.000	0.000	0.000	0.000	0.000	0.000	0.000	0.000	0.000	0.000	0.000
dispatch_width	-
rs_full	-
depend	-
depend-int	0.189	0.190	0.189	0.190	0.189	0.189	0.190	0.190	0.190	0.190	0.190	0.190	0.190	0.190	0.190	0.190	0.000	0.000	0.000	0.000	0.000	0.000	0.000	0.000	0.000	0.000	0.000	0.000	0.000	0.000	0.000	0.000
depend-fp	-
depend-branch	0.032	0.032	0.032	0.032	0.032	0.032	0.032	0.032	0.034	0.034	0.034	0.034	0.034	0.034	0.034	0.034	0.000	0.000	0.000	0.000	0.000	0.000	0.000	0.000	0.000	0.000	0.000	0.000	0.000	0.000	0.000	0.000
issue	-
serial	-
smt	-
branch	0.153	0.153	0.153	0.153	0.153	0.153	0.153	0.153	0.163	0.163	0.163	0.163	0.163	0.163	0.163	0.163	0.000	0.000	0.000	0.000	0.000	0.000	0.000	0.000	0.000	0.000	0.000	0.000	0.000	0.000	0.000	0.000
itlb	-
dtlb	-
ifetch	0.416	0.416	0.416	0.416	0.416	0.416	0.416	0.416	0.426	0.426	0.426	0.426	0.426	0.426	0.426	0.426	0.000	0.000	0.000	0.000	0.000	0.000	0.000	0.000	0.000	0.000	0.000	0.000	0.000	0.000	0.000	0.000
mem	-
mem-l1d	0.506	0.506	0.506	0.506	0.506	0.506	0.506	0.506	0.507	0.507	0.507	0.507	0.507	0.507	0.507	0.507	0.000	0.000	0.000	0.000	0.000	0.000	0.000	0.000	0.000	0.000	0.000	0.000	0.000	0.000	0.000	0.000
mem-l2	-
mem-l3	-
mem-l4	-
mem-remote	-
mem-nuca	-
mem-dram-cache	-
mem-dram	-
sync	-
dvfs-transition	-
imbalance	0.000	0.000	0.000	0.000	0.000	0.000	0.000	0.000	0.000	0.000	0.000	0.000	0.000	0.000	0.000	0.000	3600020.980	3600020.980	3600020.980	3600020.980	3600020.980	3600020.980	3600020.980	3600020.980	3592820.980	3592820.980	3592820.980	3592820.980	3592820.980	3592820.980	3592820.980	3592820.980
other	0.010	0.010	0.010	0.010	0.010	0.010	0.010	0.010	0.010	0.010	0.010	0.010	0.010	0.010	0.010	0.010	0.000	0.000	0.000	0.000	0.000	0.000	0.000	0.000	7200.000	7200.000	7200.000	7200.000	7200.000	7200.000	7200.000	7200.000
total	1.579	1.579	1.578	1.579	1.579	1.578	1.579	1.579	1.592	1.592	1.592	1.592	1.592	1.592	1.592	1.592	3600039.759	3600039.759	3600039.759	3600039.759	3600039.759	3600039.759	3600039.759	3600039.759	1000.011	1000.011	1000.011	1000.011	1000.011	1000.011	1000.011	1000.011
base	0.250	0.250	0.250	0.250	0.250	0.250	0.250	0.250	0.250	0.250	0.250	0.250	0.250	0.250	0.250	0.250	0.000	0.000	0.000	0.000	0.000	0.000	0.000	0.000	0.000	0.000	0.000	0.000	0.000	0.000	0.000	0.000
dispatch_width	-
rs_full	-
depend	-
depend-int	0.190	0.190	0.190	0.190	0.190	0.190	0.190	0.190	0.189	0.189	0.189	0.189	0.189	0.189	0.189	0.189	0.000	0.000	0.000	0.000	0.000	0.000	0.000	0.000	0.000	0.000	0.000	0.000	0.000	0.000	0.000	0.000
depend-fp	-
depend-branch	0.034	0.034	0.034	0.034	0.034	0.034	0.034	0.034	0.035	0.035	0.035	0.035	0.035	0.035	0.035	0.035	0.000	0.000	0.000	0.000	0.000	0.000	0.000	0.000	0.000	0.000	0.000	0.000	0.000	0.000	0.000	0.000
issue	-
serial	-
smt	-
branch	0.163	0.163	0.163	0.163	0.163	0.163	0.163	0.163	0.172	0.172	0.172	0.172	0.172	0.172	0.172	0.172	0.000	0.000	0.000	0.000	0.000	0.000	0.000	0.000	0.000	0.000	0.000	0.000	0.000	0.000	0.000	0.000
itlb	-
dtlb	-
ifetch	0.425	0.426	0.425	0.425	0.425	0.425	0.425	0.425	0.437	0.437	0.437	0.437	0.437	0.437	0.437	0.437	0.000	0.000	0.000	0.000	0.000	0.000	0.000	0.000	0.000	0.000	0.000	0.000	0.000	0.000	0.000	0.000
mem	-
mem-l1d	0.507	0.507	0.507	0.507	0.507	0.507	0.507	0.507	0.499	0.498	0.499	0.498	0.499	0.498	0.499	0.499	0.000	0.000	0.000	0.000	0.000	0.000	0.000	0.000	0.000	0.000	0.000	0.000	0.000	0.000	0.000	0.000
mem-l2	-
mem-l3	-
mem-l4	-
mem-remote	-
mem-nuca	-
mem-dram-cache	-
mem-dram	-
sync	-
dvfs-transition	-
imbalance	0.000	0.000	0.000	0.000	0.000	0.000	0.000	0.000	0.000	0.000	0.000	0.000	0.000	0.000	0.000	0.000	3600039.759	3600039.759	3600039.759	3600039.759	3600039.759	3600039.759	3600039.759	3600039.759	998.011	998.011	998.011	998.011	998.011	998.011	998.011	998.011
other	0.010	0.010	0.010	0.010	0.010	0.010	0.010	0.010	0.010	0.010	0.010	0.010	0.010	0.010	0.010	0.010	0.000	0.000	0.000	0.000	0.000	0.000	0.000	0.000	2.000	2.000	2.000	2.000	2.000	2.000	2.000	2.000
total	1.593	1.592	1.593	1.592	1.593	1.593	1.592	1.592	1.557	1.557	1.557	1.557	1.557	1.557	1.557	1.557	3600037.820	3600037.820	3600037.820	3600037.820	3600037.820	3600037.820	3600037.820	3600037.820	3600037.820	3600037.820	3600037.820	3600037.820	3600037.820	3600037.820	3600037.820	3600037.820
base	0.250	0.250	0.250	0.250	0.250	0.250	0.250	0.250	0.250	0.250	0.250	0.250	0.250	0.250	0.250	0.250	0.000	0.000	0.000	0.000	0.000	0.000	0.000	0.000	0.000	0.000	0.000	0.000	0.000	0.000	0.000	0.000
dispatch_width	-
rs_full	-
depend	-
depend-int	0.189	0.189	0.189	0.189	0.189	0.189	0.189	0.189	0.188	0.188	0.188	0.188	0.188	0.188	0.188	0.188	0.000	0.000	0.000	0.000	0.000	0.000	0.000	0.000	0.000	0.000	0.000	0.000	0.000	0.000	0.000	0.000
depend-fp	-
depend-branch	0.035	0.035	0.035	0.035	0.035	0.035	0.035	0.035	0.033	0.033	0.033	0.033	0.033	0.033	0.033	0.033	0.000	0.000	0.000	0.000	0.000	0.000	0.000	0.000	0.000	0.000	0.000	0.000	0.000	0.000	0.000	0.000
issue	-
serial	-
smt	-
branch	0.172	0.172	0.172	0.172	0.172	0.172	0.172	0.172	0.158	0.158	0.158	0.158	0.158	0.158	0.158	0.158	0.000	0.000	0.000	0.000	0.000	0.000	0.000	0.000	0.000	0.000	0.000	0.000	0.000	0.000	0.000	0.000
itlb	-
dtlb	-
ifetch	0.437	0.437	0.437	0.437	0.437	0.437	0.437	0.437	0.418	0.418	0.418	0.418	0.418	0.418	0.418	0.418	0.000	0.000	0.000	0.000	0.000	0.000	0.000	0.000	0.000	0.000	0.000	0.000	0.000	0.000	0.000	0.000
mem	-
mem-l1d	0.499	0.498	0.499	0.499	0.499	0.499	0.499	0.499	0.501	0.501	0.501	0.501	0.502	0.502	0.501	0.501	0.000	0.000	0.000	0.000	0.000	0.000	0.000	0.000	0.000	0.000	0.000	0.000	0.000	0.000	0.000	0.000
mem-l2	-
mem-l3	-
mem-l4	-
mem-remote	-
mem-nuca	-
mem-dram-cache	-
mem-dram	-
sync	-
dvfs-transition	-
imbalance	0.000	0.000	0.000	0.000	0.000	0.000	0.000	0.000	0.000	0.000	0.000	0.000	0.000	0.000	0.000	0.000	3600037.820	3600037.820	3600037.820	3600037.820	3600037.820	3600037.820	3600037.820	3600037.820	3592837.820	3592837.820	3592837.820	3592837.820	3592837.820	3592837.820	3592837.820	3592837.820
other	0.010	0.010	0.010	0.010	0.010	0.010	0.010	0.010	0.009	0.009	0.009	0.009	0.009	0.009	0.009	0.009	0.000	0.000	0.000	0.000	0.000	0.000	0.000	0.000	7200.000	7200.000	7200.000	7200.000	7200.000	7200.000	7200.000	7200.000
total	1.556	1.557	1.556	1.557	1.556	1.556	1.556	1.557	1.590	1.590	1.590	1.590	1.590	1.590	1.590	1.590	3600020.599	3600020.599	3600020.599	3600020.599	3600020.599	3600020.599	3600020.599	3600020.599	1000.006	1000.006	1000.006	1000.006	1000.006	1000.006	1000.006	1000.006
base	0.250	0.250	0.250	0.250	0.250	0.250	0.250	0.250	0.250	0.250	0.250	0.250	0.250	0.250	0.250	0.250	0.000	0.000	0.000	0.000	0.000	0.000	0.000	0.000	0.000	0.000	0.000	0.000	0.000	0.000	0.000	0.000
dispatch_width	-
rs_full	-
depend	-
depend-int	0.187	0.188	0.187	0.188	0.187	0.187	0.187	0.188	0.191	0.191	0.191	0.191	0.191	0.191	0.191	0.191	0.000	0.000	0.000	0.000	0.000	0.000	0.000	0.000	0.000	0.000	0.000	0.000	0.000	0.000	0.000	0.000
depend-fp	-
depend-branch	0.033	0.033	0.033	0.033	0.033	0.033	0.033	0.033	0.034	0.034	0.034	0.034	0.034	0.034	0.034	0.034	0.000	0.000	0.000	0.000	0.000	0.000	0.000	0.000	0.000	0.000	0.000	0.000	0.000	0.000	0.000	0.000
issue	-
serial	-
smt	-
branch	0.158	0.158	0.158	0.158	0.158	0.158	0.158	0.158	0.163	0.163	0.163	0.163	0.163	0.163	0.163	0.163	0.000	0.000	0.000	0.000	0.000	0.000	0.000	0.000	0.000	0.000	0.000	0.000	0.000	0.000	0.000	0.000
itlb	-
dtlb	-
ifetch	0.418	0.418	0.418	0.418	0.418	0.418	0.418	0.418	0.436	0.436	0.436	0.436	0.436	0.436	0.436	0.436	0.000	0.000	0.000	0.000	0.000	0.000	0.000	0.000	0.000	0.000	0.000	0.000	0.000	0.000	0.000	0.000
mem	-
mem-l1d	0.501	0.502	0.501	0.501	0.501	0.501	0.501	0.501	0.507	0.507	0.507	0.507	0.507	0.507	0.507	0.507	0.000	0.000	0.000	0.000	0.000	0.000	0.000	0.000	0.000	0.000	0.000	0.000	0.000	0.000	0.000	0.000
mem-l2	-
mem-l3	-
mem-l4	-
mem-remote	-
mem-nuca	-
mem-dram-cache	-
mem-dram	-
sync	-
dvfs-transition	-
imbalance	0.000	0.000	0.000	0.000	0.000	0.000	0.000	0.000	0.000	0.000	0.000	0.000	0.000	0.000	0.000	0.000	3600020.599	3600020.599	3600020.599	3600020.599	3600020.599	3600020.599	3600020.599	3600020.599	998.006	998.006	998.006	998.006	998.006	998.006	998.006	998.006
other	0.009	0.009	0.009	0.009	0.009	0.009	0.009	0.009	0.010	0.010	0.010	0.010	0.010	0.010	0.010	0.010	0.000	0.000	0.000	0.000	0.000	0.000	0.000	0.000	2.000	2.000	2.000	2.000	2.000	2.000	2.000	2.000
total	1.592	1.590	1.593	1.591	1.592	1.593	1.592	1.591	1.579	1.578	1.579	1.578	1.578	1.579	1.578	1.579	3600021.660	3600021.660	3600021.660	3600021.660	3600021.660	3600021.660	3600021.660	3600021.660	3600021.660	3600021.660	3600021.660	3600021.660	3600021.660	3600021.660	3600021.660	3600021.660
base	0.250	0.250	0.250	0.250	0.250	0.250	0.250	0.250	0.250	0.250	0.250	0.250	0.250	0.250	0.250	0.250	0.000	0.000	0.000	0.000	0.000	0.000	0.000	0.000	0.000	0.000	0.000	0.000	0.000	0.000	0.000	0.000
dispatch_width	-
rs_full	-
depend	-
depend-int	0.191	0.191	0.191	0.191	0.191	0.191	0.191	0.191	0.190	0.190	0.190	0.190	0.190	0.190	0.190	0.190	0.000	0.000	0.000	0.000	0.000	0.000	0.000	0.000	0.000	0.000	0.000	0.000	0.000	0.000	0.000	0.000
depend-fp	-
depend-branch	0.034	0.034	0.034	0.034	0.034	0.034	0.034	0.034	0.034	0.034	0.034	0.034	0.034	0.034	0.034	0.034	0.000	0.000	0.000	0.000	0.000	0.000	0.000	0.000	0.000	0.000	0.000	0.000	0.000	0.000	0.000	0.000
issue	-
serial	-
smt	-
branch	0.163	0.163	0.163	0.163	0.163	0.163	0.163	0.163	0.164	0.164	0.164	0.164	0.164	0.164	0.164	0.164	0.000	0.000	0.000	0.000	0.000	0.000	0.000	0.000	0.000	0.000	0.000	0.000	0.000	0.000	0.000	0.000
itlb	-
dtlb	-
ifetch	0.437	0.436	0.437	0.436	0.437	0.437	0.437	0.436	0.435	0.435	0.435	0.435	0.435	0.435	0.435	0.435	0.000	0.000	0.000	0.000	0.000	0.000	0.000	0.000	0.000	0.000	0.000	0.000	0.000	0.000	0.000	0.000
mem	-
mem-l1d	0.507	0.507	0.508	0.507	0.507	0.508	0.507	0.507	0.495	0.495	0.495	0.495	0.495	0.495	0.495	0.495	0.000	0.000	0.000	0.000	0.000	0.000	0.000	0.000	0.000	0.000	0.000	0.000	0.000	0.000	0.000	0.000
mem-l2	-
mem-l3	-
mem-l4	-
mem-remote	-
mem-nuca	-
mem-dram-cache	-
mem-dram	-
sync	-
dvfs-transition	-
imbalance	0.000	0.000	0.000	0.000	0.000	0.000	0.000	0.000	0.000	0.000	0.000	0.000	0.000	0.000	0.000	0.000	3600021.660	3600021.660	3600021.660	3600021.660	3600021.660	3600021.660	3600021.660	3600021.660	3592821.660	3592821.660	3592821.660	3592821.660	3592821.660	3592821.660	3592821.660	3592821.660
other	0.010	0.010	0.010	0.010	0.010	0.010	0.010	0.010	0.010	0.010	0.010	0.010	0.010	0.010	0.010	0.010	0.000	0.000	0.000	0.000	0.000	0.000	0.000	0.000	7200.000	7200.000	7200.000	7200.000	7200.000	7200.000	7200.000	7200.000
total	1.577	1.578	1.576	1.578	1.577	1.575	1.577	1.578	1.565	1.565	1.565	1.565	1.565	1.565	1.565	1.565	3600018.539	3600018.539	3600018.539	3600018.539	3600018.539	3600018.539	3600018.539	3600018.539	1000.005	1000.005	1000.005	1000.005	1000.005	1000.005	1000.005	1000.005
base	0.250	0.250	0.250	0.250	0.250	0.250	0.250	0.250	0.250	0.250	0.250	0.250	0.250	0.250	0.250	0.250	0.000	0.000	0.000	0.000	0.000	0.000	0.000	0.000	0.000	0.000	0.000	0.000	0.000	0.000	0.000	0.000
dispatch_width	-
rs_full	-
depend	-
depend-int	0.190	0.190	0.189	0.190	0.190	0.189	0.190	0.190	0.188	0.188	0.188	0.188	0.188	0.188	0.188	0.188	0.000	0.000	0.000	0.000	0.000	0.000	0.000	0.000	0.000	0.000	0.000	0.000	0.000	0.000	0.000	0.000
depend-fp	-
depend-branch	0.034	0.034	0.034	0.034	0.034	0.034	0.034	0.034	0.034	0.034	0.034	0.034	0.034	0.034	0.034	0.034	0.000	0.000	0.000	0.000	0.000	0.000	0.000	0.000	0.000	0.000	0.000	0.000	0.000	0.000	0.000	0.000
issue	-
serial	-
smt	-
branch	0.164	0.164	0.164	0.164	0.164	0.164	0.164	0.164	0.161	0.161	0.161	0.161	0.161	0.161	0.161	0.161	0.000	0.000	0.000	0.000	0.000	0.000	0.000	0.000	0.000	0.000	0.000	0.000	0.000	0.000	0.000	0.000
itlb	-
dtlb	-
ifetch	0.434	0.435	0.434	0.435	0.434	0.434	0.434	0.435	0.431	0.431	0.431	0.431	0.431	0.431	0.431	0.431	0.000	0.000	0.000	0.000	0.000	0.000	0.000	0.000	0.000	0.000	0.000	0.000	0.000	0.000	0.000	0.000
mem	-
mem-l1d	0.495	0.495	0.495	0.495	0.495	0.495	0.495	0.495	0.491	0.491	0.491	0.491	0.491	0.491	0.491	0.491	0.000	0.000	0.000	0.000	0.000	0.000	0.000	0.000	0.000	0.000	0.000	0.000	0.000	0.000	0.000	0.000
mem-l2	-
mem-l3	-
mem-l4	-
mem-remote	-
mem-nuca	-
mem-dram-cache	-
mem-dram	-
sync	-
dvfs-transition	-
imbalance	0.000	0.000	0.000	0.000	0.000	0.000	0.000	0.000	0.000	0.000	0.000	0.000	0.000	0.000	0.000	0.000	3600018.539	3600018.539	3600018.539	3600018.539	3600018.539	3600018.539	3600018.539	3600018.539	998.005	998.005	998.005	998.005	998.005	998.005	998.005	998.005
other	0.010	0.010	0.010	0.010	0.010	0.010	0.010	0.010	0.010	0.010	0.010	0.010	0.010	0.010	0.010	0.010	0.000	0.000	0.000	0.000	0.000	0.000	0.000	0.000	2.000	2.000	2.000	2.000	2.000	2.000	2.000	2.000
total	1.565	1.565	1.566	1.565	1.565	1.567	1.565	1.565	1.582	1.582	1.582	1.582	1.582	1.582	1.582	1.582	3600036.359	3600036.359	3600036.359	3600036.359	3600036.359	3600036.359	3600036.359	3600036.359	3600036.359	3600036.359	3600036.359	3600036.359	3600036.359	3600036.359	3600036.359	3600036.359
base	0.250	0.250	0.250	0.250	0.250	0.250	0.250	0.250	0.250	0.250	0.250	0.250	0.250	0.250	0.250	0.250	0.000	0.000	0.000	0.000	0.000	0.000	0.000	0.000	0.000	0.000	0.000	0.000	0.000	0.000	0.000	0.000
dispatch_width	-
rs_full	-
depend	-
depend-int	0.188	0.188	0.188	0.188	0.188	0.188	0.188	0.188	0.189	0.189	0.189	0.189	0.189	0.189	0.189	0.189	0.000	0.000	0.000	0.000	0.000	0.000	0.000	0.000	0.000	0.000	0.000	0.000	0.000	0.000	0.000	0.000
depend-fp	-
depend-branch	0.034	0.034	0.034	0.034	0.034	0.034	0.034	0.034	0.035	0.035	0.035	0.035	0.035	0.035	0.035	0.035	0.000	0.000	0.000	0.000	0.000	0.000	0.000	0.000	0.000	0.000	0.000	0.000	0.000	0.000	0.000	0.000
issue	-
serial	-
smt	-
branch	0.161	0.161	0.161	0.161	0.161	0.161	0.161	0.161	0.160	0.160	0.160	0.160	0.160	0.160	0.160	0.160	0.000	0.000	0.000	0.000	0.000	0.000	0.000	0.000	0.000	0.000	0.000	0.000	0.000	0.000	0.000	0.000
itlb	-
dtlb	-
ifetch	0.432	0.431	0.432	0.432	0.432	0.432	0.432	0.432	0.447	0.447	0.447	0.447	0.447	0.447	0.447	0.447	0.000	0.000	0.000	0.000	0.000	0.000	0.000	0.000	0.000	0.000	0.000	0.000	0.000	0.000	0.000	0.000
mem	-
mem-l1d	0.491	0.491	0.491	0.491	0.490	0.491	0.491	0.491	0.492	0.492	0.492	0.492	0.492	0.492	0.492	0.492	0.000	0.000	0.000	0.000	0.000	0.000	0.000	0.000	0.000	0.000	0.000	0.000	0.000	0.000	0.000	0.000
mem-l2	-
mem-l3	-
mem-l4	-
mem-remote	-
mem-nuca	-
mem-dram-cache	-
mem-dram	-
sync	-
dvfs-transition	-
imbalance	0.000	0.000	0.000	0.000	0.000	0.000	0.000	0.000	0.000	0.000	0.000	0.000	0.000	0.000	0.000	0.000	3600036.359	3600036.359	3600036.359	3600036.359	3600036.359	3600036.359	3600036.359	3600036.359	3592836.359	3592836.359	3592836.359	3592836.359	3592836.359	3592836.359	3592836.359	3592836.359
other	0.010	0.010	0.010	0.010	0.010	0.010	0.010	0.010	0.010	0.010	0.010	0.010	0.010	0.010	0.010	0.010	0.000	0.000	0.000	0.000	0.000	0.000	0.000	0.000	7200.000	7200.000	7200.000	7200.000	7200.000	7200.000	7200.000	7200.000
total	1.583	1.583	1.582	1.583	1.583	1.582	1.582	1.583	1.586	1.586	1.586	1.586	1.586	1.586	1.586	1.586	3600023.279	3600023.279	3600023.279	3600023.279	3600023.279	3600023.279	3600023.279	3600023.279	1000.006	1000.006	1000.006	1000.006	1000.006	1000.006	1000.006	1000.006
base	0.250	0.250	0.250	0.250	0.250	0.250	0.250	0.250	0.250	0.250	0.250	0.250	0.250	0.250	0.250	0.250	0.000	0.000	0.000	0.000	0.000	0.000	0.000	0.000	0.000	0.000	0.000	0.000	0.000	0.000	0.000	0.000
dispatch_width	-
rs_full	-
depend	-
depend-int	0.189	0.189	0.189	0.189	0.189	0.189	0.189	0.189	0.191	0.191	0.191	0.191	0.191	0.191	0.191	0.191	0.000	0.000	0.000	0.000	0.000	0.000	0.000	0.000	0.000	0.000	0.000	0.000	0.000	0.000	0.000	0.000
depend-fp	-
depend-branch	0.035	0.035	0.035	0.035	0.035	0.035	0.035	0.035	0.034	0.034	0.034	0.034	0.034	0.034	0.034	0.034	0.000	0.000	0.000	0.000	0.000	0.000	0.000	0.000	0.000	0.000	0.000	0.000	0.000	0.000	0.000	0.000
issue	-
serial	-
smt	-
branch	0.160	0.160	0.160	0.160	0.160	0.160	0.160	0.160	0.162	0.162	0.162	0.162	0.162	0.162	0.162	0.162	0.000	0.000	0.000	0.000	0.000	0.000	0.000	0.000	0.000	0.000	0.000	0.000	0.000	0.000	0.000	0.000
itlb	-
dtlb	-
ifetch	0.447	0.447	0.447	0.447	0.447	0.447	0.447	0.447	0.440	0.440	0.440	0.440	0.440	0.440	0.440	0.440	0.000	0.000	0.000	0.000	0.000	0.000	0.000	0.000	0.000	0.000	0.000	0.000	0.000	0.000	0.000	0.000
mem	-
mem-l1d	0.492	0.492	0.491	0.492	0.492	0.491	0.492	0.492	0.499	0.499	0.499	0.499	0.499	0.499	0.499	0.499	0.000	0.000	0.000	0.000	0.000	0.000	0.000	0.000	0.000	0.000	0.000	0.000	0.000	0.000	0.000	0.000
mem-l2	-
mem-l3	-
mem-l4	-
mem-remote	-
mem-nuca	-
mem-dram-cache	-
mem-dram	-
sync	-
dvfs-transition	-
imbalance	0.000	0.000	0.000	0.000	0.000	0.000	0.000	0.000	0.000	0.000	0.000	0.000	0.000	0.000	0.000	0.000	3600023.279	3600023.279	3600023.279	3600023.279	3600023.279	3600023.279	3600023.279	3600023.279	998.006	998.006	998.006	998.006	998.006	998.006	998.006	998.006
other	0.010	0.010	0.010	0.010	0.010	0.010	0.010	0.010	0.010	0.010	0.010	0.010	0.010	0.010	0.010	0.010	0.000	0.000	0.000	0.000	0.000	0.000	0.000	0.000	2.000	2.000	2.000	2.000	2.000	2.000	2.000	2.000
total	1.586	1.586	1.586	1.586	1.586	1.586	1.586	1.586	1.585	1.586	1.585	1.586	1.585	1.585	1.586	1.585	3600009.199	3600009.199	3600009.199	3600009.199	3600009.199	3600009.199	3600009.199	3600009.199	3600009.199	3600009.199	3600009.199	3600009.199	3600009.199	3600009.199	3600009.199	3600009.199
base	0.250	0.250	0.250	0.250	0.250	0.250	0.250	0.250	0.250	0.250	0.250	0.250	0.250	0.250	0.250	0.250	0.000	0.000	0.000	0.000	0.000	0.000	0.000	0.000	0.000	0.000	0.000	0.000	0.000	0.000	0.000	0.000
dispatch_width	-
rs_full	-
depend	-
depend-int	0.191	0.191	0.191	0.191	0.191	0.191	0.191	0.191	0.192	0.192	0.192	0.192	0.192	0.192	0.192	0.192	0.000	0.000	0.000	0.000	0.000	0.000	0.000	0.000	0.000	0.000	0.000	0.000	0.000	0.000	0.000	0.000
depend-fp	-
depend-branch	0.034	0.034	0.034	0.034	0.034	0.034	0.034	0.034	0.033	0.033	0.033	0.033	0.033	0.033	0.033	0.033	0.000	0.000	0.000	0.000	0.000	0.000	0.000	0.000	0.000	0.000	0.000	0.000	0.000	0.000	0.000	0.000
issue	-
serial	-
smt	-
branch	0.162	0.162	0.162	0.162	0.162	0.162	0.162	0.162	0.158	0.158	0.158	0.158	0.158	0.158	0.158	0.158	0.000	0.000	0.000	0.000	0.000	0.000	0.000	0.000	0.000	0.000	0.000	0.000	0.000	0.000	0.000	0.000
itlb	-
dtlb	-
ifetch	0.440	0.440	0.440	0.440	0.440	0.440	0.440	0.440	0.434	0.434	0.434	0.434	0.434	0.434	0.434	0.434	0.000	0.000	0.000	0.000	0.000	0.000	0.000	0.000	0.000	0.000	0.000	0.000	0.000	0.000	0.000	0.000
mem	-
mem-l1d	0.499	0.499	0.499	0.499	0.499	0.499	0.499	0.499	0.509	0.509	0.509	0.509	0.509	0.509	0.509	0.509	0.000	0.000	0.000	0.000	0.000	0.000	0.000	0.000	0.000	0.000	0.000	0.000	0.000	0.000	0.000	0.000
mem-l2	-
mem-l3	-
mem-l4	-
mem-remote	-
mem-nuca	-
mem-dram-cache	-
mem-dram	-
sync	-
dvfs-transition	-
imbalance	0.000	0.000	0.000	0.000	0.000	0.000	0.000	0.000	0.000	0.000	0.000	0.000	0.000	0.000	0.000	0.000	3600009.199	3600009.199	3600009.199	3600009.199	3600009.199	3600009.199	3600009.199	3600009.199	3592809.199	3592809.199	3592809.199	3592809.199	3592809.199	3592809.199	3592809.199	3592809.199
other	0.010	0.010	0.010	0.010	0.010	0.010	0.010	0.010	0.010	0.010	0.010	0.010	0.010	0.010	0.010	0.010	0.000	0.000	0.000	0.000	0.000	0.000	0.000	0.000	7200.000	7200.000	7200.000	7200.000	7200.000	7200.000	7200.000	7200.000
total	1.584	1.585	1.584	1.585	1.584	1.584	1.584	1.585	1.597	1.597	1.597	1.597	1.597	1.597	1.597	1.597	3600009.280	3600009.280	3600009.280	3600009.280	3600009.280	3600009.280	3600009.280	3600009.280	1000.003	1000.003	1000.003	1000.003	1000.003	1000.003	1000.003	1000.003
base	0.250	0.250	0.250	0.250	0.250	0.250	0.250	0.250	0.250	0.250	0.250	0.250	0.250	0.250	0.250	0.250	0.000	0.000	0.000	0.000	0.000	0.000	0.000	0.000	0.000	0.000	0.000	0.000	0.000	0.000	0.000	0.000
dispatch_width	-
rs_full	-
depend	-
depend-int	0.192	0.192	0.192	0.192	0.192	0.192	0.192	0.192	0.192	0.192	0.192	0.192	0.192	0.192	0.192	0.192	0.000	0.000	0.000	0.000	0.000	0.000	0.000	0.000	0.000	0.000	0.000	0.000	0.000	0.000	0.000	0.000
depend-fp	-
depend-branch	0.033	0.033	0.033	0.033	0.033	0.033	0.033	0.033	0.035	0.035	0.035	0.035	0.035	0.035	0.035	0.035	0.000	0.000	0.000	0.000	0.000	0.000	0.000	0.000	0.000	0.000	0.000	0.000	0.000	0.000	0.000	0.000
issue	-
serial	-
smt	-
branch	0.157	0.158	0.157	0.158	0.157	0.157	0.158	0.158	0.164	0.164	0.164	0.164	0.164	0.164	0.164	0.164	0.000	0.000	0.000	0.000	0.000	0.000	0.000	0.000	0.000	0.000	0.000	0.000	0.000	0.000	0.000	0.000
itlb	-
dtlb	-
ifetch	0.434	0.434	0.433	0.434	0.434	0.433	0.434	0.434	0.446	0.446	0.446	0.446	0.446	0.446	0.446	0.446	0.000	0.000	0.000	0.000	0.000	0.000	0.000	0.000	0.000	0.000	0.000	0.000	0.000	0.000	0.000	0.000
mem	-
mem-l1d	0.509	0.509	0.509	0.509	0.509	0.509	0.509	0.509	0.500	0.500	0.500	0.500	0.500	0.500	0.500	0.500	0.000	0.000	0.000	0.000	0.000	0.000	0.000	0.000	0.000	0.000	0.000	0.000	0.000	0.000	0.000	0.000
mem-l2	-
mem-l3	-
mem-l4	-
mem-remote	-
mem-nuca	-
mem-dram-cache	-
mem-dram	-
sync	-
dvfs-transition	-
imbalance	0.000	0.000	0.000	0.000	0.000	0.000	0.000	0.000	0.000	0.000	0.000	0.000	0.000	0.000	0.000	0.000	3600009.280	3600009.280	3600009.280	3600009.280	3600009.280	3600009.280	3600009.280	3600009.280	998.003	998.003	998.003	998.003	998.003	998.003	998.003	998.003
other	0.010	0.010	0.010	0.010	0.010	0.010	0.010	0.010	0.010	0.010	0.010	0.010	0.010	0.010	0.010	0.010	0.000	0.000	0.000	0.000	0.000	0.000	0.000	0.000	2.000	2.000	2.000	2.000	2.000	2.000	2.000	2.000
total	1.597	1.597	1.597	1.597	1.597	1.597	1.597	1.597	1.586	1.586	1.586	1.586	1.586	1.586	1.586	1.586	3600032.039	3600032.039	3600032.039	3600032.039	3600032.039	3600032.039	3600032.039	3600032.039	3600032.039	3600032.039	3600032.039	3600032.039	3600032.039	3600032.039	3600032.039	3600032.039
base	0.250	0.250	0.250	0.250	0.250	0.250	0.250	0.250	0.250	0.250	0.250	0.250	0.250	0.250	0.250	0.250	0.000	0.000	0.000	0.000	0.000	0.000	0.000	0.000	0.000	0.000	0.000	0.000	0.000	0.000	0.000	0.000
dispatch_width	-
rs_full	-
depend	-
depend-int	0.192	0.192	0.192	0.192	0.192	0.192	0.192	0.192	0.190	0.190	0.190	0.190	0.190	0.190	0.190	0.190	0.000	0.000	0.000	0.000	0.000	0.000	0.000	0.000	0.000	0.000	0.000	0.000	0.000	0.000	0.000	0.000
depend-fp	-
depend-branch	0.035	0.035	0.035	0.035	0.035	0.035	0.035	0.035	0.035	0.035	0.035	0.035	0.035	0.035	0.035	0.035	0.000	0.000	0.000	0.000	0.000	0.000	0.000	0.000	0.000	0.000	0.000	0.000	0.000	0.000	0.000	0.000
issue	-
serial	-
smt	-
branch	0.164	0.164	0.164	0.164	0.164	0.164	0.164	0.164	0.163	0.163	0.163	0.163	0.163	0.163	0.163	0.163	0.000	0.000	0.000	0.000	0.000	0.000	0.000	0.000	0.000	0.000	0.000	0.000	0.000	0.000	0.000	0.000
itlb	-
dtlb	-
ifetch	0.446	0.446	0.446	0.446	0.446	0.446	0.446	0.446	0.441	0.441	0.441	0.441	0.442	0.441	0.442	0.441	0.000	0.000	0.000	0.000	0.000	0.000	0.000	0.000	0.000	0.000	0.000	0.000	0.000	0.000	0.000	0.000
mem	-
mem-l1d	0.501	0.500	0.501	0.500	0.501	0.501	0.501	0.500	0.498	0.498	0.498	0.498	0.498	0.498	0.498	0.498	0.000	0.000	0.000	0.000	0.000	0.000	0.000	0.000	0.000	0.000	0.000	0.000	0.000	0.000	0.000	0.000
mem-l2	-
mem-l3	-
mem-l4	-
mem-remote	-
mem-nuca	-
mem-dram-cache	-
mem-dram	-
sync	-
dvfs-transition	-
imbalance	0.000	0.000	0.000	0.000	0.000	0.000	0.000	0.000	0.000	0.000	0.000	0.000	0.000	0.000	0.000	0.000	3600032.039	3600032.039	3600032.039	3600032.039	3600032.039	3600032.039	3600032.039	3600032.039	3592832.039	3592832.039	3592832.039	3592832.039	3592832.039	3592832.039	3592832.039	3592832.039
other	0.010	0.010	0.010	0.010	0.010	0.010	0.010	0.010	0.009	0.009	0.009	0.009	0.009	0.009	0.009	0.009	0.000	0.000	0.000	0.000	0.000	0.000	0.000	0.000	7200.000	7200.000	7200.000	7200.000	7200.000	7200.000	7200.000	7200.000
total	1.588	1.587	1.588	1.587	1.588	1.589	1.587	1.587	1.563	1.563	1.563	1.563	1.563	1.563	1.563	1.563	3600008.099	3600008.099	3600008.099	3600008.099	3600008.099	3600008.099	3600008.099	3600008.099	1000.002	1000.002	1000.002	1000.002	1000.002	1000.002	1000.002	1000.002
base	0.250	0.250	0.250	0.250	0.250	0.250	0.250	0.250	0.250	0.250	0.250	0.250	0.250	0.250	0.250	0.250	0.000	0.000	0.000	0.000	0.000	0.000	0.000	0.000	0.000	0.000	0.000	0.000	0.000	0.000	0.000	0.000
dispatch_width	-
rs_full	-
depend	-
depend-int	0.191	0.190	0.191	0.190	0.191	0.191	0.191	0.190	0.189	0.189	0.189	0.189	0.189	0.189	0.189	0.189	0.000	0.000	0.000	0.000	0.000	0.000	0.000	0.000	0.000	0.000	0.000	0.000	0.000	0.000	0.000	0.000
depend-fp	-
depend-branch	0.035	0.035	0.035	0.035	0.035	0.035	0.035	0.035	0.034	0.034	0.034	0.034	0.034	0.034	0.034	0.034	0.000	0.000	0.000	0.000	0.000	0.000	0.000	0.000	0.000	0.000	0.000	0.000	0.000	0.000	0.000	0.000
issue	-
serial	-
smt	-
branch	0.163	0.163	0.164	0.163	0.163	0.164	0.163	0.163	0.155	0.155	0.155	0.155	0.155	0.155	0.155	0.155	0.000	0.000	0.000	0.000	0.000	0.000	0.000	0.000	0.000	0.000	0.000	0.000	0.000	0.000	0.000	0.000
itlb	-
dtlb	-
ifetch	0.442	0.442	0.442	0.442	0.442	0.442	0.442	0.442	0.434	0.434	0.434	0.434	0.434	0.434	0.434	0.434	0.000	0.000	0.000	0.000	0.000	0.000	0.000	0.000	0.000	0.000	0.000	0.000	0.000	0.000	0.000	0.000
mem	-
mem-l1d	0.497	0.498	0.498	0.498	0.498	0.498	0.497	0.498	0.493	0.493	0.493	0.493	0.493	0.493	0.493	0.493	0.000	0.000	0.000	0.000	0.000	0.000	0.000	0.000	0.000	0.000	0.000	0.000	0.000	0.000	0.000	0.000
mem-l2	-
mem-l3	-
mem-l4	-
mem-remote	-
mem-nuca	-
mem-dram-cache	-
mem-dram	-
sync	-
dvfs-transition	-
imbalance	0.000	0.000	0.000	0.000	0.000	0.000	0.000	0.000	0.000	0.000	0.000	0.000	0.000	0.000	0.000	0.000	3600008.099	3600008.099	3600008.099	3600008.099	3600008.099	3600008.099	3600008.099	3600008.099	998.002	998.002	998.002	998.002	998.002	998.002	998.002	998.002
other	0.009	0.009	0.009	0.009	0.009	0.009	0.009	0.009	0.009	0.009	0.009	0.009	0.009	0.009	0.009	0.009	0.000	0.000	0.000	0.000	0.000	0.000	0.000	0.000	2.000	2.000	2.000	2.000	2.000	2.000	2.000	2.000
total	1.562	1.562	1.562	1.562	1.562	1.562	1.562	1.562	1.587	1.587	1.587	1.587	1.587	1.587	1.587	1.587	3600012.879	3600012.879	3600012.879	3600012.879	3600012.879	3600012.879	3600012.879	3600012.879	3600012.879	3600012.879	3600012.879	3600012.879	3600012.879	3600012.879	3600012.879	3600012.879
base	0.250	0.250	0.250	0.250	0.250	0.250	0.250	0.250	0.250	0.250	0.250	0.250	0.250	0.250	0.250	0.250	0.000	0.000	0.000	0.000	0.000	0.000	0.000	0.000	0.000	0.000	0.000	0.000	0.000	0.000	0.000	0.000
dispatch_width	-
rs_full	-
depend	-
depend-int	0.189	0.189	0.189	0.188	0.189	0.189	0.189	0.188	0.193	0.193	0.193	0.193	0.193	0.193	0.193	0.193	0.000	0.000	0.000	0.000	0.000	0.000	0.000	0.000	0.000	0.000	0.000	0.000	0.000	0.000	0.000	0.000
depend-fp	-
depend-branch	0.034	0.034	0.034	0.034	0.034	0.034	0.034	0.034	0.033	0.033	0.033	0.033	0.033	0.033	0.033	0.033	0.000	0.000	0.000	0.000	0.000	0.000	0.000	0.000	0.000	0.000	0.000	0.000	0.000	0.000	0.000	0.000
issue	-
serial	-
smt	-
branch	0.154	0.155	0.154	0.155	0.154	0.154	0.154	0.155	0.145	0.145	0.145	0.145	0.145	0.145	0.145	0.145	0.000	0.000	0.000	0.000	0.000	0.000	0.000	0.000	0.000	0.000	0.000	0.000	0.000	0.000	0.000	0.000
itlb	-
dtlb	-
ifetch	0.434	0.433	0.433	0.433	0.434	0.433	0.434	0.433	0.437	0.437	0.437	0.437	0.437	0.437	0.437	0.437	0.000	0.000	0.000	0.000	0.000	0.000	0.000	0.000	0.000	0.000	0.000	0.000	0.000	0.000	0.000	0.000
mem	-
mem-l1d	0.493	0.492	0.493	0.492	0.493	0.493	0.493	0.492	0.519	0.519	0.519	0.519	0.519	0.519	0.519	0.519	0.000	0.000	0.000	0.000	0.000	0.000	0.000	0.000	0.000	0.000	0.000	0.000	0.000	0.000	0.000	0.000
mem-l2	-
mem-l3	-
mem-l4	-
mem-remote	-
mem-nuca	-
mem-dram-cache	-
mem-dram	-
sync	-
dvfs-transition	-
imbalance	0.000	0.000	0.000	0.000	0.000	0.000	0.000	0.000	0.000	0.000	0.000	0.000	0.000	0.000	0.000	0.000	3600012.879	3600012.879	3600012.879	3600012.879	3600012.879	3600012.879	3600012.879	3600012.879	3592812.879	3592812.879	3592812.879	3592812.879	3592812.879	3592812.879	3592812.879	3592812.879
other	0.009	0.009	0.009	0.009	0.009	0.009	0.009	0.009	0.010	0.010	0.010	0.010	0.010	0.010	0.010	0.010	0.000	0.000	0.000	0.000	0.000	0.000	0.000	0.000	7200.000	7200.000	7200.000	7200.000	7200.000	7200.000	7200.000	7200.000
total	1.586	1.587	1.587	1.587	1.586	1.586	1.586	1.587	1.592	1.592	1.592	1.592	1.592	1.592	1.592	1.592	3600007.970	3600007.970	3600007.970	3600007.970	3600007.970	3600007.970	3600007.970	3600007.970	1000.002	1000.002	1000.002	1000.002	1000.002	1000.002	1000.002	1000.002
base	0.250	0.250	0.250	0.250	0.250	0.250	0.250	0.250	0.250	0.250	0.250	0.250	0.250	0.250	0.250	0.250	0.000	0.000	0.000	0.000	0.000	0.000	0.000	0.000	0.000	0.000	0.000	0.000	0.000	0.000	0.000	0.000
dispatch_width	-
rs_full	-
depend	-
depend-int	0.193	0.193	0.193	0.193	0.193	0.193	0.193	0.193	0.189	0.189	0.189	0.189	0.189	0.189	0.189	0.189	0.000	0.000	0.000	0.000	0.000	0.000	0.000	0.000	0.000	0.000	0.000	0.000	0.000	0.000	0.000	0.000
depend-fp	-
depend-branch	0.033	0.033	0.033	0.033	0.033	0.033	0.033	0.033	0.035	0.035	0.035	0.035	0.035	0.035	0.035	0.035	0.000	0.000	0.000	0.000	0.000	0.000	0.000	0.000	0.000	0.000	0.000	0.000	0.000	0.000	0.000	0.000
issue	-
serial	-
smt	-
branch	0.145	0.145	0.145	0.145	0.145	0.145	0.145	0.145	0.173	0.173	0.173	0.173	0.173	0.173	0.173	0.173	0.000	0.000	0.000	0.000	0.000	0.000	0.000	0.000	0.000	0.000	0.000	0.000	0.000	0.000	0.000	0.000
itlb	-
dtlb	-
ifetch	0.437	0.437	0.437	0.437	0.437	0.437	0.437	0.437	0.438	0.438	0.438	0.439	0.439	0.438	0.439	0.438	0.000	0.000	0.000	0.000	0.000	0.000	0.000	0.000	0.000	0.000	0.000	0.000	0.000	0.000	0.000	0.000
mem	-
mem-l1d	0.519	0.519	0.519	0.519	0.519	0.518	0.519	0.519	0.496	0.496	0.496	0.496	0.496	0.496	0.496	0.496	0.000	0.000	0.000	0.000	0.000	0.000	0.000	0.000	0.000	0.000	0.000	0.000	0.000	0.000	0.000	0.000
mem-l2	-
mem-l3	-
mem-l4	-
mem-remote	-
mem-nuca	-
mem-dram-cache	-
mem-dram	-
sync	-
dvfs-transition	-
imbalance	0.000	0.000	0.000	0.000	0.000	0.000	0.000	0.000	0.000	0.000	0.000	0.000	0.000	0.000	0.000	0.000	3600007.970	3600007.970	3600007.970	3600007.970	3600007.970	3600007.970	3600007.970	3600007.970	998.002	998.002	998.002	998.002	998.002	998.002	998.002	998.002
other	0.010	0.010	0.010	0.010	0.010	0.010	0.010	0.010	0.010	0.010	0.010	0.010	0.010	0.010	0.010	0.010	0.000	0.000	0.000	0.000	0.000	0.000	0.000	0.000	2.000	2.000	2.000	2.000	2.000	2.000	2.000	2.000
total	1.592	1.592	1.592	1.592	1.592	1.592	1.592	1.592	1.577	1.577	1.577	1.577	1.577	1.577	1.577	1.577	3600021.719	3600021.719	3600021.719	3600021.719	3600021.719	3600021.719	3600021.719	3600021.719	3600021.719	3600021.719	3600021.719	3600021.719	3600021.719	3600021.719	3600021.719	3600021.719
base	0.250	0.250	0.250	0.250	0.250	0.250	0.250	0.250	0.250	0.250	0.250	0.250	0.250	0.250	0.250	0.250	0.000	0.000	0.000	0.000	0.000	0.000	0.000	0.000	0.000	0.000	0.000	0.000	0.000	0.000	0.000	0.000
dispatch_width	-
rs_full	-
depend	-
depend-int	0.189	0.189	0.189	0.189	0.189	0.189	0.189	0.189	0.189	0.189	0.189	0.189	0.189	0.189	0.189	0.189	0.000	0.000	0.000	0.000	0.000	0.000	0.000	0.000	0.000	0.000	0.000	0.000	0.000	0.000	0.000	0.000
depend-fp	-
depend-branch	0.035	0.035	0.035	0.035	0.035	0.035	0.035	0.035	0.034	0.034	0.034	0.034	0.034	0.034	0.034	0.034	0.000	0.000	0.000	0.000	0.000	0.000	0.000	0.000	0.000	0.000	0.000	0.000	0.000	0.000	0.000	0.000
issue	-
serial	-
smt	-
branch	0.173	0.173	0.173	0.173	0.173	0.173	0.173	0.173	0.159	0.159	0.159	0.159	0.159	0.159	0.159	0.159	0.000	0.000	0.000	0.000	0.000	0.000	0.000	0.000	0.000	0.000	0.000	0.000	0.000	0.000	0.000	0.000
itlb	-
dtlb	-
ifetch	0.439	0.439	0.438	0.439	0.439	0.439	0.438	0.439	0.430	0.430	0.430	0.430	0.430	0.430	0.430	0.430	0.000	0.000	0.000	0.000	0.000	0.000	0.000	0.000	0.000	0.000	0.000	0.000	0.000	0.000	0.000	0.000
mem	-
mem-l1d	0.496	0.496	0.496	0.496	0.496	0.496	0.496	0.496	0.506	0.506	0.506	0.506	0.506	0.506	0.506	0.506	0.000	0.000	0.000	0.000	0.000	0.000	0.000	0.000	0.000	0.000	0.000	0.000	0.000	0.000	0.000	0.000
mem-l2	-
mem-l3	-
mem-l4	-
mem-remote	-
mem-nuca	-
mem-dram-cache	-
mem-dram	-
sync	-
dvfs-transition	-
imbalance	0.000	0.000	0.000	0.000	0.000	0.000	0.000	0.000	0.000	0.000	0.000	0.000	0.000	0.000	0.000	0.000	3600021.719	3600021.719	3600021.719	3600021.719	3600021.719	3600021.719	3600021.719	3600021.719	3592821.719	3592821.719	3592821.719	3592821.719	3592821.719	3592821.719	3592821.719	3592821.719
other	0.010	0.010	0.010	0.010	0.010	0.010	0.010	0.010	0.009	0.009	0.009	0.009	0.009	0.009	0.009	0.009	0.000	0.000	0.000	0.000	0.000	0.000	0.000	0.000	7200.000	7200.000	7200.000	7200.000	7200.000	7200.000	7200.000	7200.000
total	1.577	1.577	1.577	1.577	1.577	1.577	1.577	1.577	1.593	1.593	1.593	1.593	1.593	1.593	1.593	1.593	3600013.639	3600013.639	3600013.639	3600013.639	3600013.639	3600013.639	3600013.639	3600013.639	1000.004	1000.004	1000.004	1000.004	1000.004	1000.004	1000.004	1000.004
base	0.250	0.250	0.250	0.250	0.250	0.250	0.250	0.250	0.250	0.250	0.250	0.250	0.250	0.250	0.250	0.250	0.000	0.000	0.000	0.000	0.000	0.000	0.000	0.000	0.000	0.000	0.000	0.000	0.000	0.000	0.000	0.000
dispatch_width	-
rs_full	-
depend	-
depend-int	0.189	0.189	0.189	0.189	0.189	0.189	0.189	0.189	0.190	0.190	0.190	0.190	0.190	0.190	0.190	0.190	0.000	0.000	0.000	0.000	0.000	0.000	0.000	0.000	0.000	0.000	0.000	0.000	0.000	0.000	0.000	0.000
depend-fp	-
depend-branch	0.034	0.034	0.034	0.034	0.034	0.034	0.034	0.034	0.035	0.035	0.035	0.035	0.035	0.035	0.035	0.035	0.000	0.000	0.000	0.000	0.000	0.000	0.000	0.000	0.000	0.000	0.000	0.000	0.000	0.000	0.000	0.000
issue	-
serial	-
smt	-
branch	0.159	0.159	0.159	0.159	0.159	0.159	0.159	0.159	0.159	0.159	0.159	0.159	0.159	0.159	0.159	0.159	0.000	0.000	0.000	0.000	0.000	0.000	0.000	0.000	0.000	0.000	0.000	0.000	0.000	0.000	0.000	0.000
itlb	-
dtlb	-
ifetch	0.430	0.430	0.430	0.430	0.430	0.430	0.430	0.430	0.449	0.449	0.449	0.449	0.449	0.449	0.449	0.449	0.000	0.000	0.000	0.000	0.000	0.000	0.000	0.000	0.000	0.000	0.000	0.000	0.000	0.000	0.000	0.000
mem	-
mem-l1d	0.506	0.506	0.506	0.506	0.506	0.506	0.506	0.506	0.500	0.500	0.500	0.500	0.500	0.500	0.500	0.500	0.000	0.000	0.000	0.000	0.000	0.000	0.000	0.000	0.000	0.000	0.000	0.000	0.000	0.000	0.000	0.000
mem-l2	-
mem-l3	-
mem-l4	-
mem-remote	-
mem-nuca	-
mem-dram-cache	-
mem-dram	-
sync	-
dvfs-transition	-
imbalance	0.000	0.000	0.000	0.000	0.000	0.000	0.000	0.000	0.000	0.000	0.000	0.000	0.000	0.000	0.000	0.000	3600013.639	3600013.639	3600013.639	3600013.639	3600013.639	3600013.639	3600013.639	3600013.639	998.004	998.004	998.004	998.004	998.004	998.004	998.004	998.004
other	0.009	0.009	0.009	0.009	0.009	0.009	0.009	0.009	0.010	0.010	0.010	0.010	0.010	0.010	0.010	0.010	0.000	0.000	0.000	0.000	0.000	0.000	0.000	0.000	2.000	2.000	2.000	2.000	2.000	2.000	2.000	2.000
total	1.593	1.593	1.593	1.593	1.593	1.593	1.593	1.593	1.577	1.577	1.577	1.577	1.577	1.577	1.577	1.577	3600035.559	3600035.559	3600035.559	3600035.559	3600035.559	3600035.559	3600035.559	3600035.559	3600035.559	3600035.559	3600035.559	3600035.559	3600035.559	3600035.559	3600035.559	3600035.559
base	0.250	0.250	0.250	0.250	0.250	0.250	0.250	0.250	0.250	0.250	0.250	0.250	0.250	0.250	0.250	0.250	0.000	0.000	0.000	0.000	0.000	0.000	0.000	0.000	0.000	0.000	0.000	0.000	0.000	0.000	0.000	0.000
dispatch_width	-
rs_full	-
depend	-
depend-int	0.190	0.190	0.190	0.190	0.190	0.190	0.190	0.190	0.190	0.190	0.190	0.190	0.190	0.190	0.190	0.190	0.000	0.000	0.000	0.000	0.000	0.000	0.000	0.000	0.000	0.000	0.000	0.000	0.000	0.000	0.000	0.000
depend-fp	-
depend-branch	0.035	0.035	0.035	0.035	0.035	0.035	0.035	0.035	0.034	0.034	0.034	0.034	0.034	0.034	0.034	0.034	0.000	0.000	0.000	0.000	0.000	0.000	0.000	0.000	0.000	0.000	0.000	0.000	0.000	0.000	0.000	0.000
issue	-
serial	-
smt	-
branch	0.159	0.159	0.159	0.159	0.159	0.159	0.159	0.159	0.163	0.163	0.163	0.163	0.163	0.163	0.163	0.163	0.000	0.000	0.000	0.000	0.000	0.000	0.000	0.000	0.000	0.000	0.000	0.000	0.000	0.000	0.000	0.000
itlb	-
dtlb	-
ifetch	0.449	0.449	0.449	0.449	0.449	0.449	0.449	0.449	0.432	0.432	0.432	0.432	0.432	0.432	0.432	0.432	0.000	0.000	0.000	0.000	0.000	0.000	0.000	0.000	0.000	0.000	0.000	0.000	0.000	0.000	0.000	0.000
mem	-
mem-l1d	0.500	0.500	0.500	0.500	0.500	0.500	0.500	0.500	0.498	0.498	0.498	0.498	0.498	0.498	0.498	0.498	0.000	0.000	0.000	0.000	0.000	0.000	0.000	0.000	0.000	0.000	0.000	0.000	0.000	0.000	0.000	0.000
mem-l2	-
mem-l3	-
mem-l4	-
mem-remote	-
mem-nuca	-
mem-dram-cache	-
mem-dram	-
sync	-
dvfs-transition	-
imbalance	0.000	0.000	0.000	0.000	0.000	0.000	0.000	0.000	0.000	0.000	0.000	0.000	0.000	0.000	0.000	0.000	3600035.559	3600035.559	3600035.559	3600035.559	3600035.559	3600035.559	3600035.559	3600035.559	3592835.559	3592835.559	3592835.559	3592835.559	3592835.559	3592835.559	3592835.559	3592835.559
other	0.010	0.010	0.010	0.010	0.010	0.010	0.010	0.010	0.010	0.010	0.010	0.010	0.010	0.010	0.010	0.010	0.000	0.000	0.000	0.000	0.000	0.000	0.000	0.000	7200.000	7200.000	7200.000	7200.000	7200.000	7200.000	7200.000	7200.000
total	1.577	1.577	1.577	1.578	1.577	1.577	1.577	1.578	1.597	1.598	1.598	1.598	1.598	1.597	1.598	1.597	3600008.479	3600008.479	3600008.479	3600008.479	3600008.479	3600008.479	3600008.479	3600008.479	1000.002	1000.002	1000.002	1000.002	1000.002	1000.002	1000.002	1000.002
base	0.250	0.250	0.250	0.250	0.250	0.250	0.250	0.250	0.250	0.250	0.250	0.250	0.250	0.250	0.250	0.250	0.000	0.000	0.000	0.000	0.000	0.000	0.000	0.000	0.000	0.000	0.000	0.000	0.000	0.000	0.000	0.000
dispatch_width	-
rs_full	-
depend	-
depend-int	0.190	0.190	0.190	0.190	0.190	0.190	0.190	0.190	0.191	0.191	0.191	0.191	0.191	0.191	0.191	0.191	0.000	0.000	0.000	0.000	0.000	0.000	0.000	0.000	0.000	0.000	0.000	0.000	0.000	0.000	0.000	0.000
depend-fp	-
depend-branch	0.034	0.034	0.034	0.034	0.034	0.034	0.034	0.034	0.036	0.036	0.036	0.036	0.036	0.036	0.036	0.036	0.000	0.000	0.000	0.000	0.000	0.000	0.000	0.000	0.000	0.000	0.000	0.000	0.000	0.000	0.000	0.000
issue	-
serial	-
smt	-
branch	0.163	0.163	0.163	0.163	0.163	0.163	0.163	0.163	0.176	0.176	0.176	0.176	0.176	0.176	0.176	0.176	0.000	0.000	0.000	0.000	0.000	0.000	0.000	0.000	0.000	0.000	0.000	0.000	0.000	0.000	0.000	0.000
itlb	-
dtlb	-
ifetch	0.432	0.432	0.432	0.432	0.432	0.432	0.432	0.432	0.444	0.444	0.444	0.444	0.444	0.444	0.444	0.444	0.000	0.000	0.000	0.000	0.000	0.000	0.000	0.000	0.000	0.000	0.000	0.000	0.000	0.000	0.000	0.000
mem	-
mem-l1d	0.498	0.499	0.499	0.499	0.498	0.499	0.498	0.499	0.491	0.491	0.491	0.491	0.491	0.491	0.491	0.491	0.000	0.000	0.000	0.000	0.000	0.000	0.000	0.000	0.000	0.000	0.000	0.000	0.000	0.000	0.000	0.000
mem-l2	-
mem-l3	-
mem-l4	-
mem-remote	-
mem-nuca	-
mem-dram-cache	-
mem-dram	-
sync	-
dvfs-transition	-
imbalance	0.000	0.000	0.000	0.000	0.000	0.000	0.000	0.000	0.000	0.000	0.000	0.000	0.000	0.000	0.000	0.000	3600008.479	3600008.479	3600008.479	3600008.479	3600008.479	3600008.479	3600008.479	3600008.479	998.002	998.002	998.002	998.002	998.002	998.002	998.002	998.002
other	0.010	0.010	0.010	0.010	0.010	0.010	0.010	0.010	0.009	0.009	0.009	0.009	0.009	0.009	0.009	0.009	0.000	0.000	0.000	0.000	0.000	0.000	0.000	0.000	2.000	2.000	2.000	2.000	2.000	2.000	2.000	2.000
total	1.598	1.597	1.597	1.597	1.598	1.597	1.598	1.597	12.881	12.895	12.884	12.896	12.907	12.878	12.907	12.877	3600009.559	3600009.559	3600009.559	3600009.559	3600009.559	3600009.559	3600009.559	3600009.559	3600009.559	3600009.559	3600009.559	3600009.559	3600009.559	3600009.559	3600009.559	3600009.559
base	0.250	0.250	0.250	0.250	0.250	0.250	0.250	0.250	0.250	0.250	0.250	0.250	0.250	0.250	0.250	0.250	0.000	0.000	0.000	0.000	0.000	0.000	0.000	0.000	0.000	0.000	0.000	0.000	0.000	0.000	0.000	0.000
dispatch_width	-
rs_full	-
depend	-
depend-int	0.191	0.191	0.191	0.191	0.191	0.191	0.191	0.191	0.190	0.190	0.190	0.190	0.190	0.190	0.190	0.190	0.000	0.000	0.000	0.000	0.000	0.000	0.000	0.000	0.000	0.000	0.000	0.000	0.000	0.000	0.000	0.000
depend-fp	-
depend-branch	0.036	0.036	0.036	0.036	0.036	0.036	0.036	0.036	0.000	0.000	0.000	0.000	0.000	0.000	0.000	0.000	0.000	0.000	0.000	0.000	0.000	0.000	0.000	0.000	0.000	0.000	0.000	0.000	0.000	0.000	0.000	0.000
issue	-
serial	-
smt	-
branch	0.176	0.176	0.176	0.176	0.176	0.176	0.176	0.176	0.183	0.183	0.183	0.183	0.183	0.183	0.183	0.183	0.000	0.000	0.000	0.000	0.000	0.000	0.000	0.000	0.000	0.000	0.000	0.000	0.000	0.000	0.000	0.000
itlb	-
dtlb	-
ifetch	0.444	0.444	0.444	0.444	0.444	0.444	0.444	0.444	0.455	0.455	0.455	0.455	0.455	0.455	0.455	0.455	0.000	0.000	0.000	0.000	0.000	0.000	0.000	0.000	0.000	0.000	0.000	0.000	0.000	0.000	0.000	0.000
mem	-
mem-l1d	0.492	0.491	0.491	0.491	0.492	0.491	0.492	0.491	0.495	0.495	0.495	0.495	0.494	0.495	0.494	0.495	0.000	0.000	0.000	0.000	0.000	0.000	0.000	0.000	0.000	0.000	0.000	0.000	0.000	0.000	0.000	0.000
mem-l2	-
mem-l3	-
mem-l4	-
mem-remote	-
mem-nuca	-
mem-dram-cache	-
mem-dram	-
sync	-
dvfs-transition	-
imbalance	0.000	0.000	0.000	0.000	0.000	0.000	0.000	0.000	11.260	11.274	11.263	11.275	11.287	11.258	11.286	11.256	3600009.559	3600009.559	3600009.559	3600009.559	3600009.559	3600009.559	3600009.559	3600009.559	3592809.559	3592809.559	3592809.559	3592809.559	3592809.559	3592809.559	3592809.559	3592809.559
other	0.009	0.009	0.009	0.009	0.009	0.009	0.009	0.009	0.047	0.047	0.047	0.047	0.047	0.047	0.047	0.047	0.000	0.000	0.000	0.000	0.000	0.000	0.000	0.000	7200.000	7200.000	7200.000	7200.000	7200.000	7200.000	7200.000	7200.000
