pcb_C_0	326.2147
pcb_C_1	326.8662
pcb_C_2	327.1431
pcb_C_3	327.2532
pcb_C_4	327.2532
pcb_C_5	327.1431
pcb_C_6	326.8663
pcb_C_7	326.2148
pcb_C_8	325.7915
pcb_C_9	326.2853
pcb_C_10	326.5486
pcb_C_11	326.6670
pcb_C_12	326.6669
pcb_C_13	326.5487
pcb_C_14	326.2853
pcb_C_15	325.7916
pcb_C_16	325.3741
pcb_C_17	325.5474
pcb_C_18	325.6990
pcb_C_19	325.7838
pcb_C_20	325.7838
pcb_C_21	325.6990
pcb_C_22	325.5474
pcb_C_23	325.3742
pcb_C_24	325.0993
pcb_C_25	325.0600
pcb_C_26	325.1150
pcb_C_27	325.1605
pcb_C_28	325.1606
pcb_C_29	325.1150
pcb_C_30	325.0601
pcb_C_31	325.0994
solder_C_0	326.6104
solder_C_1	327.2301
solder_C_2	327.5108
solder_C_3	327.6258
solder_C_4	327.6257
solder_C_5	327.5109
solder_C_6	327.2302
solder_C_7	326.6105
solder_C_8	325.9875
solder_C_9	326.4249
solder_C_10	326.6925
solder_C_11	326.8163
solder_C_12	326.8163
solder_C_13	326.6925
solder_C_14	326.4249
solder_C_15	325.9875
solder_C_16	325.3655
solder_C_17	325.4657
solder_C_18	325.6265
solder_C_19	325.7190
solder_C_20	325.7190
solder_C_21	325.6266
solder_C_22	325.4658
solder_C_23	325.3655
solder_C_24	325.0414
solder_C_25	324.9327
solder_C_26	324.9990
solder_C_27	325.0529
solder_C_28	325.0529
solder_C_29	324.9990
solder_C_30	324.9327
solder_C_31	325.0415
sub_C_0	326.7603
sub_C_1	327.3766
sub_C_2	327.6613
sub_C_3	327.7783
sub_C_4	327.7782
sub_C_5	327.6614
sub_C_6	327.3766
sub_C_7	326.7605
sub_C_8	326.0084
sub_C_9	326.4567
sub_C_10	326.7297
sub_C_11	326.8555
sub_C_12	326.8555
sub_C_13	326.7297
sub_C_14	326.4567
sub_C_15	326.0084
sub_C_16	325.2841
sub_C_17	325.4142
sub_C_18	325.5842
sub_C_19	325.6797
sub_C_20	325.6797
sub_C_21	325.5843
sub_C_22	325.4142
sub_C_23	325.2842
sub_C_24	324.9451
sub_C_25	324.8727
sub_C_26	324.9496
sub_C_27	325.0070
sub_C_28	325.0070
sub_C_29	324.9496
sub_C_30	324.8728
sub_C_31	324.9452
layer_3_C_0	328.1805
layer_3_C_1	328.8222
layer_3_C_2	329.1395
layer_3_C_3	329.2741
layer_3_C_4	329.2738
layer_3_C_5	329.1399
layer_3_C_6	328.8223
layer_3_C_7	328.1809
layer_3_C_8	326.1647
layer_3_C_9	326.7556
layer_3_C_10	327.0816
layer_3_C_11	327.2270
layer_3_C_12	327.2268
layer_3_C_13	327.0818
layer_3_C_14	326.7554
layer_3_C_15	326.1648
layer_3_C_16	324.4794
layer_3_C_17	324.8951
layer_3_C_18	325.1561
layer_3_C_19	325.2799
layer_3_C_20	325.2799
layer_3_C_21	325.1561
layer_3_C_22	324.8951
layer_3_C_23	324.4795
layer_3_C_24	324.0285
layer_3_C_25	324.2828
layer_3_C_26	324.4623
layer_3_C_27	324.5520
layer_3_C_28	324.5520
layer_3_C_29	324.4623
layer_3_C_30	324.2828
layer_3_C_31	324.0285
layer_4_TB_0	327.9825
layer_4_TB_1	328.6243
layer_4_TB_2	328.9414
layer_4_TB_3	329.0760
layer_4_TB_4	329.0758
layer_4_TB_5	328.9418
layer_4_TB_6	328.6244
layer_4_TB_7	327.9828
layer_4_TB_8	326.0847
layer_4_TB_9	326.6759
layer_4_TB_10	327.0019
layer_4_TB_11	327.1473
layer_4_TB_12	327.1471
layer_4_TB_13	327.0020
layer_4_TB_14	326.6757
layer_4_TB_15	326.0849
layer_4_TB_16	324.4780
layer_4_TB_17	324.8941
layer_4_TB_18	325.1552
layer_4_TB_19	325.2790
layer_4_TB_20	325.2790
layer_4_TB_21	325.1552
layer_4_TB_22	324.8941
layer_4_TB_23	324.4781
layer_4_TB_24	324.0274
layer_4_TB_25	324.2821
layer_4_TB_26	324.4616
layer_4_TB_27	324.5514
layer_4_TB_28	324.5514
layer_4_TB_29	324.4617
layer_4_TB_30	324.2821
layer_4_TB_31	324.0274
hsp_TB_0	326.0023
hsp_TB_1	326.6452
hsp_TB_2	326.9613
hsp_TB_3	327.0958
hsp_TB_4	327.0958
hsp_TB_5	326.9614
hsp_TB_6	326.6453
hsp_TB_7	326.0025
hsp_TB_8	325.2848
hsp_TB_9	325.8788
hsp_TB_10	326.2046
hsp_TB_11	326.3500
hsp_TB_12	326.3500
hsp_TB_13	326.2046
hsp_TB_14	325.8788
hsp_TB_15	325.2849
hsp_TB_16	324.4641
hsp_TB_17	324.8842
hsp_TB_18	325.1462
hsp_TB_19	325.2703
hsp_TB_20	325.2703
hsp_TB_21	325.1462
hsp_TB_22	324.8843
hsp_TB_23	324.4641
hsp_TB_24	324.0168
hsp_TB_25	324.2750
hsp_TB_26	324.4555
hsp_TB_27	324.5455
hsp_TB_28	324.5455
hsp_TB_29	324.4555
hsp_TB_30	324.2751
hsp_TB_31	324.0168
hsink_TB_0	325.2447
hsink_TB_1	325.8554
hsink_TB_2	326.1689
hsink_TB_3	326.3032
hsink_TB_4	326.3032
hsink_TB_5	326.1689
hsink_TB_6	325.8555
hsink_TB_7	325.2447
hsink_TB_8	324.9327
hsink_TB_9	325.5112
hsink_TB_10	325.8357
hsink_TB_11	325.9810
hsink_TB_12	325.9810
hsink_TB_13	325.8357
hsink_TB_14	325.5112
hsink_TB_15	324.9328
hsink_TB_16	324.4218
hsink_TB_17	324.8407
hsink_TB_18	325.1027
hsink_TB_19	325.2269
hsink_TB_20	325.2269
hsink_TB_21	325.1027
hsink_TB_22	324.8408
hsink_TB_23	324.4218
hsink_TB_24	324.0069
hsink_TB_25	324.2664
hsink_TB_26	324.4472
hsink_TB_27	324.5372
hsink_TB_28	324.5372
hsink_TB_29	324.4472
hsink_TB_30	324.2664
hsink_TB_31	324.0069
inode_0	323.6302
inode_1	323.6303
inode_2	323.0919
inode_3	324.5614
inode_4	323.6180
inode_5	323.6180
inode_6	323.0859
inode_7	324.5498
inode_8	323.1257
inode_9	323.1257
inode_10	322.5181
inode_11	323.8136
inode_12	325.6894
inode_13	325.6895
inode_14	324.7833
inode_15	327.0203
inode_16	325.6876
inode_17	325.6877
inode_18	324.7831
inode_19	327.0194
inode_20	325.2123
inode_21	325.2124
inode_22	324.7377
inode_23	326.9161
inode_24	323.5634
inode_25	323.5634
inode_26	322.8662
inode_27	324.4257
