pcb_LC_0	347.9243
pcb_LC_1	348.9938
pcb_LC_2	349.4612
pcb_LC_3	349.6470
pcb_LC_4	349.6470
pcb_LC_5	349.4612
pcb_LC_6	348.9938
pcb_LC_7	347.9243
pcb_LC_8	347.9052
pcb_LC_9	349.1722
pcb_LC_10	349.7715
pcb_LC_11	350.0166
pcb_LC_12	350.0166
pcb_LC_13	349.7715
pcb_LC_14	349.1722
pcb_LC_15	347.9052
pcb_LC_16	347.9052
pcb_LC_17	349.1722
pcb_LC_18	349.7715
pcb_LC_19	350.0166
pcb_LC_20	350.0166
pcb_LC_21	349.7715
pcb_LC_22	349.1722
pcb_LC_23	347.9052
pcb_LC_24	347.9243
pcb_LC_25	348.9938
pcb_LC_26	349.4612
pcb_LC_27	349.6470
pcb_LC_28	349.6470
pcb_LC_29	349.4612
pcb_LC_30	348.9938
pcb_LC_31	347.9243
solder_LC_0	349.7868
solder_LC_1	350.1450
solder_LC_2	350.4111
solder_LC_3	350.5472
solder_LC_4	350.5472
solder_LC_5	350.4111
solder_LC_6	350.1450
solder_LC_7	349.7868
solder_LC_8	349.8985
solder_LC_9	350.3736
solder_LC_10	350.7199
solder_LC_11	350.8965
solder_LC_12	350.8965
solder_LC_13	350.7199
solder_LC_14	350.3736
solder_LC_15	349.8985
solder_LC_16	349.8985
solder_LC_17	350.3736
solder_LC_18	350.7199
solder_LC_19	350.8965
solder_LC_20	350.8965
solder_LC_21	350.7199
solder_LC_22	350.3736
solder_LC_23	349.8985
solder_LC_24	349.7868
solder_LC_25	350.1450
solder_LC_26	350.4111
solder_LC_27	350.5472
solder_LC_28	350.5472
solder_LC_29	350.4111
solder_LC_30	350.1450
solder_LC_31	349.7868
sub_LC_0	349.9880
sub_LC_1	350.3620
sub_LC_2	350.6503
sub_LC_3	350.7984
sub_LC_4	350.7984
sub_LC_5	350.6503
sub_LC_6	350.3620
sub_LC_7	349.9880
sub_LC_8	350.1056
sub_LC_9	350.5828
sub_LC_10	350.9442
sub_LC_11	351.1293
sub_LC_12	351.1293
sub_LC_13	350.9442
sub_LC_14	350.5828
sub_LC_15	350.1056
sub_LC_16	350.1056
sub_LC_17	350.5828
sub_LC_18	350.9442
sub_LC_19	351.1293
sub_LC_20	351.1293
sub_LC_21	350.9442
sub_LC_22	350.5828
sub_LC_23	350.1056
sub_LC_24	349.9880
sub_LC_25	350.3620
sub_LC_26	350.6503
sub_LC_27	350.7984
sub_LC_28	350.7984
sub_LC_29	350.6503
sub_LC_30	350.3620
sub_LC_31	349.9880
layer_3_LC_0	351.7349
layer_3_LC_1	352.3416
layer_3_LC_2	352.8484
layer_3_LC_3	353.1077
layer_3_LC_4	353.1077
layer_3_LC_5	352.8484
layer_3_LC_6	352.3416
layer_3_LC_7	351.7349
layer_3_LC_8	351.9038
layer_3_LC_9	352.5540
layer_3_LC_10	353.0958
layer_3_LC_11	353.3726
layer_3_LC_12	353.3726
layer_3_LC_13	353.0958
layer_3_LC_14	352.5540
layer_3_LC_15	351.9038
layer_3_LC_16	351.9038
layer_3_LC_17	352.5540
layer_3_LC_18	353.0958
layer_3_LC_19	353.3726
layer_3_LC_20	353.3726
layer_3_LC_21	353.0958
layer_3_LC_22	352.5540
layer_3_LC_23	351.9038
layer_3_LC_24	351.7349
layer_3_LC_25	352.3416
layer_3_LC_26	352.8484
layer_3_LC_27	353.1077
layer_3_LC_28	353.1077
layer_3_LC_29	352.8484
layer_3_LC_30	352.3416
layer_3_LC_31	351.7349
layer_4_TB_0	351.6439
layer_4_TB_1	352.2508
layer_4_TB_2	352.7574
layer_4_TB_3	353.0165
layer_4_TB_4	353.0165
layer_4_TB_5	352.7574
layer_4_TB_6	352.2508
layer_4_TB_7	351.6439
layer_4_TB_8	351.8130
layer_4_TB_9	352.4634
layer_4_TB_10	353.0050
layer_4_TB_11	353.2817
layer_4_TB_12	353.2817
layer_4_TB_13	353.0050
layer_4_TB_14	352.4634
layer_4_TB_15	351.8130
layer_4_TB_16	351.8130
layer_4_TB_17	352.4634
layer_4_TB_18	353.0050
layer_4_TB_19	353.2817
layer_4_TB_20	353.2817
layer_4_TB_21	353.0050
layer_4_TB_22	352.4634
layer_4_TB_23	351.8130
layer_4_TB_24	351.6439
layer_4_TB_25	352.2508
layer_4_TB_26	352.7574
layer_4_TB_27	353.0165
layer_4_TB_28	353.0165
layer_4_TB_29	352.7574
layer_4_TB_30	352.2508
layer_4_TB_31	351.6439
layer_5_B_0	350.7337
layer_5_B_1	351.3426
layer_5_B_2	351.8471
layer_5_B_3	352.1046
layer_5_B_4	352.1046
layer_5_B_5	351.8471
layer_5_B_6	351.3426
layer_5_B_7	350.7337
layer_5_B_8	350.9047
layer_5_B_9	351.5574
layer_5_B_10	352.0969
layer_5_B_11	352.3720
layer_5_B_12	352.3720
layer_5_B_13	352.0969
layer_5_B_14	351.5574
layer_5_B_15	350.9047
layer_5_B_16	350.9047
layer_5_B_17	351.5574
layer_5_B_18	352.0970
layer_5_B_19	352.3720
layer_5_B_20	352.3720
layer_5_B_21	352.0969
layer_5_B_22	351.5574
layer_5_B_23	350.9047
layer_5_B_24	350.7337
layer_5_B_25	351.3426
layer_5_B_26	351.8471
layer_5_B_27	352.1046
layer_5_B_28	352.1046
layer_5_B_29	351.8471
layer_5_B_30	351.3426
layer_5_B_31	350.7337
layer_6_TB_0	350.6056
layer_6_TB_1	351.2150
layer_6_TB_2	351.7192
layer_6_TB_3	351.9764
layer_6_TB_4	351.9764
layer_6_TB_5	351.7192
layer_6_TB_6	351.2150
layer_6_TB_7	350.6056
layer_6_TB_8	350.7771
layer_6_TB_9	351.4305
layer_6_TB_10	351.9697
layer_6_TB_11	352.2444
layer_6_TB_12	352.2444
layer_6_TB_13	351.9697
layer_6_TB_14	351.4305
layer_6_TB_15	350.7771
layer_6_TB_16	350.7771
layer_6_TB_17	351.4305
layer_6_TB_18	351.9697
layer_6_TB_19	352.2444
layer_6_TB_20	352.2444
layer_6_TB_21	351.9697
layer_6_TB_22	351.4305
layer_6_TB_23	350.7771
layer_6_TB_24	350.6056
layer_6_TB_25	351.2150
layer_6_TB_26	351.7192
layer_6_TB_27	351.9764
layer_6_TB_28	351.9764
layer_6_TB_29	351.7192
layer_6_TB_30	351.2150
layer_6_TB_31	350.6056
layer_7_B_32	349.3250
layer_7_B_33	349.9395
layer_7_B_34	350.4403
layer_7_B_35	350.6946
layer_7_B_36	350.6946
layer_7_B_37	350.4403
layer_7_B_38	349.9395
layer_7_B_39	349.3250
layer_7_B_40	349.5008
layer_7_B_41	350.1607
layer_7_B_42	350.6972
layer_7_B_43	350.9693
layer_7_B_44	350.9693
layer_7_B_45	350.6972
layer_7_B_46	350.1607
layer_7_B_47	349.5008
layer_7_B_48	349.5008
layer_7_B_49	350.1607
layer_7_B_50	350.6972
layer_7_B_51	350.9693
layer_7_B_52	350.9693
layer_7_B_53	350.6972
layer_7_B_54	350.1607
layer_7_B_55	349.5008
layer_7_B_56	349.3250
layer_7_B_57	349.9395
layer_7_B_58	350.4403
layer_7_B_59	350.6946
layer_7_B_60	350.6946
layer_7_B_61	350.4403
layer_7_B_62	349.9395
layer_7_B_63	349.3250
layer_8_TB_0	349.1605
layer_8_TB_1	349.7758
layer_8_TB_2	350.2762
layer_8_TB_3	350.5300
layer_8_TB_4	350.5300
layer_8_TB_5	350.2762
layer_8_TB_6	349.7758
layer_8_TB_7	349.1605
layer_8_TB_8	349.3370
layer_8_TB_9	349.9980
layer_8_TB_10	350.5341
layer_8_TB_11	350.8058
layer_8_TB_12	350.8058
layer_8_TB_13	350.5341
layer_8_TB_14	349.9980
layer_8_TB_15	349.3370
layer_8_TB_16	349.3370
layer_8_TB_17	349.9980
layer_8_TB_18	350.5341
layer_8_TB_19	350.8058
layer_8_TB_20	350.8058
layer_8_TB_21	350.5341
layer_8_TB_22	349.9980
layer_8_TB_23	349.3370
layer_8_TB_24	349.1605
layer_8_TB_25	349.7759
layer_8_TB_26	350.2762
layer_8_TB_27	350.5300
layer_8_TB_28	350.5300
layer_8_TB_29	350.2762
layer_8_TB_30	349.7758
layer_8_TB_31	349.1605
layer_9_B_64	347.5157
layer_9_B_65	348.1392
layer_9_B_66	348.6347
layer_9_B_67	348.8844
layer_9_B_68	348.8844
layer_9_B_69	348.6347
layer_9_B_70	348.1392
layer_9_B_71	347.5156
layer_9_B_72	347.6989
layer_9_B_73	348.3707
layer_9_B_74	348.9033
layer_9_B_75	349.1715
layer_9_B_76	349.1715
layer_9_B_77	348.9033
layer_9_B_78	348.3707
layer_9_B_79	347.6989
layer_9_B_80	347.6989
layer_9_B_81	348.3707
layer_9_B_82	348.9033
layer_9_B_83	349.1715
layer_9_B_84	349.1715
layer_9_B_85	348.9033
layer_9_B_86	348.3707
layer_9_B_87	347.6989
layer_9_B_88	347.5157
layer_9_B_89	348.1392
layer_9_B_90	348.6347
layer_9_B_91	348.8844
layer_9_B_92	348.8844
layer_9_B_93	348.6347
layer_9_B_94	348.1392
layer_9_B_95	347.5157
layer_10_TB_0	347.3155
layer_10_TB_1	347.9403
layer_10_TB_2	348.4351
layer_10_TB_3	348.6843
layer_10_TB_4	348.6843
layer_10_TB_5	348.4351
layer_10_TB_6	347.9403
layer_10_TB_7	347.3155
layer_10_TB_8	347.4997
layer_10_TB_9	348.1731
layer_10_TB_10	348.7052
layer_10_TB_11	348.9729
layer_10_TB_12	348.9729
layer_10_TB_13	348.7052
layer_10_TB_14	348.1731
layer_10_TB_15	347.4997
layer_10_TB_16	347.4997
layer_10_TB_17	348.1731
layer_10_TB_18	348.7052
layer_10_TB_19	348.9729
layer_10_TB_20	348.9729
layer_10_TB_21	348.7052
layer_10_TB_22	348.1731
layer_10_TB_23	347.4997
layer_10_TB_24	347.3155
layer_10_TB_25	347.9403
layer_10_TB_26	348.4351
layer_10_TB_27	348.6843
layer_10_TB_28	348.6843
layer_10_TB_29	348.4351
layer_10_TB_30	347.9403
layer_10_TB_31	347.3155
layer_11_B_96	345.3141
layer_11_B_97	345.9505
layer_11_B_98	346.4390
layer_11_B_99	346.6828
layer_11_B_100	346.6828
layer_11_B_101	346.4390
layer_11_B_102	345.9505
layer_11_B_103	345.3141
layer_11_B_104	345.5075
layer_11_B_105	346.1964
layer_11_B_106	346.7242
layer_11_B_107	346.9873
layer_11_B_108	346.9873
layer_11_B_109	346.7242
layer_11_B_110	346.1964
layer_11_B_111	345.5075
layer_11_B_112	345.5075
layer_11_B_113	346.1964
layer_11_B_114	346.7242
layer_11_B_115	346.9873
layer_11_B_116	346.9873
layer_11_B_117	346.7242
layer_11_B_118	346.1964
layer_11_B_119	345.5075
layer_11_B_120	345.3141
layer_11_B_121	345.9505
layer_11_B_122	346.4390
layer_11_B_123	346.6828
layer_11_B_124	346.6828
layer_11_B_125	346.4390
layer_11_B_126	345.9505
layer_11_B_127	345.3141
layer_12_TB_0	345.0793
layer_12_TB_1	345.7171
layer_12_TB_2	346.2049
layer_12_TB_3	346.4480
layer_12_TB_4	346.4480
layer_12_TB_5	346.2049
layer_12_TB_6	345.7171
layer_12_TB_7	345.0793
layer_12_TB_8	345.2738
layer_12_TB_9	345.9648
layer_12_TB_10	346.4920
layer_12_TB_11	346.7546
layer_12_TB_12	346.7546
layer_12_TB_13	346.4920
layer_12_TB_14	345.9648
layer_12_TB_15	345.2738
layer_12_TB_16	345.2738
layer_12_TB_17	345.9648
layer_12_TB_18	346.4920
layer_12_TB_19	346.7546
layer_12_TB_20	346.7546
layer_12_TB_21	346.4920
layer_12_TB_22	345.9648
layer_12_TB_23	345.2738
layer_12_TB_24	345.0793
layer_12_TB_25	345.7172
layer_12_TB_26	346.2049
layer_12_TB_27	346.4480
layer_12_TB_28	346.4480
layer_12_TB_29	346.2049
layer_12_TB_30	345.7171
layer_12_TB_31	345.0793
layer_13_B_128	342.7306
layer_13_B_129	343.3837
layer_13_B_130	343.8635
layer_13_B_131	344.1000
layer_13_B_132	344.1000
layer_13_B_133	343.8635
layer_13_B_134	343.3837
layer_13_B_135	342.7306
layer_13_B_136	342.9370
layer_13_B_137	343.6485
layer_13_B_138	344.1703
layer_13_B_139	344.4274
layer_13_B_140	344.4274
layer_13_B_141	344.1703
layer_13_B_142	343.6485
layer_13_B_143	342.9370
layer_13_B_144	342.9370
layer_13_B_145	343.6485
layer_13_B_146	344.1703
layer_13_B_147	344.4274
layer_13_B_148	344.4274
layer_13_B_149	344.1703
layer_13_B_150	343.6485
layer_13_B_151	342.9370
layer_13_B_152	342.7306
layer_13_B_153	343.3837
layer_13_B_154	343.8635
layer_13_B_155	344.1000
layer_13_B_156	344.1000
layer_13_B_157	343.8635
layer_13_B_158	343.3837
layer_13_B_159	342.7306
layer_14_TB_0	342.4621
layer_14_TB_1	343.1171
layer_14_TB_2	343.5959
layer_14_TB_3	343.8316
layer_14_TB_4	343.8316
layer_14_TB_5	343.5959
layer_14_TB_6	343.1171
layer_14_TB_7	342.4621
layer_14_TB_8	342.6699
layer_14_TB_9	343.3840
layer_14_TB_10	343.9052
layer_14_TB_11	344.1616
layer_14_TB_12	344.1616
layer_14_TB_13	343.9052
layer_14_TB_14	343.3840
layer_14_TB_15	342.6699
layer_14_TB_16	342.6699
layer_14_TB_17	343.3840
layer_14_TB_18	343.9052
layer_14_TB_19	344.1616
layer_14_TB_20	344.1616
layer_14_TB_21	343.9052
layer_14_TB_22	343.3840
layer_14_TB_23	342.6699
layer_14_TB_24	342.4621
layer_14_TB_25	343.1171
layer_14_TB_26	343.5959
layer_14_TB_27	343.8316
layer_14_TB_28	343.8316
layer_14_TB_29	343.5959
layer_14_TB_30	343.1171
layer_14_TB_31	342.4621
layer_15_B_160	339.7768
layer_15_B_161	340.4510
layer_15_B_162	340.9200
layer_15_B_163	341.1478
layer_15_B_164	341.1478
layer_15_B_165	340.9200
layer_15_B_166	340.4510
layer_15_B_167	339.7768
layer_15_B_168	339.9991
layer_15_B_169	340.7391
layer_15_B_170	341.2539
layer_15_B_171	341.5039
layer_15_B_172	341.5039
layer_15_B_173	341.2539
layer_15_B_174	340.7391
layer_15_B_175	339.9991
layer_15_B_176	339.9991
layer_15_B_177	340.7391
layer_15_B_178	341.2539
layer_15_B_179	341.5039
layer_15_B_180	341.5039
layer_15_B_181	341.2539
layer_15_B_182	340.7391
layer_15_B_183	339.9991
layer_15_B_184	339.7768
layer_15_B_185	340.4510
layer_15_B_186	340.9200
layer_15_B_187	341.1478
layer_15_B_188	341.1478
layer_15_B_189	340.9200
layer_15_B_190	340.4510
layer_15_B_191	339.7768
layer_16_TB_0	339.4759
layer_16_TB_1	340.1523
layer_16_TB_2	340.6201
layer_16_TB_3	340.8471
layer_16_TB_4	340.8471
layer_16_TB_5	340.6201
layer_16_TB_6	340.1523
layer_16_TB_7	339.4759
layer_16_TB_8	339.6999
layer_16_TB_9	340.4431
layer_16_TB_10	340.9570
layer_16_TB_11	341.2063
layer_16_TB_12	341.2063
layer_16_TB_13	340.9570
layer_16_TB_14	340.4431
layer_16_TB_15	339.6999
layer_16_TB_16	339.6999
layer_16_TB_17	340.4431
layer_16_TB_18	340.9570
layer_16_TB_19	341.2063
layer_16_TB_20	341.2063
layer_16_TB_21	340.9570
layer_16_TB_22	340.4431
layer_16_TB_23	339.6999
layer_16_TB_24	339.4759
layer_16_TB_25	340.1523
layer_16_TB_26	340.6201
layer_16_TB_27	340.8471
layer_16_TB_28	340.8471
layer_16_TB_29	340.6201
layer_16_TB_30	340.1523
layer_16_TB_31	339.4759
layer_17_B_192	336.4660
layer_17_B_193	337.1659
layer_17_B_194	337.6218
layer_17_B_195	337.8396
layer_17_B_196	337.8396
layer_17_B_197	337.6218
layer_17_B_198	337.1659
layer_17_B_199	336.4660
layer_17_B_200	336.7072
layer_17_B_201	337.4824
layer_17_B_202	337.9885
layer_17_B_203	338.2303
layer_17_B_204	338.2303
layer_17_B_205	337.9885
layer_17_B_206	337.4824
layer_17_B_207	336.7072
layer_17_B_208	336.7072
layer_17_B_209	337.4824
layer_17_B_210	337.9885
layer_17_B_211	338.2303
layer_17_B_212	338.2303
layer_17_B_213	337.9885
layer_17_B_214	337.4824
layer_17_B_215	336.7072
layer_17_B_216	336.4660
layer_17_B_217	337.1659
layer_17_B_218	337.6218
layer_17_B_219	337.8396
layer_17_B_220	337.8396
layer_17_B_221	337.6218
layer_17_B_222	337.1659
layer_17_B_223	336.4660
layer_18_TB_0	336.1338
layer_18_TB_1	336.8365
layer_18_TB_2	337.2910
layer_18_TB_3	337.5078
layer_18_TB_4	337.5078
layer_18_TB_5	337.2910
layer_18_TB_6	336.8365
layer_18_TB_7	336.1338
layer_18_TB_8	336.3771
layer_18_TB_9	337.1561
layer_18_TB_10	337.6613
layer_18_TB_11	337.9023
layer_18_TB_12	337.9023
layer_18_TB_13	337.6613
layer_18_TB_14	337.1561
layer_18_TB_15	336.3771
layer_18_TB_16	336.3771
layer_18_TB_17	337.1561
layer_18_TB_18	337.6613
layer_18_TB_19	337.9023
layer_18_TB_20	337.9023
layer_18_TB_21	337.6613
layer_18_TB_22	337.1561
layer_18_TB_23	336.3771
layer_18_TB_24	336.1338
layer_18_TB_25	336.8365
layer_18_TB_26	337.2910
layer_18_TB_27	337.5078
layer_18_TB_28	337.5078
layer_18_TB_29	337.2910
layer_18_TB_30	336.8365
layer_18_TB_31	336.1338
layer_19_B_224	332.8124
layer_19_B_225	333.5432
layer_19_B_226	333.9835
layer_19_B_227	334.1898
layer_19_B_228	334.1898
layer_19_B_229	333.9835
layer_19_B_230	333.5432
layer_19_B_231	332.8124
layer_19_B_232	333.0756
layer_19_B_233	333.8933
layer_19_B_234	334.3890
layer_19_B_235	334.6217
layer_19_B_236	334.6217
layer_19_B_237	334.3890
layer_19_B_238	333.8933
layer_19_B_239	333.0756
layer_19_B_240	333.0756
layer_19_B_241	333.8933
layer_19_B_242	334.3890
layer_19_B_243	334.6217
layer_19_B_244	334.6217
layer_19_B_245	334.3890
layer_19_B_246	333.8933
layer_19_B_247	333.0756
layer_19_B_248	332.8124
layer_19_B_249	333.5432
layer_19_B_250	333.9835
layer_19_B_251	334.1898
layer_19_B_252	334.1898
layer_19_B_253	333.9835
layer_19_B_254	333.5432
layer_19_B_255	332.8124
layer_20_TB_0	332.4505
layer_20_TB_1	333.1846
layer_20_TB_2	333.6232
layer_20_TB_3	333.8284
layer_20_TB_4	333.8284
layer_20_TB_5	333.6232
layer_20_TB_6	333.1846
layer_20_TB_7	332.4505
layer_20_TB_8	332.7160
layer_20_TB_9	333.5383
layer_20_TB_10	334.0329
layer_20_TB_11	334.2646
layer_20_TB_12	334.2646
layer_20_TB_13	334.0329
layer_20_TB_14	333.5383
layer_20_TB_15	332.7160
layer_20_TB_16	332.7160
layer_20_TB_17	333.5383
layer_20_TB_18	334.0329
layer_20_TB_19	334.2646
layer_20_TB_20	334.2646
layer_20_TB_21	334.0329
layer_20_TB_22	333.5383
layer_20_TB_23	332.7160
layer_20_TB_24	332.4505
layer_20_TB_25	333.1846
layer_20_TB_26	333.6232
layer_20_TB_27	333.8284
layer_20_TB_28	333.8284
layer_20_TB_29	333.6232
layer_20_TB_30	333.1846
layer_20_TB_31	332.4505
hsp_TB_0	328.8314
hsp_TB_1	329.5989
hsp_TB_2	330.0206
hsp_TB_3	330.2140
hsp_TB_4	330.2140
hsp_TB_5	330.0206
hsp_TB_6	329.5989
hsp_TB_7	328.8314
hsp_TB_8	329.1199
hsp_TB_9	329.9883
hsp_TB_10	330.4715
hsp_TB_11	330.6940
hsp_TB_12	330.6940
hsp_TB_13	330.4715
hsp_TB_14	329.9883
hsp_TB_15	329.1199
hsp_TB_16	329.1199
hsp_TB_17	329.9883
hsp_TB_18	330.4715
hsp_TB_19	330.6940
hsp_TB_20	330.6940
hsp_TB_21	330.4715
hsp_TB_22	329.9883
hsp_TB_23	329.1199
hsp_TB_24	328.8314
hsp_TB_25	329.5989
hsp_TB_26	330.0206
hsp_TB_27	330.2140
hsp_TB_28	330.2140
hsp_TB_29	330.0206
hsp_TB_30	329.5989
hsp_TB_31	328.8314
hsink_TB_0	327.5071
hsink_TB_1	328.1614
hsink_TB_2	328.5569
hsink_TB_3	328.7426
hsink_TB_4	328.7426
hsink_TB_5	328.5569
hsink_TB_6	328.1614
hsink_TB_7	327.5071
hsink_TB_8	327.7261
hsink_TB_9	328.4739
hsink_TB_10	328.9298
hsink_TB_11	329.1445
hsink_TB_12	329.1445
hsink_TB_13	328.9298
hsink_TB_14	328.4739
hsink_TB_15	327.7261
hsink_TB_16	327.7261
hsink_TB_17	328.4739
hsink_TB_18	328.9298
hsink_TB_19	329.1445
hsink_TB_20	329.1445
hsink_TB_21	328.9298
hsink_TB_22	328.4739
hsink_TB_23	327.7261
hsink_TB_24	327.5071
hsink_TB_25	328.1615
hsink_TB_26	328.5569
hsink_TB_27	328.7426
hsink_TB_28	328.7426
hsink_TB_29	328.5569
hsink_TB_30	328.1614
hsink_TB_31	327.5071
inode_0	325.6162
inode_1	325.6162
inode_2	326.1157
inode_3	326.1157
inode_4	325.5827
inode_5	325.5827
inode_6	326.0884
inode_7	326.0884
inode_8	324.5397
inode_9	324.5397
inode_10	324.8301
inode_11	324.8301
inode_12	349.6140
inode_13	349.6140
inode_14	349.3366
inode_15	349.3366
inode_16	349.5956
inode_17	349.5956
inode_18	349.3312
inode_19	349.3312
inode_20	346.2523
inode_21	346.2523
inode_22	348.3977
inode_23	348.3977
inode_24	336.8981
inode_25	336.8981
inode_26	337.1311
inode_27	337.1311
